2026-03-06 01:07:40,654 - INFO - 加载数据集: genius_graph_2000
2026-03-06 01:07:40,655 - INFO - --- 矩阵分析 ---
2026-03-06 01:07:40,655 - INFO - 节点数 (N): 2000
2026-03-06 01:07:40,655 - INFO - 边数 (E): 41582
2026-03-06 01:07:40,655 - INFO - 密度 (Density): 0.01039550 (越小越稀疏)
2026-03-06 01:07:40,655 - INFO - 稀疏度 (Sparsity): 0.98960450 (越接近1越稀疏)
2026-03-06 01:07:40,655 - INFO - 平均度数 (Avg Degree): 20.79
2026-03-06 01:07:40,655 - INFO - >>> 正在为终极对抗图注入概率属性...
2026-03-06 01:07:40,676 - INFO - 首次生成种子集 random
2026-03-06 01:07:40,676 - INFO - 执行当前算法开始: random
2026-03-06 01:07:40,677 - INFO - 数据集节点总数:  n = 2000, m = 200
2026-03-06 01:07:40,677 - INFO - 选择 200  [263, 1048, 1562, 298, 890, 173, 1577, 1364, 326, 1567, 872, 724, 514, 1154, 240, 273, 1891, 834, 377, 282, 1238, 1654, 1854, 291, 883, 943, 1266, 907, 178, 134, 647, 1034, 340, 888, 1819, 672, 740, 477, 886, 1769, 669, 1712, 977, 641, 255, 1316, 1127, 76, 582, 1389, 1543, 508, 1670, 1320, 80, 811, 1400, 1704, 1065, 388, 1749, 1033, 1601, 1537, 602, 1519, 1918, 1807, 1977, 1687, 825, 1331, 1969, 1338, 100, 1449, 1019, 1675, 368, 396, 60, 1945, 695, 1669, 1664, 406, 1491, 20, 1131, 1679, 1357, 1811, 1817, 912, 1470, 631, 443, 1650, 136, 234, 1290, 1881, 1550, 1059, 1821, 146, 718, 359, 65, 675, 933, 684, 1277, 62, 1402, 302, 1574, 710, 1207, 1349, 1758, 399, 1609, 757, 975, 1201, 165, 1124, 114, 1599, 987, 897, 850, 1471, 442, 1384, 252, 1476, 1239, 719, 630, 459, 1023, 875, 344, 497, 1864, 1770, 1477, 1898, 924, 202, 610, 525, 153, 73, 1020, 576, 997, 1195, 621, 685, 1157, 1765, 99, 560, 845, 338, 219, 1415, 650, 1101, 1506, 1682, 544, 1866, 1956, 1014, 561, 1047, 1257, 1902, 836, 666, 1227, 1247, 1776, 901, 581, 1665, 195, 1303, 1568, 898, 701, 606, 154, 1641, 380, 180]

2026-03-06 01:07:40,677 - INFO - 当前用时 0.00 秒
2026-03-06 01:07:40,677 - INFO - 将种子集 写入位置: /home/wen/work/coup_spread/genius_graph_2000/2026-3-6/seeds-with-genius_graph_2000/random_random_seedNum-200_SSRNum-50000.txt
2026-03-06 01:07:40,677 - INFO - 首次生成种子集 degreeTopM
2026-03-06 01:07:40,678 - INFO - 执行当前算法开始: degreeTopM
2026-03-06 01:07:40,678 - INFO - 依据: 选择连接数（度数）最多的节点。
2026-03-06 01:07:40,678 - INFO - 选择的 Top M 节点及其度数:
2026-03-06 01:07:40,678 - INFO - 
2026-03-06 01:07:40,679 - INFO - 当前用时 0.00 秒
2026-03-06 01:07:40,679 - INFO - 将种子集 写入位置: /home/wen/work/coup_spread/genius_graph_2000/2026-3-6/seeds-with-genius_graph_2000/random_degreeTopM_seedNum-200_SSRNum-50000.txt
2026-03-06 01:07:40,679 - INFO - 首次生成种子集 pageRank
2026-03-06 01:07:40,679 - INFO - 执行当前算法开始: pageRank
2026-03-06 01:07:40,679 - INFO - --- Running: PageRank (on tranProMatrix) Top M ---
2026-03-06 01:07:40,891 - INFO - Selected PageRank seeds: [1977, 1921, 1912, 1910, 1961, 1990, 1995, 1969, 1935, 1909, 1924, 4, 1932, 1996, 1973, 1907, 1998, 1946, 1919, 1988, 1976, 1975, 1957, 1901, 1908, 1979, 1933, 1904, 1911, 1928, 1918, 1986, 1934, 1914, 1955, 1983, 1902, 1966, 1930, 1926, 1948, 1945, 1991, 1915, 1982, 1980, 1999, 1958, 1920, 1971, 1994, 1940, 1989, 1985, 1938, 1939, 1929, 1949, 1905, 1993, 1970, 1992, 1987, 1978, 1927, 1900, 1947, 1962, 1923, 1960, 1950, 1903, 1964, 1959, 1956, 1965, 1906, 1974, 1943, 1913, 1931, 1937, 1963, 1942, 1981, 1953, 1916, 1951, 1997, 1984, 1925, 1972, 1922, 1944, 1954, 1936, 1917, 1967, 1968, 1941, 1952, 5, 0, 1, 9, 6, 22, 23, 12, 37, 16, 31, 3, 8, 76, 39, 14, 11, 89, 7, 45, 21, 131, 79, 153, 50, 43, 188, 25, 17, 62, 42, 111, 75, 68, 80, 35, 100, 226, 10, 59, 20, 140, 102, 57, 91, 128, 53, 24, 122, 29, 125, 38, 60, 173, 34, 365, 108, 13, 67, 46, 136, 70, 1042, 208, 77, 15, 28, 178, 63, 385, 337, 315, 94, 32, 285, 238, 217, 321, 33, 74, 96, 138, 124, 147, 175, 55, 88, 314, 26, 98, 172, 150, 581, 213, 199, 726, 181, 18, 132]
2026-03-06 01:07:40,892 - INFO - 当前用时 0.21 秒
2026-03-06 01:07:40,892 - INFO - 将种子集 写入位置: /home/wen/work/coup_spread/genius_graph_2000/2026-3-6/seeds-with-genius_graph_2000/random_pageRank_seedNum-200_SSRNum-50000.txt
2026-03-06 01:07:40,892 - INFO - 首次生成种子集 alpha_sort
2026-03-06 01:07:40,892 - INFO - 执行当前算法开始: alpha_sort
2026-03-06 01:07:40,893 - INFO - 2000 个节点的alpha值降序排序 done
2026-03-06 01:07:40,893 - INFO - ==============>> [(1400, np.float64(0.4)), (1401, np.float64(0.4)), (1402, np.float64(0.4)), (1403, np.float64(0.4)), (1404, np.float64(0.4)), (1405, np.float64(0.4)), (1406, np.float64(0.4)), (1407, np.float64(0.4)), (1408, np.float64(0.4)), (1409, np.float64(0.4))]
2026-03-06 01:07:40,893 - INFO - 
选择的种子集 (按alpha排序): [1400, 1401, 1402, 1403, 1404, 1405, 1406, 1407, 1408, 1409, 1410, 1411, 1412, 1413, 1414, 1415, 1416, 1417, 1418, 1419, 1420, 1421, 1422, 1423, 1424, 1425, 1426, 1427, 1428, 1429, 1430, 1431, 1432, 1433, 1434, 1435, 1436, 1437, 1438, 1439, 1440, 1441, 1442, 1443, 1444, 1445, 1446, 1447, 1448, 1449, 1450, 1451, 1452, 1453, 1454, 1455, 1456, 1457, 1458, 1459, 1460, 1461, 1462, 1463, 1464, 1465, 1466, 1467, 1468, 1469, 1470, 1471, 1472, 1473, 1474, 1475, 1476, 1477, 1478, 1479, 1480, 1481, 1482, 1483, 1484, 1485, 1486, 1487, 1488, 1489, 1490, 1491, 1492, 1493, 1494, 1495, 1496, 1497, 1498, 1499, 1500, 1501, 1502, 1503, 1504, 1505, 1506, 1507, 1508, 1509, 1510, 1511, 1512, 1513, 1514, 1515, 1516, 1517, 1518, 1519, 1520, 1521, 1522, 1523, 1524, 1525, 1526, 1527, 1528, 1529, 1530, 1531, 1532, 1533, 1534, 1535, 1536, 1537, 1538, 1539, 1540, 1541, 1542, 1543, 1544, 1545, 1546, 1547, 1548, 1549, 1550, 1551, 1552, 1553, 1554, 1555, 1556, 1557, 1558, 1559, 1560, 1561, 1562, 1563, 1564, 1565, 1566, 1567, 1568, 1569, 1570, 1571, 1572, 1573, 1574, 1575, 1576, 1577, 1578, 1579, 1580, 1581, 1582, 1583, 1584, 1585, 1586, 1587, 1588, 1589, 1590, 1591, 1592, 1593, 1594, 1595, 1596, 1597, 1598, 1599]

2026-03-06 01:07:40,893 - INFO - 当前用时 0.00 秒
2026-03-06 01:07:40,893 - INFO - 将种子集 写入位置: /home/wen/work/coup_spread/genius_graph_2000/2026-3-6/seeds-with-genius_graph_2000/random_alpha_sort_seedNum-200_SSRNum-50000.txt
2026-03-06 01:07:40,893 - INFO - 首次生成种子集 ris_optimized
2026-03-06 01:07:40,893 - INFO - 执行当前算法开始: ris_optimized
2026-03-06 01:07:40,942 - INFO - 图初始化完成，节点数: 2000，当前模式: 优化采样
2026-03-06 01:07:40,942 - INFO - 开始生成 50000 组多重RR-Set...
2026-03-06 01:09:02,401 - INFO - 生成完毕。耗时: 81.46 秒。
2026-03-06 01:09:02,417 - INFO - 开始基于多重RR集贪心选择最优种子...
2026-03-06 01:09:08,768 - INFO - 选种完毕。耗时: 6.35 秒。估算范围: 195.04
2026-03-06 01:09:10,593 - INFO - 当前用时 89.70 秒
2026-03-06 01:09:10,594 - INFO - 将种子集 写入位置: /home/wen/work/coup_spread/genius_graph_2000/2026-3-6/seeds-with-genius_graph_2000/random_ris_optimized_seedNum-200_SSRNum-50000.txt
2026-03-06 01:09:10,594 - INFO - 首次生成种子集 ris_naive
2026-03-06 01:09:10,594 - INFO - 执行当前算法开始: ris_naive
2026-03-06 01:09:10,664 - INFO - 图初始化完成，节点数: 2000，当前模式: 朴素采样
2026-03-06 01:09:10,664 - INFO - 开始生成 50000 组多重RR-Set...
2026-03-06 01:10:24,394 - INFO - 生成完毕。耗时: 73.73 秒。
2026-03-06 01:10:24,413 - INFO - 开始基于多重RR集贪心选择最优种子...
2026-03-06 01:10:32,301 - INFO - 选种完毕。耗时: 7.89 秒。估算范围: 198.96
2026-03-06 01:10:34,281 - INFO - 当前用时 83.69 秒
2026-03-06 01:10:34,282 - INFO - 将种子集 写入位置: /home/wen/work/coup_spread/genius_graph_2000/2026-3-6/seeds-with-genius_graph_2000/random_ris_naive_seedNum-200_SSRNum-50000.txt
2026-03-06 01:10:34,283 - INFO - 首次生成种子集 monterCarlo_CELF
2026-03-06 01:10:34,283 - INFO - 执行当前算法开始: monterCarlo_CELF
2026-03-06 01:10:34,283 - INFO - --- Running: CELF Greedy Monte Carlo (Sims=100) ---
2026-03-06 01:10:34,283 - INFO - Step 0: 初始化所有节点的边际增益...
2026-03-06 01:11:06,987 - INFO - Seed 1: 270, Spread: 0.80
2026-03-06 01:11:11,089 - INFO - Seed 2: 400, Gain: 0.72, Total: 1.52
2026-03-06 01:11:49,637 - INFO - Seed 3: 1243, Gain: 0.70, Total: 2.22
2026-03-06 01:12:10,089 - INFO - Seed 4: 856, Gain: 0.64, Total: 2.86
2026-03-06 01:12:36,536 - INFO - Seed 5: 1150, Gain: 0.61, Total: 3.47
2026-03-06 01:12:37,631 - INFO - Seed 6: 1353, Gain: 0.70, Total: 4.17
2026-03-06 01:12:38,782 - INFO - Seed 7: 1930, Gain: 0.68, Total: 4.85
2026-03-06 01:12:42,349 - INFO - Seed 8: 74, Gain: 0.70, Total: 5.55
2026-03-06 01:13:06,962 - INFO - Seed 9: 1221, Gain: 0.59, Total: 6.14
2026-03-06 01:13:13,245 - INFO - Seed 10: 92, Gain: 0.62, Total: 6.76
2026-03-06 01:13:14,347 - INFO - Seed 11: 245, Gain: 0.59, Total: 7.35
2026-03-06 01:13:14,856 - INFO - Seed 12: 356, Gain: 0.72, Total: 8.07
2026-03-06 01:13:15,109 - INFO - Seed 13: 436, Gain: 0.74, Total: 8.81
2026-03-06 01:13:24,896 - INFO - Seed 14: 1939, Gain: 0.57, Total: 9.38
2026-03-06 01:13:28,906 - INFO - Seed 15: 190, Gain: 0.70, Total: 10.08
2026-03-06 01:13:31,515 - INFO - Seed 16: 614, Gain: 0.66, Total: 10.74
2026-03-06 01:13:32,216 - INFO - Seed 17: 686, Gain: 0.83, Total: 11.57
2026-03-06 01:13:34,457 - INFO - Seed 18: 1120, Gain: 0.64, Total: 12.21
2026-03-06 01:13:42,211 - INFO - Seed 19: 701, Gain: 0.57, Total: 12.78
2026-03-06 01:13:45,524 - INFO - Seed 20: 864, Gain: 0.67, Total: 13.45
2026-03-06 01:13:55,419 - INFO - Seed 21: 977, Gain: 0.65, Total: 14.10
2026-03-06 01:14:00,352 - INFO - Seed 22: 1337, Gain: 0.78, Total: 14.88
2026-03-06 01:14:41,499 - INFO - Seed 23: 712, Gain: 0.61, Total: 15.49
2026-03-06 01:15:05,046 - INFO - Seed 24: 1285, Gain: 0.52, Total: 16.01
2026-03-06 01:15:06,063 - INFO - Seed 25: 345, Gain: 0.59, Total: 16.60
2026-03-06 01:15:07,679 - INFO - Seed 26: 1236, Gain: 0.58, Total: 17.18
2026-03-06 01:15:19,284 - INFO - Seed 27: 1, Gain: 0.61, Total: 17.79
2026-03-06 01:15:20,448 - INFO - Seed 28: 1132, Gain: 0.58, Total: 18.37
2026-03-06 01:15:22,252 - INFO - Seed 29: 1002, Gain: 0.55, Total: 18.92
2026-03-06 01:15:22,861 - INFO - Seed 30: 165, Gain: 0.67, Total: 19.59
2026-03-06 01:15:24,815 - INFO - Seed 31: 395, Gain: 0.79, Total: 20.38
2026-03-06 01:15:30,740 - INFO - Seed 32: 1379, Gain: 0.59, Total: 20.97
2026-03-06 01:15:31,431 - INFO - Seed 33: 128, Gain: 0.59, Total: 21.56
2026-03-06 01:15:37,750 - INFO - Seed 34: 473, Gain: 0.53, Total: 22.09
2026-03-06 01:15:39,986 - INFO - Seed 35: 704, Gain: 0.73, Total: 22.82
2026-03-06 01:15:40,735 - INFO - Seed 36: 972, Gain: 0.63, Total: 23.45
2026-03-06 01:15:41,540 - INFO - Seed 37: 935, Gain: 0.73, Total: 24.18
2026-03-06 01:15:42,333 - INFO - Seed 38: 937, Gain: 0.65, Total: 24.83
2026-03-06 01:15:44,023 - INFO - Seed 39: 234, Gain: 0.81, Total: 25.64
2026-03-06 01:15:44,846 - INFO - Seed 40: 1927, Gain: 0.57, Total: 26.21
2026-03-06 01:15:47,436 - INFO - Seed 41: 953, Gain: 0.79, Total: 27.00
2026-03-06 01:15:57,196 - INFO - Seed 42: 260, Gain: 0.62, Total: 27.62
2026-03-06 01:16:20,011 - INFO - Seed 43: 95, Gain: 0.64, Total: 28.26
2026-03-06 01:16:32,131 - INFO - Seed 44: 553, Gain: 0.66, Total: 28.92
2026-03-06 01:16:35,008 - INFO - Seed 45: 8, Gain: 0.78, Total: 29.70
2026-03-06 01:17:45,150 - INFO - Seed 46: 246, Gain: 0.73, Total: 30.43
2026-03-06 01:19:33,110 - INFO - Seed 47: 731, Gain: 0.50, Total: 30.93
2026-03-06 01:20:07,051 - INFO - Seed 48: 1059, Gain: 0.49, Total: 31.42
2026-03-06 01:20:08,041 - INFO - Seed 49: 1259, Gain: 0.55, Total: 31.97
2026-03-06 01:20:14,202 - INFO - Seed 50: 367, Gain: 0.54, Total: 32.51
2026-03-06 01:20:15,251 - INFO - Seed 51: 1207, Gain: 0.60, Total: 33.11
2026-03-06 01:20:17,361 - INFO - Seed 52: 115, Gain: 0.50, Total: 33.61
2026-03-06 01:20:19,543 - INFO - Seed 53: 1109, Gain: 0.50, Total: 34.11
2026-03-06 01:20:20,665 - INFO - Seed 54: 1108, Gain: 0.86, Total: 34.97
2026-03-06 01:20:21,790 - INFO - Seed 55: 1016, Gain: 0.56, Total: 35.53
2026-03-06 01:20:22,943 - INFO - Seed 56: 751, Gain: 0.61, Total: 36.14
2026-03-06 01:20:27,646 - INFO - Seed 57: 1327, Gain: 0.58, Total: 36.72
2026-03-06 01:20:30,035 - INFO - Seed 58: 1239, Gain: 0.86, Total: 37.58
2026-03-06 01:20:32,428 - INFO - Seed 59: 596, Gain: 0.46, Total: 38.04
2026-03-06 01:20:34,952 - INFO - Seed 60: 154, Gain: 0.46, Total: 38.50
2026-03-06 01:20:36,239 - INFO - Seed 61: 1083, Gain: 0.72, Total: 39.22
2026-03-06 01:20:37,546 - INFO - Seed 62: 943, Gain: 0.61, Total: 39.83
2026-03-06 01:20:38,836 - INFO - Seed 63: 408, Gain: 0.81, Total: 40.64
2026-03-06 01:20:41,461 - INFO - Seed 64: 1312, Gain: 0.66, Total: 41.30
2026-03-06 01:20:44,172 - INFO - Seed 65: 1163, Gain: 0.93, Total: 42.23
2026-03-06 01:20:45,540 - INFO - Seed 66: 1043, Gain: 0.63, Total: 42.86
2026-03-06 01:20:49,585 - INFO - Seed 67: 679, Gain: 0.63, Total: 43.49
2026-03-06 01:20:56,579 - INFO - Seed 68: 590, Gain: 0.62, Total: 44.11
2026-03-06 01:21:09,309 - INFO - Seed 69: 333, Gain: 0.50, Total: 44.61
2026-03-06 01:21:17,997 - INFO - Seed 70: 112, Gain: 0.78, Total: 45.39
2026-03-06 01:21:28,232 - INFO - Seed 71: 622, Gain: 0.64, Total: 46.03
2026-03-06 01:22:07,782 - INFO - Seed 72: 1257, Gain: 0.94, Total: 46.97
2026-03-06 01:22:19,800 - INFO - Seed 73: 183, Gain: 0.93, Total: 47.90
2026-03-06 01:24:44,091 - INFO - Seed 74: 186, Gain: 0.47, Total: 48.37
2026-03-06 01:26:24,141 - INFO - Seed 75: 1372, Gain: 0.79, Total: 49.16
2026-03-06 01:29:33,749 - INFO - Seed 76: 64, Gain: 0.47, Total: 49.63
2026-03-06 01:31:22,237 - INFO - Seed 77: 925, Gain: 0.80, Total: 50.43
2026-03-06 01:33:33,045 - INFO - Seed 78: 264, Gain: 0.57, Total: 51.00
2026-03-06 01:38:53,725 - INFO - Seed 79: 737, Gain: 0.46, Total: 51.46
2026-03-06 01:39:03,610 - INFO - Seed 80: 1152, Gain: 0.42, Total: 51.88
2026-03-06 01:39:43,210 - INFO - Seed 81: 1580, Gain: 0.98, Total: 52.86
2026-03-06 01:40:59,227 - INFO - Seed 82: 837, Gain: 0.46, Total: 53.32
2026-03-06 01:43:06,178 - INFO - Seed 83: 455, Gain: 0.51, Total: 53.83
2026-03-06 01:43:23,262 - INFO - Seed 84: 482, Gain: 0.45, Total: 54.28
2026-03-06 01:44:35,166 - INFO - Seed 85: 159, Gain: 0.54, Total: 54.82
2026-03-06 01:44:52,565 - INFO - Seed 86: 698, Gain: 0.37, Total: 55.19
2026-03-06 01:45:03,101 - INFO - Seed 87: 1192, Gain: 0.61, Total: 55.80
2026-03-06 01:45:29,687 - INFO - Seed 88: 1568, Gain: 0.40, Total: 56.20
2026-03-06 01:45:31,452 - INFO - Seed 89: 1606, Gain: 0.64, Total: 56.84
2026-03-06 01:46:06,947 - INFO - Seed 90: 1194, Gain: 0.44, Total: 57.28
2026-03-06 01:46:35,943 - INFO - Seed 91: 672, Gain: 0.52, Total: 57.80
2026-03-06 01:46:37,751 - INFO - Seed 92: 305, Gain: 0.33, Total: 58.13
2026-03-06 01:46:39,643 - INFO - Seed 93: 802, Gain: 0.41, Total: 58.54
2026-03-06 01:46:43,351 - INFO - Seed 94: 62, Gain: 0.60, Total: 59.14
2026-03-06 01:46:47,149 - INFO - Seed 95: 1161, Gain: 0.47, Total: 59.61
2026-03-06 01:46:49,181 - INFO - Seed 96: 618, Gain: 0.34, Total: 59.95
2026-03-06 01:46:51,185 - INFO - Seed 97: 467, Gain: 0.93, Total: 60.88
2026-03-06 01:46:53,295 - INFO - Seed 98: 1294, Gain: 1.31, Total: 62.19
2026-03-06 01:47:07,337 - INFO - Seed 99: 1643, Gain: 0.43, Total: 62.62
2026-03-06 01:47:09,287 - INFO - Seed 100: 1655, Gain: 0.56, Total: 63.18
2026-03-06 01:47:18,995 - INFO - Seed 101: 733, Gain: 0.84, Total: 64.02
2026-03-06 01:50:24,011 - INFO - Seed 102: 761, Gain: 0.50, Total: 64.52
2026-03-06 01:52:04,574 - INFO - Seed 103: 573, Gain: 0.51, Total: 65.03
2026-03-06 01:52:24,701 - INFO - Seed 104: 1390, Gain: 0.30, Total: 65.33
2026-03-06 01:52:28,724 - INFO - Seed 105: 1674, Gain: 0.58, Total: 65.91
2026-03-06 01:52:32,817 - INFO - Seed 106: 1079, Gain: 0.76, Total: 66.67
2026-03-06 01:53:06,274 - INFO - Seed 107: 411, Gain: 0.29, Total: 66.96
2026-03-06 01:53:08,355 - INFO - Seed 108: 961, Gain: 0.66, Total: 67.62
2026-03-06 01:53:12,595 - INFO - Seed 109: 368, Gain: 0.43, Total: 68.05
2026-03-06 01:53:16,897 - INFO - Seed 110: 1099, Gain: 0.98, Total: 69.03
2026-03-06 01:53:23,459 - INFO - Seed 111: 1466, Gain: 0.29, Total: 69.32
2026-03-06 01:53:29,928 - INFO - Seed 112: 1920, Gain: 0.59, Total: 69.91
2026-03-06 01:53:38,636 - INFO - Seed 113: 1261, Gain: 0.57, Total: 70.48
2026-03-06 01:53:40,860 - INFO - Seed 114: 689, Gain: 0.94, Total: 71.42
2026-03-06 01:53:47,509 - INFO - Seed 115: 1029, Gain: 0.69, Total: 72.11
2026-03-06 01:54:00,997 - INFO - Seed 116: 777, Gain: 0.34, Total: 72.45
2026-03-06 01:54:25,782 - INFO - Seed 117: 10, Gain: 0.56, Total: 73.01
2026-03-06 01:54:32,622 - INFO - Seed 118: 78, Gain: 0.49, Total: 73.50
2026-03-06 01:54:37,153 - INFO - Seed 119: 500, Gain: 0.62, Total: 74.12
2026-03-06 01:54:46,343 - INFO - Seed 120: 1416, Gain: 0.55, Total: 74.67
2026-03-06 01:54:48,605 - INFO - Seed 121: 1579, Gain: 0.26, Total: 74.93
2026-03-06 01:55:00,142 - INFO - Seed 122: 241, Gain: 0.78, Total: 75.71
2026-03-06 01:55:09,520 - INFO - Seed 123: 784, Gain: 0.27, Total: 75.98
2026-03-06 01:55:11,914 - INFO - Seed 124: 188, Gain: 0.41, Total: 76.39
2026-03-06 01:55:14,258 - INFO - Seed 125: 1347, Gain: 0.50, Total: 76.89
2026-03-06 01:55:16,671 - INFO - Seed 126: 105, Gain: 1.10, Total: 77.99
2026-03-06 01:55:21,577 - INFO - Seed 127: 450, Gain: 0.43, Total: 78.42
2026-03-06 01:55:28,872 - INFO - Seed 128: 340, Gain: 0.68, Total: 79.10
2026-03-06 01:55:31,349 - INFO - Seed 129: 298, Gain: 0.43, Total: 79.53
2026-03-06 01:55:33,812 - INFO - Seed 130: 970, Gain: 0.37, Total: 79.90
2026-03-06 01:55:36,298 - INFO - Seed 131: 73, Gain: 0.38, Total: 80.28
2026-03-06 01:55:41,355 - INFO - Seed 132: 676, Gain: 1.53, Total: 81.81
2026-03-06 01:55:54,139 - INFO - Seed 133: 944, Gain: 0.28, Total: 82.09
2026-03-06 01:55:56,714 - INFO - Seed 134: 1191, Gain: 0.63, Total: 82.72
2026-03-06 01:56:01,933 - INFO - Seed 135: 548, Gain: 0.35, Total: 83.07
2026-03-06 01:56:04,522 - INFO - Seed 136: 615, Gain: 1.07, Total: 84.14
2026-03-06 01:56:07,115 - INFO - Seed 137: 435, Gain: 0.90, Total: 85.04
2026-03-06 01:56:36,221 - INFO - Seed 138: 1386, Gain: 0.60, Total: 85.64
2026-03-06 01:57:50,815 - INFO - Seed 139: 1100, Gain: 0.63, Total: 86.27
2026-03-06 01:58:13,531 - INFO - Seed 140: 916, Gain: 1.36, Total: 87.63
2026-03-06 02:01:44,650 - INFO - Seed 141: 1941, Gain: 0.21, Total: 87.84
2026-03-06 02:04:38,420 - INFO - Seed 142: 484, Gain: 0.48, Total: 88.32
2026-03-06 02:05:14,632 - INFO - Seed 143: 952, Gain: 0.42, Total: 88.74
2026-03-06 02:05:22,912 - INFO - Seed 144: 1906, Gain: 1.00, Total: 89.74
2026-03-06 02:06:13,270 - INFO - Seed 145: 121, Gain: 0.26, Total: 90.00
2026-03-06 02:06:16,234 - INFO - Seed 146: 747, Gain: 0.38, Total: 90.38
2026-03-06 02:06:33,628 - INFO - Seed 147: 651, Gain: 0.70, Total: 91.08
2026-03-06 02:07:36,913 - INFO - Seed 148: 608, Gain: 0.40, Total: 91.48
2026-03-06 02:07:42,795 - INFO - Seed 149: 1395, Gain: 0.23, Total: 91.71
2026-03-06 02:07:45,923 - INFO - Seed 150: 914, Gain: 0.53, Total: 92.24
2026-03-06 02:07:48,977 - INFO - Seed 151: 293, Gain: 0.84, Total: 93.08
2026-03-06 02:07:52,087 - INFO - Seed 152: 1752, Gain: 0.30, Total: 93.38
2026-03-06 02:07:58,309 - INFO - Seed 153: 895, Gain: 0.53, Total: 93.91
2026-03-06 02:08:01,387 - INFO - Seed 154: 1298, Gain: 1.18, Total: 95.09
2026-03-06 02:08:20,258 - INFO - Seed 155: 666, Gain: 1.08, Total: 96.17
2026-03-06 02:11:41,352 - INFO - Seed 156: 1170, Gain: 0.46, Total: 96.63
2026-03-06 02:11:59,298 - INFO - Seed 157: 1329, Gain: 0.13, Total: 96.76
2026-03-06 02:12:08,359 - INFO - Seed 158: 539, Gain: 0.76, Total: 97.52
2026-03-06 02:12:23,922 - INFO - Seed 159: 1011, Gain: 1.14, Total: 98.66
2026-03-06 02:12:30,188 - INFO - Seed 160: 999, Gain: 0.37, Total: 99.03
2026-03-06 02:12:33,489 - INFO - Seed 161: 243, Gain: 0.57, Total: 99.60
2026-03-06 02:12:36,791 - INFO - Seed 162: 1302, Gain: 0.63, Total: 100.23
2026-03-06 02:12:46,896 - INFO - Seed 163: 1082, Gain: 0.14, Total: 100.37
2026-03-06 02:12:53,744 - INFO - Seed 164: 1324, Gain: 0.09, Total: 100.46
2026-03-06 02:12:57,135 - INFO - Seed 165: 765, Gain: 0.12, Total: 100.58
2026-03-06 02:13:00,546 - INFO - Seed 166: 1222, Gain: 1.25, Total: 101.83
2026-03-06 02:13:10,935 - INFO - Seed 167: 993, Gain: 0.40, Total: 102.23
2026-03-06 02:13:14,424 - INFO - Seed 168: 1900, Gain: 0.22, Total: 102.45
2026-03-06 02:13:17,993 - INFO - Seed 169: 669, Gain: 0.45, Total: 102.90
2026-03-06 02:13:21,618 - INFO - Seed 170: 489, Gain: 1.15, Total: 104.05
2026-03-06 02:13:25,136 - INFO - Seed 171: 559, Gain: 1.12, Total: 105.17
2026-03-06 02:13:49,638 - INFO - Seed 172: 332, Gain: 0.07, Total: 105.24
2026-03-06 02:13:53,311 - INFO - Seed 173: 478, Gain: 0.97, Total: 106.21
2026-03-06 02:14:04,368 - INFO - Seed 174: 1088, Gain: 0.28, Total: 106.49
2026-03-06 02:14:08,053 - INFO - Seed 175: 1058, Gain: 0.90, Total: 107.39
2026-03-06 02:14:41,136 - INFO - Seed 176: 1355, Gain: 0.37, Total: 107.76
2026-03-06 02:14:44,915 - INFO - Seed 177: 284, Gain: 1.06, Total: 108.82
2026-03-06 02:14:48,370 - INFO - Seed 178: 1051, Gain: 0.58, Total: 109.40
2026-03-06 02:15:34,662 - INFO - Seed 179: 1957, Gain: 0.25, Total: 109.65
2026-03-06 02:15:45,819 - INFO - Seed 180: 1469, Gain: 0.68, Total: 110.33
2026-03-06 02:15:53,175 - INFO - Seed 181: 1134, Gain: 0.19, Total: 110.52
2026-03-06 02:15:56,987 - INFO - Seed 182: 513, Gain: 0.39, Total: 110.91
2026-03-06 02:16:00,768 - INFO - Seed 183: 1010, Gain: 0.46, Total: 111.37
2026-03-06 02:16:08,273 - INFO - Seed 184: 1067, Gain: 1.18, Total: 112.55
2026-03-06 02:16:12,113 - INFO - Seed 185: 1954, Gain: 0.05, Total: 112.60
2026-03-06 02:16:15,912 - INFO - Seed 186: 570, Gain: 0.67, Total: 113.27
2026-03-06 02:16:27,687 - INFO - Seed 187: 1610, Gain: 0.13, Total: 113.40
2026-03-06 02:16:43,099 - INFO - Seed 188: 1474, Gain: 0.27, Total: 113.67
2026-03-06 02:16:46,863 - INFO - Seed 189: 867, Gain: 0.10, Total: 113.77
2026-03-06 02:16:50,518 - INFO - Seed 190: 1756, Gain: 0.25, Total: 114.02
2026-03-06 02:16:54,136 - INFO - Seed 191: 1200, Gain: 1.50, Total: 115.52
2026-03-06 02:16:57,810 - INFO - Seed 192: 1145, Gain: 0.15, Total: 115.67
2026-03-06 02:17:01,509 - INFO - Seed 193: 51, Gain: 1.44, Total: 117.11
2026-03-06 02:17:05,169 - INFO - Seed 194: 355, Gain: 0.38, Total: 117.49
2026-03-06 02:17:08,935 - INFO - Seed 195: 193, Gain: 0.22, Total: 117.71
2026-03-06 02:17:12,693 - INFO - Seed 196: 598, Gain: 0.35, Total: 118.06
2026-03-06 02:17:16,399 - INFO - Seed 197: 412, Gain: 0.57, Total: 118.63
2026-03-06 02:17:20,132 - INFO - Seed 198: 1621, Gain: 0.83, Total: 119.46
2026-03-06 02:17:31,453 - INFO - Seed 199: 869, Gain: 1.65, Total: 121.11
2026-03-06 02:19:03,115 - INFO - Seed 200: 1851, Gain: 0.43, Total: 121.54
2026-03-06 02:19:03,116 - INFO - CELF 完成，总耗时: 4108.83s
2026-03-06 02:19:03,116 - INFO - 当前用时 4108.83 秒
2026-03-06 02:19:03,116 - INFO - 将种子集 写入位置: /home/wen/work/coup_spread/genius_graph_2000/2026-3-6/seeds-with-genius_graph_2000/random_monterCarlo_CELF_seedNum-200_SSRNum-50000.txt
2026-03-06 02:19:03,118 - INFO - 评估种子集: None
2026-03-06 02:19:03,119 - INFO - 多进程评估开始，共有 7 个方法待评估...
2026-03-06 02:19:03,119 - INFO - 启动进程池，Worker数量: 7
2026-03-06 02:19:03,375 - INFO - [Process 517084] 开始评估方法: random, 种子数: 200
2026-03-06 02:19:03,528 - INFO - [Process 517085] 开始评估方法: degreeTopM, 种子数: 200
2026-03-06 02:19:03,682 - INFO - [Process 517086] 开始评估方法: pageRank, 种子数: 200
2026-03-06 02:19:03,859 - INFO - [Process 517087] 开始评估方法: alpha_sort, 种子数: 200
2026-03-06 02:19:03,989 - INFO - [alpha_sort - 种子:200] 拉新:79.6人 | 总销量:79.6单 | 品牌曝光:200.0次 | 🌟综合得分:99.6
2026-03-06 02:19:04,012 - INFO - [Process 517088] 开始评估方法: ris_optimized, 种子数: 200
2026-03-06 02:19:04,132 - INFO - [Process 517089] 开始评估方法: ris_naive, 种子数: 200
2026-03-06 02:19:04,287 - INFO - [Process 517090] 开始评估方法: monterCarlo_CELF, 种子数: 200
2026-03-06 02:19:20,335 - INFO - [random - 种子:200] 拉新:108.3人 | 总销量:112.6单 | 品牌曝光:1217.3次 | 🌟综合得分:232.2
2026-03-06 02:19:25,340 - INFO - [monterCarlo_CELF - 种子:200] 拉新:119.7人 | 总销量:125.5单 | 品牌曝光:1462.8次 | 🌟综合得分:268.9
2026-03-06 02:19:26,249 - INFO - [ris_naive - 种子:200] 拉新:123.0人 | 总销量:129.3单 | 品牌曝光:1543.3次 | 🌟综合得分:280.5
2026-03-06 02:19:26,276 - INFO - [degreeTopM - 种子:200] 拉新:120.8人 | 总销量:128.1单 | 品牌曝光:1572.3次 | 🌟综合得分:281.7
2026-03-06 02:19:26,278 - INFO - [pageRank - 种子:200] 拉新:120.7人 | 总销量:128.0单 | 品牌曝光:1574.6次 | 🌟综合得分:281.8
2026-03-06 02:19:26,424 - INFO - [ris_optimized - 种子:200] 拉新:123.6人 | 总销量:130.0单 | 品牌曝光:1567.2次 | 🌟综合得分:283.5
2026-03-06 02:19:26,472 - INFO - 所有进程执行完毕，开始写入数据...
2026-03-06 02:19:26,496 - INFO - 成功写入 7 条记录至 /home/wen/work/coup_spread/gzc-impl/results/genius_graph_2000/2026-3-6/random_SSRNum-50000-_seedNum-200_simuTimes-500.csv
2026-03-06 02:19:26,497 - INFO - 保存评估文件至: /home/wen/work/coup_spread/gzc-impl/results/genius_graph_2000/2026-3-6/random_SSRNum-50000-_seedNum-200_simuTimes-500.csv
