2026-03-06 01:07:29,471 - INFO - 加载数据集: genius_graph_2000
2026-03-06 01:07:29,472 - INFO - --- 矩阵分析 ---
2026-03-06 01:07:29,472 - INFO - 节点数 (N): 2000
2026-03-06 01:07:29,472 - INFO - 边数 (E): 41582
2026-03-06 01:07:29,472 - INFO - 密度 (Density): 0.01039550 (越小越稀疏)
2026-03-06 01:07:29,472 - INFO - 稀疏度 (Sparsity): 0.98960450 (越接近1越稀疏)
2026-03-06 01:07:29,472 - INFO - 平均度数 (Avg Degree): 20.79
2026-03-06 01:07:29,472 - INFO - >>> 正在为终极对抗图注入概率属性...
2026-03-06 01:07:29,490 - INFO - 首次生成种子集 random
2026-03-06 01:07:29,490 - INFO - 执行当前算法开始: random
2026-03-06 01:07:29,490 - INFO - 数据集节点总数:  n = 2000, m = 150
2026-03-06 01:07:29,490 - INFO - 选择 150  [1674, 182, 1407, 678, 1149, 1109, 772, 189, 825, 1084, 622, 321, 894, 1948, 1141, 1331, 1233, 144, 604, 1903, 587, 1187, 1982, 509, 1541, 1928, 689, 932, 786, 1340, 1447, 540, 49, 384, 1053, 1585, 1286, 1717, 845, 45, 817, 1427, 1891, 434, 185, 1020, 274, 1741, 685, 1993, 697, 223, 458, 645, 522, 1193, 1426, 322, 1619, 1771, 1811, 1789, 1534, 1564, 582, 150, 357, 1730, 1761, 478, 581, 665, 798, 1038, 474, 348, 1898, 935, 1642, 1074, 316, 1784, 924, 1546, 164, 617, 1055, 1682, 138, 821, 26, 680, 907, 75, 1206, 1130, 1064, 866, 529, 580, 1470, 273, 770, 1033, 675, 1848, 1687, 1590, 16, 725, 1686, 381, 1134, 1998, 793, 958, 995, 492, 1239, 38, 1276, 986, 437, 1474, 700, 1061, 1057, 1290, 360, 1636, 34, 393, 1191, 439, 1562, 24, 943, 723, 1145, 1780, 1977, 1612, 1592, 1018, 553, 469, 1884, 729, 300, 728]

2026-03-06 01:07:29,490 - INFO - 当前用时 0.00 秒
2026-03-06 01:07:29,491 - INFO - 将种子集 写入位置: /home/wen/work/coup_spread/genius_graph_2000/2026-3-6/seeds-with-genius_graph_2000/random_random_seedNum-150_SSRNum-50000.txt
2026-03-06 01:07:29,491 - INFO - 首次生成种子集 degreeTopM
2026-03-06 01:07:29,491 - INFO - 执行当前算法开始: degreeTopM
2026-03-06 01:07:29,491 - INFO - 依据: 选择连接数（度数）最多的节点。
2026-03-06 01:07:29,491 - INFO - 选择的 Top M 节点及其度数:
2026-03-06 01:07:29,491 - INFO - 
2026-03-06 01:07:29,491 - INFO - 当前用时 0.00 秒
2026-03-06 01:07:29,491 - INFO - 将种子集 写入位置: /home/wen/work/coup_spread/genius_graph_2000/2026-3-6/seeds-with-genius_graph_2000/random_degreeTopM_seedNum-150_SSRNum-50000.txt
2026-03-06 01:07:29,491 - INFO - 首次生成种子集 pageRank
2026-03-06 01:07:29,492 - INFO - 执行当前算法开始: pageRank
2026-03-06 01:07:29,492 - INFO - --- Running: PageRank (on tranProMatrix) Top M ---
2026-03-06 01:07:29,677 - INFO - Selected PageRank seeds: [1977, 1921, 1912, 1910, 1961, 1990, 1995, 1969, 1935, 1909, 1924, 4, 1932, 1996, 1973, 1907, 1998, 1946, 1919, 1988, 1976, 1975, 1957, 1901, 1908, 1979, 1933, 1904, 1911, 1928, 1918, 1986, 1934, 1914, 1955, 1983, 1902, 1966, 1930, 1926, 1948, 1945, 1991, 1915, 1982, 1980, 1999, 1958, 1920, 1971, 1994, 1940, 1989, 1985, 1938, 1939, 1929, 1949, 1905, 1993, 1970, 1992, 1987, 1978, 1927, 1900, 1947, 1962, 1923, 1960, 1950, 1903, 1964, 1959, 1956, 1965, 1906, 1974, 1943, 1913, 1931, 1937, 1963, 1942, 1981, 1953, 1916, 1951, 1997, 1984, 1925, 1972, 1922, 1944, 1954, 1936, 1917, 1967, 1968, 1941, 1952, 5, 0, 1, 9, 6, 22, 23, 12, 37, 16, 31, 3, 8, 76, 39, 14, 11, 89, 7, 45, 21, 131, 79, 153, 50, 43, 188, 25, 17, 62, 42, 111, 75, 68, 80, 35, 100, 226, 10, 59, 20, 140, 102, 57, 91, 128, 53, 24, 122]
2026-03-06 01:07:29,677 - INFO - 当前用时 0.19 秒
2026-03-06 01:07:29,678 - INFO - 将种子集 写入位置: /home/wen/work/coup_spread/genius_graph_2000/2026-3-6/seeds-with-genius_graph_2000/random_pageRank_seedNum-150_SSRNum-50000.txt
2026-03-06 01:07:29,678 - INFO - 首次生成种子集 alpha_sort
2026-03-06 01:07:29,678 - INFO - 执行当前算法开始: alpha_sort
2026-03-06 01:07:29,678 - INFO - 2000 个节点的alpha值降序排序 done
2026-03-06 01:07:29,678 - INFO - ==============>> [(1400, np.float64(0.4)), (1401, np.float64(0.4)), (1402, np.float64(0.4)), (1403, np.float64(0.4)), (1404, np.float64(0.4)), (1405, np.float64(0.4)), (1406, np.float64(0.4)), (1407, np.float64(0.4)), (1408, np.float64(0.4)), (1409, np.float64(0.4))]
2026-03-06 01:07:29,678 - INFO - 
选择的种子集 (按alpha排序): [1400, 1401, 1402, 1403, 1404, 1405, 1406, 1407, 1408, 1409, 1410, 1411, 1412, 1413, 1414, 1415, 1416, 1417, 1418, 1419, 1420, 1421, 1422, 1423, 1424, 1425, 1426, 1427, 1428, 1429, 1430, 1431, 1432, 1433, 1434, 1435, 1436, 1437, 1438, 1439, 1440, 1441, 1442, 1443, 1444, 1445, 1446, 1447, 1448, 1449, 1450, 1451, 1452, 1453, 1454, 1455, 1456, 1457, 1458, 1459, 1460, 1461, 1462, 1463, 1464, 1465, 1466, 1467, 1468, 1469, 1470, 1471, 1472, 1473, 1474, 1475, 1476, 1477, 1478, 1479, 1480, 1481, 1482, 1483, 1484, 1485, 1486, 1487, 1488, 1489, 1490, 1491, 1492, 1493, 1494, 1495, 1496, 1497, 1498, 1499, 1500, 1501, 1502, 1503, 1504, 1505, 1506, 1507, 1508, 1509, 1510, 1511, 1512, 1513, 1514, 1515, 1516, 1517, 1518, 1519, 1520, 1521, 1522, 1523, 1524, 1525, 1526, 1527, 1528, 1529, 1530, 1531, 1532, 1533, 1534, 1535, 1536, 1537, 1538, 1539, 1540, 1541, 1542, 1543, 1544, 1545, 1546, 1547, 1548, 1549]

2026-03-06 01:07:29,678 - INFO - 当前用时 0.00 秒
2026-03-06 01:07:29,678 - INFO - 将种子集 写入位置: /home/wen/work/coup_spread/genius_graph_2000/2026-3-6/seeds-with-genius_graph_2000/random_alpha_sort_seedNum-150_SSRNum-50000.txt
2026-03-06 01:07:29,679 - INFO - 首次生成种子集 ris_optimized
2026-03-06 01:07:29,679 - INFO - 执行当前算法开始: ris_optimized
2026-03-06 01:07:29,724 - INFO - 图初始化完成，节点数: 2000，当前模式: 优化采样
2026-03-06 01:07:29,724 - INFO - 开始生成 50000 组多重RR-Set...
2026-03-06 01:08:31,499 - INFO - 生成完毕。耗时: 61.77 秒。
2026-03-06 01:08:31,509 - INFO - 开始基于多重RR集贪心选择最优种子...
2026-03-06 01:08:35,915 - INFO - 选种完毕。耗时: 4.41 秒。估算范围: 147.37
2026-03-06 01:08:37,355 - INFO - 当前用时 67.68 秒
2026-03-06 01:08:37,356 - INFO - 将种子集 写入位置: /home/wen/work/coup_spread/genius_graph_2000/2026-3-6/seeds-with-genius_graph_2000/random_ris_optimized_seedNum-150_SSRNum-50000.txt
2026-03-06 01:08:37,356 - INFO - 首次生成种子集 ris_naive
2026-03-06 01:08:37,356 - INFO - 执行当前算法开始: ris_naive
2026-03-06 01:08:37,452 - INFO - 图初始化完成，节点数: 2000，当前模式: 朴素采样
2026-03-06 01:08:37,453 - INFO - 开始生成 50000 组多重RR-Set...
2026-03-06 01:09:30,737 - INFO - 生成完毕。耗时: 53.28 秒。
2026-03-06 01:09:30,742 - INFO - 开始基于多重RR集贪心选择最优种子...
2026-03-06 01:09:34,400 - INFO - 选种完毕。耗时: 3.66 秒。估算范围: 151.04
2026-03-06 01:09:35,295 - INFO - 当前用时 57.94 秒
2026-03-06 01:09:35,295 - INFO - 将种子集 写入位置: /home/wen/work/coup_spread/genius_graph_2000/2026-3-6/seeds-with-genius_graph_2000/random_ris_naive_seedNum-150_SSRNum-50000.txt
2026-03-06 01:09:35,295 - INFO - 首次生成种子集 monterCarlo_CELF
2026-03-06 01:09:35,296 - INFO - 执行当前算法开始: monterCarlo_CELF
2026-03-06 01:09:35,296 - INFO - --- Running: CELF Greedy Monte Carlo (Sims=100) ---
2026-03-06 01:09:35,296 - INFO - Step 0: 初始化所有节点的边际增益...
2026-03-06 01:10:10,302 - INFO - Seed 1: 805, Spread: 0.81
2026-03-06 01:10:19,452 - INFO - Seed 2: 1265, Gain: 0.70, Total: 1.51
2026-03-06 01:10:24,730 - INFO - Seed 3: 107, Gain: 0.70, Total: 2.21
2026-03-06 01:10:58,030 - INFO - Seed 4: 1195, Gain: 0.68, Total: 2.89
2026-03-06 01:11:26,096 - INFO - Seed 5: 1249, Gain: 0.64, Total: 3.53
2026-03-06 01:11:41,705 - INFO - Seed 6: 946, Gain: 0.62, Total: 4.15
2026-03-06 01:11:44,048 - INFO - Seed 7: 301, Gain: 0.75, Total: 4.90
2026-03-06 01:12:12,735 - INFO - Seed 8: 1333, Gain: 0.61, Total: 5.51
2026-03-06 01:12:16,079 - INFO - Seed 9: 385, Gain: 0.73, Total: 6.24
2026-03-06 01:12:19,405 - INFO - Seed 10: 752, Gain: 0.61, Total: 6.85
2026-03-06 01:12:21,447 - INFO - Seed 11: 962, Gain: 0.66, Total: 7.51
2026-03-06 01:12:32,816 - INFO - Seed 12: 169, Gain: 0.60, Total: 8.11
2026-03-06 01:12:35,462 - INFO - Seed 13: 634, Gain: 0.71, Total: 8.82
2026-03-06 01:12:36,056 - INFO - Seed 14: 666, Gain: 0.63, Total: 9.45
2026-03-06 01:12:42,906 - INFO - Seed 15: 1909, Gain: 0.61, Total: 10.06
2026-03-06 01:12:47,522 - INFO - Seed 16: 638, Gain: 0.61, Total: 10.67
2026-03-06 01:12:52,814 - INFO - Seed 17: 170, Gain: 0.70, Total: 11.37
2026-03-06 01:12:54,300 - INFO - Seed 18: 332, Gain: 0.61, Total: 11.98
2026-03-06 01:12:55,886 - INFO - Seed 19: 535, Gain: 0.65, Total: 12.63
2026-03-06 01:12:57,602 - INFO - Seed 20: 689, Gain: 0.65, Total: 13.28
2026-03-06 01:13:00,632 - INFO - Seed 21: 847, Gain: 0.59, Total: 13.87
2026-03-06 01:13:01,061 - INFO - Seed 22: 864, Gain: 0.77, Total: 14.64
2026-03-06 01:13:02,464 - INFO - Seed 23: 938, Gain: 0.64, Total: 15.28
2026-03-06 01:13:06,859 - INFO - Seed 24: 1028, Gain: 0.76, Total: 16.04
2026-03-06 01:13:28,267 - INFO - Seed 25: 930, Gain: 0.63, Total: 16.67
2026-03-06 01:13:42,071 - INFO - Seed 26: 941, Gain: 0.72, Total: 17.39
2026-03-06 01:13:58,726 - INFO - Seed 27: 129, Gain: 0.78, Total: 18.17
2026-03-06 01:17:04,894 - INFO - Seed 28: 808, Gain: 0.63, Total: 18.80
2026-03-06 01:18:39,684 - INFO - Seed 29: 1321, Gain: 0.63, Total: 19.43
2026-03-06 01:19:39,644 - INFO - Seed 30: 1092, Gain: 0.53, Total: 19.96
2026-03-06 01:19:45,996 - INFO - Seed 31: 703, Gain: 0.48, Total: 20.44
2026-03-06 01:19:48,612 - INFO - Seed 32: 1298, Gain: 0.45, Total: 20.89
2026-03-06 01:19:50,657 - INFO - Seed 33: 256, Gain: 0.76, Total: 21.65
2026-03-06 01:19:54,899 - INFO - Seed 34: 1973, Gain: 0.60, Total: 22.25
2026-03-06 01:19:56,340 - INFO - Seed 35: 1231, Gain: 0.52, Total: 22.77
2026-03-06 01:19:59,295 - INFO - Seed 36: 474, Gain: 0.66, Total: 23.43
2026-03-06 01:20:00,058 - INFO - Seed 37: 300, Gain: 0.46, Total: 23.89
2026-03-06 01:20:01,673 - INFO - Seed 38: 1216, Gain: 0.68, Total: 24.57
2026-03-06 01:20:02,576 - INFO - Seed 39: 1186, Gain: 0.53, Total: 25.10
2026-03-06 01:20:05,187 - INFO - Seed 40: 1901, Gain: 0.99, Total: 26.09
2026-03-06 01:20:11,466 - INFO - Seed 41: 859, Gain: 0.80, Total: 26.89
2026-03-06 01:20:23,316 - INFO - Seed 42: 1257, Gain: 0.44, Total: 27.33
2026-03-06 01:20:24,324 - INFO - Seed 43: 468, Gain: 0.45, Total: 27.78
2026-03-06 01:20:25,236 - INFO - Seed 44: 59, Gain: 0.81, Total: 28.59
2026-03-06 01:20:27,226 - INFO - Seed 45: 1134, Gain: 0.44, Total: 29.03
2026-03-06 01:20:29,255 - INFO - Seed 46: 310, Gain: 0.84, Total: 29.87
2026-03-06 01:20:36,452 - INFO - Seed 47: 1158, Gain: 1.16, Total: 31.03
2026-03-06 01:21:07,471 - INFO - Seed 48: 1073, Gain: 0.46, Total: 31.49
2026-03-06 01:21:26,588 - INFO - Seed 49: 146, Gain: 0.65, Total: 32.14
2026-03-06 01:21:57,834 - INFO - Seed 50: 185, Gain: 0.51, Total: 32.65
2026-03-06 01:22:00,973 - INFO - Seed 51: 675, Gain: 0.75, Total: 33.40
2026-03-06 01:22:08,512 - INFO - Seed 52: 182, Gain: 0.60, Total: 34.00
2026-03-06 01:22:11,742 - INFO - Seed 53: 1062, Gain: 0.58, Total: 34.58
2026-03-06 01:22:50,334 - INFO - Seed 54: 221, Gain: 0.49, Total: 35.07
2026-03-06 01:23:17,368 - INFO - Seed 55: 1585, Gain: 0.80, Total: 35.87
2026-03-06 01:23:59,573 - INFO - Seed 56: 584, Gain: 0.41, Total: 36.28
2026-03-06 01:24:08,802 - INFO - Seed 57: 893, Gain: 0.62, Total: 36.90
2026-03-06 01:24:13,502 - INFO - Seed 58: 1065, Gain: 0.47, Total: 37.37
2026-03-06 01:24:55,107 - INFO - Seed 59: 1798, Gain: 0.47, Total: 37.84
2026-03-06 01:24:58,677 - INFO - Seed 60: 646, Gain: 0.48, Total: 38.32
2026-03-06 01:25:09,419 - INFO - Seed 61: 582, Gain: 0.44, Total: 38.76
2026-03-06 01:25:11,872 - INFO - Seed 62: 518, Gain: 0.87, Total: 39.63
2026-03-06 01:25:15,667 - INFO - Seed 63: 1177, Gain: 0.43, Total: 40.06
2026-03-06 01:25:17,028 - INFO - Seed 64: 1175, Gain: 1.06, Total: 41.12
2026-03-06 01:25:20,870 - INFO - Seed 65: 1968, Gain: 0.67, Total: 41.79
2026-03-06 01:25:31,324 - INFO - Seed 66: 35, Gain: 0.43, Total: 42.22
2026-03-06 01:25:35,337 - INFO - Seed 67: 686, Gain: 0.56, Total: 42.78
2026-03-06 01:25:40,742 - INFO - Seed 68: 14, Gain: 1.07, Total: 43.85
2026-03-06 01:25:43,499 - INFO - Seed 69: 872, Gain: 0.55, Total: 44.40
2026-03-06 01:25:47,613 - INFO - Seed 70: 1106, Gain: 0.89, Total: 45.29
2026-03-06 01:25:50,393 - INFO - Seed 71: 1362, Gain: 0.73, Total: 46.02
2026-03-06 01:31:56,327 - INFO - Seed 72: 1555, Gain: 0.50, Total: 46.52
2026-03-06 01:32:43,478 - INFO - Seed 73: 733, Gain: 0.49, Total: 47.01
2026-03-06 01:32:54,130 - INFO - Seed 74: 1064, Gain: 0.50, Total: 47.51
2026-03-06 01:33:04,587 - INFO - Seed 75: 1277, Gain: 0.49, Total: 48.00
2026-03-06 01:33:30,049 - INFO - Seed 76: 1366, Gain: 0.48, Total: 48.48
2026-03-06 01:33:46,662 - INFO - Seed 77: 1377, Gain: 0.64, Total: 49.12
2026-03-06 01:33:49,776 - INFO - Seed 78: 601, Gain: 0.40, Total: 49.52
2026-03-06 01:33:52,962 - INFO - Seed 79: 2, Gain: 0.86, Total: 50.38
2026-03-06 01:34:10,534 - INFO - Seed 80: 583, Gain: 0.37, Total: 50.75
2026-03-06 01:34:12,164 - INFO - Seed 81: 152, Gain: 0.67, Total: 51.42
2026-03-06 01:34:40,394 - INFO - Seed 82: 353, Gain: 0.68, Total: 52.10
2026-03-06 01:34:42,116 - INFO - Seed 83: 563, Gain: 0.91, Total: 53.01
2026-03-06 01:34:51,001 - INFO - Seed 84: 1083, Gain: 0.39, Total: 53.40
2026-03-06 01:35:47,657 - INFO - Seed 85: 1727, Gain: 0.61, Total: 54.01
2026-03-06 01:36:28,939 - INFO - Seed 86: 1215, Gain: 0.60, Total: 54.61
2026-03-06 01:36:37,649 - INFO - Seed 87: 1188, Gain: 0.43, Total: 55.04
2026-03-06 01:36:42,912 - INFO - Seed 88: 987, Gain: 0.86, Total: 55.90
2026-03-06 01:36:56,807 - INFO - Seed 89: 937, Gain: 0.36, Total: 56.26
2026-03-06 01:37:00,481 - INFO - Seed 90: 1070, Gain: 0.36, Total: 56.62
2026-03-06 01:37:02,309 - INFO - Seed 91: 842, Gain: 0.94, Total: 57.56
2026-03-06 01:37:04,145 - INFO - Seed 92: 426, Gain: 0.50, Total: 58.06
2026-03-06 01:37:05,991 - INFO - Seed 93: 829, Gain: 0.82, Total: 58.88
2026-03-06 01:37:31,684 - INFO - Seed 94: 1354, Gain: 0.59, Total: 59.47
2026-03-06 01:37:33,503 - INFO - Seed 95: 1351, Gain: 0.49, Total: 59.96
2026-03-06 01:37:35,365 - INFO - Seed 96: 1238, Gain: 1.41, Total: 61.37
2026-03-06 01:39:53,012 - INFO - Seed 97: 30, Gain: 0.36, Total: 61.73
2026-03-06 01:40:12,078 - INFO - Seed 98: 759, Gain: 0.55, Total: 62.28
2026-03-06 01:40:17,795 - INFO - Seed 99: 728, Gain: 0.42, Total: 62.70
2026-03-06 01:40:52,978 - INFO - Seed 100: 315, Gain: 0.64, Total: 63.34
2026-03-06 01:41:14,424 - INFO - Seed 101: 139, Gain: 0.32, Total: 63.66
2026-03-06 01:41:16,375 - INFO - Seed 102: 1317, Gain: 0.56, Total: 64.22
2026-03-06 01:41:20,419 - INFO - Seed 103: 495, Gain: 0.74, Total: 64.96
2026-03-06 01:41:34,686 - INFO - Seed 104: 517, Gain: 0.49, Total: 65.45
2026-03-06 01:41:50,935 - INFO - Seed 105: 1719, Gain: 0.47, Total: 65.92
2026-03-06 01:41:55,067 - INFO - Seed 106: 235, Gain: 0.91, Total: 66.83
2026-03-06 01:42:19,776 - INFO - Seed 107: 456, Gain: 0.44, Total: 67.27
2026-03-06 01:42:23,888 - INFO - Seed 108: 259, Gain: 0.55, Total: 67.82
2026-03-06 01:42:30,273 - INFO - Seed 109: 296, Gain: 0.56, Total: 68.38
2026-03-06 01:42:43,090 - INFO - Seed 110: 1145, Gain: 0.36, Total: 68.74
2026-03-06 01:42:49,568 - INFO - Seed 111: 783, Gain: 0.33, Total: 69.07
2026-03-06 01:42:51,753 - INFO - Seed 112: 43, Gain: 1.09, Total: 70.16
2026-03-06 01:42:53,902 - INFO - Seed 113: 791, Gain: 0.57, Total: 70.73
2026-03-06 01:42:56,107 - INFO - Seed 114: 650, Gain: 0.35, Total: 71.08
2026-03-06 01:42:58,354 - INFO - Seed 115: 649, Gain: 0.33, Total: 71.41
2026-03-06 01:43:00,578 - INFO - Seed 116: 467, Gain: 0.80, Total: 72.21
2026-03-06 01:43:02,877 - INFO - Seed 117: 1392, Gain: 1.01, Total: 73.22
2026-03-06 01:43:07,521 - INFO - Seed 118: 787, Gain: 0.78, Total: 74.00
2026-03-06 01:43:09,867 - INFO - Seed 119: 721, Gain: 0.30, Total: 74.30
2026-03-06 01:43:17,098 - INFO - Seed 120: 979, Gain: 0.49, Total: 74.79
2026-03-06 01:43:19,516 - INFO - Seed 121: 1239, Gain: 1.22, Total: 76.01
2026-03-06 01:43:24,327 - INFO - Seed 122: 920, Gain: 0.31, Total: 76.32
2026-03-06 01:43:31,566 - INFO - Seed 123: 1980, Gain: 0.80, Total: 77.12
2026-03-06 01:43:43,647 - INFO - Seed 124: 131, Gain: 0.48, Total: 77.60
2026-03-06 01:43:50,983 - INFO - Seed 125: 1306, Gain: 0.64, Total: 78.24
2026-03-06 01:44:03,314 - INFO - Seed 126: 143, Gain: 0.36, Total: 78.60
2026-03-06 01:44:08,265 - INFO - Seed 127: 792, Gain: 1.77, Total: 80.37
2026-03-06 01:53:45,417 - INFO - Seed 128: 484, Gain: 0.81, Total: 81.18
2026-03-06 02:00:15,739 - INFO - Seed 129: 464, Gain: 0.46, Total: 81.64
2026-03-06 02:00:31,595 - INFO - Seed 130: 1772, Gain: 0.36, Total: 82.00
2026-03-06 02:01:20,875 - INFO - Seed 131: 237, Gain: 0.41, Total: 82.41
2026-03-06 02:01:53,903 - INFO - Seed 132: 1492, Gain: 0.26, Total: 82.67
2026-03-06 02:02:57,756 - INFO - Seed 133: 140, Gain: 0.55, Total: 83.22
2026-03-06 02:03:49,097 - INFO - Seed 134: 448, Gain: 0.75, Total: 83.97
2026-03-06 02:04:27,930 - INFO - Seed 135: 772, Gain: 0.73, Total: 84.70
2026-03-06 02:04:30,560 - INFO - Seed 136: 359, Gain: 0.27, Total: 84.97
2026-03-06 02:04:51,639 - INFO - Seed 137: 984, Gain: 0.23, Total: 85.20
2026-03-06 02:04:54,261 - INFO - Seed 138: 635, Gain: 1.02, Total: 86.22
2026-03-06 02:04:56,872 - INFO - Seed 139: 883, Gain: 0.12, Total: 86.34
2026-03-06 02:05:13,065 - INFO - Seed 140: 1033, Gain: 0.96, Total: 87.30
2026-03-06 02:05:26,577 - INFO - Seed 141: 877, Gain: 0.19, Total: 87.49
2026-03-06 02:05:29,323 - INFO - Seed 142: 1213, Gain: 0.88, Total: 88.37
2026-03-06 02:05:32,124 - INFO - Seed 143: 370, Gain: 0.34, Total: 88.71
2026-03-06 02:05:34,900 - INFO - Seed 144: 911, Gain: 0.18, Total: 88.89
2026-03-06 02:05:37,690 - INFO - Seed 145: 746, Gain: 0.11, Total: 89.00
2026-03-06 02:05:40,517 - INFO - Seed 146: 512, Gain: 1.26, Total: 90.26
2026-03-06 02:05:54,610 - INFO - Seed 147: 333, Gain: 0.36, Total: 90.62
2026-03-06 02:05:57,478 - INFO - Seed 148: 1077, Gain: 0.98, Total: 91.60
2026-03-06 02:06:03,260 - INFO - Seed 149: 8, Gain: 0.45, Total: 92.05
2026-03-06 02:06:08,999 - INFO - Seed 150: 305, Gain: 0.31, Total: 92.36
2026-03-06 02:06:08,999 - INFO - CELF 完成，总耗时: 3393.70s
2026-03-06 02:06:08,999 - INFO - 当前用时 3393.70 秒
2026-03-06 02:06:09,000 - INFO - 将种子集 写入位置: /home/wen/work/coup_spread/genius_graph_2000/2026-3-6/seeds-with-genius_graph_2000/random_monterCarlo_CELF_seedNum-150_SSRNum-50000.txt
2026-03-06 02:06:09,001 - INFO - 评估种子集: None
2026-03-06 02:06:09,001 - INFO - 多进程评估开始，共有 7 个方法待评估...
2026-03-06 02:06:09,001 - INFO - 启动进程池，Worker数量: 7
2026-03-06 02:06:09,223 - INFO - [Process 506310] 开始评估方法: random, 种子数: 150
2026-03-06 02:06:09,367 - INFO - [Process 506311] 开始评估方法: degreeTopM, 种子数: 150
2026-03-06 02:06:09,513 - INFO - [Process 506312] 开始评估方法: pageRank, 种子数: 150
2026-03-06 02:06:09,683 - INFO - [Process 506313] 开始评估方法: alpha_sort, 种子数: 150
2026-03-06 02:06:09,801 - INFO - [alpha_sort - 种子:150] 拉新:59.9人 | 总销量:59.9单 | 品牌曝光:150.0次 | 🌟综合得分:74.9
2026-03-06 02:06:09,824 - INFO - [Process 506314] 开始评估方法: ris_optimized, 种子数: 150
2026-03-06 02:06:09,943 - INFO - [Process 506315] 开始评估方法: ris_naive, 种子数: 150
2026-03-06 02:06:10,093 - INFO - [Process 506316] 开始评估方法: monterCarlo_CELF, 种子数: 150
2026-03-06 02:06:21,836 - INFO - [random - 种子:150] 拉新:84.3人 | 总销量:86.9单 | 品牌曝光:943.9次 | 🌟综合得分:180.0
2026-03-06 02:06:25,652 - INFO - [degreeTopM - 种子:150] 拉新:90.8人 | 总销量:94.9单 | 品牌曝光:1185.7次 | 🌟综合得分:211.4
2026-03-06 02:06:25,877 - INFO - [monterCarlo_CELF - 种子:150] 拉新:93.0人 | 总销量:96.3单 | 品牌曝光:1135.4次 | 🌟综合得分:208.1
2026-03-06 02:06:26,290 - INFO - [pageRank - 种子:150] 拉新:90.8人 | 总销量:95.0单 | 品牌曝光:1181.7次 | 🌟综合得分:211.1
2026-03-06 02:06:26,336 - INFO - [ris_naive - 种子:150] 拉新:93.8人 | 总销量:97.3单 | 品牌曝光:1170.7次 | 🌟综合得分:212.7
2026-03-06 02:06:26,481 - INFO - [ris_optimized - 种子:150] 拉新:94.4人 | 总销量:98.1单 | 品牌曝光:1187.3次 | 🌟综合得分:215.0
2026-03-06 02:06:26,513 - INFO - 所有进程执行完毕，开始写入数据...
2026-03-06 02:06:26,532 - INFO - 成功写入 7 条记录至 /home/wen/work/coup_spread/gzc-impl/results/genius_graph_2000/2026-3-6/random_SSRNum-50000-_seedNum-150_simuTimes-500.csv
2026-03-06 02:06:26,532 - INFO - 保存评估文件至: /home/wen/work/coup_spread/gzc-impl/results/genius_graph_2000/2026-3-6/random_SSRNum-50000-_seedNum-150_simuTimes-500.csv
