2026-01-05 22:26:35,304 - INFO - 加载数据集: network.netscience
2026-01-05 22:26:35,305 - INFO - --- 矩阵分析 ---
2026-01-05 22:26:35,305 - INFO - 节点数 (N): 379
2026-01-05 22:26:35,305 - INFO - 边数 (E): 1828
2026-01-05 22:26:35,305 - INFO - 密度 (Density): 0.01272617 (越小越稀疏)
2026-01-05 22:26:35,305 - INFO - 稀疏度 (Sparsity): 0.98727383 (越接近1越稀疏)
2026-01-05 22:26:35,305 - INFO - 平均度数 (Avg Degree): 4.82
2026-01-05 22:26:35,306 - INFO - 首次生成度相关概率分布 分布类型: 'random'.
2026-01-05 22:26:35,306 - INFO - ===> Generating 'Dirichlet' distributions with alpha=[500, 500, 500]...
2026-01-05 22:26:35,306 - INFO - 保存概率分布 文件位置: /root/pythonspace/data-test/network.netscience/2026-1-6-watch/distribution-in-network.netscience/distribution-random_seedNum-100.pkl
2026-01-05 22:26:35,308 - INFO - 首次生成种子集 random
2026-01-05 22:26:35,308 - INFO - 执行当前算法开始: random
2026-01-05 22:26:35,308 - INFO - 数据集节点总数:  n = 379, m = 100
2026-01-05 22:26:35,308 - INFO - 选择 100  [223, 356, 95, 199, 15, 6, 75, 361, 256, 294, 233, 151, 71, 350, 237, 372, 20, 217, 300, 202, 334, 304, 232, 132, 174, 239, 117, 297, 370, 306, 80, 213, 263, 110, 228, 212, 63, 17, 58, 22, 185, 119, 144, 192, 123, 42, 39, 260, 246, 130, 284, 31, 83, 176, 269, 354, 240, 35, 147, 142, 112, 94, 129, 222, 100, 105, 187, 29, 96, 321, 323, 234, 295, 66, 159, 287, 296, 70, 131, 25, 61, 49, 13, 85, 220, 208, 143, 135, 101, 224, 310, 12, 40, 200, 328, 280, 78, 231, 309, 9]

2026-01-05 22:26:35,308 - INFO - 当前用时 0.00 秒
2026-01-05 22:26:35,308 - INFO - 将种子集 写入位置: /root/pythonspace/data-test/network.netscience/2026-1-6-watch/seeds-with-network.netscience/random_random_seedNum-100_SSRNum-100000.txt
2026-01-05 22:26:35,308 - INFO - 首次生成种子集 degreeTopM
2026-01-05 22:26:35,308 - INFO - 执行当前算法开始: degreeTopM
2026-01-05 22:26:35,308 - INFO - 依据: 选择连接数（度数）最多的节点。
2026-01-05 22:26:35,309 - INFO - 选择的 Top M 节点及其度数:
2026-01-05 22:26:35,309 - INFO - 
2026-01-05 22:26:35,309 - INFO - 当前用时 0.00 秒
2026-01-05 22:26:35,309 - INFO - 将种子集 写入位置: /root/pythonspace/data-test/network.netscience/2026-1-6-watch/seeds-with-network.netscience/random_degreeTopM_seedNum-100_SSRNum-100000.txt
2026-01-05 22:26:35,309 - INFO - 首次生成种子集 pageRank
2026-01-05 22:26:35,309 - INFO - 执行当前算法开始: pageRank
2026-01-05 22:26:35,309 - INFO - --- Running: PageRank (on tranProMatrix) Top M ---
2026-01-05 22:26:35,334 - INFO - Selected PageRank seeds: [58, 3, 4, 119, 72, 5, 142, 106, 53, 219, 189, 107, 13, 41, 187, 7, 44, 92, 94, 173, 62, 95, 167, 96, 118, 75, 8, 123, 235, 234, 113, 180, 217, 11, 0, 76, 232, 124, 233, 46, 20, 140, 329, 52, 156, 87, 362, 122, 268, 74, 126, 81, 252, 249, 250, 295, 14, 320, 204, 201, 267, 209, 127, 188, 258, 259, 200, 178, 193, 216, 162, 163, 225, 69, 280, 40, 42, 286, 198, 369, 247, 283, 15, 16, 28, 29, 63, 18, 19, 261, 265, 266, 269, 270, 210, 293, 146, 227, 54, 184]
2026-01-05 22:26:35,335 - INFO - 当前用时 0.03 秒
2026-01-05 22:26:35,335 - INFO - 将种子集 写入位置: /root/pythonspace/data-test/network.netscience/2026-1-6-watch/seeds-with-network.netscience/random_pageRank_seedNum-100_SSRNum-100000.txt
2026-01-05 22:26:35,335 - INFO - 首次生成种子集 alpha_sort
2026-01-05 22:26:35,335 - INFO - 执行当前算法开始: alpha_sort
2026-01-05 22:26:35,335 - INFO - 379 个节点的alpha值降序排序 done
2026-01-05 22:26:35,335 - INFO - ==============>> [(348, 0.3642592), (204, 0.3624733), (50, 0.3599749), (145, 0.359447), (2, 0.3568827), (131, 0.3568412), (43, 0.3567433), (256, 0.3564419), (189, 0.3564042), (23, 0.3562038)]
2026-01-05 22:26:35,335 - INFO - 
选择的种子集 (按alpha排序): [348, 204, 50, 145, 2, 131, 43, 256, 189, 23, 99, 303, 241, 361, 9, 207, 284, 56, 103, 246, 130, 285, 121, 366, 328, 377, 338, 240, 93, 238, 221, 5, 282, 87, 339, 311, 84, 114, 112, 186, 134, 96, 266, 136, 337, 37, 172, 356, 154, 188, 206, 232, 371, 42, 265, 226, 272, 35, 298, 357, 374, 271, 95, 111, 330, 33, 267, 126, 1, 39, 88, 86, 248, 119, 224, 288, 73, 370, 347, 275, 231, 7, 360, 3, 233, 323, 301, 57, 104, 287, 94, 116, 29, 203, 24, 191, 164, 354, 253, 156]

2026-01-05 22:26:35,336 - INFO - 当前用时 0.00 秒
2026-01-05 22:26:35,336 - INFO - 将种子集 写入位置: /root/pythonspace/data-test/network.netscience/2026-1-6-watch/seeds-with-network.netscience/random_alpha_sort_seedNum-100_SSRNum-100000.txt
2026-01-05 22:26:35,336 - INFO - 首次生成种子集 importance_sort
2026-01-05 22:26:35,336 - INFO - 执行当前算法开始: importance_sort
2026-01-05 22:26:35,378 - INFO - 379 个节点的Importance值降序排序 done
2026-01-05 22:26:35,378 - INFO - 
选择的种子集 (按Importance排序): [2, 9, 5, 1, 7, 3, 8, 4, 6, 10, 348, 204, 50, 145, 131, 43, 256, 189, 23, 99, 303, 241, 361, 207, 284, 56, 103, 246, 130, 285, 121, 366, 328, 377, 338, 240, 93, 238, 221, 282, 87, 339, 311, 84, 114, 112, 186, 134, 96, 266, 136, 337, 37, 172, 356, 154, 188, 206, 232, 371, 42, 265, 226, 272, 35, 298, 357, 374, 271, 95, 111, 330, 33, 267, 126, 39, 88, 86, 248, 119, 224, 288, 73, 370, 347, 275, 231, 360, 233, 323, 301, 57, 104, 287, 94, 116, 29, 203, 24, 191]

2026-01-05 22:26:35,378 - INFO - 当前用时 0.04 秒
2026-01-05 22:26:35,378 - INFO - 将种子集 写入位置: /root/pythonspace/data-test/network.netscience/2026-1-6-watch/seeds-with-network.netscience/random_importance_sort_seedNum-100_SSRNum-100000.txt
2026-01-05 22:26:35,378 - INFO - 首次生成种子集 ris_coverage
2026-01-05 22:26:35,378 - INFO - 执行当前算法开始: ris_coverage
2026-01-05 22:26:35,380 - INFO - 图初始化完成，节点数: 379，CSR 矩阵准备就绪。
2026-01-05 22:26:35,380 - INFO - 
开始生成 100000 组 SSR (并行进程: 8)...
2026-01-05 22:26:52,279 - INFO - 生成完毕。耗时: 16.90 秒。
2026-01-05 22:26:52,280 - INFO - 
开始选择最优种子 (Optimized Greedy) ...
2026-01-05 22:27:03,272 - INFO -   - 券 1/100 选中节点 30, 新增覆盖 429
2026-01-05 22:27:03,279 - INFO -   - 券 2/100 选中节点 231, 新增覆盖 420
2026-01-05 22:27:03,286 - INFO -   - 券 3/100 选中节点 85, 新增覆盖 420
2026-01-05 22:27:03,293 - INFO -   - 券 4/100 选中节点 45, 新增覆盖 396
2026-01-05 22:27:03,301 - INFO -   - 券 5/100 选中节点 281, 新增覆盖 397
2026-01-05 22:27:03,309 - INFO -   - 券 6/100 选中节点 158, 新增覆盖 378
2026-01-05 22:27:03,317 - INFO -   - 券 7/100 选中节点 343, 新增覆盖 397
2026-01-05 22:27:03,325 - INFO -   - 券 8/100 选中节点 37, 新增覆盖 405
2026-01-05 22:27:03,333 - INFO -   - 券 9/100 选中节点 318, 新增覆盖 383
2026-01-05 22:27:03,341 - INFO -   - 券 10/100 选中节点 296, 新增覆盖 373
2026-01-05 22:27:03,350 - INFO -   - 券 11/100 选中节点 22, 新增覆盖 384
2026-01-05 22:27:03,358 - INFO -   - 券 12/100 选中节点 243, 新增覆盖 375
2026-01-05 22:27:03,368 - INFO -   - 券 13/100 选中节点 128, 新增覆盖 374
2026-01-05 22:27:03,377 - INFO -   - 券 14/100 选中节点 199, 新增覆盖 373
2026-01-05 22:27:03,386 - INFO -   - 券 15/100 选中节点 99, 新增覆盖 366
2026-01-05 22:27:03,396 - INFO -   - 券 16/100 选中节点 274, 新增覆盖 380
2026-01-05 22:27:03,406 - INFO -   - 券 17/100 选中节点 177, 新增覆盖 372
2026-01-05 22:27:03,416 - INFO -   - 券 18/100 选中节点 310, 新增覆盖 356
2026-01-05 22:27:03,426 - INFO -   - 券 19/100 选中节点 50, 新增覆盖 387
2026-01-05 22:27:03,436 - INFO -   - 券 20/100 选中节点 256, 新增覆盖 357
2026-01-05 22:27:03,447 - INFO -   - 券 21/100 选中节点 328, 新增覆盖 361
2026-01-05 22:27:03,458 - INFO -   - 券 22/100 选中节点 146, 新增覆盖 354
2026-01-05 22:27:03,469 - INFO -   - 券 23/100 选中节点 67, 新增覆盖 358
2026-01-05 22:27:03,480 - INFO -   - 券 24/100 选中节点 278, 新增覆盖 339
2026-01-05 22:27:03,492 - INFO -   - 券 25/100 选中节点 345, 新增覆盖 364
2026-01-05 22:27:03,504 - INFO -   - 券 26/100 选中节点 282, 新增覆盖 346
2026-01-05 22:27:03,515 - INFO -   - 券 27/100 选中节点 253, 新增覆盖 348
2026-01-05 22:27:03,527 - INFO -   - 券 28/100 选中节点 86, 新增覆盖 347
2026-01-05 22:27:03,538 - INFO -   - 券 29/100 选中节点 179, 新增覆盖 338
2026-01-05 22:27:03,550 - INFO -   - 券 30/100 选中节点 31, 新增覆盖 340
2026-01-05 22:27:03,562 - INFO -   - 券 31/100 选中节点 230, 新增覆盖 333
2026-01-05 22:27:03,575 - INFO -   - 券 32/100 选中节点 48, 新增覆盖 355
2026-01-05 22:27:03,587 - INFO -   - 券 33/100 选中节点 154, 新增覆盖 342
2026-01-05 22:27:03,599 - INFO -   - 券 34/100 选中节点 97, 新增覆盖 353
2026-01-05 22:27:03,612 - INFO -   - 券 35/100 选中节点 64, 新增覆盖 317
2026-01-05 22:27:03,625 - INFO -   - 券 36/100 选中节点 289, 新增覆盖 333
2026-01-05 22:27:03,638 - INFO -   - 券 37/100 选中节点 82, 新增覆盖 338
2026-01-05 22:27:03,651 - INFO -   - 券 38/100 选中节点 194, 新增覆盖 334
2026-01-05 22:27:03,664 - INFO -   - 券 39/100 选中节点 229, 新增覆盖 334
2026-01-05 22:27:03,678 - INFO -   - 券 40/100 选中节点 333, 新增覆盖 332
2026-01-05 22:27:03,691 - INFO -   - 券 41/100 选中节点 361, 新增覆盖 341
2026-01-05 22:27:03,705 - INFO -   - 券 42/100 选中节点 98, 新增覆盖 318
2026-01-05 22:27:03,718 - INFO -   - 券 43/100 选中节点 351, 新增覆盖 321
2026-01-05 22:27:03,732 - INFO -   - 券 44/100 选中节点 314, 新增覆盖 308
2026-01-05 22:27:03,746 - INFO -   - 券 45/100 选中节点 257, 新增覆盖 336
2026-01-05 22:27:03,760 - INFO -   - 券 46/100 选中节点 340, 新增覆盖 313
2026-01-05 22:27:03,774 - INFO -   - 券 47/100 选中节点 353, 新增覆盖 316
2026-01-05 22:27:03,789 - INFO -   - 券 48/100 选中节点 136, 新增覆盖 314
2026-01-05 22:27:03,803 - INFO -   - 券 49/100 选中节点 208, 新增覆盖 313
2026-01-05 22:27:03,817 - INFO -   - 券 50/100 选中节点 292, 新增覆盖 301
2026-01-05 22:27:03,832 - INFO -   - 券 51/100 选中节点 2, 新增覆盖 314
2026-01-05 22:27:03,847 - INFO -   - 券 52/100 选中节点 222, 新增覆盖 301
2026-01-05 22:27:03,862 - INFO -   - 券 53/100 选中节点 348, 新增覆盖 313
2026-01-05 22:27:03,877 - INFO -   - 券 54/100 选中节点 130, 新增覆盖 300
2026-01-05 22:27:03,893 - INFO -   - 券 55/100 选中节点 317, 新增覆盖 325
2026-01-05 22:27:03,909 - INFO -   - 券 56/100 选中节点 151, 新增覆盖 312
2026-01-05 22:27:03,924 - INFO -   - 券 57/100 选中节点 24, 新增覆盖 306
2026-01-05 22:27:03,939 - INFO -   - 券 58/100 选中节点 277, 新增覆盖 292
2026-01-05 22:27:03,954 - INFO -   - 券 59/100 选中节点 239, 新增覆盖 291
2026-01-05 22:27:03,969 - INFO -   - 券 60/100 选中节点 145, 新增覆盖 299
2026-01-05 22:27:03,984 - INFO -   - 券 61/100 选中节点 84, 新增覆盖 293
2026-01-05 22:27:03,999 - INFO -   - 券 62/100 选中节点 371, 新增覆盖 292
2026-01-05 22:27:04,014 - INFO -   - 券 63/100 选中节点 297, 新增覆盖 299
2026-01-05 22:27:04,029 - INFO -   - 券 64/100 选中节点 49, 新增覆盖 290
2026-01-05 22:27:04,044 - INFO -   - 券 65/100 选中节点 237, 新增覆盖 295
2026-01-05 22:27:04,061 - INFO -   - 券 66/100 选中节点 91, 新增覆盖 298
2026-01-05 22:27:04,076 - INFO -   - 券 67/100 选中节点 374, 新增覆盖 301
2026-01-05 22:27:04,093 - INFO -   - 券 68/100 选中节点 191, 新增覆盖 294
2026-01-05 22:27:04,109 - INFO -   - 券 69/100 选中节点 255, 新增覆盖 277
2026-01-05 22:27:04,126 - INFO -   - 券 70/100 选中节点 110, 新增覆盖 285
2026-01-05 22:27:04,142 - INFO -   - 券 71/100 选中节点 186, 新增覆盖 294
2026-01-05 22:27:04,159 - INFO -   - 券 72/100 选中节点 55, 新增覆盖 282
2026-01-05 22:27:04,174 - INFO -   - 券 73/100 选中节点 332, 新增覆盖 267
2026-01-05 22:27:04,191 - INFO -   - 券 74/100 选中节点 71, 新增覆盖 283
2026-01-05 22:27:04,208 - INFO -   - 券 75/100 选中节点 172, 新增覆盖 292
2026-01-05 22:27:04,226 - INFO -   - 券 76/100 选中节点 321, 新增覆盖 285
2026-01-05 22:27:04,244 - INFO -   - 券 77/100 选中节点 39, 新增覆盖 280
2026-01-05 22:27:04,266 - INFO -   - 券 78/100 选中节点 33, 新增覆盖 260
2026-01-05 22:27:04,291 - INFO -   - 券 79/100 选中节点 366, 新增覆盖 269
2026-01-05 22:27:04,311 - INFO -   - 券 80/100 选中节点 260, 新增覆盖 276
2026-01-05 22:27:04,329 - INFO -   - 券 81/100 选中节点 339, 新增覆盖 263
2026-01-05 22:27:04,347 - INFO -   - 券 82/100 选中节点 378, 新增覆盖 264
2026-01-05 22:27:04,367 - INFO -   - 券 83/100 选中节点 103, 新增覆盖 269
2026-01-05 22:27:04,386 - INFO -   - 券 84/100 选中节点 344, 新增覆盖 260
2026-01-05 22:27:04,405 - INFO -   - 券 85/100 选中节点 175, 新增覆盖 259
2026-01-05 22:27:04,425 - INFO -   - 券 86/100 选中节点 132, 新增覆盖 274
2026-01-05 22:27:04,444 - INFO -   - 券 87/100 选中节点 10, 新增覆盖 268
2026-01-05 22:27:04,462 - INFO -   - 券 88/100 选中节点 272, 新增覆盖 268
2026-01-05 22:27:04,483 - INFO -   - 券 89/100 选中节点 61, 新增覆盖 253
2026-01-05 22:27:04,502 - INFO -   - 券 90/100 选中节点 254, 新增覆盖 263
2026-01-05 22:27:04,523 - INFO -   - 券 91/100 选中节点 325, 新增覆盖 251
2026-01-05 22:27:04,544 - INFO -   - 券 92/100 选中节点 224, 新增覆盖 272
2026-01-05 22:27:04,565 - INFO -   - 券 93/100 选中节点 350, 新增覆盖 265
2026-01-05 22:27:04,585 - INFO -   - 券 94/100 选中节点 51, 新增覆盖 260
2026-01-05 22:27:04,606 - INFO -   - 券 95/100 选中节点 165, 新增覆盖 269
2026-01-05 22:27:04,626 - INFO -   - 券 96/100 选中节点 112, 新增覆盖 257
2026-01-05 22:27:04,646 - INFO -   - 券 97/100 选中节点 79, 新增覆盖 256
2026-01-05 22:27:04,667 - INFO -   - 券 98/100 选中节点 190, 新增覆盖 253
2026-01-05 22:27:04,688 - INFO -   - 券 99/100 选中节点 316, 新增覆盖 251
2026-01-05 22:27:04,708 - INFO -   - 券 100/100 选中节点 290, 新增覆盖 257
2026-01-05 22:27:04,708 - INFO - 选种完毕。耗时: 12.43 秒。
2026-01-05 22:27:04,887 - INFO - 最终选择的种子集: [30, 231, 85, 45, 281, 158, 343, 37, 318, 296, 22, 243, 128, 199, 99, 274, 177, 310, 50, 256, 328, 146, 67, 278, 345, 282, 253, 86, 179, 31, 230, 48, 154, 97, 64, 289, 82, 194, 229, 333, 361, 98, 351, 314, 257, 340, 353, 136, 208, 292, 2, 222, 348, 130, 317, 151, 24, 277, 239, 145, 84, 371, 297, 49, 237, 91, 374, 191, 255, 110, 186, 55, 332, 71, 172, 321, 39, 33, 366, 260, 339, 378, 103, 344, 175, 132, 10, 272, 61, 254, 325, 224, 350, 51, 165, 112, 79, 190, 316, 290]

2026-01-05 22:27:05,764 - INFO - 当前用时 30.39 秒
2026-01-05 22:27:05,765 - INFO - 将种子集 写入位置: /root/pythonspace/data-test/network.netscience/2026-1-6-watch/seeds-with-network.netscience/random_ris_coverage_seedNum-100_SSRNum-100000.txt
2026-01-05 22:27:05,765 - INFO - 评估种子集: None
2026-01-05 22:27:05,765 - INFO - 多进程评估开始，共有 6 个方法待评估...
2026-01-05 22:27:05,765 - INFO - 启动进程池，Worker数量: 6
2026-01-05 22:27:05,806 - INFO - [Process 9348] 开始评估方法: random, 种子数: 100
2026-01-05 22:27:05,807 - INFO - [Process 9349] 开始评估方法: degreeTopM, 种子数: 100
2026-01-05 22:27:05,810 - INFO - [Process 9350] 开始评估方法: pageRank, 种子数: 100
2026-01-05 22:27:05,813 - INFO - [Process 9351] 开始评估方法: alpha_sort, 种子数: 100
2026-01-05 22:27:05,815 - INFO - [Process 9352] 开始评估方法: importance_sort, 种子数: 100
2026-01-05 22:27:05,817 - INFO - [Process 9353] 开始评估方法: ris_coverage, 种子数: 100
2026-01-05 22:27:06,370 - INFO - [Process 9352] importance_sort - 500 sims 完成: E=48.34
2026-01-05 22:27:06,371 - INFO - [Process 9351] alpha_sort - 500 sims 完成: E=48.33
2026-01-05 22:27:06,377 - INFO - [Process 9349] degreeTopM - 500 sims 完成: E=46.16
2026-01-05 22:27:06,379 - INFO - [Process 9348] random - 500 sims 完成: E=47.63
2026-01-05 22:27:06,388 - INFO - [Process 9350] pageRank - 500 sims 完成: E=46.79
2026-01-05 22:27:06,391 - INFO - [Process 9353] ris_coverage - 500 sims 完成: E=49.05
2026-01-05 22:27:06,406 - INFO - 所有进程执行完毕，开始写入数据...
2026-01-05 22:27:06,412 - INFO - 成功写入 6 条记录至 /root/pythonspace/data-test/network.netscience/2026-1-6-watch/E-activated-network.netscience/distribution-random/simuTimes-500_random-dirichlet-[500, 500, 500]_rrNumSamples-100000.csv
2026-01-05 22:27:06,412 - INFO - 保存评估文件至: /root/pythonspace/data-test/network.netscience/2026-1-6-watch/E-activated-network.netscience/distribution-random/simuTimes-500_random-dirichlet-[500, 500, 500]_rrNumSamples-100000.csv
2026-01-05 22:27:06,415 - INFO - 加载数据集: network.netscience
2026-01-05 22:27:06,415 - INFO - --- 矩阵分析 ---
2026-01-05 22:27:06,415 - INFO - 节点数 (N): 379
2026-01-05 22:27:06,415 - INFO - 边数 (E): 1828
2026-01-05 22:27:06,415 - INFO - 密度 (Density): 0.01272617 (越小越稀疏)
2026-01-05 22:27:06,415 - INFO - 稀疏度 (Sparsity): 0.98727383 (越接近1越稀疏)
2026-01-05 22:27:06,415 - INFO - 平均度数 (Avg Degree): 4.82
2026-01-05 22:27:06,416 - INFO - 首次生成度相关概率分布 分布类型: 'random'.
2026-01-05 22:27:06,416 - INFO - ===> Generating 'Dirichlet' distributions with alpha=[500, 500, 500]...
2026-01-05 22:27:06,416 - INFO - 保存概率分布 文件位置: /root/pythonspace/data-test/network.netscience/2026-1-6-watch/distribution-in-network.netscience/distribution-random_seedNum-200.pkl
2026-01-05 22:27:06,418 - INFO - 首次生成种子集 random
2026-01-05 22:27:06,418 - INFO - 执行当前算法开始: random
2026-01-05 22:27:06,418 - INFO - 数据集节点总数:  n = 379, m = 200
2026-01-05 22:27:06,419 - INFO - 选择 200  [308, 165, 193, 0, 375, 123, 215, 250, 122, 13, 315, 237, 218, 79, 56, 223, 268, 290, 31, 378, 147, 73, 362, 220, 244, 253, 212, 24, 275, 185, 149, 134, 44, 339, 214, 296, 286, 224, 106, 101, 69, 84, 96, 50, 278, 119, 47, 100, 112, 77, 264, 177, 132, 241, 359, 246, 131, 109, 255, 68, 72, 67, 176, 371, 21, 36, 256, 49, 351, 64, 38, 301, 267, 247, 328, 8, 17, 133, 332, 148, 287, 87, 334, 28, 331, 235, 209, 355, 254, 158, 316, 57, 273, 92, 76, 186, 55, 257, 145, 322, 374, 78, 66, 80, 304, 262, 190, 204, 205, 195, 156, 116, 61, 266, 102, 289, 198, 321, 230, 350, 333, 160, 354, 191, 187, 188, 27, 277, 184, 279, 139, 16, 323, 376, 222, 10, 303, 48, 169, 88, 363, 368, 19, 337, 269, 150, 252, 39, 344, 124, 178, 65, 127, 110, 285, 369, 349, 18, 108, 307, 97, 85, 9, 352, 35, 280, 183, 168, 319, 82, 232, 234, 327, 137, 11, 299, 236, 115, 86, 75, 136, 157, 71, 1, 300, 284, 161, 94, 125, 372, 353, 30, 229, 189, 167, 210, 104, 219, 152, 63]

2026-01-05 22:27:06,419 - INFO - 当前用时 0.00 秒
2026-01-05 22:27:06,419 - INFO - 将种子集 写入位置: /root/pythonspace/data-test/network.netscience/2026-1-6-watch/seeds-with-network.netscience/random_random_seedNum-200_SSRNum-100000.txt
2026-01-05 22:27:06,419 - INFO - 首次生成种子集 degreeTopM
2026-01-05 22:27:06,419 - INFO - 执行当前算法开始: degreeTopM
2026-01-05 22:27:06,419 - INFO - 依据: 选择连接数（度数）最多的节点。
2026-01-05 22:27:06,420 - INFO - 选择的 Top M 节点及其度数:
2026-01-05 22:27:06,420 - INFO - 
2026-01-05 22:27:06,420 - INFO - 当前用时 0.00 秒
2026-01-05 22:27:06,420 - INFO - 将种子集 写入位置: /root/pythonspace/data-test/network.netscience/2026-1-6-watch/seeds-with-network.netscience/random_degreeTopM_seedNum-200_SSRNum-100000.txt
2026-01-05 22:27:06,420 - INFO - 首次生成种子集 pageRank
2026-01-05 22:27:06,420 - INFO - 执行当前算法开始: pageRank
2026-01-05 22:27:06,421 - INFO - --- Running: PageRank (on tranProMatrix) Top M ---
2026-01-05 22:27:06,431 - INFO - Selected PageRank seeds: [58, 3, 4, 119, 72, 5, 142, 106, 53, 219, 189, 107, 13, 41, 187, 7, 44, 92, 94, 173, 62, 95, 167, 96, 118, 75, 8, 123, 235, 234, 113, 180, 217, 11, 0, 76, 232, 124, 233, 46, 20, 140, 329, 52, 156, 87, 362, 122, 268, 74, 126, 81, 252, 249, 250, 295, 14, 320, 204, 201, 267, 209, 127, 188, 258, 259, 200, 178, 193, 216, 162, 163, 225, 69, 280, 40, 42, 286, 198, 369, 247, 283, 15, 16, 28, 29, 63, 18, 19, 261, 265, 266, 269, 270, 210, 293, 146, 227, 54, 184, 166, 294, 120, 238, 239, 240, 241, 346, 347, 354, 43, 98, 155, 220, 161, 100, 101, 205, 206, 207, 221, 298, 299, 300, 301, 302, 59, 260, 262, 263, 168, 88, 9, 144, 112, 246, 248, 251, 253, 86, 327, 331, 341, 73, 271, 211, 212, 169, 170, 171, 172, 335, 202, 304, 305, 306, 307, 357, 358, 359, 77, 222, 370, 223, 338, 21, 349, 350, 121, 284, 285, 105, 360, 361, 363, 364, 375, 376, 377, 378, 56, 57, 308, 102, 182, 183, 65, 66, 322, 323, 324, 365, 366, 367, 368, 32, 33, 174, 175, 176]
2026-01-05 22:27:06,431 - INFO - 当前用时 0.01 秒
2026-01-05 22:27:06,431 - INFO - 将种子集 写入位置: /root/pythonspace/data-test/network.netscience/2026-1-6-watch/seeds-with-network.netscience/random_pageRank_seedNum-200_SSRNum-100000.txt
2026-01-05 22:27:06,432 - INFO - 首次生成种子集 alpha_sort
2026-01-05 22:27:06,432 - INFO - 执行当前算法开始: alpha_sort
2026-01-05 22:27:06,432 - INFO - 379 个节点的alpha值降序排序 done
2026-01-05 22:27:06,432 - INFO - ==============>> [(256, 0.3667478), (163, 0.36443), (344, 0.3642484), (129, 0.3635156), (330, 0.3626084), (38, 0.3617966), (53, 0.3591208), (332, 0.3578368), (339, 0.3576308), (324, 0.3576214)]
2026-01-05 22:27:06,432 - INFO - 
选择的种子集 (按alpha排序): [256, 163, 344, 129, 330, 38, 53, 332, 339, 324, 145, 309, 295, 272, 331, 291, 99, 365, 124, 377, 363, 238, 180, 134, 218, 358, 334, 103, 76, 116, 19, 271, 185, 89, 183, 174, 328, 205, 292, 91, 43, 319, 222, 140, 120, 231, 184, 107, 74, 279, 104, 144, 204, 33, 20, 293, 17, 141, 212, 353, 151, 1, 93, 258, 79, 347, 14, 260, 370, 289, 167, 226, 97, 135, 342, 88, 280, 378, 47, 137, 367, 30, 114, 219, 170, 366, 49, 224, 203, 228, 94, 336, 42, 81, 9, 281, 64, 110, 314, 326, 235, 225, 318, 312, 67, 4, 44, 162, 206, 139, 24, 18, 146, 198, 87, 72, 68, 338, 192, 26, 262, 130, 111, 128, 113, 106, 189, 245, 362, 117, 195, 168, 119, 172, 241, 191, 207, 22, 193, 176, 308, 50, 66, 233, 86, 310, 329, 307, 208, 41, 286, 351, 369, 133, 317, 152, 62, 166, 325, 196, 237, 105, 243, 60, 181, 246, 126, 323, 46, 221, 127, 375, 102, 194, 316, 209, 121, 297, 108, 301, 349, 125, 73, 299, 298, 352, 21, 63, 251, 341, 346, 25, 132, 284, 112, 371, 343, 202, 171, 69]

2026-01-05 22:27:06,432 - INFO - 当前用时 0.00 秒
2026-01-05 22:27:06,432 - INFO - 将种子集 写入位置: /root/pythonspace/data-test/network.netscience/2026-1-6-watch/seeds-with-network.netscience/random_alpha_sort_seedNum-200_SSRNum-100000.txt
2026-01-05 22:27:06,432 - INFO - 首次生成种子集 importance_sort
2026-01-05 22:27:06,432 - INFO - 执行当前算法开始: importance_sort
2026-01-05 22:27:06,475 - INFO - 379 个节点的Importance值降序排序 done
2026-01-05 22:27:06,475 - INFO - 
选择的种子集 (按Importance排序): [1, 9, 4, 6, 8, 2, 7, 5, 3, 10, 256, 163, 344, 129, 330, 38, 53, 332, 339, 324, 145, 309, 295, 272, 331, 291, 99, 365, 124, 377, 363, 238, 180, 134, 218, 358, 334, 103, 76, 116, 19, 271, 185, 89, 183, 174, 328, 205, 292, 91, 43, 319, 222, 140, 120, 231, 184, 107, 74, 279, 104, 144, 204, 33, 20, 293, 17, 141, 212, 353, 151, 93, 258, 79, 347, 14, 260, 370, 289, 167, 226, 97, 135, 342, 88, 280, 378, 47, 137, 367, 30, 114, 219, 170, 366, 49, 224, 203, 228, 94, 336, 42, 81, 281, 64, 110, 314, 326, 235, 225, 318, 312, 67, 44, 162, 206, 139, 24, 18, 146, 198, 87, 72, 68, 338, 192, 26, 262, 130, 111, 128, 113, 106, 189, 245, 362, 117, 195, 168, 119, 172, 241, 191, 207, 22, 193, 176, 308, 50, 66, 233, 86, 310, 329, 307, 208, 41, 286, 351, 369, 133, 317, 152, 62, 166, 325, 196, 237, 105, 243, 60, 181, 246, 126, 323, 46, 221, 127, 375, 102, 194, 316, 209, 121, 297, 108, 301, 349, 125, 73, 299, 298, 352, 21, 63, 251, 341, 346, 25, 132]

2026-01-05 22:27:06,475 - INFO - 当前用时 0.04 秒
2026-01-05 22:27:06,475 - INFO - 将种子集 写入位置: /root/pythonspace/data-test/network.netscience/2026-1-6-watch/seeds-with-network.netscience/random_importance_sort_seedNum-200_SSRNum-100000.txt
2026-01-05 22:27:06,475 - INFO - 首次生成种子集 ris_coverage
2026-01-05 22:27:06,475 - INFO - 执行当前算法开始: ris_coverage
2026-01-05 22:27:06,477 - INFO - 图初始化完成，节点数: 379，CSR 矩阵准备就绪。
2026-01-05 22:27:06,477 - INFO - 
开始生成 100000 组 SSR (并行进程: 8)...
2026-01-05 22:27:39,731 - INFO - 生成完毕。耗时: 33.25 秒。
2026-01-05 22:27:39,732 - INFO - 
开始选择最优种子 (Optimized Greedy) ...
2026-01-05 22:28:09,438 - INFO -   - 券 1/200 选中节点 45, 新增覆盖 404
2026-01-05 22:28:09,446 - INFO -   - 券 2/200 选中节点 6, 新增覆盖 418
2026-01-05 22:28:09,453 - INFO -   - 券 3/200 选中节点 343, 新增覆盖 403
2026-01-05 22:28:09,460 - INFO -   - 券 4/200 选中节点 231, 新增覆盖 421
2026-01-05 22:28:09,467 - INFO -   - 券 5/200 选中节点 22, 新增覆盖 388
2026-01-05 22:28:09,475 - INFO -   - 券 6/200 选中节点 85, 新增覆盖 393
2026-01-05 22:28:09,482 - INFO -   - 券 7/200 选中节点 97, 新增覆盖 389
2026-01-05 22:28:09,490 - INFO -   - 券 8/200 选中节点 281, 新增覆盖 391
2026-01-05 22:28:09,498 - INFO -   - 券 9/200 选中节点 289, 新增覆盖 380
2026-01-05 22:28:09,506 - INFO -   - 券 10/200 选中节点 158, 新增覆盖 394
2026-01-05 22:28:09,515 - INFO -   - 券 11/200 选中节点 371, 新增覆盖 377
2026-01-05 22:28:09,524 - INFO -   - 券 12/200 选中节点 240, 新增覆盖 379
2026-01-05 22:28:09,533 - INFO -   - 券 13/200 选中节点 278, 新增覆盖 383
2026-01-05 22:28:09,542 - INFO -   - 券 14/200 选中节点 30, 新增覆盖 371
2026-01-05 22:28:09,551 - INFO -   - 券 15/200 选中节点 296, 新增覆盖 389
2026-01-05 22:28:09,560 - INFO -   - 券 16/200 选中节点 179, 新增覆盖 365
2026-01-05 22:28:09,569 - INFO -   - 券 17/200 选中节点 64, 新增覆盖 383
2026-01-05 22:28:09,579 - INFO -   - 券 18/200 选中节点 310, 新增覆盖 367
2026-01-05 22:28:09,588 - INFO -   - 券 19/200 选中节点 351, 新增覆盖 357
2026-01-05 22:28:09,598 - INFO -   - 券 20/200 选中节点 31, 新增覆盖 354
2026-01-05 22:28:09,608 - INFO -   - 券 21/200 选中节点 67, 新增覆盖 355
2026-01-05 22:28:09,618 - INFO -   - 券 22/200 选中节点 257, 新增覆盖 346
2026-01-05 22:28:09,628 - INFO -   - 券 23/200 选中节点 28, 新增覆盖 340
2026-01-05 22:28:09,639 - INFO -   - 券 24/200 选中节点 194, 新增覆盖 362
2026-01-05 22:28:09,650 - INFO -   - 券 25/200 选中节点 151, 新增覆盖 355
2026-01-05 22:28:09,661 - INFO -   - 券 26/200 选中节点 222, 新增覆盖 338
2026-01-05 22:28:09,671 - INFO -   - 券 27/200 选中节点 136, 新增覆盖 347
2026-01-05 22:28:09,681 - INFO -   - 券 28/200 选中节点 50, 新增覆盖 348
2026-01-05 22:28:09,691 - INFO -   - 券 29/200 选中节点 146, 新增覆盖 335
2026-01-05 22:28:09,702 - INFO -   - 券 30/200 选中节点 274, 新增覆盖 337
2026-01-05 22:28:09,713 - INFO -   - 券 31/200 选中节点 99, 新增覆盖 341
2026-01-05 22:28:09,724 - INFO -   - 券 32/200 选中节点 254, 新增覆盖 336
2026-01-05 22:28:09,735 - INFO -   - 券 33/200 选中节点 229, 新增覆盖 327
2026-01-05 22:28:09,746 - INFO -   - 券 34/200 选中节点 344, 新增覆盖 332
2026-01-05 22:28:09,758 - INFO -   - 券 35/200 选中节点 256, 新增覆盖 322
2026-01-05 22:28:09,770 - INFO -   - 券 36/200 选中节点 321, 新增覆盖 328
2026-01-05 22:28:09,782 - INFO -   - 券 37/200 选中节点 236, 新增覆盖 348
2026-01-05 22:28:09,794 - INFO -   - 券 38/200 选中节点 135, 新增覆盖 317
2026-01-05 22:28:09,806 - INFO -   - 券 39/200 选中节点 328, 新增覆盖 326
2026-01-05 22:28:09,818 - INFO -   - 券 40/200 选中节点 361, 新增覆盖 312
2026-01-05 22:28:09,830 - INFO -   - 券 41/200 选中节点 91, 新增覆盖 323
2026-01-05 22:28:09,843 - INFO -   - 券 42/200 选中节点 154, 新增覆盖 329
2026-01-05 22:28:09,855 - INFO -   - 券 43/200 选中节点 169, 新增覆盖 325
2026-01-05 22:28:09,868 - INFO -   - 券 44/200 选中节点 333, 新增覆盖 345
2026-01-05 22:28:09,881 - INFO -   - 券 45/200 选中节点 317, 新增覆盖 310
2026-01-05 22:28:09,894 - INFO -   - 券 46/200 选中节点 199, 新增覆盖 321
2026-01-05 22:28:09,908 - INFO -   - 券 47/200 选中节点 49, 新增覆盖 320
2026-01-05 22:28:09,922 - INFO -   - 券 48/200 选中节点 230, 新增覆盖 303
2026-01-05 22:28:09,935 - INFO -   - 券 49/200 选中节点 186, 新增覆盖 311
2026-01-05 22:28:09,950 - INFO -   - 券 50/200 选中节点 208, 新增覆盖 324
2026-01-05 22:28:09,964 - INFO -   - 券 51/200 选中节点 314, 新增覆盖 322
2026-01-05 22:28:09,978 - INFO -   - 券 52/200 选中节点 282, 新增覆盖 305
2026-01-05 22:28:09,992 - INFO -   - 券 53/200 选中节点 342, 新增覆盖 311
2026-01-05 22:28:10,006 - INFO -   - 券 54/200 选中节点 373, 新增覆盖 295
2026-01-05 22:28:10,023 - INFO -   - 券 55/200 选中节点 203, 新增覆盖 322
2026-01-05 22:28:10,043 - INFO -   - 券 56/200 选中节点 10, 新增覆盖 317
2026-01-05 22:28:10,062 - INFO -   - 券 57/200 选中节点 191, 新增覆盖 288
2026-01-05 22:28:10,077 - INFO -   - 券 58/200 选中节点 368, 新增覆盖 292
2026-01-05 22:28:10,092 - INFO -   - 券 59/200 选中节点 273, 新增覆盖 286
2026-01-05 22:28:10,107 - INFO -   - 券 60/200 选中节点 100, 新增覆盖 302
2026-01-05 22:28:10,122 - INFO -   - 券 61/200 选中节点 90, 新增覆盖 285
2026-01-05 22:28:10,138 - INFO -   - 券 62/200 选中节点 243, 新增覆盖 288
2026-01-05 22:28:10,153 - INFO -   - 券 63/200 选中节点 80, 新增覆盖 311
2026-01-05 22:28:10,169 - INFO -   - 券 64/200 选中节点 55, 新增覆盖 291
2026-01-05 22:28:10,185 - INFO -   - 券 65/200 选中节点 148, 新增覆盖 281
2026-01-05 22:28:10,201 - INFO -   - 券 66/200 选中节点 168, 新增覆盖 292
2026-01-05 22:28:10,217 - INFO -   - 券 67/200 选中节点 350, 新增覆盖 282
2026-01-05 22:28:10,233 - INFO -   - 券 68/200 选中节点 374, 新增覆盖 291
2026-01-05 22:28:10,249 - INFO -   - 券 69/200 选中节点 297, 新增覆盖 289
2026-01-05 22:28:10,266 - INFO -   - 券 70/200 选中节点 228, 新增覆盖 280
2026-01-05 22:28:10,282 - INFO -   - 券 71/200 选中节点 84, 新增覆盖 281
2026-01-05 22:28:10,297 - INFO -   - 券 72/200 选中节点 319, 新增覆盖 280
2026-01-05 22:28:10,314 - INFO -   - 券 73/200 选中节点 312, 新增覆盖 288
2026-01-05 22:28:10,331 - INFO -   - 券 74/200 选中节点 110, 新增覆盖 280
2026-01-05 22:28:10,347 - INFO -   - 券 75/200 选中节点 352, 新增覆盖 271
2026-01-05 22:28:10,364 - INFO -   - 券 76/200 选中节点 253, 新增覆盖 279
2026-01-05 22:28:10,381 - INFO -   - 券 77/200 选中节点 132, 新增覆盖 295
2026-01-05 22:28:10,398 - INFO -   - 券 78/200 选中节点 245, 新增覆盖 282
2026-01-05 22:28:10,414 - INFO -   - 券 79/200 选中节点 301, 新增覆盖 279
2026-01-05 22:28:10,430 - INFO -   - 券 80/200 选中节点 213, 新增覆盖 296
2026-01-05 22:28:10,448 - INFO -   - 券 81/200 选中节点 34, 新增覆盖 261
2026-01-05 22:28:10,465 - INFO -   - 券 82/200 选中节点 141, 新增覆盖 267
2026-01-05 22:28:10,484 - INFO -   - 券 83/200 选中节点 370, 新增覆盖 262
2026-01-05 22:28:10,502 - INFO -   - 券 84/200 选中节点 37, 新增覆盖 272
2026-01-05 22:28:10,520 - INFO -   - 券 85/200 选中节点 223, 新增覆盖 265
2026-01-05 22:28:10,538 - INFO -   - 券 86/200 选中节点 324, 新增覆盖 257
2026-01-05 22:28:10,557 - INFO -   - 券 87/200 选中节点 221, 新增覆盖 256
2026-01-05 22:28:10,575 - INFO -   - 券 88/200 选中节点 291, 新增覆盖 265
2026-01-05 22:28:10,592 - INFO -   - 券 89/200 选中节点 128, 新增覆盖 261
2026-01-05 22:28:10,610 - INFO -   - 券 90/200 选中节点 2, 新增覆盖 265
2026-01-05 22:28:10,629 - INFO -   - 券 91/200 选中节点 170, 新增覆盖 258
2026-01-05 22:28:10,648 - INFO -   - 券 92/200 选中节点 197, 新增覆盖 263
2026-01-05 22:28:10,667 - INFO -   - 券 93/200 选中节点 51, 新增覆盖 255
2026-01-05 22:28:10,685 - INFO -   - 券 94/200 选中节点 353, 新增覆盖 246
2026-01-05 22:28:10,703 - INFO -   - 券 95/200 选中节点 264, 新增覆盖 259
2026-01-05 22:28:10,721 - INFO -   - 券 96/200 选中节点 71, 新增覆盖 259
2026-01-05 22:28:10,741 - INFO -   - 券 97/200 选中节点 348, 新增覆盖 275
2026-01-05 22:28:10,760 - INFO -   - 券 98/200 选中节点 377, 新增覆盖 249
2026-01-05 22:28:10,780 - INFO -   - 券 99/200 选中节点 206, 新增覆盖 262
2026-01-05 22:28:10,798 - INFO -   - 券 100/200 选中节点 313, 新增覆盖 261
2026-01-05 22:28:10,818 - INFO -   - 券 101/200 选中节点 277, 新增覆盖 272
2026-01-05 22:28:10,837 - INFO -   - 券 102/200 选中节点 185, 新增覆盖 252
2026-01-05 22:28:10,857 - INFO -   - 券 103/200 选中节点 48, 新增覆盖 243
2026-01-05 22:28:10,877 - INFO -   - 券 104/200 选中节点 279, 新增覆盖 252
2026-01-05 22:28:10,897 - INFO -   - 券 105/200 选中节点 104, 新增覆盖 254
2026-01-05 22:28:10,917 - INFO -   - 券 106/200 选中节点 364, 新增覆盖 256
2026-01-05 22:28:10,936 - INFO -   - 券 107/200 选中节点 165, 新增覆盖 260
2026-01-05 22:28:10,958 - INFO -   - 券 108/200 选中节点 330, 新增覆盖 254
2026-01-05 22:28:10,979 - INFO -   - 券 109/200 选中节点 145, 新增覆盖 248
2026-01-05 22:28:10,999 - INFO -   - 券 110/200 选中节点 345, 新增覆盖 257
2026-01-05 22:28:11,021 - INFO -   - 券 111/200 选中节点 248, 新增覆盖 254
2026-01-05 22:28:11,042 - INFO -   - 券 112/200 选中节点 326, 新增覆盖 245
2026-01-05 22:28:11,062 - INFO -   - 券 113/200 选中节点 177, 新增覆盖 248
2026-01-05 22:28:11,084 - INFO -   - 券 114/200 选中节点 93, 新增覆盖 243
2026-01-05 22:28:11,106 - INFO -   - 券 115/200 选中节点 27, 新增覆盖 246
2026-01-05 22:28:11,128 - INFO -   - 券 116/200 选中节点 39, 新增覆盖 235
2026-01-05 22:28:11,150 - INFO -   - 券 117/200 选中节点 357, 新增覆盖 221
2026-01-05 22:28:11,173 - INFO -   - 券 118/200 选中节点 304, 新增覆盖 251
2026-01-05 22:28:11,194 - INFO -   - 券 119/200 选中节点 309, 新增覆盖 247
2026-01-05 22:28:11,215 - INFO -   - 券 120/200 选中节点 272, 新增覆盖 235
2026-01-05 22:28:11,237 - INFO -   - 券 121/200 选中节点 214, 新增覆盖 227
2026-01-05 22:28:11,259 - INFO -   - 券 122/200 选中节点 133, 新增覆盖 225
2026-01-05 22:28:11,281 - INFO -   - 券 123/200 选中节点 61, 新增覆盖 233
2026-01-05 22:28:11,311 - INFO -   - 券 124/200 选中节点 318, 新增覆盖 235
2026-01-05 22:28:11,339 - INFO -   - 券 125/200 选中节点 287, 新增覆盖 219
2026-01-05 22:28:11,364 - INFO -   - 券 126/200 选中节点 315, 新增覆盖 236
2026-01-05 22:28:11,388 - INFO -   - 券 127/200 选中节点 334, 新增覆盖 238
2026-01-05 22:28:11,413 - INFO -   - 券 128/200 选中节点 262, 新增覆盖 217
2026-01-05 22:28:11,437 - INFO -   - 券 129/200 选中节点 339, 新增覆盖 222
2026-01-05 22:28:11,461 - INFO -   - 券 130/200 选中节点 35, 新增覆盖 223
2026-01-05 22:28:11,484 - INFO -   - 券 131/200 选中节点 302, 新增覆盖 232
2026-01-05 22:28:11,509 - INFO -   - 券 132/200 选中节点 218, 新增覆盖 219
2026-01-05 22:28:11,534 - INFO -   - 券 133/200 选中节点 83, 新增覆盖 229
2026-01-05 22:28:11,556 - INFO -   - 券 134/200 选中节点 164, 新增覆盖 233
2026-01-05 22:28:11,581 - INFO -   - 券 135/200 选中节点 224, 新增覆盖 229
2026-01-05 22:28:11,604 - INFO -   - 券 136/200 选中节点 115, 新增覆盖 226
2026-01-05 22:28:11,627 - INFO -   - 券 137/200 选中节点 176, 新增覆盖 229
2026-01-05 22:28:11,649 - INFO -   - 券 138/200 选中节点 196, 新增覆盖 218
2026-01-05 22:28:11,672 - INFO -   - 券 139/200 选中节点 237, 新增覆盖 222
2026-01-05 22:28:11,696 - INFO -   - 券 140/200 选中节点 292, 新增覆盖 220
2026-01-05 22:28:11,719 - INFO -   - 券 141/200 选中节点 356, 新增覆盖 214
2026-01-05 22:28:11,743 - INFO -   - 券 142/200 选中节点 207, 新增覆盖 208
2026-01-05 22:28:11,766 - INFO -   - 券 143/200 选中节点 129, 新增覆盖 215
2026-01-05 22:28:11,790 - INFO -   - 券 144/200 选中节点 323, 新增覆盖 204
2026-01-05 22:28:11,815 - INFO -   - 券 145/200 选中节点 181, 新增覆盖 213
2026-01-05 22:28:11,841 - INFO -   - 券 146/200 选中节点 32, 新增覆盖 211
2026-01-05 22:28:11,866 - INFO -   - 券 147/200 选中节点 152, 新增覆盖 217
2026-01-05 22:28:11,889 - INFO -   - 券 148/200 选中节点 108, 新增覆盖 219
2026-01-05 22:28:11,912 - INFO -   - 券 149/200 选中节点 367, 新增覆盖 216
2026-01-05 22:28:11,936 - INFO -   - 券 150/200 选中节点 269, 新增覆盖 209
2026-01-05 22:28:11,961 - INFO -   - 券 151/200 选中节点 372, 新增覆盖 210
2026-01-05 22:28:11,985 - INFO -   - 券 152/200 选中节点 24, 新增覆盖 193
2026-01-05 22:28:12,008 - INFO -   - 券 153/200 选中节点 68, 新增覆盖 197
2026-01-05 22:28:12,032 - INFO -   - 券 154/200 选中节点 121, 新增覆盖 198
2026-01-05 22:28:12,056 - INFO -   - 券 155/200 选中节点 251, 新增覆盖 207
2026-01-05 22:28:12,080 - INFO -   - 券 156/200 选中节点 263, 新增覆盖 194
2026-01-05 22:28:12,104 - INFO -   - 券 157/200 选中节点 56, 新增覆盖 209
2026-01-05 22:28:12,128 - INFO -   - 券 158/200 选中节点 12, 新增覆盖 200
2026-01-05 22:28:12,152 - INFO -   - 券 159/200 选中节点 212, 新增覆盖 191
2026-01-05 22:28:12,177 - INFO -   - 券 160/200 选中节点 276, 新增覆盖 196
2026-01-05 22:28:12,201 - INFO -   - 券 161/200 选中节点 65, 新增覆盖 196
2026-01-05 22:28:12,227 - INFO -   - 券 162/200 选中节点 47, 新增覆盖 197
2026-01-05 22:28:12,252 - INFO -   - 券 163/200 选中节点 36, 新增覆盖 199
2026-01-05 22:28:12,275 - INFO -   - 券 164/200 选中节点 190, 新增覆盖 203
2026-01-05 22:28:12,302 - INFO -   - 券 165/200 选中节点 244, 新增覆盖 193
2026-01-05 22:28:12,327 - INFO -   - 券 166/200 选中节点 284, 新增覆盖 190
2026-01-05 22:28:12,352 - INFO -   - 券 167/200 选中节点 378, 新增覆盖 193
2026-01-05 22:28:12,379 - INFO -   - 券 168/200 选中节点 139, 新增覆盖 197
2026-01-05 22:28:12,405 - INFO -   - 券 169/200 选中节点 349, 新增覆盖 186
2026-01-05 22:28:12,429 - INFO -   - 券 170/200 选中节点 241, 新增覆盖 187
2026-01-05 22:28:12,455 - INFO -   - 券 171/200 选中节点 336, 新增覆盖 194
2026-01-05 22:28:12,480 - INFO -   - 券 172/200 选中节点 125, 新增覆盖 209
2026-01-05 22:28:12,506 - INFO -   - 券 173/200 选中节点 153, 新增覆盖 198
2026-01-05 22:28:12,531 - INFO -   - 券 174/200 选中节点 306, 新增覆盖 187
2026-01-05 22:28:12,556 - INFO -   - 券 175/200 选中节点 183, 新增覆盖 182
2026-01-05 22:28:12,582 - INFO -   - 券 176/200 选中节点 331, 新增覆盖 185
2026-01-05 22:28:12,608 - INFO -   - 券 177/200 选中节点 360, 新增覆盖 185
2026-01-05 22:28:12,633 - INFO -   - 券 178/200 选中节点 103, 新增覆盖 193
2026-01-05 22:28:12,659 - INFO -   - 券 179/200 选中节点 60, 新增覆盖 198
2026-01-05 22:28:12,685 - INFO -   - 券 180/200 选中节点 160, 新增覆盖 187
2026-01-05 22:28:12,710 - INFO -   - 券 181/200 选中节点 325, 新增覆盖 189
2026-01-05 22:28:12,736 - INFO -   - 券 182/200 选中节点 89, 新增覆盖 178
2026-01-05 22:28:12,763 - INFO -   - 券 183/200 选中节点 157, 新增覆盖 186
2026-01-05 22:28:12,789 - INFO -   - 券 184/200 选中节点 147, 新增覆盖 182
2026-01-05 22:28:12,814 - INFO -   - 券 185/200 选中节点 202, 新增覆盖 195
2026-01-05 22:28:12,840 - INFO -   - 券 186/200 选中节点 363, 新增覆盖 182
2026-01-05 22:28:12,867 - INFO -   - 券 187/200 选中节点 171, 新增覆盖 176
2026-01-05 22:28:12,894 - INFO -   - 券 188/200 选中节点 78, 新增覆盖 169
2026-01-05 22:28:12,922 - INFO -   - 券 189/200 选中节点 359, 新增覆盖 194
2026-01-05 22:28:12,947 - INFO -   - 券 190/200 选中节点 255, 新增覆盖 198
2026-01-05 22:28:12,972 - INFO -   - 券 191/200 选中节点 26, 新增覆盖 184
2026-01-05 22:28:12,998 - INFO -   - 券 192/200 选中节点 150, 新增覆盖 181
2026-01-05 22:28:13,025 - INFO -   - 券 193/200 选中节点 79, 新增覆盖 180
2026-01-05 22:28:13,050 - INFO -   - 券 194/200 选中节点 288, 新增覆盖 176
2026-01-05 22:28:13,077 - INFO -   - 券 195/200 选中节点 215, 新增覆盖 174
2026-01-05 22:28:13,102 - INFO -   - 券 196/200 选中节点 111, 新增覆盖 182
2026-01-05 22:28:13,127 - INFO -   - 券 197/200 选中节点 122, 新增覆盖 168
2026-01-05 22:28:13,154 - INFO -   - 券 198/200 选中节点 340, 新增覆盖 170
2026-01-05 22:28:13,182 - INFO -   - 券 199/200 选中节点 337, 新增覆盖 168
2026-01-05 22:28:13,212 - INFO -   - 券 200/200 选中节点 57, 新增覆盖 166
2026-01-05 22:28:13,212 - INFO - 选种完毕。耗时: 33.48 秒。
2026-01-05 22:28:13,562 - INFO - 最终选择的种子集: [45, 6, 343, 231, 22, 85, 97, 281, 289, 158, 371, 240, 278, 30, 296, 179, 64, 310, 351, 31, 67, 257, 28, 194, 151, 222, 136, 50, 146, 274, 99, 254, 229, 344, 256, 321, 236, 135, 328, 361, 91, 154, 169, 333, 317, 199, 49, 230, 186, 208, 314, 282, 342, 373, 203, 10, 191, 368, 273, 100, 90, 243, 80, 55, 148, 168, 350, 374, 297, 228, 84, 319, 312, 110, 352, 253, 132, 245, 301, 213, 34, 141, 370, 37, 223, 324, 221, 291, 128, 2, 170, 197, 51, 353, 264, 71, 348, 377, 206, 313, 277, 185, 48, 279, 104, 364, 165, 330, 145, 345, 248, 326, 177, 93, 27, 39, 357, 304, 309, 272, 214, 133, 61, 318, 287, 315, 334, 262, 339, 35, 302, 218, 83, 164, 224, 115, 176, 196, 237, 292, 356, 207, 129, 323, 181, 32, 152, 108, 367, 269, 372, 24, 68, 121, 251, 263, 56, 12, 212, 276, 65, 47, 36, 190, 244, 284, 378, 139, 349, 241, 336, 125, 153, 306, 183, 331, 360, 103, 60, 160, 325, 89, 157, 147, 202, 363, 171, 78, 359, 255, 26, 150, 79, 288, 215, 111, 122, 340, 337, 57]

2026-01-05 22:28:15,267 - INFO - 当前用时 68.79 秒
2026-01-05 22:28:15,268 - INFO - 将种子集 写入位置: /root/pythonspace/data-test/network.netscience/2026-1-6-watch/seeds-with-network.netscience/random_ris_coverage_seedNum-200_SSRNum-100000.txt
2026-01-05 22:28:15,268 - INFO - 评估种子集: None
2026-01-05 22:28:15,268 - INFO - 多进程评估开始，共有 6 个方法待评估...
2026-01-05 22:28:15,268 - INFO - 启动进程池，Worker数量: 6
2026-01-05 22:28:15,309 - INFO - [Process 9452] 开始评估方法: random, 种子数: 200
2026-01-05 22:28:15,313 - INFO - [Process 9453] 开始评估方法: degreeTopM, 种子数: 200
2026-01-05 22:28:15,316 - INFO - [Process 9454] 开始评估方法: pageRank, 种子数: 200
2026-01-05 22:28:15,318 - INFO - [Process 9455] 开始评估方法: alpha_sort, 种子数: 200
2026-01-05 22:28:15,321 - INFO - [Process 9456] 开始评估方法: importance_sort, 种子数: 200
2026-01-05 22:28:15,324 - INFO - [Process 9457] 开始评估方法: ris_coverage, 种子数: 200
2026-01-05 22:28:16,445 - INFO - [Process 9455] alpha_sort - 500 sims 完成: E=93.53
2026-01-05 22:28:16,446 - INFO - [Process 9454] pageRank - 500 sims 完成: E=90.34
2026-01-05 22:28:16,452 - INFO - [Process 9456] importance_sort - 500 sims 完成: E=93.12
2026-01-05 22:28:16,460 - INFO - [Process 9452] random - 500 sims 完成: E=93.08
2026-01-05 22:28:16,465 - INFO - [Process 9453] degreeTopM - 500 sims 完成: E=90.00
2026-01-05 22:28:16,475 - INFO - [Process 9457] ris_coverage - 500 sims 完成: E=95.73
2026-01-05 22:28:16,493 - INFO - 所有进程执行完毕，开始写入数据...
2026-01-05 22:28:16,496 - INFO - 成功写入 6 条记录至 /root/pythonspace/data-test/network.netscience/2026-1-6-watch/E-activated-network.netscience/distribution-random/simuTimes-500_random-dirichlet-[500, 500, 500]_rrNumSamples-100000.csv
2026-01-05 22:28:16,497 - INFO - 保存评估文件至: /root/pythonspace/data-test/network.netscience/2026-1-6-watch/E-activated-network.netscience/distribution-random/simuTimes-500_random-dirichlet-[500, 500, 500]_rrNumSamples-100000.csv
