2026-03-06 02:50:12,065 - INFO - 加载数据集: genius_graph_2000
2026-03-06 02:50:12,066 - INFO - --- 矩阵分析 ---
2026-03-06 02:50:12,066 - INFO - 节点数 (N): 2000
2026-03-06 02:50:12,066 - INFO - 边数 (E): 41582
2026-03-06 02:50:12,066 - INFO - 密度 (Density): 0.01039550 (越小越稀疏)
2026-03-06 02:50:12,066 - INFO - 稀疏度 (Sparsity): 0.98960450 (越接近1越稀疏)
2026-03-06 02:50:12,066 - INFO - 平均度数 (Avg Degree): 20.79
2026-03-06 02:50:12,066 - INFO - >>> 正在注入完美对抗属性（验证三条定理）...
2026-03-06 02:50:12,085 - INFO - 首次生成种子集 random
2026-03-06 02:50:12,086 - INFO - 执行当前算法开始: random
2026-03-06 02:50:12,086 - INFO - 数据集节点总数:  n = 2000, m = 200
2026-03-06 02:50:12,086 - INFO - 选择 200  [1069, 1806, 1561, 1870, 1888, 1182, 441, 366, 1778, 1126, 1583, 75, 420, 82, 1016, 693, 912, 682, 1050, 668, 1880, 1515, 1137, 1244, 1988, 1471, 1863, 825, 1642, 455, 1086, 56, 1639, 1904, 111, 1013, 1957, 478, 1810, 630, 234, 1483, 71, 211, 806, 818, 322, 1783, 398, 1359, 1102, 1110, 202, 371, 947, 527, 494, 1399, 252, 1504, 339, 113, 106, 152, 1662, 903, 745, 1151, 815, 515, 1630, 1213, 222, 1594, 924, 1833, 1915, 1940, 687, 1939, 462, 1595, 1271, 951, 284, 1549, 1619, 638, 147, 1861, 1491, 1119, 1723, 861, 1038, 1211, 20, 1978, 1525, 475, 827, 238, 1273, 1894, 735, 944, 1580, 703, 465, 1063, 104, 250, 1457, 319, 1892, 1864, 1527, 1112, 901, 1117, 1284, 969, 1480, 115, 1098, 709, 23, 1221, 1538, 1066, 1732, 664, 555, 935, 1886, 1172, 1800, 1008, 388, 1018, 607, 1322, 896, 1910, 81, 1215, 931, 142, 1272, 1245, 1776, 517, 557, 1051, 1464, 642, 410, 357, 1148, 603, 835, 683, 1985, 589, 596, 1342, 295, 1660, 1109, 577, 312, 867, 1698, 716, 696, 1493, 1821, 110, 386, 952, 1200, 1133, 381, 704, 187, 554, 340, 688, 1653, 956, 1367, 1496, 1756, 166, 1434, 1701, 1325, 1909, 1753, 33]

2026-03-06 02:50:12,086 - INFO - 当前用时 0.00 秒
2026-03-06 02:50:12,086 - INFO - 将种子集 写入位置: /home/wen/work/coup_spread/genius_graph_2000/2026-3-6-report/seeds-with-genius_graph_2000/random_random_seedNum-200_SSRNum-50000.txt
2026-03-06 02:50:12,086 - INFO - 首次生成种子集 degreeTopM
2026-03-06 02:50:12,086 - INFO - 执行当前算法开始: degreeTopM
2026-03-06 02:50:12,086 - INFO - 依据: 选择连接数（度数）最多的节点。
2026-03-06 02:50:12,087 - INFO - 选择的 Top M 节点及其度数:
2026-03-06 02:50:12,087 - INFO - 
2026-03-06 02:50:12,087 - INFO - 当前用时 0.00 秒
2026-03-06 02:50:12,087 - INFO - 将种子集 写入位置: /home/wen/work/coup_spread/genius_graph_2000/2026-3-6-report/seeds-with-genius_graph_2000/random_degreeTopM_seedNum-200_SSRNum-50000.txt
2026-03-06 02:50:12,087 - INFO - 首次生成种子集 pageRank
2026-03-06 02:50:12,087 - INFO - 执行当前算法开始: pageRank
2026-03-06 02:50:12,087 - INFO - --- Running: PageRank (on tranProMatrix) Top M ---
2026-03-06 02:50:12,277 - INFO - Selected PageRank seeds: [1977, 1921, 1912, 1910, 1961, 1990, 1995, 1969, 1935, 1909, 1924, 4, 1932, 1996, 1973, 1907, 1998, 1946, 1919, 1988, 1976, 1975, 1957, 1901, 1908, 1979, 1933, 1904, 1911, 1928, 1918, 1986, 1934, 1914, 1955, 1983, 1902, 1966, 1930, 1926, 1948, 1945, 1991, 1915, 1982, 1980, 1999, 1958, 1920, 1971, 1994, 1940, 1989, 1985, 1938, 1939, 1929, 1949, 1905, 1993, 1970, 1992, 1987, 1978, 1927, 1900, 1947, 1962, 1923, 1960, 1950, 1903, 1964, 1959, 1956, 1965, 1906, 1974, 1943, 1913, 1931, 1937, 1963, 1942, 1981, 1953, 1916, 1951, 1997, 1984, 1925, 1972, 1922, 1944, 1954, 1936, 1917, 1967, 1968, 1941, 1952, 5, 0, 1, 9, 6, 22, 23, 12, 37, 16, 31, 3, 8, 76, 39, 14, 11, 89, 7, 45, 21, 131, 79, 153, 50, 43, 188, 25, 17, 62, 42, 111, 75, 68, 80, 35, 100, 226, 10, 59, 20, 140, 102, 57, 91, 128, 53, 24, 122, 29, 125, 38, 60, 173, 34, 365, 108, 13, 67, 46, 136, 70, 1042, 208, 77, 15, 28, 178, 63, 385, 337, 315, 94, 32, 285, 238, 217, 321, 33, 74, 96, 138, 124, 147, 175, 55, 88, 314, 26, 98, 172, 150, 581, 213, 199, 726, 181, 18, 132]
2026-03-06 02:50:12,278 - INFO - 当前用时 0.19 秒
2026-03-06 02:50:12,278 - INFO - 将种子集 写入位置: /home/wen/work/coup_spread/genius_graph_2000/2026-3-6-report/seeds-with-genius_graph_2000/random_pageRank_seedNum-200_SSRNum-50000.txt
2026-03-06 02:50:12,278 - INFO - 首次生成种子集 alpha_sort
2026-03-06 02:50:12,278 - INFO - 执行当前算法开始: alpha_sort
2026-03-06 02:50:12,278 - INFO - 2000 个节点的alpha值降序排序 done
2026-03-06 02:50:12,278 - INFO - ==============>> [(1600, np.float64(0.99)), (1601, np.float64(0.99)), (1602, np.float64(0.99)), (1603, np.float64(0.99)), (1604, np.float64(0.99)), (1605, np.float64(0.99)), (1606, np.float64(0.99)), (1607, np.float64(0.99)), (1608, np.float64(0.99)), (1609, np.float64(0.99))]
2026-03-06 02:50:12,278 - INFO - 
选择的种子集 (按alpha排序): [1600, 1601, 1602, 1603, 1604, 1605, 1606, 1607, 1608, 1609, 1610, 1611, 1612, 1613, 1614, 1615, 1616, 1617, 1618, 1619, 1620, 1621, 1622, 1623, 1624, 1625, 1626, 1627, 1628, 1629, 1630, 1631, 1632, 1633, 1634, 1635, 1636, 1637, 1638, 1639, 1640, 1641, 1642, 1643, 1644, 1645, 1646, 1647, 1648, 1649, 1650, 1651, 1652, 1653, 1654, 1655, 1656, 1657, 1658, 1659, 1660, 1661, 1662, 1663, 1664, 1665, 1666, 1667, 1668, 1669, 1670, 1671, 1672, 1673, 1674, 1675, 1676, 1677, 1678, 1679, 1680, 1681, 1682, 1683, 1684, 1685, 1686, 1687, 1688, 1689, 1690, 1691, 1692, 1693, 1694, 1695, 1696, 1697, 1698, 1699, 1700, 1701, 1702, 1703, 1704, 1705, 1706, 1707, 1708, 1709, 1710, 1711, 1712, 1713, 1714, 1715, 1716, 1717, 1718, 1719, 1720, 1721, 1722, 1723, 1724, 1725, 1726, 1727, 1728, 1729, 1730, 1731, 1732, 1733, 1734, 1735, 1736, 1737, 1738, 1739, 1740, 1741, 1742, 1743, 1744, 1745, 1746, 1747, 1748, 1749, 1750, 1751, 1752, 1753, 1754, 1755, 1756, 1757, 1758, 1759, 1760, 1761, 1762, 1763, 1764, 1765, 1766, 1767, 1768, 1769, 1770, 1771, 1772, 1773, 1774, 1775, 1776, 1777, 1778, 1779, 1780, 1781, 1782, 1783, 1784, 1785, 1786, 1787, 1788, 1789, 1790, 1791, 1792, 1793, 1794, 1795, 1796, 1797, 1798, 1799]

2026-03-06 02:50:12,279 - INFO - 当前用时 0.00 秒
2026-03-06 02:50:12,279 - INFO - 将种子集 写入位置: /home/wen/work/coup_spread/genius_graph_2000/2026-3-6-report/seeds-with-genius_graph_2000/random_alpha_sort_seedNum-200_SSRNum-50000.txt
2026-03-06 02:50:12,279 - INFO - 首次生成种子集 ris_optimized
2026-03-06 02:50:12,279 - INFO - 执行当前算法开始: ris_optimized
2026-03-06 02:50:12,328 - INFO - 图初始化完成，节点数: 2000，当前模式: 优化采样
2026-03-06 02:50:12,328 - INFO - 开始生成 50000 组多重RR-Set...
2026-03-06 02:50:34,880 - INFO - 生成完毕。耗时: 22.55 秒。
2026-03-06 02:50:34,894 - INFO - 开始基于多重RR集贪心选择最优种子...
2026-03-06 02:50:38,096 - INFO - 选种完毕。耗时: 3.20 秒。估算范围: 222.52
2026-03-06 02:50:40,125 - INFO - 当前用时 27.85 秒
2026-03-06 02:50:40,126 - INFO - 将种子集 写入位置: /home/wen/work/coup_spread/genius_graph_2000/2026-3-6-report/seeds-with-genius_graph_2000/random_ris_optimized_seedNum-200_SSRNum-50000.txt
2026-03-06 02:50:40,127 - INFO - 首次生成种子集 ris_naive
2026-03-06 02:50:40,127 - INFO - 执行当前算法开始: ris_naive
2026-03-06 02:50:40,180 - INFO - 图初始化完成，节点数: 2000，当前模式: 朴素采样
2026-03-06 02:50:40,180 - INFO - 开始生成 50000 组多重RR-Set...
2026-03-06 02:50:54,976 - INFO - 生成完毕。耗时: 14.80 秒。
2026-03-06 02:50:54,984 - INFO - 开始基于多重RR集贪心选择最优种子...
2026-03-06 02:50:57,409 - INFO - 选种完毕。耗时: 2.42 秒。估算范围: 222.48
2026-03-06 02:50:58,277 - INFO - 当前用时 18.15 秒
2026-03-06 02:50:58,277 - INFO - 将种子集 写入位置: /home/wen/work/coup_spread/genius_graph_2000/2026-3-6-report/seeds-with-genius_graph_2000/random_ris_naive_seedNum-200_SSRNum-50000.txt
2026-03-06 02:50:58,278 - INFO - 首次生成种子集 monterCarlo_CELF
2026-03-06 02:50:58,278 - INFO - 执行当前算法开始: monterCarlo_CELF
2026-03-06 02:50:58,278 - INFO - --- Running: CELF Greedy Monte Carlo (Sims=100) ---
2026-03-06 02:50:58,278 - INFO - Step 0: 初始化所有节点的边际增益...
2026-03-06 02:51:07,280 - INFO - Seed 1: 1607, Spread: 1.00
2026-03-06 02:51:07,290 - INFO - Seed 2: 1632, Gain: 1.00, Total: 2.00
2026-03-06 02:51:07,348 - INFO - Seed 3: 1772, Gain: 1.00, Total: 3.00
2026-03-06 02:51:07,420 - INFO - Seed 4: 1885, Gain: 0.99, Total: 3.99
2026-03-06 02:51:07,427 - INFO - Seed 5: 1769, Gain: 0.99, Total: 4.98
2026-03-06 02:51:07,519 - INFO - Seed 6: 1742, Gain: 1.00, Total: 5.98
2026-03-06 02:51:07,522 - INFO - Seed 7: 1746, Gain: 1.00, Total: 6.98
2026-03-06 02:51:07,569 - INFO - Seed 8: 1853, Gain: 1.00, Total: 7.98
2026-03-06 02:51:07,636 - INFO - Seed 9: 1650, Gain: 0.98, Total: 8.96
2026-03-06 02:51:07,672 - INFO - Seed 10: 1716, Gain: 1.00, Total: 9.96
2026-03-06 02:51:07,714 - INFO - Seed 11: 1852, Gain: 0.99, Total: 10.95
2026-03-06 02:51:07,754 - INFO - Seed 12: 1707, Gain: 0.97, Total: 11.92
2026-03-06 02:51:07,760 - INFO - Seed 13: 1862, Gain: 0.98, Total: 12.90
2026-03-06 02:51:07,767 - INFO - Seed 14: 1846, Gain: 1.04, Total: 13.94
2026-03-06 02:51:07,822 - INFO - Seed 15: 1671, Gain: 0.98, Total: 14.92
2026-03-06 02:51:07,825 - INFO - Seed 16: 1676, Gain: 0.97, Total: 15.89
2026-03-06 02:51:07,832 - INFO - Seed 17: 1713, Gain: 0.98, Total: 16.87
2026-03-06 02:51:07,843 - INFO - Seed 18: 1761, Gain: 1.02, Total: 17.89
2026-03-06 02:51:07,860 - INFO - Seed 19: 1844, Gain: 0.98, Total: 18.87
2026-03-06 02:51:07,863 - INFO - Seed 20: 1878, Gain: 1.03, Total: 19.90
2026-03-06 02:51:07,921 - INFO - Seed 21: 1603, Gain: 0.97, Total: 20.87
2026-03-06 02:51:07,940 - INFO - Seed 22: 1883, Gain: 0.98, Total: 21.85
2026-03-06 02:51:07,943 - INFO - Seed 23: 1884, Gain: 1.01, Total: 22.86
2026-03-06 02:51:07,978 - INFO - Seed 24: 1735, Gain: 0.98, Total: 23.84
2026-03-06 02:51:07,995 - INFO - Seed 25: 1684, Gain: 0.96, Total: 24.80
2026-03-06 02:51:08,002 - INFO - Seed 26: 1670, Gain: 0.96, Total: 25.76
2026-03-06 02:51:08,006 - INFO - Seed 27: 1644, Gain: 0.97, Total: 26.73
2026-03-06 02:51:08,010 - INFO - Seed 28: 1626, Gain: 1.03, Total: 27.76
2026-03-06 02:51:08,033 - INFO - Seed 29: 1797, Gain: 0.97, Total: 28.73
2026-03-06 02:51:08,048 - INFO - Seed 30: 1868, Gain: 1.02, Total: 29.75
2026-03-06 02:51:08,052 - INFO - Seed 31: 1850, Gain: 0.99, Total: 30.74
2026-03-06 02:51:08,056 - INFO - Seed 32: 1841, Gain: 1.04, Total: 31.78
2026-03-06 02:51:08,143 - INFO - Seed 33: 1807, Gain: 0.98, Total: 32.76
2026-03-06 02:51:08,152 - INFO - Seed 34: 1822, Gain: 0.96, Total: 33.72
2026-03-06 02:51:08,161 - INFO - Seed 35: 1621, Gain: 0.96, Total: 34.68
2026-03-06 02:51:08,165 - INFO - Seed 36: 1691, Gain: 1.08, Total: 35.76
2026-03-06 02:51:08,241 - INFO - Seed 37: 1824, Gain: 1.02, Total: 36.78
2026-03-06 02:51:08,580 - INFO - Seed 38: 1827, Gain: 0.94, Total: 37.72
2026-03-06 02:51:08,589 - INFO - Seed 39: 1859, Gain: 0.94, Total: 38.66
2026-03-06 02:51:08,594 - INFO - Seed 40: 1748, Gain: 0.98, Total: 39.64
2026-03-06 02:51:08,599 - INFO - Seed 41: 1730, Gain: 0.99, Total: 40.63
2026-03-06 02:51:08,620 - INFO - Seed 42: 1869, Gain: 0.98, Total: 41.61
2026-03-06 02:51:08,625 - INFO - Seed 43: 1876, Gain: 1.03, Total: 42.64
2026-03-06 02:51:08,630 - INFO - Seed 44: 1871, Gain: 1.06, Total: 43.70
2026-03-06 02:51:08,641 - INFO - Seed 45: 1662, Gain: 0.93, Total: 44.63
2026-03-06 02:51:08,657 - INFO - Seed 46: 1787, Gain: 1.03, Total: 45.66
2026-03-06 02:51:08,674 - INFO - Seed 47: 1785, Gain: 0.97, Total: 46.63
2026-03-06 02:51:08,702 - INFO - Seed 48: 1616, Gain: 0.96, Total: 47.59
2026-03-06 02:51:08,713 - INFO - Seed 49: 1739, Gain: 0.95, Total: 48.54
2026-03-06 02:51:08,719 - INFO - Seed 50: 1823, Gain: 0.95, Total: 49.49
2026-03-06 02:51:08,725 - INFO - Seed 51: 1768, Gain: 1.03, Total: 50.52
2026-03-06 02:51:08,731 - INFO - Seed 52: 1724, Gain: 0.98, Total: 51.50
2026-03-06 02:51:08,737 - INFO - Seed 53: 1715, Gain: 1.01, Total: 52.51
2026-03-06 02:51:08,744 - INFO - Seed 54: 1619, Gain: 0.99, Total: 53.50
2026-03-06 02:51:08,750 - INFO - Seed 55: 1690, Gain: 0.94, Total: 54.44
2026-03-06 02:51:08,757 - INFO - Seed 56: 1708, Gain: 0.94, Total: 55.38
2026-03-06 02:51:08,764 - INFO - Seed 57: 1740, Gain: 1.09, Total: 56.47
2026-03-06 02:51:08,784 - INFO - Seed 58: 1706, Gain: 1.02, Total: 57.49
2026-03-06 02:51:08,798 - INFO - Seed 59: 1847, Gain: 1.00, Total: 58.49
2026-03-06 02:51:08,805 - INFO - Seed 60: 1666, Gain: 0.97, Total: 59.46
2026-03-06 02:51:08,812 - INFO - Seed 61: 1759, Gain: 1.04, Total: 60.50
2026-03-06 02:51:08,819 - INFO - Seed 62: 1701, Gain: 0.93, Total: 61.43
2026-03-06 02:51:08,826 - INFO - Seed 63: 1627, Gain: 0.96, Total: 62.39
2026-03-06 02:51:08,834 - INFO - Seed 64: 1614, Gain: 1.07, Total: 63.46
2026-03-06 02:51:08,849 - INFO - Seed 65: 1801, Gain: 0.94, Total: 64.40
2026-03-06 02:51:08,856 - INFO - Seed 66: 1898, Gain: 0.97, Total: 65.37
2026-03-06 02:51:08,864 - INFO - Seed 67: 1819, Gain: 1.06, Total: 66.43
2026-03-06 02:51:08,872 - INFO - Seed 68: 1727, Gain: 0.97, Total: 67.40
2026-03-06 02:51:08,887 - INFO - Seed 69: 1631, Gain: 0.93, Total: 68.33
2026-03-06 02:51:08,895 - INFO - Seed 70: 1672, Gain: 1.00, Total: 69.33
2026-03-06 02:51:08,934 - INFO - Seed 71: 1861, Gain: 0.92, Total: 70.25
2026-03-06 02:51:08,943 - INFO - Seed 72: 1792, Gain: 1.22, Total: 71.47
2026-03-06 02:51:09,187 - INFO - Seed 73: 1812, Gain: 0.94, Total: 72.41
2026-03-06 02:51:09,243 - INFO - Seed 74: 1647, Gain: 0.95, Total: 73.36
2026-03-06 02:51:09,260 - INFO - Seed 75: 1652, Gain: 0.91, Total: 74.27
2026-03-06 02:51:09,268 - INFO - Seed 76: 1781, Gain: 1.09, Total: 75.36
2026-03-06 02:51:09,321 - INFO - Seed 77: 1897, Gain: 0.98, Total: 76.34
2026-03-06 02:51:09,330 - INFO - Seed 78: 1630, Gain: 0.93, Total: 77.27
2026-03-06 02:51:09,339 - INFO - Seed 79: 1782, Gain: 0.94, Total: 78.21
2026-03-06 02:51:09,348 - INFO - Seed 80: 1637, Gain: 1.08, Total: 79.29
2026-03-06 02:51:09,367 - INFO - Seed 81: 1620, Gain: 0.97, Total: 80.26
2026-03-06 02:51:09,377 - INFO - Seed 82: 1635, Gain: 0.99, Total: 81.25
2026-03-06 02:51:09,406 - INFO - Seed 83: 1780, Gain: 0.97, Total: 82.22
2026-03-06 02:51:09,415 - INFO - Seed 84: 1818, Gain: 0.96, Total: 83.18
2026-03-06 02:51:09,480 - INFO - Seed 85: 1754, Gain: 0.99, Total: 84.17
2026-03-06 02:51:09,499 - INFO - Seed 86: 1854, Gain: 1.02, Total: 85.19
2026-03-06 02:51:09,528 - INFO - Seed 87: 1654, Gain: 0.97, Total: 86.16
2026-03-06 02:51:09,538 - INFO - Seed 88: 1872, Gain: 0.95, Total: 87.11
2026-03-06 02:51:09,548 - INFO - Seed 89: 1849, Gain: 1.16, Total: 88.27
2026-03-06 02:51:09,568 - INFO - Seed 90: 1765, Gain: 0.90, Total: 89.17
2026-03-06 02:51:09,578 - INFO - Seed 91: 1733, Gain: 0.93, Total: 90.10
2026-03-06 02:51:09,588 - INFO - Seed 92: 1634, Gain: 1.06, Total: 91.16
2026-03-06 02:51:09,638 - INFO - Seed 93: 1793, Gain: 0.94, Total: 92.10
2026-03-06 02:51:09,649 - INFO - Seed 94: 1734, Gain: 0.97, Total: 93.07
2026-03-06 02:51:09,659 - INFO - Seed 95: 1696, Gain: 1.08, Total: 94.15
2026-03-06 02:51:09,670 - INFO - Seed 96: 1683, Gain: 1.05, Total: 95.20
2026-03-06 02:51:09,691 - INFO - Seed 97: 1714, Gain: 1.05, Total: 96.25
2026-03-06 02:51:09,875 - INFO - Seed 98: 1776, Gain: 0.92, Total: 97.17
2026-03-06 02:51:09,948 - INFO - Seed 99: 1879, Gain: 0.92, Total: 98.09
2026-03-06 02:51:09,959 - INFO - Seed 100: 1611, Gain: 0.95, Total: 99.04
2026-03-06 02:51:09,981 - INFO - Seed 101: 1842, Gain: 1.06, Total: 100.10
2026-03-06 02:51:09,992 - INFO - Seed 102: 1877, Gain: 0.88, Total: 100.98
2026-03-06 02:51:10,014 - INFO - Seed 103: 1809, Gain: 0.90, Total: 101.88
2026-03-06 02:51:10,025 - INFO - Seed 104: 1648, Gain: 1.00, Total: 102.88
2026-03-06 02:51:10,037 - INFO - Seed 105: 1731, Gain: 0.95, Total: 103.83
2026-03-06 02:51:10,048 - INFO - Seed 106: 1770, Gain: 1.08, Total: 104.91
2026-03-06 02:51:10,060 - INFO - Seed 107: 1813, Gain: 0.89, Total: 105.80
2026-03-06 02:51:10,072 - INFO - Seed 108: 1617, Gain: 1.09, Total: 106.89
2026-03-06 02:51:10,084 - INFO - Seed 109: 1606, Gain: 0.95, Total: 107.84
2026-03-06 02:51:10,096 - INFO - Seed 110: 1712, Gain: 0.99, Total: 108.83
2026-03-06 02:51:10,108 - INFO - Seed 111: 1640, Gain: 1.12, Total: 109.95
2026-03-06 02:51:10,120 - INFO - Seed 112: 1789, Gain: 0.98, Total: 110.93
2026-03-06 02:51:10,132 - INFO - Seed 113: 1888, Gain: 0.94, Total: 111.87
2026-03-06 02:51:10,145 - INFO - Seed 114: 1874, Gain: 0.99, Total: 112.86
2026-03-06 02:51:10,157 - INFO - Seed 115: 1699, Gain: 0.90, Total: 113.76
2026-03-06 02:51:10,170 - INFO - Seed 116: 1723, Gain: 1.10, Total: 114.86
2026-03-06 02:51:10,183 - INFO - Seed 117: 1655, Gain: 1.09, Total: 115.95
2026-03-06 02:51:10,220 - INFO - Seed 118: 1775, Gain: 0.99, Total: 116.94
2026-03-06 02:51:10,233 - INFO - Seed 119: 1802, Gain: 0.87, Total: 117.81
2026-03-06 02:51:10,246 - INFO - Seed 120: 1784, Gain: 0.92, Total: 118.73
2026-03-06 02:51:10,259 - INFO - Seed 121: 1642, Gain: 1.10, Total: 119.83
2026-03-06 02:51:10,284 - INFO - Seed 122: 1665, Gain: 0.91, Total: 120.74
2026-03-06 02:51:10,297 - INFO - Seed 123: 1835, Gain: 1.21, Total: 121.95
2026-03-06 02:51:10,415 - INFO - Seed 124: 1732, Gain: 1.01, Total: 122.96
2026-03-06 02:51:10,457 - INFO - Seed 125: 1697, Gain: 0.93, Total: 123.89
2026-03-06 02:51:10,472 - INFO - Seed 126: 1625, Gain: 0.97, Total: 124.86
2026-03-06 02:51:10,499 - INFO - Seed 127: 1624, Gain: 0.99, Total: 125.85
2026-03-06 02:51:10,513 - INFO - Seed 128: 1860, Gain: 1.08, Total: 126.93
2026-03-06 02:51:10,608 - INFO - Seed 129: 1832, Gain: 0.87, Total: 127.80
2026-03-06 02:51:10,635 - INFO - Seed 130: 1767, Gain: 0.91, Total: 128.71
2026-03-06 02:51:10,649 - INFO - Seed 131: 1686, Gain: 0.91, Total: 129.62
2026-03-06 02:51:10,663 - INFO - Seed 132: 1664, Gain: 1.18, Total: 130.80
2026-03-06 02:51:10,677 - INFO - Seed 133: 1891, Gain: 0.89, Total: 131.69
2026-03-06 02:51:10,691 - INFO - Seed 134: 1681, Gain: 0.96, Total: 132.65
2026-03-06 02:51:10,706 - INFO - Seed 135: 1700, Gain: 1.02, Total: 133.67
2026-03-06 02:51:10,720 - INFO - Seed 136: 1773, Gain: 0.97, Total: 134.64
2026-03-06 02:51:10,734 - INFO - Seed 137: 1679, Gain: 1.18, Total: 135.82
2026-03-06 02:51:10,847 - INFO - Seed 138: 1851, Gain: 0.90, Total: 136.72
2026-03-06 02:51:10,861 - INFO - Seed 139: 1751, Gain: 0.86, Total: 137.58
2026-03-06 02:51:10,876 - INFO - Seed 140: 1602, Gain: 1.09, Total: 138.67
2026-03-06 02:51:10,905 - INFO - Seed 141: 1692, Gain: 0.89, Total: 139.56
2026-03-06 02:51:10,920 - INFO - Seed 142: 1705, Gain: 1.21, Total: 140.77
2026-03-06 02:51:11,020 - INFO - Seed 143: 1656, Gain: 0.95, Total: 141.72
2026-03-06 02:51:11,035 - INFO - Seed 144: 1651, Gain: 0.94, Total: 142.66
2026-03-06 02:51:11,095 - INFO - Seed 145: 1741, Gain: 1.01, Total: 143.67
2026-03-06 02:51:11,139 - INFO - Seed 146: 1747, Gain: 0.91, Total: 144.58
2026-03-06 02:51:11,184 - INFO - Seed 147: 1875, Gain: 1.00, Total: 145.58
2026-03-06 02:51:11,199 - INFO - Seed 148: 1702, Gain: 1.03, Total: 146.61
2026-03-06 02:51:11,230 - INFO - Seed 149: 1653, Gain: 0.98, Total: 147.59
2026-03-06 02:51:11,246 - INFO - Seed 150: 1728, Gain: 1.10, Total: 148.69
2026-03-06 02:51:11,277 - INFO - Seed 151: 1806, Gain: 0.95, Total: 149.64
2026-03-06 02:51:11,338 - INFO - Seed 152: 1613, Gain: 0.83, Total: 150.47
2026-03-06 02:51:11,354 - INFO - Seed 153: 1623, Gain: 1.05, Total: 151.52
2026-03-06 02:51:11,370 - INFO - Seed 154: 1744, Gain: 1.10, Total: 152.62
2026-03-06 02:51:11,386 - INFO - Seed 155: 1790, Gain: 0.86, Total: 153.48
2026-03-06 02:51:11,402 - INFO - Seed 156: 1895, Gain: 0.93, Total: 154.41
2026-03-06 02:51:11,419 - INFO - Seed 157: 1645, Gain: 1.02, Total: 155.43
2026-03-06 02:51:11,451 - INFO - Seed 158: 1804, Gain: 1.33, Total: 156.76
2026-03-06 02:51:11,532 - INFO - Seed 159: 1803, Gain: 0.84, Total: 157.60
2026-03-06 02:51:11,549 - INFO - Seed 160: 1661, Gain: 0.91, Total: 158.51
2026-03-06 02:51:11,583 - INFO - Seed 161: 1798, Gain: 0.85, Total: 159.36
2026-03-06 02:51:11,600 - INFO - Seed 162: 1608, Gain: 1.15, Total: 160.51
2026-03-06 02:51:11,617 - INFO - Seed 163: 1629, Gain: 1.10, Total: 161.61
2026-03-06 02:51:11,684 - INFO - Seed 164: 1829, Gain: 0.87, Total: 162.48
2026-03-06 02:51:11,702 - INFO - Seed 165: 1873, Gain: 0.95, Total: 163.43
2026-03-06 02:51:11,736 - INFO - Seed 166: 1737, Gain: 0.84, Total: 164.27
2026-03-06 02:51:11,754 - INFO - Seed 167: 1693, Gain: 0.99, Total: 165.26
2026-03-06 02:51:11,772 - INFO - Seed 168: 1843, Gain: 0.99, Total: 166.25
2026-03-06 02:51:11,808 - INFO - Seed 169: 1720, Gain: 1.46, Total: 167.71
2026-03-06 02:51:12,001 - INFO - Seed 170: 1646, Gain: 0.86, Total: 168.57
2026-03-06 02:51:12,089 - INFO - Seed 171: 1848, Gain: 0.83, Total: 169.40
2026-03-06 02:51:12,107 - INFO - Seed 172: 1669, Gain: 0.86, Total: 170.26
2026-03-06 02:51:12,126 - INFO - Seed 173: 1689, Gain: 0.81, Total: 171.07
2026-03-06 02:51:12,144 - INFO - Seed 174: 1815, Gain: 1.04, Total: 172.11
2026-03-06 02:51:12,163 - INFO - Seed 175: 1760, Gain: 1.23, Total: 173.34
2026-03-06 02:51:12,181 - INFO - Seed 176: 1899, Gain: 1.04, Total: 174.38
2026-03-06 02:51:12,218 - INFO - Seed 177: 1863, Gain: 1.04, Total: 175.42
2026-03-06 02:51:12,273 - INFO - Seed 178: 1721, Gain: 0.81, Total: 176.23
2026-03-06 02:51:12,291 - INFO - Seed 179: 1825, Gain: 0.92, Total: 177.15
2026-03-06 02:51:12,310 - INFO - Seed 180: 1870, Gain: 1.23, Total: 178.38
2026-03-06 02:51:12,348 - INFO - Seed 181: 1766, Gain: 0.82, Total: 179.20
2026-03-06 02:51:12,367 - INFO - Seed 182: 1845, Gain: 1.18, Total: 180.38
2026-03-06 02:51:12,387 - INFO - Seed 183: 1718, Gain: 0.83, Total: 181.21
2026-03-06 02:51:12,406 - INFO - Seed 184: 1687, Gain: 0.94, Total: 182.15
2026-03-06 02:51:12,425 - INFO - Seed 185: 1726, Gain: 0.96, Total: 183.11
2026-03-06 02:51:12,445 - INFO - Seed 186: 1743, Gain: 1.09, Total: 184.20
2026-03-06 02:51:12,464 - INFO - Seed 187: 1833, Gain: 0.90, Total: 185.10
2026-03-06 02:51:12,484 - INFO - Seed 188: 1805, Gain: 1.01, Total: 186.11
2026-03-06 02:51:12,504 - INFO - Seed 189: 1609, Gain: 1.28, Total: 187.39
2026-03-06 02:51:12,563 - INFO - Seed 190: 1882, Gain: 0.89, Total: 188.28
2026-03-06 02:51:12,583 - INFO - Seed 191: 1808, Gain: 1.00, Total: 189.28
2026-03-06 02:51:12,603 - INFO - Seed 192: 1886, Gain: 0.96, Total: 190.24
2026-03-06 02:51:12,623 - INFO - Seed 193: 1641, Gain: 0.97, Total: 191.21
2026-03-06 02:51:12,644 - INFO - Seed 194: 1800, Gain: 0.82, Total: 192.03
2026-03-06 02:51:12,664 - INFO - Seed 195: 1639, Gain: 1.01, Total: 193.04
2026-03-06 02:51:12,684 - INFO - Seed 196: 1659, Gain: 0.95, Total: 193.99
2026-03-06 02:51:12,704 - INFO - Seed 197: 1892, Gain: 0.96, Total: 194.95
2026-03-06 02:51:12,725 - INFO - Seed 198: 1703, Gain: 1.03, Total: 195.98
2026-03-06 02:51:12,765 - INFO - Seed 199: 1817, Gain: 1.15, Total: 197.13
2026-03-06 02:51:12,785 - INFO - Seed 200: 1858, Gain: 0.80, Total: 197.93
2026-03-06 02:51:12,786 - INFO - CELF 完成，总耗时: 14.51s
2026-03-06 02:51:12,786 - INFO - 当前用时 14.51 秒
2026-03-06 02:51:12,786 - INFO - 将种子集 写入位置: /home/wen/work/coup_spread/genius_graph_2000/2026-3-6-report/seeds-with-genius_graph_2000/random_monterCarlo_CELF_seedNum-200_SSRNum-50000.txt
2026-03-06 02:51:12,788 - INFO - 评估种子集: None
2026-03-06 02:51:12,788 - INFO - 多进程评估开始，共有 7 个方法待评估...
2026-03-06 02:51:12,788 - INFO - 启动进程池，Worker数量: 7
2026-03-06 02:51:13,031 - INFO - [Process 542860] 开始评估方法: random, 种子数: 200
2026-03-06 02:51:13,172 - INFO - [Process 542861] 开始评估方法: degreeTopM, 种子数: 200
2026-03-06 02:51:13,316 - INFO - [Process 542862] 开始评估方法: pageRank, 种子数: 200
2026-03-06 02:51:13,486 - INFO - [Process 542863] 开始评估方法: alpha_sort, 种子数: 200
2026-03-06 02:51:13,593 - INFO - [alpha_sort - 种子:200] 拉新:198.2人 | 总销量:198.2单 | 品牌曝光:200.0次 | 🌟综合得分:218.2
2026-03-06 02:51:13,656 - INFO - [Process 542864] 开始评估方法: ris_optimized, 种子数: 200
2026-03-06 02:51:13,766 - INFO - [ris_optimized - 种子:200] 拉新:198.2人 | 总销量:198.2单 | 品牌曝光:200.0次 | 🌟综合得分:218.2
2026-03-06 02:51:13,828 - INFO - [Process 542865] 开始评估方法: ris_naive, 种子数: 200
2026-03-06 02:51:13,937 - INFO - [ris_naive - 种子:200] 拉新:198.2人 | 总销量:198.2单 | 品牌曝光:200.0次 | 🌟综合得分:218.2
2026-03-06 02:51:13,998 - INFO - [Process 542866] 开始评估方法: monterCarlo_CELF, 种子数: 200
2026-03-06 02:51:14,105 - INFO - [monterCarlo_CELF - 种子:200] 拉新:198.2人 | 总销量:198.2单 | 品牌曝光:200.0次 | 🌟综合得分:218.2
2026-03-06 02:51:16,206 - INFO - [degreeTopM - 种子:200] 拉新:10.0人 | 总销量:10.1单 | 品牌曝光:389.2次 | 🌟综合得分:49.0
2026-03-06 02:51:16,364 - INFO - [pageRank - 种子:200] 拉新:10.0人 | 总销量:10.1单 | 品牌曝光:391.6次 | 🌟综合得分:49.2
2026-03-06 02:51:16,697 - INFO - [random - 种子:200] 拉新:41.8人 | 总销量:41.8单 | 品牌曝光:432.3次 | 🌟综合得分:85.1
2026-03-06 02:51:16,725 - INFO - 所有进程执行完毕，开始写入数据...
2026-03-06 02:51:16,736 - INFO - 成功写入 7 条记录至 /home/wen/work/coup_spread/gzc-impl/results/genius_graph_2000/2026-3-6-report/random_SSRNum-50000-_seedNum-200_simuTimes-500.csv
2026-03-06 02:51:16,736 - INFO - 保存评估文件至: /home/wen/work/coup_spread/gzc-impl/results/genius_graph_2000/2026-3-6-report/random_SSRNum-50000-_seedNum-200_simuTimes-500.csv
