2025-12-19 17:26:20,511 - INFO - 加载数据集: facebook
2025-12-19 17:26:20,515 - INFO - 首次生成度相关概率分布 分布类型: 'powerlaw'.
2025-12-19 17:26:20,515 - INFO - ===> Generating 'Power-law Degree-Aware' distributions...
2025-12-19 17:26:20,522 - INFO - 保存概率分布 文件位置: /root/pythonspace/data-test/facebook/2025-12-19-master-updatediscardpro+AgainContinue+numsimu/distribution-in-facebook/distribution-powerlaw_seedNum-130.pkl
2025-12-19 17:26:20,581 - INFO - 首次生成种子集 random
2025-12-19 17:26:20,581 - INFO - 执行当前算法开始: random
2025-12-19 17:26:20,581 - INFO - 数据集节点总数:  n = 4039, m = 130
2025-12-19 17:26:20,581 - INFO - 选择 130  [848, 1306, 2366, 594, 980, 102, 2373, 2183, 2450, 3054, 3548, 2082, 2667, 2589, 2539, 2507, 3191, 864, 492, 3912, 22, 2356, 18, 2853, 3077, 264, 3156, 3576, 1398, 2836, 2900, 1506, 643, 2467, 3415, 634, 1093, 932, 3111, 2558, 2528, 3132, 2236, 201, 2490, 1114, 885, 3230, 3395, 3716, 2750, 1053, 1519, 2641, 2992, 3120, 1152, 2561, 2046, 2027, 4017, 81, 899, 938, 2035, 233, 3012, 2615, 2234, 806, 3986, 2844, 2106, 2526, 1693, 3867, 2922, 2188, 937, 3787, 3096, 569, 3933, 539, 590, 1549, 621, 3991, 1428, 1568, 485, 544, 3858, 1640, 3641, 1416, 3199, 1529, 2284, 3285, 2442, 745, 3658, 2059, 3592, 2158, 3829, 1812, 509, 1804, 841, 1029, 3391, 3668, 2778, 3689, 922, 3431, 255, 1000, 1844, 96, 426, 811, 3821, 1634, 272, 89, 1158, 1126]

2025-12-19 17:26:20,581 - INFO - 当前用时 0.00 秒
2025-12-19 17:26:20,582 - INFO - 将种子集 写入位置: /root/pythonspace/data-test/facebook/2025-12-19-master-updatediscardpro+AgainContinue+numsimu/seeds-with-facebook/powerlaw_random_seedNum-130_SSRNum-160000.txt
2025-12-19 17:26:20,582 - INFO - 首次生成种子集 degreeTopM
2025-12-19 17:26:20,582 - INFO - 执行当前算法开始: degreeTopM
2025-12-19 17:26:20,582 - INFO - 依据: 选择连接数（度数）最多的节点。
2025-12-19 17:26:20,583 - INFO - 选择的 Top M 节点及其度数:
2025-12-19 17:26:20,584 - INFO - 
2025-12-19 17:26:20,584 - INFO - 当前用时 0.00 秒
2025-12-19 17:26:20,584 - INFO - 将种子集 写入位置: /root/pythonspace/data-test/facebook/2025-12-19-master-updatediscardpro+AgainContinue+numsimu/seeds-with-facebook/powerlaw_degreeTopM_seedNum-130_SSRNum-160000.txt
2025-12-19 17:26:20,584 - INFO - 首次生成种子集 alpha_sort
2025-12-19 17:26:20,584 - INFO - 执行当前算法开始: alpha_sort
2025-12-19 17:26:20,626 - INFO - 4039 个节点的alpha值降序排序 done
2025-12-19 17:26:20,626 - INFO - ==============>> [(3766, 0.37058367687495547), (1046, 0.3680679787350635), (3335, 0.3674323217335466), (335, 0.36582014316907047), (1603, 0.36342173599312777), (1526, 0.35924398726842277), (114, 0.3515465496377963), (582, 0.35145813469590886), (3834, 0.35119852348561276), (1808, 0.3495742422433438)]
2025-12-19 17:26:20,626 - INFO - 
选择的种子集 (按alpha排序): [3766, 1046, 3335, 335, 1603, 1526, 114, 582, 3834, 1808, 4016, 1812, 287, 404, 1319, 3748, 692, 1837, 3676, 2406, 215, 1760, 1786, 1764, 4023, 397, 952, 2754, 3812, 12, 18, 2612, 3730, 3603, 3497, 3139, 662, 35, 11, 2575, 3987, 1763, 4010, 233, 748, 1750, 3195, 4012, 4025, 3342, 2036, 153, 3978, 37, 74, 631, 3495, 3435, 4003, 183, 1946, 1541, 15, 1820, 205, 267, 3868, 4030, 3059, 3943, 3393, 1562, 2711, 43, 210, 2021, 1895, 1767, 3865, 1844, 605, 1623, 2006, 42, 47, 1339, 4008, 1240, 812, 719, 145, 2553, 3710, 286, 1986, 710, 3274, 2029, 3825, 316, 209, 1889, 4013, 138, 551, 90, 282, 1696, 872, 1789, 762, 2528, 3894, 1920, 4035, 4029, 880, 1776, 3950, 4034, 3822, 881, 1888, 3415, 3930, 234, 532, 3866, 33, 292]

2025-12-19 17:26:20,626 - INFO - 当前用时 0.04 秒
2025-12-19 17:26:20,627 - INFO - 将种子集 写入位置: /root/pythonspace/data-test/facebook/2025-12-19-master-updatediscardpro+AgainContinue+numsimu/seeds-with-facebook/powerlaw_alpha_sort_seedNum-130_SSRNum-160000.txt
2025-12-19 17:26:20,627 - INFO - 首次生成种子集 importance_sort
2025-12-19 17:26:20,627 - INFO - 执行当前算法开始: importance_sort
2025-12-19 17:26:23,765 - INFO - 4039 个节点的Importance值降序排序 done
2025-12-19 17:26:23,766 - INFO - 
选择的种子集 (按Importance排序): [3766, 335, 1046, 3335, 1603, 1526, 114, 582, 3834, 287, 1808, 4016, 1812, 404, 1319, 3748, 692, 1837, 215, 3676, 2406, 1760, 1786, 1764, 4023, 397, 952, 2754, 12, 18, 3812, 2612, 3730, 3603, 35, 3497, 3139, 11, 662, 233, 2575, 3987, 1763, 4010, 748, 1750, 3195, 153, 4012, 37, 74, 4025, 3342, 2036, 183, 3978, 631, 3495, 3435, 15, 205, 267, 4003, 1946, 1541, 1820, 3868, 4030, 3059, 3943, 43, 3393, 1562, 2711, 210, 2021, 1895, 1767, 3865, 42, 1844, 47, 605, 1623, 2006, 1339, 145, 4008, 1240, 812, 286, 719, 2553, 3710, 1986, 710, 316, 209, 3274, 2029, 3825, 138, 90, 282, 1889, 4013, 551, 1696, 872, 1789, 762, 2528, 3894, 1920, 4035, 4029, 880, 1776, 3950, 4034, 234, 3822, 881, 1888, 3415, 33, 292, 160, 3930, 532]

2025-12-19 17:26:23,767 - INFO - 当前用时 3.14 秒
2025-12-19 17:26:23,767 - INFO - 将种子集 写入位置: /root/pythonspace/data-test/facebook/2025-12-19-master-updatediscardpro+AgainContinue+numsimu/seeds-with-facebook/powerlaw_importance_sort_seedNum-130_SSRNum-160000.txt
2025-12-19 17:26:23,767 - INFO - 首次生成种子集 ris_coverage
2025-12-19 17:26:23,768 - INFO - 执行当前算法开始: ris_coverage
2025-12-19 17:26:24,134 - INFO - 图初始化完成，节点数: 4039，CSR 矩阵准备就绪。
2025-12-19 17:26:24,134 - INFO - 
开始生成 160000 组 SSR (并行进程: 8)...
2025-12-19 17:27:32,820 - INFO - 生成完毕。耗时: 68.69 秒。
2025-12-19 17:27:32,822 - INFO - 
开始选择最优种子 (Optimized Greedy) ...
2025-12-19 17:27:45,472 - INFO -   - 券 1/130 选中节点 35, 新增覆盖 34
2025-12-19 17:27:45,493 - INFO -   - 券 2/130 选中节点 1526, 新增覆盖 39
2025-12-19 17:27:45,511 - INFO -   - 券 3/130 选中节点 2357, 新增覆盖 34
2025-12-19 17:27:45,539 - INFO -   - 券 4/130 选中节点 3751, 新增覆盖 34
2025-12-19 17:27:45,570 - INFO -   - 券 5/130 选中节点 3710, 新增覆盖 35
2025-12-19 17:27:45,602 - INFO -   - 券 6/130 选中节点 114, 新增覆盖 36
2025-12-19 17:27:45,638 - INFO -   - 券 7/130 选中节点 1808, 新增覆盖 34
2025-12-19 17:27:45,671 - INFO -   - 券 8/130 选中节点 4016, 新增覆盖 32
2025-12-19 17:27:45,721 - INFO -   - 券 9/130 选中节点 1760, 新增覆盖 34
2025-12-19 17:27:45,766 - INFO -   - 券 10/130 选中节点 3825, 新增覆盖 34
2025-12-19 17:27:45,816 - INFO -   - 券 11/130 选中节点 3987, 新增覆盖 31
2025-12-19 17:27:45,875 - INFO -   - 券 12/130 选中节点 3960, 新增覆盖 38
2025-12-19 17:27:45,933 - INFO -   - 券 13/130 选中节点 12, 新增覆盖 35
2025-12-19 17:27:45,997 - INFO -   - 券 14/130 选中节点 1562, 新增覆盖 33
2025-12-19 17:27:46,078 - INFO -   - 券 15/130 选中节点 3894, 新增覆盖 33
2025-12-19 17:27:46,165 - INFO -   - 券 16/130 选中节点 335, 新增覆盖 36
2025-12-19 17:27:46,252 - INFO -   - 券 17/130 选中节点 138, 新增覆盖 33
2025-12-19 17:27:46,337 - INFO -   - 券 18/130 选中节点 1812, 新增覆盖 32
2025-12-19 17:27:46,428 - INFO -   - 券 19/130 选中节点 4023, 新增覆盖 33
2025-12-19 17:27:46,517 - INFO -   - 券 20/130 选中节点 2036, 新增覆盖 40
2025-12-19 17:27:46,619 - INFO -   - 券 21/130 选中节点 287, 新增覆盖 34
2025-12-19 17:27:46,725 - INFO -   - 券 22/130 选中节点 2580, 新增覆盖 31
2025-12-19 17:27:46,842 - INFO -   - 券 23/130 选中节点 1844, 新增覆盖 33
2025-12-19 17:27:46,954 - INFO -   - 券 24/130 选中节点 1986, 新增覆盖 30
2025-12-19 17:27:47,082 - INFO -   - 券 25/130 选中节点 71, 新增覆盖 30
2025-12-19 17:27:47,207 - INFO -   - 券 26/130 选中节点 37, 新增覆盖 33
2025-12-19 17:27:47,328 - INFO -   - 券 27/130 选中节点 209, 新增覆盖 35
2025-12-19 17:27:47,456 - INFO -   - 券 28/130 选中节点 1888, 新增覆盖 32
2025-12-19 17:27:47,587 - INFO -   - 券 29/130 选中节点 3497, 新增覆盖 37
2025-12-19 17:27:47,724 - INFO -   - 券 30/130 选中节点 233, 新增覆盖 37
2025-12-19 17:27:47,856 - INFO -   - 券 31/130 选中节点 582, 新增覆盖 31
2025-12-19 17:27:47,996 - INFO -   - 券 32/130 选中节点 1764, 新增覆盖 33
2025-12-19 17:27:48,161 - INFO -   - 券 33/130 选中节点 3990, 新增覆盖 34
2025-12-19 17:27:48,319 - INFO -   - 券 34/130 选中节点 3930, 新增覆盖 37
2025-12-19 17:27:48,481 - INFO -   - 券 35/130 选中节点 1572, 新增覆盖 35
2025-12-19 17:27:48,658 - INFO -   - 券 36/130 选中节点 11, 新增覆盖 35
2025-12-19 17:27:48,836 - INFO -   - 券 37/130 选中节点 3834, 新增覆盖 33
2025-12-19 17:27:49,017 - INFO -   - 券 38/130 选中节点 3958, 新增覆盖 33
2025-12-19 17:27:49,217 - INFO -   - 券 39/130 选中节点 2670, 新增覆盖 31
2025-12-19 17:27:49,406 - INFO -   - 券 40/130 选中节点 1696, 新增覆盖 35
2025-12-19 17:27:49,600 - INFO -   - 券 41/130 选中节点 2424, 新增覆盖 35
2025-12-19 17:27:49,813 - INFO -   - 券 42/130 选中节点 710, 新增覆盖 33
2025-12-19 17:27:50,023 - INFO -   - 券 43/130 选中节点 1603, 新增覆盖 32
2025-12-19 17:27:50,250 - INFO -   - 券 44/130 选中节点 42, 新增覆盖 32
2025-12-19 17:27:50,475 - INFO -   - 券 45/130 选中节点 2910, 新增覆盖 30
2025-12-19 17:27:50,699 - INFO -   - 券 46/130 选中节点 1930, 新增覆盖 31
2025-12-19 17:27:50,934 - INFO -   - 券 47/130 选中节点 4012, 新增覆盖 32
2025-12-19 17:27:51,165 - INFO -   - 券 48/130 选中节点 157, 新增覆盖 32
2025-12-19 17:27:51,413 - INFO -   - 券 49/130 选中节点 551, 新增覆盖 32
2025-12-19 17:27:51,644 - INFO -   - 券 50/130 选中节点 2011, 新增覆盖 35
2025-12-19 17:27:51,878 - INFO -   - 券 51/130 选中节点 205, 新增覆盖 30
2025-12-19 17:27:52,103 - INFO -   - 券 52/130 选中节点 18, 新增覆盖 30
2025-12-19 17:27:52,361 - INFO -   - 券 53/130 选中节点 153, 新增覆盖 33
2025-12-19 17:27:52,607 - INFO -   - 券 54/130 选中节点 286, 新增覆盖 31
2025-12-19 17:27:52,871 - INFO -   - 券 55/130 选中节点 404, 新增覆盖 32
2025-12-19 17:27:53,132 - INFO -   - 券 56/130 选中节点 3082, 新增覆盖 37
2025-12-19 17:27:53,408 - INFO -   - 券 57/130 选中节点 267, 新增覆盖 33
2025-12-19 17:27:53,686 - INFO -   - 券 58/130 选中节点 183, 新增覆盖 33
2025-12-19 17:27:53,975 - INFO -   - 券 59/130 选中节点 43, 新增覆盖 31
2025-12-19 17:27:54,267 - INFO -   - 券 60/130 选中节点 3078, 新增覆盖 31
2025-12-19 17:27:54,564 - INFO -   - 券 61/130 选中节点 1763, 新增覆盖 34
2025-12-19 17:27:54,871 - INFO -   - 券 62/130 选中节点 3352, 新增覆盖 29
2025-12-19 17:27:55,173 - INFO -   - 券 63/130 选中节点 3950, 新增覆盖 34
2025-12-19 17:27:55,476 - INFO -   - 券 64/130 选中节点 4008, 新增覆盖 30
2025-12-19 17:27:55,766 - INFO -   - 券 65/130 选中节点 1920, 新增覆盖 44
2025-12-19 17:27:56,067 - INFO -   - 券 66/130 选中节点 1610, 新增覆盖 29
2025-12-19 17:27:56,400 - INFO -   - 券 67/130 选中节点 2481, 新增覆盖 32
2025-12-19 17:27:56,731 - INFO -   - 券 68/130 选中节点 1837, 新增覆盖 33
2025-12-19 17:27:57,057 - INFO -   - 券 69/130 选中节点 3620, 新增覆盖 33
2025-12-19 17:27:57,377 - INFO -   - 券 70/130 选中节点 4003, 新增覆盖 29
2025-12-19 17:27:57,696 - INFO -   - 券 71/130 选中节点 202, 新增覆盖 34
2025-12-19 17:27:58,020 - INFO -   - 券 72/130 选中节点 2754, 新增覆盖 31
2025-12-19 17:27:58,354 - INFO -   - 券 73/130 选中节点 1113, 新增覆盖 29
2025-12-19 17:27:58,683 - INFO -   - 券 74/130 选中节点 215, 新增覆盖 32
2025-12-19 17:27:59,021 - INFO -   - 券 75/130 选中节点 2021, 新增覆盖 35
2025-12-19 17:27:59,358 - INFO -   - 券 76/130 选中节点 1339, 新增覆盖 31
2025-12-19 17:27:59,719 - INFO -   - 券 77/130 选中节点 1767, 新增覆盖 30
2025-12-19 17:28:00,085 - INFO -   - 券 78/130 选中节点 4025, 新增覆盖 32
2025-12-19 17:28:00,451 - INFO -   - 券 79/130 选中节点 4010, 新增覆盖 33
2025-12-19 17:28:00,800 - INFO -   - 券 80/130 选中节点 1650, 新增覆盖 30
2025-12-19 17:28:01,151 - INFO -   - 券 81/130 选中节点 3676, 新增覆盖 29
2025-12-19 17:28:01,507 - INFO -   - 券 82/130 选中节点 3701, 新增覆盖 32
2025-12-19 17:28:01,885 - INFO -   - 券 83/130 选中节点 3866, 新增覆盖 30
2025-12-19 17:28:02,281 - INFO -   - 券 84/130 选中节点 255, 新增覆盖 29
2025-12-19 17:28:02,642 - INFO -   - 券 85/130 选中节点 179, 新增覆盖 29
2025-12-19 17:28:03,028 - INFO -   - 券 86/130 选中节点 2612, 新增覆盖 32
2025-12-19 17:28:03,445 - INFO -   - 券 87/130 选中节点 3766, 新增覆盖 31
2025-12-19 17:28:03,840 - INFO -   - 券 88/130 选中节点 253, 新增覆盖 30
2025-12-19 17:28:04,245 - INFO -   - 券 89/130 选中节点 155, 新增覆盖 31
2025-12-19 17:28:04,634 - INFO -   - 券 90/130 选中节点 154, 新增覆盖 29
2025-12-19 17:28:05,051 - INFO -   - 券 91/130 选中节点 2291, 新增覆盖 33
2025-12-19 17:28:05,484 - INFO -   - 券 92/130 选中节点 686, 新增覆盖 32
2025-12-19 17:28:05,888 - INFO -   - 券 93/130 选中节点 2657, 新增覆盖 31
2025-12-19 17:28:06,304 - INFO -   - 券 94/130 选中节点 174, 新增覆盖 30
2025-12-19 17:28:06,742 - INFO -   - 券 95/130 选中节点 145, 新增覆盖 32
2025-12-19 17:28:07,175 - INFO -   - 券 96/130 选中节点 2799, 新增覆盖 26
2025-12-19 17:28:07,605 - INFO -   - 券 97/130 选中节点 1506, 新增覆盖 29
2025-12-19 17:28:08,036 - INFO -   - 券 98/130 选中节点 2711, 新增覆盖 29
2025-12-19 17:28:08,469 - INFO -   - 券 99/130 选中节点 3885, 新增覆盖 33
2025-12-19 17:28:08,912 - INFO -   - 券 100/130 选中节点 962, 新增覆盖 28
2025-12-19 17:28:09,357 - INFO -   - 券 101/130 选中节点 3865, 新增覆盖 31
2025-12-19 17:28:09,836 - INFO -   - 券 102/130 选中节点 2012, 新增覆盖 33
2025-12-19 17:28:10,319 - INFO -   - 券 103/130 选中节点 3912, 新增覆盖 30
2025-12-19 17:28:10,770 - INFO -   - 券 104/130 选中节点 1531, 新增覆盖 29
2025-12-19 17:28:11,222 - INFO -   - 券 105/130 选中节点 2447, 新增覆盖 28
2025-12-19 17:28:11,663 - INFO -   - 券 106/130 选中节点 839, 新增覆盖 32
2025-12-19 17:28:12,107 - INFO -   - 券 107/130 选中节点 1913, 新增覆盖 31
2025-12-19 17:28:12,568 - INFO -   - 券 108/130 选中节点 3129, 新增覆盖 31
2025-12-19 17:28:13,022 - INFO -   - 券 109/130 选中节点 228, 新增覆盖 30
2025-12-19 17:28:13,482 - INFO -   - 券 110/130 选中节点 358, 新增覆盖 30
2025-12-19 17:28:13,945 - INFO -   - 券 111/130 选中节点 719, 新增覆盖 30
2025-12-19 17:28:14,432 - INFO -   - 券 112/130 选中节点 2005, 新增覆盖 29
2025-12-19 17:28:14,903 - INFO -   - 券 113/130 选中节点 1997, 新增覆盖 29
2025-12-19 17:28:15,412 - INFO -   - 券 114/130 选中节点 4007, 新增覆盖 31
2025-12-19 17:28:15,907 - INFO -   - 券 115/130 选中节点 2029, 新增覆盖 30
2025-12-19 17:28:16,408 - INFO -   - 券 116/130 选中节点 2894, 新增覆盖 31
2025-12-19 17:28:16,922 - INFO -   - 券 117/130 选中节点 1178, 新增覆盖 31
2025-12-19 17:28:17,430 - INFO -   - 券 118/130 选中节点 1776, 新增覆盖 29
2025-12-19 17:28:17,920 - INFO -   - 券 119/130 选中节点 1895, 新增覆盖 29
2025-12-19 17:28:18,435 - INFO -   - 券 120/130 选中节点 336, 新增覆盖 29
2025-12-19 17:28:18,936 - INFO -   - 券 121/130 选中节点 680, 新增覆盖 31
2025-12-19 17:28:19,556 - INFO -   - 券 122/130 选中节点 1786, 新增覆盖 30
2025-12-19 17:28:20,078 - INFO -   - 券 123/130 选中节点 397, 新增覆盖 31
2025-12-19 17:28:20,623 - INFO -   - 券 124/130 选中节点 1935, 新增覆盖 29
2025-12-19 17:28:21,141 - INFO -   - 券 125/130 选中节点 3830, 新增覆盖 27
2025-12-19 17:28:21,657 - INFO -   - 券 126/130 选中节点 1793, 新增覆盖 30
2025-12-19 17:28:22,192 - INFO -   - 券 127/130 选中节点 2509, 新增覆盖 26
2025-12-19 17:28:22,732 - INFO -   - 券 128/130 选中节点 3812, 新增覆盖 30
2025-12-19 17:28:23,290 - INFO -   - 券 129/130 选中节点 3748, 新增覆盖 33
2025-12-19 17:28:23,840 - INFO -   - 券 130/130 选中节点 3993, 新增覆盖 30
2025-12-19 17:28:23,841 - INFO - 选种完毕。耗时: 51.02 秒。
2025-12-19 17:28:24,322 - INFO - 最终选择的种子集: [35, 1526, 2357, 3751, 3710, 114, 1808, 4016, 1760, 3825, 3987, 3960, 12, 1562, 3894, 335, 138, 1812, 4023, 2036, 287, 2580, 1844, 1986, 71, 37, 209, 1888, 3497, 233, 582, 1764, 3990, 3930, 1572, 11, 3834, 3958, 2670, 1696, 2424, 710, 1603, 42, 2910, 1930, 4012, 157, 551, 2011, 205, 18, 153, 286, 404, 3082, 267, 183, 43, 3078, 1763, 3352, 3950, 4008, 1920, 1610, 2481, 1837, 3620, 4003, 202, 2754, 1113, 215, 2021, 1339, 1767, 4025, 4010, 1650, 3676, 3701, 3866, 255, 179, 2612, 3766, 253, 155, 154, 2291, 686, 2657, 174, 145, 2799, 1506, 2711, 3885, 962, 3865, 2012, 3912, 1531, 2447, 839, 1913, 3129, 228, 358, 719, 2005, 1997, 4007, 2029, 2894, 1178, 1776, 1895, 336, 680, 1786, 397, 1935, 3830, 1793, 2509, 3812, 3748, 3993]

2025-12-19 17:28:28,305 - INFO - 当前用时 124.54 秒
2025-12-19 17:28:28,306 - INFO - 将种子集 写入位置: /root/pythonspace/data-test/facebook/2025-12-19-master-updatediscardpro+AgainContinue+numsimu/seeds-with-facebook/powerlaw_ris_coverage_seedNum-130_SSRNum-160000.txt
2025-12-19 17:28:28,307 - INFO - 评估种子集: None
2025-12-19 17:28:28,307 - INFO - 多进程评估开始，共有 5 个方法待评估...
2025-12-19 17:28:28,307 - INFO - 启动进程池，Worker数量: 5
2025-12-19 17:28:29,191 - INFO - [Process 42161] 开始评估方法: random, 种子数: 130
2025-12-19 17:28:29,895 - INFO - [Process 42162] 开始评估方法: degreeTopM, 种子数: 130
2025-12-19 17:28:30,871 - INFO - [Process 42163] 开始评估方法: alpha_sort, 种子数: 130
2025-12-19 17:28:31,588 - INFO - [Process 42164] 开始评估方法: importance_sort, 种子数: 130
2025-12-19 17:28:32,284 - INFO - [Process 42165] 开始评估方法: ris_coverage, 种子数: 130
2025-12-19 17:30:48,616 - INFO - [Process 42165] ris_coverage - 500 sims 完成: E=119.20
2025-12-19 17:30:52,647 - INFO - [Process 42164] importance_sort - 500 sims 完成: E=116.77
2025-12-19 17:30:53,837 - INFO - [Process 42163] alpha_sort - 500 sims 完成: E=116.71
2025-12-19 17:33:27,043 - INFO - [Process 42161] random - 500 sims 完成: E=126.66
2025-12-19 17:38:48,325 - INFO - [Process 42162] degreeTopM - 500 sims 完成: E=128.72
2025-12-19 17:38:48,382 - INFO - 所有进程执行完毕，开始写入数据...
2025-12-19 17:38:48,398 - INFO - 成功写入 5 条记录至 /root/pythonspace/data-test/facebook/2025-12-19-master-updatediscardpro+AgainContinue+numsimu/E-activated-facebook/distribution-powerlaw/tsd_1.5-0.5--1.0/single_sim_func-AgainContinue/simuTimes-500_monteCarloL-10_single_sim_func-AgainContinue_rrNumSamples-160000.csv
2025-12-19 17:38:48,401 - INFO - 保存评估文件至: /root/pythonspace/data-test/facebook/2025-12-19-master-updatediscardpro+AgainContinue+numsimu/E-activated-facebook/distribution-powerlaw/tsd_1.5-0.5--1.0/single_sim_func-AgainContinue/simuTimes-500_monteCarloL-10_single_sim_func-AgainContinue_rrNumSamples-160000.csv
