2025-12-19 17:05:42,359 - INFO - 加载数据集: facebook
2025-12-19 17:05:42,368 - INFO - 首次生成度相关概率分布 分布类型: 'powerlaw'.
2025-12-19 17:05:42,368 - INFO - ===> Generating 'Power-law Degree-Aware' distributions...
2025-12-19 17:05:42,374 - INFO - 保存概率分布 文件位置: /root/pythonspace/data-test/facebook/2025-12-19-master-updatedegreepro/distribution-in-facebook/distribution-powerlaw_seedNum-30.pkl
2025-12-19 17:05:42,446 - INFO - 首次生成种子集 random
2025-12-19 17:05:42,446 - INFO - 执行当前算法开始: random
2025-12-19 17:05:42,446 - INFO - 数据集节点总数:  n = 4039, m = 30
2025-12-19 17:05:42,446 - INFO - 选择 30  [2290, 462, 2626, 2441, 1655, 162, 3199, 1675, 1322, 2795, 225, 585, 3558, 2497, 1327, 1951, 2003, 2137, 1191, 3197, 2007, 3657, 1145, 2544, 193, 815, 283, 2311, 2633, 1316]

2025-12-19 17:05:42,446 - INFO - 当前用时 0.00 秒
2025-12-19 17:05:42,446 - INFO - 将种子集 写入位置: /root/pythonspace/data-test/facebook/2025-12-19-master-updatedegreepro/seeds-with-facebook/powerlaw_random_seedNum-30_SSRNum-160000.txt
2025-12-19 17:05:42,447 - INFO - 首次生成种子集 degreeTopM
2025-12-19 17:05:42,447 - INFO - 执行当前算法开始: degreeTopM
2025-12-19 17:05:42,447 - INFO - 依据: 选择连接数（度数）最多的节点。
2025-12-19 17:05:42,449 - INFO - 选择的 Top M 节点及其度数:
2025-12-19 17:05:42,449 - INFO - 
2025-12-19 17:05:42,449 - INFO - 当前用时 0.00 秒
2025-12-19 17:05:42,449 - INFO - 将种子集 写入位置: /root/pythonspace/data-test/facebook/2025-12-19-master-updatedegreepro/seeds-with-facebook/powerlaw_degreeTopM_seedNum-30_SSRNum-160000.txt
2025-12-19 17:05:42,449 - INFO - 首次生成种子集 alpha_sort
2025-12-19 17:05:42,449 - INFO - 执行当前算法开始: alpha_sort
2025-12-19 17:05:42,493 - INFO - 4039 个节点的alpha值降序排序 done
2025-12-19 17:05:42,494 - INFO - ==============>> [(3766, 0.3920272522945452), (3335, 0.3885778592674133), (335, 0.3875648932471535), (1046, 0.38589024482306356), (1603, 0.3852909522704107), (1526, 0.3783852753969047), (114, 0.3720966694560666), (582, 0.3715386658517904), (1812, 0.37134962590656434), (1808, 0.3708621993013624)]
2025-12-19 17:05:42,494 - INFO - 
选择的种子集 (按alpha排序): [3766, 3335, 335, 1046, 1603, 1526, 114, 582, 1812, 1808, 404, 4016, 3834, 3748, 287, 1319, 692, 1837, 3676, 215, 2406, 1760, 1764, 1786, 397, 4023, 2754, 3812, 952, 3730]

2025-12-19 17:05:42,494 - INFO - 当前用时 0.04 秒
2025-12-19 17:05:42,494 - INFO - 将种子集 写入位置: /root/pythonspace/data-test/facebook/2025-12-19-master-updatedegreepro/seeds-with-facebook/powerlaw_alpha_sort_seedNum-30_SSRNum-160000.txt
2025-12-19 17:05:42,495 - INFO - 首次生成种子集 importance_sort
2025-12-19 17:05:42,495 - INFO - 执行当前算法开始: importance_sort
2025-12-19 17:05:46,088 - INFO - 4039 个节点的Importance值降序排序 done
2025-12-19 17:05:46,090 - INFO - 
选择的种子集 (按Importance排序): [3766, 335, 3335, 1046, 1603, 1526, 114, 582, 1812, 1808, 404, 4016, 3834, 3748, 287, 1319, 692, 215, 1837, 3676, 2406, 1760, 1764, 1786, 397, 4023, 2754, 3812, 952, 12]

2025-12-19 17:05:46,090 - INFO - 当前用时 3.60 秒
2025-12-19 17:05:46,091 - INFO - 将种子集 写入位置: /root/pythonspace/data-test/facebook/2025-12-19-master-updatedegreepro/seeds-with-facebook/powerlaw_importance_sort_seedNum-30_SSRNum-160000.txt
2025-12-19 17:05:46,092 - INFO - 首次生成种子集 ris_coverage
2025-12-19 17:05:46,092 - INFO - 执行当前算法开始: ris_coverage
2025-12-19 17:05:46,536 - INFO - 图初始化完成，节点数: 4039，CSR 矩阵准备就绪。
2025-12-19 17:05:46,536 - INFO - 
开始生成 160000 组 SSR (并行进程: 8)...
2025-12-19 17:06:08,074 - INFO - 生成完毕。耗时: 21.54 秒。
2025-12-19 17:06:08,076 - INFO - 
开始选择最优种子 (Optimized Greedy) ...
2025-12-19 17:06:10,926 - INFO -   - 券 1/30 选中节点 4016, 新增覆盖 37
2025-12-19 17:06:10,943 - INFO -   - 券 2/30 选中节点 4030, 新增覆盖 35
2025-12-19 17:06:10,964 - INFO -   - 券 3/30 选中节点 287, 新增覆盖 40
2025-12-19 17:06:10,995 - INFO -   - 券 4/30 选中节点 404, 新增覆盖 38
2025-12-19 17:06:11,027 - INFO -   - 券 5/30 选中节点 42, 新增覆盖 37
2025-12-19 17:06:11,063 - INFO -   - 券 6/30 选中节点 32, 新增覆盖 32
2025-12-19 17:06:11,109 - INFO -   - 券 7/30 选中节点 3766, 新增覆盖 37
2025-12-19 17:06:11,164 - INFO -   - 券 8/30 选中节点 3713, 新增覆盖 35
2025-12-19 17:06:11,225 - INFO -   - 券 9/30 选中节点 4007, 新增覆盖 41
2025-12-19 17:06:11,286 - INFO -   - 券 10/30 选中节点 3834, 新增覆盖 34
2025-12-19 17:06:11,348 - INFO -   - 券 11/30 选中节点 1526, 新增覆盖 34
2025-12-19 17:06:11,421 - INFO -   - 券 12/30 选中节点 353, 新增覆盖 36
2025-12-19 17:06:11,489 - INFO -   - 券 13/30 选中节点 1623, 新增覆盖 35
2025-12-19 17:06:11,569 - INFO -   - 券 14/30 选中节点 2406, 新增覆盖 33
2025-12-19 17:06:11,662 - INFO -   - 券 15/30 选中节点 1603, 新增覆盖 34
2025-12-19 17:06:11,753 - INFO -   - 券 16/30 选中节点 4013, 新增覆盖 34
2025-12-19 17:06:11,851 - INFO -   - 券 17/30 选中节点 3751, 新增覆盖 34
2025-12-19 17:06:11,953 - INFO -   - 券 18/30 选中节点 3943, 新增覆盖 35
2025-12-19 17:06:12,060 - INFO -   - 券 19/30 选中节点 3987, 新增覆盖 39
2025-12-19 17:06:12,176 - INFO -   - 券 20/30 选中节点 1895, 新增覆盖 33
2025-12-19 17:06:12,307 - INFO -   - 券 21/30 选中节点 3978, 新增覆盖 35
2025-12-19 17:06:12,442 - INFO -   - 券 22/30 选中节点 3676, 新增覆盖 30
2025-12-19 17:06:12,570 - INFO -   - 券 23/30 选中节点 183, 新增覆盖 39
2025-12-19 17:06:12,697 - INFO -   - 券 24/30 选中节点 114, 新增覆盖 30
2025-12-19 17:06:12,837 - INFO -   - 券 25/30 选中节点 3894, 新增覆盖 35
2025-12-19 17:06:12,964 - INFO -   - 券 26/30 选中节点 4012, 新增覆盖 34
2025-12-19 17:06:13,093 - INFO -   - 券 27/30 选中节点 3730, 新增覆盖 33
2025-12-19 17:06:13,238 - INFO -   - 券 28/30 选中节点 74, 新增覆盖 35
2025-12-19 17:06:13,389 - INFO -   - 券 29/30 选中节点 52, 新增覆盖 36
2025-12-19 17:06:13,533 - INFO -   - 券 30/30 选中节点 215, 新增覆盖 32
2025-12-19 17:06:13,533 - INFO - 选种完毕。耗时: 5.46 秒。
2025-12-19 17:06:13,641 - INFO - 最终选择的种子集: [4016, 4030, 287, 404, 42, 32, 3766, 3713, 4007, 3834, 1526, 353, 1623, 2406, 1603, 4013, 3751, 3943, 3987, 1895, 3978, 3676, 183, 114, 3894, 4012, 3730, 74, 52, 215]

2025-12-19 17:06:14,410 - INFO - 当前用时 28.32 秒
2025-12-19 17:06:14,411 - INFO - 将种子集 写入位置: /root/pythonspace/data-test/facebook/2025-12-19-master-updatedegreepro/seeds-with-facebook/powerlaw_ris_coverage_seedNum-30_SSRNum-160000.txt
2025-12-19 17:06:14,412 - INFO - 评估种子集: None
2025-12-19 17:06:14,412 - INFO - 多进程评估开始，共有 5 个方法待评估...
2025-12-19 17:06:14,412 - INFO - 启动进程池，Worker数量: 5
2025-12-19 17:06:15,251 - INFO - [Process 37255] 开始评估方法: random, 种子数: 30
2025-12-19 17:06:15,972 - INFO - [Process 37256] 开始评估方法: degreeTopM, 种子数: 30
2025-12-19 17:06:16,640 - INFO - [Process 37257] 开始评估方法: alpha_sort, 种子数: 30
2025-12-19 17:06:17,122 - INFO - [Process 37255] random - 15 sims 完成: E=29.80
2025-12-19 17:06:17,423 - INFO - [Process 37258] 开始评估方法: importance_sort, 种子数: 30
2025-12-19 17:06:17,735 - INFO - [Process 37257] alpha_sort - 15 sims 完成: E=28.20
2025-12-19 17:06:18,128 - INFO - [Process 37259] 开始评估方法: ris_coverage, 种子数: 30
2025-12-19 17:06:18,473 - INFO - [Process 37258] importance_sort - 15 sims 完成: E=27.73
2025-12-19 17:06:18,764 - INFO - [Process 37259] ris_coverage - 15 sims 完成: E=28.13
2025-12-19 17:06:19,076 - INFO - [Process 37256] degreeTopM - 15 sims 完成: E=29.73
2025-12-19 17:06:19,110 - INFO - 所有进程执行完毕，开始写入数据...
2025-12-19 17:06:19,119 - INFO - 成功写入 5 条记录至 /root/pythonspace/data-test/facebook/2025-12-19-master-updatedegreepro/E-activated-facebook/distribution-powerlaw/tsd_1.5-0.5--2.0/single_sim_func-AgainReJudge/simuTimes-15_monteCarloL-10_single_sim_func-AgainReJudge_rrNumSamples-160000.csv
2025-12-19 17:06:19,120 - INFO - 保存评估文件至: /root/pythonspace/data-test/facebook/2025-12-19-master-updatedegreepro/E-activated-facebook/distribution-powerlaw/tsd_1.5-0.5--2.0/single_sim_func-AgainReJudge/simuTimes-15_monteCarloL-10_single_sim_func-AgainReJudge_rrNumSamples-160000.csv
