2026-01-06 18:51:34,093 - INFO - 加载数据集: network.netfacebookego
2026-01-06 18:51:34,093 - INFO - --- 矩阵分析 ---
2026-01-06 18:51:34,093 - INFO - 节点数 (N): 2888
2026-01-06 18:51:34,093 - INFO - 边数 (E): 5962
2026-01-06 18:51:34,093 - INFO - 密度 (Density): 0.00071482 (越小越稀疏)
2026-01-06 18:51:34,093 - INFO - 稀疏度 (Sparsity): 0.99928518 (越接近1越稀疏)
2026-01-06 18:51:34,093 - INFO - 平均度数 (Avg Degree): 2.06
2026-01-06 18:51:34,094 - INFO - 复用概率分布 文件位置: /root/pythonspace/data-test/network.netfacebookego/2026-1-7-3-[50,50,900]/distribution-in-network.netfacebookego/distribution-random_seedNum-90.pkl
2026-01-06 18:51:34,101 - INFO - 从当前位置 读取种子集 /root/pythonspace/data-test/network.netfacebookego/2026-1-7-3-[50,50,900]/seeds-with-network.netfacebookego/random_random_seedNum-90_SSRNum-100000.txt
2026-01-06 18:51:34,101 - INFO - 从当前位置 读取种子集 /root/pythonspace/data-test/network.netfacebookego/2026-1-7-3-[50,50,900]/seeds-with-network.netfacebookego/random_degreeTopM_seedNum-90_SSRNum-100000.txt
2026-01-06 18:51:34,102 - INFO - 从当前位置 读取种子集 /root/pythonspace/data-test/network.netfacebookego/2026-1-7-3-[50,50,900]/seeds-with-network.netfacebookego/random_pageRank_seedNum-90_SSRNum-100000.txt
2026-01-06 18:51:34,102 - INFO - 从当前位置 读取种子集 /root/pythonspace/data-test/network.netfacebookego/2026-1-7-3-[50,50,900]/seeds-with-network.netfacebookego/random_alpha_sort_seedNum-90_SSRNum-100000.txt
2026-01-06 18:51:34,103 - INFO - 从当前位置 读取种子集 /root/pythonspace/data-test/network.netfacebookego/2026-1-7-3-[50,50,900]/seeds-with-network.netfacebookego/random_importance_sort_seedNum-90_SSRNum-100000.txt
2026-01-06 18:51:34,104 - INFO - 从当前位置 读取种子集 /root/pythonspace/data-test/network.netfacebookego/2026-1-7-3-[50,50,900]/seeds-with-network.netfacebookego/random_ris_coverage_seedNum-90_SSRNum-100000.txt
2026-01-06 18:51:34,105 - INFO - 首次生成种子集 monterCarlo_CELF
2026-01-06 18:51:34,105 - INFO - 执行当前算法开始: monterCarlo_CELF
2026-01-06 18:51:34,105 - INFO - --- Running: CELF Greedy Monte Carlo (Sims=300) ---
2026-01-06 18:51:34,105 - INFO - Step 0: 初始化所有节点的边际增益...
2026-01-06 18:54:01,389 - INFO - Seed 1: 2264, Spread: 0.46
2026-01-06 18:55:26,132 - INFO - Seed 2: 2746, Gain: 0.35, Total: 0.80
2026-01-06 18:56:13,236 - INFO - Seed 3: 1445, Gain: 0.34, Total: 1.14
2026-01-06 18:56:47,535 - INFO - Seed 4: 2280, Gain: 0.33, Total: 1.47
2026-01-06 18:56:48,376 - INFO - Seed 5: 1442, Gain: 0.33, Total: 1.80
2026-01-06 18:57:00,071 - INFO - Seed 6: 824, Gain: 0.37, Total: 2.17
2026-01-06 19:02:35,206 - INFO - Seed 7: 2545, Gain: 0.33, Total: 2.50
2026-01-06 19:06:32,623 - INFO - Seed 8: 896, Gain: 0.31, Total: 2.81
2026-01-06 19:08:49,579 - INFO - Seed 9: 426, Gain: 0.23, Total: 3.04
2026-01-06 19:08:54,683 - INFO - Seed 10: 1705, Gain: 0.27, Total: 3.31
2026-01-06 19:08:55,204 - INFO - Seed 11: 651, Gain: 0.24, Total: 3.54
2026-01-06 19:09:00,703 - INFO - Seed 12: 1710, Gain: 0.24, Total: 3.78
2026-01-06 19:09:01,380 - INFO - Seed 13: 1211, Gain: 0.30, Total: 4.09
2026-01-06 19:09:03,471 - INFO - Seed 14: 2690, Gain: 0.37, Total: 4.45
2026-01-06 19:09:04,227 - INFO - Seed 15: 2430, Gain: 0.33, Total: 4.78
2026-01-06 19:09:10,566 - INFO - Seed 16: 1911, Gain: 0.24, Total: 5.03
2026-01-06 19:09:11,338 - INFO - Seed 17: 2365, Gain: 0.38, Total: 5.40
2026-01-06 19:09:13,095 - INFO - Seed 18: 376, Gain: 0.26, Total: 5.67
2026-01-06 19:09:27,340 - INFO - Seed 19: 222, Gain: 0.37, Total: 6.04
2026-01-06 19:09:28,256 - INFO - Seed 20: 1915, Gain: 0.32, Total: 6.36
2026-01-06 19:09:31,500 - INFO - Seed 21: 925, Gain: 0.33, Total: 6.69
2026-01-06 19:09:59,055 - INFO - Seed 22: 1767, Gain: 0.26, Total: 6.95
2026-01-06 19:10:29,226 - INFO - Seed 23: 1238, Gain: 0.30, Total: 7.25
2026-01-06 19:14:24,430 - INFO - Seed 24: 520, Gain: 0.26, Total: 7.50
2026-01-06 19:14:34,614 - INFO - Seed 25: 2478, Gain: 0.24, Total: 7.74
2026-01-06 19:18:54,285 - INFO - Seed 26: 2546, Gain: 0.26, Total: 8.00
2026-01-06 19:19:23,398 - INFO - Seed 27: 214, Gain: 0.22, Total: 8.22
2026-01-06 19:19:27,568 - INFO - Seed 28: 2403, Gain: 0.25, Total: 8.47
2026-01-06 19:19:33,371 - INFO - Seed 29: 1866, Gain: 0.35, Total: 8.82
2026-01-06 19:20:09,746 - INFO - Seed 30: 2256, Gain: 0.20, Total: 9.01
2026-01-06 19:20:11,215 - INFO - Seed 31: 1973, Gain: 0.29, Total: 9.31
2026-01-06 19:20:43,483 - INFO - Seed 32: 254, Gain: 0.42, Total: 9.72
2026-01-06 19:22:17,665 - INFO - Seed 33: 2799, Gain: 0.33, Total: 10.05
2026-01-06 19:23:12,955 - INFO - Seed 34: 452, Gain: 0.20, Total: 10.25
2026-01-06 19:25:35,869 - INFO - Seed 35: 2822, Gain: 0.20, Total: 10.45
2026-01-06 19:26:20,682 - INFO - Seed 36: 1561, Gain: 0.18, Total: 10.63
2026-01-06 19:26:24,159 - INFO - Seed 37: 344, Gain: 0.20, Total: 10.83
2026-01-06 19:26:41,700 - INFO - Seed 38: 2465, Gain: 0.20, Total: 11.03
2026-01-06 19:26:54,872 - INFO - Seed 39: 507, Gain: 0.18, Total: 11.21
2026-01-06 19:26:56,981 - INFO - Seed 40: 334, Gain: 0.27, Total: 11.48
2026-01-06 19:27:01,233 - INFO - Seed 41: 2135, Gain: 0.19, Total: 11.67
2026-01-06 19:27:05,393 - INFO - Seed 42: 1364, Gain: 0.28, Total: 11.95
2026-01-06 19:27:09,608 - INFO - Seed 43: 114, Gain: 0.35, Total: 12.30
2026-01-06 19:27:17,680 - INFO - Seed 44: 1159, Gain: 0.29, Total: 12.58
2026-01-06 19:27:45,139 - INFO - Seed 45: 1750, Gain: 0.18, Total: 12.76
2026-01-06 19:27:53,622 - INFO - Seed 46: 2341, Gain: 0.20, Total: 12.97
2026-01-06 19:28:35,096 - INFO - Seed 47: 2597, Gain: 0.33, Total: 13.30
2026-01-06 19:28:41,780 - INFO - Seed 48: 2579, Gain: 0.20, Total: 13.50
2026-01-06 19:28:51,632 - INFO - Seed 49: 2286, Gain: 0.22, Total: 13.72
2026-01-06 19:28:56,386 - INFO - Seed 50: 519, Gain: 0.35, Total: 14.07
2026-01-06 19:29:30,787 - INFO - Seed 51: 1246, Gain: 0.21, Total: 14.28
2026-01-06 19:30:19,097 - INFO - Seed 52: 2308, Gain: 0.20, Total: 14.48
2026-01-06 19:31:40,880 - INFO - Seed 53: 1949, Gain: 0.18, Total: 14.66
2026-01-06 19:32:17,790 - INFO - Seed 54: 355, Gain: 0.24, Total: 14.90
2026-01-06 19:33:45,040 - INFO - Seed 55: 592, Gain: 0.24, Total: 15.14
2026-01-06 19:35:40,527 - INFO - Seed 56: 1921, Gain: 0.24, Total: 15.38
2026-01-06 19:35:43,126 - INFO - Seed 57: 1521, Gain: 0.19, Total: 15.57
2026-01-06 19:36:50,337 - INFO - Seed 58: 2024, Gain: 0.21, Total: 15.78
2026-01-06 19:38:06,844 - INFO - Seed 59: 2879, Gain: 0.31, Total: 16.08
2026-01-06 19:39:11,457 - INFO - Seed 60: 1052, Gain: 0.15, Total: 16.24
2026-01-06 19:42:30,577 - INFO - Seed 61: 2854, Gain: 0.22, Total: 16.46
2026-01-06 19:42:33,566 - INFO - Seed 62: 2493, Gain: 0.18, Total: 16.63
2026-01-06 19:43:03,566 - INFO - Seed 63: 1661, Gain: 0.19, Total: 16.82
2026-01-06 19:43:06,475 - INFO - Seed 64: 1440, Gain: 0.17, Total: 16.99
2026-01-06 19:43:42,740 - INFO - Seed 65: 2607, Gain: 0.25, Total: 17.24
2026-01-06 19:43:55,582 - INFO - Seed 66: 2644, Gain: 0.24, Total: 17.48
2026-01-06 19:44:08,891 - INFO - Seed 67: 339, Gain: 0.15, Total: 17.64
2026-01-06 19:44:18,986 - INFO - Seed 68: 1914, Gain: 0.17, Total: 17.80
2026-01-06 19:44:29,156 - INFO - Seed 69: 1481, Gain: 0.26, Total: 18.07
2026-01-06 19:45:15,658 - INFO - Seed 70: 2884, Gain: 0.14, Total: 18.21
2026-01-06 19:45:19,478 - INFO - Seed 71: 2520, Gain: 0.29, Total: 18.50
2026-01-06 19:45:39,375 - INFO - Seed 72: 2662, Gain: 0.15, Total: 18.64
2026-01-06 19:45:43,395 - INFO - Seed 73: 2158, Gain: 0.17, Total: 18.81
2026-01-06 19:45:47,605 - INFO - Seed 74: 1318, Gain: 0.21, Total: 19.02
2026-01-06 19:45:52,140 - INFO - Seed 75: 289, Gain: 0.14, Total: 19.17
2026-01-06 19:46:00,814 - INFO - Seed 76: 1050, Gain: 0.57, Total: 19.74
2026-01-06 19:46:52,834 - INFO - Seed 77: 1933, Gain: 0.34, Total: 20.08
2026-01-06 20:04:32,635 - INFO - Seed 78: 639, Gain: 0.12, Total: 20.20
2026-01-06 20:05:52,731 - INFO - Seed 79: 2859, Gain: 0.15, Total: 20.34
2026-01-06 20:06:29,368 - INFO - Seed 80: 2682, Gain: 0.16, Total: 20.50
2026-01-06 20:06:33,060 - INFO - Seed 81: 2689, Gain: 0.22, Total: 20.73
2026-01-06 20:06:40,777 - INFO - Seed 82: 1984, Gain: 0.15, Total: 20.87
2026-01-06 20:06:56,343 - INFO - Seed 83: 2257, Gain: 0.15, Total: 21.02
2026-01-06 20:07:11,990 - INFO - Seed 84: 2436, Gain: 0.22, Total: 21.24
2026-01-06 20:07:27,656 - INFO - Seed 85: 268, Gain: 0.16, Total: 21.40
2026-01-06 20:07:39,804 - INFO - Seed 86: 1636, Gain: 0.19, Total: 21.59
2026-01-06 20:07:52,211 - INFO - Seed 87: 2530, Gain: 0.11, Total: 21.71
2026-01-06 20:08:20,823 - INFO - Seed 88: 589, Gain: 0.17, Total: 21.87
2026-01-06 20:08:28,980 - INFO - Seed 89: 2603, Gain: 0.73, Total: 22.61
2026-01-06 20:18:55,751 - INFO - Seed 90: 2848, Gain: 0.13, Total: 22.74
2026-01-06 20:18:55,752 - INFO - CELF 完成，总耗时: 5241.65s
2026-01-06 20:18:55,752 - INFO - 当前用时 5241.65 秒
2026-01-06 20:18:55,752 - INFO - 将种子集 写入位置: /root/pythonspace/data-test/network.netfacebookego/2026-1-7-3-[50,50,900]/seeds-with-network.netfacebookego/random_monterCarlo_CELF_seedNum-90_SSRNum-100000.txt
2026-01-06 20:18:55,752 - INFO - 评估种子集: None
2026-01-06 20:18:55,752 - INFO - 多进程评估开始，共有 7 个方法待评估...
2026-01-06 20:18:55,752 - INFO - 启动进程池，Worker数量: 7
2026-01-06 20:18:55,902 - INFO - [Process 13246] 开始评估方法: random, 种子数: 90
2026-01-06 20:18:56,030 - INFO - [Process 13247] 开始评估方法: degreeTopM, 种子数: 90
2026-01-06 20:18:56,171 - INFO - [Process 13248] 开始评估方法: pageRank, 种子数: 90
2026-01-06 20:18:56,316 - INFO - [Process 13249] 开始评估方法: alpha_sort, 种子数: 90
2026-01-06 20:18:56,455 - INFO - [Process 13250] 开始评估方法: importance_sort, 种子数: 90
2026-01-06 20:18:56,584 - INFO - [Process 13251] 开始评估方法: ris_coverage, 种子数: 90
2026-01-06 20:18:56,721 - INFO - [Process 13252] 开始评估方法: monterCarlo_CELF, 种子数: 90
2026-01-06 20:19:09,420 - INFO - [Process 13250] importance_sort - 1000 sims 完成: E=16.80
2026-01-06 20:19:09,527 - INFO - [Process 13247] degreeTopM - 1000 sims 完成: E=21.14
2026-01-06 20:19:09,704 - INFO - [Process 13248] pageRank - 1000 sims 完成: E=21.09
2026-01-06 20:19:09,958 - INFO - [Process 13246] random - 1000 sims 完成: E=21.41
2026-01-06 20:19:10,194 - INFO - [Process 13249] alpha_sort - 1000 sims 完成: E=22.14
2026-01-06 20:19:10,303 - INFO - [Process 13251] ris_coverage - 1000 sims 完成: E=22.63
2026-01-06 20:19:10,593 - INFO - [Process 13252] monterCarlo_CELF - 1000 sims 完成: E=22.14
2026-01-06 20:19:10,601 - INFO - 所有进程执行完毕，开始写入数据...
2026-01-06 20:19:10,605 - INFO - 成功写入 7 条记录至 /root/pythonspace/data-test/network.netfacebookego/2026-1-7-3-[50,50,900]/E-activated-network.netfacebookego/distribution-random/simuTimes-1000_random-dirichlet-[50, 50, 900]_rrNumSamples-100000.csv
2026-01-06 20:19:10,605 - INFO - 保存评估文件至: /root/pythonspace/data-test/network.netfacebookego/2026-1-7-3-[50,50,900]/E-activated-network.netfacebookego/distribution-random/simuTimes-1000_random-dirichlet-[50, 50, 900]_rrNumSamples-100000.csv
