2026-01-05 16:08:42,763 - INFO - 加载数据集: facebook
2026-01-05 16:08:42,764 - INFO - --- 矩阵分析 ---
2026-01-05 16:08:42,765 - INFO - 节点数 (N): 4039
2026-01-05 16:08:42,765 - INFO - 边数 (E): 176468
2026-01-05 16:08:42,765 - INFO - 密度 (Density): 0.01081728 (越小越稀疏)
2026-01-05 16:08:42,765 - INFO - 稀疏度 (Sparsity): 0.98918272 (越接近1越稀疏)
2026-01-05 16:08:42,765 - INFO - 平均度数 (Avg Degree): 43.69
2026-01-05 16:08:42,767 - INFO - 首次生成度相关概率分布 分布类型: 'random'.
2026-01-05 16:08:42,767 - INFO - ===> Generating 'Dirichlet' distributions with alpha=[500, 500, 500]...
2026-01-05 16:08:42,769 - INFO - 保存概率分布 文件位置: /root/pythonspace/data-test/facebook/2026-1-5-watch-fans-100-random_dirichlet=[500,500,500]/distribution-in-facebook/distribution-random_seedNum-80.pkl
2026-01-05 16:08:42,769 - INFO - >>> 正在注入‘社区效应/看门人机制’以区分算法能力...
2026-01-05 16:08:42,817 - INFO - 首次生成种子集 random
2026-01-05 16:08:42,817 - INFO - 执行当前算法开始: random
2026-01-05 16:08:42,817 - INFO - 数据集节点总数:  n = 4039, m = 80
2026-01-05 16:08:42,818 - INFO - 选择 80  [810, 928, 332, 3630, 1493, 2606, 2708, 3135, 763, 3363, 3508, 2130, 2580, 1011, 4008, 544, 2727, 2664, 3725, 3648, 2364, 2987, 1779, 1876, 1936, 2284, 1184, 3764, 1152, 1508, 285, 1097, 2411, 2911, 826, 2669, 2469, 2285, 1327, 3295, 400, 3971, 2094, 3404, 1355, 803, 3866, 2683, 3126, 2972, 4017, 3450, 2496, 1640, 1405, 3893, 2101, 142, 1465, 394, 3223, 4020, 2946, 713, 62, 3620, 60, 3753, 2443, 1983, 1444, 1691, 969, 1312, 3641, 222, 1459, 2813, 82, 357]

2026-01-05 16:08:42,818 - INFO - 当前用时 0.00 秒
2026-01-05 16:08:42,818 - INFO - 将种子集 写入位置: /root/pythonspace/data-test/facebook/2026-1-5-watch-fans-100-random_dirichlet=[500,500,500]/seeds-with-facebook/random_random_seedNum-80_SSRNum-100000.txt
2026-01-05 16:08:42,818 - INFO - 首次生成种子集 degreeTopM
2026-01-05 16:08:42,818 - INFO - 执行当前算法开始: degreeTopM
2026-01-05 16:08:42,818 - INFO - 依据: 选择连接数（度数）最多的节点。
2026-01-05 16:08:42,820 - INFO - 选择的 Top M 节点及其度数:
2026-01-05 16:08:42,820 - INFO - 
2026-01-05 16:08:42,820 - INFO - 当前用时 0.00 秒
2026-01-05 16:08:42,820 - INFO - 将种子集 写入位置: /root/pythonspace/data-test/facebook/2026-1-5-watch-fans-100-random_dirichlet=[500,500,500]/seeds-with-facebook/random_degreeTopM_seedNum-80_SSRNum-100000.txt
2026-01-05 16:08:42,820 - INFO - 首次生成种子集 pageRank
2026-01-05 16:08:42,820 - INFO - 执行当前算法开始: pageRank
2026-01-05 16:08:42,820 - INFO - --- Running: PageRank (on tranProMatrix) Top M ---
2026-01-05 16:08:43,837 - INFO - Selected PageRank seeds: [1821, 107, 351, 0, 352, 348, 1831, 1827, 349, 1843, 366, 2088, 362, 2130, 56, 25, 1973, 322, 365, 350, 67, 3626, 3226, 1858, 271, 371, 403, 119, 3581, 3946, 277, 1373, 1285, 3634, 21, 26, 1850, 1490, 2508, 252, 1573, 838, 2188, 378, 1149, 2806, 3559, 1215, 122, 572, 917, 1268, 1950, 2902, 1538, 1864, 368, 1070, 136, 2427, 2055, 2154, 2305, 2832, 239, 2622, 2315, 367, 2403, 1253, 359, 685, 2797, 315, 203, 9, 360, 571, 2053, 958]
2026-01-05 16:08:43,859 - INFO - 当前用时 1.04 秒
2026-01-05 16:08:43,859 - INFO - 将种子集 写入位置: /root/pythonspace/data-test/facebook/2026-1-5-watch-fans-100-random_dirichlet=[500,500,500]/seeds-with-facebook/random_pageRank_seedNum-80_SSRNum-100000.txt
2026-01-05 16:08:43,859 - INFO - 首次生成种子集 alpha_sort
2026-01-05 16:08:43,859 - INFO - 执行当前算法开始: alpha_sort
2026-01-05 16:08:43,860 - INFO - 4039 个节点的alpha值降序排序 done
2026-01-05 16:08:43,861 - INFO - ==============>> [(1, 0.4), (2, 0.4), (3, 0.4), (4, 0.4), (5, 0.4), (6, 0.4), (7, 0.4), (8, 0.4), (9, 0.4), (10, 0.4)]
2026-01-05 16:08:43,861 - INFO - 
选择的种子集 (按alpha排序): [1, 2, 3, 4, 5, 6, 7, 8, 9, 10, 11, 12, 13, 14, 15, 16, 17, 18, 19, 20, 21, 22, 23, 24, 25, 26, 27, 28, 29, 30, 31, 32, 33, 34, 35, 36, 37, 38, 39, 40, 41, 42, 43, 44, 45, 46, 47, 48, 49, 50, 51, 52, 53, 54, 55, 56, 57, 58, 59, 60, 61, 62, 63, 64, 65, 66, 67, 68, 69, 70, 71, 72, 73, 74, 75, 76, 77, 78, 79, 80]

2026-01-05 16:08:43,861 - INFO - 当前用时 0.00 秒
2026-01-05 16:08:43,861 - INFO - 将种子集 写入位置: /root/pythonspace/data-test/facebook/2026-1-5-watch-fans-100-random_dirichlet=[500,500,500]/seeds-with-facebook/random_alpha_sort_seedNum-80_SSRNum-100000.txt
2026-01-05 16:08:43,861 - INFO - 首次生成种子集 importance_sort
2026-01-05 16:08:43,861 - INFO - 执行当前算法开始: importance_sort
2026-01-05 16:08:46,073 - INFO - 4039 个节点的Importance值降序排序 done
2026-01-05 16:08:46,073 - INFO - 
选择的种子集 (按Importance排序): [1, 2, 3, 4, 5, 6, 7, 8, 9, 10, 11, 12, 13, 14, 15, 16, 17, 18, 19, 20, 21, 22, 23, 24, 25, 26, 27, 28, 29, 30, 31, 32, 33, 34, 35, 36, 37, 38, 39, 40, 41, 42, 43, 44, 45, 46, 47, 48, 49, 50, 51, 52, 53, 54, 55, 56, 57, 58, 59, 60, 61, 62, 63, 64, 65, 66, 67, 68, 69, 70, 71, 72, 73, 74, 75, 76, 77, 78, 79, 80]

2026-01-05 16:08:46,073 - INFO - 当前用时 2.21 秒
2026-01-05 16:08:46,074 - INFO - 将种子集 写入位置: /root/pythonspace/data-test/facebook/2026-1-5-watch-fans-100-random_dirichlet=[500,500,500]/seeds-with-facebook/random_importance_sort_seedNum-80_SSRNum-100000.txt
2026-01-05 16:08:46,074 - INFO - 首次生成种子集 ris_coverage
2026-01-05 16:08:46,074 - INFO - 执行当前算法开始: ris_coverage
2026-01-05 16:08:46,292 - INFO - 图初始化完成，节点数: 4039，CSR 矩阵准备就绪。
2026-01-05 16:08:46,292 - INFO - 
开始生成 100000 组 SSR (并行进程: 8)...
2026-01-05 16:09:35,241 - INFO - 生成完毕。耗时: 48.95 秒。
2026-01-05 16:09:35,242 - INFO - 
开始选择最优种子 (Optimized Greedy) ...
2026-01-05 16:09:58,901 - INFO -   - 券 1/80 选中节点 995, 新增覆盖 131
2026-01-05 16:09:58,924 - INFO -   - 券 2/80 选中节点 1226, 新增覆盖 128
2026-01-05 16:09:58,950 - INFO -   - 券 3/80 选中节点 1280, 新增覆盖 123
2026-01-05 16:09:58,975 - INFO -   - 券 4/80 选中节点 391, 新增覆盖 125
2026-01-05 16:09:59,002 - INFO -   - 券 5/80 选中节点 3162, 新增覆盖 122
2026-01-05 16:09:59,029 - INFO -   - 券 6/80 选中节点 2220, 新增覆盖 118
2026-01-05 16:09:59,057 - INFO -   - 券 7/80 选中节点 2656, 新增覆盖 128
2026-01-05 16:09:59,087 - INFO -   - 券 8/80 选中节点 2141, 新增覆盖 115
2026-01-05 16:09:59,117 - INFO -   - 券 9/80 选中节点 1368, 新增覆盖 121
2026-01-05 16:09:59,148 - INFO -   - 券 10/80 选中节点 2701, 新增覆盖 121
2026-01-05 16:09:59,178 - INFO -   - 券 11/80 选中节点 2147, 新增覆盖 124
2026-01-05 16:09:59,208 - INFO -   - 券 12/80 选中节点 2185, 新增覆盖 116
2026-01-05 16:09:59,242 - INFO -   - 券 13/80 选中节点 3204, 新增覆盖 121
2026-01-05 16:09:59,277 - INFO -   - 券 14/80 选中节点 418, 新增覆盖 116
2026-01-05 16:09:59,311 - INFO -   - 券 15/80 选中节点 1078, 新增覆盖 117
2026-01-05 16:09:59,346 - INFO -   - 券 16/80 选中节点 836, 新增覆盖 116
2026-01-05 16:09:59,384 - INFO -   - 券 17/80 选中节点 1005, 新增覆盖 119
2026-01-05 16:09:59,421 - INFO -   - 券 18/80 选中节点 2064, 新增覆盖 118
2026-01-05 16:09:59,463 - INFO -   - 券 19/80 选中节点 2413, 新增覆盖 124
2026-01-05 16:09:59,506 - INFO -   - 券 20/80 选中节点 973, 新增覆盖 118
2026-01-05 16:09:59,549 - INFO -   - 券 21/80 选中节点 2105, 新增覆盖 115
2026-01-05 16:09:59,592 - INFO -   - 券 22/80 选中节点 518, 新增覆盖 111
2026-01-05 16:09:59,636 - INFO -   - 券 23/80 选中节点 825, 新增覆盖 122
2026-01-05 16:09:59,684 - INFO -   - 券 24/80 选中节点 2564, 新增覆盖 114
2026-01-05 16:09:59,734 - INFO -   - 券 25/80 选中节点 1382, 新增覆盖 113
2026-01-05 16:09:59,789 - INFO -   - 券 26/80 选中节点 616, 新增覆盖 114
2026-01-05 16:09:59,837 - INFO -   - 券 27/80 选中节点 703, 新增覆盖 112
2026-01-05 16:09:59,890 - INFO -   - 券 28/80 选中节点 3390, 新增覆盖 118
2026-01-05 16:09:59,943 - INFO -   - 券 29/80 选中节点 637, 新增覆盖 114
2026-01-05 16:09:59,997 - INFO -   - 券 30/80 选中节点 2400, 新增覆盖 117
2026-01-05 16:10:00,053 - INFO -   - 券 31/80 选中节点 732, 新增覆盖 110
2026-01-05 16:10:00,109 - INFO -   - 券 32/80 选中节点 1497, 新增覆盖 115
2026-01-05 16:10:00,166 - INFO -   - 券 33/80 选中节点 2196, 新增覆盖 111
2026-01-05 16:10:00,225 - INFO -   - 券 34/80 选中节点 2226, 新增覆盖 117
2026-01-05 16:10:00,285 - INFO -   - 券 35/80 选中节点 2923, 新增覆盖 114
2026-01-05 16:10:00,345 - INFO -   - 券 36/80 选中节点 2486, 新增覆盖 110
2026-01-05 16:10:00,406 - INFO -   - 券 37/80 选中节点 2695, 新增覆盖 105
2026-01-05 16:10:00,468 - INFO -   - 券 38/80 选中节点 862, 新增覆盖 105
2026-01-05 16:10:00,531 - INFO -   - 券 39/80 选中节点 508, 新增覆盖 111
2026-01-05 16:10:00,598 - INFO -   - 券 40/80 选中节点 2110, 新增覆盖 118
2026-01-05 16:10:00,663 - INFO -   - 券 41/80 选中节点 941, 新增覆盖 116
2026-01-05 16:10:00,732 - INFO -   - 券 42/80 选中节点 2915, 新增覆盖 113
2026-01-05 16:10:00,799 - INFO -   - 券 43/80 选中节点 2935, 新增覆盖 114
2026-01-05 16:10:00,864 - INFO -   - 券 44/80 选中节点 751, 新增覆盖 105
2026-01-05 16:10:00,931 - INFO -   - 券 45/80 选中节点 2938, 新增覆盖 106
2026-01-05 16:10:01,003 - INFO -   - 券 46/80 选中节点 2507, 新增覆盖 109
2026-01-05 16:10:01,068 - INFO -   - 券 47/80 选中节点 827, 新增覆盖 108
2026-01-05 16:10:01,145 - INFO -   - 券 48/80 选中节点 809, 新增覆盖 109
2026-01-05 16:10:01,216 - INFO -   - 券 49/80 选中节点 3198, 新增覆盖 107
2026-01-05 16:10:01,292 - INFO -   - 券 50/80 选中节点 1259, 新增覆盖 110
2026-01-05 16:10:01,379 - INFO -   - 券 51/80 选中节点 989, 新增覆盖 115
2026-01-05 16:10:01,452 - INFO -   - 券 52/80 选中节点 2176, 新增覆盖 114
2026-01-05 16:10:01,530 - INFO -   - 券 53/80 选中节点 2338, 新增覆盖 115
2026-01-05 16:10:01,611 - INFO -   - 券 54/80 选中节点 2696, 新增覆盖 103
2026-01-05 16:10:01,689 - INFO -   - 券 55/80 选中节点 2316, 新增覆盖 120
2026-01-05 16:10:01,772 - INFO -   - 券 56/80 选中节点 3230, 新增覆盖 108
2026-01-05 16:10:01,858 - INFO -   - 券 57/80 选中节点 563, 新增覆盖 106
2026-01-05 16:10:01,948 - INFO -   - 券 58/80 选中节点 426, 新增覆盖 105
2026-01-05 16:10:02,025 - INFO -   - 券 59/80 选中节点 883, 新增覆盖 115
2026-01-05 16:10:02,108 - INFO -   - 券 60/80 选中节点 1012, 新增覆盖 110
2026-01-05 16:10:02,190 - INFO -   - 券 61/80 选中节点 3171, 新增覆盖 112
2026-01-05 16:10:02,271 - INFO -   - 券 62/80 选中节点 709, 新增覆盖 109
2026-01-05 16:10:02,357 - INFO -   - 券 63/80 选中节点 2112, 新增覆盖 104
2026-01-05 16:10:02,443 - INFO -   - 券 64/80 选中节点 926, 新增覆盖 105
2026-01-05 16:10:02,538 - INFO -   - 券 65/80 选中节点 1555, 新增覆盖 101
2026-01-05 16:10:02,630 - INFO -   - 券 66/80 选中节点 462, 新增覆盖 103
2026-01-05 16:10:02,725 - INFO -   - 券 67/80 选中节点 2628, 新增覆盖 109
2026-01-05 16:10:02,823 - INFO -   - 券 68/80 选中节点 377, 新增覆盖 107
2026-01-05 16:10:02,910 - INFO -   - 券 69/80 选中节点 782, 新增覆盖 105
2026-01-05 16:10:03,011 - INFO -   - 券 70/80 选中节点 2389, 新增覆盖 110
2026-01-05 16:10:03,104 - INFO -   - 券 71/80 选中节点 1495, 新增覆盖 99
2026-01-05 16:10:03,194 - INFO -   - 券 72/80 选中节点 2828, 新增覆盖 102
2026-01-05 16:10:03,286 - INFO -   - 券 73/80 选中节点 2302, 新增覆盖 110
2026-01-05 16:10:03,380 - INFO -   - 券 74/80 选中节点 493, 新增覆盖 104
2026-01-05 16:10:03,470 - INFO -   - 券 75/80 选中节点 3017, 新增覆盖 103
2026-01-05 16:10:03,580 - INFO -   - 券 76/80 选中节点 2322, 新增覆盖 101
2026-01-05 16:10:03,669 - INFO -   - 券 77/80 选中节点 2182, 新增覆盖 107
2026-01-05 16:10:03,767 - INFO -   - 券 78/80 选中节点 3469, 新增覆盖 99
2026-01-05 16:10:03,869 - INFO -   - 券 79/80 选中节点 2937, 新增覆盖 102
2026-01-05 16:10:03,973 - INFO -   - 券 80/80 选中节点 1120, 新增覆盖 106
2026-01-05 16:10:03,973 - INFO - 选种完毕。耗时: 28.73 秒。
2026-01-05 16:10:04,687 - INFO - 最终选择的种子集: [995, 1226, 1280, 391, 3162, 2220, 2656, 2141, 1368, 2701, 2147, 2185, 3204, 418, 1078, 836, 1005, 2064, 2413, 973, 2105, 518, 825, 2564, 1382, 616, 703, 3390, 637, 2400, 732, 1497, 2196, 2226, 2923, 2486, 2695, 862, 508, 2110, 941, 2915, 2935, 751, 2938, 2507, 827, 809, 3198, 1259, 989, 2176, 2338, 2696, 2316, 3230, 563, 426, 883, 1012, 3171, 709, 2112, 926, 1555, 462, 2628, 377, 782, 2389, 1495, 2828, 2302, 493, 3017, 2322, 2182, 3469, 2937, 1120]

2026-01-05 16:10:06,302 - INFO - 当前用时 80.23 秒
2026-01-05 16:10:06,303 - INFO - 将种子集 写入位置: /root/pythonspace/data-test/facebook/2026-1-5-watch-fans-100-random_dirichlet=[500,500,500]/seeds-with-facebook/random_ris_coverage_seedNum-80_SSRNum-100000.txt
2026-01-05 16:10:06,303 - INFO - 首次生成种子集 monterCarlo_CELF
2026-01-05 16:10:06,303 - INFO - 执行当前算法开始: monterCarlo_CELF
2026-01-05 16:10:06,303 - INFO - --- Running: CELF Greedy Monte Carlo (Sims=300) ---
2026-01-05 16:10:06,303 - INFO - Step 0: 初始化所有节点的边际增益...
2026-01-05 16:10:46,182 - INFO - Seed 1: 39, Spread: 0.67
2026-01-05 16:10:56,193 - INFO - Seed 2: 3534, Gain: 0.60, Total: 1.27
2026-01-05 16:11:05,054 - INFO - Seed 3: 360, Gain: 0.59, Total: 1.86
2026-01-05 16:11:23,430 - INFO - Seed 4: 338, Gain: 0.59, Total: 2.46
2026-01-05 16:11:24,020 - INFO - Seed 5: 718, Gain: 0.58, Total: 3.04
2026-01-05 16:11:29,708 - INFO - Seed 6: 260, Gain: 0.60, Total: 3.63
2026-01-05 16:11:35,980 - INFO - Seed 7: 3133, Gain: 0.60, Total: 4.23
2026-01-05 16:11:38,679 - INFO - Seed 8: 3443, Gain: 0.57, Total: 4.80
2026-01-05 16:11:53,060 - INFO - Seed 9: 2963, Gain: 0.59, Total: 5.40
2026-01-05 16:12:12,272 - INFO - Seed 10: 2505, Gain: 0.65, Total: 6.04
2026-01-05 16:14:33,654 - INFO - Seed 11: 2850, Gain: 0.54, Total: 6.58
2026-01-05 16:14:37,209 - INFO - Seed 12: 776, Gain: 0.55, Total: 7.13
2026-01-05 16:14:41,850 - INFO - Seed 13: 2781, Gain: 0.57, Total: 7.70
2026-01-05 16:14:45,916 - INFO - Seed 14: 3676, Gain: 0.56, Total: 8.26
2026-01-05 16:15:08,297 - INFO - Seed 15: 3929, Gain: 0.62, Total: 8.88
2026-01-05 16:15:20,057 - INFO - Seed 16: 1701, Gain: 0.52, Total: 9.40
2026-01-05 16:15:34,507 - INFO - Seed 17: 2442, Gain: 0.60, Total: 10.00
2026-01-05 16:15:34,835 - INFO - Seed 18: 2852, Gain: 0.54, Total: 10.54
2026-01-05 16:15:45,183 - INFO - Seed 19: 3240, Gain: 0.59, Total: 11.13
2026-01-05 16:15:50,581 - INFO - Seed 20: 875, Gain: 0.64, Total: 11.77
2026-01-05 16:16:34,532 - INFO - Seed 21: 631, Gain: 0.54, Total: 12.32
2026-01-05 16:16:37,151 - INFO - Seed 22: 3247, Gain: 0.52, Total: 12.84
2026-01-05 16:16:44,564 - INFO - Seed 23: 2286, Gain: 0.51, Total: 13.35
2026-01-05 16:16:44,779 - INFO - Seed 24: 665, Gain: 0.54, Total: 13.89
2026-01-05 16:16:45,466 - INFO - Seed 25: 2659, Gain: 0.71, Total: 14.60
2026-01-05 16:16:46,147 - INFO - Seed 26: 3055, Gain: 0.56, Total: 15.16
2026-01-05 16:16:57,319 - INFO - Seed 27: 1214, Gain: 0.51, Total: 15.67
2026-01-05 16:16:59,686 - INFO - Seed 28: 2469, Gain: 0.48, Total: 16.15
2026-01-05 16:17:01,636 - INFO - Seed 29: 3034, Gain: 0.58, Total: 16.73
2026-01-05 16:17:02,898 - INFO - Seed 30: 3597, Gain: 0.67, Total: 17.41
2026-01-05 16:17:04,532 - INFO - Seed 31: 1546, Gain: 0.48, Total: 17.89
2026-01-05 16:17:05,327 - INFO - Seed 32: 1064, Gain: 0.50, Total: 18.39
2026-01-05 16:17:06,699 - INFO - Seed 33: 692, Gain: 0.50, Total: 18.88
2026-01-05 16:17:06,982 - INFO - Seed 34: 170, Gain: 0.66, Total: 19.54
2026-01-05 16:17:07,871 - INFO - Seed 35: 758, Gain: 0.53, Total: 20.07
2026-01-05 16:17:08,490 - INFO - Seed 36: 3927, Gain: 0.49, Total: 20.56
2026-01-05 16:17:08,806 - INFO - Seed 37: 2272, Gain: 0.52, Total: 21.08
2026-01-05 16:17:09,146 - INFO - Seed 38: 2177, Gain: 0.63, Total: 21.70
2026-01-05 16:17:09,475 - INFO - Seed 39: 503, Gain: 0.55, Total: 22.25
2026-01-05 16:17:09,796 - INFO - Seed 40: 3618, Gain: 0.65, Total: 22.90
2026-01-05 16:17:10,490 - INFO - Seed 41: 1160, Gain: 0.68, Total: 23.59
2026-01-05 16:17:14,184 - INFO - Seed 42: 3369, Gain: 0.48, Total: 24.07
2026-01-05 16:17:15,555 - INFO - Seed 43: 311, Gain: 0.48, Total: 24.55
2026-01-05 16:17:15,915 - INFO - Seed 44: 2444, Gain: 0.52, Total: 25.07
2026-01-05 16:17:16,271 - INFO - Seed 45: 674, Gain: 0.57, Total: 25.64
2026-01-05 16:17:16,977 - INFO - Seed 46: 607, Gain: 0.72, Total: 26.36
2026-01-05 16:17:18,088 - INFO - Seed 47: 1691, Gain: 0.52, Total: 26.88
2026-01-05 16:17:19,233 - INFO - Seed 48: 3121, Gain: 0.77, Total: 27.65
2026-01-05 16:17:21,593 - INFO - Seed 49: 3556, Gain: 0.53, Total: 28.18
2026-01-05 16:17:23,133 - INFO - Seed 50: 2620, Gain: 0.52, Total: 28.70
2026-01-05 16:17:23,523 - INFO - Seed 51: 449, Gain: 0.60, Total: 29.30
2026-01-05 16:17:26,699 - INFO - Seed 52: 143, Gain: 0.48, Total: 29.78
2026-01-05 16:17:27,107 - INFO - Seed 53: 1629, Gain: 0.70, Total: 30.48
2026-01-05 16:17:27,974 - INFO - Seed 54: 2579, Gain: 0.62, Total: 31.11
2026-01-05 16:17:29,705 - INFO - Seed 55: 1448, Gain: 0.50, Total: 31.61
2026-01-05 16:17:31,926 - INFO - Seed 56: 3603, Gain: 0.50, Total: 32.11
2026-01-05 16:17:32,858 - INFO - Seed 57: 3266, Gain: 0.54, Total: 32.65
2026-01-05 16:17:33,770 - INFO - Seed 58: 2097, Gain: 0.53, Total: 33.18
2026-01-05 16:17:34,227 - INFO - Seed 59: 177, Gain: 0.55, Total: 33.73
2026-01-05 16:17:36,585 - INFO - Seed 60: 1171, Gain: 0.53, Total: 34.27
2026-01-05 16:17:37,069 - INFO - Seed 61: 61, Gain: 0.48, Total: 34.75
2026-01-05 16:17:37,567 - INFO - Seed 62: 3509, Gain: 0.83, Total: 35.58
2026-01-05 16:17:43,728 - INFO - Seed 63: 1474, Gain: 0.70, Total: 36.28
2026-01-05 16:17:44,207 - INFO - Seed 64: 938, Gain: 0.60, Total: 36.88
2026-01-05 16:17:48,567 - INFO - Seed 65: 2192, Gain: 0.48, Total: 37.36
2026-01-05 16:17:51,965 - INFO - Seed 66: 3795, Gain: 0.76, Total: 38.13
2026-01-05 16:18:48,976 - INFO - Seed 67: 787, Gain: 0.47, Total: 38.60
2026-01-05 16:18:54,382 - INFO - Seed 68: 906, Gain: 0.62, Total: 39.22
2026-01-05 16:18:58,844 - INFO - Seed 69: 3107, Gain: 0.57, Total: 39.79
2026-01-05 16:19:02,928 - INFO - Seed 70: 2687, Gain: 0.48, Total: 40.26
2026-01-05 16:19:03,448 - INFO - Seed 71: 3320, Gain: 0.46, Total: 40.72
2026-01-05 16:19:05,092 - INFO - Seed 72: 3695, Gain: 0.63, Total: 41.35
2026-01-05 16:19:05,650 - INFO - Seed 73: 2273, Gain: 0.57, Total: 41.92
2026-01-05 16:19:06,784 - INFO - Seed 74: 1617, Gain: 0.54, Total: 42.46
2026-01-05 16:19:11,265 - INFO - Seed 75: 535, Gain: 0.71, Total: 43.17
2026-01-05 16:19:19,601 - INFO - Seed 76: 2041, Gain: 0.46, Total: 43.64
2026-01-05 16:19:29,655 - INFO - Seed 77: 2356, Gain: 0.84, Total: 44.48
2026-01-05 16:20:09,792 - INFO - Seed 78: 1490, Gain: 0.45, Total: 44.93
2026-01-05 16:20:12,125 - INFO - Seed 79: 75, Gain: 0.57, Total: 45.50
2026-01-05 16:20:15,638 - INFO - Seed 80: 2113, Gain: 0.50, Total: 45.99
2026-01-05 16:20:15,638 - INFO - CELF 完成，总耗时: 609.34s
2026-01-05 16:20:15,639 - INFO - 当前用时 609.34 秒
2026-01-05 16:20:15,639 - INFO - 将种子集 写入位置: /root/pythonspace/data-test/facebook/2026-1-5-watch-fans-100-random_dirichlet=[500,500,500]/seeds-with-facebook/random_monterCarlo_CELF_seedNum-80_SSRNum-100000.txt
2026-01-05 16:20:15,640 - INFO - 评估种子集: None
2026-01-05 16:20:15,640 - INFO - 多进程评估开始，共有 7 个方法待评估...
2026-01-05 16:20:15,640 - INFO - 启动进程池，Worker数量: 7
2026-01-05 16:20:16,214 - INFO - [Process 14731] 开始评估方法: random, 种子数: 80
2026-01-05 16:20:16,603 - INFO - [Process 14732] 开始评估方法: degreeTopM, 种子数: 80
2026-01-05 16:20:16,998 - INFO - [Process 14733] 开始评估方法: pageRank, 种子数: 80
2026-01-05 16:20:17,237 - INFO - [Process 14731] random - 500 sims 完成: E=42.01
2026-01-05 16:20:17,379 - INFO - [Process 14734] 开始评估方法: alpha_sort, 种子数: 80
2026-01-05 16:20:17,776 - INFO - [Process 14735] 开始评估方法: importance_sort, 种子数: 80
2026-01-05 16:20:18,151 - INFO - [Process 14736] 开始评估方法: ris_coverage, 种子数: 80
2026-01-05 16:20:18,246 - INFO - [Process 14734] alpha_sort - 500 sims 完成: E=44.15
2026-01-05 16:20:18,277 - INFO - [Process 14733] pageRank - 500 sims 完成: E=41.26
2026-01-05 16:20:18,546 - INFO - [Process 14737] 开始评估方法: monterCarlo_CELF, 种子数: 80
2026-01-05 16:20:18,832 - INFO - [Process 14735] importance_sort - 500 sims 完成: E=44.15
2026-01-05 16:20:18,974 - INFO - [Process 14736] ris_coverage - 500 sims 完成: E=45.43
2026-01-05 16:20:19,599 - INFO - [Process 14737] monterCarlo_CELF - 500 sims 完成: E=45.50
2026-01-05 16:20:20,702 - INFO - [Process 14732] degreeTopM - 500 sims 完成: E=43.03
2026-01-05 16:20:20,740 - INFO - 所有进程执行完毕，开始写入数据...
2026-01-05 16:20:20,747 - INFO - 成功写入 7 条记录至 /root/pythonspace/data-test/facebook/2026-1-5-watch-fans-100-random_dirichlet=[500,500,500]/E-activated-facebook/distribution-random/simuTimes-500_random-dirichlet-[500, 500, 500]_rrNumSamples-100000.csv
2026-01-05 16:20:20,747 - INFO - 保存评估文件至: /root/pythonspace/data-test/facebook/2026-1-5-watch-fans-100-random_dirichlet=[500,500,500]/E-activated-facebook/distribution-random/simuTimes-500_random-dirichlet-[500, 500, 500]_rrNumSamples-100000.csv
