2025-12-22 14:04:34,267 - INFO - 加载数据集: Mich
2025-12-22 14:04:34,326 - INFO - 首次生成度相关概率分布 分布类型: 'random'.
2025-12-22 14:04:34,328 - INFO - ===> Generating 'Dirichlet' distributions with alpha=[500, 500, 500]...
2025-12-22 14:04:34,336 - INFO - 保存概率分布 文件位置: /root/pythonspace/data-test/Mich/2025-12-22/distribution-in-Mich/distribution-random_seedNum-300.pkl
2025-12-22 14:04:35,269 - INFO - 首次生成种子集 random
2025-12-22 14:04:35,276 - INFO - 执行当前算法开始: random
2025-12-22 14:04:35,276 - INFO - 数据集节点总数:  n = 3748, m = 300
2025-12-22 14:04:35,281 - INFO - 选择 300  [2581, 2470, 1357, 1583, 2833, 3085, 417, 3490, 2924, 1879, 1218, 477, 1641, 3139, 1582, 2582, 1144, 232, 265, 2106, 2558, 161, 2600, 1207, 1795, 1874, 1098, 3730, 702, 649, 992, 1849, 3027, 1277, 1859, 1648, 2067, 1768, 3462, 1508, 3536, 2272, 1806, 3495, 335, 64, 3646, 3653, 2536, 2859, 708, 3261, 2620, 1212, 1702, 2426, 739, 985, 3547, 1317, 2785, 1902, 2835, 1603, 1745, 15, 796, 422, 2562, 301, 2407, 2114, 1044, 39, 2284, 3294, 2829, 513, 675, 698, 2967, 1845, 3007, 1951, 3337, 80, 2388, 2779, 728, 2178, 1449, 385, 93, 531, 218, 3571, 3229, 2245, 625, 224, 3682, 454, 1249, 2379, 1758, 2954, 2445, 1500, 476, 1601, 2259, 794, 3647, 2502, 3576, 1642, 1068, 2402, 3636, 2489, 529, 395, 3231, 2982, 2290, 1892, 2147, 1026, 3332, 1693, 1239, 3347, 542, 2711, 487, 1263, 3416, 696, 2642, 2531, 3463, 3321, 18, 3010, 128, 2681, 813, 3123, 1981, 854, 1092, 11, 848, 1541, 651, 1469, 2122, 1085, 1323, 485, 3704, 1557, 970, 722, 2412, 1527, 2396, 1762, 2442, 2286, 1773, 2678, 3008, 131, 416, 2112, 3651, 1576, 1965, 686, 323, 2776, 2519, 2307, 341, 1644, 3088, 353, 937, 2092, 3504, 2873, 1226, 1161, 881, 2881, 543, 2535, 3131, 927, 2932, 1670, 226, 3255, 2805, 3621, 2893, 346, 880, 2672, 1649, 3060, 3312, 1090, 1960, 3486, 1256, 3350, 1975, 1311, 3218, 1600, 2962, 3406, 2994, 1645, 1787, 561, 2031, 1180, 1177, 1558, 3617, 1956, 915, 575, 62, 3190, 2359, 3305, 3142, 1235, 1526, 2015, 1481, 1725, 1451, 2087, 3224, 2816, 2612, 1586, 1927, 2607, 190, 548, 820, 3205, 1280, 699, 998, 469, 1886, 464, 70, 171, 3000, 1621, 1446, 1245, 1103, 2500, 2352, 1389, 2028, 1692, 1318, 2142, 2921, 178, 1744, 891, 1823, 1057, 314, 2351, 1983, 3518, 3288, 3673, 1504, 3300, 236, 1124, 2409, 2812, 1329, 2195, 613, 3341]

2025-12-22 14:04:35,281 - INFO - 当前用时 0.01 秒
2025-12-22 14:04:35,287 - INFO - 将种子集 写入位置: /root/pythonspace/data-test/Mich/2025-12-22/seeds-with-Mich/random_random_seedNum-300_SSRNum-100000.txt
2025-12-22 14:04:35,288 - INFO - 首次生成种子集 degreeTopM
2025-12-22 14:04:35,288 - INFO - 执行当前算法开始: degreeTopM
2025-12-22 14:04:35,288 - INFO - 依据: 选择连接数（度数）最多的节点。
2025-12-22 14:04:35,324 - INFO - 选择的 Top M 节点及其度数:
2025-12-22 14:04:35,328 - INFO - 
2025-12-22 14:04:35,328 - INFO - 当前用时 0.04 秒
2025-12-22 14:04:35,331 - INFO - 将种子集 写入位置: /root/pythonspace/data-test/Mich/2025-12-22/seeds-with-Mich/random_degreeTopM_seedNum-300_SSRNum-100000.txt
2025-12-22 14:04:35,332 - INFO - 首次生成种子集 pageRank
2025-12-22 14:04:35,332 - INFO - 执行当前算法开始: pageRank
2025-12-22 14:04:35,332 - INFO - --- Running: PageRank (on tranProMatrix) Top M ---
2025-12-22 14:04:52,454 - INFO - Selected PageRank seeds: [153, 163, 278, 172, 304, 398, 506, 397, 360, 151, 294, 66, 114, 87, 248, 242, 206, 217, 229, 222, 60, 412, 261, 120, 614, 802, 37, 1677, 355, 1845, 121, 169, 586, 603, 749, 203, 606, 2140, 44, 492, 670, 410, 485, 293, 619, 657, 1084, 1590, 110, 7, 178, 54, 1158, 457, 2007, 479, 51, 705, 228, 437, 781, 493, 256, 436, 1144, 47, 359, 13, 637, 630, 101, 698, 1691, 46, 1373, 1834, 640, 654, 1683, 596, 181, 427, 1071, 1307, 132, 442, 265, 595, 1248, 76, 177, 80, 159, 680, 88, 990, 686, 1108, 562, 63, 39, 306, 2047, 348, 1085, 73, 696, 967, 715, 400, 14, 225, 697, 390, 602, 308, 175, 197, 415, 681, 1501, 478, 351, 663, 56, 64, 1661, 127, 1483, 69, 428, 622, 690, 62, 40, 1667, 1729, 71, 364, 119, 445, 743, 1289, 371, 440, 188, 2229, 1172, 128, 636, 538, 267, 160, 1305, 5, 528, 374, 1258, 142, 1134, 2038, 167, 372, 90, 487, 243, 684, 499, 1458, 879, 611, 417, 711, 350, 458, 1033, 1924, 494, 227, 543, 1646, 2295, 399, 2397, 136, 1231, 124, 1401, 765, 513, 517, 302, 70, 1047, 1617, 82, 314, 1440, 2061, 533, 280, 2284, 1154, 905, 541, 1345, 1287, 1393, 631, 333, 470, 777, 387, 1151, 22, 1168, 726, 488, 1226, 455, 676, 2312, 145, 2058, 1242, 1094, 179, 100, 835, 1087, 881, 931, 1280, 848, 61, 516, 305, 1141, 2091, 855, 1477, 1856, 1655, 932, 991, 1426, 1025, 141, 933, 102, 1355, 252, 1003, 994, 579, 722, 2, 1923, 731, 674, 409, 1356, 182, 2014, 836, 914, 505, 347, 1506, 1480, 826, 482, 157, 1735, 1103, 793, 1435, 378, 257, 679, 474, 617, 682, 1129, 507, 1908, 277, 1396, 850, 1488, 1165, 511, 1629, 1028, 644, 1148, 678, 577, 580, 1297]
2025-12-22 14:04:53,823 - INFO - 当前用时 18.49 秒
2025-12-22 14:04:53,834 - INFO - 将种子集 写入位置: /root/pythonspace/data-test/Mich/2025-12-22/seeds-with-Mich/random_pageRank_seedNum-300_SSRNum-100000.txt
2025-12-22 14:04:53,837 - INFO - 首次生成种子集 alpha_sort
2025-12-22 14:04:53,837 - INFO - 执行当前算法开始: alpha_sort
2025-12-22 14:04:53,847 - INFO - 3748 个节点的alpha值降序排序 done
2025-12-22 14:04:53,847 - INFO - ==============>> [(3646, 0.3835721), (2583, 0.3773562), (3142, 0.3761109), (1299, 0.3754566), (2309, 0.3745975), (3341, 0.3744134), (3721, 0.3740026), (2608, 0.3733124), (585, 0.3717509), (3569, 0.3695586)]
2025-12-22 14:04:53,848 - INFO - 
选择的种子集 (按alpha排序): [3646, 2583, 3142, 1299, 2309, 3341, 3721, 2608, 585, 3569, 1823, 2359, 2193, 1628, 473, 3281, 613, 1356, 1297, 2984, 1459, 1059, 73, 3577, 3073, 3179, 347, 1952, 472, 2902, 3731, 1383, 2856, 3206, 2290, 1663, 3668, 2100, 3049, 485, 3276, 1429, 2570, 2358, 781, 3526, 2510, 2399, 1894, 3353, 396, 3008, 982, 159, 2157, 892, 1155, 3620, 1955, 3645, 1073, 677, 34, 2594, 1756, 3545, 3522, 2965, 1043, 241, 2981, 2813, 703, 2668, 2507, 2220, 2395, 3394, 3086, 1209, 1321, 694, 632, 3496, 97, 3674, 3567, 763, 2125, 1858, 2798, 3240, 527, 471, 1676, 1862, 3039, 2560, 3318, 136, 1003, 2201, 2659, 867, 3617, 2828, 2757, 3725, 2105, 3351, 1927, 3313, 1559, 2989, 3139, 40, 3609, 1294, 2741, 1767, 219, 601, 3434, 772, 2113, 3059, 2067, 2252, 2246, 295, 907, 2947, 3553, 917, 3027, 3652, 1709, 2289, 1749, 3067, 1720, 1516, 2514, 1906, 3507, 2417, 2775, 971, 1347, 38, 2774, 2881, 541, 1954, 2760, 3675, 3193, 2845, 2423, 1947, 2355, 1318, 1502, 3172, 1103, 1285, 2308, 2561, 2595, 3244, 2930, 1866, 2970, 354, 1226, 3171, 619, 3650, 2244, 2174, 2979, 1883, 1666, 2418, 3271, 1652, 3724, 1937, 964, 3328, 2053, 1579, 992, 30, 985, 519, 1649, 211, 1470, 463, 56, 1994, 3162, 321, 1581, 3485, 2859, 2059, 1020, 2602, 2727, 1916, 1921, 3256, 148, 2713, 1635, 1959, 1366, 3518, 861, 2495, 2641, 114, 3607, 2591, 682, 3004, 1778, 421, 1036, 1174, 1006, 17, 1909, 3343, 488, 974, 1753, 3719, 1351, 2634, 1583, 926, 1391, 2777, 2940, 385, 551, 1416, 2748, 3523, 285, 2323, 2848, 3259, 77, 1202, 2766, 401, 1571, 3203, 3410, 417, 745, 983, 2559, 192, 1712, 986, 901, 274, 181, 1914, 1189, 1179, 1757, 3416, 2851, 702, 57, 3036, 1897, 2896, 1102, 2307, 3562, 2327, 111, 834, 2801, 459, 1328, 2313, 2853, 1863, 1882, 309, 3395, 439]

2025-12-22 14:04:53,848 - INFO - 当前用时 0.01 秒
2025-12-22 14:04:53,849 - INFO - 将种子集 写入位置: /root/pythonspace/data-test/Mich/2025-12-22/seeds-with-Mich/random_alpha_sort_seedNum-300_SSRNum-100000.txt
2025-12-22 14:04:53,851 - INFO - 首次生成种子集 importance_sort
2025-12-22 14:04:53,851 - INFO - 执行当前算法开始: importance_sort
2025-12-22 14:04:56,381 - INFO - 3748 个节点的Importance值降序排序 done
2025-12-22 14:04:56,384 - INFO - 
选择的种子集 (按Importance排序): [585, 1429, 677, 34, 40, 1516, 1502, 1103, 1226, 1126, 1027, 44, 1506, 1507, 896, 12, 22, 1028, 1493, 348, 1, 1054, 1501, 1496, 933, 1076, 598, 177, 1500, 1032, 31, 705, 680, 78, 1081, 1072, 360, 963, 412, 1071, 1424, 178, 1472, 1504, 583, 1492, 1115, 20, 689, 1287, 1132, 1034, 557, 1495, 1158, 1096, 1508, 64, 1149, 1094, 157, 397, 1505, 1503, 1509, 1515, 1494, 1514, 118, 1511, 1046, 294, 696, 1045, 931, 1066, 1513, 1510, 66, 234, 1142, 1499, 1031, 1512, 882, 404, 690, 1313, 1491, 1087, 1109, 1498, 670, 1497, 1517, 290, 153, 1098, 1053, 1033, 1068, 932, 664, 230, 1084, 248, 1291, 28, 3646, 2583, 3142, 1299, 2309, 3341, 3721, 2608, 3569, 1823, 2359, 2193, 1628, 473, 3281, 613, 1356, 1297, 2984, 1459, 1059, 73, 3577, 3073, 3179, 347, 1952, 472, 2902, 3731, 1383, 2856, 3206, 2290, 1663, 3668, 2100, 3049, 485, 3276, 2570, 2358, 781, 3526, 2510, 2399, 1894, 3353, 396, 3008, 982, 159, 2157, 892, 1155, 3620, 1955, 3645, 1073, 2594, 1756, 3545, 3522, 2965, 1043, 241, 2981, 2813, 703, 2668, 2507, 2220, 2395, 3394, 3086, 1209, 1321, 694, 632, 3496, 97, 3674, 3567, 763, 2125, 1858, 2798, 3240, 527, 471, 1676, 1862, 3039, 2560, 3318, 136, 1003, 2201, 2659, 867, 3617, 2828, 2757, 3725, 2105, 3351, 1927, 3313, 1559, 2989, 3139, 3609, 1294, 2741, 1767, 219, 601, 3434, 772, 2113, 3059, 2067, 2252, 2246, 295, 907, 2947, 3553, 917, 3027, 3652, 1709, 2289, 1749, 3067, 1720, 2514, 1906, 3507, 2417, 2775, 971, 1347, 38, 2774, 2881, 541, 1954, 2760, 3675, 3193, 2845, 2423, 1947, 2355, 1318, 3172, 1285, 2308, 2561, 2595, 3244, 2930, 1866, 2970, 354, 3171, 619, 3650, 2244, 2174, 2979, 1883, 1666, 2418, 3271, 1652, 3724, 1937, 964, 3328, 2053, 1579, 992, 30, 985, 519, 1649, 211, 1470, 463, 56]

2025-12-22 14:04:56,388 - INFO - 当前用时 2.54 秒
2025-12-22 14:04:56,391 - INFO - 将种子集 写入位置: /root/pythonspace/data-test/Mich/2025-12-22/seeds-with-Mich/random_importance_sort_seedNum-300_SSRNum-100000.txt
2025-12-22 14:04:56,392 - INFO - 首次生成种子集 ris_coverage
2025-12-22 14:04:56,393 - INFO - 执行当前算法开始: ris_coverage
2025-12-22 14:04:59,900 - INFO - 图初始化完成，节点数: 3748，CSR 矩阵准备就绪。
2025-12-22 14:04:59,905 - INFO - 
开始生成 100000 组 SSR (并行进程: 8)...
