2025-12-22 14:15:16,885 - INFO - 加载数据集: Mich
2025-12-22 14:15:16,894 - INFO - 复用概率分布 文件位置: /root/pythonspace/data-test/Mich/2025-12-22/distribution-in-Mich/distribution-random_seedNum-50.pkl
2025-12-22 14:15:17,130 - INFO - 首次生成种子集 random
2025-12-22 14:15:17,131 - INFO - 执行当前算法开始: random
2025-12-22 14:15:17,131 - INFO - 数据集节点总数:  n = 3748, m = 50
2025-12-22 14:15:17,132 - INFO - 选择 50  [2151, 1066, 853, 1122, 537, 2481, 2150, 36, 1330, 3739, 598, 3733, 556, 2850, 49, 1833, 529, 1067, 664, 2670, 552, 690, 3073, 2641, 2769, 1720, 1780, 3384, 3437, 495, 463, 3132, 1443, 1404, 2296, 1785, 355, 1732, 1647, 2665, 3142, 503, 242, 356, 2558, 2330, 708, 478, 559, 156]

2025-12-22 14:15:17,132 - INFO - 当前用时 0.00 秒
2025-12-22 14:15:17,133 - INFO - 将种子集 写入位置: /root/pythonspace/data-test/Mich/2025-12-22/seeds-with-Mich/random_random_seedNum-50_SSRNum-80000.txt
2025-12-22 14:15:17,133 - INFO - 首次生成种子集 degreeTopM
2025-12-22 14:15:17,133 - INFO - 执行当前算法开始: degreeTopM
2025-12-22 14:15:17,133 - INFO - 依据: 选择连接数（度数）最多的节点。
2025-12-22 14:15:17,138 - INFO - 选择的 Top M 节点及其度数:
2025-12-22 14:15:17,138 - INFO - 
2025-12-22 14:15:17,138 - INFO - 当前用时 0.01 秒
2025-12-22 14:15:17,139 - INFO - 将种子集 写入位置: /root/pythonspace/data-test/Mich/2025-12-22/seeds-with-Mich/random_degreeTopM_seedNum-50_SSRNum-80000.txt
2025-12-22 14:15:17,139 - INFO - 首次生成种子集 pageRank
2025-12-22 14:15:17,139 - INFO - 执行当前算法开始: pageRank
2025-12-22 14:15:17,139 - INFO - --- Running: PageRank (on tranProMatrix) Top M ---
2025-12-22 14:15:19,559 - INFO - Selected PageRank seeds: [153, 163, 278, 172, 304, 398, 506, 397, 360, 151, 294, 66, 114, 87, 248, 242, 206, 217, 229, 222, 60, 412, 261, 120, 614, 802, 37, 1677, 355, 1845, 121, 169, 586, 603, 749, 203, 606, 2140, 44, 492, 670, 410, 485, 293, 619, 657, 1084, 1590, 110, 7]
2025-12-22 14:15:19,695 - INFO - 当前用时 2.56 秒
2025-12-22 14:15:19,696 - INFO - 将种子集 写入位置: /root/pythonspace/data-test/Mich/2025-12-22/seeds-with-Mich/random_pageRank_seedNum-50_SSRNum-80000.txt
2025-12-22 14:15:19,696 - INFO - 首次生成种子集 alpha_sort
2025-12-22 14:15:19,696 - INFO - 执行当前算法开始: alpha_sort
2025-12-22 14:15:19,700 - INFO - 3748 个节点的alpha值降序排序 done
2025-12-22 14:15:19,700 - INFO - ==============>> [(1624, 0.3876341), (2191, 0.3703936), (1050, 0.3687972), (3550, 0.3686462), (836, 0.3683836), (3723, 0.3669821), (871, 0.3668375), (1985, 0.3668115), (2146, 0.3667145), (2694, 0.3665037)]
2025-12-22 14:15:19,700 - INFO - 
选择的种子集 (按alpha排序): [1624, 2191, 1050, 3550, 836, 3723, 871, 1985, 2146, 2694, 1745, 1950, 43, 1622, 684, 2956, 2273, 2223, 3739, 899, 2472, 1273, 34, 3633, 2569, 1659, 137, 1260, 938, 2554, 2177, 825, 685, 1831, 661, 332, 3670, 3079, 1153, 3031, 48, 655, 1339, 106, 648, 2072, 795, 2323, 2182, 1178]

2025-12-22 14:15:19,700 - INFO - 当前用时 0.00 秒
2025-12-22 14:15:19,700 - INFO - 将种子集 写入位置: /root/pythonspace/data-test/Mich/2025-12-22/seeds-with-Mich/random_alpha_sort_seedNum-50_SSRNum-80000.txt
2025-12-22 14:15:19,701 - INFO - 首次生成种子集 importance_sort
2025-12-22 14:15:19,701 - INFO - 执行当前算法开始: importance_sort
2025-12-22 14:15:22,017 - INFO - 3748 个节点的Importance值降序排序 done
2025-12-22 14:15:22,017 - INFO - 
选择的种子集 (按Importance排序): [34, 1103, 1511, 1498, 585, 690, 64, 12, 1071, 1096, 1226, 294, 360, 1032, 1506, 40, 1492, 1313, 1501, 882, 932, 1472, 933, 1516, 1514, 78, 177, 1493, 1513, 1500, 1496, 1028, 248, 66, 1510, 1054, 1158, 1429, 1132, 230, 1094, 677, 1507, 1508, 1499, 1505, 157, 1287, 896, 1046]

2025-12-22 14:15:22,018 - INFO - 当前用时 2.32 秒
2025-12-22 14:15:22,019 - INFO - 将种子集 写入位置: /root/pythonspace/data-test/Mich/2025-12-22/seeds-with-Mich/random_importance_sort_seedNum-50_SSRNum-80000.txt
2025-12-22 14:15:22,019 - INFO - 首次生成种子集 ris_coverage
2025-12-22 14:15:22,019 - INFO - 执行当前算法开始: ris_coverage
2025-12-22 14:15:22,567 - INFO - 图初始化完成，节点数: 3748，CSR 矩阵准备就绪。
2025-12-22 14:15:22,568 - INFO - 
开始生成 80000 组 SSR (并行进程: 8)...
2025-12-22 14:18:26,268 - INFO - 生成完毕。耗时: 183.70 秒。
2025-12-22 14:18:26,271 - INFO - 
开始选择最优种子 (Optimized Greedy) ...
2025-12-22 14:19:16,316 - INFO -   - 券 1/50 选中节点 855, 新增覆盖 140
2025-12-22 14:19:16,386 - INFO -   - 券 2/50 选中节点 687, 新增覆盖 157
2025-12-22 14:19:16,456 - INFO -   - 券 3/50 选中节点 2018, 新增覆盖 149
2025-12-22 14:19:16,544 - INFO -   - 券 4/50 选中节点 88, 新增覆盖 148
2025-12-22 14:19:16,624 - INFO -   - 券 5/50 选中节点 35, 新增覆盖 154
2025-12-22 14:19:16,727 - INFO -   - 券 6/50 选中节点 2999, 新增覆盖 147
2025-12-22 14:19:16,833 - INFO -   - 券 7/50 选中节点 3076, 新增覆盖 161
2025-12-22 14:19:16,940 - INFO -   - 券 8/50 选中节点 1247, 新增覆盖 142
2025-12-22 14:19:17,027 - INFO -   - 券 9/50 选中节点 1082, 新增覆盖 147
2025-12-22 14:19:17,113 - INFO -   - 券 10/50 选中节点 3218, 新增覆盖 160
2025-12-22 14:19:17,204 - INFO -   - 券 11/50 选中节点 1032, 新增覆盖 152
2025-12-22 14:19:17,316 - INFO -   - 券 12/50 选中节点 1809, 新增覆盖 149
2025-12-22 14:19:17,416 - INFO -   - 券 13/50 选中节点 1458, 新增覆盖 143
2025-12-22 14:19:17,509 - INFO -   - 券 14/50 选中节点 2784, 新增覆盖 142
2025-12-22 14:19:17,635 - INFO -   - 券 15/50 选中节点 2391, 新增覆盖 146
2025-12-22 14:19:17,755 - INFO -   - 券 16/50 选中节点 1771, 新增覆盖 138
2025-12-22 14:19:17,880 - INFO -   - 券 17/50 选中节点 1782, 新增覆盖 146
2025-12-22 14:19:17,999 - INFO -   - 券 18/50 选中节点 3090, 新增覆盖 147
2025-12-22 14:19:18,133 - INFO -   - 券 19/50 选中节点 1528, 新增覆盖 147
2025-12-22 14:19:18,261 - INFO -   - 券 20/50 选中节点 893, 新增覆盖 143
2025-12-22 14:19:18,416 - INFO -   - 券 21/50 选中节点 872, 新增覆盖 144
2025-12-22 14:19:18,546 - INFO -   - 券 22/50 选中节点 2450, 新增覆盖 139
2025-12-22 14:19:18,671 - INFO -   - 券 23/50 选中节点 1371, 新增覆盖 139
2025-12-22 14:19:18,773 - INFO -   - 券 24/50 选中节点 652, 新增覆盖 138
2025-12-22 14:19:18,871 - INFO -   - 券 25/50 选中节点 190, 新增覆盖 138
2025-12-22 14:19:18,996 - INFO -   - 券 26/50 选中节点 1765, 新增覆盖 141
2025-12-22 14:19:19,134 - INFO -   - 券 27/50 选中节点 3145, 新增覆盖 140
2025-12-22 14:19:19,241 - INFO -   - 券 28/50 选中节点 1825, 新增覆盖 141
2025-12-22 14:19:19,377 - INFO -   - 券 29/50 选中节点 2666, 新增覆盖 142
2025-12-22 14:19:19,498 - INFO -   - 券 30/50 选中节点 303, 新增覆盖 142
2025-12-22 14:19:19,587 - INFO -   - 券 31/50 选中节点 3374, 新增覆盖 140
2025-12-22 14:19:19,699 - INFO -   - 券 32/50 选中节点 20, 新增覆盖 133
2025-12-22 14:19:19,825 - INFO -   - 券 33/50 选中节点 1862, 新增覆盖 146
2025-12-22 14:19:19,967 - INFO -   - 券 34/50 选中节点 3565, 新增覆盖 138
2025-12-22 14:19:20,123 - INFO -   - 券 35/50 选中节点 1331, 新增覆盖 137
2025-12-22 14:19:20,249 - INFO -   - 券 36/50 选中节点 1390, 新增覆盖 138
2025-12-22 14:19:20,383 - INFO -   - 券 37/50 选中节点 2385, 新增覆盖 143
2025-12-22 14:19:20,544 - INFO -   - 券 38/50 选中节点 3168, 新增覆盖 143
2025-12-22 14:19:20,671 - INFO -   - 券 39/50 选中节点 368, 新增覆盖 132
2025-12-22 14:19:20,772 - INFO -   - 券 40/50 选中节点 314, 新增覆盖 147
2025-12-22 14:19:20,927 - INFO -   - 券 41/50 选中节点 2320, 新增覆盖 128
2025-12-22 14:19:21,059 - INFO -   - 券 42/50 选中节点 1256, 新增覆盖 125
2025-12-22 14:19:21,219 - INFO -   - 券 43/50 选中节点 3527, 新增覆盖 134
2025-12-22 14:19:21,339 - INFO -   - 券 44/50 选中节点 2655, 新增覆盖 139
2025-12-22 14:19:21,471 - INFO -   - 券 45/50 选中节点 1243, 新增覆盖 133
2025-12-22 14:19:21,610 - INFO -   - 券 46/50 选中节点 3529, 新增覆盖 137
2025-12-22 14:19:21,711 - INFO -   - 券 47/50 选中节点 3065, 新增覆盖 132
2025-12-22 14:19:21,821 - INFO -   - 券 48/50 选中节点 610, 新增覆盖 140
2025-12-22 14:19:21,918 - INFO -   - 券 49/50 选中节点 430, 新增覆盖 129
2025-12-22 14:19:22,015 - INFO -   - 券 50/50 选中节点 675, 新增覆盖 131
2025-12-22 14:19:22,015 - INFO - 选种完毕。耗时: 55.74 秒。
2025-12-22 14:19:30,192 - INFO - 最终选择的种子集: [855, 687, 2018, 88, 35, 2999, 3076, 1247, 1082, 3218, 1032, 1809, 1458, 2784, 2391, 1771, 1782, 3090, 1528, 893, 872, 2450, 1371, 652, 190, 1765, 3145, 1825, 2666, 303, 3374, 20, 1862, 3565, 1331, 1390, 2385, 3168, 368, 314, 2320, 1256, 3527, 2655, 1243, 3529, 3065, 610, 430, 675]

2025-12-22 14:20:03,687 - INFO - 当前用时 281.67 秒
2025-12-22 14:20:03,699 - INFO - 将种子集 写入位置: /root/pythonspace/data-test/Mich/2025-12-22/seeds-with-Mich/random_ris_coverage_seedNum-50_SSRNum-80000.txt
2025-12-22 14:20:03,704 - INFO - 首次生成种子集 monterCarlo
2025-12-22 14:20:03,704 - INFO - 执行当前算法开始: monterCarlo
2025-12-22 14:20:03,705 - INFO - --- Running: Monte Carlo Selection (L=200) ---
2025-12-22 14:20:03,706 - INFO - 依据: 对每个节点进行 200 次模拟实验，评估其平均激活贡献。
2025-12-22 14:20:03,706 - INFO - 正在模拟评估第 0/3748 个节点...
2025-12-22 14:20:22,876 - INFO - 正在模拟评估第 1000/3748 个节点...
2025-12-22 14:20:43,907 - INFO - 正在模拟评估第 2000/3748 个节点...
2025-12-22 14:21:04,960 - INFO - 正在模拟评估第 3000/3748 个节点...
2025-12-22 14:21:15,727 - INFO - 蒙特卡洛评估完成。最高期望激活值为: 0.6200
2025-12-22 14:21:15,736 - INFO - 选择的种子集: [2023, 389, 2022, 1677, 2032, 2683, 1605, 2722, 1366, 1272] ...
2025-12-22 14:21:15,737 - INFO - 当前用时 72.03 秒
2025-12-22 14:21:15,745 - INFO - 将种子集 写入位置: /root/pythonspace/data-test/Mich/2025-12-22/seeds-with-Mich/random_monterCarlo_seedNum-50_SSRNum-80000.txt
2025-12-22 14:21:15,751 - INFO - 首次生成种子集 monterCarlo_spread
2025-12-22 14:21:15,751 - INFO - 执行当前算法开始: monterCarlo_spread
2025-12-22 14:21:15,752 - INFO - --- Running: Monte Carlo Spread-Aware (L=200) ---
2025-12-22 14:21:15,752 - INFO - 正在评估节点传播能力: 0/3748...
2025-12-22 14:21:32,248 - INFO - 正在评估节点传播能力: 1000/3748...
2025-12-22 14:21:50,220 - INFO - 正在评估节点传播能力: 2000/3748...
2025-12-22 14:22:07,320 - INFO - 正在评估节点传播能力: 3000/3748...
2025-12-22 14:22:17,359 - INFO - 评估完成。最高触达得分: 1.75
2025-12-22 14:22:17,371 - INFO - 当前用时 61.62 秒
2025-12-22 14:22:17,379 - INFO - 将种子集 写入位置: /root/pythonspace/data-test/Mich/2025-12-22/seeds-with-Mich/random_monterCarlo_spread_seedNum-50_SSRNum-80000.txt
2025-12-22 14:22:17,393 - INFO - 评估种子集: None
2025-12-22 14:22:17,395 - INFO - 多进程评估开始，共有 8 个方法待评估...
2025-12-22 14:22:17,396 - INFO - 启动进程池，Worker数量: 8
2025-12-22 14:22:31,656 - INFO - [Process 8704] 开始评估方法: random, 种子数: 50
2025-12-22 14:22:35,579 - INFO - [Process 8704] random - 500 sims 完成: E=24.94
2025-12-22 14:22:43,317 - INFO - [Process 8705] 开始评估方法: degreeTopM, 种子数: 50
2025-12-22 14:22:47,499 - INFO - [Process 8705] degreeTopM - 500 sims 完成: E=24.61
2025-12-22 14:22:54,929 - INFO - [Process 8706] 开始评估方法: pageRank, 种子数: 50
2025-12-22 14:22:57,610 - INFO - [Process 8706] pageRank - 500 sims 完成: E=24.71
2025-12-22 14:23:03,554 - INFO - [Process 8707] 开始评估方法: alpha_sort, 种子数: 50
2025-12-22 14:23:05,904 - INFO - [Process 8707] alpha_sort - 500 sims 完成: E=26.08
2025-12-22 14:23:12,428 - INFO - [Process 8710] 开始评估方法: importance_sort, 种子数: 50
2025-12-22 14:23:14,723 - INFO - [Process 8710] importance_sort - 500 sims 完成: E=24.97
2025-12-22 14:23:21,804 - INFO - [Process 8713] 开始评估方法: ris_coverage, 种子数: 50
2025-12-22 14:23:25,834 - INFO - [Process 8713] ris_coverage - 500 sims 完成: E=24.85
2025-12-22 14:23:33,467 - INFO - [Process 8725] 开始评估方法: monterCarlo, 种子数: 50
2025-12-22 14:23:37,065 - INFO - [Process 8725] monterCarlo - 500 sims 完成: E=25.40
2025-12-22 14:23:45,870 - INFO - [Process 8726] 开始评估方法: monterCarlo_spread, 种子数: 50
2025-12-22 14:23:48,540 - INFO - [Process 8726] monterCarlo_spread - 500 sims 完成: E=24.90
2025-12-22 14:23:49,226 - INFO - 所有进程执行完毕，开始写入数据...
2025-12-22 14:23:49,336 - INFO - 成功写入 8 条记录至 /root/pythonspace/data-test/Mich/2025-12-22/E-activated-Mich/distribution-random/simuTimes-500_random-dirichlet-[500, 500, 500]_rrNumSamples-80000.csv
2025-12-22 14:23:49,351 - INFO - 保存评估文件至: /root/pythonspace/data-test/Mich/2025-12-22/E-activated-Mich/distribution-random/simuTimes-500_random-dirichlet-[500, 500, 500]_rrNumSamples-80000.csv
