2026-01-05 15:40:16,888 - INFO - 加载数据集: facebook
2026-01-05 15:40:16,890 - INFO - --- 矩阵分析 ---
2026-01-05 15:40:16,890 - INFO - 节点数 (N): 4039
2026-01-05 15:40:16,890 - INFO - 边数 (E): 176468
2026-01-05 15:40:16,890 - INFO - 密度 (Density): 0.01081728 (越小越稀疏)
2026-01-05 15:40:16,890 - INFO - 稀疏度 (Sparsity): 0.98918272 (越接近1越稀疏)
2026-01-05 15:40:16,890 - INFO - 平均度数 (Avg Degree): 43.69
2026-01-05 15:40:16,892 - INFO - 首次生成度相关概率分布 分布类型: 'random'.
2026-01-05 15:40:16,892 - INFO - ===> Generating 'Dirichlet' distributions with alpha=[500, 500, 500]...
2026-01-05 15:40:16,895 - INFO - 保存概率分布 文件位置: /root/pythonspace/data-test/facebook/2026-1-5-watch-fans-random_dirichlet=[500,500,500]/distribution-in-facebook/distribution-random_seedNum-80.pkl
2026-01-05 15:40:16,895 - INFO - >>> 正在注入‘社区效应/看门人机制’以区分算法能力...
2026-01-05 15:40:16,947 - INFO - 首次生成种子集 random
2026-01-05 15:40:16,948 - INFO - 执行当前算法开始: random
2026-01-05 15:40:16,948 - INFO - 数据集节点总数:  n = 4039, m = 80
2026-01-05 15:40:16,948 - INFO - 选择 80  [1660, 3164, 1089, 3019, 1824, 2970, 3945, 1314, 1532, 2486, 1344, 2419, 3610, 3988, 1113, 807, 2470, 284, 3929, 2175, 3538, 911, 2703, 1757, 1617, 2763, 2451, 2952, 3396, 1258, 2632, 2602, 3026, 2035, 265, 3931, 318, 1451, 1096, 162, 3114, 231, 2992, 3827, 3096, 2663, 1600, 2640, 453, 560, 2830, 3064, 3151, 193, 916, 1133, 3969, 2658, 3218, 1467, 1900, 3405, 3773, 2314, 3320, 1525, 3041, 387, 980, 1441, 3085, 886, 2781, 818, 3645, 1103, 2136, 1386, 528, 1806]

2026-01-05 15:40:16,948 - INFO - 当前用时 0.00 秒
2026-01-05 15:40:16,948 - INFO - 将种子集 写入位置: /root/pythonspace/data-test/facebook/2026-1-5-watch-fans-random_dirichlet=[500,500,500]/seeds-with-facebook/random_random_seedNum-80_SSRNum-100000.txt
2026-01-05 15:40:16,948 - INFO - 首次生成种子集 degreeTopM
2026-01-05 15:40:16,948 - INFO - 执行当前算法开始: degreeTopM
2026-01-05 15:40:16,948 - INFO - 依据: 选择连接数（度数）最多的节点。
2026-01-05 15:40:16,950 - INFO - 选择的 Top M 节点及其度数:
2026-01-05 15:40:16,950 - INFO - 
2026-01-05 15:40:16,950 - INFO - 当前用时 0.00 秒
2026-01-05 15:40:16,950 - INFO - 将种子集 写入位置: /root/pythonspace/data-test/facebook/2026-1-5-watch-fans-random_dirichlet=[500,500,500]/seeds-with-facebook/random_degreeTopM_seedNum-80_SSRNum-100000.txt
2026-01-05 15:40:16,950 - INFO - 首次生成种子集 pageRank
2026-01-05 15:40:16,950 - INFO - 执行当前算法开始: pageRank
2026-01-05 15:40:16,950 - INFO - --- Running: PageRank (on tranProMatrix) Top M ---
2026-01-05 15:40:17,964 - INFO - Selected PageRank seeds: [1821, 107, 351, 0, 352, 348, 1831, 1827, 349, 1843, 366, 2088, 362, 2130, 56, 25, 1973, 322, 365, 350, 67, 3626, 3226, 1858, 271, 371, 403, 119, 3581, 3946, 277, 1373, 1285, 3634, 21, 26, 1850, 1490, 2508, 252, 1573, 838, 2188, 378, 1149, 2806, 3559, 1215, 122, 572, 917, 1268, 1950, 2902, 1538, 1864, 368, 1070, 136, 2427, 2055, 2154, 2305, 2832, 239, 2622, 2315, 367, 2403, 1253, 359, 685, 2797, 315, 203, 9, 360, 571, 2053, 958]
2026-01-05 15:40:17,990 - INFO - 当前用时 1.04 秒
2026-01-05 15:40:17,991 - INFO - 将种子集 写入位置: /root/pythonspace/data-test/facebook/2026-1-5-watch-fans-random_dirichlet=[500,500,500]/seeds-with-facebook/random_pageRank_seedNum-80_SSRNum-100000.txt
2026-01-05 15:40:17,991 - INFO - 首次生成种子集 alpha_sort
2026-01-05 15:40:17,991 - INFO - 执行当前算法开始: alpha_sort
2026-01-05 15:40:17,992 - INFO - 4039 个节点的alpha值降序排序 done
2026-01-05 15:40:17,992 - INFO - ==============>> [(1, 0.4), (2, 0.4), (3, 0.4), (4, 0.4), (5, 0.4), (6, 0.4), (7, 0.4), (8, 0.4), (9, 0.4), (10, 0.4)]
2026-01-05 15:40:17,992 - INFO - 
选择的种子集 (按alpha排序): [1, 2, 3, 4, 5, 6, 7, 8, 9, 10, 11, 12, 13, 14, 15, 16, 17, 18, 19, 20, 21, 22, 23, 24, 25, 26, 27, 28, 29, 30, 31, 32, 33, 34, 35, 36, 37, 38, 39, 40, 41, 42, 43, 44, 45, 46, 47, 48, 49, 50, 51, 52, 53, 54, 55, 56, 57, 58, 59, 60, 61, 62, 63, 64, 65, 66, 67, 68, 69, 70, 71, 72, 73, 74, 75, 76, 77, 78, 79, 80]

2026-01-05 15:40:17,993 - INFO - 当前用时 0.00 秒
2026-01-05 15:40:17,993 - INFO - 将种子集 写入位置: /root/pythonspace/data-test/facebook/2026-1-5-watch-fans-random_dirichlet=[500,500,500]/seeds-with-facebook/random_alpha_sort_seedNum-80_SSRNum-100000.txt
2026-01-05 15:40:17,993 - INFO - 首次生成种子集 importance_sort
2026-01-05 15:40:17,993 - INFO - 执行当前算法开始: importance_sort
2026-01-05 15:40:20,117 - INFO - 4039 个节点的Importance值降序排序 done
2026-01-05 15:40:20,117 - INFO - 
选择的种子集 (按Importance排序): [1, 2, 3, 4, 5, 6, 7, 8, 9, 10, 11, 12, 13, 14, 15, 16, 17, 18, 19, 20, 21, 22, 23, 24, 25, 26, 27, 28, 29, 30, 31, 32, 33, 34, 35, 36, 37, 38, 39, 40, 41, 42, 43, 44, 45, 46, 47, 48, 49, 50, 51, 52, 53, 54, 55, 56, 57, 58, 59, 60, 61, 62, 63, 64, 65, 66, 67, 68, 69, 70, 71, 72, 73, 74, 75, 76, 77, 78, 79, 80]

2026-01-05 15:40:20,118 - INFO - 当前用时 2.12 秒
2026-01-05 15:40:20,118 - INFO - 将种子集 写入位置: /root/pythonspace/data-test/facebook/2026-1-5-watch-fans-random_dirichlet=[500,500,500]/seeds-with-facebook/random_importance_sort_seedNum-80_SSRNum-100000.txt
2026-01-05 15:40:20,118 - INFO - 首次生成种子集 ris_coverage
2026-01-05 15:40:20,118 - INFO - 执行当前算法开始: ris_coverage
2026-01-05 15:40:20,320 - INFO - 图初始化完成，节点数: 4039，CSR 矩阵准备就绪。
2026-01-05 15:40:20,320 - INFO - 
开始生成 100000 组 SSR (并行进程: 8)...
2026-01-05 15:41:05,630 - INFO - 生成完毕。耗时: 45.31 秒。
2026-01-05 15:41:05,631 - INFO - 
开始选择最优种子 (Optimized Greedy) ...
2026-01-05 15:41:30,473 - INFO -   - 券 1/80 选中节点 2908, 新增覆盖 123
2026-01-05 15:41:30,503 - INFO -   - 券 2/80 选中节点 2309, 新增覆盖 119
2026-01-05 15:41:30,532 - INFO -   - 券 3/80 选中节点 2826, 新增覆盖 112
2026-01-05 15:41:30,562 - INFO -   - 券 4/80 选中节点 2495, 新增覆盖 117
2026-01-05 15:41:30,599 - INFO -   - 券 5/80 选中节点 2412, 新增覆盖 122
2026-01-05 15:41:30,633 - INFO -   - 券 6/80 选中节点 645, 新增覆盖 120
2026-01-05 15:41:30,667 - INFO -   - 券 7/80 选中节点 2805, 新增覆盖 112
2026-01-05 15:41:30,702 - INFO -   - 券 8/80 选中节点 2850, 新增覆盖 119
2026-01-05 15:41:30,739 - INFO -   - 券 9/80 选中节点 2770, 新增覆盖 108
2026-01-05 15:41:30,780 - INFO -   - 券 10/80 选中节点 361, 新增覆盖 117
2026-01-05 15:41:30,820 - INFO -   - 券 11/80 选中节点 2409, 新增覆盖 111
2026-01-05 15:41:30,857 - INFO -   - 券 12/80 选中节点 1191, 新增覆盖 118
2026-01-05 15:41:30,895 - INFO -   - 券 13/80 选中节点 2290, 新增覆盖 119
2026-01-05 15:41:30,934 - INFO -   - 券 14/80 选中节点 2523, 新增覆盖 112
2026-01-05 15:41:30,975 - INFO -   - 券 15/80 选中节点 1619, 新增覆盖 113
2026-01-05 15:41:31,017 - INFO -   - 券 16/80 选中节点 2060, 新增覆盖 111
2026-01-05 15:41:31,066 - INFO -   - 券 17/80 选中节点 2696, 新增覆盖 113
2026-01-05 15:41:31,114 - INFO -   - 券 18/80 选中节点 810, 新增覆盖 117
2026-01-05 15:41:31,162 - INFO -   - 券 19/80 选中节点 2320, 新增覆盖 110
2026-01-05 15:41:31,212 - INFO -   - 券 20/80 选中节点 1248, 新增覆盖 110
2026-01-05 15:41:31,266 - INFO -   - 券 21/80 选中节点 908, 新增覆盖 111
2026-01-05 15:41:31,316 - INFO -   - 券 22/80 选中节点 2633, 新增覆盖 115
2026-01-05 15:41:31,365 - INFO -   - 券 23/80 选中节点 2628, 新增覆盖 107
2026-01-05 15:41:31,418 - INFO -   - 券 24/80 选中节点 391, 新增覆盖 108
2026-01-05 15:41:31,475 - INFO -   - 券 25/80 选中节点 1713, 新增覆盖 103
2026-01-05 15:41:31,530 - INFO -   - 券 26/80 选中节点 2632, 新增覆盖 108
2026-01-05 15:41:31,585 - INFO -   - 券 27/80 选中节点 3851, 新增覆盖 106
2026-01-05 15:41:31,646 - INFO -   - 券 28/80 选中节点 1160, 新增覆盖 109
2026-01-05 15:41:31,702 - INFO -   - 券 29/80 选中节点 2581, 新增覆盖 107
2026-01-05 15:41:31,758 - INFO -   - 券 30/80 选中节点 715, 新增覆盖 110
2026-01-05 15:41:31,822 - INFO -   - 券 31/80 选中节点 934, 新增覆盖 112
2026-01-05 15:41:31,885 - INFO -   - 券 32/80 选中节点 894, 新增覆盖 102
2026-01-05 15:41:31,954 - INFO -   - 券 33/80 选中节点 638, 新增覆盖 110
2026-01-05 15:41:32,019 - INFO -   - 券 34/80 选中节点 2112, 新增覆盖 110
2026-01-05 15:41:32,089 - INFO -   - 券 35/80 选中节点 626, 新增覆盖 102
2026-01-05 15:41:32,157 - INFO -   - 券 36/80 选中节点 2118, 新增覆盖 117
2026-01-05 15:41:32,229 - INFO -   - 券 37/80 选中节点 500, 新增覆盖 108
2026-01-05 15:41:32,304 - INFO -   - 券 38/80 选中节点 2537, 新增覆盖 105
2026-01-05 15:41:32,376 - INFO -   - 券 39/80 选中节点 2764, 新增覆盖 103
2026-01-05 15:41:32,455 - INFO -   - 券 40/80 选中节点 501, 新增覆盖 102
2026-01-05 15:41:32,530 - INFO -   - 券 41/80 选中节点 829, 新增覆盖 109
2026-01-05 15:41:32,617 - INFO -   - 券 42/80 选中节点 898, 新增覆盖 101
2026-01-05 15:41:32,698 - INFO -   - 券 43/80 选中节点 2074, 新增覆盖 104
2026-01-05 15:41:32,781 - INFO -   - 券 44/80 选中节点 1031, 新增覆盖 96
2026-01-05 15:41:32,875 - INFO -   - 券 45/80 选中节点 1723, 新增覆盖 101
2026-01-05 15:41:32,957 - INFO -   - 券 46/80 选中节点 666, 新增覆盖 104
2026-01-05 15:41:33,045 - INFO -   - 券 47/80 选中节点 2522, 新增覆盖 101
2026-01-05 15:41:33,134 - INFO -   - 券 48/80 选中节点 818, 新增覆盖 103
2026-01-05 15:41:33,221 - INFO -   - 券 49/80 选中节点 2884, 新增覆盖 97
2026-01-05 15:41:33,310 - INFO -   - 券 50/80 选中节点 633, 新增覆盖 102
2026-01-05 15:41:33,401 - INFO -   - 券 51/80 选中节点 2753, 新增覆盖 95
2026-01-05 15:41:33,493 - INFO -   - 券 52/80 选中节点 1266, 新增覆盖 100
2026-01-05 15:41:33,589 - INFO -   - 券 53/80 选中节点 1482, 新增覆盖 97
2026-01-05 15:41:33,682 - INFO -   - 券 54/80 选中节点 2448, 新增覆盖 106
2026-01-05 15:41:33,774 - INFO -   - 券 55/80 选中节点 2571, 新增覆盖 96
2026-01-05 15:41:33,870 - INFO -   - 券 56/80 选中节点 2611, 新增覆盖 102
2026-01-05 15:41:33,966 - INFO -   - 券 57/80 选中节点 754, 新增覆盖 102
2026-01-05 15:41:34,070 - INFO -   - 券 58/80 选中节点 1540, 新增覆盖 97
2026-01-05 15:41:34,175 - INFO -   - 券 59/80 选中节点 3366, 新增覆盖 100
2026-01-05 15:41:34,283 - INFO -   - 券 60/80 选中节点 1144, 新增覆盖 99
2026-01-05 15:41:34,392 - INFO -   - 券 61/80 选中节点 601, 新增覆盖 99
2026-01-05 15:41:34,502 - INFO -   - 券 62/80 选中节点 2585, 新增覆盖 94
2026-01-05 15:41:34,617 - INFO -   - 券 63/80 选中节点 3755, 新增覆盖 99
2026-01-05 15:41:34,724 - INFO -   - 券 64/80 选中节点 2766, 新增覆盖 99
2026-01-05 15:41:34,840 - INFO -   - 券 65/80 选中节点 840, 新增覆盖 96
2026-01-05 15:41:34,956 - INFO -   - 券 66/80 选中节点 963, 新增覆盖 99
2026-01-05 15:41:35,072 - INFO -   - 券 67/80 选中节点 2281, 新增覆盖 95
2026-01-05 15:41:35,195 - INFO -   - 券 68/80 选中节点 212, 新增覆盖 99
2026-01-05 15:41:35,315 - INFO -   - 券 69/80 选中节点 3483, 新增覆盖 93
2026-01-05 15:41:35,428 - INFO -   - 券 70/80 选中节点 1147, 新增覆盖 98
2026-01-05 15:41:35,553 - INFO -   - 券 71/80 选中节点 1675, 新增覆盖 100
2026-01-05 15:41:35,676 - INFO -   - 券 72/80 选中节点 2909, 新增覆盖 98
2026-01-05 15:41:35,804 - INFO -   - 券 73/80 选中节点 1560, 新增覆盖 100
2026-01-05 15:41:35,928 - INFO -   - 券 74/80 选中节点 3740, 新增覆盖 94
2026-01-05 15:41:36,052 - INFO -   - 券 75/80 选中节点 1027, 新增覆盖 110
2026-01-05 15:41:36,178 - INFO -   - 券 76/80 选中节点 2233, 新增覆盖 95
2026-01-05 15:41:36,308 - INFO -   - 券 77/80 选中节点 2728, 新增覆盖 95
2026-01-05 15:41:36,438 - INFO -   - 券 78/80 选中节点 1731, 新增覆盖 95
2026-01-05 15:41:36,572 - INFO -   - 券 79/80 选中节点 165, 新增覆盖 102
2026-01-05 15:41:36,708 - INFO -   - 券 80/80 选中节点 1110, 新增覆盖 97
2026-01-05 15:41:36,708 - INFO - 选种完毕。耗时: 31.08 秒。
2026-01-05 15:41:37,485 - INFO - 最终选择的种子集: [2908, 2309, 2826, 2495, 2412, 645, 2805, 2850, 2770, 361, 2409, 1191, 2290, 2523, 1619, 2060, 2696, 810, 2320, 1248, 908, 2633, 2628, 391, 1713, 2632, 3851, 1160, 2581, 715, 934, 894, 638, 2112, 626, 2118, 500, 2537, 2764, 501, 829, 898, 2074, 1031, 1723, 666, 2522, 818, 2884, 633, 2753, 1266, 1482, 2448, 2571, 2611, 754, 1540, 3366, 1144, 601, 2585, 3755, 2766, 840, 963, 2281, 212, 3483, 1147, 1675, 2909, 1560, 3740, 1027, 2233, 2728, 1731, 165, 1110]

2026-01-05 15:41:39,099 - INFO - 当前用时 78.98 秒
2026-01-05 15:41:39,100 - INFO - 将种子集 写入位置: /root/pythonspace/data-test/facebook/2026-1-5-watch-fans-random_dirichlet=[500,500,500]/seeds-with-facebook/random_ris_coverage_seedNum-80_SSRNum-100000.txt
2026-01-05 15:41:39,100 - INFO - 首次生成种子集 monterCarlo_CELF
2026-01-05 15:41:39,100 - INFO - 执行当前算法开始: monterCarlo_CELF
2026-01-05 15:41:39,100 - INFO - --- Running: CELF Greedy Monte Carlo (Sims=300) ---
2026-01-05 15:41:39,100 - INFO - Step 0: 初始化所有节点的边际增益...
2026-01-05 15:42:39,518 - INFO - Seed 1: 1965, Spread: 0.67
2026-01-05 15:42:55,949 - INFO - Seed 2: 320, Gain: 0.60, Total: 1.27
2026-01-05 15:43:01,052 - INFO - Seed 3: 1591, Gain: 0.61, Total: 1.88
2026-01-05 15:43:15,749 - INFO - Seed 4: 2076, Gain: 0.59, Total: 2.47
2026-01-05 15:43:41,374 - INFO - Seed 5: 2423, Gain: 0.57, Total: 3.04
2026-01-05 15:43:57,006 - INFO - Seed 6: 1153, Gain: 0.57, Total: 3.61
2026-01-05 15:44:06,174 - INFO - Seed 7: 1315, Gain: 0.56, Total: 4.17
2026-01-05 15:44:06,303 - INFO - Seed 8: 36, Gain: 0.64, Total: 4.80
2026-01-05 15:44:14,342 - INFO - Seed 9: 2635, Gain: 0.61, Total: 5.41
2026-01-05 15:44:16,967 - INFO - Seed 10: 3308, Gain: 0.59, Total: 6.00
2026-01-05 15:44:21,082 - INFO - Seed 11: 694, Gain: 0.59, Total: 6.60
2026-01-05 15:44:58,573 - INFO - Seed 12: 3110, Gain: 0.55, Total: 7.14
2026-01-05 15:46:09,912 - INFO - Seed 13: 3199, Gain: 0.56, Total: 7.70
2026-01-05 15:46:13,828 - INFO - Seed 14: 3726, Gain: 0.57, Total: 8.27
2026-01-05 15:46:25,683 - INFO - Seed 15: 1368, Gain: 0.59, Total: 8.87
2026-01-05 15:46:36,835 - INFO - Seed 16: 3749, Gain: 0.54, Total: 9.40
2026-01-05 15:46:38,798 - INFO - Seed 17: 200, Gain: 0.64, Total: 10.05
2026-01-05 15:47:01,081 - INFO - Seed 18: 164, Gain: 0.55, Total: 10.59
2026-01-05 15:47:08,561 - INFO - Seed 19: 2312, Gain: 0.67, Total: 11.26
2026-01-05 15:48:17,165 - INFO - Seed 20: 2606, Gain: 0.52, Total: 11.78
2026-01-05 15:48:27,980 - INFO - Seed 21: 405, Gain: 0.57, Total: 12.35
2026-01-05 15:48:28,236 - INFO - Seed 22: 1772, Gain: 0.63, Total: 12.98
2026-01-05 15:49:03,200 - INFO - Seed 23: 702, Gain: 0.61, Total: 13.60
2026-01-05 15:49:58,929 - INFO - Seed 24: 1815, Gain: 0.56, Total: 14.16
2026-01-05 15:51:07,164 - INFO - Seed 25: 2407, Gain: 0.48, Total: 14.64
2026-01-05 15:51:09,752 - INFO - Seed 26: 644, Gain: 0.51, Total: 15.14
2026-01-05 15:51:13,372 - INFO - Seed 27: 1405, Gain: 0.58, Total: 15.72
2026-01-05 15:51:17,552 - INFO - Seed 28: 3216, Gain: 0.59, Total: 16.31
2026-01-05 15:51:20,549 - INFO - Seed 29: 643, Gain: 0.69, Total: 17.00
2026-01-05 15:51:22,915 - INFO - Seed 30: 2658, Gain: 0.47, Total: 17.47
2026-01-05 15:51:31,781 - INFO - Seed 31: 1764, Gain: 0.56, Total: 18.03
2026-01-05 15:51:32,450 - INFO - Seed 32: 3263, Gain: 0.51, Total: 18.53
2026-01-05 15:51:35,378 - INFO - Seed 33: 3314, Gain: 0.57, Total: 19.10
2026-01-05 15:51:37,518 - INFO - Seed 34: 2057, Gain: 0.53, Total: 19.63
2026-01-05 15:51:38,238 - INFO - Seed 35: 1691, Gain: 0.47, Total: 20.10
2026-01-05 15:51:38,603 - INFO - Seed 36: 831, Gain: 0.46, Total: 20.56
2026-01-05 15:51:38,984 - INFO - Seed 37: 334, Gain: 0.67, Total: 21.23
2026-01-05 15:51:39,847 - INFO - Seed 38: 3395, Gain: 0.48, Total: 21.71
2026-01-05 15:51:40,937 - INFO - Seed 39: 2519, Gain: 0.53, Total: 22.24
2026-01-05 15:51:41,440 - INFO - Seed 40: 115, Gain: 0.48, Total: 22.72
2026-01-05 15:51:41,949 - INFO - Seed 41: 2510, Gain: 0.80, Total: 23.52
2026-01-05 15:51:43,107 - INFO - Seed 42: 3157, Gain: 0.50, Total: 24.02
2026-01-05 15:51:43,777 - INFO - Seed 43: 154, Gain: 0.77, Total: 24.79
2026-01-05 15:51:44,488 - INFO - Seed 44: 3702, Gain: 0.46, Total: 25.25
2026-01-05 15:51:45,724 - INFO - Seed 45: 3841, Gain: 0.46, Total: 25.71
2026-01-05 15:51:48,347 - INFO - Seed 46: 1384, Gain: 1.03, Total: 26.74
2026-01-05 15:53:10,704 - INFO - Seed 47: 1664, Gain: 0.47, Total: 27.21
2026-01-05 15:53:28,878 - INFO - Seed 48: 259, Gain: 0.53, Total: 27.75
2026-01-05 15:53:34,907 - INFO - Seed 49: 867, Gain: 0.72, Total: 28.47
2026-01-05 15:54:36,891 - INFO - Seed 50: 2536, Gain: 0.53, Total: 28.99
2026-01-05 15:54:51,111 - INFO - Seed 51: 3693, Gain: 0.44, Total: 29.44
2026-01-05 15:54:55,782 - INFO - Seed 52: 3298, Gain: 0.49, Total: 29.92
2026-01-05 15:55:02,467 - INFO - Seed 53: 3571, Gain: 0.48, Total: 30.41
2026-01-05 15:55:03,263 - INFO - Seed 54: 3457, Gain: 0.56, Total: 30.96
2026-01-05 15:55:04,076 - INFO - Seed 55: 1318, Gain: 0.48, Total: 31.45
2026-01-05 15:55:04,900 - INFO - Seed 56: 3818, Gain: 0.59, Total: 32.04
2026-01-05 15:55:06,565 - INFO - Seed 57: 1511, Gain: 0.77, Total: 32.81
2026-01-05 15:55:10,093 - INFO - Seed 58: 536, Gain: 0.46, Total: 33.27
2026-01-05 15:55:12,804 - INFO - Seed 59: 1358, Gain: 0.49, Total: 33.76
2026-01-05 15:55:13,708 - INFO - Seed 60: 1320, Gain: 0.78, Total: 34.54
2026-01-05 15:55:15,562 - INFO - Seed 61: 363, Gain: 0.49, Total: 35.03
2026-01-05 15:55:16,529 - INFO - Seed 62: 3404, Gain: 0.58, Total: 35.61
2026-01-05 15:55:22,814 - INFO - Seed 63: 984, Gain: 0.53, Total: 36.14
2026-01-05 15:55:25,509 - INFO - Seed 64: 108, Gain: 0.57, Total: 36.71
2026-01-05 15:55:34,064 - INFO - Seed 65: 2246, Gain: 0.62, Total: 37.33
2026-01-05 15:55:41,320 - INFO - Seed 66: 1343, Gain: 0.44, Total: 37.78
2026-01-05 15:55:43,120 - INFO - Seed 67: 2322, Gain: 0.49, Total: 38.26
2026-01-05 15:55:44,967 - INFO - Seed 68: 1070, Gain: 0.62, Total: 38.88
2026-01-05 15:55:46,960 - INFO - Seed 69: 3431, Gain: 0.60, Total: 39.48
2026-01-05 15:55:47,988 - INFO - Seed 70: 3131, Gain: 0.80, Total: 40.28
2026-01-05 15:55:49,044 - INFO - Seed 71: 2309, Gain: 0.61, Total: 40.89
2026-01-05 15:55:52,214 - INFO - Seed 72: 3479, Gain: 0.57, Total: 41.46
2026-01-05 15:56:02,150 - INFO - Seed 73: 773, Gain: 0.50, Total: 41.96
2026-01-05 15:56:08,732 - INFO - Seed 74: 2374, Gain: 0.50, Total: 42.46
2026-01-05 15:56:14,359 - INFO - Seed 75: 1312, Gain: 0.47, Total: 42.94
2026-01-05 15:56:19,117 - INFO - Seed 76: 800, Gain: 0.82, Total: 43.76
2026-01-05 15:56:22,846 - INFO - Seed 77: 3127, Gain: 0.67, Total: 44.43
2026-01-05 15:58:16,430 - INFO - Seed 78: 601, Gain: 0.48, Total: 44.91
2026-01-05 15:59:19,946 - INFO - Seed 79: 2192, Gain: 0.50, Total: 45.42
2026-01-05 15:59:39,592 - INFO - Seed 80: 1610, Gain: 0.47, Total: 45.89
2026-01-05 15:59:39,593 - INFO - CELF 完成，总耗时: 1080.49s
2026-01-05 15:59:39,593 - INFO - 当前用时 1080.49 秒
2026-01-05 15:59:39,593 - INFO - 将种子集 写入位置: /root/pythonspace/data-test/facebook/2026-1-5-watch-fans-random_dirichlet=[500,500,500]/seeds-with-facebook/random_monterCarlo_CELF_seedNum-80_SSRNum-100000.txt
2026-01-05 15:59:39,594 - INFO - 评估种子集: None
2026-01-05 15:59:39,594 - INFO - 多进程评估开始，共有 7 个方法待评估...
2026-01-05 15:59:39,594 - INFO - 启动进程池，Worker数量: 7
2026-01-05 15:59:40,244 - INFO - [Process 11853] 开始评估方法: random, 种子数: 80
2026-01-05 15:59:40,651 - INFO - [Process 11854] 开始评估方法: degreeTopM, 种子数: 80
2026-01-05 15:59:41,057 - INFO - [Process 11855] 开始评估方法: pageRank, 种子数: 80
2026-01-05 15:59:41,467 - INFO - [Process 11856] 开始评估方法: alpha_sort, 种子数: 80
2026-01-05 15:59:41,883 - INFO - [Process 11857] 开始评估方法: importance_sort, 种子数: 80
2026-01-05 15:59:41,934 - INFO - [Process 11853] random - 500 sims 完成: E=44.61
2026-01-05 15:59:42,300 - INFO - [Process 11858] 开始评估方法: ris_coverage, 种子数: 80
2026-01-05 15:59:42,566 - INFO - [Process 11856] alpha_sort - 500 sims 完成: E=44.29
2026-01-05 15:59:42,721 - INFO - [Process 11859] 开始评估方法: monterCarlo_CELF, 种子数: 80
2026-01-05 15:59:42,973 - INFO - [Process 11857] importance_sort - 500 sims 完成: E=44.29
2026-01-05 15:59:43,285 - INFO - [Process 11855] pageRank - 500 sims 完成: E=44.60
2026-01-05 15:59:43,391 - INFO - [Process 11858] ris_coverage - 500 sims 完成: E=45.46
2026-01-05 15:59:45,212 - INFO - [Process 11859] monterCarlo_CELF - 500 sims 完成: E=45.61
2026-01-05 15:59:51,720 - INFO - [Process 11854] degreeTopM - 500 sims 完成: E=40.61
2026-01-05 15:59:51,759 - INFO - 所有进程执行完毕，开始写入数据...
2026-01-05 15:59:51,766 - INFO - 成功写入 7 条记录至 /root/pythonspace/data-test/facebook/2026-1-5-watch-fans-random_dirichlet=[500,500,500]/E-activated-facebook/distribution-random/simuTimes-500_random-dirichlet-[500, 500, 500]_rrNumSamples-100000.csv
2026-01-05 15:59:51,766 - INFO - 保存评估文件至: /root/pythonspace/data-test/facebook/2026-1-5-watch-fans-random_dirichlet=[500,500,500]/E-activated-facebook/distribution-random/simuTimes-500_random-dirichlet-[500, 500, 500]_rrNumSamples-100000.csv
