2026-01-05 15:40:28,468 - INFO - 加载数据集: facebook
2026-01-05 15:40:28,469 - INFO - --- 矩阵分析 ---
2026-01-05 15:40:28,469 - INFO - 节点数 (N): 4039
2026-01-05 15:40:28,469 - INFO - 边数 (E): 176468
2026-01-05 15:40:28,469 - INFO - 密度 (Density): 0.01081728 (越小越稀疏)
2026-01-05 15:40:28,470 - INFO - 稀疏度 (Sparsity): 0.98918272 (越接近1越稀疏)
2026-01-05 15:40:28,470 - INFO - 平均度数 (Avg Degree): 43.69
2026-01-05 15:40:28,472 - INFO - 首次生成度相关概率分布 分布类型: 'random'.
2026-01-05 15:40:28,472 - INFO - ===> Generating 'Dirichlet' distributions with alpha=[500, 500, 500]...
2026-01-05 15:40:28,474 - INFO - 保存概率分布 文件位置: /root/pythonspace/data-test/facebook/2026-1-5-watch-fans-random_dirichlet=[500,500,500]/distribution-in-facebook/distribution-random_seedNum-100.pkl
2026-01-05 15:40:28,474 - INFO - >>> 正在注入‘社区效应/看门人机制’以区分算法能力...
2026-01-05 15:40:28,526 - INFO - 首次生成种子集 random
2026-01-05 15:40:28,526 - INFO - 执行当前算法开始: random
2026-01-05 15:40:28,526 - INFO - 数据集节点总数:  n = 4039, m = 100
2026-01-05 15:40:28,526 - INFO - 选择 100  [2045, 2195, 3908, 274, 622, 4013, 1737, 3709, 1378, 1880, 3247, 2694, 3416, 1160, 237, 1288, 839, 3857, 2615, 1845, 1211, 3732, 1250, 975, 339, 1539, 3112, 1173, 458, 284, 2483, 1424, 2602, 877, 168, 1178, 2904, 1176, 129, 2789, 2468, 1438, 1272, 1453, 2751, 2434, 1021, 3449, 593, 278, 1242, 1947, 3359, 716, 3955, 1840, 2866, 3344, 3637, 2126, 3521, 2492, 261, 3319, 2247, 3072, 822, 2502, 1822, 3278, 2819, 2828, 2938, 3302, 3772, 2883, 2302, 3381, 3896, 2510, 1694, 138, 1339, 2136, 3564, 497, 2657, 1829, 1809, 1774, 922, 93, 80, 1834, 511, 2158, 3199, 2382, 528, 496]

2026-01-05 15:40:28,526 - INFO - 当前用时 0.00 秒
2026-01-05 15:40:28,526 - INFO - 将种子集 写入位置: /root/pythonspace/data-test/facebook/2026-1-5-watch-fans-random_dirichlet=[500,500,500]/seeds-with-facebook/random_random_seedNum-100_SSRNum-100000.txt
2026-01-05 15:40:28,527 - INFO - 首次生成种子集 degreeTopM
2026-01-05 15:40:28,527 - INFO - 执行当前算法开始: degreeTopM
2026-01-05 15:40:28,527 - INFO - 依据: 选择连接数（度数）最多的节点。
2026-01-05 15:40:28,528 - INFO - 选择的 Top M 节点及其度数:
2026-01-05 15:40:28,528 - INFO - 
2026-01-05 15:40:28,528 - INFO - 当前用时 0.00 秒
2026-01-05 15:40:28,528 - INFO - 将种子集 写入位置: /root/pythonspace/data-test/facebook/2026-1-5-watch-fans-random_dirichlet=[500,500,500]/seeds-with-facebook/random_degreeTopM_seedNum-100_SSRNum-100000.txt
2026-01-05 15:40:28,529 - INFO - 首次生成种子集 pageRank
2026-01-05 15:40:28,529 - INFO - 执行当前算法开始: pageRank
2026-01-05 15:40:28,529 - INFO - --- Running: PageRank (on tranProMatrix) Top M ---
2026-01-05 15:40:29,552 - INFO - Selected PageRank seeds: [1821, 107, 351, 0, 352, 348, 1831, 1827, 349, 1843, 366, 2088, 362, 2130, 56, 25, 1973, 322, 365, 350, 67, 3626, 3226, 1858, 271, 371, 403, 119, 3581, 3946, 277, 1373, 1285, 3634, 21, 26, 1850, 1490, 2508, 252, 1573, 838, 2188, 378, 1149, 2806, 3559, 1215, 122, 572, 917, 1268, 1950, 2902, 1538, 1864, 368, 1070, 136, 2427, 2055, 2154, 2305, 2832, 239, 2622, 2315, 367, 2403, 1253, 359, 685, 2797, 315, 203, 9, 360, 571, 2053, 958, 2871, 200, 1892, 2087, 361, 1312, 1663, 2689, 382, 1431, 1466, 1890, 304, 1699, 763, 1075, 1457, 2933, 612, 2594]
2026-01-05 15:40:29,577 - INFO - 当前用时 1.05 秒
2026-01-05 15:40:29,577 - INFO - 将种子集 写入位置: /root/pythonspace/data-test/facebook/2026-1-5-watch-fans-random_dirichlet=[500,500,500]/seeds-with-facebook/random_pageRank_seedNum-100_SSRNum-100000.txt
2026-01-05 15:40:29,577 - INFO - 首次生成种子集 alpha_sort
2026-01-05 15:40:29,577 - INFO - 执行当前算法开始: alpha_sort
2026-01-05 15:40:29,579 - INFO - 4039 个节点的alpha值降序排序 done
2026-01-05 15:40:29,579 - INFO - ==============>> [(1, 0.4), (2, 0.4), (3, 0.4), (4, 0.4), (5, 0.4), (6, 0.4), (7, 0.4), (8, 0.4), (9, 0.4), (10, 0.4)]
2026-01-05 15:40:29,579 - INFO - 
选择的种子集 (按alpha排序): [1, 2, 3, 4, 5, 6, 7, 8, 9, 10, 11, 12, 13, 14, 15, 16, 17, 18, 19, 20, 21, 22, 23, 24, 25, 26, 27, 28, 29, 30, 31, 32, 33, 34, 35, 36, 37, 38, 39, 40, 41, 42, 43, 44, 45, 46, 47, 48, 49, 50, 51, 52, 53, 54, 55, 56, 57, 58, 59, 60, 61, 62, 63, 64, 65, 66, 67, 68, 69, 70, 71, 72, 73, 74, 75, 76, 77, 78, 79, 80, 81, 82, 83, 84, 85, 86, 87, 88, 89, 90, 91, 92, 93, 94, 95, 96, 97, 98, 99, 100]

2026-01-05 15:40:29,579 - INFO - 当前用时 0.00 秒
2026-01-05 15:40:29,579 - INFO - 将种子集 写入位置: /root/pythonspace/data-test/facebook/2026-1-5-watch-fans-random_dirichlet=[500,500,500]/seeds-with-facebook/random_alpha_sort_seedNum-100_SSRNum-100000.txt
2026-01-05 15:40:29,579 - INFO - 首次生成种子集 importance_sort
2026-01-05 15:40:29,579 - INFO - 执行当前算法开始: importance_sort
2026-01-05 15:40:31,692 - INFO - 4039 个节点的Importance值降序排序 done
2026-01-05 15:40:31,692 - INFO - 
选择的种子集 (按Importance排序): [1, 2, 3, 4, 5, 6, 7, 8, 9, 10, 11, 12, 13, 14, 15, 16, 17, 18, 19, 20, 21, 22, 23, 24, 25, 26, 27, 28, 29, 30, 31, 32, 33, 34, 35, 36, 37, 38, 39, 40, 41, 42, 43, 44, 45, 46, 47, 48, 49, 50, 51, 52, 53, 54, 55, 56, 57, 58, 59, 60, 61, 62, 63, 64, 65, 66, 67, 68, 69, 70, 71, 72, 73, 74, 75, 76, 77, 78, 79, 80, 81, 82, 83, 84, 85, 86, 87, 88, 89, 90, 91, 92, 93, 94, 95, 96, 97, 98, 99, 100]

2026-01-05 15:40:31,692 - INFO - 当前用时 2.11 秒
2026-01-05 15:40:31,693 - INFO - 将种子集 写入位置: /root/pythonspace/data-test/facebook/2026-1-5-watch-fans-random_dirichlet=[500,500,500]/seeds-with-facebook/random_importance_sort_seedNum-100_SSRNum-100000.txt
2026-01-05 15:40:31,693 - INFO - 首次生成种子集 ris_coverage
2026-01-05 15:40:31,693 - INFO - 执行当前算法开始: ris_coverage
2026-01-05 15:40:31,899 - INFO - 图初始化完成，节点数: 4039，CSR 矩阵准备就绪。
2026-01-05 15:40:31,899 - INFO - 
开始生成 100000 组 SSR (并行进程: 8)...
2026-01-05 15:41:27,507 - INFO - 生成完毕。耗时: 55.61 秒。
2026-01-05 15:41:27,508 - INFO - 
开始选择最优种子 (Optimized Greedy) ...
2026-01-05 15:41:54,276 - INFO -   - 券 1/100 选中节点 2354, 新增覆盖 115
2026-01-05 15:41:54,303 - INFO -   - 券 2/100 选中节点 2073, 新增覆盖 114
2026-01-05 15:41:54,331 - INFO -   - 券 3/100 选中节点 2748, 新增覆盖 124
2026-01-05 15:41:54,359 - INFO -   - 券 4/100 选中节点 894, 新增覆盖 118
2026-01-05 15:41:54,389 - INFO -   - 券 5/100 选中节点 2901, 新增覆盖 117
2026-01-05 15:41:54,421 - INFO -   - 券 6/100 选中节点 2414, 新增覆盖 112
2026-01-05 15:41:54,452 - INFO -   - 券 7/100 选中节点 835, 新增覆盖 117
2026-01-05 15:41:54,484 - INFO -   - 券 8/100 选中节点 2853, 新增覆盖 117
2026-01-05 15:41:54,516 - INFO -   - 券 9/100 选中节点 1575, 新增覆盖 115
2026-01-05 15:41:54,551 - INFO -   - 券 10/100 选中节点 2919, 新增覆盖 113
2026-01-05 15:41:54,586 - INFO -   - 券 11/100 选中节点 891, 新增覆盖 117
2026-01-05 15:41:54,620 - INFO -   - 券 12/100 选中节点 2244, 新增覆盖 118
2026-01-05 15:41:54,655 - INFO -   - 券 13/100 选中节点 2820, 新增覆盖 129
2026-01-05 15:41:54,694 - INFO -   - 券 14/100 选中节点 772, 新增覆盖 120
2026-01-05 15:41:54,730 - INFO -   - 券 15/100 选中节点 824, 新增覆盖 111
2026-01-05 15:41:54,767 - INFO -   - 券 16/100 选中节点 859, 新增覆盖 115
2026-01-05 15:41:54,811 - INFO -   - 券 17/100 选中节点 850, 新增覆盖 109
2026-01-05 15:41:54,855 - INFO -   - 券 18/100 选中节点 2808, 新增覆盖 119
2026-01-05 15:41:54,902 - INFO -   - 券 19/100 选中节点 2672, 新增覆盖 115
2026-01-05 15:41:54,947 - INFO -   - 券 20/100 选中节点 1263, 新增覆盖 110
2026-01-05 15:41:54,992 - INFO -   - 券 21/100 选中节点 429, 新增覆盖 109
2026-01-05 15:41:55,039 - INFO -   - 券 22/100 选中节点 2647, 新增覆盖 115
2026-01-05 15:41:55,087 - INFO -   - 券 23/100 选中节点 2519, 新增覆盖 117
2026-01-05 15:41:55,134 - INFO -   - 券 24/100 选中节点 2283, 新增覆盖 109
2026-01-05 15:41:55,184 - INFO -   - 券 25/100 选中节点 1340, 新增覆盖 106
2026-01-05 15:41:55,233 - INFO -   - 券 26/100 选中节点 2673, 新增覆盖 114
2026-01-05 15:41:55,283 - INFO -   - 券 27/100 选中节点 2535, 新增覆盖 104
2026-01-05 15:41:55,340 - INFO -   - 券 28/100 选中节点 2308, 新增覆盖 118
2026-01-05 15:41:55,393 - INFO -   - 券 29/100 选中节点 599, 新增覆盖 108
2026-01-05 15:41:55,444 - INFO -   - 券 30/100 选中节点 2187, 新增覆盖 105
2026-01-05 15:41:55,499 - INFO -   - 券 31/100 选中节点 589, 新增覆盖 100
2026-01-05 15:41:55,553 - INFO -   - 券 32/100 选中节点 440, 新增覆盖 106
2026-01-05 15:41:55,613 - INFO -   - 券 33/100 选中节点 1159, 新增覆盖 102
2026-01-05 15:41:55,668 - INFO -   - 券 34/100 选中节点 3479, 新增覆盖 102
2026-01-05 15:41:55,737 - INFO -   - 券 35/100 选中节点 2190, 新增覆盖 109
2026-01-05 15:41:55,802 - INFO -   - 券 36/100 选中节点 370, 新增覆盖 107
2026-01-05 15:41:55,874 - INFO -   - 券 37/100 选中节点 836, 新增覆盖 118
2026-01-05 15:41:55,943 - INFO -   - 券 38/100 选中节点 1684, 新增覆盖 105
2026-01-05 15:41:56,012 - INFO -   - 券 39/100 选中节点 2360, 新增覆盖 109
2026-01-05 15:41:56,085 - INFO -   - 券 40/100 选中节点 2522, 新增覆盖 107
2026-01-05 15:41:56,155 - INFO -   - 券 41/100 选中节点 1303, 新增覆盖 116
2026-01-05 15:41:56,226 - INFO -   - 券 42/100 选中节点 2938, 新增覆盖 106
2026-01-05 15:41:56,301 - INFO -   - 券 43/100 选中节点 2898, 新增覆盖 103
2026-01-05 15:41:56,374 - INFO -   - 券 44/100 选中节点 1325, 新增覆盖 101
2026-01-05 15:41:56,446 - INFO -   - 券 45/100 选中节点 1097, 新增覆盖 108
2026-01-05 15:41:56,517 - INFO -   - 券 46/100 选中节点 388, 新增覆盖 104
2026-01-05 15:41:56,588 - INFO -   - 券 47/100 选中节点 2776, 新增覆盖 100
2026-01-05 15:41:56,663 - INFO -   - 券 48/100 选中节点 818, 新增覆盖 104
2026-01-05 15:41:56,743 - INFO -   - 券 49/100 选中节点 2277, 新增覆盖 98
2026-01-05 15:41:56,826 - INFO -   - 券 50/100 选中节点 2974, 新增覆盖 107
2026-01-05 15:41:56,905 - INFO -   - 券 51/100 选中节点 2372, 新增覆盖 99
2026-01-05 15:41:56,984 - INFO -   - 券 52/100 选中节点 2380, 新增覆盖 108
2026-01-05 15:41:57,065 - INFO -   - 券 53/100 选中节点 1022, 新增覆盖 104
2026-01-05 15:41:57,148 - INFO -   - 券 54/100 选中节点 1331, 新增覆盖 99
2026-01-05 15:41:57,228 - INFO -   - 券 55/100 选中节点 1060, 新增覆盖 106
2026-01-05 15:41:57,307 - INFO -   - 券 56/100 选中节点 2198, 新增覆盖 97
2026-01-05 15:41:57,388 - INFO -   - 券 57/100 选中节点 1738, 新增覆盖 100
2026-01-05 15:41:57,468 - INFO -   - 券 58/100 选中节点 146, 新增覆盖 99
2026-01-05 15:41:57,559 - INFO -   - 券 59/100 选中节点 1171, 新增覆盖 99
2026-01-05 15:41:57,640 - INFO -   - 券 60/100 选中节点 1551, 新增覆盖 101
2026-01-05 15:41:57,723 - INFO -   - 券 61/100 选中节点 2703, 新增覆盖 99
2026-01-05 15:41:57,802 - INFO -   - 券 62/100 选中节点 1160, 新增覆盖 96
2026-01-05 15:41:57,893 - INFO -   - 券 63/100 选中节点 2059, 新增覆盖 102
2026-01-05 15:41:57,983 - INFO -   - 券 64/100 选中节点 848, 新增覆盖 100
2026-01-05 15:41:58,071 - INFO -   - 券 65/100 选中节点 3814, 新增覆盖 104
2026-01-05 15:41:58,165 - INFO -   - 券 66/100 选中节点 3261, 新增覆盖 109
2026-01-05 15:41:58,261 - INFO -   - 券 67/100 选中节点 258, 新增覆盖 97
2026-01-05 15:41:58,352 - INFO -   - 券 68/100 选中节点 2473, 新增覆盖 104
2026-01-05 15:41:58,442 - INFO -   - 券 69/100 选中节点 2818, 新增覆盖 110
2026-01-05 15:41:58,532 - INFO -   - 券 70/100 选中节点 2290, 新增覆盖 101
2026-01-05 15:41:58,623 - INFO -   - 券 71/100 选中节点 2807, 新增覆盖 94
2026-01-05 15:41:58,724 - INFO -   - 券 72/100 选中节点 733, 新增覆盖 99
2026-01-05 15:41:58,821 - INFO -   - 券 73/100 选中节点 1556, 新增覆盖 91
2026-01-05 15:41:58,920 - INFO -   - 券 74/100 选中节点 2221, 新增覆盖 101
2026-01-05 15:41:59,021 - INFO -   - 券 75/100 选中节点 2397, 新增覆盖 99
2026-01-05 15:41:59,130 - INFO -   - 券 76/100 选中节点 2286, 新增覆盖 96
2026-01-05 15:41:59,229 - INFO -   - 券 77/100 选中节点 2400, 新增覆盖 95
2026-01-05 15:41:59,339 - INFO -   - 券 78/100 选中节点 2957, 新增覆盖 95
2026-01-05 15:41:59,444 - INFO -   - 券 79/100 选中节点 873, 新增覆盖 92
2026-01-05 15:41:59,550 - INFO -   - 券 80/100 选中节点 1350, 新增覆盖 98
2026-01-05 15:41:59,655 - INFO -   - 券 81/100 选中节点 2696, 新增覆盖 104
2026-01-05 15:41:59,765 - INFO -   - 券 82/100 选中节点 1688, 新增覆盖 96
2026-01-05 15:41:59,883 - INFO -   - 券 83/100 选中节点 544, 新增覆盖 97
2026-01-05 15:42:00,001 - INFO -   - 券 84/100 选中节点 1714, 新增覆盖 92
2026-01-05 15:42:00,127 - INFO -   - 券 85/100 选中节点 2182, 新增覆盖 95
2026-01-05 15:42:00,247 - INFO -   - 券 86/100 选中节点 1212, 新增覆盖 95
2026-01-05 15:42:00,367 - INFO -   - 券 87/100 选中节点 3517, 新增覆盖 96
2026-01-05 15:42:00,482 - INFO -   - 券 88/100 选中节点 3317, 新增覆盖 94
2026-01-05 15:42:00,611 - INFO -   - 券 89/100 选中节点 1181, 新增覆盖 106
2026-01-05 15:42:00,742 - INFO -   - 券 90/100 选中节点 3196, 新增覆盖 94
2026-01-05 15:42:00,879 - INFO -   - 券 91/100 选中节点 1904, 新增覆盖 90
2026-01-05 15:42:01,006 - INFO -   - 券 92/100 选中节点 2574, 新增覆盖 94
2026-01-05 15:42:01,131 - INFO -   - 券 93/100 选中节点 475, 新增覆盖 97
2026-01-05 15:42:01,262 - INFO -   - 券 94/100 选中节点 1709, 新增覆盖 90
2026-01-05 15:42:01,389 - INFO -   - 券 95/100 选中节点 1011, 新增覆盖 89
2026-01-05 15:42:01,522 - INFO -   - 券 96/100 选中节点 493, 新增覆盖 95
2026-01-05 15:42:01,653 - INFO -   - 券 97/100 选中节点 2793, 新增覆盖 91
2026-01-05 15:42:01,780 - INFO -   - 券 98/100 选中节点 3162, 新增覆盖 93
2026-01-05 15:42:01,911 - INFO -   - 券 99/100 选中节点 845, 新增覆盖 98
2026-01-05 15:42:02,047 - INFO -   - 券 100/100 选中节点 393, 新增覆盖 95
2026-01-05 15:42:02,047 - INFO - 选种完毕。耗时: 34.54 秒。
2026-01-05 15:42:03,033 - INFO - 最终选择的种子集: [2354, 2073, 2748, 894, 2901, 2414, 835, 2853, 1575, 2919, 891, 2244, 2820, 772, 824, 859, 850, 2808, 2672, 1263, 429, 2647, 2519, 2283, 1340, 2673, 2535, 2308, 599, 2187, 589, 440, 1159, 3479, 2190, 370, 836, 1684, 2360, 2522, 1303, 2938, 2898, 1325, 1097, 388, 2776, 818, 2277, 2974, 2372, 2380, 1022, 1331, 1060, 2198, 1738, 146, 1171, 1551, 2703, 1160, 2059, 848, 3814, 3261, 258, 2473, 2818, 2290, 2807, 733, 1556, 2221, 2397, 2286, 2400, 2957, 873, 1350, 2696, 1688, 544, 1714, 2182, 1212, 3517, 3317, 1181, 3196, 1904, 2574, 475, 1709, 1011, 493, 2793, 3162, 845, 393]

2026-01-05 15:42:05,107 - INFO - 当前用时 93.41 秒
2026-01-05 15:42:05,107 - INFO - 将种子集 写入位置: /root/pythonspace/data-test/facebook/2026-1-5-watch-fans-random_dirichlet=[500,500,500]/seeds-with-facebook/random_ris_coverage_seedNum-100_SSRNum-100000.txt
2026-01-05 15:42:05,108 - INFO - 首次生成种子集 monterCarlo_CELF
2026-01-05 15:42:05,108 - INFO - 执行当前算法开始: monterCarlo_CELF
2026-01-05 15:42:05,108 - INFO - --- Running: CELF Greedy Monte Carlo (Sims=300) ---
2026-01-05 15:42:05,108 - INFO - Step 0: 初始化所有节点的边际增益...
2026-01-05 15:43:05,568 - INFO - Seed 1: 656, Spread: 0.66
2026-01-05 15:43:11,262 - INFO - Seed 2: 3514, Gain: 0.61, Total: 1.27
2026-01-05 15:43:31,781 - INFO - Seed 3: 2249, Gain: 0.59, Total: 1.86
2026-01-05 15:43:42,599 - INFO - Seed 4: 2386, Gain: 0.58, Total: 2.45
2026-01-05 15:43:44,902 - INFO - Seed 5: 1498, Gain: 0.59, Total: 3.04
2026-01-05 15:43:45,827 - INFO - Seed 6: 1992, Gain: 0.63, Total: 3.67
2026-01-05 15:43:46,309 - INFO - Seed 7: 2220, Gain: 0.61, Total: 4.27
2026-01-05 15:45:11,903 - INFO - Seed 8: 3078, Gain: 0.56, Total: 4.83
2026-01-05 15:45:22,797 - INFO - Seed 9: 3648, Gain: 0.58, Total: 5.41
2026-01-05 15:45:48,641 - INFO - Seed 10: 885, Gain: 0.60, Total: 6.01
2026-01-05 15:47:03,514 - INFO - Seed 11: 3882, Gain: 0.53, Total: 6.53
2026-01-05 15:47:03,735 - INFO - Seed 12: 3529, Gain: 0.53, Total: 7.07
2026-01-05 15:47:03,973 - INFO - Seed 13: 385, Gain: 0.55, Total: 7.62
2026-01-05 15:47:08,708 - INFO - Seed 14: 2981, Gain: 0.56, Total: 8.18
2026-01-05 15:47:09,096 - INFO - Seed 15: 3360, Gain: 0.53, Total: 8.71
2026-01-05 15:47:09,600 - INFO - Seed 16: 3607, Gain: 0.66, Total: 9.37
2026-01-05 15:47:10,882 - INFO - Seed 17: 3864, Gain: 0.54, Total: 9.91
2026-01-05 15:47:15,864 - INFO - Seed 18: 1800, Gain: 0.60, Total: 10.50
2026-01-05 15:47:16,533 - INFO - Seed 19: 3103, Gain: 0.53, Total: 11.03
2026-01-05 15:47:19,238 - INFO - Seed 20: 35, Gain: 0.53, Total: 11.56
2026-01-05 15:47:20,798 - INFO - Seed 21: 779, Gain: 0.54, Total: 12.11
2026-01-05 15:47:21,958 - INFO - Seed 22: 874, Gain: 0.71, Total: 12.82
2026-01-05 15:47:24,091 - INFO - Seed 23: 1795, Gain: 0.56, Total: 13.38
2026-01-05 15:47:34,917 - INFO - Seed 24: 1518, Gain: 0.54, Total: 13.92
2026-01-05 15:47:36,606 - INFO - Seed 25: 1478, Gain: 0.63, Total: 14.55
2026-01-05 15:47:56,013 - INFO - Seed 26: 587, Gain: 0.52, Total: 15.06
2026-01-05 15:47:57,009 - INFO - Seed 27: 3523, Gain: 0.67, Total: 15.73
2026-01-05 15:48:18,617 - INFO - Seed 28: 1654, Gain: 0.51, Total: 16.25
2026-01-05 15:48:24,669 - INFO - Seed 29: 1775, Gain: 0.53, Total: 16.77
2026-01-05 15:48:26,605 - INFO - Seed 30: 2390, Gain: 0.54, Total: 17.31
2026-01-05 15:48:28,476 - INFO - Seed 31: 3281, Gain: 0.61, Total: 17.92
2026-01-05 15:48:29,006 - INFO - Seed 32: 1446, Gain: 0.52, Total: 18.43
2026-01-05 15:48:30,589 - INFO - Seed 33: 2952, Gain: 0.52, Total: 18.95
2026-01-05 15:48:31,118 - INFO - Seed 34: 1026, Gain: 0.77, Total: 19.73
2026-01-05 15:49:12,284 - INFO - Seed 35: 875, Gain: 0.52, Total: 20.25
2026-01-05 15:49:13,935 - INFO - Seed 36: 2852, Gain: 0.54, Total: 20.79
2026-01-05 15:49:18,952 - INFO - Seed 37: 411, Gain: 0.54, Total: 21.33
2026-01-05 15:49:22,495 - INFO - Seed 38: 3251, Gain: 0.78, Total: 22.11
2026-01-05 15:50:15,723 - INFO - Seed 39: 187, Gain: 0.58, Total: 22.69
2026-01-05 15:51:16,364 - INFO - Seed 40: 2960, Gain: 0.55, Total: 23.23
2026-01-05 15:53:57,830 - INFO - Seed 41: 2915, Gain: 0.64, Total: 23.87
2026-01-05 15:54:11,779 - INFO - Seed 42: 3000, Gain: 0.51, Total: 24.38
2026-01-05 15:54:15,935 - INFO - Seed 43: 342, Gain: 0.47, Total: 24.85
2026-01-05 15:54:48,774 - INFO - Seed 44: 2580, Gain: 0.59, Total: 25.44
2026-01-05 15:54:49,472 - INFO - Seed 45: 1765, Gain: 0.51, Total: 25.95
2026-01-05 15:54:57,202 - INFO - Seed 46: 2652, Gain: 0.53, Total: 26.48
2026-01-05 15:54:59,255 - INFO - Seed 47: 2883, Gain: 0.47, Total: 26.95
2026-01-05 15:55:01,269 - INFO - Seed 48: 391, Gain: 0.53, Total: 27.49
2026-01-05 15:55:01,974 - INFO - Seed 49: 3240, Gain: 0.46, Total: 27.94
2026-01-05 15:55:02,719 - INFO - Seed 50: 1129, Gain: 0.93, Total: 28.87
2026-01-05 15:55:38,800 - INFO - Seed 51: 611, Gain: 0.61, Total: 29.48
2026-01-05 15:55:39,506 - INFO - Seed 52: 1596, Gain: 0.48, Total: 29.97
2026-01-05 15:55:40,213 - INFO - Seed 53: 1637, Gain: 0.51, Total: 30.48
2026-01-05 15:55:40,918 - INFO - Seed 54: 2726, Gain: 0.46, Total: 30.94
2026-01-05 15:55:42,399 - INFO - Seed 55: 585, Gain: 0.76, Total: 31.69
2026-01-05 15:56:13,029 - INFO - Seed 56: 2127, Gain: 0.47, Total: 32.16
2026-01-05 15:56:13,767 - INFO - Seed 57: 2051, Gain: 0.67, Total: 32.83
2026-01-05 15:56:16,180 - INFO - Seed 58: 1018, Gain: 0.54, Total: 33.37
2026-01-05 15:56:25,052 - INFO - Seed 59: 554, Gain: 0.59, Total: 33.96
2026-01-05 15:56:25,821 - INFO - Seed 60: 1583, Gain: 0.62, Total: 34.58
2026-01-05 15:56:27,407 - INFO - Seed 61: 1079, Gain: 0.46, Total: 35.04
2026-01-05 15:56:31,383 - INFO - Seed 62: 3870, Gain: 0.76, Total: 35.80
2026-01-05 15:56:43,802 - INFO - Seed 63: 3001, Gain: 0.52, Total: 36.32
2026-01-05 15:56:45,505 - INFO - Seed 64: 909, Gain: 0.49, Total: 36.81
2026-01-05 15:56:53,685 - INFO - Seed 65: 1045, Gain: 0.48, Total: 37.29
2026-01-05 15:56:55,317 - INFO - Seed 66: 1816, Gain: 0.60, Total: 37.89
2026-01-05 15:57:00,316 - INFO - Seed 67: 3037, Gain: 0.52, Total: 38.41
2026-01-05 15:57:01,145 - INFO - Seed 68: 2589, Gain: 0.61, Total: 39.02
2026-01-05 15:57:02,826 - INFO - Seed 69: 978, Gain: 0.52, Total: 39.54
2026-01-05 15:57:05,368 - INFO - Seed 70: 2423, Gain: 0.59, Total: 40.13
2026-01-05 15:57:06,247 - INFO - Seed 71: 1901, Gain: 0.82, Total: 40.95
2026-01-05 15:58:27,716 - INFO - Seed 72: 2923, Gain: 0.52, Total: 41.47
2026-01-05 15:58:32,275 - INFO - Seed 73: 2105, Gain: 0.59, Total: 42.06
2026-01-05 15:59:03,662 - INFO - Seed 74: 1814, Gain: 0.52, Total: 42.58
2026-01-05 15:59:06,357 - INFO - Seed 75: 620, Gain: 0.49, Total: 43.07
2026-01-05 15:59:08,153 - INFO - Seed 76: 2093, Gain: 0.52, Total: 43.59
2026-01-05 15:59:20,210 - INFO - Seed 77: 808, Gain: 0.47, Total: 44.06
2026-01-05 15:59:25,822 - INFO - Seed 78: 1196, Gain: 0.55, Total: 44.61
2026-01-05 15:59:26,726 - INFO - Seed 79: 416, Gain: 0.62, Total: 45.24
2026-01-05 15:59:31,442 - INFO - Seed 80: 2135, Gain: 0.49, Total: 45.73
2026-01-05 15:59:35,162 - INFO - Seed 81: 2933, Gain: 0.61, Total: 46.34
2026-01-05 15:59:42,720 - INFO - Seed 82: 2531, Gain: 0.46, Total: 46.80
2026-01-05 15:59:44,626 - INFO - Seed 83: 2863, Gain: 0.56, Total: 47.36
2026-01-05 15:59:46,551 - INFO - Seed 84: 2059, Gain: 0.43, Total: 47.79
2026-01-05 15:59:47,529 - INFO - Seed 85: 3600, Gain: 0.57, Total: 48.36
2026-01-05 15:59:48,526 - INFO - Seed 86: 1467, Gain: 0.60, Total: 48.96
2026-01-05 15:59:49,547 - INFO - Seed 87: 811, Gain: 0.90, Total: 49.87
2026-01-05 15:59:53,586 - INFO - Seed 88: 3906, Gain: 0.49, Total: 50.35
2026-01-05 15:59:54,564 - INFO - Seed 89: 1180, Gain: 0.57, Total: 50.92
2026-01-05 16:00:03,720 - INFO - Seed 90: 60, Gain: 0.45, Total: 51.38
2026-01-05 16:00:05,735 - INFO - Seed 91: 3954, Gain: 0.57, Total: 51.95
2026-01-05 16:00:07,794 - INFO - Seed 92: 1161, Gain: 0.43, Total: 52.38
2026-01-05 16:00:08,787 - INFO - Seed 93: 294, Gain: 0.57, Total: 52.94
2026-01-05 16:00:10,809 - INFO - Seed 94: 2591, Gain: 0.89, Total: 53.84
2026-01-05 16:00:13,862 - INFO - Seed 95: 1132, Gain: 0.79, Total: 54.63
2026-01-05 16:00:27,613 - INFO - Seed 96: 2210, Gain: 0.68, Total: 55.31
2026-01-05 16:02:42,136 - INFO - Seed 97: 1705, Gain: 0.53, Total: 55.84
2026-01-05 16:03:02,869 - INFO - Seed 98: 3188, Gain: 0.55, Total: 56.39
2026-01-05 16:05:22,782 - INFO - Seed 99: 2181, Gain: 0.48, Total: 56.88
2026-01-05 16:05:46,752 - INFO - Seed 100: 1254, Gain: 0.55, Total: 57.43
2026-01-05 16:05:46,752 - INFO - CELF 完成，总耗时: 1421.64s
2026-01-05 16:05:46,753 - INFO - 当前用时 1421.65 秒
2026-01-05 16:05:46,753 - INFO - 将种子集 写入位置: /root/pythonspace/data-test/facebook/2026-1-5-watch-fans-random_dirichlet=[500,500,500]/seeds-with-facebook/random_monterCarlo_CELF_seedNum-100_SSRNum-100000.txt
2026-01-05 16:05:46,754 - INFO - 评估种子集: None
2026-01-05 16:05:46,754 - INFO - 多进程评估开始，共有 7 个方法待评估...
2026-01-05 16:05:46,754 - INFO - 启动进程池，Worker数量: 7
2026-01-05 16:05:47,410 - INFO - [Process 12323] 开始评估方法: random, 种子数: 100
2026-01-05 16:05:47,773 - INFO - [Process 12324] 开始评估方法: degreeTopM, 种子数: 100
2026-01-05 16:05:48,094 - INFO - [Process 12325] 开始评估方法: pageRank, 种子数: 100
2026-01-05 16:05:48,498 - INFO - [Process 12326] 开始评估方法: alpha_sort, 种子数: 100
2026-01-05 16:05:48,813 - INFO - [Process 12327] 开始评估方法: importance_sort, 种子数: 100
2026-01-05 16:05:49,130 - INFO - [Process 12328] 开始评估方法: ris_coverage, 种子数: 100
2026-01-05 16:05:49,529 - INFO - [Process 12329] 开始评估方法: monterCarlo_CELF, 种子数: 100
2026-01-05 16:05:49,825 - INFO - [Process 12323] random - 500 sims 完成: E=56.08
2026-01-05 16:05:49,938 - INFO - [Process 12326] alpha_sort - 500 sims 完成: E=55.26
2026-01-05 16:05:49,982 - INFO - [Process 12327] importance_sort - 500 sims 完成: E=55.26
2026-01-05 16:05:50,454 - INFO - [Process 12328] ris_coverage - 500 sims 完成: E=57.10
2026-01-05 16:05:50,560 - INFO - [Process 12325] pageRank - 500 sims 完成: E=55.26
2026-01-05 16:05:51,511 - INFO - [Process 12329] monterCarlo_CELF - 500 sims 完成: E=56.90
2026-01-05 16:06:01,725 - INFO - [Process 12324] degreeTopM - 500 sims 完成: E=48.53
2026-01-05 16:06:01,777 - INFO - 所有进程执行完毕，开始写入数据...
2026-01-05 16:06:01,783 - INFO - 成功写入 7 条记录至 /root/pythonspace/data-test/facebook/2026-1-5-watch-fans-random_dirichlet=[500,500,500]/E-activated-facebook/distribution-random/simuTimes-500_random-dirichlet-[500, 500, 500]_rrNumSamples-100000.csv
2026-01-05 16:06:01,783 - INFO - 保存评估文件至: /root/pythonspace/data-test/facebook/2026-1-5-watch-fans-random_dirichlet=[500,500,500]/E-activated-facebook/distribution-random/simuTimes-500_random-dirichlet-[500, 500, 500]_rrNumSamples-100000.csv
