2026-03-11 14:54:09,462 - INFO - 加载数据集: network.EmailEnron
2026-03-11 14:54:09,466 - INFO - --- 矩阵分析 ---
2026-03-11 14:54:09,466 - INFO - 节点数 (N): 33696
2026-03-11 14:54:09,466 - INFO - 边数 (E): 361622
2026-03-11 14:54:09,466 - INFO - 密度 (Density): 0.00031849 (越小越稀疏)
2026-03-11 14:54:09,466 - INFO - 稀疏度 (Sparsity): 0.99968151 (越接近1越稀疏)
2026-03-11 14:54:09,466 - INFO - 平均度数 (Avg Degree): 10.73
2026-03-11 14:54:09,468 - INFO - 首次生成度相关概率分布 分布类型: 'log_continuous'.
2026-03-11 14:54:09,469 - INFO - ===> Generating 'Log-Continuous' distributions for Real Graph...
2026-03-11 14:54:09,848 - INFO - 保存概率分布 文件位置: /root/work/coupon/coup_spread/network.EmailEnron/2026-4-11/distribution-in-network.EmailEnron/distribution-log_continuous_seedNum-224.pkl
2026-03-11 14:54:10,176 - INFO - 首次生成种子集 random
2026-03-11 14:54:10,176 - INFO - 执行当前算法开始: random
2026-03-11 14:54:10,176 - INFO - 数据集节点总数:  n = 33696, m = 224
2026-03-11 14:54:10,176 - INFO - 选择 224  [22802, 24288, 32189, 23173, 24355, 9736, 13232, 33077, 10013, 14303, 11768, 28252, 28536, 29132, 165, 24949, 19833, 12180, 21124, 19320, 17232, 30980, 1325, 22329, 11900, 1234, 29819, 3918, 25028, 29462, 12495, 20022, 9811, 10150, 3043, 11505, 28610, 23613, 33032, 30022, 10970, 32443, 25180, 27049, 32773, 25848, 18690, 992, 14246, 19122, 7593, 11719, 7844, 21594, 5343, 2389, 21339, 896, 22825, 6492, 30380, 8349, 3924, 3738, 30508, 11224, 370, 27131, 5094, 16178, 25228, 13077, 11822, 11182, 14444, 7021, 17844, 19098, 22598, 30079, 15822, 16568, 9520, 1486, 14630, 24286, 14573, 26836, 29522, 13200, 12863, 26120, 3370, 17533, 29862, 263, 11394, 23176, 23738, 17566, 283, 12410, 15168, 31226, 23493, 26246, 17286, 24867, 9096, 23597, 18739, 18132, 22934, 33447, 18696, 9073, 20061, 7935, 14340, 24511, 24169, 589, 381, 25552, 22600, 28158, 33372, 8710, 17300, 29770, 33362, 19859, 25982, 9804, 30684, 10324, 11738, 2470, 232, 1326, 16866, 23767, 6380, 11642, 24454, 11315, 11085, 32461, 178, 18129, 13626, 28369, 7332, 27947, 842, 20070, 850, 20335, 1595, 14478, 26357, 23212, 14677, 8062, 9458, 1813, 26715, 21565, 21580, 11465, 6112, 24777, 17569, 20201, 25373, 28721, 11378, 24876, 33253, 14999, 4982, 15453, 5830, 1522, 5102, 9849, 6967, 7220, 8182, 9222, 30911, 13283, 181, 21667, 10759, 18064, 15985, 23803, 21489, 12932, 8714, 20339, 12591, 31348, 3582, 29941, 6673, 22319, 16453, 31730, 31792, 14578, 14923, 23269, 22222, 21084, 11748, 390, 4593, 12790, 13773, 30007, 19862, 23794]

2026-03-11 14:54:10,176 - INFO - 当前用时 0.00 秒
2026-03-11 14:54:10,176 - INFO - 将种子集 写入位置: /root/work/coupon/coup_spread/network.EmailEnron/2026-4-11/seeds-with-network.EmailEnron/log_continuous_random_seedNum-224_SSRNum-1000000.txt
2026-03-11 14:54:10,176 - INFO - 首次生成种子集 degreeTopM
2026-03-11 14:54:10,176 - INFO - 执行当前算法开始: degreeTopM
2026-03-11 14:54:10,176 - INFO - 依据: 选择连接数（度数）最多的节点。
2026-03-11 14:54:10,178 - INFO - 选择的 Top M 节点及其度数:
2026-03-11 14:54:10,178 - INFO - 
2026-03-11 14:54:10,178 - INFO - 当前用时 0.00 秒
2026-03-11 14:54:10,178 - INFO - 将种子集 写入位置: /root/work/coupon/coup_spread/network.EmailEnron/2026-4-11/seeds-with-network.EmailEnron/log_continuous_degreeTopM_seedNum-224_SSRNum-1000000.txt
2026-03-11 14:54:10,179 - INFO - 首次生成种子集 pageRank
2026-03-11 14:54:10,179 - INFO - 执行当前算法开始: pageRank
2026-03-11 14:54:10,179 - INFO - --- Running: PageRank (on tranProMatrix) Top M ---
2026-03-11 14:54:19,916 - INFO - Selected PageRank seeds: [5024, 273, 140, 588, 458, 566, 1028, 1139, 370, 893, 195, 823, 5055, 5008, 136, 95, 286, 1768, 5016, 76, 543, 292, 647, 8330, 353, 416, 734, 851, 155, 5019, 478, 530, 343, 1824, 613, 516, 887, 443, 213, 2628, 127, 652, 444, 90, 4735, 4061, 520, 1672, 3309, 128, 308, 93, 80, 114, 106, 1806, 3235, 342, 1528, 1031, 915, 554, 1569, 2751, 878, 2716, 1819, 175, 1817, 225, 188, 232, 802, 939, 1588, 20652, 78, 5223, 1507, 82, 241, 3159, 56, 639, 72, 2213, 102, 9112, 1330, 184, 200, 1053, 1334, 1233, 1371, 147, 929, 274, 301, 1443, 134, 4744, 109, 2735, 314, 74, 2321, 383, 360, 1821, 7940, 31856, 9120, 2664, 2937, 1161, 1046, 1725, 1304, 5022, 423, 2346, 686, 1935, 4151, 107, 89, 151, 91, 1061, 2251, 920, 1202, 815, 581, 585, 8543, 659, 255, 448, 4396, 526, 481, 4150, 471, 88, 367, 403, 265, 16553, 215, 400, 3172, 1365, 6903, 2945, 2635, 528, 452, 925, 1095, 694, 299, 539, 20693, 316, 3213, 133, 233, 75, 592, 5006, 1927, 1793, 4869, 385, 3025, 480, 499, 2109, 442, 4616, 1076, 924, 910, 300, 723, 243, 378, 402, 2734, 8542, 716, 2015, 1050, 1137, 2771, 1, 454, 880, 1077, 146, 3842, 676, 1084, 473, 186, 700, 83, 575, 5039, 804, 948, 192, 470, 1213, 551, 780, 1899, 525, 277, 672, 116, 678]
2026-03-11 14:54:19,918 - INFO - 当前用时 9.74 秒
2026-03-11 14:54:19,919 - INFO - 将种子集 写入位置: /root/work/coupon/coup_spread/network.EmailEnron/2026-4-11/seeds-with-network.EmailEnron/log_continuous_pageRank_seedNum-224_SSRNum-1000000.txt
2026-03-11 14:54:19,919 - INFO - 首次生成种子集 alpha_sort
2026-03-11 14:54:19,919 - INFO - 执行当前算法开始: alpha_sort
2026-03-11 14:54:19,937 - INFO - 33696 个节点的alpha值降序排序 done
2026-03-11 14:54:19,937 - INFO - ==============>> [(23782, np.float64(0.5780588759286728)), (18392, np.float64(0.5466538243225292)), (9749, np.float64(0.5388470659323543)), (28501, np.float64(0.5165631822338189)), (30542, np.float64(0.5114816298077859)), (33088, np.float64(0.5111584989404007)), (13003, np.float64(0.5094303312474385)), (21814, np.float64(0.5074071518209821)), (25671, np.float64(0.5036765279991776)), (14671, np.float64(0.5020472106915196))]
2026-03-11 14:54:19,937 - INFO - 
选择的种子集 (按alpha排序): [23782, 18392, 9749, 28501, 30542, 33088, 13003, 21814, 25671, 14671, 21545, 23810, 29299, 28877, 17611, 33462, 30523, 13079, 10903, 14977, 32163, 6544, 33562, 27313, 20731, 15032, 17460, 15254, 1554, 31896, 18105, 8862, 33070, 7513, 18762, 17989, 8348, 31664, 15594, 26995, 2876, 10959, 25122, 28482, 17250, 31965, 12022, 31087, 26653, 8568, 30638, 3626, 26988, 23859, 4588, 31175, 2471, 24670, 202, 22569, 8263, 18663, 20630, 29257, 15338, 11422, 4761, 26661, 15597, 32426, 4955, 18795, 32939, 28654, 29170, 11860, 16490, 4135, 23995, 25915, 21146, 4177, 8619, 24970, 10869, 32028, 32092, 26052, 24285, 17478, 27307, 4426, 15894, 28907, 7635, 23617, 5794, 18821, 30473, 21964, 23152, 16464, 24852, 8664, 4917, 14402, 6062, 13140, 11775, 31140, 30338, 23107, 4931, 13254, 20634, 11518, 25670, 22696, 23336, 19188, 31349, 14926, 12369, 14786, 8068, 27406, 33428, 571, 27656, 19855, 20548, 7244, 32225, 3253, 31056, 31172, 12937, 16296, 19822, 33021, 1649, 28508, 30085, 28371, 8449, 26139, 12048, 32062, 28414, 14598, 22619, 2584, 23973, 18805, 1375, 32956, 2823, 6719, 11402, 17283, 10142, 19538, 14877, 19512, 23166, 19442, 14986, 32081, 22149, 19319, 9076, 20219, 3985, 6955, 10960, 25744, 24655, 14454, 25618, 9460, 27090, 28751, 19904, 19733, 6666, 29353, 21638, 31740, 7679, 20861, 31773, 18826, 21924, 16289, 7388, 9167, 28500, 23866, 23914, 24366, 22538, 18382, 18429, 9265, 24458, 22590, 12181, 5835, 7283, 9421, 12912, 20225, 579, 31750, 11081, 3261, 14297, 3539, 13871, 7096, 26802, 26590, 9677, 4011]

2026-03-11 14:54:19,939 - INFO - 当前用时 0.02 秒
2026-03-11 14:54:19,939 - INFO - 将种子集 写入位置: /root/work/coupon/coup_spread/network.EmailEnron/2026-4-11/seeds-with-network.EmailEnron/log_continuous_alpha_sort_seedNum-224_SSRNum-1000000.txt
2026-03-11 14:54:19,939 - INFO - 首次生成种子集 ris_path_aware
2026-03-11 14:54:19,939 - INFO - 执行当前算法开始: ris_path_aware
2026-03-11 14:54:41,162 - INFO - RIS 初始化完成 | nodes=33696 | k=224 | optimized=True | root_event_mode=path_aware | avg_root_prob=0.295852
2026-03-11 14:54:41,162 - INFO - 开始生成 1000000 组多重 SSR...
2026-03-11 15:12:17,402 - INFO - SSR 生成完成。耗时: 1056.24 秒。
2026-03-11 15:12:17,412 - INFO - 开始基于 path-aware SSR 的贪心选种...
2026-03-11 15:12:17,483 - INFO -   - coupon 1/224 选中节点 31767, 边际增益 66
2026-03-11 15:12:17,553 - INFO -   - coupon 2/224 选中节点 33338, 边际增益 64
2026-03-11 15:12:17,621 - INFO -   - coupon 3/224 选中节点 32359, 边际增益 63
2026-03-11 15:12:17,691 - INFO -   - coupon 4/224 选中节点 33673, 边际增益 60
2026-03-11 15:12:17,759 - INFO -   - coupon 5/224 选中节点 20691, 边际增益 62
2026-03-11 15:12:17,829 - INFO -   - coupon 6/224 选中节点 11724, 边际增益 62
2026-03-11 15:12:17,902 - INFO -   - coupon 7/224 选中节点 20999, 边际增益 60
2026-03-11 15:12:17,981 - INFO -   - coupon 8/224 选中节点 24767, 边际增益 55
2026-03-11 15:12:18,059 - INFO -   - coupon 9/224 选中节点 24692, 边际增益 58
2026-03-11 15:12:18,144 - INFO -   - coupon 10/224 选中节点 33625, 边际增益 60
2026-03-11 15:12:18,222 - INFO -   - coupon 11/224 选中节点 24735, 边际增益 58
2026-03-11 15:12:18,294 - INFO -   - coupon 12/224 选中节点 28285, 边际增益 60
2026-03-11 15:12:18,366 - INFO -   - coupon 13/224 选中节点 28445, 边际增益 65
2026-03-11 15:12:18,437 - INFO -   - coupon 14/224 选中节点 25722, 边际增益 63
2026-03-11 15:12:18,517 - INFO -   - coupon 15/224 选中节点 26679, 边际增益 60
2026-03-11 15:12:18,593 - INFO -   - coupon 16/224 选中节点 29830, 边际增益 59
2026-03-11 15:12:18,662 - INFO -   - coupon 17/224 选中节点 32115, 边际增益 58
2026-03-11 15:12:18,732 - INFO -   - coupon 18/224 选中节点 32788, 边际增益 59
2026-03-11 15:12:18,801 - INFO -   - coupon 19/224 选中节点 27041, 边际增益 59
2026-03-11 15:12:18,872 - INFO -   - coupon 20/224 选中节点 24687, 边际增益 61
2026-03-11 15:12:18,941 - INFO -   - coupon 21/224 选中节点 31333, 边际增益 58
2026-03-11 15:12:19,013 - INFO -   - coupon 22/224 选中节点 10750, 边际增益 58
2026-03-11 15:12:19,082 - INFO -   - coupon 23/224 选中节点 17694, 边际增益 56
2026-03-11 15:12:19,156 - INFO -   - coupon 24/224 选中节点 31562, 边际增益 61
2026-03-11 15:12:19,228 - INFO -   - coupon 25/224 选中节点 32840, 边际增益 55
2026-03-11 15:12:19,302 - INFO -   - coupon 26/224 选中节点 20324, 边际增益 60
2026-03-11 15:12:19,375 - INFO -   - coupon 27/224 选中节点 29715, 边际增益 58
2026-03-11 15:12:19,453 - INFO -   - coupon 28/224 选中节点 32508, 边际增益 55
2026-03-11 15:12:19,530 - INFO -   - coupon 29/224 选中节点 32108, 边际增益 56
2026-03-11 15:12:19,605 - INFO -   - coupon 30/224 选中节点 24707, 边际增益 57
2026-03-11 15:12:19,677 - INFO -   - coupon 31/224 选中节点 22015, 边际增益 56
2026-03-11 15:12:19,748 - INFO -   - coupon 32/224 选中节点 29775, 边际增益 61
2026-03-11 15:12:19,818 - INFO -   - coupon 33/224 选中节点 31821, 边际增益 60
2026-03-11 15:12:19,888 - INFO -   - coupon 34/224 选中节点 27453, 边际增益 56
2026-03-11 15:12:19,958 - INFO -   - coupon 35/224 选中节点 27838, 边际增益 64
2026-03-11 15:12:20,031 - INFO -   - coupon 36/224 选中节点 2117, 边际增益 59
2026-03-11 15:12:20,106 - INFO -   - coupon 37/224 选中节点 29230, 边际增益 55
2026-03-11 15:12:20,182 - INFO -   - coupon 38/224 选中节点 28436, 边际增益 59
2026-03-11 15:12:20,257 - INFO -   - coupon 39/224 选中节点 16796, 边际增益 55
2026-03-11 15:12:20,335 - INFO -   - coupon 40/224 选中节点 32825, 边际增益 56
2026-03-11 15:12:20,415 - INFO -   - coupon 41/224 选中节点 32957, 边际增益 56
2026-03-11 15:12:20,490 - INFO -   - coupon 42/224 选中节点 26211, 边际增益 57
2026-03-11 15:12:20,567 - INFO -   - coupon 43/224 选中节点 32111, 边际增益 63
2026-03-11 15:12:20,644 - INFO -   - coupon 44/224 选中节点 20688, 边际增益 53
2026-03-11 15:12:20,723 - INFO -   - coupon 45/224 选中节点 32654, 边际增益 57
2026-03-11 15:12:20,800 - INFO -   - coupon 46/224 选中节点 33069, 边际增益 56
2026-03-11 15:12:20,877 - INFO -   - coupon 47/224 选中节点 23964, 边际增益 55
2026-03-11 15:12:20,951 - INFO -   - coupon 48/224 选中节点 4262, 边际增益 54
2026-03-11 15:12:21,031 - INFO -   - coupon 49/224 选中节点 31368, 边际增益 57
2026-03-11 15:12:21,112 - INFO -   - coupon 50/224 选中节点 26521, 边际增益 55
2026-03-11 15:12:21,189 - INFO -   - coupon 51/224 选中节点 32830, 边际增益 55
2026-03-11 15:12:21,265 - INFO -   - coupon 52/224 选中节点 25422, 边际增益 56
2026-03-11 15:12:21,343 - INFO -   - coupon 53/224 选中节点 33599, 边际增益 52
2026-03-11 15:12:21,421 - INFO -   - coupon 54/224 选中节点 26546, 边际增益 60
2026-03-11 15:12:21,501 - INFO -   - coupon 55/224 选中节点 32048, 边际增益 63
2026-03-11 15:12:21,577 - INFO -   - coupon 56/224 选中节点 33290, 边际增益 60
2026-03-11 15:12:21,650 - INFO -   - coupon 57/224 选中节点 33429, 边际增益 58
2026-03-11 15:12:21,724 - INFO -   - coupon 58/224 选中节点 26454, 边际增益 54
2026-03-11 15:12:21,797 - INFO -   - coupon 59/224 选中节点 32327, 边际增益 57
2026-03-11 15:12:21,870 - INFO -   - coupon 60/224 选中节点 25376, 边际增益 57
2026-03-11 15:12:21,945 - INFO -   - coupon 61/224 选中节点 28766, 边际增益 64
2026-03-11 15:12:22,019 - INFO -   - coupon 62/224 选中节点 21198, 边际增益 59
2026-03-11 15:12:22,094 - INFO -   - coupon 63/224 选中节点 28686, 边际增益 57
2026-03-11 15:12:22,167 - INFO -   - coupon 64/224 选中节点 16466, 边际增益 51
2026-03-11 15:12:22,241 - INFO -   - coupon 65/224 选中节点 32837, 边际增益 59
2026-03-11 15:12:22,316 - INFO -   - coupon 66/224 选中节点 20050, 边际增益 54
2026-03-11 15:12:22,395 - INFO -   - coupon 67/224 选中节点 32793, 边际增益 56
2026-03-11 15:12:22,468 - INFO -   - coupon 68/224 选中节点 24675, 边际增益 57
2026-03-11 15:12:22,552 - INFO -   - coupon 69/224 选中节点 21892, 边际增益 57
2026-03-11 15:12:22,628 - INFO -   - coupon 70/224 选中节点 26708, 边际增益 56
2026-03-11 15:12:22,697 - INFO -   - coupon 71/224 选中节点 32632, 边际增益 61
2026-03-11 15:12:22,768 - INFO -   - coupon 72/224 选中节点 32460, 边际增益 52
2026-03-11 15:12:22,838 - INFO -   - coupon 73/224 选中节点 20808, 边际增益 56
2026-03-11 15:12:22,907 - INFO -   - coupon 74/224 选中节点 24820, 边际增益 57
2026-03-11 15:12:22,978 - INFO -   - coupon 75/224 选中节点 26611, 边际增益 52
2026-03-11 15:12:23,048 - INFO -   - coupon 76/224 选中节点 33142, 边际增益 53
2026-03-11 15:12:23,116 - INFO -   - coupon 77/224 选中节点 19330, 边际增益 51
2026-03-11 15:12:23,188 - INFO -   - coupon 78/224 选中节点 27334, 边际增益 54
2026-03-11 15:12:23,256 - INFO -   - coupon 79/224 选中节点 29265, 边际增益 57
2026-03-11 15:12:23,324 - INFO -   - coupon 80/224 选中节点 32518, 边际增益 58
2026-03-11 15:12:23,394 - INFO -   - coupon 81/224 选中节点 33288, 边际增益 57
2026-03-11 15:12:23,469 - INFO -   - coupon 82/224 选中节点 26673, 边际增益 58
2026-03-11 15:12:23,547 - INFO -   - coupon 83/224 选中节点 19146, 边际增益 61
2026-03-11 15:12:23,618 - INFO -   - coupon 84/224 选中节点 33549, 边际增益 55
2026-03-11 15:12:23,690 - INFO -   - coupon 85/224 选中节点 25823, 边际增益 53
2026-03-11 15:12:23,761 - INFO -   - coupon 86/224 选中节点 28845, 边际增益 51
2026-03-11 15:12:23,835 - INFO -   - coupon 87/224 选中节点 29231, 边际增益 54
2026-03-11 15:12:23,909 - INFO -   - coupon 88/224 选中节点 32432, 边际增益 60
2026-03-11 15:12:23,982 - INFO -   - coupon 89/224 选中节点 18558, 边际增益 54
2026-03-11 15:12:24,056 - INFO -   - coupon 90/224 选中节点 13620, 边际增益 53
2026-03-11 15:12:24,128 - INFO -   - coupon 91/224 选中节点 31364, 边际增益 60
2026-03-11 15:12:24,202 - INFO -   - coupon 92/224 选中节点 32443, 边际增益 56
2026-03-11 15:12:24,273 - INFO -   - coupon 93/224 选中节点 26977, 边际增益 58
2026-03-11 15:12:24,345 - INFO -   - coupon 94/224 选中节点 32125, 边际增益 56
2026-03-11 15:12:24,417 - INFO -   - coupon 95/224 选中节点 24701, 边际增益 57
2026-03-11 15:12:24,494 - INFO -   - coupon 96/224 选中节点 32965, 边际增益 59
2026-03-11 15:12:24,577 - INFO -   - coupon 97/224 选中节点 31587, 边际增益 54
2026-03-11 15:12:24,655 - INFO -   - coupon 98/224 选中节点 32953, 边际增益 54
2026-03-11 15:12:24,738 - INFO -   - coupon 99/224 选中节点 18661, 边际增益 53
2026-03-11 15:12:24,818 - INFO -   - coupon 100/224 选中节点 28017, 边际增益 54
2026-03-11 15:12:24,888 - INFO -   - coupon 101/224 选中节点 31557, 边际增益 57
2026-03-11 15:12:24,958 - INFO -   - coupon 102/224 选中节点 16297, 边际增益 56
2026-03-11 15:12:25,033 - INFO -   - coupon 103/224 选中节点 17693, 边际增益 53
2026-03-11 15:12:25,110 - INFO -   - coupon 104/224 选中节点 31892, 边际增益 51
2026-03-11 15:12:25,187 - INFO -   - coupon 105/224 选中节点 19430, 边际增益 56
2026-03-11 15:12:25,262 - INFO -   - coupon 106/224 选中节点 33370, 边际增益 53
2026-03-11 15:12:25,337 - INFO -   - coupon 107/224 选中节点 33571, 边际增益 57
2026-03-11 15:12:25,422 - INFO -   - coupon 108/224 选中节点 19361, 边际增益 54
2026-03-11 15:12:25,501 - INFO -   - coupon 109/224 选中节点 29297, 边际增益 56
2026-03-11 15:12:25,575 - INFO -   - coupon 110/224 选中节点 29087, 边际增益 52
2026-03-11 15:12:25,647 - INFO -   - coupon 111/224 选中节点 26800, 边际增益 55
2026-03-11 15:12:25,722 - INFO -   - coupon 112/224 选中节点 20353, 边际增益 53
2026-03-11 15:12:25,805 - INFO -   - coupon 113/224 选中节点 32441, 边际增益 52
2026-03-11 15:12:25,883 - INFO -   - coupon 114/224 选中节点 29412, 边际增益 56
2026-03-11 15:12:25,957 - INFO -   - coupon 115/224 选中节点 32414, 边际增益 55
2026-03-11 15:12:26,034 - INFO -   - coupon 116/224 选中节点 28234, 边际增益 59
2026-03-11 15:12:26,110 - INFO -   - coupon 117/224 选中节点 25076, 边际增益 51
2026-03-11 15:12:26,182 - INFO -   - coupon 118/224 选中节点 26656, 边际增益 53
2026-03-11 15:12:26,251 - INFO -   - coupon 119/224 选中节点 24795, 边际增益 52
2026-03-11 15:12:26,320 - INFO -   - coupon 120/224 选中节点 25956, 边际增益 52
2026-03-11 15:12:26,388 - INFO -   - coupon 121/224 选中节点 29006, 边际增益 51
2026-03-11 15:12:26,459 - INFO -   - coupon 122/224 选中节点 28718, 边际增益 54
2026-03-11 15:12:26,531 - INFO -   - coupon 123/224 选中节点 32039, 边际增益 53
2026-03-11 15:12:26,606 - INFO -   - coupon 124/224 选中节点 24454, 边际增益 55
2026-03-11 15:12:26,678 - INFO -   - coupon 125/224 选中节点 6976, 边际增益 52
2026-03-11 15:12:26,753 - INFO -   - coupon 126/224 选中节点 32631, 边际增益 57
2026-03-11 15:12:26,825 - INFO -   - coupon 127/224 选中节点 26940, 边际增益 55
2026-03-11 15:12:26,905 - INFO -   - coupon 128/224 选中节点 28825, 边际增益 53
2026-03-11 15:12:26,986 - INFO -   - coupon 129/224 选中节点 26780, 边际增益 52
2026-03-11 15:12:27,053 - INFO -   - coupon 130/224 选中节点 31844, 边际增益 57
2026-03-11 15:12:27,123 - INFO -   - coupon 131/224 选中节点 29225, 边际增益 53
2026-03-11 15:12:27,200 - INFO -   - coupon 132/224 选中节点 24745, 边际增益 56
2026-03-11 15:12:27,277 - INFO -   - coupon 133/224 选中节点 29068, 边际增益 50
2026-03-11 15:12:27,354 - INFO -   - coupon 134/224 选中节点 31268, 边际增益 51
2026-03-11 15:12:27,434 - INFO -   - coupon 135/224 选中节点 33355, 边际增益 52
2026-03-11 15:12:27,508 - INFO -   - coupon 136/224 选中节点 33352, 边际增益 58
2026-03-11 15:12:27,591 - INFO -   - coupon 137/224 选中节点 23790, 边际增益 52
2026-03-11 15:12:27,671 - INFO -   - coupon 138/224 选中节点 22338, 边际增益 54
2026-03-11 15:12:27,753 - INFO -   - coupon 139/224 选中节点 25165, 边际增益 51
2026-03-11 15:12:27,830 - INFO -   - coupon 140/224 选中节点 33647, 边际增益 55
2026-03-11 15:12:27,908 - INFO -   - coupon 141/224 选中节点 28225, 边际增益 54
2026-03-11 15:12:27,981 - INFO -   - coupon 142/224 选中节点 9657, 边际增益 52
2026-03-11 15:12:28,056 - INFO -   - coupon 143/224 选中节点 25247, 边际增益 52
2026-03-11 15:12:28,127 - INFO -   - coupon 144/224 选中节点 19449, 边际增益 53
2026-03-11 15:12:28,196 - INFO -   - coupon 145/224 选中节点 26968, 边际增益 53
2026-03-11 15:12:28,264 - INFO -   - coupon 146/224 选中节点 28829, 边际增益 56
2026-03-11 15:12:28,331 - INFO -   - coupon 147/224 选中节点 32297, 边际增益 55
2026-03-11 15:12:28,405 - INFO -   - coupon 148/224 选中节点 31849, 边际增益 54
2026-03-11 15:12:28,489 - INFO -   - coupon 149/224 选中节点 32496, 边际增益 54
2026-03-11 15:12:28,568 - INFO -   - coupon 150/224 选中节点 31918, 边际增益 54
2026-03-11 15:12:28,646 - INFO -   - coupon 151/224 选中节点 25866, 边际增益 52
2026-03-11 15:12:28,724 - INFO -   - coupon 152/224 选中节点 28586, 边际增益 54
2026-03-11 15:12:28,795 - INFO -   - coupon 153/224 选中节点 20090, 边际增益 52
2026-03-11 15:12:28,868 - INFO -   - coupon 154/224 选中节点 27117, 边际增益 59
2026-03-11 15:12:28,943 - INFO -   - coupon 155/224 选中节点 25111, 边际增益 54
2026-03-11 15:12:29,025 - INFO -   - coupon 156/224 选中节点 28681, 边际增益 53
2026-03-11 15:12:29,111 - INFO -   - coupon 157/224 选中节点 29216, 边际增益 52
2026-03-11 15:12:29,199 - INFO -   - coupon 158/224 选中节点 26972, 边际增益 51
2026-03-11 15:12:29,271 - INFO -   - coupon 159/224 选中节点 19556, 边际增益 52
2026-03-11 15:12:29,347 - INFO -   - coupon 160/224 选中节点 6710, 边际增益 50
2026-03-11 15:12:29,421 - INFO -   - coupon 161/224 选中节点 26533, 边际增益 53
2026-03-11 15:12:29,506 - INFO -   - coupon 162/224 选中节点 14784, 边际增益 49
2026-03-11 15:12:29,586 - INFO -   - coupon 163/224 选中节点 31270, 边际增益 51
2026-03-11 15:12:29,666 - INFO -   - coupon 164/224 选中节点 23122, 边际增益 53
2026-03-11 15:12:29,742 - INFO -   - coupon 165/224 选中节点 32119, 边际增益 54
2026-03-11 15:12:29,820 - INFO -   - coupon 166/224 选中节点 31519, 边际增益 56
2026-03-11 15:12:29,890 - INFO -   - coupon 167/224 选中节点 20956, 边际增益 50
2026-03-11 15:12:29,970 - INFO -   - coupon 168/224 选中节点 31837, 边际增益 53
2026-03-11 15:12:30,042 - INFO -   - coupon 169/224 选中节点 28028, 边际增益 50
2026-03-11 15:12:30,118 - INFO -   - coupon 170/224 选中节点 33628, 边际增益 54
2026-03-11 15:12:30,194 - INFO -   - coupon 171/224 选中节点 32724, 边际增益 53
2026-03-11 15:12:30,272 - INFO -   - coupon 172/224 选中节点 22943, 边际增益 51
2026-03-11 15:12:30,348 - INFO -   - coupon 173/224 选中节点 20351, 边际增益 51
2026-03-11 15:12:30,420 - INFO -   - coupon 174/224 选中节点 32628, 边际增益 52
2026-03-11 15:12:30,500 - INFO -   - coupon 175/224 选中节点 28231, 边际增益 54
2026-03-11 15:12:30,574 - INFO -   - coupon 176/224 选中节点 25425, 边际增益 52
2026-03-11 15:12:30,656 - INFO -   - coupon 177/224 选中节点 26947, 边际增益 52
2026-03-11 15:12:30,727 - INFO -   - coupon 178/224 选中节点 28381, 边际增益 58
2026-03-11 15:12:30,804 - INFO -   - coupon 179/224 选中节点 29279, 边际增益 51
2026-03-11 15:12:30,875 - INFO -   - coupon 180/224 选中节点 28551, 边际增益 52
2026-03-11 15:12:30,944 - INFO -   - coupon 181/224 选中节点 25883, 边际增益 54
2026-03-11 15:12:31,025 - INFO -   - coupon 182/224 选中节点 32908, 边际增益 52
2026-03-11 15:12:31,100 - INFO -   - coupon 183/224 选中节点 14694, 边际增益 54
2026-03-11 15:12:31,186 - INFO -   - coupon 184/224 选中节点 25437, 边际增益 50
2026-03-11 15:12:31,268 - INFO -   - coupon 185/224 选中节点 25123, 边际增益 53
2026-03-11 15:12:31,345 - INFO -   - coupon 186/224 选中节点 29931, 边际增益 48
2026-03-11 15:12:31,425 - INFO -   - coupon 187/224 选中节点 18928, 边际增益 51
2026-03-11 15:12:31,495 - INFO -   - coupon 188/224 选中节点 29799, 边际增益 56
2026-03-11 15:12:31,574 - INFO -   - coupon 189/224 选中节点 33297, 边际增益 52
2026-03-11 15:12:31,654 - INFO -   - coupon 190/224 选中节点 33432, 边际增益 49
2026-03-11 15:12:31,729 - INFO -   - coupon 191/224 选中节点 25848, 边际增益 50
2026-03-11 15:12:31,813 - INFO -   - coupon 192/224 选中节点 33074, 边际增益 52
2026-03-11 15:12:31,890 - INFO -   - coupon 193/224 选中节点 31995, 边际增益 52
2026-03-11 15:12:31,977 - INFO -   - coupon 194/224 选中节点 29811, 边际增益 51
2026-03-11 15:12:32,051 - INFO -   - coupon 195/224 选中节点 33056, 边际增益 57
2026-03-11 15:12:32,129 - INFO -   - coupon 196/224 选中节点 33164, 边际增益 51
2026-03-11 15:12:32,201 - INFO -   - coupon 197/224 选中节点 32980, 边际增益 55
2026-03-11 15:12:32,270 - INFO -   - coupon 198/224 选中节点 20356, 边际增益 53
2026-03-11 15:12:32,350 - INFO -   - coupon 199/224 选中节点 31261, 边际增益 48
2026-03-11 15:12:32,423 - INFO -   - coupon 200/224 选中节点 20799, 边际增益 52
2026-03-11 15:12:32,499 - INFO -   - coupon 201/224 选中节点 28706, 边际增益 54
2026-03-11 15:12:32,569 - INFO -   - coupon 202/224 选中节点 33525, 边际增益 52
2026-03-11 15:12:32,638 - INFO -   - coupon 203/224 选中节点 33609, 边际增益 49
2026-03-11 15:12:32,715 - INFO -   - coupon 204/224 选中节点 29043, 边际增益 53
2026-03-11 15:12:32,788 - INFO -   - coupon 205/224 选中节点 27474, 边际增益 51
2026-03-11 15:12:32,863 - INFO -   - coupon 206/224 选中节点 26232, 边际增益 48
2026-03-11 15:12:32,945 - INFO -   - coupon 207/224 选中节点 24744, 边际增益 49
2026-03-11 15:12:33,013 - INFO -   - coupon 208/224 选中节点 33279, 边际增益 58
2026-03-11 15:12:33,093 - INFO -   - coupon 209/224 选中节点 29070, 边际增益 60
2026-03-11 15:12:33,164 - INFO -   - coupon 210/224 选中节点 27840, 边际增益 48
2026-03-11 15:12:33,234 - INFO -   - coupon 211/224 选中节点 31595, 边际增益 51
2026-03-11 15:12:33,317 - INFO -   - coupon 212/224 选中节点 13061, 边际增益 49
2026-03-11 15:12:33,395 - INFO -   - coupon 213/224 选中节点 18135, 边际增益 51
2026-03-11 15:12:33,478 - INFO -   - coupon 214/224 选中节点 32474, 边际增益 51
2026-03-11 15:12:33,565 - INFO -   - coupon 215/224 选中节点 16889, 边际增益 51
2026-03-11 15:12:33,640 - INFO -   - coupon 216/224 选中节点 20331, 边际增益 49
2026-03-11 15:12:33,719 - INFO -   - coupon 217/224 选中节点 32079, 边际增益 56
2026-03-11 15:12:33,797 - INFO -   - coupon 218/224 选中节点 7050, 边际增益 53
2026-03-11 15:12:33,868 - INFO -   - coupon 219/224 选中节点 28558, 边际增益 51
2026-03-11 15:12:33,947 - INFO -   - coupon 220/224 选中节点 33161, 边际增益 52
2026-03-11 15:12:34,022 - INFO -   - coupon 221/224 选中节点 31579, 边际增益 48
2026-03-11 15:12:34,095 - INFO -   - coupon 222/224 选中节点 32404, 边际增益 49
2026-03-11 15:12:34,175 - INFO -   - coupon 223/224 选中节点 32907, 边际增益 56
2026-03-11 15:12:34,247 - INFO -   - coupon 224/224 选中节点 28141, 边际增益 52
2026-03-11 15:12:34,247 - INFO - 贪心选种完成。耗时: 16.84 秒。估计影响力: 414.1238
2026-03-11 15:12:35,288 - INFO - 当前用时 1095.35 秒
2026-03-11 15:12:35,288 - INFO - 将种子集 写入位置: /root/work/coupon/coup_spread/network.EmailEnron/2026-4-11/seeds-with-network.EmailEnron/log_continuous_ris_path_aware_seedNum-224_SSRNum-1000000.txt
2026-03-11 15:12:35,289 - INFO - 首次生成种子集 1hop_sort
2026-03-11 15:12:35,289 - INFO - 执行当前算法开始: 1hop_sort
2026-03-11 15:12:35,348 - INFO - 当前用时 0.06 秒
2026-03-11 15:12:35,349 - INFO - 将种子集 写入位置: /root/work/coupon/coup_spread/network.EmailEnron/2026-4-11/seeds-with-network.EmailEnron/log_continuous_1hop_sort_seedNum-224_SSRNum-1000000.txt
2026-03-11 15:12:35,355 - INFO - 评估种子集: None
2026-03-11 15:12:35,355 - INFO - 多进程评估开始，共有 6 个方法待评估...
2026-03-11 15:12:35,355 - INFO - 启动进程池，Worker数量: 6
2026-03-11 15:13:03,190 - INFO - [Process 34047] 开始评估方法: random, 种子数: 224
2026-03-11 15:13:28,468 - INFO - [Process 34048] 开始评估方法: degreeTopM, 种子数: 224
2026-03-11 15:13:46,822 - INFO - [random - 种子:224] 拉新:66.2人 | 总销量:66.5单 | 品牌曝光:673.2次 | 🌟综合得分:133.7
2026-03-11 15:13:57,907 - INFO - [Process 34049] 开始评估方法: pageRank, 种子数: 224
2026-03-11 15:13:59,117 - INFO - [degreeTopM - 种子:224] 拉新:33.6人 | 总销量:33.9单 | 品牌曝光:529.7次 | 🌟综合得分:86.7
2026-03-11 15:14:24,984 - INFO - [Process 34050] 开始评估方法: alpha_sort, 种子数: 224
2026-03-11 15:14:30,272 - INFO - [pageRank - 种子:224] 拉新:36.5人 | 总销量:36.7单 | 品牌曝光:544.6次 | 🌟综合得分:91.0
2026-03-11 15:14:47,393 - INFO - [Process 34051] 开始评估方法: ris_path_aware, 种子数: 224
2026-03-11 15:14:56,066 - INFO - [alpha_sort - 种子:224] 拉新:117.6人 | 总销量:117.7单 | 品牌曝光:535.0次 | 🌟综合得分:171.1
2026-03-11 15:15:13,805 - INFO - [Process 34052] 开始评估方法: 1hop_sort, 种子数: 224
2026-03-11 15:15:48,089 - INFO - [1hop_sort - 种子:224] 拉新:123.4人 | 总销量:127.9单 | 品牌曝光:572.1次 | 🌟综合得分:182.9
2026-03-11 15:15:50,300 - INFO - [ris_path_aware - 种子:224] 拉新:113.0人 | 总销量:113.8单 | 品牌曝光:883.4次 | 🌟综合得分:201.7
2026-03-11 15:15:50,996 - INFO - 所有进程执行完毕，开始写入数据...
2026-03-11 15:15:51,016 - INFO - 成功写入 6 条记录至 /root/work/coupon/coup_spread/gzc-impl/results/network.EmailEnron/2026-4-11/log_continuous_SSRNum-1000000-_seedNum-224_simuTimes-500.csv
2026-03-11 15:15:51,017 - INFO - 保存评估文件至: /root/work/coupon/coup_spread/gzc-impl/results/network.EmailEnron/2026-4-11/log_continuous_SSRNum-1000000-_seedNum-224_simuTimes-500.csv
