2025-11-19 16:35:29,870 - INFO - 加载数据集: Twitter
2025-11-19 16:35:29,873 - INFO - 首次生成度相关概率分布 分布类型: 'random'.
2025-11-19 16:35:29,873 - INFO - ===> Generating 'Dirichlet' distributions with alpha=[2, 2, 5]...
2025-11-19 16:35:29,882 - INFO - 保存概率分布 文件位置: /home/wen/pythonspace/data-test/Twitter/2025-11-20/distribution-in-Twitter/distribution-random_seedNum-35.pkl
2025-11-19 16:35:36,096 - INFO - 首次生成种子集 random
2025-11-19 16:35:36,097 - INFO - 执行当前算法开始: random
2025-11-19 16:35:36,097 - INFO - 当前用时 0.00 秒
2025-11-19 16:35:36,097 - INFO - 将种子集 写入位置: /home/wen/pythonspace/data-test/Twitter/2025-11-20/seeds-with-Twitter/distribution-random_random_seedNum-35.txt
2025-11-19 16:35:36,098 - INFO - 首次生成种子集 degreeTopM
2025-11-19 16:35:36,098 - INFO - 执行当前算法开始: degreeTopM
2025-11-19 16:35:36,100 - INFO - 当前用时 0.00 秒
2025-11-19 16:35:36,100 - INFO - 将种子集 写入位置: /home/wen/pythonspace/data-test/Twitter/2025-11-20/seeds-with-Twitter/distribution-random_degreeTopM_seedNum-35.txt
2025-11-19 16:35:36,100 - INFO - 首次生成种子集 alpha_sort
2025-11-19 16:35:36,100 - INFO - 执行当前算法开始: alpha_sort
2025-11-19 16:35:36,114 - INFO - 
选择的种子集 (按alpha排序): [22605, 921, 22935, 2192, 13965, 20198, 9537, 21223, 22736, 13604, 137, 8679, 7211, 22652, 23249, 7641, 23278, 22478, 15855, 38, 6050, 5141, 15132, 18958, 12072, 5938, 13887, 2180, 11675, 16565, 16607, 15199, 6501, 119, 20972]

2025-11-19 16:35:36,115 - INFO - 当前用时 0.02 秒
2025-11-19 16:35:36,116 - INFO - 将种子集 写入位置: /home/wen/pythonspace/data-test/Twitter/2025-11-20/seeds-with-Twitter/distribution-random_alpha_sort_seedNum-35.txt
2025-11-19 16:35:36,116 - INFO - 首次生成种子集 importance_sort
2025-11-19 16:35:36,116 - INFO - 执行当前算法开始: importance_sort
2025-11-19 16:35:47,766 - INFO - 
选择的种子集 (按Importance排序): [22605, 921, 38, 22935, 2192, 13965, 20198, 9537, 21223, 9603, 22736, 13604, 137, 8679, 7211, 22652, 23249, 7641, 23278, 22478, 15855, 6050, 5141, 15132, 18958, 12072, 5938, 13887, 2180, 11675, 16565, 16607, 15199, 6501, 119]

2025-11-19 16:35:47,768 - INFO - 当前用时 11.65 秒
2025-11-19 16:35:47,768 - INFO - 将种子集 写入位置: /home/wen/pythonspace/data-test/Twitter/2025-11-20/seeds-with-Twitter/distribution-random_importance_sort_seedNum-35.txt
2025-11-19 16:35:47,768 - INFO - 首次生成种子集 ris_coverage
2025-11-19 16:35:47,768 - INFO - 执行当前算法开始: ris_coverage
2025-11-19 16:35:48,142 - INFO - 反向图构建完成，处理了 65548 条边。
2025-11-19 16:35:48,144 - INFO - 图初始化完成，包含 23362 个节点，选择 35 个种子。
2025-11-19 16:35:48,144 - INFO - 
采样次数: 100000, 开始生成 100000 组SSR，使用 2 个并行进程...
2025-11-19 16:35:59,042 - INFO - 100000 个SSR生成完毕。耗时: 10.90 秒。
2025-11-19 16:35:59,049 - INFO - 
开始选择最优的种子节点 ...
2025-11-19 16:36:08,200 - INFO - 种子节点选择完毕。耗时: 9.15 秒。
2025-11-19 16:36:08,311 - INFO - 最终选择的种子集: [2144, 10786, 23234, 4962, 2636, 6500, 14950, 6063, 15617, 8049, 4594, 5496, 577, 698, 19404, 21618, 4125, 15550, 1013, 5517, 10047, 7423, 8654, 10691, 5657, 8871, 4462, 6630, 15465, 2806, 4863, 22376, 20307, 15267, 1878]

2025-11-19 16:36:08,755 - INFO - 当前用时 20.99 秒
2025-11-19 16:36:08,756 - INFO - 将种子集 写入位置: /home/wen/pythonspace/data-test/Twitter/2025-11-20/seeds-with-Twitter/distribution-random_ris_coverage_seedNum-35.txt
2025-11-19 16:36:08,759 - INFO - 评估种子集: None
2025-11-19 16:36:08,759 - INFO - 评估函数开始
2025-11-19 16:36:08,759 - INFO - 当前模拟次数: [3]

2025-11-19 16:36:08,759 - INFO - 当前评估种子数: 35 ---
2025-11-19 16:36:08,759 - INFO -   Evaluating method: 'random' with 35 seeds.
2025-11-19 16:36:08,759 - INFO -     Running 3 simulations...
2025-11-19 16:36:08,759 - INFO - 		当前模拟轮次: 0
2025-11-19 16:36:08,793 - INFO - 		当前模拟轮次: 1
2025-11-19 16:36:08,818 - INFO - 		当前模拟轮次: 2
2025-11-19 16:36:08,836 - INFO -     Result: E[Users] = 18.3333, Var[Users] = 2.8889, Std_Dev = 1.6997
2025-11-19 16:36:08,842 - INFO -   Evaluating method: 'degreeTopM' with 35 seeds.
2025-11-19 16:36:08,842 - INFO -     Running 3 simulations...
2025-11-19 16:36:08,842 - INFO - 		当前模拟轮次: 0
2025-11-19 16:36:08,879 - INFO - 		当前模拟轮次: 1
2025-11-19 16:36:08,907 - INFO - 		当前模拟轮次: 2
2025-11-19 16:36:08,935 - INFO -     Result: E[Users] = 20.0000, Var[Users] = 2.0000, Std_Dev = 1.4142
2025-11-19 16:36:08,937 - INFO -   Evaluating method: 'alpha_sort' with 35 seeds.
2025-11-19 16:36:08,937 - INFO -     Running 3 simulations...
2025-11-19 16:36:08,937 - INFO - 		当前模拟轮次: 0
2025-11-19 16:36:08,951 - INFO - 		当前模拟轮次: 1
2025-11-19 16:36:08,953 - INFO - 		当前模拟轮次: 2
2025-11-19 16:36:08,967 - INFO -     Result: E[Users] = 27.3333, Var[Users] = 0.8889, Std_Dev = 0.9428
2025-11-19 16:36:08,968 - INFO -   Evaluating method: 'importance_sort' with 35 seeds.
2025-11-19 16:36:08,968 - INFO -     Running 3 simulations...
2025-11-19 16:36:08,968 - INFO - 		当前模拟轮次: 0
2025-11-19 16:36:08,974 - INFO - 		当前模拟轮次: 1
2025-11-19 16:36:08,977 - INFO - 		当前模拟轮次: 2
2025-11-19 16:36:08,981 - INFO -     Result: E[Users] = 31.3333, Var[Users] = 4.2222, Std_Dev = 2.0548
2025-11-19 16:36:08,983 - INFO -   Evaluating method: 'ris_coverage' with 35 seeds.
2025-11-19 16:36:08,983 - INFO -     Running 3 simulations...
2025-11-19 16:36:08,983 - INFO - 		当前模拟轮次: 0
2025-11-19 16:36:09,000 - INFO - 		当前模拟轮次: 1
2025-11-19 16:36:09,023 - INFO - 		当前模拟轮次: 2
2025-11-19 16:36:09,041 - INFO -     Result: E[Users] = 23.0000, Var[Users] = 8.0000, Std_Dev = 2.8284
2025-11-19 16:36:09,042 - INFO - 保存评估文件至: /home/wen/pythonspace/data-test/Twitter/2025-11-20/E-activated-Twitter/distribution-random_simuTimes-3_seedNum-35_monteCarloL-10_rrNumSamples-100000.csv
