2025-12-02 22:02:48,131 - INFO - 加载数据集: facebook
2025-12-02 22:02:48,134 - INFO - 首次生成度相关概率分布 分布类型: 'powerlaw'.
2025-12-02 22:02:48,134 - INFO - ===> Generating 'Power-law Degree-Aware' distributions...
2025-12-02 22:02:48,136 - INFO - 保存概率分布 文件位置: /home/wen/pythonspace/data-test/facebook/2025-12-2/distribution-in-facebook/distribution-powerlaw_seedNum-300.pkl
2025-12-02 22:02:48,203 - INFO - 首次生成种子集 random
2025-12-02 22:02:48,203 - INFO - 执行当前算法开始: random
2025-12-02 22:02:48,203 - INFO - 当前用时 0.00 秒
2025-12-02 22:02:48,204 - INFO - 将种子集 写入位置: /home/wen/pythonspace/data-test/facebook/2025-12-2/seeds-with-facebook/powerlaw_random_seedNum-300_SSRNum-100000.txt
2025-12-02 22:02:48,204 - INFO - 首次生成种子集 degreeTopM
2025-12-02 22:02:48,204 - INFO - 执行当前算法开始: degreeTopM
2025-12-02 22:02:48,205 - INFO - 当前用时 0.00 秒
2025-12-02 22:02:48,206 - INFO - 将种子集 写入位置: /home/wen/pythonspace/data-test/facebook/2025-12-2/seeds-with-facebook/powerlaw_degreeTopM_seedNum-300_SSRNum-100000.txt
2025-12-02 22:02:48,206 - INFO - 首次生成种子集 alpha_sort
2025-12-02 22:02:48,206 - INFO - 执行当前算法开始: alpha_sort
2025-12-02 22:02:48,208 - INFO - 4039 个节点的alpha值降序排序 done
2025-12-02 22:02:48,208 - INFO - ==============>> [(2612, 0.18166966181902156), (43, 0.1751978147040359), (4025, 0.17469993896458655), (404, 0.17281374397472643), (1603, 0.17245683535201675), (335, 0.17005233358344307), (2754, 0.16923218138267265), (2037, 0.16760696677277503), (3195, 0.1661379949032557), (3335, 0.16542033542471538)]
2025-12-02 22:02:48,208 - INFO - 
选择的种子集 (按alpha排序): [2612, 43, 4025, 404, 1603, 335, 2754, 2037, 3195, 3335, 1067, 3730, 3987, 3415, 1750, 2711, 1812, 1760, 3059, 3865, 4010, 3834, 1319, 1776, 952, 3868, 605, 692, 4012, 3676, 2406, 114, 2029, 1526, 3748, 37, 1808, 1696, 3497, 3943, 3435, 872, 1946, 3812, 1767, 4023, 1046, 4035, 15, 3603, 2036, 11, 3139, 1837, 4016, 18, 2021, 3978, 3495, 3766, 1763, 292, 74, 210, 12, 287, 209, 631, 582, 397, 1786, 2575, 1764, 215, 3342, 762, 1562, 2786, 2799, 1986, 244, 160, 153, 3751, 3885, 286, 3930, 234, 70, 1543, 3888, 1507, 916, 256, 3894, 3990, 2006, 2005, 1844, 90, 279, 4030, 748, 2661, 2910, 1889, 2421, 233, 1175, 255, 1623, 4034, 2553, 4008, 3866, 2357, 183, 1895, 3725, 881, 719, 316, 138, 145, 1920, 3822, 1240, 1820, 33, 3393, 3965, 3859, 1541, 3620, 42, 4013, 1339, 47, 4036, 1894, 662, 305, 216, 1506, 4029, 756, 35, 4003, 1789, 551, 205, 812, 3274, 3986, 267, 1746, 3950, 3710, 2911, 282, 4032, 52, 880, 3821, 2670, 710, 1599, 1044, 3764, 353, 1793, 154, 241, 3272, 3936, 4033, 532, 2481, 557, 3752, 3129, 738, 293, 336, 112, 694, 1178, 1524, 179, 848, 2580, 191, 739, 1801, 1610, 3825, 3323, 3993, 513, 1072, 228, 1572, 1650, 839, 3627, 3830, 2291, 3614, 3711, 321, 390, 3994, 71, 3350, 1999, 3720, 3509, 1807, 240, 2299, 1604, 2271, 3762, 2913, 3815, 61, 157, 247, 182, 3738, 3594, 253, 1032, 2367, 1550, 155, 385, 3961, 3434, 3713, 2509, 76, 3123, 294, 207, 2361, 3608, 520, 1245, 81, 1717, 2528, 1113, 2377, 301, 97, 1930, 2882, 2549, 3352, 3322, 4009, 1547, 3992, 2424, 3619, 1902, 1888, 289, 1714, 3535, 3678, 4007, 262, 517, 174, 3982, 355, 686, 164, 4026, 1997, 166, 220, 508, 2678, 206, 482, 1137, 1862, 2039, 2030, 1341, 1731, 3598, 288, 1933, 3648, 3959, 2116]

2025-12-02 22:02:48,208 - INFO - 当前用时 0.00 秒
2025-12-02 22:02:48,208 - INFO - 将种子集 写入位置: /home/wen/pythonspace/data-test/facebook/2025-12-2/seeds-with-facebook/powerlaw_alpha_sort_seedNum-300_SSRNum-100000.txt
2025-12-02 22:02:48,209 - INFO - 首次生成种子集 importance_sort
2025-12-02 22:02:48,209 - INFO - 执行当前算法开始: importance_sort
2025-12-02 22:02:50,638 - INFO - 
选择的种子集 (按Importance排序): [2612, 43, 4025, 404, 1603, 335, 2754, 2037, 3195, 3335, 1067, 3730, 3987, 3415, 1750, 2711, 1812, 1760, 3059, 3865, 4010, 3834, 1319, 1776, 952, 3868, 605, 692, 4012, 3676, 2406, 114, 2029, 1526, 3748, 37, 1808, 1696, 3497, 3943, 3435, 872, 1946, 3812, 1767, 4023, 1046, 4035, 15, 3603, 2036, 11, 3139, 1837, 4016, 18, 2021, 3978, 3495, 3766, 1763, 292, 74, 210, 12, 287, 209, 631, 582, 397, 1786, 2575, 1764, 215, 3342, 762, 1562, 2786, 2799, 1986, 244, 160, 153, 3751, 3885, 286, 3930, 234, 70, 1543, 3888, 1507, 916, 256, 3894, 3990, 2006, 2005, 1844, 90, 279, 4030, 748, 2661, 2910, 1889, 2421, 233, 1175, 255, 1623, 4034, 2553, 4008, 3866, 2357, 183, 1895, 3725, 881, 719, 316, 138, 145, 1920, 3822, 1240, 1820, 33, 3393, 3965, 3859, 1541, 3620, 42, 4013, 1339, 47, 4036, 1894, 662, 305, 216, 1506, 4029, 756, 35, 4003, 1789, 551, 205, 812, 3274, 3986, 267, 1746, 3950, 3710, 2911, 282, 4032, 52, 880, 3821, 2670, 710, 1599, 1044, 3764, 353, 1793, 154, 241, 3272, 3936, 4033, 532, 2481, 557, 3752, 3129, 738, 293, 336, 112, 694, 1178, 1524, 179, 848, 2580, 191, 739, 1801, 1610, 3825, 3323, 3993, 513, 1072, 228, 1572, 1650, 839, 3627, 3830, 2291, 3614, 3711, 321, 390, 3994, 71, 3350, 1999, 3720, 3509, 1807, 240, 2299, 1604, 2271, 3762, 2913, 3815, 61, 157, 247, 182, 3738, 3594, 253, 1032, 2367, 1550, 155, 385, 3961, 3434, 3713, 2509, 76, 3123, 294, 207, 2361, 3608, 520, 1245, 81, 1717, 2528, 1113, 2377, 301, 97, 1930, 2882, 2549, 3352, 3322, 4009, 1547, 3992, 2424, 3619, 1902, 1888, 289, 1714, 3535, 3678, 4007, 262, 517, 174, 3982, 355, 686, 164, 4026, 1997, 166, 220, 508, 2678, 206, 482, 1137, 1862, 2039, 2030, 1341, 1731, 3598, 288, 1933, 3648, 3959, 2116]

2025-12-02 22:02:50,639 - INFO - 当前用时 2.43 秒
2025-12-02 22:02:50,639 - INFO - 将种子集 写入位置: /home/wen/pythonspace/data-test/facebook/2025-12-2/seeds-with-facebook/powerlaw_importance_sort_seedNum-300_SSRNum-100000.txt
2025-12-02 22:02:50,640 - INFO - 首次生成种子集 ris_coverage
2025-12-02 22:02:50,640 - INFO - 执行当前算法开始: ris_coverage
2025-12-02 22:02:50,950 - INFO - 图初始化完成，节点数: 4039，CSR 矩阵准备就绪。
2025-12-02 22:02:50,951 - INFO - 
开始生成 100000 组 SSR (并行进程: 4)...
2025-12-02 22:03:41,575 - INFO - 生成完毕。耗时: 50.62 秒。
2025-12-02 22:03:41,576 - INFO - 
开始选择最优种子 (Optimized Greedy) ...
2025-12-02 22:04:11,384 - INFO - 选种完毕。耗时: 29.81 秒。
2025-12-02 22:04:11,434 - INFO - 最终选择的种子集: [1526, 3868, 4035, 3730, 15, 3865, 256, 1946, 1776, 244, 4012, 3435, 2612, 952, 631, 4025, 18, 1750, 3335, 335, 3987, 1603, 3603, 11, 1764, 4016, 1763, 2754, 4029, 2711, 3195, 210, 1760, 43, 2037, 605, 1920, 3834, 3139, 3978, 4010, 1067, 114, 1746, 3415, 37, 1844, 872, 1812, 3393, 1808, 2021, 1767, 292, 74, 397, 3676, 4013, 3497, 404, 3342, 145, 1046, 2406, 1895, 3990, 3748, 3943, 2575, 1543, 3059, 12, 1837, 3812, 3885, 2910, 153, 1696, 209, 582, 279, 1507, 3495, 215, 3986, 233, 52, 880, 3894, 1319, 2799, 4023, 2029, 3859, 1786, 4003, 2786, 1986, 255, 3710, 3465, 353, 1698, 287, 282, 253, 2357, 4033, 191, 4036, 3751, 532, 4030, 3766, 3752, 179, 1572, 316, 1599, 812, 160, 692, 2421, 551, 1894, 2661, 138, 49, 3993, 305, 240, 3620, 90, 3738, 916, 1562, 4034, 70, 1862, 3992, 286, 1889, 2005, 3821, 756, 42, 3764, 2271, 1541, 1801, 47, 205, 4018, 2580, 739, 1113, 557, 112, 216, 2663, 3930, 1789, 1715, 2036, 3708, 513, 1820, 710, 267, 289, 1997, 3720, 1509, 4032, 3762, 694, 2017, 3998, 2670, 1793, 234, 1550, 301, 76, 71, 3994, 1044, 2006, 33, 1175, 97, 155, 762, 81, 3822, 174, 3491, 1178, 241, 3888, 2911, 1623, 1247, 183, 3614, 1072, 1977, 3815, 4008, 3961, 3960, 1032, 1240, 319, 154, 3350, 3274, 3965, 3950, 2553, 1506, 3866, 1731, 1604, 2789, 3825, 3509, 4004, 270, 662, 207, 61, 4007, 719, 2000, 157, 1245, 144, 3713, 1524, 1930, 3488, 1609, 3959, 89, 3711, 1804, 3627, 182, 1999, 1902, 680, 4037, 2361, 3678, 1610, 3895, 996, 3535, 1947, 1547, 3434, 881, 3820, 3953, 3905, 748, 415, 3988, 2882, 1261, 2509, 3725, 3673, 35, 3608, 4028, 201, 283, 1339, 848, 3984, 2023, 3982, 738, 124, 336, 390, 2377, 354, 3936, 1567, 1870, 4026, 3318, 1650, 4001, 356, 1807, 3129]

2025-12-02 22:04:15,153 - INFO - 当前用时 84.51 秒
2025-12-02 22:04:15,154 - INFO - 将种子集 写入位置: /home/wen/pythonspace/data-test/facebook/2025-12-2/seeds-with-facebook/powerlaw_ris_coverage_seedNum-300_SSRNum-100000.txt
2025-12-02 22:04:15,155 - INFO - 评估种子集: None
2025-12-02 22:04:15,155 - INFO - 评估函数开始
2025-12-02 22:04:15,155 - INFO - 当前模拟次数: [5]

2025-12-02 22:04:15,155 - INFO - 当前评估种子数: 300 ---
2025-12-02 22:04:15,155 - INFO -   Evaluating method: 'random' with 300 seeds.
2025-12-02 22:04:15,155 - INFO -     Running 5 simulations...
2025-12-02 22:06:19,162 - INFO -     Result: E[Users] = 203.4000, Var[Users] = 29.4400, Std_Dev = 5.4259
2025-12-02 22:06:19,170 - INFO -   Evaluating method: 'degreeTopM' with 300 seeds.
2025-12-02 22:06:19,170 - INFO -     Running 5 simulations...
2025-12-02 22:09:01,409 - INFO -     Result: E[Users] = 202.4000, Var[Users] = 43.8400, Std_Dev = 6.6212
2025-12-02 22:09:01,413 - INFO -   Evaluating method: 'alpha_sort' with 300 seeds.
2025-12-02 22:09:01,413 - INFO -     Running 5 simulations...
2025-12-02 22:10:24,538 - INFO -     Result: E[Users] = 202.0000, Var[Users] = 47.2000, Std_Dev = 6.8702
2025-12-02 22:10:24,541 - INFO -   Evaluating method: 'importance_sort' with 300 seeds.
2025-12-02 22:10:24,542 - INFO -     Running 5 simulations...
2025-12-02 22:11:51,972 - INFO -     Result: E[Users] = 199.2000, Var[Users] = 23.7600, Std_Dev = 4.8744
2025-12-02 22:11:51,975 - INFO -   Evaluating method: 'ris_coverage' with 300 seeds.
2025-12-02 22:11:51,976 - INFO -     Running 5 simulations...
2025-12-02 22:13:17,562 - INFO -     Result: E[Users] = 197.8000, Var[Users] = 23.3600, Std_Dev = 4.8332
2025-12-02 22:13:17,566 - INFO - 保存评估文件至: /home/wen/pythonspace/data-test/facebook/2025-12-2/E-activated-facebook/distribution-powerlaw/tsd_1.5--0.9--1.3/single_sim_func-AgainContinue/simuTimes-5_seedNum-300_monteCarloL-10_single_sim_func-AgainContinue_rrNumSamples-100000.csv
