2025-12-03 11:36:17,431 - INFO - 加载数据集: facebook
2025-12-03 11:36:17,434 - INFO - 首次生成度相关概率分布 分布类型: 'powerlaw'.
2025-12-03 11:36:17,434 - INFO - ===> Generating 'Power-law Degree-Aware' distributions...
2025-12-03 11:36:17,436 - INFO - 保存概率分布 文件位置: /home/wen/pythonspace/data-test/facebook/2025-12-2/distribution-in-facebook/distribution-powerlaw_seedNum-250.pkl
2025-12-03 11:36:17,500 - INFO - 首次生成种子集 random
2025-12-03 11:36:17,501 - INFO - 执行当前算法开始: random
2025-12-03 11:36:17,501 - INFO - 当前用时 0.00 秒
2025-12-03 11:36:17,501 - INFO - 将种子集 写入位置: /home/wen/pythonspace/data-test/facebook/2025-12-2/seeds-with-facebook/powerlaw_random_seedNum-250_SSRNum-100000.txt
2025-12-03 11:36:17,501 - INFO - 首次生成种子集 degreeTopM
2025-12-03 11:36:17,502 - INFO - 执行当前算法开始: degreeTopM
2025-12-03 11:36:17,503 - INFO - 当前用时 0.00 秒
2025-12-03 11:36:17,504 - INFO - 将种子集 写入位置: /home/wen/pythonspace/data-test/facebook/2025-12-2/seeds-with-facebook/powerlaw_degreeTopM_seedNum-250_SSRNum-100000.txt
2025-12-03 11:36:17,504 - INFO - 首次生成种子集 alpha_sort
2025-12-03 11:36:17,504 - INFO - 执行当前算法开始: alpha_sort
2025-12-03 11:36:17,507 - INFO - 4039 个节点的alpha值降序排序 done
2025-12-03 11:36:17,507 - INFO - ==============>> [(1067, 0.1893494798392408), (1786, 0.18333266524497202), (1750, 0.17719193265895186), (4012, 0.17621201028910424), (4016, 0.17495591646024752), (397, 0.17462232690109677), (1603, 0.17452078932871537), (3435, 0.17448567143455396), (3415, 0.17000590876676736), (2711, 0.16873415365648453)]
2025-12-03 11:36:17,507 - INFO - 
选择的种子集 (按alpha排序): [1067, 1786, 1750, 4012, 4016, 397, 1603, 3435, 3415, 2711, 215, 605, 1696, 1319, 114, 3943, 4035, 3059, 631, 2406, 43, 12, 3342, 37, 74, 3495, 292, 3603, 209, 3195, 18, 582, 11, 1767, 404, 1764, 3748, 287, 1808, 3865, 1776, 3812, 1812, 1760, 3676, 3335, 3766, 872, 1946, 692, 15, 3987, 952, 335, 4023, 3730, 4025, 2029, 1763, 3497, 3978, 2036, 1837, 2754, 3834, 3139, 3868, 4010, 1526, 2575, 2021, 1046, 210, 2612, 2037, 1175, 2421, 33, 305, 1793, 1240, 3965, 1895, 3725, 205, 2357, 1507, 233, 3274, 1506, 3888, 881, 353, 1541, 2799, 2670, 3751, 267, 1844, 4029, 3821, 748, 316, 916, 762, 3950, 2910, 1339, 2006, 4032, 719, 255, 154, 2553, 216, 241, 1543, 4003, 286, 4036, 1789, 279, 70, 3764, 138, 4008, 812, 551, 160, 4034, 662, 153, 756, 1820, 47, 244, 880, 1920, 183, 2911, 35, 1623, 90, 3859, 4013, 3894, 710, 256, 3885, 1986, 3822, 2786, 3710, 3393, 3620, 42, 3930, 1599, 1746, 3866, 1889, 145, 1044, 1562, 4030, 3990, 52, 234, 2661, 336, 282, 71, 1894, 1930, 2005, 155, 3350, 3986, 4007, 2481, 1714, 228, 3608, 61, 1717, 240, 3713, 2291, 1572, 739, 2913, 247, 1610, 207, 738, 81, 2424, 3752, 301, 1550, 3123, 3352, 3936, 3509, 390, 2580, 3323, 157, 2299, 1999, 3961, 1113, 3720, 513, 1524, 520, 2528, 2377, 3594, 3994, 1072, 1604, 3272, 3434, 694, 3993, 112, 532, 294, 3815, 76, 848, 179, 1801, 1807, 3762, 2509, 1178, 2361, 385, 1547, 2882, 2549, 182, 3711, 1650, 3129, 164, 686, 557]

2025-12-03 11:36:17,507 - INFO - 当前用时 0.00 秒
2025-12-03 11:36:17,507 - INFO - 将种子集 写入位置: /home/wen/pythonspace/data-test/facebook/2025-12-2/seeds-with-facebook/powerlaw_alpha_sort_seedNum-250_SSRNum-100000.txt
2025-12-03 11:36:17,508 - INFO - 首次生成种子集 importance_sort
2025-12-03 11:36:17,508 - INFO - 执行当前算法开始: importance_sort
2025-12-03 11:36:19,907 - INFO - 
选择的种子集 (按Importance排序): [1067, 1786, 1750, 4012, 4016, 397, 1603, 3435, 3415, 2711, 215, 605, 1696, 1319, 114, 3943, 4035, 3059, 631, 2406, 43, 12, 3342, 37, 74, 3495, 292, 3603, 209, 3195, 18, 582, 11, 1767, 404, 1764, 3748, 287, 1808, 3865, 1776, 3812, 1812, 1760, 3676, 3335, 3766, 872, 1946, 692, 15, 3987, 952, 335, 4023, 3730, 4025, 2029, 1763, 3497, 3978, 2036, 1837, 2754, 3834, 3139, 3868, 4010, 1526, 2575, 2021, 1046, 210, 2612, 2037, 1175, 2421, 33, 305, 1793, 1240, 3965, 1895, 3725, 205, 2357, 1507, 233, 3274, 1506, 3888, 881, 353, 1541, 2799, 2670, 3751, 267, 1844, 4029, 3821, 748, 316, 916, 762, 3950, 2910, 1339, 2006, 4032, 719, 255, 154, 2553, 216, 241, 1543, 4003, 286, 4036, 1789, 279, 70, 3764, 138, 4008, 812, 551, 160, 4034, 662, 153, 756, 1820, 47, 244, 880, 1920, 183, 2911, 35, 1623, 90, 3859, 4013, 3894, 710, 256, 3885, 1986, 3822, 2786, 3710, 3393, 3620, 42, 3930, 1599, 1746, 3866, 1889, 145, 1044, 1562, 4030, 3990, 52, 234, 2661, 336, 282, 71, 1894, 1930, 2005, 155, 3350, 3986, 4007, 2481, 1714, 228, 3608, 61, 1717, 240, 3713, 2291, 1572, 739, 2913, 247, 1610, 207, 738, 81, 2424, 3752, 301, 1550, 3123, 3352, 3936, 3509, 390, 2580, 3323, 157, 2299, 1999, 3961, 1113, 3720, 513, 1524, 520, 2528, 2377, 3594, 3994, 1072, 1604, 3272, 3434, 694, 3993, 112, 532, 294, 3815, 76, 848, 179, 1801, 1807, 3762, 2509, 1178, 2361, 385, 1547, 2882, 2549, 182, 3711, 1650, 3129, 164, 686, 557]

2025-12-03 11:36:19,907 - INFO - 当前用时 2.40 秒
2025-12-03 11:36:19,908 - INFO - 将种子集 写入位置: /home/wen/pythonspace/data-test/facebook/2025-12-2/seeds-with-facebook/powerlaw_importance_sort_seedNum-250_SSRNum-100000.txt
2025-12-03 11:36:19,908 - INFO - 首次生成种子集 ris_coverage
2025-12-03 11:36:19,908 - INFO - 执行当前算法开始: ris_coverage
2025-12-03 11:36:20,196 - INFO - 图初始化完成，节点数: 4039，CSR 矩阵准备就绪。
2025-12-03 11:36:20,196 - INFO - 
开始生成 100000 组 SSR (并行进程: 4)...
2025-12-03 11:37:00,494 - INFO - 生成完毕。耗时: 40.30 秒。
2025-12-03 11:37:00,495 - INFO - 
开始选择最优种子 (Optimized Greedy) ...
2025-12-03 11:37:02,462 - INFO -   - 券 1/250 选中节点 12, 新增覆盖 10
2025-12-03 11:37:02,463 - INFO -   - 券 2/250 选中节点 4035, 新增覆盖 9
2025-12-03 11:37:02,465 - INFO -   - 券 3/250 选中节点 1760, 新增覆盖 7
2025-12-03 11:37:02,469 - INFO -   - 券 4/250 选中节点 4016, 新增覆盖 10
2025-12-03 11:37:02,474 - INFO -   - 券 5/250 选中节点 233, 新增覆盖 10
2025-12-03 11:37:02,478 - INFO -   - 券 6/250 选中节点 209, 新增覆盖 9
2025-12-03 11:37:02,483 - INFO -   - 券 7/250 选中节点 114, 新增覆盖 8
2025-12-03 11:37:02,487 - INFO -   - 券 8/250 选中节点 631, 新增覆盖 8
2025-12-03 11:37:02,492 - INFO -   - 券 9/250 选中节点 3342, 新增覆盖 8
2025-12-03 11:37:02,496 - INFO -   - 券 10/250 选中节点 1764, 新增覆盖 7
2025-12-03 11:37:02,501 - INFO -   - 券 11/250 选中节点 15, 新增覆盖 7
2025-12-03 11:37:02,507 - INFO -   - 券 12/250 选中节点 3987, 新增覆盖 10
2025-12-03 11:37:02,517 - INFO -   - 券 13/250 选中节点 43, 新增覆盖 10
2025-12-03 11:37:02,524 - INFO -   - 券 14/250 选中节点 305, 新增覆盖 7
2025-12-03 11:37:02,534 - INFO -   - 券 15/250 选中节点 292, 新增覆盖 10
2025-12-03 11:37:02,544 - INFO -   - 券 16/250 选中节点 1750, 新增覆盖 9
2025-12-03 11:37:02,552 - INFO -   - 券 17/250 选中节点 4012, 新增覆盖 10
2025-12-03 11:37:02,560 - INFO -   - 券 18/250 选中节点 2036, 新增覆盖 8
2025-12-03 11:37:02,577 - INFO -   - 券 19/250 选中节点 2029, 新增覆盖 10
2025-12-03 11:37:02,589 - INFO -   - 券 20/250 选中节点 1776, 新增覆盖 10
2025-12-03 11:37:02,598 - INFO -   - 券 21/250 选中节点 3435, 新增覆盖 9
2025-12-03 11:37:02,612 - INFO -   - 券 22/250 选中节点 1696, 新增覆盖 9
2025-12-03 11:37:02,625 - INFO -   - 券 23/250 选中节点 205, 新增覆盖 8
2025-12-03 11:37:02,639 - INFO -   - 券 24/250 选中节点 3335, 新增覆盖 8
2025-12-03 11:37:02,663 - INFO -   - 券 25/250 选中节点 3748, 新增覆盖 9
2025-12-03 11:37:02,675 - INFO -   - 券 26/250 选中节点 1946, 新增覆盖 8
2025-12-03 11:37:02,700 - INFO -   - 券 27/250 选中节点 1319, 新增覆盖 8
2025-12-03 11:37:02,715 - INFO -   - 券 28/250 选中节点 33, 新增覆盖 7
2025-12-03 11:37:02,737 - INFO -   - 券 29/250 选中节点 692, 新增覆盖 8
2025-12-03 11:37:02,760 - INFO -   - 券 30/250 选中节点 3943, 新增覆盖 11
2025-12-03 11:37:02,782 - INFO -   - 券 31/250 选中节点 1763, 新增覆盖 8
2025-12-03 11:37:02,793 - INFO -   - 券 32/250 选中节点 3415, 新增覆盖 9
2025-12-03 11:37:02,807 - INFO -   - 券 33/250 选中节点 1837, 新增覆盖 8
2025-12-03 11:37:02,826 - INFO -   - 券 34/250 选中节点 3730, 新增覆盖 8
2025-12-03 11:37:02,845 - INFO -   - 券 35/250 选中节点 1767, 新增覆盖 8
2025-12-03 11:37:02,857 - INFO -   - 券 36/250 选中节点 1808, 新增覆盖 7
2025-12-03 11:37:02,885 - INFO -   - 券 37/250 选中节点 1603, 新增覆盖 7
2025-12-03 11:37:02,906 - INFO -   - 券 38/250 选中节点 18, 新增覆盖 7
2025-12-03 11:37:02,943 - INFO -   - 券 39/250 选中节点 4023, 新增覆盖 9
2025-12-03 11:37:02,974 - INFO -   - 券 40/250 选中节点 1812, 新增覆盖 9
2025-12-03 11:37:03,003 - INFO -   - 券 41/250 选中节点 267, 新增覆盖 8
2025-12-03 11:37:03,021 - INFO -   - 券 42/250 选中节点 279, 新增覆盖 10
2025-12-03 11:37:03,056 - INFO -   - 券 43/250 选中节点 397, 新增覆盖 6
2025-12-03 11:37:03,095 - INFO -   - 券 44/250 选中节点 335, 新增覆盖 10
2025-12-03 11:37:03,123 - INFO -   - 券 45/250 选中节点 3495, 新增覆盖 8
2025-12-03 11:37:03,161 - INFO -   - 券 46/250 选中节点 3865, 新增覆盖 8
2025-12-03 11:37:03,189 - INFO -   - 券 47/250 选中节点 2021, 新增覆盖 7
2025-12-03 11:37:03,216 - INFO -   - 券 48/250 选中节点 3059, 新增覆盖 7
2025-12-03 11:37:03,250 - INFO -   - 券 49/250 选中节点 582, 新增覆盖 7
2025-12-03 11:37:03,282 - INFO -   - 券 50/250 选中节点 74, 新增覆盖 7
2025-12-03 11:37:03,307 - INFO -   - 券 51/250 选中节点 37, 新增覆盖 7
2025-12-03 11:37:03,336 - INFO -   - 券 52/250 选中节点 1786, 新增覆盖 9
2025-12-03 11:37:03,375 - INFO -   - 券 53/250 选中节点 4010, 新增覆盖 7
2025-12-03 11:37:03,405 - INFO -   - 券 54/250 选中节点 2037, 新增覆盖 9
2025-12-03 11:37:03,449 - INFO -   - 券 55/250 选中节点 3834, 新增覆盖 8
2025-12-03 11:37:03,484 - INFO -   - 券 56/250 选中节点 11, 新增覆盖 7
2025-12-03 11:37:03,538 - INFO -   - 券 57/250 选中节点 2575, 新增覆盖 8
2025-12-03 11:37:03,594 - INFO -   - 券 58/250 选中节点 287, 新增覆盖 9
2025-12-03 11:37:03,667 - INFO -   - 券 59/250 选中节点 1894, 新增覆盖 7
2025-12-03 11:37:03,684 - INFO -   - 券 60/250 选中节点 605, 新增覆盖 8
2025-12-03 11:37:03,734 - INFO -   - 券 61/250 选中节点 1562, 新增覆盖 7
2025-12-03 11:37:03,792 - INFO -   - 券 62/250 选中节点 3965, 新增覆盖 7
2025-12-03 11:37:03,851 - INFO -   - 券 63/250 选中节点 1507, 新增覆盖 8
2025-12-03 11:37:03,879 - INFO -   - 券 64/250 选中节点 3195, 新增覆盖 7
2025-12-03 11:37:03,936 - INFO -   - 券 65/250 选中节点 256, 新增覆盖 7
2025-12-03 11:37:03,981 - INFO -   - 券 66/250 选中节点 2910, 新增覆盖 7
2025-12-03 11:37:04,027 - INFO -   - 券 67/250 选中节点 1526, 新增覆盖 8
2025-12-03 11:37:04,096 - INFO -   - 券 68/250 选中节点 216, 新增覆盖 7
2025-12-03 11:37:04,135 - INFO -   - 券 69/250 选中节点 241, 新增覆盖 6
2025-12-03 11:37:04,194 - INFO -   - 券 70/250 选中节点 880, 新增覆盖 7
2025-12-03 11:37:04,248 - INFO -   - 券 71/250 选中节点 160, 新增覆盖 6
2025-12-03 11:37:04,291 - INFO -   - 券 72/250 选中节点 1524, 新增覆盖 6
2025-12-03 11:37:04,362 - INFO -   - 券 73/250 选中节点 3950, 新增覆盖 6
2025-12-03 11:37:04,416 - INFO -   - 券 74/250 选中节点 1541, 新增覆盖 6
2025-12-03 11:37:04,486 - INFO -   - 券 75/250 选中节点 551, 新增覆盖 8
2025-12-03 11:37:04,559 - INFO -   - 券 76/250 选中节点 4036, 新增覆盖 6
2025-12-03 11:37:04,609 - INFO -   - 券 77/250 选中节点 70, 新增覆盖 6
2025-12-03 11:37:04,672 - INFO -   - 券 78/250 选中节点 4025, 新增覆盖 7
2025-12-03 11:37:04,710 - INFO -   - 券 79/250 选中节点 4029, 新增覆盖 7
2025-12-03 11:37:04,748 - INFO -   - 券 80/250 选中节点 404, 新增覆盖 6
2025-12-03 11:37:04,807 - INFO -   - 券 81/250 选中节点 1920, 新增覆盖 7
2025-12-03 11:37:04,863 - INFO -   - 券 82/250 选中节点 3676, 新增覆盖 7
2025-12-03 11:37:04,933 - INFO -   - 券 83/250 选中节点 3812, 新增覆盖 9
2025-12-03 11:37:05,008 - INFO -   - 券 84/250 选中节点 1046, 新增覆盖 6
2025-12-03 11:37:05,088 - INFO -   - 券 85/250 选中节点 3764, 新增覆盖 6
2025-12-03 11:37:05,141 - INFO -   - 券 86/250 选中节点 47, 新增覆盖 7
2025-12-03 11:37:05,186 - INFO -   - 券 87/250 选中节点 3868, 新增覆盖 7
2025-12-03 11:37:05,247 - INFO -   - 券 88/250 选中节点 153, 新增覆盖 5
2025-12-03 11:37:05,314 - INFO -   - 券 89/250 选中节点 215, 新增覆盖 7
2025-12-03 11:37:05,357 - INFO -   - 券 90/250 选中节点 90, 新增覆盖 7
2025-12-03 11:37:05,424 - INFO -   - 券 91/250 选中节点 1175, 新增覆盖 5
2025-12-03 11:37:05,518 - INFO -   - 券 92/250 选中节点 3894, 新增覆盖 6
2025-12-03 11:37:05,570 - INFO -   - 券 93/250 选中节点 2406, 新增覆盖 6
2025-12-03 11:37:05,635 - INFO -   - 券 94/250 选中节点 1506, 新增覆盖 5
2025-12-03 11:37:05,744 - INFO -   - 券 95/250 选中节点 4003, 新增覆盖 6
2025-12-03 11:37:05,810 - INFO -   - 券 96/250 选中节点 1888, 新增覆盖 6
2025-12-03 11:37:05,903 - INFO -   - 券 97/250 选中节点 719, 新增覆盖 7
2025-12-03 11:37:05,967 - INFO -   - 券 98/250 选中节点 3603, 新增覆盖 6
2025-12-03 11:37:06,040 - INFO -   - 券 99/250 选中节点 3752, 新增覆盖 6
2025-12-03 11:37:06,108 - INFO -   - 券 100/250 选中节点 2711, 新增覆盖 8
2025-12-03 11:37:06,164 - INFO -   - 券 101/250 选中节点 154, 新增覆盖 5
2025-12-03 11:37:06,234 - INFO -   - 券 102/250 选中节点 3947, 新增覆盖 6
2025-12-03 11:37:06,297 - INFO -   - 券 103/250 选中节点 4030, 新增覆盖 7
2025-12-03 11:37:06,355 - INFO -   - 券 104/250 选中节点 286, 新增覆盖 5
2025-12-03 11:37:06,433 - INFO -   - 券 105/250 选中节点 2754, 新增覆盖 6
2025-12-03 11:37:06,486 - INFO -   - 券 106/250 选中节点 3885, 新增覆盖 6
2025-12-03 11:37:06,532 - INFO -   - 券 107/250 选中节点 138, 新增覆盖 6
2025-12-03 11:37:06,625 - INFO -   - 券 108/250 选中节点 1044, 新增覆盖 6
2025-12-03 11:37:06,688 - INFO -   - 券 109/250 选中节点 3139, 新增覆盖 6
2025-12-03 11:37:06,798 - INFO -   - 券 110/250 选中节点 3888, 新增覆盖 9
2025-12-03 11:37:06,891 - INFO -   - 券 111/250 选中节点 1844, 新增覆盖 5
2025-12-03 11:37:06,972 - INFO -   - 券 112/250 选中节点 4013, 新增覆盖 6
2025-12-03 11:37:07,080 - INFO -   - 券 113/250 选中节点 694, 新增覆盖 7
2025-12-03 11:37:07,178 - INFO -   - 券 114/250 选中节点 1339, 新增覆盖 6
2025-12-03 11:37:07,286 - INFO -   - 券 115/250 选中节点 952, 新增覆盖 6
2025-12-03 11:37:07,347 - INFO -   - 券 116/250 选中节点 3710, 新增覆盖 6
2025-12-03 11:37:07,405 - INFO -   - 券 117/250 选中节点 872, 新增覆盖 6
2025-12-03 11:37:07,488 - INFO -   - 券 118/250 选中节点 3274, 新增覆盖 6
2025-12-03 11:37:07,575 - INFO -   - 券 119/250 选中节点 756, 新增覆盖 7
2025-12-03 11:37:07,630 - INFO -   - 券 120/250 选中节点 316, 新增覆盖 7
2025-12-03 11:37:07,692 - INFO -   - 券 121/250 选中节点 282, 新增覆盖 6
2025-12-03 11:37:07,810 - INFO -   - 券 122/250 选中节点 353, 新增覆盖 7
2025-12-03 11:37:07,860 - INFO -   - 券 123/250 选中节点 1889, 新增覆盖 7
2025-12-03 11:37:07,934 - INFO -   - 券 124/250 选中节点 52, 新增覆盖 6
2025-12-03 11:37:08,029 - INFO -   - 券 125/250 选中节点 1543, 新增覆盖 6
2025-12-03 11:37:08,120 - INFO -   - 券 126/250 选中节点 42, 新增覆盖 5
2025-12-03 11:37:08,233 - INFO -   - 券 127/250 选中节点 210, 新增覆盖 6
2025-12-03 11:37:08,340 - INFO -   - 券 128/250 选中节点 2421, 新增覆盖 6
2025-12-03 11:37:08,426 - INFO -   - 券 129/250 选中节点 183, 新增覆盖 7
2025-12-03 11:37:08,535 - INFO -   - 券 130/250 选中节点 686, 新增覆盖 6
2025-12-03 11:37:08,601 - INFO -   - 券 131/250 选中节点 3497, 新增覆盖 6
2025-12-03 11:37:08,684 - INFO -   - 券 132/250 选中节点 3766, 新增覆盖 6
2025-12-03 11:37:08,786 - INFO -   - 券 133/250 选中节点 1895, 新增覆盖 6
2025-12-03 11:37:08,867 - INFO -   - 券 134/250 选中节点 2911, 新增覆盖 6
2025-12-03 11:37:09,011 - INFO -   - 券 135/250 选中节点 1550, 新增覆盖 5
2025-12-03 11:37:09,147 - INFO -   - 券 136/250 选中节点 812, 新增覆盖 7
2025-12-03 11:37:09,253 - INFO -   - 券 137/250 选中节点 710, 新增覆盖 7
2025-12-03 11:37:09,344 - INFO -   - 券 138/250 选中节点 2612, 新增覆盖 7
2025-12-03 11:37:09,423 - INFO -   - 券 139/250 选中节点 3993, 新增覆盖 6
2025-12-03 11:37:09,491 - INFO -   - 券 140/250 选中节点 1943, 新增覆盖 6
2025-12-03 11:37:09,594 - INFO -   - 券 141/250 选中节点 916, 新增覆盖 8
2025-12-03 11:37:09,703 - INFO -   - 券 142/250 选中节点 2553, 新增覆盖 5
2025-12-03 11:37:09,790 - INFO -   - 券 143/250 选中节点 748, 新增覆盖 8
2025-12-03 11:37:09,862 - INFO -   - 券 144/250 选中节点 3930, 新增覆盖 5
2025-12-03 11:37:09,957 - INFO -   - 券 145/250 选中节点 3986, 新增覆盖 5
2025-12-03 11:37:10,052 - INFO -   - 券 146/250 选中节点 3620, 新增覆盖 6
2025-12-03 11:37:10,149 - INFO -   - 券 147/250 选中节点 4032, 新增覆盖 6
2025-12-03 11:37:10,215 - INFO -   - 券 148/250 选中节点 2005, 新增覆盖 6
2025-12-03 11:37:10,301 - INFO -   - 券 149/250 选中节点 3992, 新增覆盖 5
2025-12-03 11:37:10,389 - INFO -   - 券 150/250 选中节点 1572, 新增覆盖 5
2025-12-03 11:37:10,465 - INFO -   - 券 151/250 选中节点 155, 新增覆盖 6
2025-12-03 11:37:10,579 - INFO -   - 券 152/250 选中节点 255, 新增覆盖 7
2025-12-03 11:37:10,662 - INFO -   - 券 153/250 选中节点 1715, 新增覆盖 6
2025-12-03 11:37:10,762 - INFO -   - 券 154/250 选中节点 145, 新增覆盖 5
2025-12-03 11:37:10,881 - INFO -   - 券 155/250 选中节点 4034, 新增覆盖 5
2025-12-03 11:37:10,999 - INFO -   - 券 156/250 选中节点 3990, 新增覆盖 5
2025-12-03 11:37:11,092 - INFO -   - 券 157/250 选中节点 390, 新增覆盖 6
2025-12-03 11:37:11,162 - INFO -   - 券 158/250 选中节点 762, 新增覆盖 5
2025-12-03 11:37:11,251 - INFO -   - 券 159/250 选中节点 3978, 新增覆盖 5
2025-12-03 11:37:11,359 - INFO -   - 券 160/250 选中节点 3859, 新增覆盖 5
2025-12-03 11:37:11,464 - INFO -   - 券 161/250 选中节点 2799, 新增覆盖 5
2025-12-03 11:37:11,561 - INFO -   - 券 162/250 选中节点 2361, 新增覆盖 6
2025-12-03 11:37:11,674 - INFO -   - 券 163/250 选中节点 2481, 新增覆盖 5
2025-12-03 11:37:11,765 - INFO -   - 券 164/250 选中节点 1240, 新增覆盖 5
2025-12-03 11:37:11,918 - INFO -   - 券 165/250 选中节点 240, 新增覆盖 5
2025-12-03 11:37:11,983 - INFO -   - 券 166/250 选中节点 1610, 新增覆盖 4
2025-12-03 11:37:12,078 - INFO -   - 券 167/250 选中节点 3720, 新增覆盖 4
2025-12-03 11:37:12,166 - INFO -   - 券 168/250 选中节点 3725, 新增覆盖 5
2025-12-03 11:37:12,267 - INFO -   - 券 169/250 选中节点 2271, 新增覆盖 5
2025-12-03 11:37:12,355 - INFO -   - 券 170/250 选中节点 1599, 新增覆盖 6
2025-12-03 11:37:12,470 - INFO -   - 券 171/250 选中节点 488, 新增覆盖 7
2025-12-03 11:37:12,543 - INFO -   - 券 172/250 选中节点 532, 新增覆盖 5
2025-12-03 11:37:12,623 - INFO -   - 券 173/250 选中节点 3896, 新增覆盖 4
2025-12-03 11:37:12,749 - INFO -   - 券 174/250 选中节点 1849, 新增覆盖 6
2025-12-03 11:37:12,802 - INFO -   - 券 175/250 选中节点 881, 新增覆盖 5
2025-12-03 11:37:12,980 - INFO -   - 券 176/250 选中节点 1067, 新增覆盖 4
2025-12-03 11:37:13,080 - INFO -   - 券 177/250 选中节点 4007, 新增覆盖 5
2025-12-03 11:37:13,194 - INFO -   - 券 178/250 选中节点 244, 新增覆盖 5
2025-12-03 11:37:13,305 - INFO -   - 券 179/250 选中节点 3393, 新增覆盖 5
2025-12-03 11:37:13,423 - INFO -   - 券 180/250 选中节点 182, 新增覆盖 6
2025-12-03 11:37:13,581 - INFO -   - 券 181/250 选中节点 3998, 新增覆盖 4
2025-12-03 11:37:13,665 - INFO -   - 券 182/250 选中节点 591, 新增覆盖 5
2025-12-03 11:37:13,810 - INFO -   - 券 183/250 选中节点 3123, 新增覆盖 5
2025-12-03 11:37:13,923 - INFO -   - 券 184/250 选中节点 2509, 新增覆盖 4
2025-12-03 11:37:14,057 - INFO -   - 券 185/250 选中节点 3822, 新增覆盖 5
2025-12-03 11:37:14,176 - INFO -   - 券 186/250 选中节点 3352, 新增覆盖 5
2025-12-03 11:37:14,323 - INFO -   - 券 187/250 选中节点 124, 新增覆盖 5
2025-12-03 11:37:14,445 - INFO -   - 券 188/250 选中节点 247, 新增覆盖 5
2025-12-03 11:37:14,582 - INFO -   - 券 189/250 选中节点 179, 新增覆盖 6
2025-12-03 11:37:14,689 - INFO -   - 券 190/250 选中节点 1746, 新增覆盖 5
2025-12-03 11:37:14,915 - INFO -   - 券 191/250 选中节点 2580, 新增覆盖 6
2025-12-03 11:37:15,004 - INFO -   - 券 192/250 选中节点 1650, 新增覆盖 5
2025-12-03 11:37:15,172 - INFO -   - 券 193/250 选中节点 1820, 新增覆盖 6
2025-12-03 11:37:15,297 - INFO -   - 券 194/250 选中节点 1787, 新增覆盖 4
2025-12-03 11:37:15,452 - INFO -   - 券 195/250 选中节点 2357, 新增覆盖 5
2025-12-03 11:37:15,576 - INFO -   - 券 196/250 选中节点 1789, 新增覆盖 6
2025-12-03 11:37:15,705 - INFO -   - 券 197/250 选中节点 289, 新增覆盖 5
2025-12-03 11:37:15,812 - INFO -   - 券 198/250 选中节点 71, 新增覆盖 4
2025-12-03 11:37:15,974 - INFO -   - 券 199/250 选中节点 81, 新增覆盖 4
2025-12-03 11:37:16,123 - INFO -   - 券 200/250 选中节点 2786, 新增覆盖 5
2025-12-03 11:37:16,237 - INFO -   - 券 201/250 选中节点 3821, 新增覆盖 5
2025-12-03 11:37:16,418 - INFO -   - 券 202/250 选中节点 2006, 新增覆盖 6
2025-12-03 11:37:16,514 - INFO -   - 券 203/250 选中节点 4001, 新增覆盖 6
2025-12-03 11:37:16,666 - INFO -   - 券 204/250 选中节点 2424, 新增覆盖 5
2025-12-03 11:37:16,784 - INFO -   - 券 205/250 选中节点 3594, 新增覆盖 6
2025-12-03 11:37:16,901 - INFO -   - 券 206/250 选中节点 1604, 新增覆盖 4
2025-12-03 11:37:17,032 - INFO -   - 券 207/250 选中节点 2014, 新增覆盖 5
2025-12-03 11:37:17,187 - INFO -   - 券 208/250 选中节点 8, 新增覆盖 7
2025-12-03 11:37:17,279 - INFO -   - 券 209/250 选中节点 1150, 新增覆盖 5
2025-12-03 11:37:17,444 - INFO -   - 券 210/250 选中节点 3535, 新增覆盖 5
2025-12-03 11:37:17,600 - INFO -   - 券 211/250 选中节点 1997, 新增覆盖 4
2025-12-03 11:37:17,739 - INFO -   - 券 212/250 选中节点 3751, 新增覆盖 5
2025-12-03 11:37:17,838 - INFO -   - 券 213/250 选中节点 513, 新增覆盖 4
2025-12-03 11:37:17,971 - INFO -   - 券 214/250 选中节点 3895, 新增覆盖 5
2025-12-03 11:37:18,103 - INFO -   - 券 215/250 选中节点 3936, 新增覆盖 4
2025-12-03 11:37:18,208 - INFO -   - 券 216/250 选中节点 1623, 新增覆盖 5
2025-12-03 11:37:18,375 - INFO -   - 券 217/250 选中节点 97, 新增覆盖 4
2025-12-03 11:37:18,559 - INFO -   - 券 218/250 选中节点 174, 新增覆盖 5
2025-12-03 11:37:18,666 - INFO -   - 券 219/250 选中节点 2367, 新增覆盖 4
2025-12-03 11:37:18,832 - INFO -   - 券 220/250 选中节点 839, 新增覆盖 5
2025-12-03 11:37:19,007 - INFO -   - 券 221/250 选中节点 35, 新增覆盖 5
2025-12-03 11:37:19,207 - INFO -   - 券 222/250 选中节点 4008, 新增覆盖 6
2025-12-03 11:37:19,326 - INFO -   - 券 223/250 选中节点 3866, 新增覆盖 5
2025-12-03 11:37:19,513 - INFO -   - 券 224/250 选中节点 336, 新增覆盖 5
2025-12-03 11:37:19,693 - INFO -   - 券 225/250 选中节点 76, 新增覆盖 5
2025-12-03 11:37:19,896 - INFO -   - 券 226/250 选中节点 2661, 新增覆盖 5
2025-12-03 11:37:19,991 - INFO -   - 券 227/250 选中节点 164, 新增覆盖 4
2025-12-03 11:37:20,164 - INFO -   - 券 228/250 选中节点 2038, 新增覆盖 5
2025-12-03 11:37:20,274 - INFO -   - 券 229/250 选中节点 1977, 新增覆盖 5
2025-12-03 11:37:20,387 - INFO -   - 券 230/250 选中节点 1986, 新增覆盖 8
2025-12-03 11:37:20,525 - INFO -   - 券 231/250 选中节点 2741, 新增覆盖 4
2025-12-03 11:37:20,692 - INFO -   - 券 232/250 选中节点 1511, 新增覆盖 5
2025-12-03 11:37:20,789 - INFO -   - 券 233/250 选中节点 245, 新增覆盖 5
2025-12-03 11:37:20,858 - INFO -   - 券 234/250 选中节点 61, 新增覆盖 5
2025-12-03 11:37:21,003 - INFO -   - 券 235/250 选中节点 206, 新增覆盖 5
2025-12-03 11:37:21,191 - INFO -   - 券 236/250 选中节点 269, 新增覆盖 4
2025-12-03 11:37:21,393 - INFO -   - 券 237/250 选中节点 1970, 新增覆盖 4
2025-12-03 11:37:21,500 - INFO -   - 券 238/250 选中节点 3434, 新增覆盖 5
2025-12-03 11:37:21,641 - INFO -   - 券 239/250 选中节点 2011, 新增覆盖 5
2025-12-03 11:37:21,804 - INFO -   - 券 240/250 选中节点 327, 新增覆盖 6
2025-12-03 11:37:21,918 - INFO -   - 券 241/250 选中节点 557, 新增覆盖 6
2025-12-03 11:37:22,068 - INFO -   - 券 242/250 选中节点 157, 新增覆盖 4
2025-12-03 11:37:22,214 - INFO -   - 券 243/250 选中节点 2033, 新增覆盖 6
2025-12-03 11:37:22,341 - INFO -   - 券 244/250 选中节点 2657, 新增覆盖 4
2025-12-03 11:37:22,510 - INFO -   - 券 245/250 选中节点 234, 新增覆盖 4
2025-12-03 11:37:22,623 - INFO -   - 券 246/250 选中节点 3994, 新增覆盖 5
2025-12-03 11:37:22,857 - INFO -   - 券 247/250 选中节点 4021, 新增覆盖 5
2025-12-03 11:37:23,009 - INFO -   - 券 248/250 选中节点 1178, 新增覆盖 4
2025-12-03 11:37:23,220 - INFO -   - 券 249/250 选中节点 4026, 新增覆盖 4
2025-12-03 11:37:23,364 - INFO -   - 券 250/250 选中节点 355, 新增覆盖 4
2025-12-03 11:37:23,365 - INFO - 选种完毕。耗时: 22.87 秒。
2025-12-03 11:37:23,406 - INFO - 最终选择的种子集: [12, 4035, 1760, 4016, 233, 209, 114, 631, 3342, 1764, 15, 3987, 43, 305, 292, 1750, 4012, 2036, 2029, 1776, 3435, 1696, 205, 3335, 3748, 1946, 1319, 33, 692, 3943, 1763, 3415, 1837, 3730, 1767, 1808, 1603, 18, 4023, 1812, 267, 279, 397, 335, 3495, 3865, 2021, 3059, 582, 74, 37, 1786, 4010, 2037, 3834, 11, 2575, 287, 1894, 605, 1562, 3965, 1507, 3195, 256, 2910, 1526, 216, 241, 880, 160, 1524, 3950, 1541, 551, 4036, 70, 4025, 4029, 404, 1920, 3676, 3812, 1046, 3764, 47, 3868, 153, 215, 90, 1175, 3894, 2406, 1506, 4003, 1888, 719, 3603, 3752, 2711, 154, 3947, 4030, 286, 2754, 3885, 138, 1044, 3139, 3888, 1844, 4013, 694, 1339, 952, 3710, 872, 3274, 756, 316, 282, 353, 1889, 52, 1543, 42, 210, 2421, 183, 686, 3497, 3766, 1895, 2911, 1550, 812, 710, 2612, 3993, 1943, 916, 2553, 748, 3930, 3986, 3620, 4032, 2005, 3992, 1572, 155, 255, 1715, 145, 4034, 3990, 390, 762, 3978, 3859, 2799, 2361, 2481, 1240, 240, 1610, 3720, 3725, 2271, 1599, 488, 532, 3896, 1849, 881, 1067, 4007, 244, 3393, 182, 3998, 591, 3123, 2509, 3822, 3352, 124, 247, 179, 1746, 2580, 1650, 1820, 1787, 2357, 1789, 289, 71, 81, 2786, 3821, 2006, 4001, 2424, 3594, 1604, 2014, 8, 1150, 3535, 1997, 3751, 513, 3895, 3936, 1623, 97, 174, 2367, 839, 35, 4008, 3866, 336, 76, 2661, 164, 2038, 1977, 1986, 2741, 1511, 245, 61, 206, 269, 1970, 3434, 2011, 327, 557, 157, 2033, 2657, 234, 3994, 4021, 1178, 4026, 355]

2025-12-03 11:37:25,750 - INFO - 当前用时 65.84 秒
2025-12-03 11:37:25,751 - INFO - 将种子集 写入位置: /home/wen/pythonspace/data-test/facebook/2025-12-2/seeds-with-facebook/powerlaw_ris_coverage_seedNum-250_SSRNum-100000.txt
2025-12-03 11:37:25,752 - INFO - 评估种子集: None
2025-12-03 11:37:25,752 - INFO - 多进程评估开始，共有 5 个方法待评估...
2025-12-03 11:37:25,752 - INFO - 启动进程池，Worker数量: 5
2025-12-03 11:37:26,410 - INFO - [Process 1033749] 开始评估方法: random, 种子数: 250
2025-12-03 11:37:26,893 - INFO - [Process 1033750] 开始评估方法: degreeTopM, 种子数: 250
2025-12-03 11:37:27,386 - INFO - [Process 1033759] 开始评估方法: alpha_sort, 种子数: 250
2025-12-03 11:37:27,899 - INFO - [Process 1033760] 开始评估方法: importance_sort, 种子数: 250
2025-12-03 11:37:28,378 - INFO - [Process 1033761] 开始评估方法: ris_coverage, 种子数: 250
2025-12-03 11:41:06,125 - INFO - [Process 1033761] ris_coverage - 15 sims 完成: E=165.33
2025-12-03 11:41:22,658 - INFO - [Process 1033759] alpha_sort - 15 sims 完成: E=164.47
2025-12-03 11:41:25,901 - INFO - [Process 1033760] importance_sort - 15 sims 完成: E=164.47
2025-12-03 11:42:47,246 - INFO - [Process 1033749] random - 15 sims 完成: E=167.40
2025-12-03 11:44:22,718 - INFO - [Process 1033750] degreeTopM - 15 sims 完成: E=167.33
2025-12-03 11:44:22,746 - INFO - 所有进程执行完毕，开始写入数据...
2025-12-03 11:44:22,765 - INFO - 成功写入 5 条记录至 /home/wen/pythonspace/data-test/facebook/2025-12-2/E-activated-facebook/distribution-powerlaw/tsd_1.5--0.9--1.3/single_sim_func-AgainContinue/simuTimes-15_seedNum-250_monteCarloL-10_single_sim_func-AgainContinue_rrNumSamples-100000.csv
2025-12-03 11:44:22,766 - INFO - 保存评估文件至: /home/wen/pythonspace/data-test/facebook/2025-12-2/E-activated-facebook/distribution-powerlaw/tsd_1.5--0.9--1.3/single_sim_func-AgainContinue/simuTimes-15_seedNum-250_monteCarloL-10_single_sim_func-AgainContinue_rrNumSamples-100000.csv
