2025-12-03 11:18:25,354 - INFO - 加载数据集: facebook
2025-12-03 11:18:25,357 - INFO - 首次生成度相关概率分布 分布类型: 'powerlaw'.
2025-12-03 11:18:25,357 - INFO - ===> Generating 'Power-law Degree-Aware' distributions...
2025-12-03 11:18:25,361 - INFO - 保存概率分布 文件位置: /home/wen/pythonspace/data-test/facebook/2025-12-2/distribution-in-facebook/distribution-powerlaw_seedNum-180.pkl
2025-12-03 11:18:25,422 - INFO - 首次生成种子集 random
2025-12-03 11:18:25,422 - INFO - 执行当前算法开始: random
2025-12-03 11:18:25,422 - INFO - 当前用时 0.00 秒
2025-12-03 11:18:25,423 - INFO - 将种子集 写入位置: /home/wen/pythonspace/data-test/facebook/2025-12-2/seeds-with-facebook/powerlaw_random_seedNum-180_SSRNum-100000.txt
2025-12-03 11:18:25,423 - INFO - 首次生成种子集 degreeTopM
2025-12-03 11:18:25,423 - INFO - 执行当前算法开始: degreeTopM
2025-12-03 11:18:25,425 - INFO - 当前用时 0.00 秒
2025-12-03 11:18:25,425 - INFO - 将种子集 写入位置: /home/wen/pythonspace/data-test/facebook/2025-12-2/seeds-with-facebook/powerlaw_degreeTopM_seedNum-180_SSRNum-100000.txt
2025-12-03 11:18:25,425 - INFO - 首次生成种子集 alpha_sort
2025-12-03 11:18:25,425 - INFO - 执行当前算法开始: alpha_sort
2025-12-03 11:18:25,427 - INFO - 4039 个节点的alpha值降序排序 done
2025-12-03 11:18:25,427 - INFO - ==============>> [(1764, 0.1847189403320869), (1767, 0.1839513926696411), (3139, 0.1822812330590057), (1946, 0.1779878436176682), (2029, 0.17720771120734796), (292, 0.17623580363779281), (3987, 0.17596345034159325), (1763, 0.17583876108332255), (4010, 0.17145042157234752), (1760, 0.17031345999896455)]
2025-12-03 11:18:25,427 - INFO - 
选择的种子集 (按alpha排序): [1764, 1767, 3139, 1946, 2029, 292, 3987, 1763, 4010, 1760, 2612, 210, 3834, 287, 37, 1750, 1786, 3415, 3497, 3978, 692, 2021, 11, 1812, 4035, 952, 3059, 631, 4023, 15, 1696, 2036, 2037, 209, 4025, 3435, 18, 12, 1526, 3335, 2754, 3603, 3730, 1603, 4016, 3943, 1808, 872, 3812, 404, 1776, 3495, 4012, 605, 2575, 3195, 335, 1067, 397, 3766, 3748, 114, 3865, 43, 2711, 1837, 215, 74, 2406, 3676, 1046, 582, 1319, 3868, 3342, 2911, 154, 1623, 748, 2006, 1507, 881, 267, 316, 3894, 3950, 3986, 812, 234, 2799, 4030, 1599, 551, 3274, 756, 42, 3822, 4036, 1894, 3888, 3885, 138, 35, 1895, 1789, 3710, 305, 719, 1889, 3821, 233, 1793, 153, 662, 4034, 216, 4013, 33, 353, 52, 3620, 2786, 1240, 244, 2005, 145, 3764, 916, 70, 4003, 880, 1562, 2910, 1920, 762, 710, 255, 3930, 1044, 3990, 1844, 1820, 256, 183, 2421, 160, 205, 2357, 3859, 4029, 3393, 3866, 282, 2553, 2661, 1541, 3751, 1506, 1339, 1175, 4008, 2670, 1986, 3965, 279, 3725, 47, 286, 90, 848, 1543, 241, 1746, 240, 4032, 76, 3594, 228, 1999, 1714]

2025-12-03 11:18:25,427 - INFO - 当前用时 0.00 秒
2025-12-03 11:18:25,427 - INFO - 将种子集 写入位置: /home/wen/pythonspace/data-test/facebook/2025-12-2/seeds-with-facebook/powerlaw_alpha_sort_seedNum-180_SSRNum-100000.txt
2025-12-03 11:18:25,428 - INFO - 首次生成种子集 importance_sort
2025-12-03 11:18:25,428 - INFO - 执行当前算法开始: importance_sort
2025-12-03 11:18:27,826 - INFO - 
选择的种子集 (按Importance排序): [1764, 1767, 3139, 1946, 2029, 292, 3987, 1763, 4010, 1760, 2612, 210, 3834, 287, 37, 1750, 1786, 3415, 3497, 3978, 692, 2021, 11, 1812, 4035, 952, 3059, 631, 4023, 15, 1696, 2036, 2037, 209, 4025, 3435, 18, 12, 1526, 3335, 2754, 3603, 3730, 1603, 4016, 3943, 1808, 872, 3812, 404, 1776, 3495, 4012, 605, 2575, 3195, 335, 1067, 397, 3766, 3748, 114, 3865, 43, 2711, 1837, 215, 74, 2406, 3676, 1046, 582, 1319, 3868, 3342, 2911, 154, 1623, 748, 2006, 1507, 881, 267, 316, 3894, 3950, 3986, 812, 234, 2799, 4030, 1599, 551, 3274, 756, 42, 3822, 4036, 1894, 3888, 3885, 138, 35, 1895, 1789, 3710, 305, 719, 1889, 3821, 233, 1793, 153, 662, 4034, 216, 4013, 33, 353, 52, 3620, 2786, 1240, 244, 2005, 145, 3764, 916, 70, 4003, 880, 1562, 2910, 1920, 762, 710, 255, 3930, 1044, 3990, 1844, 1820, 256, 183, 2421, 160, 205, 2357, 3859, 4029, 3393, 3866, 282, 2553, 2661, 1541, 3751, 1506, 1339, 1175, 4008, 2670, 1986, 3965, 279, 3725, 47, 286, 90, 848, 1543, 241, 1746, 240, 4032, 76, 3594, 228, 1999, 1714]

2025-12-03 11:18:27,827 - INFO - 当前用时 2.40 秒
2025-12-03 11:18:27,828 - INFO - 将种子集 写入位置: /home/wen/pythonspace/data-test/facebook/2025-12-2/seeds-with-facebook/powerlaw_importance_sort_seedNum-180_SSRNum-100000.txt
2025-12-03 11:18:27,828 - INFO - 首次生成种子集 ris_coverage
2025-12-03 11:18:27,828 - INFO - 执行当前算法开始: ris_coverage
2025-12-03 11:18:28,109 - INFO - 图初始化完成，节点数: 4039，CSR 矩阵准备就绪。
2025-12-03 11:18:28,110 - INFO - 
开始生成 100000 组 SSR (并行进程: 4)...
2025-12-03 11:18:59,452 - INFO - 生成完毕。耗时: 31.34 秒。
2025-12-03 11:18:59,453 - INFO - 
开始选择最优种子 (Optimized Greedy) ...
2025-12-03 11:19:00,918 - INFO -   - 券 1/180 选中节点 287, 新增覆盖 10
2025-12-03 11:19:00,919 - INFO -   - 券 2/180 选中节点 210, 新增覆盖 11
2025-12-03 11:19:00,922 - INFO -   - 券 3/180 选中节点 292, 新增覆盖 11
2025-12-03 11:19:00,924 - INFO -   - 券 4/180 选中节点 2037, 新增覆盖 11
2025-12-03 11:19:00,926 - INFO -   - 券 5/180 选中节点 2029, 新增覆盖 11
2025-12-03 11:19:00,930 - INFO -   - 券 6/180 选中节点 1760, 新增覆盖 10
2025-12-03 11:19:00,932 - INFO -   - 券 7/180 选中节点 3987, 新增覆盖 8
2025-12-03 11:19:00,937 - INFO -   - 券 8/180 选中节点 1603, 新增覆盖 8
2025-12-03 11:19:00,947 - INFO -   - 券 9/180 选中节点 18, 新增覆盖 9
2025-12-03 11:19:00,956 - INFO -   - 券 10/180 选中节点 4010, 新增覆盖 11
2025-12-03 11:19:00,962 - INFO -   - 券 11/180 选中节点 1750, 新增覆盖 7
2025-12-03 11:19:00,968 - INFO -   - 券 12/180 选中节点 1763, 新增覆盖 7
2025-12-03 11:19:00,977 - INFO -   - 券 13/180 选中节点 3139, 新增覆盖 9
2025-12-03 11:19:00,982 - INFO -   - 券 14/180 选中节点 1776, 新增覆盖 9
2025-12-03 11:19:00,991 - INFO -   - 券 15/180 选中节点 3676, 新增覆盖 8
2025-12-03 11:19:01,004 - INFO -   - 券 16/180 选中节点 3885, 新增覆盖 8
2025-12-03 11:19:01,016 - INFO -   - 券 17/180 选中节点 3812, 新增覆盖 11
2025-12-03 11:19:01,026 - INFO -   - 券 18/180 选中节点 12, 新增覆盖 9
2025-12-03 11:19:01,042 - INFO -   - 券 19/180 选中节点 1767, 新增覆盖 9
2025-12-03 11:19:01,060 - INFO -   - 券 20/180 选中节点 2575, 新增覆盖 8
2025-12-03 11:19:01,073 - INFO -   - 券 21/180 选中节点 582, 新增覆盖 8
2025-12-03 11:19:01,086 - INFO -   - 券 22/180 选中节点 112, 新增覆盖 7
2025-12-03 11:19:01,101 - INFO -   - 券 23/180 选中节点 2754, 新增覆盖 9
2025-12-03 11:19:01,114 - INFO -   - 券 24/180 选中节点 4016, 新增覆盖 10
2025-12-03 11:19:01,132 - INFO -   - 券 25/180 选中节点 1526, 新增覆盖 7
2025-12-03 11:19:01,145 - INFO -   - 券 26/180 选中节点 335, 新增覆盖 8
2025-12-03 11:19:01,162 - INFO -   - 券 27/180 选中节点 952, 新增覆盖 9
2025-12-03 11:19:01,171 - INFO -   - 券 28/180 选中节点 3435, 新增覆盖 10
2025-12-03 11:19:01,187 - INFO -   - 券 29/180 选中节点 47, 新增覆盖 7
2025-12-03 11:19:01,200 - INFO -   - 券 30/180 选中节点 3603, 新增覆盖 8
2025-12-03 11:19:01,225 - INFO -   - 券 31/180 选中节点 1764, 新增覆盖 8
2025-12-03 11:19:01,244 - INFO -   - 券 32/180 选中节点 4023, 新增覆盖 8
2025-12-03 11:19:01,265 - INFO -   - 券 33/180 选中节点 1786, 新增覆盖 8
2025-12-03 11:19:01,296 - INFO -   - 券 34/180 选中节点 74, 新增覆盖 8
2025-12-03 11:19:01,329 - INFO -   - 券 35/180 选中节点 2021, 新增覆盖 12
2025-12-03 11:19:01,359 - INFO -   - 券 36/180 选中节点 37, 新增覆盖 8
2025-12-03 11:19:01,382 - INFO -   - 券 37/180 选中节点 692, 新增覆盖 7
2025-12-03 11:19:01,409 - INFO -   - 券 38/180 选中节点 2406, 新增覆盖 8
2025-12-03 11:19:01,425 - INFO -   - 券 39/180 选中节点 4035, 新增覆盖 8
2025-12-03 11:19:01,448 - INFO -   - 券 40/180 选中节点 3868, 新增覆盖 8
2025-12-03 11:19:01,465 - INFO -   - 券 41/180 选中节点 216, 新增覆盖 7
2025-12-03 11:19:01,502 - INFO -   - 券 42/180 选中节点 1808, 新增覆盖 8
2025-12-03 11:19:01,529 - INFO -   - 券 43/180 选中节点 1696, 新增覆盖 7
2025-12-03 11:19:01,547 - INFO -   - 券 44/180 选中节点 1946, 新增覆盖 8
2025-12-03 11:19:01,594 - INFO -   - 券 45/180 选中节点 145, 新增覆盖 9
2025-12-03 11:19:01,617 - INFO -   - 券 46/180 选中节点 4034, 新增覆盖 9
2025-12-03 11:19:01,637 - INFO -   - 券 47/180 选中节点 43, 新增覆盖 7
2025-12-03 11:19:01,669 - INFO -   - 券 48/180 选中节点 255, 新增覆盖 7
2025-12-03 11:19:01,701 - INFO -   - 券 49/180 选中节点 4012, 新增覆盖 7
2025-12-03 11:19:01,744 - INFO -   - 券 50/180 选中节点 2612, 新增覆盖 8
2025-12-03 11:19:01,792 - INFO -   - 券 51/180 选中节点 3730, 新增覆盖 8
2025-12-03 11:19:01,828 - INFO -   - 券 52/180 选中节点 3834, 新增覆盖 8
2025-12-03 11:19:01,859 - INFO -   - 券 53/180 选中节点 2036, 新增覆盖 7
2025-12-03 11:19:01,901 - INFO -   - 券 54/180 选中节点 3335, 新增覆盖 7
2025-12-03 11:19:01,929 - INFO -   - 券 55/180 选中节点 404, 新增覆盖 9
2025-12-03 11:19:01,956 - INFO -   - 券 56/180 选中节点 3748, 新增覆盖 6
2025-12-03 11:19:01,996 - INFO -   - 券 57/180 选中节点 2711, 新增覆盖 7
2025-12-03 11:19:02,026 - INFO -   - 券 58/180 选中节点 605, 新增覆盖 8
2025-12-03 11:19:02,064 - INFO -   - 券 59/180 选中节点 3978, 新增覆盖 7
2025-12-03 11:19:02,090 - INFO -   - 券 60/180 选中节点 205, 新增覆盖 7
2025-12-03 11:19:02,158 - INFO -   - 券 61/180 选中节点 557, 新增覆盖 6
2025-12-03 11:19:02,219 - INFO -   - 券 62/180 选中节点 1837, 新增覆盖 8
2025-12-03 11:19:02,266 - INFO -   - 券 63/180 选中节点 209, 新增覆盖 7
2025-12-03 11:19:02,295 - INFO -   - 券 64/180 选中节点 3415, 新增覆盖 6
2025-12-03 11:19:02,329 - INFO -   - 券 65/180 选中节点 3986, 新增覆盖 6
2025-12-03 11:19:02,357 - INFO -   - 券 66/180 选中节点 3059, 新增覆盖 8
2025-12-03 11:19:02,398 - INFO -   - 券 67/180 选中节点 138, 新增覆盖 8
2025-12-03 11:19:02,437 - INFO -   - 券 68/180 选中节点 1599, 新增覆盖 7
2025-12-03 11:19:02,476 - INFO -   - 券 69/180 选中节点 710, 新增覆盖 6
2025-12-03 11:19:02,530 - INFO -   - 券 70/180 选中节点 4030, 新增覆盖 7
2025-12-03 11:19:02,580 - INFO -   - 券 71/180 选中节点 3497, 新增覆盖 7
2025-12-03 11:19:02,609 - INFO -   - 券 72/180 选中节点 1862, 新增覆盖 6
2025-12-03 11:19:02,646 - INFO -   - 券 73/180 选中节点 397, 新增覆盖 6
2025-12-03 11:19:02,686 - INFO -   - 券 74/180 选中节点 872, 新增覆盖 6
2025-12-03 11:19:02,739 - INFO -   - 券 75/180 选中节点 42, 新增覆盖 7
2025-12-03 11:19:02,791 - INFO -   - 券 76/180 选中节点 3894, 新增覆盖 8
2025-12-03 11:19:02,833 - INFO -   - 券 77/180 选中节点 1812, 新增覆盖 6
2025-12-03 11:19:02,872 - INFO -   - 券 78/180 选中节点 3990, 新增覆盖 6
2025-12-03 11:19:02,922 - INFO -   - 券 79/180 选中节点 1820, 新增覆盖 7
2025-12-03 11:19:02,986 - INFO -   - 券 80/180 选中节点 2786, 新增覆盖 6
2025-12-03 11:19:03,026 - INFO -   - 券 81/180 选中节点 1067, 新增覆盖 8
2025-12-03 11:19:03,092 - INFO -   - 券 82/180 选中节点 3888, 新增覆盖 6
2025-12-03 11:19:03,140 - INFO -   - 券 83/180 选中节点 3766, 新增覆盖 9
2025-12-03 11:19:03,205 - INFO -   - 券 84/180 选中节点 234, 新增覆盖 6
2025-12-03 11:19:03,250 - INFO -   - 券 85/180 选中节点 812, 新增覆盖 6
2025-12-03 11:19:03,324 - INFO -   - 券 86/180 选中节点 3865, 新增覆盖 8
2025-12-03 11:19:03,366 - INFO -   - 券 87/180 选中节点 1178, 新增覆盖 6
2025-12-03 11:19:03,429 - INFO -   - 券 88/180 选中节点 11, 新增覆盖 6
2025-12-03 11:19:03,489 - INFO -   - 券 89/180 选中节点 3495, 新增覆盖 6
2025-12-03 11:19:03,552 - INFO -   - 券 90/180 选中节点 1507, 新增覆盖 6
2025-12-03 11:19:03,637 - INFO -   - 券 91/180 选中节点 3866, 新增覆盖 5
2025-12-03 11:19:03,696 - INFO -   - 券 92/180 选中节点 267, 新增覆盖 6
2025-12-03 11:19:03,745 - INFO -   - 券 93/180 选中节点 748, 新增覆盖 6
2025-12-03 11:19:03,832 - INFO -   - 券 94/180 选中节点 293, 新增覆盖 6
2025-12-03 11:19:03,900 - INFO -   - 券 95/180 选中节点 183, 新增覆盖 6
2025-12-03 11:19:03,969 - INFO -   - 券 96/180 选中节点 15, 新增覆盖 7
2025-12-03 11:19:04,003 - INFO -   - 券 97/180 选中节点 35, 新增覆盖 6
2025-12-03 11:19:04,055 - INFO -   - 券 98/180 选中节点 61, 新增覆盖 7
2025-12-03 11:19:04,107 - INFO -   - 券 99/180 选中节点 1543, 新增覆盖 6
2025-12-03 11:19:04,219 - INFO -   - 券 100/180 选中节点 1319, 新增覆盖 5
2025-12-03 11:19:04,305 - INFO -   - 券 101/180 选中节点 253, 新增覆盖 8
2025-12-03 11:19:04,347 - INFO -   - 券 102/180 选中节点 1044, 新增覆盖 5
2025-12-03 11:19:04,389 - INFO -   - 券 103/180 选中节点 3129, 新增覆盖 6
2025-12-03 11:19:04,445 - INFO -   - 券 104/180 选中节点 3434, 新增覆盖 6
2025-12-03 11:19:04,485 - INFO -   - 券 105/180 选中节点 1541, 新增覆盖 6
2025-12-03 11:19:04,552 - INFO -   - 券 106/180 选中节点 2006, 新增覆盖 5
2025-12-03 11:19:04,601 - INFO -   - 券 107/180 选中节点 49, 新增覆盖 6
2025-12-03 11:19:04,720 - INFO -   - 券 108/180 选中节点 1889, 新增覆盖 6
2025-12-03 11:19:04,796 - INFO -   - 券 109/180 选中节点 719, 新增覆盖 11
2025-12-03 11:19:04,880 - INFO -   - 券 110/180 选中节点 114, 新增覆盖 7
2025-12-03 11:19:04,945 - INFO -   - 券 111/180 选中节点 3764, 新增覆盖 7
2025-12-03 11:19:05,022 - INFO -   - 券 112/180 选中节点 3752, 新增覆盖 7
2025-12-03 11:19:05,089 - INFO -   - 券 113/180 选中节点 551, 新增覆盖 5
2025-12-03 11:19:05,186 - INFO -   - 券 114/180 选中节点 3950, 新增覆盖 5
2025-12-03 11:19:05,246 - INFO -   - 券 115/180 选中节点 154, 新增覆盖 7
2025-12-03 11:19:05,332 - INFO -   - 券 116/180 选中节点 1920, 新增覆盖 5
2025-12-03 11:19:05,449 - INFO -   - 券 117/180 选中节点 157, 新增覆盖 7
2025-12-03 11:19:05,544 - INFO -   - 券 118/180 选中节点 90, 新增覆盖 6
2025-12-03 11:19:05,635 - INFO -   - 券 119/180 选中节点 2553, 新增覆盖 6
2025-12-03 11:19:05,715 - INFO -   - 券 120/180 选中节点 4032, 新增覆盖 6
2025-12-03 11:19:05,793 - INFO -   - 券 121/180 选中节点 1746, 新增覆盖 6
2025-12-03 11:19:05,854 - INFO -   - 券 122/180 选中节点 1072, 新增覆盖 6
2025-12-03 11:19:05,906 - INFO -   - 券 123/180 选中节点 3751, 新增覆盖 7
2025-12-03 11:19:05,980 - INFO -   - 券 124/180 选中节点 1894, 新增覆盖 5
2025-12-03 11:19:06,043 - INFO -   - 券 125/180 选中节点 2030, 新增覆盖 5
2025-12-03 11:19:06,122 - INFO -   - 券 126/180 选中节点 3342, 新增覆盖 7
2025-12-03 11:19:06,204 - INFO -   - 券 127/180 选中节点 215, 新增覆盖 5
2025-12-03 11:19:06,270 - INFO -   - 券 128/180 选中节点 2911, 新增覆盖 6
2025-12-03 11:19:06,326 - INFO -   - 券 129/180 选中节点 4025, 新增覆盖 4
2025-12-03 11:19:06,400 - INFO -   - 券 130/180 选中节点 3930, 新增覆盖 5
2025-12-03 11:19:06,480 - INFO -   - 券 131/180 选中节点 1609, 新增覆盖 6
2025-12-03 11:19:06,574 - INFO -   - 券 132/180 选中节点 3725, 新增覆盖 6
2025-12-03 11:19:06,669 - INFO -   - 券 133/180 选中节点 881, 新增覆盖 6
2025-12-03 11:19:06,744 - INFO -   - 券 134/180 选中节点 1506, 新增覆盖 6
2025-12-03 11:19:06,799 - INFO -   - 券 135/180 选中节点 52, 新增覆盖 5
2025-12-03 11:19:06,897 - INFO -   - 券 136/180 选中节点 3943, 新增覆盖 7
2025-12-03 11:19:06,980 - INFO -   - 券 137/180 选中节点 3274, 新增覆盖 5
2025-12-03 11:19:07,051 - INFO -   - 券 138/180 选中节点 4029, 新增覆盖 6
2025-12-03 11:19:07,120 - INFO -   - 券 139/180 选中节点 76, 新增覆盖 5
2025-12-03 11:19:07,210 - INFO -   - 券 140/180 选中节点 513, 新增覆盖 4
2025-12-03 11:19:07,274 - INFO -   - 券 141/180 选中节点 3614, 新增覆盖 6
2025-12-03 11:19:07,362 - INFO -   - 券 142/180 选中节点 3690, 新增覆盖 4
2025-12-03 11:19:07,485 - INFO -   - 券 143/180 选中节点 353, 新增覆盖 6
2025-12-03 11:19:07,565 - INFO -   - 券 144/180 选中节点 2357, 新增覆盖 4
2025-12-03 11:19:07,632 - INFO -   - 券 145/180 选中节点 756, 新增覆盖 5
2025-12-03 11:19:07,699 - INFO -   - 券 146/180 选中节点 3195, 新增覆盖 6
2025-12-03 11:19:07,790 - INFO -   - 券 147/180 选中节点 3352, 新增覆盖 8
2025-12-03 11:19:07,904 - INFO -   - 券 148/180 选中节点 4013, 新增覆盖 5
2025-12-03 11:19:08,009 - INFO -   - 券 149/180 选中节点 286, 新增覆盖 6
2025-12-03 11:19:08,154 - INFO -   - 券 150/180 选中节点 1789, 新增覆盖 7
2025-12-03 11:19:08,238 - INFO -   - 券 151/180 选中节点 256, 新增覆盖 6
2025-12-03 11:19:08,292 - INFO -   - 券 152/180 选中节点 155, 新增覆盖 5
2025-12-03 11:19:08,371 - INFO -   - 券 153/180 选中节点 1339, 新增覆盖 5
2025-12-03 11:19:08,440 - INFO -   - 券 154/180 选中节点 228, 新增覆盖 5
2025-12-03 11:19:08,551 - INFO -   - 券 155/180 选中节点 631, 新增覆盖 5
2025-12-03 11:19:08,636 - INFO -   - 券 156/180 选中节点 81, 新增覆盖 7
2025-12-03 11:19:08,735 - INFO -   - 券 157/180 选中节点 316, 新增覆盖 6
2025-12-03 11:19:08,823 - INFO -   - 券 158/180 选中节点 3859, 新增覆盖 6
2025-12-03 11:19:08,883 - INFO -   - 券 159/180 选中节点 282, 新增覆盖 5
2025-12-03 11:19:08,967 - INFO -   - 券 160/180 选中节点 305, 新增覆盖 6
2025-12-03 11:19:09,034 - INFO -   - 券 161/180 选中节点 70, 新增覆盖 7
2025-12-03 11:19:09,145 - INFO -   - 券 162/180 选中节点 1562, 新增覆盖 5
2025-12-03 11:19:09,250 - INFO -   - 券 163/180 选中节点 3710, 新增覆盖 5
2025-12-03 11:19:09,369 - INFO -   - 券 164/180 选中节点 1046, 新增覆盖 4
2025-12-03 11:19:09,471 - INFO -   - 券 165/180 选中节点 2823, 新增覆盖 5
2025-12-03 11:19:09,568 - INFO -   - 券 166/180 选中节点 532, 新增覆盖 5
2025-12-03 11:19:09,644 - INFO -   - 券 167/180 选中节点 1604, 新增覆盖 6
2025-12-03 11:19:09,759 - INFO -   - 券 168/180 选中节点 2910, 新增覆盖 5
2025-12-03 11:19:09,870 - INFO -   - 券 169/180 选中节点 1986, 新增覆盖 5
2025-12-03 11:19:09,976 - INFO -   - 券 170/180 选中节点 3918, 新增覆盖 5
2025-12-03 11:19:10,095 - INFO -   - 券 171/180 选中节点 2421, 新增覆盖 5
2025-12-03 11:19:10,182 - INFO -   - 券 172/180 选中节点 1888, 新增覆盖 4
2025-12-03 11:19:10,314 - INFO -   - 券 173/180 选中节点 2528, 新增覆盖 8
2025-12-03 11:19:10,413 - INFO -   - 券 174/180 选中节点 1240, 新增覆盖 6
2025-12-03 11:19:10,548 - INFO -   - 券 175/180 选中节点 3738, 新增覆盖 5
2025-12-03 11:19:10,654 - INFO -   - 券 176/180 选中节点 4007, 新增覆盖 5
2025-12-03 11:19:10,747 - INFO -   - 券 177/180 选中节点 3876, 新增覆盖 5
2025-12-03 11:19:10,901 - INFO -   - 券 178/180 选中节点 390, 新增覆盖 6
2025-12-03 11:19:11,020 - INFO -   - 券 179/180 选中节点 160, 新增覆盖 6
2025-12-03 11:19:11,121 - INFO -   - 券 180/180 选中节点 2004, 新增覆盖 5
2025-12-03 11:19:11,121 - INFO - 选种完毕。耗时: 11.67 秒。
2025-12-03 11:19:11,159 - INFO - 最终选择的种子集: [287, 210, 292, 2037, 2029, 1760, 3987, 1603, 18, 4010, 1750, 1763, 3139, 1776, 3676, 3885, 3812, 12, 1767, 2575, 582, 112, 2754, 4016, 1526, 335, 952, 3435, 47, 3603, 1764, 4023, 1786, 74, 2021, 37, 692, 2406, 4035, 3868, 216, 1808, 1696, 1946, 145, 4034, 43, 255, 4012, 2612, 3730, 3834, 2036, 3335, 404, 3748, 2711, 605, 3978, 205, 557, 1837, 209, 3415, 3986, 3059, 138, 1599, 710, 4030, 3497, 1862, 397, 872, 42, 3894, 1812, 3990, 1820, 2786, 1067, 3888, 3766, 234, 812, 3865, 1178, 11, 3495, 1507, 3866, 267, 748, 293, 183, 15, 35, 61, 1543, 1319, 253, 1044, 3129, 3434, 1541, 2006, 49, 1889, 719, 114, 3764, 3752, 551, 3950, 154, 1920, 157, 90, 2553, 4032, 1746, 1072, 3751, 1894, 2030, 3342, 215, 2911, 4025, 3930, 1609, 3725, 881, 1506, 52, 3943, 3274, 4029, 76, 513, 3614, 3690, 353, 2357, 756, 3195, 3352, 4013, 286, 1789, 256, 155, 1339, 228, 631, 81, 316, 3859, 282, 305, 70, 1562, 3710, 1046, 2823, 532, 1604, 2910, 1986, 3918, 2421, 1888, 2528, 1240, 3738, 4007, 3876, 390, 160, 2004]

2025-12-03 11:19:12,613 - INFO - 当前用时 44.78 秒
2025-12-03 11:19:12,614 - INFO - 将种子集 写入位置: /home/wen/pythonspace/data-test/facebook/2025-12-2/seeds-with-facebook/powerlaw_ris_coverage_seedNum-180_SSRNum-100000.txt
2025-12-03 11:19:12,615 - INFO - 评估种子集: None
2025-12-03 11:19:12,615 - INFO - 多进程评估开始，共有 5 个方法待评估...
2025-12-03 11:19:12,615 - INFO - 启动进程池，Worker数量: 5
2025-12-03 11:19:13,258 - INFO - [Process 1015074] 开始评估方法: random, 种子数: 180
2025-12-03 11:19:13,736 - INFO - [Process 1015075] 开始评估方法: degreeTopM, 种子数: 180
2025-12-03 11:19:14,226 - INFO - [Process 1015076] 开始评估方法: alpha_sort, 种子数: 180
2025-12-03 11:19:14,718 - INFO - [Process 1015077] 开始评估方法: importance_sort, 种子数: 180
2025-12-03 11:19:15,204 - INFO - [Process 1015078] 开始评估方法: ris_coverage, 种子数: 180
2025-12-03 11:21:37,358 - INFO - [Process 1015076] alpha_sort - 15 sims 完成: E=119.33
2025-12-03 11:21:44,468 - INFO - [Process 1015077] importance_sort - 15 sims 完成: E=119.33
2025-12-03 11:21:52,345 - INFO - [Process 1015078] ris_coverage - 15 sims 完成: E=119.33
2025-12-03 11:22:53,000 - INFO - [Process 1015074] random - 15 sims 完成: E=122.27
2025-12-03 11:24:02,011 - INFO - [Process 1015075] degreeTopM - 15 sims 完成: E=122.53
2025-12-03 11:24:02,038 - INFO - 所有进程执行完毕，开始写入数据...
2025-12-03 11:24:02,055 - INFO - 成功写入 5 条记录至 /home/wen/pythonspace/data-test/facebook/2025-12-2/E-activated-facebook/distribution-powerlaw/tsd_1.5--0.9--1.3/single_sim_func-AgainContinue/simuTimes-15_seedNum-180_monteCarloL-10_single_sim_func-AgainContinue_rrNumSamples-100000.csv
2025-12-03 11:24:02,056 - INFO - 保存评估文件至: /home/wen/pythonspace/data-test/facebook/2025-12-2/E-activated-facebook/distribution-powerlaw/tsd_1.5--0.9--1.3/single_sim_func-AgainContinue/simuTimes-15_seedNum-180_monteCarloL-10_single_sim_func-AgainContinue_rrNumSamples-100000.csv
