2025-12-02 21:54:14,619 - INFO - 加载数据集: facebook
2025-12-02 21:54:14,622 - INFO - 首次生成度相关概率分布 分布类型: 'powerlaw'.
2025-12-02 21:54:14,622 - INFO - ===> Generating 'Power-law Degree-Aware' distributions...
2025-12-02 21:54:14,624 - INFO - 保存概率分布 文件位置: /home/wen/pythonspace/data-test/facebook/2025-12-2/distribution-in-facebook/distribution-powerlaw_seedNum-200.pkl
2025-12-02 21:54:14,688 - INFO - 首次生成种子集 random
2025-12-02 21:54:14,688 - INFO - 执行当前算法开始: random
2025-12-02 21:54:14,689 - INFO - 当前用时 0.00 秒
2025-12-02 21:54:14,689 - INFO - 将种子集 写入位置: /home/wen/pythonspace/data-test/facebook/2025-12-2/seeds-with-facebook/powerlaw_random_seedNum-200_SSRNum-100000.txt
2025-12-02 21:54:14,689 - INFO - 首次生成种子集 degreeTopM
2025-12-02 21:54:14,689 - INFO - 执行当前算法开始: degreeTopM
2025-12-02 21:54:14,691 - INFO - 当前用时 0.00 秒
2025-12-02 21:54:14,691 - INFO - 将种子集 写入位置: /home/wen/pythonspace/data-test/facebook/2025-12-2/seeds-with-facebook/powerlaw_degreeTopM_seedNum-200_SSRNum-100000.txt
2025-12-02 21:54:14,691 - INFO - 首次生成种子集 alpha_sort
2025-12-02 21:54:14,691 - INFO - 执行当前算法开始: alpha_sort
2025-12-02 21:54:14,693 - INFO - 4039 个节点的alpha值降序排序 done
2025-12-02 21:54:14,693 - INFO - ==============>> [(4023, 0.1850466022300063), (3139, 0.18157569548879185), (3730, 0.17870836988746863), (209, 0.1774186011873999), (2036, 0.17625691049263145), (1808, 0.1718276972905807), (114, 0.17073956011881422), (4035, 0.17018943758431293), (1319, 0.17017503304574727), (3497, 0.16999178227435957)]
2025-12-02 21:54:14,693 - INFO - 
选择的种子集 (按alpha排序): [4023, 3139, 3730, 209, 2036, 1808, 114, 4035, 1319, 3497, 37, 397, 74, 1046, 404, 3059, 2029, 3987, 1603, 3943, 215, 3603, 3435, 1763, 1067, 1786, 287, 631, 3978, 2406, 292, 335, 3766, 1767, 2021, 2711, 15, 692, 1837, 4010, 3868, 11, 1526, 1764, 1750, 1776, 4012, 12, 1760, 3865, 3676, 3342, 3335, 18, 2575, 872, 4016, 210, 1946, 1812, 1696, 2754, 43, 4025, 3834, 3195, 605, 2612, 582, 952, 3812, 3748, 3415, 2037, 3495, 2670, 153, 2421, 3859, 4013, 35, 2553, 1894, 4008, 2005, 160, 1986, 719, 1844, 3620, 47, 762, 52, 2661, 3764, 256, 4030, 3393, 255, 756, 241, 2786, 244, 1506, 1599, 70, 3930, 3888, 205, 1044, 33, 2799, 880, 3866, 551, 3986, 305, 42, 1543, 3821, 1895, 3894, 3950, 2911, 3751, 216, 1746, 1623, 1240, 1793, 90, 1920, 233, 3710, 138, 3885, 4029, 1507, 812, 1541, 710, 3965, 1339, 4003, 2357, 2910, 279, 881, 286, 183, 2006, 3274, 1889, 316, 4036, 267, 748, 154, 662, 1789, 916, 3990, 3822, 234, 145, 3725, 282, 353, 1175, 3762, 1820, 1562, 4032, 4034, 1888, 1717, 2424, 513, 1930, 3830, 1650, 3594, 2367, 3961, 3738, 81, 520, 3713, 1714, 253, 2377, 557, 2509, 1032, 157, 207, 1807, 1572, 182, 2299]

2025-12-02 21:54:14,694 - INFO - 当前用时 0.00 秒
2025-12-02 21:54:14,694 - INFO - 将种子集 写入位置: /home/wen/pythonspace/data-test/facebook/2025-12-2/seeds-with-facebook/powerlaw_alpha_sort_seedNum-200_SSRNum-100000.txt
2025-12-02 21:54:14,694 - INFO - 首次生成种子集 importance_sort
2025-12-02 21:54:14,694 - INFO - 执行当前算法开始: importance_sort
2025-12-02 21:54:17,132 - INFO - 
选择的种子集 (按Importance排序): [4023, 3139, 3730, 209, 2036, 1808, 114, 4035, 1319, 3497, 37, 397, 74, 1046, 404, 3059, 2029, 3987, 1603, 3943, 215, 3603, 3435, 1763, 1067, 1786, 287, 631, 3978, 2406, 292, 335, 3766, 1767, 2021, 2711, 15, 692, 1837, 4010, 3868, 11, 1526, 1764, 1750, 1776, 4012, 12, 1760, 3865, 3676, 3342, 3335, 18, 2575, 872, 4016, 210, 1946, 1812, 1696, 2754, 43, 4025, 3834, 3195, 605, 2612, 582, 952, 3812, 3748, 3415, 2037, 3495, 2670, 153, 2421, 3859, 4013, 35, 2553, 1894, 4008, 2005, 160, 1986, 719, 1844, 3620, 47, 762, 52, 2661, 3764, 256, 4030, 3393, 255, 756, 241, 2786, 244, 1506, 1599, 70, 3930, 3888, 205, 1044, 33, 2799, 880, 3866, 551, 3986, 305, 42, 1543, 3821, 1895, 3894, 3950, 2911, 3751, 216, 1746, 1623, 1240, 1793, 90, 1920, 233, 3710, 138, 3885, 4029, 1507, 812, 1541, 710, 3965, 1339, 4003, 2357, 2910, 279, 881, 286, 183, 2006, 3274, 1889, 316, 4036, 267, 748, 154, 662, 1789, 916, 3990, 3822, 234, 145, 3725, 282, 353, 1175, 3762, 1820, 1562, 4032, 4034, 1888, 1717, 2424, 513, 1930, 3830, 1650, 3594, 2367, 3961, 3738, 81, 520, 3713, 1714, 253, 2377, 557, 2509, 1032, 157, 207, 1807, 1572, 182, 2299]

2025-12-02 21:54:17,133 - INFO - 当前用时 2.44 秒
2025-12-02 21:54:17,133 - INFO - 将种子集 写入位置: /home/wen/pythonspace/data-test/facebook/2025-12-2/seeds-with-facebook/powerlaw_importance_sort_seedNum-200_SSRNum-100000.txt
2025-12-02 21:54:17,134 - INFO - 首次生成种子集 ris_coverage
2025-12-02 21:54:17,134 - INFO - 执行当前算法开始: ris_coverage
2025-12-02 21:54:17,415 - INFO - 图初始化完成，节点数: 4039，CSR 矩阵准备就绪。
2025-12-02 21:54:17,415 - INFO - 
开始生成 100000 组 SSR (并行进程: 4)...
2025-12-02 21:54:52,687 - INFO - 生成完毕。耗时: 35.27 秒。
2025-12-02 21:54:52,689 - INFO - 
开始选择最优种子 (Optimized Greedy) ...
2025-12-02 21:55:07,147 - INFO - 选种完毕。耗时: 14.46 秒。
2025-12-02 21:55:07,189 - INFO - 最终选择的种子集: [4023, 2036, 3978, 3766, 3435, 160, 3943, 4035, 3987, 4016, 4025, 74, 215, 4010, 605, 1526, 1946, 1776, 582, 1767, 114, 2406, 209, 335, 1319, 3865, 52, 3859, 3812, 4036, 3335, 3059, 1603, 404, 3834, 1812, 37, 397, 3730, 153, 1808, 3139, 1067, 43, 3497, 33, 719, 2021, 3195, 2799, 2580, 11, 1786, 3342, 3748, 3495, 1696, 1764, 4012, 2612, 3676, 256, 2029, 3603, 3768, 3752, 1599, 1789, 2911, 692, 3764, 287, 3930, 3998, 3990, 12, 756, 205, 15, 1623, 1572, 3713, 179, 42, 233, 1895, 286, 3868, 253, 2037, 3274, 1746, 244, 1547, 1046, 3947, 2006, 1763, 241, 210, 4034, 3986, 4032, 4008, 1837, 4030, 872, 1750, 3993, 4001, 1541, 292, 1793, 1760, 1920, 2661, 2553, 2754, 2711, 1567, 90, 2575, 157, 1550, 3994, 47, 631, 61, 182, 234, 2910, 2357, 3762, 1844, 3866, 3393, 3950, 192, 551, 3415, 112, 1714, 748, 1506, 1999, 1044, 3891, 2421, 70, 2670, 3678, 3710, 2913, 3612, 3725, 305, 190, 1072, 18, 4003, 4013, 762, 279, 255, 2657, 1562, 3888, 3352, 2786, 1543, 263, 1507, 3738, 488, 2116, 3434, 513, 952, 1240, 3633, 4026, 880, 4029, 1524, 293, 1610, 2005, 710, 3627, 390, 1622, 3936, 81, 3620, 557, 662, 3894, 916, 3898, 3830]

2025-12-02 21:55:09,813 - INFO - 当前用时 52.68 秒
2025-12-02 21:55:09,814 - INFO - 将种子集 写入位置: /home/wen/pythonspace/data-test/facebook/2025-12-2/seeds-with-facebook/powerlaw_ris_coverage_seedNum-200_SSRNum-100000.txt
2025-12-02 21:55:09,815 - INFO - 评估种子集: None
2025-12-02 21:55:09,815 - INFO - 评估函数开始
2025-12-02 21:55:09,815 - INFO - 当前模拟次数: [5]

2025-12-02 21:55:09,815 - INFO - 当前评估种子数: 200 ---
2025-12-02 21:55:09,815 - INFO -   Evaluating method: 'random' with 200 seeds.
2025-12-02 21:55:09,815 - INFO -     Running 5 simulations...
2025-12-02 21:56:32,514 - INFO -     Result: E[Users] = 136.4000, Var[Users] = 0.6400, Std_Dev = 0.8000
2025-12-02 21:56:32,521 - INFO -   Evaluating method: 'degreeTopM' with 200 seeds.
2025-12-02 21:56:32,521 - INFO -     Running 5 simulations...
2025-12-02 21:58:15,335 - INFO -     Result: E[Users] = 131.2000, Var[Users] = 20.1600, Std_Dev = 4.4900
2025-12-02 21:58:15,339 - INFO -   Evaluating method: 'alpha_sort' with 200 seeds.
2025-12-02 21:58:15,339 - INFO -     Running 5 simulations...
2025-12-02 21:59:06,233 - INFO -     Result: E[Users] = 132.4000, Var[Users] = 41.0400, Std_Dev = 6.4062
2025-12-02 21:59:06,237 - INFO -   Evaluating method: 'importance_sort' with 200 seeds.
2025-12-02 21:59:06,237 - INFO -     Running 5 simulations...
2025-12-02 22:00:00,797 - INFO -     Result: E[Users] = 131.2000, Var[Users] = 106.1600, Std_Dev = 10.3034
2025-12-02 22:00:00,801 - INFO -   Evaluating method: 'ris_coverage' with 200 seeds.
2025-12-02 22:00:00,801 - INFO -     Running 5 simulations...
2025-12-02 22:00:50,771 - INFO -     Result: E[Users] = 142.0000, Var[Users] = 3.6000, Std_Dev = 1.8974