2025-12-02 22:18:28,015 - INFO - 加载数据集: facebook
2025-12-02 22:18:28,018 - INFO - 首次生成度相关概率分布 分布类型: 'powerlaw'.
2025-12-02 22:18:28,018 - INFO - ===> Generating 'Power-law Degree-Aware' distributions...
2025-12-02 22:18:28,020 - INFO - 保存概率分布 文件位置: /home/wen/pythonspace/data-test/facebook/2025-12-2/distribution-in-facebook/distribution-powerlaw_seedNum-400.pkl
2025-12-02 22:18:28,084 - INFO - 首次生成种子集 random
2025-12-02 22:18:28,084 - INFO - 执行当前算法开始: random
2025-12-02 22:18:28,084 - INFO - 当前用时 0.00 秒
2025-12-02 22:18:28,085 - INFO - 将种子集 写入位置: /home/wen/pythonspace/data-test/facebook/2025-12-2/seeds-with-facebook/powerlaw_random_seedNum-400_SSRNum-100000.txt
2025-12-02 22:18:28,085 - INFO - 首次生成种子集 degreeTopM
2025-12-02 22:18:28,085 - INFO - 执行当前算法开始: degreeTopM
2025-12-02 22:18:28,087 - INFO - 当前用时 0.00 秒
2025-12-02 22:18:28,087 - INFO - 将种子集 写入位置: /home/wen/pythonspace/data-test/facebook/2025-12-2/seeds-with-facebook/powerlaw_degreeTopM_seedNum-400_SSRNum-100000.txt
2025-12-02 22:18:28,087 - INFO - 首次生成种子集 alpha_sort
2025-12-02 22:18:28,087 - INFO - 执行当前算法开始: alpha_sort
2025-12-02 22:18:28,090 - INFO - 4039 个节点的alpha值降序排序 done
2025-12-02 22:18:28,090 - INFO - ==============>> [(3865, 0.18292238072532438), (2021, 0.17928290754109186), (4035, 0.17572973325038588), (582, 0.17546350581835551), (1696, 0.17530007913834705), (1946, 0.1718941820082966), (3497, 0.17141441510459143), (4016, 0.16858990894386253), (3978, 0.1669840027384571), (15, 0.16551984938320238)]
2025-12-02 22:18:28,090 - INFO - 
选择的种子集 (按alpha排序): [3865, 2021, 4035, 582, 1696, 1946, 3497, 4016, 3978, 15, 2612, 3812, 3335, 404, 3195, 3603, 1319, 3676, 3766, 1750, 2406, 952, 18, 1046, 2711, 1067, 631, 3943, 292, 3342, 287, 1837, 4010, 1760, 1603, 3868, 74, 3495, 215, 1786, 209, 605, 1764, 2036, 12, 37, 397, 43, 210, 1526, 335, 1776, 2754, 11, 3748, 3139, 872, 1763, 1767, 3987, 1808, 692, 3435, 4012, 3730, 3415, 2029, 3059, 4025, 4023, 3834, 2575, 1812, 2037, 114, 183, 1507, 282, 267, 710, 1894, 1986, 279, 756, 1543, 1623, 90, 47, 4003, 4029, 3751, 812, 916, 1240, 4036, 160, 1895, 748, 1562, 3274, 2661, 138, 2006, 2786, 2553, 255, 3885, 4034, 244, 2421, 4032, 42, 3894, 762, 52, 3859, 4013, 4008, 216, 1599, 3393, 2005, 316, 153, 241, 1793, 3725, 3866, 3888, 3990, 305, 2670, 256, 3965, 234, 1506, 2911, 880, 1746, 1820, 3822, 205, 33, 551, 233, 1789, 3930, 35, 1339, 154, 3764, 145, 2910, 3620, 662, 881, 1175, 3710, 2357, 1920, 353, 3986, 4030, 3950, 76, 1044, 1541, 3994, 1844, 286, 3821, 2799, 1178, 1889, 719, 520, 70, 2549, 1807, 97, 1610, 1714, 3993, 3594, 155, 247, 3713, 253, 2291, 1072, 532, 3825, 2913, 1717, 336, 2481, 71, 3323, 739, 1572, 3752, 3830, 3738, 1604, 112, 301, 3272, 157, 2377, 3762, 1547, 81, 3720, 557, 240, 2361, 2271, 3711, 2882, 848, 321, 191, 179, 1650, 3815, 4033, 1032, 3936, 3608, 513, 1888, 694, 738, 294, 3627, 2367, 3961, 228, 182, 1245, 1999, 1524, 839, 390, 3434, 2509, 3129, 1930, 1550, 3123, 4007, 120, 2424, 207, 385, 3905, 164, 2580, 3708, 3953, 3509, 61, 3350, 3352, 2299, 3992, 355, 2528, 4026, 1113, 3082, 3876, 2961, 1801, 1935, 293, 2011, 3003, 1198, 1862, 960, 327, 1902, 49, 3383, 1567, 2030, 2039, 686, 262, 3614, 206, 3998, 680, 508, 2014, 2657, 3412, 3598, 1977, 201, 1731, 307, 2000, 3959, 1996, 1622, 1678, 1137, 288, 3969, 3918, 289, 202, 1997, 124, 270, 4001, 996, 3891, 488, 3947, 1548, 1341, 3796, 3698, 517, 431, 125, 1715, 3322, 1247, 174, 1698, 3144, 2419, 1627, 4017, 3781, 220, 3895, 3960, 2678, 190, 591, 2023, 1933, 3619, 3648, 1732, 2519, 264, 2982, 1866, 2038, 4037, 869, 3958, 3574, 166, 3933, 3530, 482, 3982, 2116, 3535, 3580, 3715, 356, 46, 358, 3663, 354, 1509, 840, 3488, 2010, 3862, 643, 4009, 235, 1519, 396, 2682, 415, 2531, 781, 1829, 110, 1143, 3760, 3014, 3898, 3678, 3158, 1810, 1261, 1947, 2818, 750]

2025-12-02 22:18:28,090 - INFO - 当前用时 0.00 秒
2025-12-02 22:18:28,090 - INFO - 将种子集 写入位置: /home/wen/pythonspace/data-test/facebook/2025-12-2/seeds-with-facebook/powerlaw_alpha_sort_seedNum-400_SSRNum-100000.txt
2025-12-02 22:18:28,090 - INFO - 首次生成种子集 importance_sort
2025-12-02 22:18:28,090 - INFO - 执行当前算法开始: importance_sort
2025-12-02 22:18:30,908 - INFO - 
选择的种子集 (按Importance排序): [3865, 2021, 4035, 582, 1696, 1946, 3497, 4016, 3978, 15, 2612, 3812, 3335, 404, 3195, 3603, 1319, 3676, 3766, 1750, 2406, 952, 18, 1046, 2711, 1067, 631, 3943, 292, 3342, 287, 1837, 4010, 1760, 1603, 3868, 74, 3495, 215, 1786, 209, 605, 1764, 2036, 12, 37, 397, 43, 210, 1526, 335, 1776, 2754, 11, 3748, 3139, 872, 1763, 1767, 3987, 1808, 692, 3435, 4012, 3730, 3415, 2029, 3059, 4025, 4023, 3834, 2575, 1812, 2037, 114, 183, 1507, 282, 267, 710, 1894, 1986, 279, 756, 1543, 1623, 90, 47, 4003, 4029, 3751, 812, 916, 1240, 4036, 160, 1895, 748, 1562, 3274, 2661, 138, 2006, 2786, 2553, 255, 3885, 4034, 244, 2421, 4032, 42, 3894, 762, 52, 3859, 4013, 4008, 216, 1599, 3393, 2005, 316, 153, 241, 1793, 3725, 3866, 3888, 3990, 305, 2670, 256, 3965, 234, 1506, 2911, 880, 1746, 1820, 3822, 205, 33, 551, 233, 1789, 3930, 35, 1339, 154, 3764, 145, 2910, 3620, 662, 881, 1175, 3710, 2357, 1920, 353, 3986, 4030, 3950, 76, 1044, 1541, 3994, 286, 1844, 3821, 2799, 1178, 1889, 719, 520, 70, 2549, 1807, 97, 1610, 1714, 3993, 3594, 155, 247, 3713, 253, 2291, 1072, 532, 3825, 2913, 1717, 336, 2481, 71, 3323, 739, 1572, 3752, 3830, 3738, 1604, 112, 301, 3272, 157, 2377, 3762, 1547, 81, 3720, 557, 240, 2361, 2271, 3711, 2882, 848, 321, 191, 179, 1650, 3815, 4033, 1032, 3936, 3608, 513, 1888, 694, 738, 294, 3627, 2367, 3961, 228, 182, 1245, 1999, 1524, 839, 390, 3434, 2509, 3129, 1930, 1550, 3123, 4007, 120, 2424, 207, 385, 3905, 164, 2580, 3708, 3953, 3509, 61, 3350, 3352, 2299, 3992, 355, 2528, 4026, 1113, 3082, 3876, 2961, 1801, 1935, 293, 2011, 3003, 1198, 1862, 960, 327, 1902, 49, 3383, 1567, 2030, 2039, 686, 262, 3614, 206, 3998, 680, 508, 2014, 2657, 3412, 3598, 1977, 201, 1731, 307, 2000, 3959, 1996, 1622, 1678, 1137, 288, 3969, 3918, 289, 202, 1997, 124, 270, 4001, 996, 3891, 488, 3947, 1548, 1341, 3796, 3698, 517, 431, 125, 1715, 3322, 1247, 174, 1698, 3144, 2419, 1627, 4017, 3781, 220, 3895, 3960, 2678, 190, 591, 2023, 1933, 3619, 3648, 1732, 2519, 264, 2982, 1866, 2038, 4037, 869, 3958, 3574, 166, 3933, 3530, 482, 3982, 2116, 3535, 3580, 3715, 356, 46, 358, 3663, 354, 1509, 840, 3488, 2010, 3862, 643, 4009, 235, 1519, 396, 2682, 415, 2531, 781, 1829, 110, 1143, 3760, 3014, 3898, 3678, 3158, 1810, 1261, 1947, 2818, 750]

2025-12-02 22:18:30,909 - INFO - 当前用时 2.82 秒
2025-12-02 22:18:30,909 - INFO - 将种子集 写入位置: /home/wen/pythonspace/data-test/facebook/2025-12-2/seeds-with-facebook/powerlaw_importance_sort_seedNum-400_SSRNum-100000.txt
2025-12-02 22:18:30,910 - INFO - 首次生成种子集 ris_coverage
2025-12-02 22:18:30,910 - INFO - 执行当前算法开始: ris_coverage
2025-12-02 22:18:31,204 - INFO - 图初始化完成，节点数: 4039，CSR 矩阵准备就绪。
2025-12-02 22:18:31,204 - INFO - 
开始生成 100000 组 SSR (并行进程: 4)...
2025-12-02 22:19:46,597 - INFO - 生成完毕。耗时: 75.39 秒。
2025-12-02 22:19:46,599 - INFO - 
开始选择最优种子 (Optimized Greedy) ...
2025-12-02 22:20:38,865 - INFO - 选种完毕。耗时: 52.26 秒。
2025-12-02 22:20:38,990 - INFO - 最终选择的种子集: [3943, 2612, 4016, 2021, 15, 209, 4025, 2711, 287, 4010, 215, 1764, 1894, 605, 3865, 18, 631, 3766, 12, 183, 4029, 3195, 1760, 4012, 1763, 1603, 1046, 3868, 74, 3987, 4034, 3676, 3335, 3812, 1526, 4003, 4023, 2037, 3834, 872, 952, 1067, 279, 2029, 3495, 43, 1837, 404, 3603, 1524, 292, 1986, 1776, 397, 692, 582, 719, 37, 1786, 3497, 762, 241, 2575, 2754, 2406, 3342, 2036, 1319, 1808, 335, 1541, 145, 1178, 114, 1750, 1812, 916, 11, 3720, 2786, 1696, 3978, 1946, 3435, 210, 1572, 1767, 3751, 1610, 4007, 3990, 353, 71, 42, 3748, 3730, 120, 233, 1072, 256, 1506, 1507, 4036, 153, 3415, 244, 52, 4035, 138, 321, 157, 4030, 1746, 3139, 1920, 520, 3994, 1562, 3713, 301, 1623, 282, 47, 880, 1599, 97, 694, 1895, 748, 255, 4032, 35, 70, 81, 591, 1935, 49, 179, 3764, 557, 155, 33, 2670, 1547, 160, 3822, 1339, 3859, 3894, 3933, 76, 2357, 1550, 1789, 532, 182, 738, 316, 216, 253, 3059, 90, 1113, 3725, 1793, 710, 234, 756, 3997, 812, 2377, 2271, 2661, 293, 1844, 3323, 4033, 1511, 739, 839, 2006, 3866, 2911, 154, 3930, 4008, 3352, 3821, 2421, 3594, 1627, 2580, 2910, 1889, 750, 174, 286, 1240, 3885, 201, 551, 1715, 1543, 192, 1862, 2038, 3993, 4013, 488, 513, 3992, 205, 2033, 2799, 247, 2367, 3991, 3888, 112, 1245, 473, 3530, 2549, 3830, 3947, 3950, 3274, 336, 390, 305, 2691, 2553, 2361, 3998, 662, 2481, 1997, 267, 3393, 1996, 1650, 3123, 3986, 3988, 243, 3762, 2039, 3760, 3434, 3781, 1175, 3763, 3815, 2631, 2005, 3752, 3895, 3825, 4026, 1714, 1609, 355, 3738, 3965, 3636, 3959, 264, 1930, 2657, 4028, 270, 4009, 1820, 2635, 869, 3574, 1044, 2030, 1974, 4001, 2751, 4017, 307, 1970, 1999, 2926, 928, 1680, 3708, 1567, 191, 4037, 3599, 2913, 8, 3322, 190, 177, 3982, 1829, 3614, 3412, 3700, 202, 44, 3787, 3673, 1143, 3710, 4002, 340, 294, 95, 2682, 3905, 133, 1843, 712, 3918, 4014, 3598, 3525, 881, 124, 3166, 2307, 4021, 2014, 2011, 51, 3303, 2676, 1261, 726, 3936, 4019, 3509, 3989, 1807, 2961, 164, 3969, 1947, 1198, 2882, 228, 508, 680, 1902, 61, 3705, 1604, 34, 2016, 1649, 2709, 688, 1196, 1678, 2116, 3003, 3627, 2519, 1093, 3619, 1885, 1698, 3898, 3361, 2004, 385, 2051, 3861, 230, 4022, 1509, 289, 3350, 3922, 245, 3129, 396, 23, 3512, 1852, 2384, 3916, 643, 686, 3857, 3620, 3956, 358, 1717, 3313, 3082, 2000, 3841, 3891, 3789]

2025-12-02 22:20:47,736 - INFO - 当前用时 136.83 秒
2025-12-02 22:20:47,738 - INFO - 将种子集 写入位置: /home/wen/pythonspace/data-test/facebook/2025-12-2/seeds-with-facebook/powerlaw_ris_coverage_seedNum-400_SSRNum-100000.txt
2025-12-02 22:20:47,740 - INFO - 评估种子集: None
2025-12-02 22:20:47,741 - INFO - 评估函数开始
2025-12-02 22:20:47,741 - INFO - 当前模拟次数: [10]

2025-12-02 22:20:47,741 - INFO - 当前评估种子数: 400 ---
2025-12-02 22:20:47,741 - INFO -   Evaluating method: 'random' with 400 seeds.
2025-12-02 22:20:47,741 - INFO -     Running 10 simulations...
2025-12-02 22:26:12,975 - INFO -     Result: E[Users] = 264.3000, Var[Users] = 85.2100, Std_Dev = 9.2309
2025-12-02 22:26:12,990 - INFO -   Evaluating method: 'degreeTopM' with 400 seeds.
2025-12-02 22:26:12,990 - INFO -     Running 10 simulations...
2025-12-02 22:33:09,456 - INFO -     Result: E[Users] = 274.1000, Var[Users] = 119.0900, Std_Dev = 10.9128
2025-12-02 22:33:09,460 - INFO -   Evaluating method: 'alpha_sort' with 400 seeds.
2025-12-02 22:33:09,460 - INFO -     Running 10 simulations...
2025-12-02 22:37:17,102 - INFO -     Result: E[Users] = 267.8000, Var[Users] = 30.1600, Std_Dev = 5.4918
2025-12-02 22:37:17,106 - INFO -   Evaluating method: 'importance_sort' with 400 seeds.
2025-12-02 22:37:17,106 - INFO -     Running 10 simulations...
2025-12-02 22:41:24,439 - INFO -     Result: E[Users] = 266.9000, Var[Users] = 48.2900, Std_Dev = 6.9491
2025-12-02 22:41:24,443 - INFO -   Evaluating method: 'ris_coverage' with 400 seeds.
2025-12-02 22:41:24,443 - INFO -     Running 10 simulations...
2025-12-02 22:45:15,715 - INFO -     Result: E[Users] = 266.0000, Var[Users] = 54.8000, Std_Dev = 7.4027
2025-12-02 22:45:15,719 - INFO - 保存评估文件至: /home/wen/pythonspace/data-test/facebook/2025-12-2/E-activated-facebook/distribution-powerlaw/tsd_1.5--0.9--1.3/single_sim_func-AgainContinue/simuTimes-10_seedNum-400_monteCarloL-10_single_sim_func-AgainContinue_rrNumSamples-100000.csv
