2025-12-02 22:53:19,052 - INFO - 加载数据集: facebook
2025-12-02 22:53:19,055 - INFO - 复用概率分布 文件位置: /home/wen/pythonspace/data-test/facebook/2025-12-2/distribution-in-facebook/distribution-powerlaw_seedNum-500.pkl
2025-12-02 22:53:19,122 - INFO - 从当前位置 读取种子集 /home/wen/pythonspace/data-test/facebook/2025-12-2/seeds-with-facebook/powerlaw_random_seedNum-500_SSRNum-100000.txt
2025-12-02 22:53:19,123 - INFO - 从当前位置 读取种子集 /home/wen/pythonspace/data-test/facebook/2025-12-2/seeds-with-facebook/powerlaw_degreeTopM_seedNum-500_SSRNum-100000.txt
2025-12-02 22:53:19,125 - INFO - 从当前位置 读取种子集 /home/wen/pythonspace/data-test/facebook/2025-12-2/seeds-with-facebook/powerlaw_alpha_sort_seedNum-500_SSRNum-100000.txt
2025-12-02 22:53:19,136 - INFO - 从当前位置 读取种子集 /home/wen/pythonspace/data-test/facebook/2025-12-2/seeds-with-facebook/powerlaw_importance_sort_seedNum-500_SSRNum-100000.txt
2025-12-02 22:53:19,151 - INFO - 首次生成种子集 ris_coverage
2025-12-02 22:53:19,151 - INFO - 执行当前算法开始: ris_coverage
2025-12-02 22:53:19,419 - INFO - 图初始化完成，节点数: 4039，CSR 矩阵准备就绪。
2025-12-02 22:53:19,419 - INFO - 
开始生成 100000 组 SSR (并行进程: 4)...
2025-12-02 22:54:55,546 - INFO - 生成完毕。耗时: 96.13 秒。
2025-12-02 22:54:55,547 - INFO - 
开始选择最优种子 (Optimized Greedy) ...
2025-12-02 22:56:14,322 - INFO - 选种完毕。耗时: 78.77 秒。
2025-12-02 22:56:14,476 - INFO - 最终选择的种子集: [43, 4025, 1046, 952, 397, 631, 4035, 1946, 209, 18, 287, 1837, 605, 1319, 3766, 2037, 2406, 3812, 3868, 3415, 292, 3139, 215, 2021, 3943, 3978, 1760, 2029, 4013, 4016, 2711, 1812, 3865, 4008, 3730, 37, 3987, 1623, 3930, 52, 4012, 3495, 2036, 3274, 3821, 4003, 4023, 582, 114, 282, 210, 1888, 3435, 3342, 3748, 1767, 74, 1986, 3603, 2911, 4034, 1746, 3676, 3352, 1526, 286, 872, 3620, 42, 4036, 12, 3990, 1894, 4010, 3866, 335, 1997, 15, 3986, 3497, 1750, 1895, 1562, 3822, 3335, 692, 3894, 1067, 404, 1786, 216, 90, 11, 3859, 179, 1541, 1789, 160, 3059, 3129, 3393, 205, 4029, 719, 3834, 3195, 2575, 3950, 256, 183, 138, 762, 1696, 1506, 662, 61, 2421, 1808, 1507, 916, 1245, 1763, 694, 33, 1920, 182, 2661, 2786, 240, 154, 1044, 241, 4030, 321, 2509, 551, 153, 2553, 81, 710, 1543, 1764, 2005, 233, 255, 2799, 3885, 2006, 3764, 557, 3998, 353, 2612, 234, 228, 2291, 3965, 1175, 812, 1999, 3725, 3713, 3815, 3992, 356, 3710, 279, 3989, 1240, 1603, 310, 4028, 881, 2754, 4037, 4005, 253, 3272, 35, 2038, 1807, 4007, 4033, 2010, 2910, 1820, 1550, 145, 748, 1844, 155, 513, 49, 880, 3574, 1828, 71, 112, 1548, 1776, 3598, 1599, 2549, 3123, 2961, 3685, 591, 2027, 4026, 1113, 4017, 3434, 1930, 3509, 2580, 1862, 3994, 3825, 3594, 70, 293, 2528, 267, 2271, 336, 2011, 3720, 739, 3988, 305, 247, 3738, 3961, 3760, 1793, 4032, 2678, 294, 3947, 2000, 3584, 2357, 1524, 1698, 1717, 2670, 2377, 201, 244, 385, 1801, 3888, 3820, 1622, 390, 1572, 1889, 756, 1827, 8, 191, 2361, 2012, 3711, 3916, 3508, 738, 316, 2982, 3993, 2023, 3608, 3535, 317, 301, 157, 3144, 47, 3580, 3953, 1072, 99, 654, 3627, 354, 1650, 1678, 2676, 1567, 3303, 3960, 839, 3552, 3762, 532, 488, 166, 1935, 1604, 3193, 207, 208, 76, 3796, 95, 192, 391, 2384, 1339, 2039, 3936, 3350, 2709, 1547, 1902, 1261, 2030, 97, 269, 415, 2657, 2913, 508, 3383, 2034, 3967, 4009, 2587, 307, 3995, 168, 152, 1649, 3898, 3014, 3981, 1714, 2882, 2367, 996, 6, 1680, 3752, 3698, 3751, 174, 3737, 3984, 1824, 1947, 2299, 260, 1609, 1849, 960, 124, 3746, 147, 3318, 4015, 1610, 781, 171, 4019, 1904, 3876, 3663, 140, 2014, 680, 4024, 355, 32, 1715, 3997, 1140, 46, 3985, 220, 1829, 3560, 3488, 3819, 3677, 2631, 358, 3955, 3905, 1178, 202, 3614, 164, 1514, 319, 1511, 1196, 3700, 2924, 734, 2001, 3787, 3519, 2519, 1516, 4001, 2116, 3636, 1198, 3741, 1377, 1513, 219, 2025, 2004, 3619, 1732, 77, 245, 726, 117, 300, 3590, 34, 3974, 327, 2601, 3857, 100, 3862, 2033, 3658, 226, 3931, 2419, 984, 3959, 1731, 3907, 3586, 3734, 1247, 264, 3573, 3686, 380, 686, 86, 1880, 3078, 3484, 3991, 3891, 3763, 1509, 4021, 27, 23, 3016, 243, 19, 543, 3082, 4014, 54, 688, 2481, 186, 1933, 199, 137, 2344, 3412, 4000, 3895, 1754, 1925, 1594, 1032, 962, 1708, 3933, 106, 2662, 396, 3791, 3768, 2002, 3659, 3690, 442, 193, 2040, 3802, 3833, 928, 2026, 4038, 129, 4002, 3999]

2025-12-02 22:56:22,043 - INFO - 当前用时 182.89 秒
2025-12-02 22:56:22,043 - INFO - 将种子集 写入位置: /home/wen/pythonspace/data-test/facebook/2025-12-2/seeds-with-facebook/powerlaw_ris_coverage_seedNum-500_SSRNum-100000.txt
2025-12-02 22:56:22,045 - INFO - 评估种子集: None
2025-12-02 22:56:22,045 - INFO - 评估函数开始
2025-12-02 22:56:22,045 - INFO - 当前模拟次数: [15]

2025-12-02 22:56:22,045 - INFO - 当前评估种子数: 500 ---
2025-12-02 22:56:22,045 - INFO -   Evaluating method: 'random' with 500 seeds.
2025-12-02 22:56:22,045 - INFO -     Running 15 simulations...
2025-12-02 23:06:35,418 - INFO -     Result: E[Users] = 339.0000, Var[Users] = 135.6000, Std_Dev = 11.6447
2025-12-02 23:06:35,428 - INFO -   Evaluating method: 'degreeTopM' with 500 seeds.
2025-12-02 23:06:35,428 - INFO -     Running 15 simulations...
2025-12-02 23:19:57,819 - INFO -     Result: E[Users] = 344.4667, Var[Users] = 128.6489, Std_Dev = 11.3423
2025-12-02 23:19:57,823 - INFO -   Evaluating method: 'alpha_sort' with 500 seeds.
2025-12-02 23:19:57,823 - INFO -     Running 15 simulations...
2025-12-02 23:27:55,051 - INFO -     Result: E[Users] = 339.3333, Var[Users] = 91.8222, Std_Dev = 9.5824
2025-12-02 23:27:55,054 - INFO -   Evaluating method: 'importance_sort' with 500 seeds.
2025-12-02 23:27:55,055 - INFO -     Running 15 simulations...
2025-12-02 23:36:11,429 - INFO -     Result: E[Users] = 339.3333, Var[Users] = 142.2222, Std_Dev = 11.9257
2025-12-02 23:36:11,432 - INFO -   Evaluating method: 'ris_coverage' with 500 seeds.
2025-12-02 23:36:11,433 - INFO -     Running 15 simulations...
2025-12-02 23:43:48,670 - INFO -     Result: E[Users] = 336.2667, Var[Users] = 116.1956, Std_Dev = 10.7794
2025-12-02 23:43:48,673 - INFO - 保存评估文件至: /home/wen/pythonspace/data-test/facebook/2025-12-2/E-activated-facebook/distribution-powerlaw/tsd_1.5--0.9--1.3/single_sim_func-AgainContinue/simuTimes-15_seedNum-500_monteCarloL-10_single_sim_func-AgainContinue_rrNumSamples-100000.csv
