2025-12-03 11:25:22,679 - INFO - 加载数据集: facebook
2025-12-03 11:25:22,682 - INFO - 首次生成度相关概率分布 分布类型: 'powerlaw'.
2025-12-03 11:25:22,682 - INFO - ===> Generating 'Power-law Degree-Aware' distributions...
2025-12-03 11:25:22,685 - INFO - 保存概率分布 文件位置: /home/wen/pythonspace/data-test/facebook/2025-12-2/distribution-in-facebook/distribution-powerlaw_seedNum-230.pkl
2025-12-03 11:25:22,748 - INFO - 首次生成种子集 random
2025-12-03 11:25:22,748 - INFO - 执行当前算法开始: random
2025-12-03 11:25:22,749 - INFO - 当前用时 0.00 秒
2025-12-03 11:25:22,749 - INFO - 将种子集 写入位置: /home/wen/pythonspace/data-test/facebook/2025-12-2/seeds-with-facebook/powerlaw_random_seedNum-230_SSRNum-100000.txt
2025-12-03 11:25:22,749 - INFO - 首次生成种子集 degreeTopM
2025-12-03 11:25:22,749 - INFO - 执行当前算法开始: degreeTopM
2025-12-03 11:25:22,751 - INFO - 当前用时 0.00 秒
2025-12-03 11:25:22,751 - INFO - 将种子集 写入位置: /home/wen/pythonspace/data-test/facebook/2025-12-2/seeds-with-facebook/powerlaw_degreeTopM_seedNum-230_SSRNum-100000.txt
2025-12-03 11:25:22,751 - INFO - 首次生成种子集 alpha_sort
2025-12-03 11:25:22,751 - INFO - 执行当前算法开始: alpha_sort
2025-12-03 11:25:22,753 - INFO - 4039 个节点的alpha值降序排序 done
2025-12-03 11:25:22,753 - INFO - ==============>> [(3987, 0.18692105438351372), (1764, 0.17773409448017571), (3603, 0.17232459388091811), (1812, 0.17031921523620358), (1837, 0.1696957612239915), (12, 0.16952201707773695), (3676, 0.1674015616664575), (1750, 0.16720521604237715), (4016, 0.16634100441499805), (3766, 0.16633532565693337)]
2025-12-03 11:25:22,754 - INFO - 
选择的种子集 (按alpha排序): [3987, 1764, 3603, 1812, 1837, 12, 3676, 1750, 4016, 3766, 404, 4025, 335, 3978, 2575, 1763, 3495, 1046, 2021, 1808, 3868, 43, 11, 4035, 3435, 3415, 1786, 2711, 1526, 692, 3342, 4023, 4010, 2406, 74, 2029, 1767, 1067, 18, 210, 37, 1776, 397, 3748, 3195, 3497, 2037, 2612, 1319, 872, 3335, 3139, 15, 3059, 631, 605, 1946, 215, 4012, 1760, 287, 3730, 209, 1603, 2754, 292, 2036, 952, 3834, 3865, 582, 114, 3943, 3812, 1696, 1240, 267, 2786, 286, 2357, 880, 90, 353, 1789, 4029, 1986, 305, 1543, 4032, 3751, 3894, 2670, 3965, 1746, 881, 3950, 4003, 4013, 3725, 241, 662, 160, 3866, 3764, 1920, 3930, 3986, 1339, 1507, 812, 138, 1894, 4030, 33, 1623, 762, 255, 183, 1844, 1175, 2006, 205, 2553, 4036, 279, 1562, 153, 244, 1793, 52, 256, 710, 1820, 3274, 2661, 2005, 551, 1044, 316, 42, 3393, 70, 3822, 3885, 2911, 1889, 916, 234, 4008, 748, 4034, 216, 233, 1895, 3620, 1599, 719, 282, 3859, 154, 3821, 2421, 1506, 145, 2910, 2799, 35, 3888, 3710, 756, 1541, 3990, 47, 3762, 247, 3123, 557, 1807, 228, 1032, 3752, 3713, 3434, 321, 839, 2424, 1717, 157, 293, 336, 1888, 1604, 155, 3993, 1245, 1550, 3627, 3509, 2509, 2271, 3352, 97, 2291, 2580, 1801, 164, 3323, 4033, 3830, 3350, 1524, 3711, 240, 2361, 3936, 738, 2377, 3129, 179, 1650, 71, 3738, 3614, 2299, 1999, 2549, 3720, 207, 3961, 76]

2025-12-03 11:25:22,754 - INFO - 当前用时 0.00 秒
2025-12-03 11:25:22,754 - INFO - 将种子集 写入位置: /home/wen/pythonspace/data-test/facebook/2025-12-2/seeds-with-facebook/powerlaw_alpha_sort_seedNum-230_SSRNum-100000.txt
2025-12-03 11:25:22,754 - INFO - 首次生成种子集 importance_sort
2025-12-03 11:25:22,754 - INFO - 执行当前算法开始: importance_sort
2025-12-03 11:25:25,264 - INFO - 
选择的种子集 (按Importance排序): [3987, 1764, 3603, 1812, 1837, 12, 3676, 1750, 4016, 3766, 404, 4025, 335, 3978, 2575, 1763, 3495, 1046, 2021, 1808, 3868, 43, 11, 4035, 3435, 3415, 1786, 2711, 1526, 692, 3342, 4023, 4010, 2406, 74, 2029, 1767, 1067, 18, 210, 37, 1776, 397, 3748, 3195, 3497, 2037, 2612, 1319, 872, 3335, 3139, 15, 3059, 631, 605, 1946, 215, 4012, 1760, 287, 3730, 209, 1603, 2754, 292, 2036, 952, 3834, 3865, 582, 114, 3943, 3812, 1696, 1240, 267, 2786, 286, 2357, 880, 90, 353, 1789, 4029, 1986, 305, 1543, 4032, 3751, 3894, 2670, 3965, 1746, 881, 3950, 4003, 4013, 3725, 241, 662, 160, 3866, 3764, 1920, 3930, 3986, 1339, 1507, 812, 138, 1894, 4030, 33, 1623, 762, 255, 183, 1844, 1175, 2006, 205, 2553, 4036, 279, 1562, 153, 244, 1793, 52, 256, 710, 1820, 3274, 2661, 2005, 551, 1044, 316, 42, 3393, 70, 3822, 3885, 2911, 1889, 916, 234, 4008, 748, 4034, 216, 233, 1895, 3620, 1599, 719, 282, 3859, 154, 3821, 2421, 1506, 145, 2910, 2799, 35, 3888, 3710, 756, 1541, 3990, 47, 3762, 247, 3123, 557, 1807, 228, 1032, 3752, 3713, 3434, 321, 839, 2424, 1717, 157, 293, 336, 1888, 1604, 155, 3993, 1245, 1550, 3627, 3509, 2509, 2271, 3352, 97, 2291, 2580, 1801, 164, 3323, 4033, 3830, 3350, 1524, 3711, 240, 2361, 3936, 738, 2377, 3129, 179, 1650, 71, 3738, 3614, 2299, 1999, 2549, 3720, 207, 3961, 76]

2025-12-03 11:25:25,264 - INFO - 当前用时 2.51 秒
2025-12-03 11:25:25,265 - INFO - 将种子集 写入位置: /home/wen/pythonspace/data-test/facebook/2025-12-2/seeds-with-facebook/powerlaw_importance_sort_seedNum-230_SSRNum-100000.txt
2025-12-03 11:25:25,265 - INFO - 首次生成种子集 ris_coverage
2025-12-03 11:25:25,265 - INFO - 执行当前算法开始: ris_coverage
2025-12-03 11:25:25,558 - INFO - 图初始化完成，节点数: 4039，CSR 矩阵准备就绪。
2025-12-03 11:25:25,558 - INFO - 
开始生成 100000 组 SSR (并行进程: 4)...
2025-12-03 11:26:05,401 - INFO - 生成完毕。耗时: 39.84 秒。
2025-12-03 11:26:05,403 - INFO - 
开始选择最优种子 (Optimized Greedy) ...
2025-12-03 11:26:07,267 - INFO -   - 券 1/230 选中节点 4025, 新增覆盖 13
2025-12-03 11:26:07,268 - INFO -   - 券 2/230 选中节点 3987, 新增覆盖 8
2025-12-03 11:26:07,269 - INFO -   - 券 3/230 选中节点 3868, 新增覆盖 8
2025-12-03 11:26:07,272 - INFO -   - 券 4/230 选中节点 210, 新增覆盖 11
2025-12-03 11:26:07,276 - INFO -   - 券 5/230 选中节点 2021, 新增覆盖 9
2025-12-03 11:26:07,281 - INFO -   - 券 6/230 选中节点 1837, 新增覆盖 9
2025-12-03 11:26:07,288 - INFO -   - 券 7/230 选中节点 287, 新增覆盖 9
2025-12-03 11:26:07,298 - INFO -   - 券 8/230 选中节点 4010, 新增覆盖 11
2025-12-03 11:26:07,303 - INFO -   - 券 9/230 选中节点 1808, 新增覆盖 10
2025-12-03 11:26:07,312 - INFO -   - 券 10/230 选中节点 335, 新增覆盖 8
2025-12-03 11:26:07,323 - INFO -   - 券 11/230 选中节点 1764, 新增覆盖 10
2025-12-03 11:26:07,331 - INFO -   - 券 12/230 选中节点 2612, 新增覆盖 10
2025-12-03 11:26:07,337 - INFO -   - 券 13/230 选中节点 3139, 新增覆盖 8
2025-12-03 11:26:07,350 - INFO -   - 券 14/230 选中节点 2575, 新增覆盖 9
2025-12-03 11:26:07,357 - INFO -   - 券 15/230 选中节点 3497, 新增覆盖 9
2025-12-03 11:26:07,365 - INFO -   - 券 16/230 选中节点 3059, 新增覆盖 9
2025-12-03 11:26:07,376 - INFO -   - 券 17/230 选中节点 2754, 新增覆盖 8
2025-12-03 11:26:07,393 - INFO -   - 券 18/230 选中节点 11, 新增覆盖 11
2025-12-03 11:26:07,404 - INFO -   - 券 19/230 选中节点 3766, 新增覆盖 11
2025-12-03 11:26:07,421 - INFO -   - 券 20/230 选中节点 18, 新增覆盖 10
2025-12-03 11:26:07,434 - INFO -   - 券 21/230 选中节点 2036, 新增覆盖 8
2025-12-03 11:26:07,444 - INFO -   - 券 22/230 选中节点 3676, 新增覆盖 10
2025-12-03 11:26:07,457 - INFO -   - 券 23/230 选中节点 1763, 新增覆盖 6
2025-12-03 11:26:07,474 - INFO -   - 券 24/230 选中节点 2037, 新增覆盖 10
2025-12-03 11:26:07,500 - INFO -   - 券 25/230 选中节点 12, 新增覆盖 9
2025-12-03 11:26:07,515 - INFO -   - 券 26/230 选中节点 1046, 新增覆盖 8
2025-12-03 11:26:07,530 - INFO -   - 券 27/230 选中节点 692, 新增覆盖 9
2025-12-03 11:26:07,544 - INFO -   - 券 28/230 选中节点 37, 新增覆盖 7
2025-12-03 11:26:07,560 - INFO -   - 券 29/230 选中节点 1750, 新增覆盖 9
2025-12-03 11:26:07,575 - INFO -   - 券 30/230 选中节点 2029, 新增覆盖 8
2025-12-03 11:26:07,596 - INFO -   - 券 31/230 选中节点 3342, 新增覆盖 8
2025-12-03 11:26:07,613 - INFO -   - 券 32/230 选中节点 4016, 新增覆盖 9
2025-12-03 11:26:07,646 - INFO -   - 券 33/230 选中节点 3435, 新增覆盖 9
2025-12-03 11:26:07,675 - INFO -   - 券 34/230 选中节点 1786, 新增覆盖 9
2025-12-03 11:26:07,701 - INFO -   - 券 35/230 选中节点 4023, 新增覆盖 8
2025-12-03 11:26:07,720 - INFO -   - 券 36/230 选中节点 3748, 新增覆盖 8
2025-12-03 11:26:07,734 - INFO -   - 券 37/230 选中节点 1760, 新增覆盖 7
2025-12-03 11:26:07,759 - INFO -   - 券 38/230 选中节点 605, 新增覆盖 8
2025-12-03 11:26:07,796 - INFO -   - 券 39/230 选中节点 15, 新增覆盖 9
2025-12-03 11:26:07,831 - INFO -   - 券 40/230 选中节点 3495, 新增覆盖 7
2025-12-03 11:26:07,866 - INFO -   - 券 41/230 选中节点 404, 新增覆盖 8
2025-12-03 11:26:07,908 - INFO -   - 券 42/230 选中节点 4030, 新增覆盖 9
2025-12-03 11:26:07,948 - INFO -   - 券 43/230 选中节点 3603, 新增覆盖 8
2025-12-03 11:26:07,983 - INFO -   - 券 44/230 选中节点 43, 新增覆盖 7
2025-12-03 11:26:08,001 - INFO -   - 券 45/230 选中节点 1946, 新增覆盖 9
2025-12-03 11:26:08,039 - INFO -   - 券 46/230 选中节点 1767, 新增覆盖 7
2025-12-03 11:26:08,067 - INFO -   - 券 47/230 选中节点 2786, 新增覆盖 8
2025-12-03 11:26:08,101 - INFO -   - 券 48/230 选中节点 4034, 新增覆盖 6
2025-12-03 11:26:08,123 - INFO -   - 券 49/230 选中节点 1920, 新增覆盖 6
2025-12-03 11:26:08,151 - INFO -   - 券 50/230 选中节点 4013, 新增覆盖 10
2025-12-03 11:26:08,178 - INFO -   - 券 51/230 选中节点 3730, 新增覆盖 7
2025-12-03 11:26:08,216 - INFO -   - 券 52/230 选中节点 267, 新增覆盖 7
2025-12-03 11:26:08,258 - INFO -   - 券 53/230 选中节点 4012, 新增覆盖 7
2025-12-03 11:26:08,292 - INFO -   - 券 54/230 选中节点 3965, 新增覆盖 6
2025-12-03 11:26:08,329 - INFO -   - 券 55/230 选中节点 3950, 新增覆盖 9
2025-12-03 11:26:08,362 - INFO -   - 券 56/230 选中节点 244, 新增覆盖 6
2025-12-03 11:26:08,396 - INFO -   - 券 57/230 选中节点 3834, 新增覆盖 9
2025-12-03 11:26:08,426 - INFO -   - 券 58/230 选中节点 292, 新增覆盖 7
2025-12-03 11:26:08,471 - INFO -   - 券 59/230 选中节点 74, 新增覆盖 8
2025-12-03 11:26:08,502 - INFO -   - 券 60/230 选中节点 4032, 新增覆盖 9
2025-12-03 11:26:08,533 - INFO -   - 券 61/230 选中节点 1894, 新增覆盖 7
2025-12-03 11:26:08,571 - INFO -   - 券 62/230 选中节点 286, 新增覆盖 7
2025-12-03 11:26:08,613 - INFO -   - 券 63/230 选中节点 4035, 新增覆盖 7
2025-12-03 11:26:08,670 - INFO -   - 券 64/230 选中节点 33, 新增覆盖 9
2025-12-03 11:26:08,727 - INFO -   - 券 65/230 选中节点 205, 新增覆盖 7
2025-12-03 11:26:08,780 - INFO -   - 券 66/230 选中节点 3943, 新增覆盖 8
2025-12-03 11:26:08,831 - INFO -   - 券 67/230 选中节点 2711, 新增覆盖 7
2025-12-03 11:26:08,861 - INFO -   - 券 68/230 选中节点 3415, 新增覆盖 8
2025-12-03 11:26:08,908 - INFO -   - 券 69/230 选中节点 1812, 新增覆盖 8
2025-12-03 11:26:08,949 - INFO -   - 券 70/230 选中节点 114, 新增覆盖 6
2025-12-03 11:26:08,988 - INFO -   - 券 71/230 选中节点 1067, 新增覆盖 8
2025-12-03 11:26:09,071 - INFO -   - 券 72/230 选中节点 582, 新增覆盖 7
2025-12-03 11:26:09,170 - INFO -   - 券 73/230 选中节点 1696, 新增覆盖 8
2025-12-03 11:26:09,199 - INFO -   - 券 74/230 选中节点 316, 新增覆盖 6
2025-12-03 11:26:09,241 - INFO -   - 券 75/230 选中节点 3865, 新增覆盖 9
2025-12-03 11:26:09,282 - INFO -   - 券 76/230 选中节点 215, 新增覆盖 7
2025-12-03 11:26:09,332 - INFO -   - 券 77/230 选中节点 3335, 新增覆盖 7
2025-12-03 11:26:09,382 - INFO -   - 券 78/230 选中节点 397, 新增覆盖 6
2025-12-03 11:26:09,424 - INFO -   - 券 79/230 选中节点 2406, 新增覆盖 8
2025-12-03 11:26:09,456 - INFO -   - 券 80/230 选中节点 3751, 新增覆盖 7
2025-12-03 11:26:09,522 - INFO -   - 券 81/230 选中节点 1603, 新增覆盖 7
2025-12-03 11:26:09,563 - INFO -   - 券 82/230 选中节点 872, 新增覆盖 7
2025-12-03 11:26:09,614 - INFO -   - 券 83/230 选中节点 3764, 新增覆盖 7
2025-12-03 11:26:09,664 - INFO -   - 券 84/230 选中节点 216, 新增覆盖 6
2025-12-03 11:26:09,739 - INFO -   - 券 85/230 选中节点 3986, 新增覆盖 7
2025-12-03 11:26:09,780 - INFO -   - 券 86/230 选中节点 881, 新增覆盖 7
2025-12-03 11:26:09,825 - INFO -   - 券 87/230 选中节点 3961, 新增覆盖 6
2025-12-03 11:26:09,859 - INFO -   - 券 88/230 选中节点 1902, 新增覆盖 6
2025-12-03 11:26:09,901 - INFO -   - 券 89/230 选中节点 1793, 新增覆盖 7
2025-12-03 11:26:09,949 - INFO -   - 券 90/230 选中节点 1746, 新增覆盖 6
2025-12-03 11:26:10,007 - INFO -   - 券 91/230 选中节点 305, 新增覆盖 8
2025-12-03 11:26:10,055 - INFO -   - 券 92/230 选中节点 241, 新增覆盖 7
2025-12-03 11:26:10,105 - INFO -   - 券 93/230 选中节点 1776, 新增覆盖 7
2025-12-03 11:26:10,171 - INFO -   - 券 94/230 选中节点 3866, 新增覆盖 6
2025-12-03 11:26:10,235 - INFO -   - 券 95/230 选中节点 1888, 新增覆盖 7
2025-12-03 11:26:10,309 - INFO -   - 券 96/230 选中节点 1543, 新增覆盖 7
2025-12-03 11:26:10,367 - INFO -   - 券 97/230 选中节点 3859, 新增覆盖 6
2025-12-03 11:26:10,411 - INFO -   - 券 98/230 选中节点 42, 新增覆盖 6
2025-12-03 11:26:10,471 - INFO -   - 券 99/230 选中节点 1319, 新增覆盖 7
2025-12-03 11:26:10,538 - INFO -   - 券 100/230 选中节点 157, 新增覆盖 6
2025-12-03 11:26:10,634 - INFO -   - 券 101/230 选中节点 4003, 新增覆盖 7
2025-12-03 11:26:10,699 - INFO -   - 券 102/230 选中节点 2006, 新增覆盖 6
2025-12-03 11:26:10,792 - INFO -   - 券 103/230 选中节点 90, 新增覆盖 7
2025-12-03 11:26:10,865 - INFO -   - 券 104/230 选中节点 762, 新增覆盖 6
2025-12-03 11:26:10,972 - INFO -   - 券 105/230 选中节点 3195, 新增覆盖 7
2025-12-03 11:26:11,043 - INFO -   - 券 106/230 选中节点 952, 新增覆盖 6
2025-12-03 11:26:11,135 - INFO -   - 券 107/230 选中节点 3350, 新增覆盖 6
2025-12-03 11:26:11,230 - INFO -   - 券 108/230 选中节点 1623, 新增覆盖 6
2025-12-03 11:26:11,286 - INFO -   - 券 109/230 选中节点 138, 新增覆盖 5
2025-12-03 11:26:11,336 - INFO -   - 券 110/230 选中节点 1550, 新增覆盖 6
2025-12-03 11:26:11,402 - INFO -   - 券 111/230 选中节点 2357, 新增覆盖 6
2025-12-03 11:26:11,476 - INFO -   - 券 112/230 选中节点 4036, 新增覆盖 5
2025-12-03 11:26:11,531 - INFO -   - 券 113/230 选中节点 353, 新增覆盖 6
2025-12-03 11:26:11,609 - INFO -   - 券 114/230 选中节点 1789, 新增覆盖 6
2025-12-03 11:26:11,681 - INFO -   - 券 115/230 选中节点 3990, 新增覆盖 7
2025-12-03 11:26:11,767 - INFO -   - 券 116/230 选中节点 1524, 新增覆盖 5
2025-12-03 11:26:11,826 - INFO -   - 券 117/230 选中节点 1986, 新增覆盖 6
2025-12-03 11:26:11,932 - INFO -   - 券 118/230 选中节点 2911, 新增覆盖 5
2025-12-03 11:26:11,994 - INFO -   - 券 119/230 选中节点 293, 新增覆盖 5
2025-12-03 11:26:12,056 - INFO -   - 券 120/230 选中节点 2005, 新增覆盖 7
2025-12-03 11:26:12,101 - INFO -   - 券 121/230 选中节点 4029, 新增覆盖 7
2025-12-03 11:26:12,175 - INFO -   - 券 122/230 选中节点 3812, 新增覆盖 6
2025-12-03 11:26:12,275 - INFO -   - 券 123/230 选中节点 662, 新增覆盖 7
2025-12-03 11:26:12,334 - INFO -   - 券 124/230 选中节点 3822, 新增覆盖 6
2025-12-03 11:26:12,455 - INFO -   - 券 125/230 选中节点 255, 新增覆盖 6
2025-12-03 11:26:12,508 - INFO -   - 券 126/230 选中节点 233, 新增覆盖 5
2025-12-03 11:26:12,561 - INFO -   - 券 127/230 选中节点 710, 新增覆盖 6
2025-12-03 11:26:12,609 - INFO -   - 券 128/230 选中节点 1820, 新增覆盖 5
2025-12-03 11:26:12,700 - INFO -   - 券 129/230 选中节点 880, 新增覆盖 6
2025-12-03 11:26:12,792 - INFO -   - 券 130/230 选中节点 2421, 新增覆盖 5
2025-12-03 11:26:12,868 - INFO -   - 券 131/230 选中节点 153, 新增覆盖 6
2025-12-03 11:26:12,973 - INFO -   - 券 132/230 选中节点 2670, 新增覆盖 5
2025-12-03 11:26:13,023 - INFO -   - 券 133/230 选中节点 1541, 新增覆盖 4
2025-12-03 11:26:13,097 - INFO -   - 券 134/230 选中节点 247, 新增覆盖 5
2025-12-03 11:26:13,219 - INFO -   - 券 135/230 选中节点 3620, 新增覆盖 6
2025-12-03 11:26:13,299 - INFO -   - 券 136/230 选中节点 3698, 新增覆盖 5
2025-12-03 11:26:13,418 - INFO -   - 券 137/230 选中节点 1717, 新增覆盖 6
2025-12-03 11:26:13,529 - INFO -   - 券 138/230 选中节点 1526, 新增覆盖 5
2025-12-03 11:26:13,597 - INFO -   - 券 139/230 选中节点 1562, 新增覆盖 6
2025-12-03 11:26:13,669 - INFO -   - 券 140/230 选中节点 1572, 新增覆盖 6
2025-12-03 11:26:13,756 - INFO -   - 券 141/230 选中节点 160, 新增覆盖 5
2025-12-03 11:26:13,820 - INFO -   - 券 142/230 选中节点 2424, 新增覆盖 5
2025-12-03 11:26:13,904 - INFO -   - 券 143/230 选中节点 1609, 新增覆盖 5
2025-12-03 11:26:13,987 - INFO -   - 券 144/230 选中节点 240, 新增覆盖 5
2025-12-03 11:26:14,054 - INFO -   - 券 145/230 选中节点 1829, 新增覆盖 6
2025-12-03 11:26:14,149 - INFO -   - 券 146/230 选中节点 174, 新增覆盖 6
2025-12-03 11:26:14,245 - INFO -   - 券 147/230 选中节点 1175, 新增覆盖 6
2025-12-03 11:26:14,334 - INFO -   - 券 148/230 选中节点 2361, 新增覆盖 5
2025-12-03 11:26:14,423 - INFO -   - 券 149/230 选中节点 2661, 新增覆盖 5
2025-12-03 11:26:14,507 - INFO -   - 券 150/230 选中节点 4017, 新增覆盖 6
2025-12-03 11:26:14,585 - INFO -   - 券 151/230 选中节点 1895, 新增覆盖 5
2025-12-03 11:26:14,701 - INFO -   - 券 152/230 选中节点 282, 新增覆盖 6
2025-12-03 11:26:14,799 - INFO -   - 券 153/230 选中节点 1032, 新增覆盖 5
2025-12-03 11:26:14,878 - INFO -   - 券 154/230 选中节点 1178, 新增覆盖 6
2025-12-03 11:26:14,958 - INFO -   - 券 155/230 选中节点 3930, 新增覆盖 6
2025-12-03 11:26:15,053 - INFO -   - 券 156/230 选中节点 2580, 新增覆盖 5
2025-12-03 11:26:15,189 - INFO -   - 券 157/230 选中节点 3978, 新增覆盖 7
2025-12-03 11:26:15,310 - INFO -   - 券 158/230 选中节点 183, 新增覆盖 6
2025-12-03 11:26:15,382 - INFO -   - 券 159/230 选中节点 147, 新增覆盖 5
2025-12-03 11:26:15,484 - INFO -   - 券 160/230 选中节点 1880, 新增覆盖 5
2025-12-03 11:26:15,537 - INFO -   - 券 161/230 选中节点 2030, 新增覆盖 5
2025-12-03 11:26:15,647 - INFO -   - 券 162/230 选中节点 748, 新增覆盖 6
2025-12-03 11:26:15,749 - INFO -   - 券 163/230 选中节点 551, 新增覆盖 5
2025-12-03 11:26:15,882 - INFO -   - 券 164/230 选中节点 49, 新增覆盖 5
2025-12-03 11:26:15,943 - INFO -   - 券 165/230 选中节点 3876, 新增覆盖 4
2025-12-03 11:26:16,036 - INFO -   - 券 166/230 选中节点 155, 新增覆盖 6
2025-12-03 11:26:16,135 - INFO -   - 券 167/230 选中节点 145, 新增覆盖 4
2025-12-03 11:26:16,259 - INFO -   - 券 168/230 选中节点 4008, 新增覆盖 6
2025-12-03 11:26:16,356 - INFO -   - 券 169/230 选中节点 3272, 新增覆盖 5
2025-12-03 11:26:16,472 - INFO -   - 券 170/230 选中节点 154, 新增覆盖 7
2025-12-03 11:26:16,549 - INFO -   - 券 171/230 选中节点 1240, 新增覆盖 4
2025-12-03 11:26:16,637 - INFO -   - 券 172/230 选中节点 4033, 新增覆盖 6
2025-12-03 11:26:16,819 - INFO -   - 券 173/230 选中节点 3815, 新增覆盖 5
2025-12-03 11:26:16,946 - INFO -   - 券 174/230 选中节点 4009, 新增覆盖 5
2025-12-03 11:26:17,032 - INFO -   - 券 175/230 选中节点 2014, 新增覆盖 4
2025-12-03 11:26:17,149 - INFO -   - 券 176/230 选中节点 1844, 新增覆盖 5
2025-12-03 11:26:17,218 - INFO -   - 券 177/230 选中节点 1997, 新增覆盖 5
2025-12-03 11:26:17,308 - INFO -   - 券 178/230 选中节点 2023, 新增覆盖 4
2025-12-03 11:26:17,437 - INFO -   - 券 179/230 选中节点 61, 新增覆盖 6
2025-12-03 11:26:17,556 - INFO -   - 券 180/230 选中节点 631, 新增覆盖 7
2025-12-03 11:26:17,663 - INFO -   - 券 181/230 选中节点 70, 新增覆盖 6
2025-12-03 11:26:17,826 - INFO -   - 券 182/230 选中节点 3509, 新增覆盖 4
2025-12-03 11:26:17,909 - INFO -   - 券 183/230 选中节点 182, 新增覆盖 5
2025-12-03 11:26:17,991 - INFO -   - 券 184/230 选中节点 3082, 新增覆盖 5
2025-12-03 11:26:18,063 - INFO -   - 券 185/230 选中节点 3274, 新增覆盖 4
2025-12-03 11:26:18,194 - INFO -   - 券 186/230 选中节点 237, 新增覆盖 5
2025-12-03 11:26:18,275 - INFO -   - 券 187/230 选中节点 97, 新增覆盖 5
2025-12-03 11:26:18,353 - INFO -   - 券 188/230 选中节点 2553, 新增覆盖 4
2025-12-03 11:26:18,440 - INFO -   - 券 189/230 选中节点 1599, 新增覆盖 6
2025-12-03 11:26:18,552 - INFO -   - 券 190/230 选中节点 3994, 新增覆盖 5
2025-12-03 11:26:18,668 - INFO -   - 券 191/230 选中节点 4015, 新增覆盖 6
2025-12-03 11:26:18,802 - INFO -   - 券 192/230 选中节点 47, 新增覆盖 5
2025-12-03 11:26:18,928 - INFO -   - 券 193/230 选中节点 2789, 新增覆盖 5
2025-12-03 11:26:19,047 - INFO -   - 券 194/230 选中节点 321, 新增覆盖 6
2025-12-03 11:26:19,154 - INFO -   - 券 195/230 选中节点 3982, 新增覆盖 6
2025-12-03 11:26:19,236 - INFO -   - 券 196/230 选中节点 3725, 新增覆盖 6
2025-12-03 11:26:19,321 - INFO -   - 券 197/230 选中节点 81, 新增覆盖 4
2025-12-03 11:26:19,424 - INFO -   - 券 198/230 选中节点 3997, 新增覆盖 5
2025-12-03 11:26:19,512 - INFO -   - 券 199/230 选中节点 192, 新增覆盖 5
2025-12-03 11:26:19,641 - INFO -   - 券 200/230 选中节点 279, 新增覆盖 5
2025-12-03 11:26:19,722 - INFO -   - 券 201/230 选中节点 1650, 新增覆盖 4
2025-12-03 11:26:19,809 - INFO -   - 券 202/230 选中节点 228, 新增覆盖 5
2025-12-03 11:26:19,898 - INFO -   - 券 203/230 选中节点 719, 新增覆盖 4
2025-12-03 11:26:20,020 - INFO -   - 券 204/230 选中节点 256, 新增覆盖 4
2025-12-03 11:26:20,232 - INFO -   - 券 205/230 选中节点 58, 新增覆盖 6
2025-12-03 11:26:20,350 - INFO -   - 券 206/230 选中节点 301, 新增覆盖 6
2025-12-03 11:26:20,446 - INFO -   - 券 207/230 选中节点 289, 新增覆盖 4
2025-12-03 11:26:20,574 - INFO -   - 券 208/230 选中节点 4026, 新增覆盖 5
2025-12-03 11:26:20,690 - INFO -   - 券 209/230 选中节点 35, 新增覆盖 5
2025-12-03 11:26:20,842 - INFO -   - 券 210/230 选中节点 2271, 新增覆盖 4
2025-12-03 11:26:20,938 - INFO -   - 券 211/230 选中节点 3711, 新增覆盖 6
2025-12-03 11:26:21,066 - INFO -   - 券 212/230 选中节点 209, 新增覆盖 7
2025-12-03 11:26:21,211 - INFO -   - 券 213/230 选中节点 839, 新增覆盖 5
2025-12-03 11:26:21,299 - INFO -   - 券 214/230 选中节点 1072, 新增覆盖 5
2025-12-03 11:26:21,525 - INFO -   - 券 215/230 选中节点 3953, 新增覆盖 6
2025-12-03 11:26:21,616 - INFO -   - 券 216/230 选中节点 253, 新增覆盖 4
2025-12-03 11:26:21,746 - INFO -   - 券 217/230 选中节点 76, 新增覆盖 4
2025-12-03 11:26:21,917 - INFO -   - 券 218/230 选中节点 3955, 新增覆盖 4
2025-12-03 11:26:22,063 - INFO -   - 券 219/230 选中节点 3993, 新增覆盖 5
2025-12-03 11:26:22,175 - INFO -   - 券 220/230 选中节点 1889, 新增覆盖 4
2025-12-03 11:26:22,271 - INFO -   - 券 221/230 选中节点 3713, 新增覆盖 6
2025-12-03 11:26:22,404 - INFO -   - 券 222/230 选中节点 52, 新增覆盖 5
2025-12-03 11:26:22,551 - INFO -   - 券 223/230 选中节点 1604, 新增覆盖 5
2025-12-03 11:26:22,734 - INFO -   - 券 224/230 选中节点 3678, 新增覆盖 6
2025-12-03 11:26:22,870 - INFO -   - 券 225/230 选中节点 513, 新增覆盖 5
2025-12-03 11:26:23,016 - INFO -   - 券 226/230 选中节点 1044, 新增覆盖 4
2025-12-03 11:26:23,174 - INFO -   - 券 227/230 选中节点 3598, 新增覆盖 4
2025-12-03 11:26:23,245 - INFO -   - 券 228/230 选中节点 1339, 新增覆盖 5
2025-12-03 11:26:23,333 - INFO -   - 券 229/230 选中节点 2799, 新增覆盖 6
2025-12-03 11:26:23,510 - INFO -   - 券 230/230 选中节点 3885, 新增覆盖 5
2025-12-03 11:26:23,511 - INFO - 选种完毕。耗时: 18.11 秒。
2025-12-03 11:26:23,542 - INFO - 最终选择的种子集: [4025, 3987, 3868, 210, 2021, 1837, 287, 4010, 1808, 335, 1764, 2612, 3139, 2575, 3497, 3059, 2754, 11, 3766, 18, 2036, 3676, 1763, 2037, 12, 1046, 692, 37, 1750, 2029, 3342, 4016, 3435, 1786, 4023, 3748, 1760, 605, 15, 3495, 404, 4030, 3603, 43, 1946, 1767, 2786, 4034, 1920, 4013, 3730, 267, 4012, 3965, 3950, 244, 3834, 292, 74, 4032, 1894, 286, 4035, 33, 205, 3943, 2711, 3415, 1812, 114, 1067, 582, 1696, 316, 3865, 215, 3335, 397, 2406, 3751, 1603, 872, 3764, 216, 3986, 881, 3961, 1902, 1793, 1746, 305, 241, 1776, 3866, 1888, 1543, 3859, 42, 1319, 157, 4003, 2006, 90, 762, 3195, 952, 3350, 1623, 138, 1550, 2357, 4036, 353, 1789, 3990, 1524, 1986, 2911, 293, 2005, 4029, 3812, 662, 3822, 255, 233, 710, 1820, 880, 2421, 153, 2670, 1541, 247, 3620, 3698, 1717, 1526, 1562, 1572, 160, 2424, 1609, 240, 1829, 174, 1175, 2361, 2661, 4017, 1895, 282, 1032, 1178, 3930, 2580, 3978, 183, 147, 1880, 2030, 748, 551, 49, 3876, 155, 145, 4008, 3272, 154, 1240, 4033, 3815, 4009, 2014, 1844, 1997, 2023, 61, 631, 70, 3509, 182, 3082, 3274, 237, 97, 2553, 1599, 3994, 4015, 47, 2789, 321, 3982, 3725, 81, 3997, 192, 279, 1650, 228, 719, 256, 58, 301, 289, 4026, 35, 2271, 3711, 209, 839, 1072, 3953, 253, 76, 3955, 3993, 1889, 3713, 52, 1604, 3678, 513, 1044, 3598, 1339, 2799, 3885]

2025-12-03 11:26:25,569 - INFO - 当前用时 60.30 秒
2025-12-03 11:26:25,570 - INFO - 将种子集 写入位置: /home/wen/pythonspace/data-test/facebook/2025-12-2/seeds-with-facebook/powerlaw_ris_coverage_seedNum-230_SSRNum-100000.txt
2025-12-03 11:26:25,571 - INFO - 评估种子集: None
2025-12-03 11:26:25,571 - INFO - 多进程评估开始，共有 5 个方法待评估...
2025-12-03 11:26:25,571 - INFO - 启动进程池，Worker数量: 5
2025-12-03 11:26:26,224 - INFO - [Process 1022457] 开始评估方法: random, 种子数: 230
2025-12-03 11:26:26,720 - INFO - [Process 1022458] 开始评估方法: degreeTopM, 种子数: 230
2025-12-03 11:26:27,218 - INFO - [Process 1022460] 开始评估方法: alpha_sort, 种子数: 230
2025-12-03 11:26:27,733 - INFO - [Process 1022461] 开始评估方法: importance_sort, 种子数: 230
2025-12-03 11:26:28,252 - INFO - [Process 1022462] 开始评估方法: ris_coverage, 种子数: 230
2025-12-03 11:29:43,174 - INFO - [Process 1022461] importance_sort - 15 sims 完成: E=153.93
2025-12-03 11:29:44,033 - INFO - [Process 1022462] ris_coverage - 15 sims 完成: E=152.20
2025-12-03 11:29:53,336 - INFO - [Process 1022460] alpha_sort - 15 sims 完成: E=153.93
2025-12-03 11:31:10,314 - INFO - [Process 1022457] random - 15 sims 完成: E=156.87
2025-12-03 11:32:47,381 - INFO - [Process 1022458] degreeTopM - 15 sims 完成: E=158.73
2025-12-03 11:32:47,408 - INFO - 所有进程执行完毕，开始写入数据...
2025-12-03 11:32:47,416 - INFO - 成功写入 5 条记录至 /home/wen/pythonspace/data-test/facebook/2025-12-2/E-activated-facebook/distribution-powerlaw/tsd_1.5--0.9--1.3/single_sim_func-AgainContinue/simuTimes-15_seedNum-230_monteCarloL-10_single_sim_func-AgainContinue_rrNumSamples-100000.csv
2025-12-03 11:32:47,416 - INFO - 保存评估文件至: /home/wen/pythonspace/data-test/facebook/2025-12-2/E-activated-facebook/distribution-powerlaw/tsd_1.5--0.9--1.3/single_sim_func-AgainContinue/simuTimes-15_seedNum-230_monteCarloL-10_single_sim_func-AgainContinue_rrNumSamples-100000.csv
