2026-01-05 22:37:47,340 - INFO - 加载数据集: network.netfacebookego
2026-01-05 22:37:47,341 - INFO - --- 矩阵分析 ---
2026-01-05 22:37:47,341 - INFO - 节点数 (N): 2888
2026-01-05 22:37:47,341 - INFO - 边数 (E): 5962
2026-01-05 22:37:47,341 - INFO - 密度 (Density): 0.00071482 (越小越稀疏)
2026-01-05 22:37:47,341 - INFO - 稀疏度 (Sparsity): 0.99928518 (越接近1越稀疏)
2026-01-05 22:37:47,341 - INFO - 平均度数 (Avg Degree): 2.06
2026-01-05 22:37:47,342 - INFO - 首次生成度相关概率分布 分布类型: 'random'.
2026-01-05 22:37:47,342 - INFO - ===> Generating 'Dirichlet' distributions with alpha=[500, 500, 500]...
2026-01-05 22:37:47,343 - INFO - 保存概率分布 文件位置: /root/pythonspace/data-test/network.netfacebookego/2026-1-6-[500,500,500]/distribution-in-network.netfacebookego/distribution-random_seedNum-50.pkl
2026-01-05 22:37:47,349 - INFO - 首次生成种子集 random
2026-01-05 22:37:47,349 - INFO - 执行当前算法开始: random
2026-01-05 22:37:47,349 - INFO - 数据集节点总数:  n = 2888, m = 50
2026-01-05 22:37:47,350 - INFO - 选择 50  [1873, 47, 90, 2532, 111, 1118, 34, 1331, 2672, 2037, 2666, 1769, 616, 1657, 2386, 1627, 1592, 1159, 805, 1173, 1462, 1490, 2322, 2402, 978, 163, 1920, 22, 2193, 61, 970, 2450, 152, 1687, 755, 1306, 747, 344, 234, 592, 2541, 1410, 2765, 1617, 483, 2115, 2139, 967, 258, 1292]

2026-01-05 22:37:47,350 - INFO - 当前用时 0.00 秒
2026-01-05 22:37:47,350 - INFO - 将种子集 写入位置: /root/pythonspace/data-test/network.netfacebookego/2026-1-6-[500,500,500]/seeds-with-network.netfacebookego/random_random_seedNum-50_SSRNum-100000.txt
2026-01-05 22:37:47,350 - INFO - 首次生成种子集 degreeTopM
2026-01-05 22:37:47,350 - INFO - 执行当前算法开始: degreeTopM
2026-01-05 22:37:47,350 - INFO - 依据: 选择连接数（度数）最多的节点。
2026-01-05 22:37:47,350 - INFO - 选择的 Top M 节点及其度数:
2026-01-05 22:37:47,350 - INFO - 
2026-01-05 22:37:47,350 - INFO - 当前用时 0.00 秒
2026-01-05 22:37:47,351 - INFO - 将种子集 写入位置: /root/pythonspace/data-test/network.netfacebookego/2026-1-6-[500,500,500]/seeds-with-network.netfacebookego/random_degreeTopM_seedNum-50_SSRNum-100000.txt
2026-01-05 22:37:47,351 - INFO - 首次生成种子集 pageRank
2026-01-05 22:37:47,351 - INFO - 执行当前算法开始: pageRank
2026-01-05 22:37:47,351 - INFO - --- Running: PageRank (on tranProMatrix) Top M ---
2026-01-05 22:37:47,458 - INFO - Selected PageRank seeds: [602, 1524, 287, 0, 709, 2686, 713, 2231, 2535, 2698, 246, 715, 718, 70, 710, 719, 34, 68, 334, 468, 492, 509, 525, 583, 593, 623, 638, 763, 89, 216, 2593, 711, 712, 714, 716, 717, 1523, 720, 721, 2697, 2708, 2713, 2719, 2729, 2745, 2747, 2753, 2772, 2774, 2776]
2026-01-05 22:37:47,459 - INFO - 当前用时 0.11 秒
2026-01-05 22:37:47,459 - INFO - 将种子集 写入位置: /root/pythonspace/data-test/network.netfacebookego/2026-1-6-[500,500,500]/seeds-with-network.netfacebookego/random_pageRank_seedNum-50_SSRNum-100000.txt
2026-01-05 22:37:47,460 - INFO - 首次生成种子集 alpha_sort
2026-01-05 22:37:47,460 - INFO - 执行当前算法开始: alpha_sort
2026-01-05 22:37:47,461 - INFO - 2888 个节点的alpha值降序排序 done
2026-01-05 22:37:47,461 - INFO - ==============>> [(1933, 0.3763306), (485, 0.3754572), (2643, 0.3748567), (1269, 0.3739881), (778, 0.3722106), (1844, 0.3701024), (1024, 0.3699251), (689, 0.369847), (726, 0.3690205), (2697, 0.3677996)]
2026-01-05 22:37:47,461 - INFO - 
选择的种子集 (按alpha排序): [1933, 485, 2643, 1269, 778, 1844, 1024, 689, 726, 2697, 934, 50, 665, 205, 1543, 1760, 1814, 939, 996, 1906, 599, 139, 2355, 1054, 2538, 998, 1407, 1955, 2268, 2825, 723, 2613, 1817, 2493, 108, 2178, 489, 1079, 1629, 2775, 433, 676, 2701, 2829, 1910, 1074, 2250, 894, 771, 1111]

2026-01-05 22:37:47,461 - INFO - 当前用时 0.00 秒
2026-01-05 22:37:47,461 - INFO - 将种子集 写入位置: /root/pythonspace/data-test/network.netfacebookego/2026-1-6-[500,500,500]/seeds-with-network.netfacebookego/random_alpha_sort_seedNum-50_SSRNum-100000.txt
2026-01-05 22:37:47,461 - INFO - 首次生成种子集 importance_sort
2026-01-05 22:37:47,462 - INFO - 执行当前算法开始: importance_sort
2026-01-05 22:37:47,796 - INFO - 2888 个节点的Importance值降序排序 done
2026-01-05 22:37:47,796 - INFO - 
选择的种子集 (按Importance排序): [50, 205, 139, 108, 269, 30, 109, 146, 114, 221, 15, 271, 12, 127, 68, 98, 232, 169, 41, 13, 183, 259, 63, 44, 36, 190, 160, 95, 140, 40, 287, 172, 279, 264, 35, 150, 64, 8, 177, 92, 128, 242, 42, 211, 148, 133, 249, 72, 53, 223]

2026-01-05 22:37:47,796 - INFO - 当前用时 0.33 秒
2026-01-05 22:37:47,796 - INFO - 将种子集 写入位置: /root/pythonspace/data-test/network.netfacebookego/2026-1-6-[500,500,500]/seeds-with-network.netfacebookego/random_importance_sort_seedNum-50_SSRNum-100000.txt
2026-01-05 22:37:47,796 - INFO - 首次生成种子集 ris_coverage
2026-01-05 22:37:47,796 - INFO - 执行当前算法开始: ris_coverage
2026-01-05 22:37:47,852 - INFO - 图初始化完成，节点数: 2888，CSR 矩阵准备就绪。
2026-01-05 22:37:47,852 - INFO - 
开始生成 100000 组 SSR (并行进程: 8)...
2026-01-05 22:37:57,056 - INFO - 生成完毕。耗时: 9.20 秒。
2026-01-05 22:37:57,057 - INFO - 
开始选择最优种子 (Optimized Greedy) ...
2026-01-05 22:38:05,645 - INFO -   - 券 1/50 选中节点 636, 新增覆盖 51
2026-01-05 22:38:05,656 - INFO -   - 券 2/50 选中节点 1829, 新增覆盖 49
2026-01-05 22:38:05,670 - INFO -   - 券 3/50 选中节点 2872, 新增覆盖 51
2026-01-05 22:38:05,684 - INFO -   - 券 4/50 选中节点 1997, 新增覆盖 53
2026-01-05 22:38:05,702 - INFO -   - 券 5/50 选中节点 1178, 新增覆盖 49
2026-01-05 22:38:05,723 - INFO -   - 券 6/50 选中节点 513, 新增覆盖 48
2026-01-05 22:38:05,750 - INFO -   - 券 7/50 选中节点 1190, 新增覆盖 49
2026-01-05 22:38:05,779 - INFO -   - 券 8/50 选中节点 299, 新增覆盖 50
2026-01-05 22:38:05,812 - INFO -   - 券 9/50 选中节点 231, 新增覆盖 49
2026-01-05 22:38:05,846 - INFO -   - 券 10/50 选中节点 2431, 新增覆盖 51
2026-01-05 22:38:05,886 - INFO -   - 券 11/50 选中节点 2833, 新增覆盖 49
2026-01-05 22:38:05,928 - INFO -   - 券 12/50 选中节点 2332, 新增覆盖 55
2026-01-05 22:38:05,972 - INFO -   - 券 13/50 选中节点 12, 新增覆盖 47
2026-01-05 22:38:06,020 - INFO -   - 券 14/50 选中节点 2363, 新增覆盖 41
2026-01-05 22:38:06,069 - INFO -   - 券 15/50 选中节点 2540, 新增覆盖 45
2026-01-05 22:38:06,124 - INFO -   - 券 16/50 选中节点 241, 新增覆盖 49
2026-01-05 22:38:06,182 - INFO -   - 券 17/50 选中节点 2543, 新增覆盖 46
2026-01-05 22:38:06,242 - INFO -   - 券 18/50 选中节点 2678, 新增覆盖 51
2026-01-05 22:38:06,305 - INFO -   - 券 19/50 选中节点 2709, 新增覆盖 45
2026-01-05 22:38:06,371 - INFO -   - 券 20/50 选中节点 2615, 新增覆盖 47
2026-01-05 22:38:06,443 - INFO -   - 券 21/50 选中节点 1497, 新增覆盖 43
2026-01-05 22:38:06,517 - INFO -   - 券 22/50 选中节点 2240, 新增覆盖 44
2026-01-05 22:38:06,597 - INFO -   - 券 23/50 选中节点 2101, 新增覆盖 43
2026-01-05 22:38:06,681 - INFO -   - 券 24/50 选中节点 2867, 新增覆盖 47
2026-01-05 22:38:06,766 - INFO -   - 券 25/50 选中节点 667, 新增覆盖 44
2026-01-05 22:38:06,854 - INFO -   - 券 26/50 选中节点 1672, 新增覆盖 43
2026-01-05 22:38:06,944 - INFO -   - 券 27/50 选中节点 176, 新增覆盖 41
2026-01-05 22:38:07,040 - INFO -   - 券 28/50 选中节点 2464, 新增覆盖 43
2026-01-05 22:38:07,137 - INFO -   - 券 29/50 选中节点 137, 新增覆盖 44
2026-01-05 22:38:07,236 - INFO -   - 券 30/50 选中节点 2035, 新增覆盖 47
2026-01-05 22:38:07,340 - INFO -   - 券 31/50 选中节点 2284, 新增覆盖 46
2026-01-05 22:38:07,448 - INFO -   - 券 32/50 选中节点 2523, 新增覆盖 44
2026-01-05 22:38:07,560 - INFO -   - 券 33/50 选中节点 2730, 新增覆盖 39
2026-01-05 22:38:07,676 - INFO -   - 券 34/50 选中节点 423, 新增覆盖 44
2026-01-05 22:38:07,793 - INFO -   - 券 35/50 选中节点 2557, 新增覆盖 43
2026-01-05 22:38:07,914 - INFO -   - 券 36/50 选中节点 1289, 新增覆盖 43
2026-01-05 22:38:08,040 - INFO -   - 券 37/50 选中节点 1144, 新增覆盖 39
2026-01-05 22:38:08,170 - INFO -   - 券 38/50 选中节点 770, 新增覆盖 37
2026-01-05 22:38:08,304 - INFO -   - 券 39/50 选中节点 2679, 新增覆盖 39
2026-01-05 22:38:08,441 - INFO -   - 券 40/50 选中节点 365, 新增覆盖 42
2026-01-05 22:38:08,582 - INFO -   - 券 41/50 选中节点 2359, 新增覆盖 40
2026-01-05 22:38:08,725 - INFO -   - 券 42/50 选中节点 2816, 新增覆盖 41
2026-01-05 22:38:08,873 - INFO -   - 券 43/50 选中节点 1574, 新增覆盖 40
2026-01-05 22:38:09,022 - INFO -   - 券 44/50 选中节点 2140, 新增覆盖 37
2026-01-05 22:38:09,174 - INFO -   - 券 45/50 选中节点 38, 新增覆盖 41
2026-01-05 22:38:09,332 - INFO -   - 券 46/50 选中节点 491, 新增覆盖 37
2026-01-05 22:38:09,495 - INFO -   - 券 47/50 选中节点 2143, 新增覆盖 49
2026-01-05 22:38:09,658 - INFO -   - 券 48/50 选中节点 274, 新增覆盖 41
2026-01-05 22:38:09,822 - INFO -   - 券 49/50 选中节点 2262, 新增覆盖 42
2026-01-05 22:38:09,997 - INFO -   - 券 50/50 选中节点 568, 新增覆盖 38
2026-01-05 22:38:09,997 - INFO - 选种完毕。耗时: 12.94 秒。
2026-01-05 22:38:10,145 - INFO - 最终选择的种子集: [636, 1829, 2872, 1997, 1178, 513, 1190, 299, 231, 2431, 2833, 2332, 12, 2363, 2540, 241, 2543, 2678, 2709, 2615, 1497, 2240, 2101, 2867, 667, 1672, 176, 2464, 137, 2035, 2284, 2523, 2730, 423, 2557, 1289, 1144, 770, 2679, 365, 2359, 2816, 1574, 2140, 38, 491, 2143, 274, 2262, 568]

2026-01-05 22:38:10,572 - INFO - 当前用时 22.78 秒
2026-01-05 22:38:10,572 - INFO - 将种子集 写入位置: /root/pythonspace/data-test/network.netfacebookego/2026-1-6-[500,500,500]/seeds-with-network.netfacebookego/random_ris_coverage_seedNum-50_SSRNum-100000.txt
2026-01-05 22:38:10,573 - INFO - 评估种子集: None
2026-01-05 22:38:10,573 - INFO - 多进程评估开始，共有 6 个方法待评估...
2026-01-05 22:38:10,573 - INFO - 启动进程池，Worker数量: 6
2026-01-05 22:38:10,830 - INFO - [Process 10082] 开始评估方法: random, 种子数: 50
2026-01-05 22:38:10,972 - INFO - [Process 10083] 开始评估方法: degreeTopM, 种子数: 50
2026-01-05 22:38:11,135 - INFO - [Process 10084] 开始评估方法: pageRank, 种子数: 50
2026-01-05 22:38:11,250 - INFO - [Process 10085] 开始评估方法: alpha_sort, 种子数: 50
2026-01-05 22:38:11,382 - INFO - [Process 10086] 开始评估方法: importance_sort, 种子数: 50
2026-01-05 22:38:11,510 - INFO - [Process 10087] 开始评估方法: ris_coverage, 种子数: 50
2026-01-05 22:38:11,932 - INFO - [Process 10082] random - 1000 sims 完成: E=22.63
2026-01-05 22:38:11,976 - INFO - [Process 10083] degreeTopM - 1000 sims 完成: E=21.82
2026-01-05 22:38:12,091 - INFO - [Process 10084] pageRank - 1000 sims 完成: E=22.08
2026-01-05 22:38:12,161 - INFO - [Process 10085] alpha_sort - 1000 sims 完成: E=24.03
2026-01-05 22:38:12,314 - INFO - [Process 10086] importance_sort - 1000 sims 完成: E=20.62
2026-01-05 22:38:12,444 - INFO - [Process 10087] ris_coverage - 1000 sims 完成: E=23.47
2026-01-05 22:38:12,453 - INFO - 所有进程执行完毕，开始写入数据...
2026-01-05 22:38:12,459 - INFO - 成功写入 6 条记录至 /root/pythonspace/data-test/network.netfacebookego/2026-1-6-[500,500,500]/E-activated-network.netfacebookego/distribution-random/simuTimes-1000_random-dirichlet-[500, 500, 500]_rrNumSamples-100000.csv
2026-01-05 22:38:12,459 - INFO - 保存评估文件至: /root/pythonspace/data-test/network.netfacebookego/2026-1-6-[500,500,500]/E-activated-network.netfacebookego/distribution-random/simuTimes-1000_random-dirichlet-[500, 500, 500]_rrNumSamples-100000.csv
2026-01-05 22:38:12,462 - INFO - 加载数据集: network.netfacebookego
2026-01-05 22:38:12,462 - INFO - --- 矩阵分析 ---
2026-01-05 22:38:12,462 - INFO - 节点数 (N): 2888
2026-01-05 22:38:12,462 - INFO - 边数 (E): 5962
2026-01-05 22:38:12,462 - INFO - 密度 (Density): 0.00071482 (越小越稀疏)
2026-01-05 22:38:12,462 - INFO - 稀疏度 (Sparsity): 0.99928518 (越接近1越稀疏)
2026-01-05 22:38:12,462 - INFO - 平均度数 (Avg Degree): 2.06
2026-01-05 22:38:12,463 - INFO - 首次生成度相关概率分布 分布类型: 'random'.
2026-01-05 22:38:12,463 - INFO - ===> Generating 'Dirichlet' distributions with alpha=[500, 500, 500]...
2026-01-05 22:38:12,464 - INFO - 保存概率分布 文件位置: /root/pythonspace/data-test/network.netfacebookego/2026-1-6-[500,500,500]/distribution-in-network.netfacebookego/distribution-random_seedNum-100.pkl
2026-01-05 22:38:12,471 - INFO - 首次生成种子集 random
2026-01-05 22:38:12,471 - INFO - 执行当前算法开始: random
2026-01-05 22:38:12,471 - INFO - 数据集节点总数:  n = 2888, m = 100
2026-01-05 22:38:12,471 - INFO - 选择 100  [838, 549, 2489, 2590, 2686, 1908, 1379, 828, 2588, 1604, 2688, 1016, 2436, 2252, 1509, 11, 2000, 2555, 2002, 2560, 1844, 261, 56, 1642, 727, 2388, 1954, 1265, 1769, 284, 2721, 2296, 2428, 1391, 2699, 1803, 801, 665, 499, 59, 1398, 2143, 451, 1162, 633, 2173, 1241, 106, 1262, 459, 2764, 2722, 980, 540, 2425, 904, 30, 2475, 2246, 1338, 1631, 216, 1013, 1882, 2823, 2215, 705, 1990, 767, 542, 471, 878, 1256, 1878, 2333, 161, 2045, 2675, 472, 950, 286, 1770, 1921, 1771, 2400, 2714, 2411, 2846, 152, 257, 2011, 326, 1157, 380, 2394, 2733, 559, 2354, 642, 1784]

2026-01-05 22:38:12,471 - INFO - 当前用时 0.00 秒
2026-01-05 22:38:12,472 - INFO - 将种子集 写入位置: /root/pythonspace/data-test/network.netfacebookego/2026-1-6-[500,500,500]/seeds-with-network.netfacebookego/random_random_seedNum-100_SSRNum-100000.txt
2026-01-05 22:38:12,472 - INFO - 首次生成种子集 degreeTopM
2026-01-05 22:38:12,472 - INFO - 执行当前算法开始: degreeTopM
2026-01-05 22:38:12,472 - INFO - 依据: 选择连接数（度数）最多的节点。
2026-01-05 22:38:12,472 - INFO - 选择的 Top M 节点及其度数:
2026-01-05 22:38:12,472 - INFO - 
2026-01-05 22:38:12,472 - INFO - 当前用时 0.00 秒
2026-01-05 22:38:12,472 - INFO - 将种子集 写入位置: /root/pythonspace/data-test/network.netfacebookego/2026-1-6-[500,500,500]/seeds-with-network.netfacebookego/random_degreeTopM_seedNum-100_SSRNum-100000.txt
2026-01-05 22:38:12,472 - INFO - 首次生成种子集 pageRank
2026-01-05 22:38:12,473 - INFO - 执行当前算法开始: pageRank
2026-01-05 22:38:12,473 - INFO - --- Running: PageRank (on tranProMatrix) Top M ---
2026-01-05 22:38:12,561 - INFO - Selected PageRank seeds: [602, 1524, 287, 0, 709, 2686, 713, 2231, 2535, 2698, 246, 715, 718, 70, 710, 719, 34, 68, 334, 468, 492, 509, 525, 583, 593, 623, 638, 763, 89, 216, 2593, 711, 712, 714, 716, 717, 1523, 720, 721, 2697, 2708, 2713, 2719, 2729, 2745, 2747, 2753, 2772, 2774, 2776, 2800, 2803, 2804, 2805, 2810, 2823, 2825, 2828, 2830, 2840, 2856, 2347, 2350, 2351, 2353, 2355, 2365, 2368, 2369, 2374, 2385, 2393, 2394, 2398, 2401, 2404, 2406, 2408, 2430, 2433, 2443, 2451, 2460, 2464, 2468, 2474, 2481, 2482, 2483, 2491, 2508, 2510, 2517, 2520, 2522, 2523, 2525, 2529, 2536, 2537]
2026-01-05 22:38:12,562 - INFO - 当前用时 0.09 秒
2026-01-05 22:38:12,562 - INFO - 将种子集 写入位置: /root/pythonspace/data-test/network.netfacebookego/2026-1-6-[500,500,500]/seeds-with-network.netfacebookego/random_pageRank_seedNum-100_SSRNum-100000.txt
2026-01-05 22:38:12,563 - INFO - 首次生成种子集 alpha_sort
2026-01-05 22:38:12,563 - INFO - 执行当前算法开始: alpha_sort
2026-01-05 22:38:12,564 - INFO - 2888 个节点的alpha值降序排序 done
2026-01-05 22:38:12,564 - INFO - ==============>> [(2742, 0.375283), (1129, 0.3742711), (2159, 0.370274), (1947, 0.3695294), (394, 0.3683571), (771, 0.3679205), (2615, 0.3677279), (0, 0.3676087), (2844, 0.3673407), (2681, 0.3672522)]
2026-01-05 22:38:12,564 - INFO - 
选择的种子集 (按alpha排序): [2742, 1129, 2159, 1947, 394, 771, 2615, 0, 2844, 2681, 1036, 1638, 1512, 852, 2827, 63, 1400, 1969, 2601, 2509, 2146, 697, 448, 2656, 879, 1534, 1574, 1043, 1453, 626, 339, 2856, 1884, 1478, 1679, 2435, 78, 678, 436, 2019, 1118, 2723, 2052, 1589, 1039, 2498, 2101, 2518, 2756, 299, 246, 809, 2134, 833, 1805, 2263, 2069, 1962, 1496, 659, 2499, 367, 1899, 1238, 2819, 2753, 2718, 1773, 2215, 1717, 1372, 1904, 2240, 1335, 121, 2058, 779, 1739, 1644, 2492, 1011, 511, 2336, 2360, 1886, 1434, 893, 2264, 623, 2507, 364, 273, 57, 2151, 2036, 2152, 2547, 2174, 818, 2462]

2026-01-05 22:38:12,564 - INFO - 当前用时 0.00 秒
2026-01-05 22:38:12,564 - INFO - 将种子集 写入位置: /root/pythonspace/data-test/network.netfacebookego/2026-1-6-[500,500,500]/seeds-with-network.netfacebookego/random_alpha_sort_seedNum-100_SSRNum-100000.txt
2026-01-05 22:38:12,565 - INFO - 首次生成种子集 importance_sort
2026-01-05 22:38:12,565 - INFO - 执行当前算法开始: importance_sort
2026-01-05 22:38:12,899 - INFO - 2888 个节点的Importance值降序排序 done
2026-01-05 22:38:12,899 - INFO - 
选择的种子集 (按Importance排序): [63, 78, 246, 121, 273, 57, 41, 104, 223, 39, 239, 6, 25, 45, 283, 35, 234, 80, 279, 58, 218, 148, 90, 177, 48, 73, 55, 119, 113, 244, 20, 23, 262, 52, 231, 44, 144, 256, 162, 72, 193, 101, 36, 180, 247, 221, 30, 103, 97, 106, 276, 176, 251, 49, 70, 56, 92, 155, 74, 282, 38, 134, 40, 42, 19, 157, 16, 142, 164, 275, 243, 168, 252, 100, 32, 95, 211, 127, 5, 181, 69, 62, 8, 75, 278, 128, 21, 263, 219, 145, 187, 79, 174, 85, 47, 124, 217, 87, 287, 12]

2026-01-05 22:38:12,899 - INFO - 当前用时 0.33 秒
2026-01-05 22:38:12,900 - INFO - 将种子集 写入位置: /root/pythonspace/data-test/network.netfacebookego/2026-1-6-[500,500,500]/seeds-with-network.netfacebookego/random_importance_sort_seedNum-100_SSRNum-100000.txt
2026-01-05 22:38:12,900 - INFO - 首次生成种子集 ris_coverage
2026-01-05 22:38:12,900 - INFO - 执行当前算法开始: ris_coverage
2026-01-05 22:38:12,954 - INFO - 图初始化完成，节点数: 2888，CSR 矩阵准备就绪。
2026-01-05 22:38:12,954 - INFO - 
开始生成 100000 组 SSR (并行进程: 8)...
2026-01-05 22:38:27,383 - INFO - 生成完毕。耗时: 14.43 秒。
2026-01-05 22:38:27,384 - INFO - 
开始选择最优种子 (Optimized Greedy) ...
2026-01-05 22:38:38,193 - INFO -   - 券 1/100 选中节点 903, 新增覆盖 50
2026-01-05 22:38:38,203 - INFO -   - 券 2/100 选中节点 2642, 新增覆盖 51
2026-01-05 22:38:38,213 - INFO -   - 券 3/100 选中节点 121, 新增覆盖 61
2026-01-05 22:38:38,224 - INFO -   - 券 4/100 选中节点 2863, 新增覆盖 58
2026-01-05 22:38:38,239 - INFO -   - 券 5/100 选中节点 2695, 新增覆盖 52
2026-01-05 22:38:38,254 - INFO -   - 券 6/100 选中节点 2524, 新增覆盖 57
2026-01-05 22:38:38,270 - INFO -   - 券 7/100 选中节点 348, 新增覆盖 54
2026-01-05 22:38:38,288 - INFO -   - 券 8/100 选中节点 970, 新增覆盖 51
2026-01-05 22:38:38,307 - INFO -   - 券 9/100 选中节点 2579, 新增覆盖 57
2026-01-05 22:38:38,329 - INFO -   - 券 10/100 选中节点 2872, 新增覆盖 46
2026-01-05 22:38:38,353 - INFO -   - 券 11/100 选中节点 37, 新增覆盖 51
2026-01-05 22:38:38,378 - INFO -   - 券 12/100 选中节点 2360, 新增覆盖 47
2026-01-05 22:38:38,404 - INFO -   - 券 13/100 选中节点 2023, 新增覆盖 53
2026-01-05 22:38:38,432 - INFO -   - 券 14/100 选中节点 552, 新增覆盖 44
2026-01-05 22:38:38,462 - INFO -   - 券 15/100 选中节点 2830, 新增覆盖 50
2026-01-05 22:38:38,492 - INFO -   - 券 16/100 选中节点 2562, 新增覆盖 47
2026-01-05 22:38:38,524 - INFO -   - 券 17/100 选中节点 1170, 新增覆盖 42
2026-01-05 22:38:38,557 - INFO -   - 券 18/100 选中节点 489, 新增覆盖 49
2026-01-05 22:38:38,591 - INFO -   - 券 19/100 选中节点 2264, 新增覆盖 46
2026-01-05 22:38:38,627 - INFO -   - 券 20/100 选中节点 1532, 新增覆盖 48
2026-01-05 22:38:38,663 - INFO -   - 券 21/100 选中节点 64, 新增覆盖 49
2026-01-05 22:38:38,701 - INFO -   - 券 22/100 选中节点 2641, 新增覆盖 42
2026-01-05 22:38:38,744 - INFO -   - 券 23/100 选中节点 2619, 新增覆盖 39
2026-01-05 22:38:38,784 - INFO -   - 券 24/100 选中节点 2250, 新增覆盖 44
2026-01-05 22:38:38,826 - INFO -   - 券 25/100 选中节点 149, 新增覆盖 42
2026-01-05 22:38:38,869 - INFO -   - 券 26/100 选中节点 2572, 新增覆盖 44
2026-01-05 22:38:38,913 - INFO -   - 券 27/100 选中节点 2507, 新增覆盖 42
2026-01-05 22:38:38,961 - INFO -   - 券 28/100 选中节点 2734, 新增覆盖 40
2026-01-05 22:38:39,013 - INFO -   - 券 29/100 选中节点 2296, 新增覆盖 41
2026-01-05 22:38:39,065 - INFO -   - 券 30/100 选中节点 2687, 新增覆盖 40
2026-01-05 22:38:39,118 - INFO -   - 券 31/100 选中节点 2812, 新增覆盖 39
2026-01-05 22:38:39,191 - INFO -   - 券 32/100 选中节点 649, 新增覆盖 39
2026-01-05 22:38:39,257 - INFO -   - 券 33/100 选中节点 2649, 新增覆盖 40
2026-01-05 22:38:39,317 - INFO -   - 券 34/100 选中节点 879, 新增覆盖 43
2026-01-05 22:38:39,377 - INFO -   - 券 35/100 选中节点 2708, 新增覆盖 42
2026-01-05 22:38:39,442 - INFO -   - 券 36/100 选中节点 1224, 新增覆盖 42
2026-01-05 22:38:39,512 - INFO -   - 券 37/100 选中节点 906, 新增覆盖 40
2026-01-05 22:38:39,578 - INFO -   - 券 38/100 选中节点 1726, 新增覆盖 41
2026-01-05 22:38:39,646 - INFO -   - 券 39/100 选中节点 1748, 新增覆盖 45
2026-01-05 22:38:39,714 - INFO -   - 券 40/100 选中节点 464, 新增覆盖 44
2026-01-05 22:38:39,787 - INFO -   - 券 41/100 选中节点 2443, 新增覆盖 37
2026-01-05 22:38:39,858 - INFO -   - 券 42/100 选中节点 2300, 新增覆盖 44
2026-01-05 22:38:39,933 - INFO -   - 券 43/100 选中节点 1324, 新增覆盖 42
2026-01-05 22:38:40,010 - INFO -   - 券 44/100 选中节点 2391, 新增覆盖 43
2026-01-05 22:38:40,084 - INFO -   - 券 45/100 选中节点 675, 新增覆盖 43
2026-01-05 22:38:40,161 - INFO -   - 券 46/100 选中节点 2787, 新增覆盖 40
2026-01-05 22:38:40,253 - INFO -   - 券 47/100 选中节点 279, 新增覆盖 42
2026-01-05 22:38:40,345 - INFO -   - 券 48/100 选中节点 549, 新增覆盖 39
2026-01-05 22:38:40,433 - INFO -   - 券 49/100 选中节点 558, 新增覆盖 46
2026-01-05 22:38:40,518 - INFO -   - 券 50/100 选中节点 2466, 新增覆盖 42
2026-01-05 22:38:40,604 - INFO -   - 券 51/100 选中节点 450, 新增覆盖 40
2026-01-05 22:38:40,693 - INFO -   - 券 52/100 选中节点 2742, 新增覆盖 39
2026-01-05 22:38:40,782 - INFO -   - 券 53/100 选中节点 2077, 新增覆盖 41
2026-01-05 22:38:40,874 - INFO -   - 券 54/100 选中节点 2887, 新增覆盖 39
2026-01-05 22:38:40,966 - INFO -   - 券 55/100 选中节点 2416, 新增覆盖 41
2026-01-05 22:38:41,064 - INFO -   - 券 56/100 选中节点 70, 新增覆盖 39
2026-01-05 22:38:41,162 - INFO -   - 券 57/100 选中节点 1859, 新增覆盖 40
2026-01-05 22:38:41,265 - INFO -   - 券 58/100 选中节点 2481, 新增覆盖 42
2026-01-05 22:38:41,387 - INFO -   - 券 59/100 选中节点 2727, 新增覆盖 39
2026-01-05 22:38:41,500 - INFO -   - 券 60/100 选中节点 1533, 新增覆盖 41
2026-01-05 22:38:41,612 - INFO -   - 券 61/100 选中节点 1690, 新增覆盖 41
2026-01-05 22:38:41,719 - INFO -   - 券 62/100 选中节点 693, 新增覆盖 41
2026-01-05 22:38:41,825 - INFO -   - 券 63/100 选中节点 87, 新增覆盖 40
2026-01-05 22:38:41,932 - INFO -   - 券 64/100 选中节点 2615, 新增覆盖 36
2026-01-05 22:38:42,046 - INFO -   - 券 65/100 选中节点 1231, 新增覆盖 40
2026-01-05 22:38:42,159 - INFO -   - 券 66/100 选中节点 1145, 新增覆盖 40
2026-01-05 22:38:42,279 - INFO -   - 券 67/100 选中节点 2022, 新增覆盖 42
2026-01-05 22:38:42,417 - INFO -   - 券 68/100 选中节点 1262, 新增覆盖 37
2026-01-05 22:38:42,541 - INFO -   - 券 69/100 选中节点 33, 新增覆盖 40
2026-01-05 22:38:42,660 - INFO -   - 券 70/100 选中节点 2021, 新增覆盖 38
2026-01-05 22:38:42,780 - INFO -   - 券 71/100 选中节点 608, 新增覆盖 37
2026-01-05 22:38:42,901 - INFO -   - 券 72/100 选中节点 2469, 新增覆盖 40
2026-01-05 22:38:43,025 - INFO -   - 券 73/100 选中节点 1401, 新增覆盖 44
2026-01-05 22:38:43,148 - INFO -   - 券 74/100 选中节点 2860, 新增覆盖 41
2026-01-05 22:38:43,272 - INFO -   - 券 75/100 选中节点 2282, 新增覆盖 42
2026-01-05 22:38:43,404 - INFO -   - 券 76/100 选中节点 2554, 新增覆盖 36
2026-01-05 22:38:43,555 - INFO -   - 券 77/100 选中节点 2317, 新增覆盖 40
2026-01-05 22:38:43,693 - INFO -   - 券 78/100 选中节点 2120, 新增覆盖 41
2026-01-05 22:38:43,826 - INFO -   - 券 79/100 选中节点 2634, 新增覆盖 42
2026-01-05 22:38:43,958 - INFO -   - 券 80/100 选中节点 1038, 新增覆盖 38
2026-01-05 22:38:44,091 - INFO -   - 券 81/100 选中节点 2556, 新增覆盖 33
2026-01-05 22:38:44,233 - INFO -   - 券 82/100 选中节点 2412, 新增覆盖 41
2026-01-05 22:38:44,372 - INFO -   - 券 83/100 选中节点 1733, 新增覆盖 38
2026-01-05 22:38:44,514 - INFO -   - 券 84/100 选中节点 2514, 新增覆盖 41
2026-01-05 22:38:44,656 - INFO -   - 券 85/100 选中节点 781, 新增覆盖 41
2026-01-05 22:38:44,797 - INFO -   - 券 86/100 选中节点 398, 新增覆盖 41
2026-01-05 22:38:44,953 - INFO -   - 券 87/100 选中节点 1027, 新增覆盖 36
2026-01-05 22:38:45,097 - INFO -   - 券 88/100 选中节点 400, 新增覆盖 40
2026-01-05 22:38:45,262 - INFO -   - 券 89/100 选中节点 2854, 新增覆盖 40
2026-01-05 22:38:45,429 - INFO -   - 券 90/100 选中节点 1865, 新增覆盖 35
2026-01-05 22:38:45,587 - INFO -   - 券 91/100 选中节点 678, 新增覆盖 37
2026-01-05 22:38:45,736 - INFO -   - 券 92/100 选中节点 1597, 新增覆盖 37
2026-01-05 22:38:45,890 - INFO -   - 券 93/100 选中节点 1022, 新增覆盖 42
2026-01-05 22:38:46,043 - INFO -   - 券 94/100 选中节点 490, 新增覆盖 37
2026-01-05 22:38:46,198 - INFO -   - 券 95/100 选中节点 1468, 新增覆盖 36
2026-01-05 22:38:46,357 - INFO -   - 券 96/100 选中节点 2616, 新增覆盖 40
2026-01-05 22:38:46,519 - INFO -   - 券 97/100 选中节点 2703, 新增覆盖 38
2026-01-05 22:38:46,680 - INFO -   - 券 98/100 选中节点 2589, 新增覆盖 39
2026-01-05 22:38:46,842 - INFO -   - 券 99/100 选中节点 351, 新增覆盖 36
2026-01-05 22:38:47,010 - INFO -   - 券 100/100 选中节点 2738, 新增覆盖 36
2026-01-05 22:38:47,011 - INFO - 选种完毕。耗时: 19.63 秒。
2026-01-05 22:38:47,221 - INFO - 最终选择的种子集: [903, 2642, 121, 2863, 2695, 2524, 348, 970, 2579, 2872, 37, 2360, 2023, 552, 2830, 2562, 1170, 489, 2264, 1532, 64, 2641, 2619, 2250, 149, 2572, 2507, 2734, 2296, 2687, 2812, 649, 2649, 879, 2708, 1224, 906, 1726, 1748, 464, 2443, 2300, 1324, 2391, 675, 2787, 279, 549, 558, 2466, 450, 2742, 2077, 2887, 2416, 70, 1859, 2481, 2727, 1533, 1690, 693, 87, 2615, 1231, 1145, 2022, 1262, 33, 2021, 608, 2469, 1401, 2860, 2282, 2554, 2317, 2120, 2634, 1038, 2556, 2412, 1733, 2514, 781, 398, 1027, 400, 2854, 1865, 678, 1597, 1022, 490, 1468, 2616, 2703, 2589, 351, 2738]

2026-01-05 22:38:47,797 - INFO - 当前用时 34.90 秒
2026-01-05 22:38:47,797 - INFO - 将种子集 写入位置: /root/pythonspace/data-test/network.netfacebookego/2026-1-6-[500,500,500]/seeds-with-network.netfacebookego/random_ris_coverage_seedNum-100_SSRNum-100000.txt
2026-01-05 22:38:47,797 - INFO - 评估种子集: None
2026-01-05 22:38:47,797 - INFO - 多进程评估开始，共有 6 个方法待评估...
2026-01-05 22:38:47,797 - INFO - 启动进程池，Worker数量: 6
2026-01-05 22:38:48,085 - INFO - [Process 10219] 开始评估方法: random, 种子数: 100
2026-01-05 22:38:48,173 - INFO - [Process 10220] 开始评估方法: degreeTopM, 种子数: 100
2026-01-05 22:38:48,261 - INFO - [Process 10221] 开始评估方法: pageRank, 种子数: 100
2026-01-05 22:38:48,356 - INFO - [Process 10222] 开始评估方法: alpha_sort, 种子数: 100
2026-01-05 22:38:48,451 - INFO - [Process 10223] 开始评估方法: importance_sort, 种子数: 100
2026-01-05 22:38:48,540 - INFO - [Process 10224] 开始评估方法: ris_coverage, 种子数: 100
2026-01-05 22:38:49,916 - INFO - [Process 10219] random - 1000 sims 完成: E=43.13
2026-01-05 22:38:49,986 - INFO - [Process 10220] degreeTopM - 1000 sims 完成: E=41.76
2026-01-05 22:38:50,055 - INFO - [Process 10221] pageRank - 1000 sims 完成: E=41.85
2026-01-05 22:38:50,125 - INFO - [Process 10222] alpha_sort - 1000 sims 完成: E=45.35
2026-01-05 22:38:50,188 - INFO - [Process 10223] importance_sort - 1000 sims 完成: E=39.09
2026-01-05 22:38:50,344 - INFO - [Process 10224] ris_coverage - 1000 sims 完成: E=44.90
2026-01-05 22:38:50,368 - INFO - 所有进程执行完毕，开始写入数据...
2026-01-05 22:38:50,372 - INFO - 成功写入 6 条记录至 /root/pythonspace/data-test/network.netfacebookego/2026-1-6-[500,500,500]/E-activated-network.netfacebookego/distribution-random/simuTimes-1000_random-dirichlet-[500, 500, 500]_rrNumSamples-100000.csv
2026-01-05 22:38:50,373 - INFO - 保存评估文件至: /root/pythonspace/data-test/network.netfacebookego/2026-1-6-[500,500,500]/E-activated-network.netfacebookego/distribution-random/simuTimes-1000_random-dirichlet-[500, 500, 500]_rrNumSamples-100000.csv
