2025-08-13 11:37:21,871 - INFO - ===> 正在加载数据集: Twitter
2025-08-13 11:37:21,874 - INFO - ===> Cache not found. Generating new degree-aware distributions of type 'powerlaw'.
2025-08-13 11:37:21,874 - INFO - ===> Generating 'powerlaw' distributions (degree-aware)...
2025-08-13 11:37:21,884 - INFO - ===> Saving newly generated distributions to: /home/wen/pythonspace/data-test/Twitter/distribution-in-Twitter/distribution-powerlaw_seedNum-65.pkl
2025-08-13 11:37:26,405 - INFO - ===> Cache not found. Calculating seed sets...
2025-08-13 11:37:26,406 - INFO - ===> Running method: random
2025-08-13 11:37:26,407 - INFO - ===> Method random finished in 0.00 seconds.
2025-08-13 11:37:26,407 - INFO - ===> Cache not found. Calculating seed sets...
2025-08-13 11:37:26,407 - INFO - ===> Running method: pageRank
2025-08-13 11:37:27,188 - INFO - ===> Method pageRank finished in 0.78 seconds.
2025-08-13 11:37:27,189 - INFO - ===> Cache not found. Calculating seed sets...
2025-08-13 11:37:27,189 - INFO - ===> Running method: ris_coverage
2025-08-13 11:37:55,466 - INFO - ===> Method ris_coverage finished in 28.28 seconds.
2025-08-13 11:37:55,467 - INFO - Starting evaluation with personalization: None
2025-08-13 11:37:55,467 - INFO - --- New Evaluation Run ---
2025-08-13 11:37:55,467 - INFO - Simulation times for evaluation points: [5000]

2025-08-13 11:37:55,468 - INFO - --- Evaluating for seed number: 65 ---
2025-08-13 11:37:55,468 - INFO -   Evaluating method: 'random' with 65 seeds.
2025-08-13 11:37:55,468 - INFO -     Running 5000 simulations...
2025-08-13 11:39:55,873 - INFO -     Result: E[Users] = 30.4902, Var[Users] = 15.9603, Std_Dev = 3.9950
2025-08-13 11:39:55,879 - INFO -   Evaluating method: 'pageRank' with 65 seeds.
2025-08-13 11:39:55,879 - INFO -     Running 5000 simulations...
2025-08-13 11:41:15,762 - INFO -     Result: E[Users] = 32.5982, Var[Users] = 15.5600, Std_Dev = 3.9446
2025-08-13 11:41:15,766 - INFO -   Evaluating method: 'ris_coverage' with 65 seeds.
2025-08-13 11:41:15,766 - INFO -     Running 5000 simulations...
2025-08-13 11:44:17,421 - INFO -     Result: E[Users] = 30.8366, Var[Users] = 15.9499, Std_Dev = 3.9937
2025-08-13 11:44:17,424 - INFO - Evaluation finished. Results saved to /home/wen/pythonspace/data-test/Twitter/E-activated-Twitter/distribution-powerlaw_simuTimes-5000_seedNum-65_monteCarloL-15_rrNumSamples-600000.csv
