2025-10-30 19:53:57,644 - INFO - 加载数据集: Twitter
2025-10-30 19:53:57,647 - INFO - 首次生成度相关概率分布 分布类型: 'powerlaw'.
2025-10-30 19:53:57,647 - INFO - ===> 使用幂律分布生成四种分布
2025-10-30 19:53:57,658 - INFO - 保存概率分布 文件位置: /home/wen/pythonspace/data-test/Twitter/distribution-in-Twitter/distribution-powerlaw_seedNum-512.pkl
2025-10-30 19:54:07,802 - INFO - 首次生成种子集 random
2025-10-30 19:54:07,802 - INFO - 执行当前算法开始: random
2025-10-30 19:54:07,803 - INFO - 当前用时 0.00 秒
2025-10-30 19:54:07,803 - INFO - 将种子集 写入位置: /home/wen/pythonspace/data-test/Twitter/seeds-with-Twitter/distribution-powerlaw_random_seedNum-512.txt
2025-10-30 19:54:07,803 - INFO - 首次生成种子集 degreeTopM
2025-10-30 19:54:07,803 - INFO - 执行当前算法开始: degreeTopM
2025-10-30 19:54:07,809 - INFO - 当前用时 0.01 秒
2025-10-30 19:54:07,809 - INFO - 将种子集 写入位置: /home/wen/pythonspace/data-test/Twitter/seeds-with-Twitter/distribution-powerlaw_degreeTopM_seedNum-512.txt
2025-10-30 19:54:07,809 - INFO - 首次生成种子集 ris_coverage
2025-10-30 19:54:07,809 - INFO - 执行当前算法开始: ris_coverage
2025-10-30 19:57:02,259 - INFO - 当前用时 174.45 秒
2025-10-30 19:57:02,260 - INFO - 将种子集 写入位置: /home/wen/pythonspace/data-test/Twitter/seeds-with-Twitter/distribution-powerlaw_ris_coverage_seedNum-512.txt
2025-10-30 19:57:02,261 - INFO - 评估种子集: None
2025-10-30 19:57:02,261 - INFO - 评估函数开始
2025-10-30 19:57:02,261 - INFO - 当前模拟次数: [10]

2025-10-30 19:57:02,261 - INFO - 当前评估种子数: 512 ---
2025-10-30 19:57:02,261 - INFO -   Evaluating method: 'random' with 512 seeds.
2025-10-30 19:57:02,261 - INFO -     Running 10 simulations...
2025-10-30 19:57:07,909 - INFO -     Result: E[Users] = 254.8000, Var[Users] = 63.7600, Std_Dev = 7.9850
2025-10-30 19:57:07,916 - INFO -   Evaluating method: 'degreeTopM' with 512 seeds.
2025-10-30 19:57:07,916 - INFO -     Running 10 simulations...
2025-10-30 19:57:14,053 - INFO -     Result: E[Users] = 256.3000, Var[Users] = 39.2100, Std_Dev = 6.2618
2025-10-30 19:57:14,055 - INFO -   Evaluating method: 'ris_coverage' with 512 seeds.
2025-10-30 19:57:14,055 - INFO -     Running 10 simulations...
2025-10-30 19:57:18,653 - INFO -     Result: E[Users] = 256.9000, Var[Users] = 89.6900, Std_Dev = 9.4705
2025-10-30 19:57:18,654 - INFO - 保存评估文件至: /home/wen/pythonspace/data-test/Twitter/E-activated-Twitter/distribution-powerlaw/tsd_10.0-10.0-10.0/single_sim_func-AgainContinue/simuTimes-10_seedNum-512_monteCarloL-15_single_sim_func-AgainContinue_rrNumSamples-600000.csv
