2025-08-13 11:10:56,746 - INFO - ===> 正在加载数据集: Twitter
2025-08-13 11:12:46,041 - INFO - ===> 正在加载数据集: Twitter
2025-08-13 11:15:34,106 - INFO - ===> 正在加载数据集: Twitter
2025-08-13 11:15:34,109 - INFO - ===> Cache not found. Generating new degree-aware distributions of type 'powerlaw'.
2025-08-13 11:15:34,109 - INFO - ===> Generating 'powerlaw' distributions (degree-aware)...
2025-08-13 11:15:34,118 - INFO - ===> Saving newly generated distributions to: /home/wen/pythonspace/data-test/Twitter/distribution-in-Twitter/distribution-powerlaw_seedNum-64.pkl
2025-08-13 11:15:39,019 - INFO - ===> Cache not found. Calculating seed sets...
2025-08-13 11:15:39,020 - INFO - ===> Running method: random
2025-08-13 11:15:39,020 - INFO - ===> Method random finished in 0.00 seconds.
2025-08-13 11:15:39,021 - INFO - ===> Cache not found. Calculating seed sets...
2025-08-13 11:15:39,021 - INFO - ===> Running method: pageRank
2025-08-13 11:15:39,773 - INFO - ===> Method pageRank finished in 0.75 seconds.
2025-08-13 11:15:39,773 - INFO - ===> Cache not found. Calculating seed sets...
2025-08-13 11:15:39,773 - INFO - ===> Running method: ris_coverage
2025-08-13 11:16:06,098 - INFO - ===> Method ris_coverage finished in 26.32 seconds.
2025-08-13 11:16:06,099 - INFO - Starting evaluation with personalization: None
2025-08-13 11:16:06,099 - INFO - --- New Evaluation Run ---
2025-08-13 11:16:06,099 - INFO - Simulation times for evaluation points: [5000]

2025-08-13 11:16:06,099 - INFO - --- Evaluating for seed number: 64 ---
2025-08-13 11:16:06,099 - INFO -   Evaluating method: 'random' with 64 seeds.
2025-08-13 11:16:06,099 - INFO -     Running 5000 simulations...
2025-08-13 11:18:10,029 - INFO -     Result: E[Users] = 31.3438, Var[Users] = 14.7252, Std_Dev = 3.8373
2025-08-13 11:18:10,035 - INFO -   Evaluating method: 'pageRank' with 64 seeds.
2025-08-13 11:18:10,035 - INFO -     Running 5000 simulations...
2025-08-13 11:19:27,357 - INFO -     Result: E[Users] = 31.6246, Var[Users] = 15.4145, Std_Dev = 3.9261
2025-08-13 11:19:27,360 - INFO -   Evaluating method: 'ris_coverage' with 64 seeds.
2025-08-13 11:19:27,360 - INFO -     Running 5000 simulations...
2025-08-13 11:22:33,221 - INFO -     Result: E[Users] = 30.0338, Var[Users] = 15.0395, Std_Dev = 3.8781
2025-08-13 11:22:33,225 - INFO - Evaluation finished. Results saved to /home/wen/pythonspace/data-test/Twitter/E-activated-Twitter/distribution-powerlaw_simuTimes-5000_seedNum-64_monteCarloL-15_rrNumSamples-600000.csv
