2025-09-29 16:53:34,845 - INFO - 加载数据集: Twitter
2025-09-29 16:53:34,848 - INFO - 首次生成度相关概率分布 分布类型: 'powerlaw'.
2025-09-29 16:53:34,848 - INFO - ===> 使用幂律分布生成四种分布
2025-09-29 16:53:34,860 - INFO - 保存概率分布 文件位置: /home/wen/pythonspace/data-test/Twitter/distribution-in-Twitter/distribution-powerlaw_seedNum-256.pkl
2025-09-29 16:53:39,415 - INFO - 首次生成种子集 random
2025-09-29 16:53:39,415 - INFO - 执行当前算法开始: random
2025-09-29 16:53:39,416 - INFO - 当前用时 0.00 秒
2025-09-29 16:53:39,416 - INFO - 将种子集 写入位置: /home/wen/pythonspace/data-test/Twitter/seeds-with-Twitter/distribution-powerlaw_random_seedNum-256.txt
2025-09-29 16:53:39,416 - INFO - 首次生成种子集 degreeTopM
2025-09-29 16:53:39,416 - INFO - 执行当前算法开始: degreeTopM
2025-09-29 16:53:39,421 - INFO - 当前用时 0.00 秒
2025-09-29 16:53:39,421 - INFO - 将种子集 写入位置: /home/wen/pythonspace/data-test/Twitter/seeds-with-Twitter/distribution-powerlaw_degreeTopM_seedNum-256.txt
2025-09-29 16:53:39,421 - INFO - 首次生成种子集 ris_coverage
2025-09-29 16:53:39,421 - INFO - 执行当前算法开始: ris_coverage
2025-09-29 16:55:00,403 - INFO - 当前用时 80.98 秒
2025-09-29 16:55:00,404 - INFO - 将种子集 写入位置: /home/wen/pythonspace/data-test/Twitter/seeds-with-Twitter/distribution-powerlaw_ris_coverage_seedNum-256.txt
2025-09-29 16:55:00,404 - INFO - 评估种子集: None
2025-09-29 16:55:00,404 - INFO - 评估函数开始
2025-09-29 16:55:00,404 - INFO - 当前模拟次数: [10]

2025-09-29 16:55:00,404 - INFO - 当前评估种子数: 256 ---
2025-09-29 16:55:00,404 - INFO -   Evaluating method: 'random' with 256 seeds.
2025-09-29 16:55:00,404 - INFO -     Running 10 simulations...
2025-09-29 16:55:03,620 - INFO -     Result: E[Users] = 133.2000, Var[Users] = 49.1600, Std_Dev = 7.0114
2025-09-29 16:55:03,627 - INFO -   Evaluating method: 'degreeTopM' with 256 seeds.
2025-09-29 16:55:03,627 - INFO -     Running 10 simulations...
2025-09-29 16:55:06,471 - INFO -     Result: E[Users] = 130.3000, Var[Users] = 69.0100, Std_Dev = 8.3072
2025-09-29 16:55:06,473 - INFO -   Evaluating method: 'ris_coverage' with 256 seeds.
2025-09-29 16:55:06,473 - INFO -     Running 10 simulations...
2025-09-29 16:55:08,752 - INFO -     Result: E[Users] = 128.8000, Var[Users] = 91.7600, Std_Dev = 9.5791
2025-09-29 16:55:08,753 - INFO - 保存评估文件至: /home/wen/pythonspace/data-test/Twitter/E-activated-Twitter/distribution-powerlaw/tsd_10.0-10.0-10.0/single_sim_func-AgainContinue/simuTimes-10_seedNum-256_monteCarloL-15_single_sim_func-AgainContinue_rrNumSamples-600000.csv
