2025-09-29 16:49:37,564 - INFO - 加载数据集: Twitter
2025-09-29 16:49:37,567 - INFO - 复用概率分布 文件位置: /home/wen/pythonspace/data-test/Twitter/distribution-in-Twitter/distribution-powerlaw_seedNum-16.pkl
2025-09-29 16:49:43,061 - INFO - 首次生成种子集 random
2025-09-29 16:49:43,061 - INFO - 执行当前算法开始: random
2025-09-29 16:49:43,062 - INFO - 当前用时 0.00 秒
2025-09-29 16:49:43,062 - INFO - 将种子集 写入位置: /home/wen/pythonspace/data-test/Twitter/seeds-with-Twitter/distribution-powerlaw_random_seedNum-16.txt
2025-09-29 16:49:43,062 - INFO - 从当前位置 读取种子集 /home/wen/pythonspace/data-test/Twitter/seeds-with-Twitter/distribution-powerlaw_degreeTopM_seedNum-16.txt
2025-09-29 16:49:43,062 - INFO - 首次生成种子集 ris_coverage
2025-09-29 16:49:43,062 - INFO - 执行当前算法开始: ris_coverage
2025-09-29 16:49:57,394 - INFO - 当前用时 14.33 秒
2025-09-29 16:49:57,394 - INFO - 将种子集 写入位置: /home/wen/pythonspace/data-test/Twitter/seeds-with-Twitter/distribution-powerlaw_ris_coverage_seedNum-16.txt
2025-09-29 16:49:57,394 - INFO - 评估种子集: None
2025-09-29 16:49:57,395 - INFO - 评估函数开始
2025-09-29 16:49:57,395 - INFO - 当前模拟次数: [10]

2025-09-29 16:49:57,395 - INFO - 当前评估种子数: 16 ---
2025-09-29 16:49:57,395 - INFO -   Evaluating method: 'random' with 16 seeds.
2025-09-29 16:49:57,395 - INFO -     Running 10 simulations...
2025-09-29 16:49:57,546 - INFO -     Result: E[Users] = 7.7000, Var[Users] = 8.8100, Std_Dev = 2.9682
2025-09-29 16:49:57,552 - INFO -   Evaluating method: 'degreeTopM' with 16 seeds.
2025-09-29 16:49:57,552 - INFO -     Running 10 simulations...
2025-09-29 16:49:57,688 - INFO -     Result: E[Users] = 7.4000, Var[Users] = 4.4400, Std_Dev = 2.1071
2025-09-29 16:49:57,690 - INFO -   Evaluating method: 'ris_coverage' with 16 seeds.
2025-09-29 16:49:57,690 - INFO -     Running 10 simulations...
2025-09-29 16:49:57,843 - INFO -     Result: E[Users] = 9.3000, Var[Users] = 0.8100, Std_Dev = 0.9000
2025-09-29 16:49:57,844 - INFO - 保存评估文件至: /home/wen/pythonspace/data-test/Twitter/E-activated-Twitter/distribution-powerlaw/tsd_10.0-10.0-10.0/single_sim_func-AgainContinue/simuTimes-10_seedNum-16_monteCarloL-15_single_sim_func-AgainContinue_rrNumSamples-600000.csv
