2025-10-30 22:51:11,085 - INFO - 加载数据集: Twitter
2025-10-30 22:51:11,087 - INFO - 首次生成度相关概率分布 分布类型: 'powerlaw'.
2025-10-30 22:51:11,087 - INFO - ===> 使用幂律分布生成四种分布
2025-10-30 22:51:11,098 - INFO - 保存概率分布 文件位置: /home/wen/pythonspace/data-test/Twitter/distribution-in-Twitter/distribution-powerlaw_seedNum-2000.pkl
2025-10-30 22:51:17,055 - INFO - 首次生成种子集 random
2025-10-30 22:51:17,055 - INFO - 执行当前算法开始: random
2025-10-30 22:51:17,057 - INFO - 当前用时 0.00 秒
2025-10-30 22:51:17,057 - INFO - 将种子集 写入位置: /home/wen/pythonspace/data-test/Twitter/seeds-with-Twitter/distribution-powerlaw_random_seedNum-2000.txt
2025-10-30 22:51:17,058 - INFO - 首次生成种子集 degreeTopM
2025-10-30 22:51:17,058 - INFO - 执行当前算法开始: degreeTopM
2025-10-30 22:51:17,077 - INFO - 当前用时 0.02 秒
2025-10-30 22:51:17,077 - INFO - 将种子集 写入位置: /home/wen/pythonspace/data-test/Twitter/seeds-with-Twitter/distribution-powerlaw_degreeTopM_seedNum-2000.txt
2025-10-30 22:51:17,079 - INFO - 首次生成种子集 ris_coverage
2025-10-30 22:51:17,079 - INFO - 执行当前算法开始: ris_coverage
2025-10-30 23:11:59,064 - INFO - 当前用时 1241.98 秒
2025-10-30 23:11:59,065 - INFO - 将种子集 写入位置: /home/wen/pythonspace/data-test/Twitter/seeds-with-Twitter/distribution-powerlaw_ris_coverage_seedNum-2000.txt
2025-10-30 23:11:59,066 - INFO - 评估种子集: None
2025-10-30 23:11:59,066 - INFO - 评估函数开始
2025-10-30 23:11:59,067 - INFO - 当前模拟次数: [3]

2025-10-30 23:11:59,067 - INFO - 当前评估种子数: 2000 ---
2025-10-30 23:11:59,067 - INFO -   Evaluating method: 'random' with 2000 seeds.
2025-10-30 23:11:59,067 - INFO -     Running 3 simulations...
2025-10-30 23:11:59,067 - INFO - 		当前模拟轮次: 0
2025-10-30 23:12:02,308 - INFO - 		当前模拟轮次: 1
2025-10-30 23:12:05,215 - INFO - 		当前模拟轮次: 2
2025-10-30 23:12:08,127 - INFO -     Result: E[Users] = 989.3333, Var[Users] = 122.8889, Std_Dev = 11.0855
2025-10-30 23:12:08,134 - INFO -   Evaluating method: 'degreeTopM' with 2000 seeds.
2025-10-30 23:12:08,134 - INFO -     Running 3 simulations...
2025-10-30 23:12:08,134 - INFO - 		当前模拟轮次: 0
2025-10-30 23:12:13,766 - INFO - 		当前模拟轮次: 1
2025-10-30 23:12:19,257 - INFO - 		当前模拟轮次: 2
2025-10-30 23:12:25,033 - INFO -     Result: E[Users] = 990.3333, Var[Users] = 11.5556, Std_Dev = 3.3993
2025-10-30 23:12:25,035 - INFO -   Evaluating method: 'ris_coverage' with 2000 seeds.
2025-10-30 23:12:25,035 - INFO -     Running 3 simulations...
2025-10-30 23:12:25,035 - INFO - 		当前模拟轮次: 0
2025-10-30 23:12:27,498 - INFO - 		当前模拟轮次: 1
2025-10-30 23:12:30,004 - INFO - 		当前模拟轮次: 2
2025-10-30 23:12:32,483 - INFO -     Result: E[Users] = 1000.6667, Var[Users] = 1290.8889, Std_Dev = 35.9289
2025-10-30 23:12:32,484 - INFO - 保存评估文件至: /home/wen/pythonspace/data-test/Twitter/E-activated-Twitter/distribution-powerlaw/tsd_10.0-10.0-10.0/single_sim_func-AgainContinue/simuTimes-3_seedNum-2000_monteCarloL-15_single_sim_func-AgainContinue_rrNumSamples-600000.csv
