2025-10-30 22:45:42,962 - INFO - 加载数据集: Twitter
2025-10-30 22:45:42,965 - INFO - 首次生成度相关概率分布 分布类型: 'powerlaw'.
2025-10-30 22:45:42,965 - INFO - ===> 使用幂律分布生成四种分布
2025-10-30 22:45:42,976 - INFO - 保存概率分布 文件位置: /home/wen/pythonspace/data-test/Twitter/distribution-in-Twitter/distribution-powerlaw_seedNum-4.pkl
2025-10-30 22:45:50,393 - INFO - 首次生成种子集 random
2025-10-30 22:45:50,393 - INFO - 执行当前算法开始: random
2025-10-30 22:45:50,393 - INFO - 当前用时 0.00 秒
2025-10-30 22:45:50,394 - INFO - 将种子集 写入位置: /home/wen/pythonspace/data-test/Twitter/seeds-with-Twitter/distribution-powerlaw_random_seedNum-4.txt
2025-10-30 22:45:50,394 - INFO - 首次生成种子集 degreeTopM
2025-10-30 22:45:50,394 - INFO - 执行当前算法开始: degreeTopM
2025-10-30 22:45:50,396 - INFO - 当前用时 0.00 秒
2025-10-30 22:45:50,396 - INFO - 将种子集 写入位置: /home/wen/pythonspace/data-test/Twitter/seeds-with-Twitter/distribution-powerlaw_degreeTopM_seedNum-4.txt
2025-10-30 22:45:50,396 - INFO - 首次生成种子集 ris_coverage
2025-10-30 22:45:50,397 - INFO - 执行当前算法开始: ris_coverage
2025-10-30 22:45:59,922 - INFO - 当前用时 9.53 秒
2025-10-30 22:45:59,922 - INFO - 将种子集 写入位置: /home/wen/pythonspace/data-test/Twitter/seeds-with-Twitter/distribution-powerlaw_ris_coverage_seedNum-4.txt
2025-10-30 22:45:59,922 - INFO - 评估种子集: None
2025-10-30 22:45:59,923 - INFO - 评估函数开始
2025-10-30 22:45:59,923 - INFO - 当前模拟次数: [20]

2025-10-30 22:45:59,923 - INFO - 当前评估种子数: 4 ---
2025-10-30 22:45:59,923 - INFO -   Evaluating method: 'random' with 4 seeds.
2025-10-30 22:45:59,923 - INFO -     Running 20 simulations...
2025-10-30 22:45:59,979 - INFO -     Result: E[Users] = 2.6000, Var[Users] = 0.9400, Std_Dev = 0.9695
2025-10-30 22:45:59,984 - INFO -   Evaluating method: 'degreeTopM' with 4 seeds.
2025-10-30 22:45:59,984 - INFO -     Running 20 simulations...
2025-10-30 22:46:00,056 - INFO -     Result: E[Users] = 2.1500, Var[Users] = 0.9275, Std_Dev = 0.9631
2025-10-30 22:46:00,058 - INFO -   Evaluating method: 'ris_coverage' with 4 seeds.
2025-10-30 22:46:00,058 - INFO -     Running 20 simulations...
2025-10-30 22:46:00,109 - INFO -     Result: E[Users] = 1.9000, Var[Users] = 0.4900, Std_Dev = 0.7000
2025-10-30 22:46:00,111 - INFO - 保存评估文件至: /home/wen/pythonspace/data-test/Twitter/E-activated-Twitter/distribution-powerlaw/tsd_10.0-10.0-10.0/single_sim_func-AgainContinue/simuTimes-20_seedNum-4_monteCarloL-15_single_sim_func-AgainContinue_rrNumSamples-600000.csv
