2025-10-30 23:17:39,350 - INFO - 加载数据集: Twitter
2025-10-30 23:17:39,353 - INFO - 首次生成度相关概率分布 分布类型: 'powerlaw'.
2025-10-30 23:17:39,353 - INFO - ===> 使用幂律分布生成四种分布
2025-10-30 23:17:39,364 - INFO - 保存概率分布 文件位置: /home/wen/pythonspace/data-test/Twitter/distribution-in-Twitter/distribution-powerlaw_seedNum-1.pkl
2025-10-30 23:18:03,227 - INFO - 首次生成种子集 random
2025-10-30 23:18:03,288 - INFO - 执行当前算法开始: random
2025-10-30 23:18:03,514 - INFO - 当前用时 0.19 秒
2025-10-30 23:18:03,689 - INFO - 将种子集 写入位置: /home/wen/pythonspace/data-test/Twitter/seeds-with-Twitter/distribution-powerlaw_random_seedNum-1.txt
2025-10-30 23:18:03,690 - INFO - 首次生成种子集 degreeTopM
2025-10-30 23:18:03,690 - INFO - 执行当前算法开始: degreeTopM
2025-10-30 23:18:04,108 - INFO - 当前用时 0.42 秒
2025-10-30 23:18:04,109 - INFO - 将种子集 写入位置: /home/wen/pythonspace/data-test/Twitter/seeds-with-Twitter/distribution-powerlaw_degreeTopM_seedNum-1.txt
2025-10-30 23:18:04,110 - INFO - 首次生成种子集 ris_coverage
2025-10-30 23:18:04,110 - INFO - 执行当前算法开始: ris_coverage
2025-10-30 23:18:25,010 - INFO - 当前用时 20.90 秒
2025-10-30 23:18:25,010 - INFO - 将种子集 写入位置: /home/wen/pythonspace/data-test/Twitter/seeds-with-Twitter/distribution-powerlaw_ris_coverage_seedNum-1.txt
2025-10-30 23:18:25,010 - INFO - 评估种子集: None
2025-10-30 23:18:25,011 - INFO - 评估函数开始
2025-10-30 23:18:25,011 - INFO - 当前模拟次数: [3]

2025-10-30 23:18:25,011 - INFO - 当前评估种子数: 1 ---
2025-10-30 23:18:25,011 - INFO -   Evaluating method: 'random' with 1 seeds.
2025-10-30 23:18:25,011 - INFO -     Running 3 simulations...
2025-10-30 23:18:25,011 - INFO - 		当前模拟轮次: 0
2025-10-30 23:18:25,167 - INFO - 		当前模拟轮次: 1
2025-10-30 23:18:25,168 - INFO - 		当前模拟轮次: 2
2025-10-30 23:18:25,256 - INFO -     Result: E[Users] = 0.6667, Var[Users] = 0.2222, Std_Dev = 0.4714
2025-10-30 23:18:25,984 - INFO -   Evaluating method: 'degreeTopM' with 1 seeds.
2025-10-30 23:18:25,985 - INFO -     Running 3 simulations...
2025-10-30 23:18:25,985 - INFO - 		当前模拟轮次: 0
2025-10-30 23:18:26,007 - INFO - 		当前模拟轮次: 1
2025-10-30 23:18:26,008 - INFO - 		当前模拟轮次: 2
2025-10-30 23:18:26,079 - INFO -     Result: E[Users] = 0.3333, Var[Users] = 0.2222, Std_Dev = 0.4714
2025-10-30 23:18:26,081 - INFO -   Evaluating method: 'ris_coverage' with 1 seeds.
2025-10-30 23:18:26,081 - INFO -     Running 3 simulations...
2025-10-30 23:18:26,081 - INFO - 		当前模拟轮次: 0
2025-10-30 23:18:26,095 - INFO - 		当前模拟轮次: 1
2025-10-30 23:18:26,096 - INFO - 		当前模拟轮次: 2
2025-10-30 23:18:26,097 - INFO -     Result: E[Users] = 0.6667, Var[Users] = 0.2222, Std_Dev = 0.4714
2025-10-30 23:18:26,098 - INFO - 保存评估文件至: /home/wen/pythonspace/data-test/Twitter/E-activated-Twitter/distribution-powerlaw/tsd_10.0-10.0-10.0/single_sim_func-AgainContinue/simuTimes-3_seedNum-1_monteCarloL-15_single_sim_func-AgainContinue_rrNumSamples-600000.csv
2025-10-30 23:18:26,218 - INFO - 加载数据集: Twitter
2025-10-30 23:18:26,287 - INFO - 复用概率分布 文件位置: /home/wen/pythonspace/data-test/Twitter/distribution-in-Twitter/distribution-powerlaw_seedNum-2.pkl
2025-10-30 23:18:48,090 - INFO - 从当前位置 读取种子集 /home/wen/pythonspace/data-test/Twitter/seeds-with-Twitter/distribution-powerlaw_random_seedNum-2.txt
2025-10-30 23:18:48,139 - INFO - 从当前位置 读取种子集 /home/wen/pythonspace/data-test/Twitter/seeds-with-Twitter/distribution-powerlaw_degreeTopM_seedNum-2.txt
2025-10-30 23:18:48,139 - INFO - 从当前位置 读取种子集 /home/wen/pythonspace/data-test/Twitter/seeds-with-Twitter/distribution-powerlaw_ris_coverage_seedNum-2.txt
2025-10-30 23:18:48,140 - INFO - 评估种子集: None
2025-10-30 23:18:48,143 - INFO - 评估函数开始
2025-10-30 23:18:48,143 - INFO - 当前模拟次数: [3]

2025-10-30 23:18:48,143 - INFO - 当前评估种子数: 2 ---
2025-10-30 23:18:48,144 - INFO -   Evaluating method: 'random' with 2 seeds.
2025-10-30 23:18:48,144 - INFO -     Running 3 simulations...
2025-10-30 23:18:48,144 - INFO - 		当前模拟轮次: 0
2025-10-30 23:18:48,195 - INFO - 		当前模拟轮次: 1
2025-10-30 23:18:48,200 - INFO - 		当前模拟轮次: 2
2025-10-30 23:18:48,206 - INFO -     Result: E[Users] = 1.6667, Var[Users] = 0.2222, Std_Dev = 0.4714
2025-10-30 23:18:48,243 - INFO -   Evaluating method: 'degreeTopM' with 2 seeds.
2025-10-30 23:18:48,243 - INFO -     Running 3 simulations...
2025-10-30 23:18:48,244 - INFO - 		当前模拟轮次: 0
2025-10-30 23:18:48,254 - INFO - 		当前模拟轮次: 1
2025-10-30 23:18:48,258 - INFO - 		当前模拟轮次: 2
2025-10-30 23:18:48,260 - INFO -     Result: E[Users] = 0.6667, Var[Users] = 0.2222, Std_Dev = 0.4714
2025-10-30 23:18:48,262 - INFO -   Evaluating method: 'ris_coverage' with 2 seeds.
2025-10-30 23:18:48,262 - INFO -     Running 3 simulations...
2025-10-30 23:18:48,262 - INFO - 		当前模拟轮次: 0
2025-10-30 23:18:48,275 - INFO - 		当前模拟轮次: 1
2025-10-30 23:18:48,279 - INFO - 		当前模拟轮次: 2
2025-10-30 23:18:48,282 - INFO -     Result: E[Users] = 0.6667, Var[Users] = 0.8889, Std_Dev = 0.9428
2025-10-30 23:18:48,284 - INFO - 保存评估文件至: /home/wen/pythonspace/data-test/Twitter/E-activated-Twitter/distribution-powerlaw/tsd_10.0-10.0-10.0/single_sim_func-AgainContinue/simuTimes-3_seedNum-2_monteCarloL-15_single_sim_func-AgainContinue_rrNumSamples-600000.csv
2025-10-30 23:18:48,341 - INFO - 加载数据集: Twitter
2025-10-30 23:18:48,347 - INFO - 首次生成度相关概率分布 分布类型: 'powerlaw'.
2025-10-30 23:18:48,347 - INFO - ===> 使用幂律分布生成四种分布
2025-10-30 23:18:48,607 - INFO - 保存概率分布 文件位置: /home/wen/pythonspace/data-test/Twitter/distribution-in-Twitter/distribution-powerlaw_seedNum-3.pkl
2025-10-30 23:19:03,390 - INFO - 首次生成种子集 random
2025-10-30 23:19:03,390 - INFO - 执行当前算法开始: random
2025-10-30 23:19:03,610 - INFO - 当前用时 0.22 秒
2025-10-30 23:19:03,611 - INFO - 将种子集 写入位置: /home/wen/pythonspace/data-test/Twitter/seeds-with-Twitter/distribution-powerlaw_random_seedNum-3.txt
2025-10-30 23:19:03,611 - INFO - 首次生成种子集 degreeTopM
2025-10-30 23:19:03,611 - INFO - 执行当前算法开始: degreeTopM
2025-10-30 23:19:03,623 - INFO - 当前用时 0.01 秒
2025-10-30 23:19:03,623 - INFO - 将种子集 写入位置: /home/wen/pythonspace/data-test/Twitter/seeds-with-Twitter/distribution-powerlaw_degreeTopM_seedNum-3.txt
2025-10-30 23:19:03,624 - INFO - 首次生成种子集 ris_coverage
2025-10-30 23:19:03,624 - INFO - 执行当前算法开始: ris_coverage
2025-10-30 23:19:52,720 - INFO - 当前用时 49.10 秒
2025-10-30 23:19:52,721 - INFO - 将种子集 写入位置: /home/wen/pythonspace/data-test/Twitter/seeds-with-Twitter/distribution-powerlaw_ris_coverage_seedNum-3.txt
2025-10-30 23:19:52,721 - INFO - 评估种子集: None
2025-10-30 23:19:52,721 - INFO - 评估函数开始
2025-10-30 23:19:52,721 - INFO - 当前模拟次数: [3]

2025-10-30 23:19:52,721 - INFO - 当前评估种子数: 3 ---
2025-10-30 23:19:52,721 - INFO -   Evaluating method: 'random' with 3 seeds.
2025-10-30 23:19:52,721 - INFO -     Running 3 simulations...
2025-10-30 23:19:52,721 - INFO - 		当前模拟轮次: 0
2025-10-30 23:19:52,727 - INFO - 		当前模拟轮次: 1
2025-10-30 23:19:52,730 - INFO - 		当前模拟轮次: 2
2025-10-30 23:19:52,732 - INFO -     Result: E[Users] = 1.6667, Var[Users] = 0.2222, Std_Dev = 0.4714
2025-10-30 23:19:52,733 - INFO -   Evaluating method: 'degreeTopM' with 3 seeds.
2025-10-30 23:19:52,734 - INFO -     Running 3 simulations...
2025-10-30 23:19:52,734 - INFO - 		当前模拟轮次: 0
2025-10-30 23:19:52,735 - INFO - 		当前模拟轮次: 1
2025-10-30 23:19:52,739 - INFO - 		当前模拟轮次: 2
2025-10-30 23:19:52,742 - INFO -     Result: E[Users] = 1.6667, Var[Users] = 0.2222, Std_Dev = 0.4714
2025-10-30 23:19:52,744 - INFO -   Evaluating method: 'ris_coverage' with 3 seeds.
2025-10-30 23:19:52,744 - INFO -     Running 3 simulations...
2025-10-30 23:19:52,744 - INFO - 		当前模拟轮次: 0
2025-10-30 23:19:52,748 - INFO - 		当前模拟轮次: 1
2025-10-30 23:19:52,751 - INFO - 		当前模拟轮次: 2
2025-10-30 23:19:52,754 - INFO -     Result: E[Users] = 1.6667, Var[Users] = 1.5556, Std_Dev = 1.2472
2025-10-30 23:19:52,755 - INFO - 保存评估文件至: /home/wen/pythonspace/data-test/Twitter/E-activated-Twitter/distribution-powerlaw/tsd_10.0-10.0-10.0/single_sim_func-AgainContinue/simuTimes-3_seedNum-3_monteCarloL-15_single_sim_func-AgainContinue_rrNumSamples-600000.csv
2025-10-30 23:19:52,795 - INFO - 加载数据集: Twitter
2025-10-30 23:19:52,797 - INFO - 复用概率分布 文件位置: /home/wen/pythonspace/data-test/Twitter/distribution-in-Twitter/distribution-powerlaw_seedNum-4.pkl
2025-10-30 23:20:13,501 - INFO - 从当前位置 读取种子集 /home/wen/pythonspace/data-test/Twitter/seeds-with-Twitter/distribution-powerlaw_random_seedNum-4.txt
2025-10-30 23:20:13,502 - INFO - 从当前位置 读取种子集 /home/wen/pythonspace/data-test/Twitter/seeds-with-Twitter/distribution-powerlaw_degreeTopM_seedNum-4.txt
2025-10-30 23:20:13,502 - INFO - 从当前位置 读取种子集 /home/wen/pythonspace/data-test/Twitter/seeds-with-Twitter/distribution-powerlaw_ris_coverage_seedNum-4.txt
2025-10-30 23:20:13,502 - INFO - 评估种子集: None
2025-10-30 23:20:13,503 - INFO - 评估函数开始
2025-10-30 23:20:13,503 - INFO - 当前模拟次数: [3]

2025-10-30 23:20:13,503 - INFO - 当前评估种子数: 4 ---
2025-10-30 23:20:13,503 - INFO -   Evaluating method: 'random' with 4 seeds.
2025-10-30 23:20:13,503 - INFO -     Running 3 simulations...
2025-10-30 23:20:13,503 - INFO - 		当前模拟轮次: 0
2025-10-30 23:20:13,509 - INFO - 		当前模拟轮次: 1
2025-10-30 23:20:13,515 - INFO - 		当前模拟轮次: 2
2025-10-30 23:20:13,517 - INFO -     Result: E[Users] = 2.0000, Var[Users] = 0.6667, Std_Dev = 0.8165
2025-10-30 23:20:13,519 - INFO -   Evaluating method: 'degreeTopM' with 4 seeds.
2025-10-30 23:20:13,519 - INFO -     Running 3 simulations...
2025-10-30 23:20:13,519 - INFO - 		当前模拟轮次: 0
2025-10-30 23:20:13,523 - INFO - 		当前模拟轮次: 1
2025-10-30 23:20:13,526 - INFO - 		当前模拟轮次: 2
2025-10-30 23:20:13,529 - INFO -     Result: E[Users] = 2.0000, Var[Users] = 0.6667, Std_Dev = 0.8165
2025-10-30 23:20:13,531 - INFO -   Evaluating method: 'ris_coverage' with 4 seeds.
2025-10-30 23:20:13,531 - INFO -     Running 3 simulations...
2025-10-30 23:20:13,531 - INFO - 		当前模拟轮次: 0
2025-10-30 23:20:13,536 - INFO - 		当前模拟轮次: 1
2025-10-30 23:20:13,539 - INFO - 		当前模拟轮次: 2
2025-10-30 23:20:13,544 - INFO -     Result: E[Users] = 2.0000, Var[Users] = 0.6667, Std_Dev = 0.8165
2025-10-30 23:20:13,545 - INFO - 保存评估文件至: /home/wen/pythonspace/data-test/Twitter/E-activated-Twitter/distribution-powerlaw/tsd_10.0-10.0-10.0/single_sim_func-AgainContinue/simuTimes-3_seedNum-4_monteCarloL-15_single_sim_func-AgainContinue_rrNumSamples-600000.csv
