2025-10-31 14:11:24,899 - INFO - 加载数据集: Twitter
2025-10-31 14:11:24,902 - INFO - 首次生成度相关概率分布 分布类型: 'powerlaw'.
2025-10-31 14:11:24,902 - INFO - ===> 使用幂律分布生成四种分布
2025-10-31 14:11:24,913 - INFO - 保存概率分布 文件位置: /home/wen/pythonspace/data-test/Twitter/distribution-in-Twitter/distribution-powerlaw_seedNum-200.pkl
2025-10-31 14:11:29,584 - INFO - 首次生成种子集 random
2025-10-31 14:11:29,584 - INFO - 执行当前算法开始: random
2025-10-31 14:11:29,585 - INFO - 当前用时 0.00 秒
2025-10-31 14:11:29,585 - INFO - 将种子集 写入位置: /home/wen/pythonspace/data-test/Twitter/seeds-with-Twitter/distribution-powerlaw_random_seedNum-200.txt
2025-10-31 14:11:29,585 - INFO - 首次生成种子集 degreeTopM
2025-10-31 14:11:29,585 - INFO - 执行当前算法开始: degreeTopM
2025-10-31 14:11:29,590 - INFO - 当前用时 0.00 秒
2025-10-31 14:11:29,590 - INFO - 将种子集 写入位置: /home/wen/pythonspace/data-test/Twitter/seeds-with-Twitter/distribution-powerlaw_degreeTopM_seedNum-200.txt
2025-10-31 14:11:29,590 - INFO - 首次生成种子集 ris_coverage
2025-10-31 14:11:29,591 - INFO - 执行当前算法开始: ris_coverage
2025-10-31 14:12:34,186 - INFO - 当前用时 64.60 秒
2025-10-31 14:12:34,187 - INFO - 将种子集 写入位置: /home/wen/pythonspace/data-test/Twitter/seeds-with-Twitter/distribution-powerlaw_ris_coverage_seedNum-200.txt
2025-10-31 14:12:34,187 - INFO - 评估种子集: None
2025-10-31 14:12:34,187 - INFO - 评估函数开始
2025-10-31 14:12:34,187 - INFO - 当前模拟次数: [5]

2025-10-31 14:12:34,187 - INFO - 当前评估种子数: 200 ---
2025-10-31 14:12:34,187 - INFO -   Evaluating method: 'random' with 200 seeds.
2025-10-31 14:12:34,187 - INFO -     Running 5 simulations...
2025-10-31 14:12:34,187 - INFO - 		当前模拟轮次: 0
2025-10-31 14:12:34,757 - INFO - 		当前模拟轮次: 1
2025-10-31 14:12:34,951 - INFO - 		当前模拟轮次: 2
2025-10-31 14:12:35,138 - INFO - 		当前模拟轮次: 3
2025-10-31 14:12:35,329 - INFO - 		当前模拟轮次: 4
2025-10-31 14:12:35,527 - INFO -     Result: E[Users] = 100.0000, Var[Users] = 51.6000, Std_Dev = 7.1833
2025-10-31 14:12:35,533 - INFO -   Evaluating method: 'degreeTopM' with 200 seeds.
2025-10-31 14:12:35,533 - INFO -     Running 5 simulations...
2025-10-31 14:12:35,533 - INFO - 		当前模拟轮次: 0
2025-10-31 14:12:35,762 - INFO - 		当前模拟轮次: 1
2025-10-31 14:12:35,990 - INFO - 		当前模拟轮次: 2
2025-10-31 14:12:36,207 - INFO - 		当前模拟轮次: 3
2025-10-31 14:12:36,418 - INFO - 		当前模拟轮次: 4
2025-10-31 14:12:36,624 - INFO -     Result: E[Users] = 103.0000, Var[Users] = 24.8000, Std_Dev = 4.9800
2025-10-31 14:12:36,626 - INFO -   Evaluating method: 'ris_coverage' with 200 seeds.
2025-10-31 14:12:36,626 - INFO -     Running 5 simulations...
2025-10-31 14:12:36,626 - INFO - 		当前模拟轮次: 0
2025-10-31 14:12:36,807 - INFO - 		当前模拟轮次: 1
2025-10-31 14:12:36,979 - INFO - 		当前模拟轮次: 2
2025-10-31 14:12:37,157 - INFO - 		当前模拟轮次: 3
2025-10-31 14:12:37,338 - INFO - 		当前模拟轮次: 4
2025-10-31 14:12:37,512 - INFO -     Result: E[Users] = 101.2000, Var[Users] = 50.5600, Std_Dev = 7.1106
2025-10-31 14:12:37,514 - INFO - 保存评估文件至: /home/wen/pythonspace/data-test/Twitter/E-activated-Twitter/distribution-powerlaw/tsd_10.0-10.0-10.0/single_sim_func-AgainContinue/simuTimes-5_seedNum-200_monteCarloL-15_single_sim_func-AgainContinue_rrNumSamples-600000.csv
