2025-10-30 22:49:39,305 - INFO - 加载数据集: Twitter
2025-10-30 22:49:39,313 - INFO - 首次生成度相关概率分布 分布类型: 'powerlaw'.
2025-10-30 22:49:39,313 - INFO - ===> 使用幂律分布生成四种分布
2025-10-30 22:49:39,328 - INFO - 保存概率分布 文件位置: /home/wen/pythonspace/data-test/Twitter/distribution-in-Twitter/distribution-powerlaw_seedNum-2.pkl
2025-10-30 22:49:44,271 - INFO - 首次生成种子集 random
2025-10-30 22:49:44,271 - INFO - 执行当前算法开始: random
2025-10-30 22:49:44,271 - INFO - 当前用时 0.00 秒
2025-10-30 22:49:44,272 - INFO - 将种子集 写入位置: /home/wen/pythonspace/data-test/Twitter/seeds-with-Twitter/distribution-powerlaw_random_seedNum-2.txt
2025-10-30 22:49:44,272 - INFO - 首次生成种子集 degreeTopM
2025-10-30 22:49:44,272 - INFO - 执行当前算法开始: degreeTopM
2025-10-30 22:49:44,273 - INFO - 当前用时 0.00 秒
2025-10-30 22:49:44,274 - INFO - 将种子集 写入位置: /home/wen/pythonspace/data-test/Twitter/seeds-with-Twitter/distribution-powerlaw_degreeTopM_seedNum-2.txt
2025-10-30 22:49:44,274 - INFO - 首次生成种子集 ris_coverage
2025-10-30 22:49:44,274 - INFO - 执行当前算法开始: ris_coverage
2025-10-30 22:49:54,068 - INFO - 当前用时 9.79 秒
2025-10-30 22:49:54,069 - INFO - 将种子集 写入位置: /home/wen/pythonspace/data-test/Twitter/seeds-with-Twitter/distribution-powerlaw_ris_coverage_seedNum-2.txt
2025-10-30 22:49:54,069 - INFO - 评估种子集: None
2025-10-30 22:49:54,069 - INFO - 评估函数开始
2025-10-30 22:49:54,069 - INFO - 当前模拟次数: [3]

2025-10-30 22:49:54,069 - INFO - 当前评估种子数: 2 ---
2025-10-30 22:49:54,069 - INFO -   Evaluating method: 'random' with 2 seeds.
2025-10-30 22:49:54,069 - INFO -     Running 3 simulations...
2025-10-30 22:49:54,069 - INFO - 		当前模拟轮次: 0

2025-10-30 22:49:54,074 - INFO - 		当前模拟轮次: 1

2025-10-30 22:49:54,077 - INFO - 		当前模拟轮次: 2

2025-10-30 22:49:54,079 - INFO -     Result: E[Users] = 0.6667, Var[Users] = 0.2222, Std_Dev = 0.4714
2025-10-30 22:49:54,082 - INFO -   Evaluating method: 'degreeTopM' with 2 seeds.
2025-10-30 22:49:54,082 - INFO -     Running 3 simulations...
2025-10-30 22:49:54,084 - INFO - 		当前模拟轮次: 0

2025-10-30 22:49:54,086 - INFO - 		当前模拟轮次: 1

2025-10-30 22:49:54,087 - INFO - 		当前模拟轮次: 2

2025-10-30 22:49:54,088 - INFO -     Result: E[Users] = 1.0000, Var[Users] = 0.6667, Std_Dev = 0.8165
2025-10-30 22:49:54,089 - INFO -   Evaluating method: 'ris_coverage' with 2 seeds.
2025-10-30 22:49:54,089 - INFO -     Running 3 simulations...
2025-10-30 22:49:54,089 - INFO - 		当前模拟轮次: 0

2025-10-30 22:49:54,091 - INFO - 		当前模拟轮次: 1

2025-10-30 22:49:54,094 - INFO - 		当前模拟轮次: 2

2025-10-30 22:49:54,095 - INFO -     Result: E[Users] = 0.6667, Var[Users] = 0.2222, Std_Dev = 0.4714
2025-10-30 22:49:54,096 - INFO - 保存评估文件至: /home/wen/pythonspace/data-test/Twitter/E-activated-Twitter/distribution-powerlaw/tsd_10.0-10.0-10.0/single_sim_func-AgainContinue/simuTimes-3_seedNum-2_monteCarloL-15_single_sim_func-AgainContinue_rrNumSamples-600000.csv
