2025-11-25 11:00:54,552 - INFO - 加载数据集: Twitter
2025-11-25 11:00:54,599 - INFO - 首次生成度相关概率分布 分布类型: 'powerlaw'.
2025-11-25 11:00:54,600 - INFO - ===> Generating 'Power-law Degree-Aware' distributions...
2025-11-25 11:00:54,612 - INFO - 保存概率分布 文件位置: /home/wen/pythonspace/data-test/Twitter/2025-11-24/distribution-in-Twitter/distribution-powerlaw_seedNum-55.pkl
2025-11-25 11:00:59,035 - INFO - 首次生成种子集 random
2025-11-25 11:00:59,036 - INFO - 执行当前算法开始: random
2025-11-25 11:00:59,036 - INFO - 当前用时 0.00 秒
2025-11-25 11:00:59,036 - INFO - 将种子集 写入位置: /home/wen/pythonspace/data-test/Twitter/2025-11-24/seeds-with-Twitter/powerlaw_random_seedNum-55_SSRNum-100000.txt
2025-11-25 11:00:59,037 - INFO - 首次生成种子集 degreeTopM
2025-11-25 11:00:59,037 - INFO - 执行当前算法开始: degreeTopM
2025-11-25 11:00:59,096 - INFO - 当前用时 0.06 秒
2025-11-25 11:00:59,097 - INFO - 将种子集 写入位置: /home/wen/pythonspace/data-test/Twitter/2025-11-24/seeds-with-Twitter/powerlaw_degreeTopM_seedNum-55_SSRNum-100000.txt
2025-11-25 11:00:59,097 - INFO - 首次生成种子集 alpha_sort
2025-11-25 11:00:59,097 - INFO - 执行当前算法开始: alpha_sort
2025-11-25 11:00:59,125 - INFO - 23362 个节点的alpha值降序排序 done
2025-11-25 11:00:59,125 - INFO - ==============>> [(11468, 0.15026251945322253), (12616, 0.14989681873521632), (6166, 0.1497514764178604), (13725, 0.14934093089616063), (22143, 0.14917229201457144), (18041, 0.14913914189415473), (9314, 0.14909831284018155), (23336, 0.14886948623705204), (18341, 0.14886939994409767), (18611, 0.14885359532316628)]
2025-11-25 11:00:59,125 - INFO - 
选择的种子集 (按alpha排序): [11468, 12616, 6166, 13725, 22143, 18041, 9314, 23336, 18341, 18611, 15614, 14491, 14921, 309, 11527, 15404, 18708, 22197, 19896, 21333, 7916, 15530, 2286, 20272, 19140, 19901, 13944, 1175, 18190, 13161, 13280, 1338, 15816, 14779, 11128, 23125, 21692, 10978, 2456, 23033, 12373, 4239, 9677, 7434, 10305, 18736, 7643, 8838, 17707, 11685, 6332, 20863, 9044, 239, 17152]

2025-11-25 11:00:59,126 - INFO - 当前用时 0.03 秒
2025-11-25 11:00:59,126 - INFO - 将种子集 写入位置: /home/wen/pythonspace/data-test/Twitter/2025-11-24/seeds-with-Twitter/powerlaw_alpha_sort_seedNum-55_SSRNum-100000.txt
2025-11-25 11:00:59,127 - INFO - 首次生成种子集 importance_sort
2025-11-25 11:00:59,127 - INFO - 执行当前算法开始: importance_sort
2025-11-25 11:01:11,352 - INFO - 
选择的种子集 (按Importance排序): [11468, 12616, 6166, 13725, 22143, 18041, 9314, 23336, 18341, 18611, 15614, 14491, 14921, 309, 11527, 15404, 18708, 22197, 19896, 21333, 7916, 15530, 2286, 20272, 19140, 19901, 13944, 1175, 18190, 13161, 13280, 1338, 15816, 14779, 11128, 23125, 21692, 10978, 2456, 23033, 12373, 4239, 9677, 7434, 10305, 18736, 7643, 8838, 17707, 11685, 6332, 20863, 9044, 239, 17152]

2025-11-25 11:01:11,354 - INFO - 当前用时 12.23 秒
2025-11-25 11:01:11,355 - INFO - 将种子集 写入位置: /home/wen/pythonspace/data-test/Twitter/2025-11-24/seeds-with-Twitter/powerlaw_importance_sort_seedNum-55_SSRNum-100000.txt
2025-11-25 11:01:11,355 - INFO - 首次生成种子集 ris_coverage
2025-11-25 11:01:11,355 - INFO - 执行当前算法开始: ris_coverage
2025-11-25 11:01:12,260 - INFO - 反向图构建完成，处理了 65548 条边。
2025-11-25 11:01:12,263 - INFO - 图初始化完成，包含 23362 个节点，选择 55 个种子。
2025-11-25 11:01:12,263 - INFO - 
采样次数: 100000, 开始生成 100000 组SSR，使用 2 个并行进程...
2025-11-25 11:01:25,207 - INFO - 100000 个SSR生成完毕。耗时: 12.94 秒。
2025-11-25 11:01:25,212 - INFO - 
开始选择最优的种子节点 (Standard Greedy) ...
2025-11-25 11:01:33,137 - INFO - 最终选择的种子集: [21333, 16907, 21468, 20295, 23256, 6164, 13809, 20666, 21017, 10037, 22877, 8282, 17868, 19921, 5535, 11466, 14428, 12149, 18415, 22718, 2076, 6772, 9838, 16024, 8810, 6677, 12796, 12006, 13702, 14641, 18923, 19704, 22077, 2609, 8113, 18853, 8014, 12422, 13965, 17772, 21174, 12308, 13877, 15607, 17977, 6872, 12706, 12832, 13661, 15093, 18619, 4918, 12055, 15813, 16196]

2025-11-25 11:01:33,522 - INFO - 当前用时 22.17 秒
2025-11-25 11:01:33,522 - INFO - 将种子集 写入位置: /home/wen/pythonspace/data-test/Twitter/2025-11-24/seeds-with-Twitter/powerlaw_ris_coverage_seedNum-55_SSRNum-100000.txt
2025-11-25 11:01:33,526 - INFO - 评估种子集: None
2025-11-25 11:01:33,526 - INFO - 评估函数开始
2025-11-25 11:01:33,526 - INFO - 当前模拟次数: [15]

2025-11-25 11:01:33,527 - INFO - 当前评估种子数: 55 ---
2025-11-25 11:01:33,527 - INFO -   Evaluating method: 'random' with 55 seeds.
2025-11-25 11:01:33,527 - INFO -     Running 15 simulations...
2025-11-25 11:01:35,354 - INFO -     Result: E[Users] = 22.8000, Var[Users] = 11.3600, Std_Dev = 3.3705
2025-11-25 11:01:35,361 - INFO -   Evaluating method: 'degreeTopM' with 55 seeds.
2025-11-25 11:01:35,361 - INFO -     Running 15 simulations...
2025-11-25 11:01:37,577 - INFO -     Result: E[Users] = 23.7333, Var[Users] = 14.5956, Std_Dev = 3.8204
2025-11-25 11:01:37,579 - INFO -   Evaluating method: 'alpha_sort' with 55 seeds.
2025-11-25 11:01:37,580 - INFO -     Running 15 simulations...
2025-11-25 11:01:38,981 - INFO -     Result: E[Users] = 25.0667, Var[Users] = 9.9289, Std_Dev = 3.1510
2025-11-25 11:01:38,983 - INFO -   Evaluating method: 'importance_sort' with 55 seeds.
2025-11-25 11:01:38,983 - INFO -     Running 15 simulations...
2025-11-25 11:01:40,413 - INFO -     Result: E[Users] = 23.4667, Var[Users] = 14.9156, Std_Dev = 3.8621
2025-11-25 11:01:40,415 - INFO -   Evaluating method: 'ris_coverage' with 55 seeds.
2025-11-25 11:01:40,415 - INFO -     Running 15 simulations...
2025-11-25 11:01:41,826 - INFO -     Result: E[Users] = 24.2667, Var[Users] = 12.3289, Std_Dev = 3.5113
2025-11-25 11:01:41,828 - INFO - 保存评估文件至: /home/wen/pythonspace/data-test/Twitter/2025-11-24/E-activated-Twitter/distribution-powerlaw/tsd_1.5--1.3--0.9/single_sim_func-AgainContinue/simuTimes-15_seedNum-55_monteCarloL-10_single_sim_func-AgainContinue_rrNumSamples-100000.csv
