2025-11-25 11:01:57,559 - INFO - 加载数据集: Twitter
2025-11-25 11:01:57,562 - INFO - 首次生成度相关概率分布 分布类型: 'powerlaw'.
2025-11-25 11:01:57,562 - INFO - ===> Generating 'Power-law Degree-Aware' distributions...
2025-11-25 11:01:57,567 - INFO - 保存概率分布 文件位置: /home/wen/pythonspace/data-test/Twitter/2025-11-24/distribution-in-Twitter/distribution-powerlaw_seedNum-555.pkl
2025-11-25 11:02:02,224 - INFO - 首次生成种子集 random
2025-11-25 11:02:02,224 - INFO - 执行当前算法开始: random
2025-11-25 11:02:02,225 - INFO - 当前用时 0.00 秒
2025-11-25 11:02:02,225 - INFO - 将种子集 写入位置: /home/wen/pythonspace/data-test/Twitter/2025-11-24/seeds-with-Twitter/powerlaw_random_seedNum-555_SSRNum-100000.txt
2025-11-25 11:02:02,225 - INFO - 首次生成种子集 degreeTopM
2025-11-25 11:02:02,225 - INFO - 执行当前算法开始: degreeTopM
2025-11-25 11:02:02,227 - INFO - 当前用时 0.00 秒
2025-11-25 11:02:02,227 - INFO - 将种子集 写入位置: /home/wen/pythonspace/data-test/Twitter/2025-11-24/seeds-with-Twitter/powerlaw_degreeTopM_seedNum-555_SSRNum-100000.txt
2025-11-25 11:02:02,228 - INFO - 首次生成种子集 alpha_sort
2025-11-25 11:02:02,228 - INFO - 执行当前算法开始: alpha_sort
2025-11-25 11:02:02,241 - INFO - 23362 个节点的alpha值降序排序 done
2025-11-25 11:02:02,241 - INFO - ==============>> [(13528, 0.1510069831021946), (18466, 0.15049867824711724), (7635, 0.15003859358954397), (7220, 0.14984268359543318), (9824, 0.14952180505242374), (21873, 0.14932314206397193), (14709, 0.149309588253472), (4701, 0.14922462199046763), (16545, 0.14908118811588753), (6340, 0.14879483522825684)]
2025-11-25 11:02:02,242 - INFO - 
选择的种子集 (按alpha排序): [13528, 18466, 7635, 7220, 9824, 21873, 14709, 4701, 16545, 6340, 20213, 11999, 6965, 11166, 4804, 21374, 17634, 3149, 22387, 15489, 21234, 8131, 19339, 20548, 14595, 19616, 15368, 1973, 14687, 17998, 4737, 714, 15747, 13517, 15590, 19154, 11849, 5325, 167, 3439, 16898, 22634, 14143, 4903, 18032, 11196, 9022, 22760, 4095, 2830, 8301, 740, 22164, 16385, 9806, 17201, 6680, 3735, 2873, 8844, 5885, 21991, 20247, 12306, 17537, 22208, 14310, 4832, 21758, 3775, 17795, 22496, 22728, 12945, 22543, 10683, 10750, 15657, 18988, 5838, 8434, 18527, 9783, 20328, 12703, 862, 13825, 17505, 15778, 646, 10166, 13097, 9604, 19595, 12460, 22051, 14091, 22266, 20506, 7033, 3548, 13967, 20583, 14272, 13066, 20603, 1105, 6738, 12671, 11009, 11893, 9020, 6936, 1180, 11122, 1339, 6025, 13302, 7235, 5690, 2526, 1591, 21846, 11564, 3575, 15096, 11162, 17906, 10291, 10586, 4352, 21618, 15644, 20647, 9060, 5281, 15656, 23358, 5810, 15439, 13899, 7302, 1120, 11317, 20298, 6670, 7634, 22781, 5836, 6179, 15291, 5802, 22257, 10336, 22396, 12319, 12997, 18747, 15200, 6089, 19390, 11011, 20484, 19700, 15556, 9255, 10704, 9028, 7769, 12519, 13682, 4635, 18604, 12711, 9450, 19302, 11968, 6105, 8545, 22626, 2251, 7810, 13388, 21319, 22862, 14473, 5065, 11365, 14020, 14786, 18158, 12987, 7456, 18593, 9929, 10357, 771, 10725, 10015, 6992, 12275, 13510, 4719, 22220, 20006, 1741, 12936, 17724, 4371, 12209, 18586, 6916, 4916, 22638, 22073, 15108, 23056, 17753, 20657, 2878, 3943, 4204, 19274, 3677, 18890, 9959, 9956, 15431, 7757, 10381, 11778, 14755, 2268, 6712, 13043, 10777, 4952, 10025, 20366, 684, 22217, 16407, 8164, 13857, 6888, 16926, 19728, 18850, 8801, 10460, 22551, 22620, 14183, 21645, 7957, 12729, 20314, 21193, 18806, 16637, 22145, 13932, 6588, 20220, 12741, 13412, 12902, 22332, 21145, 1226, 18286, 12806, 12872, 5743, 20059, 20099, 14927, 6792, 18770, 8233, 22050, 17837, 21676, 5008, 16191, 13105, 13101, 19047, 13096, 16744, 4275, 19069, 8654, 21871, 446, 5215, 15676, 19856, 4336, 16755, 22274, 9907, 10719, 20671, 7669, 8514, 14329, 6331, 5801, 22078, 14250, 16789, 16909, 13910, 17783, 8221, 7519, 18290, 21034, 305, 17289, 22438, 13235, 12240, 8594, 11989, 16546, 22413, 22354, 13487, 16725, 6563, 12500, 14841, 9357, 21699, 23071, 19469, 5691, 12833, 12763, 7191, 20598, 10455, 6197, 21018, 10389, 3512, 3442, 4871, 16394, 13115, 14688, 21414, 10747, 14982, 237, 2492, 18300, 9645, 20724, 15049, 1679, 22960, 9426, 21152, 10971, 3308, 17156, 8732, 21920, 9534, 21867, 7933, 12933, 5192, 12892, 14897, 11155, 3415, 5735, 2275, 20885, 8007, 7745, 19307, 3424, 18447, 7867, 8644, 20926, 4376, 16619, 9528, 1264, 20891, 6925, 19627, 5067, 4473, 21719, 22629, 7746, 16515, 4028, 11057, 12373, 4754, 19243, 9831, 13270, 8239, 8743, 14823, 11749, 16020, 2439, 3896, 2279, 16970, 13796, 8772, 19222, 7609, 22371, 5019, 15257, 9106, 7761, 653, 5749, 20037, 22662, 12514, 12784, 458, 16510, 14914, 10225, 13336, 13402, 21397, 15502, 21088, 445, 4729, 717, 16391, 22328, 22774, 11131, 18369, 22945, 22483, 4844, 13481, 15810, 6797, 19759, 8632, 23087, 191, 12438, 15124, 18077, 13728, 4293, 8152, 21401, 3914, 19401, 23094, 18609, 14728, 7863, 22708, 6822, 16470, 12959, 21495, 10191, 4880, 3298, 21072, 7644, 5577, 10486, 18071, 600, 18267, 14915, 9872, 10711, 17723, 8356, 9975, 22423, 13511, 22853, 6674, 10962, 3973, 22660, 16280, 23257, 15020, 11885, 5693, 1356, 22276, 18075, 4915, 11641, 5607, 18473, 14516, 811, 4332, 1605, 16203, 1036, 9068, 696, 8903, 13620, 13747, 19562, 16108, 17514, 17731, 10559, 9120, 3592, 23107, 22764, 13100, 19901, 11629, 5066, 16869, 6333, 6471, 15785, 16972, 1287, 15878, 1917, 16905, 7238, 1329, 14584, 10321, 2463, 13282, 750]

2025-11-25 11:02:02,242 - INFO - 当前用时 0.01 秒
2025-11-25 11:02:02,243 - INFO - 将种子集 写入位置: /home/wen/pythonspace/data-test/Twitter/2025-11-24/seeds-with-Twitter/powerlaw_alpha_sort_seedNum-555_SSRNum-100000.txt
2025-11-25 11:02:02,243 - INFO - 首次生成种子集 importance_sort
2025-11-25 11:02:02,243 - INFO - 执行当前算法开始: importance_sort
2025-11-25 11:02:14,052 - INFO - 
选择的种子集 (按Importance排序): [13528, 18466, 7635, 7220, 9824, 21873, 14709, 4701, 16545, 6340, 20213, 11999, 6965, 11166, 4804, 21374, 17634, 3149, 22387, 15489, 21234, 8131, 19339, 20548, 14595, 19616, 15368, 1973, 14687, 17998, 4737, 714, 15747, 13517, 15590, 19154, 11849, 5325, 167, 3439, 16898, 22634, 14143, 4903, 18032, 11196, 9022, 22760, 4095, 2830, 8301, 740, 22164, 16385, 9806, 17201, 6680, 3735, 2873, 8844, 5885, 21991, 20247, 12306, 17537, 22208, 14310, 4832, 21758, 3775, 17795, 22496, 22728, 12945, 22543, 10683, 10750, 15657, 18988, 5838, 8434, 18527, 9783, 20328, 12703, 862, 13825, 17505, 15778, 646, 10166, 13097, 9604, 19595, 12460, 22051, 14091, 22266, 20506, 7033, 3548, 13967, 20583, 14272, 13066, 20603, 1105, 6738, 12671, 11009, 11893, 9020, 6936, 1180, 11122, 1339, 6025, 13302, 7235, 5690, 2526, 1591, 21846, 11564, 3575, 15096, 11162, 17906, 10291, 10586, 4352, 21618, 15644, 20647, 9060, 5281, 15656, 23358, 5810, 15439, 13899, 7302, 1120, 11317, 20298, 6670, 7634, 22781, 5836, 6179, 15291, 5802, 22257, 10336, 22396, 12319, 12997, 18747, 15200, 6089, 19390, 11011, 20484, 19700, 15556, 9255, 10704, 9028, 7769, 12519, 13682, 4635, 18604, 12711, 9450, 19302, 11968, 6105, 8545, 22626, 2251, 7810, 13388, 21319, 22862, 14473, 5065, 11365, 14020, 14786, 18158, 12987, 7456, 18593, 9929, 10357, 771, 10725, 10015, 6992, 12275, 13510, 4719, 22220, 20006, 1741, 12936, 17724, 4371, 12209, 18586, 6916, 4916, 22638, 22073, 15108, 23056, 17753, 20657, 2878, 3943, 4204, 19274, 3677, 18890, 9959, 9956, 15431, 7757, 10381, 11778, 14755, 2268, 6712, 13043, 10777, 4952, 10025, 20366, 684, 22217, 16407, 8164, 13857, 6888, 16926, 19728, 18850, 8801, 10460, 22551, 22620, 14183, 21645, 7957, 12729, 20314, 21193, 18806, 16637, 22145, 13932, 6588, 20220, 12741, 13412, 12902, 22332, 21145, 1226, 18286, 12806, 12872, 5743, 20059, 20099, 14927, 6792, 18770, 8233, 22050, 17837, 21676, 5008, 16191, 13105, 13101, 19047, 13096, 16744, 4275, 19069, 8654, 21871, 446, 5215, 15676, 19856, 4336, 16755, 22274, 9907, 10719, 20671, 7669, 8514, 14329, 6331, 5801, 22078, 14250, 16789, 16909, 13910, 17783, 8221, 7519, 18290, 21034, 305, 17289, 22438, 13235, 12240, 8594, 11989, 16546, 22413, 22354, 13487, 16725, 6563, 12500, 14841, 9357, 21699, 23071, 19469, 5691, 12833, 12763, 7191, 20598, 10455, 6197, 21018, 10389, 3512, 3442, 4871, 16394, 13115, 14688, 21414, 10747, 14982, 237, 2492, 18300, 9645, 20724, 15049, 1679, 22960, 9426, 21152, 10971, 3308, 17156, 8732, 21920, 9534, 21867, 7933, 12933, 5192, 12892, 14897, 11155, 3415, 5735, 2275, 20885, 8007, 7745, 19307, 3424, 18447, 7867, 8644, 20926, 4376, 16619, 9528, 1264, 20891, 6925, 19627, 5067, 4473, 21719, 22629, 7746, 16515, 4028, 11057, 12373, 4754, 19243, 9831, 13270, 8239, 8743, 14823, 11749, 16020, 2439, 3896, 2279, 16970, 13796, 8772, 19222, 7609, 22371, 5019, 15257, 9106, 7761, 653, 5749, 20037, 22662, 12514, 12784, 458, 16510, 14914, 10225, 13336, 13402, 21397, 15502, 21088, 445, 4729, 717, 16391, 22328, 22774, 11131, 18369, 22945, 22483, 4844, 13481, 15810, 6797, 19759, 8632, 23087, 191, 12438, 15124, 18077, 13728, 4293, 8152, 21401, 3914, 19401, 23094, 18609, 14728, 7863, 22708, 6822, 16470, 12959, 21495, 10191, 4880, 3298, 21072, 7644, 5577, 10486, 18071, 600, 18267, 14915, 9872, 10711, 17723, 8356, 9975, 22423, 13511, 22853, 6674, 10962, 3973, 22660, 16280, 23257, 15020, 11885, 5693, 1356, 22276, 18075, 4915, 11641, 5607, 18473, 14516, 811, 4332, 1605, 16203, 1036, 9068, 696, 8903, 13620, 13747, 19562, 16108, 17514, 17731, 10559, 9120, 3592, 23107, 22764, 13100, 19901, 11629, 5066, 16869, 6333, 6471, 15785, 16972, 1287, 15878, 1917, 16905, 7238, 1329, 14584, 10321, 2463, 13282, 750]

2025-11-25 11:02:14,055 - INFO - 当前用时 11.81 秒
2025-11-25 11:02:14,055 - INFO - 将种子集 写入位置: /home/wen/pythonspace/data-test/Twitter/2025-11-24/seeds-with-Twitter/powerlaw_importance_sort_seedNum-555_SSRNum-100000.txt
2025-11-25 11:02:14,056 - INFO - 首次生成种子集 ris_coverage
2025-11-25 11:02:14,056 - INFO - 执行当前算法开始: ris_coverage
2025-11-25 11:02:14,550 - INFO - 反向图构建完成，处理了 65548 条边。
2025-11-25 11:02:14,552 - INFO - 图初始化完成，包含 23362 个节点，选择 555 个种子。
2025-11-25 11:02:14,553 - INFO - 
采样次数: 100000, 开始生成 100000 组SSR，使用 2 个并行进程...
2025-11-25 11:05:19,004 - INFO - 100000 个SSR生成完毕。耗时: 184.42 秒。
2025-11-25 11:05:19,112 - INFO - 
开始选择最优的种子节点 (Standard Greedy) ...
2025-11-25 11:14:53,409 - INFO - 最终选择的种子集: [2878, 7950, 11395, 23297, 22718, 12865, 7757, 9391, 21021, 20604, 11352, 14862, 2484, 10836, 2938, 17808, 21717, 15550, 11573, 18898, 21196, 312, 18267, 10232, 17794, 16729, 22001, 22912, 20444, 17291, 17892, 4360, 13423, 3072, 10472, 23348, 23224, 8526, 7871, 10167, 19909, 21642, 9654, 6056, 15034, 21703, 7495, 8407, 10008, 6280, 1113, 13083, 4187, 19574, 15832, 5749, 22500, 12987, 19687, 1911, 3439, 16689, 748, 3723, 18495, 23166, 680, 10769, 8009, 22084, 7110, 17080, 18872, 17155, 22273, 18682, 1636, 20562, 8738, 4701, 10670, 8969, 10588, 6747, 5889, 8100, 19085, 14149, 11754, 6960, 20866, 15580, 16216, 8801, 19590, 11014, 12892, 23102, 17973, 6849, 15270, 21688, 1339, 877, 19565, 18190, 6543, 8318, 9812, 18143, 9116, 14943, 11009, 22985, 19469, 21235, 20053, 11157, 13530, 5325, 13804, 22745, 13266, 23076, 4901, 22366, 18856, 275, 22263, 2706, 9004, 19585, 21858, 6161, 9275, 21843, 644, 20574, 11523, 17446, 16286, 22340, 1609, 3421, 20381, 7009, 10683, 10747, 3412, 22218, 13171, 21258, 4856, 7146, 8671, 16153, 22117, 4533, 11954, 12250, 22564, 10083, 11298, 12502, 9736, 19764, 20995, 10721, 21435, 14510, 16881, 15170, 6340, 17843, 18943, 20761, 21584, 18675, 10370, 9369, 22765, 9931, 12334, 10951, 16541, 1512, 13694, 7164, 9348, 12011, 20795, 1105, 14414, 15147, 8633, 1279, 7667, 20266, 15958, 13997, 18364, 5619, 6029, 6467, 11324, 19306, 19528, 11222, 12062, 20586, 21295, 6525, 15054, 166, 3149, 7696, 12442, 15773, 19179, 19208, 18109, 21659, 3797, 16792, 10517, 10530, 13706, 13831, 14326, 15325, 9693, 2249, 17260, 20003, 9212, 15118, 17380, 8885, 11410, 6677, 17688, 11843, 23177, 15657, 3231, 14681, 17948, 19441, 12378, 13933, 16724, 445, 18757, 18847, 21396, 10347, 13742, 18780, 20488, 21074, 10803, 11546, 14438, 9523, 16425, 16621, 18067, 778, 14801, 21935, 6369, 10614, 14372, 16338, 16434, 16747, 18039, 5044, 237, 8993, 21988, 3566, 16975, 4234, 7465, 12772, 7191, 15808, 14633, 15527, 18199, 21515, 7444, 4324, 20631, 11921, 13180, 13663, 5810, 14689, 2873, 8211, 3695, 9409, 17638, 18484, 20069, 3779, 19131, 21965, 6879, 19157, 19670, 20507, 14715, 22520, 2986, 14782, 5868, 15778, 16698, 6640, 20092, 15228, 19708, 17623, 2135, 16798, 22164, 10942, 9617, 18266, 19047, 19386, 2430, 12933, 3601, 3541, 12473, 5683, 12714, 15425, 17193, 6240, 11568, 12462, 13637, 2785, 9183, 22182, 3988, 18279, 4795, 3555, 13329, 11533, 10108, 20640, 21368, 1949, 21874, 3474, 5858, 8789, 12973, 9627, 9038, 19401, 10586, 14587, 20203, 20661, 10279, 7122, 7421, 14952, 20925, 278, 9904, 21518, 484, 1547, 1693, 4419, 10015, 19564, 21065, 9022, 10609, 6827, 23326, 714, 5212, 17094, 15221, 8545, 15437, 17288, 17391, 21760, 13411, 16376, 18010, 8411, 8323, 16741, 13624, 17528, 20019, 23350, 7922, 8898, 12616, 17536, 17906, 5398, 6075, 9194, 18636, 7218, 16300, 7747, 3814, 13146, 14751, 19395, 22429, 22653, 16188, 20378, 21022, 21795, 2051, 11616, 13065, 22147, 9828, 17125, 19377, 22889, 5291, 17813, 4777, 22620, 3729, 12209, 13585, 17924, 19078, 20713, 3002, 10198, 13434, 13882, 22026, 16033, 12182, 18546, 7043, 20046, 1147, 6204, 11860, 23077, 1211, 17041, 19337, 3310, 15408, 18697, 14114, 21149, 6754, 11739, 11834, 4384, 12793, 17765, 20813, 3460, 4469, 12359, 11899, 7363, 21827, 85, 16475, 17052, 21695, 6170, 8925, 16042, 7580, 9587, 18723, 15597, 21959, 10658, 17156, 8448, 16137, 17296, 7640, 17265, 8486, 15706, 18829, 19450, 579, 14814, 8066, 21292, 924, 4184, 4377, 12544, 15390, 18410, 22483, 21237, 5086, 5277, 14459, 19237, 1718, 6287, 10988, 20220, 8716, 11208, 11979, 16540, 18290, 19372, 19622, 22377, 3749, 3878, 4876, 7872, 9937, 10725, 12438, 12882, 3120, 9255, 10091, 16100, 16824, 20860, 3151, 7926, 8438, 8850, 11967]

2025-11-25 11:15:04,795 - INFO - 当前用时 770.74 秒
2025-11-25 11:15:04,859 - INFO - 将种子集 写入位置: /home/wen/pythonspace/data-test/Twitter/2025-11-24/seeds-with-Twitter/powerlaw_ris_coverage_seedNum-555_SSRNum-100000.txt
2025-11-25 11:15:04,900 - INFO - 评估种子集: None
2025-11-25 11:15:04,900 - INFO - 评估函数开始
2025-11-25 11:15:04,901 - INFO - 当前模拟次数: [15]

2025-11-25 11:15:04,901 - INFO - 当前评估种子数: 555 ---
2025-11-25 11:15:04,901 - INFO -   Evaluating method: 'random' with 555 seeds.
2025-11-25 11:15:04,901 - INFO -     Running 15 simulations...
2025-11-25 11:15:25,250 - INFO -     Result: E[Users] = 233.2000, Var[Users] = 138.5600, Std_Dev = 11.7712
2025-11-25 11:15:25,528 - INFO -   Evaluating method: 'degreeTopM' with 555 seeds.
2025-11-25 11:15:25,528 - INFO -     Running 15 simulations...
2025-11-25 11:15:48,481 - INFO -     Result: E[Users] = 231.5333, Var[Users] = 109.4489, Std_Dev = 10.4618
2025-11-25 11:15:48,589 - INFO -   Evaluating method: 'alpha_sort' with 555 seeds.
2025-11-25 11:15:48,589 - INFO -     Running 15 simulations...
2025-11-25 11:16:03,829 - INFO -     Result: E[Users] = 243.8000, Var[Users] = 122.5600, Std_Dev = 11.0707
2025-11-25 11:16:03,831 - INFO -   Evaluating method: 'importance_sort' with 555 seeds.
2025-11-25 11:16:03,831 - INFO -     Running 15 simulations...
2025-11-25 11:16:19,114 - INFO -     Result: E[Users] = 245.4000, Var[Users] = 167.0400, Std_Dev = 12.9244
2025-11-25 11:16:19,116 - INFO -   Evaluating method: 'ris_coverage' with 555 seeds.
2025-11-25 11:16:19,116 - INFO -     Running 15 simulations...
2025-11-25 11:16:34,211 - INFO -     Result: E[Users] = 238.9333, Var[Users] = 160.5956, Std_Dev = 12.6726
2025-11-25 11:16:34,214 - INFO - 保存评估文件至: /home/wen/pythonspace/data-test/Twitter/2025-11-24/E-activated-Twitter/distribution-powerlaw/tsd_1.5--1.3--0.9/single_sim_func-AgainContinue/simuTimes-15_seedNum-555_monteCarloL-10_single_sim_func-AgainContinue_rrNumSamples-100000.csv
