2026-03-11 08:09:47,293 - INFO - 加载数据集: network.netscience
2026-03-11 08:09:47,294 - INFO - --- 矩阵分析 ---
2026-03-11 08:09:47,294 - INFO - 节点数 (N): 379
2026-03-11 08:09:47,294 - INFO - 边数 (E): 1828
2026-03-11 08:09:47,294 - INFO - 密度 (Density): 0.01272617 (越小越稀疏)
2026-03-11 08:09:47,294 - INFO - 稀疏度 (Sparsity): 0.98727383 (越接近1越稀疏)
2026-03-11 08:09:47,295 - INFO - 平均度数 (Avg Degree): 4.82
2026-03-11 08:09:47,295 - INFO - 首次生成度相关概率分布 分布类型: 'log_continuous'.
2026-03-11 08:09:47,295 - INFO - ===> Generating 'Log-Continuous' distributions for Real Graph...
2026-03-11 08:09:47,300 - INFO - 保存概率分布 文件位置: /root/work/coupon/coup_spread/network.netscience/2026-4-5/distribution-in-network.netscience/distribution-log_continuous_seedNum-10.pkl
2026-03-11 08:09:47,303 - INFO - 首次生成种子集 random
2026-03-11 08:09:47,303 - INFO - 执行当前算法开始: random
2026-03-11 08:09:47,303 - INFO - 数据集节点总数:  n = 379, m = 10
2026-03-11 08:09:47,303 - INFO - 选择 10  [214, 265, 132, 83, 27, 77, 269, 59, 38, 115]

2026-03-11 08:09:47,303 - INFO - 当前用时 0.00 秒
2026-03-11 08:09:47,303 - INFO - 将种子集 写入位置: /root/work/coupon/coup_spread/network.netscience/2026-4-5/seeds-with-network.netscience/log_continuous_random_seedNum-10_SSRNum-50000.txt
2026-03-11 08:09:47,303 - INFO - 首次生成种子集 degreeTopM
2026-03-11 08:09:47,303 - INFO - 执行当前算法开始: degreeTopM
2026-03-11 08:09:47,303 - INFO - 依据: 选择连接数（度数）最多的节点。
2026-03-11 08:09:47,304 - INFO - 选择的 Top M 节点及其度数:
2026-03-11 08:09:47,304 - INFO - 
2026-03-11 08:09:47,304 - INFO - 当前用时 0.00 秒
2026-03-11 08:09:47,304 - INFO - 将种子集 写入位置: /root/work/coupon/coup_spread/network.netscience/2026-4-5/seeds-with-network.netscience/log_continuous_degreeTopM_seedNum-10_SSRNum-50000.txt
2026-03-11 08:09:47,304 - INFO - 首次生成种子集 pageRank
2026-03-11 08:09:47,304 - INFO - 执行当前算法开始: pageRank
2026-03-11 08:09:47,304 - INFO - --- Running: PageRank (on tranProMatrix) Top M ---
2026-03-11 08:09:47,319 - INFO - Selected PageRank seeds: [58, 3, 4, 119, 72, 5, 142, 106, 53, 219]
2026-03-11 08:09:47,320 - INFO - 当前用时 0.02 秒
2026-03-11 08:09:47,320 - INFO - 将种子集 写入位置: /root/work/coupon/coup_spread/network.netscience/2026-4-5/seeds-with-network.netscience/log_continuous_pageRank_seedNum-10_SSRNum-50000.txt
2026-03-11 08:09:47,320 - INFO - 首次生成种子集 alpha_sort
2026-03-11 08:09:47,320 - INFO - 执行当前算法开始: alpha_sort
2026-03-11 08:09:47,321 - INFO - 379 个节点的alpha值降序排序 done
2026-03-11 08:09:47,321 - INFO - ==============>> [(196, np.float64(0.4761543759146074)), (133, np.float64(0.44857128895439097)), (179, np.float64(0.4476946228280887)), (321, np.float64(0.40617652723166164)), (222, np.float64(0.3991677376118984)), (275, np.float64(0.3980521239747853)), (32, np.float64(0.3936118487891139)), (103, np.float64(0.3766912822109997)), (302, np.float64(0.37169735269599197)), (373, np.float64(0.36767627649803303))]
2026-03-11 08:09:47,321 - INFO - 
选择的种子集 (按alpha排序): [196, 133, 179, 321, 222, 275, 32, 103, 302, 373]

2026-03-11 08:09:47,321 - INFO - 当前用时 0.00 秒
2026-03-11 08:09:47,321 - INFO - 将种子集 写入位置: /root/work/coupon/coup_spread/network.netscience/2026-4-5/seeds-with-network.netscience/log_continuous_alpha_sort_seedNum-10_SSRNum-50000.txt
2026-03-11 08:09:47,321 - INFO - 首次生成种子集 ris_optimized
2026-03-11 08:09:47,321 - INFO - 执行当前算法开始: ris_optimized
2026-03-11 08:09:47,324 - INFO - 开始生成 50000 组多重RR-Set (万级节点极限内存优化版)...
2026-03-11 08:09:48,796 - INFO - 生成与倒排构建完毕。耗时: 1.47 秒。
2026-03-11 08:09:48,797 - INFO - 开始基于 Numpy 矩阵的高速贪心选择...
2026-03-11 08:09:48,811 - INFO - 高速选种完毕。耗时: 0.01 秒。估算范围: 5.14
2026-03-11 08:09:48,812 - INFO - 当前用时 1.49 秒
2026-03-11 08:09:48,813 - INFO - 将种子集 写入位置: /root/work/coupon/coup_spread/network.netscience/2026-4-5/seeds-with-network.netscience/log_continuous_ris_optimized_seedNum-10_SSRNum-50000.txt
2026-03-11 08:09:48,813 - INFO - 首次生成种子集 1hop_sort
2026-03-11 08:09:48,813 - INFO - 执行当前算法开始: 1hop_sort
2026-03-11 08:09:48,857 - INFO - 当前用时 0.04 秒
2026-03-11 08:09:48,858 - INFO - 将种子集 写入位置: /root/work/coupon/coup_spread/network.netscience/2026-4-5/seeds-with-network.netscience/log_continuous_1hop_sort_seedNum-10_SSRNum-50000.txt
2026-03-11 08:09:48,859 - INFO - 评估种子集: None
2026-03-11 08:09:48,860 - INFO - 多进程评估开始，共有 6 个方法待评估...
2026-03-11 08:09:48,860 - INFO - 启动进程池，Worker数量: 6
2026-03-11 08:09:48,922 - INFO - [Process 10055] 开始评估方法: random, 种子数: 10
2026-03-11 08:09:48,928 - INFO - [Process 10057] 开始评估方法: degreeTopM, 种子数: 10
2026-03-11 08:09:48,947 - INFO - [Process 10056] 开始评估方法: pageRank, 种子数: 10
2026-03-11 08:09:48,975 - INFO - [Process 10058] 开始评估方法: alpha_sort, 种子数: 10
2026-03-11 08:09:49,003 - INFO - [Process 10060] 开始评估方法: ris_optimized, 种子数: 10
2026-03-11 08:09:49,023 - INFO - [Process 10059] 开始评估方法: 1hop_sort, 种子数: 10
2026-03-11 08:09:49,064 - INFO - [degreeTopM - 种子:10] 拉新:1.1人 | 总销量:1.1单 | 品牌曝光:16.3次 | 🌟综合得分:2.7
2026-03-11 08:09:49,088 - INFO - [pageRank - 种子:10] 拉新:1.4人 | 总销量:1.4单 | 品牌曝光:15.9次 | 🌟综合得分:3.0
2026-03-11 08:09:49,093 - INFO - [random - 种子:10] 拉新:2.5人 | 总销量:2.5单 | 品牌曝光:19.8次 | 🌟综合得分:4.5
2026-03-11 08:09:49,111 - INFO - [alpha_sort - 种子:10] 拉新:4.9人 | 总销量:4.9单 | 品牌曝光:16.7次 | 🌟综合得分:6.6
2026-03-11 08:09:49,144 - INFO - [1hop_sort - 种子:10] 拉新:5.0人 | 总销量:5.0单 | 品牌曝光:17.6次 | 🌟综合得分:6.7
2026-03-11 08:09:49,172 - INFO - [ris_optimized - 种子:10] 拉新:5.0人 | 总销量:5.0单 | 品牌曝光:19.1次 | 🌟综合得分:6.9
2026-03-11 08:09:49,186 - INFO - 所有进程执行完毕，开始写入数据...
2026-03-11 08:09:49,199 - INFO - 成功写入 6 条记录至 /root/work/coupon/coup_spread/gzc-impl/results/network.netscience/2026-4-5/log_continuous_SSRNum-50000-_seedNum-10_simuTimes-500.csv
2026-03-11 08:09:49,200 - INFO - 保存评估文件至: /root/work/coupon/coup_spread/gzc-impl/results/network.netscience/2026-4-5/log_continuous_SSRNum-50000-_seedNum-10_simuTimes-500.csv
