2026-03-09 11:23:40,551 - INFO - 加载数据集: network.douban11core
2026-03-09 11:23:40,553 - INFO - --- 矩阵分析 ---
2026-03-09 11:23:40,553 - INFO - 节点数 (N): 5123
2026-03-09 11:23:40,553 - INFO - 边数 (E): 129298
2026-03-09 11:23:40,553 - INFO - 密度 (Density): 0.00492655 (越小越稀疏)
2026-03-09 11:23:40,553 - INFO - 稀疏度 (Sparsity): 0.99507345 (越接近1越稀疏)
2026-03-09 11:23:40,553 - INFO - 平均度数 (Avg Degree): 25.24
2026-03-09 11:23:40,554 - INFO - 首次生成度相关概率分布 分布类型: 'tier_based'.
2026-03-09 11:23:40,554 - INFO - ===> Generating 'Tier-based (Percentile)' distributions for Real Graph...
2026-03-09 11:23:40,555 - INFO - 保存概率分布 文件位置: /home/wen/work/coup_spread/network.douban11core/2026-3-16/distribution-in-network.douban11core/distribution-tier_based_seedNum-50.pkl
2026-03-09 11:23:40,678 - INFO - 首次生成种子集 random
2026-03-09 11:23:40,678 - INFO - 执行当前算法开始: random
2026-03-09 11:23:40,678 - INFO - 数据集节点总数:  n = 5123, m = 50
2026-03-09 11:23:40,678 - INFO - 选择 50  [4583, 3842, 2497, 1947, 4142, 2438, 3752, 3503, 3407, 4155, 4672, 1064, 2199, 2628, 3096, 4321, 3504, 4902, 690, 429, 1526, 2229, 2313, 862, 762, 2817, 626, 526, 1652, 616, 2291, 714, 4392, 3583, 2312, 2905, 3673, 1120, 4939, 3640, 2692, 1170, 1114, 3696, 3419, 4850, 776, 389, 3346, 2019]

2026-03-09 11:23:40,678 - INFO - 当前用时 0.00 秒
2026-03-09 11:23:40,679 - INFO - 将种子集 写入位置: /home/wen/work/coup_spread/network.douban11core/2026-3-16/seeds-with-network.douban11core/tier_based_random_seedNum-50_SSRNum-50000.txt
2026-03-09 11:23:40,679 - INFO - 首次生成种子集 degreeTopM
2026-03-09 11:23:40,679 - INFO - 执行当前算法开始: degreeTopM
2026-03-09 11:23:40,679 - INFO - 依据: 选择连接数（度数）最多的节点。
2026-03-09 11:23:40,679 - INFO - 选择的 Top M 节点及其度数:
2026-03-09 11:23:40,680 - INFO - 
2026-03-09 11:23:40,680 - INFO - 当前用时 0.00 秒
2026-03-09 11:23:40,680 - INFO - 将种子集 写入位置: /home/wen/work/coup_spread/network.douban11core/2026-3-16/seeds-with-network.douban11core/tier_based_degreeTopM_seedNum-50_SSRNum-50000.txt
2026-03-09 11:23:40,680 - INFO - 首次生成种子集 pageRank
2026-03-09 11:23:40,680 - INFO - 执行当前算法开始: pageRank
2026-03-09 11:23:40,680 - INFO - --- Running: PageRank (on tranProMatrix) Top M ---
2026-03-09 11:23:41,447 - INFO - Selected PageRank seeds: [413, 135, 2568, 94, 2360, 412, 922, 644, 249, 1629, 295, 1195, 958, 1169, 2367, 11, 454, 590, 48, 1537, 1303, 1068, 1514, 902, 2005, 2595, 451, 744, 396, 2757, 2960, 2716, 100, 1604, 27, 611, 416, 2943, 2745, 696, 766, 855, 1186, 2542, 2395, 2242, 1166, 1595, 299, 142]
2026-03-09 11:23:41,447 - INFO - 当前用时 0.77 秒
2026-03-09 11:23:41,447 - INFO - 将种子集 写入位置: /home/wen/work/coup_spread/network.douban11core/2026-3-16/seeds-with-network.douban11core/tier_based_pageRank_seedNum-50_SSRNum-50000.txt
2026-03-09 11:23:41,448 - INFO - 首次生成种子集 alpha_sort
2026-03-09 11:23:41,448 - INFO - 执行当前算法开始: alpha_sort
2026-03-09 11:23:41,450 - INFO - 5123 个节点的alpha值降序排序 done
2026-03-09 11:23:41,450 - INFO - ==============>> [(3373, np.float64(0.4942499377338233)), (4463, np.float64(0.48261975885756736)), (3499, np.float64(0.48198004431830854)), (4034, np.float64(0.4818256723434296)), (3800, np.float64(0.47968477692795297)), (1199, np.float64(0.4789748378490111)), (3333, np.float64(0.47839911343897923)), (641, np.float64(0.4764095833420649)), (5096, np.float64(0.475176683495764)), (4177, np.float64(0.47490629874181045))]
2026-03-09 11:23:41,450 - INFO - 
选择的种子集 (按alpha排序): [3373, 4463, 3499, 4034, 3800, 1199, 3333, 641, 5096, 4177, 3605, 1862, 332, 5106, 5025, 436, 4587, 2056, 5066, 2529, 2194, 480, 4434, 4198, 4829, 3743, 3907, 4878, 5084, 4788, 4016, 186, 2556, 3766, 4492, 710, 4133, 3931, 4295, 1032, 4106, 3300, 1402, 4187, 3482, 2105, 3685, 5043, 1624, 3372]

2026-03-09 11:23:41,450 - INFO - 当前用时 0.00 秒
2026-03-09 11:23:41,451 - INFO - 将种子集 写入位置: /home/wen/work/coup_spread/network.douban11core/2026-3-16/seeds-with-network.douban11core/tier_based_alpha_sort_seedNum-50_SSRNum-50000.txt
2026-03-09 11:23:41,451 - INFO - 首次生成种子集 ris_optimized
2026-03-09 11:23:41,451 - INFO - 执行当前算法开始: ris_optimized
2026-03-09 11:23:41,950 - INFO - 图初始化完成，节点数: 5123，当前模式: 优化采样
2026-03-09 11:23:41,950 - INFO - 开始生成 50000 组多重RR-Set...
2026-03-09 11:23:58,617 - INFO - 生成完毕。耗时: 16.67 秒。
2026-03-09 11:23:58,632 - INFO - 开始基于多重RR集贪心选择最优种子...
2026-03-09 11:24:00,242 - INFO - 选种完毕。耗时: 1.61 秒。估算范围: 85.83
2026-03-09 11:24:00,681 - INFO - 当前用时 19.23 秒
2026-03-09 11:24:00,681 - INFO - 将种子集 写入位置: /home/wen/work/coup_spread/network.douban11core/2026-3-16/seeds-with-network.douban11core/tier_based_ris_optimized_seedNum-50_SSRNum-50000.txt
2026-03-09 11:24:00,681 - INFO - 首次生成种子集 1hop_sort
2026-03-09 11:24:00,681 - INFO - 执行当前算法开始: 1hop_sort
2026-03-09 11:24:00,682 - INFO - --- Running: Teacher's 1-Hop Expected Spread Sort ---
2026-03-09 11:24:00,735 - INFO - 选出的前 5 个种子得分展示: [0.75881277 0.74203306 0.72523731 0.72407276 0.72348855]
2026-03-09 11:24:00,735 - INFO - 当前用时 0.05 秒
2026-03-09 11:24:00,736 - INFO - 将种子集 写入位置: /home/wen/work/coup_spread/network.douban11core/2026-3-16/seeds-with-network.douban11core/tier_based_1hop_sort_seedNum-50_SSRNum-50000.txt
2026-03-09 11:24:00,737 - INFO - 评估种子集: None
2026-03-09 11:24:00,738 - INFO - 多进程评估开始，共有 6 个方法待评估...
2026-03-09 11:24:00,738 - INFO - 启动进程池，Worker数量: 6
2026-03-09 11:24:01,737 - INFO - [Process 83039] 开始评估方法: random, 种子数: 50
2026-03-09 11:24:02,484 - INFO - [Process 83040] 开始评估方法: degreeTopM, 种子数: 50
2026-03-09 11:24:02,913 - INFO - [degreeTopM - 种子:50] 拉新:8.0人 | 总销量:8.0单 | 品牌曝光:63.9次 | 🌟综合得分:14.4
2026-03-09 11:24:03,238 - INFO - [Process 83041] 开始评估方法: pageRank, 种子数: 50
2026-03-09 11:24:03,658 - INFO - [pageRank - 种子:50] 拉新:8.0人 | 总销量:8.0单 | 品牌曝光:64.1次 | 🌟综合得分:14.4
2026-03-09 11:24:03,996 - INFO - [Process 83043] 开始评估方法: alpha_sort, 种子数: 50
2026-03-09 11:24:04,170 - INFO - [random - 种子:50] 拉新:29.4人 | 总销量:29.5单 | 品牌曝光:135.2次 | 🌟综合得分:43.0
2026-03-09 11:24:04,743 - INFO - [Process 83044] 开始评估方法: ris_optimized, 种子数: 50
2026-03-09 11:24:05,241 - INFO - [alpha_sort - 种子:50] 拉新:33.3人 | 总销量:33.4单 | 品牌曝光:97.6次 | 🌟综合得分:43.1
2026-03-09 11:24:05,498 - INFO - [Process 83046] 开始评估方法: 1hop_sort, 种子数: 50
2026-03-09 11:24:06,843 - INFO - [1hop_sort - 种子:50] 拉新:33.5人 | 总销量:33.8单 | 品牌曝光:99.2次 | 🌟综合得分:43.5
2026-03-09 11:24:07,315 - INFO - [ris_optimized - 种子:50] 拉新:33.1人 | 总销量:33.3单 | 品牌曝光:152.7次 | 🌟综合得分:48.5
2026-03-09 11:24:07,347 - INFO - 所有进程执行完毕，开始写入数据...
2026-03-09 11:24:07,364 - INFO - 成功写入 6 条记录至 /home/wen/work/coup_spread/gzc-impl/results/network.douban11core/2026-3-16/tier_based_SSRNum-50000-_seedNum-50_simuTimes-500.csv
2026-03-09 11:24:07,365 - INFO - 保存评估文件至: /home/wen/work/coup_spread/gzc-impl/results/network.douban11core/2026-3-16/tier_based_SSRNum-50000-_seedNum-50_simuTimes-500.csv
2026-03-09 11:24:07,384 - INFO - 加载数据集: network.douban11core
2026-03-09 11:24:07,385 - INFO - --- 矩阵分析 ---
2026-03-09 11:24:07,385 - INFO - 节点数 (N): 5123
2026-03-09 11:24:07,385 - INFO - 边数 (E): 129298
2026-03-09 11:24:07,385 - INFO - 密度 (Density): 0.00492655 (越小越稀疏)
2026-03-09 11:24:07,385 - INFO - 稀疏度 (Sparsity): 0.99507345 (越接近1越稀疏)
2026-03-09 11:24:07,385 - INFO - 平均度数 (Avg Degree): 25.24
2026-03-09 11:24:07,386 - INFO - 首次生成度相关概率分布 分布类型: 'tier_based'.
2026-03-09 11:24:07,386 - INFO - ===> Generating 'Tier-based (Percentile)' distributions for Real Graph...
2026-03-09 11:24:07,387 - INFO - 保存概率分布 文件位置: /home/wen/work/coup_spread/network.douban11core/2026-3-16/distribution-in-network.douban11core/distribution-tier_based_seedNum-75.pkl
2026-03-09 11:24:07,503 - INFO - 首次生成种子集 random
2026-03-09 11:24:07,504 - INFO - 执行当前算法开始: random
2026-03-09 11:24:07,504 - INFO - 数据集节点总数:  n = 5123, m = 75
2026-03-09 11:24:07,504 - INFO - 选择 75  [3067, 962, 2542, 4502, 3259, 335, 3900, 1793, 1606, 4439, 4399, 926, 2659, 4682, 910, 944, 3318, 749, 1551, 3683, 1880, 4670, 4102, 3504, 1921, 2770, 3405, 1763, 248, 4117, 5083, 4662, 4579, 397, 814, 4850, 2172, 4646, 3682, 2654, 616, 4684, 2674, 2512, 1664, 4267, 1580, 2615, 1774, 1095, 657, 4586, 2826, 1850, 839, 4796, 2541, 1945, 4175, 1632, 679, 2646, 1371, 1953, 2725, 2455, 2523, 3360, 4464, 600, 1345, 799, 1023, 1517, 4484]

2026-03-09 11:24:07,504 - INFO - 当前用时 0.00 秒
2026-03-09 11:24:07,504 - INFO - 将种子集 写入位置: /home/wen/work/coup_spread/network.douban11core/2026-3-16/seeds-with-network.douban11core/tier_based_random_seedNum-75_SSRNum-50000.txt
2026-03-09 11:24:07,504 - INFO - 首次生成种子集 degreeTopM
2026-03-09 11:24:07,504 - INFO - 执行当前算法开始: degreeTopM
2026-03-09 11:24:07,504 - INFO - 依据: 选择连接数（度数）最多的节点。
2026-03-09 11:24:07,505 - INFO - 选择的 Top M 节点及其度数:
2026-03-09 11:24:07,505 - INFO - 
2026-03-09 11:24:07,505 - INFO - 当前用时 0.00 秒
2026-03-09 11:24:07,505 - INFO - 将种子集 写入位置: /home/wen/work/coup_spread/network.douban11core/2026-3-16/seeds-with-network.douban11core/tier_based_degreeTopM_seedNum-75_SSRNum-50000.txt
2026-03-09 11:24:07,505 - INFO - 首次生成种子集 pageRank
2026-03-09 11:24:07,505 - INFO - 执行当前算法开始: pageRank
2026-03-09 11:24:07,505 - INFO - --- Running: PageRank (on tranProMatrix) Top M ---
2026-03-09 11:24:08,188 - INFO - Selected PageRank seeds: [413, 135, 2568, 94, 2360, 412, 922, 644, 249, 1629, 295, 1195, 958, 1169, 2367, 11, 454, 590, 48, 1537, 1303, 1068, 1514, 902, 2005, 2595, 451, 744, 396, 2757, 2960, 2716, 100, 1604, 27, 611, 416, 2943, 2745, 696, 766, 855, 1186, 2542, 2395, 2242, 1166, 1595, 299, 142, 2409, 1892, 846, 2286, 1515, 3812, 137, 192, 899, 884, 2713, 4015, 197, 1882, 583, 2411, 3702, 114, 331, 228, 2403, 2590, 3936, 1941, 227]
2026-03-09 11:24:08,189 - INFO - 当前用时 0.68 秒
2026-03-09 11:24:08,189 - INFO - 将种子集 写入位置: /home/wen/work/coup_spread/network.douban11core/2026-3-16/seeds-with-network.douban11core/tier_based_pageRank_seedNum-75_SSRNum-50000.txt
2026-03-09 11:24:08,189 - INFO - 首次生成种子集 alpha_sort
2026-03-09 11:24:08,189 - INFO - 执行当前算法开始: alpha_sort
2026-03-09 11:24:08,192 - INFO - 5123 个节点的alpha值降序排序 done
2026-03-09 11:24:08,192 - INFO - ==============>> [(2775, np.float64(0.4952944460950547)), (4449, np.float64(0.49079305537998286)), (2815, np.float64(0.48809718112512007)), (4702, np.float64(0.484045057439503)), (4133, np.float64(0.47990176640624166)), (3754, np.float64(0.47803068722371267)), (4795, np.float64(0.4780092054894545)), (4701, np.float64(0.47757529460604287)), (3211, np.float64(0.47636712622183763)), (4379, np.float64(0.4750646843094262))]
2026-03-09 11:24:08,192 - INFO - 
选择的种子集 (按alpha排序): [2775, 4449, 2815, 4702, 4133, 3754, 4795, 4701, 3211, 4379, 3511, 1185, 3779, 3467, 3297, 4891, 2755, 4798, 4052, 3544, 4353, 631, 2494, 3884, 347, 3430, 3321, 4213, 3478, 3075, 3870, 391, 4735, 3322, 1470, 4396, 4912, 4004, 3863, 10, 4998, 1876, 2880, 4329, 4187, 2284, 2098, 2810, 4409, 2332, 3697, 4968, 4880, 1722, 376, 4029, 1301, 3462, 4157, 2844, 2131, 2747, 1617, 4893, 2507, 4161, 414, 2194, 990, 2069, 4887, 4130, 398, 3795, 122]

2026-03-09 11:24:08,192 - INFO - 当前用时 0.00 秒
2026-03-09 11:24:08,193 - INFO - 将种子集 写入位置: /home/wen/work/coup_spread/network.douban11core/2026-3-16/seeds-with-network.douban11core/tier_based_alpha_sort_seedNum-75_SSRNum-50000.txt
2026-03-09 11:24:08,193 - INFO - 首次生成种子集 ris_optimized
2026-03-09 11:24:08,193 - INFO - 执行当前算法开始: ris_optimized
2026-03-09 11:24:08,644 - INFO - 图初始化完成，节点数: 5123，当前模式: 优化采样
2026-03-09 11:24:08,644 - INFO - 开始生成 50000 组多重RR-Set...
2026-03-09 11:24:33,229 - INFO - 生成完毕。耗时: 24.58 秒。
2026-03-09 11:24:33,247 - INFO - 开始基于多重RR集贪心选择最优种子...
2026-03-09 11:24:37,575 - INFO - 选种完毕。耗时: 4.33 秒。估算范围: 128.07
2026-03-09 11:24:38,265 - INFO - 当前用时 30.07 秒
2026-03-09 11:24:38,266 - INFO - 将种子集 写入位置: /home/wen/work/coup_spread/network.douban11core/2026-3-16/seeds-with-network.douban11core/tier_based_ris_optimized_seedNum-75_SSRNum-50000.txt
2026-03-09 11:24:38,267 - INFO - 首次生成种子集 1hop_sort
2026-03-09 11:24:38,267 - INFO - 执行当前算法开始: 1hop_sort
2026-03-09 11:24:38,267 - INFO - --- Running: Teacher's 1-Hop Expected Spread Sort ---
2026-03-09 11:24:38,293 - INFO - 选出的前 5 个种子得分展示: [0.74904908 0.74216994 0.74043493 0.73378264 0.73260368]
2026-03-09 11:24:38,294 - INFO - 当前用时 0.03 秒
2026-03-09 11:24:38,294 - INFO - 将种子集 写入位置: /home/wen/work/coup_spread/network.douban11core/2026-3-16/seeds-with-network.douban11core/tier_based_1hop_sort_seedNum-75_SSRNum-50000.txt
2026-03-09 11:24:38,297 - INFO - 评估种子集: None
2026-03-09 11:24:38,297 - INFO - 多进程评估开始，共有 6 个方法待评估...
2026-03-09 11:24:38,297 - INFO - 启动进程池，Worker数量: 6
2026-03-09 11:24:39,260 - INFO - [Process 83550] 开始评估方法: random, 种子数: 75
2026-03-09 11:24:39,991 - INFO - [Process 83551] 开始评估方法: degreeTopM, 种子数: 75
2026-03-09 11:24:40,606 - INFO - [degreeTopM - 种子:75] 拉新:11.9人 | 总销量:11.9单 | 品牌曝光:95.3次 | 🌟综合得分:21.4
2026-03-09 11:24:40,729 - INFO - [Process 83552] 开始评估方法: pageRank, 种子数: 75
2026-03-09 11:24:41,300 - INFO - [pageRank - 种子:75] 拉新:11.9人 | 总销量:11.9单 | 品牌曝光:95.3次 | 🌟综合得分:21.4
2026-03-09 11:24:41,463 - INFO - [Process 83553] 开始评估方法: alpha_sort, 种子数: 75
2026-03-09 11:24:42,203 - INFO - [Process 83554] 开始评估方法: ris_optimized, 种子数: 75
2026-03-09 11:24:42,819 - INFO - [random - 种子:75] 拉新:45.1人 | 总销量:45.3单 | 品牌曝光:209.3次 | 🌟综合得分:66.2
2026-03-09 11:24:42,940 - INFO - [Process 83555] 开始评估方法: 1hop_sort, 种子数: 75
2026-03-09 11:24:43,462 - INFO - [alpha_sort - 种子:75] 拉新:49.5人 | 总销量:49.6单 | 品牌曝光:146.3次 | 🌟综合得分:64.1
2026-03-09 11:24:44,834 - INFO - [1hop_sort - 种子:75] 拉新:49.9人 | 总销量:50.5单 | 品牌曝光:150.5次 | 🌟综合得分:65.2
2026-03-09 11:24:46,339 - INFO - [ris_optimized - 种子:75] 拉新:50.1人 | 总销量:50.4单 | 品牌曝光:228.6次 | 🌟综合得分:73.1
2026-03-09 11:24:46,373 - INFO - 所有进程执行完毕，开始写入数据...
2026-03-09 11:24:46,389 - INFO - 成功写入 6 条记录至 /home/wen/work/coup_spread/gzc-impl/results/network.douban11core/2026-3-16/tier_based_SSRNum-50000-_seedNum-75_simuTimes-500.csv
2026-03-09 11:24:46,390 - INFO - 保存评估文件至: /home/wen/work/coup_spread/gzc-impl/results/network.douban11core/2026-3-16/tier_based_SSRNum-50000-_seedNum-75_simuTimes-500.csv
2026-03-09 11:24:46,413 - INFO - 加载数据集: network.douban11core
2026-03-09 11:24:46,417 - INFO - --- 矩阵分析 ---
2026-03-09 11:24:46,417 - INFO - 节点数 (N): 5123
2026-03-09 11:24:46,417 - INFO - 边数 (E): 129298
2026-03-09 11:24:46,417 - INFO - 密度 (Density): 0.00492655 (越小越稀疏)
2026-03-09 11:24:46,417 - INFO - 稀疏度 (Sparsity): 0.99507345 (越接近1越稀疏)
2026-03-09 11:24:46,417 - INFO - 平均度数 (Avg Degree): 25.24
2026-03-09 11:24:46,418 - INFO - 首次生成度相关概率分布 分布类型: 'tier_based'.
2026-03-09 11:24:46,418 - INFO - ===> Generating 'Tier-based (Percentile)' distributions for Real Graph...
2026-03-09 11:24:46,420 - INFO - 保存概率分布 文件位置: /home/wen/work/coup_spread/network.douban11core/2026-3-16/distribution-in-network.douban11core/distribution-tier_based_seedNum-100.pkl
2026-03-09 11:24:46,550 - INFO - 首次生成种子集 random
2026-03-09 11:24:46,550 - INFO - 执行当前算法开始: random
2026-03-09 11:24:46,550 - INFO - 数据集节点总数:  n = 5123, m = 100
2026-03-09 11:24:46,551 - INFO - 选择 100  [372, 4178, 570, 601, 4610, 535, 1331, 4171, 207, 2915, 1698, 1610, 2902, 4842, 2612, 2305, 3079, 2453, 435, 2873, 4715, 4357, 4513, 1832, 4123, 2459, 1735, 151, 3862, 1756, 643, 4176, 373, 4331, 4118, 2430, 3169, 211, 2531, 2833, 60, 4401, 4995, 1438, 1062, 3338, 4501, 1574, 2347, 1063, 1678, 4516, 3217, 5098, 3207, 2063, 4952, 3111, 4980, 2713, 4322, 4592, 2090, 3142, 4829, 3279, 376, 1322, 1862, 2492, 4811, 4127, 4269, 3270, 2538, 610, 4040, 3732, 1347, 2859, 175, 4255, 4683, 3825, 1869, 4616, 2947, 4674, 1025, 2037, 2251, 1966, 2126, 716, 910, 1054, 4706, 2564, 2105, 3353]

2026-03-09 11:24:46,551 - INFO - 当前用时 0.00 秒
2026-03-09 11:24:46,551 - INFO - 将种子集 写入位置: /home/wen/work/coup_spread/network.douban11core/2026-3-16/seeds-with-network.douban11core/tier_based_random_seedNum-100_SSRNum-50000.txt
2026-03-09 11:24:46,551 - INFO - 首次生成种子集 degreeTopM
2026-03-09 11:24:46,551 - INFO - 执行当前算法开始: degreeTopM
2026-03-09 11:24:46,551 - INFO - 依据: 选择连接数（度数）最多的节点。
2026-03-09 11:24:46,552 - INFO - 选择的 Top M 节点及其度数:
2026-03-09 11:24:46,552 - INFO - 
2026-03-09 11:24:46,552 - INFO - 当前用时 0.00 秒
2026-03-09 11:24:46,552 - INFO - 将种子集 写入位置: /home/wen/work/coup_spread/network.douban11core/2026-3-16/seeds-with-network.douban11core/tier_based_degreeTopM_seedNum-100_SSRNum-50000.txt
2026-03-09 11:24:46,552 - INFO - 首次生成种子集 pageRank
2026-03-09 11:24:46,552 - INFO - 执行当前算法开始: pageRank
2026-03-09 11:24:46,552 - INFO - --- Running: PageRank (on tranProMatrix) Top M ---
2026-03-09 11:24:47,229 - INFO - Selected PageRank seeds: [413, 135, 2568, 94, 2360, 412, 922, 644, 249, 1629, 295, 1195, 958, 1169, 2367, 11, 454, 590, 48, 1537, 1303, 1068, 1514, 902, 2005, 2595, 451, 744, 396, 2757, 2960, 2716, 100, 1604, 27, 611, 416, 2943, 2745, 696, 766, 855, 1186, 2542, 2395, 2242, 1166, 1595, 299, 142, 2409, 1892, 846, 2286, 1515, 3812, 137, 192, 899, 884, 2713, 4015, 197, 1882, 583, 2411, 3702, 114, 331, 228, 2403, 2590, 3936, 1941, 227, 380, 303, 979, 1173, 987, 1413, 1361, 3169, 1390, 2642, 2660, 230, 2187, 1423, 1192, 1815, 205, 821, 2205, 1117, 849, 1268, 2129, 926, 1520]
2026-03-09 11:24:47,230 - INFO - 当前用时 0.68 秒
2026-03-09 11:24:47,230 - INFO - 将种子集 写入位置: /home/wen/work/coup_spread/network.douban11core/2026-3-16/seeds-with-network.douban11core/tier_based_pageRank_seedNum-100_SSRNum-50000.txt
2026-03-09 11:24:47,230 - INFO - 首次生成种子集 alpha_sort
2026-03-09 11:24:47,230 - INFO - 执行当前算法开始: alpha_sort
2026-03-09 11:24:47,233 - INFO - 5123 个节点的alpha值降序排序 done
2026-03-09 11:24:47,233 - INFO - ==============>> [(4304, np.float64(0.4918878900229754)), (3387, np.float64(0.4861951684055984)), (3108, np.float64(0.4856677888403655)), (4702, np.float64(0.48376293547044874)), (2424, np.float64(0.4830032849842388)), (1470, np.float64(0.48192435579635934)), (4624, np.float64(0.4788902348034025)), (4867, np.float64(0.4780343698058759)), (3885, np.float64(0.4777317329729944)), (4666, np.float64(0.47711148978505913))]
2026-03-09 11:24:47,233 - INFO - 
选择的种子集 (按alpha排序): [4304, 3387, 3108, 4702, 2424, 1470, 4624, 4867, 3885, 4666, 2747, 794, 3414, 164, 665, 10, 4653, 93, 4210, 4348, 4317, 2156, 4229, 4647, 1278, 1731, 4643, 4492, 3445, 370, 1997, 3759, 3097, 2756, 714, 3379, 4489, 4670, 2825, 4799, 1701, 4095, 4630, 1624, 4788, 4819, 4501, 7, 3259, 4982, 3918, 3983, 3138, 3023, 3430, 3260, 4644, 4463, 1402, 4391, 2135, 4919, 3705, 2263, 2627, 703, 4700, 2420, 4843, 1640, 2399, 2755, 3166, 4797, 1276, 1956, 2479, 2529, 3850, 3179, 156, 3552, 4352, 3867, 990, 4268, 2105, 3766, 2330, 5066, 5115, 4158, 4439, 3968, 4723, 4437, 2177, 5083, 4709, 3446]

2026-03-09 11:24:47,233 - INFO - 当前用时 0.00 秒
2026-03-09 11:24:47,233 - INFO - 将种子集 写入位置: /home/wen/work/coup_spread/network.douban11core/2026-3-16/seeds-with-network.douban11core/tier_based_alpha_sort_seedNum-100_SSRNum-50000.txt
2026-03-09 11:24:47,234 - INFO - 首次生成种子集 ris_optimized
2026-03-09 11:24:47,234 - INFO - 执行当前算法开始: ris_optimized
2026-03-09 11:24:47,680 - INFO - 图初始化完成，节点数: 5123，当前模式: 优化采样
2026-03-09 11:24:47,680 - INFO - 开始生成 50000 组多重RR-Set...
2026-03-09 11:25:21,405 - INFO - 生成完毕。耗时: 33.73 秒。
2026-03-09 11:25:21,424 - INFO - 开始基于多重RR集贪心选择最优种子...
2026-03-09 11:25:25,933 - INFO - 选种完毕。耗时: 4.51 秒。估算范围: 171.42
2026-03-09 11:25:27,224 - INFO - 当前用时 39.99 秒
2026-03-09 11:25:27,225 - INFO - 将种子集 写入位置: /home/wen/work/coup_spread/network.douban11core/2026-3-16/seeds-with-network.douban11core/tier_based_ris_optimized_seedNum-100_SSRNum-50000.txt
2026-03-09 11:25:27,225 - INFO - 首次生成种子集 1hop_sort
2026-03-09 11:25:27,226 - INFO - 执行当前算法开始: 1hop_sort
2026-03-09 11:25:27,226 - INFO - --- Running: Teacher's 1-Hop Expected Spread Sort ---
2026-03-09 11:25:27,264 - INFO - 选出的前 5 个种子得分展示: [0.76681481 0.76033692 0.72753464 0.72402408 0.72337495]
2026-03-09 11:25:27,264 - INFO - 当前用时 0.04 秒
2026-03-09 11:25:27,264 - INFO - 将种子集 写入位置: /home/wen/work/coup_spread/network.douban11core/2026-3-16/seeds-with-network.douban11core/tier_based_1hop_sort_seedNum-100_SSRNum-50000.txt
2026-03-09 11:25:27,265 - INFO - 评估种子集: None
2026-03-09 11:25:27,265 - INFO - 多进程评估开始，共有 6 个方法待评估...
2026-03-09 11:25:27,265 - INFO - 启动进程池，Worker数量: 6
2026-03-09 11:25:28,254 - INFO - [Process 84454] 开始评估方法: random, 种子数: 100
2026-03-09 11:25:28,999 - INFO - [Process 84455] 开始评估方法: degreeTopM, 种子数: 100
2026-03-09 11:25:29,753 - INFO - [Process 84456] 开始评估方法: pageRank, 种子数: 100
2026-03-09 11:25:29,786 - INFO - [degreeTopM - 种子:100] 拉新:15.7人 | 总销量:15.7单 | 品牌曝光:126.8次 | 🌟综合得分:28.4
2026-03-09 11:25:30,511 - INFO - [Process 84457] 开始评估方法: alpha_sort, 种子数: 100
2026-03-09 11:25:30,544 - INFO - [pageRank - 种子:100] 拉新:15.7人 | 总销量:15.7单 | 品牌曝光:127.1次 | 🌟综合得分:28.4
2026-03-09 11:25:31,267 - INFO - [Process 84458] 开始评估方法: ris_optimized, 种子数: 100
2026-03-09 11:25:32,010 - INFO - [Process 84459] 开始评估方法: 1hop_sort, 种子数: 100
2026-03-09 11:25:32,853 - INFO - [random - 种子:100] 拉新:61.1人 | 总销量:61.4单 | 品牌曝光:276.8次 | 🌟综合得分:88.9
2026-03-09 11:25:33,044 - INFO - [alpha_sort - 种子:100] 拉新:65.9人 | 总销量:66.1单 | 品牌曝光:196.0次 | 🌟综合得分:85.6
2026-03-09 11:25:34,557 - INFO - [1hop_sort - 种子:100] 拉新:66.2人 | 总销量:67.1单 | 品牌曝光:200.2次 | 🌟综合得分:86.7
2026-03-09 11:25:36,451 - INFO - [ris_optimized - 种子:100] 拉新:66.2人 | 总销量:66.6单 | 品牌曝光:296.2次 | 🌟综合得分:96.0
2026-03-09 11:25:36,484 - INFO - 所有进程执行完毕，开始写入数据...
2026-03-09 11:25:36,496 - INFO - 成功写入 6 条记录至 /home/wen/work/coup_spread/gzc-impl/results/network.douban11core/2026-3-16/tier_based_SSRNum-50000-_seedNum-100_simuTimes-500.csv
2026-03-09 11:25:36,497 - INFO - 保存评估文件至: /home/wen/work/coup_spread/gzc-impl/results/network.douban11core/2026-3-16/tier_based_SSRNum-50000-_seedNum-100_simuTimes-500.csv
2026-03-09 11:25:36,519 - INFO - 加载数据集: network.douban11core
2026-03-09 11:25:36,521 - INFO - --- 矩阵分析 ---
2026-03-09 11:25:36,521 - INFO - 节点数 (N): 5123
2026-03-09 11:25:36,521 - INFO - 边数 (E): 129298
2026-03-09 11:25:36,521 - INFO - 密度 (Density): 0.00492655 (越小越稀疏)
2026-03-09 11:25:36,521 - INFO - 稀疏度 (Sparsity): 0.99507345 (越接近1越稀疏)
2026-03-09 11:25:36,521 - INFO - 平均度数 (Avg Degree): 25.24
2026-03-09 11:25:36,522 - INFO - 首次生成度相关概率分布 分布类型: 'tier_based'.
2026-03-09 11:25:36,522 - INFO - ===> Generating 'Tier-based (Percentile)' distributions for Real Graph...
2026-03-09 11:25:36,523 - INFO - 保存概率分布 文件位置: /home/wen/work/coup_spread/network.douban11core/2026-3-16/distribution-in-network.douban11core/distribution-tier_based_seedNum-125.pkl
2026-03-09 11:25:36,639 - INFO - 首次生成种子集 random
2026-03-09 11:25:36,640 - INFO - 执行当前算法开始: random
2026-03-09 11:25:36,640 - INFO - 数据集节点总数:  n = 5123, m = 125
2026-03-09 11:25:36,640 - INFO - 选择 125  [1333, 3263, 4316, 1818, 1749, 3756, 1893, 3017, 3581, 1420, 577, 4921, 4872, 3541, 3988, 612, 3741, 4543, 2653, 4832, 4509, 2774, 1088, 2654, 343, 290, 2527, 2501, 2355, 1951, 2339, 272, 1836, 1892, 4744, 4616, 2365, 1344, 4221, 4794, 2507, 4572, 2238, 199, 4060, 4564, 1650, 1942, 768, 896, 5008, 1572, 3112, 3416, 238, 1565, 958, 2463, 3568, 3595, 1697, 1834, 769, 2630, 3599, 4906, 4425, 4483, 2330, 2906, 1026, 4116, 3299, 3772, 0, 4629, 5062, 3707, 2271, 787, 1433, 4299, 2694, 2096, 3732, 2579, 1279, 1676, 2115, 295, 1237, 3154, 2743, 2324, 4734, 3739, 237, 4808, 1733, 4141, 1217, 2568, 4918, 286, 2890, 2840, 905, 4763, 3884, 1700, 4635, 2523, 481, 1305, 1035, 3091, 2005, 830, 929, 4218, 159, 4041, 1270, 4435, 3979]

2026-03-09 11:25:36,640 - INFO - 当前用时 0.00 秒
2026-03-09 11:25:36,640 - INFO - 将种子集 写入位置: /home/wen/work/coup_spread/network.douban11core/2026-3-16/seeds-with-network.douban11core/tier_based_random_seedNum-125_SSRNum-50000.txt
2026-03-09 11:25:36,640 - INFO - 首次生成种子集 degreeTopM
2026-03-09 11:25:36,640 - INFO - 执行当前算法开始: degreeTopM
2026-03-09 11:25:36,640 - INFO - 依据: 选择连接数（度数）最多的节点。
2026-03-09 11:25:36,641 - INFO - 选择的 Top M 节点及其度数:
2026-03-09 11:25:36,641 - INFO - 
2026-03-09 11:25:36,641 - INFO - 当前用时 0.00 秒
2026-03-09 11:25:36,641 - INFO - 将种子集 写入位置: /home/wen/work/coup_spread/network.douban11core/2026-3-16/seeds-with-network.douban11core/tier_based_degreeTopM_seedNum-125_SSRNum-50000.txt
2026-03-09 11:25:36,642 - INFO - 首次生成种子集 pageRank
2026-03-09 11:25:36,642 - INFO - 执行当前算法开始: pageRank
2026-03-09 11:25:36,642 - INFO - --- Running: PageRank (on tranProMatrix) Top M ---
2026-03-09 11:25:37,349 - INFO - Selected PageRank seeds: [413, 135, 2568, 94, 2360, 412, 922, 644, 249, 1629, 295, 1195, 958, 1169, 2367, 11, 454, 590, 48, 1537, 1303, 1068, 1514, 902, 2005, 2595, 451, 744, 396, 2757, 2960, 2716, 100, 1604, 27, 611, 416, 2943, 2745, 696, 766, 855, 1186, 2542, 2395, 2242, 1166, 1595, 299, 142, 2409, 1892, 846, 2286, 1515, 3812, 137, 192, 899, 884, 2713, 4015, 197, 1882, 583, 2411, 3702, 114, 331, 228, 2403, 2590, 3936, 1941, 227, 380, 303, 979, 1173, 987, 1413, 1361, 3169, 1390, 2642, 2660, 230, 2187, 1423, 1192, 1815, 205, 821, 2205, 1117, 849, 1268, 2129, 926, 1520, 448, 2695, 1424, 196, 2190, 548, 432, 389, 483, 699, 3174, 256, 296, 446, 541, 397, 2899, 917, 235, 610, 2410, 953, 405, 1114, 868]
2026-03-09 11:25:37,350 - INFO - 当前用时 0.71 秒
2026-03-09 11:25:37,351 - INFO - 将种子集 写入位置: /home/wen/work/coup_spread/network.douban11core/2026-3-16/seeds-with-network.douban11core/tier_based_pageRank_seedNum-125_SSRNum-50000.txt
2026-03-09 11:25:37,351 - INFO - 首次生成种子集 alpha_sort
2026-03-09 11:25:37,351 - INFO - 执行当前算法开始: alpha_sort
2026-03-09 11:25:37,353 - INFO - 5123 个节点的alpha值降序排序 done
2026-03-09 11:25:37,354 - INFO - ==============>> [(3919, np.float64(0.48898370889807735)), (4738, np.float64(0.4877153041718183)), (3310, np.float64(0.4834678217550493)), (185, np.float64(0.4829814757095955)), (4975, np.float64(0.4829217732780385)), (4226, np.float64(0.4825097674012287)), (3864, np.float64(0.48121119742231677)), (1301, np.float64(0.48099870148464524)), (4442, np.float64(0.48091702137159936)), (2612, np.float64(0.47912012086554523))]
2026-03-09 11:25:37,354 - INFO - 
选择的种子集 (按alpha排序): [3919, 4738, 3310, 185, 4975, 4226, 3864, 1301, 4442, 2612, 2866, 362, 2865, 5077, 1995, 1233, 4369, 4251, 4093, 4111, 1160, 643, 1974, 701, 4672, 4604, 4601, 2949, 3800, 4352, 2617, 3023, 121, 4911, 93, 4279, 3508, 2576, 4513, 3578, 4977, 164, 21, 3246, 3749, 5057, 5070, 2687, 4707, 2834, 4205, 4559, 2307, 3848, 4991, 4656, 1331, 4754, 2558, 355, 3552, 394, 4447, 1822, 4002, 2124, 1133, 2633, 3108, 3617, 3870, 1736, 2522, 575, 4490, 2237, 4843, 3965, 1709, 706, 2945, 2436, 1826, 4665, 3727, 2775, 4885, 4152, 5015, 3527, 332, 2130, 2444, 2306, 5079, 4400, 203, 2105, 2791, 4424, 370, 3807, 377, 645, 4624, 4170, 3616, 4106, 5111, 801, 2098, 1682, 3655, 3434, 4295, 656, 5043, 3204, 4723, 3862, 5003, 693, 3892, 4735, 5105]

2026-03-09 11:25:37,354 - INFO - 当前用时 0.00 秒
2026-03-09 11:25:37,354 - INFO - 将种子集 写入位置: /home/wen/work/coup_spread/network.douban11core/2026-3-16/seeds-with-network.douban11core/tier_based_alpha_sort_seedNum-125_SSRNum-50000.txt
2026-03-09 11:25:37,354 - INFO - 首次生成种子集 ris_optimized
2026-03-09 11:25:37,354 - INFO - 执行当前算法开始: ris_optimized
2026-03-09 11:25:37,857 - INFO - 图初始化完成，节点数: 5123，当前模式: 优化采样
2026-03-09 11:25:37,857 - INFO - 开始生成 50000 组多重RR-Set...
2026-03-09 11:26:19,940 - INFO - 生成完毕。耗时: 42.08 秒。
2026-03-09 11:26:19,959 - INFO - 开始基于多重RR集贪心选择最优种子...
2026-03-09 11:26:26,084 - INFO - 选种完毕。耗时: 6.12 秒。估算范围: 211.48
2026-03-09 11:26:27,483 - INFO - 当前用时 50.13 秒
2026-03-09 11:26:27,483 - INFO - 将种子集 写入位置: /home/wen/work/coup_spread/network.douban11core/2026-3-16/seeds-with-network.douban11core/tier_based_ris_optimized_seedNum-125_SSRNum-50000.txt
2026-03-09 11:26:27,484 - INFO - 首次生成种子集 1hop_sort
2026-03-09 11:26:27,484 - INFO - 执行当前算法开始: 1hop_sort
2026-03-09 11:26:27,484 - INFO - --- Running: Teacher's 1-Hop Expected Spread Sort ---
2026-03-09 11:26:27,523 - INFO - 选出的前 5 个种子得分展示: [0.78137218 0.76349963 0.7408414  0.74023863 0.73328327]
2026-03-09 11:26:27,523 - INFO - 当前用时 0.04 秒
2026-03-09 11:26:27,523 - INFO - 将种子集 写入位置: /home/wen/work/coup_spread/network.douban11core/2026-3-16/seeds-with-network.douban11core/tier_based_1hop_sort_seedNum-125_SSRNum-50000.txt
2026-03-09 11:26:27,524 - INFO - 评估种子集: None
2026-03-09 11:26:27,525 - INFO - 多进程评估开始，共有 6 个方法待评估...
2026-03-09 11:26:27,525 - INFO - 启动进程池，Worker数量: 6
2026-03-09 11:26:28,516 - INFO - [Process 85247] 开始评估方法: random, 种子数: 125
2026-03-09 11:26:29,243 - INFO - [Process 85248] 开始评估方法: degreeTopM, 种子数: 125
2026-03-09 11:26:29,979 - INFO - [Process 85249] 开始评估方法: pageRank, 种子数: 125
2026-03-09 11:26:30,235 - INFO - [degreeTopM - 种子:125] 拉新:19.4人 | 总销量:19.4单 | 品牌曝光:159.4次 | 🌟综合得分:35.3
2026-03-09 11:26:30,747 - INFO - [Process 85250] 开始评估方法: alpha_sort, 种子数: 125
2026-03-09 11:26:31,025 - INFO - [pageRank - 种子:125] 拉新:19.5人 | 总销量:19.5单 | 品牌曝光:159.8次 | 🌟综合得分:35.5
2026-03-09 11:26:31,468 - INFO - [Process 85251] 开始评估方法: ris_optimized, 种子数: 125
2026-03-09 11:26:32,192 - INFO - [Process 85252] 开始评估方法: 1hop_sort, 种子数: 125
2026-03-09 11:26:34,059 - INFO - [alpha_sort - 种子:125] 拉新:82.3人 | 总销量:82.6单 | 品牌曝光:245.0次 | 🌟综合得分:107.0
2026-03-09 11:26:34,660 - INFO - [random - 种子:125] 拉新:75.6人 | 总销量:76.0单 | 品牌曝光:356.8次 | 🌟综合得分:111.5
2026-03-09 11:26:35,488 - INFO - [1hop_sort - 种子:125] 拉新:82.7人 | 总销量:83.9单 | 品牌曝光:251.8次 | 🌟综合得分:108.5
2026-03-09 11:26:38,221 - INFO - [ris_optimized - 种子:125] 拉新:82.4人 | 总销量:83.0单 | 品牌曝光:379.3次 | 🌟综合得分:120.7
2026-03-09 11:26:38,259 - INFO - 所有进程执行完毕，开始写入数据...
2026-03-09 11:26:38,266 - INFO - 成功写入 6 条记录至 /home/wen/work/coup_spread/gzc-impl/results/network.douban11core/2026-3-16/tier_based_SSRNum-50000-_seedNum-125_simuTimes-500.csv
2026-03-09 11:26:38,267 - INFO - 保存评估文件至: /home/wen/work/coup_spread/gzc-impl/results/network.douban11core/2026-3-16/tier_based_SSRNum-50000-_seedNum-125_simuTimes-500.csv
2026-03-09 11:26:38,290 - INFO - 加载数据集: network.douban11core
2026-03-09 11:26:38,292 - INFO - --- 矩阵分析 ---
2026-03-09 11:26:38,292 - INFO - 节点数 (N): 5123
2026-03-09 11:26:38,292 - INFO - 边数 (E): 129298
2026-03-09 11:26:38,292 - INFO - 密度 (Density): 0.00492655 (越小越稀疏)
2026-03-09 11:26:38,292 - INFO - 稀疏度 (Sparsity): 0.99507345 (越接近1越稀疏)
2026-03-09 11:26:38,292 - INFO - 平均度数 (Avg Degree): 25.24
2026-03-09 11:26:38,293 - INFO - 首次生成度相关概率分布 分布类型: 'tier_based'.
2026-03-09 11:26:38,294 - INFO - ===> Generating 'Tier-based (Percentile)' distributions for Real Graph...
2026-03-09 11:26:38,295 - INFO - 保存概率分布 文件位置: /home/wen/work/coup_spread/network.douban11core/2026-3-16/distribution-in-network.douban11core/distribution-tier_based_seedNum-150.pkl
2026-03-09 11:26:38,414 - INFO - 首次生成种子集 random
2026-03-09 11:26:38,414 - INFO - 执行当前算法开始: random
2026-03-09 11:26:38,414 - INFO - 数据集节点总数:  n = 5123, m = 150
2026-03-09 11:26:38,414 - INFO - 选择 150  [4748, 1604, 1766, 2258, 2814, 1945, 412, 618, 4746, 4276, 3540, 1043, 2161, 2664, 285, 1721, 4134, 2378, 4546, 2001, 216, 772, 2535, 1407, 1669, 3485, 4312, 2078, 1115, 4012, 4468, 4188, 2984, 3137, 3326, 2429, 3255, 3611, 4492, 1597, 2333, 3547, 4412, 1117, 2269, 1364, 226, 2910, 4713, 2465, 809, 3549, 1392, 4414, 4635, 3559, 2089, 2214, 4804, 5083, 3556, 1650, 2373, 3324, 534, 818, 4028, 2675, 4703, 3580, 981, 4872, 811, 357, 80, 1745, 1202, 1777, 4361, 4906, 459, 4949, 1825, 157, 215, 472, 502, 4003, 1936, 221, 4445, 936, 2930, 4589, 784, 2566, 340, 762, 2859, 2263, 1482, 279, 683, 3027, 3413, 3029, 3278, 2492, 1431, 1541, 1010, 3996, 3316, 1173, 3443, 4367, 3506, 887, 280, 2015, 1215, 435, 3053, 4696, 2306, 4118, 4464, 1266, 4737, 3439, 410, 251, 2648, 3597, 3212, 1108, 1233, 5114, 4382, 273, 4794, 1360, 2088, 2414, 988, 4413, 4145, 4364, 2389, 1425]

2026-03-09 11:26:38,414 - INFO - 当前用时 0.00 秒
2026-03-09 11:26:38,414 - INFO - 将种子集 写入位置: /home/wen/work/coup_spread/network.douban11core/2026-3-16/seeds-with-network.douban11core/tier_based_random_seedNum-150_SSRNum-50000.txt
2026-03-09 11:26:38,415 - INFO - 首次生成种子集 degreeTopM
2026-03-09 11:26:38,415 - INFO - 执行当前算法开始: degreeTopM
2026-03-09 11:26:38,415 - INFO - 依据: 选择连接数（度数）最多的节点。
2026-03-09 11:26:38,415 - INFO - 选择的 Top M 节点及其度数:
2026-03-09 11:26:38,415 - INFO - 
2026-03-09 11:26:38,415 - INFO - 当前用时 0.00 秒
2026-03-09 11:26:38,416 - INFO - 将种子集 写入位置: /home/wen/work/coup_spread/network.douban11core/2026-3-16/seeds-with-network.douban11core/tier_based_degreeTopM_seedNum-150_SSRNum-50000.txt
2026-03-09 11:26:38,416 - INFO - 首次生成种子集 pageRank
2026-03-09 11:26:38,416 - INFO - 执行当前算法开始: pageRank
2026-03-09 11:26:38,416 - INFO - --- Running: PageRank (on tranProMatrix) Top M ---
2026-03-09 11:26:39,039 - INFO - Selected PageRank seeds: [413, 135, 2568, 94, 2360, 412, 922, 644, 249, 1629, 295, 1195, 958, 1169, 2367, 11, 454, 590, 48, 1537, 1303, 1068, 1514, 902, 2005, 2595, 451, 744, 396, 2757, 2960, 2716, 100, 1604, 27, 611, 416, 2943, 2745, 696, 766, 855, 1186, 2542, 2395, 2242, 1166, 1595, 299, 142, 2409, 1892, 846, 2286, 1515, 3812, 137, 192, 899, 884, 2713, 4015, 197, 1882, 583, 2411, 3702, 114, 331, 228, 2403, 2590, 3936, 1941, 227, 380, 303, 979, 1173, 987, 1413, 1361, 3169, 1390, 2642, 2660, 230, 2187, 1423, 1192, 1815, 205, 821, 2205, 1117, 849, 1268, 2129, 926, 1520, 448, 2695, 1424, 196, 2190, 548, 432, 389, 483, 699, 3174, 256, 296, 446, 541, 397, 2899, 917, 235, 610, 2410, 953, 405, 1114, 868, 546, 420, 623, 250, 947, 3012, 587, 417, 1115, 241, 3052, 717, 2712, 3640, 300, 1174, 3481, 1510, 262, 404, 1999, 1015, 1415, 1427, 2229]
2026-03-09 11:26:39,040 - INFO - 当前用时 0.62 秒
2026-03-09 11:26:39,040 - INFO - 将种子集 写入位置: /home/wen/work/coup_spread/network.douban11core/2026-3-16/seeds-with-network.douban11core/tier_based_pageRank_seedNum-150_SSRNum-50000.txt
2026-03-09 11:26:39,040 - INFO - 首次生成种子集 alpha_sort
2026-03-09 11:26:39,040 - INFO - 执行当前算法开始: alpha_sort
2026-03-09 11:26:39,043 - INFO - 5123 个节点的alpha值降序排序 done
2026-03-09 11:26:39,043 - INFO - ==============>> [(5025, np.float64(0.4880416486485064)), (4559, np.float64(0.48590622913886183)), (2687, np.float64(0.48576714920526437)), (4440, np.float64(0.48452892665603914)), (3879, np.float64(0.4845270803396685)), (1185, np.float64(0.48445609129610545)), (2541, np.float64(0.4835407848826606)), (5079, np.float64(0.4828281054625741)), (4291, np.float64(0.48155521939553725)), (990, np.float64(0.4803858448111995))]
2026-03-09 11:26:39,043 - INFO - 
选择的种子集 (按alpha排序): [5025, 4559, 2687, 4440, 3879, 1185, 2541, 5079, 4291, 990, 1421, 4197, 3142, 113, 5018, 536, 3620, 2810, 2749, 122, 3231, 4860, 1331, 4961, 3614, 4239, 1647, 4506, 394, 3372, 3671, 3807, 733, 4864, 2116, 2306, 4616, 2612, 4395, 4768, 3236, 4562, 4295, 2314, 4399, 652, 575, 2704, 5101, 3082, 4087, 4917, 654, 2049, 2538, 1826, 4806, 3155, 4095, 847, 3619, 4789, 1002, 3767, 3420, 3864, 3179, 679, 3665, 4891, 2332, 2000, 185, 4317, 4671, 1819, 3867, 3885, 2661, 4880, 4106, 2633, 2444, 2844, 4226, 4343, 4214, 3968, 4798, 2641, 4155, 4818, 2462, 3769, 2424, 3551, 1795, 4673, 4735, 4391, 3688, 996, 1358, 2845, 3333, 4556, 2195, 4649, 3132, 5111, 2263, 4923, 4893, 2402, 4526, 1736, 4782, 2010, 3965, 4138, 3657, 4439, 5023, 1998, 636, 906, 4624, 4387, 3445, 5105, 2122, 4746, 777, 4316, 5070, 3449, 3020, 4334, 4363, 4497, 3673, 3655, 3446, 5088, 4970, 3605, 2690, 2714, 4670, 4594]

2026-03-09 11:26:39,043 - INFO - 当前用时 0.00 秒
2026-03-09 11:26:39,043 - INFO - 将种子集 写入位置: /home/wen/work/coup_spread/network.douban11core/2026-3-16/seeds-with-network.douban11core/tier_based_alpha_sort_seedNum-150_SSRNum-50000.txt
2026-03-09 11:26:39,044 - INFO - 首次生成种子集 ris_optimized
2026-03-09 11:26:39,044 - INFO - 执行当前算法开始: ris_optimized
2026-03-09 11:26:39,551 - INFO - 图初始化完成，节点数: 5123，当前模式: 优化采样
2026-03-09 11:26:39,551 - INFO - 开始生成 50000 组多重RR-Set...
2026-03-09 11:27:28,869 - INFO - 生成完毕。耗时: 49.32 秒。
2026-03-09 11:27:28,886 - INFO - 开始基于多重RR集贪心选择最优种子...
2026-03-09 11:27:36,572 - INFO - 选种完毕。耗时: 7.69 秒。估算范围: 254.82
2026-03-09 11:27:38,237 - INFO - 当前用时 59.19 秒
2026-03-09 11:27:38,238 - INFO - 将种子集 写入位置: /home/wen/work/coup_spread/network.douban11core/2026-3-16/seeds-with-network.douban11core/tier_based_ris_optimized_seedNum-150_SSRNum-50000.txt
2026-03-09 11:27:38,239 - INFO - 首次生成种子集 1hop_sort
2026-03-09 11:27:38,239 - INFO - 执行当前算法开始: 1hop_sort
2026-03-09 11:27:38,239 - INFO - --- Running: Teacher's 1-Hop Expected Spread Sort ---
2026-03-09 11:27:38,277 - INFO - 选出的前 5 个种子得分展示: [0.76125704 0.75319869 0.74660033 0.74222753 0.73615784]
2026-03-09 11:27:38,277 - INFO - 当前用时 0.04 秒
2026-03-09 11:27:38,277 - INFO - 将种子集 写入位置: /home/wen/work/coup_spread/network.douban11core/2026-3-16/seeds-with-network.douban11core/tier_based_1hop_sort_seedNum-150_SSRNum-50000.txt
2026-03-09 11:27:38,278 - INFO - 评估种子集: None
2026-03-09 11:27:38,278 - INFO - 多进程评估开始，共有 6 个方法待评估...
2026-03-09 11:27:38,278 - INFO - 启动进程池，Worker数量: 6
2026-03-09 11:27:39,283 - INFO - [Process 86164] 开始评估方法: random, 种子数: 150
2026-03-09 11:27:40,024 - INFO - [Process 86165] 开始评估方法: degreeTopM, 种子数: 150
2026-03-09 11:27:40,776 - INFO - [Process 86166] 开始评估方法: pageRank, 种子数: 150
2026-03-09 11:27:41,217 - INFO - [degreeTopM - 种子:150] 拉新:23.5人 | 总销量:23.5单 | 品牌曝光:191.2次 | 🌟综合得分:42.6
2026-03-09 11:27:41,548 - INFO - [Process 86167] 开始评估方法: alpha_sort, 种子数: 150
2026-03-09 11:27:41,918 - INFO - [pageRank - 种子:150] 拉新:23.4人 | 总销量:23.5单 | 品牌曝光:191.7次 | 🌟综合得分:42.6
2026-03-09 11:27:42,303 - INFO - [Process 86168] 开始评估方法: ris_optimized, 种子数: 150
2026-03-09 11:27:43,047 - INFO - [Process 86169] 开始评估方法: 1hop_sort, 种子数: 150
2026-03-09 11:27:45,397 - INFO - [alpha_sort - 种子:150] 拉新:99.0人 | 总销量:99.5单 | 品牌曝光:299.6次 | 🌟综合得分:129.3
2026-03-09 11:27:46,265 - INFO - [random - 种子:150] 拉新:92.0人 | 总销量:92.8单 | 品牌曝光:433.3次 | 🌟综合得分:135.7
2026-03-09 11:27:47,203 - INFO - [1hop_sort - 种子:150] 拉新:99.1人 | 总销量:100.4单 | 品牌曝光:303.2次 | 🌟综合得分:130.1
2026-03-09 11:27:49,635 - INFO - [ris_optimized - 种子:150] 拉新:99.2人 | 总销量:100.2单 | 品牌曝光:450.9次 | 🌟综合得分:144.8
2026-03-09 11:27:49,682 - INFO - 所有进程执行完毕，开始写入数据...
2026-03-09 11:27:49,701 - INFO - 成功写入 6 条记录至 /home/wen/work/coup_spread/gzc-impl/results/network.douban11core/2026-3-16/tier_based_SSRNum-50000-_seedNum-150_simuTimes-500.csv
2026-03-09 11:27:49,702 - INFO - 保存评估文件至: /home/wen/work/coup_spread/gzc-impl/results/network.douban11core/2026-3-16/tier_based_SSRNum-50000-_seedNum-150_simuTimes-500.csv
2026-03-09 11:27:49,731 - INFO - 加载数据集: network.douban11core
2026-03-09 11:27:49,733 - INFO - --- 矩阵分析 ---
2026-03-09 11:27:49,733 - INFO - 节点数 (N): 5123
2026-03-09 11:27:49,733 - INFO - 边数 (E): 129298
2026-03-09 11:27:49,733 - INFO - 密度 (Density): 0.00492655 (越小越稀疏)
2026-03-09 11:27:49,733 - INFO - 稀疏度 (Sparsity): 0.99507345 (越接近1越稀疏)
2026-03-09 11:27:49,733 - INFO - 平均度数 (Avg Degree): 25.24
2026-03-09 11:27:49,734 - INFO - 首次生成度相关概率分布 分布类型: 'tier_based'.
2026-03-09 11:27:49,734 - INFO - ===> Generating 'Tier-based (Percentile)' distributions for Real Graph...
2026-03-09 11:27:49,735 - INFO - 保存概率分布 文件位置: /home/wen/work/coup_spread/network.douban11core/2026-3-16/distribution-in-network.douban11core/distribution-tier_based_seedNum-175.pkl
2026-03-09 11:27:49,857 - INFO - 首次生成种子集 random
2026-03-09 11:27:49,857 - INFO - 执行当前算法开始: random
2026-03-09 11:27:49,857 - INFO - 数据集节点总数:  n = 5123, m = 175
2026-03-09 11:27:49,857 - INFO - 选择 175  [4503, 4050, 2440, 4855, 5031, 300, 4449, 4551, 34, 827, 3549, 953, 1800, 4711, 2890, 4329, 507, 4398, 1472, 1620, 4336, 2728, 1478, 1699, 1157, 2861, 3298, 4110, 3581, 4890, 4040, 3311, 4926, 1466, 1187, 3928, 3294, 241, 1506, 2453, 4598, 692, 2650, 3876, 1674, 4710, 1625, 4693, 2011, 4748, 3750, 1490, 2468, 96, 4834, 3338, 1840, 1747, 4762, 49, 1090, 3234, 2944, 4166, 3224, 3259, 3257, 4263, 4805, 3424, 2711, 5028, 4193, 3520, 3487, 4500, 130, 3622, 41, 4088, 2661, 1259, 4698, 549, 4404, 4236, 1153, 2461, 1770, 5045, 4659, 4069, 780, 1637, 1668, 992, 3064, 3093, 1397, 618, 1232, 4512, 2137, 610, 998, 545, 3818, 1048, 2918, 3660, 4662, 3392, 347, 1134, 1361, 4230, 913, 2262, 2560, 262, 2075, 3601, 4072, 5037, 3380, 3185, 1105, 4434, 1362, 4247, 3053, 1538, 2862, 1853, 1111, 1255, 796, 2471, 3209, 5076, 2343, 2594, 1860, 4720, 4882, 1163, 2442, 2922, 2296, 2201, 1836, 125, 1293, 1363, 4084, 4300, 4245, 3781, 2592, 2061, 1068, 102, 3469, 2386, 3993, 4564, 3415, 3026, 1460, 3406, 2059, 3943, 3348, 1387, 4716]

2026-03-09 11:27:49,857 - INFO - 当前用时 0.00 秒
2026-03-09 11:27:49,857 - INFO - 将种子集 写入位置: /home/wen/work/coup_spread/network.douban11core/2026-3-16/seeds-with-network.douban11core/tier_based_random_seedNum-175_SSRNum-50000.txt
2026-03-09 11:27:49,858 - INFO - 首次生成种子集 degreeTopM
2026-03-09 11:27:49,858 - INFO - 执行当前算法开始: degreeTopM
2026-03-09 11:27:49,858 - INFO - 依据: 选择连接数（度数）最多的节点。
2026-03-09 11:27:49,858 - INFO - 选择的 Top M 节点及其度数:
2026-03-09 11:27:49,858 - INFO - 
2026-03-09 11:27:49,858 - INFO - 当前用时 0.00 秒
2026-03-09 11:27:49,859 - INFO - 将种子集 写入位置: /home/wen/work/coup_spread/network.douban11core/2026-3-16/seeds-with-network.douban11core/tier_based_degreeTopM_seedNum-175_SSRNum-50000.txt
2026-03-09 11:27:49,859 - INFO - 首次生成种子集 pageRank
2026-03-09 11:27:49,859 - INFO - 执行当前算法开始: pageRank
2026-03-09 11:27:49,859 - INFO - --- Running: PageRank (on tranProMatrix) Top M ---
2026-03-09 11:27:50,483 - INFO - Selected PageRank seeds: [413, 135, 2568, 94, 2360, 412, 922, 644, 249, 1629, 295, 1195, 958, 1169, 2367, 11, 454, 590, 48, 1537, 1303, 1068, 1514, 902, 2005, 2595, 451, 744, 396, 2757, 2960, 2716, 100, 1604, 27, 611, 416, 2943, 2745, 696, 766, 855, 1186, 2542, 2395, 2242, 1166, 1595, 299, 142, 2409, 1892, 846, 2286, 1515, 3812, 137, 192, 899, 884, 2713, 4015, 197, 1882, 583, 2411, 3702, 114, 331, 228, 2403, 2590, 3936, 1941, 227, 380, 303, 979, 1173, 987, 1413, 1361, 3169, 1390, 2642, 2660, 230, 2187, 1423, 1192, 1815, 205, 821, 2205, 1117, 849, 1268, 2129, 926, 1520, 448, 2695, 1424, 196, 2190, 548, 432, 389, 483, 699, 3174, 256, 296, 446, 541, 397, 2899, 917, 235, 610, 2410, 953, 405, 1114, 868, 546, 420, 623, 250, 947, 3012, 587, 417, 1115, 241, 3052, 717, 2712, 3640, 300, 1174, 3481, 1510, 262, 404, 1999, 1015, 1415, 1427, 2229, 1277, 1911, 2039, 116, 1986, 1021, 2246, 1177, 719, 292, 443, 2913, 874, 4899, 3070, 1909, 2233, 440, 4019, 80, 488, 1664, 2234, 195, 306]
2026-03-09 11:27:50,484 - INFO - 当前用时 0.62 秒
2026-03-09 11:27:50,484 - INFO - 将种子集 写入位置: /home/wen/work/coup_spread/network.douban11core/2026-3-16/seeds-with-network.douban11core/tier_based_pageRank_seedNum-175_SSRNum-50000.txt
2026-03-09 11:27:50,484 - INFO - 首次生成种子集 alpha_sort
2026-03-09 11:27:50,484 - INFO - 执行当前算法开始: alpha_sort
2026-03-09 11:27:50,487 - INFO - 5123 个节点的alpha值降序排序 done
2026-03-09 11:27:50,487 - INFO - ==============>> [(2215, np.float64(0.48952004456865417)), (4343, np.float64(0.47846651200146795)), (4383, np.float64(0.47632254853606004)), (3231, np.float64(0.47588534134378907)), (4403, np.float64(0.4757877894403318)), (4948, np.float64(0.4751755082969123)), (3508, np.float64(0.4739035636629974)), (4678, np.float64(0.47357455761337136)), (520, np.float64(0.47297187287467873)), (1932, np.float64(0.4727039228079108))]
2026-03-09 11:27:50,487 - INFO - 
选择的种子集 (按alpha排序): [2215, 4343, 4383, 3231, 4403, 4948, 3508, 4678, 520, 1932, 2320, 1133, 5050, 815, 4314, 3106, 2195, 4561, 4109, 665, 4207, 817, 1995, 600, 4052, 4315, 2135, 2636, 4727, 5023, 81, 652, 4737, 2118, 3907, 906, 2522, 5112, 5022, 4821, 4244, 5087, 783, 2378, 2865, 4241, 2314, 4755, 2491, 4880, 362, 3254, 4829, 2056, 990, 867, 996, 480, 636, 3166, 4002, 3887, 90, 2194, 2245, 414, 3673, 3286, 3195, 598, 5013, 5003, 2834, 573, 4424, 4396, 3454, 3462, 4865, 5096, 4701, 3920, 1731, 4956, 1509, 4577, 173, 738, 2436, 4630, 4966, 4297, 2307, 3931, 3669, 4670, 4277, 683, 3892, 4313, 645, 2266, 4187, 4779, 3759, 3504, 4271, 3130, 3760, 4250, 4214, 3545, 1322, 4939, 581, 2538, 4789, 4051, 2576, 4747, 3321, 1331, 4434, 3066, 332, 207, 3617, 122, 156, 3919, 3941, 463, 1701, 4673, 4413, 4893, 4401, 5015, 1135, 4473, 733, 2149, 4092, 3112, 4375, 1709, 4292, 4583, 4076, 3832, 3008, 113, 2710, 4558, 4487, 2906, 3082, 3196, 377, 2402, 4111, 4945, 2988, 4016, 3561, 3674, 4153, 2104, 338, 1358, 3214, 4472, 1691, 4506, 365]

2026-03-09 11:27:50,487 - INFO - 当前用时 0.00 秒
2026-03-09 11:27:50,487 - INFO - 将种子集 写入位置: /home/wen/work/coup_spread/network.douban11core/2026-3-16/seeds-with-network.douban11core/tier_based_alpha_sort_seedNum-175_SSRNum-50000.txt
2026-03-09 11:27:50,488 - INFO - 首次生成种子集 ris_optimized
2026-03-09 11:27:50,488 - INFO - 执行当前算法开始: ris_optimized
2026-03-09 11:27:50,988 - INFO - 图初始化完成，节点数: 5123，当前模式: 优化采样
2026-03-09 11:27:50,988 - INFO - 开始生成 50000 组多重RR-Set...
2026-03-09 11:28:48,058 - INFO - 生成完毕。耗时: 57.07 秒。
2026-03-09 11:28:48,076 - INFO - 开始基于多重RR集贪心选择最优种子...
2026-03-09 11:28:57,349 - INFO - 选种完毕。耗时: 9.27 秒。估算范围: 294.88
2026-03-09 11:28:58,885 - INFO - 当前用时 68.40 秒
2026-03-09 11:28:58,886 - INFO - 将种子集 写入位置: /home/wen/work/coup_spread/network.douban11core/2026-3-16/seeds-with-network.douban11core/tier_based_ris_optimized_seedNum-175_SSRNum-50000.txt
2026-03-09 11:28:58,887 - INFO - 首次生成种子集 1hop_sort
2026-03-09 11:28:58,887 - INFO - 执行当前算法开始: 1hop_sort
2026-03-09 11:28:58,887 - INFO - --- Running: Teacher's 1-Hop Expected Spread Sort ---
2026-03-09 11:28:58,925 - INFO - 选出的前 5 个种子得分展示: [0.75418044 0.75402461 0.74305244 0.73018463 0.72964586]
2026-03-09 11:28:58,925 - INFO - 当前用时 0.04 秒
2026-03-09 11:28:58,925 - INFO - 将种子集 写入位置: /home/wen/work/coup_spread/network.douban11core/2026-3-16/seeds-with-network.douban11core/tier_based_1hop_sort_seedNum-175_SSRNum-50000.txt
2026-03-09 11:28:58,926 - INFO - 评估种子集: None
2026-03-09 11:28:58,926 - INFO - 多进程评估开始，共有 6 个方法待评估...
2026-03-09 11:28:58,926 - INFO - 启动进程池，Worker数量: 6
2026-03-09 11:28:59,950 - INFO - [Process 87226] 开始评估方法: random, 种子数: 175
2026-03-09 11:29:00,694 - INFO - [Process 87227] 开始评估方法: degreeTopM, 种子数: 175
2026-03-09 11:29:01,442 - INFO - [Process 87228] 开始评估方法: pageRank, 种子数: 175
2026-03-09 11:29:02,126 - INFO - [degreeTopM - 种子:175] 拉新:27.3人 | 总销量:27.4单 | 品牌曝光:223.7次 | 🌟综合得分:49.7
2026-03-09 11:29:02,189 - INFO - [Process 87229] 开始评估方法: alpha_sort, 种子数: 175
2026-03-09 11:29:02,832 - INFO - [pageRank - 种子:175] 拉新:27.4人 | 总销量:27.4单 | 品牌曝光:222.9次 | 🌟综合得分:49.7
2026-03-09 11:29:02,951 - INFO - [Process 87230] 开始评估方法: ris_optimized, 种子数: 175
2026-03-09 11:29:03,701 - INFO - [Process 87231] 开始评估方法: 1hop_sort, 种子数: 175
2026-03-09 11:29:06,671 - INFO - [alpha_sort - 种子:175] 拉新:114.8人 | 总销量:115.7单 | 品牌曝光:346.4次 | 🌟综合得分:149.9
2026-03-09 11:29:08,527 - INFO - [random - 种子:175] 拉新:107.4人 | 总销量:108.5单 | 品牌曝光:509.6次 | 🌟综合得分:158.9
2026-03-09 11:29:08,547 - INFO - [1hop_sort - 种子:175] 拉新:115.2人 | 总销量:116.8单 | 品牌曝光:353.5次 | 🌟综合得分:151.4
2026-03-09 11:29:12,130 - INFO - [ris_optimized - 种子:175] 拉新:116.5人 | 总销量:117.8单 | 品牌曝光:537.5次 | 🌟综合得分:170.9
2026-03-09 11:29:12,178 - INFO - 所有进程执行完毕，开始写入数据...
2026-03-09 11:29:12,194 - INFO - 成功写入 6 条记录至 /home/wen/work/coup_spread/gzc-impl/results/network.douban11core/2026-3-16/tier_based_SSRNum-50000-_seedNum-175_simuTimes-500.csv
2026-03-09 11:29:12,195 - INFO - 保存评估文件至: /home/wen/work/coup_spread/gzc-impl/results/network.douban11core/2026-3-16/tier_based_SSRNum-50000-_seedNum-175_simuTimes-500.csv
2026-03-09 11:29:12,226 - INFO - 加载数据集: network.douban11core
2026-03-09 11:29:12,228 - INFO - --- 矩阵分析 ---
2026-03-09 11:29:12,228 - INFO - 节点数 (N): 5123
2026-03-09 11:29:12,228 - INFO - 边数 (E): 129298
2026-03-09 11:29:12,228 - INFO - 密度 (Density): 0.00492655 (越小越稀疏)
2026-03-09 11:29:12,228 - INFO - 稀疏度 (Sparsity): 0.99507345 (越接近1越稀疏)
2026-03-09 11:29:12,229 - INFO - 平均度数 (Avg Degree): 25.24
2026-03-09 11:29:12,229 - INFO - 首次生成度相关概率分布 分布类型: 'tier_based'.
2026-03-09 11:29:12,230 - INFO - ===> Generating 'Tier-based (Percentile)' distributions for Real Graph...
2026-03-09 11:29:12,231 - INFO - 保存概率分布 文件位置: /home/wen/work/coup_spread/network.douban11core/2026-3-16/distribution-in-network.douban11core/distribution-tier_based_seedNum-200.pkl
2026-03-09 11:29:12,352 - INFO - 首次生成种子集 random
2026-03-09 11:29:12,352 - INFO - 执行当前算法开始: random
2026-03-09 11:29:12,352 - INFO - 数据集节点总数:  n = 5123, m = 200
2026-03-09 11:29:12,353 - INFO - 选择 200  [513, 1620, 493, 2337, 1989, 3348, 3129, 201, 498, 699, 5010, 4616, 848, 3278, 2012, 3441, 778, 2188, 3667, 2543, 3598, 4645, 3209, 1625, 2931, 663, 4087, 99, 1806, 2316, 4806, 2624, 2893, 2133, 532, 2835, 419, 665, 222, 2532, 4466, 3510, 2028, 525, 4899, 1342, 578, 322, 592, 2483, 790, 4725, 1511, 2545, 4000, 2800, 371, 449, 2156, 4339, 1600, 4362, 3595, 1754, 4363, 2382, 2797, 1364, 3045, 5083, 1690, 2504, 3710, 1008, 3276, 2071, 3822, 3054, 3671, 4419, 2292, 1489, 1742, 4155, 3489, 4505, 1351, 324, 3820, 1713, 3193, 846, 4074, 2933, 3413, 2367, 1630, 4973, 3878, 2081, 2440, 4917, 3095, 4123, 2191, 4769, 480, 2453, 2462, 2501, 2286, 4273, 868, 1636, 4228, 2806, 3199, 4075, 1480, 2039, 3396, 1394, 390, 161, 847, 562, 4559, 380, 3301, 4110, 2860, 2832, 320, 3097, 2362, 892, 2445, 1292, 4238, 2113, 1506, 3623, 4982, 2032, 483, 773, 47, 2301, 4590, 4070, 3838, 3080, 991, 3628, 2067, 1619, 3472, 1149, 4898, 2274, 4661, 2309, 3839, 247, 1112, 653, 1275, 3092, 5012, 2236, 4647, 4253, 3571, 4396, 2662, 1740, 4242, 343, 4276, 2963, 2175, 335, 693, 4496, 3795, 4749, 4935, 1366, 775, 213, 3592, 4433, 296, 2592, 903, 3023, 3734, 1130, 3711, 749]

2026-03-09 11:29:12,353 - INFO - 当前用时 0.00 秒
2026-03-09 11:29:12,353 - INFO - 将种子集 写入位置: /home/wen/work/coup_spread/network.douban11core/2026-3-16/seeds-with-network.douban11core/tier_based_random_seedNum-200_SSRNum-50000.txt
2026-03-09 11:29:12,353 - INFO - 首次生成种子集 degreeTopM
2026-03-09 11:29:12,353 - INFO - 执行当前算法开始: degreeTopM
2026-03-09 11:29:12,353 - INFO - 依据: 选择连接数（度数）最多的节点。
2026-03-09 11:29:12,354 - INFO - 选择的 Top M 节点及其度数:
2026-03-09 11:29:12,354 - INFO - 
2026-03-09 11:29:12,354 - INFO - 当前用时 0.00 秒
2026-03-09 11:29:12,354 - INFO - 将种子集 写入位置: /home/wen/work/coup_spread/network.douban11core/2026-3-16/seeds-with-network.douban11core/tier_based_degreeTopM_seedNum-200_SSRNum-50000.txt
2026-03-09 11:29:12,354 - INFO - 首次生成种子集 pageRank
2026-03-09 11:29:12,354 - INFO - 执行当前算法开始: pageRank
2026-03-09 11:29:12,354 - INFO - --- Running: PageRank (on tranProMatrix) Top M ---
2026-03-09 11:29:13,094 - INFO - Selected PageRank seeds: [413, 135, 2568, 94, 2360, 412, 922, 644, 249, 1629, 295, 1195, 958, 1169, 2367, 11, 454, 590, 48, 1537, 1303, 1068, 1514, 902, 2005, 2595, 451, 744, 396, 2757, 2960, 2716, 100, 1604, 27, 611, 416, 2943, 2745, 696, 766, 855, 1186, 2542, 2395, 2242, 1166, 1595, 299, 142, 2409, 1892, 846, 2286, 1515, 3812, 137, 192, 899, 884, 2713, 4015, 197, 1882, 583, 2411, 3702, 114, 331, 228, 2403, 2590, 3936, 1941, 227, 380, 303, 979, 1173, 987, 1413, 1361, 3169, 1390, 2642, 2660, 230, 2187, 1423, 1192, 1815, 205, 821, 2205, 1117, 849, 1268, 2129, 926, 1520, 448, 2695, 1424, 196, 2190, 548, 432, 389, 483, 699, 3174, 256, 296, 446, 541, 397, 2899, 917, 235, 610, 2410, 953, 405, 1114, 868, 546, 420, 623, 250, 947, 3012, 587, 417, 1115, 241, 3052, 717, 2712, 3640, 300, 1174, 3481, 1510, 262, 404, 1999, 1015, 1415, 1427, 2229, 1277, 1911, 2039, 116, 1986, 1021, 2246, 1177, 719, 292, 443, 2913, 874, 4899, 3070, 1909, 2233, 440, 4019, 80, 488, 1664, 2234, 195, 306, 1165, 2484, 1027, 930, 1008, 1410, 916, 1973, 13, 1981, 149, 237, 1182, 342, 1430, 2067, 858, 99, 3568, 3362, 3771, 1422, 245, 2142, 3830]
2026-03-09 11:29:13,094 - INFO - 当前用时 0.74 秒
2026-03-09 11:29:13,094 - INFO - 将种子集 写入位置: /home/wen/work/coup_spread/network.douban11core/2026-3-16/seeds-with-network.douban11core/tier_based_pageRank_seedNum-200_SSRNum-50000.txt
2026-03-09 11:29:13,095 - INFO - 首次生成种子集 alpha_sort
2026-03-09 11:29:13,095 - INFO - 执行当前算法开始: alpha_sort
2026-03-09 11:29:13,097 - INFO - 5123 个节点的alpha值降序排序 done
2026-03-09 11:29:13,097 - INFO - ==============>> [(4833, np.float64(0.48241037514766016)), (3899, np.float64(0.47997991260666695)), (2706, np.float64(0.4798490988414392)), (398, np.float64(0.47887053281003084)), (480, np.float64(0.4777671705060935)), (2772, np.float64(0.47471770509532635)), (3237, np.float64(0.47441600391099203)), (3864, np.float64(0.47273875190838355)), (4093, np.float64(0.4720593170688987)), (1318, np.float64(0.47029972627216127))]
2026-03-09 11:29:13,097 - INFO - 
选择的种子集 (按alpha排序): [4833, 3899, 2706, 398, 480, 2772, 3237, 3864, 4093, 1318, 4904, 33, 4099, 113, 2276, 3751, 4370, 3671, 271, 733, 3791, 3458, 93, 4572, 1617, 2299, 2815, 5051, 1330, 130, 1779, 5098, 2810, 722, 2156, 2641, 4751, 1362, 2710, 3789, 1377, 4511, 5002, 4013, 4714, 3204, 2420, 4476, 452, 5088, 3672, 5109, 2880, 794, 4428, 376, 2531, 2908, 3685, 2519, 4349, 2975, 3616, 3437, 4657, 2435, 2198, 2985, 1032, 2844, 4213, 4269, 2122, 1827, 4675, 2988, 2332, 536, 5100, 3847, 4562, 706, 1002, 4917, 4961, 3779, 3797, 4440, 1678, 693, 4702, 2434, 3800, 2494, 3235, 436, 4182, 4843, 5069, 4785, 2281, 4489, 3266, 3396, 5023, 1395, 801, 3619, 5104, 4738, 1658, 4492, 4297, 2749, 5087, 4379, 4505, 2907, 4566, 1624, 4483, 3920, 4111, 4620, 3835, 2935, 2177, 2525, 1737, 279, 1438, 4651, 3617, 4307, 4442, 336, 4643, 3132, 4797, 4867, 3500, 2445, 203, 173, 822, 3135, 87, 2149, 3555, 122, 3724, 1687, 3862, 3983, 2453, 2073, 2183, 4583, 4704, 7, 4851, 3599, 4882, 4559, 2439, 997, 4119, 3527, 3749, 3066, 4939, 2148, 4445, 4214, 3130, 3856, 4209, 4860, 4806, 4587, 5059, 2098, 4551, 2028, 1773, 81, 2131, 4133, 3893, 3620, 3669, 3802, 178, 4719, 743, 1682, 3892, 5084, 2263, 1956]

2026-03-09 11:29:13,098 - INFO - 当前用时 0.00 秒
2026-03-09 11:29:13,098 - INFO - 将种子集 写入位置: /home/wen/work/coup_spread/network.douban11core/2026-3-16/seeds-with-network.douban11core/tier_based_alpha_sort_seedNum-200_SSRNum-50000.txt
2026-03-09 11:29:13,098 - INFO - 首次生成种子集 ris_optimized
2026-03-09 11:29:13,098 - INFO - 执行当前算法开始: ris_optimized
2026-03-09 11:29:13,545 - INFO - 图初始化完成，节点数: 5123，当前模式: 优化采样
2026-03-09 11:29:13,545 - INFO - 开始生成 50000 组多重RR-Set...
2026-03-09 11:30:18,596 - INFO - 生成完毕。耗时: 65.05 秒。
2026-03-09 11:30:18,610 - INFO - 开始基于多重RR集贪心选择最优种子...
2026-03-09 11:30:30,500 - INFO - 选种完毕。耗时: 11.89 秒。估算范围: 336.99
2026-03-09 11:30:31,884 - INFO - 当前用时 78.79 秒
2026-03-09 11:30:31,884 - INFO - 将种子集 写入位置: /home/wen/work/coup_spread/network.douban11core/2026-3-16/seeds-with-network.douban11core/tier_based_ris_optimized_seedNum-200_SSRNum-50000.txt
2026-03-09 11:30:31,885 - INFO - 首次生成种子集 1hop_sort
2026-03-09 11:30:31,885 - INFO - 执行当前算法开始: 1hop_sort
2026-03-09 11:30:31,885 - INFO - --- Running: Teacher's 1-Hop Expected Spread Sort ---
2026-03-09 11:30:31,905 - INFO - 选出的前 5 个种子得分展示: [0.77123606 0.7348944  0.72728351 0.72385831 0.72136563]
2026-03-09 11:30:31,905 - INFO - 当前用时 0.02 秒
2026-03-09 11:30:31,905 - INFO - 将种子集 写入位置: /home/wen/work/coup_spread/network.douban11core/2026-3-16/seeds-with-network.douban11core/tier_based_1hop_sort_seedNum-200_SSRNum-50000.txt
2026-03-09 11:30:31,906 - INFO - 评估种子集: None
2026-03-09 11:30:31,906 - INFO - 多进程评估开始，共有 6 个方法待评估...
2026-03-09 11:30:31,906 - INFO - 启动进程池，Worker数量: 6
2026-03-09 11:30:32,897 - INFO - [Process 88659] 开始评估方法: random, 种子数: 200
2026-03-09 11:30:33,630 - INFO - [Process 88660] 开始评估方法: degreeTopM, 种子数: 200
2026-03-09 11:30:34,379 - INFO - [Process 88661] 开始评估方法: pageRank, 种子数: 200
2026-03-09 11:30:35,138 - INFO - [Process 88662] 开始评估方法: alpha_sort, 种子数: 200
2026-03-09 11:30:35,222 - INFO - [degreeTopM - 种子:200] 拉新:31.3人 | 总销量:31.4单 | 品牌曝光:254.2次 | 🌟综合得分:56.8
2026-03-09 11:30:35,893 - INFO - [Process 88663] 开始评估方法: ris_optimized, 种子数: 200
2026-03-09 11:30:35,996 - INFO - [pageRank - 种子:200] 拉新:31.5人 | 总销量:31.6单 | 品牌曝光:255.4次 | 🌟综合得分:57.1
2026-03-09 11:30:36,644 - INFO - [Process 88664] 开始评估方法: 1hop_sort, 种子数: 200
2026-03-09 11:30:40,325 - INFO - [alpha_sort - 种子:200] 拉新:129.9人 | 总销量:130.9单 | 品牌曝光:396.3次 | 🌟综合得分:170.0
2026-03-09 11:30:42,320 - INFO - [1hop_sort - 种子:200] 拉新:130.3人 | 总销量:132.3单 | 品牌曝光:404.8次 | 🌟综合得分:171.8
2026-03-09 11:30:42,389 - INFO - [random - 种子:200] 拉新:120.0人 | 总销量:121.3单 | 品牌曝光:562.9次 | 🌟综合得分:176.9
2026-03-09 11:30:46,113 - INFO - [ris_optimized - 种子:200] 拉新:132.0人 | 总销量:133.8单 | 品牌曝光:607.3次 | 🌟综合得分:193.7
2026-03-09 11:30:46,149 - INFO - 所有进程执行完毕，开始写入数据...
2026-03-09 11:30:46,158 - INFO - 成功写入 6 条记录至 /home/wen/work/coup_spread/gzc-impl/results/network.douban11core/2026-3-16/tier_based_SSRNum-50000-_seedNum-200_simuTimes-500.csv
2026-03-09 11:30:46,159 - INFO - 保存评估文件至: /home/wen/work/coup_spread/gzc-impl/results/network.douban11core/2026-3-16/tier_based_SSRNum-50000-_seedNum-200_simuTimes-500.csv
2026-03-09 11:30:46,188 - INFO - 加载数据集: network.douban11core
2026-03-09 11:30:46,190 - INFO - --- 矩阵分析 ---
2026-03-09 11:30:46,190 - INFO - 节点数 (N): 5123
2026-03-09 11:30:46,190 - INFO - 边数 (E): 129298
2026-03-09 11:30:46,190 - INFO - 密度 (Density): 0.00492655 (越小越稀疏)
2026-03-09 11:30:46,190 - INFO - 稀疏度 (Sparsity): 0.99507345 (越接近1越稀疏)
2026-03-09 11:30:46,190 - INFO - 平均度数 (Avg Degree): 25.24
2026-03-09 11:30:46,191 - INFO - 首次生成度相关概率分布 分布类型: 'tier_based'.
2026-03-09 11:30:46,191 - INFO - ===> Generating 'Tier-based (Percentile)' distributions for Real Graph...
2026-03-09 11:30:46,192 - INFO - 保存概率分布 文件位置: /home/wen/work/coup_spread/network.douban11core/2026-3-16/distribution-in-network.douban11core/distribution-tier_based_seedNum-225.pkl
2026-03-09 11:30:46,313 - INFO - 首次生成种子集 random
2026-03-09 11:30:46,313 - INFO - 执行当前算法开始: random
2026-03-09 11:30:46,313 - INFO - 数据集节点总数:  n = 5123, m = 225
2026-03-09 11:30:46,313 - INFO - 选择 225  [2543, 2264, 4127, 2911, 1801, 4931, 2283, 3660, 295, 2230, 2191, 4826, 3922, 4822, 770, 3499, 1230, 4220, 3130, 5111, 3063, 1323, 2037, 2039, 2700, 4330, 4946, 3913, 4768, 530, 4629, 4096, 3161, 563, 4914, 3292, 95, 205, 4783, 4621, 1077, 1870, 3415, 192, 1656, 2539, 1524, 79, 4618, 3164, 4372, 3431, 1137, 601, 4758, 243, 4436, 3416, 2686, 4022, 3717, 1737, 3256, 2018, 1787, 1264, 1469, 2046, 5035, 660, 2301, 2739, 2076, 5077, 1849, 2136, 3600, 896, 1196, 2331, 4718, 1904, 2859, 370, 4562, 4973, 145, 3759, 1961, 4169, 4269, 2620, 3439, 700, 4904, 101, 2416, 3181, 2986, 2843, 3395, 271, 3377, 4910, 5090, 1082, 3218, 4707, 2198, 4692, 1248, 3332, 785, 2151, 1944, 4935, 4046, 2766, 5024, 1460, 2744, 2466, 3287, 1651, 1232, 2652, 1975, 4626, 1116, 3901, 2741, 4442, 3946, 4210, 3316, 792, 3442, 1445, 326, 840, 4812, 4482, 4421, 4972, 2961, 1514, 1828, 4688, 1741, 3556, 4988, 4881, 156, 2746, 4011, 3074, 1335, 2933, 3858, 875, 939, 3367, 4124, 3240, 478, 4104, 2401, 666, 2604, 4120, 4471, 1162, 4392, 3216, 4226, 4200, 2962, 1519, 422, 3822, 4609, 4905, 2011, 3568, 3669, 1784, 4153, 1758, 590, 234, 2941, 2041, 452, 897, 3953, 2809, 108, 2748, 511, 1995, 2715, 4394, 2927, 3436, 1277, 2330, 2799, 4639, 529, 932, 458, 2685, 3417, 28, 706, 1677, 2612, 3028, 920, 2829, 1658, 4472, 4656, 3376, 3040]

2026-03-09 11:30:46,313 - INFO - 当前用时 0.00 秒
2026-03-09 11:30:46,313 - INFO - 将种子集 写入位置: /home/wen/work/coup_spread/network.douban11core/2026-3-16/seeds-with-network.douban11core/tier_based_random_seedNum-225_SSRNum-50000.txt
2026-03-09 11:30:46,314 - INFO - 首次生成种子集 degreeTopM
2026-03-09 11:30:46,314 - INFO - 执行当前算法开始: degreeTopM
2026-03-09 11:30:46,314 - INFO - 依据: 选择连接数（度数）最多的节点。
2026-03-09 11:30:46,314 - INFO - 选择的 Top M 节点及其度数:
2026-03-09 11:30:46,314 - INFO - 
2026-03-09 11:30:46,314 - INFO - 当前用时 0.00 秒
2026-03-09 11:30:46,315 - INFO - 将种子集 写入位置: /home/wen/work/coup_spread/network.douban11core/2026-3-16/seeds-with-network.douban11core/tier_based_degreeTopM_seedNum-225_SSRNum-50000.txt
2026-03-09 11:30:46,315 - INFO - 首次生成种子集 pageRank
2026-03-09 11:30:46,315 - INFO - 执行当前算法开始: pageRank
2026-03-09 11:30:46,315 - INFO - --- Running: PageRank (on tranProMatrix) Top M ---
2026-03-09 11:30:46,917 - INFO - Selected PageRank seeds: [413, 135, 2568, 94, 2360, 412, 922, 644, 249, 1629, 295, 1195, 958, 1169, 2367, 11, 454, 590, 48, 1537, 1303, 1068, 1514, 902, 2005, 2595, 451, 744, 396, 2757, 2960, 2716, 100, 1604, 27, 611, 416, 2943, 2745, 696, 766, 855, 1186, 2542, 2395, 2242, 1166, 1595, 299, 142, 2409, 1892, 846, 2286, 1515, 3812, 137, 192, 899, 884, 2713, 4015, 197, 1882, 583, 2411, 3702, 114, 331, 228, 2403, 2590, 3936, 1941, 227, 380, 303, 979, 1173, 987, 1413, 1361, 3169, 1390, 2642, 2660, 230, 2187, 1423, 1192, 1815, 205, 821, 2205, 1117, 849, 1268, 2129, 926, 1520, 448, 2695, 1424, 196, 2190, 548, 432, 389, 483, 699, 3174, 256, 296, 446, 541, 397, 2899, 917, 235, 610, 2410, 953, 405, 1114, 868, 546, 420, 623, 250, 947, 3012, 587, 417, 1115, 241, 3052, 717, 2712, 3640, 300, 1174, 3481, 1510, 262, 404, 1999, 1015, 1415, 1427, 2229, 1277, 1911, 2039, 116, 1986, 1021, 2246, 1177, 719, 292, 443, 2913, 874, 4899, 3070, 1909, 2233, 440, 4019, 80, 488, 1664, 2234, 195, 306, 1165, 2484, 1027, 930, 1008, 1410, 916, 1973, 13, 1981, 149, 237, 1182, 342, 1430, 2067, 858, 99, 3568, 3362, 3771, 1422, 245, 2142, 3830, 1685, 2562, 2303, 1598, 2413, 328, 790, 3713, 455, 1914, 574, 1969, 2628, 830, 909, 103, 318, 1153, 1518, 3526, 1309, 1219, 1883, 2608, 3934]
2026-03-09 11:30:46,918 - INFO - 当前用时 0.60 秒
2026-03-09 11:30:46,918 - INFO - 将种子集 写入位置: /home/wen/work/coup_spread/network.douban11core/2026-3-16/seeds-with-network.douban11core/tier_based_pageRank_seedNum-225_SSRNum-50000.txt
2026-03-09 11:30:46,918 - INFO - 首次生成种子集 alpha_sort
2026-03-09 11:30:46,918 - INFO - 执行当前算法开始: alpha_sort
2026-03-09 11:30:46,920 - INFO - 5123 个节点的alpha值降序排序 done
2026-03-09 11:30:46,921 - INFO - ==============>> [(4747, np.float64(0.49360491794639444)), (3700, np.float64(0.4918168286061866)), (4619, np.float64(0.4839197463755434)), (2117, np.float64(0.48182874565025235)), (3756, np.float64(0.4809638535997017)), (775, np.float64(0.48028695565920254)), (4367, np.float64(0.4781584775481172)), (3895, np.float64(0.47643535966046757)), (801, np.float64(0.4760208304733955)), (3097, np.float64(0.4746138259763476))]
2026-03-09 11:30:46,921 - INFO - 
选择的种子集 (按alpha排序): [4747, 3700, 4619, 2117, 3756, 775, 4367, 3895, 801, 3097, 3808, 2698, 4128, 1819, 3250, 368, 3726, 5019, 4459, 2257, 3179, 4445, 9, 2195, 679, 4876, 3379, 3540, 4771, 3643, 2479, 652, 45, 2402, 2194, 279, 4161, 573, 1197, 4850, 1509, 804, 4311, 707, 4751, 4877, 356, 5088, 4164, 2378, 1822, 3848, 4638, 355, 5105, 641, 4690, 5003, 2149, 3860, 452, 4949, 4639, 4566, 463, 4627, 4428, 3698, 4270, 4657, 5054, 3508, 3106, 738, 2667, 4400, 4177, 4426, 3397, 3045, 3434, 2541, 3885, 2755, 3769, 3617, 4241, 2866, 950, 3614, 2641, 2199, 581, 2126, 2577, 3792, 4644, 3685, 151, 3797, 4399, 4994, 4180, 5043, 134, 4366, 1687, 4379, 2444, 4723, 2756, 3499, 3246, 815, 2146, 1043, 1199, 4343, 1682, 4251, 2068, 2830, 2704, 4727, 2320, 65, 4185, 598, 3373, 3082, 1920, 1737, 4878, 5037, 867, 2627, 4002, 4968, 2747, 3456, 1358, 3552, 3823, 2774, 5096, 4419, 2522, 4170, 2734, 4941, 5080, 332, 4961, 3627, 1770, 5090, 3482, 4387, 5057, 5014, 3138, 4293, 975, 3286, 4106, 2445, 4329, 2332, 2971, 4138, 879, 1318, 5079, 2636, 3445, 2439, 2924, 1393, 5099, 1691, 4782, 4982, 2945, 3616, 645, 5102, 2271, 2845, 3204, 3230, 2248, 3835, 1330, 7, 1726, 4424, 433, 3375, 2148, 130, 2682, 2985, 5029, 2633, 3850, 5018, 1002, 4948, 990, 4032, 2098, 3943, 4497, 5002, 2299, 5078, 4051, 4210, 3919, 4577, 4383, 166, 5069, 3805, 3669]

2026-03-09 11:30:46,921 - INFO - 当前用时 0.00 秒
2026-03-09 11:30:46,921 - INFO - 将种子集 写入位置: /home/wen/work/coup_spread/network.douban11core/2026-3-16/seeds-with-network.douban11core/tier_based_alpha_sort_seedNum-225_SSRNum-50000.txt
2026-03-09 11:30:46,921 - INFO - 首次生成种子集 ris_optimized
2026-03-09 11:30:46,921 - INFO - 执行当前算法开始: ris_optimized
2026-03-09 11:30:47,363 - INFO - 图初始化完成，节点数: 5123，当前模式: 优化采样
2026-03-09 11:30:47,363 - INFO - 开始生成 50000 组多重RR-Set...
2026-03-09 11:32:00,643 - INFO - 生成完毕。耗时: 73.28 秒。
2026-03-09 11:32:00,652 - INFO - 开始基于多重RR集贪心选择最优种子...
2026-03-09 11:32:12,984 - INFO - 选种完毕。耗时: 12.33 秒。估算范围: 374.90
2026-03-09 11:32:15,297 - INFO - 当前用时 88.38 秒
2026-03-09 11:32:15,297 - INFO - 将种子集 写入位置: /home/wen/work/coup_spread/network.douban11core/2026-3-16/seeds-with-network.douban11core/tier_based_ris_optimized_seedNum-225_SSRNum-50000.txt
2026-03-09 11:32:15,298 - INFO - 首次生成种子集 1hop_sort
2026-03-09 11:32:15,298 - INFO - 执行当前算法开始: 1hop_sort
2026-03-09 11:32:15,298 - INFO - --- Running: Teacher's 1-Hop Expected Spread Sort ---
2026-03-09 11:32:15,334 - INFO - 选出的前 5 个种子得分展示: [0.75173983 0.73991272 0.73949934 0.73693582 0.73355618]
2026-03-09 11:32:15,334 - INFO - 当前用时 0.04 秒
2026-03-09 11:32:15,335 - INFO - 将种子集 写入位置: /home/wen/work/coup_spread/network.douban11core/2026-3-16/seeds-with-network.douban11core/tier_based_1hop_sort_seedNum-225_SSRNum-50000.txt
2026-03-09 11:32:15,336 - INFO - 评估种子集: None
2026-03-09 11:32:15,336 - INFO - 多进程评估开始，共有 6 个方法待评估...
2026-03-09 11:32:15,336 - INFO - 启动进程池，Worker数量: 6
2026-03-09 11:32:16,326 - INFO - [Process 90015] 开始评估方法: random, 种子数: 225
2026-03-09 11:32:17,072 - INFO - [Process 90016] 开始评估方法: degreeTopM, 种子数: 225
2026-03-09 11:32:17,808 - INFO - [Process 90017] 开始评估方法: pageRank, 种子数: 225
2026-03-09 11:32:18,556 - INFO - [Process 90018] 开始评估方法: alpha_sort, 种子数: 225
2026-03-09 11:32:18,886 - INFO - [degreeTopM - 种子:225] 拉新:35.6人 | 总销量:35.8单 | 品牌曝光:287.4次 | 🌟综合得分:64.4
2026-03-09 11:32:19,343 - INFO - [Process 90019] 开始评估方法: ris_optimized, 种子数: 225
2026-03-09 11:32:19,740 - INFO - [pageRank - 种子:225] 拉新:36.6人 | 总销量:36.8单 | 品牌曝光:291.7次 | 🌟综合得分:65.9
2026-03-09 11:32:20,089 - INFO - [Process 90020] 开始评估方法: 1hop_sort, 种子数: 225
2026-03-09 11:32:24,481 - INFO - [alpha_sort - 种子:225] 拉新:146.5人 | 总销量:147.9单 | 品牌曝光:450.6次 | 🌟综合得分:192.3
2026-03-09 11:32:26,121 - INFO - [1hop_sort - 种子:225] 拉新:147.4人 | 总销量:149.9单 | 品牌曝光:457.7次 | 🌟综合得分:194.4
2026-03-09 11:32:27,136 - INFO - [random - 种子:225] 拉新:138.5人 | 总销量:140.2单 | 品牌曝光:645.8次 | 🌟综合得分:204.0
2026-03-09 11:32:30,742 - INFO - [ris_optimized - 种子:225] 拉新:147.4人 | 总销量:149.4单 | 品牌曝光:681.9次 | 🌟综合得分:216.6
2026-03-09 11:32:30,783 - INFO - 所有进程执行完毕，开始写入数据...
2026-03-09 11:32:30,797 - INFO - 成功写入 6 条记录至 /home/wen/work/coup_spread/gzc-impl/results/network.douban11core/2026-3-16/tier_based_SSRNum-50000-_seedNum-225_simuTimes-500.csv
2026-03-09 11:32:30,798 - INFO - 保存评估文件至: /home/wen/work/coup_spread/gzc-impl/results/network.douban11core/2026-3-16/tier_based_SSRNum-50000-_seedNum-225_simuTimes-500.csv
2026-03-09 11:32:30,827 - INFO - 加载数据集: network.douban11core
2026-03-09 11:32:30,829 - INFO - --- 矩阵分析 ---
2026-03-09 11:32:30,829 - INFO - 节点数 (N): 5123
2026-03-09 11:32:30,829 - INFO - 边数 (E): 129298
2026-03-09 11:32:30,829 - INFO - 密度 (Density): 0.00492655 (越小越稀疏)
2026-03-09 11:32:30,829 - INFO - 稀疏度 (Sparsity): 0.99507345 (越接近1越稀疏)
2026-03-09 11:32:30,829 - INFO - 平均度数 (Avg Degree): 25.24
2026-03-09 11:32:30,830 - INFO - 首次生成度相关概率分布 分布类型: 'tier_based'.
2026-03-09 11:32:30,830 - INFO - ===> Generating 'Tier-based (Percentile)' distributions for Real Graph...
2026-03-09 11:32:30,831 - INFO - 保存概率分布 文件位置: /home/wen/work/coup_spread/network.douban11core/2026-3-16/distribution-in-network.douban11core/distribution-tier_based_seedNum-250.pkl
2026-03-09 11:32:30,949 - INFO - 首次生成种子集 random
2026-03-09 11:32:30,950 - INFO - 执行当前算法开始: random
2026-03-09 11:32:30,950 - INFO - 数据集节点总数:  n = 5123, m = 250
2026-03-09 11:32:30,950 - INFO - 选择 250  [4234, 1098, 4736, 2715, 3382, 3402, 2066, 489, 315, 116, 5071, 270, 3633, 5051, 4051, 1520, 1100, 2570, 804, 1542, 2655, 5099, 2385, 819, 4048, 1425, 3921, 2330, 615, 2874, 4319, 2043, 3757, 4575, 4768, 754, 3916, 709, 314, 1694, 247, 2951, 1579, 4774, 2695, 758, 2447, 3395, 3258, 1655, 3235, 3866, 3155, 4529, 3670, 2508, 918, 1913, 3870, 5067, 3543, 4790, 2239, 3898, 139, 3322, 2264, 4591, 96, 991, 2413, 1856, 4627, 1110, 3130, 1046, 4553, 3462, 446, 2716, 1334, 1363, 4880, 3452, 1106, 465, 4853, 2489, 3983, 1759, 2824, 2938, 263, 377, 1680, 929, 1572, 4753, 3082, 2041, 1030, 1188, 1818, 3020, 2001, 593, 178, 841, 3759, 2292, 876, 1077, 1227, 491, 3501, 1534, 5061, 4569, 3745, 1684, 6, 4981, 4814, 3758, 77, 291, 220, 1644, 2729, 3248, 1007, 4820, 3158, 25, 585, 2650, 583, 1610, 1459, 663, 3817, 2233, 4161, 2996, 1290, 5031, 1914, 3453, 1320, 2510, 4743, 1677, 3228, 2613, 2109, 1844, 3470, 2333, 2303, 1097, 3275, 525, 1436, 2306, 1927, 2008, 2123, 3933, 2764, 3846, 2983, 3519, 1088, 3917, 2381, 4193, 84, 4991, 1615, 4432, 1477, 1009, 2873, 2975, 808, 4631, 1181, 1553, 1942, 789, 3014, 2551, 2750, 3162, 4600, 1510, 4629, 3240, 57, 456, 4185, 645, 1838, 911, 2965, 2102, 1923, 2933, 2297, 3800, 129, 916, 2171, 4085, 4595, 4235, 332, 2909, 2497, 4231, 3551, 110, 2781, 3974, 4095, 2287, 4882, 2367, 48, 2815, 246, 5110, 3853, 1039, 1539, 65, 3265, 2390, 4672, 4100, 146, 3843, 3950, 5041, 2730, 2745, 1153, 4566, 1219, 2973]

2026-03-09 11:32:30,950 - INFO - 当前用时 0.00 秒
2026-03-09 11:32:30,950 - INFO - 将种子集 写入位置: /home/wen/work/coup_spread/network.douban11core/2026-3-16/seeds-with-network.douban11core/tier_based_random_seedNum-250_SSRNum-50000.txt
2026-03-09 11:32:30,950 - INFO - 首次生成种子集 degreeTopM
2026-03-09 11:32:30,950 - INFO - 执行当前算法开始: degreeTopM
2026-03-09 11:32:30,950 - INFO - 依据: 选择连接数（度数）最多的节点。
2026-03-09 11:32:30,951 - INFO - 选择的 Top M 节点及其度数:
2026-03-09 11:32:30,951 - INFO - 
2026-03-09 11:32:30,951 - INFO - 当前用时 0.00 秒
2026-03-09 11:32:30,951 - INFO - 将种子集 写入位置: /home/wen/work/coup_spread/network.douban11core/2026-3-16/seeds-with-network.douban11core/tier_based_degreeTopM_seedNum-250_SSRNum-50000.txt
2026-03-09 11:32:30,952 - INFO - 首次生成种子集 pageRank
2026-03-09 11:32:30,952 - INFO - 执行当前算法开始: pageRank
2026-03-09 11:32:30,952 - INFO - --- Running: PageRank (on tranProMatrix) Top M ---
2026-03-09 11:32:31,588 - INFO - Selected PageRank seeds: [413, 135, 2568, 94, 2360, 412, 922, 644, 249, 1629, 295, 1195, 958, 1169, 2367, 11, 454, 590, 48, 1537, 1303, 1068, 1514, 902, 2005, 2595, 451, 744, 396, 2757, 2960, 2716, 100, 1604, 27, 611, 416, 2943, 2745, 696, 766, 855, 1186, 2542, 2395, 2242, 1166, 1595, 299, 142, 2409, 1892, 846, 2286, 1515, 3812, 137, 192, 899, 884, 2713, 4015, 197, 1882, 583, 2411, 3702, 114, 331, 228, 2403, 2590, 3936, 1941, 227, 380, 303, 979, 1173, 987, 1413, 1361, 3169, 1390, 2642, 2660, 230, 2187, 1423, 1192, 1815, 205, 821, 2205, 1117, 849, 1268, 2129, 926, 1520, 448, 2695, 1424, 196, 2190, 548, 432, 389, 483, 699, 3174, 256, 296, 446, 541, 397, 2899, 917, 235, 610, 2410, 953, 405, 1114, 868, 546, 420, 623, 250, 947, 3012, 587, 417, 1115, 241, 3052, 717, 2712, 3640, 300, 1174, 3481, 1510, 262, 404, 1999, 1015, 1415, 1427, 2229, 1277, 1911, 2039, 116, 1986, 1021, 2246, 1177, 719, 292, 443, 2913, 874, 4899, 3070, 1909, 2233, 440, 4019, 80, 488, 1664, 2234, 195, 306, 1165, 2484, 1027, 930, 1008, 1410, 916, 1973, 13, 1981, 149, 237, 1182, 342, 1430, 2067, 858, 99, 3568, 3362, 3771, 1422, 245, 2142, 3830, 1685, 2562, 2303, 1598, 2413, 328, 790, 3713, 455, 1914, 574, 1969, 2628, 830, 909, 103, 318, 1153, 1518, 3526, 1309, 1219, 1883, 2608, 3934, 2936, 3639, 991, 3004, 1841, 2110, 4261, 444, 3778, 1828, 4018, 1030, 2473, 2742, 2106, 1428, 1915, 465, 1216, 1235, 534, 140, 4405, 1016, 861]
2026-03-09 11:32:31,588 - INFO - 当前用时 0.64 秒
2026-03-09 11:32:31,589 - INFO - 将种子集 写入位置: /home/wen/work/coup_spread/network.douban11core/2026-3-16/seeds-with-network.douban11core/tier_based_pageRank_seedNum-250_SSRNum-50000.txt
2026-03-09 11:32:31,589 - INFO - 首次生成种子集 alpha_sort
2026-03-09 11:32:31,589 - INFO - 执行当前算法开始: alpha_sort
2026-03-09 11:32:31,591 - INFO - 5123 个节点的alpha值降序排序 done
2026-03-09 11:32:31,592 - INFO - ==============>> [(2645, np.float64(0.4880041966382475)), (1770, np.float64(0.4859767972822414)), (5099, np.float64(0.4857525353683853)), (3959, np.float64(0.48335188266816076)), (3106, np.float64(0.48327300814618523)), (2156, np.float64(0.4794993478953134)), (2420, np.float64(0.4769118672077469)), (1081, np.float64(0.47564922782498487)), (2949, np.float64(0.4741855702652712)), (2445, np.float64(0.4729294365489524))]
2026-03-09 11:32:31,592 - INFO - 
选择的种子集 (按alpha排序): [2645, 1770, 5099, 3959, 3106, 2156, 2420, 1081, 2949, 2445, 1683, 1395, 2010, 5105, 1330, 4492, 1701, 5013, 3899, 1726, 2529, 4420, 3561, 2491, 693, 3988, 2130, 5019, 5014, 4454, 3578, 4343, 4562, 4979, 5101, 3892, 1125, 4413, 134, 2705, 21, 4818, 4111, 3196, 398, 4948, 5042, 4594, 2531, 93, 3480, 1995, 4197, 1106, 2291, 3605, 3204, 2124, 3832, 2266, 3310, 706, 4617, 3674, 166, 4164, 1377, 3181, 3811, 1827, 919, 4883, 1614, 3847, 4293, 3893, 996, 1331, 4630, 3449, 703, 4653, 4976, 81, 3616, 5067, 1509, 3705, 3728, 2105, 4363, 4268, 4716, 4729, 1468, 3260, 3445, 2576, 377, 2975, 3499, 414, 4497, 777, 4447, 2436, 4701, 236, 3135, 4498, 3870, 2316, 3624, 3373, 4737, 2541, 4782, 2257, 4985, 130, 645, 2424, 1997, 4398, 2481, 5106, 3718, 3685, 5018, 4819, 3860, 788, 2507, 5107, 3414, 3552, 2525, 1736, 1402, 3333, 4250, 4177, 4834, 3617, 2073, 2756, 1601, 4501, 3585, 491, 4970, 3246, 4577, 4161, 1032, 4313, 4037, 4473, 4865, 3043, 2025, 1231, 3890, 3008, 3856, 5094, 4566, 4877, 3887, 879, 1722, 3375, 4893, 4973, 2633, 1551, 2636, 3751, 4252, 1876, 4153, 5096, 4506, 4007, 2284, 3724, 4440, 5079, 4770, 4558, 4157, 643, 3504, 822, 90, 463, 2435, 4700, 4209, 598, 4513, 2747, 4727, 4409, 1862, 3511, 151, 3023, 4459, 1358, 5118, 2714, 4503, 944, 4487, 164, 4297, 2653, 1133, 5088, 3918, 4719, 4992, 4396, 4329, 4860, 4438, 2276, 2935, 5037, 5050, 4789, 3118, 4665, 4092, 733, 4199, 3558, 4561, 2064, 4910, 4016, 3540, 4130, 3508, 3130, 4449, 3611, 4880, 1403]

2026-03-09 11:32:31,592 - INFO - 当前用时 0.00 秒
2026-03-09 11:32:31,592 - INFO - 将种子集 写入位置: /home/wen/work/coup_spread/network.douban11core/2026-3-16/seeds-with-network.douban11core/tier_based_alpha_sort_seedNum-250_SSRNum-50000.txt
2026-03-09 11:32:31,592 - INFO - 首次生成种子集 ris_optimized
2026-03-09 11:32:31,592 - INFO - 执行当前算法开始: ris_optimized
2026-03-09 11:32:32,061 - INFO - 图初始化完成，节点数: 5123，当前模式: 优化采样
2026-03-09 11:32:32,061 - INFO - 开始生成 50000 组多重RR-Set...
2026-03-09 11:33:55,900 - INFO - 生成完毕。耗时: 83.84 秒。
2026-03-09 11:33:55,916 - INFO - 开始基于多重RR集贪心选择最优种子...
2026-03-09 11:34:15,193 - INFO - 选种完毕。耗时: 19.28 秒。估算范围: 418.14
2026-03-09 11:34:17,852 - INFO - 当前用时 106.26 秒
2026-03-09 11:34:17,853 - INFO - 将种子集 写入位置: /home/wen/work/coup_spread/network.douban11core/2026-3-16/seeds-with-network.douban11core/tier_based_ris_optimized_seedNum-250_SSRNum-50000.txt
2026-03-09 11:34:17,853 - INFO - 首次生成种子集 1hop_sort
2026-03-09 11:34:17,853 - INFO - 执行当前算法开始: 1hop_sort
2026-03-09 11:34:17,853 - INFO - --- Running: Teacher's 1-Hop Expected Spread Sort ---
2026-03-09 11:34:17,891 - INFO - 选出的前 5 个种子得分展示: [0.76548074 0.75406844 0.75209309 0.74763098 0.72549862]
2026-03-09 11:34:17,891 - INFO - 当前用时 0.04 秒
2026-03-09 11:34:17,891 - INFO - 将种子集 写入位置: /home/wen/work/coup_spread/network.douban11core/2026-3-16/seeds-with-network.douban11core/tier_based_1hop_sort_seedNum-250_SSRNum-50000.txt
2026-03-09 11:34:17,893 - INFO - 评估种子集: None
2026-03-09 11:34:17,894 - INFO - 多进程评估开始，共有 6 个方法待评估...
2026-03-09 11:34:17,894 - INFO - 启动进程池，Worker数量: 6
2026-03-09 11:34:18,950 - INFO - [Process 91578] 开始评估方法: random, 种子数: 250
2026-03-09 11:34:19,713 - INFO - [Process 91579] 开始评估方法: degreeTopM, 种子数: 250
2026-03-09 11:34:20,491 - INFO - [Process 91580] 开始评估方法: pageRank, 种子数: 250
2026-03-09 11:34:21,267 - INFO - [Process 91581] 开始评估方法: alpha_sort, 种子数: 250
2026-03-09 11:34:21,669 - INFO - [degreeTopM - 种子:250] 拉新:38.8人 | 总销量:39.0单 | 品牌曝光:317.8次 | 🌟综合得分:70.7
2026-03-09 11:34:22,050 - INFO - [Process 91582] 开始评估方法: ris_optimized, 种子数: 250
2026-03-09 11:34:22,661 - INFO - [pageRank - 种子:250] 拉新:41.4人 | 总销量:41.6单 | 品牌曝光:327.3次 | 🌟综合得分:74.2
2026-03-09 11:34:22,814 - INFO - [Process 91583] 开始评估方法: 1hop_sort, 种子数: 250
2026-03-09 11:34:27,663 - INFO - [alpha_sort - 种子:250] 拉新:162.2人 | 总销量:164.0单 | 品牌曝光:499.3次 | 🌟综合得分:213.0
2026-03-09 11:34:29,397 - INFO - [1hop_sort - 种子:250] 拉新:162.9人 | 总销量:166.1单 | 品牌曝光:508.4次 | 🌟综合得分:215.3
2026-03-09 11:34:30,687 - INFO - [random - 种子:250] 拉新:147.8人 | 总销量:149.8单 | 品牌曝光:699.9次 | 🌟综合得分:218.7
2026-03-09 11:34:34,841 - INFO - [ris_optimized - 种子:250] 拉新:166.2人 | 总销量:168.8单 | 品牌曝光:767.9次 | 🌟综合得分:244.3
2026-03-09 11:34:34,890 - INFO - 所有进程执行完毕，开始写入数据...
2026-03-09 11:34:34,897 - INFO - 成功写入 6 条记录至 /home/wen/work/coup_spread/gzc-impl/results/network.douban11core/2026-3-16/tier_based_SSRNum-50000-_seedNum-250_simuTimes-500.csv
2026-03-09 11:34:34,898 - INFO - 保存评估文件至: /home/wen/work/coup_spread/gzc-impl/results/network.douban11core/2026-3-16/tier_based_SSRNum-50000-_seedNum-250_simuTimes-500.csv
