2026-03-06 12:36:22,062 - INFO - 加载数据集: cora
2026-03-06 12:36:22,062 - INFO - --- 矩阵分析 ---
2026-03-06 12:36:22,063 - INFO - 节点数 (N): 2708
2026-03-06 12:36:22,063 - INFO - 边数 (E): 10556
2026-03-06 12:36:22,063 - INFO - 密度 (Density): 0.00143947 (越小越稀疏)
2026-03-06 12:36:22,063 - INFO - 稀疏度 (Sparsity): 0.99856053 (越接近1越稀疏)
2026-03-06 12:36:22,063 - INFO - 平均度数 (Avg Degree): 3.90
2026-03-06 12:36:22,063 - INFO - >>> 正在注入完美对抗属性（验证三条定理）...
2026-03-06 12:36:22,082 - INFO - 首次生成种子集 random
2026-03-06 12:36:22,082 - INFO - 执行当前算法开始: random
2026-03-06 12:36:22,082 - INFO - 数据集节点总数:  n = 2708, m = 30
2026-03-06 12:36:22,082 - INFO - 选择 30  [1843, 437, 1783, 2513, 1021, 1485, 1016, 1617, 577, 65, 1107, 1529, 582, 1745, 1755, 562, 1662, 247, 1168, 966, 908, 1902, 736, 1396, 147, 2603, 654, 1063, 2102, 783]

2026-03-06 12:36:22,082 - INFO - 当前用时 0.00 秒
2026-03-06 12:36:22,083 - INFO - 将种子集 写入位置: /home/wen/work/coup_spread/cora/2026-3-7/seeds-with-cora/random_random_seedNum-30_SSRNum-50000.txt
2026-03-06 12:36:22,083 - INFO - 首次生成种子集 degreeTopM
2026-03-06 12:36:22,083 - INFO - 执行当前算法开始: degreeTopM
2026-03-06 12:36:22,083 - INFO - 依据: 选择连接数（度数）最多的节点。
2026-03-06 12:36:22,083 - INFO - 选择的 Top M 节点及其度数:
2026-03-06 12:36:22,083 - INFO - 
2026-03-06 12:36:22,083 - INFO - 当前用时 0.00 秒
2026-03-06 12:36:22,083 - INFO - 将种子集 写入位置: /home/wen/work/coup_spread/cora/2026-3-7/seeds-with-cora/random_degreeTopM_seedNum-30_SSRNum-50000.txt
2026-03-06 12:36:22,083 - INFO - 首次生成种子集 pageRank
2026-03-06 12:36:22,083 - INFO - 执行当前算法开始: pageRank
2026-03-06 12:36:22,083 - INFO - --- Running: PageRank (on tranProMatrix) Top M ---
2026-03-06 12:36:22,183 - INFO - Selected PageRank seeds: [0, 377, 714, 261, 272, 818, 170, 760, 1493, 346, 528, 1240, 1599, 854, 223, 599, 164, 1120, 880, 2101, 1194, 1206, 1230, 872, 1130, 1302, 446, 551, 52, 1835]
2026-03-06 12:36:22,183 - INFO - 当前用时 0.10 秒
2026-03-06 12:36:22,183 - INFO - 将种子集 写入位置: /home/wen/work/coup_spread/cora/2026-3-7/seeds-with-cora/random_pageRank_seedNum-30_SSRNum-50000.txt
2026-03-06 12:36:22,183 - INFO - 首次生成种子集 alpha_sort
2026-03-06 12:36:22,183 - INFO - 执行当前算法开始: alpha_sort
2026-03-06 12:36:22,184 - INFO - 2708 个节点的alpha值降序排序 done
2026-03-06 12:36:22,184 - INFO - ==============>> [(2438, np.float64(0.3)), (2439, np.float64(0.3)), (2440, np.float64(0.3)), (2441, np.float64(0.3)), (2442, np.float64(0.3)), (2443, np.float64(0.3)), (2444, np.float64(0.3)), (2445, np.float64(0.3)), (2446, np.float64(0.3)), (2447, np.float64(0.3))]
2026-03-06 12:36:22,184 - INFO - 
选择的种子集 (按alpha排序): [2438, 2439, 2440, 2441, 2442, 2443, 2444, 2445, 2446, 2447, 2448, 2449, 2450, 2451, 2452, 2453, 2454, 2455, 2456, 2457, 2458, 2459, 2460, 2461, 2462, 2463, 2464, 2465, 2466, 2467]

2026-03-06 12:36:22,184 - INFO - 当前用时 0.00 秒
2026-03-06 12:36:22,184 - INFO - 将种子集 写入位置: /home/wen/work/coup_spread/cora/2026-3-7/seeds-with-cora/random_alpha_sort_seedNum-30_SSRNum-50000.txt
2026-03-06 12:36:22,184 - INFO - 首次生成种子集 ris_optimized
2026-03-06 12:36:22,184 - INFO - 执行当前算法开始: ris_optimized
2026-03-06 12:36:22,266 - INFO - 图初始化完成，节点数: 2708，当前模式: 优化采样
2026-03-06 12:36:22,267 - INFO - 开始生成 50000 组多重RR-Set...
2026-03-06 12:36:25,715 - INFO - 生成完毕。耗时: 3.45 秒。
2026-03-06 12:36:25,723 - INFO - 开始基于多重RR集贪心选择最优种子...
2026-03-06 12:36:26,327 - INFO - 选种完毕。耗时: 0.60 秒。估算范围: 37.20
2026-03-06 12:36:26,469 - INFO - 当前用时 4.28 秒
2026-03-06 12:36:26,469 - INFO - 将种子集 写入位置: /home/wen/work/coup_spread/cora/2026-3-7/seeds-with-cora/random_ris_optimized_seedNum-30_SSRNum-50000.txt
2026-03-06 12:36:26,469 - INFO - 首次生成种子集 monterCarlo_CELF
2026-03-06 12:36:26,469 - INFO - 执行当前算法开始: monterCarlo_CELF
2026-03-06 12:36:26,469 - INFO - --- Running: CELF Greedy Monte Carlo (Sims=100) ---
2026-03-06 12:36:26,469 - INFO - Step 0: 初始化所有节点的边际增益...
2026-03-06 12:36:58,329 - INFO - Seed 1: 241, Spread: 1.00
2026-03-06 12:37:02,647 - INFO - Seed 2: 852, Gain: 0.97, Total: 1.97
2026-03-06 12:37:07,001 - INFO - Seed 3: 1324, Gain: 0.98, Total: 2.95
2026-03-06 12:37:09,710 - INFO - Seed 4: 2078, Gain: 0.99, Total: 3.94
2026-03-06 12:38:35,397 - INFO - Seed 5: 1475, Gain: 0.92, Total: 4.86
2026-03-06 12:38:36,813 - INFO - Seed 6: 195, Gain: 0.93, Total: 5.79
2026-03-06 12:38:38,871 - INFO - Seed 7: 186, Gain: 0.93, Total: 6.72
2026-03-06 12:38:39,463 - INFO - Seed 8: 246, Gain: 0.93, Total: 7.65
2026-03-06 12:38:40,454 - INFO - Seed 9: 360, Gain: 0.94, Total: 8.59
2026-03-06 12:38:41,559 - INFO - Seed 10: 447, Gain: 0.98, Total: 9.57
2026-03-06 12:38:42,213 - INFO - Seed 11: 477, Gain: 0.93, Total: 10.50
2026-03-06 12:38:42,360 - INFO - Seed 12: 490, Gain: 1.00, Total: 11.50
2026-03-06 12:38:51,188 - INFO - Seed 13: 1113, Gain: 0.94, Total: 12.44
2026-03-06 12:39:02,533 - INFO - Seed 14: 2080, Gain: 0.98, Total: 13.42
2026-03-06 12:39:20,858 - INFO - Seed 15: 635, Gain: 0.92, Total: 14.34
2026-03-06 12:39:22,041 - INFO - Seed 16: 873, Gain: 0.91, Total: 15.25
2026-03-06 12:39:31,662 - INFO - Seed 17: 2013, Gain: 0.93, Total: 16.18
2026-03-06 12:39:35,847 - INFO - Seed 18: 2244, Gain: 0.92, Total: 17.10
2026-03-06 12:39:38,414 - INFO - Seed 19: 777, Gain: 0.95, Total: 18.05
2026-03-06 12:39:38,670 - INFO - Seed 20: 541, Gain: 0.94, Total: 18.99
2026-03-06 12:39:42,376 - INFO - Seed 21: 1198, Gain: 0.95, Total: 19.94
2026-03-06 12:39:42,931 - INFO - Seed 22: 994, Gain: 1.07, Total: 21.01
2026-03-06 12:41:36,512 - INFO - Seed 23: 1269, Gain: 0.88, Total: 21.89
2026-03-06 12:42:00,694 - INFO - Seed 24: 1740, Gain: 0.95, Total: 22.84
2026-03-06 12:42:14,073 - INFO - Seed 25: 1396, Gain: 0.88, Total: 23.72
2026-03-06 12:42:14,403 - INFO - Seed 26: 1343, Gain: 0.88, Total: 24.60
2026-03-06 12:42:17,803 - INFO - Seed 27: 1225, Gain: 0.98, Total: 25.58
2026-03-06 12:42:18,845 - INFO - Seed 28: 977, Gain: 0.87, Total: 26.45
2026-03-06 12:42:19,920 - INFO - Seed 29: 221, Gain: 0.97, Total: 27.42
2026-03-06 12:42:24,040 - INFO - Seed 30: 17, Gain: 0.91, Total: 28.33
2026-03-06 12:42:24,041 - INFO - CELF 完成，总耗时: 357.57s
2026-03-06 12:42:24,041 - INFO - 当前用时 357.57 秒
2026-03-06 12:42:24,041 - INFO - 将种子集 写入位置: /home/wen/work/coup_spread/cora/2026-3-7/seeds-with-cora/random_monterCarlo_CELF_seedNum-30_SSRNum-50000.txt
2026-03-06 12:42:24,042 - INFO - 评估种子集: None
2026-03-06 12:42:24,042 - INFO - 多进程评估开始，共有 6 个方法待评估...
2026-03-06 12:42:24,042 - INFO - 启动进程池，Worker数量: 6
2026-03-06 12:42:24,334 - INFO - [Process 1007852] 开始评估方法: random, 种子数: 30
2026-03-06 12:42:24,553 - INFO - [Process 1007853] 开始评估方法: degreeTopM, 种子数: 30
2026-03-06 12:42:24,778 - INFO - [Process 1007854] 开始评估方法: pageRank, 种子数: 30
2026-03-06 12:42:24,998 - INFO - [Process 1007855] 开始评估方法: alpha_sort, 种子数: 30
2026-03-06 12:42:25,239 - INFO - [Process 1007856] 开始评估方法: ris_optimized, 种子数: 30
2026-03-06 12:42:25,316 - INFO - [alpha_sort - 种子:30] 拉新:12.4人 | 总销量:12.6单 | 品牌曝光:46.0次 | 🌟综合得分:17.1
2026-03-06 12:42:25,462 - INFO - [Process 1007857] 开始评估方法: monterCarlo_CELF, 种子数: 30
2026-03-06 12:42:26,158 - INFO - [random - 种子:30] 拉新:26.3人 | 总销量:26.5单 | 品牌曝光:131.3次 | 🌟综合得分:39.6
2026-03-06 12:42:26,686 - INFO - [degreeTopM - 种子:30] 拉新:27.4人 | 总销量:28.1单 | 品牌曝光:139.5次 | 🌟综合得分:41.7
2026-03-06 12:42:26,708 - INFO - [pageRank - 种子:30] 拉新:27.5人 | 总销量:28.0单 | 品牌曝光:139.4次 | 🌟综合得分:41.7
2026-03-06 12:42:27,126 - INFO - [ris_optimized - 种子:30] 拉新:27.6人 | 总销量:27.8单 | 品牌曝光:137.8次 | 🌟综合得分:41.5
2026-03-06 12:42:27,384 - INFO - [monterCarlo_CELF - 种子:30] 拉新:28.1人 | 总销量:28.4单 | 品牌曝光:141.5次 | 🌟综合得分:42.4
2026-03-06 12:42:27,407 - INFO - 所有进程执行完毕，开始写入数据...
2026-03-06 12:42:27,427 - INFO - 成功写入 6 条记录至 /home/wen/work/coup_spread/gzc-impl/results/cora/2026-3-7/random_SSRNum-50000-_seedNum-30_simuTimes-500.csv
2026-03-06 12:42:27,427 - INFO - 保存评估文件至: /home/wen/work/coup_spread/gzc-impl/results/cora/2026-3-7/random_SSRNum-50000-_seedNum-30_simuTimes-500.csv
2026-03-06 12:42:27,432 - INFO - 加载数据集: cora
2026-03-06 12:42:27,433 - INFO - --- 矩阵分析 ---
2026-03-06 12:42:27,433 - INFO - 节点数 (N): 2708
2026-03-06 12:42:27,433 - INFO - 边数 (E): 10556
2026-03-06 12:42:27,433 - INFO - 密度 (Density): 0.00143947 (越小越稀疏)
2026-03-06 12:42:27,433 - INFO - 稀疏度 (Sparsity): 0.99856053 (越接近1越稀疏)
2026-03-06 12:42:27,433 - INFO - 平均度数 (Avg Degree): 3.90
2026-03-06 12:42:27,433 - INFO - >>> 正在注入完美对抗属性（验证三条定理）...
2026-03-06 12:42:27,455 - INFO - 首次生成种子集 random
2026-03-06 12:42:27,455 - INFO - 执行当前算法开始: random
2026-03-06 12:42:27,455 - INFO - 数据集节点总数:  n = 2708, m = 50
2026-03-06 12:42:27,455 - INFO - 选择 50  [2320, 1769, 1330, 2133, 179, 2207, 400, 1388, 1785, 709, 1959, 2271, 2625, 2451, 516, 2519, 672, 2499, 1887, 656, 2232, 330, 2706, 1889, 2552, 2101, 1748, 2635, 1789, 2155, 1286, 1036, 2588, 1272, 2662, 1355, 2011, 1751, 2340, 2608, 2201, 2657, 198, 361, 614, 930, 1005, 2259, 2161, 674]

2026-03-06 12:42:27,455 - INFO - 当前用时 0.00 秒
2026-03-06 12:42:27,455 - INFO - 将种子集 写入位置: /home/wen/work/coup_spread/cora/2026-3-7/seeds-with-cora/random_random_seedNum-50_SSRNum-50000.txt
2026-03-06 12:42:27,455 - INFO - 首次生成种子集 degreeTopM
2026-03-06 12:42:27,456 - INFO - 执行当前算法开始: degreeTopM
2026-03-06 12:42:27,456 - INFO - 依据: 选择连接数（度数）最多的节点。
2026-03-06 12:42:27,456 - INFO - 选择的 Top M 节点及其度数:
2026-03-06 12:42:27,456 - INFO - 
2026-03-06 12:42:27,456 - INFO - 当前用时 0.00 秒
2026-03-06 12:42:27,456 - INFO - 将种子集 写入位置: /home/wen/work/coup_spread/cora/2026-3-7/seeds-with-cora/random_degreeTopM_seedNum-50_SSRNum-50000.txt
2026-03-06 12:42:27,456 - INFO - 首次生成种子集 pageRank
2026-03-06 12:42:27,456 - INFO - 执行当前算法开始: pageRank
2026-03-06 12:42:27,456 - INFO - --- Running: PageRank (on tranProMatrix) Top M ---
2026-03-06 12:42:27,557 - INFO - Selected PageRank seeds: [0, 377, 714, 261, 272, 818, 170, 760, 1493, 346, 528, 1240, 1599, 854, 223, 599, 164, 1120, 880, 2101, 1194, 1206, 1230, 872, 1130, 1302, 446, 551, 52, 1835, 690, 840, 60, 244, 1824, 619, 659, 1131, 745, 579, 1423, 161, 2393, 1430, 875, 213, 776, 71, 676, 2596]
2026-03-06 12:42:27,557 - INFO - 当前用时 0.10 秒
2026-03-06 12:42:27,558 - INFO - 将种子集 写入位置: /home/wen/work/coup_spread/cora/2026-3-7/seeds-with-cora/random_pageRank_seedNum-50_SSRNum-50000.txt
2026-03-06 12:42:27,558 - INFO - 首次生成种子集 alpha_sort
2026-03-06 12:42:27,558 - INFO - 执行当前算法开始: alpha_sort
2026-03-06 12:42:27,558 - INFO - 2708 个节点的alpha值降序排序 done
2026-03-06 12:42:27,558 - INFO - ==============>> [(2438, np.float64(0.3)), (2439, np.float64(0.3)), (2440, np.float64(0.3)), (2441, np.float64(0.3)), (2442, np.float64(0.3)), (2443, np.float64(0.3)), (2444, np.float64(0.3)), (2445, np.float64(0.3)), (2446, np.float64(0.3)), (2447, np.float64(0.3))]
2026-03-06 12:42:27,558 - INFO - 
选择的种子集 (按alpha排序): [2438, 2439, 2440, 2441, 2442, 2443, 2444, 2445, 2446, 2447, 2448, 2449, 2450, 2451, 2452, 2453, 2454, 2455, 2456, 2457, 2458, 2459, 2460, 2461, 2462, 2463, 2464, 2465, 2466, 2467, 2468, 2469, 2470, 2471, 2472, 2473, 2474, 2475, 2476, 2477, 2478, 2479, 2480, 2481, 2482, 2483, 2484, 2485, 2486, 2487]

2026-03-06 12:42:27,558 - INFO - 当前用时 0.00 秒
2026-03-06 12:42:27,559 - INFO - 将种子集 写入位置: /home/wen/work/coup_spread/cora/2026-3-7/seeds-with-cora/random_alpha_sort_seedNum-50_SSRNum-50000.txt
2026-03-06 12:42:27,559 - INFO - 首次生成种子集 ris_optimized
2026-03-06 12:42:27,559 - INFO - 执行当前算法开始: ris_optimized
2026-03-06 12:42:27,640 - INFO - 图初始化完成，节点数: 2708，当前模式: 优化采样
2026-03-06 12:42:27,640 - INFO - 开始生成 50000 组多重RR-Set...
2026-03-06 12:42:32,693 - INFO - 生成完毕。耗时: 5.05 秒。
2026-03-06 12:42:32,700 - INFO - 开始基于多重RR集贪心选择最优种子...
2026-03-06 12:42:33,804 - INFO - 选种完毕。耗时: 1.10 秒。估算范围: 63.78
2026-03-06 12:42:34,035 - INFO - 当前用时 6.48 秒
2026-03-06 12:42:34,035 - INFO - 将种子集 写入位置: /home/wen/work/coup_spread/cora/2026-3-7/seeds-with-cora/random_ris_optimized_seedNum-50_SSRNum-50000.txt
2026-03-06 12:42:34,035 - INFO - 首次生成种子集 monterCarlo_CELF
2026-03-06 12:42:34,035 - INFO - 执行当前算法开始: monterCarlo_CELF
2026-03-06 12:42:34,035 - INFO - --- Running: CELF Greedy Monte Carlo (Sims=100) ---
2026-03-06 12:42:34,035 - INFO - Step 0: 初始化所有节点的边际增益...
2026-03-06 12:43:07,385 - INFO - Seed 1: 637, Spread: 1.00
2026-03-06 12:43:08,548 - INFO - Seed 2: 858, Gain: 0.98, Total: 1.98
2026-03-06 12:43:21,636 - INFO - Seed 3: 2398, Gain: 0.96, Total: 2.94
2026-03-06 12:43:24,391 - INFO - Seed 4: 635, Gain: 0.96, Total: 3.90
2026-03-06 12:43:26,465 - INFO - Seed 5: 897, Gain: 0.98, Total: 4.88
2026-03-06 12:44:07,991 - INFO - Seed 6: 2052, Gain: 0.95, Total: 5.83
2026-03-06 12:44:31,724 - INFO - Seed 7: 1271, Gain: 0.96, Total: 6.79
2026-03-06 12:44:54,454 - INFO - Seed 8: 548, Gain: 0.95, Total: 7.74
2026-03-06 12:45:05,318 - INFO - Seed 9: 1458, Gain: 0.95, Total: 8.69
2026-03-06 12:45:39,866 - INFO - Seed 10: 2205, Gain: 0.93, Total: 9.62
2026-03-06 12:45:42,725 - INFO - Seed 11: 1738, Gain: 0.93, Total: 10.55
2026-03-06 12:45:43,924 - INFO - Seed 12: 952, Gain: 0.93, Total: 11.48
2026-03-06 12:45:45,721 - INFO - Seed 13: 1609, Gain: 0.92, Total: 12.40
2026-03-06 12:45:47,102 - INFO - Seed 14: 2271, Gain: 0.97, Total: 13.37
2026-03-06 12:45:50,428 - INFO - Seed 15: 78, Gain: 0.91, Total: 14.28
2026-03-06 12:45:51,020 - INFO - Seed 16: 93, Gain: 0.98, Total: 15.26
2026-03-06 12:45:59,502 - INFO - Seed 17: 663, Gain: 0.92, Total: 16.18
2026-03-06 12:46:00,398 - INFO - Seed 18: 731, Gain: 0.93, Total: 17.11
2026-03-06 12:46:02,025 - INFO - Seed 19: 819, Gain: 0.96, Total: 18.07
2026-03-06 12:46:02,283 - INFO - Seed 20: 820, Gain: 0.92, Total: 18.99
2026-03-06 12:46:14,047 - INFO - Seed 21: 1834, Gain: 0.91, Total: 19.90
2026-03-06 12:46:25,717 - INFO - Seed 22: 2414, Gain: 0.90, Total: 20.80
2026-03-06 12:46:29,928 - INFO - Seed 23: 20, Gain: 0.92, Total: 21.72
2026-03-06 12:46:37,573 - INFO - Seed 24: 405, Gain: 0.91, Total: 22.63
2026-03-06 12:46:43,357 - INFO - Seed 25: 703, Gain: 0.97, Total: 23.60
2026-03-06 12:46:49,159 - INFO - Seed 26: 1189, Gain: 1.00, Total: 24.60
2026-03-06 12:46:52,847 - INFO - Seed 27: 1471, Gain: 1.11, Total: 25.71
2026-03-06 12:53:31,303 - INFO - Seed 28: 2220, Gain: 0.81, Total: 26.52
2026-03-06 12:53:36,078 - INFO - Seed 29: 999, Gain: 0.84, Total: 27.36
2026-03-06 12:53:36,465 - INFO - Seed 30: 2164, Gain: 0.99, Total: 28.35
2026-03-06 12:53:43,149 - INFO - Seed 31: 1490, Gain: 0.94, Total: 29.29
2026-03-06 12:54:01,937 - INFO - Seed 32: 358, Gain: 0.83, Total: 30.12
2026-03-06 12:54:03,176 - INFO - Seed 33: 2102, Gain: 0.89, Total: 31.01
2026-03-06 12:54:03,607 - INFO - Seed 34: 2021, Gain: 0.82, Total: 31.83
2026-03-06 12:54:04,061 - INFO - Seed 35: 2002, Gain: 1.00, Total: 32.83
2026-03-06 12:54:07,647 - INFO - Seed 36: 842, Gain: 0.83, Total: 33.66
2026-03-06 12:54:08,105 - INFO - Seed 37: 770, Gain: 0.95, Total: 34.61
2026-03-06 12:54:09,077 - INFO - Seed 38: 695, Gain: 0.83, Total: 35.44
2026-03-06 12:54:10,529 - INFO - Seed 39: 368, Gain: 0.87, Total: 36.31
2026-03-06 12:54:11,024 - INFO - Seed 40: 330, Gain: 0.89, Total: 37.20
2026-03-06 12:54:12,024 - INFO - Seed 41: 180, Gain: 0.91, Total: 38.11
2026-03-06 12:54:13,068 - INFO - Seed 42: 883, Gain: 1.33, Total: 39.44
2026-03-06 12:54:15,230 - INFO - Seed 43: 1853, Gain: 0.94, Total: 40.38
2026-03-06 12:54:30,884 - INFO - Seed 44: 1197, Gain: 0.81, Total: 41.19
2026-03-06 12:54:41,387 - INFO - Seed 45: 1464, Gain: 0.90, Total: 42.09
2026-03-06 12:54:47,660 - INFO - Seed 46: 2328, Gain: 0.82, Total: 42.91
2026-03-06 12:54:51,788 - INFO - Seed 47: 1362, Gain: 1.21, Total: 44.12
2026-03-06 12:55:08,469 - INFO - Seed 48: 222, Gain: 0.82, Total: 44.94
2026-03-06 12:55:09,669 - INFO - Seed 49: 166, Gain: 0.83, Total: 45.77
2026-03-06 12:55:13,375 - INFO - Seed 50: 2121, Gain: 0.84, Total: 46.61
2026-03-06 12:55:13,375 - INFO - CELF 完成，总耗时: 759.34s
2026-03-06 12:55:13,376 - INFO - 当前用时 759.34 秒
2026-03-06 12:55:13,376 - INFO - 将种子集 写入位置: /home/wen/work/coup_spread/cora/2026-3-7/seeds-with-cora/random_monterCarlo_CELF_seedNum-50_SSRNum-50000.txt
2026-03-06 12:55:13,377 - INFO - 评估种子集: None
2026-03-06 12:55:13,377 - INFO - 多进程评估开始，共有 6 个方法待评估...
2026-03-06 12:55:13,377 - INFO - 启动进程池，Worker数量: 6
2026-03-06 12:55:13,676 - INFO - [Process 1019419] 开始评估方法: random, 种子数: 50
2026-03-06 12:55:13,894 - INFO - [Process 1019420] 开始评估方法: degreeTopM, 种子数: 50
2026-03-06 12:55:14,115 - INFO - [Process 1019421] 开始评估方法: pageRank, 种子数: 50
2026-03-06 12:55:14,339 - INFO - [Process 1019422] 开始评估方法: alpha_sort, 种子数: 50
2026-03-06 12:55:14,562 - INFO - [Process 1019423] 开始评估方法: ris_optimized, 种子数: 50
2026-03-06 12:55:14,784 - INFO - [Process 1019424] 开始评估方法: monterCarlo_CELF, 种子数: 50
2026-03-06 12:55:14,824 - INFO - [alpha_sort - 种子:50] 拉新:20.0人 | 总销量:20.5单 | 品牌曝光:74.7次 | 🌟综合得分:27.7
2026-03-06 12:55:16,295 - INFO - [random - 种子:50] 拉新:38.3人 | 总销量:38.6单 | 品牌曝光:194.1次 | 🌟综合得分:57.9
2026-03-06 12:55:17,029 - INFO - [degreeTopM - 种子:50] 拉新:44.5人 | 总销量:46.1单 | 品牌曝光:230.6次 | 🌟综合得分:68.4
2026-03-06 12:55:17,344 - INFO - [pageRank - 种子:50] 拉新:43.4人 | 总销量:44.9单 | 品牌曝光:225.6次 | 🌟综合得分:66.7
2026-03-06 12:55:17,821 - INFO - [ris_optimized - 种子:50] 拉新:46.0人 | 总销量:46.7单 | 品牌曝光:233.1次 | 🌟综合得分:69.7
2026-03-06 12:55:18,384 - INFO - [monterCarlo_CELF - 种子:50] 拉新:46.3人 | 总销量:47.0单 | 品牌曝光:235.1次 | 🌟综合得分:70.2
2026-03-06 12:55:18,405 - INFO - 所有进程执行完毕，开始写入数据...
2026-03-06 12:55:18,417 - INFO - 成功写入 6 条记录至 /home/wen/work/coup_spread/gzc-impl/results/cora/2026-3-7/random_SSRNum-50000-_seedNum-50_simuTimes-500.csv
2026-03-06 12:55:18,418 - INFO - 保存评估文件至: /home/wen/work/coup_spread/gzc-impl/results/cora/2026-3-7/random_SSRNum-50000-_seedNum-50_simuTimes-500.csv
2026-03-06 12:55:18,425 - INFO - 加载数据集: cora
2026-03-06 12:55:18,426 - INFO - --- 矩阵分析 ---
2026-03-06 12:55:18,426 - INFO - 节点数 (N): 2708
2026-03-06 12:55:18,426 - INFO - 边数 (E): 10556
2026-03-06 12:55:18,426 - INFO - 密度 (Density): 0.00143947 (越小越稀疏)
2026-03-06 12:55:18,426 - INFO - 稀疏度 (Sparsity): 0.99856053 (越接近1越稀疏)
2026-03-06 12:55:18,426 - INFO - 平均度数 (Avg Degree): 3.90
2026-03-06 12:55:18,426 - INFO - >>> 正在注入完美对抗属性（验证三条定理）...
2026-03-06 12:55:18,450 - INFO - 首次生成种子集 random
2026-03-06 12:55:18,450 - INFO - 执行当前算法开始: random
2026-03-06 12:55:18,450 - INFO - 数据集节点总数:  n = 2708, m = 70
2026-03-06 12:55:18,450 - INFO - 选择 70  [1649, 2254, 2358, 2194, 2592, 2596, 1676, 1257, 2471, 660, 717, 1612, 816, 896, 2187, 569, 2134, 856, 2353, 402, 743, 201, 1751, 2641, 1632, 910, 2686, 1472, 395, 324, 1927, 1186, 1448, 770, 2049, 2659, 2486, 1020, 2399, 526, 1303, 37, 1202, 2435, 954, 2333, 1926, 483, 1788, 1477, 365, 139, 2321, 2069, 416, 394, 596, 429, 561, 617, 926, 79, 419, 899, 2128, 2557, 520, 1255, 1135, 1784]

2026-03-06 12:55:18,450 - INFO - 当前用时 0.00 秒
2026-03-06 12:55:18,450 - INFO - 将种子集 写入位置: /home/wen/work/coup_spread/cora/2026-3-7/seeds-with-cora/random_random_seedNum-70_SSRNum-50000.txt
2026-03-06 12:55:18,450 - INFO - 首次生成种子集 degreeTopM
2026-03-06 12:55:18,451 - INFO - 执行当前算法开始: degreeTopM
2026-03-06 12:55:18,451 - INFO - 依据: 选择连接数（度数）最多的节点。
2026-03-06 12:55:18,451 - INFO - 选择的 Top M 节点及其度数:
2026-03-06 12:55:18,451 - INFO - 
2026-03-06 12:55:18,451 - INFO - 当前用时 0.00 秒
2026-03-06 12:55:18,451 - INFO - 将种子集 写入位置: /home/wen/work/coup_spread/cora/2026-3-7/seeds-with-cora/random_degreeTopM_seedNum-70_SSRNum-50000.txt
2026-03-06 12:55:18,451 - INFO - 首次生成种子集 pageRank
2026-03-06 12:55:18,451 - INFO - 执行当前算法开始: pageRank
2026-03-06 12:55:18,451 - INFO - --- Running: PageRank (on tranProMatrix) Top M ---
2026-03-06 12:55:18,554 - INFO - Selected PageRank seeds: [0, 377, 714, 261, 272, 818, 170, 760, 1493, 346, 528, 1240, 1599, 854, 223, 599, 164, 1120, 880, 2101, 1194, 1206, 1230, 872, 1130, 1302, 446, 551, 52, 1835, 690, 840, 60, 244, 1824, 619, 659, 1131, 745, 579, 1423, 161, 2393, 1430, 875, 213, 776, 71, 676, 2596, 1071, 110, 1756, 626, 2365, 111, 474, 568, 1389, 95, 1467, 1819, 1202, 658, 96, 1719, 1062, 66, 797, 903]
2026-03-06 12:55:18,554 - INFO - 当前用时 0.10 秒
2026-03-06 12:55:18,554 - INFO - 将种子集 写入位置: /home/wen/work/coup_spread/cora/2026-3-7/seeds-with-cora/random_pageRank_seedNum-70_SSRNum-50000.txt
2026-03-06 12:55:18,554 - INFO - 首次生成种子集 alpha_sort
2026-03-06 12:55:18,554 - INFO - 执行当前算法开始: alpha_sort
2026-03-06 12:55:18,555 - INFO - 2708 个节点的alpha值降序排序 done
2026-03-06 12:55:18,555 - INFO - ==============>> [(2438, np.float64(0.3)), (2439, np.float64(0.3)), (2440, np.float64(0.3)), (2441, np.float64(0.3)), (2442, np.float64(0.3)), (2443, np.float64(0.3)), (2444, np.float64(0.3)), (2445, np.float64(0.3)), (2446, np.float64(0.3)), (2447, np.float64(0.3))]
2026-03-06 12:55:18,555 - INFO - 
选择的种子集 (按alpha排序): [2438, 2439, 2440, 2441, 2442, 2443, 2444, 2445, 2446, 2447, 2448, 2449, 2450, 2451, 2452, 2453, 2454, 2455, 2456, 2457, 2458, 2459, 2460, 2461, 2462, 2463, 2464, 2465, 2466, 2467, 2468, 2469, 2470, 2471, 2472, 2473, 2474, 2475, 2476, 2477, 2478, 2479, 2480, 2481, 2482, 2483, 2484, 2485, 2486, 2487, 2488, 2489, 2490, 2491, 2492, 2493, 2494, 2495, 2496, 2497, 2498, 2499, 2500, 2501, 2502, 2503, 2504, 2505, 2506, 2507]

2026-03-06 12:55:18,555 - INFO - 当前用时 0.00 秒
2026-03-06 12:55:18,555 - INFO - 将种子集 写入位置: /home/wen/work/coup_spread/cora/2026-3-7/seeds-with-cora/random_alpha_sort_seedNum-70_SSRNum-50000.txt
2026-03-06 12:55:18,555 - INFO - 首次生成种子集 ris_optimized
2026-03-06 12:55:18,555 - INFO - 执行当前算法开始: ris_optimized
2026-03-06 12:55:18,633 - INFO - 图初始化完成，节点数: 2708，当前模式: 优化采样
2026-03-06 12:55:18,633 - INFO - 开始生成 50000 组多重RR-Set...
2026-03-06 12:55:25,645 - INFO - 生成完毕。耗时: 7.01 秒。
2026-03-06 12:55:25,649 - INFO - 开始基于多重RR集贪心选择最优种子...
2026-03-06 12:55:27,369 - INFO - 选种完毕。耗时: 1.72 秒。估算范围: 87.74
2026-03-06 12:55:27,681 - INFO - 当前用时 9.13 秒
2026-03-06 12:55:27,681 - INFO - 将种子集 写入位置: /home/wen/work/coup_spread/cora/2026-3-7/seeds-with-cora/random_ris_optimized_seedNum-70_SSRNum-50000.txt
2026-03-06 12:55:27,682 - INFO - 首次生成种子集 monterCarlo_CELF
2026-03-06 12:55:27,682 - INFO - 执行当前算法开始: monterCarlo_CELF
2026-03-06 12:55:27,682 - INFO - --- Running: CELF Greedy Monte Carlo (Sims=100) ---
2026-03-06 12:55:27,682 - INFO - Step 0: 初始化所有节点的边际增益...
2026-03-06 12:55:59,200 - INFO - Seed 1: 429, Spread: 1.00
2026-03-06 12:56:07,348 - INFO - Seed 2: 1580, Gain: 0.97, Total: 1.97
2026-03-06 12:56:21,979 - INFO - Seed 3: 2429, Gain: 0.95, Total: 2.92
2026-03-06 12:56:30,503 - INFO - Seed 4: 1089, Gain: 0.95, Total: 3.87
2026-03-06 12:56:34,127 - INFO - Seed 5: 1476, Gain: 0.96, Total: 4.83
2026-03-06 12:56:36,073 - INFO - Seed 6: 1689, Gain: 0.97, Total: 5.80
2026-03-06 12:56:37,173 - INFO - Seed 7: 1760, Gain: 0.95, Total: 6.75
2026-03-06 12:56:46,305 - INFO - Seed 8: 2381, Gain: 0.96, Total: 7.71
2026-03-06 12:56:58,359 - INFO - Seed 9: 500, Gain: 0.98, Total: 8.69
2026-03-06 12:57:59,585 - INFO - Seed 10: 1685, Gain: 0.98, Total: 9.67
2026-03-06 12:58:31,743 - INFO - Seed 11: 2091, Gain: 0.92, Total: 10.59
2026-03-06 12:58:50,064 - INFO - Seed 12: 1160, Gain: 0.97, Total: 11.56
2026-03-06 12:59:04,727 - INFO - Seed 13: 1572, Gain: 0.91, Total: 12.47
2026-03-06 12:59:08,201 - INFO - Seed 14: 938, Gain: 0.94, Total: 13.41
2026-03-06 12:59:17,398 - INFO - Seed 15: 951, Gain: 0.90, Total: 14.31
2026-03-06 12:59:17,788 - INFO - Seed 16: 253, Gain: 0.91, Total: 15.22
2026-03-06 12:59:18,411 - INFO - Seed 17: 1854, Gain: 0.93, Total: 16.15
2026-03-06 12:59:18,641 - INFO - Seed 18: 1715, Gain: 0.90, Total: 17.05
2026-03-06 12:59:19,865 - INFO - Seed 19: 73, Gain: 0.92, Total: 17.97
2026-03-06 12:59:20,120 - INFO - Seed 20: 101, Gain: 0.94, Total: 18.91
2026-03-06 12:59:20,890 - INFO - Seed 21: 148, Gain: 0.93, Total: 19.84
2026-03-06 12:59:21,435 - INFO - Seed 22: 192, Gain: 0.91, Total: 20.75
2026-03-06 12:59:23,116 - INFO - Seed 23: 336, Gain: 0.96, Total: 21.71
2026-03-06 12:59:25,501 - INFO - Seed 24: 474, Gain: 0.92, Total: 22.63
2026-03-06 12:59:30,455 - INFO - Seed 25: 798, Gain: 0.90, Total: 23.53
2026-03-06 12:59:30,777 - INFO - Seed 26: 811, Gain: 0.95, Total: 24.48
2026-03-06 12:59:34,114 - INFO - Seed 27: 1018, Gain: 1.09, Total: 25.57
2026-03-06 12:59:44,511 - INFO - Seed 28: 1948, Gain: 0.91, Total: 26.48
2026-03-06 12:59:52,147 - INFO - Seed 29: 1306, Gain: 0.93, Total: 27.41
2026-03-06 13:01:00,991 - INFO - Seed 30: 2209, Gain: 0.95, Total: 28.36
2026-03-06 13:01:41,736 - INFO - Seed 31: 993, Gain: 0.98, Total: 29.34
2026-03-06 13:01:51,224 - INFO - Seed 32: 870, Gain: 0.97, Total: 30.31
2026-03-06 13:03:50,856 - INFO - Seed 33: 2356, Gain: 0.85, Total: 31.16
2026-03-06 13:04:35,271 - INFO - Seed 34: 482, Gain: 0.86, Total: 32.02
2026-03-06 13:04:35,707 - INFO - Seed 35: 453, Gain: 0.88, Total: 32.90
2026-03-06 13:04:38,802 - INFO - Seed 36: 2309, Gain: 0.87, Total: 33.77
2026-03-06 13:04:40,163 - INFO - Seed 37: 2131, Gain: 0.94, Total: 34.71
2026-03-06 13:04:41,106 - INFO - Seed 38: 2024, Gain: 0.86, Total: 35.57
2026-03-06 13:04:42,085 - INFO - Seed 39: 1678, Gain: 0.87, Total: 36.44
2026-03-06 13:04:42,568 - INFO - Seed 40: 1565, Gain: 0.95, Total: 37.39
2026-03-06 13:04:43,566 - INFO - Seed 41: 1342, Gain: 1.14, Total: 38.53
2026-03-06 13:04:45,111 - INFO - Seed 42: 1182, Gain: 0.85, Total: 39.38
2026-03-06 13:04:46,173 - INFO - Seed 43: 920, Gain: 0.94, Total: 40.32
2026-03-06 13:04:48,845 - INFO - Seed 44: 2247, Gain: 0.88, Total: 41.20
2026-03-06 13:04:49,406 - INFO - Seed 45: 2100, Gain: 1.05, Total: 42.25
2026-03-06 13:04:52,875 - INFO - Seed 46: 1285, Gain: 0.86, Total: 43.11
2026-03-06 13:04:59,353 - INFO - Seed 47: 1229, Gain: 0.87, Total: 43.98
2026-03-06 13:05:01,769 - INFO - Seed 48: 1134, Gain: 0.90, Total: 44.88
2026-03-06 13:05:05,982 - INFO - Seed 49: 903, Gain: 0.94, Total: 45.82
2026-03-06 13:05:06,603 - INFO - Seed 50: 1043, Gain: 0.86, Total: 46.68
2026-03-06 13:05:08,470 - INFO - Seed 51: 1428, Gain: 0.84, Total: 47.52
2026-03-06 13:05:11,676 - INFO - Seed 52: 1860, Gain: 1.11, Total: 48.63
2026-03-06 13:05:24,478 - INFO - Seed 53: 1600, Gain: 0.85, Total: 49.48
2026-03-06 13:05:37,565 - INFO - Seed 54: 775, Gain: 0.85, Total: 50.33
2026-03-06 13:05:40,221 - INFO - Seed 55: 551, Gain: 0.90, Total: 51.23
2026-03-06 13:05:41,596 - INFO - Seed 56: 392, Gain: 0.96, Total: 52.19
2026-03-06 13:05:42,995 - INFO - Seed 57: 151, Gain: 0.92, Total: 53.11
2026-03-06 13:05:48,637 - INFO - Seed 58: 1644, Gain: 1.06, Total: 54.17
2026-03-06 13:06:25,411 - INFO - Seed 59: 343, Gain: 0.89, Total: 55.06
2026-03-06 13:07:27,490 - INFO - Seed 60: 742, Gain: 0.90, Total: 55.96
2026-03-06 13:07:37,925 - INFO - Seed 61: 529, Gain: 0.82, Total: 56.78
2026-03-06 13:07:48,484 - INFO - Seed 62: 1195, Gain: 0.97, Total: 57.75
2026-03-06 13:07:58,465 - INFO - Seed 63: 204, Gain: 0.96, Total: 58.71
2026-03-06 13:09:02,228 - INFO - Seed 64: 2015, Gain: 0.92, Total: 59.63
2026-03-06 13:10:17,762 - INFO - Seed 65: 305, Gain: 0.92, Total: 60.55
2026-03-06 13:10:45,831 - INFO - Seed 66: 1984, Gain: 0.83, Total: 61.38
2026-03-06 13:10:51,514 - INFO - Seed 67: 1090, Gain: 0.81, Total: 62.19
2026-03-06 13:10:55,615 - INFO - Seed 68: 1788, Gain: 0.85, Total: 63.04
2026-03-06 13:10:56,459 - INFO - Seed 69: 1535, Gain: 1.03, Total: 64.07
2026-03-06 13:11:48,678 - INFO - Seed 70: 1369, Gain: 0.96, Total: 65.03
2026-03-06 13:11:48,678 - INFO - CELF 完成，总耗时: 981.00s
2026-03-06 13:11:48,679 - INFO - 当前用时 981.00 秒
2026-03-06 13:11:48,679 - INFO - 将种子集 写入位置: /home/wen/work/coup_spread/cora/2026-3-7/seeds-with-cora/random_monterCarlo_CELF_seedNum-70_SSRNum-50000.txt
2026-03-06 13:11:48,680 - INFO - 评估种子集: None
2026-03-06 13:11:48,680 - INFO - 多进程评估开始，共有 6 个方法待评估...
2026-03-06 13:11:48,680 - INFO - 启动进程池，Worker数量: 6
2026-03-06 13:11:48,986 - INFO - [Process 1033557] 开始评估方法: random, 种子数: 70
2026-03-06 13:11:49,210 - INFO - [Process 1033558] 开始评估方法: degreeTopM, 种子数: 70
2026-03-06 13:11:49,432 - INFO - [Process 1033559] 开始评估方法: pageRank, 种子数: 70
2026-03-06 13:11:49,656 - INFO - [Process 1033560] 开始评估方法: alpha_sort, 种子数: 70
2026-03-06 13:11:49,888 - INFO - [Process 1033561] 开始评估方法: ris_optimized, 种子数: 70
2026-03-06 13:11:50,112 - INFO - [Process 1033562] 开始评估方法: monterCarlo_CELF, 种子数: 70
2026-03-06 13:11:50,413 - INFO - [alpha_sort - 种子:70] 拉新:28.9人 | 总销量:29.5单 | 品牌曝光:106.8次 | 🌟综合得分:39.9
2026-03-06 13:11:52,827 - INFO - [random - 种子:70] 拉新:57.6人 | 总销量:58.6单 | 品牌曝光:291.7次 | 🌟综合得分:87.3
2026-03-06 13:11:53,677 - INFO - [degreeTopM - 种子:70] 拉新:61.0人 | 总销量:63.5单 | 品牌曝光:315.7次 | 🌟综合得分:93.8
2026-03-06 13:11:53,810 - INFO - [pageRank - 种子:70] 拉新:60.9人 | 总销量:63.2单 | 品牌曝光:313.9次 | 🌟综合得分:93.4
2026-03-06 13:11:54,479 - INFO - [ris_optimized - 种子:70] 拉新:63.4人 | 总销量:65.3单 | 品牌曝光:323.2次 | 🌟综合得分:96.7
2026-03-06 13:11:54,548 - INFO - [monterCarlo_CELF - 种子:70] 拉新:64.4人 | 总销量:65.6单 | 品牌曝光:324.8次 | 🌟综合得分:97.5
2026-03-06 13:11:54,574 - INFO - 所有进程执行完毕，开始写入数据...
2026-03-06 13:11:54,587 - INFO - 成功写入 6 条记录至 /home/wen/work/coup_spread/gzc-impl/results/cora/2026-3-7/random_SSRNum-50000-_seedNum-70_simuTimes-500.csv
2026-03-06 13:11:54,588 - INFO - 保存评估文件至: /home/wen/work/coup_spread/gzc-impl/results/cora/2026-3-7/random_SSRNum-50000-_seedNum-70_simuTimes-500.csv
2026-03-06 13:11:54,597 - INFO - 加载数据集: cora
2026-03-06 13:11:54,598 - INFO - --- 矩阵分析 ---
2026-03-06 13:11:54,598 - INFO - 节点数 (N): 2708
2026-03-06 13:11:54,598 - INFO - 边数 (E): 10556
2026-03-06 13:11:54,598 - INFO - 密度 (Density): 0.00143947 (越小越稀疏)
2026-03-06 13:11:54,599 - INFO - 稀疏度 (Sparsity): 0.99856053 (越接近1越稀疏)
2026-03-06 13:11:54,599 - INFO - 平均度数 (Avg Degree): 3.90
2026-03-06 13:11:54,599 - INFO - >>> 正在注入完美对抗属性（验证三条定理）...
2026-03-06 13:11:54,620 - INFO - 首次生成种子集 random
2026-03-06 13:11:54,620 - INFO - 执行当前算法开始: random
2026-03-06 13:11:54,621 - INFO - 数据集节点总数:  n = 2708, m = 90
2026-03-06 13:11:54,621 - INFO - 选择 90  [2148, 476, 134, 1166, 1941, 1541, 1681, 298, 2107, 217, 1567, 1399, 786, 751, 2686, 1273, 1360, 2644, 204, 1000, 169, 1073, 2501, 1680, 2254, 2367, 1801, 297, 118, 2576, 2376, 1301, 1300, 2448, 2294, 1371, 2458, 256, 1315, 235, 2389, 2556, 1678, 2153, 1441, 702, 734, 2046, 927, 2141, 1857, 2042, 1849, 1642, 1234, 857, 1586, 713, 1405, 481, 892, 1633, 1353, 2645, 2223, 2405, 2302, 1412, 136, 2609, 1386, 1276, 1429, 1440, 843, 175, 2076, 1062, 2696, 346, 871, 1806, 335, 1723, 691, 386, 1145, 1451, 1798, 728]

2026-03-06 13:11:54,621 - INFO - 当前用时 0.00 秒
2026-03-06 13:11:54,621 - INFO - 将种子集 写入位置: /home/wen/work/coup_spread/cora/2026-3-7/seeds-with-cora/random_random_seedNum-90_SSRNum-50000.txt
2026-03-06 13:11:54,621 - INFO - 首次生成种子集 degreeTopM
2026-03-06 13:11:54,621 - INFO - 执行当前算法开始: degreeTopM
2026-03-06 13:11:54,621 - INFO - 依据: 选择连接数（度数）最多的节点。
2026-03-06 13:11:54,621 - INFO - 选择的 Top M 节点及其度数:
2026-03-06 13:11:54,622 - INFO - 
2026-03-06 13:11:54,622 - INFO - 当前用时 0.00 秒
2026-03-06 13:11:54,622 - INFO - 将种子集 写入位置: /home/wen/work/coup_spread/cora/2026-3-7/seeds-with-cora/random_degreeTopM_seedNum-90_SSRNum-50000.txt
2026-03-06 13:11:54,622 - INFO - 首次生成种子集 pageRank
2026-03-06 13:11:54,622 - INFO - 执行当前算法开始: pageRank
2026-03-06 13:11:54,622 - INFO - --- Running: PageRank (on tranProMatrix) Top M ---
2026-03-06 13:11:54,784 - INFO - Selected PageRank seeds: [0, 377, 714, 261, 272, 818, 170, 760, 1493, 346, 528, 1240, 1599, 854, 223, 599, 164, 1120, 880, 2101, 1194, 1206, 1230, 872, 1130, 1302, 446, 551, 52, 1835, 690, 840, 60, 244, 1824, 619, 659, 1131, 745, 579, 1423, 161, 2393, 1430, 875, 213, 776, 71, 676, 2596, 1071, 110, 1756, 626, 2365, 111, 474, 568, 1389, 95, 1467, 1819, 1202, 658, 96, 1719, 1062, 66, 797, 903, 1211, 2009, 193, 216, 1547, 2620, 1891, 512, 1237, 1563, 1608, 86, 99, 1736, 1663, 160, 1732, 630, 1963, 1143]
2026-03-06 13:11:54,784 - INFO - 当前用时 0.16 秒
2026-03-06 13:11:54,785 - INFO - 将种子集 写入位置: /home/wen/work/coup_spread/cora/2026-3-7/seeds-with-cora/random_pageRank_seedNum-90_SSRNum-50000.txt
2026-03-06 13:11:54,785 - INFO - 首次生成种子集 alpha_sort
2026-03-06 13:11:54,785 - INFO - 执行当前算法开始: alpha_sort
2026-03-06 13:11:54,785 - INFO - 2708 个节点的alpha值降序排序 done
2026-03-06 13:11:54,785 - INFO - ==============>> [(2438, np.float64(0.3)), (2439, np.float64(0.3)), (2440, np.float64(0.3)), (2441, np.float64(0.3)), (2442, np.float64(0.3)), (2443, np.float64(0.3)), (2444, np.float64(0.3)), (2445, np.float64(0.3)), (2446, np.float64(0.3)), (2447, np.float64(0.3))]
2026-03-06 13:11:54,785 - INFO - 
选择的种子集 (按alpha排序): [2438, 2439, 2440, 2441, 2442, 2443, 2444, 2445, 2446, 2447, 2448, 2449, 2450, 2451, 2452, 2453, 2454, 2455, 2456, 2457, 2458, 2459, 2460, 2461, 2462, 2463, 2464, 2465, 2466, 2467, 2468, 2469, 2470, 2471, 2472, 2473, 2474, 2475, 2476, 2477, 2478, 2479, 2480, 2481, 2482, 2483, 2484, 2485, 2486, 2487, 2488, 2489, 2490, 2491, 2492, 2493, 2494, 2495, 2496, 2497, 2498, 2499, 2500, 2501, 2502, 2503, 2504, 2505, 2506, 2507, 2508, 2509, 2510, 2511, 2512, 2513, 2514, 2515, 2516, 2517, 2518, 2519, 2520, 2521, 2522, 2523, 2524, 2525, 2526, 2527]

2026-03-06 13:11:54,786 - INFO - 当前用时 0.00 秒
2026-03-06 13:11:54,786 - INFO - 将种子集 写入位置: /home/wen/work/coup_spread/cora/2026-3-7/seeds-with-cora/random_alpha_sort_seedNum-90_SSRNum-50000.txt
2026-03-06 13:11:54,786 - INFO - 首次生成种子集 ris_optimized
2026-03-06 13:11:54,786 - INFO - 执行当前算法开始: ris_optimized
2026-03-06 13:11:54,864 - INFO - 图初始化完成，节点数: 2708，当前模式: 优化采样
2026-03-06 13:11:54,865 - INFO - 开始生成 50000 组多重RR-Set...
2026-03-06 13:12:04,381 - INFO - 生成完毕。耗时: 9.52 秒。
2026-03-06 13:12:04,389 - INFO - 开始基于多重RR集贪心选择最优种子...
2026-03-06 13:12:06,631 - INFO - 选种完毕。耗时: 2.24 秒。估算范围: 112.38
2026-03-06 13:12:07,026 - INFO - 当前用时 12.24 秒
2026-03-06 13:12:07,026 - INFO - 将种子集 写入位置: /home/wen/work/coup_spread/cora/2026-3-7/seeds-with-cora/random_ris_optimized_seedNum-90_SSRNum-50000.txt
2026-03-06 13:12:07,026 - INFO - 首次生成种子集 monterCarlo_CELF
2026-03-06 13:12:07,027 - INFO - 执行当前算法开始: monterCarlo_CELF
2026-03-06 13:12:07,027 - INFO - --- Running: CELF Greedy Monte Carlo (Sims=100) ---
2026-03-06 13:12:07,027 - INFO - Step 0: 初始化所有节点的边际增益...
2026-03-06 13:12:38,873 - INFO - Seed 1: 152, Spread: 1.00
2026-03-06 13:12:49,511 - INFO - Seed 2: 183, Gain: 0.96, Total: 1.96
2026-03-06 13:12:50,565 - INFO - Seed 3: 276, Gain: 0.98, Total: 2.94
2026-03-06 13:13:14,126 - INFO - Seed 4: 1452, Gain: 0.96, Total: 3.90
2026-03-06 13:13:22,498 - INFO - Seed 5: 2313, Gain: 0.94, Total: 4.84
2026-03-06 13:13:37,587 - INFO - Seed 6: 1243, Gain: 0.94, Total: 5.78
2026-03-06 13:13:49,802 - INFO - Seed 7: 2203, Gain: 0.95, Total: 6.73
2026-03-06 13:13:59,921 - INFO - Seed 8: 560, Gain: 0.94, Total: 7.67
2026-03-06 13:14:03,632 - INFO - Seed 9: 877, Gain: 0.94, Total: 8.61
2026-03-06 13:14:04,722 - INFO - Seed 10: 934, Gain: 0.96, Total: 9.57
2026-03-06 13:14:07,350 - INFO - Seed 11: 1080, Gain: 0.98, Total: 10.55
2026-03-06 13:14:09,961 - INFO - Seed 12: 1300, Gain: 0.98, Total: 11.53
2026-03-06 13:15:03,472 - INFO - Seed 13: 2231, Gain: 0.93, Total: 12.46
2026-03-06 13:15:29,645 - INFO - Seed 14: 1206, Gain: 0.92, Total: 13.38
2026-03-06 13:15:38,179 - INFO - Seed 15: 1883, Gain: 1.02, Total: 14.40
2026-03-06 13:17:38,976 - INFO - Seed 16: 351, Gain: 0.87, Total: 15.27
2026-03-06 13:17:39,397 - INFO - Seed 17: 731, Gain: 0.92, Total: 16.19
2026-03-06 13:17:44,806 - INFO - Seed 18: 1753, Gain: 0.95, Total: 17.14
2026-03-06 13:17:50,708 - INFO - Seed 19: 216, Gain: 0.88, Total: 18.02
2026-03-06 13:17:57,124 - INFO - Seed 20: 1196, Gain: 0.89, Total: 18.91
2026-03-06 13:17:57,648 - INFO - Seed 21: 1069, Gain: 0.88, Total: 19.79
2026-03-06 13:17:57,909 - INFO - Seed 22: 960, Gain: 0.97, Total: 20.76
2026-03-06 13:18:00,214 - INFO - Seed 23: 11, Gain: 1.03, Total: 21.79
2026-03-06 13:18:08,894 - INFO - Seed 24: 1257, Gain: 0.86, Total: 22.65
2026-03-06 13:18:10,478 - INFO - Seed 25: 769, Gain: 0.87, Total: 23.52
2026-03-06 13:18:11,176 - INFO - Seed 26: 599, Gain: 0.86, Total: 24.38
2026-03-06 13:18:14,640 - INFO - Seed 27: 957, Gain: 0.85, Total: 25.23
2026-03-06 13:18:15,338 - INFO - Seed 28: 667, Gain: 1.05, Total: 26.28
2026-03-06 13:18:18,583 - INFO - Seed 29: 1916, Gain: 0.87, Total: 27.15
2026-03-06 13:18:20,428 - INFO - Seed 30: 1316, Gain: 0.89, Total: 28.04
2026-03-06 13:18:20,801 - INFO - Seed 31: 1086, Gain: 0.86, Total: 28.90
2026-03-06 13:18:21,198 - INFO - Seed 32: 772, Gain: 1.01, Total: 29.91
2026-03-06 13:18:22,014 - INFO - Seed 33: 310, Gain: 0.98, Total: 30.89
2026-03-06 13:18:24,116 - INFO - Seed 34: 1172, Gain: 0.98, Total: 31.87
2026-03-06 13:18:26,683 - INFO - Seed 35: 294, Gain: 0.91, Total: 32.78
2026-03-06 13:18:33,652 - INFO - Seed 36: 658, Gain: 0.93, Total: 33.71
2026-03-06 13:18:44,893 - INFO - Seed 37: 347, Gain: 0.90, Total: 34.61
2026-03-06 13:18:46,289 - INFO - Seed 38: 2392, Gain: 0.95, Total: 35.56
2026-03-06 13:18:46,758 - INFO - Seed 39: 2074, Gain: 1.05, Total: 36.61
2026-03-06 13:19:09,244 - INFO - Seed 40: 1146, Gain: 0.86, Total: 37.47
2026-03-06 13:19:10,729 - INFO - Seed 41: 1482, Gain: 0.88, Total: 38.35
2026-03-06 13:19:20,424 - INFO - Seed 42: 744, Gain: 0.87, Total: 39.22
2026-03-06 13:19:22,033 - INFO - Seed 43: 459, Gain: 0.85, Total: 40.07
2026-03-06 13:19:22,562 - INFO - Seed 44: 455, Gain: 0.95, Total: 41.02
2026-03-06 13:19:23,654 - INFO - Seed 45: 225, Gain: 0.98, Total: 42.00
2026-03-06 13:19:26,486 - INFO - Seed 46: 1347, Gain: 0.85, Total: 42.85
2026-03-06 13:19:29,337 - INFO - Seed 47: 985, Gain: 0.98, Total: 43.83
2026-03-06 13:19:30,531 - INFO - Seed 48: 683, Gain: 0.88, Total: 44.71
2026-03-06 13:19:36,492 - INFO - Seed 49: 2, Gain: 1.20, Total: 45.91
2026-03-06 13:21:04,673 - INFO - Seed 50: 259, Gain: 0.85, Total: 46.76
2026-03-06 13:21:11,491 - INFO - Seed 51: 2289, Gain: 0.82, Total: 47.58
2026-03-06 13:21:18,531 - INFO - Seed 52: 1844, Gain: 0.87, Total: 48.45
2026-03-06 13:21:21,810 - INFO - Seed 53: 804, Gain: 0.91, Total: 49.36
2026-03-06 13:21:48,209 - INFO - Seed 54: 2193, Gain: 0.88, Total: 50.24
2026-03-06 13:21:52,245 - INFO - Seed 55: 1078, Gain: 0.84, Total: 51.08
2026-03-06 13:21:52,944 - INFO - Seed 56: 1063, Gain: 1.04, Total: 52.12
2026-03-06 13:21:55,050 - INFO - Seed 57: 803, Gain: 0.83, Total: 52.95
2026-03-06 13:21:57,211 - INFO - Seed 58: 603, Gain: 1.10, Total: 54.05
2026-03-06 13:22:04,523 - INFO - Seed 59: 1204, Gain: 0.96, Total: 55.01
2026-03-06 13:23:18,202 - INFO - Seed 60: 636, Gain: 0.81, Total: 55.82
2026-03-06 13:23:18,963 - INFO - Seed 61: 595, Gain: 0.99, Total: 56.81
2026-03-06 13:23:27,392 - INFO - Seed 62: 1207, Gain: 0.84, Total: 57.65
2026-03-06 13:23:58,217 - INFO - Seed 63: 380, Gain: 0.92, Total: 58.57
2026-03-06 13:24:03,620 - INFO - Seed 64: 618, Gain: 0.81, Total: 59.38
2026-03-06 13:24:27,419 - INFO - Seed 65: 1642, Gain: 0.93, Total: 60.31
2026-03-06 13:24:32,196 - INFO - Seed 66: 1183, Gain: 0.83, Total: 61.14
2026-03-06 13:24:33,012 - INFO - Seed 67: 1102, Gain: 0.84, Total: 61.98
2026-03-06 13:24:36,302 - INFO - Seed 68: 879, Gain: 1.14, Total: 63.12
2026-03-06 13:24:45,527 - INFO - Seed 69: 747, Gain: 0.94, Total: 64.06
2026-03-06 13:25:51,726 - INFO - Seed 70: 354, Gain: 0.88, Total: 64.94
2026-03-06 13:30:47,251 - INFO - Seed 71: 1387, Gain: 0.79, Total: 65.73
2026-03-06 13:31:06,520 - INFO - Seed 72: 830, Gain: 0.75, Total: 66.48
2026-03-06 13:31:17,981 - INFO - Seed 73: 1913, Gain: 0.99, Total: 67.47
2026-03-06 13:31:19,813 - INFO - Seed 74: 1417, Gain: 0.85, Total: 68.32
2026-03-06 13:31:27,053 - INFO - Seed 75: 1715, Gain: 1.07, Total: 69.39
2026-03-06 13:31:35,438 - INFO - Seed 76: 1851, Gain: 0.84, Total: 70.23
2026-03-06 13:31:58,025 - INFO - Seed 77: 1647, Gain: 0.89, Total: 71.12
2026-03-06 13:32:25,804 - INFO - Seed 78: 607, Gain: 0.79, Total: 71.91
2026-03-06 13:32:31,624 - INFO - Seed 79: 1849, Gain: 0.81, Total: 72.72
2026-03-06 13:32:39,496 - INFO - Seed 80: 2367, Gain: 0.75, Total: 73.47
2026-03-06 13:32:40,482 - INFO - Seed 81: 1239, Gain: 0.88, Total: 74.35
2026-03-06 13:32:56,499 - INFO - Seed 82: 1559, Gain: 0.80, Total: 75.15
2026-03-06 13:32:57,521 - INFO - Seed 83: 1445, Gain: 0.82, Total: 75.97
2026-03-06 13:32:58,550 - INFO - Seed 84: 1375, Gain: 0.87, Total: 76.84
2026-03-06 13:33:00,675 - INFO - Seed 85: 701, Gain: 0.91, Total: 77.75
2026-03-06 13:33:01,736 - INFO - Seed 86: 643, Gain: 1.02, Total: 78.77
2026-03-06 13:33:05,958 - INFO - Seed 87: 2200, Gain: 1.12, Total: 79.89
2026-03-06 13:33:09,215 - INFO - Seed 88: 1438, Gain: 0.76, Total: 80.65
2026-03-06 13:33:10,362 - INFO - Seed 89: 1395, Gain: 0.94, Total: 81.59
2026-03-06 13:33:12,539 - INFO - Seed 90: 819, Gain: 0.85, Total: 82.44
2026-03-06 13:33:12,539 - INFO - CELF 完成，总耗时: 1265.51s
2026-03-06 13:33:12,539 - INFO - 当前用时 1265.51 秒
2026-03-06 13:33:12,539 - INFO - 将种子集 写入位置: /home/wen/work/coup_spread/cora/2026-3-7/seeds-with-cora/random_monterCarlo_CELF_seedNum-90_SSRNum-50000.txt
2026-03-06 13:33:12,540 - INFO - 评估种子集: None
2026-03-06 13:33:12,540 - INFO - 多进程评估开始，共有 6 个方法待评估...
2026-03-06 13:33:12,541 - INFO - 启动进程池，Worker数量: 6
2026-03-06 13:33:12,873 - INFO - [Process 1052236] 开始评估方法: random, 种子数: 90
2026-03-06 13:33:13,101 - INFO - [Process 1052237] 开始评估方法: degreeTopM, 种子数: 90
2026-03-06 13:33:13,333 - INFO - [Process 1052239] 开始评估方法: pageRank, 种子数: 90
2026-03-06 13:33:13,566 - INFO - [Process 1052242] 开始评估方法: alpha_sort, 种子数: 90
2026-03-06 13:33:13,798 - INFO - [Process 1052245] 开始评估方法: ris_optimized, 种子数: 90
2026-03-06 13:33:14,032 - INFO - [Process 1052247] 开始评估方法: monterCarlo_CELF, 种子数: 90
2026-03-06 13:33:14,472 - INFO - [alpha_sort - 种子:90] 拉新:36.9人 | 总销量:37.8单 | 品牌曝光:136.7次 | 🌟综合得分:51.1
2026-03-06 13:33:17,956 - INFO - [random - 种子:90] 拉新:73.9人 | 总销量:75.6单 | 品牌曝光:380.1次 | 🌟综合得分:112.8
2026-03-06 13:33:18,787 - INFO - [degreeTopM - 种子:90] 拉新:78.0人 | 总销量:81.8单 | 品牌曝光:409.6次 | 🌟综合得分:120.9
2026-03-06 13:33:18,866 - INFO - [pageRank - 种子:90] 拉新:77.0人 | 总销量:80.6单 | 品牌曝光:404.3次 | 🌟综合得分:119.3
2026-03-06 13:33:19,581 - INFO - [ris_optimized - 种子:90] 拉新:80.9人 | 总销量:83.9单 | 品牌曝光:419.5次 | 🌟综合得分:124.4
2026-03-06 13:33:19,841 - INFO - [monterCarlo_CELF - 种子:90] 拉新:82.1人 | 总销量:84.3单 | 品牌曝光:421.5次 | 🌟综合得分:125.3
2026-03-06 13:33:19,868 - INFO - 所有进程执行完毕，开始写入数据...
2026-03-06 13:33:19,882 - INFO - 成功写入 6 条记录至 /home/wen/work/coup_spread/gzc-impl/results/cora/2026-3-7/random_SSRNum-50000-_seedNum-90_simuTimes-500.csv
2026-03-06 13:33:19,882 - INFO - 保存评估文件至: /home/wen/work/coup_spread/gzc-impl/results/cora/2026-3-7/random_SSRNum-50000-_seedNum-90_simuTimes-500.csv
