2025-11-19 14:13:57,189 - INFO - 加载数据集: Twitter
2025-11-19 14:13:57,192 - INFO - 首次生成度相关概率分布 分布类型: 'random'.
2025-11-19 14:13:57,192 - INFO - ===> Generating 'Dirichlet' distributions...
2025-11-19 14:13:57,196 - INFO - 保存概率分布 文件位置: /home/wen/pythonspace/data-test/Twitter/2025-11-18-random-511/distribution-in-Twitter/distribution-random_seedNum-75.pkl
2025-11-19 14:14:02,584 - INFO - 首次生成种子集 random
2025-11-19 14:14:02,585 - INFO - 执行当前算法开始: random
2025-11-19 14:14:02,586 - INFO - 当前用时 0.00 秒
2025-11-19 14:14:02,587 - INFO - 将种子集 写入位置: /home/wen/pythonspace/data-test/Twitter/2025-11-18-random-511/seeds-with-Twitter/distribution-random_random_seedNum-75.txt
2025-11-19 14:14:02,587 - INFO - 首次生成种子集 degreeTopM
2025-11-19 14:14:02,587 - INFO - 执行当前算法开始: degreeTopM
2025-11-19 14:14:02,590 - INFO - 当前用时 0.00 秒
2025-11-19 14:14:02,590 - INFO - 将种子集 写入位置: /home/wen/pythonspace/data-test/Twitter/2025-11-18-random-511/seeds-with-Twitter/distribution-random_degreeTopM_seedNum-75.txt
2025-11-19 14:14:02,591 - INFO - 首次生成种子集 alpha_sort
2025-11-19 14:14:02,591 - INFO - 执行当前算法开始: alpha_sort
2025-11-19 14:14:02,607 - INFO - 
选择的种子集 (按alpha排序): [11374, 158, 1997, 3170, 6237, 436, 10000, 7051, 5229, 7744, 4387, 20989, 8066, 11896, 14365, 12593, 5004, 4021, 5391, 1438, 8429, 9372, 18736, 5875, 22719, 6442, 9219, 14842, 14215, 1371, 3354, 20133, 7296, 6680, 16199, 5410, 14804, 22638, 3853, 11004, 18873, 23207, 4291, 853, 12421, 22867, 3035, 12348, 4328, 2866, 5348, 15518, 14176, 19549, 11991, 21199, 17954, 13727, 3240, 23227, 14392, 16128, 17705, 13132, 9724, 17096, 7893, 2613, 1142, 3076, 18760, 18484, 11909, 664, 18831]

2025-11-19 14:14:02,608 - INFO - 当前用时 0.02 秒
2025-11-19 14:14:02,608 - INFO - 将种子集 写入位置: /home/wen/pythonspace/data-test/Twitter/2025-11-18-random-511/seeds-with-Twitter/distribution-random_alpha_sort_seedNum-75.txt
2025-11-19 14:14:02,608 - INFO - 首次生成种子集 importance_sort
2025-11-19 14:14:02,608 - INFO - 执行当前算法开始: importance_sort
2025-11-19 14:14:05,668 - INFO - 
选择的种子集 (按Importance排序): [12593, 11374, 158, 16128, 3768, 3773, 3764, 8066, 3762, 3170, 4387, 3763, 1997, 20057, 3783, 10000, 397, 5229, 20989, 6531, 14640, 10128, 6237, 436, 7051, 14365, 12507, 18484, 3769, 17503, 4021, 6442, 5391, 8717, 6530, 10154, 8429, 9798, 23270, 11991, 18505, 10166, 10324, 3947, 692, 20055, 14656, 7893, 7744, 3778, 8876, 402, 10119, 5004, 2866, 13132, 1438, 3354, 11896, 18736, 10299, 3761, 22867, 12522, 12798, 18139, 4291, 12093, 3951, 6526, 9724, 23272, 700, 9650, 5330]

2025-11-19 14:14:05,671 - INFO - 当前用时 3.06 秒
2025-11-19 14:14:05,671 - INFO - 将种子集 写入位置: /home/wen/pythonspace/data-test/Twitter/2025-11-18-random-511/seeds-with-Twitter/distribution-random_importance_sort_seedNum-75.txt
2025-11-19 14:14:05,671 - INFO - 首次生成种子集 ris_coverage
2025-11-19 14:14:05,671 - INFO - 执行当前算法开始: ris_coverage
2025-11-19 14:14:05,722 - INFO - 反向图构建完成，处理了 65548 条边。
2025-11-19 14:14:05,724 - INFO - 图初始化完成，包含 23362 个节点，选择 75 个种子。
2025-11-19 14:14:05,724 - INFO - 
采样次数: 100000, 开始生成 100000 组SSR，使用 2 个并行进程...
2025-11-19 14:14:28,851 - INFO - 100000 个SSR生成完毕。耗时: 23.13 秒。
2025-11-19 14:14:28,859 - INFO - 
开始选择最优的种子节点 ...
2025-11-19 14:15:00,305 - INFO - 种子节点选择完毕。耗时: 31.45 秒。
2025-11-19 14:15:00,509 - INFO - 最终选择的种子集: [16131, 12592, 19468, 6530, 22858, 9285, 17957, 3475, 351, 829, 10510, 9939, 6670, 17236, 10060, 2825, 5711, 2036, 21343, 3951, 213, 4105, 16495, 9069, 1411, 16360, 20524, 7103, 6475, 13370, 7395, 700, 7561, 8242, 448, 16246, 4517, 1909, 9149, 13151, 20803, 1971, 4097, 9701, 14653, 21525, 6193, 1479, 305, 12025, 2176, 12236, 857, 7039, 14316, 9638, 982, 14194, 20985, 14365, 7587, 6910, 10433, 17431, 15654, 3306, 4241, 17039, 5024, 1232, 16573, 7695, 1420, 711, 18738]

2025-11-19 14:15:01,655 - INFO - 当前用时 55.98 秒
2025-11-19 14:15:01,656 - INFO - 将种子集 写入位置: /home/wen/pythonspace/data-test/Twitter/2025-11-18-random-511/seeds-with-Twitter/distribution-random_ris_coverage_seedNum-75.txt
2025-11-19 14:15:01,659 - INFO - 评估种子集: None
2025-11-19 14:15:01,687 - INFO - 评估函数开始
2025-11-19 14:15:01,687 - INFO - 当前模拟次数: [3]

2025-11-19 14:15:01,687 - INFO - 当前评估种子数: 75 ---
2025-11-19 14:15:01,687 - INFO -   Evaluating method: 'random' with 75 seeds.
2025-11-19 14:15:01,687 - INFO -     Running 3 simulations...
2025-11-19 14:15:01,687 - INFO - 		当前模拟轮次: 0
2025-11-19 14:15:01,828 - INFO - 		当前模拟轮次: 1
2025-11-19 14:15:01,941 - INFO - 		当前模拟轮次: 2
2025-11-19 14:15:02,071 - INFO -     Result: E[Users] = 36.0000, Var[Users] = 4.6667, Std_Dev = 2.1602
2025-11-19 14:15:02,078 - INFO -   Evaluating method: 'degreeTopM' with 75 seeds.
2025-11-19 14:15:02,078 - INFO -     Running 3 simulations...
2025-11-19 14:15:02,078 - INFO - 		当前模拟轮次: 0
2025-11-19 14:15:02,179 - INFO - 		当前模拟轮次: 1
2025-11-19 14:15:02,295 - INFO - 		当前模拟轮次: 2
2025-11-19 14:15:02,417 - INFO -     Result: E[Users] = 40.6667, Var[Users] = 54.2222, Std_Dev = 7.3636
2025-11-19 14:15:02,421 - INFO -   Evaluating method: 'alpha_sort' with 75 seeds.
2025-11-19 14:15:02,421 - INFO -     Running 3 simulations...
2025-11-19 14:15:02,421 - INFO - 		当前模拟轮次: 0
2025-11-19 14:15:02,474 - INFO - 		当前模拟轮次: 1
2025-11-19 14:15:02,522 - INFO - 		当前模拟轮次: 2
2025-11-19 14:15:02,556 - INFO -     Result: E[Users] = 59.6667, Var[Users] = 6.8889, Std_Dev = 2.6247
2025-11-19 14:15:02,557 - INFO -   Evaluating method: 'importance_sort' with 75 seeds.
2025-11-19 14:15:02,557 - INFO -     Running 3 simulations...
2025-11-19 14:15:02,557 - INFO - 		当前模拟轮次: 0
2025-11-19 14:15:02,610 - INFO - 		当前模拟轮次: 1
2025-11-19 14:15:02,670 - INFO - 		当前模拟轮次: 2
2025-11-19 14:15:02,722 - INFO -     Result: E[Users] = 62.3333, Var[Users] = 8.2222, Std_Dev = 2.8674
2025-11-19 14:15:02,724 - INFO -   Evaluating method: 'ris_coverage' with 75 seeds.
2025-11-19 14:15:02,724 - INFO -     Running 3 simulations...
2025-11-19 14:15:02,724 - INFO - 		当前模拟轮次: 0
2025-11-19 14:15:02,804 - INFO - 		当前模拟轮次: 1
2025-11-19 14:15:02,871 - INFO - 		当前模拟轮次: 2
2025-11-19 14:15:02,951 - INFO -     Result: E[Users] = 48.3333, Var[Users] = 6.2222, Std_Dev = 2.4944
2025-11-19 14:15:02,953 - INFO - 保存评估文件至: /home/wen/pythonspace/data-test/Twitter/2025-11-18-random-511/E-activated-Twitter/distribution-random_simuTimes-3_seedNum-75_monteCarloL-10_rrNumSamples-100000.csv
