2025-11-19 14:12:35,759 - INFO - 加载数据集: Twitter
2025-11-19 14:12:36,092 - INFO - 首次生成度相关概率分布 分布类型: 'random'.
2025-11-19 14:12:36,092 - INFO - ===> Generating 'Dirichlet' distributions...
2025-11-19 14:12:36,104 - INFO - 保存概率分布 文件位置: /home/wen/pythonspace/data-test/Twitter/2025-11-18-random-511/distribution-in-Twitter/distribution-random_seedNum-25.pkl
2025-11-19 14:12:40,430 - INFO - 首次生成种子集 random
2025-11-19 14:12:40,431 - INFO - 执行当前算法开始: random
2025-11-19 14:12:40,431 - INFO - 当前用时 0.00 秒
2025-11-19 14:12:40,431 - INFO - 将种子集 写入位置: /home/wen/pythonspace/data-test/Twitter/2025-11-18-random-511/seeds-with-Twitter/distribution-random_random_seedNum-25.txt
2025-11-19 14:12:40,431 - INFO - 首次生成种子集 degreeTopM
2025-11-19 14:12:40,431 - INFO - 执行当前算法开始: degreeTopM
2025-11-19 14:12:40,456 - INFO - 当前用时 0.02 秒
2025-11-19 14:12:40,456 - INFO - 将种子集 写入位置: /home/wen/pythonspace/data-test/Twitter/2025-11-18-random-511/seeds-with-Twitter/distribution-random_degreeTopM_seedNum-25.txt
2025-11-19 14:12:40,457 - INFO - 首次生成种子集 alpha_sort
2025-11-19 14:12:40,457 - INFO - 执行当前算法开始: alpha_sort
2025-11-19 14:12:40,474 - INFO - 
选择的种子集 (按alpha排序): [16251, 7217, 15088, 1436, 11470, 11315, 6066, 17467, 13603, 18935, 15493, 14207, 21887, 7319, 22862, 22196, 20903, 21404, 16294, 3618, 8620, 23000, 20052, 3494, 21651]

2025-11-19 14:12:40,475 - INFO - 当前用时 0.02 秒
2025-11-19 14:12:40,476 - INFO - 将种子集 写入位置: /home/wen/pythonspace/data-test/Twitter/2025-11-18-random-511/seeds-with-Twitter/distribution-random_alpha_sort_seedNum-25.txt
2025-11-19 14:12:40,476 - INFO - 首次生成种子集 importance_sort
2025-11-19 14:12:40,476 - INFO - 执行当前算法开始: importance_sort
2025-11-19 14:12:43,344 - INFO - 
选择的种子集 (按Importance排序): [16251, 7217, 1436, 11315, 15088, 11470, 11472, 6890, 6933, 6066, 17134, 6650, 14788, 9940, 13603, 4600, 17137, 19715, 7472, 16697, 8620, 21404, 14394, 9936, 22862]

2025-11-19 14:12:43,346 - INFO - 当前用时 2.87 秒
2025-11-19 14:12:43,346 - INFO - 将种子集 写入位置: /home/wen/pythonspace/data-test/Twitter/2025-11-18-random-511/seeds-with-Twitter/distribution-random_importance_sort_seedNum-25.txt
2025-11-19 14:12:43,346 - INFO - 首次生成种子集 ris_coverage
2025-11-19 14:12:43,346 - INFO - 执行当前算法开始: ris_coverage
2025-11-19 14:12:43,586 - INFO - 反向图构建完成，处理了 65548 条边。
2025-11-19 14:12:43,589 - INFO - 图初始化完成，包含 23362 个节点，选择 25 个种子。
2025-11-19 14:12:43,589 - INFO - 
采样次数: 100000, 开始生成 100000 组SSR，使用 2 个并行进程...
2025-11-19 14:12:52,681 - INFO - 100000 个SSR生成完毕。耗时: 9.09 秒。
2025-11-19 14:12:52,688 - INFO - 
开始选择最优的种子节点 ...
2025-11-19 14:12:57,463 - INFO - 种子节点选择完毕。耗时: 4.77 秒。
2025-11-19 14:12:57,531 - INFO - 最终选择的种子集: [3725, 10086, 2387, 19369, 16899, 7217, 19296, 16205, 4416, 7722, 5744, 6181, 11745, 3979, 884, 1898, 12645, 7225, 6592, 9931, 18081, 15604, 14661, 10314, 1679]

2025-11-19 14:12:57,935 - INFO - 当前用时 14.59 秒
2025-11-19 14:12:57,935 - INFO - 将种子集 写入位置: /home/wen/pythonspace/data-test/Twitter/2025-11-18-random-511/seeds-with-Twitter/distribution-random_ris_coverage_seedNum-25.txt
2025-11-19 14:12:57,940 - INFO - 评估种子集: None
2025-11-19 14:12:57,940 - INFO - 评估函数开始
2025-11-19 14:12:57,940 - INFO - 当前模拟次数: [3]

2025-11-19 14:12:57,940 - INFO - 当前评估种子数: 25 ---
2025-11-19 14:12:57,940 - INFO -   Evaluating method: 'random' with 25 seeds.
2025-11-19 14:12:57,940 - INFO -     Running 3 simulations...
2025-11-19 14:12:57,940 - INFO - 		当前模拟轮次: 0
2025-11-19 14:12:58,161 - INFO - 		当前模拟轮次: 1
2025-11-19 14:12:58,187 - INFO - 		当前模拟轮次: 2
2025-11-19 14:12:58,234 - INFO -     Result: E[Users] = 10.3333, Var[Users] = 0.2222, Std_Dev = 0.4714
2025-11-19 14:12:58,343 - INFO -   Evaluating method: 'degreeTopM' with 25 seeds.
2025-11-19 14:12:58,343 - INFO -     Running 3 simulations...
2025-11-19 14:12:58,344 - INFO - 		当前模拟轮次: 0
2025-11-19 14:12:58,399 - INFO - 		当前模拟轮次: 1
2025-11-19 14:12:58,438 - INFO - 		当前模拟轮次: 2
2025-11-19 14:12:58,476 - INFO -     Result: E[Users] = 11.6667, Var[Users] = 10.8889, Std_Dev = 3.2998
2025-11-19 14:12:58,478 - INFO -   Evaluating method: 'alpha_sort' with 25 seeds.
2025-11-19 14:12:58,478 - INFO -     Running 3 simulations...
2025-11-19 14:12:58,478 - INFO - 		当前模拟轮次: 0
2025-11-19 14:12:58,489 - INFO - 		当前模拟轮次: 1
2025-11-19 14:12:58,500 - INFO - 		当前模拟轮次: 2
2025-11-19 14:12:58,504 - INFO -     Result: E[Users] = 23.3333, Var[Users] = 0.2222, Std_Dev = 0.4714
2025-11-19 14:12:58,506 - INFO -   Evaluating method: 'importance_sort' with 25 seeds.
2025-11-19 14:12:58,506 - INFO -     Running 3 simulations...
2025-11-19 14:12:58,506 - INFO - 		当前模拟轮次: 0
2025-11-19 14:12:58,523 - INFO - 		当前模拟轮次: 1
2025-11-19 14:12:58,539 - INFO - 		当前模拟轮次: 2
2025-11-19 14:12:58,549 - INFO -     Result: E[Users] = 21.3333, Var[Users] = 0.2222, Std_Dev = 0.4714
2025-11-19 14:12:58,551 - INFO -   Evaluating method: 'ris_coverage' with 25 seeds.
2025-11-19 14:12:58,551 - INFO -     Running 3 simulations...
2025-11-19 14:12:58,551 - INFO - 		当前模拟轮次: 0
2025-11-19 14:12:58,579 - INFO - 		当前模拟轮次: 1
2025-11-19 14:12:58,617 - INFO - 		当前模拟轮次: 2
2025-11-19 14:12:58,634 - INFO -     Result: E[Users] = 18.0000, Var[Users] = 4.6667, Std_Dev = 2.1602
2025-11-19 14:12:58,636 - INFO - 保存评估文件至: /home/wen/pythonspace/data-test/Twitter/2025-11-18-random-511/E-activated-Twitter/distribution-random_simuTimes-3_seedNum-25_monteCarloL-10_rrNumSamples-100000.csv
