2026-01-07 19:19:39,035 - INFO - 加载数据集: network.netDog
2026-01-07 19:19:39,035 - INFO - --- 矩阵分析 ---
2026-01-07 19:19:39,035 - INFO - 节点数 (N): 4502
2026-01-07 19:19:39,035 - INFO - 边数 (E): 29580
2026-01-07 19:19:39,035 - INFO - 密度 (Density): 0.00145944 (越小越稀疏)
2026-01-07 19:19:39,036 - INFO - 稀疏度 (Sparsity): 0.99854056 (越接近1越稀疏)
2026-01-07 19:19:39,036 - INFO - 平均度数 (Avg Degree): 6.57
2026-01-07 19:19:39,036 - INFO - 首次生成度相关概率分布 分布类型: 'random'.
2026-01-07 19:19:39,036 - INFO - ===> Generating 'Dirichlet' with Degree Bias...
2026-01-07 19:19:39,036 - INFO -      Alpha: [400, 100, 500]
2026-01-07 19:19:39,037 - INFO -      Factors -> Succ: 0.0, Dis: 0.0, Tran: 0.0
2026-01-07 19:19:39,038 - INFO - --- check node (Max Degree=429.0) ---
2026-01-07 19:19:39,038 - INFO -     Base Prob: [0.41042187 0.09626723 0.4933109 ]
2026-01-07 19:19:39,039 - INFO -     Final Prob: Succ=0.4104, Dis=0.0963, Tran=0.4933
2026-01-07 19:19:39,039 - INFO - 保存概率分布 文件位置: /root/pythonspace/data-test/network.netDog/2026-1-10/distribution-in-network.netDog/distribution-random_seedNum-100.pkl
2026-01-07 19:19:39,083 - INFO - 首次生成种子集 random
2026-01-07 19:19:39,083 - INFO - 执行当前算法开始: random
2026-01-07 19:19:39,083 - INFO - 数据集节点总数:  n = 4502, m = 100
2026-01-07 19:19:39,084 - INFO - 选择 100  [4374, 1191, 2334, 866, 3378, 3037, 2745, 2642, 4369, 3054, 3335, 607, 3962, 2356, 2368, 3360, 1562, 171, 1496, 739, 694, 2067, 3616, 4152, 794, 4345, 2825, 555, 4191, 1990, 1989, 2871, 317, 3830, 3691, 4495, 3452, 553, 857, 1363, 3780, 3538, 2200, 4189, 2495, 3614, 139, 1450, 3363, 1319, 3338, 3183, 2567, 2339, 3474, 3705, 4420, 2382, 4368, 1716, 2282, 594, 112, 3102, 2471, 576, 2762, 4458, 4038, 2086, 418, 2417, 996, 2232, 1850, 4091, 224, 2621, 634, 2525, 1444, 1047, 2157, 369, 483, 2907, 1799, 2398, 772, 3168, 2999, 3472, 2318, 3498, 2177, 2685, 2813, 1900, 3556, 2384]

2026-01-07 19:19:39,084 - INFO - 当前用时 0.00 秒
2026-01-07 19:19:39,084 - INFO - 将种子集 写入位置: /root/pythonspace/data-test/network.netDog/2026-1-10/seeds-with-network.netDog/random_random_seedNum-100_SSRNum-100000.txt
2026-01-07 19:19:39,084 - INFO - 首次生成种子集 degreeTopM
2026-01-07 19:19:39,084 - INFO - 执行当前算法开始: degreeTopM
2026-01-07 19:19:39,084 - INFO - 依据: 选择连接数（度数）最多的节点。
2026-01-07 19:19:39,085 - INFO - 选择的 Top M 节点及其度数:
2026-01-07 19:19:39,085 - INFO - 
2026-01-07 19:19:39,085 - INFO - 当前用时 0.00 秒
2026-01-07 19:19:39,085 - INFO - 将种子集 写入位置: /root/pythonspace/data-test/network.netDog/2026-1-10/seeds-with-network.netDog/random_degreeTopM_seedNum-100_SSRNum-100000.txt
2026-01-07 19:19:39,085 - INFO - 首次生成种子集 pageRank
2026-01-07 19:19:39,086 - INFO - 执行当前算法开始: pageRank
2026-01-07 19:19:39,086 - INFO - --- Running: PageRank (on tranProMatrix) Top M ---
2026-01-07 19:19:39,461 - INFO - Selected PageRank seeds: [79, 135, 83, 16, 45, 133, 243, 36, 33, 12, 2, 125, 4, 167, 38, 77, 19, 17, 128, 129, 62, 329, 13, 35, 294, 14, 414, 318, 162, 26, 37, 15, 93, 46, 192, 61, 164, 279, 359, 120, 693, 123, 934, 52, 755, 254, 221, 127, 107, 208, 91, 183, 264, 152, 291, 223, 141, 316, 435, 324, 98, 44, 632, 8, 207, 681, 1157, 405, 104, 142, 150, 263, 916, 169, 583, 237, 261, 228, 1080, 526, 440, 165, 274, 22, 832, 811, 224, 292, 273, 564, 980, 54, 502, 112, 347, 173, 23, 1110, 1047, 194]
2026-01-07 19:19:39,462 - INFO - 当前用时 0.38 秒
2026-01-07 19:19:39,462 - INFO - 将种子集 写入位置: /root/pythonspace/data-test/network.netDog/2026-1-10/seeds-with-network.netDog/random_pageRank_seedNum-100_SSRNum-100000.txt
2026-01-07 19:19:39,463 - INFO - 首次生成种子集 alpha_sort
2026-01-07 19:19:39,463 - INFO - 执行当前算法开始: alpha_sort
2026-01-07 19:19:39,465 - INFO - 4502 个节点的alpha值降序排序 done
2026-01-07 19:19:39,465 - INFO - ==============>> [(3868, 0.45681287102011575), (2459, 0.4551273935307517), (1649, 0.45139457285938644), (621, 0.4497923102479999), (1450, 0.4464996296458403), (839, 0.44539994103454633), (1095, 0.4445859657687138), (2335, 0.4445802926594887), (2634, 0.44363439038449415), (2034, 0.44358619747046996)]
2026-01-07 19:19:39,466 - INFO - 
选择的种子集 (按alpha排序): [3868, 2459, 1649, 621, 1450, 839, 1095, 2335, 2634, 2034, 3550, 2370, 1565, 4264, 3638, 2204, 4174, 1525, 1343, 1377, 2885, 2192, 3412, 3121, 227, 4219, 163, 4182, 2615, 2250, 1875, 2279, 382, 2276, 2748, 2691, 3385, 1583, 2188, 377, 2466, 3230, 495, 816, 2526, 1588, 89, 68, 4477, 248, 643, 2859, 796, 807, 2529, 884, 650, 1972, 2740, 4028, 4031, 2913, 1471, 1403, 555, 1366, 1015, 2373, 4117, 2451, 4077, 2499, 2248, 3537, 3861, 159, 4183, 2705, 2291, 3364, 666, 2726, 4011, 2657, 822, 208, 324, 4363, 214, 3584, 3239, 1535, 48, 105, 3226, 852, 3509, 3242, 1831, 743]

2026-01-07 19:19:39,466 - INFO - 当前用时 0.00 秒
2026-01-07 19:19:39,466 - INFO - 将种子集 写入位置: /root/pythonspace/data-test/network.netDog/2026-1-10/seeds-with-network.netDog/random_alpha_sort_seedNum-100_SSRNum-100000.txt
2026-01-07 19:19:39,466 - INFO - 首次生成种子集 ris_coverage
2026-01-07 19:19:39,466 - INFO - 执行当前算法开始: ris_coverage
2026-01-07 19:19:39,725 - INFO - 图初始化完成，节点数: 4502，CSR 矩阵准备就绪。
2026-01-07 19:19:39,725 - INFO - 
开始生成 100000 组 SSR (并行进程: 8)...
2026-01-07 19:20:45,549 - INFO - 生成完毕。耗时: 65.82 秒。
2026-01-07 19:20:45,551 - INFO - 
开始选择最优种子 (Optimized Greedy) ...
2026-01-07 19:21:00,335 - INFO -   - 券 1/100 选中节点 16, 新增覆盖 372
2026-01-07 19:21:00,349 - INFO -   - 券 2/100 选中节点 135, 新增覆盖 351
2026-01-07 19:21:00,364 - INFO -   - 券 3/100 选中节点 36, 新增覆盖 319
2026-01-07 19:21:00,385 - INFO -   - 券 4/100 选中节点 13, 新增覆盖 343
2026-01-07 19:21:00,404 - INFO -   - 券 5/100 选中节点 133, 新增覆盖 354
2026-01-07 19:21:00,426 - INFO -   - 券 6/100 选中节点 79, 新增覆盖 319
2026-01-07 19:21:00,451 - INFO -   - 券 7/100 选中节点 2, 新增覆盖 294
2026-01-07 19:21:00,477 - INFO -   - 券 8/100 选中节点 12, 新增覆盖 257
2026-01-07 19:21:00,502 - INFO -   - 券 9/100 选中节点 83, 新增覆盖 255
2026-01-07 19:21:00,528 - INFO -   - 券 10/100 选中节点 15, 新增覆盖 236
2026-01-07 19:21:00,561 - INFO -   - 券 11/100 选中节点 14, 新增覆盖 233
2026-01-07 19:21:00,593 - INFO -   - 券 12/100 选中节点 45, 新增覆盖 235
2026-01-07 19:21:00,624 - INFO -   - 券 13/100 选中节点 123, 新增覆盖 193
2026-01-07 19:21:00,658 - INFO -   - 券 14/100 选中节点 359, 新增覆盖 184
2026-01-07 19:21:00,698 - INFO -   - 券 15/100 选中节点 279, 新增覆盖 207
2026-01-07 19:21:00,734 - INFO -   - 券 16/100 选中节点 54, 新增覆盖 186
2026-01-07 19:21:00,773 - INFO -   - 券 17/100 选中节点 125, 新增覆盖 189
2026-01-07 19:21:00,813 - INFO -   - 券 18/100 选中节点 414, 新增覆盖 167
2026-01-07 19:21:00,855 - INFO -   - 券 19/100 选中节点 243, 新增覆盖 180
2026-01-07 19:21:00,900 - INFO -   - 券 20/100 选中节点 120, 新增覆盖 186
2026-01-07 19:21:00,944 - INFO -   - 券 21/100 选中节点 294, 新增覆盖 191
2026-01-07 19:21:00,990 - INFO -   - 券 22/100 选中节点 254, 新增覆盖 155
2026-01-07 19:21:01,043 - INFO -   - 券 23/100 选中节点 693, 新增覆盖 157
2026-01-07 19:21:01,097 - INFO -   - 券 24/100 选中节点 167, 新增覆盖 155
2026-01-07 19:21:01,148 - INFO -   - 券 25/100 选中节点 26, 新增覆盖 155
2026-01-07 19:21:01,202 - INFO -   - 券 26/100 选中节点 46, 新增覆盖 153
2026-01-07 19:21:01,264 - INFO -   - 券 27/100 选中节点 142, 新增覆盖 144
2026-01-07 19:21:01,318 - INFO -   - 券 28/100 选中节点 107, 新增覆盖 141
2026-01-07 19:21:01,381 - INFO -   - 券 29/100 选中节点 809, 新增覆盖 137
2026-01-07 19:21:01,448 - INFO -   - 券 30/100 选中节点 934, 新增覆盖 153
2026-01-07 19:21:01,515 - INFO -   - 券 31/100 选中节点 64, 新增覆盖 136
2026-01-07 19:21:01,587 - INFO -   - 券 32/100 选中节点 52, 新增覆盖 143
2026-01-07 19:21:01,658 - INFO -   - 券 33/100 选中节点 91, 新增覆盖 153
2026-01-07 19:21:01,737 - INFO -   - 券 34/100 选中节点 77, 新增覆盖 137
2026-01-07 19:21:01,803 - INFO -   - 券 35/100 选中节点 506, 新增覆盖 135
2026-01-07 19:21:01,875 - INFO -   - 券 36/100 选中节点 44, 新增覆盖 137
2026-01-07 19:21:01,941 - INFO -   - 券 37/100 选中节点 104, 新增覆盖 128
2026-01-07 19:21:02,016 - INFO -   - 券 38/100 选中节点 681, 新增覆盖 125
2026-01-07 19:21:02,094 - INFO -   - 券 39/100 选中节点 207, 新增覆盖 134
2026-01-07 19:21:02,168 - INFO -   - 券 40/100 选中节点 755, 新增覆盖 134
2026-01-07 19:21:02,244 - INFO -   - 券 41/100 选中节点 980, 新增覆盖 129
2026-01-07 19:21:02,325 - INFO -   - 券 42/100 选中节点 61, 新增覆盖 126
2026-01-07 19:21:02,401 - INFO -   - 券 43/100 选中节点 1080, 新增覆盖 123
2026-01-07 19:21:02,491 - INFO -   - 券 44/100 选中节点 347, 新增覆盖 111
2026-01-07 19:21:02,573 - INFO -   - 券 45/100 选中节点 922, 新增覆盖 114
2026-01-07 19:21:02,658 - INFO -   - 券 46/100 选中节点 976, 新增覆盖 122
2026-01-07 19:21:02,740 - INFO -   - 券 47/100 选中节点 463, 新增覆盖 120
2026-01-07 19:21:02,838 - INFO -   - 券 48/100 选中节点 183, 新增覆盖 116
2026-01-07 19:21:02,929 - INFO -   - 券 49/100 选中节点 62, 新增覆盖 124
2026-01-07 19:21:03,022 - INFO -   - 券 50/100 选中节点 37, 新增覆盖 127
2026-01-07 19:21:03,118 - INFO -   - 券 51/100 选中节点 1157, 新增覆盖 109
2026-01-07 19:21:03,215 - INFO -   - 券 52/100 选中节点 23, 新增覆盖 122
2026-01-07 19:21:03,311 - INFO -   - 券 53/100 选中节点 318, 新增覆盖 111
2026-01-07 19:21:03,402 - INFO -   - 券 54/100 选中节点 761, 新增覆盖 117
2026-01-07 19:21:03,502 - INFO -   - 券 55/100 选中节点 22, 新增覆盖 106
2026-01-07 19:21:03,600 - INFO -   - 券 56/100 选中节点 526, 新增覆盖 108
2026-01-07 19:21:03,699 - INFO -   - 券 57/100 选中节点 786, 新增覆盖 116
2026-01-07 19:21:03,803 - INFO -   - 券 58/100 选中节点 1110, 新增覆盖 114
2026-01-07 19:21:03,904 - INFO -   - 券 59/100 选中节点 4, 新增覆盖 108
2026-01-07 19:21:04,010 - INFO -   - 券 60/100 选中节点 55, 新增覆盖 106
2026-01-07 19:21:04,116 - INFO -   - 券 61/100 选中节点 1015, 新增覆盖 107
2026-01-07 19:21:04,221 - INFO -   - 券 62/100 选中节点 8, 新增覆盖 117
2026-01-07 19:21:04,324 - INFO -   - 券 63/100 选中节点 329, 新增覆盖 118
2026-01-07 19:21:04,432 - INFO -   - 券 64/100 选中节点 1287, 新增覆盖 107
2026-01-07 19:21:04,543 - INFO -   - 券 65/100 选中节点 441, 新增覆盖 108
2026-01-07 19:21:04,654 - INFO -   - 券 66/100 选中节点 162, 新增覆盖 99
2026-01-07 19:21:04,766 - INFO -   - 券 67/100 选中节点 1035, 新增覆盖 102
2026-01-07 19:21:04,885 - INFO -   - 券 68/100 选中节点 141, 新增覆盖 103
2026-01-07 19:21:05,006 - INFO -   - 券 69/100 选中节点 734, 新增覆盖 108
2026-01-07 19:21:05,131 - INFO -   - 券 70/100 选中节点 19, 新增覆盖 106
2026-01-07 19:21:05,252 - INFO -   - 券 71/100 选中节点 38, 新增覆盖 106
2026-01-07 19:21:05,378 - INFO -   - 券 72/100 选中节点 502, 新增覆盖 97
2026-01-07 19:21:05,509 - INFO -   - 券 73/100 选中节点 405, 新增覆盖 117
2026-01-07 19:21:05,641 - INFO -   - 券 74/100 选中节点 146, 新增覆盖 110
2026-01-07 19:21:05,769 - INFO -   - 券 75/100 选中节点 131, 新增覆盖 98
2026-01-07 19:21:05,899 - INFO -   - 券 76/100 选中节点 128, 新增覆盖 100
2026-01-07 19:21:06,035 - INFO -   - 券 77/100 选中节点 50, 新增覆盖 97
2026-01-07 19:21:06,172 - INFO -   - 券 78/100 选中节点 63, 新增覆盖 105
2026-01-07 19:21:06,312 - INFO -   - 券 79/100 选中节点 17, 新增覆盖 98
2026-01-07 19:21:06,463 - INFO -   - 券 80/100 选中节点 1738, 新增覆盖 96
2026-01-07 19:21:06,610 - INFO -   - 券 81/100 选中节点 517, 新增覆盖 99
2026-01-07 19:21:06,747 - INFO -   - 券 82/100 选中节点 385, 新增覆盖 102
2026-01-07 19:21:06,884 - INFO -   - 券 83/100 选中节点 60, 新增覆盖 99
2026-01-07 19:21:07,037 - INFO -   - 券 84/100 选中节点 127, 新增覆盖 93
2026-01-07 19:21:07,187 - INFO -   - 券 85/100 选中节点 477, 新增覆盖 95
2026-01-07 19:21:07,329 - INFO -   - 券 86/100 选中节点 1841, 新增覆盖 101
2026-01-07 19:21:07,488 - INFO -   - 券 87/100 选中节点 550, 新增覆盖 100
2026-01-07 19:21:07,649 - INFO -   - 券 88/100 选中节点 3044, 新增覆盖 100
2026-01-07 19:21:07,792 - INFO -   - 券 89/100 选中节点 58, 新增覆盖 98
2026-01-07 19:21:07,943 - INFO -   - 券 90/100 选中节点 264, 新增覆盖 90
2026-01-07 19:21:08,098 - INFO -   - 券 91/100 选中节点 84, 新增覆盖 92
2026-01-07 19:21:08,251 - INFO -   - 券 92/100 选中节点 194, 新增覆盖 91
2026-01-07 19:21:08,405 - INFO -   - 券 93/100 选中节点 440, 新增覆盖 90
2026-01-07 19:21:08,565 - INFO -   - 券 94/100 选中节点 435, 新增覆盖 90
2026-01-07 19:21:08,723 - INFO -   - 券 95/100 选中节点 655, 新增覆盖 88
2026-01-07 19:21:08,884 - INFO -   - 券 96/100 选中节点 308, 新增覆盖 89
2026-01-07 19:21:09,043 - INFO -   - 券 97/100 选中节点 33, 新增覆盖 91
2026-01-07 19:21:09,201 - INFO -   - 券 98/100 选中节点 35, 新增覆盖 88
2026-01-07 19:21:09,363 - INFO -   - 券 99/100 选中节点 237, 新增覆盖 90
2026-01-07 19:21:09,532 - INFO -   - 券 100/100 选中节点 804, 新增覆盖 97
2026-01-07 19:21:09,532 - INFO - 选种完毕。耗时: 23.98 秒。
2026-01-07 19:21:09,993 - INFO - 最终选择的种子集: [16, 135, 36, 13, 133, 79, 2, 12, 83, 15, 14, 45, 123, 359, 279, 54, 125, 414, 243, 120, 294, 254, 693, 167, 26, 46, 142, 107, 809, 934, 64, 52, 91, 77, 506, 44, 104, 681, 207, 755, 980, 61, 1080, 347, 922, 976, 463, 183, 62, 37, 1157, 23, 318, 761, 22, 526, 786, 1110, 4, 55, 1015, 8, 329, 1287, 441, 162, 1035, 141, 734, 19, 38, 502, 405, 146, 131, 128, 50, 63, 17, 1738, 517, 385, 60, 127, 477, 1841, 550, 3044, 58, 264, 84, 194, 440, 435, 655, 308, 33, 35, 237, 804]

2026-01-07 19:21:10,950 - INFO - 当前用时 91.48 秒
2026-01-07 19:21:10,950 - INFO - 将种子集 写入位置: /root/pythonspace/data-test/network.netDog/2026-1-10/seeds-with-network.netDog/random_ris_coverage_seedNum-100_SSRNum-100000.txt
2026-01-07 19:21:10,950 - INFO - 首次生成种子集 monterCarlo_CELF
2026-01-07 19:21:10,950 - INFO - 执行当前算法开始: monterCarlo_CELF
2026-01-07 19:21:10,950 - INFO - --- Running: CELF Greedy Monte Carlo (Sims=300) ---
2026-01-07 19:21:10,950 - INFO - Step 0: 初始化所有节点的边际增益...
2026-01-07 19:22:12,173 - INFO - Seed 1: 1525, Spread: 0.89
2026-01-07 19:22:20,998 - INFO - Seed 2: 3603, Gain: 0.84, Total: 1.73
2026-01-07 19:22:29,868 - INFO - Seed 3: 3946, Gain: 0.84, Total: 2.56
2026-01-07 19:22:47,447 - INFO - Seed 4: 1264, Gain: 0.83, Total: 3.40
2026-01-07 19:23:17,428 - INFO - Seed 5: 3520, Gain: 0.81, Total: 4.21
2026-01-07 19:23:21,469 - INFO - Seed 6: 1095, Gain: 0.81, Total: 5.02
2026-01-07 19:23:21,860 - INFO - Seed 7: 1196, Gain: 0.81, Total: 5.83
2026-01-07 19:23:22,906 - INFO - Seed 8: 1513, Gain: 0.81, Total: 6.64
2026-01-07 19:23:27,500 - INFO - Seed 9: 2500, Gain: 0.81, Total: 7.46
2026-01-07 19:23:28,187 - INFO - Seed 10: 2627, Gain: 0.81, Total: 8.27
2026-01-07 19:23:36,856 - INFO - Seed 11: 3915, Gain: 0.84, Total: 9.10
2026-01-07 19:23:46,901 - INFO - Seed 12: 1142, Gain: 0.85, Total: 9.95
2026-01-07 19:23:50,130 - INFO - Seed 13: 1487, Gain: 0.84, Total: 10.79
2026-01-07 19:25:40,311 - INFO - Seed 14: 1409, Gain: 0.85, Total: 11.64
2026-01-07 19:32:05,868 - INFO - Seed 15: 3322, Gain: 0.74, Total: 12.38
2026-01-07 19:32:45,611 - INFO - Seed 16: 3781, Gain: 0.75, Total: 13.12
2026-01-07 19:32:49,982 - INFO - Seed 17: 1371, Gain: 0.76, Total: 13.88
2026-01-07 19:32:50,371 - INFO - Seed 18: 1491, Gain: 0.77, Total: 14.66
2026-01-07 19:32:50,592 - INFO - Seed 19: 568, Gain: 0.75, Total: 15.41
2026-01-07 19:32:50,812 - INFO - Seed 20: 215, Gain: 0.85, Total: 16.26
2026-01-07 19:32:51,279 - INFO - Seed 21: 3871, Gain: 0.78, Total: 17.04
2026-01-07 19:32:52,523 - INFO - Seed 22: 3015, Gain: 0.97, Total: 18.02
2026-01-07 19:33:28,443 - INFO - Seed 23: 2568, Gain: 0.71, Total: 18.72
2026-01-07 19:33:33,122 - INFO - Seed 24: 3197, Gain: 0.82, Total: 19.54
2026-01-07 19:33:36,494 - INFO - Seed 25: 2536, Gain: 0.76, Total: 20.30
2026-01-07 19:33:37,922 - INFO - Seed 26: 2315, Gain: 0.82, Total: 21.12
2026-01-07 19:33:38,819 - INFO - Seed 27: 3356, Gain: 0.79, Total: 21.92
2026-01-07 19:33:39,422 - INFO - Seed 28: 866, Gain: 0.85, Total: 22.76
2026-01-07 19:33:43,486 - INFO - Seed 29: 3211, Gain: 0.73, Total: 23.49
2026-01-07 19:33:44,821 - INFO - Seed 30: 2758, Gain: 0.77, Total: 24.26
2026-01-07 19:33:45,865 - INFO - Seed 31: 3979, Gain: 0.74, Total: 25.01
2026-01-07 19:33:46,230 - INFO - Seed 32: 1485, Gain: 0.74, Total: 25.74
2026-01-07 19:33:47,309 - INFO - Seed 33: 2291, Gain: 0.86, Total: 26.60
2026-01-07 19:33:48,048 - INFO - Seed 34: 1507, Gain: 0.79, Total: 27.39
2026-01-07 19:33:48,789 - INFO - Seed 35: 188, Gain: 0.91, Total: 28.31
2026-01-07 19:33:53,590 - INFO - Seed 36: 3947, Gain: 0.75, Total: 29.06
2026-01-07 19:33:58,193 - INFO - Seed 37: 2461, Gain: 0.75, Total: 29.81
2026-01-07 19:33:59,508 - INFO - Seed 38: 2856, Gain: 0.80, Total: 30.61
2026-01-07 19:34:01,702 - INFO - Seed 39: 4076, Gain: 0.77, Total: 31.38
2026-01-07 19:34:03,091 - INFO - Seed 40: 3449, Gain: 1.05, Total: 32.42
2026-01-07 19:34:30,942 - INFO - Seed 41: 440, Gain: 0.76, Total: 33.18
2026-01-07 19:34:35,488 - INFO - Seed 42: 3183, Gain: 0.70, Total: 33.88
2026-01-07 19:34:41,705 - INFO - Seed 43: 996, Gain: 0.76, Total: 34.64
2026-01-07 19:34:43,640 - INFO - Seed 44: 539, Gain: 0.72, Total: 35.36
2026-01-07 19:34:44,135 - INFO - Seed 45: 321, Gain: 0.75, Total: 36.11
2026-01-07 19:34:45,698 - INFO - Seed 46: 2763, Gain: 0.77, Total: 36.87
2026-01-07 19:34:47,270 - INFO - Seed 47: 887, Gain: 0.82, Total: 37.70
2026-01-07 19:34:48,347 - INFO - Seed 48: 4320, Gain: 0.78, Total: 38.48
2026-01-07 19:34:49,981 - INFO - Seed 49: 3890, Gain: 0.70, Total: 39.18
2026-01-07 19:34:50,565 - INFO - Seed 50: 2676, Gain: 0.87, Total: 40.05
2026-01-07 19:34:51,135 - INFO - Seed 51: 994, Gain: 0.81, Total: 40.86
2026-01-07 19:34:56,407 - INFO - Seed 52: 3500, Gain: 0.71, Total: 41.57
2026-01-07 19:34:56,994 - INFO - Seed 53: 1437, Gain: 0.83, Total: 42.39
2026-01-07 19:35:00,605 - INFO - Seed 54: 3754, Gain: 0.83, Total: 43.22
2026-01-07 19:35:01,828 - INFO - Seed 55: 2074, Gain: 0.99, Total: 44.21
2026-01-07 19:35:04,285 - INFO - Seed 56: 882, Gain: 0.70, Total: 44.91
2026-01-07 19:35:10,393 - INFO - Seed 57: 883, Gain: 0.76, Total: 45.67
2026-01-07 19:35:19,761 - INFO - Seed 58: 249, Gain: 0.71, Total: 46.38
2026-01-07 19:35:23,015 - INFO - Seed 59: 1337, Gain: 0.86, Total: 47.23
2026-01-07 19:35:38,187 - INFO - Seed 60: 2283, Gain: 0.77, Total: 48.00
2026-01-07 19:35:40,828 - INFO - Seed 61: 40, Gain: 0.71, Total: 48.71
2026-01-07 19:35:41,496 - INFO - Seed 62: 3989, Gain: 0.86, Total: 49.57
2026-01-07 19:36:09,448 - INFO - Seed 63: 184, Gain: 0.80, Total: 50.38
2026-01-07 19:36:39,304 - INFO - Seed 64: 303, Gain: 0.81, Total: 51.19
2026-01-07 19:37:09,315 - INFO - Seed 65: 3489, Gain: 0.70, Total: 51.88
2026-01-07 19:37:19,746 - INFO - Seed 66: 2137, Gain: 0.71, Total: 52.60
2026-01-07 19:37:22,609 - INFO - Seed 67: 550, Gain: 0.72, Total: 53.32
2026-01-07 19:37:24,078 - INFO - Seed 68: 1498, Gain: 0.70, Total: 54.02
2026-01-07 19:37:24,839 - INFO - Seed 69: 3712, Gain: 0.79, Total: 54.80
2026-01-07 19:37:27,924 - INFO - Seed 70: 3864, Gain: 0.87, Total: 55.68
2026-01-07 19:37:37,151 - INFO - Seed 71: 1519, Gain: 0.70, Total: 56.37
2026-01-07 19:37:45,090 - INFO - Seed 72: 290, Gain: 0.77, Total: 57.14
2026-01-07 19:37:45,911 - INFO - Seed 73: 4047, Gain: 0.72, Total: 57.87
2026-01-07 19:37:49,989 - INFO - Seed 74: 437, Gain: 0.77, Total: 58.63
2026-01-07 19:37:54,717 - INFO - Seed 75: 511, Gain: 0.82, Total: 59.45
2026-01-07 19:38:01,109 - INFO - Seed 76: 3820, Gain: 0.72, Total: 60.17
2026-01-07 19:38:04,364 - INFO - Seed 77: 114, Gain: 0.94, Total: 61.11
2026-01-07 19:38:26,388 - INFO - Seed 78: 485, Gain: 0.68, Total: 61.79
2026-01-07 19:38:27,231 - INFO - Seed 79: 4477, Gain: 0.70, Total: 62.48
2026-01-07 19:38:29,007 - INFO - Seed 80: 3188, Gain: 0.79, Total: 63.27
2026-01-07 19:38:30,740 - INFO - Seed 81: 2572, Gain: 0.93, Total: 64.20
2026-01-07 19:38:42,891 - INFO - Seed 82: 3674, Gain: 0.89, Total: 65.09
2026-01-07 19:38:50,991 - INFO - Seed 83: 1760, Gain: 0.71, Total: 65.80
2026-01-07 19:38:54,610 - INFO - Seed 84: 3083, Gain: 0.77, Total: 66.58
2026-01-07 19:39:04,725 - INFO - Seed 85: 3167, Gain: 1.04, Total: 67.61
2026-01-07 19:41:55,718 - INFO - Seed 86: 3930, Gain: 0.81, Total: 68.42
2026-01-07 19:44:57,597 - INFO - Seed 87: 2288, Gain: 0.67, Total: 69.09
2026-01-07 19:45:57,938 - INFO - Seed 88: 4400, Gain: 0.64, Total: 69.73
2026-01-07 19:46:18,168 - INFO - Seed 89: 4259, Gain: 0.63, Total: 70.36
2026-01-07 19:46:28,937 - INFO - Seed 90: 742, Gain: 0.81, Total: 71.17
2026-01-07 19:46:57,783 - INFO - Seed 91: 3559, Gain: 0.87, Total: 72.03
2026-01-07 19:47:14,518 - INFO - Seed 92: 1924, Gain: 0.63, Total: 72.66
2026-01-07 19:47:17,632 - INFO - Seed 93: 4073, Gain: 0.63, Total: 73.29
2026-01-07 19:47:19,775 - INFO - Seed 94: 2162, Gain: 0.80, Total: 74.09
2026-01-07 19:47:21,852 - INFO - Seed 95: 719, Gain: 0.99, Total: 75.08
2026-01-07 19:47:22,901 - INFO - Seed 96: 287, Gain: 0.68, Total: 75.76
2026-01-07 19:47:25,020 - INFO - Seed 97: 4314, Gain: 0.77, Total: 76.54
2026-01-07 19:47:31,525 - INFO - Seed 98: 1018, Gain: 0.74, Total: 77.27
2026-01-07 19:47:32,591 - INFO - Seed 99: 3922, Gain: 0.75, Total: 78.03
2026-01-07 19:47:35,887 - INFO - Seed 100: 610, Gain: 0.70, Total: 78.72
2026-01-07 19:47:35,887 - INFO - CELF 完成，总耗时: 1584.94s
2026-01-07 19:47:35,888 - INFO - 当前用时 1584.94 秒
2026-01-07 19:47:35,888 - INFO - 将种子集 写入位置: /root/pythonspace/data-test/network.netDog/2026-1-10/seeds-with-network.netDog/random_monterCarlo_CELF_seedNum-100_SSRNum-100000.txt
2026-01-07 19:47:35,888 - INFO - 评估种子集: None
2026-01-07 19:47:35,888 - INFO - 多进程评估开始，共有 6 个方法待评估...
2026-01-07 19:47:35,888 - INFO - 启动进程池，Worker数量: 6
2026-01-07 19:47:36,566 - INFO - [Process 26296] 开始评估方法: random, 种子数: 100
2026-01-07 19:47:37,084 - INFO - [Process 26297] 开始评估方法: degreeTopM, 种子数: 100
2026-01-07 19:47:37,605 - INFO - [Process 26298] 开始评估方法: pageRank, 种子数: 100
2026-01-07 19:47:38,124 - INFO - [Process 26299] 开始评估方法: alpha_sort, 种子数: 100
2026-01-07 19:47:38,575 - INFO - [Process 26300] 开始评估方法: ris_coverage, 种子数: 100
2026-01-07 19:47:39,026 - INFO - [Process 26301] 开始评估方法: monterCarlo_CELF, 种子数: 100
2026-01-07 19:47:39,104 - INFO - [Process 26296] random - 500 sims 完成: E=77.33
2026-01-07 19:47:39,590 - INFO - [Process 26297] degreeTopM - 500 sims 完成: E=75.02
2026-01-07 19:47:40,205 - INFO - [Process 26298] pageRank - 500 sims 完成: E=75.32
2026-01-07 19:47:40,755 - INFO - [Process 26299] alpha_sort - 500 sims 完成: E=78.91
2026-01-07 19:47:41,026 - INFO - [Process 26300] ris_coverage - 500 sims 完成: E=76.35
2026-01-07 19:47:41,516 - INFO - [Process 26301] monterCarlo_CELF - 500 sims 完成: E=78.57
2026-01-07 19:47:41,542 - INFO - 所有进程执行完毕，开始写入数据...
2026-01-07 19:47:41,554 - INFO - 成功写入 6 条记录至 /root/pythonspace/data-test/network.netDog/2026-1-10/E-activated-network.netDog/distribution-random/simuTimes-500_random-dirichlet-[400, 100, 500]_rrNumSamples-100000.csv
2026-01-07 19:47:41,555 - INFO - 保存评估文件至: /root/pythonspace/data-test/network.netDog/2026-1-10/E-activated-network.netDog/distribution-random/simuTimes-500_random-dirichlet-[400, 100, 500]_rrNumSamples-100000.csv
