2026-03-08 22:42:54,294 - INFO - 加载数据集: network.netactorcollaboration
2026-03-08 22:42:54,296 - INFO - --- 矩阵分析 ---
2026-03-08 22:42:54,296 - INFO - 节点数 (N): 4525
2026-03-08 22:42:54,296 - INFO - 边数 (E): 27326
2026-03-08 22:42:54,296 - INFO - 密度 (Density): 0.00133456 (越小越稀疏)
2026-03-08 22:42:54,296 - INFO - 稀疏度 (Sparsity): 0.99866544 (越接近1越稀疏)
2026-03-08 22:42:54,296 - INFO - 平均度数 (Avg Degree): 6.04
2026-03-08 22:42:54,296 - INFO - >>> 正在注入完美对抗属性（验证三条定理）...
2026-03-08 22:42:54,337 - INFO - 首次生成种子集 random
2026-03-08 22:42:54,337 - INFO - 执行当前算法开始: random
2026-03-08 22:42:54,337 - INFO - 数据集节点总数:  n = 4525, m = 50
2026-03-08 22:42:54,337 - INFO - 选择 50  [1161, 1696, 273, 144, 1128, 2603, 2894, 3906, 1367, 3451, 4311, 3847, 808, 3597, 151, 4224, 1063, 132, 2281, 2563, 4511, 204, 1183, 2984, 2433, 994, 4315, 1849, 2840, 4037, 3851, 1108, 3734, 377, 1144, 3969, 2743, 3942, 79, 1659, 4091, 4230, 1635, 3061, 2466, 2113, 2884, 2110, 3881, 1966]

2026-03-08 22:42:54,337 - INFO - 当前用时 0.00 秒
2026-03-08 22:42:54,337 - INFO - 将种子集 写入位置: /home/wen/work/coup_spread/network.netactorcollaboration/2026-3-9/seeds-with-network.netactorcollaboration/random_random_seedNum-50_SSRNum-50000.txt
2026-03-08 22:42:54,337 - INFO - 首次生成种子集 degreeTopM
2026-03-08 22:42:54,337 - INFO - 执行当前算法开始: degreeTopM
2026-03-08 22:42:54,338 - INFO - 依据: 选择连接数（度数）最多的节点。
2026-03-08 22:42:54,338 - INFO - 选择的 Top M 节点及其度数:
2026-03-08 22:42:54,338 - INFO - 
2026-03-08 22:42:54,338 - INFO - 当前用时 0.00 秒
2026-03-08 22:42:54,338 - INFO - 将种子集 写入位置: /home/wen/work/coup_spread/network.netactorcollaboration/2026-3-9/seeds-with-network.netactorcollaboration/random_degreeTopM_seedNum-50_SSRNum-50000.txt
2026-03-08 22:42:54,339 - INFO - 首次生成种子集 pageRank
2026-03-08 22:42:54,339 - INFO - 执行当前算法开始: pageRank
2026-03-08 22:42:54,339 - INFO - --- Running: PageRank (on tranProMatrix) Top M ---
2026-03-08 22:42:54,642 - INFO - Selected PageRank seeds: [109, 773, 106, 666, 886, 1738, 430, 719, 659, 1686, 614, 160, 1110, 1489, 1209, 1431, 60, 782, 1972, 527, 814, 1062, 28, 21, 257, 1858, 37, 1403, 287, 488, 1481, 653, 1432, 1180, 1269, 1020, 1233, 1308, 1127, 1706, 39, 401, 197, 1745, 865, 364, 1687, 461, 57, 278]
2026-03-08 22:42:54,643 - INFO - 当前用时 0.30 秒
2026-03-08 22:42:54,643 - INFO - 将种子集 写入位置: /home/wen/work/coup_spread/network.netactorcollaboration/2026-3-9/seeds-with-network.netactorcollaboration/random_pageRank_seedNum-50_SSRNum-50000.txt
2026-03-08 22:42:54,643 - INFO - 首次生成种子集 alpha_sort
2026-03-08 22:42:54,643 - INFO - 执行当前算法开始: alpha_sort
2026-03-08 22:42:54,644 - INFO - 4525 个节点的alpha值降序排序 done
2026-03-08 22:42:54,644 - INFO - ==============>> [(3621, np.float64(0.3)), (3622, np.float64(0.3)), (3623, np.float64(0.3)), (3624, np.float64(0.3)), (3625, np.float64(0.3)), (3626, np.float64(0.3)), (3627, np.float64(0.3)), (3628, np.float64(0.3)), (3629, np.float64(0.3)), (3630, np.float64(0.3))]
2026-03-08 22:42:54,644 - INFO - 
选择的种子集 (按alpha排序): [3621, 3622, 3623, 3624, 3625, 3626, 3627, 3628, 3629, 3630, 3631, 3632, 3633, 3634, 3635, 3636, 3637, 3638, 3639, 3640, 3641, 3642, 3643, 3644, 3645, 3646, 3647, 3648, 3649, 3650, 3651, 3652, 3653, 3654, 3655, 3656, 3657, 3658, 3659, 3660, 3661, 3662, 3663, 3664, 3665, 3666, 3667, 3668, 3669, 3670]

2026-03-08 22:42:54,644 - INFO - 当前用时 0.00 秒
2026-03-08 22:42:54,644 - INFO - 将种子集 写入位置: /home/wen/work/coup_spread/network.netactorcollaboration/2026-3-9/seeds-with-network.netactorcollaboration/random_alpha_sort_seedNum-50_SSRNum-50000.txt
2026-03-08 22:42:54,644 - INFO - 首次生成种子集 ris_optimized
2026-03-08 22:42:54,644 - INFO - 执行当前算法开始: ris_optimized
2026-03-08 22:42:54,897 - INFO - 图初始化完成，节点数: 4525，当前模式: 优化采样
2026-03-08 22:42:54,897 - INFO - 开始生成 50000 组多重RR-Set...
2026-03-08 22:43:02,019 - INFO - 生成完毕。耗时: 7.12 秒。
2026-03-08 22:43:02,039 - INFO - 开始基于多重RR集贪心选择最优种子...
2026-03-08 22:43:03,638 - INFO - 选种完毕。耗时: 1.60 秒。估算范围: 81.41
2026-03-08 22:43:03,924 - INFO - 当前用时 9.28 秒
2026-03-08 22:43:03,925 - INFO - 将种子集 写入位置: /home/wen/work/coup_spread/network.netactorcollaboration/2026-3-9/seeds-with-network.netactorcollaboration/random_ris_optimized_seedNum-50_SSRNum-50000.txt
2026-03-08 22:43:03,925 - INFO - 评估种子集: None
2026-03-08 22:43:03,925 - INFO - 多进程评估开始，共有 5 个方法待评估...
2026-03-08 22:43:03,925 - INFO - 启动进程池，Worker数量: 5
2026-03-08 22:43:04,652 - INFO - [Process 3674148] 开始评估方法: random, 种子数: 50
2026-03-08 22:43:05,212 - INFO - [Process 3674149] 开始评估方法: degreeTopM, 种子数: 50
2026-03-08 22:43:05,778 - INFO - [Process 3674150] 开始评估方法: pageRank, 种子数: 50
2026-03-08 22:43:06,353 - INFO - [Process 3674151] 开始评估方法: alpha_sort, 种子数: 50
2026-03-08 22:43:06,918 - INFO - [Process 3674152] 开始评估方法: ris_optimized, 种子数: 50
2026-03-08 22:43:07,090 - INFO - [alpha_sort - 种子:50] 拉新:20.8人 | 总销量:21.1单 | 品牌曝光:78.4次 | 🌟综合得分:28.8
2026-03-08 22:43:07,875 - INFO - [random - 种子:50] 拉新:34.9人 | 总销量:35.1单 | 品牌曝光:173.8次 | 🌟综合得分:52.4
2026-03-08 22:43:09,138 - INFO - [degreeTopM - 种子:50] 拉新:42.6人 | 总销量:44.2单 | 品牌曝光:220.4次 | 🌟综合得分:65.4
2026-03-08 22:43:09,884 - INFO - [pageRank - 种子:50] 拉新:42.2人 | 总销量:43.5单 | 品牌曝光:216.6次 | 🌟综合得分:64.5
2026-03-08 22:43:11,142 - INFO - [ris_optimized - 种子:50] 拉新:43.7人 | 总销量:44.2单 | 品牌曝光:219.9次 | 🌟综合得分:66.0
2026-03-08 22:43:11,169 - INFO - 所有进程执行完毕，开始写入数据...
2026-03-08 22:43:11,184 - INFO - 成功写入 5 条记录至 /home/wen/work/coup_spread/gzc-impl/results/network.netactorcollaboration/2026-3-9/random_SSRNum-50000-_seedNum-50_simuTimes-500.csv
2026-03-08 22:43:11,185 - INFO - 保存评估文件至: /home/wen/work/coup_spread/gzc-impl/results/network.netactorcollaboration/2026-3-9/random_SSRNum-50000-_seedNum-50_simuTimes-500.csv
2026-03-08 22:43:11,197 - INFO - 加载数据集: network.netactorcollaboration
2026-03-08 22:43:11,197 - INFO - --- 矩阵分析 ---
2026-03-08 22:43:11,197 - INFO - 节点数 (N): 4525
2026-03-08 22:43:11,197 - INFO - 边数 (E): 27326
2026-03-08 22:43:11,198 - INFO - 密度 (Density): 0.00133456 (越小越稀疏)
2026-03-08 22:43:11,198 - INFO - 稀疏度 (Sparsity): 0.99866544 (越接近1越稀疏)
2026-03-08 22:43:11,198 - INFO - 平均度数 (Avg Degree): 6.04
2026-03-08 22:43:11,198 - INFO - >>> 正在注入完美对抗属性（验证三条定理）...
2026-03-08 22:43:11,242 - INFO - 首次生成种子集 random
2026-03-08 22:43:11,242 - INFO - 执行当前算法开始: random
2026-03-08 22:43:11,242 - INFO - 数据集节点总数:  n = 4525, m = 75
2026-03-08 22:43:11,242 - INFO - 选择 75  [4393, 779, 3014, 2282, 1628, 934, 3446, 2682, 4327, 3308, 2407, 1317, 2520, 1513, 1739, 4467, 3914, 2528, 820, 2733, 269, 1388, 4285, 1665, 1239, 2526, 899, 1359, 2299, 2179, 487, 4083, 402, 3717, 3457, 1622, 4082, 2685, 4505, 3130, 2899, 4439, 2235, 316, 908, 3540, 1101, 3409, 829, 1707, 2497, 747, 3624, 252, 1833, 4365, 3871, 3247, 4394, 306, 53, 2959, 2516, 3695, 1491, 3906, 693, 1866, 3639, 2040, 2077, 2658, 2080, 1006, 2904]

2026-03-08 22:43:11,242 - INFO - 当前用时 0.00 秒
2026-03-08 22:43:11,242 - INFO - 将种子集 写入位置: /home/wen/work/coup_spread/network.netactorcollaboration/2026-3-9/seeds-with-network.netactorcollaboration/random_random_seedNum-75_SSRNum-50000.txt
2026-03-08 22:43:11,242 - INFO - 首次生成种子集 degreeTopM
2026-03-08 22:43:11,243 - INFO - 执行当前算法开始: degreeTopM
2026-03-08 22:43:11,243 - INFO - 依据: 选择连接数（度数）最多的节点。
2026-03-08 22:43:11,243 - INFO - 选择的 Top M 节点及其度数:
2026-03-08 22:43:11,243 - INFO - 
2026-03-08 22:43:11,243 - INFO - 当前用时 0.00 秒
2026-03-08 22:43:11,243 - INFO - 将种子集 写入位置: /home/wen/work/coup_spread/network.netactorcollaboration/2026-3-9/seeds-with-network.netactorcollaboration/random_degreeTopM_seedNum-75_SSRNum-50000.txt
2026-03-08 22:43:11,244 - INFO - 首次生成种子集 pageRank
2026-03-08 22:43:11,244 - INFO - 执行当前算法开始: pageRank
2026-03-08 22:43:11,244 - INFO - --- Running: PageRank (on tranProMatrix) Top M ---
2026-03-08 22:43:11,501 - INFO - Selected PageRank seeds: [109, 773, 106, 666, 886, 1738, 430, 719, 659, 1686, 614, 160, 1110, 1489, 1209, 1431, 60, 782, 1972, 527, 814, 1062, 28, 21, 257, 1858, 37, 1403, 287, 488, 1481, 653, 1432, 1180, 1269, 1020, 1233, 1308, 1127, 1706, 39, 401, 197, 1745, 865, 364, 1687, 461, 57, 278, 952, 59, 506, 2777, 1547, 1488, 1715, 445, 1609, 67, 1495, 65, 677, 437, 1681, 90, 1457, 190, 649, 1059, 1064, 1324, 675, 102, 638]
2026-03-08 22:43:11,502 - INFO - 当前用时 0.26 秒
2026-03-08 22:43:11,502 - INFO - 将种子集 写入位置: /home/wen/work/coup_spread/network.netactorcollaboration/2026-3-9/seeds-with-network.netactorcollaboration/random_pageRank_seedNum-75_SSRNum-50000.txt
2026-03-08 22:43:11,502 - INFO - 首次生成种子集 alpha_sort
2026-03-08 22:43:11,502 - INFO - 执行当前算法开始: alpha_sort
2026-03-08 22:43:11,503 - INFO - 4525 个节点的alpha值降序排序 done
2026-03-08 22:43:11,503 - INFO - ==============>> [(3621, np.float64(0.3)), (3622, np.float64(0.3)), (3623, np.float64(0.3)), (3624, np.float64(0.3)), (3625, np.float64(0.3)), (3626, np.float64(0.3)), (3627, np.float64(0.3)), (3628, np.float64(0.3)), (3629, np.float64(0.3)), (3630, np.float64(0.3))]
2026-03-08 22:43:11,503 - INFO - 
选择的种子集 (按alpha排序): [3621, 3622, 3623, 3624, 3625, 3626, 3627, 3628, 3629, 3630, 3631, 3632, 3633, 3634, 3635, 3636, 3637, 3638, 3639, 3640, 3641, 3642, 3643, 3644, 3645, 3646, 3647, 3648, 3649, 3650, 3651, 3652, 3653, 3654, 3655, 3656, 3657, 3658, 3659, 3660, 3661, 3662, 3663, 3664, 3665, 3666, 3667, 3668, 3669, 3670, 3671, 3672, 3673, 3674, 3675, 3676, 3677, 3678, 3679, 3680, 3681, 3682, 3683, 3684, 3685, 3686, 3687, 3688, 3689, 3690, 3691, 3692, 3693, 3694, 3695]

2026-03-08 22:43:11,503 - INFO - 当前用时 0.00 秒
2026-03-08 22:43:11,503 - INFO - 将种子集 写入位置: /home/wen/work/coup_spread/network.netactorcollaboration/2026-3-9/seeds-with-network.netactorcollaboration/random_alpha_sort_seedNum-75_SSRNum-50000.txt
2026-03-08 22:43:11,503 - INFO - 首次生成种子集 ris_optimized
2026-03-08 22:43:11,503 - INFO - 执行当前算法开始: ris_optimized
2026-03-08 22:43:11,753 - INFO - 图初始化完成，节点数: 4525，当前模式: 优化采样
2026-03-08 22:43:11,753 - INFO - 开始生成 50000 组多重RR-Set...
2026-03-08 22:43:20,594 - INFO - 生成完毕。耗时: 8.84 秒。
2026-03-08 22:43:20,608 - INFO - 开始基于多重RR集贪心选择最优种子...
2026-03-08 22:43:22,820 - INFO - 选种完毕。耗时: 2.21 秒。估算范围: 120.09
2026-03-08 22:43:23,263 - INFO - 当前用时 11.76 秒
2026-03-08 22:43:23,263 - INFO - 将种子集 写入位置: /home/wen/work/coup_spread/network.netactorcollaboration/2026-3-9/seeds-with-network.netactorcollaboration/random_ris_optimized_seedNum-75_SSRNum-50000.txt
2026-03-08 22:43:23,264 - INFO - 评估种子集: None
2026-03-08 22:43:23,264 - INFO - 多进程评估开始，共有 5 个方法待评估...
2026-03-08 22:43:23,264 - INFO - 启动进程池，Worker数量: 5
2026-03-08 22:43:23,992 - INFO - [Process 3674553] 开始评估方法: random, 种子数: 75
2026-03-08 22:43:24,553 - INFO - [Process 3674554] 开始评估方法: degreeTopM, 种子数: 75
2026-03-08 22:43:25,119 - INFO - [Process 3674555] 开始评估方法: pageRank, 种子数: 75
2026-03-08 22:43:25,699 - INFO - [Process 3674556] 开始评估方法: alpha_sort, 种子数: 75
2026-03-08 22:43:26,258 - INFO - [Process 3674557] 开始评估方法: ris_optimized, 种子数: 75
2026-03-08 22:43:26,871 - INFO - [alpha_sort - 种子:75] 拉新:31.9人 | 总销量:32.3单 | 品牌曝光:120.7次 | 🌟综合得分:44.2
2026-03-08 22:43:28,578 - INFO - [random - 种子:75] 拉新:53.1人 | 总销量:53.5单 | 品牌曝光:269.1次 | 🌟综合得分:80.2
2026-03-08 22:43:30,538 - INFO - [degreeTopM - 种子:75] 拉新:62.7人 | 总销量:66.0单 | 品牌曝光:329.1次 | 🌟综合得分:97.3
2026-03-08 22:43:31,005 - INFO - [pageRank - 种子:75] 拉新:61.9人 | 总销量:64.6单 | 品牌曝光:321.6次 | 🌟综合得分:95.4
2026-03-08 22:43:32,272 - INFO - [ris_optimized - 种子:75] 拉新:65.8人 | 总销量:66.9单 | 品牌曝光:334.6次 | 🌟综合得分:99.8
2026-03-08 22:43:32,301 - INFO - 所有进程执行完毕，开始写入数据...
2026-03-08 22:43:32,312 - INFO - 成功写入 5 条记录至 /home/wen/work/coup_spread/gzc-impl/results/network.netactorcollaboration/2026-3-9/random_SSRNum-50000-_seedNum-75_simuTimes-500.csv
2026-03-08 22:43:32,313 - INFO - 保存评估文件至: /home/wen/work/coup_spread/gzc-impl/results/network.netactorcollaboration/2026-3-9/random_SSRNum-50000-_seedNum-75_simuTimes-500.csv
2026-03-08 22:43:32,328 - INFO - 加载数据集: network.netactorcollaboration
2026-03-08 22:43:32,329 - INFO - --- 矩阵分析 ---
2026-03-08 22:43:32,329 - INFO - 节点数 (N): 4525
2026-03-08 22:43:32,329 - INFO - 边数 (E): 27326
2026-03-08 22:43:32,330 - INFO - 密度 (Density): 0.00133456 (越小越稀疏)
2026-03-08 22:43:32,330 - INFO - 稀疏度 (Sparsity): 0.99866544 (越接近1越稀疏)
2026-03-08 22:43:32,330 - INFO - 平均度数 (Avg Degree): 6.04
2026-03-08 22:43:32,330 - INFO - >>> 正在注入完美对抗属性（验证三条定理）...
2026-03-08 22:43:32,373 - INFO - 首次生成种子集 random
2026-03-08 22:43:32,373 - INFO - 执行当前算法开始: random
2026-03-08 22:43:32,373 - INFO - 数据集节点总数:  n = 4525, m = 100
2026-03-08 22:43:32,374 - INFO - 选择 100  [568, 817, 2015, 3435, 675, 263, 247, 1798, 3457, 1312, 2644, 900, 3363, 935, 2646, 3169, 4118, 1126, 2001, 4485, 3258, 1878, 76, 1323, 481, 2402, 244, 3807, 2392, 3141, 969, 3899, 476, 818, 4026, 396, 4274, 2081, 1000, 52, 4148, 4154, 1479, 3843, 1071, 1120, 1038, 4514, 572, 2479, 1530, 4367, 1578, 2067, 617, 1614, 3024, 3612, 4201, 223, 3560, 1639, 4386, 1713, 1318, 3446, 3388, 1690, 2948, 1510, 251, 3353, 3804, 314, 3098, 4164, 563, 3264, 3432, 800, 1945, 3945, 3049, 1390, 480, 737, 771, 1125, 1883, 2177, 2049, 2819, 2099, 4380, 4434, 1254, 4255, 1834, 1455, 538]

2026-03-08 22:43:32,374 - INFO - 当前用时 0.00 秒
2026-03-08 22:43:32,374 - INFO - 将种子集 写入位置: /home/wen/work/coup_spread/network.netactorcollaboration/2026-3-9/seeds-with-network.netactorcollaboration/random_random_seedNum-100_SSRNum-50000.txt
2026-03-08 22:43:32,374 - INFO - 首次生成种子集 degreeTopM
2026-03-08 22:43:32,374 - INFO - 执行当前算法开始: degreeTopM
2026-03-08 22:43:32,374 - INFO - 依据: 选择连接数（度数）最多的节点。
2026-03-08 22:43:32,374 - INFO - 选择的 Top M 节点及其度数:
2026-03-08 22:43:32,375 - INFO - 
2026-03-08 22:43:32,375 - INFO - 当前用时 0.00 秒
2026-03-08 22:43:32,375 - INFO - 将种子集 写入位置: /home/wen/work/coup_spread/network.netactorcollaboration/2026-3-9/seeds-with-network.netactorcollaboration/random_degreeTopM_seedNum-100_SSRNum-50000.txt
2026-03-08 22:43:32,375 - INFO - 首次生成种子集 pageRank
2026-03-08 22:43:32,375 - INFO - 执行当前算法开始: pageRank
2026-03-08 22:43:32,375 - INFO - --- Running: PageRank (on tranProMatrix) Top M ---
2026-03-08 22:43:32,631 - INFO - Selected PageRank seeds: [109, 773, 106, 666, 886, 1738, 430, 719, 659, 1686, 614, 160, 1110, 1489, 1209, 1431, 60, 782, 1972, 527, 814, 1062, 28, 21, 257, 1858, 37, 1403, 287, 488, 1481, 653, 1432, 1180, 1269, 1020, 1233, 1308, 1127, 1706, 39, 401, 197, 1745, 865, 364, 1687, 461, 57, 278, 952, 59, 506, 2777, 1547, 1488, 1715, 445, 1609, 67, 1495, 65, 677, 437, 1681, 90, 1457, 190, 649, 1059, 1064, 1324, 675, 102, 638, 1433, 538, 308, 1214, 1450, 350, 702, 289, 2645, 647, 319, 555, 2119, 1902, 212, 1847, 2565, 986, 286, 183, 248, 784, 750, 1767, 294]
2026-03-08 22:43:32,631 - INFO - 当前用时 0.26 秒
2026-03-08 22:43:32,632 - INFO - 将种子集 写入位置: /home/wen/work/coup_spread/network.netactorcollaboration/2026-3-9/seeds-with-network.netactorcollaboration/random_pageRank_seedNum-100_SSRNum-50000.txt
2026-03-08 22:43:32,632 - INFO - 首次生成种子集 alpha_sort
2026-03-08 22:43:32,632 - INFO - 执行当前算法开始: alpha_sort
2026-03-08 22:43:32,632 - INFO - 4525 个节点的alpha值降序排序 done
2026-03-08 22:43:32,633 - INFO - ==============>> [(3621, np.float64(0.3)), (3622, np.float64(0.3)), (3623, np.float64(0.3)), (3624, np.float64(0.3)), (3625, np.float64(0.3)), (3626, np.float64(0.3)), (3627, np.float64(0.3)), (3628, np.float64(0.3)), (3629, np.float64(0.3)), (3630, np.float64(0.3))]
2026-03-08 22:43:32,633 - INFO - 
选择的种子集 (按alpha排序): [3621, 3622, 3623, 3624, 3625, 3626, 3627, 3628, 3629, 3630, 3631, 3632, 3633, 3634, 3635, 3636, 3637, 3638, 3639, 3640, 3641, 3642, 3643, 3644, 3645, 3646, 3647, 3648, 3649, 3650, 3651, 3652, 3653, 3654, 3655, 3656, 3657, 3658, 3659, 3660, 3661, 3662, 3663, 3664, 3665, 3666, 3667, 3668, 3669, 3670, 3671, 3672, 3673, 3674, 3675, 3676, 3677, 3678, 3679, 3680, 3681, 3682, 3683, 3684, 3685, 3686, 3687, 3688, 3689, 3690, 3691, 3692, 3693, 3694, 3695, 3696, 3697, 3698, 3699, 3700, 3701, 3702, 3703, 3704, 3705, 3706, 3707, 3708, 3709, 3710, 3711, 3712, 3713, 3714, 3715, 3716, 3717, 3718, 3719, 3720]

2026-03-08 22:43:32,633 - INFO - 当前用时 0.00 秒
2026-03-08 22:43:32,633 - INFO - 将种子集 写入位置: /home/wen/work/coup_spread/network.netactorcollaboration/2026-3-9/seeds-with-network.netactorcollaboration/random_alpha_sort_seedNum-100_SSRNum-50000.txt
2026-03-08 22:43:32,633 - INFO - 首次生成种子集 ris_optimized
2026-03-08 22:43:32,633 - INFO - 执行当前算法开始: ris_optimized
2026-03-08 22:43:32,894 - INFO - 图初始化完成，节点数: 4525，当前模式: 优化采样
2026-03-08 22:43:32,894 - INFO - 开始生成 50000 组多重RR-Set...
2026-03-08 22:43:43,455 - INFO - 生成完毕。耗时: 10.56 秒。
2026-03-08 22:43:43,470 - INFO - 开始基于多重RR集贪心选择最优种子...
2026-03-08 22:43:48,188 - INFO - 选种完毕。耗时: 4.72 秒。估算范围: 158.83
2026-03-08 22:43:48,708 - INFO - 当前用时 16.07 秒
2026-03-08 22:43:48,708 - INFO - 将种子集 写入位置: /home/wen/work/coup_spread/network.netactorcollaboration/2026-3-9/seeds-with-network.netactorcollaboration/random_ris_optimized_seedNum-100_SSRNum-50000.txt
2026-03-08 22:43:48,709 - INFO - 评估种子集: None
2026-03-08 22:43:48,709 - INFO - 多进程评估开始，共有 5 个方法待评估...
2026-03-08 22:43:48,710 - INFO - 启动进程池，Worker数量: 5
2026-03-08 22:43:49,461 - INFO - [Process 3675005] 开始评估方法: random, 种子数: 100
2026-03-08 22:43:50,028 - INFO - [Process 3675006] 开始评估方法: degreeTopM, 种子数: 100
2026-03-08 22:43:50,592 - INFO - [Process 3675007] 开始评估方法: pageRank, 种子数: 100
2026-03-08 22:43:51,171 - INFO - [Process 3675008] 开始评估方法: alpha_sort, 种子数: 100
2026-03-08 22:43:51,741 - INFO - [Process 3675009] 开始评估方法: ris_optimized, 种子数: 100
2026-03-08 22:43:52,642 - INFO - [alpha_sort - 种子:100] 拉新:42.3人 | 总销量:42.8单 | 品牌曝光:159.9次 | 🌟综合得分:58.5
2026-03-08 22:43:55,906 - INFO - [random - 种子:100] 拉新:74.1人 | 总销量:75.1单 | 品牌曝光:379.7次 | 🌟综合得分:112.5
2026-03-08 22:43:58,270 - INFO - [degreeTopM - 种子:100] 拉新:82.8人 | 总销量:88.1单 | 品牌曝光:440.4次 | 🌟综合得分:129.5
2026-03-08 22:43:58,545 - INFO - [pageRank - 种子:100] 拉新:81.8人 | 总销量:86.1单 | 品牌曝光:429.5次 | 🌟综合得分:126.9
2026-03-08 22:43:59,810 - INFO - [ris_optimized - 种子:100] 拉新:86.9人 | 总销量:89.2单 | 品牌曝光:446.6次 | 🌟综合得分:132.7
2026-03-08 22:43:59,837 - INFO - 所有进程执行完毕，开始写入数据...
2026-03-08 22:43:59,849 - INFO - 成功写入 5 条记录至 /home/wen/work/coup_spread/gzc-impl/results/network.netactorcollaboration/2026-3-9/random_SSRNum-50000-_seedNum-100_simuTimes-500.csv
2026-03-08 22:43:59,851 - INFO - 保存评估文件至: /home/wen/work/coup_spread/gzc-impl/results/network.netactorcollaboration/2026-3-9/random_SSRNum-50000-_seedNum-100_simuTimes-500.csv
2026-03-08 22:43:59,864 - INFO - 加载数据集: network.netactorcollaboration
2026-03-08 22:43:59,865 - INFO - --- 矩阵分析 ---
2026-03-08 22:43:59,865 - INFO - 节点数 (N): 4525
2026-03-08 22:43:59,865 - INFO - 边数 (E): 27326
2026-03-08 22:43:59,865 - INFO - 密度 (Density): 0.00133456 (越小越稀疏)
2026-03-08 22:43:59,865 - INFO - 稀疏度 (Sparsity): 0.99866544 (越接近1越稀疏)
2026-03-08 22:43:59,865 - INFO - 平均度数 (Avg Degree): 6.04
2026-03-08 22:43:59,865 - INFO - >>> 正在注入完美对抗属性（验证三条定理）...
2026-03-08 22:43:59,909 - INFO - 首次生成种子集 random
2026-03-08 22:43:59,909 - INFO - 执行当前算法开始: random
2026-03-08 22:43:59,909 - INFO - 数据集节点总数:  n = 4525, m = 125
2026-03-08 22:43:59,909 - INFO - 选择 125  [3572, 3293, 3062, 70, 2818, 3084, 522, 2841, 1651, 664, 612, 1366, 832, 3499, 4391, 2676, 42, 662, 654, 1406, 1013, 572, 2262, 4180, 1824, 865, 3004, 3653, 4390, 2851, 395, 3063, 2196, 767, 1609, 2842, 2613, 460, 26, 689, 937, 2985, 3845, 1507, 3359, 4094, 2931, 447, 4354, 179, 2244, 3781, 2391, 2650, 3370, 3617, 1782, 435, 72, 416, 1331, 4293, 1296, 3335, 2715, 4334, 1236, 894, 2943, 2340, 2586, 3569, 2876, 2774, 1998, 1423, 2018, 2385, 2320, 45, 126, 977, 959, 4022, 2089, 2164, 736, 566, 2727, 3406, 3727, 208, 881, 2878, 3101, 4446, 3932, 223, 4098, 987, 1986, 1597, 4057, 3697, 914, 605, 3308, 814, 2280, 3443, 604, 1180, 594, 3323, 1660, 3076, 2359, 3801, 3201, 2928, 1199, 1525, 1047, 2346, 1400]

2026-03-08 22:43:59,909 - INFO - 当前用时 0.00 秒
2026-03-08 22:43:59,909 - INFO - 将种子集 写入位置: /home/wen/work/coup_spread/network.netactorcollaboration/2026-3-9/seeds-with-network.netactorcollaboration/random_random_seedNum-125_SSRNum-50000.txt
2026-03-08 22:43:59,910 - INFO - 首次生成种子集 degreeTopM
2026-03-08 22:43:59,910 - INFO - 执行当前算法开始: degreeTopM
2026-03-08 22:43:59,910 - INFO - 依据: 选择连接数（度数）最多的节点。
2026-03-08 22:43:59,910 - INFO - 选择的 Top M 节点及其度数:
2026-03-08 22:43:59,910 - INFO - 
2026-03-08 22:43:59,910 - INFO - 当前用时 0.00 秒
2026-03-08 22:43:59,911 - INFO - 将种子集 写入位置: /home/wen/work/coup_spread/network.netactorcollaboration/2026-3-9/seeds-with-network.netactorcollaboration/random_degreeTopM_seedNum-125_SSRNum-50000.txt
2026-03-08 22:43:59,911 - INFO - 首次生成种子集 pageRank
2026-03-08 22:43:59,911 - INFO - 执行当前算法开始: pageRank
2026-03-08 22:43:59,911 - INFO - --- Running: PageRank (on tranProMatrix) Top M ---
2026-03-08 22:44:00,166 - INFO - Selected PageRank seeds: [109, 773, 106, 666, 886, 1738, 430, 719, 659, 1686, 614, 160, 1110, 1489, 1209, 1431, 60, 782, 1972, 527, 814, 1062, 28, 21, 257, 1858, 37, 1403, 287, 488, 1481, 653, 1432, 1180, 1269, 1020, 1233, 1308, 1127, 1706, 39, 401, 197, 1745, 865, 364, 1687, 461, 57, 278, 952, 59, 506, 2777, 1547, 1488, 1715, 445, 1609, 67, 1495, 65, 677, 437, 1681, 90, 1457, 190, 649, 1059, 1064, 1324, 675, 102, 638, 1433, 538, 308, 1214, 1450, 350, 702, 289, 2645, 647, 319, 555, 2119, 1902, 212, 1847, 2565, 986, 286, 183, 248, 784, 750, 1767, 294, 2534, 819, 1156, 1422, 2236, 1594, 1918, 453, 885, 522, 193, 348, 993, 162, 1666, 2247, 620, 1394, 1161, 3036, 2405, 906, 2125, 1792, 1054]
2026-03-08 22:44:00,167 - INFO - 当前用时 0.26 秒
2026-03-08 22:44:00,167 - INFO - 将种子集 写入位置: /home/wen/work/coup_spread/network.netactorcollaboration/2026-3-9/seeds-with-network.netactorcollaboration/random_pageRank_seedNum-125_SSRNum-50000.txt
2026-03-08 22:44:00,167 - INFO - 首次生成种子集 alpha_sort
2026-03-08 22:44:00,167 - INFO - 执行当前算法开始: alpha_sort
2026-03-08 22:44:00,168 - INFO - 4525 个节点的alpha值降序排序 done
2026-03-08 22:44:00,168 - INFO - ==============>> [(3621, np.float64(0.3)), (3622, np.float64(0.3)), (3623, np.float64(0.3)), (3624, np.float64(0.3)), (3625, np.float64(0.3)), (3626, np.float64(0.3)), (3627, np.float64(0.3)), (3628, np.float64(0.3)), (3629, np.float64(0.3)), (3630, np.float64(0.3))]
2026-03-08 22:44:00,168 - INFO - 
选择的种子集 (按alpha排序): [3621, 3622, 3623, 3624, 3625, 3626, 3627, 3628, 3629, 3630, 3631, 3632, 3633, 3634, 3635, 3636, 3637, 3638, 3639, 3640, 3641, 3642, 3643, 3644, 3645, 3646, 3647, 3648, 3649, 3650, 3651, 3652, 3653, 3654, 3655, 3656, 3657, 3658, 3659, 3660, 3661, 3662, 3663, 3664, 3665, 3666, 3667, 3668, 3669, 3670, 3671, 3672, 3673, 3674, 3675, 3676, 3677, 3678, 3679, 3680, 3681, 3682, 3683, 3684, 3685, 3686, 3687, 3688, 3689, 3690, 3691, 3692, 3693, 3694, 3695, 3696, 3697, 3698, 3699, 3700, 3701, 3702, 3703, 3704, 3705, 3706, 3707, 3708, 3709, 3710, 3711, 3712, 3713, 3714, 3715, 3716, 3717, 3718, 3719, 3720, 3721, 3722, 3723, 3724, 3725, 3726, 3727, 3728, 3729, 3730, 3731, 3732, 3733, 3734, 3735, 3736, 3737, 3738, 3739, 3740, 3741, 3742, 3743, 3744, 3745]

2026-03-08 22:44:00,168 - INFO - 当前用时 0.00 秒
2026-03-08 22:44:00,168 - INFO - 将种子集 写入位置: /home/wen/work/coup_spread/network.netactorcollaboration/2026-3-9/seeds-with-network.netactorcollaboration/random_alpha_sort_seedNum-125_SSRNum-50000.txt
2026-03-08 22:44:00,169 - INFO - 首次生成种子集 ris_optimized
2026-03-08 22:44:00,169 - INFO - 执行当前算法开始: ris_optimized
2026-03-08 22:44:00,423 - INFO - 图初始化完成，节点数: 4525，当前模式: 优化采样
2026-03-08 22:44:00,424 - INFO - 开始生成 50000 组多重RR-Set...
2026-03-08 22:44:12,745 - INFO - 生成完毕。耗时: 12.32 秒。
2026-03-08 22:44:12,754 - INFO - 开始基于多重RR集贪心选择最优种子...
2026-03-08 22:44:19,769 - INFO - 选种完毕。耗时: 7.01 秒。估算范围: 198.74
2026-03-08 22:44:20,622 - INFO - 当前用时 20.45 秒
2026-03-08 22:44:20,622 - INFO - 将种子集 写入位置: /home/wen/work/coup_spread/network.netactorcollaboration/2026-3-9/seeds-with-network.netactorcollaboration/random_ris_optimized_seedNum-125_SSRNum-50000.txt
2026-03-08 22:44:20,623 - INFO - 评估种子集: None
2026-03-08 22:44:20,623 - INFO - 多进程评估开始，共有 5 个方法待评估...
2026-03-08 22:44:20,623 - INFO - 启动进程池，Worker数量: 5
2026-03-08 22:44:21,379 - INFO - [Process 3675667] 开始评估方法: random, 种子数: 125
2026-03-08 22:44:21,942 - INFO - [Process 3675668] 开始评估方法: degreeTopM, 种子数: 125
2026-03-08 22:44:22,513 - INFO - [Process 3675669] 开始评估方法: pageRank, 种子数: 125
2026-03-08 22:44:23,091 - INFO - [Process 3675670] 开始评估方法: alpha_sort, 种子数: 125
2026-03-08 22:44:23,672 - INFO - [Process 3675671] 开始评估方法: ris_optimized, 种子数: 125
2026-03-08 22:44:24,896 - INFO - [alpha_sort - 种子:125] 拉新:52.5人 | 总销量:53.3单 | 品牌曝光:198.4次 | 🌟综合得分:72.8
2026-03-08 22:44:29,768 - INFO - [random - 种子:125] 拉新:95.1人 | 总销量:96.7单 | 品牌曝光:483.9次 | 🌟综合得分:144.3
2026-03-08 22:44:31,818 - INFO - [degreeTopM - 种子:125] 拉新:101.3人 | 总销量:108.7单 | 品牌曝光:542.9次 | 🌟综合得分:159.3
2026-03-08 22:44:32,099 - INFO - [pageRank - 种子:125] 拉新:100.2人 | 总销量:106.2单 | 品牌曝光:530.6次 | 🌟综合得分:156.3
2026-03-08 22:44:33,907 - INFO - [ris_optimized - 种子:125] 拉新:108.2人 | 总销量:111.5单 | 品牌曝光:557.4次 | 🌟综合得分:165.6
2026-03-08 22:44:33,938 - INFO - 所有进程执行完毕，开始写入数据...
2026-03-08 22:44:33,946 - INFO - 成功写入 5 条记录至 /home/wen/work/coup_spread/gzc-impl/results/network.netactorcollaboration/2026-3-9/random_SSRNum-50000-_seedNum-125_simuTimes-500.csv
2026-03-08 22:44:33,947 - INFO - 保存评估文件至: /home/wen/work/coup_spread/gzc-impl/results/network.netactorcollaboration/2026-3-9/random_SSRNum-50000-_seedNum-125_simuTimes-500.csv
2026-03-08 22:44:33,964 - INFO - 加载数据集: network.netactorcollaboration
2026-03-08 22:44:33,965 - INFO - --- 矩阵分析 ---
2026-03-08 22:44:33,965 - INFO - 节点数 (N): 4525
2026-03-08 22:44:33,965 - INFO - 边数 (E): 27326
2026-03-08 22:44:33,965 - INFO - 密度 (Density): 0.00133456 (越小越稀疏)
2026-03-08 22:44:33,965 - INFO - 稀疏度 (Sparsity): 0.99866544 (越接近1越稀疏)
2026-03-08 22:44:33,966 - INFO - 平均度数 (Avg Degree): 6.04
2026-03-08 22:44:33,966 - INFO - >>> 正在注入完美对抗属性（验证三条定理）...
2026-03-08 22:44:34,009 - INFO - 首次生成种子集 random
2026-03-08 22:44:34,009 - INFO - 执行当前算法开始: random
2026-03-08 22:44:34,009 - INFO - 数据集节点总数:  n = 4525, m = 150
2026-03-08 22:44:34,009 - INFO - 选择 150  [2757, 4421, 85, 1897, 3818, 3039, 3551, 4257, 3153, 763, 1458, 998, 1950, 2597, 445, 3189, 1004, 1154, 3612, 3456, 1736, 1138, 236, 791, 4218, 2797, 3672, 2050, 4279, 166, 2417, 4513, 1445, 199, 1195, 1910, 4436, 2148, 2311, 4064, 2537, 332, 3811, 1002, 977, 4214, 809, 618, 3314, 3815, 3555, 2867, 1390, 2302, 1559, 672, 2044, 1669, 1473, 3955, 1672, 681, 2710, 3205, 4269, 1882, 1802, 1146, 4181, 3088, 802, 3661, 712, 4029, 108, 116, 2812, 2327, 3024, 1900, 1271, 54, 4255, 22, 4507, 3627, 4027, 1072, 1828, 3321, 2953, 1974, 4381, 2833, 3023, 1406, 2213, 2940, 1779, 645, 2234, 1461, 1311, 2979, 4097, 1962, 3844, 1280, 2320, 1878, 135, 1547, 4195, 196, 3135, 3494, 3085, 543, 3526, 773, 2643, 3225, 3260, 4209, 3631, 3400, 376, 4047, 77, 3186, 3264, 3999, 388, 1454, 4309, 1886, 396, 1810, 1913, 1472, 3467, 1307, 2225, 2432, 1116, 2993, 755, 1057, 4028, 1629]

2026-03-08 22:44:34,010 - INFO - 当前用时 0.00 秒
2026-03-08 22:44:34,010 - INFO - 将种子集 写入位置: /home/wen/work/coup_spread/network.netactorcollaboration/2026-3-9/seeds-with-network.netactorcollaboration/random_random_seedNum-150_SSRNum-50000.txt
2026-03-08 22:44:34,010 - INFO - 首次生成种子集 degreeTopM
2026-03-08 22:44:34,010 - INFO - 执行当前算法开始: degreeTopM
2026-03-08 22:44:34,010 - INFO - 依据: 选择连接数（度数）最多的节点。
2026-03-08 22:44:34,010 - INFO - 选择的 Top M 节点及其度数:
2026-03-08 22:44:34,011 - INFO - 
2026-03-08 22:44:34,011 - INFO - 当前用时 0.00 秒
2026-03-08 22:44:34,011 - INFO - 将种子集 写入位置: /home/wen/work/coup_spread/network.netactorcollaboration/2026-3-9/seeds-with-network.netactorcollaboration/random_degreeTopM_seedNum-150_SSRNum-50000.txt
2026-03-08 22:44:34,011 - INFO - 首次生成种子集 pageRank
2026-03-08 22:44:34,011 - INFO - 执行当前算法开始: pageRank
2026-03-08 22:44:34,011 - INFO - --- Running: PageRank (on tranProMatrix) Top M ---
2026-03-08 22:44:34,267 - INFO - Selected PageRank seeds: [109, 773, 106, 666, 886, 1738, 430, 719, 659, 1686, 614, 160, 1110, 1489, 1209, 1431, 60, 782, 1972, 527, 814, 1062, 28, 21, 257, 1858, 37, 1403, 287, 488, 1481, 653, 1432, 1180, 1269, 1020, 1233, 1308, 1127, 1706, 39, 401, 197, 1745, 865, 364, 1687, 461, 57, 278, 952, 59, 506, 2777, 1547, 1488, 1715, 445, 1609, 67, 1495, 65, 677, 437, 1681, 90, 1457, 190, 649, 1059, 1064, 1324, 675, 102, 638, 1433, 538, 308, 1214, 1450, 350, 702, 289, 2645, 647, 319, 555, 2119, 1902, 212, 1847, 2565, 986, 286, 183, 248, 784, 750, 1767, 294, 2534, 819, 1156, 1422, 2236, 1594, 1918, 453, 885, 522, 193, 348, 993, 162, 1666, 2247, 620, 1394, 1161, 3036, 2405, 906, 2125, 1792, 1054, 329, 1305, 613, 118, 1255, 1191, 551, 577, 7, 1743, 1769, 637, 269, 280, 1600, 3103, 1793, 751, 1122, 2112, 466, 746, 309, 1055, 1240]
2026-03-08 22:44:34,268 - INFO - 当前用时 0.26 秒
2026-03-08 22:44:34,268 - INFO - 将种子集 写入位置: /home/wen/work/coup_spread/network.netactorcollaboration/2026-3-9/seeds-with-network.netactorcollaboration/random_pageRank_seedNum-150_SSRNum-50000.txt
2026-03-08 22:44:34,268 - INFO - 首次生成种子集 alpha_sort
2026-03-08 22:44:34,268 - INFO - 执行当前算法开始: alpha_sort
2026-03-08 22:44:34,269 - INFO - 4525 个节点的alpha值降序排序 done
2026-03-08 22:44:34,269 - INFO - ==============>> [(3621, np.float64(0.3)), (3622, np.float64(0.3)), (3623, np.float64(0.3)), (3624, np.float64(0.3)), (3625, np.float64(0.3)), (3626, np.float64(0.3)), (3627, np.float64(0.3)), (3628, np.float64(0.3)), (3629, np.float64(0.3)), (3630, np.float64(0.3))]
2026-03-08 22:44:34,269 - INFO - 
选择的种子集 (按alpha排序): [3621, 3622, 3623, 3624, 3625, 3626, 3627, 3628, 3629, 3630, 3631, 3632, 3633, 3634, 3635, 3636, 3637, 3638, 3639, 3640, 3641, 3642, 3643, 3644, 3645, 3646, 3647, 3648, 3649, 3650, 3651, 3652, 3653, 3654, 3655, 3656, 3657, 3658, 3659, 3660, 3661, 3662, 3663, 3664, 3665, 3666, 3667, 3668, 3669, 3670, 3671, 3672, 3673, 3674, 3675, 3676, 3677, 3678, 3679, 3680, 3681, 3682, 3683, 3684, 3685, 3686, 3687, 3688, 3689, 3690, 3691, 3692, 3693, 3694, 3695, 3696, 3697, 3698, 3699, 3700, 3701, 3702, 3703, 3704, 3705, 3706, 3707, 3708, 3709, 3710, 3711, 3712, 3713, 3714, 3715, 3716, 3717, 3718, 3719, 3720, 3721, 3722, 3723, 3724, 3725, 3726, 3727, 3728, 3729, 3730, 3731, 3732, 3733, 3734, 3735, 3736, 3737, 3738, 3739, 3740, 3741, 3742, 3743, 3744, 3745, 3746, 3747, 3748, 3749, 3750, 3751, 3752, 3753, 3754, 3755, 3756, 3757, 3758, 3759, 3760, 3761, 3762, 3763, 3764, 3765, 3766, 3767, 3768, 3769, 3770]

2026-03-08 22:44:34,269 - INFO - 当前用时 0.00 秒
2026-03-08 22:44:34,269 - INFO - 将种子集 写入位置: /home/wen/work/coup_spread/network.netactorcollaboration/2026-3-9/seeds-with-network.netactorcollaboration/random_alpha_sort_seedNum-150_SSRNum-50000.txt
2026-03-08 22:44:34,270 - INFO - 首次生成种子集 ris_optimized
2026-03-08 22:44:34,270 - INFO - 执行当前算法开始: ris_optimized
2026-03-08 22:44:34,516 - INFO - 图初始化完成，节点数: 4525，当前模式: 优化采样
2026-03-08 22:44:34,516 - INFO - 开始生成 50000 组多重RR-Set...
2026-03-08 22:44:49,937 - INFO - 生成完毕。耗时: 15.42 秒。
2026-03-08 22:44:49,946 - INFO - 开始基于多重RR集贪心选择最优种子...
2026-03-08 22:44:55,261 - INFO - 选种完毕。耗时: 5.31 秒。估算范围: 238.56
2026-03-08 22:44:56,138 - INFO - 当前用时 21.87 秒
2026-03-08 22:44:56,139 - INFO - 将种子集 写入位置: /home/wen/work/coup_spread/network.netactorcollaboration/2026-3-9/seeds-with-network.netactorcollaboration/random_ris_optimized_seedNum-150_SSRNum-50000.txt
2026-03-08 22:44:56,140 - INFO - 评估种子集: None
2026-03-08 22:44:56,140 - INFO - 多进程评估开始，共有 5 个方法待评估...
2026-03-08 22:44:56,140 - INFO - 启动进程池，Worker数量: 5
2026-03-08 22:44:56,869 - INFO - [Process 3676483] 开始评估方法: random, 种子数: 150
2026-03-08 22:44:57,440 - INFO - [Process 3676484] 开始评估方法: degreeTopM, 种子数: 150
2026-03-08 22:44:58,008 - INFO - [Process 3676485] 开始评估方法: pageRank, 种子数: 150
2026-03-08 22:44:58,579 - INFO - [Process 3676486] 开始评估方法: alpha_sort, 种子数: 150
2026-03-08 22:44:59,156 - INFO - [Process 3676487] 开始评估方法: ris_optimized, 种子数: 150
2026-03-08 22:45:00,728 - INFO - [alpha_sort - 种子:150] 拉新:62.5人 | 总销量:63.4单 | 品牌曝光:236.6次 | 🌟综合得分:86.6
2026-03-08 22:45:06,151 - INFO - [random - 种子:150] 拉新:108.0人 | 总销量:110.0单 | 品牌曝光:552.3次 | 🌟综合得分:164.2
2026-03-08 22:45:09,253 - INFO - [degreeTopM - 种子:150] 拉新:120.8人 | 总销量:130.4单 | 品牌曝光:651.6次 | 🌟综合得分:190.8
2026-03-08 22:45:09,538 - INFO - [pageRank - 种子:150] 拉新:120.3人 | 总销量:128.2单 | 品牌曝光:640.0次 | 🌟综合得分:188.3
2026-03-08 22:45:11,277 - INFO - [ris_optimized - 种子:150] 拉新:129.4人 | 总销量:134.1单 | 品牌曝光:671.1次 | 🌟综合得分:198.9
2026-03-08 22:45:11,308 - INFO - 所有进程执行完毕，开始写入数据...
2026-03-08 22:45:11,316 - INFO - 成功写入 5 条记录至 /home/wen/work/coup_spread/gzc-impl/results/network.netactorcollaboration/2026-3-9/random_SSRNum-50000-_seedNum-150_simuTimes-500.csv
2026-03-08 22:45:11,318 - INFO - 保存评估文件至: /home/wen/work/coup_spread/gzc-impl/results/network.netactorcollaboration/2026-3-9/random_SSRNum-50000-_seedNum-150_simuTimes-500.csv
2026-03-08 22:45:11,337 - INFO - 加载数据集: network.netactorcollaboration
2026-03-08 22:45:11,338 - INFO - --- 矩阵分析 ---
2026-03-08 22:45:11,338 - INFO - 节点数 (N): 4525
2026-03-08 22:45:11,338 - INFO - 边数 (E): 27326
2026-03-08 22:45:11,338 - INFO - 密度 (Density): 0.00133456 (越小越稀疏)
2026-03-08 22:45:11,338 - INFO - 稀疏度 (Sparsity): 0.99866544 (越接近1越稀疏)
2026-03-08 22:45:11,338 - INFO - 平均度数 (Avg Degree): 6.04
2026-03-08 22:45:11,338 - INFO - >>> 正在注入完美对抗属性（验证三条定理）...
2026-03-08 22:45:11,381 - INFO - 首次生成种子集 random
2026-03-08 22:45:11,382 - INFO - 执行当前算法开始: random
2026-03-08 22:45:11,382 - INFO - 数据集节点总数:  n = 4525, m = 175
2026-03-08 22:45:11,382 - INFO - 选择 175  [1376, 3058, 4248, 2273, 2511, 1840, 1968, 528, 2065, 1204, 986, 3071, 622, 2259, 2256, 2093, 2657, 3562, 458, 4303, 3192, 21, 3039, 23, 3372, 2248, 1507, 1251, 3942, 117, 3876, 1237, 149, 1393, 2223, 2134, 2640, 50, 1028, 3277, 2030, 186, 763, 4522, 1524, 536, 3551, 4386, 1402, 3462, 3658, 1701, 11, 3446, 3125, 1863, 4055, 3131, 3232, 1172, 2313, 678, 1361, 1300, 3171, 1397, 4209, 2373, 18, 2372, 2886, 3880, 4170, 3807, 4022, 3716, 3722, 3597, 4483, 3290, 936, 4143, 128, 735, 3339, 1377, 464, 3924, 4438, 3631, 3413, 3537, 2735, 669, 1464, 116, 1284, 2597, 4521, 2656, 1723, 2078, 4089, 2343, 4497, 1411, 1605, 948, 3291, 4197, 2190, 3163, 1215, 2509, 549, 3090, 4221, 3024, 1228, 2609, 2393, 3822, 4137, 998, 3254, 716, 3581, 1399, 2308, 1831, 1164, 3834, 2883, 1216, 2493, 493, 3061, 1696, 781, 1849, 2435, 2162, 2969, 1991, 1676, 2417, 3364, 1662, 4367, 2850, 90, 4079, 3293, 2763, 4409, 539, 3432, 3892, 3667, 4373, 3239, 861, 4242, 3397, 3939, 1258, 1644, 3814, 3304, 3378, 727, 3675, 2214, 396, 4305]

2026-03-08 22:45:11,382 - INFO - 当前用时 0.00 秒
2026-03-08 22:45:11,382 - INFO - 将种子集 写入位置: /home/wen/work/coup_spread/network.netactorcollaboration/2026-3-9/seeds-with-network.netactorcollaboration/random_random_seedNum-175_SSRNum-50000.txt
2026-03-08 22:45:11,382 - INFO - 首次生成种子集 degreeTopM
2026-03-08 22:45:11,382 - INFO - 执行当前算法开始: degreeTopM
2026-03-08 22:45:11,382 - INFO - 依据: 选择连接数（度数）最多的节点。
2026-03-08 22:45:11,383 - INFO - 选择的 Top M 节点及其度数:
2026-03-08 22:45:11,383 - INFO - 
2026-03-08 22:45:11,383 - INFO - 当前用时 0.00 秒
2026-03-08 22:45:11,383 - INFO - 将种子集 写入位置: /home/wen/work/coup_spread/network.netactorcollaboration/2026-3-9/seeds-with-network.netactorcollaboration/random_degreeTopM_seedNum-175_SSRNum-50000.txt
2026-03-08 22:45:11,383 - INFO - 首次生成种子集 pageRank
2026-03-08 22:45:11,384 - INFO - 执行当前算法开始: pageRank
2026-03-08 22:45:11,384 - INFO - --- Running: PageRank (on tranProMatrix) Top M ---
2026-03-08 22:45:11,638 - INFO - Selected PageRank seeds: [109, 773, 106, 666, 886, 1738, 430, 719, 659, 1686, 614, 160, 1110, 1489, 1209, 1431, 60, 782, 1972, 527, 814, 1062, 28, 21, 257, 1858, 37, 1403, 287, 488, 1481, 653, 1432, 1180, 1269, 1020, 1233, 1308, 1127, 1706, 39, 401, 197, 1745, 865, 364, 1687, 461, 57, 278, 952, 59, 506, 2777, 1547, 1488, 1715, 445, 1609, 67, 1495, 65, 677, 437, 1681, 90, 1457, 190, 649, 1059, 1064, 1324, 675, 102, 638, 1433, 538, 308, 1214, 1450, 350, 702, 289, 2645, 647, 319, 555, 2119, 1902, 212, 1847, 2565, 986, 286, 183, 248, 784, 750, 1767, 294, 2534, 819, 1156, 1422, 2236, 1594, 1918, 453, 885, 522, 193, 348, 993, 162, 1666, 2247, 620, 1394, 1161, 3036, 2405, 906, 2125, 1792, 1054, 329, 1305, 613, 118, 1255, 1191, 551, 577, 7, 1743, 1769, 637, 269, 280, 1600, 3103, 1793, 751, 1122, 2112, 466, 746, 309, 1055, 1240, 1641, 113, 2274, 1905, 958, 1362, 566, 1112, 1763, 1611, 1875, 2029, 786, 186, 1764, 2362, 92, 687, 957, 1935, 262, 861, 869, 1797, 184]
2026-03-08 22:45:11,639 - INFO - 当前用时 0.26 秒
2026-03-08 22:45:11,639 - INFO - 将种子集 写入位置: /home/wen/work/coup_spread/network.netactorcollaboration/2026-3-9/seeds-with-network.netactorcollaboration/random_pageRank_seedNum-175_SSRNum-50000.txt
2026-03-08 22:45:11,639 - INFO - 首次生成种子集 alpha_sort
2026-03-08 22:45:11,639 - INFO - 执行当前算法开始: alpha_sort
2026-03-08 22:45:11,640 - INFO - 4525 个节点的alpha值降序排序 done
2026-03-08 22:45:11,640 - INFO - ==============>> [(3621, np.float64(0.3)), (3622, np.float64(0.3)), (3623, np.float64(0.3)), (3624, np.float64(0.3)), (3625, np.float64(0.3)), (3626, np.float64(0.3)), (3627, np.float64(0.3)), (3628, np.float64(0.3)), (3629, np.float64(0.3)), (3630, np.float64(0.3))]
2026-03-08 22:45:11,640 - INFO - 
选择的种子集 (按alpha排序): [3621, 3622, 3623, 3624, 3625, 3626, 3627, 3628, 3629, 3630, 3631, 3632, 3633, 3634, 3635, 3636, 3637, 3638, 3639, 3640, 3641, 3642, 3643, 3644, 3645, 3646, 3647, 3648, 3649, 3650, 3651, 3652, 3653, 3654, 3655, 3656, 3657, 3658, 3659, 3660, 3661, 3662, 3663, 3664, 3665, 3666, 3667, 3668, 3669, 3670, 3671, 3672, 3673, 3674, 3675, 3676, 3677, 3678, 3679, 3680, 3681, 3682, 3683, 3684, 3685, 3686, 3687, 3688, 3689, 3690, 3691, 3692, 3693, 3694, 3695, 3696, 3697, 3698, 3699, 3700, 3701, 3702, 3703, 3704, 3705, 3706, 3707, 3708, 3709, 3710, 3711, 3712, 3713, 3714, 3715, 3716, 3717, 3718, 3719, 3720, 3721, 3722, 3723, 3724, 3725, 3726, 3727, 3728, 3729, 3730, 3731, 3732, 3733, 3734, 3735, 3736, 3737, 3738, 3739, 3740, 3741, 3742, 3743, 3744, 3745, 3746, 3747, 3748, 3749, 3750, 3751, 3752, 3753, 3754, 3755, 3756, 3757, 3758, 3759, 3760, 3761, 3762, 3763, 3764, 3765, 3766, 3767, 3768, 3769, 3770, 3771, 3772, 3773, 3774, 3775, 3776, 3777, 3778, 3779, 3780, 3781, 3782, 3783, 3784, 3785, 3786, 3787, 3788, 3789, 3790, 3791, 3792, 3793, 3794, 3795]

2026-03-08 22:45:11,640 - INFO - 当前用时 0.00 秒
2026-03-08 22:45:11,640 - INFO - 将种子集 写入位置: /home/wen/work/coup_spread/network.netactorcollaboration/2026-3-9/seeds-with-network.netactorcollaboration/random_alpha_sort_seedNum-175_SSRNum-50000.txt
2026-03-08 22:45:11,640 - INFO - 首次生成种子集 ris_optimized
2026-03-08 22:45:11,640 - INFO - 执行当前算法开始: ris_optimized
2026-03-08 22:45:11,902 - INFO - 图初始化完成，节点数: 4525，当前模式: 优化采样
2026-03-08 22:45:11,903 - INFO - 开始生成 50000 组多重RR-Set...
2026-03-08 22:45:32,347 - INFO - 生成完毕。耗时: 20.44 秒。
2026-03-08 22:45:32,351 - INFO - 开始基于多重RR集贪心选择最优种子...
2026-03-08 22:45:38,840 - INFO - 选种完毕。耗时: 6.49 秒。估算范围: 274.31
2026-03-08 22:45:39,850 - INFO - 当前用时 28.21 秒
2026-03-08 22:45:39,851 - INFO - 将种子集 写入位置: /home/wen/work/coup_spread/network.netactorcollaboration/2026-3-9/seeds-with-network.netactorcollaboration/random_ris_optimized_seedNum-175_SSRNum-50000.txt
2026-03-08 22:45:39,852 - INFO - 评估种子集: None
2026-03-08 22:45:39,852 - INFO - 多进程评估开始，共有 5 个方法待评估...
2026-03-08 22:45:39,852 - INFO - 启动进程池，Worker数量: 5
2026-03-08 22:45:40,597 - INFO - [Process 3677355] 开始评估方法: random, 种子数: 175
2026-03-08 22:45:41,179 - INFO - [Process 3677356] 开始评估方法: degreeTopM, 种子数: 175
2026-03-08 22:45:41,770 - INFO - [Process 3677357] 开始评估方法: pageRank, 种子数: 175
2026-03-08 22:45:42,357 - INFO - [Process 3677358] 开始评估方法: alpha_sort, 种子数: 175
2026-03-08 22:45:42,941 - INFO - [Process 3677359] 开始评估方法: ris_optimized, 种子数: 175
2026-03-08 22:45:44,844 - INFO - [alpha_sort - 种子:175] 拉新:72.8人 | 总销量:74.0单 | 品牌曝光:275.5次 | 🌟综合得分:100.9
2026-03-08 22:45:51,249 - INFO - [random - 种子:175] 拉新:125.6人 | 总销量:128.4单 | 品牌曝光:643.4次 | 🌟综合得分:191.4
2026-03-08 22:45:54,924 - INFO - [degreeTopM - 种子:175] 拉新:139.2人 | 总销量:151.5单 | 品牌曝光:756.8次 | 🌟综合得分:221.0
2026-03-08 22:45:55,331 - INFO - [pageRank - 种子:175] 拉新:139.4人 | 总销量:149.2单 | 品牌曝光:744.2次 | 🌟综合得分:218.7
2026-03-08 22:45:57,005 - INFO - [ris_optimized - 种子:175] 拉新:150.0人 | 总销量:156.0单 | 品牌曝光:779.5次 | 🌟综合得分:230.9
2026-03-08 22:45:57,039 - INFO - 所有进程执行完毕，开始写入数据...
2026-03-08 22:45:57,048 - INFO - 成功写入 5 条记录至 /home/wen/work/coup_spread/gzc-impl/results/network.netactorcollaboration/2026-3-9/random_SSRNum-50000-_seedNum-175_simuTimes-500.csv
2026-03-08 22:45:57,049 - INFO - 保存评估文件至: /home/wen/work/coup_spread/gzc-impl/results/network.netactorcollaboration/2026-3-9/random_SSRNum-50000-_seedNum-175_simuTimes-500.csv
2026-03-08 22:45:57,069 - INFO - 加载数据集: network.netactorcollaboration
2026-03-08 22:45:57,069 - INFO - --- 矩阵分析 ---
2026-03-08 22:45:57,069 - INFO - 节点数 (N): 4525
2026-03-08 22:45:57,069 - INFO - 边数 (E): 27326
2026-03-08 22:45:57,069 - INFO - 密度 (Density): 0.00133456 (越小越稀疏)
2026-03-08 22:45:57,069 - INFO - 稀疏度 (Sparsity): 0.99866544 (越接近1越稀疏)
2026-03-08 22:45:57,069 - INFO - 平均度数 (Avg Degree): 6.04
2026-03-08 22:45:57,069 - INFO - >>> 正在注入完美对抗属性（验证三条定理）...
2026-03-08 22:45:57,112 - INFO - 首次生成种子集 random
2026-03-08 22:45:57,113 - INFO - 执行当前算法开始: random
2026-03-08 22:45:57,113 - INFO - 数据集节点总数:  n = 4525, m = 200
2026-03-08 22:45:57,113 - INFO - 选择 200  [3885, 808, 4064, 1050, 2237, 2824, 46, 930, 1579, 1948, 3700, 3235, 753, 3882, 3491, 2349, 705, 3466, 5, 521, 3551, 847, 1919, 4006, 3382, 1058, 3024, 1857, 1770, 4133, 4086, 2997, 1390, 194, 356, 57, 3938, 2054, 2436, 2330, 1039, 3771, 2657, 1708, 3615, 2252, 3804, 452, 2947, 2812, 1797, 2864, 4157, 2807, 433, 3548, 2365, 1642, 1293, 4252, 2763, 2559, 3914, 2739, 1868, 4468, 1908, 907, 252, 3770, 307, 4074, 2105, 1643, 4354, 2205, 2856, 2148, 2166, 4387, 2896, 2523, 1667, 887, 714, 4519, 1580, 1495, 771, 3138, 1790, 1793, 1645, 4282, 3562, 949, 2029, 758, 2344, 1251, 953, 815, 2643, 2866, 3355, 2795, 2453, 290, 3221, 3896, 2183, 995, 3781, 4087, 2066, 2880, 1640, 3853, 1954, 2126, 2881, 895, 2242, 4308, 3814, 3792, 4142, 184, 529, 937, 3027, 270, 3109, 1091, 1805, 87, 1405, 2036, 3461, 4477, 227, 1007, 4263, 1087, 616, 193, 2649, 282, 201, 3414, 3847, 4255, 1403, 3446, 3859, 871, 2224, 1697, 1973, 3167, 1057, 3954, 4442, 1098, 37, 1807, 554, 636, 3651, 1627, 2522, 4112, 3290, 2794, 1247, 1353, 3495, 3509, 3655, 3456, 2631, 1896, 920, 975, 883, 2780, 3535, 3147, 1881, 3957, 3561, 1352, 4138, 359, 572, 1570, 970, 3500, 4069, 4020]

2026-03-08 22:45:57,113 - INFO - 当前用时 0.00 秒
2026-03-08 22:45:57,113 - INFO - 将种子集 写入位置: /home/wen/work/coup_spread/network.netactorcollaboration/2026-3-9/seeds-with-network.netactorcollaboration/random_random_seedNum-200_SSRNum-50000.txt
2026-03-08 22:45:57,113 - INFO - 首次生成种子集 degreeTopM
2026-03-08 22:45:57,113 - INFO - 执行当前算法开始: degreeTopM
2026-03-08 22:45:57,113 - INFO - 依据: 选择连接数（度数）最多的节点。
2026-03-08 22:45:57,114 - INFO - 选择的 Top M 节点及其度数:
2026-03-08 22:45:57,114 - INFO - 
2026-03-08 22:45:57,114 - INFO - 当前用时 0.00 秒
2026-03-08 22:45:57,114 - INFO - 将种子集 写入位置: /home/wen/work/coup_spread/network.netactorcollaboration/2026-3-9/seeds-with-network.netactorcollaboration/random_degreeTopM_seedNum-200_SSRNum-50000.txt
2026-03-08 22:45:57,115 - INFO - 首次生成种子集 pageRank
2026-03-08 22:45:57,115 - INFO - 执行当前算法开始: pageRank
2026-03-08 22:45:57,115 - INFO - --- Running: PageRank (on tranProMatrix) Top M ---
2026-03-08 22:45:57,370 - INFO - Selected PageRank seeds: [109, 773, 106, 666, 886, 1738, 430, 719, 659, 1686, 614, 160, 1110, 1489, 1209, 1431, 60, 782, 1972, 527, 814, 1062, 28, 21, 257, 1858, 37, 1403, 287, 488, 1481, 653, 1432, 1180, 1269, 1020, 1233, 1308, 1127, 1706, 39, 401, 197, 1745, 865, 364, 1687, 461, 57, 278, 952, 59, 506, 2777, 1547, 1488, 1715, 445, 1609, 67, 1495, 65, 677, 437, 1681, 90, 1457, 190, 649, 1059, 1064, 1324, 675, 102, 638, 1433, 538, 308, 1214, 1450, 350, 702, 289, 2645, 647, 319, 555, 2119, 1902, 212, 1847, 2565, 986, 286, 183, 248, 784, 750, 1767, 294, 2534, 819, 1156, 1422, 2236, 1594, 1918, 453, 885, 522, 193, 348, 993, 162, 1666, 2247, 620, 1394, 1161, 3036, 2405, 906, 2125, 1792, 1054, 329, 1305, 613, 118, 1255, 1191, 551, 577, 7, 1743, 1769, 637, 269, 280, 1600, 3103, 1793, 751, 1122, 2112, 466, 746, 309, 1055, 1240, 1641, 113, 2274, 1905, 958, 1362, 566, 1112, 1763, 1611, 1875, 2029, 786, 186, 1764, 2362, 92, 687, 957, 1935, 262, 861, 869, 1797, 184, 1318, 1838, 297, 2156, 2216, 781, 1296, 816, 2244, 1755, 47, 2048, 525, 3293, 801, 79, 17, 587, 528, 201, 974, 3, 1398, 62, 655]
2026-03-08 22:45:57,370 - INFO - 当前用时 0.26 秒
2026-03-08 22:45:57,370 - INFO - 将种子集 写入位置: /home/wen/work/coup_spread/network.netactorcollaboration/2026-3-9/seeds-with-network.netactorcollaboration/random_pageRank_seedNum-200_SSRNum-50000.txt
2026-03-08 22:45:57,371 - INFO - 首次生成种子集 alpha_sort
2026-03-08 22:45:57,371 - INFO - 执行当前算法开始: alpha_sort
2026-03-08 22:45:57,372 - INFO - 4525 个节点的alpha值降序排序 done
2026-03-08 22:45:57,372 - INFO - ==============>> [(3621, np.float64(0.3)), (3622, np.float64(0.3)), (3623, np.float64(0.3)), (3624, np.float64(0.3)), (3625, np.float64(0.3)), (3626, np.float64(0.3)), (3627, np.float64(0.3)), (3628, np.float64(0.3)), (3629, np.float64(0.3)), (3630, np.float64(0.3))]
2026-03-08 22:45:57,372 - INFO - 
选择的种子集 (按alpha排序): [3621, 3622, 3623, 3624, 3625, 3626, 3627, 3628, 3629, 3630, 3631, 3632, 3633, 3634, 3635, 3636, 3637, 3638, 3639, 3640, 3641, 3642, 3643, 3644, 3645, 3646, 3647, 3648, 3649, 3650, 3651, 3652, 3653, 3654, 3655, 3656, 3657, 3658, 3659, 3660, 3661, 3662, 3663, 3664, 3665, 3666, 3667, 3668, 3669, 3670, 3671, 3672, 3673, 3674, 3675, 3676, 3677, 3678, 3679, 3680, 3681, 3682, 3683, 3684, 3685, 3686, 3687, 3688, 3689, 3690, 3691, 3692, 3693, 3694, 3695, 3696, 3697, 3698, 3699, 3700, 3701, 3702, 3703, 3704, 3705, 3706, 3707, 3708, 3709, 3710, 3711, 3712, 3713, 3714, 3715, 3716, 3717, 3718, 3719, 3720, 3721, 3722, 3723, 3724, 3725, 3726, 3727, 3728, 3729, 3730, 3731, 3732, 3733, 3734, 3735, 3736, 3737, 3738, 3739, 3740, 3741, 3742, 3743, 3744, 3745, 3746, 3747, 3748, 3749, 3750, 3751, 3752, 3753, 3754, 3755, 3756, 3757, 3758, 3759, 3760, 3761, 3762, 3763, 3764, 3765, 3766, 3767, 3768, 3769, 3770, 3771, 3772, 3773, 3774, 3775, 3776, 3777, 3778, 3779, 3780, 3781, 3782, 3783, 3784, 3785, 3786, 3787, 3788, 3789, 3790, 3791, 3792, 3793, 3794, 3795, 3796, 3797, 3798, 3799, 3800, 3801, 3802, 3803, 3804, 3805, 3806, 3807, 3808, 3809, 3810, 3811, 3812, 3813, 3814, 3815, 3816, 3817, 3818, 3819, 3820]

2026-03-08 22:45:57,372 - INFO - 当前用时 0.00 秒
2026-03-08 22:45:57,372 - INFO - 将种子集 写入位置: /home/wen/work/coup_spread/network.netactorcollaboration/2026-3-9/seeds-with-network.netactorcollaboration/random_alpha_sort_seedNum-200_SSRNum-50000.txt
2026-03-08 22:45:57,372 - INFO - 首次生成种子集 ris_optimized
2026-03-08 22:45:57,372 - INFO - 执行当前算法开始: ris_optimized
2026-03-08 22:45:57,620 - INFO - 图初始化完成，节点数: 4525，当前模式: 优化采样
2026-03-08 22:45:57,620 - INFO - 开始生成 50000 组多重RR-Set...
2026-03-08 22:46:17,324 - INFO - 生成完毕。耗时: 19.70 秒。
2026-03-08 22:46:17,328 - INFO - 开始基于多重RR集贪心选择最优种子...
2026-03-08 22:46:24,894 - INFO - 选种完毕。耗时: 7.57 秒。估算范围: 310.78
2026-03-08 22:46:26,010 - INFO - 当前用时 28.64 秒
2026-03-08 22:46:26,011 - INFO - 将种子集 写入位置: /home/wen/work/coup_spread/network.netactorcollaboration/2026-3-9/seeds-with-network.netactorcollaboration/random_ris_optimized_seedNum-200_SSRNum-50000.txt
2026-03-08 22:46:26,012 - INFO - 评估种子集: None
2026-03-08 22:46:26,012 - INFO - 多进程评估开始，共有 5 个方法待评估...
2026-03-08 22:46:26,012 - INFO - 启动进程池，Worker数量: 5
2026-03-08 22:46:26,759 - INFO - [Process 3678160] 开始评估方法: random, 种子数: 200
2026-03-08 22:46:27,327 - INFO - [Process 3678162] 开始评估方法: degreeTopM, 种子数: 200
2026-03-08 22:46:27,900 - INFO - [Process 3678163] 开始评估方法: pageRank, 种子数: 200
2026-03-08 22:46:28,480 - INFO - [Process 3678171] 开始评估方法: alpha_sort, 种子数: 200
2026-03-08 22:46:29,075 - INFO - [Process 3678179] 开始评估方法: ris_optimized, 种子数: 200
2026-03-08 22:46:31,264 - INFO - [alpha_sort - 种子:200] 拉新:82.4人 | 总销量:84.2单 | 品牌曝光:311.7次 | 🌟综合得分:114.5
2026-03-08 22:46:39,881 - INFO - [random - 种子:200] 拉新:146.6人 | 总销量:150.7单 | 品牌曝光:753.7次 | 🌟综合得分:224.0
2026-03-08 22:46:43,086 - INFO - [degreeTopM - 种子:200] 拉新:158.2人 | 总销量:173.4单 | 品牌曝光:865.4次 | 🌟综合得分:252.4
2026-03-08 22:46:43,253 - INFO - [pageRank - 种子:200] 拉新:157.8人 | 总销量:170.2单 | 品牌曝光:850.4次 | 🌟综合得分:249.0
2026-03-08 22:46:45,184 - INFO - [ris_optimized - 种子:200] 拉新:170.5人 | 总销量:178.0单 | 品牌曝光:889.3次 | 🌟综合得分:263.2
2026-03-08 22:46:45,217 - INFO - 所有进程执行完毕，开始写入数据...
2026-03-08 22:46:45,227 - INFO - 成功写入 5 条记录至 /home/wen/work/coup_spread/gzc-impl/results/network.netactorcollaboration/2026-3-9/random_SSRNum-50000-_seedNum-200_simuTimes-500.csv
2026-03-08 22:46:45,229 - INFO - 保存评估文件至: /home/wen/work/coup_spread/gzc-impl/results/network.netactorcollaboration/2026-3-9/random_SSRNum-50000-_seedNum-200_simuTimes-500.csv
2026-03-08 22:46:45,247 - INFO - 加载数据集: network.netactorcollaboration
2026-03-08 22:46:45,248 - INFO - --- 矩阵分析 ---
2026-03-08 22:46:45,248 - INFO - 节点数 (N): 4525
2026-03-08 22:46:45,248 - INFO - 边数 (E): 27326
2026-03-08 22:46:45,248 - INFO - 密度 (Density): 0.00133456 (越小越稀疏)
2026-03-08 22:46:45,248 - INFO - 稀疏度 (Sparsity): 0.99866544 (越接近1越稀疏)
2026-03-08 22:46:45,248 - INFO - 平均度数 (Avg Degree): 6.04
2026-03-08 22:46:45,248 - INFO - >>> 正在注入完美对抗属性（验证三条定理）...
2026-03-08 22:46:45,295 - INFO - 首次生成种子集 random
2026-03-08 22:46:45,295 - INFO - 执行当前算法开始: random
2026-03-08 22:46:45,295 - INFO - 数据集节点总数:  n = 4525, m = 225
2026-03-08 22:46:45,295 - INFO - 选择 225  [945, 1089, 1634, 278, 2849, 897, 2224, 4431, 2184, 762, 4135, 4485, 197, 4065, 2279, 1799, 2055, 1146, 1823, 2195, 3860, 4186, 3363, 1016, 4115, 700, 820, 195, 3589, 3116, 3641, 3163, 739, 611, 2663, 3544, 4376, 3735, 3500, 2009, 1017, 3871, 3006, 3736, 2034, 2374, 2427, 1354, 389, 3776, 4176, 370, 3613, 2255, 1095, 544, 3811, 1845, 2744, 3436, 421, 1892, 1792, 4466, 11, 165, 1483, 1145, 3004, 704, 3063, 3693, 4206, 4380, 2369, 417, 3604, 2946, 928, 402, 1446, 2380, 2909, 2038, 528, 155, 2614, 1608, 1184, 3186, 2413, 319, 388, 2550, 2898, 867, 2511, 2335, 3473, 1432, 665, 1751, 683, 1046, 442, 5, 1103, 1083, 147, 4361, 4281, 2686, 1457, 4052, 265, 4301, 1425, 3861, 4034, 478, 2677, 78, 2381, 2506, 3248, 1805, 3488, 1313, 1716, 1618, 3103, 1466, 3689, 1945, 2642, 4379, 3237, 3160, 1552, 1646, 535, 2334, 3783, 4134, 2382, 1120, 135, 1381, 299, 3025, 3870, 2780, 1400, 2302, 1123, 2185, 2652, 4446, 1696, 1870, 1748, 1815, 647, 7, 2698, 382, 1595, 518, 2956, 3341, 128, 1036, 1180, 1489, 4122, 3365, 2621, 1533, 4345, 4132, 1134, 2242, 2468, 3122, 3893, 2067, 910, 592, 3119, 3309, 2359, 3830, 4489, 4197, 2226, 3715, 1020, 1392, 4425, 2110, 901, 1303, 1654, 1298, 2692, 3336, 999, 3256, 1258, 653, 4343, 4460, 1062, 1706, 4492, 4144, 4053, 874, 2228, 2787, 2812, 3316, 3989, 599, 2127]

2026-03-08 22:46:45,295 - INFO - 当前用时 0.00 秒
2026-03-08 22:46:45,296 - INFO - 将种子集 写入位置: /home/wen/work/coup_spread/network.netactorcollaboration/2026-3-9/seeds-with-network.netactorcollaboration/random_random_seedNum-225_SSRNum-50000.txt
2026-03-08 22:46:45,296 - INFO - 首次生成种子集 degreeTopM
2026-03-08 22:46:45,296 - INFO - 执行当前算法开始: degreeTopM
2026-03-08 22:46:45,296 - INFO - 依据: 选择连接数（度数）最多的节点。
2026-03-08 22:46:45,296 - INFO - 选择的 Top M 节点及其度数:
2026-03-08 22:46:45,296 - INFO - 
2026-03-08 22:46:45,296 - INFO - 当前用时 0.00 秒
2026-03-08 22:46:45,297 - INFO - 将种子集 写入位置: /home/wen/work/coup_spread/network.netactorcollaboration/2026-3-9/seeds-with-network.netactorcollaboration/random_degreeTopM_seedNum-225_SSRNum-50000.txt
2026-03-08 22:46:45,297 - INFO - 首次生成种子集 pageRank
2026-03-08 22:46:45,297 - INFO - 执行当前算法开始: pageRank
2026-03-08 22:46:45,297 - INFO - --- Running: PageRank (on tranProMatrix) Top M ---
2026-03-08 22:46:45,559 - INFO - Selected PageRank seeds: [109, 773, 106, 666, 886, 1738, 430, 719, 659, 1686, 614, 160, 1110, 1489, 1209, 1431, 60, 782, 1972, 527, 814, 1062, 28, 21, 257, 1858, 37, 1403, 287, 488, 1481, 653, 1432, 1180, 1269, 1020, 1233, 1308, 1127, 1706, 39, 401, 197, 1745, 865, 364, 1687, 461, 57, 278, 952, 59, 506, 2777, 1547, 1488, 1715, 445, 1609, 67, 1495, 65, 677, 437, 1681, 90, 1457, 190, 649, 1059, 1064, 1324, 675, 102, 638, 1433, 538, 308, 1214, 1450, 350, 702, 289, 2645, 647, 319, 555, 2119, 1902, 212, 1847, 2565, 986, 286, 183, 248, 784, 750, 1767, 294, 2534, 819, 1156, 1422, 2236, 1594, 1918, 453, 885, 522, 193, 348, 993, 162, 1666, 2247, 620, 1394, 1161, 3036, 2405, 906, 2125, 1792, 1054, 329, 1305, 613, 118, 1255, 1191, 551, 577, 7, 1743, 1769, 637, 269, 280, 1600, 3103, 1793, 751, 1122, 2112, 466, 746, 309, 1055, 1240, 1641, 113, 2274, 1905, 958, 1362, 566, 1112, 1763, 1611, 1875, 2029, 786, 186, 1764, 2362, 92, 687, 957, 1935, 262, 861, 869, 1797, 184, 1318, 1838, 297, 2156, 2216, 781, 1296, 816, 2244, 1755, 47, 2048, 525, 3293, 801, 79, 17, 587, 528, 201, 974, 3, 1398, 62, 655, 1379, 267, 556, 1954, 291, 1170, 792, 1533, 1610, 684, 1434, 18, 742, 630, 923, 1751, 74, 523, 2657, 66, 1037, 1669, 1354, 1462, 2403]
2026-03-08 22:46:45,559 - INFO - 当前用时 0.26 秒
2026-03-08 22:46:45,560 - INFO - 将种子集 写入位置: /home/wen/work/coup_spread/network.netactorcollaboration/2026-3-9/seeds-with-network.netactorcollaboration/random_pageRank_seedNum-225_SSRNum-50000.txt
2026-03-08 22:46:45,560 - INFO - 首次生成种子集 alpha_sort
2026-03-08 22:46:45,560 - INFO - 执行当前算法开始: alpha_sort
2026-03-08 22:46:45,561 - INFO - 4525 个节点的alpha值降序排序 done
2026-03-08 22:46:45,561 - INFO - ==============>> [(3621, np.float64(0.3)), (3622, np.float64(0.3)), (3623, np.float64(0.3)), (3624, np.float64(0.3)), (3625, np.float64(0.3)), (3626, np.float64(0.3)), (3627, np.float64(0.3)), (3628, np.float64(0.3)), (3629, np.float64(0.3)), (3630, np.float64(0.3))]
2026-03-08 22:46:45,561 - INFO - 
选择的种子集 (按alpha排序): [3621, 3622, 3623, 3624, 3625, 3626, 3627, 3628, 3629, 3630, 3631, 3632, 3633, 3634, 3635, 3636, 3637, 3638, 3639, 3640, 3641, 3642, 3643, 3644, 3645, 3646, 3647, 3648, 3649, 3650, 3651, 3652, 3653, 3654, 3655, 3656, 3657, 3658, 3659, 3660, 3661, 3662, 3663, 3664, 3665, 3666, 3667, 3668, 3669, 3670, 3671, 3672, 3673, 3674, 3675, 3676, 3677, 3678, 3679, 3680, 3681, 3682, 3683, 3684, 3685, 3686, 3687, 3688, 3689, 3690, 3691, 3692, 3693, 3694, 3695, 3696, 3697, 3698, 3699, 3700, 3701, 3702, 3703, 3704, 3705, 3706, 3707, 3708, 3709, 3710, 3711, 3712, 3713, 3714, 3715, 3716, 3717, 3718, 3719, 3720, 3721, 3722, 3723, 3724, 3725, 3726, 3727, 3728, 3729, 3730, 3731, 3732, 3733, 3734, 3735, 3736, 3737, 3738, 3739, 3740, 3741, 3742, 3743, 3744, 3745, 3746, 3747, 3748, 3749, 3750, 3751, 3752, 3753, 3754, 3755, 3756, 3757, 3758, 3759, 3760, 3761, 3762, 3763, 3764, 3765, 3766, 3767, 3768, 3769, 3770, 3771, 3772, 3773, 3774, 3775, 3776, 3777, 3778, 3779, 3780, 3781, 3782, 3783, 3784, 3785, 3786, 3787, 3788, 3789, 3790, 3791, 3792, 3793, 3794, 3795, 3796, 3797, 3798, 3799, 3800, 3801, 3802, 3803, 3804, 3805, 3806, 3807, 3808, 3809, 3810, 3811, 3812, 3813, 3814, 3815, 3816, 3817, 3818, 3819, 3820, 3821, 3822, 3823, 3824, 3825, 3826, 3827, 3828, 3829, 3830, 3831, 3832, 3833, 3834, 3835, 3836, 3837, 3838, 3839, 3840, 3841, 3842, 3843, 3844, 3845]

2026-03-08 22:46:45,561 - INFO - 当前用时 0.00 秒
2026-03-08 22:46:45,561 - INFO - 将种子集 写入位置: /home/wen/work/coup_spread/network.netactorcollaboration/2026-3-9/seeds-with-network.netactorcollaboration/random_alpha_sort_seedNum-225_SSRNum-50000.txt
2026-03-08 22:46:45,561 - INFO - 首次生成种子集 ris_optimized
2026-03-08 22:46:45,561 - INFO - 执行当前算法开始: ris_optimized
2026-03-08 22:46:45,814 - INFO - 图初始化完成，节点数: 4525，当前模式: 优化采样
2026-03-08 22:46:45,814 - INFO - 开始生成 50000 组多重RR-Set...
2026-03-08 22:47:10,176 - INFO - 生成完毕。耗时: 24.36 秒。
2026-03-08 22:47:10,187 - INFO - 开始基于多重RR集贪心选择最优种子...
2026-03-08 22:47:19,224 - INFO - 选种完毕。耗时: 9.04 秒。估算范围: 345.44
2026-03-08 22:47:20,366 - INFO - 当前用时 34.80 秒
2026-03-08 22:47:20,366 - INFO - 将种子集 写入位置: /home/wen/work/coup_spread/network.netactorcollaboration/2026-3-9/seeds-with-network.netactorcollaboration/random_ris_optimized_seedNum-225_SSRNum-50000.txt
2026-03-08 22:47:20,367 - INFO - 评估种子集: None
2026-03-08 22:47:20,367 - INFO - 多进程评估开始，共有 5 个方法待评估...
2026-03-08 22:47:20,367 - INFO - 启动进程池，Worker数量: 5
2026-03-08 22:47:21,106 - INFO - [Process 3679220] 开始评估方法: random, 种子数: 225
2026-03-08 22:47:21,686 - INFO - [Process 3679221] 开始评估方法: degreeTopM, 种子数: 225
2026-03-08 22:47:22,262 - INFO - [Process 3679222] 开始评估方法: pageRank, 种子数: 225
2026-03-08 22:47:22,844 - INFO - [Process 3679223] 开始评估方法: alpha_sort, 种子数: 225
2026-03-08 22:47:23,426 - INFO - [Process 3679224] 开始评估方法: ris_optimized, 种子数: 225
2026-03-08 22:47:25,949 - INFO - [alpha_sort - 种子:225] 拉新:92.5人 | 总销量:94.4单 | 品牌曝光:349.3次 | 🌟综合得分:128.4
2026-03-08 22:47:35,667 - INFO - [random - 种子:225] 拉新:162.2人 | 总销量:167.0单 | 品牌曝光:838.2次 | 🌟综合得分:248.4
2026-03-08 22:47:38,694 - INFO - [degreeTopM - 种子:225] 拉新:177.0人 | 总销量:194.8单 | 品牌曝光:973.0次 | 🌟综合得分:283.2
2026-03-08 22:47:39,498 - INFO - [pageRank - 种子:225] 拉新:176.9人 | 总销量:191.8单 | 品牌曝光:958.6次 | 🌟综合得分:280.2
2026-03-08 22:47:41,799 - INFO - [ris_optimized - 种子:225] 拉新:190.8人 | 总销量:200.7单 | 品牌曝光:1002.2次 | 🌟综合得分:295.9
2026-03-08 22:47:41,832 - INFO - 所有进程执行完毕，开始写入数据...
2026-03-08 22:47:41,841 - INFO - 成功写入 5 条记录至 /home/wen/work/coup_spread/gzc-impl/results/network.netactorcollaboration/2026-3-9/random_SSRNum-50000-_seedNum-225_simuTimes-500.csv
2026-03-08 22:47:41,843 - INFO - 保存评估文件至: /home/wen/work/coup_spread/gzc-impl/results/network.netactorcollaboration/2026-3-9/random_SSRNum-50000-_seedNum-225_simuTimes-500.csv
2026-03-08 22:47:41,862 - INFO - 加载数据集: network.netactorcollaboration
2026-03-08 22:47:41,863 - INFO - --- 矩阵分析 ---
2026-03-08 22:47:41,863 - INFO - 节点数 (N): 4525
2026-03-08 22:47:41,863 - INFO - 边数 (E): 27326
2026-03-08 22:47:41,863 - INFO - 密度 (Density): 0.00133456 (越小越稀疏)
2026-03-08 22:47:41,863 - INFO - 稀疏度 (Sparsity): 0.99866544 (越接近1越稀疏)
2026-03-08 22:47:41,863 - INFO - 平均度数 (Avg Degree): 6.04
2026-03-08 22:47:41,863 - INFO - >>> 正在注入完美对抗属性（验证三条定理）...
2026-03-08 22:47:41,906 - INFO - 首次生成种子集 random
2026-03-08 22:47:41,906 - INFO - 执行当前算法开始: random
2026-03-08 22:47:41,906 - INFO - 数据集节点总数:  n = 4525, m = 250
2026-03-08 22:47:41,906 - INFO - 选择 250  [3975, 2956, 3615, 3823, 2431, 4007, 3342, 1143, 3049, 4113, 4182, 2649, 1549, 1548, 3694, 544, 2293, 2385, 2839, 2007, 3861, 393, 2217, 775, 923, 2068, 3699, 2658, 113, 439, 419, 2631, 1632, 3274, 4242, 3640, 1478, 1928, 494, 3293, 3876, 2714, 2909, 106, 2203, 2365, 2515, 4222, 1116, 4059, 3936, 1600, 2489, 1361, 753, 2777, 859, 4205, 256, 3668, 2327, 2778, 3575, 369, 4252, 3960, 1353, 2022, 2719, 2773, 3421, 1653, 2535, 1705, 1941, 1684, 1994, 3299, 2424, 1774, 4194, 1265, 3252, 2490, 4288, 964, 1369, 3062, 877, 979, 2927, 1012, 4307, 3573, 755, 4457, 2144, 3295, 3368, 1899, 4500, 3431, 1723, 1266, 27, 4049, 3799, 413, 2895, 4236, 2538, 1463, 2924, 4150, 710, 2117, 3535, 1252, 2232, 2300, 217, 1956, 2898, 4429, 130, 1174, 1306, 240, 1841, 605, 4238, 2836, 4200, 895, 572, 2406, 3879, 203, 2990, 3181, 1018, 2487, 2835, 1738, 4187, 2040, 2335, 3895, 3565, 2002, 2976, 831, 3826, 1605, 2310, 4044, 2870, 3579, 2977, 4046, 921, 1210, 1065, 3155, 101, 3882, 4216, 136, 2354, 1366, 159, 575, 3362, 2532, 1770, 4083, 644, 1620, 109, 1335, 3901, 2147, 282, 3496, 3054, 2563, 672, 346, 171, 462, 277, 1819, 1743, 3316, 2776, 3768, 3749, 312, 1337, 449, 3059, 2813, 145, 1900, 4099, 3545, 3495, 1535, 1948, 2139, 1836, 164, 67, 647, 3057, 571, 1637, 1440, 2668, 3215, 4518, 4418, 236, 4190, 869, 2985, 1026, 706, 3497, 3658, 4016, 3877, 3008, 1354, 2308, 2478, 2882, 625, 1418, 1322, 280, 621, 2247, 2466, 2852, 1350, 4032, 788, 2752, 2025]

2026-03-08 22:47:41,906 - INFO - 当前用时 0.00 秒
2026-03-08 22:47:41,906 - INFO - 将种子集 写入位置: /home/wen/work/coup_spread/network.netactorcollaboration/2026-3-9/seeds-with-network.netactorcollaboration/random_random_seedNum-250_SSRNum-50000.txt
2026-03-08 22:47:41,906 - INFO - 首次生成种子集 degreeTopM
2026-03-08 22:47:41,906 - INFO - 执行当前算法开始: degreeTopM
2026-03-08 22:47:41,906 - INFO - 依据: 选择连接数（度数）最多的节点。
2026-03-08 22:47:41,907 - INFO - 选择的 Top M 节点及其度数:
2026-03-08 22:47:41,907 - INFO - 
2026-03-08 22:47:41,907 - INFO - 当前用时 0.00 秒
2026-03-08 22:47:41,907 - INFO - 将种子集 写入位置: /home/wen/work/coup_spread/network.netactorcollaboration/2026-3-9/seeds-with-network.netactorcollaboration/random_degreeTopM_seedNum-250_SSRNum-50000.txt
2026-03-08 22:47:41,908 - INFO - 首次生成种子集 pageRank
2026-03-08 22:47:41,908 - INFO - 执行当前算法开始: pageRank
2026-03-08 22:47:41,908 - INFO - --- Running: PageRank (on tranProMatrix) Top M ---
2026-03-08 22:47:42,165 - INFO - Selected PageRank seeds: [109, 773, 106, 666, 886, 1738, 430, 719, 659, 1686, 614, 160, 1110, 1489, 1209, 1431, 60, 782, 1972, 527, 814, 1062, 28, 21, 257, 1858, 37, 1403, 287, 488, 1481, 653, 1432, 1180, 1269, 1020, 1233, 1308, 1127, 1706, 39, 401, 197, 1745, 865, 364, 1687, 461, 57, 278, 952, 59, 506, 2777, 1547, 1488, 1715, 445, 1609, 67, 1495, 65, 677, 437, 1681, 90, 1457, 190, 649, 1059, 1064, 1324, 675, 102, 638, 1433, 538, 308, 1214, 1450, 350, 702, 289, 2645, 647, 319, 555, 2119, 1902, 212, 1847, 2565, 986, 286, 183, 248, 784, 750, 1767, 294, 2534, 819, 1156, 1422, 2236, 1594, 1918, 453, 885, 522, 193, 348, 993, 162, 1666, 2247, 620, 1394, 1161, 3036, 2405, 906, 2125, 1792, 1054, 329, 1305, 613, 118, 1255, 1191, 551, 577, 7, 1743, 1769, 637, 269, 280, 1600, 3103, 1793, 751, 1122, 2112, 466, 746, 309, 1055, 1240, 1641, 113, 2274, 1905, 958, 1362, 566, 1112, 1763, 1611, 1875, 2029, 786, 186, 1764, 2362, 92, 687, 957, 1935, 262, 861, 869, 1797, 184, 1318, 1838, 297, 2156, 2216, 781, 1296, 816, 2244, 1755, 47, 2048, 525, 3293, 801, 79, 17, 587, 528, 201, 974, 3, 1398, 62, 655, 1379, 267, 556, 1954, 291, 1170, 792, 1533, 1610, 684, 1434, 18, 742, 630, 923, 1751, 74, 523, 2657, 66, 1037, 1669, 1354, 1462, 2403, 478, 2692, 2727, 650, 1682, 1312, 1063, 451, 235, 382, 196, 2049, 2266, 290, 1461, 479, 876, 2208, 1709, 1070, 180, 1835, 1182, 32, 2065]
2026-03-08 22:47:42,165 - INFO - 当前用时 0.26 秒
2026-03-08 22:47:42,166 - INFO - 将种子集 写入位置: /home/wen/work/coup_spread/network.netactorcollaboration/2026-3-9/seeds-with-network.netactorcollaboration/random_pageRank_seedNum-250_SSRNum-50000.txt
2026-03-08 22:47:42,166 - INFO - 首次生成种子集 alpha_sort
2026-03-08 22:47:42,166 - INFO - 执行当前算法开始: alpha_sort
2026-03-08 22:47:42,167 - INFO - 4525 个节点的alpha值降序排序 done
2026-03-08 22:47:42,167 - INFO - ==============>> [(3621, np.float64(0.3)), (3622, np.float64(0.3)), (3623, np.float64(0.3)), (3624, np.float64(0.3)), (3625, np.float64(0.3)), (3626, np.float64(0.3)), (3627, np.float64(0.3)), (3628, np.float64(0.3)), (3629, np.float64(0.3)), (3630, np.float64(0.3))]
2026-03-08 22:47:42,167 - INFO - 
选择的种子集 (按alpha排序): [3621, 3622, 3623, 3624, 3625, 3626, 3627, 3628, 3629, 3630, 3631, 3632, 3633, 3634, 3635, 3636, 3637, 3638, 3639, 3640, 3641, 3642, 3643, 3644, 3645, 3646, 3647, 3648, 3649, 3650, 3651, 3652, 3653, 3654, 3655, 3656, 3657, 3658, 3659, 3660, 3661, 3662, 3663, 3664, 3665, 3666, 3667, 3668, 3669, 3670, 3671, 3672, 3673, 3674, 3675, 3676, 3677, 3678, 3679, 3680, 3681, 3682, 3683, 3684, 3685, 3686, 3687, 3688, 3689, 3690, 3691, 3692, 3693, 3694, 3695, 3696, 3697, 3698, 3699, 3700, 3701, 3702, 3703, 3704, 3705, 3706, 3707, 3708, 3709, 3710, 3711, 3712, 3713, 3714, 3715, 3716, 3717, 3718, 3719, 3720, 3721, 3722, 3723, 3724, 3725, 3726, 3727, 3728, 3729, 3730, 3731, 3732, 3733, 3734, 3735, 3736, 3737, 3738, 3739, 3740, 3741, 3742, 3743, 3744, 3745, 3746, 3747, 3748, 3749, 3750, 3751, 3752, 3753, 3754, 3755, 3756, 3757, 3758, 3759, 3760, 3761, 3762, 3763, 3764, 3765, 3766, 3767, 3768, 3769, 3770, 3771, 3772, 3773, 3774, 3775, 3776, 3777, 3778, 3779, 3780, 3781, 3782, 3783, 3784, 3785, 3786, 3787, 3788, 3789, 3790, 3791, 3792, 3793, 3794, 3795, 3796, 3797, 3798, 3799, 3800, 3801, 3802, 3803, 3804, 3805, 3806, 3807, 3808, 3809, 3810, 3811, 3812, 3813, 3814, 3815, 3816, 3817, 3818, 3819, 3820, 3821, 3822, 3823, 3824, 3825, 3826, 3827, 3828, 3829, 3830, 3831, 3832, 3833, 3834, 3835, 3836, 3837, 3838, 3839, 3840, 3841, 3842, 3843, 3844, 3845, 3846, 3847, 3848, 3849, 3850, 3851, 3852, 3853, 3854, 3855, 3856, 3857, 3858, 3859, 3860, 3861, 3862, 3863, 3864, 3865, 3866, 3867, 3868, 3869, 3870]

2026-03-08 22:47:42,167 - INFO - 当前用时 0.00 秒
2026-03-08 22:47:42,167 - INFO - 将种子集 写入位置: /home/wen/work/coup_spread/network.netactorcollaboration/2026-3-9/seeds-with-network.netactorcollaboration/random_alpha_sort_seedNum-250_SSRNum-50000.txt
2026-03-08 22:47:42,167 - INFO - 首次生成种子集 ris_optimized
2026-03-08 22:47:42,167 - INFO - 执行当前算法开始: ris_optimized
2026-03-08 22:47:42,416 - INFO - 图初始化完成，节点数: 4525，当前模式: 优化采样
2026-03-08 22:47:42,416 - INFO - 开始生成 50000 组多重RR-Set...
2026-03-08 22:48:09,552 - INFO - 生成完毕。耗时: 27.14 秒。
2026-03-08 22:48:09,568 - INFO - 开始基于多重RR集贪心选择最优种子...
2026-03-08 22:48:28,778 - INFO - 选种完毕。耗时: 19.21 秒。估算范围: 386.07
2026-03-08 22:48:31,178 - INFO - 当前用时 49.01 秒
2026-03-08 22:48:31,179 - INFO - 将种子集 写入位置: /home/wen/work/coup_spread/network.netactorcollaboration/2026-3-9/seeds-with-network.netactorcollaboration/random_ris_optimized_seedNum-250_SSRNum-50000.txt
2026-03-08 22:48:31,180 - INFO - 评估种子集: None
2026-03-08 22:48:31,180 - INFO - 多进程评估开始，共有 5 个方法待评估...
2026-03-08 22:48:31,180 - INFO - 启动进程池，Worker数量: 5
2026-03-08 22:48:31,947 - INFO - [Process 3680715] 开始评估方法: random, 种子数: 250
2026-03-08 22:48:32,521 - INFO - [Process 3680716] 开始评估方法: degreeTopM, 种子数: 250
2026-03-08 22:48:33,099 - INFO - [Process 3680717] 开始评估方法: pageRank, 种子数: 250
2026-03-08 22:48:33,681 - INFO - [Process 3680718] 开始评估方法: alpha_sort, 种子数: 250
2026-03-08 22:48:34,262 - INFO - [Process 3680719] 开始评估方法: ris_optimized, 种子数: 250
2026-03-08 22:48:37,116 - INFO - [alpha_sort - 种子:250] 拉新:102.5人 | 总销量:104.7单 | 品牌曝光:388.2次 | 🌟综合得分:142.4
2026-03-08 22:48:48,603 - INFO - [random - 种子:250] 拉新:179.5人 | 总销量:185.9单 | 品牌曝光:929.3次 | 🌟综合得分:275.6
2026-03-08 22:48:52,020 - INFO - [degreeTopM - 种子:250] 拉新:195.1人 | 总销量:215.9单 | 品牌曝光:1079.7次 | 🌟综合得分:313.5
2026-03-08 22:48:52,283 - INFO - [pageRank - 种子:250] 拉新:195.4人 | 总销量:212.9单 | 品牌曝光:1063.5次 | 🌟综合得分:310.5
2026-03-08 22:48:54,223 - INFO - [ris_optimized - 种子:250] 拉新:211.9人 | 总销量:222.5单 | 品牌曝光:1112.2次 | 🌟综合得分:328.4
2026-03-08 22:48:54,257 - INFO - 所有进程执行完毕，开始写入数据...
2026-03-08 22:48:54,262 - INFO - 成功写入 5 条记录至 /home/wen/work/coup_spread/gzc-impl/results/network.netactorcollaboration/2026-3-9/random_SSRNum-50000-_seedNum-250_simuTimes-500.csv
2026-03-08 22:48:54,263 - INFO - 保存评估文件至: /home/wen/work/coup_spread/gzc-impl/results/network.netactorcollaboration/2026-3-9/random_SSRNum-50000-_seedNum-250_simuTimes-500.csv
