2025-11-15 15:25:57,170 - INFO - 加载数据集: Twitter
2025-11-15 15:25:57,173 - INFO - 首次生成度相关概率分布 分布类型: 'powerlaw'.
2025-11-15 15:25:57,173 - INFO - ===> 使用幂律分布生成四种分布
2025-11-15 15:25:57,184 - INFO - 保存概率分布 文件位置: /home/wen/pythonspace/data-test/Twitter/2025-11-14/distribution-in-Twitter/distribution-powerlaw_seedNum-1024.pkl
2025-11-15 15:26:01,268 - INFO - 首次生成种子集 random
2025-11-15 15:26:01,269 - INFO - 执行当前算法开始: random
2025-11-15 15:26:01,269 - INFO - 当前用时 0.00 秒
2025-11-15 15:26:01,270 - INFO - 将种子集 写入位置: /home/wen/pythonspace/data-test/Twitter/2025-11-14/seeds-with-Twitter/distribution-powerlaw_random_seedNum-1024.txt
2025-11-15 15:26:01,270 - INFO - 首次生成种子集 degreeTopM
2025-11-15 15:26:01,270 - INFO - 执行当前算法开始: degreeTopM
2025-11-15 15:26:01,290 - INFO - 当前用时 0.02 秒
2025-11-15 15:26:01,290 - INFO - 将种子集 写入位置: /home/wen/pythonspace/data-test/Twitter/2025-11-14/seeds-with-Twitter/distribution-powerlaw_degreeTopM_seedNum-1024.txt
2025-11-15 15:26:01,291 - INFO - 首次生成种子集 ris_coverage
2025-11-15 15:26:01,291 - INFO - 执行当前算法开始: ris_coverage
2025-11-15 15:26:01,346 - INFO - 反向图构建完成，处理了 65548 条边。
2025-11-15 15:26:01,348 - INFO - 图初始化完成，包含 23362 个节点，选择 1024 个种子。
2025-11-15 15:26:01,348 - INFO - 
采样次数: 100000, 开始生成 100000 组SSR，使用 2 个并行进程...
2025-11-15 15:37:19,195 - INFO - 100000 个SSR生成完毕。耗时: 677.32 秒。
2025-11-15 15:37:19,706 - INFO - 
开始选择最优的种子节点 ...
2025-11-15 16:46:13,531 - INFO - 种子节点选择完毕。耗时: 4133.80 秒。
2025-11-15 16:46:17,816 - INFO - 最终选择的种子集: [14945, 7242, 18419, 14393, 7061, 823, 1471, 6591, 3713, 22831, 9494, 7339, 21266, 21464, 9237, 12844, 11529, 5190, 7120, 4496, 23339, 1557, 7022, 9144, 10534, 12296, 6663, 18211, 4832, 3627, 15106, 1142, 14550, 7838, 924, 2531, 11130, 16298, 12038, 9398, 3541, 1179, 9248, 4916, 6436, 7377, 12125, 15373, 11077, 3683, 3845, 18530, 15564, 2077, 12968, 19275, 18405, 4017, 2487, 12574, 21114, 1445, 9827, 5006, 4581, 4002, 13385, 14126, 221, 3797, 14591, 17608, 10076, 5812, 3634, 2999, 3282, 1578, 10912, 18464, 18024, 15104, 889, 3164, 7424, 8861, 14411, 16373, 441, 13551, 10310, 5519, 3405, 16698, 9112, 1217, 13264, 15367, 15346, 8809, 7708, 13170, 2742, 9783, 9697, 2755, 10860, 4066, 11447, 22645, 6217, 3220, 21160, 9545, 19932, 13623, 2984, 7457, 5594, 3261, 6950, 11227, 12845, 4645, 22396, 13769, 14828, 21804, 11648, 9042, 11524, 3841, 17179, 15861, 10955, 12245, 18340, 22741, 4218, 7502, 13723, 188, 15119, 4742, 3136, 7963, 7169, 9867, 15727, 19843, 11139, 22610, 12267, 10845, 2663, 7670, 16762, 15947, 9879, 1269, 21936, 1266, 12076, 6859, 12268, 8462, 3242, 10555, 11787, 2822, 3145, 5777, 11007, 14779, 9576, 21055, 10205, 14842, 14946, 4875, 3912, 1923, 1675, 10693, 3580, 2610, 4457, 8539, 17688, 9346, 2923, 4237, 14010, 9487, 4150, 7816, 1567, 3537, 20789, 20598, 21075, 434, 2015, 643, 8742, 6855, 20372, 9648, 17674, 4022, 1021, 8385, 3804, 15869, 12383, 5085, 3425, 18737, 2878, 19167, 6625, 13283, 7684, 18712, 3341, 18056, 6629, 18200, 3334, 2107, 10941, 7238, 5801, 10527, 19032, 464, 9527, 10291, 6936, 18992, 2357, 16002, 2331, 20755, 2794, 17327, 20174, 3410, 211, 857, 284, 143, 8770, 18593, 5908, 1534, 9384, 8717, 9173, 23306, 3496, 19608, 17212, 12896, 12771, 16744, 5629, 17858, 14293, 8896, 869, 3796, 9270, 657, 10939, 16747, 14042, 7907, 2310, 4046, 8886, 11230, 8790, 9152, 21625, 621, 19758, 17924, 8235, 20240, 2208, 6115, 12067, 1513, 3315, 6806, 3292, 21300, 3980, 8647, 5498, 15519, 9277, 13018, 15207, 13154, 7376, 11988, 3069, 10497, 19430, 9083, 19946, 19687, 17016, 20624, 14008, 16030, 5955, 21626, 14904, 7084, 15129, 4579, 21583, 6479, 6452, 4127, 12992, 7267, 8304, 8090, 13744, 3778, 8920, 23230, 6933, 6309, 7147, 450, 9997, 21832, 1159, 12452, 18886, 2559, 18966, 8643, 16579, 6186, 10779, 12057, 6322, 11330, 6487, 1068, 227, 5914, 15674, 22797, 14269, 14951, 19499, 15162, 3959, 1889, 2641, 11507, 7812, 3760, 9635, 15617, 6200, 7713, 13058, 12390, 22623, 6272, 5094, 6379, 181, 4373, 20573, 5297, 4978, 11746, 4588, 8062, 2228, 6455, 15571, 3642, 609, 7729, 5088, 9561, 11914, 20585, 4452, 11008, 19557, 8367, 7375, 453, 7082, 7913, 8756, 43, 8031, 5274, 3976, 18390, 13838, 7432, 9243, 13366, 3067, 15547, 15308, 10102, 1683, 2699, 22913, 4118, 4469, 14845, 17180, 818, 1922, 8776, 21280, 7692, 20421, 7462, 19503, 2477, 1624, 11935, 35, 2841, 21294, 4956, 6721, 3579, 18105, 2090, 2132, 169, 22304, 12386, 20563, 7205, 7276, 5660, 1841, 18455, 15491, 19049, 21103, 20783, 7411, 21480, 16524, 17982, 15260, 5439, 8018, 20879, 2366, 12499, 18808, 7619, 9153, 3874, 11982, 9670, 17687, 1425, 19041, 3400, 18861, 3473, 11826, 11586, 2583, 1947, 9971, 11540, 2598, 5223, 5188, 21613, 9073, 19951, 22203, 10661, 11823, 5718, 17211, 11347, 2459, 3177, 22422, 9230, 4845, 23258, 8632, 1869, 1229, 5951, 4519, 13897, 4565, 23314, 6253, 15820, 4801, 23082, 4973, 14907, 13114, 6492, 18046, 6387, 1773, 23223, 18678, 21220, 17105, 11465, 4246, 13661, 20059, 16931, 4096, 3994, 20160, 11670, 12749, 8586, 8362, 10032, 2127, 10635, 18350, 11945, 3620, 20262, 13539, 17655, 18521, 16170, 17528, 272, 9689, 13647, 7985, 10770, 6720, 3777, 20026, 13105, 11253, 18766, 12203, 7535, 2064, 16999, 19878, 17598, 4478, 23035, 9816, 18622, 16374, 20854, 14783, 9363, 13012, 297, 6320, 19821, 3448, 6070, 14219, 22803, 16111, 1357, 18039, 15337, 6665, 13421, 770, 7677, 9027, 2620, 16072, 6209, 2336, 22825, 17937, 6338, 8562, 7332, 3391, 10232, 1375, 6113, 4637, 14141, 1006, 18510, 23170, 10416, 1432, 968, 6984, 5615, 9845, 16299, 917, 22226, 4774, 2105, 7615, 3039, 2565, 8641, 20234, 13713, 16009, 14949, 13826, 18331, 1917, 13786, 6374, 2384, 6628, 17633, 14526, 5382, 1610, 8850, 4683, 20389, 3015, 19958, 15021, 364, 15987, 14676, 19012, 9478, 6329, 9821, 12464, 8190, 21446, 2358, 3794, 20612, 1663, 15327, 201, 19209, 6080, 16175, 13896, 5400, 10517, 10294, 10145, 1913, 19367, 16216, 6002, 11094, 9422, 21580, 14700, 1554, 21286, 6566, 10314, 15002, 12628, 21549, 14606, 5284, 10303, 17365, 15590, 4712, 8364, 8050, 14046, 15901, 15616, 3378, 4490, 18465, 13386, 20662, 1782, 6406, 15775, 8918, 21238, 22526, 1524, 14206, 22187, 6327, 18700, 402, 17587, 9755, 10966, 3138, 21481, 15753, 2981, 229, 15575, 4890, 4924, 16244, 22163, 5259, 19961, 1218, 2321, 2480, 11694, 16740, 10590, 2242, 2124, 23247, 3361, 14416, 11144, 19728, 12656, 15699, 484, 401, 11263, 1868, 13782, 19507, 20203, 17975, 12453, 7492, 6134, 1999, 11283, 12441, 1935, 17562, 6371, 5260, 20453, 15101, 8273, 5054, 7876, 21497, 16097, 20945, 2522, 17392, 6846, 1735, 12858, 4974, 392, 20211, 17465, 19090, 3573, 42, 9795, 19667, 19990, 9751, 23289, 12782, 84, 3275, 9339, 17114, 7194, 10409, 17660, 11320, 17002, 3212, 19238, 21061, 1592, 4153, 5218, 1384, 21974, 19493, 18945, 913, 1367, 2820, 3762, 5759, 2705, 18892, 5982, 4736, 6279, 7453, 12726, 13196, 18275, 10186, 261, 11420, 5092, 1408, 7640, 16562, 426, 21578, 11090, 16229, 8832, 18061, 14653, 22866, 18351, 14699, 12240, 12072, 3765, 23150, 12113, 3946, 4147, 2946, 17086, 3818, 19236, 4594, 10855, 18537, 1635, 7371, 19442, 5414, 3533, 21610, 21683, 11213, 13892, 16424, 14982, 3040, 8593, 15311, 8458, 11049, 12708, 2972, 11298, 4019, 2628, 21460, 7124, 16326, 21783, 10604, 4284, 14908, 17030, 2992, 12175, 9201, 19596, 11464, 3161, 7950, 22130, 19078, 164, 15171, 23015, 6301, 13064, 10841, 7046, 21157, 10727, 3291, 16314, 8745, 6204, 9735, 7898, 22675, 394, 12746, 22098, 17270, 4067, 8125, 14489, 4341, 4788, 9720, 20760, 11484, 22215, 3419, 17434, 15041, 9451, 19163, 17919, 10510, 743, 7273, 8905, 19421, 12443, 5584, 17119, 6858, 10809, 6654, 455, 1693, 10586, 9699, 8714, 430, 1157, 16945, 2753, 11779, 764, 7997, 1135, 11476, 19340, 22506, 4524, 4775, 14576, 18133, 2231, 10461, 14251, 15618, 197, 3605, 9467, 13294, 4093, 1676, 13150, 15833, 22063, 15583, 4690, 15553, 1098, 20058, 15385, 9930, 20782, 1882, 7757, 4324, 2126, 4967, 13678, 22367, 17178, 14301, 21882, 20415, 5162, 4105, 876, 17113, 19984, 1409, 12944, 13178, 13158, 8722, 5887, 3730, 1833, 729, 10967, 18883, 5627, 15840, 5865, 20551, 728, 2151, 8553, 15295, 6920, 17320, 3115, 5290, 2963, 17296, 7191, 2309, 2343, 11279]

2025-11-15 17:01:08,672 - INFO - 当前用时 5707.38 秒
2025-11-15 17:01:08,821 - INFO - 将种子集 写入位置: /home/wen/pythonspace/data-test/Twitter/2025-11-14/seeds-with-Twitter/distribution-powerlaw_ris_coverage_seedNum-1024.txt
2025-11-15 17:01:09,057 - INFO - 评估种子集: None
2025-11-15 17:01:09,057 - INFO - 评估函数开始
2025-11-15 17:01:09,057 - INFO - 当前模拟次数: [3]

2025-11-15 17:01:09,058 - INFO - 当前评估种子数: 1024 ---
2025-11-15 17:01:09,058 - INFO -   Evaluating method: 'random' with 1024 seeds.
2025-11-15 17:01:09,058 - INFO -     Running 3 simulations...
2025-11-15 17:01:09,058 - INFO - 		当前模拟轮次: 0
2025-11-15 17:14:34,001 - INFO - 加载数据集: Twitter
2025-11-15 17:14:34,052 - INFO - 复用概率分布 文件位置: /home/wen/pythonspace/data-test/Twitter/2025-11-14/distribution-in-Twitter/distribution-powerlaw_seedNum-1024.pkl
2025-11-15 17:14:38,489 - INFO - 从当前位置 读取种子集 /home/wen/pythonspace/data-test/Twitter/2025-11-14/seeds-with-Twitter/distribution-powerlaw_random_seedNum-1024.txt
2025-11-15 17:14:38,596 - INFO - 从当前位置 读取种子集 /home/wen/pythonspace/data-test/Twitter/2025-11-14/seeds-with-Twitter/distribution-powerlaw_degreeTopM_seedNum-1024.txt
2025-11-15 17:14:38,610 - INFO - 从当前位置 读取种子集 /home/wen/pythonspace/data-test/Twitter/2025-11-14/seeds-with-Twitter/distribution-powerlaw_ris_coverage_seedNum-1024.txt
2025-11-15 17:14:38,644 - INFO - 评估种子集: None
2025-11-15 17:14:38,645 - INFO - 评估函数开始
2025-11-15 17:14:38,645 - INFO - 当前模拟次数: [3]

2025-11-15 17:14:38,645 - INFO - 当前评估种子数: 1024 ---
2025-11-15 17:14:38,645 - INFO -   Evaluating method: 'random' with 1024 seeds.
2025-11-15 17:14:38,645 - INFO -     Running 3 simulations...
2025-11-15 17:14:38,645 - INFO - 		当前模拟轮次: 0
2025-11-15 17:14:39,030 - INFO - 		当前模拟轮次: 1
2025-11-15 17:14:39,421 - INFO - 		当前模拟轮次: 2
2025-11-15 17:14:39,785 - INFO -     Result: E[Users] = 516.6667, Var[Users] = 59.5556, Std_Dev = 7.7172
2025-11-15 17:14:39,887 - INFO -   Evaluating method: 'degreeTopM' with 1024 seeds.
2025-11-15 17:14:39,887 - INFO -     Running 3 simulations...
2025-11-15 17:14:39,888 - INFO - 		当前模拟轮次: 0
2025-11-15 17:14:40,256 - INFO - 		当前模拟轮次: 1
2025-11-15 17:14:41,156 - INFO - 		当前模拟轮次: 2
2025-11-15 17:14:41,487 - INFO -     Result: E[Users] = 513.0000, Var[Users] = 18.0000, Std_Dev = 4.2426
2025-11-15 17:14:41,490 - INFO -   Evaluating method: 'ris_coverage' with 1024 seeds.
2025-11-15 17:14:41,490 - INFO -     Running 3 simulations...
2025-11-15 17:14:41,490 - INFO - 		当前模拟轮次: 0
2025-11-15 17:14:41,787 - INFO - 		当前模拟轮次: 1
2025-11-15 17:14:42,108 - INFO - 		当前模拟轮次: 2
2025-11-15 17:14:42,418 - INFO -     Result: E[Users] = 614.0000, Var[Users] = 0.6667, Std_Dev = 0.8165
2025-11-15 17:14:42,420 - INFO - 保存评估文件至: /home/wen/pythonspace/data-test/Twitter/2025-11-14/E-activated-Twitter/distribution-powerlaw/tsd_10.0-10.0-10.0/single_sim_func-AgainContinue/simuTimes-3_seedNum-1024_monteCarloL-10_single_sim_func-AgainContinue_rrNumSamples-100000.csv
