2025-11-14 16:37:34,085 - INFO - 加载数据集: Twitter
2025-11-14 16:37:34,141 - INFO - 首次生成度相关概率分布 分布类型: 'powerlaw'.
2025-11-14 16:37:34,141 - INFO - ===> 使用幂律分布生成四种分布
2025-11-14 16:37:34,176 - INFO - 保存概率分布 文件位置: /home/wen/pythonspace/data-test/Twitter/2025-11-14/distribution-in-Twitter/distribution-powerlaw_seedNum-100.pkl
2025-11-14 16:37:38,580 - INFO - 首次生成种子集 random
2025-11-14 16:37:38,580 - INFO - 执行当前算法开始: random
2025-11-14 16:37:38,581 - INFO - 当前用时 0.00 秒
2025-11-14 16:37:38,581 - INFO - 将种子集 写入位置: /home/wen/pythonspace/data-test/Twitter/2025-11-14/seeds-with-Twitter/distribution-powerlaw_random_seedNum-100.txt
2025-11-14 16:37:38,581 - INFO - 首次生成种子集 ris_coverage
2025-11-14 16:37:38,581 - INFO - 执行当前算法开始: ris_coverage
2025-11-14 16:39:06,354 - INFO - 当前用时 87.77 秒
2025-11-14 16:39:06,355 - INFO - 将种子集 写入位置: /home/wen/pythonspace/data-test/Twitter/2025-11-14/seeds-with-Twitter/distribution-powerlaw_ris_coverage_seedNum-100.txt
2025-11-14 16:39:06,356 - INFO - 评估种子集: None
2025-11-14 16:39:06,356 - INFO - 评估函数开始
2025-11-14 16:39:06,356 - INFO - 当前模拟次数: [3]

2025-11-14 16:39:06,357 - INFO - 当前评估种子数: 100 ---
2025-11-14 16:39:06,357 - INFO -   Evaluating method: 'random' with 100 seeds.
2025-11-14 16:39:06,357 - INFO -     Running 3 simulations...
2025-11-14 16:39:06,357 - INFO - 		当前模拟轮次: 0
2025-11-14 16:39:06,575 - INFO - 		当前模拟轮次: 1
2025-11-14 16:39:06,602 - INFO - 		当前模拟轮次: 2
2025-11-14 16:39:06,642 - INFO -     Result: E[Users] = 50.3333, Var[Users] = 6.2222, Std_Dev = 2.4944
2025-11-14 16:39:06,751 - INFO -   Evaluating method: 'ris_coverage' with 100 seeds.
2025-11-14 16:39:06,751 - INFO -     Running 3 simulations...
2025-11-14 16:39:06,752 - INFO - 		当前模拟轮次: 0
2025-11-14 16:39:06,790 - INFO - 		当前模拟轮次: 1
2025-11-14 16:39:06,819 - INFO - 		当前模拟轮次: 2
2025-11-14 16:39:06,844 - INFO -     Result: E[Users] = 66.6667, Var[Users] = 8.2222, Std_Dev = 2.8674
2025-11-14 16:39:06,846 - INFO - 保存评估文件至: /home/wen/pythonspace/data-test/Twitter/2025-11-14/E-activated-Twitter/distribution-powerlaw/tsd_10.0-10.0-10.0/single_sim_func-AgainContinue/simuTimes-3_seedNum-100_monteCarloL-10_single_sim_func-AgainContinue_rrNumSamples-100000.csv
