2026-01-04 16:49:38,793 - INFO - 加载数据集: facebook
2026-01-04 16:49:38,794 - INFO - --- 矩阵分析 ---
2026-01-04 16:49:38,794 - INFO - 节点数 (N): 4039
2026-01-04 16:49:38,794 - INFO - 边数 (E): 176468
2026-01-04 16:49:38,794 - INFO - 密度 (Density): 0.01081728 (越小越稀疏)
2026-01-04 16:49:38,794 - INFO - 稀疏度 (Sparsity): 0.98918272 (越接近1越稀疏)
2026-01-04 16:49:38,794 - INFO - 平均度数 (Avg Degree): 43.69
2026-01-04 16:49:38,796 - INFO - 首次生成度相关概率分布 分布类型: 'random'.
2026-01-04 16:49:38,797 - INFO - ===> Generating 'Dirichlet' distributions with alpha=[5, 5, 5]...
2026-01-04 16:49:38,799 - INFO - 保存概率分布 文件位置: /root/pythonspace/data-test/facebook/2026-1-4-3/distribution-in-facebook/distribution-random_seedNum-450.pkl
2026-01-04 16:49:38,842 - INFO - 首次生成种子集 random
2026-01-04 16:49:38,842 - INFO - 执行当前算法开始: random
2026-01-04 16:49:38,842 - INFO - 数据集节点总数:  n = 4039, m = 450
2026-01-04 16:49:38,843 - INFO - 选择 450  [1786, 3145, 2825, 1667, 2784, 1048, 3784, 228, 1528, 795, 1371, 1756, 2135, 2183, 2466, 2064, 2184, 2050, 45, 1094, 1848, 193, 888, 1282, 308, 393, 820, 1982, 3585, 2704, 752, 3470, 1930, 1276, 2136, 2951, 524, 60, 555, 231, 2247, 2009, 3020, 2891, 1153, 1565, 1045, 1055, 2140, 1363, 3063, 700, 3989, 3005, 1503, 3780, 3824, 3105, 3656, 744, 3715, 439, 3984, 1878, 1597, 23, 148, 1173, 918, 2033, 829, 713, 1284, 3695, 2006, 1401, 3662, 3093, 2585, 1746, 2160, 3124, 3300, 2113, 1441, 886, 2561, 691, 1628, 722, 2437, 1002, 1063, 112, 1736, 3913, 493, 1138, 323, 1251, 542, 3726, 827, 671, 1067, 1159, 881, 1579, 2431, 3090, 2711, 1042, 31, 800, 657, 2018, 3554, 2055, 1753, 3623, 2583, 1696, 1598, 3983, 2521, 2036, 2398, 303, 2618, 2682, 3358, 2804, 2701, 510, 786, 69, 3733, 3966, 3426, 1706, 162, 2246, 3144, 465, 762, 3857, 3649, 1314, 3680, 1081, 4036, 190, 2799, 3081, 3959, 3068, 448, 3479, 336, 2011, 1777, 2767, 2156, 2127, 2930, 1480, 1993, 1937, 1288, 673, 1237, 1627, 2145, 2758, 1957, 511, 3876, 3957, 623, 1665, 3624, 3892, 3019, 2265, 1107, 3432, 3265, 905, 3361, 2861, 1287, 2099, 2141, 2872, 3819, 3135, 3331, 3388, 1101, 386, 944, 4002, 3657, 3930, 2070, 2393, 88, 2748, 455, 192, 2939, 1792, 3924, 2046, 892, 4018, 1047, 479, 3493, 2515, 2710, 1160, 2386, 3219, 68, 1510, 142, 2133, 993, 2379, 1078, 1342, 1006, 963, 1594, 852, 3248, 3835, 1883, 3235, 2843, 3255, 1223, 4038, 2242, 651, 3245, 1365, 1361, 34, 3547, 2998, 1723, 335, 530, 1892, 3845, 2456, 1111, 2428, 3664, 1685, 1754, 139, 615, 3419, 2643, 1494, 859, 3936, 1458, 1954, 2244, 2087, 3560, 3111, 1919, 2866, 2671, 2169, 3690, 2816, 1703, 3761, 1206, 2116, 634, 520, 2309, 128, 1186, 1730, 1859, 355, 2442, 741, 3990, 3901, 277, 558, 1779, 2229, 1448, 2458, 2981, 2582, 418, 3570, 556, 515, 195, 1455, 347, 304, 3107, 1467, 75, 3988, 1236, 2007, 2012, 3376, 891, 1328, 1614, 4019, 1791, 3133, 633, 253, 1033, 3520, 3123, 3871, 3452, 546, 1534, 1790, 1540, 2664, 3284, 3637, 3828, 2407, 2293, 1948, 2900, 1097, 2434, 2765, 207, 2782, 1501, 1122, 1890, 3306, 4010, 1630, 1752, 1851, 3653, 1212, 780, 1854, 976, 72, 3769, 1795, 1061, 1183, 351, 2626, 2340, 3114, 2331, 2125, 1242, 803, 3611, 2152, 1698, 1497, 1820, 3126, 1126, 400, 2301, 3559, 2405, 89, 1367, 2762, 3377, 3213, 960, 3392, 1344, 711, 2624, 2360, 3033, 2984, 1814, 426, 1325, 3010, 3748, 672, 3787, 132, 571, 271, 1871, 1150, 2496, 1034, 566, 21, 48, 306, 751, 1770, 1190, 1632, 1880, 53, 1275, 3208, 2533, 1486, 1735, 2129, 3312, 2608, 3654, 3143, 2688, 3744, 2575, 1599, 2224, 1816, 2027, 946, 3424, 1715, 2668, 1523, 2378, 2316]

2026-01-04 16:49:38,843 - INFO - 当前用时 0.00 秒
2026-01-04 16:49:38,843 - INFO - 将种子集 写入位置: /root/pythonspace/data-test/facebook/2026-1-4-3/seeds-with-facebook/random_random_seedNum-450_SSRNum-80000.txt
2026-01-04 16:49:38,844 - INFO - 首次生成种子集 degreeTopM
2026-01-04 16:49:38,844 - INFO - 执行当前算法开始: degreeTopM
2026-01-04 16:49:38,844 - INFO - 依据: 选择连接数（度数）最多的节点。
2026-01-04 16:49:38,845 - INFO - 选择的 Top M 节点及其度数:
2026-01-04 16:49:38,845 - INFO - 
2026-01-04 16:49:38,845 - INFO - 当前用时 0.00 秒
2026-01-04 16:49:38,845 - INFO - 将种子集 写入位置: /root/pythonspace/data-test/facebook/2026-1-4-3/seeds-with-facebook/random_degreeTopM_seedNum-450_SSRNum-80000.txt
2026-01-04 16:49:38,846 - INFO - 首次生成种子集 pageRank
2026-01-04 16:49:38,846 - INFO - 执行当前算法开始: pageRank
2026-01-04 16:49:38,846 - INFO - --- Running: PageRank (on tranProMatrix) Top M ---
2026-01-04 16:49:39,743 - INFO - Selected PageRank seeds: [1821, 107, 351, 0, 352, 348, 1831, 1827, 349, 1843, 366, 2088, 362, 2130, 56, 25, 1973, 322, 365, 350, 67, 3626, 3226, 1858, 271, 371, 403, 119, 3581, 3946, 277, 1373, 1285, 3634, 21, 26, 1850, 1490, 2508, 252, 1573, 838, 2188, 378, 1149, 2806, 3559, 1215, 122, 572, 917, 1268, 1950, 2902, 1538, 1864, 368, 1070, 136, 2427, 2055, 2154, 2305, 2832, 239, 2622, 2315, 367, 2403, 1253, 359, 685, 2797, 315, 203, 9, 360, 571, 2053, 958, 2871, 200, 1892, 2087, 361, 1312, 1663, 2689, 382, 1431, 1466, 1890, 304, 1699, 763, 1075, 1457, 2933, 612, 2594, 2326, 1969, 1231, 2293, 2652, 3486, 1426, 1968, 3616, 4031, 2059, 863, 2042, 1651, 1975, 1443, 3851, 1320, 1289, 3926, 1648, 1022, 2296, 2978, 376, 876, 1839, 1107, 4024, 1842, 2630, 3808, 2362, 2925, 2126, 1098, 991, 2089, 370, 2243, 1318, 2001, 3545, 1063, 1045, 2096, 1203, 372, 2347, 1705, 1581, 1455, 373, 862, 2841, 1424, 556, 1707, 1199, 1557, 1192, 312, 1099, 188, 285, 1926, 2150, 3623, 2581, 2725, 170, 564, 3640, 1620, 2054, 2777, 885, 1108, 272, 957, 2685, 590, 1096, 98, 2103, 199, 2090, 40, 721, 3774, 877, 3703, 690, 1411, 2236, 1420, 2617, 1495, 2551, 697, 2501, 2152, 1428, 2578, 411, 1188, 280, 1037, 1710, 432, 1298, 2521, 1077, 2687, 3914, 2073, 1535, 2133, 332, 1656, 1869, 2050, 2146, 500, 853, 2756, 2440, 545, 945, 2041, 1324, 3697, 3098, 2355, 1588, 186, 1616, 41, 1561, 3938, 2107, 2618, 369, 1595, 2816, 1397, 2860, 1271, 1040, 1833, 844, 2713, 2047, 2068, 381, 2461, 2773, 2675, 2145, 2739, 3498, 2173, 1462, 142, 2570, 2869, 724, 2861, 3753, 1848, 1008, 1416, 1090, 1972, 1753, 2463, 670, 1539, 213, 1069, 1453, 831, 2111, 678, 1691, 824, 1674, 1441, 2668, 3838, 2398, 3975, 2537, 479, 1400, 172, 2602, 906, 1002, 2321, 3818, 2351, 3656, 3932, 2901, 1221, 3726, 2043, 3814, 671, 2995, 1043, 3972, 2892, 3843, 1998, 2836, 4000, 2571, 1657, 2513, 708, 2619, 1421, 1458, 632, 2251, 2852, 1417, 503, 852, 2413, 323, 1284, 2563, 3106, 2474, 3970, 933, 1106, 3492, 2312, 955, 1194, 1116, 1745, 2207, 2105, 1485, 2273, 1486, 113, 402, 1060, 847, 2259, 2857, 3169, 2486, 808, 817, 3493, 3529, 1364, 1664, 1433, 1593, 3592, 115, 1643, 2451, 2163, 1979, 3985, 1579, 1329, 2550, 2046, 1929, 1673, 53, 169, 2393, 1059, 2517, 1736, 1435, 2641, 492, 2113, 1246, 2792, 261, 2854, 1425, 1148, 325, 2703, 236, 313, 3601, 1089, 1278, 291, 2465, 538, 2168, 1840, 2833, 2785, 2592, 3566, 3805, 1542, 1554, 2917, 3646, 610, 815, 3588, 23, 1665, 1084, 2543, 3952, 2487, 1378, 562, 1202, 2099, 109, 618, 1356, 1440, 1945, 1612, 593, 1214, 329, 2350, 363, 1577, 118, 2526, 379, 1423, 2577, 2839, 3855, 1477]
2026-01-04 16:49:39,769 - INFO - 当前用时 0.92 秒
2026-01-04 16:49:39,769 - INFO - 将种子集 写入位置: /root/pythonspace/data-test/facebook/2026-1-4-3/seeds-with-facebook/random_pageRank_seedNum-450_SSRNum-80000.txt
2026-01-04 16:49:39,770 - INFO - 首次生成种子集 alpha_sort
2026-01-04 16:49:39,770 - INFO - 执行当前算法开始: alpha_sort
2026-01-04 16:49:39,772 - INFO - 4039 个节点的alpha值降序排序 done
2026-01-04 16:49:39,772 - INFO - ==============>> [(3484, 0.7782845), (480, 0.7570313), (1577, 0.7513139), (2267, 0.7313328), (3111, 0.7305766), (198, 0.7282866), (89, 0.7242402), (3844, 0.723538), (2388, 0.7177748), (3885, 0.7120917)]
2026-01-04 16:49:39,772 - INFO - 
选择的种子集 (按alpha排序): [3484, 480, 1577, 2267, 3111, 198, 89, 3844, 2388, 3885, 549, 1985, 2199, 2367, 3063, 1821, 2212, 2864, 2416, 2746, 1376, 2382, 1631, 701, 3182, 3638, 3732, 1539, 2626, 134, 2713, 1332, 1110, 338, 3947, 1318, 2519, 1778, 2592, 3428, 1301, 3549, 869, 2821, 2329, 3252, 3673, 2474, 1422, 499, 2257, 3659, 3374, 1775, 7, 3873, 401, 461, 2946, 3326, 366, 3143, 1440, 3760, 33, 3544, 331, 3031, 1395, 2424, 3049, 3209, 3713, 1012, 3976, 179, 2297, 3460, 931, 3384, 2098, 1164, 3932, 1054, 1057, 632, 105, 1961, 734, 3801, 3869, 3454, 2680, 1582, 3211, 1864, 1437, 2245, 391, 593, 3728, 2497, 851, 3712, 3306, 634, 2386, 800, 1753, 385, 2846, 321, 1896, 1044, 2255, 4022, 371, 1087, 3901, 80, 3402, 3827, 2832, 3966, 3262, 1294, 3533, 4016, 207, 1941, 1693, 2366, 2987, 3898, 3731, 1721, 1608, 2050, 2023, 3069, 3948, 3606, 3927, 949, 1099, 62, 3130, 3192, 3335, 3319, 3782, 3390, 1480, 191, 3799, 1463, 1235, 1035, 2160, 612, 1210, 86, 3903, 1937, 3560, 1429, 1155, 2881, 426, 3469, 605, 1329, 2745, 50, 3680, 1970, 407, 1041, 1302, 3814, 1686, 3232, 531, 4028, 1310, 1254, 3397, 1028, 475, 3467, 1949, 707, 462, 3845, 3021, 3034, 1086, 1269, 1438, 2129, 2276, 2064, 1179, 2109, 143, 737, 907, 3307, 3988, 2299, 3180, 2334, 2809, 1255, 1130, 3897, 1619, 1381, 1359, 597, 1598, 1974, 3304, 2108, 986, 560, 811, 3691, 1766, 1996, 1913, 3164, 319, 767, 694, 607, 2967, 345, 773, 1673, 2389, 721, 349, 1181, 2000, 384, 796, 2875, 2614, 2264, 3412, 3599, 878, 874, 1027, 2358, 1881, 2491, 3168, 2498, 120, 4032, 3657, 3145, 998, 9, 2531, 2907, 1853, 1738, 500, 2902, 2081, 424, 368, 838, 2983, 2539, 774, 332, 1817, 2682, 1473, 2396, 955, 2260, 3073, 3557, 2778, 1639, 2457, 2942, 716, 1067, 2944, 115, 3254, 2360, 2900, 2406, 2897, 539, 1129, 486, 3736, 3667, 1441, 352, 676, 2762, 2460, 2608, 1021, 3626, 3475, 2888, 3513, 44, 3005, 1451, 1947, 2840, 3522, 2911, 1989, 231, 698, 537, 1208, 3248, 2338, 3278, 2623, 2232, 1347, 1196, 107, 257, 3036, 2355, 1682, 2683, 32, 2912, 2369, 1246, 1303, 635, 3629, 2724, 689, 3502, 3820, 1955, 553, 2349, 3301, 420, 2026, 4008, 1245, 2469, 938, 1374, 2811, 2268, 3461, 3800, 619, 3171, 3854, 1842, 2917, 3587, 2063, 3937, 1885, 790, 2229, 2584, 535, 1274, 2073, 2178, 3755, 545, 3386, 1663, 3769, 495, 303, 2319, 2959, 16, 2503, 2115, 2486, 1530, 3658, 1475, 2607, 2005, 327, 940, 3343, 2252, 1008, 958, 2655, 2662, 185, 2872, 2028, 952, 595, 563, 1351, 3841, 69, 842, 1671, 750, 3228, 1348, 1040, 2435, 2527, 748, 3067, 618, 261, 1334, 2139, 202, 999, 1142, 820, 373, 2515, 3847, 2816, 3124, 1798, 1066, 3150, 2053, 862, 1486, 324, 2027]

2026-01-04 16:49:39,772 - INFO - 当前用时 0.00 秒
2026-01-04 16:49:39,773 - INFO - 将种子集 写入位置: /root/pythonspace/data-test/facebook/2026-1-4-3/seeds-with-facebook/random_alpha_sort_seedNum-450_SSRNum-80000.txt
2026-01-04 16:49:39,773 - INFO - 首次生成种子集 importance_sort
2026-01-04 16:49:39,773 - INFO - 执行当前算法开始: importance_sort
2026-01-04 16:49:42,055 - INFO - 4039 个节点的Importance值降序排序 done
2026-01-04 16:49:42,056 - INFO - 
选择的种子集 (按Importance排序): [198, 89, 134, 338, 7, 33, 331, 179, 105, 321, 80, 207, 62, 191, 86, 50, 143, 319, 345, 120, 9, 332, 115, 44, 231, 107, 257, 32, 303, 16, 327, 185, 69, 261, 202, 324, 26, 230, 199, 197, 94, 235, 38, 226, 159, 181, 70, 23, 160, 320, 295, 347, 25, 232, 149, 30, 294, 74, 310, 4, 13, 138, 284, 104, 212, 56, 42, 194, 204, 287, 161, 60, 130, 83, 127, 137, 79, 34, 129, 188, 214, 183, 249, 173, 96, 22, 40, 11, 342, 189, 297, 305, 180, 298, 251, 184, 58, 88, 309, 146, 296, 162, 289, 335, 51, 139, 178, 145, 211, 21, 205, 3, 245, 283, 46, 314, 28, 144, 49, 2, 274, 201, 244, 241, 275, 128, 52, 256, 57, 247, 90, 24, 341, 344, 91, 114, 222, 124, 187, 281, 233, 8, 61, 213, 170, 5, 228, 306, 72, 326, 113, 112, 3484, 154, 153, 39, 286, 176, 101, 301, 263, 269, 182, 311, 102, 29, 343, 147, 6, 333, 1, 227, 125, 304, 480, 186, 122, 267, 53, 87, 123, 1577, 76, 240, 312, 337, 346, 131, 133, 229, 259, 265, 157, 208, 271, 190, 313, 195, 14, 253, 92, 35, 152, 219, 299, 77, 37, 216, 215, 2267, 3111, 255, 85, 168, 238, 65, 239, 3844, 109, 48, 151, 315, 2388, 31, 166, 116, 110, 272, 3885, 126, 217, 336, 108, 141, 293, 282, 277, 225, 288, 334, 218, 18, 158, 164, 308, 268, 75, 223, 171, 78, 330, 317, 549, 135, 98, 163, 243, 1985, 172, 2199, 118, 2367, 155, 66, 19, 220, 3063, 285, 270, 237, 1821, 2212, 36, 100, 2864, 10, 322, 2416, 142, 47, 2746, 329, 279, 196, 276, 292, 99, 264, 81, 119, 117, 1376, 175, 2382, 1631, 27, 236, 701, 290, 54, 3182, 169, 148, 20, 3638, 3732, 1539, 2626, 2713, 246, 266, 1332, 1110, 15, 328, 3947, 68, 174, 1318, 95, 242, 2519, 300, 1778, 156, 278, 111, 260, 2592, 64, 55, 63, 84, 3428, 1301, 3549, 869, 2821, 2329, 221, 3252, 250, 82, 3673, 73, 302, 2474, 165, 1422, 224, 499, 340, 2257, 316, 3659, 3374, 1775, 280, 3873, 71, 401, 461, 2946, 3326, 366, 3143, 252, 1440, 3760, 3544, 167, 3031, 1395, 2424, 273, 3049, 206, 262, 3209, 3713, 1012, 93, 3976, 192, 2297, 3460, 931, 3384, 2098, 258, 1164, 3932, 1054, 1057, 632, 1961, 41, 734, 59, 3801, 200, 3869, 3454, 2680, 1582, 3211, 1864, 1437, 67, 103, 2245, 391, 593, 3728, 2497, 851, 307, 140, 43, 3712, 3306, 634, 2386, 800, 1753, 385, 12, 210, 2846, 17, 45, 132, 1896, 1044, 2255, 4022, 371, 1087, 248, 3901, 254, 3402, 3827, 2832, 3966, 3262, 1294, 3533, 4016, 323]

2026-01-04 16:49:42,056 - INFO - 当前用时 2.28 秒
2026-01-04 16:49:42,057 - INFO - 将种子集 写入位置: /root/pythonspace/data-test/facebook/2026-1-4-3/seeds-with-facebook/random_importance_sort_seedNum-450_SSRNum-80000.txt
2026-01-04 16:49:42,057 - INFO - 首次生成种子集 ris_coverage
2026-01-04 16:49:42,058 - INFO - 执行当前算法开始: ris_coverage
2026-01-04 16:49:42,291 - INFO - 图初始化完成，节点数: 4039，CSR 矩阵准备就绪。
2026-01-04 16:49:42,292 - INFO - 
开始生成 80000 组 SSR (并行进程: 8)...
2026-01-04 16:52:26,308 - INFO - 生成完毕。耗时: 164.02 秒。
2026-01-04 16:52:26,309 - INFO - 
开始选择最优种子 (Optimized Greedy) ...
2026-01-04 16:54:09,268 - INFO -   - 券 1/450 选中节点 2214, 新增覆盖 91
2026-01-04 16:54:09,288 - INFO -   - 券 2/450 选中节点 510, 新增覆盖 105
2026-01-04 16:54:09,310 - INFO -   - 券 3/450 选中节点 1035, 新增覆盖 98
2026-01-04 16:54:09,334 - INFO -   - 券 4/450 选中节点 2228, 新增覆盖 97
2026-01-04 16:54:09,357 - INFO -   - 券 5/450 选中节点 3041, 新增覆盖 92
2026-01-04 16:54:09,383 - INFO -   - 券 6/450 选中节点 830, 新增覆盖 99
2026-01-04 16:54:09,409 - INFO -   - 券 7/450 选中节点 2969, 新增覆盖 99
2026-01-04 16:54:09,441 - INFO -   - 券 8/450 选中节点 2680, 新增覆盖 95
2026-01-04 16:54:09,480 - INFO -   - 券 9/450 选中节点 1125, 新增覆盖 99
2026-01-04 16:54:09,520 - INFO -   - 券 10/450 选中节点 1130, 新增覆盖 100
2026-01-04 16:54:09,563 - INFO -   - 券 11/450 选中节点 1006, 新增覆盖 90
2026-01-04 16:54:09,608 - INFO -   - 券 12/450 选中节点 1337, 新增覆盖 93
2026-01-04 16:54:09,659 - INFO -   - 券 13/450 选中节点 2249, 新增覆盖 95
2026-01-04 16:54:09,694 - INFO -   - 券 14/450 选中节点 2212, 新增覆盖 93
2026-01-04 16:54:09,733 - INFO -   - 券 15/450 选中节点 3063, 新增覆盖 91
2026-01-04 16:54:09,771 - INFO -   - 券 16/450 选中节点 897, 新增覆盖 98
2026-01-04 16:54:09,810 - INFO -   - 券 17/450 选中节点 2324, 新增覆盖 87
2026-01-04 16:54:09,852 - INFO -   - 券 18/450 选中节点 3467, 新增覆盖 96
2026-01-04 16:54:09,893 - INFO -   - 券 19/450 选中节点 412, 新增覆盖 87
2026-01-04 16:54:09,944 - INFO -   - 券 20/450 选中节点 2984, 新增覆盖 92
2026-01-04 16:54:09,988 - INFO -   - 券 21/450 选中节点 2497, 新增覆盖 87
2026-01-04 16:54:10,031 - INFO -   - 券 22/450 选中节点 646, 新增覆盖 90
2026-01-04 16:54:10,078 - INFO -   - 券 23/450 选中节点 2132, 新增覆盖 88
2026-01-04 16:54:10,124 - INFO -   - 券 24/450 选中节点 3386, 新增覆盖 84
2026-01-04 16:54:10,171 - INFO -   - 券 25/450 选中节点 2325, 新增覆盖 88
2026-01-04 16:54:10,220 - INFO -   - 券 26/450 选中节点 3326, 新增覆盖 86
2026-01-04 16:54:10,272 - INFO -   - 券 27/450 选中节点 2776, 新增覆盖 93
2026-01-04 16:54:10,324 - INFO -   - 券 28/450 选中节点 2995, 新增覆盖 88
2026-01-04 16:54:10,380 - INFO -   - 券 29/450 选中节点 607, 新增覆盖 90
2026-01-04 16:54:10,435 - INFO -   - 券 30/450 选中节点 3293, 新增覆盖 95
2026-01-04 16:54:10,496 - INFO -   - 券 31/450 选中节点 1184, 新增覆盖 84
2026-01-04 16:54:10,553 - INFO -   - 券 32/450 选中节点 959, 新增覆盖 96
2026-01-04 16:54:10,613 - INFO -   - 券 33/450 选中节点 1452, 新增覆盖 91
2026-01-04 16:54:10,673 - INFO -   - 券 34/450 选中节点 593, 新增覆盖 85
2026-01-04 16:54:10,737 - INFO -   - 券 35/450 选中节点 2367, 新增覆盖 85
2026-01-04 16:54:10,798 - INFO -   - 券 36/450 选中节点 2095, 新增覆盖 87
2026-01-04 16:54:10,865 - INFO -   - 券 37/450 选中节点 570, 新增覆盖 96
2026-01-04 16:54:10,929 - INFO -   - 券 38/450 选中节点 820, 新增覆盖 91
2026-01-04 16:54:10,995 - INFO -   - 券 39/450 选中节点 2532, 新增覆盖 88
2026-01-04 16:54:11,075 - INFO -   - 券 40/450 选中节点 2643, 新增覆盖 86
2026-01-04 16:54:11,152 - INFO -   - 券 41/450 选中节点 3053, 新增覆盖 85
2026-01-04 16:54:11,242 - INFO -   - 券 42/450 选中节点 3482, 新增覆盖 86
2026-01-04 16:54:11,329 - INFO -   - 券 43/450 选中节点 628, 新增覆盖 84
2026-01-04 16:54:11,420 - INFO -   - 券 44/450 选中节点 3145, 新增覆盖 94
2026-01-04 16:54:11,513 - INFO -   - 券 45/450 选中节点 2790, 新增覆盖 83
2026-01-04 16:54:11,606 - INFO -   - 券 46/450 选中节点 875, 新增覆盖 85
2026-01-04 16:54:11,698 - INFO -   - 券 47/450 选中节点 749, 新增覆盖 88
2026-01-04 16:54:11,788 - INFO -   - 券 48/450 选中节点 915, 新增覆盖 88
2026-01-04 16:54:11,880 - INFO -   - 券 49/450 选中节点 776, 新增覆盖 83
2026-01-04 16:54:11,955 - INFO -   - 券 50/450 选中节点 918, 新增覆盖 90
2026-01-04 16:54:12,030 - INFO -   - 券 51/450 选中节点 368, 新增覆盖 84
2026-01-04 16:54:12,101 - INFO -   - 券 52/450 选中节点 2770, 新增覆盖 81
2026-01-04 16:54:12,176 - INFO -   - 券 53/450 选中节点 2549, 新增覆盖 82
2026-01-04 16:54:12,254 - INFO -   - 券 54/450 选中节点 2140, 新增覆盖 87
2026-01-04 16:54:12,337 - INFO -   - 券 55/450 选中节点 3125, 新增覆盖 82
2026-01-04 16:54:12,413 - INFO -   - 券 56/450 选中节点 1577, 新增覆盖 79
2026-01-04 16:54:12,495 - INFO -   - 券 57/450 选中节点 401, 新增覆盖 84
2026-01-04 16:54:12,573 - INFO -   - 券 58/450 选中节点 1187, 新增覆盖 83
2026-01-04 16:54:12,656 - INFO -   - 券 59/450 选中节点 650, 新增覆盖 85
2026-01-04 16:54:12,735 - INFO -   - 券 60/450 选中节点 1012, 新增覆盖 84
2026-01-04 16:54:12,822 - INFO -   - 券 61/450 选中节点 2219, 新增覆盖 84
2026-01-04 16:54:12,903 - INFO -   - 券 62/450 选中节点 1461, 新增覆盖 84
2026-01-04 16:54:12,981 - INFO -   - 券 63/450 选中节点 1305, 新增覆盖 82
2026-01-04 16:54:13,068 - INFO -   - 券 64/450 选中节点 3084, 新增覆盖 79
2026-01-04 16:54:13,144 - INFO -   - 券 65/450 选中节点 1598, 新增覆盖 78
2026-01-04 16:54:13,230 - INFO -   - 券 66/450 选中节点 2428, 新增覆盖 82
2026-01-04 16:54:13,313 - INFO -   - 券 67/450 选中节点 454, 新增覆盖 89
2026-01-04 16:54:13,396 - INFO -   - 券 68/450 选中节点 1639, 新增覆盖 81
2026-01-04 16:54:13,477 - INFO -   - 券 69/450 选中节点 782, 新增覆盖 80
2026-01-04 16:54:13,565 - INFO -   - 券 70/450 选中节点 499, 新增覆盖 84
2026-01-04 16:54:13,654 - INFO -   - 券 71/450 选中节点 998, 新增覆盖 77
2026-01-04 16:54:13,744 - INFO -   - 券 72/450 选中节点 2794, 新增覆盖 82
2026-01-04 16:54:13,831 - INFO -   - 券 73/450 选中节点 2655, 新增覆盖 81
2026-01-04 16:54:13,919 - INFO -   - 券 74/450 选中节点 2164, 新增覆盖 81
2026-01-04 16:54:14,005 - INFO -   - 券 75/450 选中节点 1686, 新增覆盖 77
2026-01-04 16:54:14,106 - INFO -   - 券 76/450 选中节点 2389, 新增覆盖 80
2026-01-04 16:54:14,200 - INFO -   - 券 77/450 选中节点 2917, 新增覆盖 78
2026-01-04 16:54:14,296 - INFO -   - 券 78/450 选中节点 1366, 新增覆盖 78
2026-01-04 16:54:14,391 - INFO -   - 券 79/450 选中节点 1286, 新增覆盖 76
2026-01-04 16:54:14,488 - INFO -   - 券 80/450 选中节点 1702, 新增覆盖 75
2026-01-04 16:54:14,590 - INFO -   - 券 81/450 选中节点 2224, 新增覆盖 81
2026-01-04 16:54:14,686 - INFO -   - 券 82/450 选中节点 2195, 新增覆盖 84
2026-01-04 16:54:14,794 - INFO -   - 券 83/450 选中节点 2515, 新增覆盖 76
2026-01-04 16:54:14,907 - INFO -   - 券 84/450 选中节点 3216, 新增覆盖 77
2026-01-04 16:54:15,012 - INFO -   - 券 85/450 选中节点 2718, 新增覆盖 76
2026-01-04 16:54:15,123 - INFO -   - 券 86/450 选中节点 512, 新增覆盖 76
2026-01-04 16:54:15,229 - INFO -   - 券 87/450 选中节点 3324, 新增覆盖 78
2026-01-04 16:54:15,339 - INFO -   - 券 88/450 选中节点 1247, 新增覆盖 72
2026-01-04 16:54:15,458 - INFO -   - 券 89/450 选中节点 419, 新增覆盖 80
2026-01-04 16:54:15,566 - INFO -   - 券 90/450 选中节点 3263, 新增覆盖 73
2026-01-04 16:54:15,680 - INFO -   - 券 91/450 选中节点 1434, 新增覆盖 80
2026-01-04 16:54:15,793 - INFO -   - 券 92/450 选中节点 2626, 新增覆盖 78
2026-01-04 16:54:15,897 - INFO -   - 券 93/450 选中节点 2148, 新增覆盖 75
2026-01-04 16:54:16,077 - INFO -   - 券 94/450 选中节点 869, 新增覆盖 76
2026-01-04 16:54:16,261 - INFO -   - 券 95/450 选中节点 1028, 新增覆盖 73
2026-01-04 16:54:16,409 - INFO -   - 券 96/450 选中节点 2319, 新增覆盖 73
2026-01-04 16:54:16,571 - INFO -   - 券 97/450 选中节点 338, 新增覆盖 74
2026-01-04 16:54:16,738 - INFO -   - 券 98/450 选中节点 2136, 新增覆盖 77
2026-01-04 16:54:16,897 - INFO -   - 券 99/450 选中节点 2063, 新增覆盖 76
2026-01-04 16:54:17,059 - INFO -   - 券 100/450 选中节点 3516, 新增覆盖 76
2026-01-04 16:54:17,220 - INFO -   - 券 101/450 选中节点 2624, 新增覆盖 73
2026-01-04 16:54:17,386 - INFO -   - 券 102/450 选中节点 2131, 新增覆盖 74
2026-01-04 16:54:17,554 - INFO -   - 券 103/450 选中节点 970, 新增覆盖 70
2026-01-04 16:54:17,719 - INFO -   - 券 104/450 选中节点 785, 新增覆盖 75
2026-01-04 16:54:17,897 - INFO -   - 券 105/450 选中节点 790, 新增覆盖 72
2026-01-04 16:54:18,066 - INFO -   - 券 106/450 选中节点 655, 新增覆盖 74
2026-01-04 16:54:18,240 - INFO -   - 券 107/450 选中节点 1436, 新增覆盖 74
2026-01-04 16:54:18,409 - INFO -   - 券 108/450 选中节点 940, 新增覆盖 77
2026-01-04 16:54:18,555 - INFO -   - 券 109/450 选中节点 3302, 新增覆盖 75
2026-01-04 16:54:18,695 - INFO -   - 券 110/450 选中节点 640, 新增覆盖 76
2026-01-04 16:54:18,827 - INFO -   - 券 111/450 选中节点 1223, 新增覆盖 77
2026-01-04 16:54:18,964 - INFO -   - 券 112/450 选中节点 2404, 新增覆盖 80
2026-01-04 16:54:19,108 - INFO -   - 券 113/450 选中节点 16, 新增覆盖 80
2026-01-04 16:54:19,237 - INFO -   - 券 114/450 选中节点 434, 新增覆盖 70
2026-01-04 16:54:19,379 - INFO -   - 券 115/450 选中节点 528, 新增覆盖 78
2026-01-04 16:54:19,520 - INFO -   - 券 116/450 选中节点 2287, 新增覆盖 72
2026-01-04 16:54:19,657 - INFO -   - 券 117/450 选中节点 748, 新增覆盖 74
2026-01-04 16:54:19,801 - INFO -   - 券 118/450 选中节点 385, 新增覆盖 73
2026-01-04 16:54:19,936 - INFO -   - 券 119/450 选中节点 2122, 新增覆盖 69
2026-01-04 16:54:20,070 - INFO -   - 券 120/450 选中节点 2653, 新增覆盖 71
2026-01-04 16:54:20,205 - INFO -   - 券 121/450 选中节点 737, 新增覆盖 73
2026-01-04 16:54:20,345 - INFO -   - 券 122/450 选中节点 3937, 新增覆盖 74
2026-01-04 16:54:20,485 - INFO -   - 券 123/450 选中节点 2311, 新增覆盖 70
2026-01-04 16:54:20,627 - INFO -   - 券 124/450 选中节点 1225, 新增覆盖 72
2026-01-04 16:54:20,780 - INFO -   - 券 125/450 选中节点 1208, 新增覆盖 72
2026-01-04 16:54:20,932 - INFO -   - 券 126/450 选中节点 1135, 新增覆盖 72
2026-01-04 16:54:21,080 - INFO -   - 券 127/450 选中节点 936, 新增覆盖 67
2026-01-04 16:54:21,233 - INFO -   - 券 128/450 选中节点 3374, 新增覆盖 74
2026-01-04 16:54:21,429 - INFO -   - 券 129/450 选中节点 80, 新增覆盖 72
2026-01-04 16:54:21,595 - INFO -   - 券 130/450 选中节点 691, 新增覆盖 70
2026-01-04 16:54:21,742 - INFO -   - 券 131/450 选中节点 3469, 新增覆盖 69
2026-01-04 16:54:21,899 - INFO -   - 券 132/450 选中节点 3772, 新增覆盖 68
2026-01-04 16:54:22,053 - INFO -   - 券 133/450 选中节点 2121, 新增覆盖 70
2026-01-04 16:54:22,221 - INFO -   - 券 134/450 选中节点 3037, 新增覆盖 71
2026-01-04 16:54:22,389 - INFO -   - 券 135/450 选中节点 2070, 新增覆盖 73
2026-01-04 16:54:22,554 - INFO -   - 券 136/450 选中节点 1254, 新增覆盖 72
2026-01-04 16:54:22,724 - INFO -   - 券 137/450 选中节点 2688, 新增覆盖 73
2026-01-04 16:54:22,907 - INFO -   - 券 138/450 选中节点 3408, 新增覆盖 67
2026-01-04 16:54:23,081 - INFO -   - 券 139/450 选中节点 1376, 新增覆盖 69
2026-01-04 16:54:23,258 - INFO -   - 券 140/450 选中节点 2518, 新增覆盖 69
2026-01-04 16:54:23,437 - INFO -   - 券 141/450 选中节点 1542, 新增覆盖 71
2026-01-04 16:54:23,629 - INFO -   - 券 142/450 选中节点 1074, 新增覆盖 70
2026-01-04 16:54:23,801 - INFO -   - 券 143/450 选中节点 62, 新增覆盖 69
2026-01-04 16:54:23,975 - INFO -   - 券 144/450 选中节点 3154, 新增覆盖 66
2026-01-04 16:54:24,167 - INFO -   - 券 145/450 选中节点 2255, 新增覆盖 67
2026-01-04 16:54:24,341 - INFO -   - 券 146/450 选中节点 2695, 新增覆盖 70
2026-01-04 16:54:24,519 - INFO -   - 券 147/450 选中节点 3460, 新增覆盖 71
2026-01-04 16:54:24,702 - INFO -   - 券 148/450 选中节点 3421, 新增覆盖 71
2026-01-04 16:54:24,885 - INFO -   - 券 149/450 选中节点 3180, 新增覆盖 76
2026-01-04 16:54:25,080 - INFO -   - 券 150/450 选中节点 3500, 新增覆盖 67
2026-01-04 16:54:25,277 - INFO -   - 券 151/450 选中节点 2621, 新增覆盖 67
2026-01-04 16:54:25,478 - INFO -   - 券 152/450 选中节点 1738, 新增覆盖 73
2026-01-04 16:54:25,675 - INFO -   - 券 153/450 选中节点 1044, 新增覆盖 69
2026-01-04 16:54:25,881 - INFO -   - 券 154/450 选中节点 731, 新增覆盖 66
2026-01-04 16:54:26,076 - INFO -   - 券 155/450 选中节点 504, 新增覆盖 70
2026-01-04 16:54:26,272 - INFO -   - 券 156/450 选中节点 2838, 新增覆盖 68
2026-01-04 16:54:26,463 - INFO -   - 券 157/450 选中节点 865, 新增覆盖 70
2026-01-04 16:54:26,671 - INFO -   - 券 158/450 选中节点 3099, 新增覆盖 70
2026-01-04 16:54:26,875 - INFO -   - 券 159/450 选中节点 3127, 新增覆盖 68
2026-01-04 16:54:27,069 - INFO -   - 券 160/450 选中节点 1561, 新增覆盖 66
2026-01-04 16:54:27,259 - INFO -   - 券 161/450 选中节点 2935, 新增覆盖 69
2026-01-04 16:54:27,454 - INFO -   - 券 162/450 选中节点 1269, 新增覆盖 66
2026-01-04 16:54:27,669 - INFO -   - 券 163/450 选中节点 2719, 新增覆盖 69
2026-01-04 16:54:27,864 - INFO -   - 券 164/450 选中节点 2388, 新增覆盖 67
2026-01-04 16:54:28,076 - INFO -   - 券 165/450 选中节点 3095, 新增覆盖 67
2026-01-04 16:54:28,292 - INFO -   - 券 166/450 选中节点 3843, 新增覆盖 66
2026-01-04 16:54:28,509 - INFO -   - 券 167/450 选中节点 2276, 新增覆盖 65
2026-01-04 16:54:28,726 - INFO -   - 券 168/450 选中节点 1395, 新增覆盖 69
2026-01-04 16:54:28,958 - INFO -   - 券 169/450 选中节点 3782, 新增覆盖 65
2026-01-04 16:54:29,186 - INFO -   - 券 170/450 选中节点 525, 新增覆盖 64
2026-01-04 16:54:29,416 - INFO -   - 券 171/450 选中节点 2189, 新增覆盖 70
2026-01-04 16:54:29,643 - INFO -   - 券 172/450 选中节点 1798, 新增覆盖 73
2026-01-04 16:54:29,869 - INFO -   - 券 173/450 选中节点 730, 新增覆盖 69
2026-01-04 16:54:30,089 - INFO -   - 券 174/450 选中节点 30, 新增覆盖 68
2026-01-04 16:54:30,311 - INFO -   - 券 175/450 选中节点 3753, 新增覆盖 65
2026-01-04 16:54:30,532 - INFO -   - 券 176/450 选中节点 3204, 新增覆盖 65
2026-01-04 16:54:30,761 - INFO -   - 券 177/450 选中节点 1343, 新增覆盖 65
2026-01-04 16:54:30,980 - INFO -   - 券 178/450 选中节点 3149, 新增覆盖 67
2026-01-04 16:54:31,207 - INFO -   - 券 179/450 选中节点 3380, 新增覆盖 65
2026-01-04 16:54:31,445 - INFO -   - 券 180/450 选中节点 1791, 新增覆盖 66
2026-01-04 16:54:31,685 - INFO -   - 券 181/450 选中节点 684, 新增覆盖 64
2026-01-04 16:54:31,927 - INFO -   - 券 182/450 选中节点 134, 新增覆盖 66
2026-01-04 16:54:32,166 - INFO -   - 券 183/450 选中节点 2261, 新增覆盖 68
2026-01-04 16:54:32,410 - INFO -   - 券 184/450 选中节点 458, 新增覆盖 66
2026-01-04 16:54:32,641 - INFO -   - 券 185/450 选中节点 3533, 新增覆盖 62
2026-01-04 16:54:32,887 - INFO -   - 券 186/450 选中节点 345, 新增覆盖 65
2026-01-04 16:54:33,136 - INFO -   - 券 187/450 选中节点 2751, 新增覆盖 66
2026-01-04 16:54:33,390 - INFO -   - 券 188/450 选中节点 3057, 新增覆盖 65
2026-01-04 16:54:33,650 - INFO -   - 券 189/450 选中节点 3196, 新增覆盖 67
2026-01-04 16:54:33,901 - INFO -   - 券 190/450 选中节点 2778, 新增覆盖 61
2026-01-04 16:54:34,150 - INFO -   - 券 191/450 选中节点 1801, 新增覆盖 71
2026-01-04 16:54:34,410 - INFO -   - 券 192/450 选中节点 2982, 新增覆盖 67
2026-01-04 16:54:34,657 - INFO -   - 券 193/450 选中节点 3202, 新增覆盖 67
2026-01-04 16:54:34,932 - INFO -   - 券 194/450 选中节点 3176, 新增覆盖 61
2026-01-04 16:54:35,190 - INFO -   - 券 195/450 选中节点 1896, 新增覆盖 67
2026-01-04 16:54:35,452 - INFO -   - 券 196/450 选中节点 3120, 新增覆盖 62
2026-01-04 16:54:35,709 - INFO -   - 券 197/450 选中节点 3579, 新增覆盖 68
2026-01-04 16:54:35,958 - INFO -   - 券 198/450 选中节点 1580, 新增覆盖 63
2026-01-04 16:54:36,218 - INFO -   - 券 199/450 选中节点 3335, 新增覆盖 62
2026-01-04 16:54:36,475 - INFO -   - 券 200/450 选中节点 637, 新增覆盖 62
2026-01-04 16:54:36,745 - INFO -   - 券 201/450 选中节点 1429, 新增覆盖 65
2026-01-04 16:54:37,012 - INFO -   - 券 202/450 选中节点 1631, 新增覆盖 60
2026-01-04 16:54:37,265 - INFO -   - 券 203/450 选中节点 1919, 新增覆盖 66
2026-01-04 16:54:37,561 - INFO -   - 券 204/450 选中节点 3529, 新增覆盖 65
2026-01-04 16:54:37,836 - INFO -   - 券 205/450 选中节点 2531, 新增覆盖 61
2026-01-04 16:54:38,096 - INFO -   - 券 206/450 选中节点 3397, 新增覆盖 64
2026-01-04 16:54:38,378 - INFO -   - 券 207/450 选中节点 615, 新增覆盖 64
2026-01-04 16:54:38,737 - INFO -   - 券 208/450 选中节点 2735, 新增覆盖 60
2026-01-04 16:54:39,089 - INFO -   - 券 209/450 选中节点 3903, 新增覆盖 62
2026-01-04 16:54:39,438 - INFO -   - 券 210/450 选中节点 595, 新增覆盖 61
2026-01-04 16:54:39,807 - INFO -   - 券 211/450 选中节点 2416, 新增覆盖 63
2026-01-04 16:54:40,252 - INFO -   - 券 212/450 选中节点 546, 新增覆盖 69
2026-01-04 16:54:40,596 - INFO -   - 券 213/450 选中节点 96, 新增覆盖 60
2026-01-04 16:54:40,962 - INFO -   - 券 214/450 选中节点 3502, 新增覆盖 64
2026-01-04 16:54:41,327 - INFO -   - 券 215/450 选中节点 2477, 新增覆盖 66
2026-01-04 16:54:41,671 - INFO -   - 券 216/450 选中节点 2267, 新增覆盖 63
2026-01-04 16:54:41,970 - INFO -   - 券 217/450 选中节点 2819, 新增覆盖 67
2026-01-04 16:54:42,262 - INFO -   - 券 218/450 选中节点 3012, 新增覆盖 59
2026-01-04 16:54:42,553 - INFO -   - 券 219/450 选中节点 409, 新增覆盖 64
2026-01-04 16:54:42,840 - INFO -   - 券 220/450 选中节点 1563, 新增覆盖 60
2026-01-04 16:54:43,125 - INFO -   - 券 221/450 选中节点 1911, 新增覆盖 58
2026-01-04 16:54:43,430 - INFO -   - 券 222/450 选中节点 3712, 新增覆盖 62
2026-01-04 16:54:43,730 - INFO -   - 券 223/450 选中节点 3343, 新增覆盖 62
2026-01-04 16:54:44,006 - INFO -   - 券 224/450 选中节点 1958, 新增覆盖 64
2026-01-04 16:54:44,304 - INFO -   - 券 225/450 选中节点 3192, 新增覆盖 62
2026-01-04 16:54:44,592 - INFO -   - 券 226/450 选中节点 2775, 新增覆盖 62
2026-01-04 16:54:44,871 - INFO -   - 券 227/450 选中节点 1065, 新增覆盖 65
2026-01-04 16:54:45,168 - INFO -   - 券 228/450 选中节点 493, 新增覆盖 65
2026-01-04 16:54:45,473 - INFO -   - 券 229/450 选中节点 2556, 新增覆盖 62
2026-01-04 16:54:45,781 - INFO -   - 券 230/450 选中节点 1064, 新增覆盖 62
2026-01-04 16:54:46,075 - INFO -   - 券 231/450 选中节点 1182, 新增覆盖 58
2026-01-04 16:54:46,386 - INFO -   - 券 232/450 选中节点 2593, 新增覆盖 64
2026-01-04 16:54:46,688 - INFO -   - 券 233/450 选中节点 1038, 新增覆盖 61
2026-01-04 16:54:46,994 - INFO -   - 券 234/450 选中节点 1683, 新增覆盖 58
2026-01-04 16:54:47,289 - INFO -   - 券 235/450 选中节点 992, 新增覆盖 64
2026-01-04 16:54:47,594 - INFO -   - 券 236/450 选中节点 2049, 新增覆盖 57
2026-01-04 16:54:47,902 - INFO -   - 券 237/450 选中节点 3170, 新增覆盖 60
2026-01-04 16:54:48,222 - INFO -   - 券 238/450 选中节点 3130, 新增覆盖 60
2026-01-04 16:54:48,535 - INFO -   - 券 239/450 选中节点 45, 新增覆盖 63
2026-01-04 16:54:48,836 - INFO -   - 券 240/450 选中节点 598, 新增覆盖 63
2026-01-04 16:54:49,151 - INFO -   - 券 241/450 选中节点 861, 新增覆盖 62
2026-01-04 16:54:49,464 - INFO -   - 券 242/450 选中节点 1553, 新增覆盖 65
2026-01-04 16:54:49,768 - INFO -   - 券 243/450 选中节点 1338, 新增覆盖 63
2026-01-04 16:54:50,078 - INFO -   - 券 244/450 选中节点 1970, 新增覆盖 58
2026-01-04 16:54:50,388 - INFO -   - 券 245/450 选中节点 2061, 新增覆盖 65
2026-01-04 16:54:50,698 - INFO -   - 券 246/450 选中节点 2159, 新增覆盖 60
2026-01-04 16:54:50,998 - INFO -   - 券 247/450 选中节点 1341, 新增覆盖 64
2026-01-04 16:54:51,303 - INFO -   - 券 248/450 选中节点 2373, 新增覆盖 61
2026-01-04 16:54:51,631 - INFO -   - 券 249/450 选中节点 2334, 新增覆盖 56
2026-01-04 16:54:51,942 - INFO -   - 券 250/450 选中节点 3385, 新增覆盖 63
2026-01-04 16:54:52,250 - INFO -   - 券 251/450 选中节点 238, 新增覆盖 63
2026-01-04 16:54:52,551 - INFO -   - 券 252/450 选中节点 3005, 新增覆盖 56
2026-01-04 16:54:52,871 - INFO -   - 券 253/450 选中节点 3018, 新增覆盖 57
2026-01-04 16:54:53,187 - INFO -   - 券 254/450 选中节点 605, 新增覆盖 58
2026-01-04 16:54:53,508 - INFO -   - 券 255/450 选中节点 2177, 新增覆盖 59
2026-01-04 16:54:53,830 - INFO -   - 券 256/450 选中节点 1805, 新增覆盖 56
2026-01-04 16:54:54,144 - INFO -   - 券 257/450 选中节点 1688, 新增覆盖 59
2026-01-04 16:54:54,493 - INFO -   - 券 258/450 选中节点 559, 新增覆盖 56
2026-01-04 16:54:54,821 - INFO -   - 券 259/450 选中节点 1399, 新增覆盖 59
2026-01-04 16:54:55,153 - INFO -   - 券 260/450 选中节点 2597, 新增覆盖 59
2026-01-04 16:54:55,491 - INFO -   - 券 261/450 选中节点 1016, 新增覆盖 59
2026-01-04 16:54:55,830 - INFO -   - 券 262/450 选中节点 2603, 新增覆盖 57
2026-01-04 16:54:56,164 - INFO -   - 券 263/450 选中节点 1259, 新增覆盖 57
2026-01-04 16:54:56,501 - INFO -   - 券 264/450 选中节点 1282, 新增覆盖 64
2026-01-04 16:54:56,836 - INFO -   - 券 265/450 选中节点 3750, 新增覆盖 57
2026-01-04 16:54:57,178 - INFO -   - 券 266/450 选中节点 480, 新增覆盖 59
2026-01-04 16:54:57,504 - INFO -   - 券 267/450 选中节点 2799, 新增覆盖 61
2026-01-04 16:54:57,836 - INFO -   - 券 268/450 选中节点 3696, 新增覆盖 56
2026-01-04 16:54:58,181 - INFO -   - 券 269/450 选中节点 198, 新增覆盖 56
2026-01-04 16:54:58,527 - INFO -   - 券 270/450 选中节点 1939, 新增覆盖 59
2026-01-04 16:54:58,858 - INFO -   - 券 271/450 选中节点 1908, 新增覆盖 57
2026-01-04 16:54:59,189 - INFO -   - 券 272/450 选中节点 2358, 新增覆盖 61
2026-01-04 16:54:59,530 - INFO -   - 券 273/450 选中节点 3278, 新增覆盖 59
2026-01-04 16:54:59,886 - INFO -   - 券 274/450 选中节点 3394, 新增覆盖 62
2026-01-04 16:55:00,221 - INFO -   - 券 275/450 选中节点 2607, 新增覆盖 57
2026-01-04 16:55:00,565 - INFO -   - 券 276/450 选中节点 1234, 新增覆盖 57
2026-01-04 16:55:00,915 - INFO -   - 券 277/450 选中节点 3526, 新增覆盖 55
2026-01-04 16:55:01,247 - INFO -   - 券 278/450 选中节点 2110, 新增覆盖 60
2026-01-04 16:55:01,596 - INFO -   - 券 279/450 选中节点 1761, 新增覆盖 57
2026-01-04 16:55:01,947 - INFO -   - 券 280/450 选中节点 1985, 新增覆盖 57
2026-01-04 16:55:02,280 - INFO -   - 券 281/450 选中节点 529, 新增覆盖 55
2026-01-04 16:55:02,645 - INFO -   - 券 282/450 选中节点 1750, 新增覆盖 57
2026-01-04 16:55:03,006 - INFO -   - 券 283/450 选中节点 3883, 新增覆盖 57
2026-01-04 16:55:03,364 - INFO -   - 券 284/450 选中节点 2692, 新增覆盖 56
2026-01-04 16:55:03,730 - INFO -   - 券 285/450 选中节点 477, 新增覆盖 60
2026-01-04 16:55:04,070 - INFO -   - 券 286/450 选中节点 3638, 新增覆盖 56
2026-01-04 16:55:04,425 - INFO -   - 券 287/450 选中节点 1474, 新增覆盖 57
2026-01-04 16:55:04,782 - INFO -   - 券 288/450 选中节点 1771, 新增覆盖 56
2026-01-04 16:55:05,155 - INFO -   - 券 289/450 选中节点 1626, 新增覆盖 56
2026-01-04 16:55:05,516 - INFO -   - 券 290/450 选中节点 563, 新增覆盖 58
2026-01-04 16:55:05,887 - INFO -   - 券 291/450 选中节点 2213, 新增覆盖 56
2026-01-04 16:55:06,257 - INFO -   - 券 292/450 选中节点 3709, 新增覆盖 54
2026-01-04 16:55:06,626 - INFO -   - 券 293/450 选中节点 4028, 新增覆盖 58
2026-01-04 16:55:06,989 - INFO -   - 券 294/450 选中节点 3182, 新增覆盖 58
2026-01-04 16:55:07,360 - INFO -   - 券 295/450 选中节点 1677, 新增覆盖 56
2026-01-04 16:55:07,729 - INFO -   - 券 296/450 选中节点 346, 新增覆盖 55
2026-01-04 16:55:08,094 - INFO -   - 券 297/450 选中节点 3846, 新增覆盖 59
2026-01-04 16:55:08,454 - INFO -   - 券 298/450 选中节点 399, 新增覆盖 57
2026-01-04 16:55:08,827 - INFO -   - 券 299/450 选中节点 2669, 新增覆盖 59
2026-01-04 16:55:09,191 - INFO -   - 券 300/450 选中节点 1306, 新增覆盖 58
2026-01-04 16:55:09,583 - INFO -   - 券 301/450 选中节点 2064, 新增覆盖 54
2026-01-04 16:55:09,944 - INFO -   - 券 302/450 选中节点 1124, 新增覆盖 56
2026-01-04 16:55:10,327 - INFO -   - 券 303/450 选中节点 850, 新增覆盖 56
2026-01-04 16:55:10,701 - INFO -   - 券 304/450 选中节点 1822, 新增覆盖 53
2026-01-04 16:55:11,079 - INFO -   - 券 305/450 选中节点 1838, 新增覆盖 54
2026-01-04 16:55:11,445 - INFO -   - 券 306/450 选中节点 2679, 新增覆盖 55
2026-01-04 16:55:11,831 - INFO -   - 券 307/450 选中节点 755, 新增覆盖 54
2026-01-04 16:55:12,223 - INFO -   - 券 308/450 选中节点 3549, 新增覆盖 51
2026-01-04 16:55:12,593 - INFO -   - 券 309/450 选中节点 1027, 新增覆盖 53
2026-01-04 16:55:12,980 - INFO -   - 券 310/450 选中节点 3447, 新增覆盖 53
2026-01-04 16:55:13,361 - INFO -   - 券 311/450 选中节点 2510, 新增覆盖 58
2026-01-04 16:55:13,743 - INFO -   - 券 312/450 选中节点 3, 新增覆盖 58
2026-01-04 16:55:14,156 - INFO -   - 券 313/450 选中节点 3186, 新增覆盖 55
2026-01-04 16:55:14,551 - INFO -   - 券 314/450 选中节点 2712, 新增覆盖 59
2026-01-04 16:55:14,929 - INFO -   - 券 315/450 选中节点 931, 新增覆盖 54
2026-01-04 16:55:15,286 - INFO -   - 券 316/450 选中节点 1164, 新增覆盖 60
2026-01-04 16:55:15,668 - INFO -   - 券 317/450 选中节点 3177, 新增覆盖 53
2026-01-04 16:55:16,038 - INFO -   - 券 318/450 选中节点 22, 新增覆盖 58
2026-01-04 16:55:16,399 - INFO -   - 券 319/450 选中节点 3036, 新增覆盖 55
2026-01-04 16:55:16,779 - INFO -   - 券 320/450 选中节点 3454, 新增覆盖 53
2026-01-04 16:55:17,168 - INFO -   - 券 321/450 选中节点 2225, 新增覆盖 54
2026-01-04 16:55:17,587 - INFO -   - 券 322/450 选中节点 2408, 新增覆盖 55
2026-01-04 16:55:17,958 - INFO -   - 券 323/450 选中节点 191, 新增覆盖 52
2026-01-04 16:55:18,361 - INFO -   - 券 324/450 选中节点 2299, 新增覆盖 53
2026-01-04 16:55:18,749 - INFO -   - 券 325/450 选中节点 3228, 新增覆盖 51
2026-01-04 16:55:19,125 - INFO -   - 券 326/450 选中节点 3685, 新增覆盖 55
2026-01-04 16:55:19,518 - INFO -   - 券 327/450 选中节点 573, 新增覆盖 58
2026-01-04 16:55:19,927 - INFO -   - 券 328/450 选中节点 1493, 新增覆盖 56
2026-01-04 16:55:20,302 - INFO -   - 券 329/450 选中节点 3061, 新增覆盖 56
2026-01-04 16:55:20,660 - INFO -   - 券 330/450 选中节点 4035, 新增覆盖 55
2026-01-04 16:55:21,057 - INFO -   - 券 331/450 选中节点 2586, 新增覆盖 54
2026-01-04 16:55:21,470 - INFO -   - 券 332/450 选中节点 3433, 新增覆盖 52
2026-01-04 16:55:21,894 - INFO -   - 券 333/450 选中节点 3548, 新增覆盖 51
2026-01-04 16:55:22,272 - INFO -   - 券 334/450 选中节点 2693, 新增覆盖 54
2026-01-04 16:55:22,692 - INFO -   - 券 335/450 选中节点 819, 新增覆盖 55
2026-01-04 16:55:23,088 - INFO -   - 券 336/450 选中节点 839, 新增覆盖 56
2026-01-04 16:55:23,495 - INFO -   - 券 337/450 选中节点 128, 新增覆盖 52
2026-01-04 16:55:23,892 - INFO -   - 券 338/450 选中节点 2538, 新增覆盖 54
2026-01-04 16:55:24,280 - INFO -   - 券 339/450 选中节点 539, 新增覆盖 58
2026-01-04 16:55:24,685 - INFO -   - 券 340/450 选中节点 732, 新增覆盖 51
2026-01-04 16:55:25,066 - INFO -   - 券 341/450 选中节点 907, 新增覆盖 52
2026-01-04 16:55:25,471 - INFO -   - 券 342/450 选中节点 308, 新增覆盖 57
2026-01-04 16:55:25,876 - INFO -   - 券 343/450 选中节点 2266, 新增覆盖 54
2026-01-04 16:55:26,264 - INFO -   - 券 344/450 选中节点 644, 新增覆盖 55
2026-01-04 16:55:26,678 - INFO -   - 券 345/450 选中节点 3704, 新增覆盖 53
2026-01-04 16:55:27,090 - INFO -   - 券 346/450 选中节点 734, 新增覆盖 51
2026-01-04 16:55:27,479 - INFO -   - 券 347/450 选中节点 1175, 新增覆盖 55
2026-01-04 16:55:27,883 - INFO -   - 券 348/450 选中节点 664, 新增覆盖 54
2026-01-04 16:55:28,306 - INFO -   - 券 349/450 选中节点 709, 新增覆盖 52
2026-01-04 16:55:28,705 - INFO -   - 券 350/450 选中节点 831, 新增覆盖 50
2026-01-04 16:55:29,134 - INFO -   - 券 351/450 选中节点 1891, 新增覆盖 49
2026-01-04 16:55:29,556 - INFO -   - 券 352/450 选中节点 3536, 新增覆盖 50
2026-01-04 16:55:29,960 - INFO -   - 券 353/450 选中节点 3006, 新增覆盖 54
2026-01-04 16:55:30,371 - INFO -   - 券 354/450 选中节点 36, 新增覆盖 53
2026-01-04 16:55:30,829 - INFO -   - 券 355/450 选中节点 3659, 新增覆盖 50
2026-01-04 16:55:31,268 - INFO -   - 券 356/450 选中节点 2094, 新增覆盖 54
2026-01-04 16:55:31,679 - INFO -   - 券 357/450 选中节点 3658, 新增覆盖 55
2026-01-04 16:55:32,118 - INFO -   - 券 358/450 选中节点 2527, 新增覆盖 55
2026-01-04 16:55:32,548 - INFO -   - 券 359/450 选中节点 985, 新增覆盖 52
2026-01-04 16:55:32,991 - INFO -   - 券 360/450 选中节点 3427, 新增覆盖 52
2026-01-04 16:55:33,424 - INFO -   - 券 361/450 选中节点 1546, 新增覆盖 55
2026-01-04 16:55:33,876 - INFO -   - 券 362/450 选中节点 2561, 新增覆盖 50
2026-01-04 16:55:34,312 - INFO -   - 券 363/450 选中节点 1807, 新增覆盖 49
2026-01-04 16:55:34,758 - INFO -   - 券 364/450 选中节点 2960, 新增覆盖 53
2026-01-04 16:55:35,193 - INFO -   - 券 365/450 选中节点 1730, 新增覆盖 49
2026-01-04 16:55:35,647 - INFO -   - 券 366/450 选中节点 2174, 新增覆盖 53
2026-01-04 16:55:36,113 - INFO -   - 券 367/450 选中节点 2744, 新增覆盖 54
2026-01-04 16:55:36,562 - INFO -   - 券 368/450 选中节点 719, 新增覆盖 50
2026-01-04 16:55:37,005 - INFO -   - 券 369/450 选中节点 2050, 新增覆盖 53
2026-01-04 16:55:37,502 - INFO -   - 券 370/450 选中节点 947, 新增覆盖 63
2026-01-04 16:55:37,935 - INFO -   - 券 371/450 选中节点 2476, 新增覆盖 51
2026-01-04 16:55:38,372 - INFO -   - 券 372/450 选中节点 1067, 新增覆盖 49
2026-01-04 16:55:38,824 - INFO -   - 券 373/450 选中节点 3118, 新增覆盖 52
2026-01-04 16:55:39,258 - INFO -   - 券 374/450 选中节点 1091, 新增覆盖 52
2026-01-04 16:55:39,695 - INFO -   - 券 375/450 选中节点 168, 新增覆盖 52
2026-01-04 16:55:40,147 - INFO -   - 券 376/450 选中节点 1544, 新增覆盖 52
2026-01-04 16:55:40,603 - INFO -   - 券 377/450 选中节点 891, 新增覆盖 53
2026-01-04 16:55:41,055 - INFO -   - 券 378/450 选中节点 3841, 新增覆盖 52
2026-01-04 16:55:41,518 - INFO -   - 券 379/450 选中节点 2116, 新增覆盖 52
2026-01-04 16:55:41,982 - INFO -   - 券 380/450 选中节点 1082, 新增覆盖 50
2026-01-04 16:55:42,437 - INFO -   - 券 381/450 选中节点 289, 新增覆盖 51
2026-01-04 16:55:42,869 - INFO -   - 券 382/450 选中节点 1942, 新增覆盖 52
2026-01-04 16:55:43,298 - INFO -   - 券 383/450 选中节点 83, 新增覆盖 52
2026-01-04 16:55:43,756 - INFO -   - 券 384/450 选中节点 257, 新增覆盖 50
2026-01-04 16:55:44,192 - INFO -   - 券 385/450 选中节点 1361, 新增覆盖 53
2026-01-04 16:55:44,661 - INFO -   - 券 386/450 选中节点 2217, 新增覆盖 52
2026-01-04 16:55:45,137 - INFO -   - 券 387/450 选中节点 2460, 新增覆盖 51
2026-01-04 16:55:45,589 - INFO -   - 券 388/450 选中节点 79, 新增覆盖 52
2026-01-04 16:55:46,028 - INFO -   - 券 389/450 选中节点 3810, 新增覆盖 52
2026-01-04 16:55:46,478 - INFO -   - 券 390/450 选中节点 2951, 新增覆盖 45
2026-01-04 16:55:46,922 - INFO -   - 券 391/450 选中节点 2245, 新增覆盖 48
2026-01-04 16:55:47,394 - INFO -   - 券 392/450 选中节点 941, 新增覆盖 52
2026-01-04 16:55:47,880 - INFO -   - 券 393/450 选中节点 1185, 新增覆盖 48
2026-01-04 16:55:48,317 - INFO -   - 券 394/450 选中节点 3904, 新增覆盖 48
2026-01-04 16:55:48,783 - INFO -   - 券 395/450 选中节点 3325, 新增覆盖 47
2026-01-04 16:55:49,275 - INFO -   - 券 396/450 选中节点 1945, 新增覆盖 51
2026-01-04 16:55:49,752 - INFO -   - 券 397/450 选中节点 1697, 新增覆盖 57
2026-01-04 16:55:50,204 - INFO -   - 券 398/450 选中节点 1504, 新增覆盖 47
2026-01-04 16:55:50,685 - INFO -   - 券 399/450 选中节点 507, 新增覆盖 45
2026-01-04 16:55:51,151 - INFO -   - 券 400/450 选中节点 3361, 新增覆盖 50
2026-01-04 16:55:51,638 - INFO -   - 券 401/450 选中节点 3606, 新增覆盖 49
2026-01-04 16:55:52,096 - INFO -   - 券 402/450 选中节点 913, 新增覆盖 54
2026-01-04 16:55:52,641 - INFO -   - 券 403/450 选中节点 3251, 新增覆盖 51
2026-01-04 16:55:53,133 - INFO -   - 券 404/450 选中节点 3289, 新增覆盖 48
2026-01-04 16:55:53,599 - INFO -   - 券 405/450 选中节点 1716, 新增覆盖 54
2026-01-04 16:55:54,106 - INFO -   - 券 406/450 选中节点 1160, 新增覆盖 51
2026-01-04 16:55:54,636 - INFO -   - 券 407/450 选中节点 654, 新增覆盖 49
2026-01-04 16:55:55,129 - INFO -   - 券 408/450 选中节点 487, 新增覆盖 46
2026-01-04 16:55:55,597 - INFO -   - 券 409/450 选中节点 3132, 新增覆盖 48
2026-01-04 16:55:56,096 - INFO -   - 券 410/450 选中节点 2519, 新增覆盖 52
2026-01-04 16:55:56,575 - INFO -   - 券 411/450 选中节点 1489, 新增覆盖 51
2026-01-04 16:55:57,051 - INFO -   - 券 412/450 选中节点 3158, 新增覆盖 49
2026-01-04 16:55:57,544 - INFO -   - 券 413/450 选中节点 249, 新增覆盖 49
2026-01-04 16:55:58,036 - INFO -   - 券 414/450 选中节点 577, 新增覆盖 46
2026-01-04 16:55:58,503 - INFO -   - 券 415/450 选中节点 3680, 新增覆盖 51
2026-01-04 16:55:59,003 - INFO -   - 券 416/450 选中节点 2608, 新增覆盖 48
2026-01-04 16:55:59,515 - INFO -   - 券 417/450 选中节点 3927, 新增覆盖 48
2026-01-04 16:56:00,016 - INFO -   - 券 418/450 选中节点 3839, 新增覆盖 50
2026-01-04 16:56:00,530 - INFO -   - 券 419/450 选中节点 1930, 新增覆盖 46
2026-01-04 16:56:01,159 - INFO -   - 券 420/450 选中节点 1528, 新增覆盖 46
2026-01-04 16:56:01,777 - INFO -   - 券 421/450 选中节点 2499, 新增覆盖 44
2026-01-04 16:56:02,390 - INFO -   - 券 422/450 选中节点 2911, 新增覆盖 47
2026-01-04 16:56:02,979 - INFO -   - 券 423/450 选中节点 1335, 新增覆盖 47
2026-01-04 16:56:03,508 - INFO -   - 券 424/450 选中节点 3384, 新增覆盖 53
2026-01-04 16:56:04,054 - INFO -   - 券 425/450 选中节点 3667, 新增覆盖 48
2026-01-04 16:56:04,574 - INFO -   - 券 426/450 选中节点 469, 新增覆盖 46
2026-01-04 16:56:05,094 - INFO -   - 券 427/450 选中节点 3743, 新增覆盖 46
2026-01-04 16:56:05,600 - INFO -   - 券 428/450 选中节点 3426, 新增覆盖 49
2026-01-04 16:56:06,115 - INFO -   - 券 429/450 选中节点 3306, 新增覆盖 49
2026-01-04 16:56:06,660 - INFO -   - 券 430/450 选中节点 2800, 新增覆盖 48
2026-01-04 16:56:07,172 - INFO -   - 券 431/450 选中节点 3484, 新增覆盖 49
2026-01-04 16:56:07,694 - INFO -   - 券 432/450 选中节点 105, 新增覆盖 51
2026-01-04 16:56:08,210 - INFO -   - 券 433/450 选中节点 2511, 新增覆盖 46
2026-01-04 16:56:08,708 - INFO -   - 券 434/450 选中节点 1213, 新增覆盖 49
2026-01-04 16:56:09,231 - INFO -   - 券 435/450 选中节点 3901, 新增覆盖 45
2026-01-04 16:56:09,765 - INFO -   - 券 436/450 选中节点 3140, 新增覆盖 45
2026-01-04 16:56:10,278 - INFO -   - 券 437/450 选中节点 1704, 新增覆盖 50
2026-01-04 16:56:10,814 - INFO -   - 券 438/450 选中节点 3475, 新增覆盖 46
2026-01-04 16:56:11,320 - INFO -   - 券 439/450 选中节点 3567, 新增覆盖 48
2026-01-04 16:56:11,823 - INFO -   - 券 440/450 选中节点 1079, 新增覆盖 49
2026-01-04 16:56:12,339 - INFO -   - 券 441/450 选中节点 1156, 新增覆盖 47
2026-01-04 16:56:12,868 - INFO -   - 券 442/450 选中节点 1885, 新增覆盖 46
2026-01-04 16:56:13,390 - INFO -   - 券 443/450 选中节点 251, 新增覆盖 45
2026-01-04 16:56:13,886 - INFO -   - 券 444/450 选中节点 1748, 新增覆盖 51
2026-01-04 16:56:14,387 - INFO -   - 券 445/450 选中节点 3630, 新增覆盖 50
2026-01-04 16:56:14,907 - INFO -   - 券 446/450 选中节点 3691, 新增覆盖 50
2026-01-04 16:56:15,408 - INFO -   - 券 447/450 选中节点 2190, 新增覆盖 46
2026-01-04 16:56:15,939 - INFO -   - 券 448/450 选中节点 2317, 新增覆盖 44
2026-01-04 16:56:16,460 - INFO -   - 券 449/450 选中节点 3730, 新增覆盖 46
2026-01-04 16:56:16,960 - INFO -   - 券 450/450 选中节点 2298, 新增覆盖 47
2026-01-04 16:56:16,960 - INFO - 选种完毕。耗时: 230.65 秒。
2026-01-04 16:56:20,958 - INFO - 最终选择的种子集: [2214, 510, 1035, 2228, 3041, 830, 2969, 2680, 1125, 1130, 1006, 1337, 2249, 2212, 3063, 897, 2324, 3467, 412, 2984, 2497, 646, 2132, 3386, 2325, 3326, 2776, 2995, 607, 3293, 1184, 959, 1452, 593, 2367, 2095, 570, 820, 2532, 2643, 3053, 3482, 628, 3145, 2790, 875, 749, 915, 776, 918, 368, 2770, 2549, 2140, 3125, 1577, 401, 1187, 650, 1012, 2219, 1461, 1305, 3084, 1598, 2428, 454, 1639, 782, 499, 998, 2794, 2655, 2164, 1686, 2389, 2917, 1366, 1286, 1702, 2224, 2195, 2515, 3216, 2718, 512, 3324, 1247, 419, 3263, 1434, 2626, 2148, 869, 1028, 2319, 338, 2136, 2063, 3516, 2624, 2131, 970, 785, 790, 655, 1436, 940, 3302, 640, 1223, 2404, 16, 434, 528, 2287, 748, 385, 2122, 2653, 737, 3937, 2311, 1225, 1208, 1135, 936, 3374, 80, 691, 3469, 3772, 2121, 3037, 2070, 1254, 2688, 3408, 1376, 2518, 1542, 1074, 62, 3154, 2255, 2695, 3460, 3421, 3180, 3500, 2621, 1738, 1044, 731, 504, 2838, 865, 3099, 3127, 1561, 2935, 1269, 2719, 2388, 3095, 3843, 2276, 1395, 3782, 525, 2189, 1798, 730, 30, 3753, 3204, 1343, 3149, 3380, 1791, 684, 134, 2261, 458, 3533, 345, 2751, 3057, 3196, 2778, 1801, 2982, 3202, 3176, 1896, 3120, 3579, 1580, 3335, 637, 1429, 1631, 1919, 3529, 2531, 3397, 615, 2735, 3903, 595, 2416, 546, 96, 3502, 2477, 2267, 2819, 3012, 409, 1563, 1911, 3712, 3343, 1958, 3192, 2775, 1065, 493, 2556, 1064, 1182, 2593, 1038, 1683, 992, 2049, 3170, 3130, 45, 598, 861, 1553, 1338, 1970, 2061, 2159, 1341, 2373, 2334, 3385, 238, 3005, 3018, 605, 2177, 1805, 1688, 559, 1399, 2597, 1016, 2603, 1259, 1282, 3750, 480, 2799, 3696, 198, 1939, 1908, 2358, 3278, 3394, 2607, 1234, 3526, 2110, 1761, 1985, 529, 1750, 3883, 2692, 477, 3638, 1474, 1771, 1626, 563, 2213, 3709, 4028, 3182, 1677, 346, 3846, 399, 2669, 1306, 2064, 1124, 850, 1822, 1838, 2679, 755, 3549, 1027, 3447, 2510, 3, 3186, 2712, 931, 1164, 3177, 22, 3036, 3454, 2225, 2408, 191, 2299, 3228, 3685, 573, 1493, 3061, 4035, 2586, 3433, 3548, 2693, 819, 839, 128, 2538, 539, 732, 907, 308, 2266, 644, 3704, 734, 1175, 664, 709, 831, 1891, 3536, 3006, 36, 3659, 2094, 3658, 2527, 985, 3427, 1546, 2561, 1807, 2960, 1730, 2174, 2744, 719, 2050, 947, 2476, 1067, 3118, 1091, 168, 1544, 891, 3841, 2116, 1082, 289, 1942, 83, 257, 1361, 2217, 2460, 79, 3810, 2951, 2245, 941, 1185, 3904, 3325, 1945, 1697, 1504, 507, 3361, 3606, 913, 3251, 3289, 1716, 1160, 654, 487, 3132, 2519, 1489, 3158, 249, 577, 3680, 2608, 3927, 3839, 1930, 1528, 2499, 2911, 1335, 3384, 3667, 469, 3743, 3426, 3306, 2800, 3484, 105, 2511, 1213, 3901, 3140, 1704, 3475, 3567, 1079, 1156, 1885, 251, 1748, 3630, 3691, 2190, 2317, 3730, 2298]

2026-01-04 16:56:31,165 - INFO - 当前用时 409.11 秒
2026-01-04 16:56:31,166 - INFO - 将种子集 写入位置: /root/pythonspace/data-test/facebook/2026-1-4-3/seeds-with-facebook/random_ris_coverage_seedNum-450_SSRNum-80000.txt
2026-01-04 16:56:31,167 - INFO - 首次生成种子集 monterCarlo_CELF
2026-01-04 16:56:31,167 - INFO - 执行当前算法开始: monterCarlo_CELF
2026-01-04 16:56:31,167 - INFO - --- Running: CELF Greedy Monte Carlo (Sims=500) ---
2026-01-04 16:56:31,167 - INFO - Step 0: 初始化所有节点的边际增益...
2026-01-04 16:57:37,587 - INFO - Seed 1: 2267, Spread: 0.86
2026-01-04 16:57:37,604 - INFO - Seed 2: 3484, Gain: 0.83, Total: 1.69
2026-01-04 16:57:37,628 - INFO - Seed 3: 3844, Gain: 0.84, Total: 2.53
2026-01-04 16:57:37,688 - INFO - Seed 4: 1577, Gain: 0.80, Total: 3.33
2026-01-04 16:57:37,830 - INFO - Seed 5: 2388, Gain: 0.81, Total: 4.14
2026-01-04 16:57:37,946 - INFO - Seed 6: 3885, Gain: 0.79, Total: 4.94
2026-01-04 16:57:37,995 - INFO - Seed 7: 1110, Gain: 0.82, Total: 5.76
2026-01-04 16:57:38,050 - INFO - Seed 8: 2199, Gain: 0.82, Total: 6.58
2026-01-04 16:57:38,295 - INFO - Seed 9: 2367, Gain: 0.82, Total: 7.40
2026-01-04 16:57:38,654 - INFO - Seed 10: 198, Gain: 0.78, Total: 8.18
2026-01-04 16:57:39,111 - INFO - Seed 11: 2257, Gain: 0.79, Total: 8.96
2026-01-04 16:57:40,339 - INFO - Seed 12: 1041, Gain: 0.75, Total: 9.71
2026-01-04 16:57:40,739 - INFO - Seed 13: 89, Gain: 0.84, Total: 10.55
2026-01-04 16:57:53,542 - INFO - Seed 14: 2109, Gain: 0.70, Total: 11.25
2026-01-04 16:57:54,045 - INFO - Seed 15: 2329, Gain: 0.70, Total: 11.95
2026-01-04 16:57:54,673 - INFO - Seed 16: 3854, Gain: 0.70, Total: 12.65
2026-01-04 16:58:02,218 - INFO - Seed 17: 2717, Gain: 0.69, Total: 13.33
2026-01-04 16:58:04,172 - INFO - Seed 18: 2071, Gain: 0.70, Total: 14.03
2026-01-04 16:58:05,161 - INFO - Seed 19: 1631, Gain: 0.80, Total: 14.83
2026-01-04 16:58:05,322 - INFO - Seed 20: 480, Gain: 0.69, Total: 15.52
2026-01-04 16:58:06,936 - INFO - Seed 21: 1486, Gain: 0.68, Total: 16.20
2026-01-04 16:58:08,886 - INFO - Seed 22: 319, Gain: 0.72, Total: 16.93
2026-01-04 16:58:09,890 - INFO - Seed 23: 1473, Gain: 0.74, Total: 17.66
2026-01-04 16:58:11,248 - INFO - Seed 24: 1821, Gain: 0.68, Total: 18.34
2026-01-04 16:58:13,356 - INFO - Seed 25: 632, Gain: 0.68, Total: 19.02
2026-01-04 16:58:14,483 - INFO - Seed 26: 773, Gain: 0.74, Total: 19.75
2026-01-04 16:58:14,728 - INFO - Seed 27: 882, Gain: 0.75, Total: 20.50
2026-01-04 16:58:15,979 - INFO - Seed 28: 3231, Gain: 0.68, Total: 21.18
2026-01-04 16:58:25,403 - INFO - Seed 29: 2474, Gain: 0.67, Total: 21.85
2026-01-04 16:58:27,044 - INFO - Seed 30: 1949, Gain: 0.67, Total: 22.52
2026-01-04 16:58:28,451 - INFO - Seed 31: 2910, Gain: 0.72, Total: 23.24
2026-01-04 16:58:52,338 - INFO - Seed 32: 607, Gain: 0.65, Total: 23.89
2026-01-04 16:59:00,025 - INFO - Seed 33: 3145, Gain: 0.65, Total: 24.54
2026-01-04 16:59:02,793 - INFO - Seed 34: 1086, Gain: 0.65, Total: 25.19
2026-01-04 16:59:11,922 - INFO - Seed 35: 349, Gain: 0.70, Total: 25.89
2026-01-04 16:59:25,566 - INFO - Seed 36: 3071, Gain: 0.66, Total: 26.55
2026-01-04 16:59:39,449 - INFO - Seed 37: 3688, Gain: 0.71, Total: 27.26
2026-01-04 17:00:17,799 - INFO - Seed 38: 3845, Gain: 0.68, Total: 27.94
2026-01-04 17:01:46,144 - INFO - Seed 39: 407, Gain: 0.60, Total: 28.54
2026-01-04 17:02:23,185 - INFO - Seed 40: 3827, Gain: 0.69, Total: 29.23
2026-01-04 17:04:05,465 - INFO - Seed 41: 2626, Gain: 0.57, Total: 29.80
2026-01-04 17:04:16,231 - INFO - Seed 42: 3713, Gain: 0.83, Total: 30.63
2026-01-04 17:04:29,540 - INFO - Seed 43: 3063, Gain: 0.57, Total: 31.19
2026-01-04 17:04:33,083 - INFO - Seed 44: 1839, Gain: 0.63, Total: 31.83
2026-01-04 17:04:39,038 - INFO - Seed 45: 3031, Gain: 0.59, Total: 32.42
2026-01-04 17:04:39,437 - INFO - Seed 46: 213, Gain: 0.56, Total: 32.98
2026-01-04 17:04:43,541 - INFO - Seed 47: 1406, Gain: 0.62, Total: 33.60
2026-01-04 17:04:43,961 - INFO - Seed 48: 1407, Gain: 0.70, Total: 34.30
2026-01-04 17:04:45,697 - INFO - Seed 49: 2576, Gain: 0.59, Total: 34.89
2026-01-04 17:04:52,371 - INFO - Seed 50: 3182, Gain: 0.58, Total: 35.46
2026-01-04 17:04:53,295 - INFO - Seed 51: 66, Gain: 0.60, Total: 36.07
2026-01-04 17:04:56,622 - INFO - Seed 52: 1178, Gain: 0.60, Total: 36.67
2026-01-04 17:05:00,328 - INFO - Seed 53: 2269, Gain: 0.58, Total: 37.24
2026-01-04 17:05:17,549 - INFO - Seed 54: 537, Gain: 0.72, Total: 37.96
2026-01-04 17:05:18,045 - INFO - Seed 55: 385, Gain: 0.69, Total: 38.65
2026-01-04 17:05:27,744 - INFO - Seed 56: 2826, Gain: 0.61, Total: 39.25
2026-01-04 17:05:56,089 - INFO - Seed 57: 2821, Gain: 0.56, Total: 39.82
2026-01-04 17:05:58,215 - INFO - Seed 58: 591, Gain: 0.55, Total: 40.37
2026-01-04 17:06:03,122 - INFO - Seed 59: 2304, Gain: 0.68, Total: 41.05
2026-01-04 17:06:50,709 - INFO - Seed 60: 2083, Gain: 0.55, Total: 41.60
2026-01-04 17:09:55,519 - INFO - Seed 61: 3287, Gain: 0.52, Total: 42.12
2026-01-04 17:10:20,961 - INFO - Seed 62: 873, Gain: 0.62, Total: 42.74
2026-01-04 17:10:54,764 - INFO - Seed 63: 1438, Gain: 0.52, Total: 43.26
2026-01-04 17:11:52,335 - INFO - Seed 64: 2354, Gain: 0.54, Total: 43.80
2026-01-04 17:11:54,133 - INFO - Seed 65: 2722, Gain: 0.54, Total: 44.34
2026-01-04 17:12:54,369 - INFO - Seed 66: 3036, Gain: 0.60, Total: 44.94
2026-01-04 17:13:02,519 - INFO - Seed 67: 1346, Gain: 0.59, Total: 45.52
2026-01-04 17:14:12,011 - INFO - Seed 68: 424, Gain: 0.50, Total: 46.03
2026-01-04 17:14:25,395 - INFO - Seed 69: 2726, Gain: 0.55, Total: 46.57
2026-01-04 17:14:32,638 - INFO - Seed 70: 78, Gain: 0.53, Total: 47.10
2026-01-04 17:14:50,252 - INFO - Seed 71: 3976, Gain: 0.55, Total: 47.65
2026-01-04 17:14:51,669 - INFO - Seed 72: 48, Gain: 0.50, Total: 48.15
2026-01-04 17:14:59,104 - INFO - Seed 73: 1223, Gain: 0.52, Total: 48.67
2026-01-04 17:15:14,224 - INFO - Seed 74: 1941, Gain: 0.58, Total: 49.25
2026-01-04 17:15:15,621 - INFO - Seed 75: 3603, Gain: 0.55, Total: 49.80
2026-01-04 17:15:26,320 - INFO - Seed 76: 1029, Gain: 0.80, Total: 50.60
2026-01-04 17:16:17,844 - INFO - Seed 77: 1327, Gain: 0.51, Total: 51.10
2026-01-04 17:17:20,926 - INFO - Seed 78: 1947, Gain: 0.49, Total: 51.60
2026-01-04 17:17:24,574 - INFO - Seed 79: 2825, Gain: 0.51, Total: 52.11
2026-01-04 17:17:29,034 - INFO - Seed 80: 711, Gain: 0.57, Total: 52.68
2026-01-04 17:17:32,093 - INFO - Seed 81: 1147, Gain: 0.88, Total: 53.57
2026-01-04 17:18:13,911 - INFO - Seed 82: 2746, Gain: 0.51, Total: 54.08
2026-01-04 17:19:16,086 - INFO - Seed 83: 1303, Gain: 0.51, Total: 54.60
2026-01-04 17:19:30,646 - INFO - Seed 84: 1854, Gain: 0.60, Total: 55.19
2026-01-04 17:19:45,179 - INFO - Seed 85: 2907, Gain: 0.62, Total: 55.82
2026-01-04 17:19:48,522 - INFO - Seed 86: 3693, Gain: 0.50, Total: 56.31
2026-01-04 17:19:49,352 - INFO - Seed 87: 3193, Gain: 0.56, Total: 56.87
2026-01-04 17:19:50,189 - INFO - Seed 88: 2745, Gain: 0.57, Total: 57.44
2026-01-04 17:19:51,897 - INFO - Seed 89: 1102, Gain: 0.64, Total: 58.08
2026-01-04 17:19:52,759 - INFO - Seed 90: 2276, Gain: 0.80, Total: 58.88
2026-01-04 17:19:58,916 - INFO - Seed 91: 833, Gain: 0.53, Total: 59.41
2026-01-04 17:20:05,077 - INFO - Seed 92: 2065, Gain: 0.53, Total: 59.95
2026-01-04 17:20:17,505 - INFO - Seed 93: 134, Gain: 0.54, Total: 60.49
2026-01-04 17:20:18,399 - INFO - Seed 94: 3926, Gain: 0.66, Total: 61.15
2026-01-04 17:20:19,322 - INFO - Seed 95: 215, Gain: 0.49, Total: 61.64
2026-01-04 17:20:20,254 - INFO - Seed 96: 2816, Gain: 0.49, Total: 62.13
2026-01-04 17:20:21,185 - INFO - Seed 97: 51, Gain: 0.52, Total: 62.64
2026-01-04 17:20:22,131 - INFO - Seed 98: 141, Gain: 0.60, Total: 63.25
2026-01-04 17:20:25,054 - INFO - Seed 99: 264, Gain: 0.65, Total: 63.90
2026-01-04 17:20:28,006 - INFO - Seed 100: 1092, Gain: 0.60, Total: 64.49
2026-01-04 17:20:51,049 - INFO - Seed 101: 1970, Gain: 0.57, Total: 65.07
2026-01-04 17:20:52,095 - INFO - Seed 102: 1271, Gain: 0.48, Total: 65.54
2026-01-04 17:20:53,104 - INFO - Seed 103: 531, Gain: 0.67, Total: 66.22
2026-01-04 17:20:54,133 - INFO - Seed 104: 2568, Gain: 0.72, Total: 66.94
2026-01-04 17:20:55,169 - INFO - Seed 105: 30, Gain: 0.61, Total: 67.55
2026-01-04 17:21:19,396 - INFO - Seed 106: 3861, Gain: 0.58, Total: 68.13
2026-01-04 17:21:36,313 - INFO - Seed 107: 408, Gain: 0.48, Total: 68.61
2026-01-04 17:22:13,011 - INFO - Seed 108: 120, Gain: 0.58, Total: 69.18
2026-01-04 17:22:16,628 - INFO - Seed 109: 3049, Gain: 0.57, Total: 69.76
2026-01-04 17:22:18,924 - INFO - Seed 110: 899, Gain: 0.70, Total: 70.46
2026-01-04 17:22:26,692 - INFO - Seed 111: 776, Gain: 0.52, Total: 70.98
2026-01-04 17:22:57,684 - INFO - Seed 112: 4021, Gain: 0.79, Total: 71.77
2026-01-04 17:25:01,596 - INFO - Seed 113: 940, Gain: 0.48, Total: 72.25
2026-01-04 17:25:05,003 - INFO - Seed 114: 344, Gain: 0.78, Total: 73.03
2026-01-04 17:26:08,456 - INFO - Seed 115: 3903, Gain: 0.48, Total: 73.51
2026-01-04 17:26:09,597 - INFO - Seed 116: 2245, Gain: 0.81, Total: 74.33
2026-01-04 17:28:29,950 - INFO - Seed 117: 3432, Gain: 0.47, Total: 74.80
2026-01-04 17:29:06,329 - INFO - Seed 118: 2504, Gain: 0.45, Total: 75.25
2026-01-04 17:29:22,714 - INFO - Seed 119: 1547, Gain: 0.47, Total: 75.71
2026-01-04 17:30:46,346 - INFO - Seed 120: 1160, Gain: 0.47, Total: 76.18
2026-01-04 17:31:11,561 - INFO - Seed 121: 1937, Gain: 0.48, Total: 76.66
2026-01-04 17:31:41,812 - INFO - Seed 122: 62, Gain: 0.61, Total: 77.28
2026-01-04 17:32:07,320 - INFO - Seed 123: 3839, Gain: 0.44, Total: 77.72
2026-01-04 17:32:09,790 - INFO - Seed 124: 2234, Gain: 0.49, Total: 78.20
2026-01-04 17:32:15,992 - INFO - Seed 125: 3301, Gain: 0.74, Total: 78.94
2026-01-04 17:32:17,257 - INFO - Seed 126: 2319, Gain: 0.64, Total: 79.58
2026-01-04 17:32:18,523 - INFO - Seed 127: 1682, Gain: 0.49, Total: 80.08
2026-01-04 17:32:19,793 - INFO - Seed 128: 3203, Gain: 0.63, Total: 80.70
2026-01-04 17:32:22,372 - INFO - Seed 129: 159, Gain: 0.50, Total: 81.21
2026-01-04 17:32:24,965 - INFO - Seed 130: 2310, Gain: 0.55, Total: 81.76
2026-01-04 17:32:26,290 - INFO - Seed 131: 778, Gain: 0.76, Total: 82.52
2026-01-04 17:32:30,288 - INFO - Seed 132: 1069, Gain: 0.80, Total: 83.32
2026-01-04 17:32:44,959 - INFO - Seed 133: 3003, Gain: 0.44, Total: 83.76
2026-01-04 17:32:51,681 - INFO - Seed 134: 582, Gain: 0.48, Total: 84.23
2026-01-04 17:33:32,941 - INFO - Seed 135: 3538, Gain: 0.47, Total: 84.70
2026-01-04 17:33:50,601 - INFO - Seed 136: 892, Gain: 0.50, Total: 85.20
2026-01-04 17:34:28,129 - INFO - Seed 137: 1985, Gain: 0.48, Total: 85.68
2026-01-04 17:34:29,485 - INFO - Seed 138: 1595, Gain: 0.45, Total: 86.13
2026-01-04 17:34:32,212 - INFO - Seed 139: 97, Gain: 0.49, Total: 86.62
2026-01-04 17:34:44,682 - INFO - Seed 140: 2905, Gain: 0.52, Total: 87.14
2026-01-04 17:35:00,280 - INFO - Seed 141: 426, Gain: 0.46, Total: 87.61
2026-01-04 17:35:01,961 - INFO - Seed 142: 126, Gain: 0.63, Total: 88.23
2026-01-04 17:35:21,098 - INFO - Seed 143: 1139, Gain: 0.59, Total: 88.82
2026-01-04 17:35:31,264 - INFO - Seed 144: 2877, Gain: 0.44, Total: 89.26
2026-01-04 17:35:41,600 - INFO - Seed 145: 2160, Gain: 0.48, Total: 89.73
2026-01-04 17:35:43,041 - INFO - Seed 146: 2477, Gain: 0.82, Total: 90.55
2026-01-04 17:36:09,960 - INFO - Seed 147: 2343, Gain: 0.55, Total: 91.10
2026-01-04 17:38:27,809 - INFO - Seed 148: 1318, Gain: 0.46, Total: 91.56
2026-01-04 17:39:00,422 - INFO - Seed 149: 1504, Gain: 0.83, Total: 92.40
2026-01-04 17:40:28,430 - INFO - Seed 150: 1028, Gain: 0.61, Total: 93.01
2026-01-04 17:41:05,946 - INFO - Seed 151: 2651, Gain: 0.59, Total: 93.60
2026-01-04 17:41:18,094 - INFO - Seed 152: 453, Gain: 0.44, Total: 94.05
2026-01-04 17:41:25,809 - INFO - Seed 153: 730, Gain: 0.49, Total: 94.54
2026-01-04 17:42:22,917 - INFO - Seed 154: 3243, Gain: 0.54, Total: 95.08
2026-01-04 17:42:33,728 - INFO - Seed 155: 2699, Gain: 0.60, Total: 95.67
2026-01-04 17:42:38,408 - INFO - Seed 156: 2053, Gain: 0.49, Total: 96.16
2026-01-04 17:43:28,619 - INFO - Seed 157: 895, Gain: 0.49, Total: 96.65
2026-01-04 17:43:35,520 - INFO - Seed 158: 324, Gain: 0.45, Total: 97.10
2026-01-04 17:43:37,140 - INFO - Seed 159: 3599, Gain: 0.59, Total: 97.70
2026-01-04 17:43:38,752 - INFO - Seed 160: 1974, Gain: 0.92, Total: 98.62
2026-01-04 17:43:43,576 - INFO - Seed 161: 299, Gain: 0.45, Total: 99.07
2026-01-04 17:44:11,186 - INFO - Seed 162: 1492, Gain: 0.42, Total: 99.49
2026-01-04 17:44:12,800 - INFO - Seed 163: 2454, Gain: 1.08, Total: 100.57
2026-01-04 17:45:32,057 - INFO - Seed 164: 9, Gain: 0.43, Total: 101.00
2026-01-04 17:46:00,318 - INFO - Seed 165: 2389, Gain: 0.40, Total: 101.40
2026-01-04 17:46:07,015 - INFO - Seed 166: 548, Gain: 0.57, Total: 101.97
2026-01-04 17:46:12,080 - INFO - Seed 167: 784, Gain: 0.45, Total: 102.42
2026-01-04 17:46:25,435 - INFO - Seed 168: 3228, Gain: 0.51, Total: 102.93
2026-01-04 17:46:32,198 - INFO - Seed 169: 116, Gain: 0.40, Total: 103.33
2026-01-04 17:47:43,657 - INFO - Seed 170: 3594, Gain: 0.40, Total: 103.73
2026-01-04 17:47:50,528 - INFO - Seed 171: 105, Gain: 0.55, Total: 104.28
2026-01-04 17:47:53,924 - INFO - Seed 172: 2299, Gain: 0.49, Total: 104.77
2026-01-04 17:48:09,556 - INFO - Seed 173: 3223, Gain: 0.49, Total: 105.26
2026-01-04 17:48:25,219 - INFO - Seed 174: 199, Gain: 0.56, Total: 105.82
2026-01-04 17:48:26,973 - INFO - Seed 175: 1008, Gain: 0.49, Total: 106.30
2026-01-04 17:48:34,052 - INFO - Seed 176: 746, Gain: 0.54, Total: 106.85
2026-01-04 17:48:41,164 - INFO - Seed 177: 1403, Gain: 0.68, Total: 107.53
2026-01-04 17:50:04,120 - INFO - Seed 178: 4008, Gain: 0.45, Total: 107.98
2026-01-04 17:50:11,267 - INFO - Seed 179: 1791, Gain: 0.46, Total: 108.44
2026-01-04 17:50:13,045 - INFO - Seed 180: 1885, Gain: 0.75, Total: 109.19
2026-01-04 17:51:07,385 - INFO - Seed 181: 3478, Gain: 0.44, Total: 109.63
2026-01-04 17:51:14,726 - INFO - Seed 182: 1496, Gain: 0.46, Total: 110.09
2026-01-04 17:51:22,178 - INFO - Seed 183: 3319, Gain: 0.38, Total: 110.48
2026-01-04 17:51:24,016 - INFO - Seed 184: 865, Gain: 0.48, Total: 110.95
2026-01-04 17:51:25,877 - INFO - Seed 185: 3005, Gain: 0.89, Total: 111.84
2026-01-04 17:51:31,468 - INFO - Seed 186: 1707, Gain: 0.48, Total: 112.32
2026-01-04 17:51:40,813 - INFO - Seed 187: 945, Gain: 0.40, Total: 112.72
2026-01-04 17:52:11,266 - INFO - Seed 188: 1250, Gain: 0.76, Total: 113.48
2026-01-04 17:52:47,614 - INFO - Seed 189: 2530, Gain: 0.61, Total: 114.09
2026-01-04 17:53:28,767 - INFO - Seed 190: 3215, Gain: 0.64, Total: 114.73
2026-01-04 17:53:36,478 - INFO - Seed 191: 1652, Gain: 0.39, Total: 115.11
2026-01-04 17:54:28,161 - INFO - Seed 192: 3232, Gain: 0.47, Total: 115.58
2026-01-04 17:54:35,954 - INFO - Seed 193: 276, Gain: 0.43, Total: 116.02
2026-01-04 17:55:11,456 - INFO - Seed 194: 2268, Gain: 0.43, Total: 116.45
2026-01-04 17:55:13,452 - INFO - Seed 195: 3016, Gain: 0.74, Total: 117.19
2026-01-04 17:55:21,427 - INFO - Seed 196: 1456, Gain: 0.41, Total: 117.59
2026-01-04 17:56:15,576 - INFO - Seed 197: 1936, Gain: 0.42, Total: 118.01
2026-01-04 17:56:39,951 - INFO - Seed 198: 3873, Gain: 0.66, Total: 118.67
2026-01-04 17:56:46,038 - INFO - Seed 199: 3716, Gain: 0.37, Total: 119.04
2026-01-04 17:56:56,144 - INFO - Seed 200: 2881, Gain: 0.55, Total: 119.59
2026-01-04 17:57:28,686 - INFO - Seed 201: 2946, Gain: 0.44, Total: 120.03
2026-01-04 17:57:30,733 - INFO - Seed 202: 689, Gain: 0.98, Total: 121.02
2026-01-04 17:57:32,777 - INFO - Seed 203: 3378, Gain: 0.57, Total: 121.59
2026-01-04 17:57:36,912 - INFO - Seed 204: 604, Gain: 0.52, Total: 122.11
2026-01-04 17:57:41,122 - INFO - Seed 205: 1650, Gain: 0.40, Total: 122.51
2026-01-04 17:58:06,945 - INFO - Seed 206: 2835, Gain: 0.63, Total: 123.14
2026-01-04 18:00:47,132 - INFO - Seed 207: 3394, Gain: 0.84, Total: 123.98
2026-01-04 18:09:00,558 - INFO - Seed 208: 1651, Gain: 0.33, Total: 124.31
2026-01-04 18:09:53,745 - INFO - Seed 209: 2000, Gain: 0.97, Total: 125.28
2026-01-04 18:10:51,252 - INFO - Seed 210: 1778, Gain: 0.36, Total: 125.65
2026-01-04 18:10:55,510 - INFO - Seed 211: 1332, Gain: 0.33, Total: 125.98
2026-01-04 18:11:01,986 - INFO - Seed 212: 284, Gain: 0.60, Total: 126.58
2026-01-04 18:11:08,461 - INFO - Seed 213: 2424, Gain: 0.83, Total: 127.41
2026-01-04 18:11:29,927 - INFO - Seed 214: 171, Gain: 0.65, Total: 128.06
2026-01-04 18:11:45,128 - INFO - Seed 215: 2498, Gain: 0.50, Total: 128.56
2026-01-04 18:11:47,296 - INFO - Seed 216: 2212, Gain: 0.54, Total: 129.10
2026-01-04 18:11:55,957 - INFO - Seed 217: 2399, Gain: 0.42, Total: 129.52
2026-01-04 18:12:22,319 - INFO - Seed 218: 838, Gain: 0.44, Total: 129.96
2026-01-04 18:12:44,258 - INFO - Seed 219: 147, Gain: 0.36, Total: 130.32
2026-01-04 18:12:50,803 - INFO - Seed 220: 2322, Gain: 0.34, Total: 130.66
2026-01-04 18:12:55,266 - INFO - Seed 221: 3537, Gain: 0.92, Total: 131.58
2026-01-04 18:13:06,481 - INFO - Seed 222: 1532, Gain: 0.36, Total: 131.94
2026-01-04 18:13:08,729 - INFO - Seed 223: 1255, Gain: 0.56, Total: 132.50
2026-01-04 18:13:10,986 - INFO - Seed 224: 2700, Gain: 0.77, Total: 133.27
2026-01-04 18:13:13,274 - INFO - Seed 225: 3619, Gain: 0.45, Total: 133.72
2026-01-04 18:13:15,563 - INFO - Seed 226: 625, Gain: 0.41, Total: 134.14
2026-01-04 18:13:17,853 - INFO - Seed 227: 547, Gain: 1.05, Total: 135.19
2026-01-04 18:13:31,820 - INFO - Seed 228: 3855, Gain: 0.75, Total: 135.94
2026-01-04 18:15:25,907 - INFO - Seed 229: 1598, Gain: 0.35, Total: 136.28
2026-01-04 18:15:39,952 - INFO - Seed 230: 1045, Gain: 0.80, Total: 137.08
2026-01-04 18:15:58,692 - INFO - Seed 231: 2451, Gain: 0.42, Total: 137.50
2026-01-04 18:16:01,034 - INFO - Seed 232: 1853, Gain: 0.33, Total: 137.84
2026-01-04 18:16:03,386 - INFO - Seed 233: 2121, Gain: 0.64, Total: 138.48
2026-01-04 18:16:05,732 - INFO - Seed 234: 314, Gain: 0.67, Total: 139.15
2026-01-04 18:16:08,139 - INFO - Seed 235: 3258, Gain: 0.32, Total: 139.47
2026-01-04 18:16:10,556 - INFO - Seed 236: 3251, Gain: 0.38, Total: 139.85
2026-01-04 18:16:12,962 - INFO - Seed 237: 3343, Gain: 1.16, Total: 141.01
2026-01-04 18:16:20,447 - INFO - Seed 238: 3736, Gain: 0.62, Total: 141.63
2026-01-04 18:16:28,154 - INFO - Seed 239: 3517, Gain: 0.76, Total: 142.38
2026-01-04 18:17:51,309 - INFO - Seed 240: 1395, Gain: 0.35, Total: 142.73
2026-01-04 18:17:56,211 - INFO - Seed 241: 1864, Gain: 0.94, Total: 143.68
2026-01-04 18:18:08,347 - INFO - Seed 242: 3522, Gain: 0.50, Total: 144.18
2026-01-04 18:18:35,430 - INFO - Seed 243: 3526, Gain: 0.37, Total: 144.55
2026-01-04 18:19:00,145 - INFO - Seed 244: 1206, Gain: 0.40, Total: 144.95
2026-01-04 18:19:05,173 - INFO - Seed 245: 2897, Gain: 0.83, Total: 145.77
2026-01-04 18:19:17,633 - INFO - Seed 246: 2656, Gain: 0.31, Total: 146.08
2026-01-04 18:19:53,663 - INFO - Seed 247: 1129, Gain: 0.70, Total: 146.78
2026-01-04 18:19:58,620 - INFO - Seed 248: 2386, Gain: 0.37, Total: 147.15
2026-01-04 18:20:06,107 - INFO - Seed 249: 3412, Gain: 0.50, Total: 147.65
2026-01-04 18:20:16,192 - INFO - Seed 250: 3311, Gain: 0.36, Total: 148.01
2026-01-04 18:20:23,829 - INFO - Seed 251: 366, Gain: 0.70, Total: 148.71
2026-01-04 18:20:28,937 - INFO - Seed 252: 805, Gain: 0.55, Total: 149.26
2026-01-04 18:20:31,626 - INFO - Seed 253: 3520, Gain: 0.69, Total: 149.95
2026-01-04 18:20:36,858 - INFO - Seed 254: 231, Gain: 0.79, Total: 150.74
2026-01-04 18:20:52,058 - INFO - Seed 255: 2570, Gain: 0.35, Total: 151.09
2026-01-04 18:20:54,689 - INFO - Seed 256: 1930, Gain: 0.38, Total: 151.47
2026-01-04 18:20:57,300 - INFO - Seed 257: 639, Gain: 0.62, Total: 152.09
2026-01-04 18:20:59,895 - INFO - Seed 258: 952, Gain: 0.32, Total: 152.41
2026-01-04 18:21:02,540 - INFO - Seed 259: 2417, Gain: 0.54, Total: 152.95
2026-01-04 18:21:05,155 - INFO - Seed 260: 1819, Gain: 0.70, Total: 153.65
2026-01-04 18:21:07,784 - INFO - Seed 261: 794, Gain: 0.56, Total: 154.20
2026-01-04 18:21:13,124 - INFO - Seed 262: 3573, Gain: 0.31, Total: 154.51
2026-01-04 18:21:15,817 - INFO - Seed 263: 38, Gain: 0.56, Total: 155.07
2026-01-04 18:21:18,489 - INFO - Seed 264: 103, Gain: 0.64, Total: 155.71
2026-01-04 18:21:21,137 - INFO - Seed 265: 1048, Gain: 0.43, Total: 156.14
2026-01-04 18:21:42,503 - INFO - Seed 266: 876, Gain: 0.83, Total: 156.97
2026-01-04 18:22:01,152 - INFO - Seed 267: 2584, Gain: 0.43, Total: 157.40
2026-01-04 18:22:27,935 - INFO - Seed 268: 3229, Gain: 0.39, Total: 157.78
2026-01-04 18:22:30,624 - INFO - Seed 269: 1083, Gain: 1.24, Total: 159.02
2026-01-04 18:27:09,095 - INFO - Seed 270: 3913, Gain: 0.64, Total: 159.67
2026-01-04 18:30:59,850 - INFO - Seed 271: 898, Gain: 0.46, Total: 160.13
2026-01-04 18:32:24,522 - INFO - Seed 272: 2073, Gain: 0.31, Total: 160.44
2026-01-04 18:32:27,268 - INFO - Seed 273: 3491, Gain: 0.39, Total: 160.83
2026-01-04 18:32:35,437 - INFO - Seed 274: 2680, Gain: 0.67, Total: 161.50
2026-01-04 18:33:14,256 - INFO - Seed 275: 2839, Gain: 0.47, Total: 161.97
2026-01-04 18:33:17,006 - INFO - Seed 276: 212, Gain: 0.33, Total: 162.30
2026-01-04 18:33:22,557 - INFO - Seed 277: 2265, Gain: 0.34, Total: 162.64
2026-01-04 18:33:31,022 - INFO - Seed 278: 1732, Gain: 0.45, Total: 163.09
2026-01-04 18:33:33,810 - INFO - Seed 279: 701, Gain: 0.72, Total: 163.81
2026-01-04 18:33:36,624 - INFO - Seed 280: 2619, Gain: 0.44, Total: 164.25
2026-01-04 18:33:39,446 - INFO - Seed 281: 3500, Gain: 0.39, Total: 164.63
2026-01-04 18:33:45,092 - INFO - Seed 282: 3052, Gain: 0.35, Total: 164.98
2026-01-04 18:33:47,892 - INFO - Seed 283: 161, Gain: 0.78, Total: 165.77
2026-01-04 18:33:53,486 - INFO - Seed 284: 659, Gain: 0.89, Total: 166.66
2026-01-04 18:33:59,185 - INFO - Seed 285: 3737, Gain: 0.26, Total: 166.92
2026-01-04 18:34:04,922 - INFO - Seed 286: 3281, Gain: 1.20, Total: 168.12
2026-01-04 18:34:22,226 - INFO - Seed 287: 1054, Gain: 0.59, Total: 168.71
2026-01-04 18:35:25,637 - INFO - Seed 288: 2959, Gain: 0.28, Total: 168.99
2026-01-04 18:35:46,017 - INFO - Seed 289: 861, Gain: 0.72, Total: 169.71
2026-01-04 18:36:03,413 - INFO - Seed 290: 2415, Gain: 0.43, Total: 170.14
2026-01-04 18:36:09,235 - INFO - Seed 291: 1896, Gain: 1.25, Total: 171.39
2026-01-04 18:36:32,349 - INFO - Seed 292: 596, Gain: 0.26, Total: 171.65
2026-01-04 18:37:16,157 - INFO - Seed 293: 1273, Gain: 0.28, Total: 171.93
2026-01-04 18:37:22,052 - INFO - Seed 294: 2593, Gain: 0.44, Total: 172.37
2026-01-04 18:37:27,953 - INFO - Seed 295: 1911, Gain: 0.49, Total: 172.86
2026-01-04 18:37:33,923 - INFO - Seed 296: 2206, Gain: 0.68, Total: 173.54
2026-01-04 18:38:48,926 - INFO - Seed 297: 2711, Gain: 0.35, Total: 173.89
2026-01-04 18:38:57,868 - INFO - Seed 298: 244, Gain: 0.36, Total: 174.24
2026-01-04 18:39:00,843 - INFO - Seed 299: 2230, Gain: 0.52, Total: 174.77
2026-01-04 18:39:03,813 - INFO - Seed 300: 2064, Gain: 0.50, Total: 175.27
2026-01-04 18:39:06,775 - INFO - Seed 301: 1151, Gain: 0.64, Total: 175.90
2026-01-04 18:39:09,767 - INFO - Seed 302: 2652, Gain: 0.99, Total: 176.89
2026-01-04 18:39:40,088 - INFO - Seed 303: 2061, Gain: 0.64, Total: 177.54
2026-01-04 18:40:13,825 - INFO - Seed 304: 2819, Gain: 0.43, Total: 177.97
2026-01-04 18:40:29,021 - INFO - Seed 305: 1505, Gain: 0.34, Total: 178.31
2026-01-04 18:40:44,282 - INFO - Seed 306: 2911, Gain: 0.43, Total: 178.74
2026-01-04 18:40:50,475 - INFO - Seed 307: 302, Gain: 0.52, Total: 179.26
2026-01-04 18:40:53,552 - INFO - Seed 308: 416, Gain: 0.33, Total: 179.59
2026-01-04 18:41:12,877 - INFO - Seed 309: 781, Gain: 0.88, Total: 180.46
2026-01-04 18:41:31,759 - INFO - Seed 310: 2943, Gain: 0.42, Total: 180.89
2026-01-04 18:41:38,039 - INFO - Seed 311: 289, Gain: 0.53, Total: 181.42
2026-01-04 18:42:09,167 - INFO - Seed 312: 187, Gain: 0.56, Total: 181.98
2026-01-04 18:42:34,665 - INFO - Seed 313: 2794, Gain: 0.36, Total: 182.35
2026-01-04 18:42:44,081 - INFO - Seed 314: 1556, Gain: 0.31, Total: 182.66
2026-01-04 18:42:53,587 - INFO - Seed 315: 3898, Gain: 0.78, Total: 183.44
2026-01-04 18:43:03,054 - INFO - Seed 316: 163, Gain: 0.76, Total: 184.20
2026-01-04 18:43:12,525 - INFO - Seed 317: 1768, Gain: 0.52, Total: 184.73
2026-01-04 18:43:42,526 - INFO - Seed 318: 463, Gain: 0.52, Total: 185.25
2026-01-04 18:44:49,973 - INFO - Seed 319: 828, Gain: 0.60, Total: 185.85
2026-01-04 18:44:56,448 - INFO - Seed 320: 3890, Gain: 0.56, Total: 186.41
2026-01-04 18:45:19,066 - INFO - Seed 321: 493, Gain: 0.28, Total: 186.69
2026-01-04 18:45:57,793 - INFO - Seed 322: 4035, Gain: 0.43, Total: 187.12
2026-01-04 18:46:07,559 - INFO - Seed 323: 2217, Gain: 0.43, Total: 187.55
2026-01-04 18:46:10,833 - INFO - Seed 324: 307, Gain: 0.49, Total: 188.04
2026-01-04 18:46:14,111 - INFO - Seed 325: 1903, Gain: 0.50, Total: 188.54
2026-01-04 18:46:17,410 - INFO - Seed 326: 909, Gain: 0.37, Total: 188.91
2026-01-04 18:46:24,042 - INFO - Seed 327: 723, Gain: 0.33, Total: 189.23
2026-01-04 18:46:30,656 - INFO - Seed 328: 3812, Gain: 0.64, Total: 189.87
2026-01-04 18:46:37,319 - INFO - Seed 329: 3834, Gain: 0.29, Total: 190.16
2026-01-04 18:46:40,657 - INFO - Seed 330: 2645, Gain: 0.36, Total: 190.52
2026-01-04 18:46:43,994 - INFO - Seed 331: 3328, Gain: 0.64, Total: 191.16
2026-01-04 18:46:54,081 - INFO - Seed 332: 3549, Gain: 0.32, Total: 191.48
2026-01-04 18:47:04,017 - INFO - Seed 333: 3438, Gain: 0.81, Total: 192.28
2026-01-04 18:47:07,332 - INFO - Seed 334: 3453, Gain: 0.75, Total: 193.03
2026-01-04 18:47:17,500 - INFO - Seed 335: 2491, Gain: 0.28, Total: 193.31
2026-01-04 18:47:20,881 - INFO - Seed 336: 1082, Gain: 0.46, Total: 193.77
2026-01-04 18:48:02,020 - INFO - Seed 337: 897, Gain: 0.29, Total: 194.06
2026-01-04 18:48:05,420 - INFO - Seed 338: 457, Gain: 0.55, Total: 194.62
2026-01-04 18:48:12,257 - INFO - Seed 339: 3226, Gain: 0.77, Total: 195.38
2026-01-04 18:48:15,682 - INFO - Seed 340: 1341, Gain: 0.75, Total: 196.14
2026-01-04 18:48:19,056 - INFO - Seed 341: 3165, Gain: 0.40, Total: 196.53
2026-01-04 18:48:32,723 - INFO - Seed 342: 2978, Gain: 0.57, Total: 197.11
2026-01-04 18:48:39,635 - INFO - Seed 343: 2519, Gain: 0.26, Total: 197.37
2026-01-04 18:48:43,070 - INFO - Seed 344: 2195, Gain: 0.24, Total: 197.61
2026-01-04 18:48:46,529 - INFO - Seed 345: 241, Gain: 0.62, Total: 198.23
2026-01-04 18:48:49,962 - INFO - Seed 346: 14, Gain: 0.47, Total: 198.69
2026-01-04 18:48:57,688 - INFO - Seed 347: 3149, Gain: 0.45, Total: 199.14
2026-01-04 18:49:01,195 - INFO - Seed 348: 2190, Gain: 0.61, Total: 199.75
2026-01-04 18:49:08,223 - INFO - Seed 349: 3667, Gain: 0.63, Total: 200.38
2026-01-04 18:49:15,265 - INFO - Seed 350: 55, Gain: 0.28, Total: 200.66
2026-01-04 18:49:18,792 - INFO - Seed 351: 1131, Gain: 1.33, Total: 201.99
2026-01-04 18:49:29,545 - INFO - Seed 352: 222, Gain: 0.35, Total: 202.34
2026-01-04 18:49:33,126 - INFO - Seed 353: 2963, Gain: 0.69, Total: 203.03
2026-01-04 18:50:01,949 - INFO - Seed 354: 3937, Gain: 0.49, Total: 203.52
2026-01-04 18:50:23,912 - INFO - Seed 355: 3468, Gain: 0.23, Total: 203.75
2026-01-04 18:50:34,610 - INFO - Seed 356: 1564, Gain: 0.31, Total: 204.07
2026-01-04 18:50:38,198 - INFO - Seed 357: 2677, Gain: 1.45, Total: 205.52
2026-01-04 18:51:32,497 - INFO - Seed 358: 2917, Gain: 0.61, Total: 206.13
2026-01-04 18:52:55,488 - INFO - Seed 359: 1434, Gain: 0.27, Total: 206.40
2026-01-04 18:56:01,836 - INFO - Seed 360: 3533, Gain: 0.33, Total: 206.73
2026-01-04 18:56:05,420 - INFO - Seed 361: 2226, Gain: 0.77, Total: 207.50
2026-01-04 18:57:55,041 - INFO - Seed 362: 1958, Gain: 0.26, Total: 207.75
2026-01-04 18:58:09,701 - INFO - Seed 363: 1835, Gain: 0.39, Total: 208.14
2026-01-04 18:58:17,128 - INFO - Seed 364: 980, Gain: 0.22, Total: 208.36
2026-01-04 18:58:24,460 - INFO - Seed 365: 2795, Gain: 0.37, Total: 208.73
2026-01-04 18:58:28,152 - INFO - Seed 366: 693, Gain: 0.30, Total: 209.03
2026-01-04 18:58:31,831 - INFO - Seed 367: 3162, Gain: 0.77, Total: 209.81
2026-01-04 18:58:35,535 - INFO - Seed 368: 190, Gain: 0.75, Total: 210.56
2026-01-04 18:59:46,324 - INFO - Seed 369: 836, Gain: 0.38, Total: 210.94
2026-01-04 19:00:53,380 - INFO - Seed 370: 1046, Gain: 0.43, Total: 211.36
2026-01-04 19:01:49,499 - INFO - Seed 371: 3582, Gain: 0.30, Total: 211.67
2026-01-04 19:01:57,021 - INFO - Seed 372: 194, Gain: 0.42, Total: 212.09
2026-01-04 19:02:30,736 - INFO - Seed 373: 129, Gain: 0.20, Total: 212.28
2026-01-04 19:02:34,548 - INFO - Seed 374: 1080, Gain: 0.62, Total: 212.91
2026-01-04 19:02:38,313 - INFO - Seed 375: 3482, Gain: 0.52, Total: 213.43
2026-01-04 19:02:45,874 - INFO - Seed 376: 1236, Gain: 0.65, Total: 214.08
2026-01-04 19:03:12,365 - INFO - Seed 377: 2366, Gain: 0.23, Total: 214.31
2026-01-04 19:03:16,131 - INFO - Seed 378: 1468, Gain: 0.72, Total: 215.02
2026-01-04 19:03:19,942 - INFO - Seed 379: 1229, Gain: 0.45, Total: 215.47
2026-01-04 19:03:23,795 - INFO - Seed 380: 1122, Gain: 0.46, Total: 215.93
2026-01-04 19:03:27,660 - INFO - Seed 381: 545, Gain: 0.55, Total: 216.48
2026-01-04 19:03:31,485 - INFO - Seed 382: 3337, Gain: 0.45, Total: 216.93
2026-01-04 19:03:35,336 - INFO - Seed 383: 1695, Gain: 0.61, Total: 217.55
2026-01-04 19:03:43,066 - INFO - Seed 384: 4028, Gain: 1.35, Total: 218.90
2026-01-04 19:04:25,566 - INFO - Seed 385: 3601, Gain: 0.58, Total: 219.48
2026-01-04 19:04:33,360 - INFO - Seed 386: 1179, Gain: 0.45, Total: 219.93
2026-01-04 19:04:41,199 - INFO - Seed 387: 442, Gain: 0.47, Total: 220.40
2026-01-04 19:04:45,134 - INFO - Seed 388: 1668, Gain: 0.70, Total: 221.10
2026-01-04 19:04:56,967 - INFO - Seed 389: 2781, Gain: 0.22, Total: 221.32
2026-01-04 19:05:00,948 - INFO - Seed 390: 3604, Gain: 0.58, Total: 221.89
2026-01-04 19:05:04,883 - INFO - Seed 391: 1600, Gain: 0.81, Total: 222.70
2026-01-04 19:05:16,878 - INFO - Seed 392: 517, Gain: 0.42, Total: 223.13
2026-01-04 19:05:44,536 - INFO - Seed 393: 1945, Gain: 0.36, Total: 223.49
2026-01-04 19:05:52,537 - INFO - Seed 394: 2254, Gain: 0.66, Total: 224.15
2026-01-04 19:05:56,537 - INFO - Seed 395: 2339, Gain: 0.37, Total: 224.51
2026-01-04 19:06:00,549 - INFO - Seed 396: 3897, Gain: 0.37, Total: 224.89
2026-01-04 19:06:04,565 - INFO - Seed 397: 3099, Gain: 0.34, Total: 225.23
2026-01-04 19:06:08,559 - INFO - Seed 398: 297, Gain: 0.21, Total: 225.44
2026-01-04 19:06:12,557 - INFO - Seed 399: 889, Gain: 0.97, Total: 226.41
2026-01-04 19:06:16,613 - INFO - Seed 400: 737, Gain: 0.33, Total: 226.75
2026-01-04 19:06:20,624 - INFO - Seed 401: 1494, Gain: 1.14, Total: 227.88
2026-01-04 19:06:28,683 - INFO - Seed 402: 290, Gain: 0.31, Total: 228.20
2026-01-04 19:06:36,807 - INFO - Seed 403: 2355, Gain: 0.25, Total: 228.45
2026-01-04 19:06:40,885 - INFO - Seed 404: 3032, Gain: 0.61, Total: 229.06
2026-01-04 19:06:45,010 - INFO - Seed 405: 3202, Gain: 0.60, Total: 229.66
2026-01-04 19:06:57,166 - INFO - Seed 406: 90, Gain: 0.41, Total: 230.08
2026-01-04 19:07:01,236 - INFO - Seed 407: 3359, Gain: 0.75, Total: 230.83
2026-01-04 19:07:09,483 - INFO - Seed 408: 1525, Gain: 0.61, Total: 231.44
2026-01-04 19:07:13,601 - INFO - Seed 409: 809, Gain: 1.22, Total: 232.66
2026-01-04 19:07:17,731 - INFO - Seed 410: 472, Gain: 0.35, Total: 233.01
2026-01-04 19:07:21,907 - INFO - Seed 411: 3332, Gain: 0.57, Total: 233.58
2026-01-04 19:07:30,321 - INFO - Seed 412: 2620, Gain: 0.46, Total: 234.04
2026-01-04 19:07:47,013 - INFO - Seed 413: 2954, Gain: 0.67, Total: 234.71
2026-01-04 19:07:51,205 - INFO - Seed 414: 1287, Gain: 0.47, Total: 235.18
2026-01-04 19:08:03,858 - INFO - Seed 415: 1444, Gain: 0.25, Total: 235.43
2026-01-04 19:08:08,053 - INFO - Seed 416: 1909, Gain: 0.51, Total: 235.94
2026-01-04 19:08:12,213 - INFO - Seed 417: 395, Gain: 0.36, Total: 236.30
2026-01-04 19:08:20,536 - INFO - Seed 418: 0, Gain: 0.66, Total: 236.95
2026-01-04 19:08:24,745 - INFO - Seed 419: 1219, Gain: 0.50, Total: 237.46
2026-01-04 19:08:33,287 - INFO - Seed 420: 1422, Gain: 0.32, Total: 237.78
2026-01-04 19:08:37,515 - INFO - Seed 421: 235, Gain: 0.38, Total: 238.15
2026-01-04 19:08:50,346 - INFO - Seed 422: 2483, Gain: 0.93, Total: 239.08
2026-01-04 19:09:11,764 - INFO - Seed 423: 4016, Gain: 0.77, Total: 239.85
2026-01-04 19:09:37,490 - INFO - Seed 424: 3082, Gain: 0.47, Total: 240.32
2026-01-04 19:10:39,375 - INFO - Seed 425: 785, Gain: 0.48, Total: 240.80
2026-01-04 19:10:43,741 - INFO - Seed 426: 2113, Gain: 0.73, Total: 241.53
2026-01-04 19:12:11,605 - INFO - Seed 427: 2509, Gain: 0.22, Total: 241.75
2026-01-04 19:12:20,254 - INFO - Seed 428: 2192, Gain: 0.25, Total: 242.00
2026-01-04 19:12:24,653 - INFO - Seed 429: 3326, Gain: 0.64, Total: 242.64
2026-01-04 19:12:43,039 - INFO - Seed 430: 2683, Gain: 0.68, Total: 243.32
2026-01-04 19:13:00,421 - INFO - Seed 431: 1335, Gain: 0.24, Total: 243.56
2026-01-04 19:13:04,797 - INFO - Seed 432: 3561, Gain: 0.25, Total: 243.81
2026-01-04 19:13:09,152 - INFO - Seed 433: 427, Gain: 0.63, Total: 244.44
2026-01-04 19:13:13,515 - INFO - Seed 434: 2500, Gain: 0.50, Total: 244.94
2026-01-04 19:13:22,389 - INFO - Seed 435: 3462, Gain: 0.35, Total: 245.29
2026-01-04 19:13:31,363 - INFO - Seed 436: 875, Gain: 0.54, Total: 245.83
2026-01-04 19:13:35,747 - INFO - Seed 437: 191, Gain: 1.24, Total: 247.07
2026-01-04 19:13:40,134 - INFO - Seed 438: 1630, Gain: 0.76, Total: 247.83
2026-01-04 19:13:49,216 - INFO - Seed 439: 1251, Gain: 0.24, Total: 248.07
2026-01-04 19:14:02,627 - INFO - Seed 440: 2672, Gain: 0.22, Total: 248.29
2026-01-04 19:14:20,564 - INFO - Seed 441: 2994, Gain: 0.47, Total: 248.76
2026-01-04 19:14:25,050 - INFO - Seed 442: 3843, Gain: 0.68, Total: 249.44
2026-01-04 19:14:29,536 - INFO - Seed 443: 3085, Gain: 0.64, Total: 250.09
2026-01-04 19:14:52,105 - INFO - Seed 444: 1543, Gain: 0.83, Total: 250.92
2026-01-04 19:14:56,597 - INFO - Seed 445: 3006, Gain: 0.29, Total: 251.21
2026-01-04 19:15:01,023 - INFO - Seed 446: 1429, Gain: 0.34, Total: 251.55
2026-01-04 19:15:05,564 - INFO - Seed 447: 908, Gain: 0.21, Total: 251.75
2026-01-04 19:15:10,129 - INFO - Seed 448: 2022, Gain: 0.96, Total: 252.72
2026-01-04 19:15:14,687 - INFO - Seed 449: 3411, Gain: 0.39, Total: 253.11
2026-01-04 19:15:19,278 - INFO - Seed 450: 3103, Gain: 0.77, Total: 253.87
2026-01-04 19:15:19,278 - INFO - CELF 完成，总耗时: 8328.11s
2026-01-04 19:15:19,278 - INFO - 当前用时 8328.11 秒
2026-01-04 19:15:19,278 - INFO - 将种子集 写入位置: /root/pythonspace/data-test/facebook/2026-1-4-3/seeds-with-facebook/random_monterCarlo_CELF_seedNum-450_SSRNum-80000.txt
2026-01-04 19:15:19,280 - INFO - 评估种子集: None
2026-01-04 19:15:19,281 - INFO - 多进程评估开始，共有 7 个方法待评估...
2026-01-04 19:15:19,281 - INFO - 启动进程池，Worker数量: 7
2026-01-04 19:15:19,791 - INFO - [Process 33948] 开始评估方法: random, 种子数: 450
2026-01-04 19:15:20,208 - INFO - [Process 33949] 开始评估方法: degreeTopM, 种子数: 450
2026-01-04 19:15:20,578 - INFO - [Process 33950] 开始评估方法: pageRank, 种子数: 450
2026-01-04 19:15:20,979 - INFO - [Process 33951] 开始评估方法: alpha_sort, 种子数: 450
2026-01-04 19:15:21,406 - INFO - [Process 33952] 开始评估方法: importance_sort, 种子数: 450
2026-01-04 19:15:21,789 - INFO - [Process 33953] 开始评估方法: ris_coverage, 种子数: 450
2026-01-04 19:15:22,232 - INFO - [Process 33954] 开始评估方法: monterCarlo_CELF, 种子数: 450
2026-01-04 19:15:24,946 - INFO - [Process 33951] alpha_sort - 500 sims 完成: E=292.63
2026-01-04 19:15:25,217 - INFO - [Process 33948] random - 500 sims 完成: E=219.58
2026-01-04 19:15:26,027 - INFO - [Process 33952] importance_sort - 500 sims 完成: E=228.35
2026-01-04 19:15:26,051 - INFO - [Process 33950] pageRank - 500 sims 完成: E=211.99
2026-01-04 19:15:26,100 - INFO - [Process 33953] ris_coverage - 500 sims 完成: E=250.91
2026-01-04 19:15:26,712 - INFO - [Process 33949] degreeTopM - 500 sims 完成: E=202.46
2026-01-04 19:15:27,517 - INFO - [Process 33954] monterCarlo_CELF - 500 sims 完成: E=252.70
2026-01-04 19:15:27,535 - INFO - 所有进程执行完毕，开始写入数据...
2026-01-04 19:15:27,542 - INFO - 成功写入 7 条记录至 /root/pythonspace/data-test/facebook/2026-1-4-3/E-activated-facebook/distribution-random/simuTimes-500_random-dirichlet-[5, 5, 5]_rrNumSamples-80000.csv
2026-01-04 19:15:27,543 - INFO - 保存评估文件至: /root/pythonspace/data-test/facebook/2026-1-4-3/E-activated-facebook/distribution-random/simuTimes-500_random-dirichlet-[5, 5, 5]_rrNumSamples-80000.csv
