2026-03-11 11:46:57,757 - INFO - 加载数据集: network.EmailEnron
2026-03-11 11:46:57,761 - INFO - --- 矩阵分析 ---
2026-03-11 11:46:57,761 - INFO - 节点数 (N): 33696
2026-03-11 11:46:57,761 - INFO - 边数 (E): 361622
2026-03-11 11:46:57,761 - INFO - 密度 (Density): 0.00031849 (越小越稀疏)
2026-03-11 11:46:57,761 - INFO - 稀疏度 (Sparsity): 0.99968151 (越接近1越稀疏)
2026-03-11 11:46:57,762 - INFO - 平均度数 (Avg Degree): 10.73
2026-03-11 11:46:57,765 - INFO - 首次生成度相关概率分布 分布类型: 'log_continuous'.
2026-03-11 11:46:57,765 - INFO - ===> Generating 'Log-Continuous' distributions for Real Graph...
2026-03-11 11:46:58,171 - INFO - 保存概率分布 文件位置: /root/work/coupon/coup_spread/network.EmailEnron/2026-4-9/distribution-in-network.EmailEnron/distribution-log_continuous_seedNum-200.pkl
2026-03-11 11:46:58,631 - INFO - 首次生成种子集 random
2026-03-11 11:46:58,631 - INFO - 执行当前算法开始: random
2026-03-11 11:46:58,631 - INFO - 数据集节点总数:  n = 33696, m = 200
2026-03-11 11:46:58,632 - INFO - 选择 200  [14904, 22082, 2482, 17888, 9196, 26155, 7648, 18052, 10165, 5221, 27729, 21154, 18718, 10411, 8842, 2025, 25153, 3958, 16755, 21476, 14565, 3879, 16495, 13101, 13572, 32901, 319, 1880, 12056, 15541, 14164, 5977, 22013, 19529, 16867, 25144, 8458, 9937, 24444, 11714, 13514, 6245, 4371, 23417, 4526, 12426, 13470, 22932, 3291, 5025, 3238, 4339, 24546, 8978, 26884, 29838, 2176, 3302, 6383, 3578, 26339, 11097, 18445, 25776, 11236, 20725, 30087, 5832, 27481, 29920, 28200, 22016, 1387, 19480, 22719, 11545, 5249, 8737, 18814, 21191, 32090, 31931, 11368, 5859, 2044, 29489, 18530, 23028, 10255, 20089, 12381, 1512, 25732, 4929, 4426, 10252, 19152, 7183, 29605, 25934, 6378, 14062, 9368, 13024, 29658, 27439, 31583, 28614, 10041, 7637, 31711, 12704, 15563, 7586, 31975, 28389, 10066, 6086, 23000, 4479, 26520, 5325, 29801, 183, 30872, 18816, 31811, 19511, 3334, 23964, 158, 5404, 17027, 13200, 3562, 8714, 32008, 23339, 25584, 497, 25744, 22040, 2613, 7439, 8101, 27294, 10249, 2204, 30817, 16323, 32246, 13626, 10782, 26705, 10502, 23110, 9444, 27481, 33451, 278, 18749, 8285, 20384, 12500, 7187, 5487, 12497, 30500, 14452, 27, 27694, 27201, 2998, 1106, 6165, 1304, 22079, 31536, 8439, 31640, 21152, 19633, 7779, 7403, 20189, 31071, 28607, 7918, 31126, 27058, 1765, 33159, 14474, 9521, 30472, 16745, 30654, 14670, 25537, 27472]

2026-03-11 11:46:58,632 - INFO - 当前用时 0.00 秒
2026-03-11 11:46:58,632 - INFO - 将种子集 写入位置: /root/work/coupon/coup_spread/network.EmailEnron/2026-4-9/seeds-with-network.EmailEnron/log_continuous_random_seedNum-200_SSRNum-500000.txt
2026-03-11 11:46:58,632 - INFO - 首次生成种子集 degreeTopM
2026-03-11 11:46:58,632 - INFO - 执行当前算法开始: degreeTopM
2026-03-11 11:46:58,632 - INFO - 依据: 选择连接数（度数）最多的节点。
2026-03-11 11:46:58,634 - INFO - 选择的 Top M 节点及其度数:
2026-03-11 11:46:58,634 - INFO - 
2026-03-11 11:46:58,634 - INFO - 当前用时 0.00 秒
2026-03-11 11:46:58,634 - INFO - 将种子集 写入位置: /root/work/coupon/coup_spread/network.EmailEnron/2026-4-9/seeds-with-network.EmailEnron/log_continuous_degreeTopM_seedNum-200_SSRNum-500000.txt
2026-03-11 11:46:58,634 - INFO - 首次生成种子集 pageRank
2026-03-11 11:46:58,634 - INFO - 执行当前算法开始: pageRank
2026-03-11 11:46:58,634 - INFO - --- Running: PageRank (on tranProMatrix) Top M ---
2026-03-11 11:47:07,900 - INFO - Selected PageRank seeds: [5024, 273, 140, 588, 458, 566, 1028, 1139, 370, 893, 195, 823, 5055, 5008, 136, 95, 286, 1768, 5016, 76, 543, 292, 647, 8330, 353, 416, 734, 851, 155, 5019, 478, 530, 343, 1824, 613, 516, 887, 443, 213, 2628, 127, 652, 444, 90, 4735, 4061, 520, 1672, 3309, 128, 308, 93, 80, 114, 106, 1806, 3235, 342, 1528, 1031, 915, 554, 1569, 2751, 878, 2716, 1819, 175, 1817, 225, 188, 232, 802, 939, 1588, 20652, 78, 5223, 1507, 82, 241, 3159, 56, 639, 72, 2213, 102, 9112, 1330, 184, 200, 1053, 1334, 1233, 1371, 147, 929, 274, 301, 1443, 134, 4744, 109, 2735, 314, 74, 2321, 383, 360, 1821, 7940, 31856, 9120, 2664, 2937, 1161, 1046, 1725, 1304, 5022, 423, 2346, 686, 1935, 4151, 107, 89, 151, 91, 1061, 2251, 920, 1202, 815, 581, 585, 8543, 659, 255, 448, 4396, 526, 481, 4150, 471, 88, 367, 403, 265, 16553, 215, 400, 3172, 1365, 6903, 2945, 2635, 528, 452, 925, 1095, 694, 299, 539, 20693, 316, 3213, 133, 233, 75, 592, 5006, 1927, 1793, 4869, 385, 3025, 480, 499, 2109, 442, 4616, 1076, 924, 910, 300, 723, 243, 378, 402, 2734, 8542, 716, 2015, 1050, 1137, 2771, 1, 454, 880]
2026-03-11 11:47:07,902 - INFO - 当前用时 9.27 秒
2026-03-11 11:47:07,902 - INFO - 将种子集 写入位置: /root/work/coupon/coup_spread/network.EmailEnron/2026-4-9/seeds-with-network.EmailEnron/log_continuous_pageRank_seedNum-200_SSRNum-500000.txt
2026-03-11 11:47:07,902 - INFO - 首次生成种子集 alpha_sort
2026-03-11 11:47:07,902 - INFO - 执行当前算法开始: alpha_sort
2026-03-11 11:47:07,919 - INFO - 33696 个节点的alpha值降序排序 done
2026-03-11 11:47:07,920 - INFO - ==============>> [(23782, np.float64(0.5780588759286728)), (18392, np.float64(0.5466538243225292)), (9749, np.float64(0.5388470659323543)), (28501, np.float64(0.5165631822338189)), (30542, np.float64(0.5114816298077859)), (33088, np.float64(0.5111584989404007)), (13003, np.float64(0.5094303312474385)), (21814, np.float64(0.5074071518209821)), (25671, np.float64(0.5036765279991776)), (14671, np.float64(0.5020472106915196))]
2026-03-11 11:47:07,920 - INFO - 
选择的种子集 (按alpha排序): [23782, 18392, 9749, 28501, 30542, 33088, 13003, 21814, 25671, 14671, 21545, 23810, 29299, 28877, 17611, 33462, 30523, 13079, 10903, 14977, 32163, 6544, 33562, 27313, 20731, 15032, 17460, 15254, 1554, 31896, 18105, 8862, 33070, 7513, 18762, 17989, 8348, 31664, 15594, 26995, 2876, 10959, 25122, 28482, 17250, 31965, 12022, 31087, 26653, 8568, 30638, 3626, 26988, 23859, 4588, 31175, 2471, 24670, 202, 22569, 8263, 18663, 20630, 29257, 15338, 11422, 4761, 26661, 15597, 32426, 4955, 18795, 32939, 28654, 29170, 11860, 16490, 4135, 23995, 25915, 21146, 4177, 8619, 24970, 10869, 32028, 32092, 26052, 24285, 17478, 27307, 4426, 15894, 28907, 7635, 23617, 5794, 18821, 30473, 21964, 23152, 16464, 24852, 8664, 4917, 14402, 6062, 13140, 11775, 31140, 30338, 23107, 4931, 13254, 20634, 11518, 25670, 22696, 23336, 19188, 31349, 14926, 12369, 14786, 8068, 27406, 33428, 571, 27656, 19855, 20548, 7244, 32225, 3253, 31056, 31172, 12937, 16296, 19822, 33021, 1649, 28508, 30085, 28371, 8449, 26139, 12048, 32062, 28414, 14598, 22619, 2584, 23973, 18805, 1375, 32956, 2823, 6719, 11402, 17283, 10142, 19538, 14877, 19512, 23166, 19442, 14986, 32081, 22149, 19319, 9076, 20219, 3985, 6955, 10960, 25744, 24655, 14454, 25618, 9460, 27090, 28751, 19904, 19733, 6666, 29353, 21638, 31740, 7679, 20861, 31773, 18826, 21924, 16289, 7388, 9167, 28500, 23866, 23914, 24366]

2026-03-11 11:47:07,921 - INFO - 当前用时 0.02 秒
2026-03-11 11:47:07,921 - INFO - 将种子集 写入位置: /root/work/coupon/coup_spread/network.EmailEnron/2026-4-9/seeds-with-network.EmailEnron/log_continuous_alpha_sort_seedNum-200_SSRNum-500000.txt
2026-03-11 11:47:07,922 - INFO - 首次生成种子集 ris_optimized
2026-03-11 11:47:07,922 - INFO - 执行当前算法开始: ris_optimized
2026-03-11 11:47:30,545 - INFO - 开始生成 500000 组多重RR-Set (万级节点极限内存优化版)...
2026-03-11 11:51:00,032 - INFO - 生成与倒排构建完毕。耗时: 209.49 秒。
2026-03-11 11:51:00,039 - INFO - 开始基于 Numpy 矩阵的高速贪心选择...
2026-03-11 11:51:18,279 - INFO - 高速选种完毕。耗时: 18.24 秒。估算范围: 224.57
2026-03-11 11:51:18,768 - INFO - 当前用时 250.85 秒
2026-03-11 11:51:18,768 - INFO - 将种子集 写入位置: /root/work/coupon/coup_spread/network.EmailEnron/2026-4-9/seeds-with-network.EmailEnron/log_continuous_ris_optimized_seedNum-200_SSRNum-500000.txt
2026-03-11 11:51:18,769 - INFO - 首次生成种子集 1hop_sort
2026-03-11 11:51:18,769 - INFO - 执行当前算法开始: 1hop_sort
2026-03-11 11:51:18,862 - INFO - 当前用时 0.09 秒
2026-03-11 11:51:18,863 - INFO - 将种子集 写入位置: /root/work/coupon/coup_spread/network.EmailEnron/2026-4-9/seeds-with-network.EmailEnron/log_continuous_1hop_sort_seedNum-200_SSRNum-500000.txt
2026-03-11 11:51:18,866 - INFO - 评估种子集: None
2026-03-11 11:51:18,867 - INFO - 多进程评估开始，共有 6 个方法待评估...
2026-03-11 11:51:18,867 - INFO - 启动进程池，Worker数量: 6
2026-03-11 11:51:45,292 - INFO - [Process 26263] 开始评估方法: random, 种子数: 200
2026-03-11 11:52:08,411 - INFO - [Process 26264] 开始评估方法: degreeTopM, 种子数: 200
2026-03-11 11:52:21,005 - INFO - [random - 种子:200] 拉新:55.2人 | 总销量:55.4单 | 品牌曝光:593.4次 | 🌟综合得分:114.6
2026-03-11 11:52:33,916 - INFO - [Process 26265] 开始评估方法: pageRank, 种子数: 200
2026-03-11 11:52:34,276 - INFO - [degreeTopM - 种子:200] 拉新:29.5人 | 总销量:29.8单 | 品牌曝光:473.2次 | 🌟综合得分:77.0
2026-03-11 11:52:58,238 - INFO - [Process 26266] 开始评估方法: alpha_sort, 种子数: 200
2026-03-11 11:53:00,724 - INFO - [pageRank - 种子:200] 拉新:32.5人 | 总销量:32.7单 | 品牌曝光:488.2次 | 🌟综合得分:81.4
2026-03-11 11:53:21,064 - INFO - [Process 26267] 开始评估方法: ris_optimized, 种子数: 200
2026-03-11 11:53:23,699 - INFO - [alpha_sort - 种子:200] 拉新:106.4人 | 总销量:106.5单 | 品牌曝光:479.1次 | 🌟综合得分:154.4
2026-03-11 11:53:45,467 - INFO - [Process 26268] 开始评估方法: 1hop_sort, 种子数: 200
2026-03-11 11:53:54,737 - INFO - [ris_optimized - 种子:200] 拉新:95.3人 | 总销量:95.7单 | 品牌曝光:563.8次 | 🌟综合得分:151.9
2026-03-11 11:54:14,174 - INFO - [1hop_sort - 种子:200] 拉新:112.0人 | 总销量:115.4单 | 品牌曝光:508.2次 | 🌟综合得分:164.5
2026-03-11 11:54:14,770 - INFO - 所有进程执行完毕，开始写入数据...
2026-03-11 11:54:14,789 - INFO - 成功写入 6 条记录至 /root/work/coupon/coup_spread/gzc-impl/results/network.EmailEnron/2026-4-9/log_continuous_SSRNum-500000-_seedNum-200_simuTimes-500.csv
2026-03-11 11:54:14,790 - INFO - 保存评估文件至: /root/work/coupon/coup_spread/gzc-impl/results/network.EmailEnron/2026-4-9/log_continuous_SSRNum-500000-_seedNum-200_simuTimes-500.csv
2026-03-11 11:54:14,876 - INFO - 加载数据集: network.EmailEnron
2026-03-11 11:54:14,878 - INFO - --- 矩阵分析 ---
2026-03-11 11:54:14,879 - INFO - 节点数 (N): 33696
2026-03-11 11:54:14,879 - INFO - 边数 (E): 361622
2026-03-11 11:54:14,879 - INFO - 密度 (Density): 0.00031849 (越小越稀疏)
2026-03-11 11:54:14,879 - INFO - 稀疏度 (Sparsity): 0.99968151 (越接近1越稀疏)
2026-03-11 11:54:14,879 - INFO - 平均度数 (Avg Degree): 10.73
2026-03-11 11:54:14,882 - INFO - 首次生成度相关概率分布 分布类型: 'log_continuous'.
2026-03-11 11:54:14,882 - INFO - ===> Generating 'Log-Continuous' distributions for Real Graph...
2026-03-11 11:54:15,291 - INFO - 保存概率分布 文件位置: /root/work/coupon/coup_spread/network.EmailEnron/2026-4-9/distribution-in-network.EmailEnron/distribution-log_continuous_seedNum-212.pkl
2026-03-11 11:54:15,827 - INFO - 首次生成种子集 random
2026-03-11 11:54:15,828 - INFO - 执行当前算法开始: random
2026-03-11 11:54:15,828 - INFO - 数据集节点总数:  n = 33696, m = 212
2026-03-11 11:54:15,828 - INFO - 选择 212  [12116, 29336, 28982, 26793, 8946, 16094, 13551, 30777, 9250, 7355, 22502, 33103, 29203, 20898, 32431, 5595, 19208, 8186, 16613, 16978, 19863, 18819, 21176, 21872, 3160, 32474, 27595, 20415, 32522, 21496, 15356, 17663, 14567, 13134, 7958, 27319, 30923, 29613, 6430, 33495, 1552, 15970, 28602, 26576, 11145, 18290, 32929, 21729, 14604, 19558, 12640, 10186, 33537, 22419, 975, 21517, 16546, 7168, 10584, 9247, 15974, 32981, 1074, 20051, 29441, 22581, 17204, 28772, 13610, 16698, 27868, 23857, 14781, 10960, 14064, 13120, 17077, 1913, 6086, 25981, 7444, 23123, 19013, 4253, 22685, 26552, 21558, 7064, 8062, 16895, 6714, 15259, 10631, 18448, 25807, 8965, 22337, 19575, 1124, 18231, 24887, 14330, 4927, 21145, 8848, 26710, 5136, 14560, 24478, 17713, 4984, 14685, 1742, 16656, 25216, 5002, 6012, 31909, 8155, 1319, 10623, 13041, 18781, 3640, 23991, 10075, 14838, 23203, 20523, 4317, 22367, 19937, 17132, 21857, 33228, 605, 19910, 11048, 27909, 21687, 13467, 11455, 15827, 1638, 21496, 27942, 2557, 11609, 14490, 32253, 24295, 32154, 16393, 21894, 11407, 3174, 18504, 21510, 27550, 7850, 33234, 23645, 15310, 24450, 10552, 22275, 9135, 24433, 31912, 2018, 24148, 18349, 17207, 18162, 22356, 30231, 27183, 31126, 22221, 27700, 26960, 32701, 31701, 8570, 1844, 9508, 8606, 26226, 9818, 25631, 8692, 12229, 22806, 3202, 2886, 30493, 6727, 18863, 31671, 8857, 30448, 20071, 15836, 22916, 26156, 13561, 17664, 5039, 22871, 15373, 30140, 2564]

2026-03-11 11:54:15,828 - INFO - 当前用时 0.00 秒
2026-03-11 11:54:15,828 - INFO - 将种子集 写入位置: /root/work/coupon/coup_spread/network.EmailEnron/2026-4-9/seeds-with-network.EmailEnron/log_continuous_random_seedNum-212_SSRNum-500000.txt
2026-03-11 11:54:15,828 - INFO - 首次生成种子集 degreeTopM
2026-03-11 11:54:15,828 - INFO - 执行当前算法开始: degreeTopM
2026-03-11 11:54:15,829 - INFO - 依据: 选择连接数（度数）最多的节点。
2026-03-11 11:54:15,832 - INFO - 选择的 Top M 节点及其度数:
2026-03-11 11:54:15,832 - INFO - 
2026-03-11 11:54:15,832 - INFO - 当前用时 0.00 秒
2026-03-11 11:54:15,832 - INFO - 将种子集 写入位置: /root/work/coupon/coup_spread/network.EmailEnron/2026-4-9/seeds-with-network.EmailEnron/log_continuous_degreeTopM_seedNum-212_SSRNum-500000.txt
2026-03-11 11:54:15,833 - INFO - 首次生成种子集 pageRank
2026-03-11 11:54:15,833 - INFO - 执行当前算法开始: pageRank
2026-03-11 11:54:15,833 - INFO - --- Running: PageRank (on tranProMatrix) Top M ---
2026-03-11 11:54:25,506 - INFO - Selected PageRank seeds: [5024, 273, 140, 588, 458, 566, 1028, 1139, 370, 893, 195, 823, 5055, 5008, 136, 95, 286, 1768, 5016, 76, 543, 292, 647, 8330, 353, 416, 734, 851, 155, 5019, 478, 530, 343, 1824, 613, 516, 887, 443, 213, 2628, 127, 652, 444, 90, 4735, 4061, 520, 1672, 3309, 128, 308, 93, 80, 114, 106, 1806, 3235, 342, 1528, 1031, 915, 554, 1569, 2751, 878, 2716, 1819, 175, 1817, 225, 188, 232, 802, 939, 1588, 20652, 78, 5223, 1507, 82, 241, 3159, 56, 639, 72, 2213, 102, 9112, 1330, 184, 200, 1053, 1334, 1233, 1371, 147, 929, 274, 301, 1443, 134, 4744, 109, 2735, 314, 74, 2321, 383, 360, 1821, 7940, 31856, 9120, 2664, 2937, 1161, 1046, 1725, 1304, 5022, 423, 2346, 686, 1935, 4151, 107, 89, 151, 91, 1061, 2251, 920, 1202, 815, 581, 585, 8543, 659, 255, 448, 4396, 526, 481, 4150, 471, 88, 367, 403, 265, 16553, 215, 400, 3172, 1365, 6903, 2945, 2635, 528, 452, 925, 1095, 694, 299, 539, 20693, 316, 3213, 133, 233, 75, 592, 5006, 1927, 1793, 4869, 385, 3025, 480, 499, 2109, 442, 4616, 1076, 924, 910, 300, 723, 243, 378, 402, 2734, 8542, 716, 2015, 1050, 1137, 2771, 1, 454, 880, 1077, 146, 3842, 676, 1084, 473, 186, 700, 83, 575, 5039, 804]
2026-03-11 11:54:25,508 - INFO - 当前用时 9.68 秒
2026-03-11 11:54:25,508 - INFO - 将种子集 写入位置: /root/work/coupon/coup_spread/network.EmailEnron/2026-4-9/seeds-with-network.EmailEnron/log_continuous_pageRank_seedNum-212_SSRNum-500000.txt
2026-03-11 11:54:25,508 - INFO - 首次生成种子集 alpha_sort
2026-03-11 11:54:25,508 - INFO - 执行当前算法开始: alpha_sort
2026-03-11 11:54:25,524 - INFO - 33696 个节点的alpha值降序排序 done
2026-03-11 11:54:25,524 - INFO - ==============>> [(13753, np.float64(0.5332080956762449)), (14748, np.float64(0.5254036550550572)), (28684, np.float64(0.5190978585607858)), (21745, np.float64(0.5102168371675935)), (7797, np.float64(0.5078929629953124)), (32055, np.float64(0.5028002129668608)), (3546, np.float64(0.5026592802855497)), (27409, np.float64(0.49595726681622454)), (24789, np.float64(0.48537933302543845)), (2940, np.float64(0.48400063663744725))]
2026-03-11 11:54:25,524 - INFO - 
选择的种子集 (按alpha排序): [13753, 14748, 28684, 21745, 7797, 32055, 3546, 27409, 24789, 2940, 32465, 14788, 30952, 2832, 11252, 30417, 14818, 26001, 25433, 3454, 25340, 19452, 3870, 6315, 23589, 18906, 14773, 25343, 16895, 32354, 24361, 11124, 20463, 17637, 13512, 31017, 24426, 16199, 27636, 18149, 15612, 22911, 2172, 22756, 23841, 30981, 26293, 25249, 29819, 21136, 21667, 12790, 27512, 30062, 8909, 18151, 3953, 31788, 6261, 14501, 9701, 19468, 1727, 30852, 30107, 11039, 19149, 11579, 21622, 19958, 12219, 10761, 11717, 7814, 20003, 10613, 28321, 10768, 9245, 21736, 14651, 18360, 24129, 27039, 29604, 21481, 14923, 9504, 1146, 23892, 21724, 11029, 15763, 28688, 33199, 23350, 27471, 5874, 21713, 9694, 26397, 23707, 27332, 19034, 29142, 24237, 4911, 28230, 14408, 28103, 26317, 12824, 10612, 24939, 7402, 9906, 25031, 29061, 16845, 28097, 5604, 32588, 15869, 10114, 2247, 15733, 317, 1529, 28038, 21543, 27215, 21507, 18451, 25669, 34, 30523, 28001, 23473, 1530, 25310, 3978, 24145, 6744, 25700, 10574, 10757, 24213, 21333, 32261, 14536, 8314, 30950, 23262, 27808, 14474, 28503, 20585, 33307, 21067, 9023, 15723, 31560, 16324, 18108, 32657, 25158, 30148, 27658, 11744, 3316, 29806, 31381, 17087, 13306, 22787, 18927, 5213, 15730, 22502, 14103, 3274, 10794, 9001, 4541, 33086, 33462, 2217, 7100, 5852, 16994, 15641, 10681, 13840, 26610, 17407, 28178, 30507, 23451, 20438, 12665, 32090, 32054, 18737, 2504, 9102, 20810, 31849, 10609, 21017, 27192, 14604, 3908]

2026-03-11 11:54:25,525 - INFO - 当前用时 0.02 秒
2026-03-11 11:54:25,525 - INFO - 将种子集 写入位置: /root/work/coupon/coup_spread/network.EmailEnron/2026-4-9/seeds-with-network.EmailEnron/log_continuous_alpha_sort_seedNum-212_SSRNum-500000.txt
2026-03-11 11:54:25,525 - INFO - 首次生成种子集 ris_optimized
2026-03-11 11:54:25,526 - INFO - 执行当前算法开始: ris_optimized
2026-03-11 11:54:48,662 - INFO - 开始生成 500000 组多重RR-Set (万级节点极限内存优化版)...
2026-03-11 11:58:30,700 - INFO - 生成与倒排构建完毕。耗时: 222.04 秒。
2026-03-11 11:58:30,706 - INFO - 开始基于 Numpy 矩阵的高速贪心选择...
2026-03-11 11:58:50,621 - INFO - 高速选种完毕。耗时: 19.91 秒。估算范围: 237.32
2026-03-11 11:58:51,121 - INFO - 当前用时 265.60 秒
2026-03-11 11:58:51,122 - INFO - 将种子集 写入位置: /root/work/coupon/coup_spread/network.EmailEnron/2026-4-9/seeds-with-network.EmailEnron/log_continuous_ris_optimized_seedNum-212_SSRNum-500000.txt
2026-03-11 11:58:51,122 - INFO - 首次生成种子集 1hop_sort
2026-03-11 11:58:51,122 - INFO - 执行当前算法开始: 1hop_sort
2026-03-11 11:58:51,149 - INFO - 当前用时 0.03 秒
2026-03-11 11:58:51,149 - INFO - 将种子集 写入位置: /root/work/coupon/coup_spread/network.EmailEnron/2026-4-9/seeds-with-network.EmailEnron/log_continuous_1hop_sort_seedNum-212_SSRNum-500000.txt
2026-03-11 11:58:51,152 - INFO - 评估种子集: None
2026-03-11 11:58:51,152 - INFO - 多进程评估开始，共有 6 个方法待评估...
2026-03-11 11:58:51,153 - INFO - 启动进程池，Worker数量: 6
2026-03-11 11:59:18,264 - INFO - [Process 26841] 开始评估方法: random, 种子数: 212
2026-03-11 11:59:41,059 - INFO - [Process 26842] 开始评估方法: degreeTopM, 种子数: 212
2026-03-11 11:59:57,294 - INFO - [random - 种子:212] 拉新:62.4人 | 总销量:62.6单 | 品牌曝光:647.3次 | 🌟综合得分:127.2
2026-03-11 12:00:07,174 - INFO - [Process 26843] 开始评估方法: pageRank, 种子数: 212
2026-03-11 12:00:08,027 - INFO - [degreeTopM - 种子:212] 拉新:29.9人 | 总销量:30.2单 | 品牌曝光:496.1次 | 🌟综合得分:79.7
2026-03-11 12:00:31,655 - INFO - [Process 26844] 开始评估方法: alpha_sort, 种子数: 212
2026-03-11 12:00:35,717 - INFO - [pageRank - 种子:212] 拉新:32.7人 | 总销量:32.9单 | 品牌曝光:511.9次 | 🌟综合得分:84.0
2026-03-11 12:00:56,243 - INFO - [Process 26845] 开始评估方法: ris_optimized, 种子数: 212
2026-03-11 12:01:00,405 - INFO - [alpha_sort - 种子:212] 拉新:112.5人 | 总销量:112.9单 | 品牌曝光:501.1次 | 🌟综合得分:162.8
2026-03-11 12:01:19,259 - INFO - [Process 26846] 开始评估方法: 1hop_sort, 种子数: 212
2026-03-11 12:01:31,007 - INFO - [ris_optimized - 种子:212] 拉新:101.0人 | 总销量:101.3单 | 品牌曝光:601.0次 | 🌟综合得分:161.3
2026-03-11 12:01:47,643 - INFO - [1hop_sort - 种子:212] 拉新:118.2人 | 总销量:123.6单 | 品牌曝光:541.3次 | 🌟综合得分:175.0
2026-03-11 12:01:48,309 - INFO - 所有进程执行完毕，开始写入数据...
2026-03-11 12:01:48,323 - INFO - 成功写入 6 条记录至 /root/work/coupon/coup_spread/gzc-impl/results/network.EmailEnron/2026-4-9/log_continuous_SSRNum-500000-_seedNum-212_simuTimes-500.csv
2026-03-11 12:01:48,324 - INFO - 保存评估文件至: /root/work/coupon/coup_spread/gzc-impl/results/network.EmailEnron/2026-4-9/log_continuous_SSRNum-500000-_seedNum-212_simuTimes-500.csv
2026-03-11 12:01:48,411 - INFO - 加载数据集: network.EmailEnron
2026-03-11 12:01:48,414 - INFO - --- 矩阵分析 ---
2026-03-11 12:01:48,414 - INFO - 节点数 (N): 33696
2026-03-11 12:01:48,414 - INFO - 边数 (E): 361622
2026-03-11 12:01:48,414 - INFO - 密度 (Density): 0.00031849 (越小越稀疏)
2026-03-11 12:01:48,414 - INFO - 稀疏度 (Sparsity): 0.99968151 (越接近1越稀疏)
2026-03-11 12:01:48,414 - INFO - 平均度数 (Avg Degree): 10.73
2026-03-11 12:01:48,417 - INFO - 首次生成度相关概率分布 分布类型: 'log_continuous'.
2026-03-11 12:01:48,417 - INFO - ===> Generating 'Log-Continuous' distributions for Real Graph...
2026-03-11 12:01:48,821 - INFO - 保存概率分布 文件位置: /root/work/coupon/coup_spread/network.EmailEnron/2026-4-9/distribution-in-network.EmailEnron/distribution-log_continuous_seedNum-224.pkl
2026-03-11 12:01:49,445 - INFO - 首次生成种子集 random
2026-03-11 12:01:49,446 - INFO - 执行当前算法开始: random
2026-03-11 12:01:49,446 - INFO - 数据集节点总数:  n = 33696, m = 224
2026-03-11 12:01:49,446 - INFO - 选择 224  [19270, 18563, 5226, 3696, 3847, 843, 4469, 18007, 15986, 23433, 18690, 23632, 29607, 19843, 28308, 25288, 23341, 26145, 19407, 4852, 12063, 18421, 4725, 11392, 3055, 29886, 8132, 4895, 27629, 28089, 15254, 1320, 7698, 16273, 17233, 24295, 21507, 532, 12188, 18748, 3993, 2234, 148, 24665, 12331, 22978, 32121, 4319, 5679, 8512, 18435, 25938, 32046, 17758, 25313, 29824, 10272, 3868, 20425, 837, 12296, 21280, 21533, 12881, 29059, 10476, 31076, 15977, 12547, 1253, 31212, 12989, 25643, 27159, 30141, 2099, 5366, 13061, 2504, 679, 25019, 27100, 2919, 11216, 2257, 5620, 12512, 31962, 21832, 1534, 24510, 10003, 24444, 2680, 22394, 5985, 28271, 1148, 9330, 11785, 27761, 7859, 15009, 25938, 502, 14477, 10074, 4680, 14967, 28316, 12104, 23910, 1422, 14713, 16214, 4248, 7335, 31025, 5758, 16758, 33557, 18533, 13349, 13891, 24977, 16538, 21627, 30916, 6088, 6726, 19392, 14083, 24791, 30813, 30880, 14818, 13271, 10263, 10502, 18007, 1890, 20684, 10688, 23790, 16917, 25191, 30621, 23568, 29089, 17563, 7455, 19711, 4422, 15363, 15343, 26244, 29526, 22207, 33387, 15698, 27780, 26928, 5370, 16587, 14245, 21054, 3289, 15017, 32942, 5834, 30852, 29668, 21373, 14544, 5586, 3160, 21970, 28996, 15612, 25449, 27313, 31608, 8525, 785, 8739, 28573, 23781, 28315, 6269, 26888, 20503, 33468, 19311, 18861, 15372, 27955, 23097, 25973, 16538, 9074, 27514, 33661, 4328, 25125, 28160, 12910, 1764, 19134, 25685, 23236, 12461, 26487, 2055, 25945, 9890, 2456, 5863, 10092, 5734, 22596, 1029, 6436, 15797, 5121]

2026-03-11 12:01:49,446 - INFO - 当前用时 0.00 秒
2026-03-11 12:01:49,447 - INFO - 将种子集 写入位置: /root/work/coupon/coup_spread/network.EmailEnron/2026-4-9/seeds-with-network.EmailEnron/log_continuous_random_seedNum-224_SSRNum-500000.txt
2026-03-11 12:01:49,447 - INFO - 首次生成种子集 degreeTopM
2026-03-11 12:01:49,447 - INFO - 执行当前算法开始: degreeTopM
2026-03-11 12:01:49,447 - INFO - 依据: 选择连接数（度数）最多的节点。
2026-03-11 12:01:49,450 - INFO - 选择的 Top M 节点及其度数:
2026-03-11 12:01:49,450 - INFO - 
2026-03-11 12:01:49,451 - INFO - 当前用时 0.00 秒
2026-03-11 12:01:49,451 - INFO - 将种子集 写入位置: /root/work/coupon/coup_spread/network.EmailEnron/2026-4-9/seeds-with-network.EmailEnron/log_continuous_degreeTopM_seedNum-224_SSRNum-500000.txt
2026-03-11 12:01:49,451 - INFO - 首次生成种子集 pageRank
2026-03-11 12:01:49,451 - INFO - 执行当前算法开始: pageRank
2026-03-11 12:01:49,452 - INFO - --- Running: PageRank (on tranProMatrix) Top M ---
2026-03-11 12:01:58,600 - INFO - Selected PageRank seeds: [5024, 273, 140, 588, 458, 566, 1028, 1139, 370, 893, 195, 823, 5055, 5008, 136, 95, 286, 1768, 5016, 76, 543, 292, 647, 8330, 353, 416, 734, 851, 155, 5019, 478, 530, 343, 1824, 613, 516, 887, 443, 213, 2628, 127, 652, 444, 90, 4735, 4061, 520, 1672, 3309, 128, 308, 93, 80, 114, 106, 1806, 3235, 342, 1528, 1031, 915, 554, 1569, 2751, 878, 2716, 1819, 175, 1817, 225, 188, 232, 802, 939, 1588, 20652, 78, 5223, 1507, 82, 241, 3159, 56, 639, 72, 2213, 102, 9112, 1330, 184, 200, 1053, 1334, 1233, 1371, 147, 929, 274, 301, 1443, 134, 4744, 109, 2735, 314, 74, 2321, 383, 360, 1821, 7940, 31856, 9120, 2664, 2937, 1161, 1046, 1725, 1304, 5022, 423, 2346, 686, 1935, 4151, 107, 89, 151, 91, 1061, 2251, 920, 1202, 815, 581, 585, 8543, 659, 255, 448, 4396, 526, 481, 4150, 471, 88, 367, 403, 265, 16553, 215, 400, 3172, 1365, 6903, 2945, 2635, 528, 452, 925, 1095, 694, 299, 539, 20693, 316, 3213, 133, 233, 75, 592, 5006, 1927, 1793, 4869, 385, 3025, 480, 499, 2109, 442, 4616, 1076, 924, 910, 300, 723, 243, 378, 402, 2734, 8542, 716, 2015, 1050, 1137, 2771, 1, 454, 880, 1077, 146, 3842, 676, 1084, 473, 186, 700, 83, 575, 5039, 804, 948, 192, 470, 1213, 551, 780, 1899, 525, 277, 672, 116, 678]
2026-03-11 12:01:58,601 - INFO - 当前用时 9.15 秒
2026-03-11 12:01:58,602 - INFO - 将种子集 写入位置: /root/work/coupon/coup_spread/network.EmailEnron/2026-4-9/seeds-with-network.EmailEnron/log_continuous_pageRank_seedNum-224_SSRNum-500000.txt
2026-03-11 12:01:58,602 - INFO - 首次生成种子集 alpha_sort
2026-03-11 12:01:58,602 - INFO - 执行当前算法开始: alpha_sort
2026-03-11 12:01:58,617 - INFO - 33696 个节点的alpha值降序排序 done
2026-03-11 12:01:58,617 - INFO - ==============>> [(21058, np.float64(0.5580834171652206)), (11845, np.float64(0.5548535145580249)), (25357, np.float64(0.5489256356077833)), (30489, np.float64(0.525886779961902)), (28858, np.float64(0.5242801564335655)), (16596, np.float64(0.5198979384437105)), (2127, np.float64(0.5193825233578145)), (29120, np.float64(0.5191569338669466)), (20807, np.float64(0.5044961374813703)), (9756, np.float64(0.4998686157080145))]
2026-03-11 12:01:58,618 - INFO - 
选择的种子集 (按alpha排序): [21058, 11845, 25357, 30489, 28858, 16596, 2127, 29120, 20807, 9756, 6408, 16256, 10791, 14692, 14994, 28708, 24353, 16474, 10101, 11700, 26615, 29461, 28158, 11681, 26270, 31448, 19299, 1699, 23461, 27270, 21706, 21374, 13888, 10645, 15723, 2283, 8562, 3848, 29296, 8828, 8471, 19584, 26358, 16776, 26051, 5267, 18226, 27145, 22691, 13152, 5964, 23095, 26909, 6949, 10018, 32859, 24150, 25965, 26064, 9687, 30040, 2900, 33416, 33393, 30546, 26243, 20296, 17970, 28896, 28415, 2737, 24034, 30479, 31218, 18875, 22802, 16826, 22810, 17722, 23844, 9689, 30176, 16559, 10986, 29828, 33459, 1963, 27826, 22496, 15018, 21616, 8281, 21630, 23760, 14072, 25817, 27359, 24971, 6233, 4714, 12468, 7493, 10134, 9359, 20481, 32568, 30011, 16947, 17644, 9789, 3491, 31378, 14782, 27663, 7039, 1973, 3875, 2306, 24138, 11862, 24997, 27733, 26611, 31947, 31825, 6059, 15689, 17732, 19587, 13901, 23823, 31060, 16074, 30349, 11946, 17786, 7247, 3346, 1687, 21084, 17517, 8323, 32356, 31340, 23796, 16454, 10251, 30705, 22380, 17655, 9695, 14866, 15037, 20406, 33557, 5147, 26294, 29947, 25698, 22546, 28059, 21944, 10237, 13984, 19570, 3910, 11461, 25579, 7009, 26888, 19595, 28662, 10550, 18879, 11478, 19533, 5828, 16209, 30732, 13367, 13066, 29965, 26624, 31237, 18492, 3600, 13282, 19698, 4264, 15235, 22768, 2916, 12648, 20188, 15761, 13749, 26777, 6947, 6061, 13321, 3960, 23634, 23284, 17658, 8274, 17915, 4641, 33675, 27022, 15555, 15706, 11473, 18521, 1015, 21700, 4713, 10557, 7460, 21660, 23119, 28361, 2009, 16992, 28845]

2026-03-11 12:01:58,619 - INFO - 当前用时 0.02 秒
2026-03-11 12:01:58,619 - INFO - 将种子集 写入位置: /root/work/coupon/coup_spread/network.EmailEnron/2026-4-9/seeds-with-network.EmailEnron/log_continuous_alpha_sort_seedNum-224_SSRNum-500000.txt
2026-03-11 12:01:58,619 - INFO - 首次生成种子集 ris_optimized
2026-03-11 12:01:58,619 - INFO - 执行当前算法开始: ris_optimized
2026-03-11 12:02:20,097 - INFO - 开始生成 500000 组多重RR-Set (万级节点极限内存优化版)...
2026-03-11 12:06:14,115 - INFO - 生成与倒排构建完毕。耗时: 234.02 秒。
2026-03-11 12:06:14,119 - INFO - 开始基于 Numpy 矩阵的高速贪心选择...
2026-03-11 12:06:35,203 - INFO - 高速选种完毕。耗时: 21.08 秒。估算范围: 247.38
2026-03-11 12:06:35,725 - INFO - 当前用时 277.11 秒
2026-03-11 12:06:35,726 - INFO - 将种子集 写入位置: /root/work/coupon/coup_spread/network.EmailEnron/2026-4-9/seeds-with-network.EmailEnron/log_continuous_ris_optimized_seedNum-224_SSRNum-500000.txt
2026-03-11 12:06:35,726 - INFO - 首次生成种子集 1hop_sort
2026-03-11 12:06:35,726 - INFO - 执行当前算法开始: 1hop_sort
2026-03-11 12:06:35,749 - INFO - 当前用时 0.02 秒
2026-03-11 12:06:35,749 - INFO - 将种子集 写入位置: /root/work/coupon/coup_spread/network.EmailEnron/2026-4-9/seeds-with-network.EmailEnron/log_continuous_1hop_sort_seedNum-224_SSRNum-500000.txt
2026-03-11 12:06:35,752 - INFO - 评估种子集: None
2026-03-11 12:06:35,752 - INFO - 多进程评估开始，共有 6 个方法待评估...
2026-03-11 12:06:35,752 - INFO - 启动进程池，Worker数量: 6
2026-03-11 12:07:01,930 - INFO - [Process 27463] 开始评估方法: random, 种子数: 224
2026-03-11 12:07:25,955 - INFO - [Process 27464] 开始评估方法: degreeTopM, 种子数: 224
2026-03-11 12:07:42,844 - INFO - [random - 种子:224] 拉新:65.1人 | 总销量:65.5单 | 品牌曝光:668.2次 | 🌟综合得分:132.1
2026-03-11 12:07:54,361 - INFO - [Process 27465] 开始评估方法: pageRank, 种子数: 224
2026-03-11 12:07:55,675 - INFO - [degreeTopM - 种子:224] 拉新:33.4人 | 总销量:33.6单 | 品牌曝光:528.0次 | 🌟综合得分:86.3
2026-03-11 12:08:16,823 - INFO - [Process 27466] 开始评估方法: alpha_sort, 种子数: 224
2026-03-11 12:08:24,200 - INFO - [pageRank - 种子:224] 拉新:35.5人 | 总销量:35.7单 | 品牌曝光:539.4次 | 🌟综合得分:89.5
2026-03-11 12:08:40,658 - INFO - [Process 27467] 开始评估方法: ris_optimized, 种子数: 224
2026-03-11 12:08:44,941 - INFO - [alpha_sort - 种子:224] 拉新:116.8人 | 总销量:117.3单 | 品牌曝光:530.3次 | 🌟综合得分:170.1
2026-03-11 12:09:03,480 - INFO - [Process 27468] 开始评估方法: 1hop_sort, 种子数: 224
2026-03-11 12:09:18,134 - INFO - [ris_optimized - 种子:224] 拉新:107.3人 | 总销量:107.7单 | 品牌曝光:630.1次 | 🌟综合得分:170.5
2026-03-11 12:09:35,231 - INFO - [1hop_sort - 种子:224] 拉新:120.9人 | 总销量:130.7单 | 品牌曝光:576.9次 | 🌟综合得分:183.5
2026-03-11 12:09:35,917 - INFO - 所有进程执行完毕，开始写入数据...
2026-03-11 12:09:35,929 - INFO - 成功写入 6 条记录至 /root/work/coupon/coup_spread/gzc-impl/results/network.EmailEnron/2026-4-9/log_continuous_SSRNum-500000-_seedNum-224_simuTimes-500.csv
2026-03-11 12:09:35,930 - INFO - 保存评估文件至: /root/work/coupon/coup_spread/gzc-impl/results/network.EmailEnron/2026-4-9/log_continuous_SSRNum-500000-_seedNum-224_simuTimes-500.csv
2026-03-11 12:09:36,018 - INFO - 加载数据集: network.EmailEnron
2026-03-11 12:09:36,021 - INFO - --- 矩阵分析 ---
2026-03-11 12:09:36,021 - INFO - 节点数 (N): 33696
2026-03-11 12:09:36,021 - INFO - 边数 (E): 361622
2026-03-11 12:09:36,021 - INFO - 密度 (Density): 0.00031849 (越小越稀疏)
2026-03-11 12:09:36,021 - INFO - 稀疏度 (Sparsity): 0.99968151 (越接近1越稀疏)
2026-03-11 12:09:36,021 - INFO - 平均度数 (Avg Degree): 10.73
2026-03-11 12:09:36,024 - INFO - 首次生成度相关概率分布 分布类型: 'log_continuous'.
2026-03-11 12:09:36,024 - INFO - ===> Generating 'Log-Continuous' distributions for Real Graph...
2026-03-11 12:09:36,435 - INFO - 保存概率分布 文件位置: /root/work/coupon/coup_spread/network.EmailEnron/2026-4-9/distribution-in-network.EmailEnron/distribution-log_continuous_seedNum-236.pkl
2026-03-11 12:09:36,967 - INFO - 首次生成种子集 random
2026-03-11 12:09:36,968 - INFO - 执行当前算法开始: random
2026-03-11 12:09:36,968 - INFO - 数据集节点总数:  n = 33696, m = 236
2026-03-11 12:09:36,968 - INFO - 选择 236  [8112, 20188, 32018, 27658, 21253, 14238, 20524, 16062, 11661, 15264, 13023, 20945, 31734, 16224, 9984, 28446, 12766, 17118, 3192, 28757, 8930, 23003, 5994, 4039, 24505, 7649, 9562, 20840, 25544, 32639, 24025, 3053, 29685, 13933, 22752, 30717, 1142, 27853, 27928, 23409, 9723, 22164, 6991, 22416, 2558, 33547, 30856, 2949, 4975, 31370, 15576, 31980, 28468, 24265, 19436, 24355, 11139, 30206, 14650, 23286, 27527, 10223, 6547, 8239, 3530, 20925, 21772, 30146, 11772, 12424, 27309, 30600, 25231, 11377, 18157, 28694, 10535, 24154, 23356, 9073, 13003, 10042, 23883, 18592, 31368, 23050, 13035, 27124, 21385, 13840, 11562, 31606, 26699, 7078, 18, 31656, 30554, 10283, 26123, 31884, 5379, 16236, 20194, 26177, 9403, 29041, 3010, 17111, 22394, 24069, 29944, 5096, 26114, 29688, 1923, 31928, 8768, 8595, 355, 15314, 28937, 8459, 9823, 1845, 24972, 33389, 31058, 27092, 31179, 8075, 1435, 5088, 21724, 18871, 29248, 15023, 7973, 6267, 12282, 24690, 26507, 17724, 23425, 24606, 27904, 24018, 9106, 11539, 14247, 23931, 15623, 22609, 28794, 6220, 22037, 6936, 7397, 14509, 30416, 5719, 19484, 7036, 30759, 20871, 29775, 5456, 19473, 24163, 22046, 10640, 27274, 18771, 12845, 27113, 24551, 2142, 30684, 19869, 9566, 15320, 12198, 3415, 30528, 4937, 8233, 3497, 9387, 23347, 7015, 29067, 32573, 13874, 24358, 15619, 17650, 9343, 1221, 9695, 8903, 12646, 5756, 4166, 17319, 33099, 12106, 20932, 23096, 24542, 20012, 27565, 32937, 19836, 5415, 10758, 23775, 10870, 20613, 30698, 29496, 7582, 69, 23654, 20435, 14321, 9608, 13257, 16919, 9402, 9463, 14674, 5637, 14554, 7903, 18645, 15708, 27807]

2026-03-11 12:09:36,968 - INFO - 当前用时 0.00 秒
2026-03-11 12:09:36,968 - INFO - 将种子集 写入位置: /root/work/coupon/coup_spread/network.EmailEnron/2026-4-9/seeds-with-network.EmailEnron/log_continuous_random_seedNum-236_SSRNum-500000.txt
2026-03-11 12:09:36,969 - INFO - 首次生成种子集 degreeTopM
2026-03-11 12:09:36,969 - INFO - 执行当前算法开始: degreeTopM
2026-03-11 12:09:36,969 - INFO - 依据: 选择连接数（度数）最多的节点。
2026-03-11 12:09:36,972 - INFO - 选择的 Top M 节点及其度数:
2026-03-11 12:09:36,972 - INFO - 
2026-03-11 12:09:36,972 - INFO - 当前用时 0.00 秒
2026-03-11 12:09:36,973 - INFO - 将种子集 写入位置: /root/work/coupon/coup_spread/network.EmailEnron/2026-4-9/seeds-with-network.EmailEnron/log_continuous_degreeTopM_seedNum-236_SSRNum-500000.txt
2026-03-11 12:09:36,973 - INFO - 首次生成种子集 pageRank
2026-03-11 12:09:36,973 - INFO - 执行当前算法开始: pageRank
2026-03-11 12:09:36,973 - INFO - --- Running: PageRank (on tranProMatrix) Top M ---
2026-03-11 12:09:46,171 - INFO - Selected PageRank seeds: [5024, 273, 140, 588, 458, 566, 1028, 1139, 370, 893, 195, 823, 5055, 5008, 136, 95, 286, 1768, 5016, 76, 543, 292, 647, 8330, 353, 416, 734, 851, 155, 5019, 478, 530, 343, 1824, 613, 516, 887, 443, 213, 2628, 127, 652, 444, 90, 4735, 4061, 520, 1672, 3309, 128, 308, 93, 80, 114, 106, 1806, 3235, 342, 1528, 1031, 915, 554, 1569, 2751, 878, 2716, 1819, 175, 1817, 225, 188, 232, 802, 939, 1588, 20652, 78, 5223, 1507, 82, 241, 3159, 56, 639, 72, 2213, 102, 9112, 1330, 184, 200, 1053, 1334, 1233, 1371, 147, 929, 274, 301, 1443, 134, 4744, 109, 2735, 314, 74, 2321, 383, 360, 1821, 7940, 31856, 9120, 2664, 2937, 1161, 1046, 1725, 1304, 5022, 423, 2346, 686, 1935, 4151, 107, 89, 151, 91, 1061, 2251, 920, 1202, 815, 581, 585, 8543, 659, 255, 448, 4396, 526, 481, 4150, 471, 88, 367, 403, 265, 16553, 215, 400, 3172, 1365, 6903, 2945, 2635, 528, 452, 925, 1095, 694, 299, 539, 20693, 316, 3213, 133, 233, 75, 592, 5006, 1927, 1793, 4869, 385, 3025, 480, 499, 2109, 442, 4616, 1076, 924, 910, 300, 723, 243, 378, 402, 2734, 8542, 716, 2015, 1050, 1137, 2771, 1, 454, 880, 1077, 146, 3842, 676, 1084, 473, 186, 700, 83, 575, 5039, 804, 948, 192, 470, 1213, 551, 780, 1899, 525, 277, 672, 116, 678, 487, 240, 1138, 355, 172, 3352, 1478, 596, 2599, 490, 9118, 4865]
2026-03-11 12:09:46,172 - INFO - 当前用时 9.20 秒
2026-03-11 12:09:46,172 - INFO - 将种子集 写入位置: /root/work/coupon/coup_spread/network.EmailEnron/2026-4-9/seeds-with-network.EmailEnron/log_continuous_pageRank_seedNum-236_SSRNum-500000.txt
2026-03-11 12:09:46,173 - INFO - 首次生成种子集 alpha_sort
2026-03-11 12:09:46,173 - INFO - 执行当前算法开始: alpha_sort
2026-03-11 12:09:46,188 - INFO - 33696 个节点的alpha值降序排序 done
2026-03-11 12:09:46,188 - INFO - ==============>> [(19282, np.float64(0.6263473584191918)), (26309, np.float64(0.5308210991136008)), (28005, np.float64(0.5276420926821705)), (5459, np.float64(0.5243884689352211)), (13770, np.float64(0.519048792617802)), (8869, np.float64(0.5000993154834457)), (24666, np.float64(0.49836355925788833)), (11526, np.float64(0.4973153233015801)), (1525, np.float64(0.4961904463353924)), (9984, np.float64(0.49207201746807566))]
2026-03-11 12:09:46,188 - INFO - 
选择的种子集 (按alpha排序): [19282, 26309, 28005, 5459, 13770, 8869, 24666, 11526, 1525, 9984, 33067, 26262, 20953, 27503, 32493, 503, 2523, 31840, 27397, 31652, 26315, 33443, 31430, 26971, 25797, 19981, 30651, 16121, 26385, 24644, 13523, 25008, 16257, 23536, 9815, 33383, 5042, 1177, 20287, 15128, 17943, 32208, 30767, 26846, 25066, 11728, 14950, 16892, 16953, 19274, 22944, 29996, 26394, 1374, 11892, 26711, 21300, 10834, 11444, 21233, 2468, 23449, 739, 13117, 16045, 33264, 9846, 28521, 23085, 14067, 31793, 24048, 16764, 17178, 17831, 30829, 10263, 21029, 31782, 5514, 2341, 3934, 15704, 32643, 33369, 2541, 24881, 30261, 7390, 33024, 13771, 14580, 30207, 21, 9049, 10313, 3818, 15914, 20666, 28487, 14697, 14239, 30517, 29717, 24305, 6572, 25030, 31498, 27697, 23648, 28061, 25239, 7688, 31890, 30994, 21852, 15082, 24428, 27855, 24575, 28101, 30148, 19687, 23030, 28671, 31175, 23946, 8799, 17141, 17900, 25830, 8102, 15839, 12532, 17883, 20362, 27006, 2847, 17132, 27756, 18238, 6390, 2137, 27595, 14334, 20449, 30932, 18967, 19371, 22191, 6352, 30285, 28336, 30342, 21133, 5083, 20738, 14846, 16901, 23498, 334, 33685, 3504, 24511, 29926, 16621, 28225, 7574, 17236, 21653, 22264, 2827, 2152, 6407, 15799, 24296, 22065, 31532, 17429, 16259, 7182, 18461, 8066, 10399, 7612, 21741, 27212, 20667, 7432, 18061, 27556, 14207, 26828, 20453, 17334, 24713, 17652, 16993, 23974, 30369, 28548, 15193, 28617, 16159, 29596, 27367, 23950, 15515, 32195, 30824, 33609, 19714, 2072, 22037, 29889, 11886, 7724, 9503, 29081, 15002, 15127, 10710, 21290, 7691, 9309, 17912, 20181, 25259, 22383, 29755, 8204, 18449, 10523, 25927, 8755, 6089]

2026-03-11 12:09:46,189 - INFO - 当前用时 0.02 秒
2026-03-11 12:09:46,189 - INFO - 将种子集 写入位置: /root/work/coupon/coup_spread/network.EmailEnron/2026-4-9/seeds-with-network.EmailEnron/log_continuous_alpha_sort_seedNum-236_SSRNum-500000.txt
2026-03-11 12:09:46,189 - INFO - 首次生成种子集 ris_optimized
2026-03-11 12:09:46,189 - INFO - 执行当前算法开始: ris_optimized
2026-03-11 12:10:08,438 - INFO - 开始生成 500000 组多重RR-Set (万级节点极限内存优化版)...
2026-03-11 12:14:08,583 - INFO - 生成与倒排构建完毕。耗时: 240.14 秒。
2026-03-11 12:14:08,588 - INFO - 开始基于 Numpy 矩阵的高速贪心选择...
2026-03-11 12:14:31,584 - INFO - 高速选种完毕。耗时: 23.00 秒。估算范围: 264.76
2026-03-11 12:14:32,150 - INFO - 当前用时 285.96 秒
2026-03-11 12:14:32,151 - INFO - 将种子集 写入位置: /root/work/coupon/coup_spread/network.EmailEnron/2026-4-9/seeds-with-network.EmailEnron/log_continuous_ris_optimized_seedNum-236_SSRNum-500000.txt
2026-03-11 12:14:32,152 - INFO - 首次生成种子集 1hop_sort
2026-03-11 12:14:32,152 - INFO - 执行当前算法开始: 1hop_sort
2026-03-11 12:14:32,179 - INFO - 当前用时 0.03 秒
2026-03-11 12:14:32,179 - INFO - 将种子集 写入位置: /root/work/coupon/coup_spread/network.EmailEnron/2026-4-9/seeds-with-network.EmailEnron/log_continuous_1hop_sort_seedNum-236_SSRNum-500000.txt
2026-03-11 12:14:32,182 - INFO - 评估种子集: None
2026-03-11 12:14:32,182 - INFO - 多进程评估开始，共有 6 个方法待评估...
2026-03-11 12:14:32,182 - INFO - 启动进程池，Worker数量: 6
2026-03-11 12:14:58,555 - INFO - [Process 28181] 开始评估方法: random, 种子数: 236
2026-03-11 12:15:21,309 - INFO - [Process 28182] 开始评估方法: degreeTopM, 种子数: 236
2026-03-11 12:15:43,253 - INFO - [random - 种子:236] 拉新:69.9人 | 总销量:70.1单 | 品牌曝光:705.4次 | 🌟综合得分:140.5
2026-03-11 12:15:48,761 - INFO - [Process 28183] 开始评估方法: pageRank, 种子数: 236
2026-03-11 12:15:52,179 - INFO - [degreeTopM - 种子:236] 拉新:34.4人 | 总销量:34.8单 | 品牌曝光:550.2次 | 🌟综合得分:89.6
2026-03-11 12:16:13,061 - INFO - [Process 28184] 开始评估方法: alpha_sort, 种子数: 236
2026-03-11 12:16:20,425 - INFO - [pageRank - 种子:236] 拉新:37.5人 | 总销量:37.8单 | 品牌曝光:558.7次 | 🌟综合得分:93.5
2026-03-11 12:16:36,043 - INFO - [Process 28185] 开始评估方法: ris_optimized, 种子数: 236
2026-03-11 12:16:42,043 - INFO - [alpha_sort - 种子:236] 拉新:124.2人 | 总销量:124.6单 | 品牌曝光:549.1次 | 🌟综合得分:179.3
2026-03-11 12:16:59,938 - INFO - [Process 28186] 开始评估方法: 1hop_sort, 种子数: 236
2026-03-11 12:17:14,730 - INFO - [ris_optimized - 种子:236] 拉新:116.7人 | 总销量:117.4单 | 品牌曝光:657.4次 | 🌟综合得分:182.8
2026-03-11 12:17:32,386 - INFO - [1hop_sort - 种子:236] 拉新:132.0人 | 总销量:136.7单 | 品牌曝光:588.7次 | 🌟综合得分:193.2
2026-03-11 12:17:32,947 - INFO - 所有进程执行完毕，开始写入数据...
2026-03-11 12:17:32,960 - INFO - 成功写入 6 条记录至 /root/work/coupon/coup_spread/gzc-impl/results/network.EmailEnron/2026-4-9/log_continuous_SSRNum-500000-_seedNum-236_simuTimes-500.csv
2026-03-11 12:17:32,961 - INFO - 保存评估文件至: /root/work/coupon/coup_spread/gzc-impl/results/network.EmailEnron/2026-4-9/log_continuous_SSRNum-500000-_seedNum-236_simuTimes-500.csv
2026-03-11 12:17:33,045 - INFO - 加载数据集: network.EmailEnron
2026-03-11 12:17:33,048 - INFO - --- 矩阵分析 ---
2026-03-11 12:17:33,048 - INFO - 节点数 (N): 33696
2026-03-11 12:17:33,048 - INFO - 边数 (E): 361622
2026-03-11 12:17:33,048 - INFO - 密度 (Density): 0.00031849 (越小越稀疏)
2026-03-11 12:17:33,048 - INFO - 稀疏度 (Sparsity): 0.99968151 (越接近1越稀疏)
2026-03-11 12:17:33,049 - INFO - 平均度数 (Avg Degree): 10.73
2026-03-11 12:17:33,051 - INFO - 首次生成度相关概率分布 分布类型: 'log_continuous'.
2026-03-11 12:17:33,051 - INFO - ===> Generating 'Log-Continuous' distributions for Real Graph...
2026-03-11 12:17:33,459 - INFO - 保存概率分布 文件位置: /root/work/coupon/coup_spread/network.EmailEnron/2026-4-9/distribution-in-network.EmailEnron/distribution-log_continuous_seedNum-248.pkl
2026-03-11 12:17:33,903 - INFO - 首次生成种子集 random
2026-03-11 12:17:33,903 - INFO - 执行当前算法开始: random
2026-03-11 12:17:33,903 - INFO - 数据集节点总数:  n = 33696, m = 248
2026-03-11 12:17:33,903 - INFO - 选择 248  [16339, 12658, 28540, 14857, 21550, 10498, 17694, 32162, 19925, 19199, 1139, 1060, 6156, 11307, 2852, 24077, 27887, 9929, 30976, 5603, 1548, 3138, 30611, 3446, 10838, 17595, 21251, 6406, 1767, 7346, 31705, 32909, 30242, 29077, 25742, 28663, 21127, 19654, 22830, 31804, 16194, 19701, 8504, 16698, 22565, 3035, 11687, 24781, 15850, 25580, 20417, 19077, 17270, 27282, 3012, 2211, 16160, 6190, 12910, 22093, 7426, 2110, 20201, 5535, 25693, 19341, 30657, 29650, 4680, 10271, 10402, 11415, 3506, 31582, 23447, 17623, 8368, 20534, 26966, 28285, 12282, 183, 24512, 2930, 1878, 24473, 28541, 30303, 23146, 25576, 5477, 31639, 7251, 2495, 26552, 19081, 25997, 17613, 26437, 21173, 32826, 16531, 791, 3458, 22565, 28053, 7210, 24633, 32300, 6373, 22064, 22937, 2969, 20088, 25233, 26102, 25463, 27316, 13915, 20323, 25377, 33293, 4896, 4245, 18547, 4627, 4880, 5186, 6337, 21551, 3122, 20064, 12401, 30870, 12601, 14896, 21718, 15226, 18632, 19088, 12410, 8048, 17364, 5230, 11057, 32272, 3794, 23218, 8218, 19308, 30918, 19065, 12576, 7480, 29295, 8879, 24075, 5993, 7584, 11340, 3110, 25033, 7549, 2946, 29431, 2327, 6149, 2750, 33096, 7398, 27886, 17310, 33363, 7688, 9511, 7960, 23873, 11914, 10606, 7514, 13949, 16768, 27945, 31416, 33625, 20916, 5190, 13523, 13524, 8129, 17020, 28985, 14764, 15163, 19925, 16041, 30897, 21873, 10566, 32689, 16810, 6722, 31707, 24524, 24510, 3492, 1708, 25891, 736, 18586, 3715, 32686, 10983, 8043, 24121, 11498, 9745, 23, 28250, 24372, 12525, 20554, 26029, 17545, 12802, 15146, 11215, 5028, 10884, 21883, 11842, 25492, 26961, 20352, 9827, 13130, 15392, 6889, 24725, 29575, 29650, 29939, 23268, 31155, 23039, 27649, 1899, 16671]

2026-03-11 12:17:33,904 - INFO - 当前用时 0.00 秒
2026-03-11 12:17:33,904 - INFO - 将种子集 写入位置: /root/work/coupon/coup_spread/network.EmailEnron/2026-4-9/seeds-with-network.EmailEnron/log_continuous_random_seedNum-248_SSRNum-500000.txt
2026-03-11 12:17:33,904 - INFO - 首次生成种子集 degreeTopM
2026-03-11 12:17:33,904 - INFO - 执行当前算法开始: degreeTopM
2026-03-11 12:17:33,904 - INFO - 依据: 选择连接数（度数）最多的节点。
2026-03-11 12:17:33,907 - INFO - 选择的 Top M 节点及其度数:
2026-03-11 12:17:33,907 - INFO - 
2026-03-11 12:17:33,907 - INFO - 当前用时 0.00 秒
2026-03-11 12:17:33,908 - INFO - 将种子集 写入位置: /root/work/coupon/coup_spread/network.EmailEnron/2026-4-9/seeds-with-network.EmailEnron/log_continuous_degreeTopM_seedNum-248_SSRNum-500000.txt
2026-03-11 12:17:33,908 - INFO - 首次生成种子集 pageRank
2026-03-11 12:17:33,908 - INFO - 执行当前算法开始: pageRank
2026-03-11 12:17:33,908 - INFO - --- Running: PageRank (on tranProMatrix) Top M ---
2026-03-11 12:17:42,956 - INFO - Selected PageRank seeds: [5024, 273, 140, 588, 458, 566, 1028, 1139, 370, 893, 195, 823, 5055, 5008, 136, 95, 286, 1768, 5016, 76, 543, 292, 647, 8330, 353, 416, 734, 851, 155, 5019, 478, 530, 343, 1824, 613, 516, 887, 443, 213, 2628, 127, 652, 444, 90, 4735, 4061, 520, 1672, 3309, 128, 308, 93, 80, 114, 106, 1806, 3235, 342, 1528, 1031, 915, 554, 1569, 2751, 878, 2716, 1819, 175, 1817, 225, 188, 232, 802, 939, 1588, 20652, 78, 5223, 1507, 82, 241, 3159, 56, 639, 72, 2213, 102, 9112, 1330, 184, 200, 1053, 1334, 1233, 1371, 147, 929, 274, 301, 1443, 134, 4744, 109, 2735, 314, 74, 2321, 383, 360, 1821, 7940, 31856, 9120, 2664, 2937, 1161, 1046, 1725, 1304, 5022, 423, 2346, 686, 1935, 4151, 107, 89, 151, 91, 1061, 2251, 920, 1202, 815, 581, 585, 8543, 659, 255, 448, 4396, 526, 481, 4150, 471, 88, 367, 403, 265, 16553, 215, 400, 3172, 1365, 6903, 2945, 2635, 528, 452, 925, 1095, 694, 299, 539, 20693, 316, 3213, 133, 233, 75, 592, 5006, 1927, 1793, 4869, 385, 3025, 480, 499, 2109, 442, 4616, 1076, 924, 910, 300, 723, 243, 378, 402, 2734, 8542, 716, 2015, 1050, 1137, 2771, 1, 454, 880, 1077, 146, 3842, 676, 1084, 473, 186, 700, 83, 575, 5039, 804, 948, 192, 470, 1213, 551, 780, 1899, 525, 277, 672, 116, 678, 487, 240, 1138, 355, 172, 3352, 1478, 596, 2599, 490, 9118, 4865, 913, 326, 621, 549, 449, 26083, 593, 4726, 404, 1470, 1559, 336]
2026-03-11 12:17:42,958 - INFO - 当前用时 9.05 秒
2026-03-11 12:17:42,958 - INFO - 将种子集 写入位置: /root/work/coupon/coup_spread/network.EmailEnron/2026-4-9/seeds-with-network.EmailEnron/log_continuous_pageRank_seedNum-248_SSRNum-500000.txt
2026-03-11 12:17:42,959 - INFO - 首次生成种子集 alpha_sort
2026-03-11 12:17:42,959 - INFO - 执行当前算法开始: alpha_sort
2026-03-11 12:17:42,974 - INFO - 33696 个节点的alpha值降序排序 done
2026-03-11 12:17:42,974 - INFO - ==============>> [(1260, np.float64(0.5715264261022367)), (19633, np.float64(0.5595302848482987)), (15817, np.float64(0.5551088193701167)), (19396, np.float64(0.5248708080953574)), (21320, np.float64(0.5124556726498265)), (29429, np.float64(0.5098225993962465)), (6402, np.float64(0.5073383325601764)), (21895, np.float64(0.5022181522706402)), (12206, np.float64(0.498549882513632)), (16735, np.float64(0.4980854397409299))]
2026-03-11 12:17:42,974 - INFO - 
选择的种子集 (按alpha排序): [1260, 19633, 15817, 19396, 21320, 29429, 6402, 21895, 12206, 16735, 24868, 26701, 19823, 24130, 27229, 28274, 12811, 32771, 18530, 18473, 25578, 10837, 5944, 33157, 10842, 21809, 26815, 18106, 32531, 15752, 14033, 30530, 12123, 19784, 33618, 15374, 12793, 19439, 18479, 33251, 31864, 11336, 9222, 14380, 5596, 6075, 19057, 30094, 7027, 807, 21106, 19799, 20336, 9912, 13615, 10791, 24365, 25280, 29779, 30792, 29828, 19086, 30138, 11121, 10319, 28055, 23094, 26564, 23903, 33253, 6995, 10090, 8061, 32007, 27765, 32593, 25341, 11186, 13480, 20383, 30647, 10298, 26129, 15250, 24492, 5300, 19391, 6624, 19027, 29025, 27528, 16906, 18407, 25289, 6208, 29727, 29433, 20374, 30864, 17816, 16723, 24530, 13797, 33272, 22671, 28198, 12596, 327, 8499, 21348, 30767, 33365, 18325, 31691, 28627, 33468, 2323, 28652, 21060, 16355, 11560, 7540, 1850, 17556, 30613, 18826, 22545, 18870, 9065, 13872, 25312, 31257, 12035, 10046, 23343, 9467, 27724, 12922, 19153, 15124, 24989, 11807, 15654, 23644, 26686, 3093, 22999, 20391, 6770, 29665, 17731, 11652, 23328, 24342, 12528, 14682, 17698, 20630, 14739, 6080, 30948, 27697, 28614, 5139, 18166, 5466, 27875, 2403, 22471, 21953, 8829, 14145, 5123, 9848, 31982, 23381, 16495, 22465, 23003, 32098, 26079, 10861, 31521, 14538, 26347, 17486, 1022, 10541, 18829, 27629, 11411, 21426, 12658, 8121, 27510, 14880, 5628, 24258, 33067, 19427, 22009, 1700, 25912, 17024, 27647, 3047, 19044, 10862, 9427, 634, 12570, 15248, 26866, 4558, 6629, 2875, 22777, 26739, 26110, 15770, 17749, 15232, 5730, 21407, 1600, 18590, 20925, 1277, 14830, 13113, 11831, 24149, 14233, 6329, 16993, 18271, 11407, 10299, 24870, 18159, 26116, 15661, 29692, 13545, 26602, 16909, 21419, 24448]

2026-03-11 12:17:42,975 - INFO - 当前用时 0.02 秒
2026-03-11 12:17:42,976 - INFO - 将种子集 写入位置: /root/work/coupon/coup_spread/network.EmailEnron/2026-4-9/seeds-with-network.EmailEnron/log_continuous_alpha_sort_seedNum-248_SSRNum-500000.txt
2026-03-11 12:17:42,976 - INFO - 首次生成种子集 ris_optimized
2026-03-11 12:17:42,976 - INFO - 执行当前算法开始: ris_optimized
2026-03-11 12:18:06,550 - INFO - 开始生成 500000 组多重RR-Set (万级节点极限内存优化版)...
2026-03-11 12:22:50,780 - INFO - 生成与倒排构建完毕。耗时: 284.23 秒。
2026-03-11 12:22:50,786 - INFO - 开始基于 Numpy 矩阵的高速贪心选择...
2026-03-11 12:23:18,634 - INFO - 高速选种完毕。耗时: 27.85 秒。估算范围: 271.63
2026-03-11 12:23:19,253 - INFO - 当前用时 336.28 秒
2026-03-11 12:23:19,254 - INFO - 将种子集 写入位置: /root/work/coupon/coup_spread/network.EmailEnron/2026-4-9/seeds-with-network.EmailEnron/log_continuous_ris_optimized_seedNum-248_SSRNum-500000.txt
2026-03-11 12:23:19,254 - INFO - 首次生成种子集 1hop_sort
2026-03-11 12:23:19,254 - INFO - 执行当前算法开始: 1hop_sort
2026-03-11 12:23:19,286 - INFO - 当前用时 0.03 秒
2026-03-11 12:23:19,286 - INFO - 将种子集 写入位置: /root/work/coupon/coup_spread/network.EmailEnron/2026-4-9/seeds-with-network.EmailEnron/log_continuous_1hop_sort_seedNum-248_SSRNum-500000.txt
2026-03-11 12:23:19,289 - INFO - 评估种子集: None
2026-03-11 12:23:19,289 - INFO - 多进程评估开始，共有 6 个方法待评估...
2026-03-11 12:23:19,289 - INFO - 启动进程池，Worker数量: 6
2026-03-11 12:23:46,352 - INFO - [Process 29313] 开始评估方法: random, 种子数: 248
2026-03-11 12:24:15,022 - INFO - [Process 29314] 开始评估方法: degreeTopM, 种子数: 248
2026-03-11 12:24:36,773 - INFO - [random - 种子:248] 拉新:70.3人 | 总销量:70.5单 | 品牌曝光:740.2次 | 🌟综合得分:144.4
2026-03-11 12:24:43,579 - INFO - [Process 29315] 开始评估方法: pageRank, 种子数: 248
2026-03-11 12:24:52,813 - INFO - [degreeTopM - 种子:248] 拉新:36.0人 | 总销量:36.3单 | 品牌曝光:591.5次 | 🌟综合得分:95.3
2026-03-11 12:25:08,002 - INFO - [Process 29316] 开始评估方法: alpha_sort, 种子数: 248
2026-03-11 12:25:20,341 - INFO - [pageRank - 种子:248] 拉新:39.1人 | 总销量:39.3单 | 品牌曝光:597.6次 | 🌟综合得分:99.0
2026-03-11 12:25:34,138 - INFO - [Process 29317] 开始评估方法: ris_optimized, 种子数: 248
2026-03-11 12:25:41,088 - INFO - [alpha_sort - 种子:248] 拉新:128.7人 | 总销量:129.0单 | 品牌曝光:588.9次 | 🌟综合得分:187.7
2026-03-11 12:26:00,756 - INFO - [Process 29318] 开始评估方法: 1hop_sort, 种子数: 248
2026-03-11 12:26:16,799 - INFO - [ris_optimized - 种子:248] 拉新:116.5人 | 总销量:116.8单 | 品牌曝光:699.8次 | 🌟综合得分:186.6
2026-03-11 12:26:37,394 - INFO - [1hop_sort - 种子:248] 拉新:137.0人 | 总销量:141.6单 | 品牌曝光:636.0次 | 🌟综合得分:202.9
2026-03-11 12:26:38,041 - INFO - 所有进程执行完毕，开始写入数据...
2026-03-11 12:26:38,055 - INFO - 成功写入 6 条记录至 /root/work/coupon/coup_spread/gzc-impl/results/network.EmailEnron/2026-4-9/log_continuous_SSRNum-500000-_seedNum-248_simuTimes-500.csv
2026-03-11 12:26:38,056 - INFO - 保存评估文件至: /root/work/coupon/coup_spread/gzc-impl/results/network.EmailEnron/2026-4-9/log_continuous_SSRNum-500000-_seedNum-248_simuTimes-500.csv
