2026-03-09 04:24:43,056 - INFO - 加载数据集: network.netscience
2026-03-09 04:24:43,057 - INFO - --- 矩阵分析 ---
2026-03-09 04:24:43,057 - INFO - 节点数 (N): 379
2026-03-09 04:24:43,057 - INFO - 边数 (E): 1828
2026-03-09 04:24:43,057 - INFO - 密度 (Density): 0.01272617 (越小越稀疏)
2026-03-09 04:24:43,057 - INFO - 稀疏度 (Sparsity): 0.98727383 (越接近1越稀疏)
2026-03-09 04:24:43,057 - INFO - 平均度数 (Avg Degree): 4.82
2026-03-09 04:24:43,057 - INFO - >>> 正在注入完美对抗属性（验证三条定理）...
2026-03-09 04:24:43,060 - INFO - 首次生成种子集 random
2026-03-09 04:24:43,060 - INFO - 执行当前算法开始: random
2026-03-09 04:24:43,060 - INFO - 数据集节点总数:  n = 379, m = 10
2026-03-09 04:24:43,060 - INFO - 选择 10  [46, 54, 375, 85, 72, 26, 322, 88, 264, 245]

2026-03-09 04:24:43,060 - INFO - 当前用时 0.00 秒
2026-03-09 04:24:43,060 - INFO - 将种子集 写入位置: /home/wen/work/coup_spread/network.netscience/2026-3-11/seeds-with-network.netscience/random_random_seedNum-10_SSRNum-50000.txt
2026-03-09 04:24:43,060 - INFO - 首次生成种子集 degreeTopM
2026-03-09 04:24:43,060 - INFO - 执行当前算法开始: degreeTopM
2026-03-09 04:24:43,060 - INFO - 依据: 选择连接数（度数）最多的节点。
2026-03-09 04:24:43,060 - INFO - 选择的 Top M 节点及其度数:
2026-03-09 04:24:43,060 - INFO - 
2026-03-09 04:24:43,060 - INFO - 当前用时 0.00 秒
2026-03-09 04:24:43,061 - INFO - 将种子集 写入位置: /home/wen/work/coup_spread/network.netscience/2026-3-11/seeds-with-network.netscience/random_degreeTopM_seedNum-10_SSRNum-50000.txt
2026-03-09 04:24:43,061 - INFO - 首次生成种子集 pageRank
2026-03-09 04:24:43,061 - INFO - 执行当前算法开始: pageRank
2026-03-09 04:24:43,061 - INFO - --- Running: PageRank (on tranProMatrix) Top M ---
2026-03-09 04:24:43,071 - INFO - Selected PageRank seeds: [58, 3, 4, 119, 72, 5, 142, 106, 53, 219]
2026-03-09 04:24:43,072 - INFO - 当前用时 0.01 秒
2026-03-09 04:24:43,072 - INFO - 将种子集 写入位置: /home/wen/work/coup_spread/network.netscience/2026-3-11/seeds-with-network.netscience/random_pageRank_seedNum-10_SSRNum-50000.txt
2026-03-09 04:24:43,072 - INFO - 首次生成种子集 alpha_sort
2026-03-09 04:24:43,072 - INFO - 执行当前算法开始: alpha_sort
2026-03-09 04:24:43,072 - INFO - 379 个节点的alpha值降序排序 done
2026-03-09 04:24:43,072 - INFO - ==============>> [(0, np.float64(0.2)), (1, np.float64(0.2)), (2, np.float64(0.2)), (3, np.float64(0.2)), (4, np.float64(0.2)), (5, np.float64(0.2)), (6, np.float64(0.2)), (7, np.float64(0.2)), (8, np.float64(0.2)), (9, np.float64(0.2))]
2026-03-09 04:24:43,072 - INFO - 
选择的种子集 (按alpha排序): [0, 1, 2, 3, 4, 5, 6, 7, 8, 9]

2026-03-09 04:24:43,072 - INFO - 当前用时 0.00 秒
2026-03-09 04:24:43,072 - INFO - 将种子集 写入位置: /home/wen/work/coup_spread/network.netscience/2026-3-11/seeds-with-network.netscience/random_alpha_sort_seedNum-10_SSRNum-50000.txt
2026-03-09 04:24:43,072 - INFO - 首次生成种子集 ris_optimized
2026-03-09 04:24:43,072 - INFO - 执行当前算法开始: ris_optimized
2026-03-09 04:24:43,075 - INFO - 图初始化完成，节点数: 379，当前模式: 优化采样
2026-03-09 04:24:43,075 - INFO - 开始生成 50000 组多重RR-Set...
2026-03-09 04:24:44,323 - INFO - 生成完毕。耗时: 1.25 秒。
2026-03-09 04:24:44,330 - INFO - 开始基于多重RR集贪心选择最优种子...
2026-03-09 04:24:44,521 - INFO - 选种完毕。耗时: 0.19 秒。估算范围: 7.49
2026-03-09 04:24:44,699 - INFO - 当前用时 1.63 秒
2026-03-09 04:24:44,699 - INFO - 将种子集 写入位置: /home/wen/work/coup_spread/network.netscience/2026-3-11/seeds-with-network.netscience/random_ris_optimized_seedNum-10_SSRNum-50000.txt
2026-03-09 04:24:44,700 - INFO - 首次生成种子集 1hop_sort
2026-03-09 04:24:44,700 - INFO - 执行当前算法开始: 1hop_sort
2026-03-09 04:24:44,700 - INFO - --- Running: Teacher's 1-Hop Expected Spread Sort ---
2026-03-09 04:24:44,746 - INFO - 选出的前 5 个种子得分展示: [0.4 0.4 0.4 0.4 0.4]
2026-03-09 04:24:44,746 - INFO - 当前用时 0.05 秒
2026-03-09 04:24:44,747 - INFO - 将种子集 写入位置: /home/wen/work/coup_spread/network.netscience/2026-3-11/seeds-with-network.netscience/random_1hop_sort_seedNum-10_SSRNum-50000.txt
2026-03-09 04:24:44,748 - INFO - 评估种子集: None
2026-03-09 04:24:44,748 - INFO - 多进程评估开始，共有 6 个方法待评估...
2026-03-09 04:24:44,748 - INFO - 启动进程池，Worker数量: 6
2026-03-09 04:24:44,818 - INFO - [Process 3945337] 开始评估方法: random, 种子数: 10
2026-03-09 04:24:44,830 - INFO - [Process 3945338] 开始评估方法: degreeTopM, 种子数: 10
2026-03-09 04:24:44,840 - INFO - [Process 3945339] 开始评估方法: pageRank, 种子数: 10
2026-03-09 04:24:44,847 - INFO - [Process 3945340] 开始评估方法: alpha_sort, 种子数: 10
2026-03-09 04:24:44,856 - INFO - [Process 3945341] 开始评估方法: ris_optimized, 种子数: 10
2026-03-09 04:24:44,864 - INFO - [Process 3945342] 开始评估方法: 1hop_sort, 种子数: 10
2026-03-09 04:24:45,157 - INFO - [random - 种子:10] 拉新:8.0人 | 总销量:8.0单 | 品牌曝光:40.7次 | 🌟综合得分:12.1
2026-03-09 04:24:45,191 - INFO - [degreeTopM - 种子:10] 拉新:9.0人 | 总销量:9.2单 | 品牌曝光:45.6次 | 🌟综合得分:13.7
2026-03-09 04:24:45,207 - INFO - [pageRank - 种子:10] 拉新:9.1人 | 总销量:9.3单 | 品牌曝光:46.0次 | 🌟综合得分:13.8
2026-03-09 04:24:45,213 - INFO - [alpha_sort - 种子:10] 拉新:8.4人 | 总销量:9.3单 | 品牌曝光:46.0次 | 🌟综合得分:13.4
2026-03-09 04:24:45,220 - INFO - [ris_optimized - 种子:10] 拉新:9.3人 | 总销量:9.4单 | 品牌曝光:46.5次 | 🌟综合得分:14.0
2026-03-09 04:24:45,227 - INFO - [1hop_sort - 种子:10] 拉新:8.4人 | 总销量:9.3单 | 品牌曝光:46.0次 | 🌟综合得分:13.4
2026-03-09 04:24:45,242 - INFO - 所有进程执行完毕，开始写入数据...
2026-03-09 04:24:45,263 - INFO - 成功写入 6 条记录至 /home/wen/work/coup_spread/gzc-impl/results/network.netscience/2026-3-11/random_SSRNum-50000-_seedNum-10_simuTimes-500.csv
2026-03-09 04:24:45,263 - INFO - 保存评估文件至: /home/wen/work/coup_spread/gzc-impl/results/network.netscience/2026-3-11/random_SSRNum-50000-_seedNum-10_simuTimes-500.csv
2026-03-09 04:24:45,264 - INFO - 加载数据集: network.netscience
2026-03-09 04:24:45,265 - INFO - --- 矩阵分析 ---
2026-03-09 04:24:45,265 - INFO - 节点数 (N): 379
2026-03-09 04:24:45,265 - INFO - 边数 (E): 1828
2026-03-09 04:24:45,266 - INFO - 密度 (Density): 0.01272617 (越小越稀疏)
2026-03-09 04:24:45,266 - INFO - 稀疏度 (Sparsity): 0.98727383 (越接近1越稀疏)
2026-03-09 04:24:45,266 - INFO - 平均度数 (Avg Degree): 4.82
2026-03-09 04:24:45,266 - INFO - >>> 正在注入完美对抗属性（验证三条定理）...
2026-03-09 04:24:45,269 - INFO - 首次生成种子集 random
2026-03-09 04:24:45,269 - INFO - 执行当前算法开始: random
2026-03-09 04:24:45,269 - INFO - 数据集节点总数:  n = 379, m = 20
2026-03-09 04:24:45,269 - INFO - 选择 20  [196, 49, 251, 370, 28, 141, 282, 264, 171, 352, 111, 211, 337, 121, 185, 136, 213, 148, 214, 328]

2026-03-09 04:24:45,269 - INFO - 当前用时 0.00 秒
2026-03-09 04:24:45,269 - INFO - 将种子集 写入位置: /home/wen/work/coup_spread/network.netscience/2026-3-11/seeds-with-network.netscience/random_random_seedNum-20_SSRNum-50000.txt
2026-03-09 04:24:45,269 - INFO - 首次生成种子集 degreeTopM
2026-03-09 04:24:45,269 - INFO - 执行当前算法开始: degreeTopM
2026-03-09 04:24:45,270 - INFO - 依据: 选择连接数（度数）最多的节点。
2026-03-09 04:24:45,270 - INFO - 选择的 Top M 节点及其度数:
2026-03-09 04:24:45,270 - INFO - 
2026-03-09 04:24:45,270 - INFO - 当前用时 0.00 秒
2026-03-09 04:24:45,270 - INFO - 将种子集 写入位置: /home/wen/work/coup_spread/network.netscience/2026-3-11/seeds-with-network.netscience/random_degreeTopM_seedNum-20_SSRNum-50000.txt
2026-03-09 04:24:45,270 - INFO - 首次生成种子集 pageRank
2026-03-09 04:24:45,270 - INFO - 执行当前算法开始: pageRank
2026-03-09 04:24:45,270 - INFO - --- Running: PageRank (on tranProMatrix) Top M ---
2026-03-09 04:24:45,280 - INFO - Selected PageRank seeds: [58, 3, 4, 119, 72, 5, 142, 106, 53, 219, 189, 107, 13, 41, 187, 7, 44, 92, 94, 173]
2026-03-09 04:24:45,280 - INFO - 当前用时 0.01 秒
2026-03-09 04:24:45,280 - INFO - 将种子集 写入位置: /home/wen/work/coup_spread/network.netscience/2026-3-11/seeds-with-network.netscience/random_pageRank_seedNum-20_SSRNum-50000.txt
2026-03-09 04:24:45,280 - INFO - 首次生成种子集 alpha_sort
2026-03-09 04:24:45,280 - INFO - 执行当前算法开始: alpha_sort
2026-03-09 04:24:45,281 - INFO - 379 个节点的alpha值降序排序 done
2026-03-09 04:24:45,281 - INFO - ==============>> [(0, np.float64(0.2)), (1, np.float64(0.2)), (2, np.float64(0.2)), (3, np.float64(0.2)), (4, np.float64(0.2)), (5, np.float64(0.2)), (6, np.float64(0.2)), (7, np.float64(0.2)), (8, np.float64(0.2)), (9, np.float64(0.2))]
2026-03-09 04:24:45,281 - INFO - 
选择的种子集 (按alpha排序): [0, 1, 2, 3, 4, 5, 6, 7, 8, 9, 10, 11, 12, 13, 14, 15, 16, 17, 18, 19]

2026-03-09 04:24:45,281 - INFO - 当前用时 0.00 秒
2026-03-09 04:24:45,281 - INFO - 将种子集 写入位置: /home/wen/work/coup_spread/network.netscience/2026-3-11/seeds-with-network.netscience/random_alpha_sort_seedNum-20_SSRNum-50000.txt
2026-03-09 04:24:45,281 - INFO - 首次生成种子集 ris_optimized
2026-03-09 04:24:45,281 - INFO - 执行当前算法开始: ris_optimized
2026-03-09 04:24:45,283 - INFO - 图初始化完成，节点数: 379，当前模式: 优化采样
2026-03-09 04:24:45,283 - INFO - 开始生成 50000 组多重RR-Set...
2026-03-09 04:24:47,832 - INFO - 生成完毕。耗时: 2.55 秒。
2026-03-09 04:24:47,838 - INFO - 开始基于多重RR集贪心选择最优种子...
2026-03-09 04:24:48,135 - INFO - 选种完毕。耗时: 0.30 秒。估算范围: 15.10
2026-03-09 04:24:48,223 - INFO - 当前用时 2.94 秒
2026-03-09 04:24:48,224 - INFO - 将种子集 写入位置: /home/wen/work/coup_spread/network.netscience/2026-3-11/seeds-with-network.netscience/random_ris_optimized_seedNum-20_SSRNum-50000.txt
2026-03-09 04:24:48,224 - INFO - 首次生成种子集 1hop_sort
2026-03-09 04:24:48,224 - INFO - 执行当前算法开始: 1hop_sort
2026-03-09 04:24:48,224 - INFO - --- Running: Teacher's 1-Hop Expected Spread Sort ---
2026-03-09 04:24:48,225 - INFO - 选出的前 5 个种子得分展示: [0.4 0.4 0.4 0.4 0.4]
2026-03-09 04:24:48,225 - INFO - 当前用时 0.00 秒
2026-03-09 04:24:48,226 - INFO - 将种子集 写入位置: /home/wen/work/coup_spread/network.netscience/2026-3-11/seeds-with-network.netscience/random_1hop_sort_seedNum-20_SSRNum-50000.txt
2026-03-09 04:24:48,226 - INFO - 评估种子集: None
2026-03-09 04:24:48,226 - INFO - 多进程评估开始，共有 6 个方法待评估...
2026-03-09 04:24:48,226 - INFO - 启动进程池，Worker数量: 6
2026-03-09 04:24:48,277 - INFO - [Process 3945410] 开始评估方法: random, 种子数: 20
2026-03-09 04:24:48,283 - INFO - [Process 3945411] 开始评估方法: degreeTopM, 种子数: 20
2026-03-09 04:24:48,289 - INFO - [Process 3945412] 开始评估方法: pageRank, 种子数: 20
2026-03-09 04:24:48,295 - INFO - [Process 3945413] 开始评估方法: alpha_sort, 种子数: 20
2026-03-09 04:24:48,301 - INFO - [Process 3945414] 开始评估方法: ris_optimized, 种子数: 20
2026-03-09 04:24:48,306 - INFO - [Process 3945415] 开始评估方法: 1hop_sort, 种子数: 20
2026-03-09 04:24:48,965 - INFO - [pageRank - 种子:20] 拉新:17.2人 | 总销量:18.1单 | 品牌曝光:90.1次 | 🌟综合得分:26.6
2026-03-09 04:24:48,985 - INFO - [1hop_sort - 种子:20] 拉新:15.9人 | 总销量:18.2单 | 品牌曝光:90.3次 | 🌟综合得分:26.0
2026-03-09 04:24:48,990 - INFO - [alpha_sort - 种子:20] 拉新:15.6人 | 总销量:18.6单 | 品牌曝光:92.1次 | 🌟综合得分:26.3
2026-03-09 04:24:48,997 - INFO - [random - 种子:20] 拉新:16.6人 | 总销量:17.1单 | 品牌曝光:85.6次 | 🌟综合得分:25.4
2026-03-09 04:24:48,998 - INFO - [ris_optimized - 种子:20] 拉新:18.0人 | 总销量:18.7单 | 品牌曝光:92.5次 | 🌟综合得分:27.6
2026-03-09 04:24:49,039 - INFO - [degreeTopM - 种子:20] 拉新:17.2人 | 总销量:18.0单 | 品牌曝光:89.7次 | 🌟综合得分:26.6
2026-03-09 04:24:49,056 - INFO - 所有进程执行完毕，开始写入数据...
2026-03-09 04:24:49,061 - INFO - 成功写入 6 条记录至 /home/wen/work/coup_spread/gzc-impl/results/network.netscience/2026-3-11/random_SSRNum-50000-_seedNum-20_simuTimes-500.csv
2026-03-09 04:24:49,062 - INFO - 保存评估文件至: /home/wen/work/coup_spread/gzc-impl/results/network.netscience/2026-3-11/random_SSRNum-50000-_seedNum-20_simuTimes-500.csv
2026-03-09 04:24:49,063 - INFO - 加载数据集: network.netscience
2026-03-09 04:24:49,063 - INFO - --- 矩阵分析 ---
2026-03-09 04:24:49,063 - INFO - 节点数 (N): 379
2026-03-09 04:24:49,063 - INFO - 边数 (E): 1828
2026-03-09 04:24:49,063 - INFO - 密度 (Density): 0.01272617 (越小越稀疏)
2026-03-09 04:24:49,063 - INFO - 稀疏度 (Sparsity): 0.98727383 (越接近1越稀疏)
2026-03-09 04:24:49,063 - INFO - 平均度数 (Avg Degree): 4.82
2026-03-09 04:24:49,063 - INFO - >>> 正在注入完美对抗属性（验证三条定理）...
2026-03-09 04:24:49,066 - INFO - 首次生成种子集 random
2026-03-09 04:24:49,066 - INFO - 执行当前算法开始: random
2026-03-09 04:24:49,066 - INFO - 数据集节点总数:  n = 379, m = 30
2026-03-09 04:24:49,067 - INFO - 选择 30  [237, 155, 33, 278, 22, 50, 312, 57, 183, 228, 280, 72, 357, 100, 213, 216, 338, 259, 342, 98, 319, 242, 73, 96, 89, 289, 60, 332, 1, 313]

2026-03-09 04:24:49,067 - INFO - 当前用时 0.00 秒
2026-03-09 04:24:49,067 - INFO - 将种子集 写入位置: /home/wen/work/coup_spread/network.netscience/2026-3-11/seeds-with-network.netscience/random_random_seedNum-30_SSRNum-50000.txt
2026-03-09 04:24:49,067 - INFO - 首次生成种子集 degreeTopM
2026-03-09 04:24:49,067 - INFO - 执行当前算法开始: degreeTopM
2026-03-09 04:24:49,067 - INFO - 依据: 选择连接数（度数）最多的节点。
2026-03-09 04:24:49,067 - INFO - 选择的 Top M 节点及其度数:
2026-03-09 04:24:49,067 - INFO - 
2026-03-09 04:24:49,068 - INFO - 当前用时 0.00 秒
2026-03-09 04:24:49,068 - INFO - 将种子集 写入位置: /home/wen/work/coup_spread/network.netscience/2026-3-11/seeds-with-network.netscience/random_degreeTopM_seedNum-30_SSRNum-50000.txt
2026-03-09 04:24:49,068 - INFO - 首次生成种子集 pageRank
2026-03-09 04:24:49,068 - INFO - 执行当前算法开始: pageRank
2026-03-09 04:24:49,068 - INFO - --- Running: PageRank (on tranProMatrix) Top M ---
2026-03-09 04:24:49,078 - INFO - Selected PageRank seeds: [58, 3, 4, 119, 72, 5, 142, 106, 53, 219, 189, 107, 13, 41, 187, 7, 44, 92, 94, 173, 62, 95, 167, 96, 118, 75, 8, 123, 235, 234]
2026-03-09 04:24:49,078 - INFO - 当前用时 0.01 秒
2026-03-09 04:24:49,078 - INFO - 将种子集 写入位置: /home/wen/work/coup_spread/network.netscience/2026-3-11/seeds-with-network.netscience/random_pageRank_seedNum-30_SSRNum-50000.txt
2026-03-09 04:24:49,079 - INFO - 首次生成种子集 alpha_sort
2026-03-09 04:24:49,079 - INFO - 执行当前算法开始: alpha_sort
2026-03-09 04:24:49,079 - INFO - 379 个节点的alpha值降序排序 done
2026-03-09 04:24:49,079 - INFO - ==============>> [(0, np.float64(0.2)), (1, np.float64(0.2)), (2, np.float64(0.2)), (3, np.float64(0.2)), (4, np.float64(0.2)), (5, np.float64(0.2)), (6, np.float64(0.2)), (7, np.float64(0.2)), (8, np.float64(0.2)), (9, np.float64(0.2))]
2026-03-09 04:24:49,079 - INFO - 
选择的种子集 (按alpha排序): [0, 1, 2, 3, 4, 5, 6, 7, 8, 9, 10, 11, 12, 13, 14, 15, 16, 17, 18, 19, 20, 21, 22, 23, 24, 25, 26, 27, 28, 29]

2026-03-09 04:24:49,079 - INFO - 当前用时 0.00 秒
2026-03-09 04:24:49,079 - INFO - 将种子集 写入位置: /home/wen/work/coup_spread/network.netscience/2026-3-11/seeds-with-network.netscience/random_alpha_sort_seedNum-30_SSRNum-50000.txt
2026-03-09 04:24:49,079 - INFO - 首次生成种子集 ris_optimized
2026-03-09 04:24:49,079 - INFO - 执行当前算法开始: ris_optimized
2026-03-09 04:24:49,081 - INFO - 图初始化完成，节点数: 379，当前模式: 优化采样
2026-03-09 04:24:49,081 - INFO - 开始生成 50000 组多重RR-Set...
2026-03-09 04:24:52,028 - INFO - 生成完毕。耗时: 2.95 秒。
2026-03-09 04:24:52,035 - INFO - 开始基于多重RR集贪心选择最优种子...
2026-03-09 04:24:52,486 - INFO - 选种完毕。耗时: 0.45 秒。估算范围: 22.44
2026-03-09 04:24:52,613 - INFO - 当前用时 3.53 秒
2026-03-09 04:24:52,614 - INFO - 将种子集 写入位置: /home/wen/work/coup_spread/network.netscience/2026-3-11/seeds-with-network.netscience/random_ris_optimized_seedNum-30_SSRNum-50000.txt
2026-03-09 04:24:52,614 - INFO - 首次生成种子集 1hop_sort
2026-03-09 04:24:52,614 - INFO - 执行当前算法开始: 1hop_sort
2026-03-09 04:24:52,614 - INFO - --- Running: Teacher's 1-Hop Expected Spread Sort ---
2026-03-09 04:24:52,616 - INFO - 选出的前 5 个种子得分展示: [0.4 0.4 0.4 0.4 0.4]
2026-03-09 04:24:52,616 - INFO - 当前用时 0.00 秒
2026-03-09 04:24:52,616 - INFO - 将种子集 写入位置: /home/wen/work/coup_spread/network.netscience/2026-3-11/seeds-with-network.netscience/random_1hop_sort_seedNum-30_SSRNum-50000.txt
2026-03-09 04:24:52,617 - INFO - 评估种子集: None
2026-03-09 04:24:52,617 - INFO - 多进程评估开始，共有 6 个方法待评估...
2026-03-09 04:24:52,617 - INFO - 启动进程池，Worker数量: 6
2026-03-09 04:24:52,679 - INFO - [Process 3945508] 开始评估方法: random, 种子数: 30
2026-03-09 04:24:52,688 - INFO - [Process 3945509] 开始评估方法: degreeTopM, 种子数: 30
2026-03-09 04:24:52,695 - INFO - [Process 3945510] 开始评估方法: pageRank, 种子数: 30
2026-03-09 04:24:52,704 - INFO - [Process 3945511] 开始评估方法: alpha_sort, 种子数: 30
2026-03-09 04:24:52,710 - INFO - [Process 3945512] 开始评估方法: ris_optimized, 种子数: 30
2026-03-09 04:24:52,715 - INFO - [Process 3945513] 开始评估方法: 1hop_sort, 种子数: 30
2026-03-09 04:24:53,676 - INFO - [pageRank - 种子:30] 拉新:25.3人 | 总销量:26.9单 | 品牌曝光:134.6次 | 🌟综合得分:39.6
2026-03-09 04:24:53,707 - INFO - [degreeTopM - 种子:30] 拉新:25.3人 | 总销量:27.2单 | 品牌曝光:135.8次 | 🌟综合得分:39.9
2026-03-09 04:24:53,721 - INFO - [random - 种子:30] 拉新:25.2人 | 总销量:25.9单 | 品牌曝光:130.0次 | 🌟综合得分:38.5
2026-03-09 04:24:53,766 - INFO - [alpha_sort - 种子:30] 拉新:21.4人 | 总销量:28.0单 | 品牌曝光:139.6次 | 🌟综合得分:38.7
2026-03-09 04:24:53,766 - INFO - [1hop_sort - 种子:30] 拉新:23.0人 | 总销量:27.7单 | 品牌曝光:138.1次 | 🌟综合得分:39.2
2026-03-09 04:24:53,795 - INFO - [ris_optimized - 种子:30] 拉新:26.8人 | 总销量:28.0单 | 品牌曝光:139.3次 | 🌟综合得分:41.3
2026-03-09 04:24:53,812 - INFO - 所有进程执行完毕，开始写入数据...
2026-03-09 04:24:53,821 - INFO - 成功写入 6 条记录至 /home/wen/work/coup_spread/gzc-impl/results/network.netscience/2026-3-11/random_SSRNum-50000-_seedNum-30_simuTimes-500.csv
2026-03-09 04:24:53,822 - INFO - 保存评估文件至: /home/wen/work/coup_spread/gzc-impl/results/network.netscience/2026-3-11/random_SSRNum-50000-_seedNum-30_simuTimes-500.csv
2026-03-09 04:24:53,824 - INFO - 加载数据集: network.netscience
2026-03-09 04:24:53,825 - INFO - --- 矩阵分析 ---
2026-03-09 04:24:53,825 - INFO - 节点数 (N): 379
2026-03-09 04:24:53,825 - INFO - 边数 (E): 1828
2026-03-09 04:24:53,825 - INFO - 密度 (Density): 0.01272617 (越小越稀疏)
2026-03-09 04:24:53,825 - INFO - 稀疏度 (Sparsity): 0.98727383 (越接近1越稀疏)
2026-03-09 04:24:53,825 - INFO - 平均度数 (Avg Degree): 4.82
2026-03-09 04:24:53,826 - INFO - >>> 正在注入完美对抗属性（验证三条定理）...
2026-03-09 04:24:53,829 - INFO - 首次生成种子集 random
2026-03-09 04:24:53,829 - INFO - 执行当前算法开始: random
2026-03-09 04:24:53,830 - INFO - 数据集节点总数:  n = 379, m = 40
2026-03-09 04:24:53,830 - INFO - 选择 40  [84, 269, 369, 5, 121, 80, 199, 353, 254, 102, 251, 311, 350, 130, 117, 108, 325, 333, 221, 111, 302, 357, 233, 16, 250, 175, 371, 43, 186, 166, 240, 189, 201, 238, 366, 57, 282, 95, 90, 340]

2026-03-09 04:24:53,830 - INFO - 当前用时 0.00 秒
2026-03-09 04:24:53,830 - INFO - 将种子集 写入位置: /home/wen/work/coup_spread/network.netscience/2026-3-11/seeds-with-network.netscience/random_random_seedNum-40_SSRNum-50000.txt
2026-03-09 04:24:53,830 - INFO - 首次生成种子集 degreeTopM
2026-03-09 04:24:53,830 - INFO - 执行当前算法开始: degreeTopM
2026-03-09 04:24:53,831 - INFO - 依据: 选择连接数（度数）最多的节点。
2026-03-09 04:24:53,831 - INFO - 选择的 Top M 节点及其度数:
2026-03-09 04:24:53,831 - INFO - 
2026-03-09 04:24:53,831 - INFO - 当前用时 0.00 秒
2026-03-09 04:24:53,831 - INFO - 将种子集 写入位置: /home/wen/work/coup_spread/network.netscience/2026-3-11/seeds-with-network.netscience/random_degreeTopM_seedNum-40_SSRNum-50000.txt
2026-03-09 04:24:53,831 - INFO - 首次生成种子集 pageRank
2026-03-09 04:24:53,832 - INFO - 执行当前算法开始: pageRank
2026-03-09 04:24:53,832 - INFO - --- Running: PageRank (on tranProMatrix) Top M ---
2026-03-09 04:24:53,853 - INFO - Selected PageRank seeds: [58, 3, 4, 119, 72, 5, 142, 106, 53, 219, 189, 107, 13, 41, 187, 7, 44, 92, 94, 173, 62, 95, 167, 96, 118, 75, 8, 123, 235, 234, 113, 180, 217, 11, 0, 76, 232, 124, 233, 46]
2026-03-09 04:24:53,853 - INFO - 当前用时 0.02 秒
2026-03-09 04:24:53,853 - INFO - 将种子集 写入位置: /home/wen/work/coup_spread/network.netscience/2026-3-11/seeds-with-network.netscience/random_pageRank_seedNum-40_SSRNum-50000.txt
2026-03-09 04:24:53,854 - INFO - 首次生成种子集 alpha_sort
2026-03-09 04:24:53,854 - INFO - 执行当前算法开始: alpha_sort
2026-03-09 04:24:53,854 - INFO - 379 个节点的alpha值降序排序 done
2026-03-09 04:24:53,854 - INFO - ==============>> [(0, np.float64(0.2)), (1, np.float64(0.2)), (2, np.float64(0.2)), (3, np.float64(0.2)), (4, np.float64(0.2)), (5, np.float64(0.2)), (6, np.float64(0.2)), (7, np.float64(0.2)), (8, np.float64(0.2)), (9, np.float64(0.2))]
2026-03-09 04:24:53,854 - INFO - 
选择的种子集 (按alpha排序): [0, 1, 2, 3, 4, 5, 6, 7, 8, 9, 10, 11, 12, 13, 14, 15, 16, 17, 18, 19, 20, 21, 22, 23, 24, 25, 26, 27, 28, 29, 30, 31, 32, 33, 34, 35, 36, 37, 38, 39]

2026-03-09 04:24:53,854 - INFO - 当前用时 0.00 秒
2026-03-09 04:24:53,854 - INFO - 将种子集 写入位置: /home/wen/work/coup_spread/network.netscience/2026-3-11/seeds-with-network.netscience/random_alpha_sort_seedNum-40_SSRNum-50000.txt
2026-03-09 04:24:53,855 - INFO - 首次生成种子集 ris_optimized
2026-03-09 04:24:53,855 - INFO - 执行当前算法开始: ris_optimized
2026-03-09 04:24:53,858 - INFO - 图初始化完成，节点数: 379，当前模式: 优化采样
2026-03-09 04:24:53,858 - INFO - 开始生成 50000 组多重RR-Set...
2026-03-09 04:24:57,731 - INFO - 生成完毕。耗时: 3.87 秒。
2026-03-09 04:24:57,738 - INFO - 开始基于多重RR集贪心选择最优种子...
2026-03-09 04:24:58,363 - INFO - 选种完毕。耗时: 0.62 秒。估算范围: 29.49
2026-03-09 04:24:58,521 - INFO - 当前用时 4.67 秒
2026-03-09 04:24:58,521 - INFO - 将种子集 写入位置: /home/wen/work/coup_spread/network.netscience/2026-3-11/seeds-with-network.netscience/random_ris_optimized_seedNum-40_SSRNum-50000.txt
2026-03-09 04:24:58,522 - INFO - 首次生成种子集 1hop_sort
2026-03-09 04:24:58,522 - INFO - 执行当前算法开始: 1hop_sort
2026-03-09 04:24:58,522 - INFO - --- Running: Teacher's 1-Hop Expected Spread Sort ---
2026-03-09 04:24:58,523 - INFO - 选出的前 5 个种子得分展示: [0.4 0.4 0.4 0.4 0.4]
2026-03-09 04:24:58,523 - INFO - 当前用时 0.00 秒
2026-03-09 04:24:58,523 - INFO - 将种子集 写入位置: /home/wen/work/coup_spread/network.netscience/2026-3-11/seeds-with-network.netscience/random_1hop_sort_seedNum-40_SSRNum-50000.txt
2026-03-09 04:24:58,523 - INFO - 评估种子集: None
2026-03-09 04:24:58,524 - INFO - 多进程评估开始，共有 6 个方法待评估...
2026-03-09 04:24:58,524 - INFO - 启动进程池，Worker数量: 6
2026-03-09 04:24:58,591 - INFO - [Process 3945608] 开始评估方法: random, 种子数: 40
2026-03-09 04:24:58,597 - INFO - [Process 3945609] 开始评估方法: degreeTopM, 种子数: 40
2026-03-09 04:24:58,615 - INFO - [Process 3945610] 开始评估方法: pageRank, 种子数: 40
2026-03-09 04:24:58,636 - INFO - [Process 3945611] 开始评估方法: alpha_sort, 种子数: 40
2026-03-09 04:24:58,640 - INFO - [Process 3945612] 开始评估方法: ris_optimized, 种子数: 40
2026-03-09 04:24:58,657 - INFO - [Process 3945613] 开始评估方法: 1hop_sort, 种子数: 40
2026-03-09 04:24:59,744 - INFO - [random - 种子:40] 拉新:30.2人 | 总销量:31.8单 | 品牌曝光:161.4次 | 🌟综合得分:47.1
2026-03-09 04:24:59,943 - INFO - [degreeTopM - 种子:40] 拉新:32.8人 | 总销量:35.9单 | 品牌曝光:179.4次 | 🌟综合得分:52.3
2026-03-09 04:24:59,966 - INFO - [pageRank - 种子:40] 拉新:33.0人 | 总销量:35.6单 | 品牌曝光:178.3次 | 🌟综合得分:52.1
2026-03-09 04:24:59,994 - INFO - [ris_optimized - 种子:40] 拉新:35.0人 | 总销量:37.2单 | 品牌曝光:185.2次 | 🌟综合得分:54.7
2026-03-09 04:25:00,096 - INFO - [1hop_sort - 种子:40] 拉新:30.0人 | 总销量:37.0单 | 品牌曝光:184.2次 | 🌟综合得分:51.9
2026-03-09 04:25:00,120 - INFO - [alpha_sort - 种子:40] 拉新:26.2人 | 总销量:37.4单 | 品牌曝光:185.8次 | 🌟综合得分:50.4
2026-03-09 04:25:00,140 - INFO - 所有进程执行完毕，开始写入数据...
2026-03-09 04:25:00,148 - INFO - 成功写入 6 条记录至 /home/wen/work/coup_spread/gzc-impl/results/network.netscience/2026-3-11/random_SSRNum-50000-_seedNum-40_simuTimes-500.csv
2026-03-09 04:25:00,149 - INFO - 保存评估文件至: /home/wen/work/coup_spread/gzc-impl/results/network.netscience/2026-3-11/random_SSRNum-50000-_seedNum-40_simuTimes-500.csv
2026-03-09 04:25:00,151 - INFO - 加载数据集: network.netscience
2026-03-09 04:25:00,152 - INFO - --- 矩阵分析 ---
2026-03-09 04:25:00,152 - INFO - 节点数 (N): 379
2026-03-09 04:25:00,152 - INFO - 边数 (E): 1828
2026-03-09 04:25:00,152 - INFO - 密度 (Density): 0.01272617 (越小越稀疏)
2026-03-09 04:25:00,152 - INFO - 稀疏度 (Sparsity): 0.98727383 (越接近1越稀疏)
2026-03-09 04:25:00,152 - INFO - 平均度数 (Avg Degree): 4.82
2026-03-09 04:25:00,152 - INFO - >>> 正在注入完美对抗属性（验证三条定理）...
2026-03-09 04:25:00,156 - INFO - 首次生成种子集 random
2026-03-09 04:25:00,156 - INFO - 执行当前算法开始: random
2026-03-09 04:25:00,156 - INFO - 数据集节点总数:  n = 379, m = 50
2026-03-09 04:25:00,156 - INFO - 选择 50  [193, 342, 339, 346, 263, 303, 377, 349, 144, 46, 304, 369, 92, 307, 286, 9, 49, 323, 362, 56, 340, 7, 77, 374, 282, 341, 55, 105, 139, 370, 187, 265, 200, 233, 4, 42, 163, 127, 360, 99, 15, 249, 149, 281, 366, 247, 162, 53, 244, 23]

2026-03-09 04:25:00,156 - INFO - 当前用时 0.00 秒
2026-03-09 04:25:00,157 - INFO - 将种子集 写入位置: /home/wen/work/coup_spread/network.netscience/2026-3-11/seeds-with-network.netscience/random_random_seedNum-50_SSRNum-50000.txt
2026-03-09 04:25:00,157 - INFO - 首次生成种子集 degreeTopM
2026-03-09 04:25:00,157 - INFO - 执行当前算法开始: degreeTopM
2026-03-09 04:25:00,157 - INFO - 依据: 选择连接数（度数）最多的节点。
2026-03-09 04:25:00,157 - INFO - 选择的 Top M 节点及其度数:
2026-03-09 04:25:00,157 - INFO - 
2026-03-09 04:25:00,157 - INFO - 当前用时 0.00 秒
2026-03-09 04:25:00,158 - INFO - 将种子集 写入位置: /home/wen/work/coup_spread/network.netscience/2026-3-11/seeds-with-network.netscience/random_degreeTopM_seedNum-50_SSRNum-50000.txt
2026-03-09 04:25:00,158 - INFO - 首次生成种子集 pageRank
2026-03-09 04:25:00,158 - INFO - 执行当前算法开始: pageRank
2026-03-09 04:25:00,158 - INFO - --- Running: PageRank (on tranProMatrix) Top M ---
2026-03-09 04:25:00,172 - INFO - Selected PageRank seeds: [58, 3, 4, 119, 72, 5, 142, 106, 53, 219, 189, 107, 13, 41, 187, 7, 44, 92, 94, 173, 62, 95, 167, 96, 118, 75, 8, 123, 235, 234, 113, 180, 217, 11, 0, 76, 232, 124, 233, 46, 20, 140, 329, 52, 156, 87, 362, 122, 268, 74]
2026-03-09 04:25:00,173 - INFO - 当前用时 0.01 秒
2026-03-09 04:25:00,173 - INFO - 将种子集 写入位置: /home/wen/work/coup_spread/network.netscience/2026-3-11/seeds-with-network.netscience/random_pageRank_seedNum-50_SSRNum-50000.txt
2026-03-09 04:25:00,173 - INFO - 首次生成种子集 alpha_sort
2026-03-09 04:25:00,173 - INFO - 执行当前算法开始: alpha_sort
2026-03-09 04:25:00,173 - INFO - 379 个节点的alpha值降序排序 done
2026-03-09 04:25:00,173 - INFO - ==============>> [(0, np.float64(0.2)), (1, np.float64(0.2)), (2, np.float64(0.2)), (3, np.float64(0.2)), (4, np.float64(0.2)), (5, np.float64(0.2)), (6, np.float64(0.2)), (7, np.float64(0.2)), (8, np.float64(0.2)), (9, np.float64(0.2))]
2026-03-09 04:25:00,173 - INFO - 
选择的种子集 (按alpha排序): [0, 1, 2, 3, 4, 5, 6, 7, 8, 9, 10, 11, 12, 13, 14, 15, 16, 17, 18, 19, 20, 21, 22, 23, 24, 25, 26, 27, 28, 29, 30, 31, 32, 33, 34, 35, 36, 37, 38, 39, 40, 41, 42, 43, 44, 45, 46, 47, 48, 49]

2026-03-09 04:25:00,173 - INFO - 当前用时 0.00 秒
2026-03-09 04:25:00,173 - INFO - 将种子集 写入位置: /home/wen/work/coup_spread/network.netscience/2026-3-11/seeds-with-network.netscience/random_alpha_sort_seedNum-50_SSRNum-50000.txt
2026-03-09 04:25:00,174 - INFO - 首次生成种子集 ris_optimized
2026-03-09 04:25:00,174 - INFO - 执行当前算法开始: ris_optimized
2026-03-09 04:25:00,176 - INFO - 图初始化完成，节点数: 379，当前模式: 优化采样
2026-03-09 04:25:00,176 - INFO - 开始生成 50000 组多重RR-Set...
2026-03-09 04:25:05,073 - INFO - 生成完毕。耗时: 4.90 秒。
2026-03-09 04:25:05,080 - INFO - 开始基于多重RR集贪心选择最优种子...
2026-03-09 04:25:05,815 - INFO - 选种完毕。耗时: 0.73 秒。估算范围: 36.33
2026-03-09 04:25:06,009 - INFO - 当前用时 5.84 秒
2026-03-09 04:25:06,009 - INFO - 将种子集 写入位置: /home/wen/work/coup_spread/network.netscience/2026-3-11/seeds-with-network.netscience/random_ris_optimized_seedNum-50_SSRNum-50000.txt
2026-03-09 04:25:06,010 - INFO - 首次生成种子集 1hop_sort
2026-03-09 04:25:06,010 - INFO - 执行当前算法开始: 1hop_sort
2026-03-09 04:25:06,010 - INFO - --- Running: Teacher's 1-Hop Expected Spread Sort ---
2026-03-09 04:25:06,011 - INFO - 选出的前 5 个种子得分展示: [0.4 0.4 0.4 0.4 0.4]
2026-03-09 04:25:06,012 - INFO - 当前用时 0.00 秒
2026-03-09 04:25:06,012 - INFO - 将种子集 写入位置: /home/wen/work/coup_spread/network.netscience/2026-3-11/seeds-with-network.netscience/random_1hop_sort_seedNum-50_SSRNum-50000.txt
2026-03-09 04:25:06,016 - INFO - 评估种子集: None
2026-03-09 04:25:06,016 - INFO - 多进程评估开始，共有 6 个方法待评估...
2026-03-09 04:25:06,016 - INFO - 启动进程池，Worker数量: 6
2026-03-09 04:25:06,082 - INFO - [Process 3945734] 开始评估方法: random, 种子数: 50
2026-03-09 04:25:06,088 - INFO - [Process 3945735] 开始评估方法: degreeTopM, 种子数: 50
2026-03-09 04:25:06,094 - INFO - [Process 3945736] 开始评估方法: pageRank, 种子数: 50
2026-03-09 04:25:06,100 - INFO - [Process 3945737] 开始评估方法: alpha_sort, 种子数: 50
2026-03-09 04:25:06,108 - INFO - [Process 3945738] 开始评估方法: ris_optimized, 种子数: 50
2026-03-09 04:25:06,114 - INFO - [Process 3945739] 开始评估方法: 1hop_sort, 种子数: 50
2026-03-09 04:25:07,458 - INFO - [random - 种子:50] 拉新:34.2人 | 总销量:36.6单 | 品牌曝光:188.7次 | 🌟综合得分:54.3
2026-03-09 04:25:07,692 - INFO - [pageRank - 种子:50] 拉新:40.0人 | 总销量:43.6单 | 品牌曝光:219.3次 | 🌟综合得分:63.7
2026-03-09 04:25:07,745 - INFO - [degreeTopM - 种子:50] 拉新:39.8人 | 总销量:44.3单 | 品牌曝光:222.2次 | 🌟综合得分:64.3
2026-03-09 04:25:07,769 - INFO - [alpha_sort - 种子:50] 拉新:31.3人 | 总销量:44.5单 | 品牌曝光:223.3次 | 🌟综合得分:60.2
2026-03-09 04:25:07,820 - INFO - [ris_optimized - 种子:50] 拉新:43.0人 | 总销量:46.3单 | 品牌曝光:231.2次 | 🌟综合得分:67.8
2026-03-09 04:25:07,882 - INFO - [1hop_sort - 种子:50] 拉新:37.5人 | 总销量:46.3单 | 品牌曝光:231.1次 | 🌟综合得分:65.0
2026-03-09 04:25:07,902 - INFO - 所有进程执行完毕，开始写入数据...
2026-03-09 04:25:07,910 - INFO - 成功写入 6 条记录至 /home/wen/work/coup_spread/gzc-impl/results/network.netscience/2026-3-11/random_SSRNum-50000-_seedNum-50_simuTimes-500.csv
2026-03-09 04:25:07,911 - INFO - 保存评估文件至: /home/wen/work/coup_spread/gzc-impl/results/network.netscience/2026-3-11/random_SSRNum-50000-_seedNum-50_simuTimes-500.csv
2026-03-09 04:25:07,914 - INFO - 加载数据集: network.netscience
2026-03-09 04:25:07,915 - INFO - --- 矩阵分析 ---
2026-03-09 04:25:07,915 - INFO - 节点数 (N): 379
2026-03-09 04:25:07,915 - INFO - 边数 (E): 1828
2026-03-09 04:25:07,915 - INFO - 密度 (Density): 0.01272617 (越小越稀疏)
2026-03-09 04:25:07,916 - INFO - 稀疏度 (Sparsity): 0.98727383 (越接近1越稀疏)
2026-03-09 04:25:07,916 - INFO - 平均度数 (Avg Degree): 4.82
2026-03-09 04:25:07,916 - INFO - >>> 正在注入完美对抗属性（验证三条定理）...
2026-03-09 04:25:07,920 - INFO - 首次生成种子集 random
2026-03-09 04:25:07,920 - INFO - 执行当前算法开始: random
2026-03-09 04:25:07,920 - INFO - 数据集节点总数:  n = 379, m = 60
2026-03-09 04:25:07,921 - INFO - 选择 60  [173, 196, 84, 179, 268, 204, 374, 231, 278, 354, 337, 312, 17, 182, 368, 286, 87, 108, 350, 289, 33, 372, 45, 202, 236, 260, 285, 252, 353, 150, 229, 72, 143, 2, 310, 156, 41, 74, 70, 39, 125, 60, 319, 159, 164, 43, 261, 332, 165, 341, 93, 171, 174, 279, 53, 134, 81, 190, 342, 29]

2026-03-09 04:25:07,921 - INFO - 当前用时 0.00 秒
2026-03-09 04:25:07,921 - INFO - 将种子集 写入位置: /home/wen/work/coup_spread/network.netscience/2026-3-11/seeds-with-network.netscience/random_random_seedNum-60_SSRNum-50000.txt
2026-03-09 04:25:07,921 - INFO - 首次生成种子集 degreeTopM
2026-03-09 04:25:07,921 - INFO - 执行当前算法开始: degreeTopM
2026-03-09 04:25:07,921 - INFO - 依据: 选择连接数（度数）最多的节点。
2026-03-09 04:25:07,922 - INFO - 选择的 Top M 节点及其度数:
2026-03-09 04:25:07,922 - INFO - 
2026-03-09 04:25:07,922 - INFO - 当前用时 0.00 秒
2026-03-09 04:25:07,922 - INFO - 将种子集 写入位置: /home/wen/work/coup_spread/network.netscience/2026-3-11/seeds-with-network.netscience/random_degreeTopM_seedNum-60_SSRNum-50000.txt
2026-03-09 04:25:07,922 - INFO - 首次生成种子集 pageRank
2026-03-09 04:25:07,922 - INFO - 执行当前算法开始: pageRank
2026-03-09 04:25:07,922 - INFO - --- Running: PageRank (on tranProMatrix) Top M ---
2026-03-09 04:25:07,935 - INFO - Selected PageRank seeds: [58, 3, 4, 119, 72, 5, 142, 106, 53, 219, 189, 107, 13, 41, 187, 7, 44, 92, 94, 173, 62, 95, 167, 96, 118, 75, 8, 123, 235, 234, 113, 180, 217, 11, 0, 76, 232, 124, 233, 46, 20, 140, 329, 52, 156, 87, 362, 122, 268, 74, 126, 81, 252, 249, 250, 295, 14, 320, 204, 201]
2026-03-09 04:25:07,935 - INFO - 当前用时 0.01 秒
2026-03-09 04:25:07,935 - INFO - 将种子集 写入位置: /home/wen/work/coup_spread/network.netscience/2026-3-11/seeds-with-network.netscience/random_pageRank_seedNum-60_SSRNum-50000.txt
2026-03-09 04:25:07,935 - INFO - 首次生成种子集 alpha_sort
2026-03-09 04:25:07,935 - INFO - 执行当前算法开始: alpha_sort
2026-03-09 04:25:07,935 - INFO - 379 个节点的alpha值降序排序 done
2026-03-09 04:25:07,935 - INFO - ==============>> [(0, np.float64(0.2)), (1, np.float64(0.2)), (2, np.float64(0.2)), (3, np.float64(0.2)), (4, np.float64(0.2)), (5, np.float64(0.2)), (6, np.float64(0.2)), (7, np.float64(0.2)), (8, np.float64(0.2)), (9, np.float64(0.2))]
2026-03-09 04:25:07,936 - INFO - 
选择的种子集 (按alpha排序): [0, 1, 2, 3, 4, 5, 6, 7, 8, 9, 10, 11, 12, 13, 14, 15, 16, 17, 18, 19, 20, 21, 22, 23, 24, 25, 26, 27, 28, 29, 30, 31, 32, 33, 34, 35, 36, 37, 38, 39, 40, 41, 42, 43, 44, 45, 46, 47, 48, 49, 50, 51, 52, 53, 54, 55, 56, 57, 58, 59]

2026-03-09 04:25:07,936 - INFO - 当前用时 0.00 秒
2026-03-09 04:25:07,936 - INFO - 将种子集 写入位置: /home/wen/work/coup_spread/network.netscience/2026-3-11/seeds-with-network.netscience/random_alpha_sort_seedNum-60_SSRNum-50000.txt
2026-03-09 04:25:07,936 - INFO - 首次生成种子集 ris_optimized
2026-03-09 04:25:07,936 - INFO - 执行当前算法开始: ris_optimized
2026-03-09 04:25:07,939 - INFO - 图初始化完成，节点数: 379，当前模式: 优化采样
2026-03-09 04:25:07,939 - INFO - 开始生成 50000 组多重RR-Set...
2026-03-09 04:25:14,151 - INFO - 生成完毕。耗时: 6.21 秒。
2026-03-09 04:25:14,155 - INFO - 开始基于多重RR集贪心选择最优种子...
2026-03-09 04:25:15,120 - INFO - 选种完毕。耗时: 0.96 秒。估算范围: 43.65
2026-03-09 04:25:15,398 - INFO - 当前用时 7.46 秒
2026-03-09 04:25:15,398 - INFO - 将种子集 写入位置: /home/wen/work/coup_spread/network.netscience/2026-3-11/seeds-with-network.netscience/random_ris_optimized_seedNum-60_SSRNum-50000.txt
2026-03-09 04:25:15,399 - INFO - 首次生成种子集 1hop_sort
2026-03-09 04:25:15,399 - INFO - 执行当前算法开始: 1hop_sort
2026-03-09 04:25:15,399 - INFO - --- Running: Teacher's 1-Hop Expected Spread Sort ---
2026-03-09 04:25:15,400 - INFO - 选出的前 5 个种子得分展示: [0.4 0.4 0.4 0.4 0.4]
2026-03-09 04:25:15,400 - INFO - 当前用时 0.00 秒
2026-03-09 04:25:15,401 - INFO - 将种子集 写入位置: /home/wen/work/coup_spread/network.netscience/2026-3-11/seeds-with-network.netscience/random_1hop_sort_seedNum-60_SSRNum-50000.txt
2026-03-09 04:25:15,401 - INFO - 评估种子集: None
2026-03-09 04:25:15,401 - INFO - 多进程评估开始，共有 6 个方法待评估...
2026-03-09 04:25:15,401 - INFO - 启动进程池，Worker数量: 6
2026-03-09 04:25:15,473 - INFO - [Process 3945908] 开始评估方法: random, 种子数: 60
2026-03-09 04:25:15,480 - INFO - [Process 3945909] 开始评估方法: degreeTopM, 种子数: 60
2026-03-09 04:25:15,499 - INFO - [Process 3945910] 开始评估方法: pageRank, 种子数: 60
2026-03-09 04:25:15,515 - INFO - [Process 3945911] 开始评估方法: alpha_sort, 种子数: 60
2026-03-09 04:25:15,523 - INFO - [Process 3945912] 开始评估方法: ris_optimized, 种子数: 60
2026-03-09 04:25:15,529 - INFO - [Process 3945913] 开始评估方法: 1hop_sort, 种子数: 60
2026-03-09 04:25:17,399 - INFO - [pageRank - 种子:60] 拉新:47.1人 | 总销量:52.1单 | 品牌曝光:263.0次 | 🌟综合得分:75.9
2026-03-09 04:25:17,415 - INFO - [degreeTopM - 种子:60] 拉新:46.1人 | 总销量:52.4单 | 品牌曝光:264.2次 | 🌟综合得分:75.7
2026-03-09 04:25:17,511 - INFO - [alpha_sort - 种子:60] 拉新:38.4人 | 总销量:53.7单 | 品牌曝光:270.0次 | 🌟综合得分:73.1
2026-03-09 04:25:17,539 - INFO - [random - 种子:60] 拉新:44.6人 | 总销量:47.8单 | 品牌曝光:244.2次 | 🌟综合得分:70.6
2026-03-09 04:25:17,565 - INFO - [ris_optimized - 种子:60] 拉新:51.1人 | 总销量:55.5单 | 品牌曝光:277.7次 | 🌟综合得分:81.1
2026-03-09 04:25:17,635 - INFO - [1hop_sort - 种子:60] 拉新:44.9人 | 总销量:55.7单 | 品牌曝光:278.6次 | 🌟综合得分:78.1
2026-03-09 04:25:17,654 - INFO - 所有进程执行完毕，开始写入数据...
2026-03-09 04:25:17,659 - INFO - 成功写入 6 条记录至 /home/wen/work/coup_spread/gzc-impl/results/network.netscience/2026-3-11/random_SSRNum-50000-_seedNum-60_simuTimes-500.csv
2026-03-09 04:25:17,660 - INFO - 保存评估文件至: /home/wen/work/coup_spread/gzc-impl/results/network.netscience/2026-3-11/random_SSRNum-50000-_seedNum-60_simuTimes-500.csv
2026-03-09 04:25:17,662 - INFO - 加载数据集: network.netscience
2026-03-09 04:25:17,662 - INFO - --- 矩阵分析 ---
2026-03-09 04:25:17,662 - INFO - 节点数 (N): 379
2026-03-09 04:25:17,662 - INFO - 边数 (E): 1828
2026-03-09 04:25:17,662 - INFO - 密度 (Density): 0.01272617 (越小越稀疏)
2026-03-09 04:25:17,662 - INFO - 稀疏度 (Sparsity): 0.98727383 (越接近1越稀疏)
2026-03-09 04:25:17,662 - INFO - 平均度数 (Avg Degree): 4.82
2026-03-09 04:25:17,662 - INFO - >>> 正在注入完美对抗属性（验证三条定理）...
2026-03-09 04:25:17,665 - INFO - 首次生成种子集 random
2026-03-09 04:25:17,665 - INFO - 执行当前算法开始: random
2026-03-09 04:25:17,665 - INFO - 数据集节点总数:  n = 379, m = 70
2026-03-09 04:25:17,665 - INFO - 选择 70  [31, 63, 261, 77, 251, 209, 26, 58, 339, 333, 317, 88, 347, 23, 104, 294, 349, 18, 181, 327, 248, 370, 239, 279, 95, 182, 196, 329, 163, 37, 220, 290, 40, 153, 13, 105, 180, 213, 141, 284, 127, 135, 211, 99, 245, 320, 302, 73, 345, 138, 82, 12, 144, 192, 52, 296, 187, 303, 90, 368, 271, 110, 325, 155, 357, 22, 170, 263, 299, 343]

2026-03-09 04:25:17,665 - INFO - 当前用时 0.00 秒
2026-03-09 04:25:17,665 - INFO - 将种子集 写入位置: /home/wen/work/coup_spread/network.netscience/2026-3-11/seeds-with-network.netscience/random_random_seedNum-70_SSRNum-50000.txt
2026-03-09 04:25:17,666 - INFO - 首次生成种子集 degreeTopM
2026-03-09 04:25:17,666 - INFO - 执行当前算法开始: degreeTopM
2026-03-09 04:25:17,666 - INFO - 依据: 选择连接数（度数）最多的节点。
2026-03-09 04:25:17,666 - INFO - 选择的 Top M 节点及其度数:
2026-03-09 04:25:17,666 - INFO - 
2026-03-09 04:25:17,666 - INFO - 当前用时 0.00 秒
2026-03-09 04:25:17,666 - INFO - 将种子集 写入位置: /home/wen/work/coup_spread/network.netscience/2026-3-11/seeds-with-network.netscience/random_degreeTopM_seedNum-70_SSRNum-50000.txt
2026-03-09 04:25:17,666 - INFO - 首次生成种子集 pageRank
2026-03-09 04:25:17,666 - INFO - 执行当前算法开始: pageRank
2026-03-09 04:25:17,666 - INFO - --- Running: PageRank (on tranProMatrix) Top M ---
2026-03-09 04:25:17,676 - INFO - Selected PageRank seeds: [58, 3, 4, 119, 72, 5, 142, 106, 53, 219, 189, 107, 13, 41, 187, 7, 44, 92, 94, 173, 62, 95, 167, 96, 118, 75, 8, 123, 235, 234, 113, 180, 217, 11, 0, 76, 232, 124, 233, 46, 20, 140, 329, 52, 156, 87, 362, 122, 268, 74, 126, 81, 252, 249, 250, 295, 14, 320, 204, 201, 267, 209, 127, 188, 258, 259, 200, 178, 193, 216]
2026-03-09 04:25:17,676 - INFO - 当前用时 0.01 秒
2026-03-09 04:25:17,676 - INFO - 将种子集 写入位置: /home/wen/work/coup_spread/network.netscience/2026-3-11/seeds-with-network.netscience/random_pageRank_seedNum-70_SSRNum-50000.txt
2026-03-09 04:25:17,676 - INFO - 首次生成种子集 alpha_sort
2026-03-09 04:25:17,676 - INFO - 执行当前算法开始: alpha_sort
2026-03-09 04:25:17,676 - INFO - 379 个节点的alpha值降序排序 done
2026-03-09 04:25:17,676 - INFO - ==============>> [(0, np.float64(0.2)), (1, np.float64(0.2)), (2, np.float64(0.2)), (3, np.float64(0.2)), (4, np.float64(0.2)), (5, np.float64(0.2)), (6, np.float64(0.2)), (7, np.float64(0.2)), (8, np.float64(0.2)), (9, np.float64(0.2))]
2026-03-09 04:25:17,676 - INFO - 
选择的种子集 (按alpha排序): [0, 1, 2, 3, 4, 5, 6, 7, 8, 9, 10, 11, 12, 13, 14, 15, 16, 17, 18, 19, 20, 21, 22, 23, 24, 25, 26, 27, 28, 29, 30, 31, 32, 33, 34, 35, 36, 37, 38, 39, 40, 41, 42, 43, 44, 45, 46, 47, 48, 49, 50, 51, 52, 53, 54, 55, 56, 57, 58, 59, 60, 61, 62, 63, 64, 65, 66, 67, 68, 69]

2026-03-09 04:25:17,676 - INFO - 当前用时 0.00 秒
2026-03-09 04:25:17,676 - INFO - 将种子集 写入位置: /home/wen/work/coup_spread/network.netscience/2026-3-11/seeds-with-network.netscience/random_alpha_sort_seedNum-70_SSRNum-50000.txt
2026-03-09 04:25:17,677 - INFO - 首次生成种子集 ris_optimized
2026-03-09 04:25:17,677 - INFO - 执行当前算法开始: ris_optimized
2026-03-09 04:25:17,679 - INFO - 图初始化完成，节点数: 379，当前模式: 优化采样
2026-03-09 04:25:17,679 - INFO - 开始生成 50000 组多重RR-Set...
2026-03-09 04:25:24,943 - INFO - 生成完毕。耗时: 7.26 秒。
2026-03-09 04:25:24,957 - INFO - 开始基于多重RR集贪心选择最优种子...
2026-03-09 04:25:26,213 - INFO - 选种完毕。耗时: 1.26 秒。估算范围: 49.49
2026-03-09 04:25:26,545 - INFO - 当前用时 8.87 秒
2026-03-09 04:25:26,546 - INFO - 将种子集 写入位置: /home/wen/work/coup_spread/network.netscience/2026-3-11/seeds-with-network.netscience/random_ris_optimized_seedNum-70_SSRNum-50000.txt
2026-03-09 04:25:26,546 - INFO - 首次生成种子集 1hop_sort
2026-03-09 04:25:26,546 - INFO - 执行当前算法开始: 1hop_sort
2026-03-09 04:25:26,546 - INFO - --- Running: Teacher's 1-Hop Expected Spread Sort ---
2026-03-09 04:25:26,547 - INFO - 选出的前 5 个种子得分展示: [0.4 0.4 0.4 0.4 0.4]
2026-03-09 04:25:26,548 - INFO - 当前用时 0.00 秒
2026-03-09 04:25:26,548 - INFO - 将种子集 写入位置: /home/wen/work/coup_spread/network.netscience/2026-3-11/seeds-with-network.netscience/random_1hop_sort_seedNum-70_SSRNum-50000.txt
2026-03-09 04:25:26,548 - INFO - 评估种子集: None
2026-03-09 04:25:26,548 - INFO - 多进程评估开始，共有 6 个方法待评估...
2026-03-09 04:25:26,548 - INFO - 启动进程池，Worker数量: 6
2026-03-09 04:25:26,612 - INFO - [Process 3946116] 开始评估方法: random, 种子数: 70
2026-03-09 04:25:26,616 - INFO - [Process 3946117] 开始评估方法: degreeTopM, 种子数: 70
2026-03-09 04:25:26,622 - INFO - [Process 3946118] 开始评估方法: pageRank, 种子数: 70
2026-03-09 04:25:26,628 - INFO - [Process 3946119] 开始评估方法: alpha_sort, 种子数: 70
2026-03-09 04:25:26,636 - INFO - [Process 3946120] 开始评估方法: ris_optimized, 种子数: 70
2026-03-09 04:25:26,642 - INFO - [Process 3946121] 开始评估方法: 1hop_sort, 种子数: 70
2026-03-09 04:25:28,763 - INFO - [random - 种子:70] 拉新:53.1人 | 总销量:58.3单 | 品牌曝光:295.6次 | 🌟综合得分:85.3
2026-03-09 04:25:28,932 - INFO - [1hop_sort - 种子:70] 拉新:52.2人 | 总销量:64.3单 | 品牌曝光:321.6次 | 🌟综合得分:90.4
2026-03-09 04:25:28,952 - INFO - [degreeTopM - 种子:70] 拉新:52.4人 | 总销量:61.0单 | 品牌曝光:307.4次 | 🌟综合得分:87.4
2026-03-09 04:25:28,969 - INFO - [pageRank - 种子:70] 拉新:54.8人 | 总销量:61.5单 | 品牌曝光:309.2次 | 🌟综合得分:89.1
2026-03-09 04:25:29,024 - INFO - [alpha_sort - 种子:70] 拉新:45.4人 | 总销量:63.1单 | 品牌曝光:316.6次 | 🌟综合得分:85.9
2026-03-09 04:25:29,050 - INFO - [ris_optimized - 种子:70] 拉新:58.8人 | 总销量:65.0单 | 品牌曝光:324.6次 | 🌟综合得分:94.3
2026-03-09 04:25:29,073 - INFO - 所有进程执行完毕，开始写入数据...
2026-03-09 04:25:29,083 - INFO - 成功写入 6 条记录至 /home/wen/work/coup_spread/gzc-impl/results/network.netscience/2026-3-11/random_SSRNum-50000-_seedNum-70_simuTimes-500.csv
2026-03-09 04:25:29,084 - INFO - 保存评估文件至: /home/wen/work/coup_spread/gzc-impl/results/network.netscience/2026-3-11/random_SSRNum-50000-_seedNum-70_simuTimes-500.csv
2026-03-09 04:25:29,085 - INFO - 加载数据集: network.netscience
2026-03-09 04:25:29,086 - INFO - --- 矩阵分析 ---
2026-03-09 04:25:29,086 - INFO - 节点数 (N): 379
2026-03-09 04:25:29,086 - INFO - 边数 (E): 1828
2026-03-09 04:25:29,086 - INFO - 密度 (Density): 0.01272617 (越小越稀疏)
2026-03-09 04:25:29,086 - INFO - 稀疏度 (Sparsity): 0.98727383 (越接近1越稀疏)
2026-03-09 04:25:29,086 - INFO - 平均度数 (Avg Degree): 4.82
2026-03-09 04:25:29,086 - INFO - >>> 正在注入完美对抗属性（验证三条定理）...
2026-03-09 04:25:29,091 - INFO - 首次生成种子集 random
2026-03-09 04:25:29,091 - INFO - 执行当前算法开始: random
2026-03-09 04:25:29,091 - INFO - 数据集节点总数:  n = 379, m = 80
2026-03-09 04:25:29,091 - INFO - 选择 80  [108, 202, 249, 335, 56, 297, 43, 229, 307, 268, 302, 196, 340, 267, 275, 336, 163, 372, 378, 226, 149, 47, 355, 217, 90, 308, 209, 76, 255, 21, 337, 95, 271, 363, 351, 365, 190, 175, 91, 73, 184, 186, 118, 37, 285, 227, 313, 96, 315, 113, 281, 341, 44, 292, 289, 328, 174, 294, 343, 191, 338, 223, 115, 276, 39, 269, 85, 170, 52, 261, 148, 31, 358, 154, 348, 55, 3, 155, 182, 333]

2026-03-09 04:25:29,092 - INFO - 当前用时 0.00 秒
2026-03-09 04:25:29,092 - INFO - 将种子集 写入位置: /home/wen/work/coup_spread/network.netscience/2026-3-11/seeds-with-network.netscience/random_random_seedNum-80_SSRNum-50000.txt
2026-03-09 04:25:29,092 - INFO - 首次生成种子集 degreeTopM
2026-03-09 04:25:29,092 - INFO - 执行当前算法开始: degreeTopM
2026-03-09 04:25:29,092 - INFO - 依据: 选择连接数（度数）最多的节点。
2026-03-09 04:25:29,093 - INFO - 选择的 Top M 节点及其度数:
2026-03-09 04:25:29,093 - INFO - 
2026-03-09 04:25:29,093 - INFO - 当前用时 0.00 秒
2026-03-09 04:25:29,093 - INFO - 将种子集 写入位置: /home/wen/work/coup_spread/network.netscience/2026-3-11/seeds-with-network.netscience/random_degreeTopM_seedNum-80_SSRNum-50000.txt
2026-03-09 04:25:29,093 - INFO - 首次生成种子集 pageRank
2026-03-09 04:25:29,093 - INFO - 执行当前算法开始: pageRank
2026-03-09 04:25:29,093 - INFO - --- Running: PageRank (on tranProMatrix) Top M ---
2026-03-09 04:25:29,106 - INFO - Selected PageRank seeds: [58, 3, 4, 119, 72, 5, 142, 106, 53, 219, 189, 107, 13, 41, 187, 7, 44, 92, 94, 173, 62, 95, 167, 96, 118, 75, 8, 123, 235, 234, 113, 180, 217, 11, 0, 76, 232, 124, 233, 46, 20, 140, 329, 52, 156, 87, 362, 122, 268, 74, 126, 81, 252, 249, 250, 295, 14, 320, 204, 201, 267, 209, 127, 188, 258, 259, 200, 178, 193, 216, 162, 163, 225, 69, 280, 40, 42, 286, 198, 369]
2026-03-09 04:25:29,106 - INFO - 当前用时 0.01 秒
2026-03-09 04:25:29,106 - INFO - 将种子集 写入位置: /home/wen/work/coup_spread/network.netscience/2026-3-11/seeds-with-network.netscience/random_pageRank_seedNum-80_SSRNum-50000.txt
2026-03-09 04:25:29,106 - INFO - 首次生成种子集 alpha_sort
2026-03-09 04:25:29,106 - INFO - 执行当前算法开始: alpha_sort
2026-03-09 04:25:29,106 - INFO - 379 个节点的alpha值降序排序 done
2026-03-09 04:25:29,106 - INFO - ==============>> [(0, np.float64(0.2)), (1, np.float64(0.2)), (2, np.float64(0.2)), (3, np.float64(0.2)), (4, np.float64(0.2)), (5, np.float64(0.2)), (6, np.float64(0.2)), (7, np.float64(0.2)), (8, np.float64(0.2)), (9, np.float64(0.2))]
2026-03-09 04:25:29,107 - INFO - 
选择的种子集 (按alpha排序): [0, 1, 2, 3, 4, 5, 6, 7, 8, 9, 10, 11, 12, 13, 14, 15, 16, 17, 18, 19, 20, 21, 22, 23, 24, 25, 26, 27, 28, 29, 30, 31, 32, 33, 34, 35, 36, 37, 38, 39, 40, 41, 42, 43, 44, 45, 46, 47, 48, 49, 50, 51, 52, 53, 54, 55, 56, 57, 58, 59, 60, 61, 62, 63, 64, 65, 66, 67, 68, 69, 70, 71, 72, 73, 74, 75, 76, 77, 78, 79]

2026-03-09 04:25:29,107 - INFO - 当前用时 0.00 秒
2026-03-09 04:25:29,107 - INFO - 将种子集 写入位置: /home/wen/work/coup_spread/network.netscience/2026-3-11/seeds-with-network.netscience/random_alpha_sort_seedNum-80_SSRNum-50000.txt
2026-03-09 04:25:29,107 - INFO - 首次生成种子集 ris_optimized
2026-03-09 04:25:29,107 - INFO - 执行当前算法开始: ris_optimized
2026-03-09 04:25:29,109 - INFO - 图初始化完成，节点数: 379，当前模式: 优化采样
2026-03-09 04:25:29,109 - INFO - 开始生成 50000 组多重RR-Set...
2026-03-09 04:25:37,924 - INFO - 生成完毕。耗时: 8.81 秒。
2026-03-09 04:25:37,934 - INFO - 开始基于多重RR集贪心选择最优种子...
2026-03-09 04:25:39,457 - INFO - 选种完毕。耗时: 1.52 秒。估算范围: 55.67
2026-03-09 04:25:39,867 - INFO - 当前用时 10.76 秒
2026-03-09 04:25:39,868 - INFO - 将种子集 写入位置: /home/wen/work/coup_spread/network.netscience/2026-3-11/seeds-with-network.netscience/random_ris_optimized_seedNum-80_SSRNum-50000.txt
2026-03-09 04:25:39,868 - INFO - 首次生成种子集 1hop_sort
2026-03-09 04:25:39,868 - INFO - 执行当前算法开始: 1hop_sort
2026-03-09 04:25:39,868 - INFO - --- Running: Teacher's 1-Hop Expected Spread Sort ---
2026-03-09 04:25:39,870 - INFO - 选出的前 5 个种子得分展示: [0.4 0.4 0.4 0.4 0.4]
2026-03-09 04:25:39,870 - INFO - 当前用时 0.00 秒
2026-03-09 04:25:39,870 - INFO - 将种子集 写入位置: /home/wen/work/coup_spread/network.netscience/2026-3-11/seeds-with-network.netscience/random_1hop_sort_seedNum-80_SSRNum-50000.txt
2026-03-09 04:25:39,870 - INFO - 评估种子集: None
2026-03-09 04:25:39,870 - INFO - 多进程评估开始，共有 6 个方法待评估...
2026-03-09 04:25:39,870 - INFO - 启动进程池，Worker数量: 6
2026-03-09 04:25:39,935 - INFO - [Process 3946316] 开始评估方法: random, 种子数: 80
2026-03-09 04:25:39,942 - INFO - [Process 3946317] 开始评估方法: degreeTopM, 种子数: 80
2026-03-09 04:25:39,951 - INFO - [Process 3946318] 开始评估方法: pageRank, 种子数: 80
2026-03-09 04:25:39,958 - INFO - [Process 3946319] 开始评估方法: alpha_sort, 种子数: 80
2026-03-09 04:25:39,967 - INFO - [Process 3946320] 开始评估方法: ris_optimized, 种子数: 80
2026-03-09 04:25:39,973 - INFO - [Process 3946321] 开始评估方法: 1hop_sort, 种子数: 80
2026-03-09 04:25:42,480 - INFO - [pageRank - 种子:80] 拉新:60.3人 | 总销量:68.5单 | 品牌曝光:345.8次 | 🌟综合得分:99.0
2026-03-09 04:25:42,607 - INFO - [degreeTopM - 种子:80] 拉新:58.8人 | 总销量:69.4单 | 品牌曝光:350.0次 | 🌟综合得分:99.1
2026-03-09 04:25:42,660 - INFO - [alpha_sort - 种子:80] 拉新:52.1人 | 总销量:72.6单 | 品牌曝光:363.3次 | 🌟综合得分:98.7
2026-03-09 04:25:42,728 - INFO - [1hop_sort - 种子:80] 拉新:59.7人 | 总销量:73.7单 | 品牌曝光:368.0次 | 🌟综合得分:103.5
2026-03-09 04:25:42,781 - INFO - [random - 种子:80] 拉新:59.6人 | 总销量:66.2单 | 品牌曝光:336.3次 | 🌟综合得分:96.5
2026-03-09 04:25:42,802 - INFO - [ris_optimized - 种子:80] 拉新:66.2人 | 总销量:74.0单 | 品牌曝光:369.1次 | 🌟综合得分:107.0
2026-03-09 04:25:42,825 - INFO - 所有进程执行完毕，开始写入数据...
2026-03-09 04:25:42,836 - INFO - 成功写入 6 条记录至 /home/wen/work/coup_spread/gzc-impl/results/network.netscience/2026-3-11/random_SSRNum-50000-_seedNum-80_simuTimes-500.csv
2026-03-09 04:25:42,837 - INFO - 保存评估文件至: /home/wen/work/coup_spread/gzc-impl/results/network.netscience/2026-3-11/random_SSRNum-50000-_seedNum-80_simuTimes-500.csv
2026-03-09 04:25:42,841 - INFO - 加载数据集: network.netscience
2026-03-09 04:25:42,842 - INFO - --- 矩阵分析 ---
2026-03-09 04:25:42,842 - INFO - 节点数 (N): 379
2026-03-09 04:25:42,842 - INFO - 边数 (E): 1828
2026-03-09 04:25:42,842 - INFO - 密度 (Density): 0.01272617 (越小越稀疏)
2026-03-09 04:25:42,842 - INFO - 稀疏度 (Sparsity): 0.98727383 (越接近1越稀疏)
2026-03-09 04:25:42,842 - INFO - 平均度数 (Avg Degree): 4.82
2026-03-09 04:25:42,842 - INFO - >>> 正在注入完美对抗属性（验证三条定理）...
2026-03-09 04:25:42,846 - INFO - 首次生成种子集 random
2026-03-09 04:25:42,846 - INFO - 执行当前算法开始: random
2026-03-09 04:25:42,846 - INFO - 数据集节点总数:  n = 379, m = 90
2026-03-09 04:25:42,846 - INFO - 选择 90  [230, 155, 81, 103, 206, 157, 284, 220, 57, 274, 311, 188, 366, 267, 254, 136, 126, 122, 286, 48, 78, 335, 312, 258, 331, 253, 363, 251, 297, 313, 300, 292, 71, 5, 193, 34, 247, 211, 359, 118, 203, 112, 208, 315, 255, 227, 362, 12, 205, 44, 138, 167, 353, 215, 95, 129, 352, 279, 106, 228, 145, 150, 11, 56, 135, 2, 316, 196, 65, 80, 374, 158, 59, 175, 42, 218, 58, 285, 31, 197, 376, 261, 82, 191, 183, 17, 324, 102, 321, 231]

2026-03-09 04:25:42,847 - INFO - 当前用时 0.00 秒
2026-03-09 04:25:42,847 - INFO - 将种子集 写入位置: /home/wen/work/coup_spread/network.netscience/2026-3-11/seeds-with-network.netscience/random_random_seedNum-90_SSRNum-50000.txt
2026-03-09 04:25:42,847 - INFO - 首次生成种子集 degreeTopM
2026-03-09 04:25:42,847 - INFO - 执行当前算法开始: degreeTopM
2026-03-09 04:25:42,847 - INFO - 依据: 选择连接数（度数）最多的节点。
2026-03-09 04:25:42,847 - INFO - 选择的 Top M 节点及其度数:
2026-03-09 04:25:42,847 - INFO - 
2026-03-09 04:25:42,848 - INFO - 当前用时 0.00 秒
2026-03-09 04:25:42,848 - INFO - 将种子集 写入位置: /home/wen/work/coup_spread/network.netscience/2026-3-11/seeds-with-network.netscience/random_degreeTopM_seedNum-90_SSRNum-50000.txt
2026-03-09 04:25:42,848 - INFO - 首次生成种子集 pageRank
2026-03-09 04:25:42,848 - INFO - 执行当前算法开始: pageRank
2026-03-09 04:25:42,848 - INFO - --- Running: PageRank (on tranProMatrix) Top M ---
2026-03-09 04:25:42,859 - INFO - Selected PageRank seeds: [58, 3, 4, 119, 72, 5, 142, 106, 53, 219, 189, 107, 13, 41, 187, 7, 44, 92, 94, 173, 62, 95, 167, 96, 118, 75, 8, 123, 235, 234, 113, 180, 217, 11, 0, 76, 232, 124, 233, 46, 20, 140, 329, 52, 156, 87, 362, 122, 268, 74, 126, 81, 252, 249, 250, 295, 14, 320, 204, 201, 267, 209, 127, 188, 258, 259, 200, 178, 193, 216, 162, 163, 225, 69, 280, 40, 42, 286, 198, 369, 247, 283, 15, 16, 28, 29, 63, 18, 19, 261]
2026-03-09 04:25:42,859 - INFO - 当前用时 0.01 秒
2026-03-09 04:25:42,859 - INFO - 将种子集 写入位置: /home/wen/work/coup_spread/network.netscience/2026-3-11/seeds-with-network.netscience/random_pageRank_seedNum-90_SSRNum-50000.txt
2026-03-09 04:25:42,859 - INFO - 首次生成种子集 alpha_sort
2026-03-09 04:25:42,859 - INFO - 执行当前算法开始: alpha_sort
2026-03-09 04:25:42,859 - INFO - 379 个节点的alpha值降序排序 done
2026-03-09 04:25:42,859 - INFO - ==============>> [(0, np.float64(0.2)), (1, np.float64(0.2)), (2, np.float64(0.2)), (3, np.float64(0.2)), (4, np.float64(0.2)), (5, np.float64(0.2)), (6, np.float64(0.2)), (7, np.float64(0.2)), (8, np.float64(0.2)), (9, np.float64(0.2))]
2026-03-09 04:25:42,859 - INFO - 
选择的种子集 (按alpha排序): [0, 1, 2, 3, 4, 5, 6, 7, 8, 9, 10, 11, 12, 13, 14, 15, 16, 17, 18, 19, 20, 21, 22, 23, 24, 25, 26, 27, 28, 29, 30, 31, 32, 33, 34, 35, 36, 37, 38, 39, 40, 41, 42, 43, 44, 45, 46, 47, 48, 49, 50, 51, 52, 53, 54, 55, 56, 57, 58, 59, 60, 61, 62, 63, 64, 65, 66, 67, 68, 69, 70, 71, 72, 73, 74, 75, 76, 77, 78, 79, 80, 81, 82, 83, 84, 85, 86, 87, 88, 89]

2026-03-09 04:25:42,860 - INFO - 当前用时 0.00 秒
2026-03-09 04:25:42,860 - INFO - 将种子集 写入位置: /home/wen/work/coup_spread/network.netscience/2026-3-11/seeds-with-network.netscience/random_alpha_sort_seedNum-90_SSRNum-50000.txt
2026-03-09 04:25:42,860 - INFO - 首次生成种子集 ris_optimized
2026-03-09 04:25:42,860 - INFO - 执行当前算法开始: ris_optimized
2026-03-09 04:25:42,862 - INFO - 图初始化完成，节点数: 379，当前模式: 优化采样
2026-03-09 04:25:42,862 - INFO - 开始生成 50000 组多重RR-Set...
2026-03-09 04:25:51,894 - INFO - 生成完毕。耗时: 9.03 秒。
2026-03-09 04:25:51,903 - INFO - 开始基于多重RR集贪心选择最优种子...
2026-03-09 04:25:53,378 - INFO - 选种完毕。耗时: 1.47 秒。估算范围: 62.37
2026-03-09 04:25:53,714 - INFO - 当前用时 10.85 秒
2026-03-09 04:25:53,715 - INFO - 将种子集 写入位置: /home/wen/work/coup_spread/network.netscience/2026-3-11/seeds-with-network.netscience/random_ris_optimized_seedNum-90_SSRNum-50000.txt
2026-03-09 04:25:53,715 - INFO - 首次生成种子集 1hop_sort
2026-03-09 04:25:53,715 - INFO - 执行当前算法开始: 1hop_sort
2026-03-09 04:25:53,715 - INFO - --- Running: Teacher's 1-Hop Expected Spread Sort ---
2026-03-09 04:25:53,717 - INFO - 选出的前 5 个种子得分展示: [0.4 0.4 0.4 0.4 0.4]
2026-03-09 04:25:53,717 - INFO - 当前用时 0.00 秒
2026-03-09 04:25:53,717 - INFO - 将种子集 写入位置: /home/wen/work/coup_spread/network.netscience/2026-3-11/seeds-with-network.netscience/random_1hop_sort_seedNum-90_SSRNum-50000.txt
2026-03-09 04:25:53,718 - INFO - 评估种子集: None
2026-03-09 04:25:53,718 - INFO - 多进程评估开始，共有 6 个方法待评估...
2026-03-09 04:25:53,718 - INFO - 启动进程池，Worker数量: 6
2026-03-09 04:25:53,797 - INFO - [Process 3946553] 开始评估方法: random, 种子数: 90
2026-03-09 04:25:53,803 - INFO - [Process 3946554] 开始评估方法: degreeTopM, 种子数: 90
2026-03-09 04:25:53,822 - INFO - [Process 3946555] 开始评估方法: pageRank, 种子数: 90
2026-03-09 04:25:53,827 - INFO - [Process 3946556] 开始评估方法: alpha_sort, 种子数: 90
2026-03-09 04:25:53,832 - INFO - [Process 3946557] 开始评估方法: ris_optimized, 种子数: 90
2026-03-09 04:25:53,842 - INFO - [Process 3946558] 开始评估方法: 1hop_sort, 种子数: 90
2026-03-09 04:25:56,570 - INFO - [random - 种子:90] 拉新:67.3人 | 总销量:75.8单 | 品牌曝光:383.7次 | 🌟综合得分:109.9
2026-03-09 04:25:56,744 - INFO - [pageRank - 种子:90] 拉新:66.8人 | 总销量:77.6单 | 品牌曝光:391.3次 | 🌟综合得分:111.3
2026-03-09 04:25:56,798 - INFO - [degreeTopM - 种子:90] 拉新:64.8人 | 总销量:77.2单 | 品牌曝光:389.7次 | 🌟综合得分:110.0
2026-03-09 04:25:56,826 - INFO - [alpha_sort - 种子:90] 拉新:56.7人 | 总销量:80.4单 | 品牌曝光:404.0次 | 🌟综合得分:108.9
2026-03-09 04:25:56,940 - INFO - [1hop_sort - 种子:90] 拉新:67.0人 | 总销量:83.0单 | 品牌曝光:415.4次 | 🌟综合得分:116.5
2026-03-09 04:25:57,353 - INFO - [ris_optimized - 种子:90] 拉新:73.5人 | 总销量:83.6单 | 品牌曝光:418.0次 | 🌟综合得分:120.3
2026-03-09 04:25:57,378 - INFO - 所有进程执行完毕，开始写入数据...
2026-03-09 04:25:57,389 - INFO - 成功写入 6 条记录至 /home/wen/work/coup_spread/gzc-impl/results/network.netscience/2026-3-11/random_SSRNum-50000-_seedNum-90_simuTimes-500.csv
2026-03-09 04:25:57,390 - INFO - 保存评估文件至: /home/wen/work/coup_spread/gzc-impl/results/network.netscience/2026-3-11/random_SSRNum-50000-_seedNum-90_simuTimes-500.csv
2026-03-09 04:25:57,392 - INFO - 加载数据集: network.netscience
2026-03-09 04:25:57,393 - INFO - --- 矩阵分析 ---
2026-03-09 04:25:57,393 - INFO - 节点数 (N): 379
2026-03-09 04:25:57,393 - INFO - 边数 (E): 1828
2026-03-09 04:25:57,393 - INFO - 密度 (Density): 0.01272617 (越小越稀疏)
2026-03-09 04:25:57,393 - INFO - 稀疏度 (Sparsity): 0.98727383 (越接近1越稀疏)
2026-03-09 04:25:57,393 - INFO - 平均度数 (Avg Degree): 4.82
2026-03-09 04:25:57,394 - INFO - >>> 正在注入完美对抗属性（验证三条定理）...
2026-03-09 04:25:57,397 - INFO - 首次生成种子集 random
2026-03-09 04:25:57,398 - INFO - 执行当前算法开始: random
2026-03-09 04:25:57,398 - INFO - 数据集节点总数:  n = 379, m = 100
2026-03-09 04:25:57,398 - INFO - 选择 100  [291, 369, 288, 317, 1, 147, 192, 101, 27, 229, 171, 99, 352, 26, 357, 284, 9, 322, 285, 121, 320, 122, 5, 281, 344, 188, 85, 239, 365, 362, 177, 209, 280, 172, 113, 73, 191, 155, 50, 21, 45, 32, 235, 224, 53, 277, 301, 245, 230, 211, 233, 241, 74, 319, 44, 252, 364, 257, 254, 148, 265, 377, 258, 346, 133, 98, 152, 250, 198, 321, 176, 376, 215, 102, 347, 47, 378, 131, 182, 114, 194, 197, 89, 170, 160, 42, 103, 58, 157, 276, 168, 324, 24, 142, 49, 15, 363, 366, 329, 140]

2026-03-09 04:25:57,398 - INFO - 当前用时 0.00 秒
2026-03-09 04:25:57,398 - INFO - 将种子集 写入位置: /home/wen/work/coup_spread/network.netscience/2026-3-11/seeds-with-network.netscience/random_random_seedNum-100_SSRNum-50000.txt
2026-03-09 04:25:57,398 - INFO - 首次生成种子集 degreeTopM
2026-03-09 04:25:57,399 - INFO - 执行当前算法开始: degreeTopM
2026-03-09 04:25:57,399 - INFO - 依据: 选择连接数（度数）最多的节点。
2026-03-09 04:25:57,399 - INFO - 选择的 Top M 节点及其度数:
2026-03-09 04:25:57,399 - INFO - 
2026-03-09 04:25:57,399 - INFO - 当前用时 0.00 秒
2026-03-09 04:25:57,399 - INFO - 将种子集 写入位置: /home/wen/work/coup_spread/network.netscience/2026-3-11/seeds-with-network.netscience/random_degreeTopM_seedNum-100_SSRNum-50000.txt
2026-03-09 04:25:57,400 - INFO - 首次生成种子集 pageRank
2026-03-09 04:25:57,400 - INFO - 执行当前算法开始: pageRank
2026-03-09 04:25:57,400 - INFO - --- Running: PageRank (on tranProMatrix) Top M ---
2026-03-09 04:25:57,411 - INFO - Selected PageRank seeds: [58, 3, 4, 119, 72, 5, 142, 106, 53, 219, 189, 107, 13, 41, 187, 7, 44, 92, 94, 173, 62, 95, 167, 96, 118, 75, 8, 123, 235, 234, 113, 180, 217, 11, 0, 76, 232, 124, 233, 46, 20, 140, 329, 52, 156, 87, 362, 122, 268, 74, 126, 81, 252, 249, 250, 295, 14, 320, 204, 201, 267, 209, 127, 188, 258, 259, 200, 178, 193, 216, 162, 163, 225, 69, 280, 40, 42, 286, 198, 369, 247, 283, 15, 16, 28, 29, 63, 18, 19, 261, 265, 266, 269, 270, 210, 293, 146, 227, 54, 184]
2026-03-09 04:25:57,411 - INFO - 当前用时 0.01 秒
2026-03-09 04:25:57,412 - INFO - 将种子集 写入位置: /home/wen/work/coup_spread/network.netscience/2026-3-11/seeds-with-network.netscience/random_pageRank_seedNum-100_SSRNum-50000.txt
2026-03-09 04:25:57,412 - INFO - 首次生成种子集 alpha_sort
2026-03-09 04:25:57,412 - INFO - 执行当前算法开始: alpha_sort
2026-03-09 04:25:57,412 - INFO - 379 个节点的alpha值降序排序 done
2026-03-09 04:25:57,412 - INFO - ==============>> [(0, np.float64(0.2)), (1, np.float64(0.2)), (2, np.float64(0.2)), (3, np.float64(0.2)), (4, np.float64(0.2)), (5, np.float64(0.2)), (6, np.float64(0.2)), (7, np.float64(0.2)), (8, np.float64(0.2)), (9, np.float64(0.2))]
2026-03-09 04:25:57,412 - INFO - 
选择的种子集 (按alpha排序): [0, 1, 2, 3, 4, 5, 6, 7, 8, 9, 10, 11, 12, 13, 14, 15, 16, 17, 18, 19, 20, 21, 22, 23, 24, 25, 26, 27, 28, 29, 30, 31, 32, 33, 34, 35, 36, 37, 38, 39, 40, 41, 42, 43, 44, 45, 46, 47, 48, 49, 50, 51, 52, 53, 54, 55, 56, 57, 58, 59, 60, 61, 62, 63, 64, 65, 66, 67, 68, 69, 70, 71, 72, 73, 74, 75, 76, 77, 78, 79, 80, 81, 82, 83, 84, 85, 86, 87, 88, 89, 90, 91, 92, 93, 94, 95, 96, 97, 98, 99]

2026-03-09 04:25:57,412 - INFO - 当前用时 0.00 秒
2026-03-09 04:25:57,412 - INFO - 将种子集 写入位置: /home/wen/work/coup_spread/network.netscience/2026-3-11/seeds-with-network.netscience/random_alpha_sort_seedNum-100_SSRNum-50000.txt
2026-03-09 04:25:57,412 - INFO - 首次生成种子集 ris_optimized
2026-03-09 04:25:57,413 - INFO - 执行当前算法开始: ris_optimized
2026-03-09 04:25:57,415 - INFO - 图初始化完成，节点数: 379，当前模式: 优化采样
2026-03-09 04:25:57,415 - INFO - 开始生成 50000 组多重RR-Set...
2026-03-09 04:26:06,682 - INFO - 生成完毕。耗时: 9.27 秒。
2026-03-09 04:26:06,692 - INFO - 开始基于多重RR集贪心选择最优种子...
2026-03-09 04:26:08,317 - INFO - 选种完毕。耗时: 1.62 秒。估算范围: 68.70
2026-03-09 04:26:08,748 - INFO - 当前用时 11.34 秒
2026-03-09 04:26:08,748 - INFO - 将种子集 写入位置: /home/wen/work/coup_spread/network.netscience/2026-3-11/seeds-with-network.netscience/random_ris_optimized_seedNum-100_SSRNum-50000.txt
2026-03-09 04:26:08,749 - INFO - 首次生成种子集 1hop_sort
2026-03-09 04:26:08,749 - INFO - 执行当前算法开始: 1hop_sort
2026-03-09 04:26:08,749 - INFO - --- Running: Teacher's 1-Hop Expected Spread Sort ---
2026-03-09 04:26:08,750 - INFO - 选出的前 5 个种子得分展示: [0.4 0.4 0.4 0.4 0.4]
2026-03-09 04:26:08,751 - INFO - 当前用时 0.00 秒
2026-03-09 04:26:08,751 - INFO - 将种子集 写入位置: /home/wen/work/coup_spread/network.netscience/2026-3-11/seeds-with-network.netscience/random_1hop_sort_seedNum-100_SSRNum-50000.txt
2026-03-09 04:26:08,751 - INFO - 评估种子集: None
2026-03-09 04:26:08,751 - INFO - 多进程评估开始，共有 6 个方法待评估...
2026-03-09 04:26:08,751 - INFO - 启动进程池，Worker数量: 6
2026-03-09 04:26:08,814 - INFO - [Process 3947023] 开始评估方法: random, 种子数: 100
2026-03-09 04:26:08,822 - INFO - [Process 3947024] 开始评估方法: degreeTopM, 种子数: 100
2026-03-09 04:26:08,840 - INFO - [Process 3947025] 开始评估方法: pageRank, 种子数: 100
2026-03-09 04:26:08,844 - INFO - [Process 3947026] 开始评估方法: alpha_sort, 种子数: 100
2026-03-09 04:26:08,851 - INFO - [Process 3947027] 开始评估方法: ris_optimized, 种子数: 100
2026-03-09 04:26:08,881 - INFO - [Process 3947028] 开始评估方法: 1hop_sort, 种子数: 100
2026-03-09 04:26:11,751 - INFO - [random - 种子:100] 拉新:70.1人 | 总销量:79.7单 | 品牌曝光:407.2次 | 🌟综合得分:115.6
2026-03-09 04:26:12,021 - INFO - [pageRank - 种子:100] 拉新:73.4人 | 总销量:86.8单 | 品牌曝光:438.1次 | 🌟综合得分:123.9
2026-03-09 04:26:12,030 - INFO - [degreeTopM - 种子:100] 拉新:70.9人 | 总销量:86.5单 | 品牌曝光:436.3次 | 🌟综合得分:122.3
2026-03-09 04:26:12,107 - INFO - [alpha_sort - 种子:100] 拉新:64.1人 | 总销量:89.7单 | 品牌曝光:451.4次 | 🌟综合得分:122.0
2026-03-09 04:26:12,278 - INFO - [1hop_sort - 种子:100] 拉新:73.2人 | 总销量:92.3单 | 品牌曝光:463.0次 | 🌟综合得分:129.0
2026-03-09 04:26:12,999 - INFO - [ris_optimized - 种子:100] 拉新:80.9人 | 总销量:92.6单 | 品牌曝光:464.3次 | 🌟综合得分:133.2
2026-03-09 04:26:13,023 - INFO - 所有进程执行完毕，开始写入数据...
2026-03-09 04:26:13,034 - INFO - 成功写入 6 条记录至 /home/wen/work/coup_spread/gzc-impl/results/network.netscience/2026-3-11/random_SSRNum-50000-_seedNum-100_simuTimes-500.csv
2026-03-09 04:26:13,035 - INFO - 保存评估文件至: /home/wen/work/coup_spread/gzc-impl/results/network.netscience/2026-3-11/random_SSRNum-50000-_seedNum-100_simuTimes-500.csv
