2026-01-04 16:45:08,064 - INFO - 加载数据集: facebook
2026-01-04 16:45:08,066 - INFO - --- 矩阵分析 ---
2026-01-04 16:45:08,066 - INFO - 节点数 (N): 4039
2026-01-04 16:45:08,066 - INFO - 边数 (E): 176468
2026-01-04 16:45:08,066 - INFO - 密度 (Density): 0.01081728 (越小越稀疏)
2026-01-04 16:45:08,066 - INFO - 稀疏度 (Sparsity): 0.98918272 (越接近1越稀疏)
2026-01-04 16:45:08,066 - INFO - 平均度数 (Avg Degree): 43.69
2026-01-04 16:45:08,068 - INFO - 首次生成度相关概率分布 分布类型: 'random'.
2026-01-04 16:45:08,068 - INFO - ===> Generating 'Dirichlet' distributions with alpha=[5, 5, 5]...
2026-01-04 16:45:08,070 - INFO - 保存概率分布 文件位置: /root/pythonspace/data-test/facebook/2026-1-4-2/distribution-in-facebook/distribution-random_seedNum-400.pkl
2026-01-04 16:45:08,114 - INFO - 首次生成种子集 random
2026-01-04 16:45:08,114 - INFO - 执行当前算法开始: random
2026-01-04 16:45:08,114 - INFO - 数据集节点总数:  n = 4039, m = 400
2026-01-04 16:45:08,114 - INFO - 选择 400  [2556, 1706, 3451, 715, 3117, 3776, 3201, 1968, 2251, 3317, 1978, 385, 498, 2347, 3282, 3751, 590, 1204, 1632, 1470, 1804, 1012, 688, 3349, 1671, 671, 276, 165, 2941, 1709, 2547, 2915, 326, 874, 321, 3164, 2864, 566, 1994, 2182, 515, 1924, 599, 1856, 1349, 843, 2113, 3256, 2746, 1642, 1820, 1599, 1061, 346, 2548, 1071, 1678, 2041, 1425, 3787, 3740, 473, 976, 3714, 589, 1276, 3662, 3718, 2095, 2096, 2081, 773, 2719, 838, 344, 2604, 1797, 1628, 3024, 2097, 2199, 1702, 179, 2619, 2010, 2968, 3997, 422, 1889, 24, 96, 3617, 2670, 2192, 3087, 3385, 923, 1510, 1083, 3289, 1971, 2204, 1653, 2607, 1796, 2373, 2384, 2295, 1806, 3762, 865, 3257, 187, 3039, 2421, 3945, 1988, 3191, 1283, 2671, 285, 431, 800, 3037, 1074, 3265, 3616, 2861, 2655, 2613, 34, 379, 2308, 2088, 3511, 2892, 250, 1384, 262, 3194, 303, 3219, 1087, 1447, 884, 3971, 1544, 1959, 4032, 2802, 404, 476, 2678, 3258, 1867, 2285, 3300, 1621, 1916, 259, 1375, 1861, 198, 1446, 1675, 782, 442, 1684, 3313, 2695, 2189, 741, 1816, 2098, 2409, 3450, 502, 1724, 4005, 2045, 1824, 2331, 1234, 685, 2957, 2173, 982, 3428, 242, 2273, 3108, 1260, 3118, 188, 1273, 3635, 2008, 2991, 718, 3351, 606, 2852, 2099, 2743, 2593, 2594, 946, 681, 1783, 600, 2646, 3066, 1034, 4036, 2179, 1354, 2344, 460, 111, 2635, 3359, 2217, 4003, 501, 3658, 475, 3977, 2622, 3274, 240, 3383, 2237, 661, 2856, 1657, 3244, 696, 1480, 1489, 2438, 1674, 19, 1929, 522, 925, 2821, 1308, 972, 2186, 113, 2697, 283, 3367, 3509, 1478, 2603, 2757, 2813, 2598, 2323, 3846, 1309, 703, 2998, 124, 930, 2617, 2726, 1208, 206, 653, 2293, 3255, 3236, 3725, 3899, 1597, 3030, 1566, 2822, 3734, 337, 2933, 638, 1756, 1977, 297, 3214, 3343, 1227, 415, 4024, 2302, 2164, 109, 3425, 1576, 3016, 848, 301, 3859, 3515, 413, 1903, 3672, 3918, 1081, 3060, 927, 85, 2210, 763, 3398, 3507, 46, 1919, 1069, 3125, 3199, 2055, 2663, 3276, 49, 2224, 3545, 1422, 1262, 612, 134, 2636, 3307, 797, 2349, 3554, 1763, 4034, 1221, 3996, 2997, 2073, 3985, 1899, 2077, 956, 1568, 2623, 3959, 1548, 423, 2376, 878, 192, 1322, 58, 2126, 3655, 2946, 2967, 1050, 3012, 3607, 1263, 3470, 1427, 1321, 993, 436, 2516, 1269, 186, 453, 2795, 3203, 170, 478, 2860, 2447, 3077, 1933, 2198, 2842, 3174, 3976, 27, 2339, 802, 2800, 1450, 556, 3312, 1324, 2069, 2503, 3599, 2601, 3530, 1800, 2124, 3075, 1645]

2026-01-04 16:45:08,114 - INFO - 当前用时 0.00 秒
2026-01-04 16:45:08,115 - INFO - 将种子集 写入位置: /root/pythonspace/data-test/facebook/2026-1-4-2/seeds-with-facebook/random_random_seedNum-400_SSRNum-80000.txt
2026-01-04 16:45:08,115 - INFO - 首次生成种子集 degreeTopM
2026-01-04 16:45:08,115 - INFO - 执行当前算法开始: degreeTopM
2026-01-04 16:45:08,115 - INFO - 依据: 选择连接数（度数）最多的节点。
2026-01-04 16:45:08,116 - INFO - 选择的 Top M 节点及其度数:
2026-01-04 16:45:08,116 - INFO - 
2026-01-04 16:45:08,117 - INFO - 当前用时 0.00 秒
2026-01-04 16:45:08,117 - INFO - 将种子集 写入位置: /root/pythonspace/data-test/facebook/2026-1-4-2/seeds-with-facebook/random_degreeTopM_seedNum-400_SSRNum-80000.txt
2026-01-04 16:45:08,117 - INFO - 首次生成种子集 pageRank
2026-01-04 16:45:08,117 - INFO - 执行当前算法开始: pageRank
2026-01-04 16:45:08,117 - INFO - --- Running: PageRank (on tranProMatrix) Top M ---
2026-01-04 16:45:09,156 - INFO - Selected PageRank seeds: [1821, 107, 351, 0, 352, 348, 1831, 1827, 349, 1843, 366, 2088, 362, 2130, 56, 25, 1973, 322, 365, 350, 67, 3626, 3226, 1858, 271, 371, 403, 119, 3581, 3946, 277, 1373, 1285, 3634, 21, 26, 1850, 1490, 2508, 252, 1573, 838, 2188, 378, 1149, 2806, 3559, 1215, 122, 572, 917, 1268, 1950, 2902, 1538, 1864, 368, 1070, 136, 2427, 2055, 2154, 2305, 2832, 239, 2622, 2315, 367, 2403, 1253, 359, 685, 2797, 315, 203, 9, 360, 571, 2053, 958, 2871, 200, 1892, 2087, 361, 1312, 1663, 2689, 382, 1431, 1466, 1890, 304, 1699, 763, 1075, 1457, 2933, 612, 2594, 2326, 1969, 1231, 2293, 2652, 3486, 1426, 1968, 3616, 4031, 2059, 863, 2042, 1651, 1975, 1443, 3851, 1320, 1289, 3926, 1648, 1022, 2296, 2978, 376, 876, 1839, 1107, 4024, 1842, 2630, 3808, 2362, 2925, 2126, 1098, 991, 2089, 370, 2243, 1318, 2001, 3545, 1063, 1045, 2096, 1203, 372, 2347, 1705, 1581, 1455, 373, 862, 2841, 1424, 556, 1707, 1199, 1557, 1192, 312, 1099, 188, 285, 1926, 2150, 3623, 2581, 2725, 170, 564, 3640, 1620, 2054, 2777, 885, 1108, 272, 957, 2685, 590, 1096, 98, 2103, 199, 2090, 40, 721, 3774, 877, 3703, 690, 1411, 2236, 1420, 2617, 1495, 2551, 697, 2501, 2152, 1428, 2578, 411, 1188, 280, 1037, 1710, 432, 1298, 2521, 1077, 2687, 3914, 2073, 1535, 2133, 332, 1656, 1869, 2050, 2146, 500, 853, 2756, 2440, 545, 945, 2041, 1324, 3697, 3098, 2355, 1588, 186, 1616, 41, 1561, 3938, 2107, 2618, 369, 1595, 2816, 1397, 2860, 1271, 1040, 1833, 844, 2713, 2047, 2068, 381, 2461, 2773, 2675, 2145, 2739, 3498, 2173, 1462, 142, 2570, 2869, 724, 2861, 3753, 1848, 1008, 1416, 1090, 1972, 1753, 2463, 670, 1539, 213, 1069, 1453, 831, 2111, 678, 1691, 824, 1674, 1441, 2668, 3838, 2398, 3975, 2537, 479, 1400, 172, 2602, 906, 1002, 2321, 3818, 2351, 3656, 3932, 2901, 1221, 3726, 2043, 3814, 671, 2995, 1043, 3972, 2892, 3843, 1998, 2836, 4000, 2571, 1657, 2513, 708, 2619, 1421, 1458, 632, 2251, 2852, 1417, 503, 852, 2413, 323, 1284, 2563, 3106, 2474, 3970, 933, 1106, 3492, 2312, 955, 1194, 1116, 1745, 2207, 2105, 1485, 2273, 1486, 113, 402, 1060, 847, 2259, 2857, 3169, 2486, 808, 817, 3493, 3529, 1364, 1664, 1433, 1593, 3592, 115, 1643, 2451, 2163, 1979, 3985, 1579, 1329, 2550, 2046, 1929, 1673, 53, 169, 2393, 1059, 2517, 1736, 1435, 2641, 492, 2113, 1246, 2792, 261, 2854, 1425, 1148, 325, 2703, 236, 313]
2026-01-04 16:45:09,182 - INFO - 当前用时 1.06 秒
2026-01-04 16:45:09,182 - INFO - 将种子集 写入位置: /root/pythonspace/data-test/facebook/2026-1-4-2/seeds-with-facebook/random_pageRank_seedNum-400_SSRNum-80000.txt
2026-01-04 16:45:09,183 - INFO - 首次生成种子集 alpha_sort
2026-01-04 16:45:09,183 - INFO - 执行当前算法开始: alpha_sort
2026-01-04 16:45:09,185 - INFO - 4039 个节点的alpha值降序排序 done
2026-01-04 16:45:09,185 - INFO - ==============>> [(1383, 0.8538573), (3490, 0.828448), (528, 0.7646439), (139, 0.7645238), (3144, 0.7408813), (4031, 0.7399624), (793, 0.710368), (3504, 0.7101211), (2331, 0.7056697), (3256, 0.7038602)]
2026-01-04 16:45:09,185 - INFO - 
选择的种子集 (按alpha排序): [1383, 3490, 528, 139, 3144, 4031, 793, 3504, 2331, 3256, 290, 1005, 1441, 361, 1173, 403, 51, 2490, 3419, 3651, 1192, 3970, 3607, 1324, 1776, 2528, 1281, 2062, 1193, 1216, 1175, 3492, 2692, 3287, 1144, 3472, 3834, 1487, 2356, 281, 831, 3684, 2506, 2406, 2218, 71, 521, 3338, 1458, 20, 3413, 1263, 1000, 3551, 433, 2646, 463, 82, 1584, 3365, 3846, 1069, 729, 3724, 1856, 2300, 3750, 2757, 1164, 538, 658, 2993, 2758, 3781, 396, 2801, 3474, 1959, 137, 3507, 2814, 2959, 660, 2192, 3230, 2103, 3923, 3233, 2742, 2177, 975, 1686, 1632, 174, 1750, 1844, 313, 3931, 3477, 2484, 2977, 3812, 635, 94, 3375, 1700, 3892, 1468, 3963, 3204, 2142, 4023, 2113, 3741, 259, 1370, 421, 1435, 1440, 3677, 3485, 2442, 1470, 45, 1555, 2327, 2941, 579, 1202, 1375, 2923, 3468, 3458, 3056, 3016, 2943, 1197, 109, 2310, 391, 3194, 3179, 1200, 323, 3930, 2601, 2906, 2464, 3994, 169, 3598, 2569, 2673, 3916, 397, 1597, 1877, 497, 2536, 3181, 491, 2414, 1038, 1514, 1456, 1752, 3371, 2368, 1871, 2949, 1889, 1422, 1978, 2555, 364, 1707, 1689, 2355, 1499, 784, 2659, 2246, 3991, 1614, 72, 495, 1790, 2098, 2776, 459, 1488, 283, 279, 3927, 2657, 3009, 392, 965, 38, 2886, 424, 453, 1521, 6, 4021, 205, 562, 928, 757, 3915, 61, 1181, 211, 1672, 28, 3357, 2140, 2471, 229, 2243, 1310, 2674, 1970, 3213, 3241, 3444, 27, 2638, 3869, 2867, 4000, 3904, 869, 3655, 427, 2122, 1380, 2263, 603, 1963, 3330, 3312, 190, 1308, 1466, 598, 150, 1057, 1195, 1622, 1024, 1358, 3612, 1485, 3999, 2582, 2308, 3937, 4027, 2213, 2493, 2066, 1151, 887, 1894, 3038, 741, 2315, 2664, 1695, 3175, 1749, 3483, 1371, 2408, 458, 251, 1914, 2716, 309, 982, 10, 2394, 641, 2685, 663, 3118, 1114, 2613, 2131, 2340, 3989, 346, 2767, 2581, 1010, 3605, 2721, 3041, 2283, 4037, 3709, 1673, 1123, 2063, 320, 235, 3010, 1947, 1829, 638, 272, 719, 2249, 3764, 3617, 3857, 3568, 2951, 2127, 1841, 2082, 2382, 212, 3748, 1796, 3447, 1342, 293, 1798, 3135, 3938, 1919, 97, 99, 3306, 2707, 151, 861, 48, 2798, 1561, 946, 3538, 1275, 573, 362, 1674, 618, 674, 2215, 1701, 1876, 814, 322, 148, 847, 1854, 266, 929, 3346, 1079, 2696, 825, 1510, 708, 2253, 1898, 3439, 1705, 3228, 1725, 892, 3156, 3212, 502, 773, 1068, 1595, 420, 2089, 3324, 1744, 2870, 3307, 2415, 342, 2411, 163, 3571, 1064, 2640, 1120, 3742, 1858, 1685, 2970, 3536, 1703, 988]

2026-01-04 16:45:09,186 - INFO - 当前用时 0.00 秒
2026-01-04 16:45:09,186 - INFO - 将种子集 写入位置: /root/pythonspace/data-test/facebook/2026-1-4-2/seeds-with-facebook/random_alpha_sort_seedNum-400_SSRNum-80000.txt
2026-01-04 16:45:09,186 - INFO - 首次生成种子集 importance_sort
2026-01-04 16:45:09,186 - INFO - 执行当前算法开始: importance_sort
2026-01-04 16:45:11,540 - INFO - 4039 个节点的Importance值降序排序 done
2026-01-04 16:45:11,541 - INFO - 
选择的种子集 (按Importance排序): [139, 290, 51, 281, 71, 20, 82, 137, 174, 313, 94, 259, 45, 109, 323, 169, 72, 283, 279, 38, 6, 205, 61, 211, 28, 229, 27, 190, 150, 1383, 251, 309, 10, 346, 320, 235, 272, 212, 293, 97, 99, 151, 48, 322, 148, 266, 342, 163, 286, 3490, 86, 336, 147, 40, 207, 59, 136, 1, 253, 81, 135, 58, 161, 257, 201, 30, 7, 46, 318, 118, 171, 122, 50, 244, 267, 130, 9, 172, 326, 8, 276, 74, 262, 32, 319, 528, 75, 255, 101, 64, 332, 284, 165, 76, 116, 62, 280, 23, 275, 133, 331, 115, 89, 73, 337, 69, 3144, 193, 4031, 83, 199, 2, 185, 216, 218, 93, 78, 245, 77, 192, 4, 178, 232, 124, 273, 256, 160, 80, 195, 79, 231, 335, 297, 177, 793, 3504, 112, 274, 55, 39, 145, 302, 123, 2331, 304, 3256, 90, 31, 170, 33, 288, 299, 138, 54, 271, 131, 248, 49, 47, 183, 324, 1005, 316, 36, 108, 1441, 361, 102, 330, 310, 87, 239, 141, 70, 343, 282, 186, 132, 56, 1173, 233, 126, 298, 103, 221, 269, 98, 227, 403, 317, 68, 85, 189, 2490, 3419, 301, 3651, 34, 1192, 285, 210, 95, 3970, 167, 41, 308, 206, 3607, 237, 214, 1324, 110, 1776, 37, 159, 2528, 117, 180, 226, 1281, 2062, 152, 119, 43, 3, 168, 121, 1193, 1216, 215, 1175, 184, 158, 3492, 270, 2692, 3287, 12, 241, 287, 1144, 224, 204, 225, 3472, 57, 3834, 334, 249, 1487, 202, 312, 65, 194, 2356, 209, 344, 197, 250, 328, 263, 831, 22, 3684, 129, 2506, 2406, 2218, 182, 228, 246, 155, 29, 220, 521, 3338, 88, 5, 230, 13, 333, 146, 1458, 114, 63, 278, 3413, 1263, 1000, 3551, 433, 120, 2646, 463, 1584, 3365, 18, 3846, 198, 217, 219, 144, 289, 1069, 729, 3724, 104, 1856, 191, 2300, 3750, 153, 66, 2757, 24, 208, 1164, 247, 538, 658, 268, 157, 321, 2993, 292, 327, 2758, 3781, 396, 261, 307, 2801, 67, 3474, 1959, 181, 175, 254, 3507, 2814, 2959, 134, 660, 252, 222, 240, 2192, 264, 166, 3230, 2103, 3923, 3233, 2742, 2177, 975, 1686, 200, 156, 1632, 1750, 1844, 258, 3931, 341, 3477, 300, 125, 2484, 84, 2977, 149, 91, 96, 3812, 635, 154, 173, 3375, 1700, 3892, 1468, 3963, 3204, 2142, 4023, 2113, 3741, 1370, 421, 277, 1435, 1440, 3677, 3485, 2442, 1470, 1555, 2327, 203]

2026-01-04 16:45:11,541 - INFO - 当前用时 2.35 秒
2026-01-04 16:45:11,542 - INFO - 将种子集 写入位置: /root/pythonspace/data-test/facebook/2026-1-4-2/seeds-with-facebook/random_importance_sort_seedNum-400_SSRNum-80000.txt
2026-01-04 16:45:11,542 - INFO - 首次生成种子集 ris_coverage
2026-01-04 16:45:11,542 - INFO - 执行当前算法开始: ris_coverage
2026-01-04 16:45:11,784 - INFO - 图初始化完成，节点数: 4039，CSR 矩阵准备就绪。
2026-01-04 16:45:11,785 - INFO - 
开始生成 80000 组 SSR (并行进程: 8)...
2026-01-04 16:47:32,182 - INFO - 生成完毕。耗时: 140.40 秒。
2026-01-04 16:47:32,183 - INFO - 
开始选择最优种子 (Optimized Greedy) ...
2026-01-04 16:49:00,972 - INFO -   - 券 1/400 选中节点 1480, 新增覆盖 93
2026-01-04 16:49:00,988 - INFO -   - 券 2/400 选中节点 1207, 新增覆盖 93
2026-01-04 16:49:01,009 - INFO -   - 券 3/400 选中节点 3375, 新增覆盖 91
2026-01-04 16:49:01,030 - INFO -   - 券 4/400 选中节点 1521, 新增覆盖 97
2026-01-04 16:49:01,053 - INFO -   - 券 5/400 选中节点 706, 新增覆盖 92
2026-01-04 16:49:01,077 - INFO -   - 券 6/400 选中节点 2215, 新增覆盖 94
2026-01-04 16:49:01,108 - INFO -   - 券 7/400 选中节点 3102, 新增覆盖 98
2026-01-04 16:49:01,138 - INFO -   - 券 8/400 选中节点 602, 新增覆盖 99
2026-01-04 16:49:01,172 - INFO -   - 券 9/400 选中节点 1276, 新增覆盖 100
2026-01-04 16:49:01,203 - INFO -   - 券 10/400 选中节点 2724, 新增覆盖 90
2026-01-04 16:49:01,236 - INFO -   - 券 11/400 选中节点 3404, 新增覆盖 90
2026-01-04 16:49:01,270 - INFO -   - 券 12/400 选中节点 2220, 新增覆盖 91
2026-01-04 16:49:01,306 - INFO -   - 券 13/400 选中节点 1487, 新增覆盖 93
2026-01-04 16:49:01,342 - INFO -   - 券 14/400 选中节点 1144, 新增覆盖 92
2026-01-04 16:49:01,384 - INFO -   - 券 15/400 选中节点 2171, 新增覆盖 91
2026-01-04 16:49:01,422 - INFO -   - 券 16/400 选中节点 1137, 新增覆盖 94
2026-01-04 16:49:01,462 - INFO -   - 券 17/400 选中节点 946, 新增覆盖 96
2026-01-04 16:49:01,501 - INFO -   - 券 18/400 选中节点 2653, 新增覆盖 89
2026-01-04 16:49:01,542 - INFO -   - 券 19/400 选中节点 687, 新增覆盖 87
2026-01-04 16:49:01,586 - INFO -   - 券 20/400 选中节点 753, 新增覆盖 100
2026-01-04 16:49:01,633 - INFO -   - 券 21/400 选中节点 453, 新增覆盖 90
2026-01-04 16:49:01,676 - INFO -   - 券 22/400 选中节点 445, 新增覆盖 87
2026-01-04 16:49:01,721 - INFO -   - 券 23/400 选中节点 1089, 新增覆盖 89
2026-01-04 16:49:01,767 - INFO -   - 券 24/400 选中节点 2748, 新增覆盖 82
2026-01-04 16:49:01,823 - INFO -   - 券 25/400 选中节点 3397, 新增覆盖 92
2026-01-04 16:49:01,873 - INFO -   - 券 26/400 选中节点 2654, 新增覆盖 88
2026-01-04 16:49:01,921 - INFO -   - 券 27/400 选中节点 879, 新增覆盖 93
2026-01-04 16:49:01,971 - INFO -   - 券 28/400 选中节点 1000, 新增覆盖 87
2026-01-04 16:49:02,018 - INFO -   - 券 29/400 选中节点 2692, 新增覆盖 98
2026-01-04 16:49:02,066 - INFO -   - 券 30/400 选中节点 1467, 新增覆盖 86
2026-01-04 16:49:02,114 - INFO -   - 券 31/400 选中节点 3183, 新增覆盖 83
2026-01-04 16:49:02,164 - INFO -   - 券 32/400 选中节点 1281, 新增覆盖 83
2026-01-04 16:49:02,224 - INFO -   - 券 33/400 选中节点 2699, 新增覆盖 84
2026-01-04 16:49:02,280 - INFO -   - 券 34/400 选中节点 2142, 新增覆盖 85
2026-01-04 16:49:02,336 - INFO -   - 券 35/400 选中节点 609, 新增覆盖 87
2026-01-04 16:49:02,399 - INFO -   - 券 36/400 选中节点 749, 新增覆盖 80
2026-01-04 16:49:02,463 - INFO -   - 券 37/400 选中节点 1249, 新增覆盖 89
2026-01-04 16:49:02,525 - INFO -   - 券 38/400 选中节点 2490, 新增覆盖 89
2026-01-04 16:49:02,589 - INFO -   - 券 39/400 选中节点 3175, 新增覆盖 79
2026-01-04 16:49:02,658 - INFO -   - 券 40/400 选中节点 2646, 新增覆盖 91
2026-01-04 16:49:02,723 - INFO -   - 券 41/400 选中节点 915, 新增覆盖 89
2026-01-04 16:49:02,792 - INFO -   - 券 42/400 选中节点 3130, 新增覆盖 83
2026-01-04 16:49:02,861 - INFO -   - 券 43/400 选中节点 1595, 新增覆盖 84
2026-01-04 16:49:02,928 - INFO -   - 券 44/400 选中节点 2886, 新增覆盖 83
2026-01-04 16:49:03,006 - INFO -   - 券 45/400 选中节点 3066, 新增覆盖 88
2026-01-04 16:49:03,084 - INFO -   - 券 46/400 选中节点 2856, 新增覆盖 81
2026-01-04 16:49:03,155 - INFO -   - 券 47/400 选中节点 2256, 新增覆盖 78
2026-01-04 16:49:03,237 - INFO -   - 券 48/400 选中节点 3398, 新增覆盖 88
2026-01-04 16:49:03,319 - INFO -   - 券 49/400 选中节点 2113, 新增覆盖 81
2026-01-04 16:49:03,399 - INFO -   - 券 50/400 选中节点 3023, 新增覆盖 90
2026-01-04 16:49:03,480 - INFO -   - 券 51/400 选中节点 2941, 新增覆盖 84
2026-01-04 16:49:03,563 - INFO -   - 券 52/400 选中节点 1108, 新增覆盖 79
2026-01-04 16:49:03,639 - INFO -   - 券 53/400 选中节点 1344, 新增覆盖 81
2026-01-04 16:49:03,722 - INFO -   - 券 54/400 选中节点 521, 新增覆盖 81
2026-01-04 16:49:03,800 - INFO -   - 券 55/400 选中节点 421, 新增覆盖 81
2026-01-04 16:49:03,883 - INFO -   - 券 56/400 选中节点 397, 新增覆盖 86
2026-01-04 16:49:03,961 - INFO -   - 券 57/400 选中节点 2283, 新增覆盖 82
2026-01-04 16:49:04,041 - INFO -   - 券 58/400 选中节点 1699, 新增覆盖 84
2026-01-04 16:49:04,125 - INFO -   - 券 59/400 选中节点 2075, 新增覆盖 82
2026-01-04 16:49:04,209 - INFO -   - 券 60/400 选中节点 3408, 新增覆盖 81
2026-01-04 16:49:04,291 - INFO -   - 券 61/400 选中节点 894, 新增覆盖 80
2026-01-04 16:49:04,373 - INFO -   - 券 62/400 选中节点 3186, 新增覆盖 80
2026-01-04 16:49:04,461 - INFO -   - 券 63/400 选中节点 1423, 新增覆盖 85
2026-01-04 16:49:04,560 - INFO -   - 券 64/400 选中节点 951, 新增覆盖 76
2026-01-04 16:49:04,666 - INFO -   - 券 65/400 选中节点 1091, 新增覆盖 78
2026-01-04 16:49:04,819 - INFO -   - 券 66/400 选中节点 2849, 新增覆盖 76
2026-01-04 16:49:04,916 - INFO -   - 券 67/400 选中节点 1061, 新增覆盖 78
2026-01-04 16:49:05,016 - INFO -   - 券 68/400 选中节点 3970, 新增覆盖 82
2026-01-04 16:49:05,111 - INFO -   - 券 69/400 选中节点 2415, 新增覆盖 82
2026-01-04 16:49:05,207 - INFO -   - 券 70/400 选中节点 1692, 新增覆盖 75
2026-01-04 16:49:05,300 - INFO -   - 券 71/400 选中节点 2734, 新增覆盖 82
2026-01-04 16:49:05,396 - INFO -   - 券 72/400 选中节点 2048, 新增覆盖 83
2026-01-04 16:49:05,498 - INFO -   - 券 73/400 选中节点 1705, 新增覆盖 80
2026-01-04 16:49:05,605 - INFO -   - 券 74/400 选中节点 528, 新增覆盖 78
2026-01-04 16:49:05,712 - INFO -   - 券 75/400 选中节点 1031, 新增覆盖 74
2026-01-04 16:49:05,827 - INFO -   - 券 76/400 选中节点 2164, 新增覆盖 83
2026-01-04 16:49:05,934 - INFO -   - 券 77/400 选中节点 3421, 新增覆盖 84
2026-01-04 16:49:06,042 - INFO -   - 券 78/400 选中节点 542, 新增覆盖 80
2026-01-04 16:49:06,161 - INFO -   - 券 79/400 选中节点 2851, 新增覆盖 78
2026-01-04 16:49:06,272 - INFO -   - 券 80/400 选中节点 598, 新增覆盖 74
2026-01-04 16:49:06,389 - INFO -   - 券 81/400 选中节点 2716, 新增覆盖 75
2026-01-04 16:49:06,514 - INFO -   - 券 82/400 选中节点 1719, 新增覆盖 79
2026-01-04 16:49:06,637 - INFO -   - 券 83/400 选中节点 1501, 新增覆盖 72
2026-01-04 16:49:06,764 - INFO -   - 券 84/400 选中节点 2645, 新增覆盖 73
2026-01-04 16:49:06,889 - INFO -   - 券 85/400 选中节点 1233, 新增覆盖 72
2026-01-04 16:49:07,016 - INFO -   - 券 86/400 选中节点 2061, 新增覆盖 77
2026-01-04 16:49:07,145 - INFO -   - 券 87/400 选中节点 290, 新增覆盖 76
2026-01-04 16:49:07,276 - INFO -   - 券 88/400 选中节点 3353, 新增覆盖 78
2026-01-04 16:49:07,410 - INFO -   - 券 89/400 选中节点 3025, 新增覆盖 79
2026-01-04 16:49:07,545 - INFO -   - 券 90/400 选中节点 3724, 新增覆盖 75
2026-01-04 16:49:07,675 - INFO -   - 券 91/400 选中节点 2131, 新增覆盖 76
2026-01-04 16:49:07,814 - INFO -   - 券 92/400 选中节点 1889, 新增覆盖 77
2026-01-04 16:49:07,942 - INFO -   - 券 93/400 选中节点 391, 新增覆盖 80
2026-01-04 16:49:08,075 - INFO -   - 券 94/400 选中节点 2408, 新增覆盖 72
2026-01-04 16:49:08,213 - INFO -   - 券 95/400 选中节点 2412, 新增覆盖 76
2026-01-04 16:49:08,348 - INFO -   - 券 96/400 选中节点 1338, 新增覆盖 75
2026-01-04 16:49:08,500 - INFO -   - 券 97/400 选中节点 2962, 新增覆盖 73
2026-01-04 16:49:08,637 - INFO -   - 券 98/400 选中节点 1228, 新增覆盖 75
2026-01-04 16:49:08,790 - INFO -   - 券 99/400 选中节点 1709, 新增覆盖 78
2026-01-04 16:49:08,932 - INFO -   - 券 100/400 选中节点 2389, 新增覆盖 72
2026-01-04 16:49:09,073 - INFO -   - 券 101/400 选中节点 641, 新增覆盖 76
2026-01-04 16:49:09,217 - INFO -   - 券 102/400 选中节点 1315, 新增覆盖 73
2026-01-04 16:49:09,360 - INFO -   - 券 103/400 选中节点 2742, 新增覆盖 74
2026-01-04 16:49:09,507 - INFO -   - 券 104/400 选中节点 3168, 新增覆盖 73
2026-01-04 16:49:09,657 - INFO -   - 券 105/400 选中节点 714, 新增覆盖 71
2026-01-04 16:49:09,810 - INFO -   - 券 106/400 选中节点 667, 新增覆盖 72
2026-01-04 16:49:09,958 - INFO -   - 券 107/400 选中节点 426, 新增覆盖 82
2026-01-04 16:49:10,115 - INFO -   - 券 108/400 选中节点 3464, 新增覆盖 71
2026-01-04 16:49:10,256 - INFO -   - 券 109/400 选中节点 2387, 新增覆盖 76
2026-01-04 16:49:10,418 - INFO -   - 券 110/400 选中节点 2859, 新增覆盖 71
2026-01-04 16:49:10,579 - INFO -   - 券 111/400 选中节点 125, 新增覆盖 70
2026-01-04 16:49:10,735 - INFO -   - 券 112/400 选中节点 1195, 新增覆盖 74
2026-01-04 16:49:10,888 - INFO -   - 券 113/400 选中节点 2331, 新增覆盖 68
2026-01-04 16:49:11,039 - INFO -   - 券 114/400 选中节点 3468, 新增覆盖 74
2026-01-04 16:49:11,188 - INFO -   - 券 115/400 选中节点 610, 新增覆盖 77
2026-01-04 16:49:11,352 - INFO -   - 券 116/400 选中节点 2062, 新增覆盖 68
2026-01-04 16:49:11,517 - INFO -   - 券 117/400 选中节点 2510, 新增覆盖 81
2026-01-04 16:49:11,669 - INFO -   - 券 118/400 选中节点 3417, 新增覆盖 72
2026-01-04 16:49:11,830 - INFO -   - 券 119/400 选中节点 1614, 新增覆盖 74
2026-01-04 16:49:11,993 - INFO -   - 券 120/400 选中节点 2760, 新增覆盖 74
2026-01-04 16:49:12,148 - INFO -   - 券 121/400 选中节点 1491, 新增覆盖 69
2026-01-04 16:49:12,303 - INFO -   - 券 122/400 选中节点 3176, 新增覆盖 70
2026-01-04 16:49:12,469 - INFO -   - 券 123/400 选中节点 2608, 新增覆盖 69
2026-01-04 16:49:12,635 - INFO -   - 券 124/400 选中节点 495, 新增覆盖 72
2026-01-04 16:49:12,798 - INFO -   - 券 125/400 选中节点 2471, 新增覆盖 71
2026-01-04 16:49:12,966 - INFO -   - 券 126/400 选中节点 2211, 新增覆盖 71
2026-01-04 16:49:13,129 - INFO -   - 券 127/400 选中节点 3483, 新增覆盖 71
2026-01-04 16:49:13,293 - INFO -   - 券 128/400 选中节点 751, 新增覆盖 72
2026-01-04 16:49:13,461 - INFO -   - 券 129/400 选中节点 936, 新增覆盖 70
2026-01-04 16:49:13,632 - INFO -   - 券 130/400 选中节点 3807, 新增覆盖 69
2026-01-04 16:49:13,808 - INFO -   - 券 131/400 选中节点 3333, 新增覆盖 71
2026-01-04 16:49:13,976 - INFO -   - 券 132/400 选中节点 709, 新增覆盖 71
2026-01-04 16:49:14,157 - INFO -   - 券 133/400 选中节点 548, 新增覆盖 73
2026-01-04 16:49:14,338 - INFO -   - 券 134/400 选中节点 3467, 新增覆盖 70
2026-01-04 16:49:14,518 - INFO -   - 券 135/400 选中节点 1001, 新增覆盖 78
2026-01-04 16:49:14,708 - INFO -   - 券 136/400 选中节点 517, 新增覆盖 75
2026-01-04 16:49:14,894 - INFO -   - 券 137/400 选中节点 1858, 新增覆盖 70
2026-01-04 16:49:15,086 - INFO -   - 券 138/400 选中节点 719, 新增覆盖 66
2026-01-04 16:49:15,265 - INFO -   - 券 139/400 选中节点 297, 新增覆盖 68
2026-01-04 16:49:15,457 - INFO -   - 券 140/400 选中节点 2410, 新增覆盖 66
2026-01-04 16:49:15,648 - INFO -   - 券 141/400 选中节点 3529, 新增覆盖 69
2026-01-04 16:49:15,839 - INFO -   - 券 142/400 选中节点 1336, 新增覆盖 73
2026-01-04 16:49:16,031 - INFO -   - 券 143/400 选中节点 2990, 新增覆盖 67
2026-01-04 16:49:16,224 - INFO -   - 券 144/400 选中节点 642, 新增覆盖 73
2026-01-04 16:49:16,446 - INFO -   - 券 145/400 选中节点 3607, 新增覆盖 67
2026-01-04 16:49:16,666 - INFO -   - 券 146/400 选中节点 1555, 新增覆盖 73
2026-01-04 16:49:16,880 - INFO -   - 券 147/400 选中节点 2378, 新增覆盖 68
2026-01-04 16:49:17,076 - INFO -   - 券 148/400 选中节点 440, 新增覆盖 64
2026-01-04 16:49:17,267 - INFO -   - 券 149/400 选中节点 567, 新增覆盖 71
2026-01-04 16:49:17,464 - INFO -   - 券 150/400 选中节点 3427, 新增覆盖 73
2026-01-04 16:49:17,671 - INFO -   - 券 151/400 选中节点 452, 新增覆盖 71
2026-01-04 16:49:17,883 - INFO -   - 券 152/400 选中节点 2391, 新增覆盖 68
2026-01-04 16:49:18,082 - INFO -   - 券 153/400 选中节点 1980, 新增覆盖 70
2026-01-04 16:49:18,283 - INFO -   - 券 154/400 选中节点 433, 新增覆盖 67
2026-01-04 16:49:18,503 - INFO -   - 券 155/400 选中节点 79, 新增覆盖 72
2026-01-04 16:49:18,710 - INFO -   - 券 156/400 选中节点 1392, 新增覆盖 65
2026-01-04 16:49:18,915 - INFO -   - 券 157/400 选中节点 2601, 新增覆盖 69
2026-01-04 16:49:19,118 - INFO -   - 券 158/400 选中节点 1672, 新增覆盖 65
2026-01-04 16:49:19,322 - INFO -   - 券 159/400 选中节点 1017, 新增覆盖 68
2026-01-04 16:49:19,537 - INFO -   - 券 160/400 选中节点 3447, 新增覆盖 69
2026-01-04 16:49:19,749 - INFO -   - 券 161/400 选中节点 2476, 新增覆盖 66
2026-01-04 16:49:19,964 - INFO -   - 券 162/400 选中节点 1449, 新增覆盖 68
2026-01-04 16:49:20,174 - INFO -   - 券 163/400 选中节点 2411, 新增覆盖 67
2026-01-04 16:49:20,385 - INFO -   - 券 164/400 选中节点 3551, 新增覆盖 71
2026-01-04 16:49:20,598 - INFO -   - 券 165/400 选中节点 3087, 新增覆盖 70
2026-01-04 16:49:20,813 - INFO -   - 券 166/400 选中节点 2920, 新增覆盖 66
2026-01-04 16:49:21,025 - INFO -   - 券 167/400 选中节点 2185, 新增覆盖 74
2026-01-04 16:49:21,250 - INFO -   - 券 168/400 选中节点 257, 新增覆盖 66
2026-01-04 16:49:21,478 - INFO -   - 券 169/400 选中节点 2938, 新增覆盖 71
2026-01-04 16:49:21,705 - INFO -   - 券 170/400 选中节点 701, 新增覆盖 66
2026-01-04 16:49:21,945 - INFO -   - 券 171/400 选中节点 2380, 新增覆盖 66
2026-01-04 16:49:22,176 - INFO -   - 券 172/400 选中节点 3140, 新增覆盖 67
2026-01-04 16:49:22,410 - INFO -   - 券 173/400 选中节点 656, 新增覆盖 65
2026-01-04 16:49:22,634 - INFO -   - 券 174/400 选中节点 2887, 新增覆盖 65
2026-01-04 16:49:22,865 - INFO -   - 券 175/400 选中节点 3923, 新增覆盖 70
2026-01-04 16:49:23,086 - INFO -   - 券 176/400 选中节点 1670, 新增覆盖 65
2026-01-04 16:49:23,307 - INFO -   - 券 177/400 选中节点 3114, 新增覆盖 71
2026-01-04 16:49:23,535 - INFO -   - 券 178/400 选中节点 729, 新增覆盖 70
2026-01-04 16:49:23,758 - INFO -   - 券 179/400 选中节点 3277, 新增覆盖 61
2026-01-04 16:49:23,988 - INFO -   - 券 180/400 选中节点 3816, 新增覆盖 62
2026-01-04 16:49:24,222 - INFO -   - 券 181/400 选中节点 2595, 新增覆盖 68
2026-01-04 16:49:24,451 - INFO -   - 券 182/400 选中节点 355, 新增覆盖 63
2026-01-04 16:49:24,666 - INFO -   - 券 183/400 选中节点 1450, 新增覆盖 66
2026-01-04 16:49:24,909 - INFO -   - 券 184/400 选中节点 1906, 新增覆盖 66
2026-01-04 16:49:25,134 - INFO -   - 券 185/400 选中节点 3812, 新增覆盖 64
2026-01-04 16:49:25,388 - INFO -   - 券 186/400 选中节点 2696, 新增覆盖 67
2026-01-04 16:49:25,628 - INFO -   - 券 187/400 选中节点 2901, 新增覆盖 61
2026-01-04 16:49:25,867 - INFO -   - 券 188/400 选中节点 934, 新增覆盖 66
2026-01-04 16:49:26,104 - INFO -   - 券 189/400 选中节点 893, 新增覆盖 67
2026-01-04 16:49:26,348 - INFO -   - 券 190/400 选中节点 2575, 新增覆盖 60
2026-01-04 16:49:26,588 - INFO -   - 券 191/400 选中节点 2733, 新增覆盖 61
2026-01-04 16:49:26,838 - INFO -   - 券 192/400 选中节点 3669, 新增覆盖 64
2026-01-04 16:49:27,097 - INFO -   - 券 193/400 选中节点 3394, 新增覆盖 62
2026-01-04 16:49:27,351 - INFO -   - 券 194/400 选中节点 2316, 新增覆盖 66
2026-01-04 16:49:27,595 - INFO -   - 券 195/400 选中节点 1991, 新增覆盖 66
2026-01-04 16:49:27,845 - INFO -   - 券 196/400 选中节点 298, 新增覆盖 61
2026-01-04 16:49:28,089 - INFO -   - 券 197/400 选中节点 2021, 新增覆盖 65
2026-01-04 16:49:28,345 - INFO -   - 券 198/400 选中节点 1088, 新增覆盖 63
2026-01-04 16:49:28,596 - INFO -   - 券 199/400 选中节点 229, 新增覆盖 62
2026-01-04 16:49:28,861 - INFO -   - 券 200/400 选中节点 3224, 新增覆盖 66
2026-01-04 16:49:29,129 - INFO -   - 券 201/400 选中节点 3743, 新增覆盖 63
2026-01-04 16:49:29,406 - INFO -   - 券 202/400 选中节点 3188, 新增覆盖 64
2026-01-04 16:49:29,692 - INFO -   - 券 203/400 选中节点 928, 新增覆盖 62
2026-01-04 16:49:29,966 - INFO -   - 券 204/400 选中节点 1348, 新增覆盖 63
2026-01-04 16:49:30,240 - INFO -   - 券 205/400 选中节点 435, 新增覆盖 63
2026-01-04 16:49:30,508 - INFO -   - 券 206/400 选中节点 1136, 新增覆盖 64
2026-01-04 16:49:30,775 - INFO -   - 券 207/400 选中节点 1717, 新增覆盖 67
2026-01-04 16:49:31,058 - INFO -   - 券 208/400 选中节点 3095, 新增覆盖 67
2026-01-04 16:49:31,326 - INFO -   - 券 209/400 选中节点 2705, 新增覆盖 61
2026-01-04 16:49:31,598 - INFO -   - 券 210/400 选中节点 2295, 新增覆盖 63
2026-01-04 16:49:31,870 - INFO -   - 券 211/400 选中节点 392, 新增覆盖 68
2026-01-04 16:49:32,153 - INFO -   - 券 212/400 选中节点 1193, 新增覆盖 66
2026-01-04 16:49:32,426 - INFO -   - 券 213/400 选中节点 1919, 新增覆盖 68
2026-01-04 16:49:32,728 - INFO -   - 券 214/400 选中节点 2798, 新增覆盖 65
2026-01-04 16:49:33,016 - INFO -   - 券 215/400 选中节点 871, 新增覆盖 62
2026-01-04 16:49:33,313 - INFO -   - 券 216/400 选中节点 1683, 新增覆盖 63
2026-01-04 16:49:33,591 - INFO -   - 券 217/400 选中节点 2999, 新增覆盖 66
2026-01-04 16:49:33,884 - INFO -   - 券 218/400 选中节点 3084, 新增覆盖 66
2026-01-04 16:49:34,185 - INFO -   - 券 219/400 选中节点 792, 新增覆盖 64
2026-01-04 16:49:34,473 - INFO -   - 券 220/400 选中节点 647, 新增覆盖 64
2026-01-04 16:49:34,765 - INFO -   - 券 221/400 选中节点 2093, 新增覆盖 59
2026-01-04 16:49:35,083 - INFO -   - 券 222/400 选中节点 1661, 新增覆盖 63
2026-01-04 16:49:35,400 - INFO -   - 券 223/400 选中节点 3223, 新增覆盖 64
2026-01-04 16:49:35,708 - INFO -   - 券 224/400 选中节点 135, 新增覆盖 65
2026-01-04 16:49:36,003 - INFO -   - 券 225/400 选中节点 2336, 新增覆盖 63
2026-01-04 16:49:36,308 - INFO -   - 券 226/400 选中节点 2843, 新增覆盖 74
2026-01-04 16:49:36,607 - INFO -   - 券 227/400 选中节点 323, 新增覆盖 59
2026-01-04 16:49:36,917 - INFO -   - 券 228/400 选中节点 3641, 新增覆盖 62
2026-01-04 16:49:37,243 - INFO -   - 券 229/400 选中节点 1386, 新增覆盖 62
2026-01-04 16:49:37,531 - INFO -   - 券 230/400 选中节点 1340, 新增覆盖 61
2026-01-04 16:49:37,843 - INFO -   - 券 231/400 选中节点 3751, 新增覆盖 67
2026-01-04 16:49:38,173 - INFO -   - 券 232/400 选中节点 918, 新增覆盖 65
2026-01-04 16:49:38,488 - INFO -   - 券 233/400 选中节点 1844, 新增覆盖 60
2026-01-04 16:49:38,801 - INFO -   - 券 234/400 选中节点 1370, 新增覆盖 64
2026-01-04 16:49:39,122 - INFO -   - 券 235/400 选中节点 133, 新增覆盖 59
2026-01-04 16:49:39,428 - INFO -   - 券 236/400 选中节点 3458, 新增覆盖 60
2026-01-04 16:49:39,743 - INFO -   - 券 237/400 选中节点 3915, 新增覆盖 60
2026-01-04 16:49:40,068 - INFO -   - 券 238/400 选中节点 1658, 新增覆盖 65
2026-01-04 16:49:40,394 - INFO -   - 券 239/400 选中节点 2106, 新增覆盖 59
2026-01-04 16:49:40,719 - INFO -   - 券 240/400 选中节点 3425, 新增覆盖 60
2026-01-04 16:49:41,042 - INFO -   - 券 241/400 选中节点 727, 新增覆盖 63
2026-01-04 16:49:41,371 - INFO -   - 券 242/400 选中节点 3942, 新增覆盖 59
2026-01-04 16:49:41,697 - INFO -   - 券 243/400 选中节点 2418, 新增覆盖 60
2026-01-04 16:49:42,040 - INFO -   - 券 244/400 选中节点 1971, 新增覆盖 59
2026-01-04 16:49:42,366 - INFO -   - 券 245/400 选中节点 3701, 新增覆盖 60
2026-01-04 16:49:42,694 - INFO -   - 券 246/400 选中节点 563, 新增覆盖 59
2026-01-04 16:49:43,036 - INFO -   - 券 247/400 选中节点 3275, 新增覆盖 58
2026-01-04 16:49:43,392 - INFO -   - 券 248/400 选中节点 3832, 新增覆盖 61
2026-01-04 16:49:43,736 - INFO -   - 券 249/400 选中节点 3414, 新增覆盖 65
2026-01-04 16:49:44,072 - INFO -   - 券 250/400 选中节点 2556, 新增覆盖 59
2026-01-04 16:49:44,405 - INFO -   - 券 251/400 选中节点 908, 新增覆盖 61
2026-01-04 16:49:44,758 - INFO -   - 券 252/400 选中节点 3012, 新增覆盖 54
2026-01-04 16:49:45,108 - INFO -   - 券 253/400 选中节点 3145, 新增覆盖 57
2026-01-04 16:49:45,448 - INFO -   - 券 254/400 选中节点 27, 新增覆盖 59
2026-01-04 16:49:45,791 - INFO -   - 券 255/400 选中节点 1725, 新增覆盖 56
2026-01-04 16:49:46,145 - INFO -   - 券 256/400 选中节点 582, 新增覆盖 64
2026-01-04 16:49:46,476 - INFO -   - 券 257/400 选中节点 1534, 新增覆盖 57
2026-01-04 16:49:46,822 - INFO -   - 券 258/400 选中节点 814, 新增覆盖 66
2026-01-04 16:49:47,178 - INFO -   - 券 259/400 选中节点 2120, 新增覆盖 60
2026-01-04 16:49:47,532 - INFO -   - 券 260/400 选中节点 1279, 新增覆盖 59
2026-01-04 16:49:47,880 - INFO -   - 券 261/400 选中节点 962, 新增覆盖 61
2026-01-04 16:49:48,228 - INFO -   - 券 262/400 选中节点 3831, 新增覆盖 56
2026-01-04 16:49:48,656 - INFO -   - 券 263/400 选中节点 358, 新增覆盖 66
2026-01-04 16:49:48,998 - INFO -   - 券 264/400 选中节点 2882, 新增覆盖 63
2026-01-04 16:49:49,343 - INFO -   - 券 265/400 选中节点 3196, 新增覆盖 60
2026-01-04 16:49:49,709 - INFO -   - 券 266/400 选中节点 3207, 新增覆盖 63
2026-01-04 16:49:50,067 - INFO -   - 券 267/400 选中节点 2701, 新增覆盖 61
2026-01-04 16:49:50,437 - INFO -   - 券 268/400 选中节点 2697, 新增覆盖 59
2026-01-04 16:49:50,816 - INFO -   - 券 269/400 选中节点 3067, 新增覆盖 56
2026-01-04 16:49:51,159 - INFO -   - 券 270/400 选中节点 580, 新增覆盖 58
2026-01-04 16:49:51,525 - INFO -   - 券 271/400 选中节点 2446, 新增覆盖 57
2026-01-04 16:49:51,878 - INFO -   - 券 272/400 选中节点 2046, 新增覆盖 67
2026-01-04 16:49:52,230 - INFO -   - 券 273/400 选中节点 3549, 新增覆盖 57
2026-01-04 16:49:52,600 - INFO -   - 券 274/400 选中节点 1102, 新增覆盖 59
2026-01-04 16:49:52,978 - INFO -   - 券 275/400 选中节点 2158, 新增覆盖 58
2026-01-04 16:49:53,326 - INFO -   - 券 276/400 选中节点 1815, 新增覆盖 58
2026-01-04 16:49:53,689 - INFO -   - 券 277/400 选中节点 1189, 新增覆盖 57
2026-01-04 16:49:54,038 - INFO -   - 券 278/400 选中节点 1208, 新增覆盖 56
2026-01-04 16:49:54,393 - INFO -   - 券 279/400 选中节点 3568, 新增覆盖 55
2026-01-04 16:49:54,757 - INFO -   - 券 280/400 选中节点 48, 新增覆盖 62
2026-01-04 16:49:55,145 - INFO -   - 券 281/400 选中节点 890, 新增覆盖 56
2026-01-04 16:49:55,560 - INFO -   - 券 282/400 选中节点 1797, 新增覆盖 58
2026-01-04 16:49:55,913 - INFO -   - 券 283/400 选中节点 525, 新增覆盖 56
2026-01-04 16:49:56,273 - INFO -   - 券 284/400 选中节点 663, 新增覆盖 55
2026-01-04 16:49:56,634 - INFO -   - 券 285/400 选中节点 2070, 新增覆盖 56
2026-01-04 16:49:56,993 - INFO -   - 券 286/400 选中节点 702, 新增覆盖 59
2026-01-04 16:49:57,350 - INFO -   - 券 287/400 选中节点 2179, 新增覆盖 57
2026-01-04 16:49:57,729 - INFO -   - 券 288/400 选中节点 648, 新增覆盖 60
2026-01-04 16:49:58,087 - INFO -   - 券 289/400 选中节点 1880, 新增覆盖 61
2026-01-04 16:49:58,452 - INFO -   - 券 290/400 选中节点 1867, 新增覆盖 57
2026-01-04 16:49:58,810 - INFO -   - 券 291/400 选中节点 2373, 新增覆盖 60
2026-01-04 16:49:59,194 - INFO -   - 券 292/400 选中节点 3214, 新增覆盖 65
2026-01-04 16:49:59,553 - INFO -   - 券 293/400 选中节点 2234, 新增覆盖 59
2026-01-04 16:49:59,912 - INFO -   - 券 294/400 选中节点 3385, 新增覆盖 62
2026-01-04 16:50:00,316 - INFO -   - 券 295/400 选中节点 1678, 新增覆盖 54
2026-01-04 16:50:00,700 - INFO -   - 券 296/400 选中节点 3740, 新增覆盖 58
2026-01-04 16:50:01,066 - INFO -   - 券 297/400 选中节点 2249, 新增覆盖 64
2026-01-04 16:50:01,446 - INFO -   - 券 298/400 选中节点 3365, 新增覆盖 53
2026-01-04 16:50:01,805 - INFO -   - 券 299/400 选中节点 3006, 新增覆盖 57
2026-01-04 16:50:02,163 - INFO -   - 券 300/400 选中节点 3239, 新增覆盖 53
2026-01-04 16:50:02,538 - INFO -   - 券 301/400 选中节点 1134, 新增覆盖 54
2026-01-04 16:50:02,915 - INFO -   - 券 302/400 选中节点 82, 新增覆盖 54
2026-01-04 16:50:03,316 - INFO -   - 券 303/400 选中节点 1499, 新增覆盖 57
2026-01-04 16:50:03,696 - INFO -   - 券 304/400 选中节点 1198, 新增覆盖 56
2026-01-04 16:50:04,111 - INFO -   - 券 305/400 选中节点 1898, 新增覆盖 58
2026-01-04 16:50:04,493 - INFO -   - 券 306/400 选中节点 456, 新增覆盖 56
2026-01-04 16:50:04,856 - INFO -   - 券 307/400 选中节点 2805, 新增覆盖 54
2026-01-04 16:50:05,245 - INFO -   - 券 308/400 选中节点 2082, 新增覆盖 59
2026-01-04 16:50:05,635 - INFO -   - 券 309/400 选中节点 3795, 新增覆盖 54
2026-01-04 16:50:06,035 - INFO -   - 券 310/400 选中节点 2560, 新增覆盖 54
2026-01-04 16:50:06,417 - INFO -   - 券 311/400 选中节点 115, 新增覆盖 55
2026-01-04 16:50:06,787 - INFO -   - 券 312/400 选中节点 2206, 新增覆盖 55
2026-01-04 16:50:07,187 - INFO -   - 券 313/400 选中节点 45, 新增覆盖 58
2026-01-04 16:50:07,578 - INFO -   - 券 314/400 选中节点 1716, 新增覆盖 54
2026-01-04 16:50:07,981 - INFO -   - 券 315/400 选中节点 408, 新增覆盖 57
2026-01-04 16:50:08,372 - INFO -   - 券 316/400 选中节点 2870, 新增覆盖 56
2026-01-04 16:50:08,756 - INFO -   - 券 317/400 选中节点 2266, 新增覆盖 58
2026-01-04 16:50:09,161 - INFO -   - 券 318/400 选中节点 3013, 新增覆盖 55
2026-01-04 16:50:09,574 - INFO -   - 券 319/400 选中节点 141, 新增覆盖 55
2026-01-04 16:50:09,972 - INFO -   - 券 320/400 选中节点 2514, 新增覆盖 56
2026-01-04 16:50:10,537 - INFO -   - 券 321/400 选中节点 3042, 新增覆盖 55
2026-01-04 16:50:11,034 - INFO -   - 券 322/400 选中节点 3921, 新增覆盖 54
2026-01-04 16:50:11,561 - INFO -   - 券 323/400 选中节点 3939, 新增覆盖 55
2026-01-04 16:50:12,038 - INFO -   - 券 324/400 选中节点 3340, 新增覆盖 61
2026-01-04 16:50:12,552 - INFO -   - 券 325/400 选中节点 253, 新增覆盖 52
2026-01-04 16:50:13,061 - INFO -   - 券 326/400 选中节点 3502, 新增覆盖 54
2026-01-04 16:50:13,450 - INFO -   - 券 327/400 选中节点 2279, 新增覆盖 57
2026-01-04 16:50:13,857 - INFO -   - 券 328/400 选中节点 3289, 新增覆盖 54
2026-01-04 16:50:14,281 - INFO -   - 券 329/400 选中节点 3038, 新增覆盖 53
2026-01-04 16:50:14,717 - INFO -   - 券 330/400 选中节点 3518, 新增覆盖 50
2026-01-04 16:50:15,111 - INFO -   - 券 331/400 选中节点 3379, 新增覆盖 58
2026-01-04 16:50:15,501 - INFO -   - 券 332/400 选中节点 3173, 新增覆盖 53
2026-01-04 16:50:15,905 - INFO -   - 券 333/400 选中节点 3060, 新增覆盖 56
2026-01-04 16:50:16,320 - INFO -   - 券 334/400 选中节点 2456, 新增覆盖 53
2026-01-04 16:50:16,721 - INFO -   - 券 335/400 选中节点 448, 新增覆盖 57
2026-01-04 16:50:17,167 - INFO -   - 券 336/400 选中节点 2394, 新增覆盖 56
2026-01-04 16:50:17,551 - INFO -   - 券 337/400 选中节点 1791, 新增覆盖 54
2026-01-04 16:50:17,976 - INFO -   - 券 338/400 选中节点 3681, 新增覆盖 54
2026-01-04 16:50:18,373 - INFO -   - 券 339/400 选中节点 2101, 新增覆盖 54
2026-01-04 16:50:18,772 - INFO -   - 券 340/400 选中节点 1546, 新增覆盖 52
2026-01-04 16:50:19,173 - INFO -   - 券 341/400 选中节点 579, 新增覆盖 52
2026-01-04 16:50:19,609 - INFO -   - 券 342/400 选中节点 1058, 新增覆盖 50
2026-01-04 16:50:20,004 - INFO -   - 券 343/400 选中节点 2388, 新增覆盖 52
2026-01-04 16:50:20,410 - INFO -   - 券 344/400 选中节点 3157, 新增覆盖 52
2026-01-04 16:50:20,825 - INFO -   - 券 345/400 选中节点 1372, 新增覆盖 52
2026-01-04 16:50:21,234 - INFO -   - 券 346/400 选中节点 1970, 新增覆盖 55
2026-01-04 16:50:21,663 - INFO -   - 券 347/400 选中节点 3327, 新增覆盖 52
2026-01-04 16:50:22,097 - INFO -   - 券 348/400 选中节点 2308, 新增覆盖 54
2026-01-04 16:50:22,513 - INFO -   - 券 349/400 选中节点 1302, 新增覆盖 54
2026-01-04 16:50:22,946 - INFO -   - 券 350/400 选中节点 1814, 新增覆盖 54
2026-01-04 16:50:23,384 - INFO -   - 券 351/400 选中节点 2688, 新增覆盖 57
2026-01-04 16:50:23,820 - INFO -   - 券 352/400 选中节点 682, 新增覆盖 51
2026-01-04 16:50:24,271 - INFO -   - 券 353/400 选中节点 2399, 新增覆盖 48
2026-01-04 16:50:24,697 - INFO -   - 券 354/400 选中节点 679, 新增覆盖 52
2026-01-04 16:50:25,136 - INFO -   - 券 355/400 选中节点 3413, 新增覆盖 57
2026-01-04 16:50:25,555 - INFO -   - 券 356/400 选中节点 1175, 新增覆盖 52
2026-01-04 16:50:25,989 - INFO -   - 券 357/400 选中节点 3325, 新增覆盖 51
2026-01-04 16:50:26,414 - INFO -   - 券 358/400 选中节点 3465, 新增覆盖 54
2026-01-04 16:50:26,846 - INFO -   - 券 359/400 选中节点 1255, 新增覆盖 49
2026-01-04 16:50:27,280 - INFO -   - 券 360/400 选中节点 2519, 新增覆盖 51
2026-01-04 16:50:27,699 - INFO -   - 券 361/400 选中节点 1142, 新增覆盖 56
2026-01-04 16:50:28,139 - INFO -   - 券 362/400 选中节点 3015, 新增覆盖 53
2026-01-04 16:50:28,564 - INFO -   - 券 363/400 选中节点 3649, 新增覆盖 50
2026-01-04 16:50:29,010 - INFO -   - 券 364/400 选中节点 2923, 新增覆盖 53
2026-01-04 16:50:29,454 - INFO -   - 券 365/400 选中节点 1505, 新增覆盖 50
2026-01-04 16:50:29,902 - INFO -   - 券 366/400 选中节点 249, 新增覆盖 52
2026-01-04 16:50:30,347 - INFO -   - 券 367/400 选中节点 1504, 新增覆盖 53
2026-01-04 16:50:30,777 - INFO -   - 券 368/400 选中节点 638, 新增覆盖 56
2026-01-04 16:50:31,239 - INFO -   - 券 369/400 选中节点 1895, 新增覆盖 50
2026-01-04 16:50:31,706 - INFO -   - 券 370/400 选中节点 3930, 新增覆盖 55
2026-01-04 16:50:32,143 - INFO -   - 券 371/400 选中节点 1722, 新增覆盖 50
2026-01-04 16:50:32,595 - INFO -   - 券 372/400 选中节点 3805, 新增覆盖 51
2026-01-04 16:50:33,034 - INFO -   - 券 373/400 选中节点 2928, 新增覆盖 50
2026-01-04 16:50:33,492 - INFO -   - 券 374/400 选中节点 3571, 新增覆盖 56
2026-01-04 16:50:33,990 - INFO -   - 券 375/400 选中节点 357, 新增覆盖 52
2026-01-04 16:50:34,413 - INFO -   - 券 376/400 选中节点 508, 新增覆盖 59
2026-01-04 16:50:34,869 - INFO -   - 券 377/400 选中节点 3547, 新增覆盖 51
2026-01-04 16:50:35,333 - INFO -   - 券 378/400 选中节点 1325, 新增覆盖 50
2026-01-04 16:50:35,801 - INFO -   - 券 379/400 选中节点 2385, 新增覆盖 48
2026-01-04 16:50:36,259 - INFO -   - 券 380/400 选中节点 2850, 新增覆盖 51
2026-01-04 16:50:36,701 - INFO -   - 券 381/400 选中节点 1963, 新增覆盖 56
2026-01-04 16:50:37,145 - INFO -   - 券 382/400 选中节点 887, 新增覆盖 54
2026-01-04 16:50:37,603 - INFO -   - 券 383/400 选中节点 3683, 新增覆盖 50
2026-01-04 16:50:38,069 - INFO -   - 券 384/400 选中节点 1559, 新增覆盖 54
2026-01-04 16:50:38,528 - INFO -   - 券 385/400 选中节点 2913, 新增覆盖 54
2026-01-04 16:50:38,997 - INFO -   - 券 386/400 选中节点 38, 新增覆盖 49
2026-01-04 16:50:39,484 - INFO -   - 券 387/400 选中节点 3538, 新增覆盖 49
2026-01-04 16:50:39,944 - INFO -   - 券 388/400 选中节点 840, 新增覆盖 52
2026-01-04 16:50:40,408 - INFO -   - 券 389/400 选中节点 892, 新增覆盖 52
2026-01-04 16:50:40,891 - INFO -   - 券 390/400 选中节点 2969, 新增覆盖 52
2026-01-04 16:50:41,340 - INFO -   - 券 391/400 选中节点 3199, 新增覆盖 46
2026-01-04 16:50:41,816 - INFO -   - 券 392/400 选中节点 621, 新增覆盖 53
2026-01-04 16:50:42,289 - INFO -   - 券 393/400 选中节点 1604, 新增覆盖 49
2026-01-04 16:50:42,780 - INFO -   - 券 394/400 选中节点 207, 新增覆盖 51
2026-01-04 16:50:43,266 - INFO -   - 券 395/400 选中节点 1510, 新增覆盖 50
2026-01-04 16:50:43,690 - INFO -   - 券 396/400 选中节点 1809, 新增覆盖 51
2026-01-04 16:50:44,162 - INFO -   - 券 397/400 选中节点 1287, 新增覆盖 54
2026-01-04 16:50:44,637 - INFO -   - 券 398/400 选中节点 2181, 新增覆盖 48
2026-01-04 16:50:45,127 - INFO -   - 券 399/400 选中节点 1018, 新增覆盖 52
2026-01-04 16:50:45,640 - INFO -   - 券 400/400 选中节点 2056, 新增覆盖 48
2026-01-04 16:50:45,640 - INFO - 选种完毕。耗时: 193.46 秒。
2026-01-04 16:50:49,123 - INFO - 最终选择的种子集: [1480, 1207, 3375, 1521, 706, 2215, 3102, 602, 1276, 2724, 3404, 2220, 1487, 1144, 2171, 1137, 946, 2653, 687, 753, 453, 445, 1089, 2748, 3397, 2654, 879, 1000, 2692, 1467, 3183, 1281, 2699, 2142, 609, 749, 1249, 2490, 3175, 2646, 915, 3130, 1595, 2886, 3066, 2856, 2256, 3398, 2113, 3023, 2941, 1108, 1344, 521, 421, 397, 2283, 1699, 2075, 3408, 894, 3186, 1423, 951, 1091, 2849, 1061, 3970, 2415, 1692, 2734, 2048, 1705, 528, 1031, 2164, 3421, 542, 2851, 598, 2716, 1719, 1501, 2645, 1233, 2061, 290, 3353, 3025, 3724, 2131, 1889, 391, 2408, 2412, 1338, 2962, 1228, 1709, 2389, 641, 1315, 2742, 3168, 714, 667, 426, 3464, 2387, 2859, 125, 1195, 2331, 3468, 610, 2062, 2510, 3417, 1614, 2760, 1491, 3176, 2608, 495, 2471, 2211, 3483, 751, 936, 3807, 3333, 709, 548, 3467, 1001, 517, 1858, 719, 297, 2410, 3529, 1336, 2990, 642, 3607, 1555, 2378, 440, 567, 3427, 452, 2391, 1980, 433, 79, 1392, 2601, 1672, 1017, 3447, 2476, 1449, 2411, 3551, 3087, 2920, 2185, 257, 2938, 701, 2380, 3140, 656, 2887, 3923, 1670, 3114, 729, 3277, 3816, 2595, 355, 1450, 1906, 3812, 2696, 2901, 934, 893, 2575, 2733, 3669, 3394, 2316, 1991, 298, 2021, 1088, 229, 3224, 3743, 3188, 928, 1348, 435, 1136, 1717, 3095, 2705, 2295, 392, 1193, 1919, 2798, 871, 1683, 2999, 3084, 792, 647, 2093, 1661, 3223, 135, 2336, 2843, 323, 3641, 1386, 1340, 3751, 918, 1844, 1370, 133, 3458, 3915, 1658, 2106, 3425, 727, 3942, 2418, 1971, 3701, 563, 3275, 3832, 3414, 2556, 908, 3012, 3145, 27, 1725, 582, 1534, 814, 2120, 1279, 962, 3831, 358, 2882, 3196, 3207, 2701, 2697, 3067, 580, 2446, 2046, 3549, 1102, 2158, 1815, 1189, 1208, 3568, 48, 890, 1797, 525, 663, 2070, 702, 2179, 648, 1880, 1867, 2373, 3214, 2234, 3385, 1678, 3740, 2249, 3365, 3006, 3239, 1134, 82, 1499, 1198, 1898, 456, 2805, 2082, 3795, 2560, 115, 2206, 45, 1716, 408, 2870, 2266, 3013, 141, 2514, 3042, 3921, 3939, 3340, 253, 3502, 2279, 3289, 3038, 3518, 3379, 3173, 3060, 2456, 448, 2394, 1791, 3681, 2101, 1546, 579, 1058, 2388, 3157, 1372, 1970, 3327, 2308, 1302, 1814, 2688, 682, 2399, 679, 3413, 1175, 3325, 3465, 1255, 2519, 1142, 3015, 3649, 2923, 1505, 249, 1504, 638, 1895, 3930, 1722, 3805, 2928, 3571, 357, 508, 3547, 1325, 2385, 2850, 1963, 887, 3683, 1559, 2913, 38, 3538, 840, 892, 2969, 3199, 621, 1604, 207, 1510, 1809, 1287, 2181, 1018, 2056]

2026-01-04 16:50:57,798 - INFO - 当前用时 346.26 秒
2026-01-04 16:50:57,798 - INFO - 将种子集 写入位置: /root/pythonspace/data-test/facebook/2026-1-4-2/seeds-with-facebook/random_ris_coverage_seedNum-400_SSRNum-80000.txt
2026-01-04 16:50:57,799 - INFO - 首次生成种子集 monterCarlo_CELF
2026-01-04 16:50:57,799 - INFO - 执行当前算法开始: monterCarlo_CELF
2026-01-04 16:50:57,799 - INFO - --- Running: CELF Greedy Monte Carlo (Sims=500) ---
2026-01-04 16:50:57,799 - INFO - Step 0: 初始化所有节点的边际增益...
2026-01-04 16:52:02,298 - INFO - Seed 1: 3490, Spread: 0.89
2026-01-04 16:52:02,309 - INFO - Seed 2: 1383, Gain: 0.93, Total: 1.81
2026-01-04 16:52:02,393 - INFO - Seed 3: 3144, Gain: 0.81, Total: 2.62
2026-01-04 16:52:02,538 - INFO - Seed 4: 528, Gain: 0.86, Total: 3.48
2026-01-04 16:52:02,689 - INFO - Seed 5: 139, Gain: 0.81, Total: 4.29
2026-01-04 16:52:02,726 - INFO - Seed 6: 3413, Gain: 0.87, Total: 5.16
2026-01-04 16:52:03,658 - INFO - Seed 7: 4031, Gain: 0.76, Total: 5.92
2026-01-04 16:52:04,132 - INFO - Seed 8: 1776, Gain: 0.81, Total: 6.73
2026-01-04 16:52:04,243 - INFO - Seed 9: 3419, Gain: 0.74, Total: 7.48
2026-01-04 16:52:04,752 - INFO - Seed 10: 1614, Gain: 0.74, Total: 8.21
2026-01-04 16:52:04,831 - INFO - Seed 11: 1686, Gain: 0.74, Total: 8.96
2026-01-04 16:52:07,512 - INFO - Seed 12: 3230, Gain: 0.75, Total: 9.71
2026-01-04 16:52:08,494 - INFO - Seed 13: 3994, Gain: 0.74, Total: 10.45
2026-01-04 16:52:11,156 - INFO - Seed 14: 3338, Gain: 0.74, Total: 11.19
2026-01-04 16:52:20,817 - INFO - Seed 15: 3938, Gain: 0.69, Total: 11.88
2026-01-04 16:52:26,668 - INFO - Seed 16: 1004, Gain: 0.68, Total: 12.56
2026-01-04 16:52:40,274 - INFO - Seed 17: 290, Gain: 0.72, Total: 13.28
2026-01-04 16:52:40,422 - INFO - Seed 18: 663, Gain: 0.73, Total: 14.01
2026-01-04 16:52:52,754 - INFO - Seed 19: 2481, Gain: 0.66, Total: 14.67
2026-01-04 16:52:56,616 - INFO - Seed 20: 361, Gain: 0.76, Total: 15.43
2026-01-04 16:52:57,163 - INFO - Seed 21: 3937, Gain: 0.65, Total: 16.08
2026-01-04 16:53:00,095 - INFO - Seed 22: 1253, Gain: 0.69, Total: 16.77
2026-01-04 16:53:02,358 - INFO - Seed 23: 1441, Gain: 0.72, Total: 17.49
2026-01-04 16:53:03,210 - INFO - Seed 24: 602, Gain: 0.70, Total: 18.19
2026-01-04 16:53:03,426 - INFO - Seed 25: 614, Gain: 0.68, Total: 18.87
2026-01-04 16:53:13,918 - INFO - Seed 26: 750, Gain: 0.65, Total: 19.52
2026-01-04 16:53:39,227 - INFO - Seed 27: 1338, Gain: 0.62, Total: 20.14
2026-01-04 16:54:11,164 - INFO - Seed 28: 2601, Gain: 0.62, Total: 20.76
2026-01-04 16:54:13,039 - INFO - Seed 29: 1467, Gain: 0.61, Total: 21.37
2026-01-04 16:54:14,113 - INFO - Seed 30: 2851, Gain: 0.63, Total: 22.00
2026-01-04 16:54:17,259 - INFO - Seed 31: 448, Gain: 0.61, Total: 22.61
2026-01-04 16:54:22,329 - INFO - Seed 32: 3228, Gain: 0.69, Total: 23.30
2026-01-04 16:54:23,855 - INFO - Seed 33: 396, Gain: 0.69, Total: 23.98
2026-01-04 16:54:29,598 - INFO - Seed 34: 3933, Gain: 0.61, Total: 24.59
2026-01-04 16:54:30,548 - INFO - Seed 35: 81, Gain: 0.64, Total: 25.23
2026-01-04 16:55:07,049 - INFO - Seed 36: 2951, Gain: 0.59, Total: 25.83
2026-01-04 16:55:14,241 - INFO - Seed 37: 825, Gain: 0.61, Total: 26.44
2026-01-04 16:55:22,898 - INFO - Seed 38: 1651, Gain: 0.62, Total: 27.06
2026-01-04 16:55:23,257 - INFO - Seed 39: 1914, Gain: 0.61, Total: 27.67
2026-01-04 16:55:40,704 - INFO - Seed 40: 3256, Gain: 0.69, Total: 28.36
2026-01-04 16:55:44,242 - INFO - Seed 41: 926, Gain: 0.59, Total: 28.95
2026-01-04 16:55:44,625 - INFO - Seed 42: 1068, Gain: 0.64, Total: 29.59
2026-01-04 16:55:45,827 - INFO - Seed 43: 1526, Gain: 0.59, Total: 30.18
2026-01-04 16:55:59,329 - INFO - Seed 44: 2497, Gain: 0.61, Total: 30.79
2026-01-04 16:56:11,852 - INFO - Seed 45: 2696, Gain: 0.65, Total: 31.43
2026-01-04 16:56:23,913 - INFO - Seed 46: 6, Gain: 0.60, Total: 32.03
2026-01-04 16:56:33,439 - INFO - Seed 47: 2062, Gain: 0.65, Total: 32.69
2026-01-04 16:56:44,093 - INFO - Seed 48: 2755, Gain: 0.77, Total: 33.45
2026-01-04 16:57:10,245 - INFO - Seed 49: 3970, Gain: 0.60, Total: 34.05
2026-01-04 16:57:10,718 - INFO - Seed 50: 3285, Gain: 0.66, Total: 34.71
2026-01-04 16:57:32,490 - INFO - Seed 51: 862, Gain: 0.59, Total: 35.30
2026-01-04 16:57:50,475 - INFO - Seed 52: 3948, Gain: 0.71, Total: 36.01
2026-01-04 16:57:54,445 - INFO - Seed 53: 737, Gain: 0.57, Total: 36.59
2026-01-04 16:58:51,493 - INFO - Seed 54: 3746, Gain: 0.57, Total: 37.16
2026-01-04 16:59:23,217 - INFO - Seed 55: 320, Gain: 0.57, Total: 37.72
2026-01-04 16:59:54,458 - INFO - Seed 56: 3086, Gain: 0.55, Total: 38.27
2026-01-04 17:00:19,017 - INFO - Seed 57: 793, Gain: 0.75, Total: 39.03
2026-01-04 17:00:42,300 - INFO - Seed 58: 3604, Gain: 0.55, Total: 39.58
2026-01-04 17:00:45,570 - INFO - Seed 59: 843, Gain: 0.56, Total: 40.14
2026-01-04 17:00:54,386 - INFO - Seed 60: 2996, Gain: 0.55, Total: 40.69
2026-01-04 17:01:01,154 - INFO - Seed 61: 331, Gain: 0.58, Total: 41.27
2026-01-04 17:01:40,639 - INFO - Seed 62: 1520, Gain: 0.55, Total: 41.82
2026-01-04 17:02:06,005 - INFO - Seed 63: 3927, Gain: 0.62, Total: 42.44
2026-01-04 17:02:06,596 - INFO - Seed 64: 3781, Gain: 0.58, Total: 43.02
2026-01-04 17:02:07,790 - INFO - Seed 65: 59, Gain: 0.89, Total: 43.90
2026-01-04 17:02:09,631 - INFO - Seed 66: 2646, Gain: 0.61, Total: 44.51
2026-01-04 17:02:10,264 - INFO - Seed 67: 391, Gain: 0.53, Total: 45.05
2026-01-04 17:02:10,897 - INFO - Seed 68: 1959, Gain: 0.56, Total: 45.61
2026-01-04 17:02:12,169 - INFO - Seed 69: 40, Gain: 0.59, Total: 46.19
2026-01-04 17:02:12,809 - INFO - Seed 70: 78, Gain: 0.75, Total: 46.95
2026-01-04 17:02:21,343 - INFO - Seed 71: 1574, Gain: 0.55, Total: 47.49
2026-01-04 17:02:33,538 - INFO - Seed 72: 4016, Gain: 0.55, Total: 48.04
2026-01-04 17:02:36,288 - INFO - Seed 73: 211, Gain: 0.58, Total: 48.62
2026-01-04 17:02:44,596 - INFO - Seed 74: 890, Gain: 0.57, Total: 49.19
2026-01-04 17:02:50,240 - INFO - Seed 75: 1807, Gain: 0.55, Total: 49.74
2026-01-04 17:02:54,512 - INFO - Seed 76: 3332, Gain: 0.58, Total: 50.32
2026-01-04 17:03:03,956 - INFO - Seed 77: 1175, Gain: 0.57, Total: 50.89
2026-01-04 17:03:12,007 - INFO - Seed 78: 1019, Gain: 0.84, Total: 51.73
2026-01-04 17:04:03,239 - INFO - Seed 79: 101, Gain: 0.58, Total: 52.30
2026-01-04 17:04:29,415 - INFO - Seed 80: 2977, Gain: 0.64, Total: 52.94
2026-01-04 17:04:50,901 - INFO - Seed 81: 2329, Gain: 0.54, Total: 53.48
2026-01-04 17:06:18,069 - INFO - Seed 82: 2430, Gain: 0.61, Total: 54.09
2026-01-04 17:06:40,179 - INFO - Seed 83: 1823, Gain: 0.52, Total: 54.61
2026-01-04 17:12:16,300 - INFO - Seed 84: 821, Gain: 0.56, Total: 55.17
2026-01-04 17:12:46,994 - INFO - Seed 85: 830, Gain: 0.52, Total: 55.70
2026-01-04 17:13:14,065 - INFO - Seed 86: 3522, Gain: 0.50, Total: 56.19
2026-01-04 17:13:28,971 - INFO - Seed 87: 2241, Gain: 0.51, Total: 56.70
2026-01-04 17:13:39,866 - INFO - Seed 88: 2742, Gain: 0.55, Total: 57.25
2026-01-04 17:14:14,680 - INFO - Seed 89: 1334, Gain: 0.70, Total: 57.95
2026-01-04 17:14:18,978 - INFO - Seed 90: 634, Gain: 0.63, Total: 58.58
2026-01-04 17:14:49,513 - INFO - Seed 91: 2214, Gain: 0.57, Total: 59.15
2026-01-04 17:15:06,506 - INFO - Seed 92: 2302, Gain: 0.52, Total: 59.67
2026-01-04 17:17:22,132 - INFO - Seed 93: 282, Gain: 0.48, Total: 60.15
2026-01-04 17:17:29,420 - INFO - Seed 94: 1142, Gain: 0.64, Total: 60.78
2026-01-04 17:17:48,952 - INFO - Seed 95: 2175, Gain: 0.46, Total: 61.25
2026-01-04 17:18:12,601 - INFO - Seed 96: 3812, Gain: 0.64, Total: 61.89
2026-01-04 17:18:48,572 - INFO - Seed 97: 3956, Gain: 0.57, Total: 62.46
2026-01-04 17:19:51,758 - INFO - Seed 98: 3307, Gain: 0.72, Total: 63.18
2026-01-04 17:20:18,650 - INFO - Seed 99: 3883, Gain: 0.51, Total: 63.69
2026-01-04 17:22:27,365 - INFO - Seed 100: 1895, Gain: 0.50, Total: 64.18
2026-01-04 17:22:58,693 - INFO - Seed 101: 3289, Gain: 0.49, Total: 64.67
2026-01-04 17:22:59,671 - INFO - Seed 102: 316, Gain: 0.46, Total: 65.14
2026-01-04 17:23:02,694 - INFO - Seed 103: 1375, Gain: 0.61, Total: 65.75
2026-01-04 17:23:04,781 - INFO - Seed 104: 3312, Gain: 0.47, Total: 66.22
2026-01-04 17:23:05,812 - INFO - Seed 105: 1623, Gain: 0.55, Total: 66.77
2026-01-04 17:23:06,860 - INFO - Seed 106: 3707, Gain: 0.89, Total: 67.66
2026-01-04 17:23:12,110 - INFO - Seed 107: 3287, Gain: 0.82, Total: 68.48
2026-01-04 17:23:46,996 - INFO - Seed 108: 3869, Gain: 0.45, Total: 68.93
2026-01-04 17:23:48,043 - INFO - Seed 109: 2887, Gain: 0.45, Total: 69.38
2026-01-04 17:23:59,717 - INFO - Seed 110: 3006, Gain: 0.45, Total: 69.83
2026-01-04 17:24:04,046 - INFO - Seed 111: 3405, Gain: 0.80, Total: 70.63
2026-01-04 17:24:23,843 - INFO - Seed 112: 1836, Gain: 0.53, Total: 71.16
2026-01-04 17:24:26,067 - INFO - Seed 113: 1281, Gain: 0.50, Total: 71.66
2026-01-04 17:24:27,187 - INFO - Seed 114: 1310, Gain: 0.75, Total: 72.41
2026-01-04 17:24:31,638 - INFO - Seed 115: 1072, Gain: 0.45, Total: 72.86
2026-01-04 17:24:39,590 - INFO - Seed 116: 1653, Gain: 0.45, Total: 73.31
2026-01-04 17:24:43,035 - INFO - Seed 117: 2026, Gain: 0.62, Total: 73.93
2026-01-04 17:25:25,931 - INFO - Seed 118: 295, Gain: 0.80, Total: 74.73
2026-01-04 17:29:27,179 - INFO - Seed 119: 1064, Gain: 0.51, Total: 75.24
2026-01-04 17:31:41,141 - INFO - Seed 120: 2506, Gain: 0.60, Total: 75.83
2026-01-04 17:32:16,887 - INFO - Seed 121: 3259, Gain: 0.42, Total: 76.25
2026-01-04 17:33:15,519 - INFO - Seed 122: 1363, Gain: 0.51, Total: 76.76
2026-01-04 17:36:05,727 - INFO - Seed 123: 598, Gain: 0.49, Total: 77.24
2026-01-04 17:37:53,297 - INFO - Seed 124: 861, Gain: 0.43, Total: 77.67
2026-01-04 17:37:55,734 - INFO - Seed 125: 3999, Gain: 0.47, Total: 78.14
2026-01-04 17:37:56,980 - INFO - Seed 126: 641, Gain: 0.63, Total: 78.77
2026-01-04 17:37:59,444 - INFO - Seed 127: 783, Gain: 0.49, Total: 79.25
2026-01-04 17:38:00,676 - INFO - Seed 128: 3251, Gain: 0.54, Total: 79.80
2026-01-04 17:38:01,941 - INFO - Seed 129: 1511, Gain: 0.53, Total: 80.33
2026-01-04 17:38:03,223 - INFO - Seed 130: 1796, Gain: 0.78, Total: 81.10
2026-01-04 17:38:07,082 - INFO - Seed 131: 3233, Gain: 0.40, Total: 81.50
2026-01-04 17:38:08,395 - INFO - Seed 132: 64, Gain: 0.84, Total: 82.34
2026-01-04 17:38:11,025 - INFO - Seed 133: 19, Gain: 0.50, Total: 82.84
2026-01-04 17:38:12,359 - INFO - Seed 134: 434, Gain: 0.43, Total: 83.26
2026-01-04 17:38:17,697 - INFO - Seed 135: 1160, Gain: 0.45, Total: 83.71
2026-01-04 17:38:31,094 - INFO - Seed 136: 2568, Gain: 0.58, Total: 84.29
2026-01-04 17:38:50,143 - INFO - Seed 137: 741, Gain: 0.49, Total: 84.78
2026-01-04 17:39:05,283 - INFO - Seed 138: 2247, Gain: 0.42, Total: 85.20
2026-01-04 17:39:21,963 - INFO - Seed 139: 1607, Gain: 0.50, Total: 85.70
2026-01-04 17:39:48,511 - INFO - Seed 140: 2658, Gain: 0.44, Total: 86.14
2026-01-04 17:40:15,376 - INFO - Seed 141: 627, Gain: 0.40, Total: 86.54
2026-01-04 17:40:16,789 - INFO - Seed 142: 655, Gain: 0.48, Total: 87.02
2026-01-04 17:40:22,593 - INFO - Seed 143: 1500, Gain: 0.73, Total: 87.75
2026-01-04 17:53:59,213 - INFO - Seed 144: 3507, Gain: 0.38, Total: 88.13
2026-01-04 17:54:04,957 - INFO - Seed 145: 2207, Gain: 0.56, Total: 88.68
2026-01-04 17:54:09,275 - INFO - Seed 146: 3346, Gain: 0.46, Total: 89.14
2026-01-04 17:54:14,988 - INFO - Seed 147: 1022, Gain: 0.49, Total: 89.63
2026-01-04 17:54:29,620 - INFO - Seed 148: 1794, Gain: 0.43, Total: 90.07
2026-01-04 17:54:42,962 - INFO - Seed 149: 3651, Gain: 0.36, Total: 90.43
2026-01-04 17:54:44,432 - INFO - Seed 150: 1806, Gain: 0.70, Total: 91.13
2026-01-04 17:54:45,917 - INFO - Seed 151: 1501, Gain: 0.36, Total: 91.49
2026-01-04 17:54:47,422 - INFO - Seed 152: 3235, Gain: 0.42, Total: 91.91
2026-01-04 17:54:48,919 - INFO - Seed 153: 48, Gain: 0.46, Total: 92.38
2026-01-04 17:54:50,430 - INFO - Seed 154: 2432, Gain: 0.65, Total: 93.03
2026-01-04 17:54:51,951 - INFO - Seed 155: 190, Gain: 0.54, Total: 93.57
2026-01-04 17:54:53,494 - INFO - Seed 156: 153, Gain: 0.51, Total: 94.07
2026-01-04 17:54:56,610 - INFO - Seed 157: 807, Gain: 0.60, Total: 94.67
2026-01-04 17:55:04,376 - INFO - Seed 158: 1826, Gain: 0.61, Total: 95.28
2026-01-04 17:55:23,175 - INFO - Seed 159: 1468, Gain: 0.59, Total: 95.87
2026-01-04 17:55:28,185 - INFO - Seed 160: 135, Gain: 0.54, Total: 96.41
2026-01-04 17:55:34,574 - INFO - Seed 161: 828, Gain: 0.60, Total: 97.01
2026-01-04 17:55:45,543 - INFO - Seed 162: 3514, Gain: 0.59, Total: 97.60
2026-01-04 17:55:53,526 - INFO - Seed 163: 1801, Gain: 0.36, Total: 97.95
2026-01-04 17:55:55,114 - INFO - Seed 164: 2113, Gain: 0.73, Total: 98.68
2026-01-04 17:55:58,292 - INFO - Seed 165: 2215, Gain: 0.54, Total: 99.23
2026-01-04 17:56:03,223 - INFO - Seed 166: 521, Gain: 0.35, Total: 99.58
2026-01-04 17:56:08,201 - INFO - Seed 167: 1111, Gain: 0.70, Total: 100.27
2026-01-04 17:56:26,300 - INFO - Seed 168: 2139, Gain: 0.44, Total: 100.71
2026-01-04 17:56:28,090 - INFO - Seed 169: 3839, Gain: 0.58, Total: 101.29
2026-01-04 17:56:31,659 - INFO - Seed 170: 195, Gain: 0.47, Total: 101.76
2026-01-04 17:56:33,318 - INFO - Seed 171: 1144, Gain: 0.72, Total: 102.47
2026-01-04 17:56:35,017 - INFO - Seed 172: 1541, Gain: 0.57, Total: 103.05
2026-01-04 17:56:36,713 - INFO - Seed 173: 3801, Gain: 0.73, Total: 103.78
2026-01-04 17:56:40,183 - INFO - Seed 174: 2747, Gain: 0.41, Total: 104.18
2026-01-04 17:56:45,920 - INFO - Seed 175: 650, Gain: 0.52, Total: 104.70
2026-01-04 17:56:54,474 - INFO - Seed 176: 2398, Gain: 0.35, Total: 105.05
2026-01-04 17:56:57,994 - INFO - Seed 177: 3340, Gain: 0.35, Total: 105.41
2026-01-04 17:57:10,318 - INFO - Seed 178: 933, Gain: 0.93, Total: 106.33
2026-01-04 17:57:13,856 - INFO - Seed 179: 2998, Gain: 0.97, Total: 107.31
2026-01-04 18:02:18,432 - INFO - Seed 180: 3008, Gain: 0.36, Total: 107.66
2026-01-04 18:03:08,513 - INFO - Seed 181: 221, Gain: 0.52, Total: 108.18
2026-01-04 18:05:04,633 - INFO - Seed 182: 1151, Gain: 0.42, Total: 108.60
2026-01-04 18:05:08,261 - INFO - Seed 183: 1729, Gain: 0.49, Total: 109.10
2026-01-04 18:05:17,313 - INFO - Seed 184: 130, Gain: 0.30, Total: 109.40
2026-01-04 18:05:19,141 - INFO - Seed 185: 699, Gain: 0.44, Total: 109.84
2026-01-04 18:05:26,484 - INFO - Seed 186: 32, Gain: 0.62, Total: 110.46
2026-01-04 18:05:28,310 - INFO - Seed 187: 1594, Gain: 0.57, Total: 111.03
2026-01-04 18:05:39,438 - INFO - Seed 188: 2200, Gain: 0.38, Total: 111.41
2026-01-04 18:05:41,316 - INFO - Seed 189: 399, Gain: 0.44, Total: 111.85
2026-01-04 18:05:43,195 - INFO - Seed 190: 2355, Gain: 0.42, Total: 112.27
2026-01-04 18:05:46,978 - INFO - Seed 191: 3764, Gain: 0.63, Total: 112.90
2026-01-04 18:05:50,924 - INFO - Seed 192: 504, Gain: 0.48, Total: 113.38
2026-01-04 18:05:54,734 - INFO - Seed 193: 2428, Gain: 0.33, Total: 113.71
2026-01-04 18:05:56,686 - INFO - Seed 194: 3517, Gain: 0.34, Total: 114.06
2026-01-04 18:05:58,604 - INFO - Seed 195: 818, Gain: 0.69, Total: 114.74
2026-01-04 18:06:00,536 - INFO - Seed 196: 2567, Gain: 0.70, Total: 115.45
2026-01-04 18:06:02,500 - INFO - Seed 197: 2750, Gain: 1.13, Total: 116.57
2026-01-04 18:07:00,279 - INFO - Seed 198: 2309, Gain: 0.47, Total: 117.04
2026-01-04 18:07:10,129 - INFO - Seed 199: 2, Gain: 0.40, Total: 117.44
2026-01-04 18:07:12,100 - INFO - Seed 200: 3907, Gain: 0.38, Total: 117.82
2026-01-04 18:07:14,083 - INFO - Seed 201: 83, Gain: 0.61, Total: 118.44
2026-01-04 18:07:16,159 - INFO - Seed 202: 1207, Gain: 0.81, Total: 119.25
2026-01-04 18:07:20,138 - INFO - Seed 203: 2375, Gain: 0.36, Total: 119.61
2026-01-04 18:07:22,158 - INFO - Seed 204: 948, Gain: 0.30, Total: 119.91
2026-01-04 18:07:28,207 - INFO - Seed 205: 1289, Gain: 0.96, Total: 120.87
2026-01-04 18:07:42,579 - INFO - Seed 206: 3012, Gain: 0.44, Total: 121.32
2026-01-04 18:07:50,820 - INFO - Seed 207: 322, Gain: 0.36, Total: 121.67
2026-01-04 18:07:57,035 - INFO - Seed 208: 2524, Gain: 0.47, Total: 122.15
2026-01-04 18:07:59,100 - INFO - Seed 209: 1518, Gain: 0.47, Total: 122.62
2026-01-04 18:08:01,243 - INFO - Seed 210: 2915, Gain: 0.67, Total: 123.29
2026-01-04 18:08:03,340 - INFO - Seed 211: 2685, Gain: 0.68, Total: 123.97
2026-01-04 18:08:05,421 - INFO - Seed 212: 511, Gain: 0.79, Total: 124.76
2026-01-04 18:10:43,101 - INFO - Seed 213: 1581, Gain: 0.35, Total: 125.11
2026-01-04 18:10:49,554 - INFO - Seed 214: 1031, Gain: 0.33, Total: 125.45
2026-01-04 18:10:51,685 - INFO - Seed 215: 612, Gain: 0.38, Total: 125.82
2026-01-04 18:10:53,907 - INFO - Seed 216: 782, Gain: 0.66, Total: 126.48
2026-01-04 18:11:09,654 - INFO - Seed 217: 3474, Gain: 0.54, Total: 127.02
2026-01-04 18:11:53,207 - INFO - Seed 218: 572, Gain: 0.39, Total: 127.41
2026-01-04 18:12:14,932 - INFO - Seed 219: 3477, Gain: 0.69, Total: 128.10
2026-01-04 18:12:19,321 - INFO - Seed 220: 2187, Gain: 0.72, Total: 128.81
2026-01-04 18:12:43,487 - INFO - Seed 221: 1352, Gain: 0.38, Total: 129.19
2026-01-04 18:12:52,282 - INFO - Seed 222: 2142, Gain: 0.74, Total: 129.93
2026-01-04 18:13:12,504 - INFO - Seed 223: 1765, Gain: 0.31, Total: 130.24
2026-01-04 18:13:28,075 - INFO - Seed 224: 874, Gain: 0.45, Total: 130.69
2026-01-04 18:13:30,319 - INFO - Seed 225: 2729, Gain: 0.43, Total: 131.11
2026-01-04 18:13:32,569 - INFO - Seed 226: 2826, Gain: 0.96, Total: 132.07
2026-01-04 18:13:57,471 - INFO - Seed 227: 160, Gain: 0.35, Total: 132.42
2026-01-04 18:13:59,739 - INFO - Seed 228: 974, Gain: 0.55, Total: 132.96
2026-01-04 18:14:17,918 - INFO - Seed 229: 3836, Gain: 0.29, Total: 133.26
2026-01-04 18:14:20,221 - INFO - Seed 230: 1224, Gain: 0.38, Total: 133.64
2026-01-04 18:14:27,144 - INFO - Seed 231: 2945, Gain: 0.59, Total: 134.22
2026-01-04 18:14:38,758 - INFO - Seed 232: 3857, Gain: 0.41, Total: 134.63
2026-01-04 18:14:41,081 - INFO - Seed 233: 451, Gain: 0.36, Total: 135.00
2026-01-04 18:14:43,431 - INFO - Seed 234: 3475, Gain: 0.55, Total: 135.55
2026-01-04 18:14:45,786 - INFO - Seed 235: 2166, Gain: 0.64, Total: 136.19
2026-01-04 18:14:48,157 - INFO - Seed 236: 57, Gain: 0.50, Total: 136.69
2026-01-04 18:14:52,885 - INFO - Seed 237: 1737, Gain: 0.67, Total: 137.36
2026-01-04 18:14:58,236 - INFO - Seed 238: 136, Gain: 0.49, Total: 137.85
2026-01-04 18:15:03,036 - INFO - Seed 239: 3411, Gain: 1.05, Total: 138.89
2026-01-04 18:15:05,804 - INFO - Seed 240: 77, Gain: 0.28, Total: 139.17
2026-01-04 18:15:11,068 - INFO - Seed 241: 273, Gain: 0.53, Total: 139.70
2026-01-04 18:15:13,750 - INFO - Seed 242: 685, Gain: 0.99, Total: 140.69
2026-01-04 18:20:30,990 - INFO - Seed 243: 1841, Gain: 0.36, Total: 141.04
2026-01-04 18:20:35,865 - INFO - Seed 244: 424, Gain: 0.41, Total: 141.45
2026-01-04 18:20:40,734 - INFO - Seed 245: 1854, Gain: 0.59, Total: 142.04
2026-01-04 18:21:05,329 - INFO - Seed 246: 1093, Gain: 0.27, Total: 142.30
2026-01-04 18:21:07,804 - INFO - Seed 247: 2692, Gain: 0.47, Total: 142.77
2026-01-04 18:21:10,327 - INFO - Seed 248: 2867, Gain: 0.83, Total: 143.60
2026-01-04 18:21:17,814 - INFO - Seed 249: 1228, Gain: 0.97, Total: 144.56
2026-01-04 18:21:22,892 - INFO - Seed 250: 1085, Gain: 0.50, Total: 145.07
2026-01-04 18:21:40,464 - INFO - Seed 251: 3748, Gain: 0.50, Total: 145.56
2026-01-04 18:21:45,501 - INFO - Seed 252: 2653, Gain: 0.39, Total: 145.96
2026-01-04 18:21:48,017 - INFO - Seed 253: 3504, Gain: 0.52, Total: 146.48
2026-01-04 18:21:50,605 - INFO - Seed 254: 2989, Gain: 0.39, Total: 146.87
2026-01-04 18:21:53,116 - INFO - Seed 255: 1849, Gain: 0.25, Total: 147.12
2026-01-04 18:21:55,661 - INFO - Seed 256: 2384, Gain: 1.16, Total: 148.27
2026-01-04 18:21:58,185 - INFO - Seed 257: 279, Gain: 0.60, Total: 148.88
2026-01-04 18:22:03,258 - INFO - Seed 258: 3309, Gain: 0.29, Total: 149.17
2026-01-04 18:22:08,375 - INFO - Seed 259: 1570, Gain: 0.59, Total: 149.76
2026-01-04 18:22:10,954 - INFO - Seed 260: 2511, Gain: 0.25, Total: 150.00
2026-01-04 18:22:13,564 - INFO - Seed 261: 1930, Gain: 0.44, Total: 150.45
2026-01-04 18:22:16,175 - INFO - Seed 262: 772, Gain: 0.80, Total: 151.25
2026-01-04 18:22:18,761 - INFO - Seed 263: 1923, Gain: 0.43, Total: 151.69
2026-01-04 18:22:21,383 - INFO - Seed 264: 2038, Gain: 0.75, Total: 152.44
2026-01-04 18:22:24,027 - INFO - Seed 265: 3391, Gain: 0.26, Total: 152.69
2026-01-04 18:22:26,663 - INFO - Seed 266: 280, Gain: 0.69, Total: 153.38
2026-01-04 18:22:29,327 - INFO - Seed 267: 2708, Gain: 0.25, Total: 153.63
2026-01-04 18:22:32,005 - INFO - Seed 268: 1087, Gain: 0.96, Total: 154.59
2026-01-04 18:22:34,688 - INFO - Seed 269: 3505, Gain: 0.36, Total: 154.96
2026-01-04 18:22:37,401 - INFO - Seed 270: 2512, Gain: 0.25, Total: 155.20
2026-01-04 18:22:40,109 - INFO - Seed 271: 1679, Gain: 1.03, Total: 156.24
2026-01-04 18:22:42,798 - INFO - Seed 272: 2804, Gain: 0.56, Total: 156.80
2026-01-04 18:22:48,286 - INFO - Seed 273: 2422, Gain: 0.36, Total: 157.16
2026-01-04 18:23:07,514 - INFO - Seed 274: 2213, Gain: 0.59, Total: 157.75
2026-01-04 18:23:10,285 - INFO - Seed 275: 2391, Gain: 0.42, Total: 158.17
2026-01-04 18:23:13,027 - INFO - Seed 276: 708, Gain: 0.82, Total: 158.99
2026-01-04 18:23:32,657 - INFO - Seed 277: 192, Gain: 0.24, Total: 159.23
2026-01-04 18:23:38,270 - INFO - Seed 278: 1795, Gain: 0.54, Total: 159.77
2026-01-04 18:23:41,005 - INFO - Seed 279: 831, Gain: 0.58, Total: 160.35
2026-01-04 18:23:43,789 - INFO - Seed 280: 3018, Gain: 0.39, Total: 160.74
2026-01-04 18:23:52,212 - INFO - Seed 281: 599, Gain: 0.47, Total: 161.20
2026-01-04 18:23:55,083 - INFO - Seed 282: 2039, Gain: 0.86, Total: 162.06
2026-01-04 18:23:57,932 - INFO - Seed 283: 1049, Gain: 0.46, Total: 162.52
2026-01-04 18:24:03,602 - INFO - Seed 284: 1690, Gain: 0.30, Total: 162.82
2026-01-04 18:24:06,450 - INFO - Seed 285: 2474, Gain: 0.79, Total: 163.61
2026-01-04 18:24:09,331 - INFO - Seed 286: 1695, Gain: 1.01, Total: 164.63
2026-01-04 18:24:15,120 - INFO - Seed 287: 3737, Gain: 0.55, Total: 165.18
2026-01-04 18:24:18,107 - INFO - Seed 288: 2154, Gain: 0.37, Total: 165.55
2026-01-04 18:24:21,014 - INFO - Seed 289: 1662, Gain: 0.56, Total: 166.11
2026-01-04 18:24:23,922 - INFO - Seed 290: 4019, Gain: 0.51, Total: 166.62
2026-01-04 18:24:26,824 - INFO - Seed 291: 1477, Gain: 0.49, Total: 167.10
2026-01-04 18:24:29,746 - INFO - Seed 292: 3229, Gain: 0.90, Total: 168.00
2026-01-04 18:24:32,681 - INFO - Seed 293: 1902, Gain: 0.24, Total: 168.24
2026-01-04 18:24:35,607 - INFO - Seed 294: 3455, Gain: 0.43, Total: 168.67
2026-01-04 18:24:38,512 - INFO - Seed 295: 1081, Gain: 0.49, Total: 169.16
2026-01-04 18:24:41,436 - INFO - Seed 296: 249, Gain: 0.49, Total: 169.65
2026-01-04 18:24:44,373 - INFO - Seed 297: 2452, Gain: 0.44, Total: 170.09
2026-01-04 18:24:47,353 - INFO - Seed 298: 1675, Gain: 1.07, Total: 171.16
2026-01-04 18:24:53,334 - INFO - Seed 299: 62, Gain: 1.01, Total: 172.17
2026-01-04 18:25:48,717 - INFO - Seed 300: 2105, Gain: 0.38, Total: 172.55
2026-01-04 18:26:24,795 - INFO - Seed 301: 2480, Gain: 0.85, Total: 173.39
2026-01-04 18:26:37,066 - INFO - Seed 302: 2068, Gain: 0.33, Total: 173.72
2026-01-04 18:26:40,120 - INFO - Seed 303: 1442, Gain: 0.29, Total: 174.01
2026-01-04 18:26:46,271 - INFO - Seed 304: 1555, Gain: 0.35, Total: 174.36
2026-01-04 18:26:52,457 - INFO - Seed 305: 1696, Gain: 0.31, Total: 174.67
2026-01-04 18:26:58,648 - INFO - Seed 306: 1553, Gain: 0.30, Total: 174.97
2026-01-04 18:27:04,875 - INFO - Seed 307: 3311, Gain: 0.32, Total: 175.29
2026-01-04 18:27:08,012 - INFO - Seed 308: 1421, Gain: 1.40, Total: 176.69
2026-01-04 18:27:29,739 - INFO - Seed 309: 2246, Gain: 0.37, Total: 177.06
2026-01-04 18:27:42,318 - INFO - Seed 310: 2861, Gain: 0.35, Total: 177.41
2026-01-04 18:27:45,478 - INFO - Seed 311: 1742, Gain: 0.61, Total: 178.02
2026-01-04 18:27:48,629 - INFO - Seed 312: 1657, Gain: 0.73, Total: 178.75
2026-01-04 18:27:51,777 - INFO - Seed 313: 3934, Gain: 0.32, Total: 179.07
2026-01-04 18:27:55,032 - INFO - Seed 314: 2976, Gain: 0.72, Total: 179.79
2026-01-04 18:28:01,420 - INFO - Seed 315: 3370, Gain: 0.64, Total: 180.42
2026-01-04 18:28:04,653 - INFO - Seed 316: 349, Gain: 0.39, Total: 180.81
2026-01-04 18:28:17,410 - INFO - Seed 317: 1189, Gain: 0.45, Total: 181.26
2026-01-04 18:28:20,608 - INFO - Seed 318: 1700, Gain: 0.78, Total: 182.04
2026-01-04 18:28:23,804 - INFO - Seed 319: 3601, Gain: 0.38, Total: 182.42
2026-01-04 18:28:30,239 - INFO - Seed 320: 1032, Gain: 0.94, Total: 183.37
2026-01-04 18:28:46,311 - INFO - Seed 321: 2443, Gain: 0.28, Total: 183.65
2026-01-04 18:28:56,092 - INFO - Seed 322: 2701, Gain: 0.45, Total: 184.09
2026-01-04 18:28:59,358 - INFO - Seed 323: 352, Gain: 0.38, Total: 184.47
2026-01-04 18:29:02,670 - INFO - Seed 324: 1216, Gain: 0.72, Total: 185.19
2026-01-04 18:29:16,240 - INFO - Seed 325: 2917, Gain: 0.81, Total: 186.00
2026-01-04 18:29:36,819 - INFO - Seed 326: 1328, Gain: 0.48, Total: 186.48
2026-01-04 18:29:50,676 - INFO - Seed 327: 2322, Gain: 0.22, Total: 186.70
2026-01-04 18:30:07,141 - INFO - Seed 328: 4038, Gain: 0.48, Total: 187.18
2026-01-04 18:30:10,443 - INFO - Seed 329: 849, Gain: 0.23, Total: 187.41
2026-01-04 18:30:20,437 - INFO - Seed 330: 755, Gain: 0.64, Total: 188.05
2026-01-04 18:30:23,785 - INFO - Seed 331: 1006, Gain: 0.31, Total: 188.36
2026-01-04 18:30:27,204 - INFO - Seed 332: 34, Gain: 0.40, Total: 188.76
2026-01-04 18:30:30,596 - INFO - Seed 333: 1803, Gain: 0.30, Total: 189.06
2026-01-04 18:30:40,669 - INFO - Seed 334: 3436, Gain: 0.33, Total: 189.39
2026-01-04 18:30:44,036 - INFO - Seed 335: 1676, Gain: 0.77, Total: 190.16
2026-01-04 18:30:47,435 - INFO - Seed 336: 368, Gain: 0.26, Total: 190.42
2026-01-04 18:30:50,814 - INFO - Seed 337: 2821, Gain: 0.45, Total: 190.88
2026-01-04 18:30:54,247 - INFO - Seed 338: 3979, Gain: 1.17, Total: 192.05
2026-01-04 18:31:01,132 - INFO - Seed 339: 3404, Gain: 0.25, Total: 192.30
2026-01-04 18:31:04,571 - INFO - Seed 340: 2640, Gain: 0.23, Total: 192.53
2026-01-04 18:31:11,473 - INFO - Seed 341: 2935, Gain: 1.07, Total: 193.60
2026-01-04 18:31:21,774 - INFO - Seed 342: 658, Gain: 0.45, Total: 194.05
2026-01-04 18:31:25,250 - INFO - Seed 343: 3348, Gain: 0.44, Total: 194.49
2026-01-04 18:31:28,724 - INFO - Seed 344: 61, Gain: 0.47, Total: 194.96
2026-01-04 18:31:32,201 - INFO - Seed 345: 1413, Gain: 0.61, Total: 195.56
2026-01-04 18:31:35,675 - INFO - Seed 346: 358, Gain: 0.37, Total: 195.93
2026-01-04 18:31:42,696 - INFO - Seed 347: 150, Gain: 0.38, Total: 196.31
2026-01-04 18:31:49,797 - INFO - Seed 348: 2543, Gain: 1.06, Total: 197.37
2026-01-04 18:31:53,332 - INFO - Seed 349: 5, Gain: 0.55, Total: 197.93
2026-01-04 18:31:56,884 - INFO - Seed 350: 2848, Gain: 0.31, Total: 198.24
2026-01-04 18:32:07,640 - INFO - Seed 351: 3299, Gain: 0.43, Total: 198.67
2026-01-04 18:32:11,218 - INFO - Seed 352: 2712, Gain: 0.56, Total: 199.23
2026-01-04 18:32:18,351 - INFO - Seed 353: 50, Gain: 0.34, Total: 199.57
2026-01-04 18:32:21,941 - INFO - Seed 354: 1900, Gain: 0.33, Total: 199.91
2026-01-04 18:32:29,138 - INFO - Seed 355: 3626, Gain: 0.91, Total: 200.81
2026-01-04 18:32:32,707 - INFO - Seed 356: 1063, Gain: 1.18, Total: 202.00
2026-01-04 18:32:47,160 - INFO - Seed 357: 3856, Gain: 0.53, Total: 202.52
2026-01-04 18:32:54,431 - INFO - Seed 358: 3840, Gain: 0.28, Total: 202.81
2026-01-04 18:33:01,776 - INFO - Seed 359: 2465, Gain: 0.95, Total: 203.75
2026-01-04 18:34:08,200 - INFO - Seed 360: 3422, Gain: 0.29, Total: 204.04
2026-01-04 18:34:56,045 - INFO - Seed 361: 3940, Gain: 0.52, Total: 204.56
2026-01-04 18:35:56,010 - INFO - Seed 362: 2066, Gain: 0.30, Total: 204.87
2026-01-04 18:36:11,001 - INFO - Seed 363: 762, Gain: 0.55, Total: 205.42
2026-01-04 18:36:18,549 - INFO - Seed 364: 336, Gain: 0.46, Total: 205.88
2026-01-04 18:37:07,303 - INFO - Seed 365: 2918, Gain: 0.37, Total: 206.26
2026-01-04 18:37:11,070 - INFO - Seed 366: 3524, Gain: 0.32, Total: 206.57
2026-01-04 18:37:14,819 - INFO - Seed 367: 964, Gain: 1.02, Total: 207.59
2026-01-04 18:37:18,605 - INFO - Seed 368: 2251, Gain: 0.28, Total: 207.87
2026-01-04 18:37:26,221 - INFO - Seed 369: 2741, Gain: 0.63, Total: 208.50
2026-01-04 18:37:49,000 - INFO - Seed 370: 2362, Gain: 0.29, Total: 208.79
2026-01-04 18:37:52,762 - INFO - Seed 371: 137, Gain: 0.53, Total: 209.33
2026-01-04 18:37:56,596 - INFO - Seed 372: 744, Gain: 0.54, Total: 209.87
2026-01-04 18:38:04,276 - INFO - Seed 373: 3609, Gain: 0.63, Total: 210.50
2026-01-04 18:38:11,959 - INFO - Seed 374: 1783, Gain: 0.66, Total: 211.16
2026-01-04 18:38:23,622 - INFO - Seed 375: 376, Gain: 0.20, Total: 211.36
2026-01-04 18:38:39,285 - INFO - Seed 376: 1606, Gain: 0.33, Total: 211.68
2026-01-04 18:38:47,337 - INFO - Seed 377: 695, Gain: 0.33, Total: 212.01
2026-01-04 18:38:55,297 - INFO - Seed 378: 875, Gain: 0.50, Total: 212.51
2026-01-04 18:39:03,131 - INFO - Seed 379: 2517, Gain: 0.94, Total: 213.45
2026-01-04 18:39:07,008 - INFO - Seed 380: 29, Gain: 0.79, Total: 214.24
2026-01-04 18:39:14,757 - INFO - Seed 381: 3036, Gain: 0.20, Total: 214.44
2026-01-04 18:39:18,705 - INFO - Seed 382: 2834, Gain: 1.14, Total: 215.58
2026-01-04 18:43:09,842 - INFO - Seed 383: 145, Gain: 0.22, Total: 215.81
2026-01-04 18:43:29,841 - INFO - Seed 384: 1002, Gain: 0.60, Total: 216.41
2026-01-04 18:44:14,120 - INFO - Seed 385: 79, Gain: 0.22, Total: 216.63
2026-01-04 18:44:22,095 - INFO - Seed 386: 616, Gain: 0.27, Total: 216.90
2026-01-04 18:44:26,069 - INFO - Seed 387: 1561, Gain: 0.45, Total: 217.35
2026-01-04 18:44:34,097 - INFO - Seed 388: 2192, Gain: 1.01, Total: 218.36
2026-01-04 18:44:38,166 - INFO - Seed 389: 3315, Gain: 0.97, Total: 219.33
2026-01-04 18:45:06,812 - INFO - Seed 390: 1887, Gain: 0.29, Total: 219.62
2026-01-04 18:45:10,888 - INFO - Seed 391: 780, Gain: 0.36, Total: 219.98
2026-01-04 18:45:19,062 - INFO - Seed 392: 3878, Gain: 0.96, Total: 220.94
2026-01-04 18:45:35,483 - INFO - Seed 393: 2509, Gain: 0.94, Total: 221.89
2026-01-04 18:47:34,717 - INFO - Seed 394: 1498, Gain: 0.18, Total: 222.07
2026-01-04 18:47:38,827 - INFO - Seed 395: 1148, Gain: 0.48, Total: 222.55
2026-01-04 18:47:51,219 - INFO - Seed 396: 2525, Gain: 0.25, Total: 222.79
2026-01-04 18:48:03,684 - INFO - Seed 397: 3638, Gain: 0.25, Total: 223.04
2026-01-04 18:48:07,856 - INFO - Seed 398: 325, Gain: 0.35, Total: 223.39
2026-01-04 18:48:20,381 - INFO - Seed 399: 3655, Gain: 0.64, Total: 224.03
2026-01-04 18:48:36,916 - INFO - Seed 400: 943, Gain: 0.43, Total: 224.46
2026-01-04 18:48:36,916 - INFO - CELF 完成，总耗时: 7059.12s
2026-01-04 18:48:36,917 - INFO - 当前用时 7059.12 秒
2026-01-04 18:48:36,917 - INFO - 将种子集 写入位置: /root/pythonspace/data-test/facebook/2026-1-4-2/seeds-with-facebook/random_monterCarlo_CELF_seedNum-400_SSRNum-80000.txt
2026-01-04 18:48:36,918 - INFO - 首次生成种子集 monterCarlo_standard
2026-01-04 18:48:36,918 - INFO - 执行当前算法开始: monterCarlo_standard
2026-01-04 18:48:36,919 - INFO - --- Running: Standard Greedy Monte Carlo (Sims=500) ---
2026-01-04 18:49:41,079 - INFO - Step 1/400: 选中节点 3490, 增益 0.88, 当前总覆盖 0.88 (耗时 64.2s)
2026-01-04 18:50:59,074 - INFO - Step 2/400: 选中节点 1383, 增益 0.90, 当前总覆盖 1.79 (耗时 78.0s)
2026-01-04 18:52:27,095 - INFO - Step 3/400: 选中节点 3144, 增益 0.84, 当前总覆盖 2.63 (耗时 88.0s)
2026-01-04 18:54:18,455 - INFO - Step 4/400: 选中节点 139, 增益 0.88, 当前总覆盖 3.51 (耗时 111.4s)
2026-01-04 18:56:29,737 - INFO - Step 5/400: 选中节点 4031, 增益 0.81, 当前总覆盖 4.32 (耗时 131.3s)
2026-01-04 18:59:05,317 - INFO - Step 6/400: 选中节点 528, 增益 0.82, 当前总覆盖 5.15 (耗时 155.6s)
2026-01-04 19:02:03,067 - INFO - Step 7/400: 选中节点 290, 增益 0.85, 当前总覆盖 6.00 (耗时 177.7s)
2026-01-04 19:05:29,009 - INFO - Step 8/400: 选中节点 793, 增益 0.77, 当前总覆盖 6.77 (耗时 205.9s)
2026-01-04 19:09:10,912 - INFO - Step 9/400: 选中节点 403, 增益 0.78, 当前总覆盖 7.55 (耗时 221.9s)
2026-01-04 19:13:17,481 - INFO - Step 10/400: 选中节点 361, 增益 0.75, 当前总覆盖 8.30 (耗时 246.6s)
2026-01-04 19:17:53,750 - INFO - Step 11/400: 选中节点 137, 增益 0.86, 当前总覆盖 9.16 (耗时 276.3s)
2026-01-04 19:23:12,165 - INFO - Step 12/400: 选中节点 1192, 增益 0.74, 当前总覆盖 9.90 (耗时 318.4s)
2026-01-04 19:28:58,750 - INFO - Step 13/400: 选中节点 3413, 增益 0.72, 当前总覆盖 10.62 (耗时 346.6s)
2026-01-04 19:35:32,290 - INFO - Step 14/400: 选中节点 3419, 增益 0.80, 当前总覆盖 11.43 (耗时 393.5s)
2026-01-04 19:42:31,121 - INFO - Step 15/400: 选中节点 109, 增益 0.76, 当前总覆盖 12.19 (耗时 418.8s)
2026-01-04 19:50:03,178 - INFO - Step 16/400: 选中节点 1725, 增益 0.73, 当前总覆盖 12.92 (耗时 452.1s)
2026-01-04 19:58:22,251 - INFO - Step 17/400: 选中节点 2406, 增益 0.70, 当前总覆盖 13.62 (耗时 499.1s)
2026-01-04 20:07:05,521 - INFO - Step 18/400: 选中节点 2331, 增益 0.66, 当前总覆盖 14.27 (耗时 523.3s)
2026-01-04 20:16:12,889 - INFO - Step 19/400: 选中节点 1216, 增益 0.82, 当前总覆盖 15.09 (耗时 547.4s)
2026-01-04 20:25:57,530 - INFO - Step 20/400: 选中节点 2062, 增益 0.78, 当前总覆盖 15.88 (耗时 584.6s)
2026-01-04 20:36:01,486 - INFO - Step 21/400: 选中节点 2601, 增益 0.74, 当前总覆盖 16.61 (耗时 604.0s)
2026-01-04 20:46:46,469 - INFO - Step 22/400: 选中节点 2246, 增益 0.79, 当前总覆盖 17.41 (耗时 645.0s)
2026-01-04 20:58:16,076 - INFO - Step 23/400: 选中节点 719, 增益 0.70, 当前总覆盖 18.10 (耗时 689.6s)
2026-01-04 21:10:31,432 - INFO - Step 24/400: 选中节点 3041, 增益 0.56, 当前总覆盖 18.66 (耗时 735.4s)
2026-01-04 21:23:28,812 - INFO - Step 25/400: 选中节点 3256, 增益 0.72, 当前总覆盖 19.39 (耗时 777.4s)
2026-01-04 21:36:52,703 - INFO - Step 26/400: 选中节点 453, 增益 0.79, 当前总覆盖 20.18 (耗时 803.9s)
2026-01-04 21:50:54,139 - INFO - Step 27/400: 选中节点 174, 增益 0.63, 当前总覆盖 20.81 (耗时 841.4s)
