2026-01-15 17:29:12,104 - INFO - 加载数据集: network.netDog
2026-01-15 17:29:12,105 - INFO - --- 矩阵分析 ---
2026-01-15 17:29:12,105 - INFO - 节点数 (N): 4502
2026-01-15 17:29:12,105 - INFO - 边数 (E): 29580
2026-01-15 17:29:12,105 - INFO - 密度 (Density): 0.00145944 (越小越稀疏)
2026-01-15 17:29:12,105 - INFO - 稀疏度 (Sparsity): 0.99854056 (越接近1越稀疏)
2026-01-15 17:29:12,105 - INFO - 平均度数 (Avg Degree): 6.57
2026-01-15 17:29:12,106 - INFO - 首次生成度相关概率分布 分布类型: 'random'.
2026-01-15 17:29:12,107 - INFO - ===> Generating 'Dirichlet' with Degree Bias...
2026-01-15 17:29:12,107 - INFO -      Alpha: [10, 10, 80]
2026-01-15 17:29:12,107 - INFO -      Factors -> Succ: -1.5, Dis: -2.0, Tran: 2.0
2026-01-15 17:29:12,109 - INFO - --- check node (Max Degree=429.0) ---
2026-01-15 17:29:12,109 - INFO -     Base Prob: [0.12667522 0.08906661 0.78425817]
2026-01-15 17:29:12,109 - INFO -     Final Prob: Succ=0.0000, Dis=0.0000, Tran=1.0000
2026-01-15 17:29:12,110 - INFO - 保存概率分布 文件位置: /root/pythonspace/data-test/network.netDog/2026-1-16/distribution-in-network.netDog/distribution-random_seedNum-400.pkl
2026-01-15 17:29:12,159 - INFO - 首次生成种子集 random
2026-01-15 17:29:12,159 - INFO - 执行当前算法开始: random
2026-01-15 17:29:12,159 - INFO - 数据集节点总数:  n = 4502, m = 400
2026-01-15 17:29:12,159 - INFO - 选择 400  [272, 2080, 1035, 2772, 3374, 1723, 4500, 1714, 1173, 2315, 3827, 3462, 3385, 416, 1033, 1125, 1842, 2760, 4111, 45, 1609, 110, 1306, 202, 1377, 1251, 1690, 2455, 3882, 1576, 4130, 3703, 2125, 1367, 4412, 2114, 2071, 786, 991, 1305, 351, 3071, 4074, 1292, 700, 3070, 1871, 10, 515, 4069, 2778, 3919, 2595, 3715, 4485, 4299, 884, 3970, 1882, 2980, 4496, 3296, 4456, 1781, 2971, 1004, 4395, 2481, 1229, 1152, 4326, 4098, 3920, 3627, 3434, 4045, 580, 538, 1834, 2722, 4389, 3159, 3644, 2480, 3102, 2876, 135, 2219, 2987, 290, 3215, 3351, 320, 3802, 2655, 3558, 3832, 862, 2753, 2724, 1747, 676, 3272, 2785, 4187, 4350, 37, 4001, 501, 4423, 3727, 3356, 1005, 1393, 3617, 3440, 608, 3757, 1227, 4289, 3942, 3460, 4316, 4274, 545, 4138, 2852, 2433, 716, 521, 772, 3315, 2925, 3389, 2696, 712, 386, 2059, 2351, 4040, 4247, 1418, 2975, 1572, 378, 1975, 2471, 2128, 3749, 2634, 1073, 1044, 2411, 159, 754, 1583, 1335, 1860, 702, 2896, 1784, 146, 1667, 2207, 3195, 1452, 3511, 3342, 2895, 1705, 2496, 1284, 3302, 719, 2607, 3033, 2424, 1782, 1414, 794, 486, 207, 88, 1746, 4339, 4218, 1314, 2663, 1199, 2387, 4353, 3377, 206, 1458, 1118, 1566, 2950, 3253, 1312, 2343, 2836, 4264, 905, 1938, 2811, 4303, 1525, 3734, 23, 3295, 4097, 3190, 902, 364, 1300, 692, 604, 4442, 800, 1139, 1516, 3782, 1482, 4032, 1702, 2535, 2539, 153, 3529, 3950, 997, 646, 442, 2009, 3770, 707, 1636, 2120, 2941, 2930, 3554, 847, 3607, 3937, 2105, 2831, 4014, 932, 3820, 1646, 3390, 1868, 799, 1701, 3314, 2775, 3811, 1743, 888, 4405, 990, 774, 1439, 2227, 3409, 998, 3375, 3346, 3378, 1569, 2457, 3996, 4139, 2045, 1945, 296, 3871, 1258, 3286, 492, 3124, 2069, 2914, 1961, 2416, 812, 2196, 3012, 2788, 695, 1281, 2074, 1957, 2303, 221, 734, 1055, 2868, 1617, 4252, 4232, 2694, 1542, 3426, 1776, 882, 3331, 2981, 1713, 474, 915, 95, 13, 4013, 688, 30, 2757, 3157, 3577, 369, 3220, 220, 4063, 4397, 1562, 1856, 2627, 347, 4047, 375, 4321, 1644, 1331, 425, 4246, 1266, 1556, 2441, 1698, 2121, 667, 2611, 3831, 854, 4288, 3762, 1250, 1964, 3054, 1426, 1327, 4291, 1012, 2183, 2408, 2043, 3637, 2168, 1615, 3628, 723, 3309, 3410, 2360, 2960, 3031, 4107, 542, 3448, 2913, 1352, 1024, 3402, 2148, 4357, 4016, 1330, 93, 3278, 3705, 4426, 3552, 2672, 2077, 3778, 112, 1422, 1310, 77, 244, 339, 3716, 3013, 343, 2021, 3240, 1681, 1156, 3212, 1359]

2026-01-15 17:29:12,160 - INFO - 当前用时 0.00 秒
2026-01-15 17:29:12,160 - INFO - 将种子集 写入位置: /root/pythonspace/data-test/network.netDog/2026-1-16/seeds-with-network.netDog/random_random_seedNum-400_SSRNum-100000.txt
2026-01-15 17:29:12,160 - INFO - 首次生成种子集 degreeTopM
2026-01-15 17:29:12,160 - INFO - 执行当前算法开始: degreeTopM
2026-01-15 17:29:12,160 - INFO - 依据: 选择连接数（度数）最多的节点。
2026-01-15 17:29:12,161 - INFO - 选择的 Top M 节点及其度数:
2026-01-15 17:29:12,161 - INFO - 
2026-01-15 17:29:12,161 - INFO - 当前用时 0.00 秒
2026-01-15 17:29:12,162 - INFO - 将种子集 写入位置: /root/pythonspace/data-test/network.netDog/2026-1-16/seeds-with-network.netDog/random_degreeTopM_seedNum-400_SSRNum-100000.txt
2026-01-15 17:29:12,162 - INFO - 首次生成种子集 pageRank
2026-01-15 17:29:12,162 - INFO - 执行当前算法开始: pageRank
2026-01-15 17:29:12,162 - INFO - --- Running: PageRank (on tranProMatrix) Top M ---
2026-01-15 17:29:12,682 - INFO - Selected PageRank seeds: [79, 135, 83, 16, 45, 133, 243, 36, 33, 12, 2, 125, 4, 167, 38, 77, 19, 17, 128, 129, 62, 329, 13, 35, 294, 14, 414, 318, 162, 26, 37, 15, 93, 46, 192, 61, 164, 279, 359, 120, 693, 123, 934, 52, 755, 254, 221, 127, 107, 208, 91, 183, 264, 152, 291, 223, 141, 316, 435, 324, 98, 44, 632, 8, 207, 681, 1157, 405, 104, 142, 150, 263, 916, 169, 583, 237, 261, 228, 1080, 526, 440, 165, 274, 22, 832, 811, 224, 292, 273, 564, 980, 54, 502, 112, 347, 173, 23, 1110, 1047, 194, 1018, 570, 976, 385, 1141, 235, 922, 615, 761, 262, 497, 63, 655, 812, 64, 616, 60, 301, 24, 298, 372, 248, 1287, 730, 960, 869, 72, 240, 594, 131, 238, 53, 280, 1081, 1392, 1419, 182, 784, 86, 1241, 1528, 929, 463, 419, 399, 687, 1418, 870, 1298, 1076, 1785, 1683, 58, 236, 239, 536, 352, 295, 55, 566, 88, 456, 376, 271, 299, 940, 156, 234, 576, 364, 477, 1543, 73, 596, 524, 1114, 21, 210, 663, 379, 837, 550, 517, 992, 1410, 1554, 373, 1134, 1348, 734, 18, 84, 258, 320, 75, 467, 198, 401, 735, 786, 1152, 506, 1015, 326, 1265, 146, 620, 643, 96, 420, 375, 525, 1841, 277, 1035, 322, 508, 917, 1301, 259, 1300, 180, 1280, 1034, 1467, 804, 1738, 1169, 698, 25, 956, 809, 283, 988, 1501, 863, 622, 2067, 314, 315, 1638, 855, 361, 913, 431, 901, 642, 441, 50, 581, 289, 1381, 499, 773, 720, 6, 914, 478, 729, 170, 220, 845, 74, 121, 2073, 193, 543, 1067, 520, 296, 7, 211, 113, 2320, 154, 197, 662, 1091, 668, 1569, 437, 328, 462, 1027, 2174, 1036, 398, 89, 181, 875, 2069, 5, 1162, 774, 1077, 1058, 758, 29, 1032, 1759, 445, 628, 215, 883, 545, 514, 825, 2120, 856, 842, 312, 199, 925, 1784, 787, 1101, 1260, 705, 2091, 1284, 810, 629, 9, 282, 2667, 1050, 343, 139, 542, 412, 1084, 436, 2402, 1346, 1456, 78, 1560, 1506, 1749, 71, 998, 1127, 2543, 1891, 1464, 1359, 669, 2180, 670, 899, 1294, 1473, 791, 919, 1252, 1246, 1281, 245, 885, 442, 1020, 458, 1391, 495, 2315, 534, 1399, 1400, 983, 1148, 711, 1393, 2648, 151, 792, 949, 275, 1681, 434, 2481, 1202, 1353, 2673, 118, 1124, 1128, 1242, 190, 306, 2601, 1635, 2692, 214, 2341, 1641, 448, 284, 2189, 1173, 1980]
2026-01-15 17:29:12,687 - INFO - 当前用时 0.53 秒
2026-01-15 17:29:12,688 - INFO - 将种子集 写入位置: /root/pythonspace/data-test/network.netDog/2026-1-16/seeds-with-network.netDog/random_pageRank_seedNum-400_SSRNum-100000.txt
2026-01-15 17:29:12,688 - INFO - 首次生成种子集 alpha_sort
2026-01-15 17:29:12,688 - INFO - 执行当前算法开始: alpha_sort
2026-01-15 17:29:12,691 - INFO - 4502 个节点的alpha值降序排序 done
2026-01-15 17:29:12,691 - INFO - ==============>> [(4211, 0.006580523550976905), (1971, 0.006365918332338522), (2537, 0.006361556361495309), (2465, 0.006349736000351997), (1336, 0.006231147259342911), (4272, 0.006194606123010193), (1534, 0.006054195025552625), (927, 0.006025703791067125), (3867, 0.006005215863335309), (2152, 0.006000255860851371)]
2026-01-15 17:29:12,691 - INFO - 
选择的种子集 (按alpha排序): [4211, 1971, 2537, 2465, 1336, 4272, 1534, 927, 3867, 2152, 455, 4500, 981, 3486, 1271, 3281, 3772, 4388, 3127, 4012, 2389, 1611, 3530, 1416, 1645, 3630, 3758, 1296, 3588, 2126, 2655, 749, 2724, 1407, 2931, 3982, 1025, 772, 1776, 3531, 3584, 2416, 1850, 4476, 377, 3500, 1762, 2009, 3245, 3617, 4408, 732, 496, 4457, 2791, 1995, 617, 2050, 4117, 1675, 3672, 4429, 3094, 2958, 3160, 3670, 590, 2900, 2249, 3269, 3754, 4477, 2684, 65, 3685, 3183, 3515, 2817, 3292, 4381, 974, 1427, 2827, 1994, 2954, 3473, 694, 4223, 1970, 4285, 4396, 3752, 1355, 3677, 3646, 1504, 2160, 4488, 1480, 1251, 4021, 4484, 1788, 2244, 1662, 433, 2895, 387, 3936, 3201, 2923, 4322, 2088, 1183, 2455, 2388, 2143, 512, 3258, 2773, 2212, 3008, 3398, 4336, 2585, 4424, 2023, 2296, 945, 635, 1536, 2624, 4140, 3168, 4000, 2890, 2190, 2982, 4141, 222, 4236, 4232, 4347, 4014, 4482, 1054, 563, 651, 1446, 873, 3444, 3252, 3645, 3671, 3738, 388, 3826, 868, 160, 3179, 609, 3743, 2670, 3706, 2967, 3221, 2961, 4125, 3333, 2262, 3887, 4093, 3822, 3906, 1864, 4020, 2151, 882, 2530, 2683, 2936, 3384, 4311, 335, 710, 2417, 4069, 4056, 1633, 2551, 2334, 1535, 2340, 4107, 2342, 708, 1487, 714, 3885, 1700, 608, 3831, 1694, 3294, 3927, 3510, 1406, 1828, 4276, 1159, 3868, 3819, 1935, 3164, 3015, 1223, 3031, 1902, 4182, 3018, 4446, 3684, 2330, 3184, 4240, 3843, 2117, 4256, 1691, 4199, 4330, 4156, 4044, 4480, 3971, 1670, 3078, 1349, 1003, 3499, 3797, 3378, 1584, 1986, 1046, 3235, 582, 2288, 1975, 174, 3076, 2974, 3783, 3418, 3907, 584, 1481, 1693, 3280, 2287, 2768, 4387, 3800, 3383, 3305, 2188, 548, 2199, 3162, 2133, 3205, 3268, 3524, 2039, 4001, 2414, 1324, 466, 4209, 2876, 3894, 4469, 4218, 2038, 2556, 4422, 2387, 3857, 2603, 3013, 1742, 1290, 4217, 3029, 2324, 3680, 4300, 3412, 3072, 109, 2980, 2862, 147, 4215, 106, 3419, 3475, 2011, 2760, 3649, 2571, 3211, 2942, 4242, 1587, 2077, 3893, 3380, 4154, 1, 3324, 4146, 1859, 2063, 3474, 515, 3334, 1984, 3917, 1919, 2135, 4312, 1769, 2856, 4360, 1573, 3254, 2344, 2191, 3803, 3491, 1451, 3930, 3845, 3012, 2810, 4428, 159, 206, 2956, 4089, 2654, 2602, 3681, 4413, 2718, 4052, 4418, 3664, 3069, 1910, 4291, 3135, 4176, 3780, 4200, 3141, 4316, 4284, 3675, 1872, 3240, 4301, 1679, 844, 30, 3931, 938, 3010, 3665, 3344, 3103, 2181, 287, 4406, 827, 4094, 2263, 3353, 3642, 3169, 1775, 3483, 4074, 100, 2997, 3650, 3229, 2338, 2807]

2026-01-15 17:29:12,691 - INFO - 当前用时 0.00 秒
2026-01-15 17:29:12,692 - INFO - 将种子集 写入位置: /root/pythonspace/data-test/network.netDog/2026-1-16/seeds-with-network.netDog/random_alpha_sort_seedNum-400_SSRNum-100000.txt
2026-01-15 17:29:12,692 - INFO - 首次生成种子集 ris_coverage
2026-01-15 17:29:12,692 - INFO - 执行当前算法开始: ris_coverage
2026-01-15 17:29:13,061 - INFO - 图初始化完成，节点数: 4502，CSR 矩阵准备就绪。
2026-01-15 17:29:13,061 - INFO - 
开始生成 100000 组 SSR (并行进程: 8)...
2026-01-15 17:30:11,111 - INFO - 生成完毕。耗时: 58.05 秒。
2026-01-15 17:30:11,112 - INFO - 
开始选择最优种子 (Optimized Greedy) ...
2026-01-15 17:30:35,923 - INFO - 选种完毕。耗时: 24.81 秒。
2026-01-15 17:30:35,954 - INFO - 最终选择的种子集: [46, 1784, 135, 16, 207, 133, 2, 26, 120, 976, 79, 91, 259, 36, 243, 83, 45, 294, 23, 1110, 13, 279, 359, 254, 123, 463, 2551, 25, 3141, 414, 3658, 2155, 866, 142, 15, 2544, 1665, 84, 929, 681, 12, 33, 1900, 2009, 14, 127, 150, 1284, 2321, 77, 297, 956, 86, 4119, 600, 467, 3531, 1042, 1748, 1015, 934, 107, 1703, 1410, 1287, 195, 1772, 980, 675, 4330, 526, 347, 2682, 3389, 63, 17, 1427, 1419, 3938, 371, 380, 2419, 2985, 52, 104, 54, 2174, 55, 4274, 3300, 146, 212, 1841, 949, 2928, 1076, 2289, 1569, 2290, 4188, 1280, 1744, 1051, 920, 633, 62, 3720, 64, 1251, 3398, 3565, 517, 3825, 2486, 141, 708, 183, 1080, 583, 3474, 234, 3657, 1488, 35, 1617, 314, 3740, 1227, 508, 19, 37, 3929, 10, 605, 4044, 3696, 2106, 4259, 2330, 154, 472, 192, 167, 743, 1946, 1161, 4312, 74, 2768, 3792, 264, 228, 2048, 730, 44, 2887, 22, 4001, 364, 258, 1268, 2576, 170, 3292, 915, 954, 2772, 2365, 1526, 632, 624, 1084, 405, 3586, 1888, 387, 8, 2207, 197, 4450, 2310, 3567, 289, 2331, 809, 4338, 71, 1928, 505, 2160, 221, 50, 1541, 2023, 1493, 1973, 419, 29, 291, 3690, 693, 1979, 1995, 261, 849, 4037, 2649, 458, 832, 501, 3932, 4117, 125, 4492, 169, 4079, 651, 1785, 947, 2281, 315, 372, 2251, 659, 914, 2998, 4484, 784, 3029, 780, 2821, 550, 1681, 277, 324, 162, 456, 903, 61, 1091, 3905, 3845, 2870, 73, 129, 477, 4289, 93, 441, 3505, 1673, 2256, 38, 3250, 3826, 1838, 435, 581, 385, 58, 1035, 506, 3582, 1058, 3919, 323, 744, 2127, 1988, 665, 365, 4176, 4242, 3946, 4479, 41, 1005, 981, 4225, 3680, 940, 3521, 1006, 761, 1507, 436, 4406, 635, 1291, 1034, 1956, 2778, 1773, 1579, 753, 1543, 295, 1169, 3126, 3074, 3547, 3363, 3438, 502, 2677, 3188, 804, 2704, 1413, 3684, 132, 1038, 2861, 3923, 1819, 278, 726, 72, 794, 4, 2317, 562, 731, 2747, 2459, 593, 3632, 2976, 3268, 98, 3548, 1554, 4202, 1724, 406, 3484, 2813, 704, 3797, 582, 1262, 3333, 1118, 284, 2388, 1705, 4401, 2225, 60, 121, 4084, 1675, 3076, 1296, 3705, 2447, 2793, 2073, 690, 2537, 3838, 409, 570, 473, 3876, 2437, 1790, 3008, 328, 3651, 2332, 368, 3758, 4366, 3832, 1424, 2477, 208, 755, 1334, 786, 396, 873, 579, 1702, 4220, 2093, 1641, 3583, 164, 1672, 3746, 2202, 2344, 2392, 361, 524, 3688, 1267, 968]

2026-01-15 17:30:39,829 - INFO - 当前用时 87.14 秒
2026-01-15 17:30:39,829 - INFO - 将种子集 写入位置: /root/pythonspace/data-test/network.netDog/2026-1-16/seeds-with-network.netDog/random_ris_coverage_seedNum-400_SSRNum-100000.txt
2026-01-15 17:30:39,830 - INFO - 首次生成种子集 monterCarlo_CELF
2026-01-15 17:30:39,830 - INFO - 执行当前算法开始: monterCarlo_CELF
2026-01-15 17:30:39,830 - INFO - --- Running: CELF Greedy Monte Carlo (Sims=300) ---
2026-01-15 17:30:39,830 - INFO - Step 0: 初始化所有节点的边际增益...
2026-01-15 17:39:54,621 - INFO - Seed 1: 3292, Spread: 0.04
2026-01-15 17:40:32,384 - INFO - Seed 2: 1424, Gain: 0.01, Total: 0.05
2026-01-15 17:57:50,845 - INFO - Seed 3: 4172, Gain: 0.01, Total: 0.06
2026-01-15 17:58:34,862 - INFO - Seed 4: 4193, Gain: 0.00, Total: 0.06
2026-01-15 17:58:43,419 - INFO - Seed 5: 455, Gain: 0.02, Total: 0.08
2026-01-15 17:59:43,287 - INFO - Seed 6: 210, Gain: 0.00, Total: 0.08
2026-01-15 18:00:09,872 - INFO - Seed 7: 285, Gain: 0.01, Total: 0.09
2026-01-15 18:00:35,688 - INFO - Seed 8: 340, Gain: 0.00, Total: 0.09
2026-01-15 18:01:45,243 - INFO - Seed 9: 505, Gain: 0.00, Total: 0.09
2026-01-15 18:01:48,440 - INFO - Seed 10: 520, Gain: 0.01, Total: 0.10
2026-01-15 18:02:05,875 - INFO - Seed 11: 553, Gain: 0.01, Total: 0.11
2026-01-15 18:02:58,182 - INFO - Seed 12: 679, Gain: 0.01, Total: 0.12
2026-01-15 18:07:25,660 - INFO - Seed 13: 1225, Gain: 0.00, Total: 0.12
2026-01-15 18:07:42,246 - INFO - Seed 14: 1251, Gain: 0.00, Total: 0.12
2026-01-15 18:11:11,967 - INFO - Seed 15: 1571, Gain: 0.01, Total: 0.13
2026-01-15 18:14:28,671 - INFO - Seed 16: 1875, Gain: 0.01, Total: 0.14
2026-01-15 18:27:51,337 - INFO - Seed 17: 3414, Gain: 0.00, Total: 0.15
2026-01-15 18:29:57,246 - INFO - Seed 18: 3679, Gain: 0.00, Total: 0.15
2026-01-15 18:30:07,383 - INFO - Seed 19: 3685, Gain: 0.00, Total: 0.15
2026-01-15 18:32:36,138 - INFO - Seed 20: 3937, Gain: 0.00, Total: 0.15
2026-01-15 18:32:41,627 - INFO - Seed 21: 3945, Gain: 0.01, Total: 0.16
2026-01-15 18:32:57,971 - INFO - Seed 22: 3969, Gain: 0.00, Total: 0.16
2026-01-15 18:33:04,818 - INFO - Seed 23: 3980, Gain: 0.02, Total: 0.18
2026-01-15 18:34:42,552 - INFO - Seed 24: 4140, Gain: 0.00, Total: 0.18
2026-01-15 18:34:54,564 - INFO - Seed 25: 4151, Gain: 0.02, Total: 0.20
2026-01-15 18:35:08,388 - INFO - Seed 26: 4159, Gain: 0.02, Total: 0.21
2026-01-15 18:41:14,723 - INFO - Seed 27: 4349, Gain: -0.00, Total: 0.21
2026-01-15 18:48:36,210 - INFO - Seed 28: 1966, Gain: -0.01, Total: 0.20
2026-01-15 18:48:39,355 - INFO - Seed 29: 945, Gain: -0.01, Total: 0.20
2026-01-15 18:48:42,566 - INFO - Seed 30: 268, Gain: 0.02, Total: 0.22
2026-01-15 18:48:55,927 - INFO - Seed 31: 4501, Gain: 0.00, Total: 0.22
2026-01-15 18:49:07,913 - INFO - Seed 32: 4483, Gain: -0.01, Total: 0.21
2026-01-15 18:49:14,958 - INFO - Seed 33: 3947, Gain: 0.00, Total: 0.21
2026-01-15 18:49:18,618 - INFO - Seed 34: 3175, Gain: 0.01, Total: 0.22
2026-01-15 18:49:22,375 - INFO - Seed 35: 3047, Gain: 0.00, Total: 0.23
2026-01-15 18:49:26,174 - INFO - Seed 36: 2970, Gain: -0.00, Total: 0.22
2026-01-15 18:49:30,163 - INFO - Seed 37: 1335, Gain: -0.01, Total: 0.22
2026-01-15 18:49:34,997 - INFO - Seed 38: 1317, Gain: 0.00, Total: 0.22
2026-01-15 18:49:40,125 - INFO - Seed 39: 463, Gain: 0.03, Total: 0.24
2026-01-15 18:49:45,711 - INFO - Seed 40: 459, Gain: 0.01, Total: 0.26
2026-01-15 18:50:02,791 - INFO - Seed 41: 376, Gain: 0.03, Total: 0.28
2026-01-15 18:50:14,067 - INFO - Seed 42: 286, Gain: -0.01, Total: 0.28
2026-01-15 18:50:23,152 - INFO - Seed 43: 1047, Gain: -0.00, Total: 0.27
2026-01-15 18:50:33,104 - INFO - Seed 44: 2121, Gain: 0.02, Total: 0.29
2026-01-15 18:51:02,428 - INFO - Seed 45: 4256, Gain: 0.00, Total: 0.29
2026-01-15 18:51:32,154 - INFO - Seed 46: 4482, Gain: 0.01, Total: 0.30
2026-01-15 18:51:38,610 - INFO - Seed 47: 4430, Gain: 0.02, Total: 0.32
2026-01-15 18:52:29,618 - INFO - Seed 48: 1336, Gain: 0.01, Total: 0.33
2026-01-15 18:53:08,496 - INFO - Seed 49: 3887, Gain: 0.00, Total: 0.33
2026-01-15 18:53:29,834 - INFO - Seed 50: 3432, Gain: 0.02, Total: 0.35
2026-01-15 18:53:59,386 - INFO - Seed 51: 3830, Gain: -0.01, Total: 0.34
2026-01-15 18:54:17,813 - INFO - Seed 52: 1977, Gain: -0.01, Total: 0.33
2026-01-15 18:54:29,270 - INFO - Seed 53: 1854, Gain: 0.03, Total: 0.36
2026-01-15 18:55:08,654 - INFO - Seed 54: 408, Gain: -0.01, Total: 0.35
2026-01-15 18:55:20,971 - INFO - Seed 55: 306, Gain: -0.00, Total: 0.34
2026-01-15 18:55:51,302 - INFO - Seed 56: 250, Gain: -0.00, Total: 0.34
2026-01-15 18:56:11,745 - INFO - Seed 57: 51, Gain: -0.01, Total: 0.33
2026-01-15 18:56:17,902 - INFO - Seed 58: 4141, Gain: -0.00, Total: 0.33
2026-01-15 18:56:38,945 - INFO - Seed 59: 3912, Gain: 0.03, Total: 0.35
2026-01-15 18:56:45,450 - INFO - Seed 60: 3784, Gain: 0.11, Total: 0.47
