2025-12-03 11:52:30,878 - INFO - 加载数据集: Mich
2025-12-03 11:52:30,931 - INFO - 首次生成度相关概率分布 分布类型: 'powerlaw'.
2025-12-03 11:52:30,931 - INFO - ===> Generating 'Power-law Degree-Aware' distributions...
2025-12-03 11:52:30,935 - INFO - 保存概率分布 文件位置: /home/wen/pythonspace/data-test/Mich/2025-12-3/distribution-in-Mich/distribution-powerlaw_seedNum-50.pkl
2025-12-03 11:52:31,045 - INFO - 首次生成种子集 random
2025-12-03 11:52:31,045 - INFO - 执行当前算法开始: random
2025-12-03 11:52:31,045 - INFO - 当前用时 0.00 秒
2025-12-03 11:52:31,045 - INFO - 将种子集 写入位置: /home/wen/pythonspace/data-test/Mich/2025-12-3/seeds-with-Mich/powerlaw_random_seedNum-50_SSRNum-100000.txt
2025-12-03 11:52:31,045 - INFO - 首次生成种子集 degreeTopM
2025-12-03 11:52:31,045 - INFO - 执行当前算法开始: degreeTopM
2025-12-03 11:52:31,047 - INFO - 当前用时 0.00 秒
2025-12-03 11:52:31,047 - INFO - 将种子集 写入位置: /home/wen/pythonspace/data-test/Mich/2025-12-3/seeds-with-Mich/powerlaw_degreeTopM_seedNum-50_SSRNum-100000.txt
2025-12-03 11:52:31,047 - INFO - 首次生成种子集 alpha_sort
2025-12-03 11:52:31,047 - INFO - 执行当前算法开始: alpha_sort
2025-12-03 11:52:31,049 - INFO - 3748 个节点的alpha值降序排序 done
2025-12-03 11:52:31,049 - INFO - ==============>> [(3690, 0.19535743763854913), (3586, 0.180222697949338), (3721, 0.1795659665666426), (3452, 0.1788933371726426), (3728, 0.17681047353589235), (3487, 0.17461680433588864), (3723, 0.17343726247136187), (3674, 0.17287534855421932), (3608, 0.17221001122524143), (3742, 0.16999296146324766)]
2025-12-03 11:52:31,049 - INFO - 
选择的种子集 (按alpha排序): [3690, 3586, 3721, 3452, 3728, 3487, 3723, 3674, 3608, 3742, 3285, 3738, 3689, 3602, 3736, 3695, 3541, 3727, 3722, 3400, 3565, 2983, 3697, 3390, 3589, 3685, 3735, 3670, 2800, 3571, 3637, 3055, 3596, 3454, 3629, 1450, 3010, 3489, 3517, 3709, 3574, 3464, 3439, 3705, 2734, 1578, 3647, 3227, 2795, 3646]

2025-12-03 11:52:31,050 - INFO - 当前用时 0.00 秒
2025-12-03 11:52:31,050 - INFO - 将种子集 写入位置: /home/wen/pythonspace/data-test/Mich/2025-12-3/seeds-with-Mich/powerlaw_alpha_sort_seedNum-50_SSRNum-100000.txt
2025-12-03 11:52:31,050 - INFO - 首次生成种子集 importance_sort
2025-12-03 11:52:31,050 - INFO - 执行当前算法开始: importance_sort
2025-12-03 11:52:33,308 - INFO - 
选择的种子集 (按Importance排序): [3690, 3586, 3721, 3452, 3728, 3487, 3723, 3674, 3608, 3742, 3285, 3738, 3689, 3602, 3736, 3695, 3541, 3727, 3722, 3400, 3565, 2983, 3697, 3390, 3589, 3685, 3735, 3670, 2800, 3571, 3637, 3055, 3596, 3454, 3629, 1450, 3010, 3489, 3517, 3709, 3574, 3464, 3439, 3705, 2734, 1578, 3647, 3227, 2795, 3646]

2025-12-03 11:52:33,309 - INFO - 当前用时 2.26 秒
2025-12-03 11:52:33,309 - INFO - 将种子集 写入位置: /home/wen/pythonspace/data-test/Mich/2025-12-3/seeds-with-Mich/powerlaw_importance_sort_seedNum-50_SSRNum-100000.txt
2025-12-03 11:52:33,309 - INFO - 首次生成种子集 ris_coverage
2025-12-03 11:52:33,309 - INFO - 执行当前算法开始: ris_coverage
2025-12-03 11:52:33,541 - INFO - 图初始化完成，节点数: 3748，CSR 矩阵准备就绪。
2025-12-03 11:52:33,541 - INFO - 
开始生成 100000 组 SSR (并行进程: 4)...
2025-12-03 11:52:41,901 - INFO - 生成完毕。耗时: 8.36 秒。
2025-12-03 11:52:41,902 - INFO - 
开始选择最优种子 (Optimized Greedy) ...
2025-12-03 11:52:42,326 - INFO -   - 券 1/50 选中节点 3390, 新增覆盖 10
2025-12-03 11:52:42,327 - INFO -   - 券 2/50 选中节点 3464, 新增覆盖 11
2025-12-03 11:52:42,328 - INFO -   - 券 3/50 选中节点 3129, 新增覆盖 10
2025-12-03 11:52:42,330 - INFO -   - 券 4/50 选中节点 3454, 新增覆盖 10
2025-12-03 11:52:42,334 - INFO -   - 券 5/50 选中节点 3571, 新增覆盖 10
2025-12-03 11:52:42,338 - INFO -   - 券 6/50 选中节点 3697, 新增覆盖 11
2025-12-03 11:52:42,343 - INFO -   - 券 7/50 选中节点 3677, 新增覆盖 10
2025-12-03 11:52:42,351 - INFO -   - 券 8/50 选中节点 3690, 新增覆盖 12
2025-12-03 11:52:42,359 - INFO -   - 券 9/50 选中节点 3727, 新增覆盖 10
2025-12-03 11:52:42,364 - INFO -   - 券 10/50 选中节点 3747, 新增覆盖 10
2025-12-03 11:52:42,368 - INFO -   - 券 11/50 选中节点 3687, 新增覆盖 9
2025-12-03 11:52:42,373 - INFO -   - 券 12/50 选中节点 3565, 新增覆盖 9
2025-12-03 11:52:42,393 - INFO -   - 券 13/50 选中节点 3695, 新增覆盖 12
2025-12-03 11:52:42,404 - INFO -   - 券 14/50 选中节点 3005, 新增覆盖 8
2025-12-03 11:52:42,412 - INFO -   - 券 15/50 选中节点 3487, 新增覆盖 11
2025-12-03 11:52:42,428 - INFO -   - 券 16/50 选中节点 3285, 新增覆盖 10
2025-12-03 11:52:42,443 - INFO -   - 券 17/50 选中节点 3661, 新增覆盖 9
2025-12-03 11:52:42,460 - INFO -   - 券 18/50 选中节点 3646, 新增覆盖 12
2025-12-03 11:52:42,472 - INFO -   - 券 19/50 选中节点 3237, 新增覆盖 9
2025-12-03 11:52:42,480 - INFO -   - 券 20/50 选中节点 3721, 新增覆盖 11
2025-12-03 11:52:42,498 - INFO -   - 券 21/50 选中节点 3586, 新增覆盖 10
2025-12-03 11:52:42,517 - INFO -   - 券 22/50 选中节点 3705, 新增覆盖 7
2025-12-03 11:52:42,527 - INFO -   - 券 23/50 选中节点 1578, 新增覆盖 9
2025-12-03 11:52:42,546 - INFO -   - 券 24/50 选中节点 3358, 新增覆盖 9
2025-12-03 11:52:42,564 - INFO -   - 券 25/50 选中节点 2734, 新增覆盖 9
2025-12-03 11:52:42,581 - INFO -   - 券 26/50 选中节点 3463, 新增覆盖 9
2025-12-03 11:52:42,595 - INFO -   - 券 27/50 选中节点 3707, 新增覆盖 11
2025-12-03 11:52:42,633 - INFO -   - 券 28/50 选中节点 3728, 新增覆盖 10
2025-12-03 11:52:42,652 - INFO -   - 券 29/50 选中节点 3596, 新增覆盖 9
2025-12-03 11:52:42,678 - INFO -   - 券 30/50 选中节点 3556, 新增覆盖 8
2025-12-03 11:52:42,695 - INFO -   - 券 31/50 选中节点 3094, 新增覆盖 9
2025-12-03 11:52:42,719 - INFO -   - 券 32/50 选中节点 3744, 新增覆盖 11
2025-12-03 11:52:42,752 - INFO -   - 券 33/50 选中节点 3439, 新增覆盖 9
2025-12-03 11:52:42,798 - INFO -   - 券 34/50 选中节点 3541, 新增覆盖 9
2025-12-03 11:52:42,823 - INFO -   - 券 35/50 选中节点 3400, 新增覆盖 8
2025-12-03 11:52:42,849 - INFO -   - 券 36/50 选中节点 3227, 新增覆盖 11
2025-12-03 11:52:42,875 - INFO -   - 券 37/50 选中节点 3602, 新增覆盖 10
2025-12-03 11:52:42,935 - INFO -   - 券 38/50 选中节点 3574, 新增覆盖 9
2025-12-03 11:52:42,978 - INFO -   - 券 39/50 选中节点 3452, 新增覆盖 11
2025-12-03 11:52:43,029 - INFO -   - 券 40/50 选中节点 3737, 新增覆盖 10
2025-12-03 11:52:43,049 - INFO -   - 券 41/50 选中节点 3082, 新增覆盖 7
2025-12-03 11:52:43,103 - INFO -   - 券 42/50 选中节点 3711, 新增覆盖 8
2025-12-03 11:52:43,141 - INFO -   - 券 43/50 选中节点 3055, 新增覆盖 9
2025-12-03 11:52:43,187 - INFO -   - 券 44/50 选中节点 3723, 新增覆盖 9
2025-12-03 11:52:43,230 - INFO -   - 券 45/50 选中节点 1450, 新增覆盖 10
2025-12-03 11:52:43,273 - INFO -   - 券 46/50 选中节点 3670, 新增覆盖 9
2025-12-03 11:52:43,330 - INFO -   - 券 47/50 选中节点 3735, 新增覆盖 9
2025-12-03 11:52:43,352 - INFO -   - 券 48/50 选中节点 3674, 新增覆盖 8
2025-12-03 11:52:43,369 - INFO -   - 券 49/50 选中节点 3343, 新增覆盖 7
2025-12-03 11:52:43,407 - INFO -   - 券 50/50 选中节点 3013, 新增覆盖 9
2025-12-03 11:52:43,407 - INFO - 选种完毕。耗时: 1.50 秒。
2025-12-03 11:52:43,417 - INFO - 最终选择的种子集: [3390, 3464, 3129, 3454, 3571, 3697, 3677, 3690, 3727, 3747, 3687, 3565, 3695, 3005, 3487, 3285, 3661, 3646, 3237, 3721, 3586, 3705, 1578, 3358, 2734, 3463, 3707, 3728, 3596, 3556, 3094, 3744, 3439, 3541, 3400, 3227, 3602, 3574, 3452, 3737, 3082, 3711, 3055, 3723, 1450, 3670, 3735, 3674, 3343, 3013]

2025-12-03 11:52:43,789 - INFO - 当前用时 10.48 秒
2025-12-03 11:52:43,789 - INFO - 将种子集 写入位置: /home/wen/pythonspace/data-test/Mich/2025-12-3/seeds-with-Mich/powerlaw_ris_coverage_seedNum-50_SSRNum-100000.txt
2025-12-03 11:52:43,790 - INFO - 评估种子集: None
2025-12-03 11:52:43,790 - INFO - 多进程评估开始，共有 5 个方法待评估...
2025-12-03 11:52:43,790 - INFO - 启动进程池，Worker数量: 5
2025-12-03 11:52:44,330 - INFO - [Process 1049487] 开始评估方法: random, 种子数: 50
2025-12-03 11:52:44,744 - INFO - [Process 1049488] 开始评估方法: degreeTopM, 种子数: 50
2025-12-03 11:52:45,161 - INFO - [Process 1049489] 开始评估方法: alpha_sort, 种子数: 50
2025-12-03 11:52:45,619 - INFO - [Process 1049490] 开始评估方法: importance_sort, 种子数: 50
2025-12-03 11:52:46,032 - INFO - [Process 1049491] 开始评估方法: ris_coverage, 种子数: 50
2025-12-03 11:53:20,701 - INFO - [Process 1049489] alpha_sort - 15 sims 完成: E=32.40
2025-12-03 11:53:21,314 - INFO - [Process 1049491] ris_coverage - 15 sims 完成: E=32.93
2025-12-03 11:53:21,787 - INFO - [Process 1049490] importance_sort - 15 sims 完成: E=32.40
2025-12-03 11:53:35,726 - INFO - [Process 1049487] random - 15 sims 完成: E=32.60
2025-12-03 11:53:37,377 - INFO - [Process 1049488] degreeTopM - 15 sims 完成: E=33.33
2025-12-03 11:53:37,403 - INFO - 所有进程执行完毕，开始写入数据...
2025-12-03 11:53:37,416 - INFO - 成功写入 5 条记录至 /home/wen/pythonspace/data-test/Mich/2025-12-3/E-activated-Mich/distribution-powerlaw/tsd_1.5--0.9--1.3/single_sim_func-AgainContinue/simuTimes-15_monteCarloL-10_single_sim_func-AgainContinue_rrNumSamples-100000.csv
2025-12-03 11:53:37,417 - INFO - 保存评估文件至: /home/wen/pythonspace/data-test/Mich/2025-12-3/E-activated-Mich/distribution-powerlaw/tsd_1.5--0.9--1.3/single_sim_func-AgainContinue/simuTimes-15_monteCarloL-10_single_sim_func-AgainContinue_rrNumSamples-100000.csv
