2025-12-03 11:59:31,333 - INFO - 加载数据集: Mich
2025-12-03 11:59:31,336 - INFO - 首次生成度相关概率分布 分布类型: 'powerlaw'.
2025-12-03 11:59:31,336 - INFO - ===> Generating 'Power-law Degree-Aware' distributions...
2025-12-03 11:59:31,338 - INFO - 保存概率分布 文件位置: /home/wen/pythonspace/data-test/Mich/2025-12-3/distribution-in-Mich/distribution-powerlaw_seedNum-150.pkl
2025-12-03 11:59:31,439 - INFO - 首次生成种子集 random
2025-12-03 11:59:31,439 - INFO - 执行当前算法开始: random
2025-12-03 11:59:31,439 - INFO - 当前用时 0.00 秒
2025-12-03 11:59:31,440 - INFO - 将种子集 写入位置: /home/wen/pythonspace/data-test/Mich/2025-12-3/seeds-with-Mich/powerlaw_random_seedNum-150_SSRNum-100000.txt
2025-12-03 11:59:31,441 - INFO - 首次生成种子集 degreeTopM
2025-12-03 11:59:31,441 - INFO - 执行当前算法开始: degreeTopM
2025-12-03 11:59:31,442 - INFO - 当前用时 0.00 秒
2025-12-03 11:59:31,442 - INFO - 将种子集 写入位置: /home/wen/pythonspace/data-test/Mich/2025-12-3/seeds-with-Mich/powerlaw_degreeTopM_seedNum-150_SSRNum-100000.txt
2025-12-03 11:59:31,443 - INFO - 首次生成种子集 alpha_sort
2025-12-03 11:59:31,443 - INFO - 执行当前算法开始: alpha_sort
2025-12-03 11:59:31,445 - INFO - 3748 个节点的alpha值降序排序 done
2025-12-03 11:59:31,445 - INFO - ==============>> [(3343, 0.19342468542179952), (3608, 0.19034010704554227), (3711, 0.18321683401500452), (3740, 0.1821345934622443), (3687, 0.18165683582259426), (3129, 0.18125938432051597), (3737, 0.17692886182715512), (2734, 0.1732101773360393), (3638, 0.17008701277556237), (3697, 0.16863629933051147)]
2025-12-03 11:59:31,445 - INFO - 
选择的种子集 (按alpha排序): [3343, 3608, 3711, 3740, 3687, 3129, 3737, 2734, 3638, 3697, 3738, 3487, 3489, 3575, 2800, 3358, 3731, 2158, 3565, 3742, 3636, 3703, 3216, 3677, 3717, 3574, 3701, 3647, 3708, 1450, 3728, 3019, 3037, 3379, 3700, 2914, 3529, 3410, 3135, 3721, 3652, 1578, 3746, 3606, 3685, 3649, 3683, 3541, 3709, 3400, 3084, 3295, 3739, 3589, 3586, 3237, 3618, 3602, 3596, 3013, 2643, 3656, 1937, 3727, 3661, 3736, 3686, 3614, 3437, 3464, 3094, 3452, 3707, 3689, 3705, 3629, 3556, 3747, 3285, 3390, 3360, 3082, 3200, 3722, 3476, 3055, 3672, 3454, 3571, 3735, 3725, 3723, 3393, 3667, 3005, 282, 3674, 2983, 3202, 2276, 2795, 3690, 3010, 3695, 3439, 3631, 3670, 3646, 3517, 3637, 3239, 2829, 3227, 3304, 3744, 1731, 2086, 3034, 818, 3598, 3254, 3704, 3532, 3271, 3418, 3699, 3051, 3495, 3333, 1766, 3350, 3566, 3623, 3083, 1558, 3678, 1573, 3626, 3734, 3324, 2740, 123, 3696, 3125, 3743, 1775, 3512, 3563, 3653, 3053]

2025-12-03 11:59:31,445 - INFO - 当前用时 0.00 秒
2025-12-03 11:59:31,445 - INFO - 将种子集 写入位置: /home/wen/pythonspace/data-test/Mich/2025-12-3/seeds-with-Mich/powerlaw_alpha_sort_seedNum-150_SSRNum-100000.txt
2025-12-03 11:59:31,445 - INFO - 首次生成种子集 importance_sort
2025-12-03 11:59:31,445 - INFO - 执行当前算法开始: importance_sort
2025-12-03 11:59:33,687 - INFO - 
选择的种子集 (按Importance排序): [3343, 3608, 3711, 3740, 3687, 3129, 3737, 2734, 3638, 3697, 3738, 3487, 3489, 3575, 2800, 3358, 3731, 2158, 3565, 3742, 3636, 3703, 3216, 3677, 3717, 3574, 3701, 3647, 3708, 1450, 3728, 3019, 3037, 3379, 3700, 2914, 3529, 3410, 3135, 3721, 3652, 1578, 3746, 3606, 3685, 3649, 3683, 3541, 3709, 3400, 3084, 3295, 3739, 3589, 3586, 3237, 3618, 3602, 3596, 3013, 2643, 3656, 1937, 3727, 3661, 3736, 3686, 3614, 3437, 3464, 3094, 3452, 3707, 3689, 3705, 3629, 3556, 3747, 3285, 3390, 3360, 3082, 3200, 3722, 3476, 3055, 3672, 3454, 3571, 3735, 3725, 3723, 3393, 3667, 3005, 282, 3674, 2983, 3202, 2276, 2795, 3690, 3010, 3695, 3439, 3631, 3670, 3646, 3517, 3637, 3239, 2829, 3227, 3304, 3744, 1731, 2086, 3034, 818, 3598, 3254, 3704, 3532, 3271, 3418, 3699, 3051, 3495, 3333, 1766, 3350, 3566, 3623, 3083, 1558, 3678, 1573, 3626, 3734, 3324, 2740, 123, 3696, 3125, 3743, 1775, 3512, 3563, 3653, 3053]

2025-12-03 11:59:33,687 - INFO - 当前用时 2.24 秒
2025-12-03 11:59:33,688 - INFO - 将种子集 写入位置: /home/wen/pythonspace/data-test/Mich/2025-12-3/seeds-with-Mich/powerlaw_importance_sort_seedNum-150_SSRNum-100000.txt
2025-12-03 11:59:33,688 - INFO - 首次生成种子集 ris_coverage
2025-12-03 11:59:33,688 - INFO - 执行当前算法开始: ris_coverage
2025-12-03 11:59:33,922 - INFO - 图初始化完成，节点数: 3748，CSR 矩阵准备就绪。
2025-12-03 11:59:33,922 - INFO - 
开始生成 100000 组 SSR (并行进程: 4)...
2025-12-03 11:59:59,864 - INFO - 生成完毕。耗时: 25.94 秒。
2025-12-03 11:59:59,866 - INFO - 
开始选择最优种子 (Optimized Greedy) ...
2025-12-03 12:00:01,214 - INFO -   - 券 1/150 选中节点 3737, 新增覆盖 11
2025-12-03 12:00:01,215 - INFO -   - 券 2/150 选中节点 3728, 新增覆盖 10
2025-12-03 12:00:01,219 - INFO -   - 券 3/150 选中节点 3647, 新增覆盖 9
2025-12-03 12:00:01,221 - INFO -   - 券 4/150 选中节点 3636, 新增覆盖 11
2025-12-03 12:00:01,225 - INFO -   - 券 5/150 选中节点 3129, 新增覆盖 11
2025-12-03 12:00:01,234 - INFO -   - 券 6/150 选中节点 3295, 新增覆盖 10
2025-12-03 12:00:01,237 - INFO -   - 券 7/150 选中节点 3697, 新增覆盖 11
2025-12-03 12:00:01,243 - INFO -   - 券 8/150 选中节点 3464, 新增覆盖 10
2025-12-03 12:00:01,246 - INFO -   - 券 9/150 选中节点 3487, 新增覆盖 11
2025-12-03 12:00:01,251 - INFO -   - 券 10/150 选中节点 3439, 新增覆盖 12
2025-12-03 12:00:01,258 - INFO -   - 券 11/150 选中节点 3358, 新增覆盖 10
2025-12-03 12:00:01,269 - INFO -   - 券 12/150 选中节点 3489, 新增覆盖 9
2025-12-03 12:00:01,283 - INFO -   - 券 13/150 选中节点 3400, 新增覆盖 8
2025-12-03 12:00:01,291 - INFO -   - 券 14/150 选中节点 3683, 新增覆盖 7
2025-12-03 12:00:01,314 - INFO -   - 券 15/150 选中节点 3135, 新增覆盖 9
2025-12-03 12:00:01,331 - INFO -   - 券 16/150 选中节点 3608, 新增覆盖 10
2025-12-03 12:00:01,344 - INFO -   - 券 17/150 选中节点 3701, 新增覆盖 10
2025-12-03 12:00:01,363 - INFO -   - 券 18/150 选中节点 3084, 新增覆盖 9
2025-12-03 12:00:01,375 - INFO -   - 券 19/150 选中节点 3575, 新增覆盖 10
2025-12-03 12:00:01,385 - INFO -   - 券 20/150 选中节点 2734, 新增覆盖 8
2025-12-03 12:00:01,393 - INFO -   - 券 21/150 选中节点 3717, 新增覆盖 11
2025-12-03 12:00:01,411 - INFO -   - 券 22/150 选中节点 3529, 新增覆盖 9
2025-12-03 12:00:01,460 - INFO -   - 券 23/150 选中节点 3738, 新增覆盖 10
2025-12-03 12:00:01,490 - INFO -   - 券 24/150 选中节点 3571, 新增覆盖 9
2025-12-03 12:00:01,511 - INFO -   - 券 25/150 选中节点 3731, 新增覆盖 9
2025-12-03 12:00:01,529 - INFO -   - 券 26/150 选中节点 3463, 新增覆盖 9
2025-12-03 12:00:01,558 - INFO -   - 券 27/150 选中节点 3672, 新增覆盖 11
2025-12-03 12:00:01,573 - INFO -   - 券 28/150 选中节点 3708, 新增覆盖 8
2025-12-03 12:00:01,599 - INFO -   - 券 29/150 选中节点 3680, 新增覆盖 8
2025-12-03 12:00:01,610 - INFO -   - 券 30/150 选中节点 3606, 新增覆盖 8
2025-12-03 12:00:01,655 - INFO -   - 券 31/150 选中节点 3723, 新增覆盖 10
2025-12-03 12:00:01,688 - INFO -   - 券 32/150 选中节点 3239, 新增覆盖 9
2025-12-03 12:00:01,703 - INFO -   - 券 33/150 选中节点 3343, 新增覆盖 10
2025-12-03 12:00:01,744 - INFO -   - 券 34/150 选中节点 3013, 新增覆盖 11
2025-12-03 12:00:01,761 - INFO -   - 券 35/150 选中节点 3700, 新增覆盖 8
2025-12-03 12:00:01,784 - INFO -   - 券 36/150 选中节点 3019, 新增覆盖 8
2025-12-03 12:00:01,803 - INFO -   - 券 37/150 选中节点 3687, 新增覆盖 9
2025-12-03 12:00:01,845 - INFO -   - 券 38/150 选中节点 3565, 新增覆盖 10
2025-12-03 12:00:01,870 - INFO -   - 券 39/150 选中节点 3452, 新增覆盖 8
2025-12-03 12:00:01,905 - INFO -   - 券 40/150 选中节点 3652, 新增覆盖 8
2025-12-03 12:00:01,925 - INFO -   - 券 41/150 选中节点 3614, 新增覆盖 8
2025-12-03 12:00:01,963 - INFO -   - 券 42/150 选中节点 3740, 新增覆盖 9
2025-12-03 12:00:02,014 - INFO -   - 券 43/150 选中节点 3379, 新增覆盖 10
2025-12-03 12:00:02,053 - INFO -   - 券 44/150 选中节点 3596, 新增覆盖 10
2025-12-03 12:00:02,079 - INFO -   - 券 45/150 选中节点 3674, 新增覆盖 9
2025-12-03 12:00:02,097 - INFO -   - 券 46/150 选中节点 3711, 新增覆盖 7
2025-12-03 12:00:02,130 - INFO -   - 券 47/150 选中节点 3685, 新增覆盖 8
2025-12-03 12:00:02,189 - INFO -   - 券 48/150 选中节点 1558, 新增覆盖 9
2025-12-03 12:00:02,227 - INFO -   - 券 49/150 选中节点 3130, 新增覆盖 7
2025-12-03 12:00:02,258 - INFO -   - 券 50/150 选中节点 2158, 新增覆盖 10
2025-12-03 12:00:02,311 - INFO -   - 券 51/150 选中节点 3727, 新增覆盖 11
2025-12-03 12:00:02,370 - INFO -   - 券 52/150 选中节点 3285, 新增覆盖 8
2025-12-03 12:00:02,411 - INFO -   - 券 53/150 选中节点 3202, 新增覆盖 8
2025-12-03 12:00:02,454 - INFO -   - 券 54/150 选中节点 3721, 新增覆盖 8
2025-12-03 12:00:02,489 - INFO -   - 券 55/150 选中节点 3602, 新增覆盖 7
2025-12-03 12:00:02,525 - INFO -   - 券 56/150 选中节点 3454, 新增覆盖 8
2025-12-03 12:00:02,581 - INFO -   - 券 57/150 选中节点 3437, 新增覆盖 11
2025-12-03 12:00:02,619 - INFO -   - 券 58/150 选中节点 3670, 新增覆盖 10
2025-12-03 12:00:02,686 - INFO -   - 券 59/150 选中节点 3574, 新增覆盖 7
2025-12-03 12:00:02,717 - INFO -   - 券 60/150 选中节点 2276, 新增覆盖 7
2025-12-03 12:00:02,751 - INFO -   - 券 61/150 选中节点 3082, 新增覆盖 8
2025-12-03 12:00:02,793 - INFO -   - 券 62/150 选中节点 3541, 新增覆盖 9
2025-12-03 12:00:02,843 - INFO -   - 券 63/150 选中节点 3476, 新增覆盖 7
2025-12-03 12:00:02,878 - INFO -   - 券 64/150 选中节点 3390, 新增覆盖 8
2025-12-03 12:00:02,921 - INFO -   - 券 65/150 选中节点 3556, 新增覆盖 7
2025-12-03 12:00:02,968 - INFO -   - 券 66/150 选中节点 3216, 新增覆盖 8
2025-12-03 12:00:03,010 - INFO -   - 券 67/150 选中节点 1450, 新增覆盖 7
2025-12-03 12:00:03,044 - INFO -   - 券 68/150 选中节点 3653, 新增覆盖 7
2025-12-03 12:00:03,082 - INFO -   - 券 69/150 选中节点 3438, 新增覆盖 7
2025-12-03 12:00:03,189 - INFO -   - 券 70/150 选中节点 3055, 新增覆盖 9
2025-12-03 12:00:03,222 - INFO -   - 券 71/150 选中节点 3589, 新增覆盖 6
2025-12-03 12:00:03,252 - INFO -   - 券 72/150 选中节点 2795, 新增覆盖 8
2025-12-03 12:00:03,338 - INFO -   - 券 73/150 选中节点 3695, 新增覆盖 7
2025-12-03 12:00:03,421 - INFO -   - 券 74/150 选中节点 3237, 新增覆盖 7
2025-12-03 12:00:03,462 - INFO -   - 券 75/150 选中节点 3747, 新增覆盖 10
2025-12-03 12:00:03,532 - INFO -   - 券 76/150 选中节点 3677, 新增覆盖 9
2025-12-03 12:00:03,597 - INFO -   - 券 77/150 选中节点 3736, 新增覆盖 9
2025-12-03 12:00:03,652 - INFO -   - 券 78/150 选中节点 2800, 新增覆盖 7
2025-12-03 12:00:03,752 - INFO -   - 券 79/150 选中节点 3690, 新增覆盖 9
2025-12-03 12:00:03,850 - INFO -   - 券 80/150 选中节点 2829, 新增覆盖 8
2025-12-03 12:00:03,896 - INFO -   - 券 81/150 选中节点 1937, 新增覆盖 8
2025-12-03 12:00:03,956 - INFO -   - 券 82/150 选中节点 3631, 新增覆盖 7
2025-12-03 12:00:04,009 - INFO -   - 券 83/150 选中节点 3746, 新增覆盖 9
2025-12-03 12:00:04,080 - INFO -   - 券 84/150 选中节点 3671, 新增覆盖 9
2025-12-03 12:00:04,137 - INFO -   - 券 85/150 选中节点 3418, 新增覆盖 7
2025-12-03 12:00:04,220 - INFO -   - 券 86/150 选中节点 3382, 新增覆盖 6
2025-12-03 12:00:04,336 - INFO -   - 券 87/150 选中节点 1573, 新增覆盖 6
2025-12-03 12:00:04,468 - INFO -   - 券 88/150 选中节点 3742, 新增覆盖 12
2025-12-03 12:00:04,552 - INFO -   - 券 89/150 选中节点 3743, 新增覆盖 7
2025-12-03 12:00:04,633 - INFO -   - 券 90/150 选中节点 3739, 新增覆盖 9
2025-12-03 12:00:04,679 - INFO -   - 券 91/150 选中节点 3037, 新增覆盖 7
2025-12-03 12:00:04,780 - INFO -   - 券 92/150 选中节点 2666, 新增覆盖 8
2025-12-03 12:00:04,869 - INFO -   - 券 93/150 选中节点 3735, 新增覆盖 8
2025-12-03 12:00:04,963 - INFO -   - 券 94/150 选中节点 3393, 新增覆盖 8
2025-12-03 12:00:05,065 - INFO -   - 券 95/150 选中节点 3696, 新增覆盖 8
2025-12-03 12:00:05,126 - INFO -   - 券 96/150 选中节点 3094, 新增覆盖 7
2025-12-03 12:00:05,222 - INFO -   - 券 97/150 选中节点 2914, 新增覆盖 7
2025-12-03 12:00:05,379 - INFO -   - 券 98/150 选中节点 3618, 新增覆盖 9
2025-12-03 12:00:05,473 - INFO -   - 券 99/150 选中节点 3703, 新增覆盖 6
2025-12-03 12:00:05,570 - INFO -   - 券 100/150 选中节点 1578, 新增覆盖 6
2025-12-03 12:00:05,682 - INFO -   - 券 101/150 选中节点 3638, 新增覆盖 6
2025-12-03 12:00:05,830 - INFO -   - 券 102/150 选中节点 3200, 新增覆盖 7
2025-12-03 12:00:05,896 - INFO -   - 券 103/150 选中节点 3034, 新增覆盖 8
2025-12-03 12:00:05,974 - INFO -   - 券 104/150 选中节点 3689, 新增覆盖 8
2025-12-03 12:00:05,999 - INFO -   - 券 105/150 选中节点 3517, 新增覆盖 8
2025-12-03 12:00:06,103 - INFO -   - 券 106/150 选中节点 3678, 新增覆盖 8
2025-12-03 12:00:06,177 - INFO -   - 券 107/150 选中节点 3566, 新增覆盖 9
2025-12-03 12:00:06,345 - INFO -   - 券 108/150 选中节点 3704, 新增覆盖 8
2025-12-03 12:00:06,532 - INFO -   - 券 109/150 选中节点 3598, 新增覆盖 8
2025-12-03 12:00:06,592 - INFO -   - 券 110/150 选中节点 3667, 新增覆盖 6
2025-12-03 12:00:06,648 - INFO -   - 券 111/150 选中节点 3661, 新增覆盖 6
2025-12-03 12:00:06,843 - INFO -   - 券 112/150 选中节点 3744, 新增覆盖 7
2025-12-03 12:00:06,952 - INFO -   - 券 113/150 选中节点 3709, 新增覆盖 8
2025-12-03 12:00:07,016 - INFO -   - 券 114/150 选中节点 282, 新增覆盖 9
2025-12-03 12:00:07,098 - INFO -   - 券 115/150 选中节点 3360, 新增覆盖 6
2025-12-03 12:00:07,129 - INFO -   - 券 116/150 选中节点 3510, 新增覆盖 6
2025-12-03 12:00:07,162 - INFO -   - 券 117/150 选中节点 3629, 新增覆盖 6
2025-12-03 12:00:07,252 - INFO -   - 券 118/150 选中节点 3623, 新增覆盖 6
2025-12-03 12:00:07,338 - INFO -   - 券 119/150 选中节点 3532, 新增覆盖 7
2025-12-03 12:00:07,416 - INFO -   - 券 120/150 选中节点 3649, 新增覆盖 6
2025-12-03 12:00:07,499 - INFO -   - 券 121/150 选中节点 3686, 新增覆盖 5
2025-12-03 12:00:07,639 - INFO -   - 券 122/150 选中节点 3707, 新增覆盖 6
2025-12-03 12:00:07,763 - INFO -   - 券 123/150 选中节点 3656, 新增覆盖 8
2025-12-03 12:00:07,908 - INFO -   - 券 124/150 选中节点 3642, 新增覆盖 7
2025-12-03 12:00:07,994 - INFO -   - 券 125/150 选中节点 1766, 新增覆盖 7
2025-12-03 12:00:08,112 - INFO -   - 券 126/150 选中节点 3010, 新增覆盖 5
2025-12-03 12:00:08,222 - INFO -   - 券 127/150 选中节点 3705, 新增覆盖 9
2025-12-03 12:00:08,292 - INFO -   - 券 128/150 选中节点 3569, 新增覆盖 5
2025-12-03 12:00:08,370 - INFO -   - 券 129/150 选中节点 3684, 新增覆盖 8
2025-12-03 12:00:08,457 - INFO -   - 券 130/150 选中节点 3637, 新增覆盖 7
2025-12-03 12:00:08,583 - INFO -   - 券 131/150 选中节点 3304, 新增覆盖 7
2025-12-03 12:00:08,728 - INFO -   - 券 132/150 选中节点 2540, 新增覆盖 6
2025-12-03 12:00:08,825 - INFO -   - 券 133/150 选中节点 3051, 新增覆盖 5
2025-12-03 12:00:08,887 - INFO -   - 券 134/150 选中节点 3651, 新增覆盖 6
2025-12-03 12:00:08,964 - INFO -   - 券 135/150 选中节点 3710, 新增覆盖 6
2025-12-03 12:00:09,050 - INFO -   - 券 136/150 选中节点 3495, 新增覆盖 6
2025-12-03 12:00:09,114 - INFO -   - 券 137/150 选中节点 3227, 新增覆盖 5
2025-12-03 12:00:09,295 - INFO -   - 券 138/150 选中节点 3716, 新增覆盖 8
2025-12-03 12:00:09,381 - INFO -   - 券 139/150 选中节点 3324, 新增覆盖 8
2025-12-03 12:00:09,468 - INFO -   - 券 140/150 选中节点 123, 新增覆盖 6
2025-12-03 12:00:09,543 - INFO -   - 券 141/150 选中节点 3516, 新增覆盖 6
2025-12-03 12:00:09,624 - INFO -   - 券 142/150 选中节点 3053, 新增覆盖 6
2025-12-03 12:00:09,755 - INFO -   - 券 143/150 选中节点 3641, 新增覆盖 7
2025-12-03 12:00:09,920 - INFO -   - 券 144/150 选中节点 3627, 新增覆盖 6
2025-12-03 12:00:10,000 - INFO -   - 券 145/150 选中节点 3350, 新增覆盖 6
2025-12-03 12:00:10,135 - INFO -   - 券 146/150 选中节点 3586, 新增覆盖 7
2025-12-03 12:00:10,286 - INFO -   - 券 147/150 选中节点 3699, 新增覆盖 7
2025-12-03 12:00:10,380 - INFO -   - 券 148/150 选中节点 2983, 新增覆盖 6
2025-12-03 12:00:10,564 - INFO -   - 券 149/150 选中节点 818, 新增覆盖 5
2025-12-03 12:00:10,650 - INFO -   - 券 150/150 选中节点 3410, 新增覆盖 6
2025-12-03 12:00:10,650 - INFO - 选种完毕。耗时: 10.78 秒。
2025-12-03 12:00:10,688 - INFO - 最终选择的种子集: [3737, 3728, 3647, 3636, 3129, 3295, 3697, 3464, 3487, 3439, 3358, 3489, 3400, 3683, 3135, 3608, 3701, 3084, 3575, 2734, 3717, 3529, 3738, 3571, 3731, 3463, 3672, 3708, 3680, 3606, 3723, 3239, 3343, 3013, 3700, 3019, 3687, 3565, 3452, 3652, 3614, 3740, 3379, 3596, 3674, 3711, 3685, 1558, 3130, 2158, 3727, 3285, 3202, 3721, 3602, 3454, 3437, 3670, 3574, 2276, 3082, 3541, 3476, 3390, 3556, 3216, 1450, 3653, 3438, 3055, 3589, 2795, 3695, 3237, 3747, 3677, 3736, 2800, 3690, 2829, 1937, 3631, 3746, 3671, 3418, 3382, 1573, 3742, 3743, 3739, 3037, 2666, 3735, 3393, 3696, 3094, 2914, 3618, 3703, 1578, 3638, 3200, 3034, 3689, 3517, 3678, 3566, 3704, 3598, 3667, 3661, 3744, 3709, 282, 3360, 3510, 3629, 3623, 3532, 3649, 3686, 3707, 3656, 3642, 1766, 3010, 3705, 3569, 3684, 3637, 3304, 2540, 3051, 3651, 3710, 3495, 3227, 3716, 3324, 123, 3516, 3053, 3641, 3627, 3350, 3586, 3699, 2983, 818, 3410]

2025-12-03 12:00:12,744 - INFO - 当前用时 39.06 秒
2025-12-03 12:00:12,745 - INFO - 将种子集 写入位置: /home/wen/pythonspace/data-test/Mich/2025-12-3/seeds-with-Mich/powerlaw_ris_coverage_seedNum-150_SSRNum-100000.txt
2025-12-03 12:00:12,746 - INFO - 评估种子集: None
2025-12-03 12:00:12,746 - INFO - 多进程评估开始，共有 5 个方法待评估...
2025-12-03 12:00:12,746 - INFO - 启动进程池，Worker数量: 5
2025-12-03 12:00:13,360 - INFO - [Process 1057221] 开始评估方法: random, 种子数: 150
2025-12-03 12:00:13,785 - INFO - [Process 1057222] 开始评估方法: degreeTopM, 种子数: 150
2025-12-03 12:00:14,220 - INFO - [Process 1057223] 开始评估方法: alpha_sort, 种子数: 150
2025-12-03 12:00:14,659 - INFO - [Process 1057224] 开始评估方法: importance_sort, 种子数: 150
2025-12-03 12:00:15,091 - INFO - [Process 1057225] 开始评估方法: ris_coverage, 种子数: 150
2025-12-03 12:02:15,782 - INFO - [Process 1057223] alpha_sort - 15 sims 完成: E=97.47
2025-12-03 12:02:16,418 - INFO - [Process 1057224] importance_sort - 15 sims 完成: E=97.47
2025-12-03 12:02:17,527 - INFO - [Process 1057225] ris_coverage - 15 sims 完成: E=95.87
2025-12-03 12:02:45,139 - INFO - [Process 1057221] random - 15 sims 完成: E=99.53
2025-12-03 12:02:59,960 - INFO - [Process 1057222] degreeTopM - 15 sims 完成: E=99.13
2025-12-03 12:02:59,987 - INFO - 所有进程执行完毕，开始写入数据...
2025-12-03 12:02:59,999 - INFO - 成功写入 5 条记录至 /home/wen/pythonspace/data-test/Mich/2025-12-3/E-activated-Mich/distribution-powerlaw/tsd_1.5--0.9--1.3/single_sim_func-AgainContinue/simuTimes-15_monteCarloL-10_single_sim_func-AgainContinue_rrNumSamples-100000.csv
2025-12-03 12:02:59,999 - INFO - 保存评估文件至: /home/wen/pythonspace/data-test/Mich/2025-12-3/E-activated-Mich/distribution-powerlaw/tsd_1.5--0.9--1.3/single_sim_func-AgainContinue/simuTimes-15_monteCarloL-10_single_sim_func-AgainContinue_rrNumSamples-100000.csv
