2026-03-08 21:08:13,355 - INFO - 加载数据集: network.netYeast
2026-03-08 21:08:13,356 - INFO - --- 矩阵分析 ---
2026-03-08 21:08:13,356 - INFO - 节点数 (N): 1458
2026-03-08 21:08:13,356 - INFO - 边数 (E): 3896
2026-03-08 21:08:13,356 - INFO - 密度 (Density): 0.00183275 (越小越稀疏)
2026-03-08 21:08:13,356 - INFO - 稀疏度 (Sparsity): 0.99816725 (越接近1越稀疏)
2026-03-08 21:08:13,356 - INFO - 平均度数 (Avg Degree): 2.67
2026-03-08 21:08:13,357 - INFO - >>> 正在注入完美对抗属性（验证三条定理）...
2026-03-08 21:08:13,365 - INFO - 首次生成种子集 random
2026-03-08 21:08:13,365 - INFO - 执行当前算法开始: random
2026-03-08 21:08:13,365 - INFO - 数据集节点总数:  n = 1458, m = 10
2026-03-08 21:08:13,365 - INFO - 选择 10  [233, 255, 1276, 63, 212, 1235, 657, 429, 1040, 376]

2026-03-08 21:08:13,365 - INFO - 当前用时 0.00 秒
2026-03-08 21:08:13,366 - INFO - 将种子集 写入位置: /home/wen/work/coup_spread/network.netYeast/2026-3-7/seeds-with-network.netYeast/random_random_seedNum-10_SSRNum-50000.txt
2026-03-08 21:08:13,366 - INFO - 首次生成种子集 degreeTopM
2026-03-08 21:08:13,366 - INFO - 执行当前算法开始: degreeTopM
2026-03-08 21:08:13,366 - INFO - 依据: 选择连接数（度数）最多的节点。
2026-03-08 21:08:13,366 - INFO - 选择的 Top M 节点及其度数:
2026-03-08 21:08:13,366 - INFO - 
2026-03-08 21:08:13,366 - INFO - 当前用时 0.00 秒
2026-03-08 21:08:13,366 - INFO - 将种子集 写入位置: /home/wen/work/coup_spread/network.netYeast/2026-3-7/seeds-with-network.netYeast/random_degreeTopM_seedNum-10_SSRNum-50000.txt
2026-03-08 21:08:13,366 - INFO - 首次生成种子集 pageRank
2026-03-08 21:08:13,366 - INFO - 执行当前算法开始: pageRank
2026-03-08 21:08:13,366 - INFO - --- Running: PageRank (on tranProMatrix) Top M ---
2026-03-08 21:08:13,402 - INFO - Selected PageRank seeds: [157, 25, 57, 55, 15, 68, 315, 105, 238, 1041]
2026-03-08 21:08:13,402 - INFO - 当前用时 0.04 秒
2026-03-08 21:08:13,402 - INFO - 将种子集 写入位置: /home/wen/work/coup_spread/network.netYeast/2026-3-7/seeds-with-network.netYeast/random_pageRank_seedNum-10_SSRNum-50000.txt
2026-03-08 21:08:13,403 - INFO - 首次生成种子集 alpha_sort
2026-03-08 21:08:13,403 - INFO - 执行当前算法开始: alpha_sort
2026-03-08 21:08:13,403 - INFO - 1458 个节点的alpha值降序排序 done
2026-03-08 21:08:13,403 - INFO - ==============>> [(1168, np.float64(0.3)), (1169, np.float64(0.3)), (1170, np.float64(0.3)), (1171, np.float64(0.3)), (1172, np.float64(0.3)), (1173, np.float64(0.3)), (1174, np.float64(0.3)), (1175, np.float64(0.3)), (1176, np.float64(0.3)), (1177, np.float64(0.3))]
2026-03-08 21:08:13,403 - INFO - 
选择的种子集 (按alpha排序): [1168, 1169, 1170, 1171, 1172, 1173, 1174, 1175, 1176, 1177]

2026-03-08 21:08:13,403 - INFO - 当前用时 0.00 秒
2026-03-08 21:08:13,403 - INFO - 将种子集 写入位置: /home/wen/work/coup_spread/network.netYeast/2026-3-7/seeds-with-network.netYeast/random_alpha_sort_seedNum-10_SSRNum-50000.txt
2026-03-08 21:08:13,403 - INFO - 首次生成种子集 ris_optimized
2026-03-08 21:08:13,403 - INFO - 执行当前算法开始: ris_optimized
2026-03-08 21:08:13,424 - INFO - 图初始化完成，节点数: 1458，当前模式: 优化采样
2026-03-08 21:08:13,424 - INFO - 开始生成 50000 组多重RR-Set...
2026-03-08 21:08:14,684 - INFO - 生成完毕。耗时: 1.26 秒。
2026-03-08 21:08:14,692 - INFO - 开始基于多重RR集贪心选择最优种子...
2026-03-08 21:08:14,906 - INFO - 选种完毕。耗时: 0.21 秒。估算范围: 9.15
2026-03-08 21:08:14,976 - INFO - 当前用时 1.57 秒
2026-03-08 21:08:14,976 - INFO - 将种子集 写入位置: /home/wen/work/coup_spread/network.netYeast/2026-3-7/seeds-with-network.netYeast/random_ris_optimized_seedNum-10_SSRNum-50000.txt
2026-03-08 21:08:14,977 - INFO - 评估种子集: None
2026-03-08 21:08:14,977 - INFO - 多进程评估开始，共有 5 个方法待评估...
2026-03-08 21:08:14,977 - INFO - 启动进程池，Worker数量: 5
2026-03-08 21:08:15,099 - INFO - [Process 3588800] 开始评估方法: random, 种子数: 10
2026-03-08 21:08:15,182 - INFO - [Process 3588801] 开始评估方法: degreeTopM, 种子数: 10
2026-03-08 21:08:15,262 - INFO - [Process 3588802] 开始评估方法: pageRank, 种子数: 10
2026-03-08 21:08:15,344 - INFO - [Process 3588803] 开始评估方法: alpha_sort, 种子数: 10
2026-03-08 21:08:15,416 - INFO - [alpha_sort - 种子:10] 拉新:3.9人 | 总销量:4.0单 | 品牌曝光:14.1次 | 🌟综合得分:5.4
2026-03-08 21:08:15,424 - INFO - [Process 3588804] 开始评估方法: ris_optimized, 种子数: 10
2026-03-08 21:08:15,503 - INFO - [random - 种子:10] 拉新:8.0人 | 总销量:8.0单 | 品牌曝光:38.1次 | 🌟综合得分:11.8
2026-03-08 21:08:15,605 - INFO - [degreeTopM - 种子:10] 拉新:8.1人 | 总销量:8.2单 | 品牌曝光:40.2次 | 🌟综合得分:12.2
2026-03-08 21:08:15,662 - INFO - [pageRank - 种子:10] 拉新:7.9人 | 总销量:7.9单 | 品牌曝光:38.9次 | 🌟综合得分:11.8
2026-03-08 21:08:15,878 - INFO - [ris_optimized - 种子:10] 拉新:8.8人 | 总销量:8.8单 | 品牌曝光:43.2次 | 🌟综合得分:13.1
2026-03-08 21:08:15,894 - INFO - 所有进程执行完毕，开始写入数据...
2026-03-08 21:08:15,909 - INFO - 成功写入 5 条记录至 /home/wen/work/coup_spread/gzc-impl/results/network.netYeast/2026-3-7/random_SSRNum-50000-_seedNum-10_simuTimes-500.csv
2026-03-08 21:08:15,910 - INFO - 保存评估文件至: /home/wen/work/coup_spread/gzc-impl/results/network.netYeast/2026-3-7/random_SSRNum-50000-_seedNum-10_simuTimes-500.csv
2026-03-08 21:08:15,912 - INFO - 加载数据集: network.netYeast
2026-03-08 21:08:15,913 - INFO - --- 矩阵分析 ---
2026-03-08 21:08:15,913 - INFO - 节点数 (N): 1458
2026-03-08 21:08:15,913 - INFO - 边数 (E): 3896
2026-03-08 21:08:15,913 - INFO - 密度 (Density): 0.00183275 (越小越稀疏)
2026-03-08 21:08:15,913 - INFO - 稀疏度 (Sparsity): 0.99816725 (越接近1越稀疏)
2026-03-08 21:08:15,914 - INFO - 平均度数 (Avg Degree): 2.67
2026-03-08 21:08:15,914 - INFO - >>> 正在注入完美对抗属性（验证三条定理）...
2026-03-08 21:08:15,925 - INFO - 首次生成种子集 random
2026-03-08 21:08:15,925 - INFO - 执行当前算法开始: random
2026-03-08 21:08:15,925 - INFO - 数据集节点总数:  n = 1458, m = 20
2026-03-08 21:08:15,925 - INFO - 选择 20  [1020, 73, 1319, 1381, 744, 599, 279, 836, 1008, 177, 96, 256, 322, 454, 1125, 101, 1130, 146, 402, 1095]

2026-03-08 21:08:15,926 - INFO - 当前用时 0.00 秒
2026-03-08 21:08:15,926 - INFO - 将种子集 写入位置: /home/wen/work/coup_spread/network.netYeast/2026-3-7/seeds-with-network.netYeast/random_random_seedNum-20_SSRNum-50000.txt
2026-03-08 21:08:15,926 - INFO - 首次生成种子集 degreeTopM
2026-03-08 21:08:15,926 - INFO - 执行当前算法开始: degreeTopM
2026-03-08 21:08:15,926 - INFO - 依据: 选择连接数（度数）最多的节点。
2026-03-08 21:08:15,926 - INFO - 选择的 Top M 节点及其度数:
2026-03-08 21:08:15,926 - INFO - 
2026-03-08 21:08:15,926 - INFO - 当前用时 0.00 秒
2026-03-08 21:08:15,926 - INFO - 将种子集 写入位置: /home/wen/work/coup_spread/network.netYeast/2026-3-7/seeds-with-network.netYeast/random_degreeTopM_seedNum-20_SSRNum-50000.txt
2026-03-08 21:08:15,926 - INFO - 首次生成种子集 pageRank
2026-03-08 21:08:15,926 - INFO - 执行当前算法开始: pageRank
2026-03-08 21:08:15,926 - INFO - --- Running: PageRank (on tranProMatrix) Top M ---
2026-03-08 21:08:15,961 - INFO - Selected PageRank seeds: [157, 25, 57, 55, 15, 68, 315, 105, 238, 1041, 224, 2, 69, 1285, 34, 18, 464, 66, 546, 371]
2026-03-08 21:08:15,962 - INFO - 当前用时 0.04 秒
2026-03-08 21:08:15,962 - INFO - 将种子集 写入位置: /home/wen/work/coup_spread/network.netYeast/2026-3-7/seeds-with-network.netYeast/random_pageRank_seedNum-20_SSRNum-50000.txt
2026-03-08 21:08:15,962 - INFO - 首次生成种子集 alpha_sort
2026-03-08 21:08:15,962 - INFO - 执行当前算法开始: alpha_sort
2026-03-08 21:08:15,962 - INFO - 1458 个节点的alpha值降序排序 done
2026-03-08 21:08:15,962 - INFO - ==============>> [(1168, np.float64(0.3)), (1169, np.float64(0.3)), (1170, np.float64(0.3)), (1171, np.float64(0.3)), (1172, np.float64(0.3)), (1173, np.float64(0.3)), (1174, np.float64(0.3)), (1175, np.float64(0.3)), (1176, np.float64(0.3)), (1177, np.float64(0.3))]
2026-03-08 21:08:15,962 - INFO - 
选择的种子集 (按alpha排序): [1168, 1169, 1170, 1171, 1172, 1173, 1174, 1175, 1176, 1177, 1178, 1179, 1180, 1181, 1182, 1183, 1184, 1185, 1186, 1187]

2026-03-08 21:08:15,962 - INFO - 当前用时 0.00 秒
2026-03-08 21:08:15,962 - INFO - 将种子集 写入位置: /home/wen/work/coup_spread/network.netYeast/2026-3-7/seeds-with-network.netYeast/random_alpha_sort_seedNum-20_SSRNum-50000.txt
2026-03-08 21:08:15,962 - INFO - 首次生成种子集 ris_optimized
2026-03-08 21:08:15,963 - INFO - 执行当前算法开始: ris_optimized
2026-03-08 21:08:15,984 - INFO - 图初始化完成，节点数: 1458，当前模式: 优化采样
2026-03-08 21:08:15,984 - INFO - 开始生成 50000 组多重RR-Set...
2026-03-08 21:08:18,088 - INFO - 生成完毕。耗时: 2.10 秒。
2026-03-08 21:08:18,096 - INFO - 开始基于多重RR集贪心选择最优种子...
2026-03-08 21:08:18,416 - INFO - 选种完毕。耗时: 0.32 秒。估算范围: 19.80
2026-03-08 21:08:18,502 - INFO - 当前用时 2.54 秒
2026-03-08 21:08:18,502 - INFO - 将种子集 写入位置: /home/wen/work/coup_spread/network.netYeast/2026-3-7/seeds-with-network.netYeast/random_ris_optimized_seedNum-20_SSRNum-50000.txt
2026-03-08 21:08:18,502 - INFO - 评估种子集: None
2026-03-08 21:08:18,502 - INFO - 多进程评估开始，共有 5 个方法待评估...
2026-03-08 21:08:18,502 - INFO - 启动进程池，Worker数量: 5
2026-03-08 21:08:18,615 - INFO - [Process 3588864] 开始评估方法: random, 种子数: 20
2026-03-08 21:08:18,689 - INFO - [Process 3588865] 开始评估方法: degreeTopM, 种子数: 20
2026-03-08 21:08:18,760 - INFO - [Process 3588866] 开始评估方法: pageRank, 种子数: 20
2026-03-08 21:08:18,833 - INFO - [Process 3588867] 开始评估方法: alpha_sort, 种子数: 20
2026-03-08 21:08:18,908 - INFO - [Process 3588868] 开始评估方法: ris_optimized, 种子数: 20
2026-03-08 21:08:19,019 - INFO - [alpha_sort - 种子:20] 拉新:8.2人 | 总销量:8.3单 | 品牌曝光:30.7次 | 🌟综合得分:11.3
2026-03-08 21:08:19,480 - INFO - [random - 种子:20] 拉新:16.3人 | 总销量:16.5单 | 品牌曝光:82.7次 | 🌟综合得分:24.7
2026-03-08 21:08:19,539 - INFO - [degreeTopM - 种子:20] 拉新:16.3人 | 总销量:16.6单 | 品牌曝光:81.8次 | 🌟综合得分:24.6
2026-03-08 21:08:19,601 - INFO - [pageRank - 种子:20] 拉新:15.8人 | 总销量:16.0单 | 品牌曝光:78.9次 | 🌟综合得分:23.8
2026-03-08 21:08:19,817 - INFO - [ris_optimized - 种子:20] 拉新:17.3人 | 总销量:17.5单 | 品牌曝光:86.8次 | 🌟综合得分:26.1
2026-03-08 21:08:19,839 - INFO - 所有进程执行完毕，开始写入数据...
2026-03-08 21:08:19,847 - INFO - 成功写入 5 条记录至 /home/wen/work/coup_spread/gzc-impl/results/network.netYeast/2026-3-7/random_SSRNum-50000-_seedNum-20_simuTimes-500.csv
2026-03-08 21:08:19,848 - INFO - 保存评估文件至: /home/wen/work/coup_spread/gzc-impl/results/network.netYeast/2026-3-7/random_SSRNum-50000-_seedNum-20_simuTimes-500.csv
2026-03-08 21:08:19,855 - INFO - 加载数据集: network.netYeast
2026-03-08 21:08:19,855 - INFO - --- 矩阵分析 ---
2026-03-08 21:08:19,856 - INFO - 节点数 (N): 1458
2026-03-08 21:08:19,856 - INFO - 边数 (E): 3896
2026-03-08 21:08:19,856 - INFO - 密度 (Density): 0.00183275 (越小越稀疏)
2026-03-08 21:08:19,856 - INFO - 稀疏度 (Sparsity): 0.99816725 (越接近1越稀疏)
2026-03-08 21:08:19,856 - INFO - 平均度数 (Avg Degree): 2.67
2026-03-08 21:08:19,856 - INFO - >>> 正在注入完美对抗属性（验证三条定理）...
2026-03-08 21:08:19,868 - INFO - 首次生成种子集 random
2026-03-08 21:08:19,868 - INFO - 执行当前算法开始: random
2026-03-08 21:08:19,868 - INFO - 数据集节点总数:  n = 1458, m = 30
2026-03-08 21:08:19,868 - INFO - 选择 30  [500, 732, 1214, 49, 1413, 677, 1257, 1082, 36, 1155, 56, 173, 1101, 1025, 691, 476, 375, 1299, 1129, 348, 419, 145, 341, 1273, 942, 1274, 876, 138, 76, 605]

2026-03-08 21:08:19,868 - INFO - 当前用时 0.00 秒
2026-03-08 21:08:19,868 - INFO - 将种子集 写入位置: /home/wen/work/coup_spread/network.netYeast/2026-3-7/seeds-with-network.netYeast/random_random_seedNum-30_SSRNum-50000.txt
2026-03-08 21:08:19,869 - INFO - 首次生成种子集 degreeTopM
2026-03-08 21:08:19,869 - INFO - 执行当前算法开始: degreeTopM
2026-03-08 21:08:19,869 - INFO - 依据: 选择连接数（度数）最多的节点。
2026-03-08 21:08:19,869 - INFO - 选择的 Top M 节点及其度数:
2026-03-08 21:08:19,869 - INFO - 
2026-03-08 21:08:19,869 - INFO - 当前用时 0.00 秒
2026-03-08 21:08:19,869 - INFO - 将种子集 写入位置: /home/wen/work/coup_spread/network.netYeast/2026-3-7/seeds-with-network.netYeast/random_degreeTopM_seedNum-30_SSRNum-50000.txt
2026-03-08 21:08:19,869 - INFO - 首次生成种子集 pageRank
2026-03-08 21:08:19,870 - INFO - 执行当前算法开始: pageRank
2026-03-08 21:08:19,870 - INFO - --- Running: PageRank (on tranProMatrix) Top M ---
2026-03-08 21:08:19,906 - INFO - Selected PageRank seeds: [157, 25, 57, 55, 15, 68, 315, 105, 238, 1041, 224, 2, 69, 1285, 34, 18, 464, 66, 546, 371, 56, 277, 143, 1149, 461, 383, 186, 393, 35, 204]
2026-03-08 21:08:19,906 - INFO - 当前用时 0.04 秒
2026-03-08 21:08:19,906 - INFO - 将种子集 写入位置: /home/wen/work/coup_spread/network.netYeast/2026-3-7/seeds-with-network.netYeast/random_pageRank_seedNum-30_SSRNum-50000.txt
2026-03-08 21:08:19,906 - INFO - 首次生成种子集 alpha_sort
2026-03-08 21:08:19,906 - INFO - 执行当前算法开始: alpha_sort
2026-03-08 21:08:19,906 - INFO - 1458 个节点的alpha值降序排序 done
2026-03-08 21:08:19,906 - INFO - ==============>> [(1168, np.float64(0.3)), (1169, np.float64(0.3)), (1170, np.float64(0.3)), (1171, np.float64(0.3)), (1172, np.float64(0.3)), (1173, np.float64(0.3)), (1174, np.float64(0.3)), (1175, np.float64(0.3)), (1176, np.float64(0.3)), (1177, np.float64(0.3))]
2026-03-08 21:08:19,906 - INFO - 
选择的种子集 (按alpha排序): [1168, 1169, 1170, 1171, 1172, 1173, 1174, 1175, 1176, 1177, 1178, 1179, 1180, 1181, 1182, 1183, 1184, 1185, 1186, 1187, 1188, 1189, 1190, 1191, 1192, 1193, 1194, 1195, 1196, 1197]

2026-03-08 21:08:19,906 - INFO - 当前用时 0.00 秒
2026-03-08 21:08:19,906 - INFO - 将种子集 写入位置: /home/wen/work/coup_spread/network.netYeast/2026-3-7/seeds-with-network.netYeast/random_alpha_sort_seedNum-30_SSRNum-50000.txt
2026-03-08 21:08:19,907 - INFO - 首次生成种子集 ris_optimized
2026-03-08 21:08:19,907 - INFO - 执行当前算法开始: ris_optimized
2026-03-08 21:08:19,928 - INFO - 图初始化完成，节点数: 1458，当前模式: 优化采样
2026-03-08 21:08:19,928 - INFO - 开始生成 50000 组多重RR-Set...
2026-03-08 21:08:22,881 - INFO - 生成完毕。耗时: 2.95 秒。
2026-03-08 21:08:22,889 - INFO - 开始基于多重RR集贪心选择最优种子...
2026-03-08 21:08:23,465 - INFO - 选种完毕。耗时: 0.58 秒。估算范围: 28.86
2026-03-08 21:08:23,644 - INFO - 当前用时 3.74 秒
2026-03-08 21:08:23,644 - INFO - 将种子集 写入位置: /home/wen/work/coup_spread/network.netYeast/2026-3-7/seeds-with-network.netYeast/random_ris_optimized_seedNum-30_SSRNum-50000.txt
2026-03-08 21:08:23,644 - INFO - 评估种子集: None
2026-03-08 21:08:23,644 - INFO - 多进程评估开始，共有 5 个方法待评估...
2026-03-08 21:08:23,645 - INFO - 启动进程池，Worker数量: 5
2026-03-08 21:08:23,769 - INFO - [Process 3588962] 开始评估方法: random, 种子数: 30
2026-03-08 21:08:23,860 - INFO - [Process 3588963] 开始评估方法: degreeTopM, 种子数: 30
2026-03-08 21:08:23,908 - INFO - [Process 3588964] 开始评估方法: pageRank, 种子数: 30
2026-03-08 21:08:23,984 - INFO - [Process 3588965] 开始评估方法: alpha_sort, 种子数: 30
2026-03-08 21:08:24,061 - INFO - [Process 3588966] 开始评估方法: ris_optimized, 种子数: 30
2026-03-08 21:08:24,253 - INFO - [alpha_sort - 种子:30] 拉新:12.8人 | 总销量:13.1单 | 品牌曝光:47.4次 | 🌟综合得分:17.7
2026-03-08 21:08:24,874 - INFO - [random - 种子:30] 拉新:22.2人 | 总销量:22.5单 | 品牌曝光:110.1次 | 🌟综合得分:33.4
2026-03-08 21:08:25,103 - INFO - [degreeTopM - 种子:30] 拉新:23.8人 | 总销量:24.5单 | 品牌曝光:120.2次 | 🌟综合得分:36.2
2026-03-08 21:08:25,166 - INFO - [pageRank - 种子:30] 拉新:23.6人 | 总销量:24.2单 | 品牌曝光:119.1次 | 🌟综合得分:35.8
2026-03-08 21:08:25,463 - INFO - [ris_optimized - 种子:30] 拉新:25.8人 | 总销量:26.4单 | 品牌曝光:130.6次 | 🌟综合得分:39.2
2026-03-08 21:08:25,488 - INFO - 所有进程执行完毕，开始写入数据...
2026-03-08 21:08:25,497 - INFO - 成功写入 5 条记录至 /home/wen/work/coup_spread/gzc-impl/results/network.netYeast/2026-3-7/random_SSRNum-50000-_seedNum-30_simuTimes-500.csv
2026-03-08 21:08:25,498 - INFO - 保存评估文件至: /home/wen/work/coup_spread/gzc-impl/results/network.netYeast/2026-3-7/random_SSRNum-50000-_seedNum-30_simuTimes-500.csv
2026-03-08 21:08:25,506 - INFO - 加载数据集: network.netYeast
2026-03-08 21:08:25,507 - INFO - --- 矩阵分析 ---
2026-03-08 21:08:25,507 - INFO - 节点数 (N): 1458
2026-03-08 21:08:25,507 - INFO - 边数 (E): 3896
2026-03-08 21:08:25,507 - INFO - 密度 (Density): 0.00183275 (越小越稀疏)
2026-03-08 21:08:25,507 - INFO - 稀疏度 (Sparsity): 0.99816725 (越接近1越稀疏)
2026-03-08 21:08:25,507 - INFO - 平均度数 (Avg Degree): 2.67
2026-03-08 21:08:25,507 - INFO - >>> 正在注入完美对抗属性（验证三条定理）...
2026-03-08 21:08:25,520 - INFO - 首次生成种子集 random
2026-03-08 21:08:25,520 - INFO - 执行当前算法开始: random
2026-03-08 21:08:25,520 - INFO - 数据集节点总数:  n = 1458, m = 40
2026-03-08 21:08:25,520 - INFO - 选择 40  [391, 684, 353, 686, 1434, 832, 1, 43, 1037, 1148, 411, 1097, 762, 639, 517, 172, 559, 133, 790, 1356, 435, 1068, 198, 415, 173, 1392, 1070, 202, 278, 578, 1204, 44, 669, 1413, 1328, 71, 1449, 690, 842, 1062]

2026-03-08 21:08:25,520 - INFO - 当前用时 0.00 秒
2026-03-08 21:08:25,520 - INFO - 将种子集 写入位置: /home/wen/work/coup_spread/network.netYeast/2026-3-7/seeds-with-network.netYeast/random_random_seedNum-40_SSRNum-50000.txt
2026-03-08 21:08:25,520 - INFO - 首次生成种子集 degreeTopM
2026-03-08 21:08:25,520 - INFO - 执行当前算法开始: degreeTopM
2026-03-08 21:08:25,520 - INFO - 依据: 选择连接数（度数）最多的节点。
2026-03-08 21:08:25,521 - INFO - 选择的 Top M 节点及其度数:
2026-03-08 21:08:25,521 - INFO - 
2026-03-08 21:08:25,521 - INFO - 当前用时 0.00 秒
2026-03-08 21:08:25,521 - INFO - 将种子集 写入位置: /home/wen/work/coup_spread/network.netYeast/2026-3-7/seeds-with-network.netYeast/random_degreeTopM_seedNum-40_SSRNum-50000.txt
2026-03-08 21:08:25,521 - INFO - 首次生成种子集 pageRank
2026-03-08 21:08:25,521 - INFO - 执行当前算法开始: pageRank
2026-03-08 21:08:25,521 - INFO - --- Running: PageRank (on tranProMatrix) Top M ---
2026-03-08 21:08:25,557 - INFO - Selected PageRank seeds: [157, 25, 57, 55, 15, 68, 315, 105, 238, 1041, 224, 2, 69, 1285, 34, 18, 464, 66, 546, 371, 56, 277, 143, 1149, 461, 383, 186, 393, 35, 204, 227, 251, 155, 635, 544, 287, 423, 214, 364, 599]
2026-03-08 21:08:25,557 - INFO - 当前用时 0.04 秒
2026-03-08 21:08:25,557 - INFO - 将种子集 写入位置: /home/wen/work/coup_spread/network.netYeast/2026-3-7/seeds-with-network.netYeast/random_pageRank_seedNum-40_SSRNum-50000.txt
2026-03-08 21:08:25,558 - INFO - 首次生成种子集 alpha_sort
2026-03-08 21:08:25,558 - INFO - 执行当前算法开始: alpha_sort
2026-03-08 21:08:25,558 - INFO - 1458 个节点的alpha值降序排序 done
2026-03-08 21:08:25,558 - INFO - ==============>> [(1168, np.float64(0.3)), (1169, np.float64(0.3)), (1170, np.float64(0.3)), (1171, np.float64(0.3)), (1172, np.float64(0.3)), (1173, np.float64(0.3)), (1174, np.float64(0.3)), (1175, np.float64(0.3)), (1176, np.float64(0.3)), (1177, np.float64(0.3))]
2026-03-08 21:08:25,558 - INFO - 
选择的种子集 (按alpha排序): [1168, 1169, 1170, 1171, 1172, 1173, 1174, 1175, 1176, 1177, 1178, 1179, 1180, 1181, 1182, 1183, 1184, 1185, 1186, 1187, 1188, 1189, 1190, 1191, 1192, 1193, 1194, 1195, 1196, 1197, 1198, 1199, 1200, 1201, 1202, 1203, 1204, 1205, 1206, 1207]

2026-03-08 21:08:25,558 - INFO - 当前用时 0.00 秒
2026-03-08 21:08:25,558 - INFO - 将种子集 写入位置: /home/wen/work/coup_spread/network.netYeast/2026-3-7/seeds-with-network.netYeast/random_alpha_sort_seedNum-40_SSRNum-50000.txt
2026-03-08 21:08:25,558 - INFO - 首次生成种子集 ris_optimized
2026-03-08 21:08:25,558 - INFO - 执行当前算法开始: ris_optimized
2026-03-08 21:08:25,580 - INFO - 图初始化完成，节点数: 1458，当前模式: 优化采样
2026-03-08 21:08:25,580 - INFO - 开始生成 50000 组多重RR-Set...
2026-03-08 21:08:29,834 - INFO - 生成完毕。耗时: 4.25 秒。
2026-03-08 21:08:29,838 - INFO - 开始基于多重RR集贪心选择最优种子...
2026-03-08 21:08:30,512 - INFO - 选种完毕。耗时: 0.67 秒。估算范围: 38.66
2026-03-08 21:08:30,678 - INFO - 当前用时 5.12 秒
2026-03-08 21:08:30,679 - INFO - 将种子集 写入位置: /home/wen/work/coup_spread/network.netYeast/2026-3-7/seeds-with-network.netYeast/random_ris_optimized_seedNum-40_SSRNum-50000.txt
2026-03-08 21:08:30,679 - INFO - 评估种子集: None
2026-03-08 21:08:30,679 - INFO - 多进程评估开始，共有 5 个方法待评估...
2026-03-08 21:08:30,679 - INFO - 启动进程池，Worker数量: 5
2026-03-08 21:08:30,785 - INFO - [Process 3589091] 开始评估方法: random, 种子数: 40
2026-03-08 21:08:30,854 - INFO - [Process 3589092] 开始评估方法: degreeTopM, 种子数: 40
2026-03-08 21:08:30,924 - INFO - [Process 3589093] 开始评估方法: pageRank, 种子数: 40
2026-03-08 21:08:30,995 - INFO - [Process 3589094] 开始评估方法: alpha_sort, 种子数: 40
2026-03-08 21:08:31,066 - INFO - [Process 3589095] 开始评估方法: ris_optimized, 种子数: 40
2026-03-08 21:08:31,345 - INFO - [alpha_sort - 种子:40] 拉新:16.9人 | 总销量:17.2单 | 品牌曝光:62.8次 | 🌟综合得分:23.4
2026-03-08 21:08:32,337 - INFO - [random - 种子:40] 拉新:29.0人 | 总销量:29.6单 | 品牌曝光:149.6次 | 🌟综合得分:44.2
2026-03-08 21:08:32,473 - INFO - [degreeTopM - 种子:40] 拉新:31.7人 | 总销量:32.9单 | 品牌曝光:162.7次 | 🌟综合得分:48.6
2026-03-08 21:08:32,555 - INFO - [pageRank - 种子:40] 拉新:31.6人 | 总销量:32.5单 | 品牌曝光:160.4次 | 🌟综合得分:48.1
2026-03-08 21:08:32,872 - INFO - [ris_optimized - 种子:40] 拉新:34.6人 | 总销量:35.3单 | 品牌曝光:175.3次 | 🌟综合得分:52.5
2026-03-08 21:08:32,896 - INFO - 所有进程执行完毕，开始写入数据...
2026-03-08 21:08:32,901 - INFO - 成功写入 5 条记录至 /home/wen/work/coup_spread/gzc-impl/results/network.netYeast/2026-3-7/random_SSRNum-50000-_seedNum-40_simuTimes-500.csv
2026-03-08 21:08:32,901 - INFO - 保存评估文件至: /home/wen/work/coup_spread/gzc-impl/results/network.netYeast/2026-3-7/random_SSRNum-50000-_seedNum-40_simuTimes-500.csv
2026-03-08 21:08:32,902 - INFO - 加载数据集: network.netYeast
2026-03-08 21:08:32,903 - INFO - --- 矩阵分析 ---
2026-03-08 21:08:32,903 - INFO - 节点数 (N): 1458
2026-03-08 21:08:32,903 - INFO - 边数 (E): 3896
2026-03-08 21:08:32,903 - INFO - 密度 (Density): 0.00183275 (越小越稀疏)
2026-03-08 21:08:32,903 - INFO - 稀疏度 (Sparsity): 0.99816725 (越接近1越稀疏)
2026-03-08 21:08:32,903 - INFO - 平均度数 (Avg Degree): 2.67
2026-03-08 21:08:32,903 - INFO - >>> 正在注入完美对抗属性（验证三条定理）...
2026-03-08 21:08:32,918 - INFO - 首次生成种子集 random
2026-03-08 21:08:32,918 - INFO - 执行当前算法开始: random
2026-03-08 21:08:32,918 - INFO - 数据集节点总数:  n = 1458, m = 50
2026-03-08 21:08:32,918 - INFO - 选择 50  [1289, 507, 480, 1413, 782, 280, 779, 236, 1240, 745, 445, 1452, 458, 772, 1308, 1404, 1372, 1110, 1222, 862, 1158, 1221, 1353, 570, 303, 761, 1196, 31, 1038, 88, 1081, 822, 594, 1054, 10, 1258, 692, 108, 1013, 273, 283, 686, 1156, 534, 919, 327, 119, 584, 922, 673]

2026-03-08 21:08:32,918 - INFO - 当前用时 0.00 秒
2026-03-08 21:08:32,918 - INFO - 将种子集 写入位置: /home/wen/work/coup_spread/network.netYeast/2026-3-7/seeds-with-network.netYeast/random_random_seedNum-50_SSRNum-50000.txt
2026-03-08 21:08:32,918 - INFO - 首次生成种子集 degreeTopM
2026-03-08 21:08:32,918 - INFO - 执行当前算法开始: degreeTopM
2026-03-08 21:08:32,918 - INFO - 依据: 选择连接数（度数）最多的节点。
2026-03-08 21:08:32,919 - INFO - 选择的 Top M 节点及其度数:
2026-03-08 21:08:32,919 - INFO - 
2026-03-08 21:08:32,919 - INFO - 当前用时 0.00 秒
2026-03-08 21:08:32,919 - INFO - 将种子集 写入位置: /home/wen/work/coup_spread/network.netYeast/2026-3-7/seeds-with-network.netYeast/random_degreeTopM_seedNum-50_SSRNum-50000.txt
2026-03-08 21:08:32,919 - INFO - 首次生成种子集 pageRank
2026-03-08 21:08:32,920 - INFO - 执行当前算法开始: pageRank
2026-03-08 21:08:32,920 - INFO - --- Running: PageRank (on tranProMatrix) Top M ---
2026-03-08 21:08:32,955 - INFO - Selected PageRank seeds: [157, 25, 57, 55, 15, 68, 315, 105, 238, 1041, 224, 2, 69, 1285, 34, 18, 464, 66, 546, 371, 56, 277, 143, 1149, 461, 383, 186, 393, 35, 204, 227, 251, 155, 635, 544, 287, 423, 214, 364, 599, 343, 606, 44, 43, 289, 551, 406, 62, 462, 416]
2026-03-08 21:08:32,955 - INFO - 当前用时 0.04 秒
2026-03-08 21:08:32,955 - INFO - 将种子集 写入位置: /home/wen/work/coup_spread/network.netYeast/2026-3-7/seeds-with-network.netYeast/random_pageRank_seedNum-50_SSRNum-50000.txt
2026-03-08 21:08:32,955 - INFO - 首次生成种子集 alpha_sort
2026-03-08 21:08:32,955 - INFO - 执行当前算法开始: alpha_sort
2026-03-08 21:08:32,955 - INFO - 1458 个节点的alpha值降序排序 done
2026-03-08 21:08:32,955 - INFO - ==============>> [(1168, np.float64(0.3)), (1169, np.float64(0.3)), (1170, np.float64(0.3)), (1171, np.float64(0.3)), (1172, np.float64(0.3)), (1173, np.float64(0.3)), (1174, np.float64(0.3)), (1175, np.float64(0.3)), (1176, np.float64(0.3)), (1177, np.float64(0.3))]
2026-03-08 21:08:32,955 - INFO - 
选择的种子集 (按alpha排序): [1168, 1169, 1170, 1171, 1172, 1173, 1174, 1175, 1176, 1177, 1178, 1179, 1180, 1181, 1182, 1183, 1184, 1185, 1186, 1187, 1188, 1189, 1190, 1191, 1192, 1193, 1194, 1195, 1196, 1197, 1198, 1199, 1200, 1201, 1202, 1203, 1204, 1205, 1206, 1207, 1208, 1209, 1210, 1211, 1212, 1213, 1214, 1215, 1216, 1217]

2026-03-08 21:08:32,956 - INFO - 当前用时 0.00 秒
2026-03-08 21:08:32,956 - INFO - 将种子集 写入位置: /home/wen/work/coup_spread/network.netYeast/2026-3-7/seeds-with-network.netYeast/random_alpha_sort_seedNum-50_SSRNum-50000.txt
2026-03-08 21:08:32,956 - INFO - 首次生成种子集 ris_optimized
2026-03-08 21:08:32,956 - INFO - 执行当前算法开始: ris_optimized
2026-03-08 21:08:32,982 - INFO - 图初始化完成，节点数: 1458，当前模式: 优化采样
2026-03-08 21:08:32,982 - INFO - 开始生成 50000 组多重RR-Set...
2026-03-08 21:08:37,653 - INFO - 生成完毕。耗时: 4.67 秒。
2026-03-08 21:08:37,660 - INFO - 开始基于多重RR集贪心选择最优种子...
2026-03-08 21:08:38,552 - INFO - 选种完毕。耗时: 0.89 秒。估算范围: 47.88
2026-03-08 21:08:38,844 - INFO - 当前用时 5.89 秒
2026-03-08 21:08:38,845 - INFO - 将种子集 写入位置: /home/wen/work/coup_spread/network.netYeast/2026-3-7/seeds-with-network.netYeast/random_ris_optimized_seedNum-50_SSRNum-50000.txt
2026-03-08 21:08:38,845 - INFO - 评估种子集: None
2026-03-08 21:08:38,845 - INFO - 多进程评估开始，共有 5 个方法待评估...
2026-03-08 21:08:38,845 - INFO - 启动进程池，Worker数量: 5
2026-03-08 21:08:38,955 - INFO - [Process 3589253] 开始评估方法: random, 种子数: 50
2026-03-08 21:08:39,024 - INFO - [Process 3589254] 开始评估方法: degreeTopM, 种子数: 50
2026-03-08 21:08:39,093 - INFO - [Process 3589255] 开始评估方法: pageRank, 种子数: 50
2026-03-08 21:08:39,163 - INFO - [Process 3589256] 开始评估方法: alpha_sort, 种子数: 50
2026-03-08 21:08:39,234 - INFO - [Process 3589257] 开始评估方法: ris_optimized, 种子数: 50
2026-03-08 21:08:39,589 - INFO - [alpha_sort - 种子:50] 拉新:21.0人 | 总销量:21.5单 | 品牌曝光:78.1次 | 🌟综合得分:29.1
2026-03-08 21:08:40,807 - INFO - [random - 种子:50] 拉新:36.6人 | 总销量:37.1单 | 品牌曝光:184.2次 | 🌟综合得分:55.3
2026-03-08 21:08:41,136 - INFO - [degreeTopM - 种子:50] 拉新:39.2人 | 总销量:41.0单 | 品牌曝光:203.4次 | 🌟综合得分:60.5
2026-03-08 21:08:41,184 - INFO - [pageRank - 种子:50] 拉新:39.3人 | 总销量:40.9单 | 品牌曝光:202.1次 | 🌟综合得分:60.3
2026-03-08 21:08:41,545 - INFO - [ris_optimized - 种子:50] 拉新:43.1人 | 总销量:44.4单 | 品牌曝光:219.7次 | 🌟综合得分:65.7
2026-03-08 21:08:41,567 - INFO - 所有进程执行完毕，开始写入数据...
2026-03-08 21:08:41,575 - INFO - 成功写入 5 条记录至 /home/wen/work/coup_spread/gzc-impl/results/network.netYeast/2026-3-7/random_SSRNum-50000-_seedNum-50_simuTimes-500.csv
2026-03-08 21:08:41,576 - INFO - 保存评估文件至: /home/wen/work/coup_spread/gzc-impl/results/network.netYeast/2026-3-7/random_SSRNum-50000-_seedNum-50_simuTimes-500.csv
2026-03-08 21:08:41,579 - INFO - 加载数据集: network.netYeast
2026-03-08 21:08:41,580 - INFO - --- 矩阵分析 ---
2026-03-08 21:08:41,581 - INFO - 节点数 (N): 1458
2026-03-08 21:08:41,581 - INFO - 边数 (E): 3896
2026-03-08 21:08:41,581 - INFO - 密度 (Density): 0.00183275 (越小越稀疏)
2026-03-08 21:08:41,581 - INFO - 稀疏度 (Sparsity): 0.99816725 (越接近1越稀疏)
2026-03-08 21:08:41,581 - INFO - 平均度数 (Avg Degree): 2.67
2026-03-08 21:08:41,581 - INFO - >>> 正在注入完美对抗属性（验证三条定理）...
2026-03-08 21:08:41,598 - INFO - 首次生成种子集 random
2026-03-08 21:08:41,598 - INFO - 执行当前算法开始: random
2026-03-08 21:08:41,598 - INFO - 数据集节点总数:  n = 1458, m = 60
2026-03-08 21:08:41,599 - INFO - 选择 60  [146, 757, 1418, 1451, 1210, 1146, 1282, 1289, 1058, 199, 80, 1137, 753, 1026, 1307, 137, 264, 438, 134, 769, 1196, 582, 744, 1221, 1293, 1348, 1407, 304, 918, 1240, 1149, 619, 1419, 440, 310, 1063, 803, 1412, 1186, 1202, 170, 1190, 957, 1100, 930, 1262, 705, 992, 466, 222, 360, 779, 373, 452, 1372, 1163, 206, 186, 1226, 785]

2026-03-08 21:08:41,599 - INFO - 当前用时 0.00 秒
2026-03-08 21:08:41,599 - INFO - 将种子集 写入位置: /home/wen/work/coup_spread/network.netYeast/2026-3-7/seeds-with-network.netYeast/random_random_seedNum-60_SSRNum-50000.txt
2026-03-08 21:08:41,599 - INFO - 首次生成种子集 degreeTopM
2026-03-08 21:08:41,599 - INFO - 执行当前算法开始: degreeTopM
2026-03-08 21:08:41,599 - INFO - 依据: 选择连接数（度数）最多的节点。
2026-03-08 21:08:41,599 - INFO - 选择的 Top M 节点及其度数:
2026-03-08 21:08:41,599 - INFO - 
2026-03-08 21:08:41,599 - INFO - 当前用时 0.00 秒
2026-03-08 21:08:41,599 - INFO - 将种子集 写入位置: /home/wen/work/coup_spread/network.netYeast/2026-3-7/seeds-with-network.netYeast/random_degreeTopM_seedNum-60_SSRNum-50000.txt
2026-03-08 21:08:41,600 - INFO - 首次生成种子集 pageRank
2026-03-08 21:08:41,600 - INFO - 执行当前算法开始: pageRank
2026-03-08 21:08:41,600 - INFO - --- Running: PageRank (on tranProMatrix) Top M ---
2026-03-08 21:08:41,635 - INFO - Selected PageRank seeds: [157, 25, 57, 55, 15, 68, 315, 105, 238, 1041, 224, 2, 69, 1285, 34, 18, 464, 66, 546, 371, 56, 277, 143, 1149, 461, 383, 186, 393, 35, 204, 227, 251, 155, 635, 544, 287, 423, 214, 364, 599, 343, 606, 44, 43, 289, 551, 406, 62, 462, 416, 33, 284, 845, 975, 72, 1318, 473, 70, 346, 99]
2026-03-08 21:08:41,635 - INFO - 当前用时 0.04 秒
2026-03-08 21:08:41,635 - INFO - 将种子集 写入位置: /home/wen/work/coup_spread/network.netYeast/2026-3-7/seeds-with-network.netYeast/random_pageRank_seedNum-60_SSRNum-50000.txt
2026-03-08 21:08:41,636 - INFO - 首次生成种子集 alpha_sort
2026-03-08 21:08:41,636 - INFO - 执行当前算法开始: alpha_sort
2026-03-08 21:08:41,636 - INFO - 1458 个节点的alpha值降序排序 done
2026-03-08 21:08:41,636 - INFO - ==============>> [(1168, np.float64(0.3)), (1169, np.float64(0.3)), (1170, np.float64(0.3)), (1171, np.float64(0.3)), (1172, np.float64(0.3)), (1173, np.float64(0.3)), (1174, np.float64(0.3)), (1175, np.float64(0.3)), (1176, np.float64(0.3)), (1177, np.float64(0.3))]
2026-03-08 21:08:41,636 - INFO - 
选择的种子集 (按alpha排序): [1168, 1169, 1170, 1171, 1172, 1173, 1174, 1175, 1176, 1177, 1178, 1179, 1180, 1181, 1182, 1183, 1184, 1185, 1186, 1187, 1188, 1189, 1190, 1191, 1192, 1193, 1194, 1195, 1196, 1197, 1198, 1199, 1200, 1201, 1202, 1203, 1204, 1205, 1206, 1207, 1208, 1209, 1210, 1211, 1212, 1213, 1214, 1215, 1216, 1217, 1218, 1219, 1220, 1221, 1222, 1223, 1224, 1225, 1226, 1227]

2026-03-08 21:08:41,636 - INFO - 当前用时 0.00 秒
2026-03-08 21:08:41,636 - INFO - 将种子集 写入位置: /home/wen/work/coup_spread/network.netYeast/2026-3-7/seeds-with-network.netYeast/random_alpha_sort_seedNum-60_SSRNum-50000.txt
2026-03-08 21:08:41,636 - INFO - 首次生成种子集 ris_optimized
2026-03-08 21:08:41,636 - INFO - 执行当前算法开始: ris_optimized
2026-03-08 21:08:41,662 - INFO - 图初始化完成，节点数: 1458，当前模式: 优化采样
2026-03-08 21:08:41,662 - INFO - 开始生成 50000 组多重RR-Set...
2026-03-08 21:08:47,321 - INFO - 生成完毕。耗时: 5.66 秒。
2026-03-08 21:08:47,331 - INFO - 开始基于多重RR集贪心选择最优种子...
2026-03-08 21:08:48,419 - INFO - 选种完毕。耗时: 1.09 秒。估算范围: 56.30
2026-03-08 21:08:48,671 - INFO - 当前用时 7.03 秒
2026-03-08 21:08:48,671 - INFO - 将种子集 写入位置: /home/wen/work/coup_spread/network.netYeast/2026-3-7/seeds-with-network.netYeast/random_ris_optimized_seedNum-60_SSRNum-50000.txt
2026-03-08 21:08:48,672 - INFO - 评估种子集: None
2026-03-08 21:08:48,672 - INFO - 多进程评估开始，共有 5 个方法待评估...
2026-03-08 21:08:48,672 - INFO - 启动进程池，Worker数量: 5
2026-03-08 21:08:48,783 - INFO - [Process 3589484] 开始评估方法: random, 种子数: 60
2026-03-08 21:08:48,852 - INFO - [Process 3589485] 开始评估方法: degreeTopM, 种子数: 60
2026-03-08 21:08:48,921 - INFO - [Process 3589486] 开始评估方法: pageRank, 种子数: 60
2026-03-08 21:08:48,990 - INFO - [Process 3589487] 开始评估方法: alpha_sort, 种子数: 60
2026-03-08 21:08:49,062 - INFO - [Process 3589488] 开始评估方法: ris_optimized, 种子数: 60
2026-03-08 21:08:49,492 - INFO - [alpha_sort - 种子:60] 拉新:25.0人 | 总销量:25.5单 | 品牌曝光:93.8次 | 🌟综合得分:34.6
2026-03-08 21:08:50,738 - INFO - [random - 种子:60] 拉新:40.9人 | 总销量:41.7单 | 品牌曝光:203.6次 | 🌟综合得分:61.7
2026-03-08 21:08:51,341 - INFO - [pageRank - 种子:60] 拉新:46.4人 | 总销量:48.5单 | 品牌曝光:240.7次 | 🌟综合得分:71.5
2026-03-08 21:08:51,419 - INFO - [degreeTopM - 种子:60] 拉新:46.8人 | 总销量:49.3单 | 品牌曝光:244.6次 | 🌟综合得分:72.5
2026-03-08 21:08:51,769 - INFO - [ris_optimized - 种子:60] 拉新:51.6人 | 总销量:53.3单 | 品牌曝光:263.9次 | 🌟综合得分:78.8
2026-03-08 21:08:51,793 - INFO - 所有进程执行完毕，开始写入数据...
2026-03-08 21:08:51,801 - INFO - 成功写入 5 条记录至 /home/wen/work/coup_spread/gzc-impl/results/network.netYeast/2026-3-7/random_SSRNum-50000-_seedNum-60_simuTimes-500.csv
2026-03-08 21:08:51,802 - INFO - 保存评估文件至: /home/wen/work/coup_spread/gzc-impl/results/network.netYeast/2026-3-7/random_SSRNum-50000-_seedNum-60_simuTimes-500.csv
2026-03-08 21:08:51,805 - INFO - 加载数据集: network.netYeast
2026-03-08 21:08:51,806 - INFO - --- 矩阵分析 ---
2026-03-08 21:08:51,806 - INFO - 节点数 (N): 1458
2026-03-08 21:08:51,806 - INFO - 边数 (E): 3896
2026-03-08 21:08:51,806 - INFO - 密度 (Density): 0.00183275 (越小越稀疏)
2026-03-08 21:08:51,806 - INFO - 稀疏度 (Sparsity): 0.99816725 (越接近1越稀疏)
2026-03-08 21:08:51,806 - INFO - 平均度数 (Avg Degree): 2.67
2026-03-08 21:08:51,806 - INFO - >>> 正在注入完美对抗属性（验证三条定理）...
2026-03-08 21:08:51,822 - INFO - 首次生成种子集 random
2026-03-08 21:08:51,822 - INFO - 执行当前算法开始: random
2026-03-08 21:08:51,823 - INFO - 数据集节点总数:  n = 1458, m = 70
2026-03-08 21:08:51,823 - INFO - 选择 70  [337, 3, 779, 1246, 318, 607, 510, 1299, 628, 331, 917, 296, 452, 876, 261, 987, 883, 348, 1390, 912, 130, 199, 530, 322, 495, 1066, 277, 1277, 699, 997, 918, 209, 438, 812, 1050, 1434, 1444, 142, 1306, 527, 794, 923, 74, 638, 235, 429, 819, 700, 124, 728, 1125, 492, 372, 1215, 1234, 1231, 715, 430, 608, 346, 26, 1214, 313, 1109, 1352, 1244, 1005, 734, 79, 1237]

2026-03-08 21:08:51,823 - INFO - 当前用时 0.00 秒
2026-03-08 21:08:51,823 - INFO - 将种子集 写入位置: /home/wen/work/coup_spread/network.netYeast/2026-3-7/seeds-with-network.netYeast/random_random_seedNum-70_SSRNum-50000.txt
2026-03-08 21:08:51,823 - INFO - 首次生成种子集 degreeTopM
2026-03-08 21:08:51,823 - INFO - 执行当前算法开始: degreeTopM
2026-03-08 21:08:51,823 - INFO - 依据: 选择连接数（度数）最多的节点。
2026-03-08 21:08:51,823 - INFO - 选择的 Top M 节点及其度数:
2026-03-08 21:08:51,823 - INFO - 
2026-03-08 21:08:51,823 - INFO - 当前用时 0.00 秒
2026-03-08 21:08:51,824 - INFO - 将种子集 写入位置: /home/wen/work/coup_spread/network.netYeast/2026-3-7/seeds-with-network.netYeast/random_degreeTopM_seedNum-70_SSRNum-50000.txt
2026-03-08 21:08:51,824 - INFO - 首次生成种子集 pageRank
2026-03-08 21:08:51,824 - INFO - 执行当前算法开始: pageRank
2026-03-08 21:08:51,824 - INFO - --- Running: PageRank (on tranProMatrix) Top M ---
2026-03-08 21:08:51,859 - INFO - Selected PageRank seeds: [157, 25, 57, 55, 15, 68, 315, 105, 238, 1041, 224, 2, 69, 1285, 34, 18, 464, 66, 546, 371, 56, 277, 143, 1149, 461, 383, 186, 393, 35, 204, 227, 251, 155, 635, 544, 287, 423, 214, 364, 599, 343, 606, 44, 43, 289, 551, 406, 62, 462, 416, 33, 284, 845, 975, 72, 1318, 473, 70, 346, 99, 982, 29, 932, 367, 79, 693, 288, 837, 621, 738]
2026-03-08 21:08:51,859 - INFO - 当前用时 0.04 秒
2026-03-08 21:08:51,859 - INFO - 将种子集 写入位置: /home/wen/work/coup_spread/network.netYeast/2026-3-7/seeds-with-network.netYeast/random_pageRank_seedNum-70_SSRNum-50000.txt
2026-03-08 21:08:51,860 - INFO - 首次生成种子集 alpha_sort
2026-03-08 21:08:51,860 - INFO - 执行当前算法开始: alpha_sort
2026-03-08 21:08:51,860 - INFO - 1458 个节点的alpha值降序排序 done
2026-03-08 21:08:51,860 - INFO - ==============>> [(1168, np.float64(0.3)), (1169, np.float64(0.3)), (1170, np.float64(0.3)), (1171, np.float64(0.3)), (1172, np.float64(0.3)), (1173, np.float64(0.3)), (1174, np.float64(0.3)), (1175, np.float64(0.3)), (1176, np.float64(0.3)), (1177, np.float64(0.3))]
2026-03-08 21:08:51,860 - INFO - 
选择的种子集 (按alpha排序): [1168, 1169, 1170, 1171, 1172, 1173, 1174, 1175, 1176, 1177, 1178, 1179, 1180, 1181, 1182, 1183, 1184, 1185, 1186, 1187, 1188, 1189, 1190, 1191, 1192, 1193, 1194, 1195, 1196, 1197, 1198, 1199, 1200, 1201, 1202, 1203, 1204, 1205, 1206, 1207, 1208, 1209, 1210, 1211, 1212, 1213, 1214, 1215, 1216, 1217, 1218, 1219, 1220, 1221, 1222, 1223, 1224, 1225, 1226, 1227, 1228, 1229, 1230, 1231, 1232, 1233, 1234, 1235, 1236, 1237]

2026-03-08 21:08:51,860 - INFO - 当前用时 0.00 秒
2026-03-08 21:08:51,860 - INFO - 将种子集 写入位置: /home/wen/work/coup_spread/network.netYeast/2026-3-7/seeds-with-network.netYeast/random_alpha_sort_seedNum-70_SSRNum-50000.txt
2026-03-08 21:08:51,860 - INFO - 首次生成种子集 ris_optimized
2026-03-08 21:08:51,860 - INFO - 执行当前算法开始: ris_optimized
2026-03-08 21:08:51,886 - INFO - 图初始化完成，节点数: 1458，当前模式: 优化采样
2026-03-08 21:08:51,886 - INFO - 开始生成 50000 组多重RR-Set...
2026-03-08 21:08:58,634 - INFO - 生成完毕。耗时: 6.75 秒。
2026-03-08 21:08:58,643 - INFO - 开始基于多重RR集贪心选择最优种子...
2026-03-08 21:08:59,976 - INFO - 选种完毕。耗时: 1.33 秒。估算范围: 65.93
2026-03-08 21:09:00,259 - INFO - 当前用时 8.40 秒
2026-03-08 21:09:00,259 - INFO - 将种子集 写入位置: /home/wen/work/coup_spread/network.netYeast/2026-3-7/seeds-with-network.netYeast/random_ris_optimized_seedNum-70_SSRNum-50000.txt
2026-03-08 21:09:00,259 - INFO - 评估种子集: None
2026-03-08 21:09:00,259 - INFO - 多进程评估开始，共有 5 个方法待评估...
2026-03-08 21:09:00,259 - INFO - 启动进程池，Worker数量: 5
2026-03-08 21:09:00,366 - INFO - [Process 3589698] 开始评估方法: random, 种子数: 70
2026-03-08 21:09:00,435 - INFO - [Process 3589699] 开始评估方法: degreeTopM, 种子数: 70
2026-03-08 21:09:00,506 - INFO - [Process 3589700] 开始评估方法: pageRank, 种子数: 70
2026-03-08 21:09:00,576 - INFO - [Process 3589701] 开始评估方法: alpha_sort, 种子数: 70
2026-03-08 21:09:00,647 - INFO - [Process 3589702] 开始评估方法: ris_optimized, 种子数: 70
2026-03-08 21:09:01,193 - INFO - [alpha_sort - 种子:70] 拉新:29.6人 | 总销量:30.1单 | 品牌曝光:111.0次 | 🌟综合得分:41.0
2026-03-08 21:09:02,985 - INFO - [random - 种子:70] 拉新:50.8人 | 总销量:53.2单 | 品牌曝光:260.0次 | 🌟综合得分:78.0
2026-03-08 21:09:03,361 - INFO - [pageRank - 种子:70] 拉新:53.8人 | 总销量:56.5单 | 品牌曝光:278.8次 | 🌟综合得分:83.0
2026-03-08 21:09:03,366 - INFO - [degreeTopM - 种子:70] 拉新:54.8人 | 总销量:58.0单 | 品牌曝光:285.5次 | 🌟综合得分:84.9
2026-03-08 21:09:03,762 - INFO - [ris_optimized - 种子:70] 拉新:59.1人 | 总销量:61.0单 | 品牌曝光:301.3次 | 🌟综合得分:90.2
2026-03-08 21:09:03,790 - INFO - 所有进程执行完毕，开始写入数据...
2026-03-08 21:09:03,798 - INFO - 成功写入 5 条记录至 /home/wen/work/coup_spread/gzc-impl/results/network.netYeast/2026-3-7/random_SSRNum-50000-_seedNum-70_simuTimes-500.csv
2026-03-08 21:09:03,799 - INFO - 保存评估文件至: /home/wen/work/coup_spread/gzc-impl/results/network.netYeast/2026-3-7/random_SSRNum-50000-_seedNum-70_simuTimes-500.csv
2026-03-08 21:09:03,803 - INFO - 加载数据集: network.netYeast
2026-03-08 21:09:03,803 - INFO - --- 矩阵分析 ---
2026-03-08 21:09:03,803 - INFO - 节点数 (N): 1458
2026-03-08 21:09:03,803 - INFO - 边数 (E): 3896
2026-03-08 21:09:03,803 - INFO - 密度 (Density): 0.00183275 (越小越稀疏)
2026-03-08 21:09:03,803 - INFO - 稀疏度 (Sparsity): 0.99816725 (越接近1越稀疏)
2026-03-08 21:09:03,804 - INFO - 平均度数 (Avg Degree): 2.67
2026-03-08 21:09:03,804 - INFO - >>> 正在注入完美对抗属性（验证三条定理）...
2026-03-08 21:09:03,820 - INFO - 首次生成种子集 random
2026-03-08 21:09:03,820 - INFO - 执行当前算法开始: random
2026-03-08 21:09:03,820 - INFO - 数据集节点总数:  n = 1458, m = 80
2026-03-08 21:09:03,820 - INFO - 选择 80  [763, 1202, 822, 1418, 62, 777, 871, 30, 887, 197, 723, 879, 384, 1228, 814, 1301, 335, 482, 93, 1024, 112, 1053, 1025, 638, 708, 603, 1337, 680, 709, 1348, 393, 856, 721, 489, 158, 1158, 279, 977, 542, 1020, 741, 146, 1422, 949, 841, 1436, 205, 1354, 429, 1125, 578, 459, 609, 507, 608, 1326, 867, 299, 1297, 719, 823, 398, 764, 943, 242, 865, 231, 1262, 47, 881, 4, 809, 269, 512, 5, 1267, 643, 573, 1278, 938]

2026-03-08 21:09:03,820 - INFO - 当前用时 0.00 秒
2026-03-08 21:09:03,820 - INFO - 将种子集 写入位置: /home/wen/work/coup_spread/network.netYeast/2026-3-7/seeds-with-network.netYeast/random_random_seedNum-80_SSRNum-50000.txt
2026-03-08 21:09:03,820 - INFO - 首次生成种子集 degreeTopM
2026-03-08 21:09:03,821 - INFO - 执行当前算法开始: degreeTopM
2026-03-08 21:09:03,821 - INFO - 依据: 选择连接数（度数）最多的节点。
2026-03-08 21:09:03,821 - INFO - 选择的 Top M 节点及其度数:
2026-03-08 21:09:03,821 - INFO - 
2026-03-08 21:09:03,821 - INFO - 当前用时 0.00 秒
2026-03-08 21:09:03,821 - INFO - 将种子集 写入位置: /home/wen/work/coup_spread/network.netYeast/2026-3-7/seeds-with-network.netYeast/random_degreeTopM_seedNum-80_SSRNum-50000.txt
2026-03-08 21:09:03,821 - INFO - 首次生成种子集 pageRank
2026-03-08 21:09:03,822 - INFO - 执行当前算法开始: pageRank
2026-03-08 21:09:03,822 - INFO - --- Running: PageRank (on tranProMatrix) Top M ---
2026-03-08 21:09:03,857 - INFO - Selected PageRank seeds: [157, 25, 57, 55, 15, 68, 315, 105, 238, 1041, 224, 2, 69, 1285, 34, 18, 464, 66, 546, 371, 56, 277, 143, 1149, 461, 383, 186, 393, 35, 204, 227, 251, 155, 635, 544, 287, 423, 214, 364, 599, 343, 606, 44, 43, 289, 551, 406, 62, 462, 416, 33, 284, 845, 975, 72, 1318, 473, 70, 346, 99, 982, 29, 932, 367, 79, 693, 288, 837, 621, 738, 16, 603, 677, 800, 247, 876, 812, 558, 121, 668]
2026-03-08 21:09:03,857 - INFO - 当前用时 0.04 秒
2026-03-08 21:09:03,857 - INFO - 将种子集 写入位置: /home/wen/work/coup_spread/network.netYeast/2026-3-7/seeds-with-network.netYeast/random_pageRank_seedNum-80_SSRNum-50000.txt
2026-03-08 21:09:03,858 - INFO - 首次生成种子集 alpha_sort
2026-03-08 21:09:03,858 - INFO - 执行当前算法开始: alpha_sort
2026-03-08 21:09:03,858 - INFO - 1458 个节点的alpha值降序排序 done
2026-03-08 21:09:03,858 - INFO - ==============>> [(1168, np.float64(0.3)), (1169, np.float64(0.3)), (1170, np.float64(0.3)), (1171, np.float64(0.3)), (1172, np.float64(0.3)), (1173, np.float64(0.3)), (1174, np.float64(0.3)), (1175, np.float64(0.3)), (1176, np.float64(0.3)), (1177, np.float64(0.3))]
2026-03-08 21:09:03,858 - INFO - 
选择的种子集 (按alpha排序): [1168, 1169, 1170, 1171, 1172, 1173, 1174, 1175, 1176, 1177, 1178, 1179, 1180, 1181, 1182, 1183, 1184, 1185, 1186, 1187, 1188, 1189, 1190, 1191, 1192, 1193, 1194, 1195, 1196, 1197, 1198, 1199, 1200, 1201, 1202, 1203, 1204, 1205, 1206, 1207, 1208, 1209, 1210, 1211, 1212, 1213, 1214, 1215, 1216, 1217, 1218, 1219, 1220, 1221, 1222, 1223, 1224, 1225, 1226, 1227, 1228, 1229, 1230, 1231, 1232, 1233, 1234, 1235, 1236, 1237, 1238, 1239, 1240, 1241, 1242, 1243, 1244, 1245, 1246, 1247]

2026-03-08 21:09:03,858 - INFO - 当前用时 0.00 秒
2026-03-08 21:09:03,858 - INFO - 将种子集 写入位置: /home/wen/work/coup_spread/network.netYeast/2026-3-7/seeds-with-network.netYeast/random_alpha_sort_seedNum-80_SSRNum-50000.txt
2026-03-08 21:09:03,858 - INFO - 首次生成种子集 ris_optimized
2026-03-08 21:09:03,858 - INFO - 执行当前算法开始: ris_optimized
2026-03-08 21:09:03,884 - INFO - 图初始化完成，节点数: 1458，当前模式: 优化采样
2026-03-08 21:09:03,885 - INFO - 开始生成 50000 组多重RR-Set...
2026-03-08 21:09:10,702 - INFO - 生成完毕。耗时: 6.82 秒。
2026-03-08 21:09:10,707 - INFO - 开始基于多重RR集贪心选择最优种子...
2026-03-08 21:09:12,269 - INFO - 选种完毕。耗时: 1.56 秒。估算范围: 74.79
2026-03-08 21:09:12,618 - INFO - 当前用时 8.76 秒
2026-03-08 21:09:12,619 - INFO - 将种子集 写入位置: /home/wen/work/coup_spread/network.netYeast/2026-3-7/seeds-with-network.netYeast/random_ris_optimized_seedNum-80_SSRNum-50000.txt
2026-03-08 21:09:12,619 - INFO - 评估种子集: None
2026-03-08 21:09:12,619 - INFO - 多进程评估开始，共有 5 个方法待评估...
2026-03-08 21:09:12,619 - INFO - 启动进程池，Worker数量: 5
2026-03-08 21:09:12,773 - INFO - [Process 3589932] 开始评估方法: random, 种子数: 80
2026-03-08 21:09:12,837 - INFO - [Process 3589933] 开始评估方法: degreeTopM, 种子数: 80
2026-03-08 21:09:12,901 - INFO - [Process 3589934] 开始评估方法: pageRank, 种子数: 80
2026-03-08 21:09:12,966 - INFO - [Process 3589935] 开始评估方法: alpha_sort, 种子数: 80
2026-03-08 21:09:13,029 - INFO - [Process 3589936] 开始评估方法: ris_optimized, 种子数: 80
2026-03-08 21:09:13,658 - INFO - [alpha_sort - 种子:80] 拉新:33.6人 | 总销量:34.3单 | 品牌曝光:126.5次 | 🌟综合得分:46.6
2026-03-08 21:09:15,810 - INFO - [random - 种子:80] 拉新:60.2人 | 总销量:61.8单 | 品牌曝光:305.9次 | 🌟综合得分:91.6
2026-03-08 21:09:16,111 - INFO - [pageRank - 种子:80] 拉新:61.1人 | 总销量:64.2单 | 品牌曝光:317.8次 | 🌟综合得分:94.4
2026-03-08 21:09:16,188 - INFO - [degreeTopM - 种子:80] 拉新:62.4人 | 总销量:66.6单 | 品牌曝光:328.3次 | 🌟综合得分:97.3
2026-03-08 21:09:16,593 - INFO - [ris_optimized - 种子:80] 拉新:67.5人 | 总销量:70.3单 | 品牌曝光:346.9次 | 🌟综合得分:103.6
2026-03-08 21:09:16,619 - INFO - 所有进程执行完毕，开始写入数据...
2026-03-08 21:09:16,629 - INFO - 成功写入 5 条记录至 /home/wen/work/coup_spread/gzc-impl/results/network.netYeast/2026-3-7/random_SSRNum-50000-_seedNum-80_simuTimes-500.csv
2026-03-08 21:09:16,630 - INFO - 保存评估文件至: /home/wen/work/coup_spread/gzc-impl/results/network.netYeast/2026-3-7/random_SSRNum-50000-_seedNum-80_simuTimes-500.csv
2026-03-08 21:09:16,633 - INFO - 加载数据集: network.netYeast
2026-03-08 21:09:16,634 - INFO - --- 矩阵分析 ---
2026-03-08 21:09:16,634 - INFO - 节点数 (N): 1458
2026-03-08 21:09:16,634 - INFO - 边数 (E): 3896
2026-03-08 21:09:16,634 - INFO - 密度 (Density): 0.00183275 (越小越稀疏)
2026-03-08 21:09:16,634 - INFO - 稀疏度 (Sparsity): 0.99816725 (越接近1越稀疏)
2026-03-08 21:09:16,634 - INFO - 平均度数 (Avg Degree): 2.67
2026-03-08 21:09:16,634 - INFO - >>> 正在注入完美对抗属性（验证三条定理）...
2026-03-08 21:09:16,650 - INFO - 首次生成种子集 random
2026-03-08 21:09:16,650 - INFO - 执行当前算法开始: random
2026-03-08 21:09:16,651 - INFO - 数据集节点总数:  n = 1458, m = 90
2026-03-08 21:09:16,651 - INFO - 选择 90  [302, 694, 237, 1067, 288, 1050, 755, 358, 504, 1457, 1083, 69, 176, 1213, 75, 152, 1438, 64, 1013, 974, 1039, 722, 989, 330, 202, 704, 1112, 1089, 603, 810, 784, 534, 1145, 855, 990, 1414, 1325, 513, 793, 1028, 663, 374, 928, 156, 1336, 1103, 1120, 754, 1055, 1087, 1253, 252, 766, 293, 716, 936, 947, 510, 1132, 1405, 448, 371, 689, 1201, 461, 647, 948, 194, 77, 958, 969, 131, 954, 877, 1053, 285, 268, 852, 1126, 266, 530, 471, 1085, 725, 787, 582, 340, 778, 287, 315]

2026-03-08 21:09:16,651 - INFO - 当前用时 0.00 秒
2026-03-08 21:09:16,651 - INFO - 将种子集 写入位置: /home/wen/work/coup_spread/network.netYeast/2026-3-7/seeds-with-network.netYeast/random_random_seedNum-90_SSRNum-50000.txt
2026-03-08 21:09:16,651 - INFO - 首次生成种子集 degreeTopM
2026-03-08 21:09:16,651 - INFO - 执行当前算法开始: degreeTopM
2026-03-08 21:09:16,651 - INFO - 依据: 选择连接数（度数）最多的节点。
2026-03-08 21:09:16,651 - INFO - 选择的 Top M 节点及其度数:
2026-03-08 21:09:16,652 - INFO - 
2026-03-08 21:09:16,652 - INFO - 当前用时 0.00 秒
2026-03-08 21:09:16,652 - INFO - 将种子集 写入位置: /home/wen/work/coup_spread/network.netYeast/2026-3-7/seeds-with-network.netYeast/random_degreeTopM_seedNum-90_SSRNum-50000.txt
2026-03-08 21:09:16,652 - INFO - 首次生成种子集 pageRank
2026-03-08 21:09:16,652 - INFO - 执行当前算法开始: pageRank
2026-03-08 21:09:16,652 - INFO - --- Running: PageRank (on tranProMatrix) Top M ---
2026-03-08 21:09:16,688 - INFO - Selected PageRank seeds: [157, 25, 57, 55, 15, 68, 315, 105, 238, 1041, 224, 2, 69, 1285, 34, 18, 464, 66, 546, 371, 56, 277, 143, 1149, 461, 383, 186, 393, 35, 204, 227, 251, 155, 635, 544, 287, 423, 214, 364, 599, 343, 606, 44, 43, 289, 551, 406, 62, 462, 416, 33, 284, 845, 975, 72, 1318, 473, 70, 346, 99, 982, 29, 932, 367, 79, 693, 288, 837, 621, 738, 16, 603, 677, 800, 247, 876, 812, 558, 121, 668, 470, 644, 714, 339, 276, 637, 760, 172, 680, 321]
2026-03-08 21:09:16,688 - INFO - 当前用时 0.04 秒
2026-03-08 21:09:16,688 - INFO - 将种子集 写入位置: /home/wen/work/coup_spread/network.netYeast/2026-3-7/seeds-with-network.netYeast/random_pageRank_seedNum-90_SSRNum-50000.txt
2026-03-08 21:09:16,689 - INFO - 首次生成种子集 alpha_sort
2026-03-08 21:09:16,689 - INFO - 执行当前算法开始: alpha_sort
2026-03-08 21:09:16,689 - INFO - 1458 个节点的alpha值降序排序 done
2026-03-08 21:09:16,689 - INFO - ==============>> [(1168, np.float64(0.3)), (1169, np.float64(0.3)), (1170, np.float64(0.3)), (1171, np.float64(0.3)), (1172, np.float64(0.3)), (1173, np.float64(0.3)), (1174, np.float64(0.3)), (1175, np.float64(0.3)), (1176, np.float64(0.3)), (1177, np.float64(0.3))]
2026-03-08 21:09:16,689 - INFO - 
选择的种子集 (按alpha排序): [1168, 1169, 1170, 1171, 1172, 1173, 1174, 1175, 1176, 1177, 1178, 1179, 1180, 1181, 1182, 1183, 1184, 1185, 1186, 1187, 1188, 1189, 1190, 1191, 1192, 1193, 1194, 1195, 1196, 1197, 1198, 1199, 1200, 1201, 1202, 1203, 1204, 1205, 1206, 1207, 1208, 1209, 1210, 1211, 1212, 1213, 1214, 1215, 1216, 1217, 1218, 1219, 1220, 1221, 1222, 1223, 1224, 1225, 1226, 1227, 1228, 1229, 1230, 1231, 1232, 1233, 1234, 1235, 1236, 1237, 1238, 1239, 1240, 1241, 1242, 1243, 1244, 1245, 1246, 1247, 1248, 1249, 1250, 1251, 1252, 1253, 1254, 1255, 1256, 1257]

2026-03-08 21:09:16,689 - INFO - 当前用时 0.00 秒
2026-03-08 21:09:16,689 - INFO - 将种子集 写入位置: /home/wen/work/coup_spread/network.netYeast/2026-3-7/seeds-with-network.netYeast/random_alpha_sort_seedNum-90_SSRNum-50000.txt
2026-03-08 21:09:16,689 - INFO - 首次生成种子集 ris_optimized
2026-03-08 21:09:16,689 - INFO - 执行当前算法开始: ris_optimized
2026-03-08 21:09:16,715 - INFO - 图初始化完成，节点数: 1458，当前模式: 优化采样
2026-03-08 21:09:16,715 - INFO - 开始生成 50000 组多重RR-Set...
2026-03-08 21:09:25,817 - INFO - 生成完毕。耗时: 9.10 秒。
2026-03-08 21:09:25,825 - INFO - 开始基于多重RR集贪心选择最优种子...
2026-03-08 21:09:27,634 - INFO - 选种完毕。耗时: 1.81 秒。估算范围: 85.06
2026-03-08 21:09:27,976 - INFO - 当前用时 11.29 秒
2026-03-08 21:09:27,977 - INFO - 将种子集 写入位置: /home/wen/work/coup_spread/network.netYeast/2026-3-7/seeds-with-network.netYeast/random_ris_optimized_seedNum-90_SSRNum-50000.txt
2026-03-08 21:09:27,977 - INFO - 评估种子集: None
2026-03-08 21:09:27,977 - INFO - 多进程评估开始，共有 5 个方法待评估...
2026-03-08 21:09:27,977 - INFO - 启动进程池，Worker数量: 5
2026-03-08 21:09:28,118 - INFO - [Process 3590206] 开始评估方法: random, 种子数: 90
2026-03-08 21:09:28,173 - INFO - [Process 3590207] 开始评估方法: degreeTopM, 种子数: 90
2026-03-08 21:09:28,229 - INFO - [Process 3590208] 开始评估方法: pageRank, 种子数: 90
2026-03-08 21:09:28,283 - INFO - [Process 3590209] 开始评估方法: alpha_sort, 种子数: 90
2026-03-08 21:09:28,340 - INFO - [Process 3590210] 开始评估方法: ris_optimized, 种子数: 90
2026-03-08 21:09:29,110 - INFO - [alpha_sort - 种子:90] 拉新:37.3人 | 总销量:38.2单 | 品牌曝光:139.9次 | 🌟综合得分:51.7
2026-03-08 21:09:31,901 - INFO - [random - 种子:90] 拉新:69.2人 | 总销量:73.2单 | 品牌曝光:364.7次 | 🌟综合得分:107.6
2026-03-08 21:09:31,959 - INFO - [pageRank - 种子:90] 拉新:68.7人 | 总销量:72.4单 | 品牌曝光:358.3次 | 🌟综合得分:106.4
2026-03-08 21:09:32,022 - INFO - [degreeTopM - 种子:90] 拉新:69.7人 | 总销量:74.9单 | 品牌曝光:370.7次 | 🌟综合得分:109.4
2026-03-08 21:09:32,411 - INFO - [ris_optimized - 种子:90] 拉新:75.3人 | 总销量:78.5单 | 品牌曝光:388.8次 | 🌟综合得分:115.8
2026-03-08 21:09:32,435 - INFO - 所有进程执行完毕，开始写入数据...
2026-03-08 21:09:32,444 - INFO - 成功写入 5 条记录至 /home/wen/work/coup_spread/gzc-impl/results/network.netYeast/2026-3-7/random_SSRNum-50000-_seedNum-90_simuTimes-500.csv
2026-03-08 21:09:32,445 - INFO - 保存评估文件至: /home/wen/work/coup_spread/gzc-impl/results/network.netYeast/2026-3-7/random_SSRNum-50000-_seedNum-90_simuTimes-500.csv
2026-03-08 21:09:32,452 - INFO - 加载数据集: network.netYeast
2026-03-08 21:09:32,453 - INFO - --- 矩阵分析 ---
2026-03-08 21:09:32,453 - INFO - 节点数 (N): 1458
2026-03-08 21:09:32,453 - INFO - 边数 (E): 3896
2026-03-08 21:09:32,453 - INFO - 密度 (Density): 0.00183275 (越小越稀疏)
2026-03-08 21:09:32,453 - INFO - 稀疏度 (Sparsity): 0.99816725 (越接近1越稀疏)
2026-03-08 21:09:32,453 - INFO - 平均度数 (Avg Degree): 2.67
2026-03-08 21:09:32,453 - INFO - >>> 正在注入完美对抗属性（验证三条定理）...
2026-03-08 21:09:32,469 - INFO - 首次生成种子集 random
2026-03-08 21:09:32,469 - INFO - 执行当前算法开始: random
2026-03-08 21:09:32,469 - INFO - 数据集节点总数:  n = 1458, m = 100
2026-03-08 21:09:32,469 - INFO - 选择 100  [1315, 397, 477, 418, 537, 982, 890, 592, 870, 148, 305, 161, 333, 1161, 875, 1294, 81, 321, 1272, 488, 481, 607, 394, 1335, 45, 347, 1228, 1084, 271, 425, 1308, 781, 1405, 239, 1112, 1116, 503, 250, 859, 1381, 946, 268, 542, 923, 821, 521, 693, 501, 1096, 986, 324, 336, 665, 1030, 587, 685, 814, 1038, 1402, 782, 22, 1323, 532, 1285, 526, 460, 775, 181, 286, 919, 759, 885, 46, 614, 1061, 905, 1284, 143, 586, 1422, 1068, 953, 794, 125, 1174, 410, 784, 423, 948, 1049, 644, 222, 1419, 159, 389, 274, 196, 381, 1028, 642]

2026-03-08 21:09:32,469 - INFO - 当前用时 0.00 秒
2026-03-08 21:09:32,469 - INFO - 将种子集 写入位置: /home/wen/work/coup_spread/network.netYeast/2026-3-7/seeds-with-network.netYeast/random_random_seedNum-100_SSRNum-50000.txt
2026-03-08 21:09:32,470 - INFO - 首次生成种子集 degreeTopM
2026-03-08 21:09:32,470 - INFO - 执行当前算法开始: degreeTopM
2026-03-08 21:09:32,470 - INFO - 依据: 选择连接数（度数）最多的节点。
2026-03-08 21:09:32,470 - INFO - 选择的 Top M 节点及其度数:
2026-03-08 21:09:32,470 - INFO - 
2026-03-08 21:09:32,470 - INFO - 当前用时 0.00 秒
2026-03-08 21:09:32,470 - INFO - 将种子集 写入位置: /home/wen/work/coup_spread/network.netYeast/2026-3-7/seeds-with-network.netYeast/random_degreeTopM_seedNum-100_SSRNum-50000.txt
2026-03-08 21:09:32,470 - INFO - 首次生成种子集 pageRank
2026-03-08 21:09:32,470 - INFO - 执行当前算法开始: pageRank
2026-03-08 21:09:32,470 - INFO - --- Running: PageRank (on tranProMatrix) Top M ---
2026-03-08 21:09:32,506 - INFO - Selected PageRank seeds: [157, 25, 57, 55, 15, 68, 315, 105, 238, 1041, 224, 2, 69, 1285, 34, 18, 464, 66, 546, 371, 56, 277, 143, 1149, 461, 383, 186, 393, 35, 204, 227, 251, 155, 635, 544, 287, 423, 214, 364, 599, 343, 606, 44, 43, 289, 551, 406, 62, 462, 416, 33, 284, 845, 975, 72, 1318, 473, 70, 346, 99, 982, 29, 932, 367, 79, 693, 288, 837, 621, 738, 16, 603, 677, 800, 247, 876, 812, 558, 121, 668, 470, 644, 714, 339, 276, 637, 760, 172, 680, 321, 489, 790, 916, 320, 709, 1163, 187, 570, 1157, 708]
2026-03-08 21:09:32,506 - INFO - 当前用时 0.04 秒
2026-03-08 21:09:32,506 - INFO - 将种子集 写入位置: /home/wen/work/coup_spread/network.netYeast/2026-3-7/seeds-with-network.netYeast/random_pageRank_seedNum-100_SSRNum-50000.txt
2026-03-08 21:09:32,506 - INFO - 首次生成种子集 alpha_sort
2026-03-08 21:09:32,506 - INFO - 执行当前算法开始: alpha_sort
2026-03-08 21:09:32,507 - INFO - 1458 个节点的alpha值降序排序 done
2026-03-08 21:09:32,507 - INFO - ==============>> [(1168, np.float64(0.3)), (1169, np.float64(0.3)), (1170, np.float64(0.3)), (1171, np.float64(0.3)), (1172, np.float64(0.3)), (1173, np.float64(0.3)), (1174, np.float64(0.3)), (1175, np.float64(0.3)), (1176, np.float64(0.3)), (1177, np.float64(0.3))]
2026-03-08 21:09:32,507 - INFO - 
选择的种子集 (按alpha排序): [1168, 1169, 1170, 1171, 1172, 1173, 1174, 1175, 1176, 1177, 1178, 1179, 1180, 1181, 1182, 1183, 1184, 1185, 1186, 1187, 1188, 1189, 1190, 1191, 1192, 1193, 1194, 1195, 1196, 1197, 1198, 1199, 1200, 1201, 1202, 1203, 1204, 1205, 1206, 1207, 1208, 1209, 1210, 1211, 1212, 1213, 1214, 1215, 1216, 1217, 1218, 1219, 1220, 1221, 1222, 1223, 1224, 1225, 1226, 1227, 1228, 1229, 1230, 1231, 1232, 1233, 1234, 1235, 1236, 1237, 1238, 1239, 1240, 1241, 1242, 1243, 1244, 1245, 1246, 1247, 1248, 1249, 1250, 1251, 1252, 1253, 1254, 1255, 1256, 1257, 1258, 1259, 1260, 1261, 1262, 1263, 1264, 1265, 1266, 1267]

2026-03-08 21:09:32,507 - INFO - 当前用时 0.00 秒
2026-03-08 21:09:32,507 - INFO - 将种子集 写入位置: /home/wen/work/coup_spread/network.netYeast/2026-3-7/seeds-with-network.netYeast/random_alpha_sort_seedNum-100_SSRNum-50000.txt
2026-03-08 21:09:32,507 - INFO - 首次生成种子集 ris_optimized
2026-03-08 21:09:32,507 - INFO - 执行当前算法开始: ris_optimized
2026-03-08 21:09:32,533 - INFO - 图初始化完成，节点数: 1458，当前模式: 优化采样
2026-03-08 21:09:32,533 - INFO - 开始生成 50000 组多重RR-Set...
2026-03-08 21:09:41,814 - INFO - 生成完毕。耗时: 9.28 秒。
2026-03-08 21:09:41,817 - INFO - 开始基于多重RR集贪心选择最优种子...
2026-03-08 21:09:43,861 - INFO - 选种完毕。耗时: 2.04 秒。估算范围: 92.61
2026-03-08 21:09:44,279 - INFO - 当前用时 11.77 秒
2026-03-08 21:09:44,279 - INFO - 将种子集 写入位置: /home/wen/work/coup_spread/network.netYeast/2026-3-7/seeds-with-network.netYeast/random_ris_optimized_seedNum-100_SSRNum-50000.txt
2026-03-08 21:09:44,280 - INFO - 评估种子集: None
2026-03-08 21:09:44,280 - INFO - 多进程评估开始，共有 5 个方法待评估...
2026-03-08 21:09:44,280 - INFO - 启动进程池，Worker数量: 5
2026-03-08 21:09:44,430 - INFO - [Process 3590487] 开始评估方法: random, 种子数: 100
2026-03-08 21:09:44,490 - INFO - [Process 3590488] 开始评估方法: degreeTopM, 种子数: 100
2026-03-08 21:09:44,549 - INFO - [Process 3590489] 开始评估方法: pageRank, 种子数: 100
2026-03-08 21:09:44,605 - INFO - [Process 3590490] 开始评估方法: alpha_sort, 种子数: 100
2026-03-08 21:09:44,663 - INFO - [Process 3590491] 开始评估方法: ris_optimized, 种子数: 100
2026-03-08 21:09:45,445 - INFO - [alpha_sort - 种子:100] 拉新:41.6人 | 总销量:42.7单 | 品牌曝光:156.8次 | 🌟综合得分:57.8
2026-03-08 21:09:48,143 - INFO - [random - 种子:100] 拉新:74.1人 | 总销量:77.7单 | 品牌曝光:385.2次 | 🌟综合得分:114.4
2026-03-08 21:09:48,602 - INFO - [pageRank - 种子:100] 拉新:75.5人 | 总销量:80.3单 | 品牌曝光:398.7次 | 🌟综合得分:117.8
2026-03-08 21:09:48,681 - INFO - [degreeTopM - 种子:100] 拉新:76.4人 | 总销量:82.3单 | 品牌曝光:408.9次 | 🌟综合得分:120.2
2026-03-08 21:09:49,123 - INFO - [ris_optimized - 种子:100] 拉新:82.6人 | 总销量:87.0单 | 品牌曝光:429.9次 | 🌟综合得分:127.8
2026-03-08 21:09:49,151 - INFO - 所有进程执行完毕，开始写入数据...
2026-03-08 21:09:49,160 - INFO - 成功写入 5 条记录至 /home/wen/work/coup_spread/gzc-impl/results/network.netYeast/2026-3-7/random_SSRNum-50000-_seedNum-100_simuTimes-500.csv
2026-03-08 21:09:49,161 - INFO - 保存评估文件至: /home/wen/work/coup_spread/gzc-impl/results/network.netYeast/2026-3-7/random_SSRNum-50000-_seedNum-100_simuTimes-500.csv
