2026-01-05 13:59:18,287 - INFO - 加载数据集: facebook
2026-01-05 13:59:18,289 - INFO - --- 矩阵分析 ---
2026-01-05 13:59:18,289 - INFO - 节点数 (N): 4039
2026-01-05 13:59:18,289 - INFO - 边数 (E): 176468
2026-01-05 13:59:18,289 - INFO - 密度 (Density): 0.01081728 (越小越稀疏)
2026-01-05 13:59:18,289 - INFO - 稀疏度 (Sparsity): 0.98918272 (越接近1越稀疏)
2026-01-05 13:59:18,289 - INFO - 平均度数 (Avg Degree): 43.69
2026-01-05 13:59:18,291 - INFO - 首次生成度相关概率分布 分布类型: 'random'.
2026-01-05 13:59:18,291 - INFO - ===> Generating 'Dirichlet' distributions with alpha=[500, 500, 500]...
2026-01-05 13:59:18,293 - INFO - 保存概率分布 文件位置: /root/pythonspace/data-test/facebook/2026-1-5-random_dirichlet=[500,500,500]/distribution-in-facebook/distribution-random_seedNum-80.pkl
2026-01-05 13:59:18,339 - INFO - 首次生成种子集 random
2026-01-05 13:59:18,339 - INFO - 执行当前算法开始: random
2026-01-05 13:59:18,340 - INFO - 数据集节点总数:  n = 4039, m = 80
2026-01-05 13:59:18,340 - INFO - 选择 80  [3775, 3430, 149, 2067, 1578, 1705, 1724, 571, 3936, 2220, 1610, 3492, 141, 1924, 3650, 3450, 281, 3595, 1252, 765, 2954, 3955, 3377, 923, 2766, 1606, 1220, 1239, 2439, 2537, 2896, 3270, 3037, 3062, 1262, 1014, 471, 3772, 1808, 3726, 2307, 3699, 2206, 3173, 3389, 367, 125, 1521, 3407, 3540, 2132, 2928, 139, 3826, 3845, 992, 2751, 3996, 2644, 1665, 3871, 460, 3564, 1833, 1130, 1115, 269, 2101, 3431, 3085, 2036, 3527, 1361, 198, 3086, 2386, 662, 3618, 2212, 2164]

2026-01-05 13:59:18,340 - INFO - 当前用时 0.00 秒
2026-01-05 13:59:18,340 - INFO - 将种子集 写入位置: /root/pythonspace/data-test/facebook/2026-1-5-random_dirichlet=[500,500,500]/seeds-with-facebook/random_random_seedNum-80_SSRNum-80000.txt
2026-01-05 13:59:18,340 - INFO - 首次生成种子集 degreeTopM
2026-01-05 13:59:18,340 - INFO - 执行当前算法开始: degreeTopM
2026-01-05 13:59:18,340 - INFO - 依据: 选择连接数（度数）最多的节点。
2026-01-05 13:59:18,342 - INFO - 选择的 Top M 节点及其度数:
2026-01-05 13:59:18,342 - INFO - 
2026-01-05 13:59:18,342 - INFO - 当前用时 0.00 秒
2026-01-05 13:59:18,342 - INFO - 将种子集 写入位置: /root/pythonspace/data-test/facebook/2026-1-5-random_dirichlet=[500,500,500]/seeds-with-facebook/random_degreeTopM_seedNum-80_SSRNum-80000.txt
2026-01-05 13:59:18,342 - INFO - 首次生成种子集 pageRank
2026-01-05 13:59:18,342 - INFO - 执行当前算法开始: pageRank
2026-01-05 13:59:18,342 - INFO - --- Running: PageRank (on tranProMatrix) Top M ---
2026-01-05 13:59:19,245 - INFO - Selected PageRank seeds: [1821, 107, 351, 0, 352, 348, 1831, 1827, 349, 1843, 366, 2088, 362, 2130, 56, 25, 1973, 322, 365, 350, 67, 3626, 3226, 1858, 271, 371, 403, 119, 3581, 3946, 277, 1373, 1285, 3634, 21, 26, 1850, 1490, 2508, 252, 1573, 838, 2188, 378, 1149, 2806, 3559, 1215, 122, 572, 917, 1268, 1950, 2902, 1538, 1864, 368, 1070, 136, 2427, 2055, 2154, 2305, 2832, 239, 2622, 2315, 367, 2403, 1253, 359, 685, 2797, 315, 203, 9, 360, 571, 2053, 958]
2026-01-05 13:59:19,267 - INFO - 当前用时 0.93 秒
2026-01-05 13:59:19,268 - INFO - 将种子集 写入位置: /root/pythonspace/data-test/facebook/2026-1-5-random_dirichlet=[500,500,500]/seeds-with-facebook/random_pageRank_seedNum-80_SSRNum-80000.txt
2026-01-05 13:59:19,268 - INFO - 首次生成种子集 alpha_sort
2026-01-05 13:59:19,268 - INFO - 执行当前算法开始: alpha_sort
2026-01-05 13:59:19,270 - INFO - 4039 个节点的alpha值降序排序 done
2026-01-05 13:59:19,270 - INFO - ==============>> [(1410, 0.3761254), (2958, 0.372172), (743, 0.3709776), (1477, 0.3708363), (1631, 0.3707878), (458, 0.370513), (2278, 0.3705021), (664, 0.3697865), (3018, 0.3697629), (732, 0.3687924)]
2026-01-05 13:59:19,270 - INFO - 
选择的种子集 (按alpha排序): [1410, 2958, 743, 1477, 1631, 458, 2278, 664, 3018, 732, 1164, 2388, 3904, 633, 1290, 3996, 1784, 2274, 2586, 2904, 2415, 3917, 3467, 3510, 4031, 3877, 1696, 702, 2617, 1809, 3191, 1168, 2327, 1536, 529, 541, 2741, 513, 897, 3999, 3352, 1223, 3598, 3247, 1542, 1411, 1659, 3309, 2343, 2708, 1870, 1878, 3158, 81, 1211, 3224, 2177, 1193, 2414, 490, 1940, 745, 2328, 2450, 2264, 1155, 1642, 2194, 1519, 2140, 3889, 3021, 78, 2722, 994, 2842, 217, 3741, 3799, 1060]

2026-01-05 13:59:19,270 - INFO - 当前用时 0.00 秒
2026-01-05 13:59:19,270 - INFO - 将种子集 写入位置: /root/pythonspace/data-test/facebook/2026-1-5-random_dirichlet=[500,500,500]/seeds-with-facebook/random_alpha_sort_seedNum-80_SSRNum-80000.txt
2026-01-05 13:59:19,270 - INFO - 首次生成种子集 importance_sort
2026-01-05 13:59:19,270 - INFO - 执行当前算法开始: importance_sort
2026-01-05 13:59:21,337 - INFO - 4039 个节点的Importance值降序排序 done
2026-01-05 13:59:21,337 - INFO - 
选择的种子集 (按Importance排序): [81, 78, 217, 3, 105, 126, 39, 28, 141, 175, 71, 315, 250, 29, 326, 170, 58, 38, 334, 233, 330, 53, 287, 198, 43, 345, 243, 281, 177, 182, 212, 137, 219, 343, 289, 73, 296, 245, 196, 185, 96, 237, 51, 119, 231, 112, 21, 13, 336, 239, 2, 210, 265, 297, 229, 25, 85, 299, 221, 8, 172, 184, 15, 34, 267, 128, 205, 235, 215, 30, 37, 142, 264, 313, 148, 54, 50, 133, 248, 33]

2026-01-05 13:59:21,337 - INFO - 当前用时 2.07 秒
2026-01-05 13:59:21,338 - INFO - 将种子集 写入位置: /root/pythonspace/data-test/facebook/2026-1-5-random_dirichlet=[500,500,500]/seeds-with-facebook/random_importance_sort_seedNum-80_SSRNum-80000.txt
2026-01-05 13:59:21,338 - INFO - 首次生成种子集 ris_coverage
2026-01-05 13:59:21,338 - INFO - 执行当前算法开始: ris_coverage
2026-01-05 13:59:21,535 - INFO - 图初始化完成，节点数: 4039，CSR 矩阵准备就绪。
2026-01-05 13:59:21,535 - INFO - 
开始生成 80000 组 SSR (并行进程: 8)...
2026-01-05 13:59:49,014 - INFO - 生成完毕。耗时: 27.48 秒。
2026-01-05 13:59:49,015 - INFO - 
开始选择最优种子 (Optimized Greedy) ...
2026-01-05 14:00:06,448 - INFO -   - 券 1/80 选中节点 1267, 新增覆盖 96
2026-01-05 14:00:06,466 - INFO -   - 券 2/80 选中节点 1080, 新增覆盖 100
2026-01-05 14:00:06,483 - INFO -   - 券 3/80 选中节点 562, 新增覆盖 99
2026-01-05 14:00:06,501 - INFO -   - 券 4/80 选中节点 554, 新增覆盖 94
2026-01-05 14:00:06,520 - INFO -   - 券 5/80 选中节点 970, 新增覆盖 95
2026-01-05 14:00:06,541 - INFO -   - 券 6/80 选中节点 3251, 新增覆盖 90
2026-01-05 14:00:06,564 - INFO -   - 券 7/80 选中节点 1209, 新增覆盖 94
2026-01-05 14:00:06,589 - INFO -   - 券 8/80 选中节点 1303, 新增覆盖 92
2026-01-05 14:00:06,615 - INFO -   - 券 9/80 选中节点 1435, 新增覆盖 101
2026-01-05 14:00:06,642 - INFO -   - 券 10/80 选中节点 2335, 新增覆盖 90
2026-01-05 14:00:06,670 - INFO -   - 券 11/80 选中节点 1059, 新增覆盖 87
2026-01-05 14:00:06,701 - INFO -   - 券 12/80 选中节点 650, 新增覆盖 94
2026-01-05 14:00:06,737 - INFO -   - 券 13/80 选中节点 3282, 新增覆盖 101
2026-01-05 14:00:06,769 - INFO -   - 券 14/80 选中节点 1480, 新增覆盖 94
2026-01-05 14:00:06,803 - INFO -   - 券 15/80 选中节点 2713, 新增覆盖 93
2026-01-05 14:00:06,838 - INFO -   - 券 16/80 选中节点 3085, 新增覆盖 91
2026-01-05 14:00:06,874 - INFO -   - 券 17/80 选中节点 725, 新增覆盖 87
2026-01-05 14:00:06,909 - INFO -   - 券 18/80 选中节点 2126, 新增覆盖 87
2026-01-05 14:00:06,946 - INFO -   - 券 19/80 选中节点 2201, 新增覆盖 91
2026-01-05 14:00:06,983 - INFO -   - 券 20/80 选中节点 3281, 新增覆盖 89
2026-01-05 14:00:07,022 - INFO -   - 券 21/80 选中节点 1494, 新增覆盖 92
2026-01-05 14:00:07,062 - INFO -   - 券 22/80 选中节点 977, 新增覆盖 85
2026-01-05 14:00:07,104 - INFO -   - 券 23/80 选中节点 3097, 新增覆盖 88
2026-01-05 14:00:07,144 - INFO -   - 券 24/80 选中节点 598, 新增覆盖 87
2026-01-05 14:00:07,191 - INFO -   - 券 25/80 选中节点 3349, 新增覆盖 95
2026-01-05 14:00:07,235 - INFO -   - 券 26/80 选中节点 1382, 新增覆盖 88
2026-01-05 14:00:07,281 - INFO -   - 券 27/80 选中节点 1049, 新增覆盖 91
2026-01-05 14:00:07,325 - INFO -   - 券 28/80 选中节点 3377, 新增覆盖 88
2026-01-05 14:00:07,373 - INFO -   - 券 29/80 选中节点 2794, 新增覆盖 90
2026-01-05 14:00:07,422 - INFO -   - 券 30/80 选中节点 1486, 新增覆盖 89
2026-01-05 14:00:07,476 - INFO -   - 券 31/80 选中节点 891, 新增覆盖 87
2026-01-05 14:00:07,527 - INFO -   - 券 32/80 选中节点 609, 新增覆盖 86
2026-01-05 14:00:07,578 - INFO -   - 券 33/80 选中节点 136, 新增覆盖 88
2026-01-05 14:00:07,634 - INFO -   - 券 34/80 选中节点 802, 新增覆盖 84
2026-01-05 14:00:07,689 - INFO -   - 券 35/80 选中节点 1175, 新增覆盖 84
2026-01-05 14:00:07,742 - INFO -   - 券 36/80 选中节点 2400, 新增覆盖 87
2026-01-05 14:00:07,798 - INFO -   - 券 37/80 选中节点 2703, 新增覆盖 85
2026-01-05 14:00:07,852 - INFO -   - 券 38/80 选中节点 3170, 新增覆盖 84
2026-01-05 14:00:07,916 - INFO -   - 券 39/80 选中节点 1451, 新增覆盖 82
2026-01-05 14:00:07,981 - INFO -   - 券 40/80 选中节点 603, 新增覆盖 81
2026-01-05 14:00:08,045 - INFO -   - 券 41/80 选中节点 3337, 新增覆盖 85
2026-01-05 14:00:08,113 - INFO -   - 券 42/80 选中节点 1165, 新增覆盖 84
2026-01-05 14:00:08,178 - INFO -   - 券 43/80 选中节点 3130, 新增覆盖 85
2026-01-05 14:00:08,243 - INFO -   - 券 44/80 选中节点 1313, 新增覆盖 86
2026-01-05 14:00:08,308 - INFO -   - 券 45/80 选中节点 443, 新增覆盖 84
2026-01-05 14:00:08,378 - INFO -   - 券 46/80 选中节点 422, 新增覆盖 86
2026-01-05 14:00:08,449 - INFO -   - 券 47/80 选中节点 2432, 新增覆盖 85
2026-01-05 14:00:08,522 - INFO -   - 券 48/80 选中节点 861, 新增覆盖 83
2026-01-05 14:00:08,594 - INFO -   - 券 49/80 选中节点 2113, 新增覆盖 86
2026-01-05 14:00:08,672 - INFO -   - 券 50/80 选中节点 1108, 新增覆盖 85
2026-01-05 14:00:08,751 - INFO -   - 券 51/80 选中节点 898, 新增覆盖 87
2026-01-05 14:00:08,830 - INFO -   - 券 52/80 选中节点 1468, 新增覆盖 81
2026-01-05 14:00:08,917 - INFO -   - 券 53/80 选中节点 2356, 新增覆盖 87
2026-01-05 14:00:08,996 - INFO -   - 券 54/80 选中节点 2196, 新增覆盖 86
2026-01-05 14:00:09,078 - INFO -   - 券 55/80 选中节点 2646, 新增覆盖 84
2026-01-05 14:00:09,159 - INFO -   - 券 56/80 选中节点 2328, 新增覆盖 86
2026-01-05 14:00:09,239 - INFO -   - 券 57/80 选中节点 476, 新增覆盖 77
2026-01-05 14:00:09,321 - INFO -   - 券 58/80 选中节点 2868, 新增覆盖 80
2026-01-05 14:00:09,402 - INFO -   - 券 59/80 选中节点 3086, 新增覆盖 81
2026-01-05 14:00:09,482 - INFO -   - 券 60/80 选中节点 2476, 新增覆盖 82
2026-01-05 14:00:09,565 - INFO -   - 券 61/80 选中节点 1141, 新增覆盖 80
2026-01-05 14:00:09,654 - INFO -   - 券 62/80 选中节点 883, 新增覆盖 86
2026-01-05 14:00:09,739 - INFO -   - 券 63/80 选中节点 1286, 新增覆盖 79
2026-01-05 14:00:09,828 - INFO -   - 券 64/80 选中节点 727, 新增覆盖 85
2026-01-05 14:00:09,925 - INFO -   - 券 65/80 选中节点 2809, 新增覆盖 77
2026-01-05 14:00:10,016 - INFO -   - 券 66/80 选中节点 2136, 新增覆盖 82
2026-01-05 14:00:10,115 - INFO -   - 券 67/80 选中节点 3401, 新增覆盖 77
2026-01-05 14:00:10,212 - INFO -   - 券 68/80 选中节点 2739, 新增覆盖 86
2026-01-05 14:00:10,310 - INFO -   - 券 69/80 选中节点 2193, 新增覆盖 87
2026-01-05 14:00:10,404 - INFO -   - 券 70/80 选中节点 2206, 新增覆盖 78
2026-01-05 14:00:10,497 - INFO -   - 券 71/80 选中节点 2195, 新增覆盖 84
2026-01-05 14:00:10,590 - INFO -   - 券 72/80 选中节点 1699, 新增覆盖 80
2026-01-05 14:00:10,696 - INFO -   - 券 73/80 选中节点 1645, 新增覆盖 86
2026-01-05 14:00:10,794 - INFO -   - 券 74/80 选中节点 669, 新增覆盖 79
2026-01-05 14:00:10,904 - INFO -   - 券 75/80 选中节点 2417, 新增覆盖 75
2026-01-05 14:00:11,008 - INFO -   - 券 76/80 选中节点 1602, 新增覆盖 79
2026-01-05 14:00:11,117 - INFO -   - 券 77/80 选中节点 3043, 新增覆盖 75
2026-01-05 14:00:11,229 - INFO -   - 券 78/80 选中节点 1010, 新增覆盖 80
2026-01-05 14:00:11,343 - INFO -   - 券 79/80 选中节点 2881, 新增覆盖 81
2026-01-05 14:00:11,449 - INFO -   - 券 80/80 选中节点 2470, 新增覆盖 84
2026-01-05 14:00:11,449 - INFO - 选种完毕。耗时: 22.43 秒。
2026-01-05 14:00:11,915 - INFO - 最终选择的种子集: [1267, 1080, 562, 554, 970, 3251, 1209, 1303, 1435, 2335, 1059, 650, 3282, 1480, 2713, 3085, 725, 2126, 2201, 3281, 1494, 977, 3097, 598, 3349, 1382, 1049, 3377, 2794, 1486, 891, 609, 136, 802, 1175, 2400, 2703, 3170, 1451, 603, 3337, 1165, 3130, 1313, 443, 422, 2432, 861, 2113, 1108, 898, 1468, 2356, 2196, 2646, 2328, 476, 2868, 3086, 2476, 1141, 883, 1286, 727, 2809, 2136, 3401, 2739, 2193, 2206, 2195, 1699, 1645, 669, 2417, 1602, 3043, 1010, 2881, 2470]

2026-01-05 14:00:13,278 - INFO - 当前用时 51.94 秒
2026-01-05 14:00:13,279 - INFO - 将种子集 写入位置: /root/pythonspace/data-test/facebook/2026-1-5-random_dirichlet=[500,500,500]/seeds-with-facebook/random_ris_coverage_seedNum-80_SSRNum-80000.txt
2026-01-05 14:00:13,279 - INFO - 首次生成种子集 monterCarlo_CELF
2026-01-05 14:00:13,279 - INFO - 执行当前算法开始: monterCarlo_CELF
2026-01-05 14:00:13,279 - INFO - --- Running: CELF Greedy Monte Carlo (Sims=300) ---
2026-01-05 14:00:13,279 - INFO - Step 0: 初始化所有节点的边际增益...
2026-01-05 14:00:53,092 - INFO - Seed 1: 2183, Spread: 0.60
2026-01-05 14:00:55,007 - INFO - Seed 2: 3038, Gain: 0.57, Total: 1.17
2026-01-05 14:01:03,957 - INFO - Seed 3: 732, Gain: 0.54, Total: 1.70
2026-01-05 14:01:25,067 - INFO - Seed 4: 1328, Gain: 0.52, Total: 2.22
2026-01-05 14:01:43,974 - INFO - Seed 5: 452, Gain: 0.54, Total: 2.77
2026-01-05 14:01:54,210 - INFO - Seed 6: 2342, Gain: 0.53, Total: 3.29
2026-01-05 14:02:27,502 - INFO - Seed 7: 1625, Gain: 0.49, Total: 3.79
2026-01-05 14:02:54,726 - INFO - Seed 8: 1966, Gain: 0.48, Total: 4.27
2026-01-05 14:02:55,955 - INFO - Seed 9: 552, Gain: 0.52, Total: 4.79
2026-01-05 14:03:02,605 - INFO - Seed 10: 3134, Gain: 0.50, Total: 5.29
2026-01-05 14:03:10,594 - INFO - Seed 11: 1865, Gain: 0.48, Total: 5.77
2026-01-05 14:03:11,207 - INFO - Seed 12: 2066, Gain: 0.54, Total: 6.32
2026-01-05 14:03:11,677 - INFO - Seed 13: 2113, Gain: 0.48, Total: 6.80
2026-01-05 14:03:13,848 - INFO - Seed 14: 2887, Gain: 0.54, Total: 7.34
2026-01-05 14:03:19,657 - INFO - Seed 15: 501, Gain: 0.56, Total: 7.90
2026-01-05 14:03:35,515 - INFO - Seed 16: 529, Gain: 0.52, Total: 8.42
2026-01-05 14:03:57,560 - INFO - Seed 17: 3069, Gain: 0.53, Total: 8.95
2026-01-05 14:04:21,994 - INFO - Seed 18: 2494, Gain: 0.48, Total: 9.43
2026-01-05 14:04:54,296 - INFO - Seed 19: 2019, Gain: 0.45, Total: 9.88
2026-01-05 14:05:01,156 - INFO - Seed 20: 3924, Gain: 0.57, Total: 10.45
2026-01-05 14:05:16,490 - INFO - Seed 21: 2224, Gain: 0.46, Total: 10.91
2026-01-05 14:05:27,558 - INFO - Seed 22: 163, Gain: 0.48, Total: 11.39
2026-01-05 14:05:32,027 - INFO - Seed 23: 290, Gain: 0.45, Total: 11.84
2026-01-05 14:05:40,611 - INFO - Seed 24: 2372, Gain: 0.56, Total: 12.40
2026-01-05 14:05:53,085 - INFO - Seed 25: 2461, Gain: 0.45, Total: 12.86
2026-01-05 14:05:54,200 - INFO - Seed 26: 1050, Gain: 0.43, Total: 13.28
2026-01-05 14:05:55,375 - INFO - Seed 27: 1390, Gain: 0.42, Total: 13.70
2026-01-05 14:05:55,583 - INFO - Seed 28: 385, Gain: 0.59, Total: 14.30
2026-01-05 14:05:59,553 - INFO - Seed 29: 2660, Gain: 0.54, Total: 14.83
2026-01-05 14:06:03,850 - INFO - Seed 30: 2804, Gain: 0.52, Total: 15.35
2026-01-05 14:06:04,302 - INFO - Seed 31: 2264, Gain: 0.42, Total: 15.77
2026-01-05 14:06:05,937 - INFO - Seed 32: 2356, Gain: 0.62, Total: 16.38
2026-01-05 14:06:12,331 - INFO - Seed 33: 20, Gain: 0.44, Total: 16.82
2026-01-05 14:06:15,253 - INFO - Seed 34: 3075, Gain: 0.54, Total: 17.36
2026-01-05 14:06:19,563 - INFO - Seed 35: 2166, Gain: 0.48, Total: 17.84
2026-01-05 14:06:21,647 - INFO - Seed 36: 1112, Gain: 0.42, Total: 18.25
2026-01-05 14:06:24,828 - INFO - Seed 37: 2388, Gain: 0.58, Total: 18.83
2026-01-05 14:06:25,448 - INFO - Seed 38: 1052, Gain: 0.43, Total: 19.27
2026-01-05 14:06:26,286 - INFO - Seed 39: 745, Gain: 0.46, Total: 19.73
2026-01-05 14:06:26,567 - INFO - Seed 40: 78, Gain: 0.66, Total: 20.39
2026-01-05 14:06:31,288 - INFO - Seed 41: 1011, Gain: 0.45, Total: 20.85
2026-01-05 14:06:33,120 - INFO - Seed 42: 2701, Gain: 0.44, Total: 21.29
2026-01-05 14:06:34,035 - INFO - Seed 43: 340, Gain: 0.59, Total: 21.88
2026-01-05 14:06:38,376 - INFO - Seed 44: 3889, Gain: 0.60, Total: 22.49
2026-01-05 14:06:39,018 - INFO - Seed 45: 3105, Gain: 0.56, Total: 23.05
2026-01-05 14:06:42,903 - INFO - Seed 46: 1849, Gain: 0.49, Total: 23.53
2026-01-05 14:06:47,522 - INFO - Seed 47: 3629, Gain: 0.45, Total: 23.98
2026-01-05 14:06:50,192 - INFO - Seed 48: 785, Gain: 0.73, Total: 24.71
2026-01-05 14:07:03,092 - INFO - Seed 49: 318, Gain: 0.43, Total: 25.14
2026-01-05 14:07:06,963 - INFO - Seed 50: 1262, Gain: 0.45, Total: 25.58
2026-01-05 14:07:14,964 - INFO - Seed 51: 1105, Gain: 0.61, Total: 26.20
2026-01-05 14:08:13,060 - INFO - Seed 52: 616, Gain: 0.41, Total: 26.60
2026-01-05 14:08:40,589 - INFO - Seed 53: 2340, Gain: 0.53, Total: 27.14
2026-01-05 14:09:06,015 - INFO - Seed 54: 2285, Gain: 0.48, Total: 27.62
2026-01-05 14:09:20,950 - INFO - Seed 55: 2072, Gain: 0.58, Total: 28.20
2026-01-05 14:09:38,671 - INFO - Seed 56: 3314, Gain: 0.37, Total: 28.57
2026-01-05 14:09:43,931 - INFO - Seed 57: 3190, Gain: 0.41, Total: 28.98
2026-01-05 14:09:45,582 - INFO - Seed 58: 355, Gain: 0.50, Total: 29.48
2026-01-05 14:09:45,995 - INFO - Seed 59: 2715, Gain: 0.51, Total: 29.99
2026-01-05 14:09:50,258 - INFO - Seed 60: 487, Gain: 0.41, Total: 30.40
2026-01-05 14:09:54,160 - INFO - Seed 61: 677, Gain: 0.42, Total: 30.81
2026-01-05 14:09:54,593 - INFO - Seed 62: 101, Gain: 0.60, Total: 31.41
2026-01-05 14:09:55,939 - INFO - Seed 63: 1922, Gain: 0.44, Total: 31.85
2026-01-05 14:09:56,834 - INFO - Seed 64: 569, Gain: 0.44, Total: 32.28
2026-01-05 14:09:58,219 - INFO - Seed 65: 807, Gain: 0.68, Total: 32.96
2026-01-05 14:09:59,611 - INFO - Seed 66: 325, Gain: 0.68, Total: 33.64
2026-01-05 14:10:09,581 - INFO - Seed 67: 1597, Gain: 0.56, Total: 34.21
2026-01-05 14:10:50,046 - INFO - Seed 68: 1546, Gain: 0.37, Total: 34.57
2026-01-05 14:11:02,135 - INFO - Seed 69: 714, Gain: 0.50, Total: 35.07
2026-01-05 14:11:07,077 - INFO - Seed 70: 2322, Gain: 0.49, Total: 35.56
2026-01-05 14:11:08,074 - INFO - Seed 71: 1093, Gain: 0.36, Total: 35.91
2026-01-05 14:11:10,121 - INFO - Seed 72: 544, Gain: 0.53, Total: 36.44
2026-01-05 14:11:11,662 - INFO - Seed 73: 3317, Gain: 0.39, Total: 36.83
2026-01-05 14:11:13,204 - INFO - Seed 74: 2232, Gain: 0.61, Total: 37.44
2026-01-05 14:11:15,315 - INFO - Seed 75: 2641, Gain: 0.36, Total: 37.80
2026-01-05 14:11:15,850 - INFO - Seed 76: 204, Gain: 0.49, Total: 38.28
2026-01-05 14:11:19,675 - INFO - Seed 77: 930, Gain: 0.36, Total: 38.65
2026-01-05 14:11:20,219 - INFO - Seed 78: 538, Gain: 0.47, Total: 39.12
2026-01-05 14:11:20,774 - INFO - Seed 79: 2813, Gain: 0.70, Total: 39.81
2026-01-05 14:11:22,490 - INFO - Seed 80: 3555, Gain: 0.62, Total: 40.43
2026-01-05 14:11:22,490 - INFO - CELF 完成，总耗时: 669.21s
2026-01-05 14:11:22,491 - INFO - 当前用时 669.21 秒
2026-01-05 14:11:22,491 - INFO - 将种子集 写入位置: /root/pythonspace/data-test/facebook/2026-1-5-random_dirichlet=[500,500,500]/seeds-with-facebook/random_monterCarlo_CELF_seedNum-80_SSRNum-80000.txt
2026-01-05 14:11:22,491 - INFO - 评估种子集: None
2026-01-05 14:11:22,492 - INFO - 多进程评估开始，共有 7 个方法待评估...
2026-01-05 14:11:22,492 - INFO - 启动进程池，Worker数量: 7
2026-01-05 14:11:23,106 - INFO - [Process 3688] 开始评估方法: random, 种子数: 80
2026-01-05 14:11:23,520 - INFO - [Process 3689] 开始评估方法: degreeTopM, 种子数: 80
2026-01-05 14:11:23,933 - INFO - [Process 3690] 开始评估方法: pageRank, 种子数: 80
2026-01-05 14:11:24,177 - INFO - [Process 3688] random - 500 sims 完成: E=39.58
2026-01-05 14:11:24,360 - INFO - [Process 3691] 开始评估方法: alpha_sort, 种子数: 80
2026-01-05 14:11:24,667 - INFO - [Process 3689] degreeTopM - 500 sims 完成: E=38.53
2026-01-05 14:11:24,735 - INFO - [Process 3692] 开始评估方法: importance_sort, 种子数: 80
2026-01-05 14:11:25,032 - INFO - [Process 3690] pageRank - 500 sims 完成: E=38.96
2026-01-05 14:11:25,175 - INFO - [Process 3693] 开始评估方法: ris_coverage, 种子数: 80
2026-01-05 14:11:25,385 - INFO - [Process 3691] alpha_sort - 500 sims 完成: E=41.37
2026-01-05 14:11:25,568 - INFO - [Process 3692] importance_sort - 500 sims 完成: E=38.42
2026-01-05 14:11:25,580 - INFO - [Process 3694] 开始评估方法: monterCarlo_CELF, 种子数: 80
2026-01-05 14:11:26,278 - INFO - [Process 3693] ris_coverage - 500 sims 完成: E=39.31
2026-01-05 14:11:26,637 - INFO - [Process 3694] monterCarlo_CELF - 500 sims 完成: E=39.55
2026-01-05 14:11:26,670 - INFO - 所有进程执行完毕，开始写入数据...
2026-01-05 14:11:26,676 - INFO - 成功写入 7 条记录至 /root/pythonspace/data-test/facebook/2026-1-5-random_dirichlet=[500,500,500]/E-activated-facebook/distribution-random/simuTimes-500_random-dirichlet-[500, 500, 500]_rrNumSamples-80000.csv
2026-01-05 14:11:26,677 - INFO - 保存评估文件至: /root/pythonspace/data-test/facebook/2026-1-5-random_dirichlet=[500,500,500]/E-activated-facebook/distribution-random/simuTimes-500_random-dirichlet-[500, 500, 500]_rrNumSamples-80000.csv
