2026-01-04 16:55:41,536 - INFO - 加载数据集: facebook
2026-01-04 16:55:41,538 - INFO - --- 矩阵分析 ---
2026-01-04 16:55:41,538 - INFO - 节点数 (N): 4039
2026-01-04 16:55:41,538 - INFO - 边数 (E): 176468
2026-01-04 16:55:41,538 - INFO - 密度 (Density): 0.01081728 (越小越稀疏)
2026-01-04 16:55:41,538 - INFO - 稀疏度 (Sparsity): 0.98918272 (越接近1越稀疏)
2026-01-04 16:55:41,538 - INFO - 平均度数 (Avg Degree): 43.69
2026-01-04 16:55:41,540 - INFO - 首次生成度相关概率分布 分布类型: 'random'.
2026-01-04 16:55:41,540 - INFO - ===> Generating 'Dirichlet' distributions with alpha=[5, 2, 8]...
2026-01-04 16:55:41,543 - INFO - 保存概率分布 文件位置: /root/pythonspace/data-test/facebook/2026-1-4-random_dirichlet=[5,2,8]/distribution-in-facebook/distribution-random_seedNum-328.pkl
2026-01-04 16:55:41,588 - INFO - 首次生成种子集 random
2026-01-04 16:55:41,588 - INFO - 执行当前算法开始: random
2026-01-04 16:55:41,588 - INFO - 数据集节点总数:  n = 4039, m = 328
2026-01-04 16:55:41,589 - INFO - 选择 328  [3181, 3742, 3175, 2517, 943, 668, 1912, 2979, 1277, 3612, 3308, 1960, 1227, 2970, 225, 405, 768, 143, 1170, 1576, 910, 1683, 1016, 2373, 830, 1082, 2875, 3747, 356, 2817, 2391, 2725, 1327, 3903, 137, 2924, 28, 871, 923, 3089, 135, 778, 2279, 1898, 1444, 2992, 3131, 253, 3886, 4036, 750, 1837, 2973, 2225, 2396, 695, 3151, 3557, 1766, 256, 854, 3355, 2976, 2240, 2912, 2251, 1100, 2213, 1098, 3958, 2916, 3385, 1591, 1899, 2671, 859, 633, 488, 3631, 2846, 2710, 3280, 1482, 2, 1903, 1705, 1943, 2842, 2378, 3405, 3629, 1593, 404, 1928, 1353, 1642, 3091, 1143, 3289, 2808, 151, 229, 3015, 3014, 1115, 2346, 3665, 474, 2570, 3588, 640, 3002, 198, 3917, 3663, 1025, 2569, 3402, 3216, 576, 2785, 745, 2745, 3113, 2812, 1302, 2681, 3363, 1567, 3782, 2204, 570, 1514, 2780, 974, 2586, 660, 213, 299, 2626, 3535, 381, 402, 3705, 939, 1210, 3654, 2386, 3050, 2793, 2775, 2480, 3760, 2764, 3360, 1254, 3298, 682, 3291, 3854, 933, 2851, 3192, 2754, 1643, 631, 3006, 2606, 1805, 3380, 2333, 1857, 2004, 3276, 1790, 601, 1665, 722, 3188, 1077, 1428, 971, 2564, 1995, 2339, 1884, 3085, 1650, 2870, 3900, 3522, 188, 3503, 1456, 3989, 584, 69, 1415, 1823, 1808, 1719, 1938, 2234, 3653, 2800, 3452, 773, 2484, 410, 575, 2752, 3387, 2054, 1950, 1603, 1802, 337, 209, 905, 3655, 3424, 846, 3168, 1262, 3383, 1450, 2177, 2074, 3349, 2368, 2565, 1672, 791, 3484, 2325, 1231, 3491, 336, 582, 3894, 857, 3831, 3762, 621, 3111, 979, 2964, 2900, 1667, 2300, 2598, 1094, 873, 3428, 171, 1355, 102, 3201, 712, 2043, 3620, 2493, 1316, 2876, 1529, 1257, 1090, 3326, 3618, 558, 2180, 2314, 698, 3473, 2305, 2627, 1354, 1783, 3916, 2400, 757, 2244, 2894, 885, 3187, 3676, 2491, 300, 946, 2930, 2331, 1477, 3073, 1907, 1648, 993, 392, 1398, 2082, 1676, 1099, 869, 53, 3141, 3681, 489, 1754, 367, 2173, 2063, 3241, 297, 2133, 1699, 3340, 1859, 3754, 1662, 1996, 1848, 3893, 2844, 2507, 2980, 61, 13, 2810, 211]

2026-01-04 16:55:41,589 - INFO - 当前用时 0.00 秒
2026-01-04 16:55:41,589 - INFO - 将种子集 写入位置: /root/pythonspace/data-test/facebook/2026-1-4-random_dirichlet=[5,2,8]/seeds-with-facebook/random_random_seedNum-328_SSRNum-80000.txt
2026-01-04 16:55:41,589 - INFO - 首次生成种子集 degreeTopM
2026-01-04 16:55:41,589 - INFO - 执行当前算法开始: degreeTopM
2026-01-04 16:55:41,589 - INFO - 依据: 选择连接数（度数）最多的节点。
2026-01-04 16:55:41,591 - INFO - 选择的 Top M 节点及其度数:
2026-01-04 16:55:41,591 - INFO - 
2026-01-04 16:55:41,591 - INFO - 当前用时 0.00 秒
2026-01-04 16:55:41,591 - INFO - 将种子集 写入位置: /root/pythonspace/data-test/facebook/2026-1-4-random_dirichlet=[5,2,8]/seeds-with-facebook/random_degreeTopM_seedNum-328_SSRNum-80000.txt
2026-01-04 16:55:41,592 - INFO - 首次生成种子集 pageRank
2026-01-04 16:55:41,592 - INFO - 执行当前算法开始: pageRank
2026-01-04 16:55:41,592 - INFO - --- Running: PageRank (on tranProMatrix) Top M ---
2026-01-04 16:55:42,618 - INFO - Selected PageRank seeds: [1821, 107, 351, 0, 352, 348, 1831, 1827, 349, 1843, 366, 2088, 362, 2130, 56, 25, 1973, 322, 365, 350, 67, 3626, 3226, 1858, 271, 371, 403, 119, 3581, 3946, 277, 1373, 1285, 3634, 21, 26, 1850, 1490, 2508, 252, 1573, 838, 2188, 378, 1149, 2806, 3559, 1215, 122, 572, 917, 1268, 1950, 2902, 1538, 1864, 368, 1070, 136, 2427, 2055, 2154, 2305, 2832, 239, 2622, 2315, 367, 2403, 1253, 359, 685, 2797, 315, 203, 9, 360, 571, 2053, 958, 2871, 200, 1892, 2087, 361, 1312, 1663, 2689, 382, 1431, 1466, 1890, 304, 1699, 763, 1075, 1457, 2933, 612, 2594, 2326, 1969, 1231, 2293, 2652, 3486, 1426, 1968, 3616, 4031, 2059, 863, 2042, 1651, 1975, 1443, 3851, 1320, 1289, 3926, 1648, 1022, 2296, 2978, 376, 876, 1839, 1107, 4024, 1842, 2630, 3808, 2362, 2925, 2126, 1098, 991, 2089, 370, 2243, 1318, 2001, 3545, 1063, 1045, 2096, 1203, 372, 2347, 1705, 1581, 1455, 373, 862, 2841, 1424, 556, 1707, 1199, 1557, 1192, 312, 1099, 188, 285, 1926, 2150, 3623, 2581, 2725, 170, 564, 3640, 1620, 2054, 2777, 885, 1108, 272, 957, 2685, 590, 1096, 98, 2103, 199, 2090, 40, 721, 3774, 877, 3703, 690, 1411, 2236, 1420, 2617, 1495, 2551, 697, 2501, 2152, 1428, 2578, 411, 1188, 280, 1037, 1710, 432, 1298, 2521, 1077, 2687, 3914, 2073, 1535, 2133, 332, 1656, 1869, 2050, 2146, 500, 853, 2756, 2440, 545, 945, 2041, 1324, 3697, 3098, 2355, 1588, 186, 1616, 41, 1561, 3938, 2107, 2618, 369, 1595, 2816, 1397, 2860, 1271, 1040, 1833, 844, 2713, 2047, 2068, 381, 2461, 2773, 2675, 2145, 2739, 3498, 2173, 1462, 142, 2570, 2869, 724, 2861, 3753, 1848, 1008, 1416, 1090, 1972, 1753, 2463, 670, 1539, 213, 1069, 1453, 831, 2111, 678, 1691, 824, 1674, 1441, 2668, 3838, 2398, 3975, 2537, 479, 1400, 172, 2602, 906, 1002, 2321, 3818, 2351, 3656, 3932, 2901, 1221, 3726, 2043, 3814, 671, 2995, 1043, 3972, 2892, 3843, 1998, 2836, 4000, 2571, 1657, 2513, 708, 2619, 1421, 1458, 632, 2251, 2852]
2026-01-04 16:55:42,643 - INFO - 当前用时 1.05 秒
2026-01-04 16:55:42,643 - INFO - 将种子集 写入位置: /root/pythonspace/data-test/facebook/2026-1-4-random_dirichlet=[5,2,8]/seeds-with-facebook/random_pageRank_seedNum-328_SSRNum-80000.txt
2026-01-04 16:55:42,643 - INFO - 首次生成种子集 alpha_sort
2026-01-04 16:55:42,643 - INFO - 执行当前算法开始: alpha_sort
2026-01-04 16:55:42,646 - INFO - 4039 个节点的alpha值降序排序 done
2026-01-04 16:55:42,646 - INFO - ==============>> [(3403, 0.7206706), (1404, 0.713318), (425, 0.7123897), (1211, 0.6974377), (1411, 0.6926022), (401, 0.6917449), (1769, 0.686151), (616, 0.6795784), (1504, 0.6770246), (1918, 0.6769277)]
2026-01-04 16:55:42,646 - INFO - 
选择的种子集 (按alpha排序): [3403, 1404, 425, 1211, 1411, 401, 1769, 616, 1504, 1918, 2918, 3426, 2644, 3229, 759, 1468, 2825, 1601, 2699, 2239, 18, 3810, 1883, 2710, 3295, 1421, 849, 975, 2971, 1908, 2144, 3963, 1976, 588, 3736, 421, 1171, 558, 2078, 1590, 1761, 3720, 216, 1511, 2184, 2873, 3751, 244, 3646, 3519, 357, 2180, 483, 3118, 1326, 1261, 2982, 2206, 986, 774, 2906, 1571, 633, 3508, 237, 1637, 53, 2417, 1275, 942, 3014, 3463, 673, 846, 1806, 917, 3142, 455, 166, 3958, 1479, 3873, 1162, 1011, 2203, 3582, 3104, 3324, 2802, 889, 145, 513, 3542, 914, 1690, 559, 557, 281, 2127, 1136, 1617, 3364, 1910, 1049, 121, 1160, 1874, 2658, 2956, 1762, 347, 2717, 2378, 2517, 2034, 1566, 1484, 1835, 3576, 3649, 928, 1172, 713, 3035, 663, 2293, 3931, 3299, 1722, 722, 1219, 944, 1543, 2296, 2846, 2716, 1826, 1023, 2014, 1187, 2471, 2289, 541, 469, 2733, 1736, 1803, 2087, 1518, 1880, 3395, 1152, 477, 3690, 2843, 900, 2999, 2438, 2420, 3257, 300, 1320, 909, 3349, 2816, 424, 5, 2554, 867, 3079, 2279, 448, 1885, 711, 1015, 1285, 1436, 1879, 2754, 2750, 1849, 1931, 85, 978, 1100, 3981, 3305, 2384, 552, 3702, 1531, 565, 1472, 919, 2597, 1274, 2129, 3170, 1646, 144, 3207, 3770, 2459, 2762, 2835, 1024, 462, 1998, 1238, 2131, 3910, 3684, 1196, 1539, 2615, 1973, 2841, 1999, 1738, 3266, 1550, 1135, 355, 2960, 2352, 200, 1387, 2525, 1425, 3482, 2883, 3438, 1529, 3278, 769, 2919, 680, 3735, 3322, 2103, 3201, 2539, 2416, 1426, 1557, 3361, 3525, 2055, 1851, 691, 2901, 3608, 3070, 441, 2820, 1701, 3309, 214, 3858, 2488, 2096, 1911, 681, 289, 3351, 3571, 2851, 1098, 2024, 27, 1583, 2684, 3153, 3056, 2264, 4007, 3593, 2742, 3371, 1951, 3746, 3814, 1866, 903, 294, 1741, 2337, 3148, 3862, 3120, 2784, 1576, 963, 1338, 3373, 1530, 1991, 3020, 3094, 3186, 3634, 3697, 817, 2210, 1273, 2019, 556, 3163, 2917, 2772, 2977, 4004, 3522, 2635, 2361, 672, 3865, 2603, 3938, 3763, 764, 3486, 2872, 353, 29, 1364, 2664, 1053]

2026-01-04 16:55:42,646 - INFO - 当前用时 0.00 秒
2026-01-04 16:55:42,646 - INFO - 将种子集 写入位置: /root/pythonspace/data-test/facebook/2026-1-4-random_dirichlet=[5,2,8]/seeds-with-facebook/random_alpha_sort_seedNum-328_SSRNum-80000.txt
2026-01-04 16:55:42,647 - INFO - 首次生成种子集 importance_sort
2026-01-04 16:55:42,647 - INFO - 执行当前算法开始: importance_sort
2026-01-04 16:55:45,261 - INFO - 4039 个节点的Importance值降序排序 done
2026-01-04 16:55:45,262 - INFO - 
选择的种子集 (按Importance排序): [18, 216, 244, 237, 53, 166, 145, 281, 121, 347, 300, 5, 85, 144, 200, 214, 289, 27, 294, 29, 22, 38, 111, 341, 271, 151, 83, 102, 208, 242, 110, 36, 172, 128, 314, 266, 228, 304, 241, 257, 339, 156, 80, 199, 319, 201, 334, 278, 56, 197, 306, 270, 343, 174, 84, 212, 7, 3, 310, 258, 17, 296, 176, 76, 181, 256, 124, 97, 217, 254, 213, 252, 90, 218, 178, 328, 308, 77, 26, 70, 87, 249, 149, 130, 9, 276, 248, 283, 63, 46, 96, 227, 284, 107, 274, 159, 89, 105, 301, 336, 3403, 14, 108, 123, 62, 45, 157, 171, 345, 115, 1404, 81, 425, 346, 205, 106, 221, 73, 164, 264, 61, 125, 92, 120, 262, 1211, 47, 117, 1411, 68, 401, 322, 64, 21, 78, 91, 234, 100, 1769, 101, 127, 140, 195, 616, 48, 1504, 1918, 146, 243, 2918, 139, 2, 297, 204, 263, 160, 3426, 173, 49, 2644, 3229, 209, 4, 113, 67, 235, 759, 286, 1468, 229, 134, 28, 2825, 59, 1601, 327, 150, 2699, 168, 129, 32, 163, 175, 206, 2239, 207, 318, 333, 114, 183, 93, 141, 3810, 226, 71, 1883, 225, 133, 273, 51, 191, 122, 2710, 104, 3295, 293, 309, 1421, 849, 162, 975, 2971, 323, 231, 268, 1908, 2144, 43, 94, 275, 138, 267, 279, 3963, 295, 1976, 588, 298, 132, 6, 44, 202, 3736, 421, 190, 1171, 558, 2078, 1590, 303, 1761, 3720, 155, 260, 86, 23, 196, 1511, 2184, 69, 2873, 116, 3751, 325, 165, 3646, 179, 109, 255, 3519, 41, 311, 233, 99, 357, 219, 2180, 483, 302, 3118, 1326, 1261, 2982, 203, 2206, 986, 774, 317, 57, 34, 2906, 135, 12, 1571, 633, 3508, 24, 1637, 180, 2417, 16, 1275, 942, 3014, 198, 3463, 673, 846, 1806, 11, 220, 272, 1, 917, 331, 3142, 66, 287, 40, 455, 3958, 75, 1479, 186, 251, 193, 3873, 1162, 313, 153, 1011, 2203, 239, 3582, 3104, 158, 3324, 2802]

2026-01-04 16:55:45,262 - INFO - 当前用时 2.62 秒
2026-01-04 16:55:45,262 - INFO - 将种子集 写入位置: /root/pythonspace/data-test/facebook/2026-1-4-random_dirichlet=[5,2,8]/seeds-with-facebook/random_importance_sort_seedNum-328_SSRNum-80000.txt
2026-01-04 16:55:45,263 - INFO - 首次生成种子集 ris_coverage
2026-01-04 16:55:45,263 - INFO - 执行当前算法开始: ris_coverage
2026-01-04 16:55:45,505 - INFO - 图初始化完成，节点数: 4039，CSR 矩阵准备就绪。
2026-01-04 16:55:45,505 - INFO - 
开始生成 80000 组 SSR (并行进程: 8)...
2026-01-04 16:57:44,542 - INFO - 生成完毕。耗时: 119.04 秒。
2026-01-04 16:57:44,543 - INFO - 
开始选择最优种子 (Optimized Greedy) ...
2026-01-04 16:58:55,216 - INFO -   - 券 1/328 选中节点 483, 新增覆盖 101
2026-01-04 16:58:55,233 - INFO -   - 券 2/328 选中节点 2073, 新增覆盖 91
2026-01-04 16:58:55,250 - INFO -   - 券 3/328 选中节点 817, 新增覆盖 95
2026-01-04 16:58:55,269 - INFO -   - 券 4/328 选中节点 1468, 新增覆盖 93
2026-01-04 16:58:55,288 - INFO -   - 券 5/328 选中节点 3337, 新增覆盖 92
2026-01-04 16:58:55,312 - INFO -   - 券 6/328 选中节点 3307, 新增覆盖 94
2026-01-04 16:58:55,339 - INFO -   - 券 7/328 选中节点 2977, 新增覆盖 98
2026-01-04 16:58:55,364 - INFO -   - 券 8/328 选中节点 514, 新增覆盖 98
2026-01-04 16:58:55,390 - INFO -   - 券 9/328 选中节点 2203, 新增覆盖 94
2026-01-04 16:58:55,416 - INFO -   - 券 10/328 选中节点 2230, 新增覆盖 97
2026-01-04 16:58:55,444 - INFO -   - 券 11/328 选中节点 494, 新增覆盖 94
2026-01-04 16:58:55,473 - INFO -   - 券 12/328 选中节点 1002, 新增覆盖 91
2026-01-04 16:58:55,503 - INFO -   - 券 13/328 选中节点 1438, 新增覆盖 92
2026-01-04 16:58:55,532 - INFO -   - 券 14/328 选中节点 2224, 新增覆盖 94
2026-01-04 16:58:55,561 - INFO -   - 券 15/328 选中节点 1320, 新增覆盖 103
2026-01-04 16:58:55,595 - INFO -   - 券 16/328 选中节点 1397, 新增覆盖 91
2026-01-04 16:58:55,630 - INFO -   - 券 17/328 选中节点 996, 新增覆盖 86
2026-01-04 16:58:55,666 - INFO -   - 券 18/328 选中节点 439, 新增覆盖 91
2026-01-04 16:58:55,702 - INFO -   - 券 19/328 选中节点 2411, 新增覆盖 88
2026-01-04 16:58:55,740 - INFO -   - 券 20/328 选中节点 2127, 新增覆盖 85
2026-01-04 16:58:55,779 - INFO -   - 券 21/328 选中节点 1270, 新增覆盖 93
2026-01-04 16:58:55,818 - INFO -   - 券 22/328 选中节点 974, 新增覆盖 95
2026-01-04 16:58:55,859 - INFO -   - 券 23/328 选中节点 3094, 新增覆盖 87
2026-01-04 16:58:55,905 - INFO -   - 券 24/328 选中节点 2769, 新增覆盖 93
2026-01-04 16:58:55,945 - INFO -   - 券 25/328 选中节点 1009, 新增覆盖 90
2026-01-04 16:58:55,987 - INFO -   - 券 26/328 选中节点 1504, 新增覆盖 88
2026-01-04 16:58:56,033 - INFO -   - 券 27/328 选中节点 2740, 新增覆盖 88
2026-01-04 16:58:56,082 - INFO -   - 券 28/328 选中节点 821, 新增覆盖 85
2026-01-04 16:58:56,136 - INFO -   - 券 29/328 选中节点 1386, 新增覆盖 92
2026-01-04 16:58:56,187 - INFO -   - 券 30/328 选中节点 3403, 新增覆盖 86
2026-01-04 16:58:56,240 - INFO -   - 券 31/328 选中节点 2644, 新增覆盖 92
2026-01-04 16:58:56,300 - INFO -   - 券 32/328 选中节点 3033, 新增覆盖 80
2026-01-04 16:58:56,357 - INFO -   - 券 33/328 选中节点 2918, 新增覆盖 81
2026-01-04 16:58:56,415 - INFO -   - 券 34/328 选中节点 2392, 新增覆盖 87
2026-01-04 16:58:56,476 - INFO -   - 券 35/328 选中节点 2999, 新增覆盖 86
2026-01-04 16:58:56,535 - INFO -   - 券 36/328 选中节点 1005, 新增覆盖 86
2026-01-04 16:58:56,596 - INFO -   - 券 37/328 选中节点 829, 新增覆盖 86
2026-01-04 16:58:56,660 - INFO -   - 券 38/328 选中节点 661, 新增覆盖 90
2026-01-04 16:58:56,728 - INFO -   - 券 39/328 选中节点 2239, 新增覆盖 85
2026-01-04 16:58:56,797 - INFO -   - 券 40/328 选中节点 477, 新增覆盖 85
2026-01-04 16:58:56,866 - INFO -   - 券 41/328 选中节点 455, 新增覆盖 86
2026-01-04 16:58:56,938 - INFO -   - 券 42/328 选中节点 2218, 新增覆盖 85
2026-01-04 16:58:57,012 - INFO -   - 券 43/328 选中节点 3432, 新增覆盖 83
2026-01-04 16:58:57,084 - INFO -   - 券 44/328 选中节点 3351, 新增覆盖 90
2026-01-04 16:58:57,155 - INFO -   - 券 45/328 选中节点 2568, 新增覆盖 82
2026-01-04 16:58:57,227 - INFO -   - 券 46/328 选中节点 2114, 新增覆盖 79
2026-01-04 16:58:57,304 - INFO -   - 券 47/328 选中节点 401, 新增覆盖 93
2026-01-04 16:58:57,379 - INFO -   - 券 48/328 选中节点 614, 新增覆盖 89
2026-01-04 16:58:57,455 - INFO -   - 券 49/328 选中节点 1601, 新增覆盖 85
2026-01-04 16:58:57,533 - INFO -   - 券 50/328 选中节点 1191, 新增覆盖 80
2026-01-04 16:58:57,611 - INFO -   - 券 51/328 选中节点 2698, 新增覆盖 84
2026-01-04 16:58:57,690 - INFO -   - 券 52/328 选中节点 534, 新增覆盖 83
2026-01-04 16:58:57,774 - INFO -   - 券 53/328 选中节点 2762, 新增覆盖 82
2026-01-04 16:58:57,858 - INFO -   - 券 54/328 选中节点 2266, 新增覆盖 84
2026-01-04 16:58:57,938 - INFO -   - 券 55/328 选中节点 2885, 新增覆盖 88
2026-01-04 16:58:58,025 - INFO -   - 券 56/328 选中节点 3426, 新增覆盖 83
2026-01-04 16:58:58,105 - INFO -   - 券 57/328 选中节点 939, 新增覆盖 81
2026-01-04 16:58:58,193 - INFO -   - 券 58/328 选中节点 1370, 新增覆盖 84
2026-01-04 16:58:58,285 - INFO -   - 券 59/328 选中节点 711, 新增覆盖 76
2026-01-04 16:58:58,377 - INFO -   - 券 60/328 选中节点 2213, 新增覆盖 79
2026-01-04 16:58:58,471 - INFO -   - 券 61/328 选中节点 3069, 新增覆盖 78
2026-01-04 16:58:58,561 - INFO -   - 券 62/328 选中节点 2760, 新增覆盖 79
2026-01-04 16:58:58,653 - INFO -   - 券 63/328 选中节点 2234, 新增覆盖 88
2026-01-04 16:58:58,743 - INFO -   - 券 64/328 选中节点 2180, 新增覆盖 77
2026-01-04 16:58:58,837 - INFO -   - 券 65/328 选中节点 3394, 新增覆盖 79
2026-01-04 16:58:58,933 - INFO -   - 券 66/328 选中节点 3408, 新增覆盖 79
2026-01-04 16:58:59,028 - INFO -   - 券 67/328 选中节点 828, 新增覆盖 82
2026-01-04 16:58:59,124 - INFO -   - 券 68/328 选中节点 3207, 新增覆盖 79
2026-01-04 16:58:59,214 - INFO -   - 券 69/328 选中节点 2352, 新增覆盖 76
2026-01-04 16:58:59,316 - INFO -   - 券 70/328 选中节点 978, 新增覆盖 73
2026-01-04 16:58:59,410 - INFO -   - 券 71/328 选中节点 1174, 新增覆盖 78
2026-01-04 16:58:59,509 - INFO -   - 券 72/328 选中节点 361, 新增覆盖 85
2026-01-04 16:58:59,609 - INFO -   - 券 73/328 选中节点 3109, 新增覆盖 76
2026-01-04 16:58:59,712 - INFO -   - 券 74/328 选中节点 1702, 新增覆盖 79
2026-01-04 16:58:59,815 - INFO -   - 券 75/328 选中节点 2138, 新增覆盖 79
2026-01-04 16:58:59,925 - INFO -   - 券 76/328 选中节点 1555, 新增覆盖 78
2026-01-04 16:59:00,035 - INFO -   - 券 77/328 选中节点 3275, 新增覆盖 78
2026-01-04 16:59:00,136 - INFO -   - 券 78/328 选中节点 1810, 新增覆盖 76
2026-01-04 16:59:00,250 - INFO -   - 券 79/328 选中节点 1267, 新增覆盖 80
2026-01-04 16:59:00,361 - INFO -   - 券 80/328 选中节点 2095, 新增覆盖 74
2026-01-04 16:59:00,472 - INFO -   - 券 81/328 选中节点 756, 新增覆盖 76
2026-01-04 16:59:00,587 - INFO -   - 券 82/328 选中节点 538, 新增覆盖 76
2026-01-04 16:59:00,700 - INFO -   - 券 83/328 选中节点 2953, 新增覆盖 81
2026-01-04 16:59:00,815 - INFO -   - 券 84/328 选中节点 1121, 新增覆盖 76
2026-01-04 16:59:00,934 - INFO -   - 券 85/328 选中节点 1705, 新增覆盖 78
2026-01-04 16:59:01,048 - INFO -   - 券 86/328 选中节点 2308, 新增覆盖 74
2026-01-04 16:59:01,156 - INFO -   - 券 87/328 选中节点 2518, 新增覆盖 81
2026-01-04 16:59:01,282 - INFO -   - 券 88/328 选中节点 3365, 新增覆盖 80
2026-01-04 16:59:01,400 - INFO -   - 券 89/328 选中节点 1104, 新增覆盖 80
2026-01-04 16:59:01,517 - INFO -   - 券 90/328 选中节点 2870, 新增覆盖 77
2026-01-04 16:59:01,644 - INFO -   - 券 91/328 选中节点 1049, 新增覆盖 79
2026-01-04 16:59:01,770 - INFO -   - 券 92/328 选中节点 1571, 新增覆盖 74
2026-01-04 16:59:01,891 - INFO -   - 券 93/328 选中节点 903, 新增覆盖 78
2026-01-04 16:59:02,014 - INFO -   - 券 94/328 选中节点 3327, 新增覆盖 82
2026-01-04 16:59:02,132 - INFO -   - 券 95/328 选中节点 581, 新增覆盖 73
2026-01-04 16:59:02,254 - INFO -   - 券 96/328 选中节点 840, 新增覆盖 77
2026-01-04 16:59:02,383 - INFO -   - 券 97/328 选中节点 3161, 新增覆盖 73
2026-01-04 16:59:02,500 - INFO -   - 券 98/328 选中节点 3158, 新增覆盖 75
2026-01-04 16:59:02,629 - INFO -   - 券 99/328 选中节点 1299, 新增覆盖 74
2026-01-04 16:59:02,753 - INFO -   - 券 100/328 选中节点 3560, 新增覆盖 78
2026-01-04 16:59:02,882 - INFO -   - 券 101/328 选中节点 633, 新增覆盖 78
2026-01-04 16:59:03,019 - INFO -   - 券 102/328 选中节点 1582, 新增覆盖 76
2026-01-04 16:59:03,166 - INFO -   - 券 103/328 选中节点 3404, 新增覆盖 73
2026-01-04 16:59:03,300 - INFO -   - 券 104/328 选中节点 3011, 新增覆盖 75
2026-01-04 16:59:03,437 - INFO -   - 券 105/328 选中节点 523, 新增覆盖 72
2026-01-04 16:59:03,572 - INFO -   - 券 106/328 选中节点 2705, 新增覆盖 73
2026-01-04 16:59:03,707 - INFO -   - 券 107/328 选中节点 2914, 新增覆盖 77
2026-01-04 16:59:03,842 - INFO -   - 券 108/328 选中节点 966, 新增覆盖 69
2026-01-04 16:59:03,977 - INFO -   - 券 109/328 选中节点 2538, 新增覆盖 71
2026-01-04 16:59:04,125 - INFO -   - 券 110/328 选中节点 1488, 新增覆盖 72
2026-01-04 16:59:04,271 - INFO -   - 券 111/328 选中节点 759, 新增覆盖 73
2026-01-04 16:59:04,413 - INFO -   - 券 112/328 选中节点 647, 新增覆盖 75
2026-01-04 16:59:04,553 - INFO -   - 券 113/328 选中节点 29, 新增覆盖 79
2026-01-04 16:59:04,705 - INFO -   - 券 114/328 选中节点 472, 新增覆盖 76
2026-01-04 16:59:04,847 - INFO -   - 券 115/328 选中节点 2554, 新增覆盖 71
2026-01-04 16:59:04,991 - INFO -   - 券 116/328 选中节点 707, 新增覆盖 75
2026-01-04 16:59:05,141 - INFO -   - 券 117/328 选中节点 2893, 新增覆盖 68
2026-01-04 16:59:05,289 - INFO -   - 券 118/328 选中节点 1469, 新增覆盖 69
2026-01-04 16:59:05,448 - INFO -   - 券 119/328 选中节点 3697, 新增覆盖 74
2026-01-04 16:59:05,614 - INFO -   - 券 120/328 选中节点 2198, 新增覆盖 83
2026-01-04 16:59:05,775 - INFO -   - 券 121/328 选中节点 555, 新增覆盖 74
2026-01-04 16:59:05,929 - INFO -   - 券 122/328 选中节点 3921, 新增覆盖 75
2026-01-04 16:59:06,095 - INFO -   - 券 123/328 选中节点 3858, 新增覆盖 69
2026-01-04 16:59:06,257 - INFO -   - 券 124/328 选中节点 3751, 新增覆盖 73
2026-01-04 16:59:06,424 - INFO -   - 券 125/328 选中节点 3055, 新增覆盖 69
2026-01-04 16:59:06,586 - INFO -   - 券 126/328 选中节点 2161, 新增覆盖 71
2026-01-04 16:59:06,750 - INFO -   - 券 127/328 选中节点 2186, 新增覆盖 68
2026-01-04 16:59:06,926 - INFO -   - 券 128/328 选中节点 2742, 新增覆盖 67
2026-01-04 16:59:07,092 - INFO -   - 券 129/328 选中节点 2144, 新增覆盖 69
2026-01-04 16:59:07,277 - INFO -   - 券 130/328 选中节点 1321, 新增覆盖 68
2026-01-04 16:59:07,458 - INFO -   - 券 131/328 选中节点 2669, 新增覆盖 67
2026-01-04 16:59:07,635 - INFO -   - 券 132/328 选中节点 2898, 新增覆盖 68
2026-01-04 16:59:07,811 - INFO -   - 券 133/328 选中节点 3363, 新增覆盖 71
2026-01-04 16:59:07,985 - INFO -   - 券 134/328 选中节点 1738, 新增覆盖 72
2026-01-04 16:59:08,157 - INFO -   - 券 135/328 选中节点 2913, 新增覆盖 76
2026-01-04 16:59:08,336 - INFO -   - 券 136/328 选中节点 1097, 新增覆盖 73
2026-01-04 16:59:08,514 - INFO -   - 券 137/328 选中节点 1939, 新增覆盖 65
2026-01-04 16:59:08,696 - INFO -   - 券 138/328 选中节点 2992, 新增覆盖 80
2026-01-04 16:59:08,872 - INFO -   - 券 139/328 选中节点 2735, 新增覆盖 70
2026-01-04 16:59:09,054 - INFO -   - 券 140/328 选中节点 2990, 新增覆盖 71
2026-01-04 16:59:09,247 - INFO -   - 券 141/328 选中节点 666, 新增覆盖 68
2026-01-04 16:59:09,429 - INFO -   - 券 142/328 选中节点 1368, 新增覆盖 72
2026-01-04 16:59:09,620 - INFO -   - 券 143/328 选中节点 3163, 新增覆盖 68
2026-01-04 16:59:09,806 - INFO -   - 券 144/328 选中节点 1275, 新增覆盖 69
2026-01-04 16:59:09,997 - INFO -   - 券 145/328 选中节点 3044, 新增覆盖 74
2026-01-04 16:59:10,189 - INFO -   - 券 146/328 选中节点 3035, 新增覆盖 67
2026-01-04 16:59:10,374 - INFO -   - 券 147/328 选中节点 2582, 新增覆盖 75
2026-01-04 16:59:10,561 - INFO -   - 券 148/328 选中节点 435, 新增覆盖 66
2026-01-04 16:59:10,757 - INFO -   - 券 149/328 选中节点 1908, 新增覆盖 67
2026-01-04 16:59:10,966 - INFO -   - 券 150/328 选中节点 2921, 新增覆盖 71
2026-01-04 16:59:11,160 - INFO -   - 券 151/328 选中节点 767, 新增覆盖 67
2026-01-04 16:59:11,364 - INFO -   - 券 152/328 选中节点 1883, 新增覆盖 65
2026-01-04 16:59:11,572 - INFO -   - 券 153/328 选中节点 2458, 新增覆盖 68
2026-01-04 16:59:11,779 - INFO -   - 券 154/328 选中节点 3810, 新增覆盖 67
2026-01-04 16:59:11,985 - INFO -   - 券 155/328 选中节点 2443, 新增覆盖 70
2026-01-04 16:59:12,190 - INFO -   - 券 156/328 选中节点 1182, 新增覆盖 70
2026-01-04 16:59:12,395 - INFO -   - 券 157/328 选中节点 2633, 新增覆盖 67
2026-01-04 16:59:12,614 - INFO -   - 券 158/328 选中节点 3576, 新增覆盖 65
2026-01-04 16:59:12,823 - INFO -   - 券 159/328 选中节点 2818, 新增覆盖 74
2026-01-04 16:59:13,029 - INFO -   - 券 160/328 选中节点 429, 新增覆盖 67
2026-01-04 16:59:13,238 - INFO -   - 券 161/328 选中节点 3204, 新增覆盖 67
2026-01-04 16:59:13,456 - INFO -   - 券 162/328 选中节点 2372, 新增覆盖 67
2026-01-04 16:59:13,672 - INFO -   - 券 163/328 选中节点 772, 新增覆盖 70
2026-01-04 16:59:13,893 - INFO -   - 券 164/328 选中节点 1739, 新增覆盖 67
2026-01-04 16:59:14,100 - INFO -   - 券 165/328 选中节点 871, 新增覆盖 70
2026-01-04 16:59:14,322 - INFO -   - 券 166/328 选中节点 1835, 新增覆盖 67
2026-01-04 16:59:14,547 - INFO -   - 券 167/328 选中节点 3087, 新增覆盖 71
2026-01-04 16:59:14,762 - INFO -   - 券 168/328 选中节点 1061, 新增覆盖 68
2026-01-04 16:59:14,979 - INFO -   - 券 169/328 选中节点 622, 新增覆盖 68
2026-01-04 16:59:15,205 - INFO -   - 券 170/328 选中节点 3050, 新增覆盖 69
2026-01-04 16:59:15,432 - INFO -   - 券 171/328 选中节点 3977, 新增覆盖 64
2026-01-04 16:59:15,660 - INFO -   - 券 172/328 选中节点 106, 新增覆盖 69
2026-01-04 16:59:15,898 - INFO -   - 券 173/328 选中节点 764, 新增覆盖 64
2026-01-04 16:59:16,127 - INFO -   - 券 174/328 选中节点 2249, 新增覆盖 67
2026-01-04 16:59:16,352 - INFO -   - 券 175/328 选中节点 664, 新增覆盖 65
2026-01-04 16:59:16,591 - INFO -   - 券 176/328 选中节点 3711, 新增覆盖 67
2026-01-04 16:59:16,837 - INFO -   - 券 177/328 选中节点 2419, 新增覆盖 66
2026-01-04 16:59:17,062 - INFO -   - 券 178/328 选中节点 2512, 新增覆盖 63
2026-01-04 16:59:17,292 - INFO -   - 券 179/328 选中节点 1531, 新增覆盖 64
2026-01-04 16:59:17,519 - INFO -   - 券 180/328 选中节点 1175, 新增覆盖 67
2026-01-04 16:59:17,752 - INFO -   - 券 181/328 选中节点 2546, 新增覆盖 66
2026-01-04 16:59:17,985 - INFO -   - 券 182/328 选中节点 2647, 新增覆盖 66
2026-01-04 16:59:18,234 - INFO -   - 券 183/328 选中节点 563, 新增覆盖 66
2026-01-04 16:59:18,469 - INFO -   - 券 184/328 选中节点 2968, 新增覆盖 63
2026-01-04 16:59:18,707 - INFO -   - 券 185/328 选中节点 178, 新增覆盖 66
2026-01-04 16:59:18,949 - INFO -   - 券 186/328 选中节点 421, 新增覆盖 64
2026-01-04 16:59:19,192 - INFO -   - 券 187/328 选中节点 682, 新增覆盖 67
2026-01-04 16:59:19,437 - INFO -   - 券 188/328 选中节点 1559, 新增覆盖 65
2026-01-04 16:59:19,691 - INFO -   - 券 189/328 选中节点 727, 新增覆盖 66
2026-01-04 16:59:19,936 - INFO -   - 券 190/328 选中节点 1126, 新增覆盖 67
2026-01-04 16:59:20,186 - INFO -   - 券 191/328 选中节点 2216, 新增覆盖 66
2026-01-04 16:59:20,433 - INFO -   - 券 192/328 选中节点 2814, 新增覆盖 63
2026-01-04 16:59:20,686 - INFO -   - 券 193/328 选中节点 1065, 新增覆盖 60
2026-01-04 16:59:20,942 - INFO -   - 券 194/328 选中节点 3907, 新增覆盖 65
2026-01-04 16:59:21,191 - INFO -   - 券 195/328 选中节点 2078, 新增覆盖 61
2026-01-04 16:59:21,459 - INFO -   - 券 196/328 选中节点 431, 新增覆盖 64
2026-01-04 16:59:21,715 - INFO -   - 券 197/328 选中节点 3525, 新增覆盖 65
2026-01-04 16:59:21,971 - INFO -   - 券 198/328 选中节点 3438, 新增覆盖 67
2026-01-04 16:59:22,239 - INFO -   - 券 199/328 选中节点 73, 新增覆盖 63
2026-01-04 16:59:22,490 - INFO -   - 券 200/328 选中节点 1530, 新增覆盖 60
2026-01-04 16:59:22,745 - INFO -   - 券 201/328 选中节点 294, 新增覆盖 61
2026-01-04 16:59:23,018 - INFO -   - 券 202/328 选中节点 1537, 新增覆盖 65
2026-01-04 16:59:23,284 - INFO -   - 券 203/328 选中节点 129, 新增覆盖 62
2026-01-04 16:59:23,545 - INFO -   - 券 204/328 选中节点 3482, 新增覆盖 66
2026-01-04 16:59:23,807 - INFO -   - 券 205/328 选中节点 2124, 新增覆盖 64
2026-01-04 16:59:24,068 - INFO -   - 券 206/328 选中节点 976, 新增覆盖 63
2026-01-04 16:59:24,340 - INFO -   - 券 207/328 选中节点 470, 新增覆盖 65
2026-01-04 16:59:24,609 - INFO -   - 券 208/328 选中节点 1165, 新增覆盖 63
2026-01-04 16:59:24,872 - INFO -   - 券 209/328 选中节点 2502, 新增覆盖 67
2026-01-04 16:59:25,134 - INFO -   - 券 210/328 选中节点 1441, 新增覆盖 63
2026-01-04 16:59:25,404 - INFO -   - 券 211/328 选中节点 1181, 新增覆盖 61
2026-01-04 16:59:25,665 - INFO -   - 券 212/328 选中节点 1350, 新增覆盖 69
2026-01-04 16:59:25,932 - INFO -   - 券 213/328 选中节点 2212, 新增覆盖 59
2026-01-04 16:59:26,194 - INFO -   - 券 214/328 选中节点 314, 新增覆盖 62
2026-01-04 16:59:26,518 - INFO -   - 券 215/328 选中节点 3118, 新增覆盖 63
2026-01-04 16:59:26,788 - INFO -   - 券 216/328 选中节点 2477, 新增覆盖 68
2026-01-04 16:59:27,066 - INFO -   - 券 217/328 选中节点 1895, 新增覆盖 64
2026-01-04 16:59:27,320 - INFO -   - 券 218/328 选中节点 3658, 新增覆盖 67
2026-01-04 16:59:27,586 - INFO -   - 券 219/328 选中节点 2645, 新增覆盖 60
2026-01-04 16:59:27,873 - INFO -   - 券 220/328 选中节点 600, 新增覆盖 66
2026-01-04 16:59:28,148 - INFO -   - 券 221/328 选中节点 3150, 新增覆盖 60
2026-01-04 16:59:28,411 - INFO -   - 券 222/328 选中节点 2684, 新增覆盖 63
2026-01-04 16:59:28,698 - INFO -   - 券 223/328 选中节点 1117, 新增覆盖 64
2026-01-04 16:59:28,976 - INFO -   - 券 224/328 选中节点 867, 新增覆盖 60
2026-01-04 16:59:29,243 - INFO -   - 券 225/328 选中节点 2754, 新增覆盖 61
2026-01-04 16:59:29,525 - INFO -   - 券 226/328 选中节点 3120, 新增覆盖 68
2026-01-04 16:59:29,801 - INFO -   - 券 227/328 选中节点 1761, 新增覆盖 60
2026-01-04 16:59:30,086 - INFO -   - 券 228/328 选中节点 2749, 新增覆盖 65
2026-01-04 16:59:30,386 - INFO -   - 券 229/328 选中节点 509, 新增覆盖 61
2026-01-04 16:59:30,665 - INFO -   - 券 230/328 选中节点 2510, 新增覆盖 57
2026-01-04 16:59:30,950 - INFO -   - 券 231/328 选中节点 3378, 新增覆盖 61
2026-01-04 16:59:31,259 - INFO -   - 券 232/328 选中节点 408, 新增覆盖 61
2026-01-04 16:59:31,532 - INFO -   - 券 233/328 选中节点 3450, 新增覆盖 63
2026-01-04 16:59:31,808 - INFO -   - 券 234/328 选中节点 749, 新增覆盖 63
2026-01-04 16:59:32,076 - INFO -   - 券 235/328 选中节点 3569, 新增覆盖 63
2026-01-04 16:59:32,352 - INFO -   - 券 236/328 选中节点 3608, 新增覆盖 63
2026-01-04 16:59:32,645 - INFO -   - 券 237/328 选中节点 1837, 新增覆盖 63
2026-01-04 16:59:32,942 - INFO -   - 券 238/328 选中节点 2584, 新增覆盖 59
2026-01-04 16:59:33,225 - INFO -   - 券 239/328 选中节点 1624, 新增覆盖 58
2026-01-04 16:59:33,522 - INFO -   - 券 240/328 选中节点 865, 新增覆盖 59
2026-01-04 16:59:33,821 - INFO -   - 券 241/328 选中节点 1359, 新增覆盖 59
2026-01-04 16:59:34,125 - INFO -   - 券 242/328 选中节点 3542, 新增覆盖 64
2026-01-04 16:59:34,424 - INFO -   - 券 243/328 选中节点 524, 新增覆盖 61
2026-01-04 16:59:34,721 - INFO -   - 券 244/328 选中节点 2358, 新增覆盖 56
2026-01-04 16:59:35,031 - INFO -   - 券 245/328 选中节点 848, 新增覆盖 58
2026-01-04 16:59:35,344 - INFO -   - 券 246/328 选中节点 358, 新增覆盖 62
2026-01-04 16:59:35,647 - INFO -   - 券 247/328 选中节点 85, 新增覆盖 68
2026-01-04 16:59:35,940 - INFO -   - 券 248/328 选中节点 281, 新增覆盖 57
2026-01-04 16:59:36,250 - INFO -   - 券 249/328 选中节点 548, 新增覆盖 63
2026-01-04 16:59:36,556 - INFO -   - 券 250/328 选中节点 163, 新增覆盖 54
2026-01-04 16:59:36,863 - INFO -   - 券 251/328 选中节点 1696, 新增覆盖 60
2026-01-04 16:59:37,174 - INFO -   - 券 252/328 选中节点 2850, 新增覆盖 62
2026-01-04 16:59:37,488 - INFO -   - 券 253/328 选中节点 3620, 新增覆盖 60
2026-01-04 16:59:37,815 - INFO -   - 券 254/328 选中节点 3006, 新增覆盖 59
2026-01-04 16:59:38,138 - INFO -   - 券 255/328 选中节点 3186, 新增覆盖 61
2026-01-04 16:59:38,445 - INFO -   - 券 256/328 选中节点 3649, 新增覆盖 60
2026-01-04 16:59:38,761 - INFO -   - 券 257/328 选中节点 1163, 新增覆盖 60
2026-01-04 16:59:39,097 - INFO -   - 券 258/328 选中节点 1977, 新增覆盖 61
2026-01-04 16:59:39,431 - INFO -   - 券 259/328 选中节点 3208, 新增覆盖 57
2026-01-04 16:59:39,761 - INFO -   - 券 260/328 选中节点 2466, 新增覆盖 61
2026-01-04 16:59:40,077 - INFO -   - 券 261/328 选中节点 1251, 新增覆盖 59
2026-01-04 16:59:40,408 - INFO -   - 券 262/328 选中节点 2287, 新增覆盖 56
2026-01-04 16:59:40,731 - INFO -   - 券 263/328 选中节点 1048, 新增覆盖 58
2026-01-04 16:59:41,075 - INFO -   - 券 264/328 选中节点 1976, 新增覆盖 61
2026-01-04 16:59:41,402 - INFO -   - 券 265/328 选中节点 3427, 新增覆盖 55
2026-01-04 16:59:41,718 - INFO -   - 券 266/328 选中节点 3971, 新增覆盖 56
2026-01-04 16:59:42,046 - INFO -   - 券 267/328 选中节点 274, 新增覆盖 62
2026-01-04 16:59:42,364 - INFO -   - 券 268/328 选中节点 1880, 新增覆盖 61
2026-01-04 16:59:42,682 - INFO -   - 券 269/328 选中节点 1211, 新增覆盖 56
2026-01-04 16:59:43,014 - INFO -   - 券 270/328 选中节点 3148, 新增覆盖 56
2026-01-04 16:59:43,332 - INFO -   - 券 271/328 选中节点 3145, 新增覆盖 58
2026-01-04 16:59:43,669 - INFO -   - 券 272/328 选中节点 541, 新增覆盖 59
2026-01-04 16:59:43,990 - INFO -   - 券 273/328 选中节点 2987, 新增覆盖 57
2026-01-04 16:59:44,320 - INFO -   - 券 274/328 选中节点 819, 新增覆盖 56
2026-01-04 16:59:44,662 - INFO -   - 券 275/328 选中节点 3735, 新增覆盖 59
2026-01-04 16:59:45,003 - INFO -   - 券 276/328 选中节点 3578, 新增覆盖 56
2026-01-04 16:59:45,323 - INFO -   - 券 277/328 选中节点 3349, 新增覆盖 59
2026-01-04 16:59:45,656 - INFO -   - 券 278/328 选中节点 1931, 新增覆盖 58
2026-01-04 16:59:45,999 - INFO -   - 券 279/328 选中节点 22, 新增覆盖 56
2026-01-04 16:59:46,352 - INFO -   - 券 280/328 选中节点 2930, 新增覆盖 60
2026-01-04 16:59:46,689 - INFO -   - 券 281/328 选中节点 2948, 新增覆盖 57
2026-01-04 16:59:47,031 - INFO -   - 券 282/328 选中节点 2353, 新增覆盖 60
2026-01-04 16:59:47,376 - INFO -   - 券 283/328 选中节点 952, 新增覆盖 58
2026-01-04 16:59:47,708 - INFO -   - 券 284/328 选中节点 3135, 新增覆盖 58
2026-01-04 16:59:48,053 - INFO -   - 券 285/328 选中节点 803, 新增覆盖 56
2026-01-04 16:59:48,403 - INFO -   - 券 286/328 选中节点 334, 新增覆盖 57
2026-01-04 16:59:48,750 - INFO -   - 券 287/328 选中节点 3698, 新增覆盖 55
2026-01-04 16:59:49,114 - INFO -   - 券 288/328 选中节点 3944, 新增覆盖 56
2026-01-04 16:59:49,443 - INFO -   - 券 289/328 选中节点 1298, 新增覆盖 53
2026-01-04 16:59:49,783 - INFO -   - 券 290/328 选中节点 3897, 新增覆盖 63
2026-01-04 16:59:50,132 - INFO -   - 券 291/328 选中节点 1272, 新增覆盖 58
2026-01-04 16:59:50,492 - INFO -   - 券 292/328 选中节点 2420, 新增覆盖 56
2026-01-04 16:59:50,876 - INFO -   - 券 293/328 选中节点 515, 新增覆盖 58
2026-01-04 16:59:51,237 - INFO -   - 券 294/328 选中节点 2076, 新增覆盖 62
2026-01-04 16:59:51,591 - INFO -   - 券 295/328 选中节点 2746, 新增覆盖 55
2026-01-04 16:59:51,969 - INFO -   - 券 296/328 选中节点 3736, 新增覆盖 59
2026-01-04 16:59:52,316 - INFO -   - 券 297/328 选中节点 3192, 新增覆盖 54
2026-01-04 16:59:52,699 - INFO -   - 券 298/328 选中节点 3873, 新增覆盖 54
2026-01-04 16:59:53,086 - INFO -   - 券 299/328 选中节点 1535, 新增覆盖 56
2026-01-04 16:59:53,463 - INFO -   - 券 300/328 选中节点 1383, 新增覆盖 59
2026-01-04 16:59:53,827 - INFO -   - 券 301/328 选中节点 1029, 新增覆盖 56
2026-01-04 16:59:54,209 - INFO -   - 券 302/328 选中节点 2672, 新增覆盖 56
2026-01-04 16:59:54,592 - INFO -   - 券 303/328 选中节点 2264, 新增覆盖 57
2026-01-04 16:59:54,957 - INFO -   - 券 304/328 选中节点 80, 新增覆盖 58
2026-01-04 16:59:55,331 - INFO -   - 券 305/328 选中节点 2564, 新增覆盖 54
2026-01-04 16:59:55,709 - INFO -   - 券 306/328 选中节点 3280, 新增覆盖 56
2026-01-04 16:59:56,082 - INFO -   - 券 307/328 选中节点 3415, 新增覆盖 71
2026-01-04 16:59:56,466 - INFO -   - 券 308/328 选中节点 2666, 新增覆盖 53
2026-01-04 16:59:56,832 - INFO -   - 券 309/328 选中节点 1120, 新增覆盖 53
2026-01-04 16:59:57,218 - INFO -   - 券 310/328 选中节点 842, 新增覆盖 55
2026-01-04 16:59:57,595 - INFO -   - 券 311/328 选中节点 3121, 新增覆盖 51
2026-01-04 16:59:57,988 - INFO -   - 券 312/328 选中节点 3591, 新增覆盖 53
2026-01-04 16:59:58,353 - INFO -   - 券 313/328 选中节点 3338, 新增覆盖 60
2026-01-04 16:59:58,729 - INFO -   - 券 314/328 选中节点 1849, 新增覆盖 56
2026-01-04 16:59:59,097 - INFO -   - 券 315/328 选中节点 1690, 新增覆盖 56
2026-01-04 16:59:59,479 - INFO -   - 券 316/328 选中节点 1144, 新增覆盖 54
2026-01-04 16:59:59,863 - INFO -   - 券 317/328 选中节点 1736, 新增覆盖 59
2026-01-04 17:00:00,233 - INFO -   - 券 318/328 选中节点 2733, 新增覆盖 53
2026-01-04 17:00:00,625 - INFO -   - 券 319/328 选中节点 546, 新增覆盖 58
2026-01-04 17:00:01,024 - INFO -   - 券 320/328 选中节点 2482, 新增覆盖 52
2026-01-04 17:00:01,422 - INFO -   - 券 321/328 选中节点 2056, 新增覆盖 54
2026-01-04 17:00:01,814 - INFO -   - 券 322/328 选中节点 1701, 新增覆盖 55
2026-01-04 17:00:02,215 - INFO -   - 券 323/328 选中节点 1198, 新增覆盖 55
2026-01-04 17:00:02,598 - INFO -   - 券 324/328 选中节点 3452, 新增覆盖 52
2026-01-04 17:00:02,999 - INFO -   - 券 325/328 选中节点 2690, 新增覆盖 52
2026-01-04 17:00:03,406 - INFO -   - 券 326/328 选中节点 2529, 新增覆盖 56
2026-01-04 17:00:03,810 - INFO -   - 券 327/328 选中节点 2973, 新增覆盖 54
2026-01-04 17:00:04,211 - INFO -   - 券 328/328 选中节点 1050, 新增覆盖 63
2026-01-04 17:00:04,211 - INFO - 选种完毕。耗时: 139.67 秒。
2026-01-04 17:00:06,830 - INFO - 最终选择的种子集: [483, 2073, 817, 1468, 3337, 3307, 2977, 514, 2203, 2230, 494, 1002, 1438, 2224, 1320, 1397, 996, 439, 2411, 2127, 1270, 974, 3094, 2769, 1009, 1504, 2740, 821, 1386, 3403, 2644, 3033, 2918, 2392, 2999, 1005, 829, 661, 2239, 477, 455, 2218, 3432, 3351, 2568, 2114, 401, 614, 1601, 1191, 2698, 534, 2762, 2266, 2885, 3426, 939, 1370, 711, 2213, 3069, 2760, 2234, 2180, 3394, 3408, 828, 3207, 2352, 978, 1174, 361, 3109, 1702, 2138, 1555, 3275, 1810, 1267, 2095, 756, 538, 2953, 1121, 1705, 2308, 2518, 3365, 1104, 2870, 1049, 1571, 903, 3327, 581, 840, 3161, 3158, 1299, 3560, 633, 1582, 3404, 3011, 523, 2705, 2914, 966, 2538, 1488, 759, 647, 29, 472, 2554, 707, 2893, 1469, 3697, 2198, 555, 3921, 3858, 3751, 3055, 2161, 2186, 2742, 2144, 1321, 2669, 2898, 3363, 1738, 2913, 1097, 1939, 2992, 2735, 2990, 666, 1368, 3163, 1275, 3044, 3035, 2582, 435, 1908, 2921, 767, 1883, 2458, 3810, 2443, 1182, 2633, 3576, 2818, 429, 3204, 2372, 772, 1739, 871, 1835, 3087, 1061, 622, 3050, 3977, 106, 764, 2249, 664, 3711, 2419, 2512, 1531, 1175, 2546, 2647, 563, 2968, 178, 421, 682, 1559, 727, 1126, 2216, 2814, 1065, 3907, 2078, 431, 3525, 3438, 73, 1530, 294, 1537, 129, 3482, 2124, 976, 470, 1165, 2502, 1441, 1181, 1350, 2212, 314, 3118, 2477, 1895, 3658, 2645, 600, 3150, 2684, 1117, 867, 2754, 3120, 1761, 2749, 509, 2510, 3378, 408, 3450, 749, 3569, 3608, 1837, 2584, 1624, 865, 1359, 3542, 524, 2358, 848, 358, 85, 281, 548, 163, 1696, 2850, 3620, 3006, 3186, 3649, 1163, 1977, 3208, 2466, 1251, 2287, 1048, 1976, 3427, 3971, 274, 1880, 1211, 3148, 3145, 541, 2987, 819, 3735, 3578, 3349, 1931, 22, 2930, 2948, 2353, 952, 3135, 803, 334, 3698, 3944, 1298, 3897, 1272, 2420, 515, 2076, 2746, 3736, 3192, 3873, 1535, 1383, 1029, 2672, 2264, 80, 2564, 3280, 3415, 2666, 1120, 842, 3121, 3591, 3338, 1849, 1690, 1144, 1736, 2733, 546, 2482, 2056, 1701, 1198, 3452, 2690, 2529, 2973, 1050]

2026-01-04 17:00:13,752 - INFO - 当前用时 268.49 秒
2026-01-04 17:00:13,753 - INFO - 将种子集 写入位置: /root/pythonspace/data-test/facebook/2026-1-4-random_dirichlet=[5,2,8]/seeds-with-facebook/random_ris_coverage_seedNum-328_SSRNum-80000.txt
2026-01-04 17:00:13,753 - INFO - 首次生成种子集 monterCarlo_CELF
2026-01-04 17:00:13,753 - INFO - 执行当前算法开始: monterCarlo_CELF
2026-01-04 17:00:13,754 - INFO - --- Running: CELF Greedy Monte Carlo (Sims=500) ---
2026-01-04 17:00:13,754 - INFO - Step 0: 初始化所有节点的边际增益...
2026-01-04 17:02:14,647 - INFO - Seed 1: 3229, Spread: 0.91
2026-01-04 17:02:14,756 - INFO - Seed 2: 1769, Gain: 0.91, Total: 1.83
2026-01-04 17:02:15,311 - INFO - Seed 3: 1761, Gain: 0.88, Total: 2.71
2026-01-04 17:02:16,231 - INFO - Seed 4: 3542, Gain: 0.89, Total: 3.60
2026-01-04 17:02:16,400 - INFO - Seed 5: 2127, Gain: 0.91, Total: 4.50
2026-01-04 17:02:29,612 - INFO - Seed 6: 3295, Gain: 0.84, Total: 5.34
2026-01-04 17:02:33,037 - INFO - Seed 7: 1511, Gain: 0.88, Total: 6.22
2026-01-04 17:02:33,180 - INFO - Seed 8: 942, Gain: 0.86, Total: 7.08
2026-01-04 17:02:36,245 - INFO - Seed 9: 3977, Gain: 0.84, Total: 7.92
2026-01-04 17:02:36,606 - INFO - Seed 10: 410, Gain: 0.86, Total: 8.78
2026-01-04 17:02:49,423 - INFO - Seed 11: 281, Gain: 0.84, Total: 9.62
2026-01-04 17:03:13,824 - INFO - Seed 12: 2494, Gain: 0.82, Total: 10.44
2026-01-04 17:03:21,210 - INFO - Seed 13: 849, Gain: 0.83, Total: 11.26
2026-01-04 17:03:23,326 - INFO - Seed 14: 3137, Gain: 0.84, Total: 12.10
2026-01-04 17:03:26,777 - INFO - Seed 15: 759, Gain: 0.83, Total: 12.93
2026-01-04 17:03:27,393 - INFO - Seed 16: 228, Gain: 0.83, Total: 13.76
2026-01-04 17:03:35,414 - INFO - Seed 17: 3299, Gain: 0.89, Total: 14.65
2026-01-04 17:03:44,457 - INFO - Seed 18: 71, Gain: 0.85, Total: 15.49
2026-01-04 17:04:38,983 - INFO - Seed 19: 1722, Gain: 0.81, Total: 16.30
2026-01-04 17:04:39,768 - INFO - Seed 20: 2239, Gain: 0.80, Total: 17.11
2026-01-04 17:04:40,194 - INFO - Seed 21: 3219, Gain: 0.83, Total: 17.94
2026-01-04 17:04:41,048 - INFO - Seed 22: 1908, Gain: 0.90, Total: 18.84
2026-01-04 17:04:52,774 - INFO - Seed 23: 3208, Gain: 0.89, Total: 19.73
2026-01-04 17:10:02,893 - INFO - Seed 24: 1076, Gain: 0.80, Total: 20.53
2026-01-04 17:11:16,030 - INFO - Seed 25: 473, Gain: 0.77, Total: 21.30
2026-01-04 17:11:17,645 - INFO - Seed 26: 552, Gain: 0.82, Total: 22.12
2026-01-04 17:11:19,355 - INFO - Seed 27: 3810, Gain: 0.87, Total: 22.99
2026-01-04 17:11:24,436 - INFO - Seed 28: 828, Gain: 0.91, Total: 23.90
2026-01-04 17:15:07,479 - INFO - Seed 29: 626, Gain: 0.74, Total: 24.64
2026-01-04 17:17:45,891 - INFO - Seed 30: 860, Gain: 0.76, Total: 25.40
2026-01-04 17:19:14,269 - INFO - Seed 31: 1450, Gain: 0.78, Total: 26.18
2026-01-04 17:22:46,775 - INFO - Seed 32: 2719, Gain: 0.74, Total: 26.92
2026-01-04 17:22:58,098 - INFO - Seed 33: 1060, Gain: 0.75, Total: 27.67
2026-01-04 17:23:24,083 - INFO - Seed 34: 3893, Gain: 0.75, Total: 28.42
2026-01-04 17:25:35,546 - INFO - Seed 35: 3014, Gain: 0.74, Total: 29.16
2026-01-04 17:25:39,295 - INFO - Seed 36: 809, Gain: 0.71, Total: 29.87
2026-01-04 17:25:40,072 - INFO - Seed 37: 3708, Gain: 0.85, Total: 30.72
2026-01-04 17:26:13,049 - INFO - Seed 38: 1497, Gain: 0.70, Total: 31.42
2026-01-04 17:26:15,556 - INFO - Seed 39: 4023, Gain: 0.74, Total: 32.16
2026-01-04 17:26:17,252 - INFO - Seed 40: 3907, Gain: 0.86, Total: 33.01
2026-01-04 17:26:18,133 - INFO - Seed 41: 549, Gain: 0.75, Total: 33.76
2026-01-04 17:26:19,030 - INFO - Seed 42: 2289, Gain: 0.71, Total: 34.48
2026-01-04 17:26:19,946 - INFO - Seed 43: 1168, Gain: 0.92, Total: 35.40
2026-01-04 17:26:20,893 - INFO - Seed 44: 262, Gain: 0.80, Total: 36.20
2026-01-04 17:26:22,813 - INFO - Seed 45: 257, Gain: 0.72, Total: 36.91
2026-01-04 17:26:25,793 - INFO - Seed 46: 598, Gain: 0.74, Total: 37.65
2026-01-04 17:26:34,238 - INFO - Seed 47: 1492, Gain: 0.84, Total: 38.50
2026-01-04 17:26:36,282 - INFO - Seed 48: 1628, Gain: 0.71, Total: 39.21
2026-01-04 17:28:04,563 - INFO - Seed 49: 1214, Gain: 0.70, Total: 39.91
2026-01-04 17:28:35,149 - INFO - Seed 50: 2387, Gain: 0.76, Total: 40.67
2026-01-04 17:29:51,318 - INFO - Seed 51: 1581, Gain: 0.76, Total: 41.43
2026-01-04 17:33:17,455 - INFO - Seed 52: 3887, Gain: 0.75, Total: 42.18
2026-01-04 17:34:11,412 - INFO - Seed 53: 1752, Gain: 0.78, Total: 42.96
2026-01-04 17:35:53,248 - INFO - Seed 54: 1248, Gain: 0.90, Total: 43.86
2026-01-04 17:38:09,666 - INFO - Seed 55: 3684, Gain: 0.75, Total: 44.61
2026-01-04 17:41:17,461 - INFO - Seed 56: 2664, Gain: 0.66, Total: 45.27
2026-01-04 17:41:26,320 - INFO - Seed 57: 27, Gain: 0.86, Total: 46.13
2026-01-04 17:43:18,366 - INFO - Seed 58: 3797, Gain: 0.71, Total: 46.84
2026-01-04 17:43:40,679 - INFO - Seed 59: 1217, Gain: 0.68, Total: 47.52
2026-01-04 17:44:24,935 - INFO - Seed 60: 2837, Gain: 0.88, Total: 48.40
2026-01-04 17:48:50,512 - INFO - Seed 61: 2144, Gain: 0.64, Total: 49.04
2026-01-04 17:48:51,876 - INFO - Seed 62: 86, Gain: 0.70, Total: 49.75
2026-01-04 17:48:53,235 - INFO - Seed 63: 971, Gain: 0.68, Total: 50.42
2026-01-04 17:48:54,642 - INFO - Seed 64: 2307, Gain: 0.75, Total: 51.18
2026-01-04 17:48:56,067 - INFO - Seed 65: 1566, Gain: 0.91, Total: 52.09
2026-01-04 17:48:58,938 - INFO - Seed 66: 1273, Gain: 0.78, Total: 52.87
2026-01-04 17:49:09,182 - INFO - Seed 67: 1137, Gain: 0.73, Total: 53.60
2026-01-04 17:49:31,591 - INFO - Seed 68: 3200, Gain: 0.65, Total: 54.26
2026-01-04 17:49:42,031 - INFO - Seed 69: 3980, Gain: 0.67, Total: 54.92
2026-01-04 17:49:46,579 - INFO - Seed 70: 320, Gain: 0.69, Total: 55.61
2026-01-04 17:49:49,665 - INFO - Seed 71: 610, Gain: 0.89, Total: 56.50
2026-01-04 17:51:26,874 - INFO - Seed 72: 2760, Gain: 0.64, Total: 57.14
2026-01-04 17:51:34,828 - INFO - Seed 73: 3105, Gain: 0.67, Total: 57.81
2026-01-04 17:51:36,436 - INFO - Seed 74: 906, Gain: 0.89, Total: 58.70
2026-01-04 17:51:39,718 - INFO - Seed 75: 3703, Gain: 0.64, Total: 59.34
2026-01-04 17:51:56,515 - INFO - Seed 76: 1903, Gain: 0.64, Total: 59.98
2026-01-04 17:52:05,016 - INFO - Seed 77: 2931, Gain: 0.64, Total: 60.62
2026-01-04 17:52:15,887 - INFO - Seed 78: 1986, Gain: 0.77, Total: 61.39
2026-01-04 17:52:17,650 - INFO - Seed 79: 3968, Gain: 0.75, Total: 62.14
2026-01-04 17:52:21,221 - INFO - Seed 80: 2885, Gain: 0.72, Total: 62.85
2026-01-04 17:52:22,997 - INFO - Seed 81: 1615, Gain: 0.77, Total: 63.62
2026-01-04 17:52:27,150 - INFO - Seed 82: 685, Gain: 0.69, Total: 64.32
2026-01-04 17:52:29,095 - INFO - Seed 83: 723, Gain: 0.65, Total: 64.96
2026-01-04 17:52:30,990 - INFO - Seed 84: 1582, Gain: 0.77, Total: 65.73
2026-01-04 17:52:32,894 - INFO - Seed 85: 258, Gain: 0.68, Total: 66.41
2026-01-04 17:52:34,837 - INFO - Seed 86: 2554, Gain: 0.92, Total: 67.34
2026-01-04 17:52:36,822 - INFO - Seed 87: 3990, Gain: 1.06, Total: 68.40
2026-01-04 17:53:32,860 - INFO - Seed 88: 3714, Gain: 0.82, Total: 69.22
2026-01-04 17:53:38,846 - INFO - Seed 89: 2009, Gain: 0.87, Total: 70.09
2026-01-04 17:54:03,595 - INFO - Seed 90: 2106, Gain: 0.65, Total: 70.74
2026-01-04 17:54:31,942 - INFO - Seed 91: 3879, Gain: 0.76, Total: 71.50
2026-01-04 17:54:48,450 - INFO - Seed 92: 2481, Gain: 0.83, Total: 72.33
2026-01-04 17:57:40,788 - INFO - Seed 93: 637, Gain: 0.66, Total: 73.00
2026-01-04 18:01:31,446 - INFO - Seed 94: 2774, Gain: 0.62, Total: 73.61
2026-01-04 18:02:23,006 - INFO - Seed 95: 18, Gain: 0.80, Total: 74.41
2026-01-04 18:02:29,420 - INFO - Seed 96: 1213, Gain: 0.62, Total: 75.03
2026-01-04 18:02:31,605 - INFO - Seed 97: 3149, Gain: 0.82, Total: 75.85
2026-01-04 18:02:33,760 - INFO - Seed 98: 2816, Gain: 0.66, Total: 76.50
2026-01-04 18:02:35,978 - INFO - Seed 99: 3569, Gain: 1.03, Total: 77.53
2026-01-04 18:03:23,515 - INFO - Seed 100: 29, Gain: 0.74, Total: 78.27
2026-01-04 18:03:37,304 - INFO - Seed 101: 967, Gain: 0.63, Total: 78.90
2026-01-04 18:03:39,573 - INFO - Seed 102: 1015, Gain: 0.64, Total: 79.54
2026-01-04 18:03:44,181 - INFO - Seed 103: 568, Gain: 0.73, Total: 80.27
2026-01-04 18:03:48,829 - INFO - Seed 104: 1278, Gain: 0.69, Total: 80.96
2026-01-04 18:03:51,188 - INFO - Seed 105: 3132, Gain: 0.78, Total: 81.73
2026-01-04 18:03:53,591 - INFO - Seed 106: 383, Gain: 0.94, Total: 82.68
2026-01-04 18:03:56,413 - INFO - Seed 107: 975, Gain: 0.69, Total: 83.37
2026-01-04 18:04:01,366 - INFO - Seed 108: 3814, Gain: 0.90, Total: 84.27
2026-01-04 18:04:03,809 - INFO - Seed 109: 202, Gain: 0.68, Total: 84.95
2026-01-04 18:04:06,853 - INFO - Seed 110: 1402, Gain: 1.02, Total: 85.97
2026-01-04 18:04:16,949 - INFO - Seed 111: 2919, Gain: 0.68, Total: 86.65
2026-01-04 18:04:39,545 - INFO - Seed 112: 702, Gain: 0.62, Total: 87.27
2026-01-04 18:05:14,886 - INFO - Seed 113: 1789, Gain: 0.88, Total: 88.15
2026-01-04 18:05:25,175 - INFO - Seed 114: 2603, Gain: 0.82, Total: 88.97
2026-01-04 18:05:27,750 - INFO - Seed 115: 3555, Gain: 0.64, Total: 89.61
2026-01-04 18:05:38,223 - INFO - Seed 116: 314, Gain: 0.89, Total: 90.50
2026-01-04 18:05:43,498 - INFO - Seed 117: 3452, Gain: 0.70, Total: 91.20
2026-01-04 18:05:46,206 - INFO - Seed 118: 1794, Gain: 0.65, Total: 91.84
2026-01-04 18:05:48,896 - INFO - Seed 119: 1235, Gain: 0.91, Total: 92.76
2026-01-04 18:06:24,185 - INFO - Seed 120: 773, Gain: 0.73, Total: 93.49
2026-01-04 18:06:32,379 - INFO - Seed 121: 917, Gain: 0.96, Total: 94.45
2026-01-04 18:06:35,117 - INFO - Seed 122: 1261, Gain: 0.71, Total: 95.16
2026-01-04 18:06:40,684 - INFO - Seed 123: 1056, Gain: 0.67, Total: 95.83
2026-01-04 18:06:43,466 - INFO - Seed 124: 1074, Gain: 1.08, Total: 96.91
2026-01-04 18:07:37,219 - INFO - Seed 125: 928, Gain: 0.65, Total: 97.56
2026-01-04 18:07:42,982 - INFO - Seed 126: 3646, Gain: 0.73, Total: 98.30
2026-01-04 18:08:02,893 - INFO - Seed 127: 3490, Gain: 0.67, Total: 98.97
2026-01-04 18:08:05,761 - INFO - Seed 128: 835, Gain: 0.71, Total: 99.67
2026-01-04 18:08:14,471 - INFO - Seed 129: 2090, Gain: 0.89, Total: 100.57
2026-01-04 18:08:20,397 - INFO - Seed 130: 370, Gain: 0.73, Total: 101.29
2026-01-04 18:08:23,314 - INFO - Seed 131: 1777, Gain: 0.62, Total: 101.91
2026-01-04 18:08:55,801 - INFO - Seed 132: 1857, Gain: 0.69, Total: 102.61
2026-01-04 18:09:16,829 - INFO - Seed 133: 3128, Gain: 0.82, Total: 103.43
2026-01-04 18:09:25,867 - INFO - Seed 134: 3928, Gain: 0.69, Total: 104.12
2026-01-04 18:11:11,877 - INFO - Seed 135: 3465, Gain: 0.67, Total: 104.79
2026-01-04 18:12:49,415 - INFO - Seed 136: 3709, Gain: 0.70, Total: 105.49
2026-01-04 18:12:55,508 - INFO - Seed 137: 1874, Gain: 0.65, Total: 106.14
2026-01-04 18:13:38,906 - INFO - Seed 138: 2935, Gain: 0.61, Total: 106.75
2026-01-04 18:14:06,748 - INFO - Seed 139: 771, Gain: 0.83, Total: 107.57
2026-01-04 18:16:31,396 - INFO - Seed 140: 3348, Gain: 0.86, Total: 108.44
2026-01-04 18:17:25,175 - INFO - Seed 141: 3482, Gain: 0.78, Total: 109.22
2026-01-04 18:22:09,484 - INFO - Seed 142: 2490, Gain: 0.62, Total: 109.84
2026-01-04 18:23:45,971 - INFO - Seed 143: 1987, Gain: 0.69, Total: 110.54
2026-01-04 18:24:24,789 - INFO - Seed 144: 489, Gain: 0.62, Total: 111.16
2026-01-04 18:24:37,633 - INFO - Seed 145: 3361, Gain: 0.65, Total: 111.81
2026-01-04 18:24:40,847 - INFO - Seed 146: 1939, Gain: 0.80, Total: 112.61
2026-01-04 18:24:50,800 - INFO - Seed 147: 505, Gain: 0.89, Total: 113.50
2026-01-04 18:27:13,544 - INFO - Seed 148: 1593, Gain: 0.80, Total: 114.31
2026-01-04 18:29:04,179 - INFO - Seed 149: 3054, Gain: 0.78, Total: 115.08
2026-01-04 18:34:54,560 - INFO - Seed 150: 985, Gain: 0.59, Total: 115.67
2026-01-04 18:35:24,947 - INFO - Seed 151: 899, Gain: 0.61, Total: 116.28
2026-01-04 18:35:42,103 - INFO - Seed 152: 2355, Gain: 0.72, Total: 117.00
2026-01-04 18:35:52,491 - INFO - Seed 153: 1364, Gain: 0.58, Total: 117.58
2026-01-04 18:35:55,975 - INFO - Seed 154: 2634, Gain: 0.75, Total: 118.33
2026-01-04 18:36:10,009 - INFO - Seed 155: 1501, Gain: 0.67, Total: 118.99
2026-01-04 18:36:13,659 - INFO - Seed 156: 963, Gain: 0.71, Total: 119.70
2026-01-04 18:36:17,201 - INFO - Seed 157: 1859, Gain: 0.73, Total: 120.43
2026-01-04 18:36:20,691 - INFO - Seed 158: 2349, Gain: 0.92, Total: 121.35
2026-01-04 18:36:24,249 - INFO - Seed 159: 2231, Gain: 0.85, Total: 122.20
2026-01-04 18:36:38,530 - INFO - Seed 160: 1899, Gain: 0.70, Total: 122.91
2026-01-04 18:36:45,870 - INFO - Seed 161: 2802, Gain: 0.58, Total: 123.49
2026-01-04 18:36:53,165 - INFO - Seed 162: 176, Gain: 0.59, Total: 124.08
2026-01-04 18:37:04,270 - INFO - Seed 163: 2281, Gain: 0.79, Total: 124.87
2026-01-04 18:37:26,503 - INFO - Seed 164: 1027, Gain: 0.76, Total: 125.63
2026-01-04 18:37:30,262 - INFO - Seed 165: 3670, Gain: 0.57, Total: 126.20
2026-01-04 18:37:33,979 - INFO - Seed 166: 1856, Gain: 1.02, Total: 127.21
2026-01-04 18:38:11,517 - INFO - Seed 167: 3286, Gain: 0.63, Total: 127.84
2026-01-04 18:38:15,346 - INFO - Seed 168: 3985, Gain: 0.61, Total: 128.45
2026-01-04 18:38:19,194 - INFO - Seed 169: 1719, Gain: 1.12, Total: 129.57
2026-01-04 18:38:39,625 - INFO - Seed 170: 471, Gain: 0.77, Total: 130.34
2026-01-04 18:39:53,458 - INFO - Seed 171: 230, Gain: 0.64, Total: 130.98
2026-01-04 18:40:32,384 - INFO - Seed 172: 3118, Gain: 0.58, Total: 131.55
2026-01-04 18:40:40,199 - INFO - Seed 173: 3419, Gain: 0.60, Total: 132.15
2026-01-04 18:40:44,148 - INFO - Seed 174: 3253, Gain: 0.96, Total: 133.12
2026-01-04 18:40:48,136 - INFO - Seed 175: 2727, Gain: 1.01, Total: 134.13
2026-01-04 18:41:12,133 - INFO - Seed 176: 3337, Gain: 0.65, Total: 134.78
2026-01-04 18:41:16,224 - INFO - Seed 177: 430, Gain: 0.94, Total: 135.72
2026-01-04 18:43:31,103 - INFO - Seed 178: 372, Gain: 0.56, Total: 136.28
2026-01-04 18:48:58,563 - INFO - Seed 179: 615, Gain: 0.87, Total: 137.15
2026-01-04 19:02:39,114 - INFO - Seed 180: 3816, Gain: 0.54, Total: 137.69
2026-01-04 19:05:19,658 - INFO - Seed 181: 2118, Gain: 0.58, Total: 138.27
2026-01-04 19:06:42,127 - INFO - Seed 182: 2596, Gain: 0.57, Total: 138.84
2026-01-04 19:07:48,804 - INFO - Seed 183: 3323, Gain: 0.57, Total: 139.41
2026-01-04 19:08:59,927 - INFO - Seed 184: 2643, Gain: 0.54, Total: 139.94
2026-01-04 19:09:12,567 - INFO - Seed 185: 1405, Gain: 0.57, Total: 140.51
2026-01-04 19:09:21,040 - INFO - Seed 186: 488, Gain: 0.61, Total: 141.12
2026-01-04 19:09:33,713 - INFO - Seed 187: 2167, Gain: 0.72, Total: 141.84
2026-01-04 19:09:37,916 - INFO - Seed 188: 1028, Gain: 0.58, Total: 142.42
2026-01-04 19:09:42,167 - INFO - Seed 189: 1920, Gain: 0.62, Total: 143.04
2026-01-04 19:09:46,474 - INFO - Seed 190: 3194, Gain: 1.03, Total: 144.07
2026-01-04 19:09:50,786 - INFO - Seed 191: 3830, Gain: 0.83, Total: 144.90
2026-01-04 19:10:21,376 - INFO - Seed 192: 1404, Gain: 0.97, Total: 145.87
2026-01-04 19:10:47,761 - INFO - Seed 193: 2657, Gain: 0.58, Total: 146.45
2026-01-04 19:14:15,292 - INFO - Seed 194: 1580, Gain: 0.58, Total: 147.03
2026-01-04 19:14:37,627 - INFO - Seed 195: 1529, Gain: 0.53, Total: 147.56
2026-01-04 19:14:46,574 - INFO - Seed 196: 1510, Gain: 0.58, Total: 148.14
2026-01-04 19:15:13,390 - INFO - Seed 197: 1977, Gain: 0.60, Total: 148.74
2026-01-04 19:15:22,420 - INFO - Seed 198: 3868, Gain: 0.55, Total: 149.29
2026-01-04 19:15:31,551 - INFO - Seed 199: 3921, Gain: 1.17, Total: 150.46
2026-01-04 19:17:57,674 - INFO - Seed 200: 1308, Gain: 0.74, Total: 151.20
2026-01-04 19:19:47,466 - INFO - Seed 201: 1554, Gain: 0.56, Total: 151.76
2026-01-04 19:20:01,373 - INFO - Seed 202: 839, Gain: 0.53, Total: 152.29
2026-01-04 19:20:10,681 - INFO - Seed 203: 3853, Gain: 0.74, Total: 153.04
2026-01-04 19:20:15,332 - INFO - Seed 204: 1991, Gain: 0.63, Total: 153.67
2026-01-04 19:20:19,989 - INFO - Seed 205: 1902, Gain: 0.74, Total: 154.41
2026-01-04 19:20:29,374 - INFO - Seed 206: 2814, Gain: 0.63, Total: 155.03
2026-01-04 19:20:38,887 - INFO - Seed 207: 524, Gain: 0.97, Total: 156.00
2026-01-04 19:21:31,378 - INFO - Seed 208: 876, Gain: 0.74, Total: 156.74
2026-01-04 19:22:09,436 - INFO - Seed 209: 3702, Gain: 0.70, Total: 157.44
2026-01-04 19:22:14,370 - INFO - Seed 210: 3666, Gain: 0.64, Total: 158.08
2026-01-04 19:22:19,226 - INFO - Seed 211: 2805, Gain: 0.56, Total: 158.64
2026-01-04 19:22:28,905 - INFO - Seed 212: 4033, Gain: 0.76, Total: 159.40
2026-01-04 19:23:04,042 - INFO - Seed 213: 877, Gain: 0.72, Total: 160.12
2026-01-04 19:23:33,177 - INFO - Seed 214: 2363, Gain: 1.12, Total: 161.24
2026-01-04 19:25:26,884 - INFO - Seed 215: 3079, Gain: 0.53, Total: 161.77
2026-01-04 19:25:36,839 - INFO - Seed 216: 96, Gain: 0.59, Total: 162.36
2026-01-04 19:25:46,686 - INFO - Seed 217: 2342, Gain: 0.58, Total: 162.94
2026-01-04 19:26:01,675 - INFO - Seed 218: 3892, Gain: 0.66, Total: 163.60
2026-01-04 19:26:07,396 - INFO - Seed 219: 3463, Gain: 1.32, Total: 164.92
2026-01-04 19:27:23,930 - INFO - Seed 220: 3575, Gain: 0.55, Total: 165.47
2026-01-04 19:28:04,685 - INFO - Seed 221: 3713, Gain: 0.76, Total: 166.23
2026-01-04 19:28:30,711 - INFO - Seed 222: 824, Gain: 0.66, Total: 166.88
2026-01-04 19:28:56,350 - INFO - Seed 223: 110, Gain: 0.78, Total: 167.66
2026-01-04 19:29:16,892 - INFO - Seed 224: 1257, Gain: 0.72, Total: 168.38
2026-01-04 19:29:27,216 - INFO - Seed 225: 1910, Gain: 0.56, Total: 168.94
2026-01-04 19:29:32,388 - INFO - Seed 226: 2416, Gain: 1.02, Total: 169.96
2026-01-04 19:29:53,673 - INFO - Seed 227: 3817, Gain: 0.73, Total: 170.69
2026-01-04 19:30:20,422 - INFO - Seed 228: 3526, Gain: 0.60, Total: 171.29
2026-01-04 19:30:41,502 - INFO - Seed 229: 1301, Gain: 0.54, Total: 171.83
2026-01-04 19:30:52,103 - INFO - Seed 230: 3718, Gain: 0.76, Total: 172.59
2026-01-04 19:30:57,396 - INFO - Seed 231: 2117, Gain: 0.62, Total: 173.21
2026-01-04 19:31:13,295 - INFO - Seed 232: 3716, Gain: 1.10, Total: 174.31
2026-01-04 19:31:24,022 - INFO - Seed 233: 2644, Gain: 0.66, Total: 174.97
2026-01-04 19:31:51,413 - INFO - Seed 234: 1500, Gain: 0.53, Total: 175.50
2026-01-04 19:33:17,814 - INFO - Seed 235: 3616, Gain: 0.87, Total: 176.37
2026-01-04 19:35:02,331 - INFO - Seed 236: 3261, Gain: 0.90, Total: 177.27
2026-01-04 19:37:04,760 - INFO - Seed 237: 2622, Gain: 0.54, Total: 177.81
2026-01-04 19:39:29,420 - INFO - Seed 238: 353, Gain: 0.65, Total: 178.46
2026-01-04 19:40:13,700 - INFO - Seed 239: 2918, Gain: 0.73, Total: 179.18
2026-01-04 19:41:08,949 - INFO - Seed 240: 3908, Gain: 0.65, Total: 179.83
2026-01-04 19:41:15,019 - INFO - Seed 241: 2398, Gain: 0.61, Total: 180.44
2026-01-04 19:41:26,129 - INFO - Seed 242: 2709, Gain: 0.99, Total: 181.43
2026-01-04 19:43:02,104 - INFO - Seed 243: 968, Gain: 0.76, Total: 182.19
2026-01-04 19:43:30,124 - INFO - Seed 244: 978, Gain: 0.54, Total: 182.73
2026-01-04 19:43:52,894 - INFO - Seed 245: 2911, Gain: 1.03, Total: 183.76
2026-01-04 19:45:11,871 - INFO - Seed 246: 2433, Gain: 0.74, Total: 184.50
2026-01-04 19:46:25,286 - INFO - Seed 247: 405, Gain: 0.58, Total: 185.08
2026-01-04 19:46:31,025 - INFO - Seed 248: 1447, Gain: 0.52, Total: 185.60
2026-01-04 19:46:59,612 - INFO - Seed 249: 2806, Gain: 0.75, Total: 186.35
2026-01-04 19:47:05,251 - INFO - Seed 250: 3760, Gain: 0.74, Total: 187.08
2026-01-04 19:47:16,544 - INFO - Seed 251: 1142, Gain: 0.78, Total: 187.87
2026-01-04 19:49:59,420 - INFO - Seed 252: 1808, Gain: 0.54, Total: 188.40
2026-01-04 19:50:34,536 - INFO - Seed 253: 2901, Gain: 0.50, Total: 188.90
2026-01-04 19:50:46,229 - INFO - Seed 254: 3063, Gain: 0.53, Total: 189.43
2026-01-04 19:51:21,275 - INFO - Seed 255: 2917, Gain: 0.63, Total: 190.05
2026-01-04 19:51:27,113 - INFO - Seed 256: 1391, Gain: 0.52, Total: 190.58
2026-01-04 19:51:33,003 - INFO - Seed 257: 2264, Gain: 1.09, Total: 191.66
2026-01-04 19:51:38,998 - INFO - Seed 258: 1619, Gain: 0.92, Total: 192.58
2026-01-04 19:52:09,023 - INFO - Seed 259: 3024, Gain: 0.60, Total: 193.19
2026-01-04 19:52:15,042 - INFO - Seed 260: 346, Gain: 0.88, Total: 194.06
2026-01-04 19:52:32,864 - INFO - Seed 261: 157, Gain: 0.71, Total: 194.77
2026-01-04 19:52:50,878 - INFO - Seed 262: 147, Gain: 0.62, Total: 195.38
2026-01-04 19:52:56,907 - INFO - Seed 263: 660, Gain: 0.59, Total: 195.97
2026-01-04 19:53:03,058 - INFO - Seed 264: 1689, Gain: 0.65, Total: 196.62
2026-01-04 19:53:09,191 - INFO - Seed 265: 3060, Gain: 0.90, Total: 197.52
2026-01-04 19:53:15,420 - INFO - Seed 266: 1420, Gain: 0.68, Total: 198.20
2026-01-04 19:53:21,648 - INFO - Seed 267: 116, Gain: 1.00, Total: 199.19
2026-01-04 19:53:52,610 - INFO - Seed 268: 605, Gain: 0.69, Total: 199.88
2026-01-04 19:54:17,577 - INFO - Seed 269: 720, Gain: 0.79, Total: 200.67
2026-01-04 19:54:42,617 - INFO - Seed 270: 1865, Gain: 0.83, Total: 201.49
2026-01-04 19:56:11,044 - INFO - Seed 271: 296, Gain: 0.67, Total: 202.16
2026-01-04 19:58:09,963 - INFO - Seed 272: 273, Gain: 0.99, Total: 203.15
2026-01-04 19:58:36,409 - INFO - Seed 273: 850, Gain: 0.52, Total: 203.67
2026-01-04 19:59:16,158 - INFO - Seed 274: 1972, Gain: 0.94, Total: 204.62
2026-01-04 20:03:00,359 - INFO - Seed 275: 875, Gain: 0.49, Total: 205.10
2026-01-04 20:03:45,114 - INFO - Seed 276: 3848, Gain: 0.64, Total: 205.74
2026-01-04 20:04:36,520 - INFO - Seed 277: 3062, Gain: 0.53, Total: 206.27
2026-01-04 20:05:34,732 - INFO - Seed 278: 1371, Gain: 0.57, Total: 206.84
2026-01-04 20:06:00,453 - INFO - Seed 279: 808, Gain: 0.80, Total: 207.64
2026-01-04 20:07:00,191 - INFO - Seed 280: 3818, Gain: 0.65, Total: 208.30
2026-01-04 20:07:26,379 - INFO - Seed 281: 2183, Gain: 0.64, Total: 208.94
2026-01-04 20:08:25,902 - INFO - Seed 282: 2753, Gain: 0.69, Total: 209.63
2026-01-04 20:09:25,235 - INFO - Seed 283: 669, Gain: 0.71, Total: 210.34
2026-01-04 20:10:26,202 - INFO - Seed 284: 2050, Gain: 0.52, Total: 210.86
2026-01-04 20:10:32,815 - INFO - Seed 285: 2152, Gain: 0.63, Total: 211.49
2026-01-04 20:10:53,342 - INFO - Seed 286: 794, Gain: 0.80, Total: 212.30
2026-01-04 20:10:59,986 - INFO - Seed 287: 1584, Gain: 0.87, Total: 213.17
2026-01-04 20:13:01,779 - INFO - Seed 288: 541, Gain: 0.80, Total: 213.97
2026-01-04 20:13:55,523 - INFO - Seed 289: 2518, Gain: 0.55, Total: 214.52
2026-01-04 20:14:09,006 - INFO - Seed 290: 1937, Gain: 0.90, Total: 215.42
2026-01-04 20:15:46,136 - INFO - Seed 291: 3530, Gain: 0.52, Total: 215.94
2026-01-04 20:16:06,560 - INFO - Seed 292: 2145, Gain: 0.57, Total: 216.51
2026-01-04 20:17:01,057 - INFO - Seed 293: 1363, Gain: 0.58, Total: 217.09
2026-01-04 20:17:29,239 - INFO - Seed 294: 754, Gain: 0.57, Total: 217.66
2026-01-04 20:17:36,161 - INFO - Seed 295: 2039, Gain: 0.92, Total: 218.58
2026-01-04 20:17:56,607 - INFO - Seed 296: 2166, Gain: 0.51, Total: 219.09
2026-01-04 20:18:03,484 - INFO - Seed 297: 4028, Gain: 0.51, Total: 219.60
2026-01-04 20:18:10,420 - INFO - Seed 298: 132, Gain: 0.70, Total: 220.30
2026-01-04 20:18:17,373 - INFO - Seed 299: 2680, Gain: 0.49, Total: 220.79
2026-01-04 20:18:24,402 - INFO - Seed 300: 558, Gain: 0.49, Total: 221.27
2026-01-04 20:18:31,327 - INFO - Seed 301: 2584, Gain: 1.41, Total: 222.69
2026-01-04 20:18:45,614 - INFO - Seed 302: 832, Gain: 0.85, Total: 223.53
2026-01-04 20:19:20,926 - INFO - Seed 303: 1199, Gain: 0.88, Total: 224.42
2026-01-04 20:20:32,010 - INFO - Seed 304: 2213, Gain: 1.05, Total: 225.47
2026-01-04 20:53:18,553 - INFO - Seed 305: 3657, Gain: 0.51, Total: 225.98
2026-01-04 21:06:02,404 - INFO - Seed 306: 2982, Gain: 0.48, Total: 226.46
2026-01-04 21:10:13,323 - INFO - Seed 307: 3832, Gain: 0.48, Total: 226.93
2026-01-04 21:10:20,571 - INFO - Seed 308: 2739, Gain: 0.68, Total: 227.61
2026-01-04 21:10:56,659 - INFO - Seed 309: 2469, Gain: 0.69, Total: 228.31
2026-01-04 21:11:11,171 - INFO - Seed 310: 3623, Gain: 0.53, Total: 228.84
2026-01-04 21:11:18,363 - INFO - Seed 311: 1281, Gain: 0.74, Total: 229.58
2026-01-04 21:12:09,422 - INFO - Seed 312: 2632, Gain: 0.46, Total: 230.04
2026-01-04 21:12:24,120 - INFO - Seed 313: 780, Gain: 0.50, Total: 230.54
2026-01-04 21:12:38,758 - INFO - Seed 314: 239, Gain: 0.50, Total: 231.03
2026-01-04 21:12:53,418 - INFO - Seed 315: 1249, Gain: 0.72, Total: 231.76
2026-01-04 21:13:00,828 - INFO - Seed 316: 1720, Gain: 1.53, Total: 233.29
2026-01-04 21:19:43,520 - INFO - Seed 317: 2408, Gain: 0.71, Total: 234.00
2026-01-04 21:21:31,375 - INFO - Seed 318: 3576, Gain: 0.44, Total: 234.44
2026-01-04 21:21:38,905 - INFO - Seed 319: 921, Gain: 0.48, Total: 234.92
2026-01-04 21:22:09,344 - INFO - Seed 320: 2295, Gain: 0.99, Total: 235.91
2026-01-04 21:22:48,157 - INFO - Seed 321: 801, Gain: 0.56, Total: 236.47
2026-01-04 21:23:35,296 - INFO - Seed 322: 1532, Gain: 0.65, Total: 237.12
2026-01-04 21:23:59,620 - INFO - Seed 323: 823, Gain: 0.46, Total: 237.58
2026-01-04 21:24:15,755 - INFO - Seed 324: 1637, Gain: 0.88, Total: 238.46
2026-01-04 21:24:31,114 - INFO - Seed 325: 2504, Gain: 0.67, Total: 239.13
2026-01-04 21:24:46,496 - INFO - Seed 326: 3406, Gain: 0.71, Total: 239.84
2026-01-04 21:24:54,216 - INFO - Seed 327: 965, Gain: 0.99, Total: 240.83
2026-01-04 21:25:01,921 - INFO - Seed 328: 428, Gain: 0.53, Total: 241.36
2026-01-04 21:25:01,921 - INFO - CELF 完成，总耗时: 15888.17s
2026-01-04 21:25:01,921 - INFO - 当前用时 15888.17 秒
2026-01-04 21:25:01,921 - INFO - 将种子集 写入位置: /root/pythonspace/data-test/facebook/2026-1-4-random_dirichlet=[5,2,8]/seeds-with-facebook/random_monterCarlo_CELF_seedNum-328_SSRNum-80000.txt
2026-01-04 21:25:01,923 - INFO - 评估种子集: None
2026-01-04 21:25:01,923 - INFO - 多进程评估开始，共有 7 个方法待评估...
2026-01-04 21:25:01,923 - INFO - 启动进程池，Worker数量: 7
2026-01-04 21:25:02,571 - INFO - [Process 39501] 开始评估方法: random, 种子数: 328
2026-01-04 21:25:02,986 - INFO - [Process 39502] 开始评估方法: degreeTopM, 种子数: 328
2026-01-04 21:25:03,414 - INFO - [Process 39503] 开始评估方法: pageRank, 种子数: 328
2026-01-04 21:25:03,812 - INFO - [Process 39504] 开始评估方法: alpha_sort, 种子数: 328
2026-01-04 21:25:04,256 - INFO - [Process 39505] 开始评估方法: importance_sort, 种子数: 328
2026-01-04 21:25:04,700 - INFO - [Process 39506] 开始评估方法: ris_coverage, 种子数: 328
2026-01-04 21:25:05,135 - INFO - [Process 39507] 开始评估方法: monterCarlo_CELF, 种子数: 328
2026-01-04 21:25:09,333 - INFO - [Process 39504] alpha_sort - 500 sims 完成: E=259.54
2026-01-04 21:25:11,447 - INFO - [Process 39501] random - 500 sims 完成: E=223.17
2026-01-04 21:25:11,793 - INFO - [Process 39505] importance_sort - 500 sims 完成: E=211.37
2026-01-04 21:25:12,613 - INFO - [Process 39503] pageRank - 500 sims 完成: E=215.89
2026-01-04 21:25:12,616 - INFO - [Process 39502] degreeTopM - 500 sims 完成: E=196.88
2026-01-04 21:25:12,921 - INFO - [Process 39506] ris_coverage - 500 sims 完成: E=238.17
2026-01-04 21:25:13,564 - INFO - [Process 39507] monterCarlo_CELF - 500 sims 完成: E=240.96
2026-01-04 21:25:13,600 - INFO - 所有进程执行完毕，开始写入数据...
2026-01-04 21:25:13,610 - INFO - 成功写入 7 条记录至 /root/pythonspace/data-test/facebook/2026-1-4-random_dirichlet=[5,2,8]/E-activated-facebook/distribution-random/simuTimes-500_random-dirichlet-[5, 2, 8]_rrNumSamples-80000.csv
2026-01-04 21:25:13,611 - INFO - 保存评估文件至: /root/pythonspace/data-test/facebook/2026-1-4-random_dirichlet=[5,2,8]/E-activated-facebook/distribution-random/simuTimes-500_random-dirichlet-[5, 2, 8]_rrNumSamples-80000.csv
