2025-11-19 14:51:29,296 - INFO - 加载数据集: Twitter
2025-11-19 14:51:29,299 - INFO - 首次生成度相关概率分布 分布类型: 'random'.
2025-11-19 14:51:29,299 - INFO - ===> Generating 'Dirichlet' distributions...
2025-11-19 14:51:29,304 - INFO - 保存概率分布 文件位置: /home/wen/pythonspace/data-test/Twitter/2025-11-18-random-533-new/distribution-in-Twitter/distribution-random_seedNum-25.pkl
2025-11-19 14:51:34,372 - INFO - 首次生成种子集 random
2025-11-19 14:51:34,373 - INFO - 执行当前算法开始: random
2025-11-19 14:51:34,374 - INFO - 当前用时 0.00 秒
2025-11-19 14:51:34,374 - INFO - 将种子集 写入位置: /home/wen/pythonspace/data-test/Twitter/2025-11-18-random-533-new/seeds-with-Twitter/distribution-random_random_seedNum-25.txt
2025-11-19 14:51:34,375 - INFO - 首次生成种子集 degreeTopM
2025-11-19 14:51:34,375 - INFO - 执行当前算法开始: degreeTopM
2025-11-19 14:51:34,378 - INFO - 当前用时 0.00 秒
2025-11-19 14:51:34,378 - INFO - 将种子集 写入位置: /home/wen/pythonspace/data-test/Twitter/2025-11-18-random-533-new/seeds-with-Twitter/distribution-random_degreeTopM_seedNum-25.txt
2025-11-19 14:51:34,378 - INFO - 首次生成种子集 alpha_sort
2025-11-19 14:51:34,378 - INFO - 执行当前算法开始: alpha_sort
2025-11-19 14:51:34,394 - INFO - 
选择的种子集 (按alpha排序): [3848, 18104, 11008, 21616, 3145, 2920, 12303, 12876, 2159, 7389, 4132, 15277, 21462, 13385, 11082, 16552, 5806, 20138, 9245, 10848, 5777, 744, 13431, 12364, 18141]

2025-11-19 14:51:34,395 - INFO - 当前用时 0.02 秒
2025-11-19 14:51:34,395 - INFO - 将种子集 写入位置: /home/wen/pythonspace/data-test/Twitter/2025-11-18-random-533-new/seeds-with-Twitter/distribution-random_alpha_sort_seedNum-25.txt
2025-11-19 14:51:34,395 - INFO - 首次生成种子集 importance_sort
2025-11-19 14:51:34,395 - INFO - 执行当前算法开始: importance_sort
2025-11-19 14:51:46,058 - INFO - 
选择的种子集 (按Importance排序): [3848, 18104, 11008, 21616, 3145, 2920, 12303, 12876, 2159, 7389, 4132, 15277, 21462, 13385, 11082, 16552, 5806, 9625, 20138, 9245, 10848, 5777, 744, 13431, 12364]

2025-11-19 14:51:46,060 - INFO - 当前用时 11.66 秒
2025-11-19 14:51:46,060 - INFO - 将种子集 写入位置: /home/wen/pythonspace/data-test/Twitter/2025-11-18-random-533-new/seeds-with-Twitter/distribution-random_importance_sort_seedNum-25.txt
2025-11-19 14:51:46,060 - INFO - 首次生成种子集 ris_coverage
2025-11-19 14:51:46,060 - INFO - 执行当前算法开始: ris_coverage
2025-11-19 14:51:46,443 - INFO - 反向图构建完成，处理了 65548 条边。
2025-11-19 14:51:46,446 - INFO - 图初始化完成，包含 23362 个节点，选择 25 个种子。
2025-11-19 14:51:46,446 - INFO - 
采样次数: 100000, 开始生成 100000 组SSR，使用 2 个并行进程...
2025-11-19 14:51:56,439 - INFO - 100000 个SSR生成完毕。耗时: 9.99 秒。
2025-11-19 14:51:56,454 - INFO - 
开始选择最优的种子节点 ...
2025-11-19 14:52:02,412 - INFO - 种子节点选择完毕。耗时: 5.96 秒。
2025-11-19 14:52:02,502 - INFO - 最终选择的种子集: [5205, 903, 197, 2227, 6277, 1100, 12325, 6787, 3133, 3979, 3482, 7553, 5026, 2594, 579, 19786, 917, 18234, 8511, 6616, 4553, 6673, 10231, 11306, 156]

2025-11-19 14:52:02,923 - INFO - 当前用时 16.86 秒
2025-11-19 14:52:02,924 - INFO - 将种子集 写入位置: /home/wen/pythonspace/data-test/Twitter/2025-11-18-random-533-new/seeds-with-Twitter/distribution-random_ris_coverage_seedNum-25.txt
2025-11-19 14:52:02,927 - INFO - 评估种子集: None
2025-11-19 14:52:02,927 - INFO - 评估函数开始
2025-11-19 14:52:02,927 - INFO - 当前模拟次数: [3]

2025-11-19 14:52:02,927 - INFO - 当前评估种子数: 25 ---
2025-11-19 14:52:02,927 - INFO -   Evaluating method: 'random' with 25 seeds.
2025-11-19 14:52:02,927 - INFO -     Running 3 simulations...
2025-11-19 14:52:02,927 - INFO - 		当前模拟轮次: 0
2025-11-19 14:52:02,946 - INFO - 		当前模拟轮次: 1
2025-11-19 14:52:02,983 - INFO - 		当前模拟轮次: 2
2025-11-19 14:52:02,998 - INFO -     Result: E[Users] = 11.3333, Var[Users] = 0.8889, Std_Dev = 0.9428
2025-11-19 14:52:03,004 - INFO -   Evaluating method: 'degreeTopM' with 25 seeds.
2025-11-19 14:52:03,004 - INFO -     Running 3 simulations...
2025-11-19 14:52:03,004 - INFO - 		当前模拟轮次: 0
2025-11-19 14:52:03,022 - INFO - 		当前模拟轮次: 1
2025-11-19 14:52:03,029 - INFO - 		当前模拟轮次: 2
2025-11-19 14:52:03,043 - INFO -     Result: E[Users] = 8.0000, Var[Users] = 2.6667, Std_Dev = 1.6330
2025-11-19 14:52:03,044 - INFO -   Evaluating method: 'alpha_sort' with 25 seeds.
2025-11-19 14:52:03,044 - INFO -     Running 3 simulations...
2025-11-19 14:52:03,044 - INFO - 		当前模拟轮次: 0
2025-11-19 14:52:03,046 - INFO - 		当前模拟轮次: 1
2025-11-19 14:52:03,051 - INFO - 		当前模拟轮次: 2
2025-11-19 14:52:03,055 - INFO -     Result: E[Users] = 19.6667, Var[Users] = 0.8889, Std_Dev = 0.9428
2025-11-19 14:52:03,056 - INFO -   Evaluating method: 'importance_sort' with 25 seeds.
2025-11-19 14:52:03,056 - INFO -     Running 3 simulations...
2025-11-19 14:52:03,056 - INFO - 		当前模拟轮次: 0
2025-11-19 14:52:03,065 - INFO - 		当前模拟轮次: 1
2025-11-19 14:52:03,073 - INFO - 		当前模拟轮次: 2
2025-11-19 14:52:03,078 - INFO -     Result: E[Users] = 21.3333, Var[Users] = 2.8889, Std_Dev = 1.6997
2025-11-19 14:52:03,079 - INFO -   Evaluating method: 'ris_coverage' with 25 seeds.
2025-11-19 14:52:03,079 - INFO -     Running 3 simulations...
2025-11-19 14:52:03,079 - INFO - 		当前模拟轮次: 0
2025-11-19 14:52:03,089 - INFO - 		当前模拟轮次: 1
2025-11-19 14:52:03,101 - INFO - 		当前模拟轮次: 2
2025-11-19 14:52:03,110 - INFO -     Result: E[Users] = 17.3333, Var[Users] = 8.2222, Std_Dev = 2.8674
2025-11-19 14:52:03,112 - INFO - 保存评估文件至: /home/wen/pythonspace/data-test/Twitter/2025-11-18-random-533-new/E-activated-Twitter/distribution-random_simuTimes-3_seedNum-25_monteCarloL-10_rrNumSamples-100000.csv
