2025-11-19 14:59:56,140 - INFO - 加载数据集: Twitter
2025-11-19 14:59:56,143 - INFO - 首次生成度相关概率分布 分布类型: 'random'.
2025-11-19 14:59:56,143 - INFO - ===> Generating 'Dirichlet' distributions...
2025-11-19 14:59:56,149 - INFO - 保存概率分布 文件位置: /home/wen/pythonspace/data-test/Twitter/2025-11-18-random-533-new/distribution-in-Twitter/distribution-random_seedNum-350.pkl
2025-11-19 15:00:00,891 - INFO - 首次生成种子集 random
2025-11-19 15:00:00,891 - INFO - 执行当前算法开始: random
2025-11-19 15:00:00,892 - INFO - 当前用时 0.00 秒
2025-11-19 15:00:00,893 - INFO - 将种子集 写入位置: /home/wen/pythonspace/data-test/Twitter/2025-11-18-random-533-new/seeds-with-Twitter/distribution-random_random_seedNum-350.txt
2025-11-19 15:00:00,893 - INFO - 首次生成种子集 degreeTopM
2025-11-19 15:00:00,893 - INFO - 执行当前算法开始: degreeTopM
2025-11-19 15:00:00,896 - INFO - 当前用时 0.00 秒
2025-11-19 15:00:00,896 - INFO - 将种子集 写入位置: /home/wen/pythonspace/data-test/Twitter/2025-11-18-random-533-new/seeds-with-Twitter/distribution-random_degreeTopM_seedNum-350.txt
2025-11-19 15:00:00,897 - INFO - 首次生成种子集 alpha_sort
2025-11-19 15:00:00,897 - INFO - 执行当前算法开始: alpha_sort
2025-11-19 15:00:00,929 - INFO - 
选择的种子集 (按alpha排序): [10220, 19769, 17405, 9691, 19736, 14902, 20360, 18018, 15486, 14193, 18210, 18221, 7518, 15387, 15552, 8368, 13379, 8600, 7974, 9117, 16237, 86, 22172, 6973, 7076, 19, 21925, 4197, 5222, 19530, 4233, 21652, 13406, 21901, 6733, 1204, 14200, 16054, 11713, 14003, 4483, 8464, 6007, 7894, 15508, 11114, 3011, 16944, 4853, 13993, 19687, 21019, 14278, 16282, 22800, 2814, 7631, 20784, 11584, 14362, 9852, 9042, 10367, 21547, 9858, 1307, 19836, 5461, 13910, 14861, 10795, 21665, 11581, 12606, 22504, 19618, 23024, 13704, 22866, 13750, 9642, 1931, 10682, 14121, 15532, 19261, 15095, 2080, 12586, 15166, 11514, 7113, 13957, 13295, 5308, 750, 10536, 15476, 7525, 15673, 17636, 12096, 19521, 13844, 10039, 21421, 9445, 5724, 5457, 17430, 23144, 11962, 3966, 21013, 7061, 4687, 22240, 6589, 8783, 8536, 18498, 13994, 6897, 19432, 6125, 19314, 8094, 16632, 900, 9776, 4865, 75, 4901, 15790, 1125, 19564, 17129, 15836, 23037, 12693, 4618, 16488, 16069, 8256, 7923, 7297, 6560, 23297, 5466, 21251, 9511, 5195, 14735, 22526, 15372, 7422, 16458, 2466, 11215, 2882, 12377, 13963, 22805, 15527, 13090, 14974, 13443, 10378, 7675, 21043, 9587, 3392, 7753, 5152, 5933, 19186, 12142, 14834, 14643, 14514, 2222, 3356, 2407, 18875, 1765, 11705, 15820, 2640, 3228, 3088, 6265, 5354, 11848, 23335, 6258, 14970, 14654, 7262, 6435, 15994, 3275, 16974, 21847, 11374, 8183, 3765, 21149, 15296, 13980, 4630, 21023, 17506, 18730, 9351, 11622, 3054, 19718, 7622, 22107, 10473, 10030, 1625, 11037, 3367, 885, 18938, 8568, 12744, 5822, 16029, 12775, 12894, 5371, 513, 7678, 20980, 14028, 13346, 19614, 21488, 20924, 8502, 1347, 23184, 1043, 5707, 4719, 16453, 19541, 22703, 18861, 4744, 19773, 2315, 7668, 5061, 2849, 14959, 6503, 6190, 14742, 1369, 10878, 19201, 12614, 14119, 7506, 17725, 4209, 5950, 11145, 16260, 1929, 3230, 13558, 1248, 12050, 10617, 10653, 5837, 2886, 12375, 23181, 242, 18381, 20236, 15672, 265, 7981, 14872, 2025, 21193, 17150, 17878, 8442, 4066, 4115, 10504, 6908, 10047, 4572, 23295, 13760, 16053, 5823, 6640, 1907, 11105, 13633, 18363, 1872, 8622, 11803, 5232, 19624, 6071, 14519, 3553, 558, 6118, 12047, 4149, 6603, 12250, 9495, 3743, 1847, 6107, 19163, 10933, 13409, 11972, 15193, 3068, 16774, 766, 21869, 13056, 11704, 17433, 8118, 22658, 13275, 17234, 1298, 16265, 12788, 18008, 12427, 18815]

2025-11-19 15:00:00,931 - INFO - 当前用时 0.03 秒
2025-11-19 15:00:00,932 - INFO - 将种子集 写入位置: /home/wen/pythonspace/data-test/Twitter/2025-11-18-random-533-new/seeds-with-Twitter/distribution-random_alpha_sort_seedNum-350.txt
2025-11-19 15:00:00,932 - INFO - 首次生成种子集 importance_sort
2025-11-19 15:00:00,932 - INFO - 执行当前算法开始: importance_sort
2025-11-19 15:00:12,644 - INFO - 
选择的种子集 (按Importance排序): [10220, 19769, 17405, 9691, 19736, 14902, 20360, 18018, 15486, 14193, 18210, 18221, 7518, 15387, 15552, 8368, 13379, 19, 8600, 7974, 9117, 16237, 86, 22172, 6973, 7076, 21925, 4197, 5222, 19530, 4233, 21652, 13406, 21901, 6733, 1204, 14200, 16054, 11713, 14003, 9642, 4483, 8464, 6007, 7894, 15508, 75, 11114, 3011, 16944, 4853, 13993, 19687, 21019, 14278, 16282, 22800, 2814, 7631, 20784, 11584, 14362, 9852, 9042, 10367, 21547, 9858, 1307, 19836, 5461, 13910, 14861, 10795, 21665, 11581, 12606, 22504, 19618, 23024, 13704, 22866, 13750, 1931, 10682, 14121, 15532, 19261, 15095, 2080, 12586, 15166, 11514, 7113, 13957, 13295, 5308, 750, 10536, 15476, 9587, 7525, 15673, 17636, 12096, 19521, 13844, 10039, 21421, 9445, 5724, 5457, 17430, 23144, 11962, 3966, 21013, 7061, 4687, 22240, 6589, 8783, 8536, 18498, 13994, 6897, 19432, 6125, 19314, 8094, 16632, 900, 9776, 4865, 4901, 15790, 1125, 19564, 17129, 15836, 23037, 12693, 4618, 16488, 16069, 8256, 7923, 7297, 6560, 23297, 5466, 21251, 9511, 5195, 14735, 22526, 15372, 7422, 16458, 2466, 11215, 2882, 12377, 13963, 22805, 15527, 13090, 14974, 13443, 10378, 7675, 21043, 9565, 3392, 7753, 5152, 5933, 19186, 12142, 14834, 14643, 14514, 2222, 3356, 2407, 18875, 1765, 11705, 15820, 2640, 3228, 3088, 6265, 5354, 11848, 23335, 6258, 14970, 14654, 7262, 6435, 15994, 3275, 16974, 21847, 11374, 8183, 3765, 21149, 15296, 13980, 4630, 21023, 17506, 18730, 9351, 11622, 3054, 19718, 7622, 22107, 10473, 10030, 1625, 11037, 3367, 885, 18938, 8568, 12744, 5822, 16029, 12775, 12894, 5371, 513, 7678, 20980, 14028, 13346, 19614, 21488, 20924, 8502, 1347, 23184, 1043, 5707, 4719, 16453, 19541, 22703, 18861, 4744, 19773, 2315, 7668, 5061, 2849, 14959, 6503, 6190, 14742, 1369, 10878, 19201, 12614, 14119, 9655, 7506, 17725, 4209, 5950, 11145, 16260, 1929, 3230, 13558, 1248, 12050, 10617, 10653, 5837, 2886, 12375, 23181, 242, 18381, 20236, 15672, 265, 7981, 14872, 2025, 21193, 17150, 17878, 8442, 4066, 4115, 10504, 6908, 10047, 4572, 23295, 13760, 16053, 5823, 6640, 1907, 11105, 13633, 18363, 1872, 8622, 11803, 5232, 19624, 6071, 14519, 3553, 558, 6118, 12047, 4149, 6603, 12250, 9495, 3743, 1847, 6107, 19163, 10933, 13409, 11972, 15193, 3068, 16774, 766, 21869, 13056, 11704, 17433, 8118, 22658, 13275, 17234, 1298, 16265, 12788, 18008]

2025-11-19 15:00:12,646 - INFO - 当前用时 11.71 秒
2025-11-19 15:00:12,646 - INFO - 将种子集 写入位置: /home/wen/pythonspace/data-test/Twitter/2025-11-18-random-533-new/seeds-with-Twitter/distribution-random_importance_sort_seedNum-350.txt
2025-11-19 15:00:12,646 - INFO - 首次生成种子集 ris_coverage
2025-11-19 15:00:12,646 - INFO - 执行当前算法开始: ris_coverage
2025-11-19 15:00:12,852 - INFO - 反向图构建完成，处理了 65548 条边。
2025-11-19 15:00:12,855 - INFO - 图初始化完成，包含 23362 个节点，选择 350 个种子。
2025-11-19 15:00:12,855 - INFO - 
采样次数: 100000, 开始生成 100000 组SSR，使用 2 个并行进程...
2025-11-19 15:01:59,326 - INFO - 100000 个SSR生成完毕。耗时: 106.47 秒。
2025-11-19 15:01:59,333 - INFO - 
开始选择最优的种子节点 ...
2025-11-19 15:11:09,760 - INFO - 种子节点选择完毕。耗时: 550.43 秒。
2025-11-19 15:11:10,757 - INFO - 最终选择的种子集: [12796, 20194, 13910, 20083, 4094, 177, 7744, 3762, 15117, 14202, 11431, 7567, 22408, 223, 1509, 20413, 23259, 9081, 6374, 8861, 20936, 16529, 8888, 2666, 510, 9172, 5982, 15276, 17531, 13988, 1487, 7377, 8420, 193, 12204, 23295, 5867, 18413, 22647, 10934, 13399, 17161, 107, 1145, 23108, 14715, 10154, 1248, 7008, 2165, 4029, 20939, 22425, 17128, 14795, 8493, 2002, 5365, 21547, 12829, 10251, 101, 4892, 1388, 16421, 22824, 2738, 597, 128, 22145, 6459, 3142, 4762, 19541, 5577, 4841, 19441, 12507, 7090, 1929, 5282, 273, 23184, 5210, 20040, 4797, 13746, 2133, 5213, 7336, 1658, 15210, 7996, 6182, 8127, 3847, 8336, 4921, 19520, 11279, 19709, 13255, 9809, 5470, 20197, 4658, 18110, 12944, 3931, 6209, 13049, 2958, 6164, 14119, 7624, 6264, 9540, 4215, 14509, 17580, 20840, 1840, 11287, 9427, 14182, 10353, 23101, 21594, 8503, 64, 304, 16438, 16205, 6356, 16119, 2921, 2016, 17843, 249, 14467, 696, 22199, 8435, 2240, 22293, 2564, 7142, 4034, 3431, 5008, 15485, 5905, 10680, 1428, 20993, 8209, 15200, 23027, 1794, 5326, 2927, 15819, 5448, 11058, 12692, 22859, 5985, 14297, 5854, 22877, 19418, 15910, 4840, 13603, 15927, 1557, 1741, 1888, 4016, 1815, 7177, 3248, 7419, 15592, 7340, 12069, 5877, 21979, 20325, 12198, 3561, 2696, 23335, 11567, 11289, 14830, 4511, 19052, 12334, 5775, 2965, 19339, 6664, 17355, 2004, 9051, 8767, 22043, 7753, 13273, 1238, 13138, 21951, 12504, 6577, 12412, 12775, 15476, 1638, 6320, 9632, 23037, 19007, 7393, 13800, 1150, 2540, 4930, 15546, 12798, 14761, 554, 9415, 15196, 4177, 10921, 21860, 7145, 13634, 1395, 8597, 12946, 3386, 6857, 3981, 4522, 12094, 22225, 17230, 7524, 7327, 22979, 10825, 21253, 4478, 2105, 5432, 1680, 16128, 8255, 1822, 12545, 459, 19351, 11684, 1906, 9286, 2282, 5582, 20226, 9576, 10633, 976, 1201, 1092, 5878, 9680, 3723, 11566, 1340, 20748, 13169, 474, 14234, 2730, 15648, 11066, 2359, 6012, 13095, 23134, 13350, 16281, 1990, 20185, 9779, 6799, 631, 9583, 21294, 19186, 9059, 22239, 20980, 16007, 19372, 4780, 8141, 2608, 14657, 17108, 10883, 132, 520, 4567, 8464, 1474, 3044, 409, 20882, 15725, 21339, 15694, 21782, 15369, 918, 14290, 12950, 961, 265, 4736, 14046, 1702, 4510, 16458, 5006, 20189, 8852, 578, 15310, 17298, 20398, 16178, 16579, 18683, 8010, 2169, 21391, 15938, 10079]

2025-11-19 15:11:18,417 - INFO - 当前用时 665.77 秒
2025-11-19 15:11:18,417 - INFO - 将种子集 写入位置: /home/wen/pythonspace/data-test/Twitter/2025-11-18-random-533-new/seeds-with-Twitter/distribution-random_ris_coverage_seedNum-350.txt
2025-11-19 15:11:18,424 - INFO - 评估种子集: None
2025-11-19 15:11:18,424 - INFO - 评估函数开始
2025-11-19 15:11:18,424 - INFO - 当前模拟次数: [3]

2025-11-19 15:11:18,424 - INFO - 当前评估种子数: 350 ---
2025-11-19 15:11:18,424 - INFO -   Evaluating method: 'random' with 350 seeds.
2025-11-19 15:11:18,425 - INFO -     Running 3 simulations...
2025-11-19 15:11:18,425 - INFO - 		当前模拟轮次: 0
2025-11-19 15:11:20,039 - INFO - 		当前模拟轮次: 1
2025-11-19 15:11:20,246 - INFO - 		当前模拟轮次: 2
2025-11-19 15:11:20,425 - INFO -     Result: E[Users] = 175.0000, Var[Users] = 28.6667, Std_Dev = 5.3541
2025-11-19 15:11:20,438 - INFO -   Evaluating method: 'degreeTopM' with 350 seeds.
2025-11-19 15:11:20,438 - INFO -     Running 3 simulations...
2025-11-19 15:11:20,438 - INFO - 		当前模拟轮次: 0
2025-11-19 15:11:20,620 - INFO - 		当前模拟轮次: 1
2025-11-19 15:11:20,812 - INFO - 		当前模拟轮次: 2
2025-11-19 15:11:20,973 - INFO -     Result: E[Users] = 180.6667, Var[Users] = 2.8889, Std_Dev = 1.6997
2025-11-19 15:11:20,975 - INFO -   Evaluating method: 'alpha_sort' with 350 seeds.
2025-11-19 15:11:20,975 - INFO -     Running 3 simulations...
2025-11-19 15:11:20,975 - INFO - 		当前模拟轮次: 0
2025-11-19 15:11:21,074 - INFO - 		当前模拟轮次: 1
2025-11-19 15:11:21,151 - INFO - 		当前模拟轮次: 2
2025-11-19 15:11:21,237 - INFO -     Result: E[Users] = 259.0000, Var[Users] = 114.0000, Std_Dev = 10.6771
2025-11-19 15:11:21,239 - INFO -   Evaluating method: 'importance_sort' with 350 seeds.
2025-11-19 15:11:21,239 - INFO -     Running 3 simulations...
2025-11-19 15:11:21,239 - INFO - 		当前模拟轮次: 0
2025-11-19 15:11:21,313 - INFO - 		当前模拟轮次: 1
2025-11-19 15:11:21,394 - INFO - 		当前模拟轮次: 2
2025-11-19 15:11:21,459 - INFO -     Result: E[Users] = 262.0000, Var[Users] = 4.6667, Std_Dev = 2.1602
2025-11-19 15:11:21,460 - INFO -   Evaluating method: 'ris_coverage' with 350 seeds.
2025-11-19 15:11:21,460 - INFO -     Running 3 simulations...
2025-11-19 15:11:21,461 - INFO - 		当前模拟轮次: 0
2025-11-19 15:11:21,632 - INFO - 		当前模拟轮次: 1
2025-11-19 15:11:21,804 - INFO - 		当前模拟轮次: 2
2025-11-19 15:11:21,950 - INFO -     Result: E[Users] = 208.3333, Var[Users] = 16.2222, Std_Dev = 4.0277
2025-11-19 15:11:21,951 - INFO - 保存评估文件至: /home/wen/pythonspace/data-test/Twitter/2025-11-18-random-533-new/E-activated-Twitter/distribution-random_simuTimes-3_seedNum-350_monteCarloL-10_rrNumSamples-100000.csv
