2025-12-13 16:16:06,175 - INFO - 加载数据集: Mich
2025-12-13 16:16:06,178 - INFO - 首次生成度相关概率分布 分布类型: 'random'.
2025-12-13 16:16:06,178 - INFO - ===> Generating 'Dirichlet' distributions with alpha=[1, 12, 7]...
2025-12-13 16:16:06,180 - INFO - 保存概率分布 文件位置: /root/pythonspace/data-test/Mich/2025-12-13-dis_up_and_succ_down_and_p_0.5_weighted/distribution-in-Mich/distribution-random_seedNum-125.pkl
2025-12-13 16:16:06,267 - INFO - 首次生成种子集 random
2025-12-13 16:16:06,267 - INFO - 执行当前算法开始: random
2025-12-13 16:16:06,267 - INFO - 当前用时 0.00 秒
2025-12-13 16:16:06,267 - INFO - 将种子集 写入位置: /root/pythonspace/data-test/Mich/2025-12-13-dis_up_and_succ_down_and_p_0.5_weighted/seeds-with-Mich/random_random_seedNum-125_SSRNum-20000.txt
2025-12-13 16:16:06,268 - INFO - 首次生成种子集 degreeTopM
2025-12-13 16:16:06,268 - INFO - 执行当前算法开始: degreeTopM
2025-12-13 16:16:06,269 - INFO - 当前用时 0.00 秒
2025-12-13 16:16:06,270 - INFO - 将种子集 写入位置: /root/pythonspace/data-test/Mich/2025-12-13-dis_up_and_succ_down_and_p_0.5_weighted/seeds-with-Mich/random_degreeTopM_seedNum-125_SSRNum-20000.txt
2025-12-13 16:16:06,270 - INFO - 首次生成种子集 alpha_sort
2025-12-13 16:16:06,270 - INFO - 执行当前算法开始: alpha_sort
2025-12-13 16:16:06,291 - INFO - 3748 个节点的alpha值降序排序 done
2025-12-13 16:16:06,291 - INFO - ==============>> [(2950, 0.3691063), (2857, 0.3431196), (969, 0.3327842), (1163, 0.3265989), (3523, 0.3237559), (1467, 0.3154504), (3691, 0.3010864), (3012, 0.3010732), (1171, 0.2868633), (1245, 0.286405)]
2025-12-13 16:16:06,291 - INFO - 
选择的种子集 (按alpha排序): [2950, 2857, 969, 1163, 3523, 1467, 3691, 3012, 1171, 1245, 115, 1678, 3728, 2184, 1591, 2657, 286, 3476, 357, 2218, 577, 2541, 251, 1353, 3170, 427, 943, 1052, 954, 1651, 977, 208, 3092, 1916, 581, 2213, 1026, 1235, 1555, 2422, 3040, 1798, 736, 3629, 1809, 38, 2377, 3126, 2345, 2907, 3179, 3151, 2787, 826, 2240, 3182, 1940, 282, 1848, 3233, 1223, 1140, 1815, 1489, 82, 3068, 497, 2969, 1201, 2385, 2373, 1418, 2914, 2136, 3143, 621, 3635, 373, 3352, 854, 1756, 62, 2369, 2141, 2121, 3598, 1389, 2597, 4, 2462, 1829, 2241, 2827, 1900, 532, 873, 3331, 2026, 1077, 2654, 1010, 3173, 760, 646, 1362, 2452, 3467, 1977, 2796, 312, 113, 1431, 390, 3053, 732, 714, 513, 2360, 633, 471, 327, 1365, 2256, 1719, 3633]

2025-12-13 16:16:06,291 - INFO - 当前用时 0.02 秒
2025-12-13 16:16:06,292 - INFO - 将种子集 写入位置: /root/pythonspace/data-test/Mich/2025-12-13-dis_up_and_succ_down_and_p_0.5_weighted/seeds-with-Mich/random_alpha_sort_seedNum-125_SSRNum-20000.txt
2025-12-13 16:16:06,292 - INFO - 首次生成种子集 Weighted_RIS
2025-12-13 16:16:06,292 - INFO - 执行当前算法开始: Weighted_RIS
2025-12-13 16:16:06,430 - INFO - 图初始化完成，CSR 矩阵及概率分布准备就绪。
2025-12-13 16:16:06,430 - INFO - 
开始生成 20000 组 SSR (并行进程: 4)...
2025-12-13 16:49:19,124 - INFO - 生成完毕。耗时: 1992.69 秒。
2025-12-13 16:49:19,125 - INFO - 
开始选择最优种子 (Weighted Greedy) ...
2025-12-13 16:51:18,797 - INFO -   - 券 1 选中 0, 增益: 91.0041
2025-12-13 16:51:19,248 - INFO -   - 券 2 选中 1, 增益: 88.0147
2025-12-13 16:51:19,694 - INFO -   - 券 3 选中 2, 增益: 85.8860
2025-12-13 16:51:20,175 - INFO -   - 券 4 选中 3, 增益: 90.6786
2025-12-13 16:51:20,629 - INFO -   - 券 5 选中 5, 增益: 86.3593
2025-12-13 16:51:21,142 - INFO -   - 券 6 选中 6, 增益: 86.8711
2025-12-13 16:51:21,555 - INFO -   - 券 7 选中 2941, 增益: 88.3604
2025-12-13 16:51:21,961 - INFO -   - 券 8 选中 7, 增益: 90.0331
2025-12-13 16:51:22,385 - INFO -   - 券 9 选中 9, 增益: 96.7764
2025-12-13 16:51:23,049 - INFO -   - 券 10 选中 10, 增益: 84.0705
2025-12-13 16:51:23,779 - INFO -   - 券 11 选中 13, 增益: 87.9981
2025-12-13 16:51:24,542 - INFO -   - 券 12 选中 1985, 增益: 88.6977
2025-12-13 16:51:25,242 - INFO -   - 券 13 选中 3396, 增益: 86.6853
2025-12-13 16:51:26,037 - INFO -   - 券 14 选中 14, 增益: 87.2159
2025-12-13 16:51:26,777 - INFO -   - 券 15 选中 15, 增益: 86.3493
2025-12-13 16:51:27,500 - INFO -   - 券 16 选中 16, 增益: 90.9017
2025-12-13 16:51:28,316 - INFO -   - 券 17 选中 17, 增益: 88.4907
2025-12-13 16:51:29,096 - INFO -   - 券 18 选中 19, 增益: 85.6056
2025-12-13 16:51:29,809 - INFO -   - 券 19 选中 1298, 增益: 81.0225
2025-12-13 16:51:30,463 - INFO -   - 券 20 选中 21, 增益: 88.0544
2025-12-13 16:51:31,054 - INFO -   - 券 21 选中 1751, 增益: 86.0675
2025-12-13 16:51:31,825 - INFO -   - 券 22 选中 22, 增益: 92.7714
2025-12-13 16:51:32,667 - INFO -   - 券 23 选中 3066, 增益: 90.9793
2025-12-13 16:51:33,303 - INFO -   - 券 24 选中 25, 增益: 88.6679
2025-12-13 16:51:33,857 - INFO -   - 券 25 选中 27, 增益: 84.9018
2025-12-13 16:51:34,633 - INFO -   - 券 26 选中 32, 增益: 90.3648
2025-12-13 16:51:35,387 - INFO -   - 券 27 选中 28, 增益: 89.8381
2025-12-13 16:51:36,107 - INFO -   - 券 28 选中 31, 增益: 89.7162
2025-12-13 16:51:36,585 - INFO -   - 券 29 选中 33, 增益: 86.1043
2025-12-13 16:51:37,379 - INFO -   - 券 30 选中 34, 增益: 90.3157
2025-12-13 16:51:38,183 - INFO -   - 券 31 选中 37, 增益: 89.2069
2025-12-13 16:51:39,040 - INFO -   - 券 32 选中 38, 增益: 86.5190
2025-12-13 16:51:39,885 - INFO -   - 券 33 选中 39, 增益: 83.9759
2025-12-13 16:51:40,738 - INFO -   - 券 34 选中 40, 增益: 88.7046
2025-12-13 16:51:41,601 - INFO -   - 券 35 选中 42, 增益: 84.9582
2025-12-13 16:51:42,485 - INFO -   - 券 36 选中 41, 增益: 86.1441
2025-12-13 16:51:43,352 - INFO -   - 券 37 选中 43, 增益: 83.8813
2025-12-13 16:51:44,251 - INFO -   - 券 38 选中 3344, 增益: 89.3573
2025-12-13 16:51:45,157 - INFO -   - 券 39 选中 44, 增益: 90.1171
2025-12-13 16:51:46,054 - INFO -   - 券 40 选中 45, 增益: 86.9510
2025-12-13 16:51:46,956 - INFO -   - 券 41 选中 2359, 增益: 82.8510
2025-12-13 16:51:47,925 - INFO -   - 券 42 选中 46, 增益: 89.6340
2025-12-13 16:51:48,884 - INFO -   - 券 43 选中 47, 增益: 92.0156
2025-12-13 16:51:49,747 - INFO -   - 券 44 选中 48, 增益: 82.1195
2025-12-13 16:51:50,693 - INFO -   - 券 45 选中 49, 增益: 88.3960
2025-12-13 16:51:51,661 - INFO -   - 券 46 选中 51, 增益: 86.9099
2025-12-13 16:51:52,590 - INFO -   - 券 47 选中 52, 增益: 88.8221
2025-12-13 16:51:53,467 - INFO -   - 券 48 选中 53, 增益: 87.2780
2025-12-13 16:51:54,372 - INFO -   - 券 49 选中 54, 增益: 87.5725
2025-12-13 16:51:55,277 - INFO -   - 券 50 选中 55, 增益: 86.3054
2025-12-13 16:51:56,145 - INFO -   - 券 51 选中 56, 增益: 86.8583
2025-12-13 16:51:57,027 - INFO -   - 券 52 选中 57, 增益: 81.9212
2025-12-13 16:51:58,023 - INFO -   - 券 53 选中 58, 增益: 88.6318
2025-12-13 16:51:59,044 - INFO -   - 券 54 选中 59, 增益: 91.7755
2025-12-13 16:52:00,049 - INFO -   - 券 55 选中 1628, 增益: 90.6943
2025-12-13 16:52:01,026 - INFO -   - 券 56 选中 2532, 增益: 88.0815
2025-12-13 16:52:02,026 - INFO -   - 券 57 选中 60, 增益: 91.5717
2025-12-13 16:52:02,993 - INFO -   - 券 58 选中 61, 增益: 90.6110
2025-12-13 16:52:03,915 - INFO -   - 券 59 选中 3102, 增益: 84.0716
2025-12-13 16:52:04,799 - INFO -   - 券 60 选中 20, 增益: 82.8331
2025-12-13 16:52:05,713 - INFO -   - 券 61 选中 62, 增益: 84.2346
2025-12-13 16:52:06,591 - INFO -   - 券 62 选中 1857, 增益: 83.3106
2025-12-13 16:52:07,545 - INFO -   - 券 63 选中 63, 增益: 84.6606
2025-12-13 16:52:08,576 - INFO -   - 券 64 选中 64, 增益: 92.3905
2025-12-13 16:52:09,102 - INFO -   - 券 65 选中 18, 增益: 84.5091
2025-12-13 16:52:09,553 - INFO -   - 券 66 选中 65, 增益: 83.1451
2025-12-13 16:52:10,032 - INFO -   - 券 67 选中 66, 增益: 87.7745
2025-12-13 16:52:10,477 - INFO -   - 券 68 选中 67, 增益: 85.1713
2025-12-13 16:52:10,953 - INFO -   - 券 69 选中 3017, 增益: 89.9593
2025-12-13 16:52:11,379 - INFO -   - 券 70 选中 68, 增益: 80.6438
2025-12-13 16:52:11,848 - INFO -   - 券 71 选中 26, 增益: 92.2738
2025-12-13 16:52:12,303 - INFO -   - 券 72 选中 69, 增益: 94.5907
2025-12-13 16:52:12,751 - INFO -   - 券 73 选中 70, 增益: 87.2653
2025-12-13 16:52:13,187 - INFO -   - 券 74 选中 71, 增益: 86.9735
2025-12-13 16:52:13,654 - INFO -   - 券 75 选中 1948, 增益: 85.2373
2025-12-13 16:52:14,127 - INFO -   - 券 76 选中 1489, 增益: 86.1091
2025-12-13 16:52:14,613 - INFO -   - 券 77 选中 72, 增益: 91.6292
2025-12-13 16:52:15,106 - INFO -   - 券 78 选中 73, 增益: 93.6508
2025-12-13 16:52:15,559 - INFO -   - 券 79 选中 1776, 增益: 89.3295
2025-12-13 16:52:16,062 - INFO -   - 券 80 选中 74, 增益: 85.6124
2025-12-13 16:52:16,754 - INFO -   - 券 81 选中 599, 增益: 85.3255
2025-12-13 16:52:17,226 - INFO -   - 券 82 选中 75, 增益: 89.1807
2025-12-13 16:52:17,692 - INFO -   - 券 83 选中 76, 增益: 85.3039
2025-12-13 16:52:18,178 - INFO -   - 券 84 选中 1309, 增益: 87.8683
2025-12-13 16:52:18,680 - INFO -   - 券 85 选中 77, 增益: 87.8405
2025-12-13 16:52:19,174 - INFO -   - 券 86 选中 78, 增益: 87.0648
2025-12-13 16:52:19,660 - INFO -   - 券 87 选中 79, 增益: 86.4478
2025-12-13 16:52:20,195 - INFO -   - 券 88 选中 2510, 增益: 88.2418
2025-12-13 16:52:20,710 - INFO -   - 券 89 选中 80, 增益: 84.1261
2025-12-13 16:52:21,182 - INFO -   - 券 90 选中 81, 增益: 89.5938
2025-12-13 16:52:21,654 - INFO -   - 券 91 选中 82, 增益: 89.0969
2025-12-13 16:52:22,134 - INFO -   - 券 92 选中 83, 增益: 91.7243
2025-12-13 16:52:22,582 - INFO -   - 券 93 选中 84, 增益: 89.3226
2025-12-13 16:52:23,049 - INFO -   - 券 94 选中 86, 增益: 87.3867
2025-12-13 16:52:23,526 - INFO -   - 券 95 选中 87, 增益: 89.7576
2025-12-13 16:52:24,001 - INFO -   - 券 96 选中 88, 增益: 88.3053
2025-12-13 16:52:24,442 - INFO -   - 券 97 选中 90, 增益: 87.4073
2025-12-13 16:52:24,888 - INFO -   - 券 98 选中 91, 增益: 86.2747
2025-12-13 16:52:25,341 - INFO -   - 券 99 选中 94, 增益: 90.0945
2025-12-13 16:52:25,862 - INFO -   - 券 100 选中 92, 增益: 86.8202
2025-12-13 16:52:26,590 - INFO -   - 券 101 选中 95, 增益: 85.2455
2025-12-13 16:52:27,320 - INFO -   - 券 102 选中 96, 增益: 88.2317
2025-12-13 16:52:27,909 - INFO -   - 券 103 选中 97, 增益: 87.8618
2025-12-13 16:52:28,656 - INFO -   - 券 104 选中 98, 增益: 90.5086
2025-12-13 16:52:29,342 - INFO -   - 券 105 选中 100, 增益: 91.2132
2025-12-13 16:52:29,930 - INFO -   - 券 106 选中 101, 增益: 93.4507
2025-12-13 16:52:30,659 - INFO -   - 券 107 选中 102, 增益: 91.9257
2025-12-13 16:52:31,337 - INFO -   - 券 108 选中 103, 增益: 83.6242
2025-12-13 16:52:32,042 - INFO -   - 券 109 选中 104, 增益: 90.7943
2025-12-13 16:52:32,727 - INFO -   - 券 110 选中 107, 增益: 83.4940
2025-12-13 16:52:33,218 - INFO -   - 券 111 选中 108, 增益: 88.2707
2025-12-13 16:52:33,925 - INFO -   - 券 112 选中 109, 增益: 93.5757
2025-12-13 16:52:34,361 - INFO -   - 券 113 选中 110, 增益: 84.9833
2025-12-13 16:52:35,085 - INFO -   - 券 114 选中 112, 增益: 92.6560
2025-12-13 16:52:35,747 - INFO -   - 券 115 选中 113, 增益: 87.5756
2025-12-13 16:52:36,210 - INFO -   - 券 116 选中 114, 增益: 88.3032
2025-12-13 16:52:36,886 - INFO -   - 券 117 选中 115, 增益: 95.5367
2025-12-13 16:52:37,513 - INFO -   - 券 118 选中 2717, 增益: 89.2284
2025-12-13 16:52:37,961 - INFO -   - 券 119 选中 116, 增益: 87.5524
2025-12-13 16:52:38,642 - INFO -   - 券 120 选中 117, 增益: 89.2076
2025-12-13 16:52:39,201 - INFO -   - 券 121 选中 118, 增益: 88.1459
2025-12-13 16:52:39,796 - INFO -   - 券 122 选中 119, 增益: 93.3590
2025-12-13 16:52:40,473 - INFO -   - 券 123 选中 120, 增益: 89.4533
2025-12-13 16:52:40,971 - INFO -   - 券 124 选中 121, 增益: 86.2098
2025-12-13 16:52:41,895 - INFO -   - 券 125 选中 124, 增益: 88.7081
2025-12-13 16:52:44,313 - INFO - 最终选择的种子集: [0, 1, 2, 3, 5, 6, 2941, 7, 9, 10, 13, 1985, 3396, 14, 15, 16, 17, 19, 1298, 21, 1751, 22, 3066, 25, 27, 32, 28, 31, 33, 34, 37, 38, 39, 40, 42, 41, 43, 3344, 44, 45, 2359, 46, 47, 48, 49, 51, 52, 53, 54, 55, 56, 57, 58, 59, 1628, 2532, 60, 61, 3102, 20, 62, 1857, 63, 64, 18, 65, 66, 67, 3017, 68, 26, 69, 70, 71, 1948, 1489, 72, 73, 1776, 74, 599, 75, 76, 1309, 77, 78, 79, 2510, 80, 81, 82, 83, 84, 86, 87, 88, 90, 91, 94, 92, 95, 96, 97, 98, 100, 101, 102, 103, 104, 107, 108, 109, 110, 112, 113, 114, 115, 2717, 116, 117, 118, 119, 120, 121, 124]

2025-12-13 16:52:58,979 - INFO - 当前用时 2212.69 秒
2025-12-13 16:52:58,980 - INFO - 将种子集 写入位置: /root/pythonspace/data-test/Mich/2025-12-13-dis_up_and_succ_down_and_p_0.5_weighted/seeds-with-Mich/random_Weighted_RIS_seedNum-125_SSRNum-20000.txt
2025-12-13 16:52:58,981 - INFO - 首次生成种子集 ris_coverage
2025-12-13 16:52:58,981 - INFO - 执行当前算法开始: ris_coverage
2025-12-13 16:52:59,235 - INFO - 图初始化完成，CSR 矩阵及概率分布准备就绪。
2025-12-13 16:52:59,235 - INFO - 
开始生成 20000 组 SSR (并行进程: 4)...
2025-12-13 17:25:03,767 - INFO - 生成完毕。耗时: 1924.53 秒。
2025-12-13 17:25:03,768 - INFO - 
开始选择最优种子 (Optimized Greedy) ...
2025-12-13 17:27:19,039 - INFO -   - 券 1/125 选中节点 0, 新增覆盖 847
2025-12-13 17:27:19,132 - INFO -   - 券 2/125 选中节点 1, 新增覆盖 789
2025-12-13 17:27:19,216 - INFO -   - 券 3/125 选中节点 2, 新增覆盖 714
2025-12-13 17:27:19,286 - INFO -   - 券 4/125 选中节点 3, 新增覆盖 665
2025-12-13 17:27:19,359 - INFO -   - 券 5/125 选中节点 4, 新增覆盖 602
2025-12-13 17:27:19,436 - INFO -   - 券 6/125 选中节点 5, 新增覆盖 567
2025-12-13 17:27:19,513 - INFO -   - 券 7/125 选中节点 6, 新增覆盖 550
2025-12-13 17:27:19,581 - INFO -   - 券 8/125 选中节点 7, 新增覆盖 507
2025-12-13 17:27:19,651 - INFO -   - 券 9/125 选中节点 9, 新增覆盖 446
2025-12-13 17:27:19,722 - INFO -   - 券 10/125 选中节点 1808, 新增覆盖 456
2025-12-13 17:27:19,789 - INFO -   - 券 11/125 选中节点 1857, 新增覆盖 414
2025-12-13 17:27:19,860 - INFO -   - 券 12/125 选中节点 10, 新增覆盖 397
2025-12-13 17:27:19,929 - INFO -   - 券 13/125 选中节点 13, 新增覆盖 353
2025-12-13 17:27:19,997 - INFO -   - 券 14/125 选中节点 14, 新增覆盖 357
2025-12-13 17:27:20,063 - INFO -   - 券 15/125 选中节点 15, 新增覆盖 316
2025-12-13 17:27:20,134 - INFO -   - 券 16/125 选中节点 16, 新增覆盖 315
2025-12-13 17:27:20,190 - INFO -   - 券 17/125 选中节点 652, 新增覆盖 291
2025-12-13 17:27:20,245 - INFO -   - 券 18/125 选中节点 17, 新增覆盖 286
2025-12-13 17:27:20,297 - INFO -   - 券 19/125 选中节点 18, 新增覆盖 255
2025-12-13 17:27:20,349 - INFO -   - 券 20/125 选中节点 19, 新增覆盖 272
2025-12-13 17:27:20,395 - INFO -   - 券 21/125 选中节点 21, 新增覆盖 221
2025-12-13 17:27:20,441 - INFO -   - 券 22/125 选中节点 20, 新增覆盖 223
2025-12-13 17:27:20,488 - INFO -   - 券 23/125 选中节点 22, 新增覆盖 213
2025-12-13 17:27:20,536 - INFO -   - 券 24/125 选中节点 25, 新增覆盖 236
2025-12-13 17:27:20,582 - INFO -   - 券 25/125 选中节点 27, 新增覆盖 191
2025-12-13 17:27:20,628 - INFO -   - 券 26/125 选中节点 26, 新增覆盖 167
2025-12-13 17:27:20,674 - INFO -   - 券 27/125 选中节点 28, 新增覆盖 194
2025-12-13 17:27:20,718 - INFO -   - 券 28/125 选中节点 24, 新增覆盖 183
2025-12-13 17:27:20,766 - INFO -   - 券 29/125 选中节点 31, 新增覆盖 168
2025-12-13 17:27:20,817 - INFO -   - 券 30/125 选中节点 32, 新增覆盖 175
2025-12-13 17:27:20,861 - INFO -   - 券 31/125 选中节点 33, 新增覆盖 142
2025-12-13 17:27:20,908 - INFO -   - 券 32/125 选中节点 2267, 新增覆盖 164
2025-12-13 17:27:20,955 - INFO -   - 券 33/125 选中节点 30, 新增覆盖 118
2025-12-13 17:27:21,001 - INFO -   - 券 34/125 选中节点 34, 新增覆盖 128
2025-12-13 17:27:21,049 - INFO -   - 券 35/125 选中节点 3321, 新增覆盖 147
2025-12-13 17:27:21,094 - INFO -   - 券 36/125 选中节点 1663, 新增覆盖 107
2025-12-13 17:27:21,143 - INFO -   - 券 37/125 选中节点 37, 新增覆盖 113
2025-12-13 17:27:21,190 - INFO -   - 券 38/125 选中节点 2468, 新增覆盖 121
2025-12-13 17:27:21,244 - INFO -   - 券 39/125 选中节点 35, 新增覆盖 120
2025-12-13 17:27:21,292 - INFO -   - 券 40/125 选中节点 8, 新增覆盖 102
2025-12-13 17:27:21,342 - INFO -   - 券 41/125 选中节点 1763, 新增覆盖 100
2025-12-13 17:27:21,391 - INFO -   - 券 42/125 选中节点 38, 新增覆盖 104
2025-12-13 17:27:21,439 - INFO -   - 券 43/125 选中节点 39, 新增覆盖 98
2025-12-13 17:27:21,489 - INFO -   - 券 44/125 选中节点 40, 新增覆盖 88
2025-12-13 17:27:21,533 - INFO -   - 券 45/125 选中节点 41, 新增覆盖 97
2025-12-13 17:27:21,579 - INFO -   - 券 46/125 选中节点 42, 新增覆盖 108
2025-12-13 17:27:21,627 - INFO -   - 券 47/125 选中节点 43, 新增覆盖 110
2025-12-13 17:27:21,667 - INFO -   - 券 48/125 选中节点 44, 新增覆盖 75
2025-12-13 17:27:21,707 - INFO -   - 券 49/125 选中节点 45, 新增覆盖 78
2025-12-13 17:27:21,748 - INFO -   - 券 50/125 选中节点 46, 新增覆盖 95
2025-12-13 17:27:21,796 - INFO -   - 券 51/125 选中节点 47, 新增覆盖 94
2025-12-13 17:27:21,832 - INFO -   - 券 52/125 选中节点 48, 新增覆盖 70
2025-12-13 17:27:21,873 - INFO -   - 券 53/125 选中节点 49, 新增覆盖 79
2025-12-13 17:27:21,916 - INFO -   - 券 54/125 选中节点 51, 新增覆盖 91
2025-12-13 17:27:21,955 - INFO -   - 券 55/125 选中节点 52, 新增覆盖 78
2025-12-13 17:27:21,993 - INFO -   - 券 56/125 选中节点 53, 新增覆盖 73
2025-12-13 17:27:22,031 - INFO -   - 券 57/125 选中节点 54, 新增覆盖 60
2025-12-13 17:27:22,070 - INFO -   - 券 58/125 选中节点 55, 新增覆盖 72
2025-12-13 17:27:22,107 - INFO -   - 券 59/125 选中节点 56, 新增覆盖 70
2025-12-13 17:27:22,146 - INFO -   - 券 60/125 选中节点 57, 新增覆盖 71
2025-12-13 17:27:22,188 - INFO -   - 券 61/125 选中节点 36, 新增覆盖 58
2025-12-13 17:27:22,227 - INFO -   - 券 62/125 选中节点 58, 新增覆盖 62
2025-12-13 17:27:22,264 - INFO -   - 券 63/125 选中节点 59, 新增覆盖 75
2025-12-13 17:27:22,302 - INFO -   - 券 64/125 选中节点 60, 新增覆盖 68
2025-12-13 17:27:22,344 - INFO -   - 券 65/125 选中节点 61, 新增覆盖 63
2025-12-13 17:27:22,382 - INFO -   - 券 66/125 选中节点 62, 新增覆盖 61
2025-12-13 17:27:22,423 - INFO -   - 券 67/125 选中节点 63, 新增覆盖 65
2025-12-13 17:27:22,464 - INFO -   - 券 68/125 选中节点 64, 新增覆盖 53
2025-12-13 17:27:22,503 - INFO -   - 券 69/125 选中节点 65, 新增覆盖 43
2025-12-13 17:27:22,542 - INFO -   - 券 70/125 选中节点 66, 新增覆盖 67
2025-12-13 17:27:22,579 - INFO -   - 券 71/125 选中节点 2990, 新增覆盖 54
2025-12-13 17:27:22,619 - INFO -   - 券 72/125 选中节点 67, 新增覆盖 52
2025-12-13 17:27:22,659 - INFO -   - 券 73/125 选中节点 68, 新增覆盖 41
2025-12-13 17:27:22,698 - INFO -   - 券 74/125 选中节点 69, 新增覆盖 46
2025-12-13 17:27:22,740 - INFO -   - 券 75/125 选中节点 70, 新增覆盖 48
2025-12-13 17:27:22,782 - INFO -   - 券 76/125 选中节点 71, 新增覆盖 41
2025-12-13 17:27:22,822 - INFO -   - 券 77/125 选中节点 72, 新增覆盖 51
2025-12-13 17:27:22,865 - INFO -   - 券 78/125 选中节点 73, 新增覆盖 51
2025-12-13 17:27:22,907 - INFO -   - 券 79/125 选中节点 2257, 新增覆盖 45
2025-12-13 17:27:22,950 - INFO -   - 券 80/125 选中节点 751, 新增覆盖 33
2025-12-13 17:27:22,990 - INFO -   - 券 81/125 选中节点 74, 新增覆盖 33
2025-12-13 17:27:23,032 - INFO -   - 券 82/125 选中节点 75, 新增覆盖 49
2025-12-13 17:27:23,076 - INFO -   - 券 83/125 选中节点 76, 新增覆盖 30
2025-12-13 17:27:23,117 - INFO -   - 券 84/125 选中节点 77, 新增覆盖 43
2025-12-13 17:27:23,160 - INFO -   - 券 85/125 选中节点 50, 新增覆盖 24
2025-12-13 17:27:23,200 - INFO -   - 券 86/125 选中节点 843, 新增覆盖 42
2025-12-13 17:27:23,239 - INFO -   - 券 87/125 选中节点 78, 新增覆盖 34
2025-12-13 17:27:23,281 - INFO -   - 券 88/125 选中节点 79, 新增覆盖 45
2025-12-13 17:27:23,320 - INFO -   - 券 89/125 选中节点 80, 新增覆盖 44
2025-12-13 17:27:23,359 - INFO -   - 券 90/125 选中节点 81, 新增覆盖 36
2025-12-13 17:27:23,399 - INFO -   - 券 91/125 选中节点 82, 新增覆盖 41
2025-12-13 17:27:23,443 - INFO -   - 券 92/125 选中节点 83, 新增覆盖 34
2025-12-13 17:27:23,485 - INFO -   - 券 93/125 选中节点 84, 新增覆盖 25
2025-12-13 17:27:23,524 - INFO -   - 券 94/125 选中节点 86, 新增覆盖 25
2025-12-13 17:27:23,566 - INFO -   - 券 95/125 选中节点 87, 新增覆盖 29
2025-12-13 17:27:23,608 - INFO -   - 券 96/125 选中节点 88, 新增覆盖 35
2025-12-13 17:27:23,656 - INFO -   - 券 97/125 选中节点 90, 新增覆盖 29
2025-12-13 17:27:23,699 - INFO -   - 券 98/125 选中节点 89, 新增覆盖 30
2025-12-13 17:27:23,744 - INFO -   - 券 99/125 选中节点 91, 新增覆盖 36
2025-12-13 17:27:23,788 - INFO -   - 券 100/125 选中节点 92, 新增覆盖 26
2025-12-13 17:27:23,832 - INFO -   - 券 101/125 选中节点 12, 新增覆盖 23
2025-12-13 17:27:23,874 - INFO -   - 券 102/125 选中节点 23, 新增覆盖 32
2025-12-13 17:27:23,913 - INFO -   - 券 103/125 选中节点 93, 新增覆盖 37
2025-12-13 17:27:23,953 - INFO -   - 券 104/125 选中节点 94, 新增覆盖 38
2025-12-13 17:27:23,992 - INFO -   - 券 105/125 选中节点 95, 新增覆盖 24
2025-12-13 17:27:24,031 - INFO -   - 券 106/125 选中节点 96, 新增覆盖 30
2025-12-13 17:27:24,072 - INFO -   - 券 107/125 选中节点 97, 新增覆盖 26
2025-12-13 17:27:24,113 - INFO -   - 券 108/125 选中节点 98, 新增覆盖 29
2025-12-13 17:27:24,154 - INFO -   - 券 109/125 选中节点 100, 新增覆盖 32
2025-12-13 17:27:24,197 - INFO -   - 券 110/125 选中节点 101, 新增覆盖 29
2025-12-13 17:27:24,237 - INFO -   - 券 111/125 选中节点 102, 新增覆盖 24
2025-12-13 17:27:24,279 - INFO -   - 券 112/125 选中节点 103, 新增覆盖 29
2025-12-13 17:27:24,320 - INFO -   - 券 113/125 选中节点 104, 新增覆盖 26
2025-12-13 17:27:24,361 - INFO -   - 券 114/125 选中节点 3235, 新增覆盖 23
2025-12-13 17:27:24,403 - INFO -   - 券 115/125 选中节点 2201, 新增覆盖 30
2025-12-13 17:27:24,442 - INFO -   - 券 116/125 选中节点 106, 新增覆盖 24
2025-12-13 17:27:24,481 - INFO -   - 券 117/125 选中节点 107, 新增覆盖 27
2025-12-13 17:27:24,521 - INFO -   - 券 118/125 选中节点 108, 新增覆盖 22
2025-12-13 17:27:24,559 - INFO -   - 券 119/125 选中节点 109, 新增覆盖 28
2025-12-13 17:27:24,599 - INFO -   - 券 120/125 选中节点 99, 新增覆盖 21
2025-12-13 17:27:24,636 - INFO -   - 券 121/125 选中节点 110, 新增覆盖 19
2025-12-13 17:27:24,678 - INFO -   - 券 122/125 选中节点 29, 新增覆盖 21
2025-12-13 17:27:24,718 - INFO -   - 券 123/125 选中节点 112, 新增覆盖 19
2025-12-13 17:27:24,757 - INFO -   - 券 124/125 选中节点 111, 新增覆盖 19
2025-12-13 17:27:24,802 - INFO -   - 券 125/125 选中节点 113, 新增覆盖 22
2025-12-13 17:27:24,802 - INFO - 选种完毕。耗时: 141.03 秒。
2025-12-13 17:27:28,424 - INFO - 最终选择的种子集: [0, 1, 2, 3, 4, 5, 6, 7, 9, 1808, 1857, 10, 13, 14, 15, 16, 652, 17, 18, 19, 21, 20, 22, 25, 27, 26, 28, 24, 31, 32, 33, 2267, 30, 34, 3321, 1663, 37, 2468, 35, 8, 1763, 38, 39, 40, 41, 42, 43, 44, 45, 46, 47, 48, 49, 51, 52, 53, 54, 55, 56, 57, 36, 58, 59, 60, 61, 62, 63, 64, 65, 66, 2990, 67, 68, 69, 70, 71, 72, 73, 2257, 751, 74, 75, 76, 77, 50, 843, 78, 79, 80, 81, 82, 83, 84, 86, 87, 88, 90, 89, 91, 92, 12, 23, 93, 94, 95, 96, 97, 98, 100, 101, 102, 103, 104, 3235, 2201, 106, 107, 108, 109, 99, 110, 29, 112, 111, 113]

2025-12-13 17:27:37,303 - INFO - 当前用时 2078.32 秒
2025-12-13 17:27:37,304 - INFO - 将种子集 写入位置: /root/pythonspace/data-test/Mich/2025-12-13-dis_up_and_succ_down_and_p_0.5_weighted/seeds-with-Mich/random_ris_coverage_seedNum-125_SSRNum-20000.txt
2025-12-13 17:27:37,304 - INFO - 评估种子集: None
2025-12-13 17:27:37,304 - INFO - 多进程评估开始，共有 5 个方法待评估...
2025-12-13 17:27:37,305 - INFO - 启动进程池，Worker数量: 5
2025-12-13 17:27:38,878 - INFO - [Process 6630] 开始评估方法: random, 种子数: 125
2025-12-13 17:27:39,206 - INFO - [Process 6630] random - 50 sims 完成: E=8.90
2025-12-13 17:27:39,399 - INFO - [Process 6631] 开始评估方法: degreeTopM, 种子数: 125
2025-12-13 17:27:39,735 - INFO - [Process 6631] degreeTopM - 50 sims 完成: E=8.92
2025-12-13 17:27:39,920 - INFO - [Process 6632] 开始评估方法: alpha_sort, 种子数: 125
2025-12-13 17:27:40,199 - INFO - [Process 6632] alpha_sort - 50 sims 完成: E=30.04
2025-12-13 17:27:40,443 - INFO - [Process 6633] 开始评估方法: Weighted_RIS, 种子数: 125
2025-12-13 17:27:40,803 - INFO - [Process 6633] Weighted_RIS - 50 sims 完成: E=10.60
2025-12-13 17:27:40,965 - INFO - [Process 6634] 开始评估方法: ris_coverage, 种子数: 125
2025-12-13 17:27:41,296 - INFO - [Process 6634] ris_coverage - 50 sims 完成: E=9.40
2025-12-13 17:27:41,541 - INFO - 所有进程执行完毕，开始写入数据...
2025-12-13 17:27:41,557 - INFO - 成功写入 5 条记录至 /root/pythonspace/data-test/Mich/2025-12-13-dis_up_and_succ_down_and_p_0.5_weighted/E-activated-Mich/distribution-random_simuTimes-50_seedNum-125_monteCarloL-10_rrNumSamples-20000.csv
2025-12-13 17:27:41,558 - INFO - 保存评估文件至: /root/pythonspace/data-test/Mich/2025-12-13-dis_up_and_succ_down_and_p_0.5_weighted/E-activated-Mich/distribution-random_simuTimes-50_seedNum-125_monteCarloL-10_rrNumSamples-20000.csv
