2025-12-13 16:59:12,382 - INFO - 加载数据集: Mich
2025-12-13 16:59:12,386 - INFO - 首次生成度相关概率分布 分布类型: 'random'.
2025-12-13 16:59:12,386 - INFO - ===> Generating 'Dirichlet' distributions with alpha=[1, 12, 7]...
2025-12-13 16:59:12,388 - INFO - 保存概率分布 文件位置: /root/pythonspace/data-test/Mich/2025-12-13-dis_up_and_succ_down_and_p_0.5_weighted/distribution-in-Mich/distribution-random_seedNum-65.pkl
2025-12-13 16:59:12,479 - INFO - 首次生成种子集 random
2025-12-13 16:59:12,479 - INFO - 执行当前算法开始: random
2025-12-13 16:59:12,479 - INFO - 当前用时 0.00 秒
2025-12-13 16:59:12,479 - INFO - 将种子集 写入位置: /root/pythonspace/data-test/Mich/2025-12-13-dis_up_and_succ_down_and_p_0.5_weighted/seeds-with-Mich/random_random_seedNum-65_SSRNum-2000.txt
2025-12-13 16:59:12,480 - INFO - 首次生成种子集 degreeTopM
2025-12-13 16:59:12,480 - INFO - 执行当前算法开始: degreeTopM
2025-12-13 16:59:12,481 - INFO - 当前用时 0.00 秒
2025-12-13 16:59:12,482 - INFO - 将种子集 写入位置: /root/pythonspace/data-test/Mich/2025-12-13-dis_up_and_succ_down_and_p_0.5_weighted/seeds-with-Mich/random_degreeTopM_seedNum-65_SSRNum-2000.txt
2025-12-13 16:59:12,482 - INFO - 首次生成种子集 alpha_sort
2025-12-13 16:59:12,482 - INFO - 执行当前算法开始: alpha_sort
2025-12-13 16:59:12,503 - INFO - 3748 个节点的alpha值降序排序 done
2025-12-13 16:59:12,504 - INFO - ==============>> [(591, 0.4197039), (3275, 0.3692335), (3431, 0.329352), (1949, 0.3164922), (1525, 0.3121458), (2664, 0.3092062), (2909, 0.2972819), (497, 0.2857314), (2426, 0.2808495), (1319, 0.2785018)]
2025-12-13 16:59:12,504 - INFO - 
选择的种子集 (按alpha排序): [591, 3275, 3431, 1949, 1525, 2664, 2909, 497, 2426, 1319, 2383, 2486, 19, 1473, 1239, 2390, 3542, 1059, 1839, 1960, 3165, 1698, 3004, 2746, 422, 58, 2918, 1096, 3441, 1594, 2477, 1807, 3211, 2820, 2050, 2438, 75, 3216, 2413, 3578, 1527, 1729, 1399, 3279, 2518, 2448, 177, 1907, 250, 2017, 367, 2595, 3030, 801, 1738, 2453, 942, 433, 1523, 1276, 3630, 1504, 2080, 1211, 1424]

2025-12-13 16:59:12,504 - INFO - 当前用时 0.02 秒
2025-12-13 16:59:12,504 - INFO - 将种子集 写入位置: /root/pythonspace/data-test/Mich/2025-12-13-dis_up_and_succ_down_and_p_0.5_weighted/seeds-with-Mich/random_alpha_sort_seedNum-65_SSRNum-2000.txt
2025-12-13 16:59:12,504 - INFO - 首次生成种子集 Weighted_RIS
2025-12-13 16:59:12,505 - INFO - 执行当前算法开始: Weighted_RIS
2025-12-13 16:59:12,644 - INFO - 图初始化完成，CSR 矩阵及概率分布准备就绪。
2025-12-13 16:59:12,645 - INFO - 
开始生成 2000 组 SSR (并行进程: 4)...
2025-12-13 17:00:53,438 - INFO - 生成完毕。耗时: 100.79 秒。
2025-12-13 17:00:53,439 - INFO - 
开始选择最优种子 (Weighted Greedy) ...
2025-12-13 17:00:59,398 - INFO -   - 券 1 选中 0, 增益: 8.5179
2025-12-13 17:00:59,462 - INFO -   - 券 2 选中 1, 增益: 6.7594
2025-12-13 17:00:59,531 - INFO -   - 券 3 选中 2, 增益: 6.8563
2025-12-13 17:00:59,603 - INFO -   - 券 4 选中 3, 增益: 7.8407
2025-12-13 17:00:59,666 - INFO -   - 券 5 选中 2164, 增益: 7.0311
2025-12-13 17:00:59,735 - INFO -   - 券 6 选中 5, 增益: 6.9069
2025-12-13 17:00:59,816 - INFO -   - 券 7 选中 4, 增益: 9.0546
2025-12-13 17:00:59,885 - INFO -   - 券 8 选中 6, 增益: 6.5717
2025-12-13 17:00:59,954 - INFO -   - 券 9 选中 1812, 增益: 7.1341
2025-12-13 17:01:00,029 - INFO -   - 券 10 选中 7, 增益: 7.5768
2025-12-13 17:01:00,077 - INFO -   - 券 11 选中 8, 增益: 4.6413
2025-12-13 17:01:00,157 - INFO -   - 券 12 选中 9, 增益: 7.5875
2025-12-13 17:01:00,233 - INFO -   - 券 13 选中 10, 增益: 7.8322
2025-12-13 17:01:00,303 - INFO -   - 券 14 选中 13, 增益: 8.2176
2025-12-13 17:01:00,374 - INFO -   - 券 15 选中 14, 增益: 7.9660
2025-12-13 17:01:00,467 - INFO -   - 券 16 选中 15, 增益: 9.3111
2025-12-13 17:01:00,536 - INFO -   - 券 17 选中 957, 增益: 6.7763
2025-12-13 17:01:00,604 - INFO -   - 券 18 选中 1284, 增益: 7.6975
2025-12-13 17:01:00,665 - INFO -   - 券 19 选中 12, 增益: 6.5990
2025-12-13 17:01:00,734 - INFO -   - 券 20 选中 16, 增益: 6.5131
2025-12-13 17:01:00,802 - INFO -   - 券 21 选中 3582, 增益: 7.0251
2025-12-13 17:01:00,875 - INFO -   - 券 22 选中 17, 增益: 7.2071
2025-12-13 17:01:00,937 - INFO -   - 券 23 选中 18, 增益: 6.1789
2025-12-13 17:01:00,997 - INFO -   - 券 24 选中 3274, 增益: 6.1783
2025-12-13 17:01:01,057 - INFO -   - 券 25 选中 19, 增益: 5.5011
2025-12-13 17:01:01,120 - INFO -   - 券 26 选中 20, 增益: 6.5513
2025-12-13 17:01:01,185 - INFO -   - 券 27 选中 21, 增益: 7.2067
2025-12-13 17:01:01,247 - INFO -   - 券 28 选中 22, 增益: 5.9860
2025-12-13 17:01:01,318 - INFO -   - 券 29 选中 25, 增益: 6.7414
2025-12-13 17:01:01,408 - INFO -   - 券 30 选中 24, 增益: 9.6067
2025-12-13 17:01:01,469 - INFO -   - 券 31 选中 2189, 增益: 6.3458
2025-12-13 17:01:01,555 - INFO -   - 券 32 选中 26, 增益: 8.4294
2025-12-13 17:01:01,614 - INFO -   - 券 33 选中 27, 增益: 5.8166
2025-12-13 17:01:01,696 - INFO -   - 券 34 选中 28, 增益: 7.8397
2025-12-13 17:01:01,765 - INFO -   - 券 35 选中 30, 增益: 6.7892
2025-12-13 17:01:01,836 - INFO -   - 券 36 选中 29, 增益: 6.6012
2025-12-13 17:01:01,917 - INFO -   - 券 37 选中 32, 增益: 9.0474
2025-12-13 17:01:01,992 - INFO -   - 券 38 选中 33, 增益: 7.4338
2025-12-13 17:01:02,073 - INFO -   - 券 39 选中 31, 增益: 8.0101
2025-12-13 17:01:02,162 - INFO -   - 券 40 选中 34, 增益: 8.4299
2025-12-13 17:01:02,249 - INFO -   - 券 41 选中 37, 增益: 8.1643
2025-12-13 17:01:02,314 - INFO -   - 券 42 选中 38, 增益: 6.1086
2025-12-13 17:01:02,394 - INFO -   - 券 43 选中 39, 增益: 7.9841
2025-12-13 17:01:02,471 - INFO -   - 券 44 选中 311, 增益: 9.1365
2025-12-13 17:01:02,535 - INFO -   - 券 45 选中 40, 增益: 6.4440
2025-12-13 17:01:02,612 - INFO -   - 券 46 选中 41, 增益: 7.0990
2025-12-13 17:01:02,676 - INFO -   - 券 47 选中 42, 增益: 6.9203
2025-12-13 17:01:02,747 - INFO -   - 券 48 选中 959, 增益: 7.8951
2025-12-13 17:01:02,833 - INFO -   - 券 49 选中 43, 增益: 9.0812
2025-12-13 17:01:02,894 - INFO -   - 券 50 选中 44, 增益: 4.8025
2025-12-13 17:01:02,968 - INFO -   - 券 51 选中 45, 增益: 8.0464
2025-12-13 17:01:03,048 - INFO -   - 券 52 选中 2222, 增益: 8.8975
2025-12-13 17:01:03,118 - INFO -   - 券 53 选中 46, 增益: 6.9564
2025-12-13 17:01:03,188 - INFO -   - 券 54 选中 47, 增益: 6.6286
2025-12-13 17:01:03,256 - INFO -   - 券 55 选中 48, 增益: 7.7357
2025-12-13 17:01:03,325 - INFO -   - 券 56 选中 49, 增益: 6.2662
2025-12-13 17:01:03,391 - INFO -   - 券 57 选中 51, 增益: 6.7507
2025-12-13 17:01:03,460 - INFO -   - 券 58 选中 52, 增益: 7.4032
2025-12-13 17:01:03,533 - INFO -   - 券 59 选中 2592, 增益: 6.6995
2025-12-13 17:01:03,605 - INFO -   - 券 60 选中 53, 增益: 6.5911
2025-12-13 17:01:03,674 - INFO -   - 券 61 选中 54, 增益: 6.2954
2025-12-13 17:01:03,743 - INFO -   - 券 62 选中 55, 增益: 7.1350
2025-12-13 17:01:03,806 - INFO -   - 券 63 选中 56, 增益: 6.2315
2025-12-13 17:01:03,875 - INFO -   - 券 64 选中 57, 增益: 7.0591
2025-12-13 17:01:03,946 - INFO -   - 券 65 选中 58, 增益: 7.4647
2025-12-13 17:01:04,076 - INFO - 最终选择的种子集: [0, 1, 2, 3, 2164, 5, 4, 6, 1812, 7, 8, 9, 10, 13, 14, 15, 957, 1284, 12, 16, 3582, 17, 18, 3274, 19, 20, 21, 22, 25, 24, 2189, 26, 27, 28, 30, 29, 32, 33, 31, 34, 37, 38, 39, 311, 40, 41, 42, 959, 43, 44, 45, 2222, 46, 47, 48, 49, 51, 52, 2592, 53, 54, 55, 56, 57, 58]

2025-12-13 17:01:04,590 - INFO - 当前用时 112.09 秒
2025-12-13 17:01:04,591 - INFO - 将种子集 写入位置: /root/pythonspace/data-test/Mich/2025-12-13-dis_up_and_succ_down_and_p_0.5_weighted/seeds-with-Mich/random_Weighted_RIS_seedNum-65_SSRNum-2000.txt
2025-12-13 17:01:04,591 - INFO - 首次生成种子集 ris_coverage
2025-12-13 17:01:04,591 - INFO - 执行当前算法开始: ris_coverage
2025-12-13 17:01:04,813 - INFO - 图初始化完成，CSR 矩阵及概率分布准备就绪。
2025-12-13 17:01:04,813 - INFO - 
开始生成 2000 组 SSR (并行进程: 4)...
2025-12-13 17:03:04,632 - INFO - 生成完毕。耗时: 119.82 秒。
2025-12-13 17:03:04,633 - INFO - 
开始选择最优种子 (Optimized Greedy) ...
2025-12-13 17:03:12,824 - INFO -   - 券 1/65 选中节点 0, 新增覆盖 98
2025-12-13 17:03:12,841 - INFO -   - 券 2/65 选中节点 1, 新增覆盖 92
2025-12-13 17:03:12,852 - INFO -   - 券 3/65 选中节点 2, 新增覆盖 68
2025-12-13 17:03:12,865 - INFO -   - 券 4/65 选中节点 3, 新增覆盖 69
2025-12-13 17:03:12,873 - INFO -   - 券 5/65 选中节点 4, 新增覆盖 46
2025-12-13 17:03:12,885 - INFO -   - 券 6/65 选中节点 5, 新增覆盖 54
2025-12-13 17:03:12,893 - INFO -   - 券 7/65 选中节点 6, 新增覆盖 47
2025-12-13 17:03:12,906 - INFO -   - 券 8/65 选中节点 7, 新增覆盖 57
2025-12-13 17:03:12,917 - INFO -   - 券 9/65 选中节点 8, 新增覆盖 42
2025-12-13 17:03:12,928 - INFO -   - 券 10/65 选中节点 9, 新增覆盖 35
2025-12-13 17:03:12,940 - INFO -   - 券 11/65 选中节点 10, 新增覆盖 41
2025-12-13 17:03:12,947 - INFO -   - 券 12/65 选中节点 12, 新增覆盖 20
2025-12-13 17:03:12,955 - INFO -   - 券 13/65 选中节点 13, 新增覆盖 26
2025-12-13 17:03:12,967 - INFO -   - 券 14/65 选中节点 14, 新增覆盖 37
2025-12-13 17:03:12,979 - INFO -   - 券 15/65 选中节点 15, 新增覆盖 37
2025-12-13 17:03:12,992 - INFO -   - 券 16/65 选中节点 16, 新增覆盖 34
2025-12-13 17:03:13,004 - INFO -   - 券 17/65 选中节点 1837, 新增覆盖 30
2025-12-13 17:03:13,015 - INFO -   - 券 18/65 选中节点 17, 新增覆盖 25
2025-12-13 17:03:13,026 - INFO -   - 券 19/65 选中节点 18, 新增覆盖 30
2025-12-13 17:03:13,038 - INFO -   - 券 20/65 选中节点 19, 新增覆盖 29
2025-12-13 17:03:13,050 - INFO -   - 券 21/65 选中节点 20, 新增覆盖 24
2025-12-13 17:03:13,062 - INFO -   - 券 22/65 选中节点 21, 新增覆盖 26
2025-12-13 17:03:13,073 - INFO -   - 券 23/65 选中节点 22, 新增覆盖 20
2025-12-13 17:03:13,086 - INFO -   - 券 24/65 选中节点 25, 新增覆盖 23
2025-12-13 17:03:13,098 - INFO -   - 券 25/65 选中节点 24, 新增覆盖 24
2025-12-13 17:03:13,111 - INFO -   - 券 26/65 选中节点 26, 新增覆盖 26
2025-12-13 17:03:13,120 - INFO -   - 券 27/65 选中节点 27, 新增覆盖 16
2025-12-13 17:03:13,134 - INFO -   - 券 28/65 选中节点 28, 新增覆盖 24
2025-12-13 17:03:13,144 - INFO -   - 券 29/65 选中节点 1449, 新增覆盖 17
2025-12-13 17:03:13,154 - INFO -   - 券 30/65 选中节点 3442, 新增覆盖 14
2025-12-13 17:03:13,162 - INFO -   - 券 31/65 选中节点 29, 新增覆盖 9
2025-12-13 17:03:13,175 - INFO -   - 券 32/65 选中节点 30, 新增覆盖 15
2025-12-13 17:03:13,186 - INFO -   - 券 33/65 选中节点 31, 新增覆盖 13
2025-12-13 17:03:13,197 - INFO -   - 券 34/65 选中节点 32, 新增覆盖 17
2025-12-13 17:03:13,208 - INFO -   - 券 35/65 选中节点 33, 新增覆盖 12
2025-12-13 17:03:13,220 - INFO -   - 券 36/65 选中节点 34, 新增覆盖 14
2025-12-13 17:03:13,229 - INFO -   - 券 37/65 选中节点 35, 新增覆盖 11
2025-12-13 17:03:13,241 - INFO -   - 券 38/65 选中节点 37, 新增覆盖 13
2025-12-13 17:03:13,252 - INFO -   - 券 39/65 选中节点 38, 新增覆盖 14
2025-12-13 17:03:13,265 - INFO -   - 券 40/65 选中节点 39, 新增覆盖 15
2025-12-13 17:03:13,277 - INFO -   - 券 41/65 选中节点 40, 新增覆盖 10
2025-12-13 17:03:13,290 - INFO -   - 券 42/65 选中节点 41, 新增覆盖 12
2025-12-13 17:03:13,303 - INFO -   - 券 43/65 选中节点 42, 新增覆盖 7
2025-12-13 17:03:13,316 - INFO -   - 券 44/65 选中节点 43, 新增覆盖 9
2025-12-13 17:03:13,330 - INFO -   - 券 45/65 选中节点 44, 新增覆盖 11
2025-12-13 17:03:13,342 - INFO -   - 券 46/65 选中节点 45, 新增覆盖 10
2025-12-13 17:03:13,355 - INFO -   - 券 47/65 选中节点 46, 新增覆盖 11
2025-12-13 17:03:13,369 - INFO -   - 券 48/65 选中节点 47, 新增覆盖 11
2025-12-13 17:03:13,383 - INFO -   - 券 49/65 选中节点 48, 新增覆盖 7
2025-12-13 17:03:13,394 - INFO -   - 券 50/65 选中节点 49, 新增覆盖 10
2025-12-13 17:03:13,408 - INFO -   - 券 51/65 选中节点 50, 新增覆盖 10
2025-12-13 17:03:13,419 - INFO -   - 券 52/65 选中节点 51, 新增覆盖 4
2025-12-13 17:03:13,433 - INFO -   - 券 53/65 选中节点 52, 新增覆盖 12
2025-12-13 17:03:13,446 - INFO -   - 券 54/65 选中节点 53, 新增覆盖 8
2025-12-13 17:03:13,458 - INFO -   - 券 55/65 选中节点 54, 新增覆盖 5
2025-12-13 17:03:13,469 - INFO -   - 券 56/65 选中节点 55, 新增覆盖 6
2025-12-13 17:03:13,485 - INFO -   - 券 57/65 选中节点 56, 新增覆盖 10
2025-12-13 17:03:13,497 - INFO -   - 券 58/65 选中节点 57, 新增覆盖 7
2025-12-13 17:03:13,512 - INFO -   - 券 59/65 选中节点 1567, 新增覆盖 7
2025-12-13 17:03:13,528 - INFO -   - 券 60/65 选中节点 36, 新增覆盖 4
2025-12-13 17:03:13,539 - INFO -   - 券 61/65 选中节点 1987, 新增覆盖 3
2025-12-13 17:03:13,556 - INFO -   - 券 62/65 选中节点 58, 新增覆盖 8
2025-12-13 17:03:13,570 - INFO -   - 券 63/65 选中节点 23, 新增覆盖 6
2025-12-13 17:03:13,586 - INFO -   - 券 64/65 选中节点 11, 新增覆盖 6
2025-12-13 17:03:13,601 - INFO -   - 券 65/65 选中节点 59, 新增覆盖 3
2025-12-13 17:03:13,601 - INFO - 选种完毕。耗时: 8.97 秒。
2025-12-13 17:03:13,999 - INFO - 最终选择的种子集: [0, 1, 2, 3, 4, 5, 6, 7, 8, 9, 10, 12, 13, 14, 15, 16, 1837, 17, 18, 19, 20, 21, 22, 25, 24, 26, 27, 28, 1449, 3442, 29, 30, 31, 32, 33, 34, 35, 37, 38, 39, 40, 41, 42, 43, 44, 45, 46, 47, 48, 49, 50, 51, 52, 53, 54, 55, 56, 57, 1567, 36, 1987, 58, 23, 11, 59]

2025-12-13 17:03:14,452 - INFO - 当前用时 129.86 秒
2025-12-13 17:03:14,452 - INFO - 将种子集 写入位置: /root/pythonspace/data-test/Mich/2025-12-13-dis_up_and_succ_down_and_p_0.5_weighted/seeds-with-Mich/random_ris_coverage_seedNum-65_SSRNum-2000.txt
2025-12-13 17:03:14,453 - INFO - 评估种子集: None
2025-12-13 17:03:14,453 - INFO - 多进程评估开始，共有 5 个方法待评估...
2025-12-13 17:03:14,453 - INFO - 启动进程池，Worker数量: 5
2025-12-13 17:03:15,176 - INFO - [Process 5984] 开始评估方法: random, 种子数: 65
2025-12-13 17:03:15,408 - INFO - [Process 5984] random - 50 sims 完成: E=5.58
2025-12-13 17:03:15,627 - INFO - [Process 5985] 开始评估方法: degreeTopM, 种子数: 65
2025-12-13 17:03:15,869 - INFO - [Process 5985] degreeTopM - 50 sims 完成: E=4.58
2025-12-13 17:03:16,081 - INFO - [Process 5986] 开始评估方法: alpha_sort, 种子数: 65
2025-12-13 17:03:16,265 - INFO - [Process 5986] alpha_sort - 50 sims 完成: E=16.08
2025-12-13 17:03:16,592 - INFO - [Process 5987] 开始评估方法: Weighted_RIS, 种子数: 65
2025-12-13 17:03:16,858 - INFO - [Process 5987] Weighted_RIS - 50 sims 完成: E=5.90
2025-12-13 17:03:17,035 - INFO - [Process 5988] 开始评估方法: ris_coverage, 种子数: 65
2025-12-13 17:03:17,248 - INFO - [Process 5988] ris_coverage - 50 sims 完成: E=4.80
2025-12-13 17:03:17,306 - INFO - 所有进程执行完毕，开始写入数据...
2025-12-13 17:03:17,313 - INFO - 成功写入 5 条记录至 /root/pythonspace/data-test/Mich/2025-12-13-dis_up_and_succ_down_and_p_0.5_weighted/E-activated-Mich/distribution-random_simuTimes-50_seedNum-65_monteCarloL-10_rrNumSamples-2000.csv
2025-12-13 17:03:17,314 - INFO - 保存评估文件至: /root/pythonspace/data-test/Mich/2025-12-13-dis_up_and_succ_down_and_p_0.5_weighted/E-activated-Mich/distribution-random_simuTimes-50_seedNum-65_monteCarloL-10_rrNumSamples-2000.csv
