2025-12-13 16:16:15,449 - INFO - 加载数据集: Mich
2025-12-13 16:16:15,453 - INFO - 首次生成度相关概率分布 分布类型: 'random'.
2025-12-13 16:16:15,454 - INFO - ===> Generating 'Dirichlet' distributions with alpha=[1, 12, 7]...
2025-12-13 16:16:15,455 - INFO - 保存概率分布 文件位置: /root/pythonspace/data-test/Mich/2025-12-13-dis_up_and_succ_down_and_p_0.5_weighted/distribution-in-Mich/distribution-random_seedNum-200.pkl
2025-12-13 16:16:15,557 - INFO - 首次生成种子集 random
2025-12-13 16:16:15,557 - INFO - 执行当前算法开始: random
2025-12-13 16:16:15,558 - INFO - 当前用时 0.00 秒
2025-12-13 16:16:15,558 - INFO - 将种子集 写入位置: /root/pythonspace/data-test/Mich/2025-12-13-dis_up_and_succ_down_and_p_0.5_weighted/seeds-with-Mich/random_random_seedNum-200_SSRNum-20000.txt
2025-12-13 16:16:15,559 - INFO - 首次生成种子集 degreeTopM
2025-12-13 16:16:15,559 - INFO - 执行当前算法开始: degreeTopM
2025-12-13 16:16:15,561 - INFO - 当前用时 0.00 秒
2025-12-13 16:16:15,561 - INFO - 将种子集 写入位置: /root/pythonspace/data-test/Mich/2025-12-13-dis_up_and_succ_down_and_p_0.5_weighted/seeds-with-Mich/random_degreeTopM_seedNum-200_SSRNum-20000.txt
2025-12-13 16:16:15,561 - INFO - 首次生成种子集 alpha_sort
2025-12-13 16:16:15,561 - INFO - 执行当前算法开始: alpha_sort
2025-12-13 16:16:15,592 - INFO - 3748 个节点的alpha值降序排序 done
2025-12-13 16:16:15,592 - INFO - ==============>> [(3393, 0.329864), (943, 0.3077711), (3115, 0.2920483), (1016, 0.275456), (3334, 0.2736089), (3263, 0.2660695), (202, 0.2589606), (2985, 0.2565285), (2779, 0.2500244), (2504, 0.2450555)]
2025-12-13 16:16:15,592 - INFO - 
选择的种子集 (按alpha排序): [3393, 943, 3115, 1016, 3334, 3263, 202, 2985, 2779, 2504, 634, 2071, 1448, 2842, 2526, 2081, 451, 125, 1128, 543, 2005, 595, 1385, 2622, 401, 2061, 3010, 2555, 646, 1986, 159, 616, 1283, 571, 1725, 2077, 290, 3104, 3079, 2621, 2235, 750, 2633, 119, 3688, 2178, 635, 2373, 1883, 1402, 1586, 3003, 590, 1535, 987, 90, 2228, 1820, 3340, 474, 2422, 890, 177, 2115, 2389, 138, 3572, 1913, 408, 3407, 3007, 514, 1404, 1294, 366, 598, 1450, 2765, 960, 1321, 1651, 3008, 2805, 97, 1382, 2237, 3383, 1680, 1588, 2089, 2090, 626, 1785, 2208, 1007, 3375, 2907, 3420, 145, 1774, 126, 1655, 3348, 922, 3033, 767, 253, 2142, 3037, 3000, 1940, 3240, 2674, 2795, 2328, 994, 659, 3390, 1882, 1640, 3204, 1502, 1534, 201, 2720, 1744, 2364, 3362, 3200, 1539, 3185, 2850, 1216, 3255, 2426, 3329, 1542, 2698, 76, 1325, 2932, 418, 669, 3080, 1964, 558, 3446, 664, 744, 2315, 355, 1605, 975, 696, 72, 3303, 3720, 319, 2384, 3157, 128, 1733, 2749, 1729, 1712, 1229, 2523, 2750, 3606, 2589, 1426, 2242, 810, 3640, 1669, 164, 3461, 565, 2125, 1182, 2229, 3486, 3441, 3533, 260, 3482, 2394, 3041, 1092, 3550, 3730, 3613, 2919, 913, 1138, 3389, 1055, 3166, 1657, 3013]

2025-12-13 16:16:15,592 - INFO - 当前用时 0.03 秒
2025-12-13 16:16:15,593 - INFO - 将种子集 写入位置: /root/pythonspace/data-test/Mich/2025-12-13-dis_up_and_succ_down_and_p_0.5_weighted/seeds-with-Mich/random_alpha_sort_seedNum-200_SSRNum-20000.txt
2025-12-13 16:16:15,593 - INFO - 首次生成种子集 Weighted_RIS
2025-12-13 16:16:15,593 - INFO - 执行当前算法开始: Weighted_RIS
2025-12-13 16:16:15,833 - INFO - 图初始化完成，CSR 矩阵及概率分布准备就绪。
2025-12-13 16:16:15,833 - INFO - 
开始生成 20000 组 SSR (并行进程: 4)...
