2025-12-13 16:34:53,463 - INFO - 加载数据集: Mich
2025-12-13 16:34:53,466 - INFO - 首次生成度相关概率分布 分布类型: 'random'.
2025-12-13 16:34:53,466 - INFO - ===> Generating 'Dirichlet' distributions with alpha=[1, 12, 7]...
2025-12-13 16:34:53,467 - INFO - 保存概率分布 文件位置: /root/pythonspace/data-test/Mich/2025-12-13-dis_up_and_succ_down_and_p_0.5_weighted/distribution-in-Mich/distribution-random_seedNum-300.pkl
2025-12-13 16:34:53,554 - INFO - 首次生成种子集 random
2025-12-13 16:34:53,554 - INFO - 执行当前算法开始: random
2025-12-13 16:34:53,554 - INFO - 当前用时 0.00 秒
2025-12-13 16:34:53,555 - INFO - 将种子集 写入位置: /root/pythonspace/data-test/Mich/2025-12-13-dis_up_and_succ_down_and_p_0.5_weighted/seeds-with-Mich/random_random_seedNum-300_SSRNum-10000.txt
2025-12-13 16:34:53,555 - INFO - 首次生成种子集 degreeTopM
2025-12-13 16:34:53,555 - INFO - 执行当前算法开始: degreeTopM
2025-12-13 16:34:53,557 - INFO - 当前用时 0.00 秒
2025-12-13 16:34:53,557 - INFO - 将种子集 写入位置: /root/pythonspace/data-test/Mich/2025-12-13-dis_up_and_succ_down_and_p_0.5_weighted/seeds-with-Mich/random_degreeTopM_seedNum-300_SSRNum-10000.txt
2025-12-13 16:34:53,557 - INFO - 首次生成种子集 alpha_sort
2025-12-13 16:34:53,557 - INFO - 执行当前算法开始: alpha_sort
2025-12-13 16:34:53,579 - INFO - 3748 个节点的alpha值降序排序 done
2025-12-13 16:34:53,579 - INFO - ==============>> [(3514, 0.3180928), (3137, 0.315602), (1796, 0.2971337), (337, 0.292411), (3092, 0.2742465), (2506, 0.2736505), (1329, 0.2734968), (3650, 0.26247), (3702, 0.2621117), (2274, 0.2516504)]
2025-12-13 16:34:53,579 - INFO - 
选择的种子集 (按alpha排序): [3514, 3137, 1796, 337, 3092, 2506, 1329, 3650, 3702, 2274, 2469, 517, 360, 2133, 1801, 371, 913, 958, 1319, 589, 1046, 2304, 1543, 1705, 3055, 1386, 2805, 1091, 2975, 2669, 2998, 2203, 2861, 2073, 2676, 112, 3042, 2866, 3272, 746, 181, 1019, 3392, 2214, 2444, 3619, 1212, 382, 253, 3335, 2578, 584, 2549, 2255, 229, 1334, 679, 3023, 1062, 534, 2918, 677, 3595, 3735, 2761, 1023, 641, 2908, 557, 294, 1761, 2807, 288, 333, 130, 2630, 2094, 1909, 1314, 3741, 1368, 814, 1184, 1113, 1064, 1666, 1604, 1354, 3368, 140, 42, 2965, 1486, 1505, 2735, 1938, 113, 2979, 3604, 2885, 613, 2355, 3110, 396, 1724, 627, 664, 16, 2206, 1150, 1854, 402, 289, 2848, 2334, 1128, 3031, 50, 1943, 3416, 3349, 1619, 1273, 3608, 2097, 1436, 2694, 785, 3326, 25, 2393, 2893, 3690, 1392, 2176, 6, 471, 3561, 1285, 2819, 2642, 2019, 2911, 256, 465, 326, 173, 3078, 2416, 1021, 2963, 1133, 3712, 2018, 3131, 1739, 3413, 1955, 872, 2855, 271, 1579, 1103, 2992, 3410, 2100, 3722, 2635, 2653, 2556, 1158, 511, 450, 2548, 809, 3506, 3206, 77, 2995, 1538, 926, 834, 1077, 2856, 1751, 3333, 1961, 1355, 1323, 2961, 575, 3117, 1933, 2047, 1117, 3159, 2015, 3120, 2659, 3012, 3394, 2484, 3337, 1340, 3577, 1167, 980, 3578, 3521, 1863, 1537, 2091, 1910, 3342, 830, 12, 3059, 1384, 319, 513, 1939, 762, 3591, 700, 858, 2327, 2596, 1448, 735, 61, 2763, 691, 3434, 2, 2439, 1420, 2573, 3492, 1974, 3454, 282, 2623, 672, 3158, 101, 2569, 2078, 2667, 3611, 640, 451, 2901, 1189, 1771, 1944, 3313, 2466, 1333, 837, 3194, 2878, 1868, 2862, 643, 952, 1031, 2689, 1476, 2752, 3528, 2029, 3123, 3701, 3534, 1371, 560, 276, 91, 1887, 2557, 727, 965, 3081, 1232, 159, 1462, 3674, 1527, 3085, 1969, 3391, 3146, 482, 1738, 1380, 3654, 2430, 3005, 3433, 1822]

2025-12-13 16:34:53,579 - INFO - 当前用时 0.02 秒
2025-12-13 16:34:53,579 - INFO - 将种子集 写入位置: /root/pythonspace/data-test/Mich/2025-12-13-dis_up_and_succ_down_and_p_0.5_weighted/seeds-with-Mich/random_alpha_sort_seedNum-300_SSRNum-10000.txt
2025-12-13 16:34:53,580 - INFO - 首次生成种子集 Weighted_RIS
2025-12-13 16:34:53,580 - INFO - 执行当前算法开始: Weighted_RIS
2025-12-13 16:34:53,719 - INFO - 图初始化完成，CSR 矩阵及概率分布准备就绪。
2025-12-13 16:34:53,719 - INFO - 
开始生成 10000 组 SSR (并行进程: 4)...
2025-12-13 17:14:25,619 - INFO - 生成完毕。耗时: 2371.90 秒。
2025-12-13 17:14:25,619 - INFO - 
开始选择最优种子 (Weighted Greedy) ...
2025-12-13 17:16:43,444 - INFO -   - 券 1 选中 0, 增益: 39.4043
2025-12-13 17:16:43,666 - INFO -   - 券 2 选中 713, 增益: 41.4283
2025-12-13 17:16:43,891 - INFO -   - 券 3 选中 1, 增益: 42.5474
2025-12-13 17:16:44,098 - INFO -   - 券 4 选中 2, 增益: 39.7355
2025-12-13 17:16:44,308 - INFO -   - 券 5 选中 3, 增益: 43.0955
2025-12-13 17:16:44,529 - INFO -   - 券 6 选中 5, 增益: 41.5293
2025-12-13 17:16:44,762 - INFO -   - 券 7 选中 7, 增益: 43.3326
2025-12-13 17:16:44,969 - INFO -   - 券 8 选中 8, 增益: 40.8102
2025-12-13 17:16:45,198 - INFO -   - 券 9 选中 9, 增益: 41.5794
2025-12-13 17:16:45,407 - INFO -   - 券 10 选中 2288, 增益: 43.0856
2025-12-13 17:16:45,652 - INFO -   - 券 11 选中 2559, 增益: 43.2854
2025-12-13 17:16:45,885 - INFO -   - 券 12 选中 13, 增益: 40.1600
2025-12-13 17:16:46,131 - INFO -   - 券 13 选中 845, 增益: 42.7380
2025-12-13 17:16:46,329 - INFO -   - 券 14 选中 14, 增益: 41.4215
2025-12-13 17:16:46,533 - INFO -   - 券 15 选中 15, 增益: 41.7929
2025-12-13 17:16:46,734 - INFO -   - 券 16 选中 882, 增益: 42.0179
2025-12-13 17:16:46,932 - INFO -   - 券 17 选中 10, 增益: 40.9724
2025-12-13 17:16:47,120 - INFO -   - 券 18 选中 2808, 增益: 40.8272
2025-12-13 17:16:47,327 - INFO -   - 券 19 选中 17, 增益: 42.5080
2025-12-13 17:16:47,529 - INFO -   - 券 20 选中 4, 增益: 41.2763
2025-12-13 17:16:47,739 - INFO -   - 券 21 选中 18, 增益: 41.6925
2025-12-13 17:16:47,945 - INFO -   - 券 22 选中 16, 增益: 41.1428
2025-12-13 17:16:48,169 - INFO -   - 券 23 选中 19, 增益: 45.0615
2025-12-13 17:16:48,368 - INFO -   - 券 24 选中 20, 增益: 40.4411
2025-12-13 17:16:48,581 - INFO -   - 券 25 选中 21, 增益: 42.8223
2025-12-13 17:16:48,787 - INFO -   - 券 26 选中 857, 增益: 40.3855
2025-12-13 17:16:48,992 - INFO -   - 券 27 选中 22, 增益: 42.0943
2025-12-13 17:16:49,192 - INFO -   - 券 28 选中 25, 增益: 38.0401
2025-12-13 17:16:49,404 - INFO -   - 券 29 选中 26, 增益: 42.1839
2025-12-13 17:16:49,628 - INFO -   - 券 30 选中 27, 增益: 39.6553
2025-12-13 17:16:49,849 - INFO -   - 券 31 选中 29, 增益: 42.8924
2025-12-13 17:16:50,069 - INFO -   - 券 32 选中 3054, 增益: 42.7954
2025-12-13 17:16:50,275 - INFO -   - 券 33 选中 28, 增益: 40.9655
2025-12-13 17:16:50,499 - INFO -   - 券 34 选中 31, 增益: 40.4505
2025-12-13 17:16:50,729 - INFO -   - 券 35 选中 30, 增益: 42.4153
2025-12-13 17:16:50,963 - INFO -   - 券 36 选中 32, 增益: 45.7440
2025-12-13 17:16:51,170 - INFO -   - 券 37 选中 6, 增益: 42.3225
2025-12-13 17:16:51,396 - INFO -   - 券 38 选中 33, 增益: 42.3666
2025-12-13 17:16:51,604 - INFO -   - 券 39 选中 34, 增益: 40.8026
2025-12-13 17:16:51,809 - INFO -   - 券 40 选中 37, 增益: 39.9052
2025-12-13 17:16:52,022 - INFO -   - 券 41 选中 38, 增益: 41.5727
2025-12-13 17:16:52,247 - INFO -   - 券 42 选中 2081, 增益: 41.5310
2025-12-13 17:16:52,477 - INFO -   - 券 43 选中 39, 增益: 41.2674
2025-12-13 17:16:52,698 - INFO -   - 券 44 选中 40, 增益: 42.2181
2025-12-13 17:16:52,925 - INFO -   - 券 45 选中 41, 增益: 42.3269
2025-12-13 17:16:53,151 - INFO -   - 券 46 选中 1631, 增益: 43.5196
2025-12-13 17:16:53,376 - INFO -   - 券 47 选中 2509, 增益: 45.9387
2025-12-13 17:16:53,568 - INFO -   - 券 48 选中 43, 增益: 37.9979
2025-12-13 17:16:53,772 - INFO -   - 券 49 选中 44, 增益: 39.0657
2025-12-13 17:16:53,974 - INFO -   - 券 50 选中 45, 增益: 39.7296
2025-12-13 17:16:54,194 - INFO -   - 券 51 选中 42, 增益: 40.9211
2025-12-13 17:16:54,388 - INFO -   - 券 52 选中 46, 增益: 39.7893
2025-12-13 17:16:54,617 - INFO -   - 券 53 选中 47, 增益: 40.0315
2025-12-13 17:16:54,815 - INFO -   - 券 54 选中 48, 增益: 40.2621
2025-12-13 17:16:55,014 - INFO -   - 券 55 选中 49, 增益: 37.6104
2025-12-13 17:16:55,212 - INFO -   - 券 56 选中 51, 增益: 38.1115
2025-12-13 17:16:55,421 - INFO -   - 券 57 选中 52, 增益: 37.1217
2025-12-13 17:16:55,645 - INFO -   - 券 58 选中 53, 增益: 41.9616
2025-12-13 17:16:56,010 - INFO -   - 券 59 选中 2670, 增益: 39.8843
2025-12-13 17:16:56,398 - INFO -   - 券 60 选中 54, 增益: 40.4639
2025-12-13 17:16:56,778 - INFO -   - 券 61 选中 55, 增益: 38.9622
2025-12-13 17:16:57,197 - INFO -   - 券 62 选中 56, 增益: 43.6822
2025-12-13 17:16:57,599 - INFO -   - 券 63 选中 57, 增益: 38.4308
2025-12-13 17:16:58,035 - INFO -   - 券 64 选中 58, 增益: 40.1169
2025-12-13 17:16:58,476 - INFO -   - 券 65 选中 59, 增益: 43.8195
2025-12-13 17:16:58,926 - INFO -   - 券 66 选中 2999, 增益: 43.2239
2025-12-13 17:16:59,330 - INFO -   - 券 67 选中 60, 增益: 39.5867
2025-12-13 17:16:59,766 - INFO -   - 券 68 选中 61, 增益: 42.3747
2025-12-13 17:17:00,173 - INFO -   - 券 69 选中 62, 增益: 41.1664
2025-12-13 17:17:00,595 - INFO -   - 券 70 选中 63, 增益: 42.0365
2025-12-13 17:17:01,017 - INFO -   - 券 71 选中 64, 增益: 43.4496
2025-12-13 17:17:01,429 - INFO -   - 券 72 选中 65, 增益: 39.7930
2025-12-13 17:17:01,868 - INFO -   - 券 73 选中 66, 增益: 44.4901
2025-12-13 17:17:02,274 - INFO -   - 券 74 选中 67, 增益: 41.6768
2025-12-13 17:17:02,719 - INFO -   - 券 75 选中 68, 增益: 45.2091
2025-12-13 17:17:03,155 - INFO -   - 券 76 选中 69, 增益: 43.2884
2025-12-13 17:17:03,573 - INFO -   - 券 77 选中 70, 增益: 42.3374
2025-12-13 17:17:03,981 - INFO -   - 券 78 选中 1609, 增益: 42.0350
2025-12-13 17:17:04,431 - INFO -   - 券 79 选中 71, 增益: 44.7426
2025-12-13 17:17:04,835 - INFO -   - 券 80 选中 2565, 增益: 41.6058
2025-12-13 17:17:05,260 - INFO -   - 券 81 选中 72, 增益: 44.4284
2025-12-13 17:17:05,671 - INFO -   - 券 82 选中 73, 增益: 41.4155
2025-12-13 17:17:06,100 - INFO -   - 券 83 选中 74, 增益: 44.0548
2025-12-13 17:17:06,481 - INFO -   - 券 84 选中 75, 增益: 36.3536
2025-12-13 17:17:06,901 - INFO -   - 券 85 选中 76, 增益: 42.0641
2025-12-13 17:17:07,345 - INFO -   - 券 86 选中 35, 增益: 41.7772
2025-12-13 17:17:07,803 - INFO -   - 券 87 选中 77, 增益: 46.0247
2025-12-13 17:17:08,229 - INFO -   - 券 88 选中 1518, 增益: 43.7229
2025-12-13 17:17:08,633 - INFO -   - 券 89 选中 322, 增益: 39.7533
2025-12-13 17:17:09,076 - INFO -   - 券 90 选中 161, 增益: 45.1282
2025-12-13 17:17:09,505 - INFO -   - 券 91 选中 78, 增益: 42.4573
2025-12-13 17:17:09,960 - INFO -   - 券 92 选中 79, 增益: 45.5312
2025-12-13 17:17:10,370 - INFO -   - 券 93 选中 1004, 增益: 41.4936
2025-12-13 17:17:10,798 - INFO -   - 券 94 选中 80, 增益: 42.4425
2025-12-13 17:17:11,202 - INFO -   - 券 95 选中 81, 增益: 40.7423
2025-12-13 17:17:11,625 - INFO -   - 券 96 选中 82, 增益: 42.3330
2025-12-13 17:17:12,021 - INFO -   - 券 97 选中 83, 增益: 39.7644
2025-12-13 17:17:12,466 - INFO -   - 券 98 选中 84, 增益: 42.6035
2025-12-13 17:17:12,906 - INFO -   - 券 99 选中 86, 增益: 43.0429
2025-12-13 17:17:13,333 - INFO -   - 券 100 选中 87, 增益: 43.0131
2025-12-13 17:17:13,796 - INFO -   - 券 101 选中 88, 增益: 45.5369
2025-12-13 17:17:14,242 - INFO -   - 券 102 选中 89, 增益: 42.1311
2025-12-13 17:17:14,717 - INFO -   - 券 103 选中 1302, 增益: 44.0056
2025-12-13 17:17:15,108 - INFO -   - 券 104 选中 90, 增益: 37.8923
2025-12-13 17:17:15,527 - INFO -   - 券 105 选中 91, 增益: 41.6536
2025-12-13 17:17:15,944 - INFO -   - 券 106 选中 92, 增益: 40.5353
2025-12-13 17:17:16,333 - INFO -   - 券 107 选中 94, 增益: 39.0490
2025-12-13 17:17:16,803 - INFO -   - 券 108 选中 95, 增益: 45.7816
2025-12-13 17:17:17,226 - INFO -   - 券 109 选中 2059, 增益: 41.4482
2025-12-13 17:17:17,670 - INFO -   - 券 110 选中 96, 增益: 43.8181
2025-12-13 17:17:18,084 - INFO -   - 券 111 选中 98, 增益: 39.0928
2025-12-13 17:17:18,546 - INFO -   - 券 112 选中 100, 增益: 44.8976
2025-12-13 17:17:18,978 - INFO -   - 券 113 选中 101, 增益: 42.9712
2025-12-13 17:17:19,449 - INFO -   - 券 114 选中 2991, 增益: 43.1386
2025-12-13 17:17:19,889 - INFO -   - 券 115 选中 102, 增益: 41.5079
2025-12-13 17:17:20,298 - INFO -   - 券 116 选中 97, 增益: 40.4672
2025-12-13 17:17:20,739 - INFO -   - 券 117 选中 103, 增益: 41.9560
2025-12-13 17:17:21,165 - INFO -   - 券 118 选中 104, 增益: 41.3065
2025-12-13 17:17:21,590 - INFO -   - 券 119 选中 107, 增益: 38.6084
2025-12-13 17:17:22,041 - INFO -   - 券 120 选中 108, 增益: 42.2950
2025-12-13 17:17:22,488 - INFO -   - 券 121 选中 109, 增益: 43.6497
2025-12-13 17:17:22,953 - INFO -   - 券 122 选中 110, 增益: 44.0699
2025-12-13 17:17:23,391 - INFO -   - 券 123 选中 112, 增益: 40.6539
2025-12-13 17:17:23,836 - INFO -   - 券 124 选中 113, 增益: 42.5065
2025-12-13 17:17:24,262 - INFO -   - 券 125 选中 114, 增益: 41.2553
2025-12-13 17:17:24,703 - INFO -   - 券 126 选中 111, 增益: 40.9798
2025-12-13 17:17:25,122 - INFO -   - 券 127 选中 115, 增益: 40.2085
2025-12-13 17:17:25,548 - INFO -   - 券 128 选中 116, 增益: 40.4650
2025-12-13 17:17:26,006 - INFO -   - 券 129 选中 118, 增益: 42.3590
2025-12-13 17:17:26,474 - INFO -   - 券 130 选中 117, 增益: 45.2350
2025-12-13 17:17:26,912 - INFO -   - 券 131 选中 119, 增益: 41.3372
2025-12-13 17:17:27,339 - INFO -   - 券 132 选中 120, 增益: 40.9394
2025-12-13 17:17:27,765 - INFO -   - 券 133 选中 121, 增益: 41.6819
2025-12-13 17:17:28,185 - INFO -   - 券 134 选中 124, 增益: 40.6963
2025-12-13 17:17:28,640 - INFO -   - 券 135 选中 2815, 增益: 43.6820
2025-12-13 17:17:29,123 - INFO -   - 券 136 选中 127, 增益: 45.1406
2025-12-13 17:17:29,558 - INFO -   - 券 137 选中 2330, 增益: 40.8671
2025-12-13 17:17:29,996 - INFO -   - 券 138 选中 125, 增益: 41.4294
2025-12-13 17:17:30,423 - INFO -   - 券 139 选中 128, 增益: 39.7225
2025-12-13 17:17:30,852 - INFO -   - 券 140 选中 129, 增益: 41.2524
2025-12-13 17:17:31,369 - INFO -   - 券 141 选中 130, 增益: 47.0766
2025-12-13 17:17:31,788 - INFO -   - 券 142 选中 131, 增益: 39.5649
2025-12-13 17:17:32,216 - INFO -   - 券 143 选中 1971, 增益: 41.5474
2025-12-13 17:17:32,635 - INFO -   - 券 144 选中 132, 增益: 39.5367
2025-12-13 17:17:33,068 - INFO -   - 券 145 选中 133, 增益: 44.2997
2025-12-13 17:17:33,508 - INFO -   - 券 146 选中 126, 增益: 40.5487
2025-12-13 17:17:33,927 - INFO -   - 券 147 选中 134, 增益: 38.2070
2025-12-13 17:17:34,375 - INFO -   - 券 148 选中 136, 增益: 43.1636
2025-12-13 17:17:34,800 - INFO -   - 券 149 选中 137, 增益: 41.6795
2025-12-13 17:17:35,267 - INFO -   - 券 150 选中 139, 增益: 42.4534
2025-12-13 17:17:35,754 - INFO -   - 券 151 选中 140, 增益: 41.9554
2025-12-13 17:17:36,221 - INFO -   - 券 152 选中 141, 增益: 44.3206
2025-12-13 17:17:36,606 - INFO -   - 券 153 选中 142, 增益: 43.1901
2025-12-13 17:17:36,871 - INFO -   - 券 154 选中 145, 增益: 46.2915
2025-12-13 17:17:37,093 - INFO -   - 券 155 选中 146, 增益: 42.1070
2025-12-13 17:17:37,325 - INFO -   - 券 156 选中 147, 增益: 41.9562
2025-12-13 17:17:37,562 - INFO -   - 券 157 选中 2048, 增益: 41.6831
2025-12-13 17:17:37,779 - INFO -   - 券 158 选中 148, 增益: 38.8586
2025-12-13 17:17:38,010 - INFO -   - 券 159 选中 3253, 增益: 39.2442
2025-12-13 17:17:38,241 - INFO -   - 券 160 选中 149, 增益: 40.3960
2025-12-13 17:17:38,468 - INFO -   - 券 161 选中 150, 增益: 43.2687
2025-12-13 17:17:38,703 - INFO -   - 券 162 选中 2236, 增益: 44.3909
2025-12-13 17:17:38,935 - INFO -   - 券 163 选中 151, 增益: 42.4212
2025-12-13 17:17:39,151 - INFO -   - 券 164 选中 2704, 增益: 39.1146
2025-12-13 17:17:39,375 - INFO -   - 券 165 选中 152, 增益: 39.4827
2025-12-13 17:17:39,614 - INFO -   - 券 166 选中 2711, 增益: 43.4778
2025-12-13 17:17:39,862 - INFO -   - 券 167 选中 392, 增益: 43.2737
2025-12-13 17:17:40,094 - INFO -   - 券 168 选中 153, 增益: 39.7721
2025-12-13 17:17:40,321 - INFO -   - 券 169 选中 155, 增益: 41.4379
2025-12-13 17:17:40,569 - INFO -   - 券 170 选中 157, 增益: 43.2891
2025-12-13 17:17:40,809 - INFO -   - 券 171 选中 159, 增益: 45.2718
2025-12-13 17:17:41,031 - INFO -   - 券 172 选中 156, 增益: 40.7408
2025-12-13 17:17:41,274 - INFO -   - 券 173 选中 160, 增益: 45.4892
2025-12-13 17:17:41,509 - INFO -   - 券 174 选中 2852, 增益: 42.3535
2025-12-13 17:17:41,738 - INFO -   - 券 175 选中 162, 增益: 40.7176
2025-12-13 17:17:41,949 - INFO -   - 券 176 选中 163, 增益: 39.4228
2025-12-13 17:17:42,189 - INFO -   - 券 177 选中 1213, 增益: 44.7976
2025-12-13 17:17:42,436 - INFO -   - 券 178 选中 164, 增益: 44.3510
2025-12-13 17:17:42,652 - INFO -   - 券 179 选中 166, 增益: 39.5280
2025-12-13 17:17:42,885 - INFO -   - 券 180 选中 165, 增益: 44.8690
2025-12-13 17:17:43,090 - INFO -   - 券 181 选中 167, 增益: 39.8696
2025-12-13 17:17:43,311 - INFO -   - 券 182 选中 168, 增益: 42.9328
2025-12-13 17:17:43,544 - INFO -   - 券 183 选中 169, 增益: 40.5948
2025-12-13 17:17:43,801 - INFO -   - 券 184 选中 170, 增益: 45.3884
2025-12-13 17:17:44,045 - INFO -   - 券 185 选中 171, 增益: 42.1689
2025-12-13 17:17:44,281 - INFO -   - 券 186 选中 172, 增益: 43.4442
2025-12-13 17:17:44,515 - INFO -   - 券 187 选中 174, 增益: 40.6621
2025-12-13 17:17:44,747 - INFO -   - 券 188 选中 175, 增益: 37.5888
2025-12-13 17:17:44,996 - INFO -   - 券 189 选中 1744, 增益: 42.0906
2025-12-13 17:17:45,240 - INFO -   - 券 190 选中 176, 增益: 43.4813
2025-12-13 17:17:45,458 - INFO -   - 券 191 选中 177, 增益: 39.5502
2025-12-13 17:17:45,712 - INFO -   - 券 192 选中 178, 增益: 43.8481
2025-12-13 17:17:45,981 - INFO -   - 券 193 选中 179, 增益: 40.9637
2025-12-13 17:17:46,223 - INFO -   - 券 194 选中 2577, 增益: 41.8899
2025-12-13 17:17:46,444 - INFO -   - 券 195 选中 180, 增益: 41.1874
2025-12-13 17:17:46,679 - INFO -   - 券 196 选中 181, 增益: 40.9364
2025-12-13 17:17:46,907 - INFO -   - 券 197 选中 182, 增益: 40.4779
2025-12-13 17:17:47,143 - INFO -   - 券 198 选中 183, 增益: 47.8760
2025-12-13 17:17:47,364 - INFO -   - 券 199 选中 173, 增益: 41.9100
2025-12-13 17:17:47,574 - INFO -   - 券 200 选中 184, 增益: 39.3927
2025-12-13 17:17:47,792 - INFO -   - 券 201 选中 185, 增益: 44.4871
2025-12-13 17:17:48,020 - INFO -   - 券 202 选中 186, 增益: 43.2840
2025-12-13 17:17:48,287 - INFO -   - 券 203 选中 187, 增益: 43.1089
2025-12-13 17:17:48,529 - INFO -   - 券 204 选中 188, 增益: 40.8775
2025-12-13 17:17:48,755 - INFO -   - 券 205 选中 189, 增益: 42.3239
2025-12-13 17:17:48,988 - INFO -   - 券 206 选中 190, 增益: 43.3582
2025-12-13 17:17:49,191 - INFO -   - 券 207 选中 191, 增益: 37.1336
2025-12-13 17:17:49,441 - INFO -   - 券 208 选中 193, 增益: 47.3826
2025-12-13 17:17:49,696 - INFO -   - 券 209 选中 194, 增益: 40.3963
2025-12-13 17:17:49,958 - INFO -   - 券 210 选中 808, 增益: 41.5948
2025-12-13 17:17:50,206 - INFO -   - 券 211 选中 195, 增益: 42.6945
2025-12-13 17:17:50,448 - INFO -   - 券 212 选中 196, 增益: 40.6337
2025-12-13 17:17:50,706 - INFO -   - 券 213 选中 197, 增益: 41.7902
2025-12-13 17:17:50,951 - INFO -   - 券 214 选中 201, 增益: 46.0288
2025-12-13 17:17:51,175 - INFO -   - 券 215 选中 200, 增益: 40.6044
2025-12-13 17:17:51,408 - INFO -   - 券 216 选中 202, 增益: 43.9211
2025-12-13 17:17:51,625 - INFO -   - 券 217 选中 198, 增益: 42.2510
2025-12-13 17:17:51,866 - INFO -   - 券 218 选中 203, 增益: 42.0884
2025-12-13 17:17:52,081 - INFO -   - 券 219 选中 206, 增益: 38.8792
2025-12-13 17:17:52,293 - INFO -   - 券 220 选中 207, 增益: 38.8408
2025-12-13 17:17:52,521 - INFO -   - 券 221 选中 208, 增益: 41.1725
2025-12-13 17:17:52,759 - INFO -   - 券 222 选中 205, 增益: 42.6789
2025-12-13 17:17:52,993 - INFO -   - 券 223 选中 209, 增益: 42.7118
2025-12-13 17:17:53,207 - INFO -   - 券 224 选中 1481, 增益: 38.1645
2025-12-13 17:17:53,419 - INFO -   - 券 225 选中 199, 增益: 41.6292
2025-12-13 17:17:53,667 - INFO -   - 券 226 选中 210, 增益: 48.8998
2025-12-13 17:17:53,907 - INFO -   - 券 227 选中 213, 增益: 44.1075
2025-12-13 17:17:54,141 - INFO -   - 券 228 选中 215, 增益: 43.9611
2025-12-13 17:17:54,379 - INFO -   - 券 229 选中 2269, 增益: 45.6126
2025-12-13 17:17:54,613 - INFO -   - 券 230 选中 217, 增益: 42.8836
2025-12-13 17:17:54,855 - INFO -   - 券 231 选中 218, 增益: 43.3864
2025-12-13 17:17:55,111 - INFO -   - 券 232 选中 2877, 增益: 42.2837
2025-12-13 17:17:55,348 - INFO -   - 券 233 选中 219, 增益: 43.3299
2025-12-13 17:17:55,592 - INFO -   - 券 234 选中 2490, 增益: 41.5887
2025-12-13 17:17:55,809 - INFO -   - 券 235 选中 1366, 增益: 41.0862
2025-12-13 17:17:56,046 - INFO -   - 券 236 选中 220, 增益: 43.4773
2025-12-13 17:17:56,286 - INFO -   - 券 237 选中 221, 增益: 41.4607
2025-12-13 17:17:56,530 - INFO -   - 券 238 选中 222, 增益: 46.0999
2025-12-13 17:17:56,775 - INFO -   - 券 239 选中 223, 增益: 44.6282
2025-12-13 17:17:56,986 - INFO -   - 券 240 选中 224, 增益: 41.8477
2025-12-13 17:17:57,214 - INFO -   - 券 241 选中 225, 增益: 44.2023
2025-12-13 17:17:57,459 - INFO -   - 券 242 选中 226, 增益: 45.7048
2025-12-13 17:17:57,697 - INFO -   - 券 243 选中 227, 增益: 41.4814
2025-12-13 17:17:57,930 - INFO -   - 券 244 选中 228, 增益: 45.0666
2025-12-13 17:17:58,158 - INFO -   - 券 245 选中 229, 增益: 41.2526
2025-12-13 17:17:58,381 - INFO -   - 券 246 选中 231, 增益: 43.1345
2025-12-13 17:17:58,596 - INFO -   - 券 247 选中 2671, 增益: 37.9150
2025-12-13 17:17:58,827 - INFO -   - 券 248 选中 230, 增益: 41.6775
2025-12-13 17:17:59,048 - INFO -   - 券 249 选中 232, 增益: 38.8441
2025-12-13 17:17:59,263 - INFO -   - 券 250 选中 1059, 增益: 39.1381
2025-12-13 17:17:59,499 - INFO -   - 券 251 选中 234, 增益: 41.9161
2025-12-13 17:17:59,749 - INFO -   - 券 252 选中 968, 增益: 40.0093
2025-12-13 17:18:00,027 - INFO -   - 券 253 选中 235, 增益: 43.7976
2025-12-13 17:18:00,273 - INFO -   - 券 254 选中 237, 增益: 41.1959
2025-12-13 17:18:00,514 - INFO -   - 券 255 选中 236, 增益: 40.2800
2025-12-13 17:18:00,781 - INFO -   - 券 256 选中 239, 增益: 42.4198
2025-12-13 17:18:01,037 - INFO -   - 券 257 选中 240, 增益: 40.4632
2025-12-13 17:18:01,280 - INFO -   - 券 258 选中 242, 增益: 39.0928
2025-12-13 17:18:01,517 - INFO -   - 券 259 选中 241, 增益: 41.3905
2025-12-13 17:18:01,772 - INFO -   - 券 260 选中 243, 增益: 43.3024
2025-12-13 17:18:02,037 - INFO -   - 券 261 选中 244, 增益: 43.2636
2025-12-13 17:18:02,295 - INFO -   - 券 262 选中 245, 增益: 42.9733
2025-12-13 17:18:02,540 - INFO -   - 券 263 选中 247, 增益: 42.5478
2025-12-13 17:18:02,789 - INFO -   - 券 264 选中 248, 增益: 44.2402
2025-12-13 17:18:03,039 - INFO -   - 券 265 选中 2931, 增益: 42.3011
2025-12-13 17:18:03,289 - INFO -   - 券 266 选中 3146, 增益: 44.6972
2025-12-13 17:18:03,538 - INFO -   - 券 267 选中 2574, 增益: 43.0399
2025-12-13 17:18:03,768 - INFO -   - 券 268 选中 233, 增益: 40.1369
2025-12-13 17:18:03,979 - INFO -   - 券 269 选中 249, 增益: 38.2042
2025-12-13 17:18:04,209 - INFO -   - 券 270 选中 250, 增益: 39.2213
2025-12-13 17:18:04,470 - INFO -   - 券 271 选中 251, 增益: 42.4813
2025-12-13 17:18:04,696 - INFO -   - 券 272 选中 252, 增益: 38.1998
2025-12-13 17:18:04,914 - INFO -   - 券 273 选中 253, 增益: 42.9168
2025-12-13 17:18:05,128 - INFO -   - 券 274 选中 254, 增益: 37.7818
2025-12-13 17:18:05,363 - INFO -   - 券 275 选中 2737, 增益: 42.0572
2025-12-13 17:18:05,597 - INFO -   - 券 276 选中 255, 增益: 42.7426
2025-12-13 17:18:05,818 - INFO -   - 券 277 选中 1688, 增益: 40.2886
2025-12-13 17:18:06,058 - INFO -   - 券 278 选中 256, 增益: 45.0794
2025-12-13 17:18:06,281 - INFO -   - 券 279 选中 257, 增益: 40.7806
2025-12-13 17:18:06,501 - INFO -   - 券 280 选中 258, 增益: 39.7298
2025-12-13 17:18:06,743 - INFO -   - 券 281 选中 259, 增益: 43.0947
2025-12-13 17:18:06,981 - INFO -   - 券 282 选中 261, 增益: 42.6042
2025-12-13 17:18:07,224 - INFO -   - 券 283 选中 262, 增益: 46.7077
2025-12-13 17:18:07,440 - INFO -   - 券 284 选中 3282, 增益: 38.8329
2025-12-13 17:18:07,669 - INFO -   - 券 285 选中 263, 增益: 40.5287
2025-12-13 17:18:07,916 - INFO -   - 券 286 选中 265, 增益: 45.1240
2025-12-13 17:18:08,145 - INFO -   - 券 287 选中 1948, 增益: 41.0169
2025-12-13 17:18:08,368 - INFO -   - 券 288 选中 2487, 增益: 40.3250
2025-12-13 17:18:08,605 - INFO -   - 券 289 选中 266, 增益: 38.9060
2025-12-13 17:18:08,845 - INFO -   - 券 290 选中 2580, 增益: 39.1458
2025-12-13 17:18:09,092 - INFO -   - 券 291 选中 267, 增益: 38.9822
2025-12-13 17:18:09,335 - INFO -   - 券 292 选中 268, 增益: 45.2047
2025-12-13 17:18:09,582 - INFO -   - 券 293 选中 269, 增益: 43.4959
2025-12-13 17:18:09,805 - INFO -   - 券 294 选中 270, 增益: 38.3459
2025-12-13 17:18:10,029 - INFO -   - 券 295 选中 3086, 增益: 40.3288
2025-12-13 17:18:10,248 - INFO -   - 券 296 选中 271, 增益: 39.7031
2025-12-13 17:18:10,493 - INFO -   - 券 297 选中 272, 增益: 45.4884
2025-12-13 17:18:10,739 - INFO -   - 券 298 选中 273, 增益: 41.5674
2025-12-13 17:18:10,992 - INFO -   - 券 299 选中 1891, 增益: 42.8442
2025-12-13 17:18:11,252 - INFO -   - 券 300 选中 275, 增益: 43.9151
2025-12-13 17:18:14,834 - INFO - 最终选择的种子集: [0, 713, 1, 2, 3, 5, 7, 8, 9, 2288, 2559, 13, 845, 14, 15, 882, 10, 2808, 17, 4, 18, 16, 19, 20, 21, 857, 22, 25, 26, 27, 29, 3054, 28, 31, 30, 32, 6, 33, 34, 37, 38, 2081, 39, 40, 41, 1631, 2509, 43, 44, 45, 42, 46, 47, 48, 49, 51, 52, 53, 2670, 54, 55, 56, 57, 58, 59, 2999, 60, 61, 62, 63, 64, 65, 66, 67, 68, 69, 70, 1609, 71, 2565, 72, 73, 74, 75, 76, 35, 77, 1518, 322, 161, 78, 79, 1004, 80, 81, 82, 83, 84, 86, 87, 88, 89, 1302, 90, 91, 92, 94, 95, 2059, 96, 98, 100, 101, 2991, 102, 97, 103, 104, 107, 108, 109, 110, 112, 113, 114, 111, 115, 116, 118, 117, 119, 120, 121, 124, 2815, 127, 2330, 125, 128, 129, 130, 131, 1971, 132, 133, 126, 134, 136, 137, 139, 140, 141, 142, 145, 146, 147, 2048, 148, 3253, 149, 150, 2236, 151, 2704, 152, 2711, 392, 153, 155, 157, 159, 156, 160, 2852, 162, 163, 1213, 164, 166, 165, 167, 168, 169, 170, 171, 172, 174, 175, 1744, 176, 177, 178, 179, 2577, 180, 181, 182, 183, 173, 184, 185, 186, 187, 188, 189, 190, 191, 193, 194, 808, 195, 196, 197, 201, 200, 202, 198, 203, 206, 207, 208, 205, 209, 1481, 199, 210, 213, 215, 2269, 217, 218, 2877, 219, 2490, 1366, 220, 221, 222, 223, 224, 225, 226, 227, 228, 229, 231, 2671, 230, 232, 1059, 234, 968, 235, 237, 236, 239, 240, 242, 241, 243, 244, 245, 247, 248, 2931, 3146, 2574, 233, 249, 250, 251, 252, 253, 254, 2737, 255, 1688, 256, 257, 258, 259, 261, 262, 3282, 263, 265, 1948, 2487, 266, 2580, 267, 268, 269, 270, 3086, 271, 272, 273, 1891, 275]

2025-12-13 17:18:33,097 - INFO - 当前用时 2619.52 秒
2025-12-13 17:18:33,098 - INFO - 将种子集 写入位置: /root/pythonspace/data-test/Mich/2025-12-13-dis_up_and_succ_down_and_p_0.5_weighted/seeds-with-Mich/random_Weighted_RIS_seedNum-300_SSRNum-10000.txt
2025-12-13 17:18:33,100 - INFO - 首次生成种子集 ris_coverage
2025-12-13 17:18:33,100 - INFO - 执行当前算法开始: ris_coverage
2025-12-13 17:18:33,354 - INFO - 图初始化完成，CSR 矩阵及概率分布准备就绪。
2025-12-13 17:18:33,354 - INFO - 
开始生成 10000 组 SSR (并行进程: 4)...
2025-12-13 17:51:14,820 - INFO - 生成完毕。耗时: 1961.47 秒。
2025-12-13 17:51:14,820 - INFO - 
开始选择最优种子 (Optimized Greedy) ...
2025-12-13 17:54:51,693 - INFO -   - 券 1/300 选中节点 0, 新增覆盖 450
2025-12-13 17:54:51,744 - INFO -   - 券 2/300 选中节点 1, 新增覆盖 411
2025-12-13 17:54:51,794 - INFO -   - 券 3/300 选中节点 2, 新增覆盖 366
2025-12-13 17:54:51,842 - INFO -   - 券 4/300 选中节点 3, 新增覆盖 351
2025-12-13 17:54:51,884 - INFO -   - 券 5/300 选中节点 5, 新增覆盖 319
2025-12-13 17:54:51,917 - INFO -   - 券 6/300 选中节点 1104, 新增覆盖 266
2025-12-13 17:54:51,957 - INFO -   - 券 7/300 选中节点 6, 新增覆盖 279
2025-12-13 17:54:51,988 - INFO -   - 券 8/300 选中节点 7, 新增覆盖 249
2025-12-13 17:54:52,023 - INFO -   - 券 9/300 选中节点 8, 新增覆盖 224
2025-12-13 17:54:52,053 - INFO -   - 券 10/300 选中节点 4, 新增覆盖 208
2025-12-13 17:54:52,086 - INFO -   - 券 11/300 选中节点 9, 新增覆盖 224
2025-12-13 17:54:52,117 - INFO -   - 券 12/300 选中节点 13, 新增覆盖 176
2025-12-13 17:54:52,148 - INFO -   - 券 13/300 选中节点 2853, 新增覆盖 188
2025-12-13 17:54:52,179 - INFO -   - 券 14/300 选中节点 14, 新增覆盖 166
2025-12-13 17:54:52,210 - INFO -   - 券 15/300 选中节点 15, 新增覆盖 159
2025-12-13 17:54:52,239 - INFO -   - 券 16/300 选中节点 10, 新增覆盖 141
2025-12-13 17:54:52,267 - INFO -   - 券 17/300 选中节点 17, 新增覆盖 140
2025-12-13 17:54:52,297 - INFO -   - 券 18/300 选中节点 18, 新增覆盖 146
2025-12-13 17:54:52,326 - INFO -   - 券 19/300 选中节点 19, 新增覆盖 130
2025-12-13 17:54:52,355 - INFO -   - 券 20/300 选中节点 12, 新增覆盖 122
2025-12-13 17:54:52,385 - INFO -   - 券 21/300 选中节点 16, 新增覆盖 116
2025-12-13 17:54:52,424 - INFO -   - 券 22/300 选中节点 1515, 新增覆盖 119
2025-12-13 17:54:52,451 - INFO -   - 券 23/300 选中节点 20, 新增覆盖 109
2025-12-13 17:54:52,477 - INFO -   - 券 24/300 选中节点 21, 新增覆盖 107
2025-12-13 17:54:52,505 - INFO -   - 券 25/300 选中节点 22, 新增覆盖 102
2025-12-13 17:54:52,531 - INFO -   - 券 26/300 选中节点 24, 新增覆盖 104
2025-12-13 17:54:52,558 - INFO -   - 券 27/300 选中节点 25, 新增覆盖 84
2025-12-13 17:54:52,589 - INFO -   - 券 28/300 选中节点 26, 新增覆盖 93
2025-12-13 17:54:52,615 - INFO -   - 券 29/300 选中节点 27, 新增覆盖 81
2025-12-13 17:54:52,643 - INFO -   - 券 30/300 选中节点 28, 新增覆盖 77
2025-12-13 17:54:52,670 - INFO -   - 券 31/300 选中节点 29, 新增覆盖 77
2025-12-13 17:54:52,695 - INFO -   - 券 32/300 选中节点 30, 新增覆盖 71
2025-12-13 17:54:52,720 - INFO -   - 券 33/300 选中节点 31, 新增覆盖 70
2025-12-13 17:54:52,751 - INFO -   - 券 34/300 选中节点 32, 新增覆盖 79
2025-12-13 17:54:52,780 - INFO -   - 券 35/300 选中节点 33, 新增覆盖 85
2025-12-13 17:54:52,815 - INFO -   - 券 36/300 选中节点 34, 新增覆盖 68
2025-12-13 17:54:52,842 - INFO -   - 券 37/300 选中节点 37, 新增覆盖 70
2025-12-13 17:54:52,880 - INFO -   - 券 38/300 选中节点 38, 新增覆盖 61
2025-12-13 17:54:52,906 - INFO -   - 券 39/300 选中节点 39, 新增覆盖 77
2025-12-13 17:54:52,930 - INFO -   - 券 40/300 选中节点 35, 新增覆盖 44
2025-12-13 17:54:52,954 - INFO -   - 券 41/300 选中节点 40, 新增覆盖 48
2025-12-13 17:54:52,980 - INFO -   - 券 42/300 选中节点 41, 新增覆盖 51
2025-12-13 17:54:53,004 - INFO -   - 券 43/300 选中节点 199, 新增覆盖 49
2025-12-13 17:54:53,031 - INFO -   - 券 44/300 选中节点 43, 新增覆盖 54
2025-12-13 17:54:53,056 - INFO -   - 券 45/300 选中节点 42, 新增覆盖 46
2025-12-13 17:54:53,088 - INFO -   - 券 46/300 选中节点 957, 新增覆盖 50
2025-12-13 17:54:53,111 - INFO -   - 券 47/300 选中节点 44, 新增覆盖 38
2025-12-13 17:54:53,142 - INFO -   - 券 48/300 选中节点 45, 新增覆盖 40
2025-12-13 17:54:53,165 - INFO -   - 券 49/300 选中节点 23, 新增覆盖 38
2025-12-13 17:54:53,189 - INFO -   - 券 50/300 选中节点 46, 新增覆盖 54
2025-12-13 17:54:53,222 - INFO -   - 券 51/300 选中节点 47, 新增覆盖 45
2025-12-13 17:54:53,245 - INFO -   - 券 52/300 选中节点 48, 新增覆盖 29
2025-12-13 17:54:53,267 - INFO -   - 券 53/300 选中节点 1017, 新增覆盖 36
2025-12-13 17:54:53,290 - INFO -   - 券 54/300 选中节点 3292, 新增覆盖 39
2025-12-13 17:54:53,316 - INFO -   - 券 55/300 选中节点 49, 新增覆盖 39
2025-12-13 17:54:53,338 - INFO -   - 券 56/300 选中节点 51, 新增覆盖 40
2025-12-13 17:54:53,370 - INFO -   - 券 57/300 选中节点 52, 新增覆盖 31
2025-12-13 17:54:53,402 - INFO -   - 券 58/300 选中节点 53, 新增覆盖 37
2025-12-13 17:54:53,424 - INFO -   - 券 59/300 选中节点 54, 新增覆盖 32
2025-12-13 17:54:53,446 - INFO -   - 券 60/300 选中节点 55, 新增覆盖 27
2025-12-13 17:54:53,482 - INFO -   - 券 61/300 选中节点 56, 新增覆盖 36
2025-12-13 17:54:53,505 - INFO -   - 券 62/300 选中节点 50, 新增覆盖 29
2025-12-13 17:54:53,528 - INFO -   - 券 63/300 选中节点 57, 新增覆盖 32
2025-12-13 17:54:53,562 - INFO -   - 券 64/300 选中节点 58, 新增覆盖 26
2025-12-13 17:54:53,586 - INFO -   - 券 65/300 选中节点 59, 新增覆盖 24
2025-12-13 17:54:53,609 - INFO -   - 券 66/300 选中节点 60, 新增覆盖 24
2025-12-13 17:54:53,632 - INFO -   - 券 67/300 选中节点 61, 新增覆盖 37
2025-12-13 17:54:53,655 - INFO -   - 券 68/300 选中节点 62, 新增覆盖 25
2025-12-13 17:54:53,679 - INFO -   - 券 69/300 选中节点 63, 新增覆盖 34
2025-12-13 17:54:53,705 - INFO -   - 券 70/300 选中节点 64, 新增覆盖 22
2025-12-13 17:54:53,728 - INFO -   - 券 71/300 选中节点 65, 新增覆盖 28
2025-12-13 17:54:53,752 - INFO -   - 券 72/300 选中节点 66, 新增覆盖 27
2025-12-13 17:54:53,787 - INFO -   - 券 73/300 选中节点 67, 新增覆盖 27
2025-12-13 17:54:53,812 - INFO -   - 券 74/300 选中节点 68, 新增覆盖 26
2025-12-13 17:54:53,838 - INFO -   - 券 75/300 选中节点 69, 新增覆盖 21
2025-12-13 17:54:53,864 - INFO -   - 券 76/300 选中节点 70, 新增覆盖 19
2025-12-13 17:54:53,901 - INFO -   - 券 77/300 选中节点 71, 新增覆盖 25
2025-12-13 17:54:53,924 - INFO -   - 券 78/300 选中节点 72, 新增覆盖 22
2025-12-13 17:54:53,946 - INFO -   - 券 79/300 选中节点 73, 新增覆盖 16
2025-12-13 17:54:53,970 - INFO -   - 券 80/300 选中节点 74, 新增覆盖 23
2025-12-13 17:54:54,004 - INFO -   - 券 81/300 选中节点 75, 新增覆盖 25
2025-12-13 17:54:54,036 - INFO -   - 券 82/300 选中节点 76, 新增覆盖 15
2025-12-13 17:54:54,063 - INFO -   - 券 83/300 选中节点 77, 新增覆盖 28
2025-12-13 17:54:54,098 - INFO -   - 券 84/300 选中节点 78, 新增覆盖 23
2025-12-13 17:54:54,121 - INFO -   - 券 85/300 选中节点 79, 新增覆盖 17
2025-12-13 17:54:54,144 - INFO -   - 券 86/300 选中节点 80, 新增覆盖 28
2025-12-13 17:54:54,166 - INFO -   - 券 87/300 选中节点 81, 新增覆盖 17
2025-12-13 17:54:54,189 - INFO -   - 券 88/300 选中节点 82, 新增覆盖 16
2025-12-13 17:54:54,222 - INFO -   - 券 89/300 选中节点 3399, 新增覆盖 20
2025-12-13 17:54:54,248 - INFO -   - 券 90/300 选中节点 2149, 新增覆盖 15
2025-12-13 17:54:54,271 - INFO -   - 券 91/300 选中节点 83, 新增覆盖 15
2025-12-13 17:54:54,305 - INFO -   - 券 92/300 选中节点 84, 新增覆盖 13
2025-12-13 17:54:54,329 - INFO -   - 券 93/300 选中节点 2278, 新增覆盖 11
2025-12-13 17:54:54,363 - INFO -   - 券 94/300 选中节点 86, 新增覆盖 20
2025-12-13 17:54:54,387 - INFO -   - 券 95/300 选中节点 85, 新增覆盖 10
2025-12-13 17:54:54,421 - INFO -   - 券 96/300 选中节点 87, 新增覆盖 16
2025-12-13 17:54:54,458 - INFO -   - 券 97/300 选中节点 2048, 新增覆盖 16
2025-12-13 17:54:54,482 - INFO -   - 券 98/300 选中节点 1981, 新增覆盖 13
2025-12-13 17:54:54,506 - INFO -   - 券 99/300 选中节点 88, 新增覆盖 9
2025-12-13 17:54:54,532 - INFO -   - 券 100/300 选中节点 700, 新增覆盖 21
2025-12-13 17:54:54,571 - INFO -   - 券 101/300 选中节点 89, 新增覆盖 10
2025-12-13 17:54:54,599 - INFO -   - 券 102/300 选中节点 90, 新增覆盖 7
2025-12-13 17:54:54,630 - INFO -   - 券 103/300 选中节点 91, 新增覆盖 20
2025-12-13 17:54:54,661 - INFO -   - 券 104/300 选中节点 3223, 新增覆盖 11
2025-12-13 17:54:54,701 - INFO -   - 券 105/300 选中节点 92, 新增覆盖 13
2025-12-13 17:54:54,730 - INFO -   - 券 106/300 选中节点 2889, 新增覆盖 11
2025-12-13 17:54:54,769 - INFO -   - 券 107/300 选中节点 93, 新增覆盖 20
2025-12-13 17:54:54,798 - INFO -   - 券 108/300 选中节点 94, 新增覆盖 9
2025-12-13 17:54:54,837 - INFO -   - 券 109/300 选中节点 95, 新增覆盖 16
2025-12-13 17:54:54,867 - INFO -   - 券 110/300 选中节点 96, 新增覆盖 13
2025-12-13 17:54:54,896 - INFO -   - 券 111/300 选中节点 36, 新增覆盖 8
2025-12-13 17:54:54,924 - INFO -   - 券 112/300 选中节点 97, 新增覆盖 12
2025-12-13 17:54:54,952 - INFO -   - 券 113/300 选中节点 98, 新增覆盖 8
2025-12-13 17:54:54,993 - INFO -   - 券 114/300 选中节点 100, 新增覆盖 15
2025-12-13 17:54:55,036 - INFO -   - 券 115/300 选中节点 99, 新增覆盖 14
2025-12-13 17:54:55,066 - INFO -   - 券 116/300 选中节点 101, 新增覆盖 17
2025-12-13 17:54:55,096 - INFO -   - 券 117/300 选中节点 102, 新增覆盖 10
2025-12-13 17:54:55,125 - INFO -   - 券 118/300 选中节点 103, 新增覆盖 10
2025-12-13 17:54:55,157 - INFO -   - 券 119/300 选中节点 104, 新增覆盖 10
2025-12-13 17:54:55,195 - INFO -   - 券 120/300 选中节点 107, 新增覆盖 6
2025-12-13 17:54:55,226 - INFO -   - 券 121/300 选中节点 108, 新增覆盖 13
2025-12-13 17:54:55,258 - INFO -   - 券 122/300 选中节点 109, 新增覆盖 8
2025-12-13 17:54:55,288 - INFO -   - 券 123/300 选中节点 105, 新增覆盖 3
2025-12-13 17:54:55,318 - INFO -   - 券 124/300 选中节点 106, 新增覆盖 5
2025-12-13 17:54:55,352 - INFO -   - 券 125/300 选中节点 2772, 新增覆盖 13
2025-12-13 17:54:55,383 - INFO -   - 券 126/300 选中节点 110, 新增覆盖 12
2025-12-13 17:54:55,423 - INFO -   - 券 127/300 选中节点 111, 新增覆盖 16
2025-12-13 17:54:55,454 - INFO -   - 券 128/300 选中节点 112, 新增覆盖 10
2025-12-13 17:54:55,485 - INFO -   - 券 129/300 选中节点 113, 新增覆盖 6
2025-12-13 17:54:55,515 - INFO -   - 券 130/300 选中节点 114, 新增覆盖 9
2025-12-13 17:54:55,549 - INFO -   - 券 131/300 选中节点 115, 新增覆盖 19
2025-12-13 17:54:55,589 - INFO -   - 券 132/300 选中节点 116, 新增覆盖 9
2025-12-13 17:54:55,629 - INFO -   - 券 133/300 选中节点 117, 新增覆盖 8
2025-12-13 17:54:55,663 - INFO -   - 券 134/300 选中节点 118, 新增覆盖 11
2025-12-13 17:54:55,696 - INFO -   - 券 135/300 选中节点 119, 新增覆盖 14
2025-12-13 17:54:55,726 - INFO -   - 券 136/300 选中节点 120, 新增覆盖 8
2025-12-13 17:54:55,767 - INFO -   - 券 137/300 选中节点 121, 新增覆盖 11
2025-12-13 17:54:55,797 - INFO -   - 券 138/300 选中节点 124, 新增覆盖 10
2025-12-13 17:54:55,831 - INFO -   - 券 139/300 选中节点 122, 新增覆盖 5
2025-12-13 17:54:55,870 - INFO -   - 券 140/300 选中节点 11, 新增覆盖 9
2025-12-13 17:54:55,909 - INFO -   - 券 141/300 选中节点 125, 新增覆盖 10
2025-12-13 17:54:55,941 - INFO -   - 券 142/300 选中节点 126, 新增覆盖 9
2025-12-13 17:54:55,972 - INFO -   - 券 143/300 选中节点 127, 新增覆盖 5
2025-12-13 17:54:56,004 - INFO -   - 券 144/300 选中节点 128, 新增覆盖 7
2025-12-13 17:54:56,046 - INFO -   - 券 145/300 选中节点 2909, 新增覆盖 13
2025-12-13 17:54:56,077 - INFO -   - 券 146/300 选中节点 129, 新增覆盖 6
2025-12-13 17:54:56,118 - INFO -   - 券 147/300 选中节点 130, 新增覆盖 8
2025-12-13 17:54:56,152 - INFO -   - 券 148/300 选中节点 131, 新增覆盖 14
2025-12-13 17:54:56,184 - INFO -   - 券 149/300 选中节点 132, 新增覆盖 8
2025-12-13 17:54:56,215 - INFO -   - 券 150/300 选中节点 133, 新增覆盖 3
2025-12-13 17:54:56,246 - INFO -   - 券 151/300 选中节点 134, 新增覆盖 4
2025-12-13 17:54:56,276 - INFO -   - 券 152/300 选中节点 136, 新增覆盖 3
2025-12-13 17:54:56,306 - INFO -   - 券 153/300 选中节点 137, 新增覆盖 6
2025-12-13 17:54:56,346 - INFO -   - 券 154/300 选中节点 138, 新增覆盖 5
2025-12-13 17:54:56,386 - INFO -   - 券 155/300 选中节点 135, 新增覆盖 6
2025-12-13 17:54:56,419 - INFO -   - 券 156/300 选中节点 139, 新增覆盖 6
2025-12-13 17:54:56,461 - INFO -   - 券 157/300 选中节点 140, 新增覆盖 3
2025-12-13 17:54:56,491 - INFO -   - 券 158/300 选中节点 141, 新增覆盖 6
2025-12-13 17:54:56,522 - INFO -   - 券 159/300 选中节点 2996, 新增覆盖 5
2025-12-13 17:54:56,555 - INFO -   - 券 160/300 选中节点 142, 新增覆盖 5
2025-12-13 17:54:56,587 - INFO -   - 券 161/300 选中节点 1777, 新增覆盖 11
2025-12-13 17:54:56,618 - INFO -   - 券 162/300 选中节点 143, 新增覆盖 7
2025-12-13 17:54:56,649 - INFO -   - 券 163/300 选中节点 144, 新增覆盖 7
2025-12-13 17:54:56,680 - INFO -   - 券 164/300 选中节点 145, 新增覆盖 5
2025-12-13 17:54:56,720 - INFO -   - 券 165/300 选中节点 2310, 新增覆盖 9
2025-12-13 17:54:56,762 - INFO -   - 券 166/300 选中节点 935, 新增覆盖 11
2025-12-13 17:54:56,793 - INFO -   - 券 167/300 选中节点 146, 新增覆盖 6
2025-12-13 17:54:56,833 - INFO -   - 券 168/300 选中节点 147, 新增覆盖 8
2025-12-13 17:54:56,874 - INFO -   - 券 169/300 选中节点 148, 新增覆盖 3
2025-12-13 17:54:56,915 - INFO -   - 券 170/300 选中节点 149, 新增覆盖 7
2025-12-13 17:54:56,949 - INFO -   - 券 171/300 选中节点 2863, 新增覆盖 8
2025-12-13 17:54:56,982 - INFO -   - 券 172/300 选中节点 150, 新增覆盖 7
2025-12-13 17:54:57,015 - INFO -   - 券 173/300 选中节点 151, 新增覆盖 6
2025-12-13 17:54:57,056 - INFO -   - 券 174/300 选中节点 152, 新增覆盖 5
2025-12-13 17:54:57,096 - INFO -   - 券 175/300 选中节点 153, 新增覆盖 7
2025-12-13 17:54:57,128 - INFO -   - 券 176/300 选中节点 154, 新增覆盖 3
2025-12-13 17:54:57,162 - INFO -   - 券 177/300 选中节点 155, 新增覆盖 6
2025-12-13 17:54:57,198 - INFO -   - 券 178/300 选中节点 156, 新增覆盖 1
2025-12-13 17:54:57,231 - INFO -   - 券 179/300 选中节点 157, 新增覆盖 5
2025-12-13 17:54:57,263 - INFO -   - 券 180/300 选中节点 159, 新增覆盖 5
2025-12-13 17:54:57,307 - INFO -   - 券 181/300 选中节点 158, 新增覆盖 5
2025-12-13 17:54:57,344 - INFO -   - 券 182/300 选中节点 160, 新增覆盖 8
2025-12-13 17:54:57,377 - INFO -   - 券 183/300 选中节点 161, 新增覆盖 3
2025-12-13 17:54:57,411 - INFO -   - 券 184/300 选中节点 162, 新增覆盖 11
2025-12-13 17:54:57,457 - INFO -   - 券 185/300 选中节点 163, 新增覆盖 6
2025-12-13 17:54:57,489 - INFO -   - 券 186/300 选中节点 164, 新增覆盖 7
2025-12-13 17:54:57,536 - INFO -   - 券 187/300 选中节点 165, 新增覆盖 4
2025-12-13 17:54:57,568 - INFO -   - 券 188/300 选中节点 166, 新增覆盖 3
2025-12-13 17:54:57,615 - INFO -   - 券 189/300 选中节点 3109, 新增覆盖 7
2025-12-13 17:54:57,648 - INFO -   - 券 190/300 选中节点 167, 新增覆盖 8
2025-12-13 17:54:57,684 - INFO -   - 券 191/300 选中节点 168, 新增覆盖 4
2025-12-13 17:54:57,719 - INFO -   - 券 192/300 选中节点 169, 新增覆盖 3
2025-12-13 17:54:57,768 - INFO -   - 券 193/300 选中节点 1560, 新增覆盖 6
2025-12-13 17:54:57,817 - INFO -   - 券 194/300 选中节点 170, 新增覆盖 4
2025-12-13 17:54:57,865 - INFO -   - 券 195/300 选中节点 171, 新增覆盖 7
2025-12-13 17:54:57,908 - INFO -   - 券 196/300 选中节点 172, 新增覆盖 7
2025-12-13 17:54:57,942 - INFO -   - 券 197/300 选中节点 173, 新增覆盖 4
2025-12-13 17:54:57,978 - INFO -   - 券 198/300 选中节点 174, 新增覆盖 5
2025-12-13 17:54:58,014 - INFO -   - 券 199/300 选中节点 175, 新增覆盖 4
2025-12-13 17:54:58,060 - INFO -   - 券 200/300 选中节点 176, 新增覆盖 5
2025-12-13 17:54:58,095 - INFO -   - 券 201/300 选中节点 177, 新增覆盖 4
2025-12-13 17:54:58,140 - INFO -   - 券 202/300 选中节点 178, 新增覆盖 9
2025-12-13 17:54:58,186 - INFO -   - 券 203/300 选中节点 179, 新增覆盖 6
2025-12-13 17:54:58,223 - INFO -   - 券 204/300 选中节点 180, 新增覆盖 3
2025-12-13 17:54:58,268 - INFO -   - 券 205/300 选中节点 181, 新增覆盖 2
2025-12-13 17:54:58,305 - INFO -   - 券 206/300 选中节点 182, 新增覆盖 6
2025-12-13 17:54:58,340 - INFO -   - 券 207/300 选中节点 183, 新增覆盖 4
2025-12-13 17:54:58,387 - INFO -   - 券 208/300 选中节点 184, 新增覆盖 3
2025-12-13 17:54:58,433 - INFO -   - 券 209/300 选中节点 185, 新增覆盖 2
2025-12-13 17:54:58,477 - INFO -   - 券 210/300 选中节点 186, 新增覆盖 6
2025-12-13 17:54:58,514 - INFO -   - 券 211/300 选中节点 187, 新增覆盖 9
2025-12-13 17:54:58,553 - INFO -   - 券 212/300 选中节点 188, 新增覆盖 8
2025-12-13 17:54:58,590 - INFO -   - 券 213/300 选中节点 189, 新增覆盖 9
2025-12-13 17:54:58,641 - INFO -   - 券 214/300 选中节点 190, 新增覆盖 8
2025-12-13 17:54:58,680 - INFO -   - 券 215/300 选中节点 2515, 新增覆盖 6
2025-12-13 17:54:58,718 - INFO -   - 券 216/300 选中节点 191, 新增覆盖 3
2025-12-13 17:54:58,770 - INFO -   - 券 217/300 选中节点 192, 新增覆盖 3
2025-12-13 17:54:58,824 - INFO -   - 券 218/300 选中节点 193, 新增覆盖 5
2025-12-13 17:54:58,865 - INFO -   - 券 219/300 选中节点 194, 新增覆盖 7
2025-12-13 17:54:58,916 - INFO -   - 券 220/300 选中节点 195, 新增覆盖 6
2025-12-13 17:54:58,953 - INFO -   - 券 221/300 选中节点 196, 新增覆盖 3
2025-12-13 17:54:58,998 - INFO -   - 券 222/300 选中节点 197, 新增覆盖 4
2025-12-13 17:54:59,046 - INFO -   - 券 223/300 选中节点 198, 新增覆盖 4
2025-12-13 17:54:59,084 - INFO -   - 券 224/300 选中节点 200, 新增覆盖 4
2025-12-13 17:54:59,126 - INFO -   - 券 225/300 选中节点 201, 新增覆盖 2
2025-12-13 17:54:59,164 - INFO -   - 券 226/300 选中节点 3509, 新增覆盖 2
2025-12-13 17:54:59,211 - INFO -   - 券 227/300 选中节点 3213, 新增覆盖 3
2025-12-13 17:54:59,263 - INFO -   - 券 228/300 选中节点 202, 新增覆盖 7
2025-12-13 17:54:59,311 - INFO -   - 券 229/300 选中节点 203, 新增覆盖 4
2025-12-13 17:54:59,360 - INFO -   - 券 230/300 选中节点 205, 新增覆盖 3
2025-12-13 17:54:59,407 - INFO -   - 券 231/300 选中节点 204, 新增覆盖 2
2025-12-13 17:54:59,447 - INFO -   - 券 232/300 选中节点 206, 新增覆盖 3
2025-12-13 17:54:59,496 - INFO -   - 券 233/300 选中节点 207, 新增覆盖 2
2025-12-13 17:54:59,534 - INFO -   - 券 234/300 选中节点 208, 新增覆盖 5
2025-12-13 17:54:59,574 - INFO -   - 券 235/300 选中节点 209, 新增覆盖 2
2025-12-13 17:54:59,628 - INFO -   - 券 236/300 选中节点 210, 新增覆盖 2
2025-12-13 17:54:59,668 - INFO -   - 券 237/300 选中节点 211, 新增覆盖 5
2025-12-13 17:54:59,718 - INFO -   - 券 238/300 选中节点 213, 新增覆盖 4
2025-12-13 17:54:59,771 - INFO -   - 券 239/300 选中节点 212, 新增覆盖 2
2025-12-13 17:54:59,825 - INFO -   - 券 240/300 选中节点 2575, 新增覆盖 7
2025-12-13 17:54:59,864 - INFO -   - 券 241/300 选中节点 2643, 新增覆盖 1
2025-12-13 17:54:59,906 - INFO -   - 券 242/300 选中节点 214, 新增覆盖 1
2025-12-13 17:54:59,957 - INFO -   - 券 243/300 选中节点 215, 新增覆盖 3
2025-12-13 17:54:59,997 - INFO -   - 券 244/300 选中节点 216, 新增覆盖 7
2025-12-13 17:55:00,049 - INFO -   - 券 245/300 选中节点 217, 新增覆盖 4
2025-12-13 17:55:00,096 - INFO -   - 券 246/300 选中节点 218, 新增覆盖 4
2025-12-13 17:55:00,145 - INFO -   - 券 247/300 选中节点 219, 新增覆盖 3
2025-12-13 17:55:00,192 - INFO -   - 券 248/300 选中节点 220, 新增覆盖 4
2025-12-13 17:55:00,243 - INFO -   - 券 249/300 选中节点 3669, 新增覆盖 6
2025-12-13 17:55:00,292 - INFO -   - 券 250/300 选中节点 221, 新增覆盖 3
2025-12-13 17:55:00,332 - INFO -   - 券 251/300 选中节点 2389, 新增覆盖 1
2025-12-13 17:55:00,388 - INFO -   - 券 252/300 选中节点 222, 新增覆盖 3
2025-12-13 17:55:00,437 - INFO -   - 券 253/300 选中节点 223, 新增覆盖 3
2025-12-13 17:55:00,489 - INFO -   - 券 254/300 选中节点 3677, 新增覆盖 2
2025-12-13 17:55:00,537 - INFO -   - 券 255/300 选中节点 3390, 新增覆盖 1
2025-12-13 17:55:00,588 - INFO -   - 券 256/300 选中节点 123, 新增覆盖 1
2025-12-13 17:55:00,629 - INFO -   - 券 257/300 选中节点 224, 新增覆盖 3
2025-12-13 17:55:00,668 - INFO -   - 券 258/300 选中节点 225, 新增覆盖 3
2025-12-13 17:55:00,718 - INFO -   - 券 259/300 选中节点 3601, 新增覆盖 1
2025-12-13 17:55:00,757 - INFO -   - 券 260/300 选中节点 226, 新增覆盖 2
2025-12-13 17:55:00,806 - INFO -   - 券 261/300 选中节点 227, 新增覆盖 2
2025-12-13 17:55:00,856 - INFO -   - 券 262/300 选中节点 228, 新增覆盖 2
2025-12-13 17:55:00,906 - INFO -   - 券 263/300 选中节点 229, 新增覆盖 3
2025-12-13 17:55:00,948 - INFO -   - 券 264/300 选中节点 230, 新增覆盖 3
2025-12-13 17:55:00,999 - INFO -   - 券 265/300 选中节点 231, 新增覆盖 2
2025-12-13 17:55:01,040 - INFO -   - 券 266/300 选中节点 232, 新增覆盖 3
2025-12-13 17:55:01,091 - INFO -   - 券 267/300 选中节点 233, 新增覆盖 3
2025-12-13 17:55:01,142 - INFO -   - 券 268/300 选中节点 234, 新增覆盖 4
2025-12-13 17:55:01,185 - INFO -   - 券 269/300 选中节点 235, 新增覆盖 2
2025-12-13 17:55:01,235 - INFO -   - 券 270/300 选中节点 3703, 新增覆盖 1
2025-12-13 17:55:01,287 - INFO -   - 券 271/300 选中节点 236, 新增覆盖 3
2025-12-13 17:55:01,336 - INFO -   - 券 272/300 选中节点 2728, 新增覆盖 1
2025-12-13 17:55:01,385 - INFO -   - 券 273/300 选中节点 237, 新增覆盖 2
2025-12-13 17:55:01,434 - INFO -   - 券 274/300 选中节点 238, 新增覆盖 5
2025-12-13 17:55:01,488 - INFO -   - 券 275/300 选中节点 239, 新增覆盖 5
2025-12-13 17:55:01,538 - INFO -   - 券 276/300 选中节点 240, 新增覆盖 3
2025-12-13 17:55:01,581 - INFO -   - 券 277/300 选中节点 3030, 新增覆盖 7
2025-12-13 17:55:01,630 - INFO -   - 券 278/300 选中节点 3697, 新增覆盖 2
2025-12-13 17:55:01,675 - INFO -   - 券 279/300 选中节点 241, 新增覆盖 3
2025-12-13 17:55:01,726 - INFO -   - 券 280/300 选中节点 242, 新增覆盖 7
2025-12-13 17:55:01,778 - INFO -   - 券 281/300 选中节点 243, 新增覆盖 2
2025-12-13 17:55:01,832 - INFO -   - 券 282/300 选中节点 244, 新增覆盖 3
2025-12-13 17:55:01,886 - INFO -   - 券 283/300 选中节点 245, 新增覆盖 2
2025-12-13 17:55:01,940 - INFO -   - 券 284/300 选中节点 246, 新增覆盖 2
2025-12-13 17:55:01,994 - INFO -   - 券 285/300 选中节点 247, 新增覆盖 1
2025-12-13 17:55:02,038 - INFO -   - 券 286/300 选中节点 248, 新增覆盖 2
2025-12-13 17:55:02,082 - INFO -   - 券 287/300 选中节点 3575, 新增覆盖 2
2025-12-13 17:55:02,141 - INFO -   - 券 288/300 选中节点 3685, 新增覆盖 1
2025-12-13 17:55:02,202 - INFO -   - 券 289/300 选中节点 3687, 新增覆盖 1
2025-12-13 17:55:02,261 - INFO -   - 券 290/300 选中节点 249, 新增覆盖 2
2025-12-13 17:55:02,317 - INFO -   - 券 291/300 选中节点 250, 新增覆盖 0
2025-12-13 17:55:02,374 - INFO -   - 券 292/300 选中节点 251, 新增覆盖 2
2025-12-13 17:55:02,429 - INFO -   - 券 293/300 选中节点 252, 新增覆盖 2
2025-12-13 17:55:02,485 - INFO -   - 券 294/300 选中节点 253, 新增覆盖 1
2025-12-13 17:55:02,530 - INFO -   - 券 295/300 选中节点 254, 新增覆盖 3
2025-12-13 17:55:02,586 - INFO -   - 券 296/300 选中节点 3234, 新增覆盖 2
2025-12-13 17:55:02,639 - INFO -   - 券 297/300 选中节点 255, 新增覆盖 4
2025-12-13 17:55:02,697 - INFO -   - 券 298/300 选中节点 256, 新增覆盖 2
2025-12-13 17:55:02,767 - INFO -   - 券 299/300 选中节点 257, 新增覆盖 4
2025-12-13 17:55:02,832 - INFO -   - 券 300/300 选中节点 3732, 新增覆盖 3
2025-12-13 17:55:02,832 - INFO - 选种完毕。耗时: 228.01 秒。
2025-12-13 17:55:10,327 - INFO - 最终选择的种子集: [0, 1, 2, 3, 5, 1104, 6, 7, 8, 4, 9, 13, 2853, 14, 15, 10, 17, 18, 19, 12, 16, 1515, 20, 21, 22, 24, 25, 26, 27, 28, 29, 30, 31, 32, 33, 34, 37, 38, 39, 35, 40, 41, 199, 43, 42, 957, 44, 45, 23, 46, 47, 48, 1017, 3292, 49, 51, 52, 53, 54, 55, 56, 50, 57, 58, 59, 60, 61, 62, 63, 64, 65, 66, 67, 68, 69, 70, 71, 72, 73, 74, 75, 76, 77, 78, 79, 80, 81, 82, 3399, 2149, 83, 84, 2278, 86, 85, 87, 2048, 1981, 88, 700, 89, 90, 91, 3223, 92, 2889, 93, 94, 95, 96, 36, 97, 98, 100, 99, 101, 102, 103, 104, 107, 108, 109, 105, 106, 2772, 110, 111, 112, 113, 114, 115, 116, 117, 118, 119, 120, 121, 124, 122, 11, 125, 126, 127, 128, 2909, 129, 130, 131, 132, 133, 134, 136, 137, 138, 135, 139, 140, 141, 2996, 142, 1777, 143, 144, 145, 2310, 935, 146, 147, 148, 149, 2863, 150, 151, 152, 153, 154, 155, 156, 157, 159, 158, 160, 161, 162, 163, 164, 165, 166, 3109, 167, 168, 169, 1560, 170, 171, 172, 173, 174, 175, 176, 177, 178, 179, 180, 181, 182, 183, 184, 185, 186, 187, 188, 189, 190, 2515, 191, 192, 193, 194, 195, 196, 197, 198, 200, 201, 3509, 3213, 202, 203, 205, 204, 206, 207, 208, 209, 210, 211, 213, 212, 2575, 2643, 214, 215, 216, 217, 218, 219, 220, 3669, 221, 2389, 222, 223, 3677, 3390, 123, 224, 225, 3601, 226, 227, 228, 229, 230, 231, 232, 233, 234, 235, 3703, 236, 2728, 237, 238, 239, 240, 3030, 3697, 241, 242, 243, 244, 245, 246, 247, 248, 3575, 3685, 3687, 249, 250, 251, 252, 253, 254, 3234, 255, 256, 257, 3732]

2025-12-13 17:55:19,966 - INFO - 当前用时 2206.87 秒
2025-12-13 17:55:19,966 - INFO - 将种子集 写入位置: /root/pythonspace/data-test/Mich/2025-12-13-dis_up_and_succ_down_and_p_0.5_weighted/seeds-with-Mich/random_ris_coverage_seedNum-300_SSRNum-10000.txt
2025-12-13 17:55:19,967 - INFO - 评估种子集: None
2025-12-13 17:55:19,967 - INFO - 多进程评估开始，共有 5 个方法待评估...
2025-12-13 17:55:19,967 - INFO - 启动进程池，Worker数量: 5
2025-12-13 17:55:20,990 - INFO - [Process 6874] 开始评估方法: random, 种子数: 300
2025-12-13 17:55:21,657 - INFO - [Process 6875] 开始评估方法: degreeTopM, 种子数: 300
2025-12-13 17:55:21,800 - INFO - [Process 6874] random - 50 sims 完成: E=24.66
2025-12-13 17:55:22,321 - INFO - [Process 6876] 开始评估方法: alpha_sort, 种子数: 300
2025-12-13 17:55:22,455 - INFO - [Process 6875] degreeTopM - 50 sims 完成: E=22.42
2025-12-13 17:55:22,997 - INFO - [Process 6877] 开始评估方法: Weighted_RIS, 种子数: 300
2025-12-13 17:55:23,033 - INFO - [Process 6876] alpha_sort - 50 sims 完成: E=57.58
2025-12-13 17:55:23,670 - INFO - [Process 6878] 开始评估方法: ris_coverage, 种子数: 300
2025-12-13 17:55:23,856 - INFO - [Process 6877] Weighted_RIS - 50 sims 完成: E=24.44
2025-12-13 17:55:24,492 - INFO - [Process 6878] ris_coverage - 50 sims 完成: E=22.80
2025-12-13 17:55:24,623 - INFO - 所有进程执行完毕，开始写入数据...
2025-12-13 17:55:24,638 - INFO - 成功写入 5 条记录至 /root/pythonspace/data-test/Mich/2025-12-13-dis_up_and_succ_down_and_p_0.5_weighted/E-activated-Mich/distribution-random_simuTimes-50_seedNum-300_monteCarloL-10_rrNumSamples-10000.csv
2025-12-13 17:55:24,639 - INFO - 保存评估文件至: /root/pythonspace/data-test/Mich/2025-12-13-dis_up_and_succ_down_and_p_0.5_weighted/E-activated-Mich/distribution-random_simuTimes-50_seedNum-300_monteCarloL-10_rrNumSamples-10000.csv
