2026-03-09 05:55:37,022 - INFO - 加载数据集: network.netDog
2026-03-09 05:55:37,023 - INFO - --- 矩阵分析 ---
2026-03-09 05:55:37,023 - INFO - 节点数 (N): 4502
2026-03-09 05:55:37,023 - INFO - 边数 (E): 29580
2026-03-09 05:55:37,023 - INFO - 密度 (Density): 0.00145944 (越小越稀疏)
2026-03-09 05:55:37,023 - INFO - 稀疏度 (Sparsity): 0.99854056 (越接近1越稀疏)
2026-03-09 05:55:37,023 - INFO - 平均度数 (Avg Degree): 6.57
2026-03-09 05:55:37,023 - INFO - >>> 正在注入完美对抗属性（验证三条定理）...
2026-03-09 05:55:37,066 - INFO - 首次生成种子集 random
2026-03-09 05:55:37,066 - INFO - 执行当前算法开始: random
2026-03-09 05:55:37,066 - INFO - 数据集节点总数:  n = 4502, m = 50
2026-03-09 05:55:37,066 - INFO - 选择 50  [4175, 3191, 1335, 1185, 2022, 648, 1816, 1647, 691, 805, 3308, 1290, 2825, 3011, 2772, 4158, 425, 482, 2635, 3706, 736, 1601, 346, 1609, 4368, 4347, 4462, 344, 3287, 3262, 2915, 1497, 790, 4021, 3820, 2927, 792, 1046, 265, 49, 4350, 3875, 3366, 3394, 2468, 4452, 1308, 2007, 1961, 4417]

2026-03-09 05:55:37,066 - INFO - 当前用时 0.00 秒
2026-03-09 05:55:37,066 - INFO - 将种子集 写入位置: /home/wen/work/coup_spread/network.netDog/2026-3-12/seeds-with-network.netDog/random_random_seedNum-50_SSRNum-50000.txt
2026-03-09 05:55:37,066 - INFO - 首次生成种子集 degreeTopM
2026-03-09 05:55:37,066 - INFO - 执行当前算法开始: degreeTopM
2026-03-09 05:55:37,066 - INFO - 依据: 选择连接数（度数）最多的节点。
2026-03-09 05:55:37,067 - INFO - 选择的 Top M 节点及其度数:
2026-03-09 05:55:37,067 - INFO - 
2026-03-09 05:55:37,067 - INFO - 当前用时 0.00 秒
2026-03-09 05:55:37,067 - INFO - 将种子集 写入位置: /home/wen/work/coup_spread/network.netDog/2026-3-12/seeds-with-network.netDog/random_degreeTopM_seedNum-50_SSRNum-50000.txt
2026-03-09 05:55:37,067 - INFO - 首次生成种子集 pageRank
2026-03-09 05:55:37,067 - INFO - 执行当前算法开始: pageRank
2026-03-09 05:55:37,068 - INFO - --- Running: PageRank (on tranProMatrix) Top M ---
2026-03-09 05:55:37,377 - INFO - Selected PageRank seeds: [79, 135, 83, 16, 45, 133, 243, 36, 33, 12, 2, 125, 4, 167, 38, 77, 19, 17, 128, 129, 62, 329, 13, 35, 294, 14, 414, 318, 162, 26, 37, 15, 93, 46, 192, 61, 164, 279, 359, 120, 693, 123, 934, 52, 755, 254, 221, 127, 107, 208]
2026-03-09 05:55:37,377 - INFO - 当前用时 0.31 秒
2026-03-09 05:55:37,378 - INFO - 将种子集 写入位置: /home/wen/work/coup_spread/network.netDog/2026-3-12/seeds-with-network.netDog/random_pageRank_seedNum-50_SSRNum-50000.txt
2026-03-09 05:55:37,378 - INFO - 首次生成种子集 alpha_sort
2026-03-09 05:55:37,378 - INFO - 执行当前算法开始: alpha_sort
2026-03-09 05:55:37,378 - INFO - 4502 个节点的alpha值降序排序 done
2026-03-09 05:55:37,379 - INFO - ==============>> [(0, np.float64(0.2)), (1, np.float64(0.2)), (2, np.float64(0.2)), (3, np.float64(0.2)), (4, np.float64(0.2)), (5, np.float64(0.2)), (6, np.float64(0.2)), (7, np.float64(0.2)), (8, np.float64(0.2)), (9, np.float64(0.2))]
2026-03-09 05:55:37,379 - INFO - 
选择的种子集 (按alpha排序): [0, 1, 2, 3, 4, 5, 6, 7, 8, 9, 10, 11, 12, 13, 14, 15, 16, 17, 18, 19, 20, 21, 22, 23, 24, 25, 26, 27, 28, 29, 30, 31, 32, 33, 34, 35, 36, 37, 38, 39, 40, 41, 42, 43, 44, 45, 46, 47, 48, 49]

2026-03-09 05:55:37,379 - INFO - 当前用时 0.00 秒
2026-03-09 05:55:37,379 - INFO - 将种子集 写入位置: /home/wen/work/coup_spread/network.netDog/2026-3-12/seeds-with-network.netDog/random_alpha_sort_seedNum-50_SSRNum-50000.txt
2026-03-09 05:55:37,379 - INFO - 首次生成种子集 ris_optimized
2026-03-09 05:55:37,379 - INFO - 执行当前算法开始: ris_optimized
2026-03-09 05:55:37,612 - INFO - 图初始化完成，节点数: 4502，当前模式: 优化采样
2026-03-09 05:55:37,612 - INFO - 开始生成 50000 组多重RR-Set...
2026-03-09 05:55:46,744 - INFO - 生成完毕。耗时: 9.13 秒。
2026-03-09 05:55:46,753 - INFO - 开始基于多重RR集贪心选择最优种子...
2026-03-09 05:55:48,157 - INFO - 选种完毕。耗时: 1.40 秒。估算范围: 81.35
2026-03-09 05:55:48,414 - INFO - 当前用时 11.04 秒
2026-03-09 05:55:48,414 - INFO - 将种子集 写入位置: /home/wen/work/coup_spread/network.netDog/2026-3-12/seeds-with-network.netDog/random_ris_optimized_seedNum-50_SSRNum-50000.txt
2026-03-09 05:55:48,415 - INFO - 首次生成种子集 1hop_sort
2026-03-09 05:55:48,415 - INFO - 执行当前算法开始: 1hop_sort
2026-03-09 05:55:48,415 - INFO - --- Running: Teacher's 1-Hop Expected Spread Sort ---
2026-03-09 05:55:48,463 - INFO - 选出的前 5 个种子得分展示: [0.4 0.4 0.4 0.4 0.4]
2026-03-09 05:55:48,465 - INFO - 当前用时 0.05 秒
2026-03-09 05:55:48,465 - INFO - 将种子集 写入位置: /home/wen/work/coup_spread/network.netDog/2026-3-12/seeds-with-network.netDog/random_1hop_sort_seedNum-50_SSRNum-50000.txt
2026-03-09 05:55:48,467 - INFO - 评估种子集: None
2026-03-09 05:55:48,467 - INFO - 多进程评估开始，共有 6 个方法待评估...
2026-03-09 05:55:48,467 - INFO - 启动进程池，Worker数量: 6
2026-03-09 05:55:49,230 - INFO - [Process 4021279] 开始评估方法: random, 种子数: 50
2026-03-09 05:55:49,801 - INFO - [Process 4021280] 开始评估方法: degreeTopM, 种子数: 50
2026-03-09 05:55:50,344 - INFO - [Process 4021281] 开始评估方法: pageRank, 种子数: 50
2026-03-09 05:55:50,915 - INFO - [Process 4021282] 开始评估方法: alpha_sort, 种子数: 50
2026-03-09 05:55:51,485 - INFO - [Process 4021283] 开始评估方法: ris_optimized, 种子数: 50
2026-03-09 05:55:52,050 - INFO - [Process 4021284] 开始评估方法: 1hop_sort, 种子数: 50
2026-03-09 05:55:52,857 - INFO - [random - 种子:50] 拉新:37.8人 | 总销量:38.6单 | 品牌曝光:197.4次 | 🌟综合得分:57.9
2026-03-09 05:55:54,024 - INFO - [degreeTopM - 种子:50] 拉新:41.3人 | 总销量:43.6单 | 品牌曝光:219.1次 | 🌟综合得分:64.4
2026-03-09 05:55:54,490 - INFO - [pageRank - 种子:50] 拉新:41.2人 | 总销量:43.3单 | 品牌曝光:217.9次 | 🌟综合得分:64.0
2026-03-09 05:55:54,972 - INFO - [alpha_sort - 种子:50] 拉新:41.3人 | 总销量:43.1单 | 品牌曝光:216.9次 | 🌟综合得分:63.9
2026-03-09 05:55:55,835 - INFO - [ris_optimized - 种子:50] 拉新:43.5人 | 总销量:44.7单 | 品牌曝光:223.9次 | 🌟综合得分:66.5
2026-03-09 05:55:56,076 - INFO - [1hop_sort - 种子:50] 拉新:43.0人 | 总销量:44.3单 | 品牌曝光:222.0次 | 🌟综合得分:65.8
2026-03-09 05:55:56,103 - INFO - 所有进程执行完毕，开始写入数据...
2026-03-09 05:55:56,117 - INFO - 成功写入 6 条记录至 /home/wen/work/coup_spread/gzc-impl/results/network.netDog/2026-3-12/random_SSRNum-50000-_seedNum-50_simuTimes-500.csv
2026-03-09 05:55:56,117 - INFO - 保存评估文件至: /home/wen/work/coup_spread/gzc-impl/results/network.netDog/2026-3-12/random_SSRNum-50000-_seedNum-50_simuTimes-500.csv
2026-03-09 05:55:56,127 - INFO - 加载数据集: network.netDog
2026-03-09 05:55:56,127 - INFO - --- 矩阵分析 ---
2026-03-09 05:55:56,128 - INFO - 节点数 (N): 4502
2026-03-09 05:55:56,128 - INFO - 边数 (E): 29580
2026-03-09 05:55:56,128 - INFO - 密度 (Density): 0.00145944 (越小越稀疏)
2026-03-09 05:55:56,128 - INFO - 稀疏度 (Sparsity): 0.99854056 (越接近1越稀疏)
2026-03-09 05:55:56,128 - INFO - 平均度数 (Avg Degree): 6.57
2026-03-09 05:55:56,128 - INFO - >>> 正在注入完美对抗属性（验证三条定理）...
2026-03-09 05:55:56,171 - INFO - 首次生成种子集 random
2026-03-09 05:55:56,171 - INFO - 执行当前算法开始: random
2026-03-09 05:55:56,171 - INFO - 数据集节点总数:  n = 4502, m = 75
2026-03-09 05:55:56,171 - INFO - 选择 75  [253, 2869, 3030, 3442, 1406, 1710, 611, 2307, 2121, 3417, 1019, 4212, 2677, 3004, 1223, 1839, 3181, 2171, 4025, 2821, 1782, 1167, 2450, 308, 684, 1014, 1149, 2090, 4330, 1647, 4114, 2766, 2024, 1162, 2505, 1888, 598, 3581, 2405, 1690, 726, 2716, 100, 2686, 2966, 953, 3403, 2752, 3169, 3691, 2175, 3637, 2194, 3534, 3251, 4302, 57, 4081, 2801, 1288, 3782, 2650, 992, 563, 3427, 927, 4056, 268, 2306, 3148, 313, 2010, 1719, 935, 2928]

2026-03-09 05:55:56,171 - INFO - 当前用时 0.00 秒
2026-03-09 05:55:56,171 - INFO - 将种子集 写入位置: /home/wen/work/coup_spread/network.netDog/2026-3-12/seeds-with-network.netDog/random_random_seedNum-75_SSRNum-50000.txt
2026-03-09 05:55:56,171 - INFO - 首次生成种子集 degreeTopM
2026-03-09 05:55:56,171 - INFO - 执行当前算法开始: degreeTopM
2026-03-09 05:55:56,171 - INFO - 依据: 选择连接数（度数）最多的节点。
2026-03-09 05:55:56,172 - INFO - 选择的 Top M 节点及其度数:
2026-03-09 05:55:56,172 - INFO - 
2026-03-09 05:55:56,172 - INFO - 当前用时 0.00 秒
2026-03-09 05:55:56,172 - INFO - 将种子集 写入位置: /home/wen/work/coup_spread/network.netDog/2026-3-12/seeds-with-network.netDog/random_degreeTopM_seedNum-75_SSRNum-50000.txt
2026-03-09 05:55:56,172 - INFO - 首次生成种子集 pageRank
2026-03-09 05:55:56,173 - INFO - 执行当前算法开始: pageRank
2026-03-09 05:55:56,173 - INFO - --- Running: PageRank (on tranProMatrix) Top M ---
2026-03-09 05:55:56,432 - INFO - Selected PageRank seeds: [79, 135, 83, 16, 45, 133, 243, 36, 33, 12, 2, 125, 4, 167, 38, 77, 19, 17, 128, 129, 62, 329, 13, 35, 294, 14, 414, 318, 162, 26, 37, 15, 93, 46, 192, 61, 164, 279, 359, 120, 693, 123, 934, 52, 755, 254, 221, 127, 107, 208, 91, 183, 264, 152, 291, 223, 141, 316, 435, 324, 98, 44, 632, 8, 207, 681, 1157, 405, 104, 142, 150, 263, 916, 169, 583]
2026-03-09 05:55:56,432 - INFO - 当前用时 0.26 秒
2026-03-09 05:55:56,433 - INFO - 将种子集 写入位置: /home/wen/work/coup_spread/network.netDog/2026-3-12/seeds-with-network.netDog/random_pageRank_seedNum-75_SSRNum-50000.txt
2026-03-09 05:55:56,433 - INFO - 首次生成种子集 alpha_sort
2026-03-09 05:55:56,433 - INFO - 执行当前算法开始: alpha_sort
2026-03-09 05:55:56,434 - INFO - 4502 个节点的alpha值降序排序 done
2026-03-09 05:55:56,434 - INFO - ==============>> [(0, np.float64(0.2)), (1, np.float64(0.2)), (2, np.float64(0.2)), (3, np.float64(0.2)), (4, np.float64(0.2)), (5, np.float64(0.2)), (6, np.float64(0.2)), (7, np.float64(0.2)), (8, np.float64(0.2)), (9, np.float64(0.2))]
2026-03-09 05:55:56,434 - INFO - 
选择的种子集 (按alpha排序): [0, 1, 2, 3, 4, 5, 6, 7, 8, 9, 10, 11, 12, 13, 14, 15, 16, 17, 18, 19, 20, 21, 22, 23, 24, 25, 26, 27, 28, 29, 30, 31, 32, 33, 34, 35, 36, 37, 38, 39, 40, 41, 42, 43, 44, 45, 46, 47, 48, 49, 50, 51, 52, 53, 54, 55, 56, 57, 58, 59, 60, 61, 62, 63, 64, 65, 66, 67, 68, 69, 70, 71, 72, 73, 74]

2026-03-09 05:55:56,434 - INFO - 当前用时 0.00 秒
2026-03-09 05:55:56,434 - INFO - 将种子集 写入位置: /home/wen/work/coup_spread/network.netDog/2026-3-12/seeds-with-network.netDog/random_alpha_sort_seedNum-75_SSRNum-50000.txt
2026-03-09 05:55:56,434 - INFO - 首次生成种子集 ris_optimized
2026-03-09 05:55:56,434 - INFO - 执行当前算法开始: ris_optimized
2026-03-09 05:55:56,667 - INFO - 图初始化完成，节点数: 4502，当前模式: 优化采样
2026-03-09 05:55:56,667 - INFO - 开始生成 50000 组多重RR-Set...
2026-03-09 05:56:08,010 - INFO - 生成完毕。耗时: 11.34 秒。
2026-03-09 05:56:08,023 - INFO - 开始基于多重RR集贪心选择最优种子...
2026-03-09 05:56:11,475 - INFO - 选种完毕。耗时: 3.45 秒。估算范围: 122.72
2026-03-09 05:56:12,005 - INFO - 当前用时 15.57 秒
2026-03-09 05:56:12,006 - INFO - 将种子集 写入位置: /home/wen/work/coup_spread/network.netDog/2026-3-12/seeds-with-network.netDog/random_ris_optimized_seedNum-75_SSRNum-50000.txt
2026-03-09 05:56:12,006 - INFO - 首次生成种子集 1hop_sort
2026-03-09 05:56:12,006 - INFO - 执行当前算法开始: 1hop_sort
2026-03-09 05:56:12,006 - INFO - --- Running: Teacher's 1-Hop Expected Spread Sort ---
2026-03-09 05:56:12,023 - INFO - 选出的前 5 个种子得分展示: [0.4 0.4 0.4 0.4 0.4]
2026-03-09 05:56:12,023 - INFO - 当前用时 0.02 秒
2026-03-09 05:56:12,024 - INFO - 将种子集 写入位置: /home/wen/work/coup_spread/network.netDog/2026-3-12/seeds-with-network.netDog/random_1hop_sort_seedNum-75_SSRNum-50000.txt
2026-03-09 05:56:12,024 - INFO - 评估种子集: None
2026-03-09 05:56:12,025 - INFO - 多进程评估开始，共有 6 个方法待评估...
2026-03-09 05:56:12,025 - INFO - 启动进程池，Worker数量: 6
2026-03-09 05:56:12,773 - INFO - [Process 4021663] 开始评估方法: random, 种子数: 75
2026-03-09 05:56:13,334 - INFO - [Process 4021664] 开始评估方法: degreeTopM, 种子数: 75
2026-03-09 05:56:13,903 - INFO - [Process 4021665] 开始评估方法: pageRank, 种子数: 75
2026-03-09 05:56:14,470 - INFO - [Process 4021666] 开始评估方法: alpha_sort, 种子数: 75
2026-03-09 05:56:15,042 - INFO - [Process 4021667] 开始评估方法: ris_optimized, 种子数: 75
2026-03-09 05:56:15,609 - INFO - [Process 4021668] 开始评估方法: 1hop_sort, 种子数: 75
2026-03-09 05:56:18,557 - INFO - [random - 种子:75] 拉新:58.9人 | 总销量:61.1单 | 品牌曝光:310.6次 | 🌟综合得分:91.1
2026-03-09 05:56:19,896 - INFO - [degreeTopM - 种子:75] 拉新:60.9人 | 总销量:65.2单 | 品牌曝光:328.4次 | 🌟综合得分:95.9
2026-03-09 05:56:20,117 - INFO - [pageRank - 种子:75] 拉新:61.2人 | 总销量:65.3单 | 品牌曝光:328.8次 | 🌟综合得分:96.1
2026-03-09 05:56:20,528 - INFO - [alpha_sort - 种子:75] 拉新:61.4人 | 总销量:65.0单 | 品牌曝光:327.0次 | 🌟综合得分:95.9
2026-03-09 05:56:21,209 - INFO - [ris_optimized - 种子:75] 拉新:64.2人 | 总销量:66.7单 | 品牌曝光:335.3次 | 🌟综合得分:99.0
2026-03-09 05:56:21,613 - INFO - [1hop_sort - 种子:75] 拉新:63.9人 | 总销量:66.7单 | 品牌曝光:334.8次 | 🌟综合得分:98.8
2026-03-09 05:56:21,643 - INFO - 所有进程执行完毕，开始写入数据...
2026-03-09 05:56:21,653 - INFO - 成功写入 6 条记录至 /home/wen/work/coup_spread/gzc-impl/results/network.netDog/2026-3-12/random_SSRNum-50000-_seedNum-75_simuTimes-500.csv
2026-03-09 05:56:21,654 - INFO - 保存评估文件至: /home/wen/work/coup_spread/gzc-impl/results/network.netDog/2026-3-12/random_SSRNum-50000-_seedNum-75_simuTimes-500.csv
2026-03-09 05:56:21,670 - INFO - 加载数据集: network.netDog
2026-03-09 05:56:21,671 - INFO - --- 矩阵分析 ---
2026-03-09 05:56:21,671 - INFO - 节点数 (N): 4502
2026-03-09 05:56:21,671 - INFO - 边数 (E): 29580
2026-03-09 05:56:21,671 - INFO - 密度 (Density): 0.00145944 (越小越稀疏)
2026-03-09 05:56:21,671 - INFO - 稀疏度 (Sparsity): 0.99854056 (越接近1越稀疏)
2026-03-09 05:56:21,671 - INFO - 平均度数 (Avg Degree): 6.57
2026-03-09 05:56:21,671 - INFO - >>> 正在注入完美对抗属性（验证三条定理）...
2026-03-09 05:56:21,716 - INFO - 首次生成种子集 random
2026-03-09 05:56:21,716 - INFO - 执行当前算法开始: random
2026-03-09 05:56:21,716 - INFO - 数据集节点总数:  n = 4502, m = 100
2026-03-09 05:56:21,716 - INFO - 选择 100  [418, 2161, 2982, 3588, 4241, 58, 4359, 4373, 2258, 2546, 3308, 2046, 1037, 4185, 4068, 3779, 1917, 3153, 3924, 2994, 524, 295, 2239, 3341, 142, 1288, 3107, 2412, 992, 3057, 2521, 1470, 2606, 885, 214, 3775, 4495, 957, 415, 4073, 2523, 1921, 1444, 3088, 1520, 1228, 1956, 1217, 728, 3776, 3173, 4124, 3427, 976, 2524, 1967, 241, 3841, 3186, 4340, 998, 228, 1052, 1289, 1633, 666, 2446, 889, 986, 4364, 1273, 698, 2040, 2477, 3369, 1719, 575, 375, 4275, 2355, 2399, 1002, 3177, 1219, 2191, 1038, 4399, 363, 4262, 4112, 2147, 4199, 2245, 2544, 2364, 1425, 33, 1390, 1556, 2234]

2026-03-09 05:56:21,716 - INFO - 当前用时 0.00 秒
2026-03-09 05:56:21,716 - INFO - 将种子集 写入位置: /home/wen/work/coup_spread/network.netDog/2026-3-12/seeds-with-network.netDog/random_random_seedNum-100_SSRNum-50000.txt
2026-03-09 05:56:21,716 - INFO - 首次生成种子集 degreeTopM
2026-03-09 05:56:21,716 - INFO - 执行当前算法开始: degreeTopM
2026-03-09 05:56:21,716 - INFO - 依据: 选择连接数（度数）最多的节点。
2026-03-09 05:56:21,717 - INFO - 选择的 Top M 节点及其度数:
2026-03-09 05:56:21,717 - INFO - 
2026-03-09 05:56:21,717 - INFO - 当前用时 0.00 秒
2026-03-09 05:56:21,718 - INFO - 将种子集 写入位置: /home/wen/work/coup_spread/network.netDog/2026-3-12/seeds-with-network.netDog/random_degreeTopM_seedNum-100_SSRNum-50000.txt
2026-03-09 05:56:21,718 - INFO - 首次生成种子集 pageRank
2026-03-09 05:56:21,718 - INFO - 执行当前算法开始: pageRank
2026-03-09 05:56:21,718 - INFO - --- Running: PageRank (on tranProMatrix) Top M ---
2026-03-09 05:56:21,979 - INFO - Selected PageRank seeds: [79, 135, 83, 16, 45, 133, 243, 36, 33, 12, 2, 125, 4, 167, 38, 77, 19, 17, 128, 129, 62, 329, 13, 35, 294, 14, 414, 318, 162, 26, 37, 15, 93, 46, 192, 61, 164, 279, 359, 120, 693, 123, 934, 52, 755, 254, 221, 127, 107, 208, 91, 183, 264, 152, 291, 223, 141, 316, 435, 324, 98, 44, 632, 8, 207, 681, 1157, 405, 104, 142, 150, 263, 916, 169, 583, 237, 261, 228, 1080, 526, 440, 165, 274, 22, 832, 811, 224, 292, 273, 564, 980, 54, 502, 112, 347, 173, 23, 1110, 1047, 194]
2026-03-09 05:56:21,979 - INFO - 当前用时 0.26 秒
2026-03-09 05:56:21,979 - INFO - 将种子集 写入位置: /home/wen/work/coup_spread/network.netDog/2026-3-12/seeds-with-network.netDog/random_pageRank_seedNum-100_SSRNum-50000.txt
2026-03-09 05:56:21,979 - INFO - 首次生成种子集 alpha_sort
2026-03-09 05:56:21,979 - INFO - 执行当前算法开始: alpha_sort
2026-03-09 05:56:21,980 - INFO - 4502 个节点的alpha值降序排序 done
2026-03-09 05:56:21,980 - INFO - ==============>> [(0, np.float64(0.2)), (1, np.float64(0.2)), (2, np.float64(0.2)), (3, np.float64(0.2)), (4, np.float64(0.2)), (5, np.float64(0.2)), (6, np.float64(0.2)), (7, np.float64(0.2)), (8, np.float64(0.2)), (9, np.float64(0.2))]
2026-03-09 05:56:21,980 - INFO - 
选择的种子集 (按alpha排序): [0, 1, 2, 3, 4, 5, 6, 7, 8, 9, 10, 11, 12, 13, 14, 15, 16, 17, 18, 19, 20, 21, 22, 23, 24, 25, 26, 27, 28, 29, 30, 31, 32, 33, 34, 35, 36, 37, 38, 39, 40, 41, 42, 43, 44, 45, 46, 47, 48, 49, 50, 51, 52, 53, 54, 55, 56, 57, 58, 59, 60, 61, 62, 63, 64, 65, 66, 67, 68, 69, 70, 71, 72, 73, 74, 75, 76, 77, 78, 79, 80, 81, 82, 83, 84, 85, 86, 87, 88, 89, 90, 91, 92, 93, 94, 95, 96, 97, 98, 99]

2026-03-09 05:56:21,980 - INFO - 当前用时 0.00 秒
2026-03-09 05:56:21,981 - INFO - 将种子集 写入位置: /home/wen/work/coup_spread/network.netDog/2026-3-12/seeds-with-network.netDog/random_alpha_sort_seedNum-100_SSRNum-50000.txt
2026-03-09 05:56:21,981 - INFO - 首次生成种子集 ris_optimized
2026-03-09 05:56:21,981 - INFO - 执行当前算法开始: ris_optimized
2026-03-09 05:56:22,227 - INFO - 图初始化完成，节点数: 4502，当前模式: 优化采样
2026-03-09 05:56:22,228 - INFO - 开始生成 50000 组多重RR-Set...
2026-03-09 05:56:38,785 - INFO - 生成完毕。耗时: 16.56 秒。
2026-03-09 05:56:38,790 - INFO - 开始基于多重RR集贪心选择最优种子...
2026-03-09 05:56:42,536 - INFO - 选种完毕。耗时: 3.75 秒。估算范围: 159.46
2026-03-09 05:56:43,956 - INFO - 当前用时 21.97 秒
2026-03-09 05:56:43,958 - INFO - 将种子集 写入位置: /home/wen/work/coup_spread/network.netDog/2026-3-12/seeds-with-network.netDog/random_ris_optimized_seedNum-100_SSRNum-50000.txt
2026-03-09 05:56:43,958 - INFO - 首次生成种子集 1hop_sort
2026-03-09 05:56:43,958 - INFO - 执行当前算法开始: 1hop_sort
2026-03-09 05:56:43,958 - INFO - --- Running: Teacher's 1-Hop Expected Spread Sort ---
2026-03-09 05:56:43,976 - INFO - 选出的前 5 个种子得分展示: [0.4 0.4 0.4 0.4 0.4]
2026-03-09 05:56:43,976 - INFO - 当前用时 0.02 秒
2026-03-09 05:56:43,976 - INFO - 将种子集 写入位置: /home/wen/work/coup_spread/network.netDog/2026-3-12/seeds-with-network.netDog/random_1hop_sort_seedNum-100_SSRNum-50000.txt
2026-03-09 05:56:43,977 - INFO - 评估种子集: None
2026-03-09 05:56:43,978 - INFO - 多进程评估开始，共有 6 个方法待评估...
2026-03-09 05:56:43,978 - INFO - 启动进程池，Worker数量: 6
2026-03-09 05:56:44,744 - INFO - [Process 4022186] 开始评估方法: random, 种子数: 100
2026-03-09 05:56:45,292 - INFO - [Process 4022187] 开始评估方法: degreeTopM, 种子数: 100
2026-03-09 05:56:45,850 - INFO - [Process 4022189] 开始评估方法: pageRank, 种子数: 100
2026-03-09 05:56:46,418 - INFO - [Process 4022202] 开始评估方法: alpha_sort, 种子数: 100
2026-03-09 05:56:46,988 - INFO - [Process 4022208] 开始评估方法: ris_optimized, 种子数: 100
2026-03-09 05:56:47,555 - INFO - [Process 4022209] 开始评估方法: 1hop_sort, 种子数: 100
2026-03-09 05:56:51,914 - INFO - [random - 种子:100] 拉新:73.6人 | 总销量:76.9单 | 品牌曝光:396.0次 | 🌟综合得分:114.8
2026-03-09 05:56:53,881 - INFO - [degreeTopM - 种子:100] 拉新:80.0人 | 总销量:87.2单 | 品牌曝光:440.6次 | 🌟综合得分:127.7
2026-03-09 05:56:54,074 - INFO - [pageRank - 种子:100] 拉新:80.2人 | 总销量:86.7单 | 品牌曝光:438.7次 | 🌟综合得分:127.3
2026-03-09 05:56:54,588 - INFO - [alpha_sort - 种子:100] 拉新:80.7人 | 总销量:86.6单 | 品牌曝光:438.1次 | 🌟综合得分:127.5
2026-03-09 05:56:55,492 - INFO - [ris_optimized - 种子:100] 拉新:84.4人 | 总销量:88.8单 | 品牌曝光:447.7次 | 🌟综合得分:131.4
2026-03-09 05:56:56,053 - INFO - [1hop_sort - 种子:100] 拉新:84.3人 | 总销量:88.7单 | 品牌曝光:447.3次 | 🌟综合得分:131.2
2026-03-09 05:56:56,089 - INFO - 所有进程执行完毕，开始写入数据...
2026-03-09 05:56:56,103 - INFO - 成功写入 6 条记录至 /home/wen/work/coup_spread/gzc-impl/results/network.netDog/2026-3-12/random_SSRNum-50000-_seedNum-100_simuTimes-500.csv
2026-03-09 05:56:56,104 - INFO - 保存评估文件至: /home/wen/work/coup_spread/gzc-impl/results/network.netDog/2026-3-12/random_SSRNum-50000-_seedNum-100_simuTimes-500.csv
2026-03-09 05:56:56,118 - INFO - 加载数据集: network.netDog
2026-03-09 05:56:56,119 - INFO - --- 矩阵分析 ---
2026-03-09 05:56:56,119 - INFO - 节点数 (N): 4502
2026-03-09 05:56:56,119 - INFO - 边数 (E): 29580
2026-03-09 05:56:56,119 - INFO - 密度 (Density): 0.00145944 (越小越稀疏)
2026-03-09 05:56:56,119 - INFO - 稀疏度 (Sparsity): 0.99854056 (越接近1越稀疏)
2026-03-09 05:56:56,119 - INFO - 平均度数 (Avg Degree): 6.57
2026-03-09 05:56:56,119 - INFO - >>> 正在注入完美对抗属性（验证三条定理）...
2026-03-09 05:56:56,163 - INFO - 首次生成种子集 random
2026-03-09 05:56:56,163 - INFO - 执行当前算法开始: random
2026-03-09 05:56:56,163 - INFO - 数据集节点总数:  n = 4502, m = 125
2026-03-09 05:56:56,163 - INFO - 选择 125  [790, 1207, 2025, 2682, 1326, 3584, 2777, 2806, 1445, 2224, 550, 4305, 2230, 3045, 2803, 3357, 876, 826, 1217, 4055, 3431, 2496, 3380, 586, 2779, 1353, 1400, 1174, 2931, 200, 594, 3581, 2166, 1881, 3420, 3152, 2765, 1748, 404, 2696, 4229, 62, 1091, 4120, 556, 3506, 3954, 2505, 3436, 3258, 1161, 4034, 2346, 1182, 3906, 2397, 2563, 813, 229, 517, 3359, 1631, 3314, 3015, 331, 1552, 3536, 1615, 3356, 4180, 270, 228, 1340, 1588, 248, 1215, 3491, 1022, 3545, 1792, 1135, 3281, 3212, 4061, 2309, 1344, 69, 2659, 986, 2006, 157, 1777, 2653, 3403, 2000, 3718, 3512, 205, 3811, 3315, 4410, 4254, 154, 1652, 4070, 490, 22, 202, 222, 665, 3892, 514, 109, 2017, 3698, 3914, 332, 3331, 2997, 697, 1979, 522, 3099, 936, 1599]

2026-03-09 05:56:56,163 - INFO - 当前用时 0.00 秒
2026-03-09 05:56:56,164 - INFO - 将种子集 写入位置: /home/wen/work/coup_spread/network.netDog/2026-3-12/seeds-with-network.netDog/random_random_seedNum-125_SSRNum-50000.txt
2026-03-09 05:56:56,164 - INFO - 首次生成种子集 degreeTopM
2026-03-09 05:56:56,164 - INFO - 执行当前算法开始: degreeTopM
2026-03-09 05:56:56,164 - INFO - 依据: 选择连接数（度数）最多的节点。
2026-03-09 05:56:56,164 - INFO - 选择的 Top M 节点及其度数:
2026-03-09 05:56:56,164 - INFO - 
2026-03-09 05:56:56,164 - INFO - 当前用时 0.00 秒
2026-03-09 05:56:56,164 - INFO - 将种子集 写入位置: /home/wen/work/coup_spread/network.netDog/2026-3-12/seeds-with-network.netDog/random_degreeTopM_seedNum-125_SSRNum-50000.txt
2026-03-09 05:56:56,165 - INFO - 首次生成种子集 pageRank
2026-03-09 05:56:56,165 - INFO - 执行当前算法开始: pageRank
2026-03-09 05:56:56,165 - INFO - --- Running: PageRank (on tranProMatrix) Top M ---
2026-03-09 05:56:56,458 - INFO - Selected PageRank seeds: [79, 135, 83, 16, 45, 133, 243, 36, 33, 12, 2, 125, 4, 167, 38, 77, 19, 17, 128, 129, 62, 329, 13, 35, 294, 14, 414, 318, 162, 26, 37, 15, 93, 46, 192, 61, 164, 279, 359, 120, 693, 123, 934, 52, 755, 254, 221, 127, 107, 208, 91, 183, 264, 152, 291, 223, 141, 316, 435, 324, 98, 44, 632, 8, 207, 681, 1157, 405, 104, 142, 150, 263, 916, 169, 583, 237, 261, 228, 1080, 526, 440, 165, 274, 22, 832, 811, 224, 292, 273, 564, 980, 54, 502, 112, 347, 173, 23, 1110, 1047, 194, 1018, 570, 976, 385, 1141, 235, 922, 615, 761, 262, 497, 63, 655, 812, 64, 616, 60, 301, 24, 298, 372, 248, 1287, 730, 960]
2026-03-09 05:56:56,459 - INFO - 当前用时 0.29 秒
2026-03-09 05:56:56,459 - INFO - 将种子集 写入位置: /home/wen/work/coup_spread/network.netDog/2026-3-12/seeds-with-network.netDog/random_pageRank_seedNum-125_SSRNum-50000.txt
2026-03-09 05:56:56,459 - INFO - 首次生成种子集 alpha_sort
2026-03-09 05:56:56,459 - INFO - 执行当前算法开始: alpha_sort
2026-03-09 05:56:56,460 - INFO - 4502 个节点的alpha值降序排序 done
2026-03-09 05:56:56,460 - INFO - ==============>> [(0, np.float64(0.2)), (1, np.float64(0.2)), (2, np.float64(0.2)), (3, np.float64(0.2)), (4, np.float64(0.2)), (5, np.float64(0.2)), (6, np.float64(0.2)), (7, np.float64(0.2)), (8, np.float64(0.2)), (9, np.float64(0.2))]
2026-03-09 05:56:56,460 - INFO - 
选择的种子集 (按alpha排序): [0, 1, 2, 3, 4, 5, 6, 7, 8, 9, 10, 11, 12, 13, 14, 15, 16, 17, 18, 19, 20, 21, 22, 23, 24, 25, 26, 27, 28, 29, 30, 31, 32, 33, 34, 35, 36, 37, 38, 39, 40, 41, 42, 43, 44, 45, 46, 47, 48, 49, 50, 51, 52, 53, 54, 55, 56, 57, 58, 59, 60, 61, 62, 63, 64, 65, 66, 67, 68, 69, 70, 71, 72, 73, 74, 75, 76, 77, 78, 79, 80, 81, 82, 83, 84, 85, 86, 87, 88, 89, 90, 91, 92, 93, 94, 95, 96, 97, 98, 99, 100, 101, 102, 103, 104, 105, 106, 107, 108, 109, 110, 111, 112, 113, 114, 115, 116, 117, 118, 119, 120, 121, 122, 123, 124]

2026-03-09 05:56:56,460 - INFO - 当前用时 0.00 秒
2026-03-09 05:56:56,460 - INFO - 将种子集 写入位置: /home/wen/work/coup_spread/network.netDog/2026-3-12/seeds-with-network.netDog/random_alpha_sort_seedNum-125_SSRNum-50000.txt
2026-03-09 05:56:56,460 - INFO - 首次生成种子集 ris_optimized
2026-03-09 05:56:56,461 - INFO - 执行当前算法开始: ris_optimized
2026-03-09 05:56:56,689 - INFO - 图初始化完成，节点数: 4502，当前模式: 优化采样
2026-03-09 05:56:56,690 - INFO - 开始生成 50000 组多重RR-Set...
2026-03-09 05:57:15,959 - INFO - 生成完毕。耗时: 19.27 秒。
2026-03-09 05:57:15,978 - INFO - 开始基于多重RR集贪心选择最优种子...
2026-03-09 05:57:24,159 - INFO - 选种完毕。耗时: 8.18 秒。估算范围: 198.09
2026-03-09 05:57:25,530 - INFO - 当前用时 29.07 秒
2026-03-09 05:57:25,530 - INFO - 将种子集 写入位置: /home/wen/work/coup_spread/network.netDog/2026-3-12/seeds-with-network.netDog/random_ris_optimized_seedNum-125_SSRNum-50000.txt
2026-03-09 05:57:25,531 - INFO - 首次生成种子集 1hop_sort
2026-03-09 05:57:25,531 - INFO - 执行当前算法开始: 1hop_sort
2026-03-09 05:57:25,531 - INFO - --- Running: Teacher's 1-Hop Expected Spread Sort ---
2026-03-09 05:57:25,549 - INFO - 选出的前 5 个种子得分展示: [0.4 0.4 0.4 0.4 0.4]
2026-03-09 05:57:25,550 - INFO - 当前用时 0.02 秒
2026-03-09 05:57:25,550 - INFO - 将种子集 写入位置: /home/wen/work/coup_spread/network.netDog/2026-3-12/seeds-with-network.netDog/random_1hop_sort_seedNum-125_SSRNum-50000.txt
2026-03-09 05:57:25,551 - INFO - 评估种子集: None
2026-03-09 05:57:25,551 - INFO - 多进程评估开始，共有 6 个方法待评估...
2026-03-09 05:57:25,551 - INFO - 启动进程池，Worker数量: 6
2026-03-09 05:57:26,309 - INFO - [Process 4023090] 开始评估方法: random, 种子数: 125
2026-03-09 05:57:26,868 - INFO - [Process 4023091] 开始评估方法: degreeTopM, 种子数: 125
2026-03-09 05:57:27,430 - INFO - [Process 4023092] 开始评估方法: pageRank, 种子数: 125
2026-03-09 05:57:28,002 - INFO - [Process 4023093] 开始评估方法: alpha_sort, 种子数: 125
2026-03-09 05:57:28,573 - INFO - [Process 4023094] 开始评估方法: ris_optimized, 种子数: 125
2026-03-09 05:57:29,146 - INFO - [Process 4023095] 开始评估方法: 1hop_sort, 种子数: 125
2026-03-09 05:57:36,475 - INFO - [random - 种子:125] 拉新:97.7人 | 总销量:103.9单 | 品牌曝光:530.7次 | 🌟综合得分:153.9
2026-03-09 05:57:37,208 - INFO - [degreeTopM - 种子:125] 拉新:98.5人 | 总销量:108.8单 | 品牌曝光:551.8次 | 🌟综合得分:158.9
2026-03-09 05:57:37,659 - INFO - [pageRank - 种子:125] 拉新:98.7人 | 总销量:108.5单 | 品牌曝光:549.7次 | 🌟综合得分:158.6
2026-03-09 05:57:37,948 - INFO - [alpha_sort - 种子:125] 拉新:99.7人 | 总销量:108.0单 | 品牌曝光:547.9次 | 🌟综合得分:158.6
2026-03-09 05:57:38,994 - INFO - [ris_optimized - 种子:125] 拉新:104.6人 | 总销量:111.3单 | 品牌曝光:561.9次 | 🌟综合得分:164.1
2026-03-09 05:57:39,582 - INFO - [1hop_sort - 种子:125] 拉新:104.4人 | 总销量:110.8单 | 品牌曝光:559.8次 | 🌟综合得分:163.6
2026-03-09 05:57:39,623 - INFO - 所有进程执行完毕，开始写入数据...
2026-03-09 05:57:39,640 - INFO - 成功写入 6 条记录至 /home/wen/work/coup_spread/gzc-impl/results/network.netDog/2026-3-12/random_SSRNum-50000-_seedNum-125_simuTimes-500.csv
2026-03-09 05:57:39,641 - INFO - 保存评估文件至: /home/wen/work/coup_spread/gzc-impl/results/network.netDog/2026-3-12/random_SSRNum-50000-_seedNum-125_simuTimes-500.csv
2026-03-09 05:57:39,656 - INFO - 加载数据集: network.netDog
2026-03-09 05:57:39,657 - INFO - --- 矩阵分析 ---
2026-03-09 05:57:39,657 - INFO - 节点数 (N): 4502
2026-03-09 05:57:39,657 - INFO - 边数 (E): 29580
2026-03-09 05:57:39,657 - INFO - 密度 (Density): 0.00145944 (越小越稀疏)
2026-03-09 05:57:39,657 - INFO - 稀疏度 (Sparsity): 0.99854056 (越接近1越稀疏)
2026-03-09 05:57:39,657 - INFO - 平均度数 (Avg Degree): 6.57
2026-03-09 05:57:39,657 - INFO - >>> 正在注入完美对抗属性（验证三条定理）...
2026-03-09 05:57:39,700 - INFO - 首次生成种子集 random
2026-03-09 05:57:39,700 - INFO - 执行当前算法开始: random
2026-03-09 05:57:39,701 - INFO - 数据集节点总数:  n = 4502, m = 150
2026-03-09 05:57:39,701 - INFO - 选择 150  [494, 3216, 2832, 2940, 951, 1658, 1164, 2177, 1242, 4247, 2498, 1820, 3928, 640, 3547, 359, 4027, 4295, 3913, 393, 4227, 857, 3368, 1556, 170, 4235, 2307, 3843, 4456, 2830, 2465, 4135, 1737, 556, 664, 3196, 1039, 1078, 1986, 3798, 3484, 3580, 1295, 1800, 1007, 672, 4076, 1240, 436, 281, 4003, 1944, 4090, 2589, 2010, 4262, 1010, 3246, 876, 3382, 2097, 3168, 1135, 2432, 4245, 3657, 2061, 600, 1865, 597, 3240, 2399, 1608, 4302, 4397, 1265, 3790, 2714, 4356, 2828, 323, 4119, 1009, 4481, 3981, 2723, 2704, 2151, 4387, 4064, 1245, 3223, 3131, 3011, 3794, 3296, 302, 3233, 1803, 2282, 2585, 1702, 756, 1842, 4186, 1607, 385, 3634, 2660, 905, 3646, 2388, 87, 1844, 658, 4254, 2731, 627, 405, 318, 950, 1626, 1587, 1760, 2782, 4044, 1943, 2705, 3445, 4468, 2014, 671, 4374, 3060, 4179, 2772, 1123, 4181, 3067, 2892, 1333, 2622, 3036, 4246, 4073, 2999, 2037, 2891, 2236, 3577]

2026-03-09 05:57:39,701 - INFO - 当前用时 0.00 秒
2026-03-09 05:57:39,701 - INFO - 将种子集 写入位置: /home/wen/work/coup_spread/network.netDog/2026-3-12/seeds-with-network.netDog/random_random_seedNum-150_SSRNum-50000.txt
2026-03-09 05:57:39,701 - INFO - 首次生成种子集 degreeTopM
2026-03-09 05:57:39,701 - INFO - 执行当前算法开始: degreeTopM
2026-03-09 05:57:39,701 - INFO - 依据: 选择连接数（度数）最多的节点。
2026-03-09 05:57:39,702 - INFO - 选择的 Top M 节点及其度数:
2026-03-09 05:57:39,702 - INFO - 
2026-03-09 05:57:39,702 - INFO - 当前用时 0.00 秒
2026-03-09 05:57:39,702 - INFO - 将种子集 写入位置: /home/wen/work/coup_spread/network.netDog/2026-3-12/seeds-with-network.netDog/random_degreeTopM_seedNum-150_SSRNum-50000.txt
2026-03-09 05:57:39,702 - INFO - 首次生成种子集 pageRank
2026-03-09 05:57:39,702 - INFO - 执行当前算法开始: pageRank
2026-03-09 05:57:39,703 - INFO - --- Running: PageRank (on tranProMatrix) Top M ---
2026-03-09 05:57:39,975 - INFO - Selected PageRank seeds: [79, 135, 83, 16, 45, 133, 243, 36, 33, 12, 2, 125, 4, 167, 38, 77, 19, 17, 128, 129, 62, 329, 13, 35, 294, 14, 414, 318, 162, 26, 37, 15, 93, 46, 192, 61, 164, 279, 359, 120, 693, 123, 934, 52, 755, 254, 221, 127, 107, 208, 91, 183, 264, 152, 291, 223, 141, 316, 435, 324, 98, 44, 632, 8, 207, 681, 1157, 405, 104, 142, 150, 263, 916, 169, 583, 237, 261, 228, 1080, 526, 440, 165, 274, 22, 832, 811, 224, 292, 273, 564, 980, 54, 502, 112, 347, 173, 23, 1110, 1047, 194, 1018, 570, 976, 385, 1141, 235, 922, 615, 761, 262, 497, 63, 655, 812, 64, 616, 60, 301, 24, 298, 372, 248, 1287, 730, 960, 869, 72, 240, 594, 131, 238, 53, 280, 1081, 1392, 1419, 182, 784, 86, 1241, 1528, 929, 463, 419, 399, 687, 1418, 870, 1298, 1076]
2026-03-09 05:57:39,975 - INFO - 当前用时 0.27 秒
2026-03-09 05:57:39,976 - INFO - 将种子集 写入位置: /home/wen/work/coup_spread/network.netDog/2026-3-12/seeds-with-network.netDog/random_pageRank_seedNum-150_SSRNum-50000.txt
2026-03-09 05:57:39,976 - INFO - 首次生成种子集 alpha_sort
2026-03-09 05:57:39,976 - INFO - 执行当前算法开始: alpha_sort
2026-03-09 05:57:39,977 - INFO - 4502 个节点的alpha值降序排序 done
2026-03-09 05:57:39,977 - INFO - ==============>> [(0, np.float64(0.2)), (1, np.float64(0.2)), (2, np.float64(0.2)), (3, np.float64(0.2)), (4, np.float64(0.2)), (5, np.float64(0.2)), (6, np.float64(0.2)), (7, np.float64(0.2)), (8, np.float64(0.2)), (9, np.float64(0.2))]
2026-03-09 05:57:39,977 - INFO - 
选择的种子集 (按alpha排序): [0, 1, 2, 3, 4, 5, 6, 7, 8, 9, 10, 11, 12, 13, 14, 15, 16, 17, 18, 19, 20, 21, 22, 23, 24, 25, 26, 27, 28, 29, 30, 31, 32, 33, 34, 35, 36, 37, 38, 39, 40, 41, 42, 43, 44, 45, 46, 47, 48, 49, 50, 51, 52, 53, 54, 55, 56, 57, 58, 59, 60, 61, 62, 63, 64, 65, 66, 67, 68, 69, 70, 71, 72, 73, 74, 75, 76, 77, 78, 79, 80, 81, 82, 83, 84, 85, 86, 87, 88, 89, 90, 91, 92, 93, 94, 95, 96, 97, 98, 99, 100, 101, 102, 103, 104, 105, 106, 107, 108, 109, 110, 111, 112, 113, 114, 115, 116, 117, 118, 119, 120, 121, 122, 123, 124, 125, 126, 127, 128, 129, 130, 131, 132, 133, 134, 135, 136, 137, 138, 139, 140, 141, 142, 143, 144, 145, 146, 147, 148, 149]

2026-03-09 05:57:39,977 - INFO - 当前用时 0.00 秒
2026-03-09 05:57:39,977 - INFO - 将种子集 写入位置: /home/wen/work/coup_spread/network.netDog/2026-3-12/seeds-with-network.netDog/random_alpha_sort_seedNum-150_SSRNum-50000.txt
2026-03-09 05:57:39,978 - INFO - 首次生成种子集 ris_optimized
2026-03-09 05:57:39,978 - INFO - 执行当前算法开始: ris_optimized
2026-03-09 05:57:40,210 - INFO - 图初始化完成，节点数: 4502，当前模式: 优化采样
2026-03-09 05:57:40,211 - INFO - 开始生成 50000 组多重RR-Set...
2026-03-09 05:58:04,760 - INFO - 生成完毕。耗时: 24.55 秒。
2026-03-09 05:58:04,776 - INFO - 开始基于多重RR集贪心选择最优种子...
2026-03-09 05:58:11,538 - INFO - 选种完毕。耗时: 6.76 秒。估算范围: 237.26
2026-03-09 05:58:12,819 - INFO - 当前用时 32.84 秒
2026-03-09 05:58:12,819 - INFO - 将种子集 写入位置: /home/wen/work/coup_spread/network.netDog/2026-3-12/seeds-with-network.netDog/random_ris_optimized_seedNum-150_SSRNum-50000.txt
2026-03-09 05:58:12,820 - INFO - 首次生成种子集 1hop_sort
2026-03-09 05:58:12,820 - INFO - 执行当前算法开始: 1hop_sort
2026-03-09 05:58:12,820 - INFO - --- Running: Teacher's 1-Hop Expected Spread Sort ---
2026-03-09 05:58:12,839 - INFO - 选出的前 5 个种子得分展示: [0.4 0.4 0.4 0.4 0.4]
2026-03-09 05:58:12,840 - INFO - 当前用时 0.02 秒
2026-03-09 05:58:12,840 - INFO - 将种子集 写入位置: /home/wen/work/coup_spread/network.netDog/2026-3-12/seeds-with-network.netDog/random_1hop_sort_seedNum-150_SSRNum-50000.txt
2026-03-09 05:58:12,842 - INFO - 评估种子集: None
2026-03-09 05:58:12,842 - INFO - 多进程评估开始，共有 6 个方法待评估...
2026-03-09 05:58:12,842 - INFO - 启动进程池，Worker数量: 6
2026-03-09 05:58:13,647 - INFO - [Process 4023851] 开始评估方法: random, 种子数: 150
2026-03-09 05:58:14,228 - INFO - [Process 4023852] 开始评估方法: degreeTopM, 种子数: 150
2026-03-09 05:58:14,813 - INFO - [Process 4023853] 开始评估方法: pageRank, 种子数: 150
2026-03-09 05:58:15,404 - INFO - [Process 4023854] 开始评估方法: alpha_sort, 种子数: 150
2026-03-09 05:58:15,993 - INFO - [Process 4023855] 开始评估方法: ris_optimized, 种子数: 150
2026-03-09 05:58:16,600 - INFO - [Process 4023856] 开始评估方法: 1hop_sort, 种子数: 150
2026-03-09 05:58:24,587 - INFO - [random - 种子:150] 拉新:107.5人 | 总销量:113.7单 | 品牌曝光:588.6次 | 🌟综合得分:169.4
2026-03-09 05:58:26,570 - INFO - [degreeTopM - 种子:150] 拉新:117.0人 | 总销量:130.8单 | 品牌曝光:663.2次 | 🌟综合得分:190.2
2026-03-09 05:58:27,091 - INFO - [pageRank - 种子:150] 拉新:117.3人 | 总销量:130.5单 | 品牌曝光:662.0次 | 🌟综合得分:190.1
2026-03-09 05:58:27,619 - INFO - [alpha_sort - 种子:150] 拉新:118.2人 | 总销量:129.7单 | 品牌曝光:658.2次 | 🌟综合得分:189.8
2026-03-09 05:58:28,461 - INFO - [ris_optimized - 种子:150] 拉新:123.9人 | 总销量:133.7单 | 品牌曝光:675.3次 | 🌟综合得分:196.3
2026-03-09 05:58:28,539 - INFO - [1hop_sort - 种子:150] 拉新:123.6人 | 总销量:132.8单 | 品牌曝光:671.5次 | 🌟综合得分:195.3
2026-03-09 05:58:28,588 - INFO - 所有进程执行完毕，开始写入数据...
2026-03-09 05:58:28,602 - INFO - 成功写入 6 条记录至 /home/wen/work/coup_spread/gzc-impl/results/network.netDog/2026-3-12/random_SSRNum-50000-_seedNum-150_simuTimes-500.csv
2026-03-09 05:58:28,603 - INFO - 保存评估文件至: /home/wen/work/coup_spread/gzc-impl/results/network.netDog/2026-3-12/random_SSRNum-50000-_seedNum-150_simuTimes-500.csv
2026-03-09 05:58:28,618 - INFO - 加载数据集: network.netDog
2026-03-09 05:58:28,619 - INFO - --- 矩阵分析 ---
2026-03-09 05:58:28,619 - INFO - 节点数 (N): 4502
2026-03-09 05:58:28,619 - INFO - 边数 (E): 29580
2026-03-09 05:58:28,619 - INFO - 密度 (Density): 0.00145944 (越小越稀疏)
2026-03-09 05:58:28,619 - INFO - 稀疏度 (Sparsity): 0.99854056 (越接近1越稀疏)
2026-03-09 05:58:28,619 - INFO - 平均度数 (Avg Degree): 6.57
2026-03-09 05:58:28,620 - INFO - >>> 正在注入完美对抗属性（验证三条定理）...
2026-03-09 05:58:28,660 - INFO - 首次生成种子集 random
2026-03-09 05:58:28,660 - INFO - 执行当前算法开始: random
2026-03-09 05:58:28,660 - INFO - 数据集节点总数:  n = 4502, m = 175
2026-03-09 05:58:28,661 - INFO - 选择 175  [178, 2025, 345, 4149, 3311, 2343, 3626, 1918, 3214, 3174, 3298, 1972, 2441, 933, 484, 1008, 4419, 214, 3029, 3083, 3476, 3468, 882, 2753, 2126, 1185, 4158, 1660, 1514, 2229, 2066, 3893, 1636, 1101, 1619, 3305, 3256, 1594, 480, 2012, 1903, 3723, 3235, 1250, 1172, 2001, 1645, 4171, 1116, 4361, 450, 846, 3132, 4148, 1974, 2547, 2418, 1943, 4340, 1057, 3228, 644, 1370, 3983, 4293, 2920, 3722, 1385, 2841, 963, 2419, 3938, 3650, 1118, 4413, 4001, 3572, 3950, 351, 1786, 4303, 1126, 1421, 1875, 327, 4, 1471, 3729, 3221, 287, 2689, 4019, 1487, 3188, 3886, 3040, 1042, 217, 2735, 3254, 4134, 2696, 894, 3603, 1841, 2551, 60, 754, 4055, 4207, 413, 883, 3306, 2458, 2762, 2731, 3526, 2137, 3295, 1453, 1209, 3809, 619, 4000, 1052, 3617, 2520, 1613, 3333, 2723, 895, 1931, 427, 2740, 1298, 2778, 2953, 123, 898, 2921, 477, 1187, 373, 664, 3495, 3261, 1456, 252, 4231, 592, 1157, 899, 1537, 3048, 2006, 1489, 1906, 431, 722, 9, 4401, 739, 3502, 2509, 685, 578, 3715, 4029, 2334, 910, 3557, 1603, 1625, 2304, 396]

2026-03-09 05:58:28,661 - INFO - 当前用时 0.00 秒
2026-03-09 05:58:28,661 - INFO - 将种子集 写入位置: /home/wen/work/coup_spread/network.netDog/2026-3-12/seeds-with-network.netDog/random_random_seedNum-175_SSRNum-50000.txt
2026-03-09 05:58:28,661 - INFO - 首次生成种子集 degreeTopM
2026-03-09 05:58:28,661 - INFO - 执行当前算法开始: degreeTopM
2026-03-09 05:58:28,661 - INFO - 依据: 选择连接数（度数）最多的节点。
2026-03-09 05:58:28,662 - INFO - 选择的 Top M 节点及其度数:
2026-03-09 05:58:28,662 - INFO - 
2026-03-09 05:58:28,662 - INFO - 当前用时 0.00 秒
2026-03-09 05:58:28,662 - INFO - 将种子集 写入位置: /home/wen/work/coup_spread/network.netDog/2026-3-12/seeds-with-network.netDog/random_degreeTopM_seedNum-175_SSRNum-50000.txt
2026-03-09 05:58:28,662 - INFO - 首次生成种子集 pageRank
2026-03-09 05:58:28,662 - INFO - 执行当前算法开始: pageRank
2026-03-09 05:58:28,662 - INFO - --- Running: PageRank (on tranProMatrix) Top M ---
2026-03-09 05:58:28,943 - INFO - Selected PageRank seeds: [79, 135, 83, 16, 45, 133, 243, 36, 33, 12, 2, 125, 4, 167, 38, 77, 19, 17, 128, 129, 62, 329, 13, 35, 294, 14, 414, 318, 162, 26, 37, 15, 93, 46, 192, 61, 164, 279, 359, 120, 693, 123, 934, 52, 755, 254, 221, 127, 107, 208, 91, 183, 264, 152, 291, 223, 141, 316, 435, 324, 98, 44, 632, 8, 207, 681, 1157, 405, 104, 142, 150, 263, 916, 169, 583, 237, 261, 228, 1080, 526, 440, 165, 274, 22, 832, 811, 224, 292, 273, 564, 980, 54, 502, 112, 347, 173, 23, 1110, 1047, 194, 1018, 570, 976, 385, 1141, 235, 922, 615, 761, 262, 497, 63, 655, 812, 64, 616, 60, 301, 24, 298, 372, 248, 1287, 730, 960, 869, 72, 240, 594, 131, 238, 53, 280, 1081, 1392, 1419, 182, 784, 86, 1241, 1528, 929, 463, 419, 399, 687, 1418, 870, 1298, 1076, 1785, 1683, 58, 236, 239, 536, 352, 295, 55, 566, 88, 456, 376, 271, 299, 940, 156, 234, 576, 364, 477, 1543, 73, 596, 524]
2026-03-09 05:58:28,944 - INFO - 当前用时 0.28 秒
2026-03-09 05:58:28,944 - INFO - 将种子集 写入位置: /home/wen/work/coup_spread/network.netDog/2026-3-12/seeds-with-network.netDog/random_pageRank_seedNum-175_SSRNum-50000.txt
2026-03-09 05:58:28,945 - INFO - 首次生成种子集 alpha_sort
2026-03-09 05:58:28,945 - INFO - 执行当前算法开始: alpha_sort
2026-03-09 05:58:28,945 - INFO - 4502 个节点的alpha值降序排序 done
2026-03-09 05:58:28,945 - INFO - ==============>> [(0, np.float64(0.2)), (1, np.float64(0.2)), (2, np.float64(0.2)), (3, np.float64(0.2)), (4, np.float64(0.2)), (5, np.float64(0.2)), (6, np.float64(0.2)), (7, np.float64(0.2)), (8, np.float64(0.2)), (9, np.float64(0.2))]
2026-03-09 05:58:28,946 - INFO - 
选择的种子集 (按alpha排序): [0, 1, 2, 3, 4, 5, 6, 7, 8, 9, 10, 11, 12, 13, 14, 15, 16, 17, 18, 19, 20, 21, 22, 23, 24, 25, 26, 27, 28, 29, 30, 31, 32, 33, 34, 35, 36, 37, 38, 39, 40, 41, 42, 43, 44, 45, 46, 47, 48, 49, 50, 51, 52, 53, 54, 55, 56, 57, 58, 59, 60, 61, 62, 63, 64, 65, 66, 67, 68, 69, 70, 71, 72, 73, 74, 75, 76, 77, 78, 79, 80, 81, 82, 83, 84, 85, 86, 87, 88, 89, 90, 91, 92, 93, 94, 95, 96, 97, 98, 99, 100, 101, 102, 103, 104, 105, 106, 107, 108, 109, 110, 111, 112, 113, 114, 115, 116, 117, 118, 119, 120, 121, 122, 123, 124, 125, 126, 127, 128, 129, 130, 131, 132, 133, 134, 135, 136, 137, 138, 139, 140, 141, 142, 143, 144, 145, 146, 147, 148, 149, 150, 151, 152, 153, 154, 155, 156, 157, 158, 159, 160, 161, 162, 163, 164, 165, 166, 167, 168, 169, 170, 171, 172, 173, 174]

2026-03-09 05:58:28,946 - INFO - 当前用时 0.00 秒
2026-03-09 05:58:28,946 - INFO - 将种子集 写入位置: /home/wen/work/coup_spread/network.netDog/2026-3-12/seeds-with-network.netDog/random_alpha_sort_seedNum-175_SSRNum-50000.txt
2026-03-09 05:58:28,946 - INFO - 首次生成种子集 ris_optimized
2026-03-09 05:58:28,946 - INFO - 执行当前算法开始: ris_optimized
2026-03-09 05:58:29,173 - INFO - 图初始化完成，节点数: 4502，当前模式: 优化采样
2026-03-09 05:58:29,174 - INFO - 开始生成 50000 组多重RR-Set...
2026-03-09 05:58:58,396 - INFO - 生成完毕。耗时: 29.22 秒。
2026-03-09 05:58:58,411 - INFO - 开始基于多重RR集贪心选择最优种子...
2026-03-09 05:59:05,512 - INFO - 选种完毕。耗时: 7.10 秒。估算范围: 271.56
2026-03-09 05:59:06,611 - INFO - 当前用时 37.66 秒
2026-03-09 05:59:06,611 - INFO - 将种子集 写入位置: /home/wen/work/coup_spread/network.netDog/2026-3-12/seeds-with-network.netDog/random_ris_optimized_seedNum-175_SSRNum-50000.txt
2026-03-09 05:59:06,612 - INFO - 首次生成种子集 1hop_sort
2026-03-09 05:59:06,612 - INFO - 执行当前算法开始: 1hop_sort
2026-03-09 05:59:06,612 - INFO - --- Running: Teacher's 1-Hop Expected Spread Sort ---
2026-03-09 05:59:06,630 - INFO - 选出的前 5 个种子得分展示: [0.4 0.4 0.4 0.4 0.4]
2026-03-09 05:59:06,630 - INFO - 当前用时 0.02 秒
2026-03-09 05:59:06,631 - INFO - 将种子集 写入位置: /home/wen/work/coup_spread/network.netDog/2026-3-12/seeds-with-network.netDog/random_1hop_sort_seedNum-175_SSRNum-50000.txt
2026-03-09 05:59:06,632 - INFO - 评估种子集: None
2026-03-09 05:59:06,632 - INFO - 多进程评估开始，共有 6 个方法待评估...
2026-03-09 05:59:06,632 - INFO - 启动进程池，Worker数量: 6
2026-03-09 05:59:07,421 - INFO - [Process 4024692] 开始评估方法: random, 种子数: 175
2026-03-09 05:59:08,001 - INFO - [Process 4024693] 开始评估方法: degreeTopM, 种子数: 175
2026-03-09 05:59:08,577 - INFO - [Process 4024694] 开始评估方法: pageRank, 种子数: 175
2026-03-09 05:59:09,167 - INFO - [Process 4024695] 开始评估方法: alpha_sort, 种子数: 175
2026-03-09 05:59:09,767 - INFO - [Process 4024696] 开始评估方法: ris_optimized, 种子数: 175
2026-03-09 05:59:10,337 - INFO - [Process 4024697] 开始评估方法: 1hop_sort, 种子数: 175
2026-03-09 05:59:20,899 - INFO - [random - 种子:175] 拉新:131.9人 | 总销量:142.1单 | 品牌曝光:727.7次 | 🌟综合得分:209.8
2026-03-09 05:59:22,697 - INFO - [degreeTopM - 种子:175] 拉新:135.1人 | 总销量:153.1单 | 品牌曝光:774.9次 | 🌟综合得分:221.6
2026-03-09 05:59:23,192 - INFO - [pageRank - 种子:175] 拉新:135.1人 | 总销量:152.5单 | 品牌曝光:772.7次 | 🌟综合得分:221.1
2026-03-09 05:59:23,585 - INFO - [alpha_sort - 种子:175] 拉新:136.7人 | 总销量:151.8单 | 品牌曝光:769.4次 | 🌟综合得分:221.2
2026-03-09 05:59:23,628 - INFO - [ris_optimized - 种子:175] 拉新:143.2人 | 总销量:155.7单 | 品牌曝光:786.1次 | 🌟综合得分:228.1
2026-03-09 05:59:24,930 - INFO - [1hop_sort - 种子:175] 拉新:142.6人 | 总销量:154.9单 | 品牌曝光:782.7次 | 🌟综合得分:227.0
2026-03-09 05:59:24,976 - INFO - 所有进程执行完毕，开始写入数据...
2026-03-09 05:59:24,989 - INFO - 成功写入 6 条记录至 /home/wen/work/coup_spread/gzc-impl/results/network.netDog/2026-3-12/random_SSRNum-50000-_seedNum-175_simuTimes-500.csv
2026-03-09 05:59:24,990 - INFO - 保存评估文件至: /home/wen/work/coup_spread/gzc-impl/results/network.netDog/2026-3-12/random_SSRNum-50000-_seedNum-175_simuTimes-500.csv
2026-03-09 05:59:25,010 - INFO - 加载数据集: network.netDog
2026-03-09 05:59:25,011 - INFO - --- 矩阵分析 ---
2026-03-09 05:59:25,011 - INFO - 节点数 (N): 4502
2026-03-09 05:59:25,011 - INFO - 边数 (E): 29580
2026-03-09 05:59:25,011 - INFO - 密度 (Density): 0.00145944 (越小越稀疏)
2026-03-09 05:59:25,011 - INFO - 稀疏度 (Sparsity): 0.99854056 (越接近1越稀疏)
2026-03-09 05:59:25,011 - INFO - 平均度数 (Avg Degree): 6.57
2026-03-09 05:59:25,011 - INFO - >>> 正在注入完美对抗属性（验证三条定理）...
2026-03-09 05:59:25,054 - INFO - 首次生成种子集 random
2026-03-09 05:59:25,054 - INFO - 执行当前算法开始: random
2026-03-09 05:59:25,055 - INFO - 数据集节点总数:  n = 4502, m = 200
2026-03-09 05:59:25,055 - INFO - 选择 200  [1321, 3193, 169, 3627, 3429, 3836, 2861, 3053, 1364, 1868, 2775, 2375, 2046, 2491, 1633, 1396, 4247, 3027, 202, 3845, 3211, 18, 2116, 743, 2121, 4219, 152, 1854, 3772, 273, 1446, 3445, 3746, 354, 1200, 1979, 3125, 32, 844, 317, 1070, 1058, 1594, 2061, 3458, 4474, 3706, 1122, 82, 4493, 2020, 3991, 748, 53, 3011, 4487, 4158, 2428, 4327, 2631, 2563, 1341, 2008, 4047, 2288, 3443, 3667, 4009, 881, 2807, 2004, 1946, 1847, 3460, 2411, 3175, 685, 220, 2476, 3389, 282, 2661, 2603, 136, 559, 1940, 3955, 1254, 1257, 2592, 2025, 174, 1133, 837, 3938, 945, 1305, 1866, 2569, 2884, 1322, 775, 3119, 4278, 2823, 711, 505, 4003, 1763, 1904, 1392, 3540, 1001, 3816, 3589, 920, 1066, 2345, 3062, 3005, 4087, 2065, 3731, 2514, 447, 1607, 974, 116, 2188, 194, 572, 350, 3472, 585, 1213, 1919, 319, 973, 496, 2439, 3823, 380, 1456, 895, 3784, 3265, 4307, 1658, 660, 3639, 3465, 1233, 1728, 1913, 3533, 3618, 4472, 1799, 383, 2080, 1673, 3079, 2677, 366, 3571, 553, 1742, 466, 546, 4028, 2652, 1121, 2329, 579, 4178, 1807, 1511, 92, 4138, 2916, 732, 4343, 725, 3468, 517, 402, 433, 410, 4393, 4188, 547, 2045, 4209, 1092, 211, 4033, 2033, 2383, 430, 1181]

2026-03-09 05:59:25,055 - INFO - 当前用时 0.00 秒
2026-03-09 05:59:25,055 - INFO - 将种子集 写入位置: /home/wen/work/coup_spread/network.netDog/2026-3-12/seeds-with-network.netDog/random_random_seedNum-200_SSRNum-50000.txt
2026-03-09 05:59:25,055 - INFO - 首次生成种子集 degreeTopM
2026-03-09 05:59:25,055 - INFO - 执行当前算法开始: degreeTopM
2026-03-09 05:59:25,055 - INFO - 依据: 选择连接数（度数）最多的节点。
2026-03-09 05:59:25,056 - INFO - 选择的 Top M 节点及其度数:
2026-03-09 05:59:25,056 - INFO - 
2026-03-09 05:59:25,056 - INFO - 当前用时 0.00 秒
2026-03-09 05:59:25,056 - INFO - 将种子集 写入位置: /home/wen/work/coup_spread/network.netDog/2026-3-12/seeds-with-network.netDog/random_degreeTopM_seedNum-200_SSRNum-50000.txt
2026-03-09 05:59:25,056 - INFO - 首次生成种子集 pageRank
2026-03-09 05:59:25,057 - INFO - 执行当前算法开始: pageRank
2026-03-09 05:59:25,057 - INFO - --- Running: PageRank (on tranProMatrix) Top M ---
2026-03-09 05:59:25,318 - INFO - Selected PageRank seeds: [79, 135, 83, 16, 45, 133, 243, 36, 33, 12, 2, 125, 4, 167, 38, 77, 19, 17, 128, 129, 62, 329, 13, 35, 294, 14, 414, 318, 162, 26, 37, 15, 93, 46, 192, 61, 164, 279, 359, 120, 693, 123, 934, 52, 755, 254, 221, 127, 107, 208, 91, 183, 264, 152, 291, 223, 141, 316, 435, 324, 98, 44, 632, 8, 207, 681, 1157, 405, 104, 142, 150, 263, 916, 169, 583, 237, 261, 228, 1080, 526, 440, 165, 274, 22, 832, 811, 224, 292, 273, 564, 980, 54, 502, 112, 347, 173, 23, 1110, 1047, 194, 1018, 570, 976, 385, 1141, 235, 922, 615, 761, 262, 497, 63, 655, 812, 64, 616, 60, 301, 24, 298, 372, 248, 1287, 730, 960, 869, 72, 240, 594, 131, 238, 53, 280, 1081, 1392, 1419, 182, 784, 86, 1241, 1528, 929, 463, 419, 399, 687, 1418, 870, 1298, 1076, 1785, 1683, 58, 236, 239, 536, 352, 295, 55, 566, 88, 456, 376, 271, 299, 940, 156, 234, 576, 364, 477, 1543, 73, 596, 524, 1114, 21, 210, 663, 379, 837, 550, 517, 992, 1410, 1554, 373, 1134, 1348, 734, 18, 84, 258, 320, 75, 467, 198, 401, 735, 786]
2026-03-09 05:59:25,319 - INFO - 当前用时 0.26 秒
2026-03-09 05:59:25,319 - INFO - 将种子集 写入位置: /home/wen/work/coup_spread/network.netDog/2026-3-12/seeds-with-network.netDog/random_pageRank_seedNum-200_SSRNum-50000.txt
2026-03-09 05:59:25,319 - INFO - 首次生成种子集 alpha_sort
2026-03-09 05:59:25,319 - INFO - 执行当前算法开始: alpha_sort
2026-03-09 05:59:25,320 - INFO - 4502 个节点的alpha值降序排序 done
2026-03-09 05:59:25,320 - INFO - ==============>> [(0, np.float64(0.2)), (1, np.float64(0.2)), (2, np.float64(0.2)), (3, np.float64(0.2)), (4, np.float64(0.2)), (5, np.float64(0.2)), (6, np.float64(0.2)), (7, np.float64(0.2)), (8, np.float64(0.2)), (9, np.float64(0.2))]
2026-03-09 05:59:25,320 - INFO - 
选择的种子集 (按alpha排序): [0, 1, 2, 3, 4, 5, 6, 7, 8, 9, 10, 11, 12, 13, 14, 15, 16, 17, 18, 19, 20, 21, 22, 23, 24, 25, 26, 27, 28, 29, 30, 31, 32, 33, 34, 35, 36, 37, 38, 39, 40, 41, 42, 43, 44, 45, 46, 47, 48, 49, 50, 51, 52, 53, 54, 55, 56, 57, 58, 59, 60, 61, 62, 63, 64, 65, 66, 67, 68, 69, 70, 71, 72, 73, 74, 75, 76, 77, 78, 79, 80, 81, 82, 83, 84, 85, 86, 87, 88, 89, 90, 91, 92, 93, 94, 95, 96, 97, 98, 99, 100, 101, 102, 103, 104, 105, 106, 107, 108, 109, 110, 111, 112, 113, 114, 115, 116, 117, 118, 119, 120, 121, 122, 123, 124, 125, 126, 127, 128, 129, 130, 131, 132, 133, 134, 135, 136, 137, 138, 139, 140, 141, 142, 143, 144, 145, 146, 147, 148, 149, 150, 151, 152, 153, 154, 155, 156, 157, 158, 159, 160, 161, 162, 163, 164, 165, 166, 167, 168, 169, 170, 171, 172, 173, 174, 175, 176, 177, 178, 179, 180, 181, 182, 183, 184, 185, 186, 187, 188, 189, 190, 191, 192, 193, 194, 195, 196, 197, 198, 199]

2026-03-09 05:59:25,320 - INFO - 当前用时 0.00 秒
2026-03-09 05:59:25,320 - INFO - 将种子集 写入位置: /home/wen/work/coup_spread/network.netDog/2026-3-12/seeds-with-network.netDog/random_alpha_sort_seedNum-200_SSRNum-50000.txt
2026-03-09 05:59:25,320 - INFO - 首次生成种子集 ris_optimized
2026-03-09 05:59:25,321 - INFO - 执行当前算法开始: ris_optimized
2026-03-09 05:59:25,574 - INFO - 图初始化完成，节点数: 4502，当前模式: 优化采样
2026-03-09 05:59:25,574 - INFO - 开始生成 50000 组多重RR-Set...
2026-03-09 06:00:00,952 - INFO - 生成完毕。耗时: 35.38 秒。
2026-03-09 06:00:00,971 - INFO - 开始基于多重RR集贪心选择最优种子...
2026-03-09 06:00:10,950 - INFO - 选种完毕。耗时: 9.98 秒。估算范围: 308.30
2026-03-09 06:00:13,375 - INFO - 当前用时 48.05 秒
2026-03-09 06:00:13,376 - INFO - 将种子集 写入位置: /home/wen/work/coup_spread/network.netDog/2026-3-12/seeds-with-network.netDog/random_ris_optimized_seedNum-200_SSRNum-50000.txt
2026-03-09 06:00:13,377 - INFO - 首次生成种子集 1hop_sort
2026-03-09 06:00:13,377 - INFO - 执行当前算法开始: 1hop_sort
2026-03-09 06:00:13,377 - INFO - --- Running: Teacher's 1-Hop Expected Spread Sort ---
2026-03-09 06:00:13,395 - INFO - 选出的前 5 个种子得分展示: [0.4 0.4 0.4 0.4 0.4]
2026-03-09 06:00:13,396 - INFO - 当前用时 0.02 秒
2026-03-09 06:00:13,396 - INFO - 将种子集 写入位置: /home/wen/work/coup_spread/network.netDog/2026-3-12/seeds-with-network.netDog/random_1hop_sort_seedNum-200_SSRNum-50000.txt
2026-03-09 06:00:13,397 - INFO - 评估种子集: None
2026-03-09 06:00:13,397 - INFO - 多进程评估开始，共有 6 个方法待评估...
2026-03-09 06:00:13,398 - INFO - 启动进程池，Worker数量: 6
2026-03-09 06:00:14,193 - INFO - [Process 4025680] 开始评估方法: random, 种子数: 200
2026-03-09 06:00:14,774 - INFO - [Process 4025681] 开始评估方法: degreeTopM, 种子数: 200
2026-03-09 06:00:15,363 - INFO - [Process 4025682] 开始评估方法: pageRank, 种子数: 200
2026-03-09 06:00:15,967 - INFO - [Process 4025683] 开始评估方法: alpha_sort, 种子数: 200
2026-03-09 06:00:16,566 - INFO - [Process 4025684] 开始评估方法: ris_optimized, 种子数: 200
2026-03-09 06:00:17,145 - INFO - [Process 4025685] 开始评估方法: 1hop_sort, 种子数: 200
2026-03-09 06:00:29,282 - INFO - [random - 种子:200] 拉新:148.5人 | 总销量:161.4单 | 品牌曝光:826.1次 | 🌟综合得分:237.6
2026-03-09 06:00:31,468 - INFO - [alpha_sort - 种子:200] 拉新:155.1人 | 总销量:173.9单 | 品牌曝光:881.1次 | 🌟综合得分:252.6
2026-03-09 06:00:31,546 - INFO - [degreeTopM - 种子:200] 拉新:152.5人 | 总销量:174.9单 | 品牌曝光:884.9次 | 🌟综合得分:252.2
2026-03-09 06:00:32,033 - INFO - [pageRank - 种子:200] 拉新:152.6人 | 总销量:174.4单 | 品牌曝光:882.8次 | 🌟综合得分:251.7
2026-03-09 06:00:33,447 - INFO - [ris_optimized - 种子:200] 拉新:163.0人 | 总销量:177.6单 | 品牌曝光:896.7次 | 🌟综合得分:259.9
2026-03-09 06:00:33,780 - INFO - [1hop_sort - 种子:200] 拉新:161.4人 | 总销量:177.0单 | 品牌曝光:894.8次 | 🌟综合得分:258.7
2026-03-09 06:00:33,822 - INFO - 所有进程执行完毕，开始写入数据...
2026-03-09 06:00:33,832 - INFO - 成功写入 6 条记录至 /home/wen/work/coup_spread/gzc-impl/results/network.netDog/2026-3-12/random_SSRNum-50000-_seedNum-200_simuTimes-500.csv
2026-03-09 06:00:33,832 - INFO - 保存评估文件至: /home/wen/work/coup_spread/gzc-impl/results/network.netDog/2026-3-12/random_SSRNum-50000-_seedNum-200_simuTimes-500.csv
2026-03-09 06:00:33,850 - INFO - 加载数据集: network.netDog
2026-03-09 06:00:33,851 - INFO - --- 矩阵分析 ---
2026-03-09 06:00:33,851 - INFO - 节点数 (N): 4502
2026-03-09 06:00:33,851 - INFO - 边数 (E): 29580
2026-03-09 06:00:33,851 - INFO - 密度 (Density): 0.00145944 (越小越稀疏)
2026-03-09 06:00:33,851 - INFO - 稀疏度 (Sparsity): 0.99854056 (越接近1越稀疏)
2026-03-09 06:00:33,851 - INFO - 平均度数 (Avg Degree): 6.57
2026-03-09 06:00:33,851 - INFO - >>> 正在注入完美对抗属性（验证三条定理）...
2026-03-09 06:00:33,902 - INFO - 首次生成种子集 random
2026-03-09 06:00:33,902 - INFO - 执行当前算法开始: random
2026-03-09 06:00:33,902 - INFO - 数据集节点总数:  n = 4502, m = 225
2026-03-09 06:00:33,903 - INFO - 选择 225  [1346, 4046, 4044, 21, 2437, 735, 3470, 871, 2869, 4369, 3486, 975, 3506, 2130, 1128, 3732, 4026, 3569, 3761, 785, 3108, 425, 1848, 2895, 540, 3520, 2439, 1343, 2631, 747, 495, 197, 2907, 2653, 1378, 779, 3285, 73, 2721, 1273, 2592, 3239, 366, 374, 3847, 3684, 1681, 3547, 4023, 4321, 2510, 3833, 2061, 2147, 3404, 3188, 1482, 4344, 71, 1646, 2865, 2394, 2398, 3418, 690, 408, 3310, 687, 2504, 3762, 432, 3041, 4263, 917, 3963, 3070, 2185, 1946, 1554, 3798, 2645, 764, 2875, 4009, 596, 3396, 2091, 239, 993, 4371, 1907, 3670, 3302, 3120, 2548, 4365, 369, 387, 1711, 3051, 1014, 2996, 3562, 446, 1685, 2081, 390, 2541, 2656, 1058, 1388, 461, 2138, 4466, 526, 2970, 3531, 309, 3161, 3735, 2460, 3644, 3293, 4386, 2812, 2985, 1376, 2857, 3390, 2404, 3127, 770, 1431, 1776, 3102, 3518, 2241, 3122, 276, 4060, 2271, 3631, 105, 3637, 1772, 25, 4016, 534, 2135, 2667, 3556, 1151, 575, 3295, 2159, 3478, 3610, 3121, 1841, 3909, 271, 467, 128, 3935, 3229, 4178, 547, 1312, 826, 1682, 3247, 3151, 2949, 4019, 4297, 3284, 4366, 3986, 2739, 200, 3352, 4269, 3022, 1638, 1498, 3088, 1508, 262, 1015, 2299, 286, 902, 3300, 568, 3553, 2432, 1635, 2942, 2461, 2346, 3185, 2200, 4031, 3709, 3114, 1565, 4258, 4342, 3128, 4184, 1871, 3361, 45, 2, 4375, 311, 1256, 1373, 2651, 2027, 1281, 3328, 43, 1580, 2844]

2026-03-09 06:00:33,903 - INFO - 当前用时 0.00 秒
2026-03-09 06:00:33,903 - INFO - 将种子集 写入位置: /home/wen/work/coup_spread/network.netDog/2026-3-12/seeds-with-network.netDog/random_random_seedNum-225_SSRNum-50000.txt
2026-03-09 06:00:33,903 - INFO - 首次生成种子集 degreeTopM
2026-03-09 06:00:33,903 - INFO - 执行当前算法开始: degreeTopM
2026-03-09 06:00:33,903 - INFO - 依据: 选择连接数（度数）最多的节点。
2026-03-09 06:00:33,904 - INFO - 选择的 Top M 节点及其度数:
2026-03-09 06:00:33,904 - INFO - 
2026-03-09 06:00:33,904 - INFO - 当前用时 0.00 秒
2026-03-09 06:00:33,904 - INFO - 将种子集 写入位置: /home/wen/work/coup_spread/network.netDog/2026-3-12/seeds-with-network.netDog/random_degreeTopM_seedNum-225_SSRNum-50000.txt
2026-03-09 06:00:33,905 - INFO - 首次生成种子集 pageRank
2026-03-09 06:00:33,905 - INFO - 执行当前算法开始: pageRank
2026-03-09 06:00:33,905 - INFO - --- Running: PageRank (on tranProMatrix) Top M ---
2026-03-09 06:00:34,168 - INFO - Selected PageRank seeds: [79, 135, 83, 16, 45, 133, 243, 36, 33, 12, 2, 125, 4, 167, 38, 77, 19, 17, 128, 129, 62, 329, 13, 35, 294, 14, 414, 318, 162, 26, 37, 15, 93, 46, 192, 61, 164, 279, 359, 120, 693, 123, 934, 52, 755, 254, 221, 127, 107, 208, 91, 183, 264, 152, 291, 223, 141, 316, 435, 324, 98, 44, 632, 8, 207, 681, 1157, 405, 104, 142, 150, 263, 916, 169, 583, 237, 261, 228, 1080, 526, 440, 165, 274, 22, 832, 811, 224, 292, 273, 564, 980, 54, 502, 112, 347, 173, 23, 1110, 1047, 194, 1018, 570, 976, 385, 1141, 235, 922, 615, 761, 262, 497, 63, 655, 812, 64, 616, 60, 301, 24, 298, 372, 248, 1287, 730, 960, 869, 72, 240, 594, 131, 238, 53, 280, 1081, 1392, 1419, 182, 784, 86, 1241, 1528, 929, 463, 419, 399, 687, 1418, 870, 1298, 1076, 1785, 1683, 58, 236, 239, 536, 352, 295, 55, 566, 88, 456, 376, 271, 299, 940, 156, 234, 576, 364, 477, 1543, 73, 596, 524, 1114, 21, 210, 663, 379, 837, 550, 517, 992, 1410, 1554, 373, 1134, 1348, 734, 18, 84, 258, 320, 75, 467, 198, 401, 735, 786, 1152, 506, 1015, 326, 1265, 146, 620, 643, 96, 420, 375, 525, 1841, 277, 1035, 322, 508, 917, 1301, 259, 1300, 180, 1280, 1034, 1467]
2026-03-09 06:00:34,169 - INFO - 当前用时 0.26 秒
2026-03-09 06:00:34,169 - INFO - 将种子集 写入位置: /home/wen/work/coup_spread/network.netDog/2026-3-12/seeds-with-network.netDog/random_pageRank_seedNum-225_SSRNum-50000.txt
2026-03-09 06:00:34,169 - INFO - 首次生成种子集 alpha_sort
2026-03-09 06:00:34,169 - INFO - 执行当前算法开始: alpha_sort
2026-03-09 06:00:34,170 - INFO - 4502 个节点的alpha值降序排序 done
2026-03-09 06:00:34,170 - INFO - ==============>> [(0, np.float64(0.2)), (1, np.float64(0.2)), (2, np.float64(0.2)), (3, np.float64(0.2)), (4, np.float64(0.2)), (5, np.float64(0.2)), (6, np.float64(0.2)), (7, np.float64(0.2)), (8, np.float64(0.2)), (9, np.float64(0.2))]
2026-03-09 06:00:34,170 - INFO - 
选择的种子集 (按alpha排序): [0, 1, 2, 3, 4, 5, 6, 7, 8, 9, 10, 11, 12, 13, 14, 15, 16, 17, 18, 19, 20, 21, 22, 23, 24, 25, 26, 27, 28, 29, 30, 31, 32, 33, 34, 35, 36, 37, 38, 39, 40, 41, 42, 43, 44, 45, 46, 47, 48, 49, 50, 51, 52, 53, 54, 55, 56, 57, 58, 59, 60, 61, 62, 63, 64, 65, 66, 67, 68, 69, 70, 71, 72, 73, 74, 75, 76, 77, 78, 79, 80, 81, 82, 83, 84, 85, 86, 87, 88, 89, 90, 91, 92, 93, 94, 95, 96, 97, 98, 99, 100, 101, 102, 103, 104, 105, 106, 107, 108, 109, 110, 111, 112, 113, 114, 115, 116, 117, 118, 119, 120, 121, 122, 123, 124, 125, 126, 127, 128, 129, 130, 131, 132, 133, 134, 135, 136, 137, 138, 139, 140, 141, 142, 143, 144, 145, 146, 147, 148, 149, 150, 151, 152, 153, 154, 155, 156, 157, 158, 159, 160, 161, 162, 163, 164, 165, 166, 167, 168, 169, 170, 171, 172, 173, 174, 175, 176, 177, 178, 179, 180, 181, 182, 183, 184, 185, 186, 187, 188, 189, 190, 191, 192, 193, 194, 195, 196, 197, 198, 199, 200, 201, 202, 203, 204, 205, 206, 207, 208, 209, 210, 211, 212, 213, 214, 215, 216, 217, 218, 219, 220, 221, 222, 223, 224]

2026-03-09 06:00:34,170 - INFO - 当前用时 0.00 秒
2026-03-09 06:00:34,170 - INFO - 将种子集 写入位置: /home/wen/work/coup_spread/network.netDog/2026-3-12/seeds-with-network.netDog/random_alpha_sort_seedNum-225_SSRNum-50000.txt
2026-03-09 06:00:34,171 - INFO - 首次生成种子集 ris_optimized
2026-03-09 06:00:34,171 - INFO - 执行当前算法开始: ris_optimized
2026-03-09 06:00:34,403 - INFO - 图初始化完成，节点数: 4502，当前模式: 优化采样
2026-03-09 06:00:34,403 - INFO - 开始生成 50000 组多重RR-Set...
2026-03-09 06:01:14,328 - INFO - 生成完毕。耗时: 39.92 秒。
2026-03-09 06:01:14,347 - INFO - 开始基于多重RR集贪心选择最优种子...
2026-03-09 06:01:26,567 - INFO - 选种完毕。耗时: 12.22 秒。估算范围: 344.13
2026-03-09 06:01:29,435 - INFO - 当前用时 55.26 秒
2026-03-09 06:01:29,436 - INFO - 将种子集 写入位置: /home/wen/work/coup_spread/network.netDog/2026-3-12/seeds-with-network.netDog/random_ris_optimized_seedNum-225_SSRNum-50000.txt
2026-03-09 06:01:29,437 - INFO - 首次生成种子集 1hop_sort
2026-03-09 06:01:29,437 - INFO - 执行当前算法开始: 1hop_sort
2026-03-09 06:01:29,437 - INFO - --- Running: Teacher's 1-Hop Expected Spread Sort ---
2026-03-09 06:01:29,454 - INFO - 选出的前 5 个种子得分展示: [0.4 0.4 0.4 0.4 0.4]
2026-03-09 06:01:29,454 - INFO - 当前用时 0.02 秒
2026-03-09 06:01:29,454 - INFO - 将种子集 写入位置: /home/wen/work/coup_spread/network.netDog/2026-3-12/seeds-with-network.netDog/random_1hop_sort_seedNum-225_SSRNum-50000.txt
2026-03-09 06:01:29,456 - INFO - 评估种子集: None
2026-03-09 06:01:29,456 - INFO - 多进程评估开始，共有 6 个方法待评估...
2026-03-09 06:01:29,456 - INFO - 启动进程池，Worker数量: 6
2026-03-09 06:01:30,254 - INFO - [Process 4026823] 开始评估方法: random, 种子数: 225
2026-03-09 06:01:30,830 - INFO - [Process 4026824] 开始评估方法: degreeTopM, 种子数: 225
2026-03-09 06:01:31,407 - INFO - [Process 4026825] 开始评估方法: pageRank, 种子数: 225
2026-03-09 06:01:31,984 - INFO - [Process 4026826] 开始评估方法: alpha_sort, 种子数: 225
2026-03-09 06:01:32,560 - INFO - [Process 4026827] 开始评估方法: ris_optimized, 种子数: 225
2026-03-09 06:01:33,137 - INFO - [Process 4026828] 开始评估方法: 1hop_sort, 种子数: 225
2026-03-09 06:01:47,320 - INFO - [random - 种子:225] 拉新:167.9人 | 总销量:183.6单 | 品牌曝光:938.8次 | 🌟综合得分:269.6
2026-03-09 06:01:49,313 - INFO - [degreeTopM - 种子:225] 拉新:169.3人 | 总销量:197.0单 | 品牌曝光:995.4次 | 🌟综合得分:282.7
2026-03-09 06:01:49,843 - INFO - [pageRank - 种子:225] 拉新:169.9人 | 总销量:195.7单 | 品牌曝光:989.2次 | 🌟综合得分:281.7
2026-03-09 06:01:50,812 - INFO - [alpha_sort - 种子:225] 拉新:173.2人 | 总销量:196.1单 | 品牌曝光:991.3次 | 🌟综合得分:283.8
2026-03-09 06:01:51,127 - INFO - [ris_optimized - 种子:225] 拉新:181.5人 | 总销量:199.1单 | 品牌曝光:1004.2次 | 🌟综合得分:290.7
2026-03-09 06:01:51,644 - INFO - [1hop_sort - 种子:225] 拉新:179.5人 | 总销量:199.1单 | 品牌曝光:1004.5次 | 🌟综合得分:289.8
2026-03-09 06:01:51,695 - INFO - 所有进程执行完毕，开始写入数据...
2026-03-09 06:01:51,707 - INFO - 成功写入 6 条记录至 /home/wen/work/coup_spread/gzc-impl/results/network.netDog/2026-3-12/random_SSRNum-50000-_seedNum-225_simuTimes-500.csv
2026-03-09 06:01:51,709 - INFO - 保存评估文件至: /home/wen/work/coup_spread/gzc-impl/results/network.netDog/2026-3-12/random_SSRNum-50000-_seedNum-225_simuTimes-500.csv
2026-03-09 06:01:51,733 - INFO - 加载数据集: network.netDog
2026-03-09 06:01:51,734 - INFO - --- 矩阵分析 ---
2026-03-09 06:01:51,734 - INFO - 节点数 (N): 4502
2026-03-09 06:01:51,734 - INFO - 边数 (E): 29580
2026-03-09 06:01:51,734 - INFO - 密度 (Density): 0.00145944 (越小越稀疏)
2026-03-09 06:01:51,734 - INFO - 稀疏度 (Sparsity): 0.99854056 (越接近1越稀疏)
2026-03-09 06:01:51,734 - INFO - 平均度数 (Avg Degree): 6.57
2026-03-09 06:01:51,734 - INFO - >>> 正在注入完美对抗属性（验证三条定理）...
2026-03-09 06:01:51,778 - INFO - 首次生成种子集 random
2026-03-09 06:01:51,778 - INFO - 执行当前算法开始: random
2026-03-09 06:01:51,779 - INFO - 数据集节点总数:  n = 4502, m = 250
2026-03-09 06:01:51,779 - INFO - 选择 250  [3015, 55, 1228, 2382, 3584, 1885, 1729, 458, 4337, 843, 4282, 211, 4459, 2842, 419, 4080, 3376, 1500, 2297, 1152, 734, 3430, 1538, 2311, 1122, 3352, 2087, 1072, 3560, 1846, 1689, 923, 4322, 2706, 3920, 552, 2928, 836, 48, 2454, 2331, 594, 3462, 2955, 4145, 1641, 1609, 579, 3062, 2825, 1230, 2753, 3045, 3125, 2329, 242, 1869, 175, 3156, 959, 2083, 1773, 641, 3626, 3191, 1700, 210, 3734, 790, 352, 643, 3080, 2536, 485, 2209, 2519, 2191, 428, 3161, 1127, 3954, 3533, 1055, 2216, 3144, 1255, 1722, 2847, 200, 2090, 1174, 2565, 2195, 3017, 3090, 464, 3628, 418, 1203, 898, 4409, 1637, 2232, 2350, 922, 1225, 741, 2840, 1389, 2179, 1658, 3104, 3565, 3727, 1886, 1866, 2817, 553, 148, 4117, 2487, 4043, 799, 4163, 4487, 2752, 3702, 231, 1626, 689, 909, 996, 2436, 4429, 2604, 1958, 1001, 3310, 2408, 864, 3145, 1109, 3482, 1099, 126, 2926, 1584, 4247, 4253, 3896, 570, 2739, 1880, 3872, 1733, 3513, 3802, 2457, 1416, 3411, 2849, 1039, 3774, 2387, 1462, 2691, 3989, 3611, 4279, 1853, 3369, 3811, 4296, 1257, 127, 1220, 2156, 4428, 3185, 63, 2116, 10, 236, 2762, 3859, 2513, 1793, 3957, 247, 781, 1068, 2385, 2016, 120, 378, 1914, 442, 4275, 4008, 3382, 2236, 2056, 678, 557, 659, 1449, 3810, 91, 3344, 3136, 1509, 2455, 4051, 3531, 1132, 4199, 4206, 3334, 3265, 571, 2961, 840, 1169, 2810, 1240, 230, 2262, 2460, 3519, 2140, 1167, 1162, 405, 4101, 701, 3891, 1976, 2427, 3251, 89, 3461, 2182, 3343, 2995, 3551, 578, 4299, 4480, 2929, 746]

2026-03-09 06:01:51,779 - INFO - 当前用时 0.00 秒
2026-03-09 06:01:51,779 - INFO - 将种子集 写入位置: /home/wen/work/coup_spread/network.netDog/2026-3-12/seeds-with-network.netDog/random_random_seedNum-250_SSRNum-50000.txt
2026-03-09 06:01:51,779 - INFO - 首次生成种子集 degreeTopM
2026-03-09 06:01:51,779 - INFO - 执行当前算法开始: degreeTopM
2026-03-09 06:01:51,779 - INFO - 依据: 选择连接数（度数）最多的节点。
2026-03-09 06:01:51,780 - INFO - 选择的 Top M 节点及其度数:
2026-03-09 06:01:51,780 - INFO - 
2026-03-09 06:01:51,781 - INFO - 当前用时 0.00 秒
2026-03-09 06:01:51,781 - INFO - 将种子集 写入位置: /home/wen/work/coup_spread/network.netDog/2026-3-12/seeds-with-network.netDog/random_degreeTopM_seedNum-250_SSRNum-50000.txt
2026-03-09 06:01:51,781 - INFO - 首次生成种子集 pageRank
2026-03-09 06:01:51,781 - INFO - 执行当前算法开始: pageRank
2026-03-09 06:01:51,781 - INFO - --- Running: PageRank (on tranProMatrix) Top M ---
2026-03-09 06:01:52,068 - INFO - Selected PageRank seeds: [79, 135, 83, 16, 45, 133, 243, 36, 33, 12, 2, 125, 4, 167, 38, 77, 19, 17, 128, 129, 62, 329, 13, 35, 294, 14, 414, 318, 162, 26, 37, 15, 93, 46, 192, 61, 164, 279, 359, 120, 693, 123, 934, 52, 755, 254, 221, 127, 107, 208, 91, 183, 264, 152, 291, 223, 141, 316, 435, 324, 98, 44, 632, 8, 207, 681, 1157, 405, 104, 142, 150, 263, 916, 169, 583, 237, 261, 228, 1080, 526, 440, 165, 274, 22, 832, 811, 224, 292, 273, 564, 980, 54, 502, 112, 347, 173, 23, 1110, 1047, 194, 1018, 570, 976, 385, 1141, 235, 922, 615, 761, 262, 497, 63, 655, 812, 64, 616, 60, 301, 24, 298, 372, 248, 1287, 730, 960, 869, 72, 240, 594, 131, 238, 53, 280, 1081, 1392, 1419, 182, 784, 86, 1241, 1528, 929, 463, 419, 399, 687, 1418, 870, 1298, 1076, 1785, 1683, 58, 236, 239, 536, 352, 295, 55, 566, 88, 456, 376, 271, 299, 940, 156, 234, 576, 364, 477, 1543, 73, 596, 524, 1114, 21, 210, 663, 379, 837, 550, 517, 992, 1410, 1554, 373, 1134, 1348, 734, 18, 84, 258, 320, 75, 467, 198, 401, 735, 786, 1152, 506, 1015, 326, 1265, 146, 620, 643, 96, 420, 375, 525, 1841, 277, 1035, 322, 508, 917, 1301, 259, 1300, 180, 1280, 1034, 1467, 804, 1738, 1169, 698, 25, 956, 809, 283, 988, 1501, 863, 622, 2067, 314, 315, 1638, 855, 361, 913, 431, 901, 642, 441, 50, 581]
2026-03-09 06:01:52,068 - INFO - 当前用时 0.29 秒
2026-03-09 06:01:52,068 - INFO - 将种子集 写入位置: /home/wen/work/coup_spread/network.netDog/2026-3-12/seeds-with-network.netDog/random_pageRank_seedNum-250_SSRNum-50000.txt
2026-03-09 06:01:52,069 - INFO - 首次生成种子集 alpha_sort
2026-03-09 06:01:52,069 - INFO - 执行当前算法开始: alpha_sort
2026-03-09 06:01:52,070 - INFO - 4502 个节点的alpha值降序排序 done
2026-03-09 06:01:52,070 - INFO - ==============>> [(0, np.float64(0.2)), (1, np.float64(0.2)), (2, np.float64(0.2)), (3, np.float64(0.2)), (4, np.float64(0.2)), (5, np.float64(0.2)), (6, np.float64(0.2)), (7, np.float64(0.2)), (8, np.float64(0.2)), (9, np.float64(0.2))]
2026-03-09 06:01:52,070 - INFO - 
选择的种子集 (按alpha排序): [0, 1, 2, 3, 4, 5, 6, 7, 8, 9, 10, 11, 12, 13, 14, 15, 16, 17, 18, 19, 20, 21, 22, 23, 24, 25, 26, 27, 28, 29, 30, 31, 32, 33, 34, 35, 36, 37, 38, 39, 40, 41, 42, 43, 44, 45, 46, 47, 48, 49, 50, 51, 52, 53, 54, 55, 56, 57, 58, 59, 60, 61, 62, 63, 64, 65, 66, 67, 68, 69, 70, 71, 72, 73, 74, 75, 76, 77, 78, 79, 80, 81, 82, 83, 84, 85, 86, 87, 88, 89, 90, 91, 92, 93, 94, 95, 96, 97, 98, 99, 100, 101, 102, 103, 104, 105, 106, 107, 108, 109, 110, 111, 112, 113, 114, 115, 116, 117, 118, 119, 120, 121, 122, 123, 124, 125, 126, 127, 128, 129, 130, 131, 132, 133, 134, 135, 136, 137, 138, 139, 140, 141, 142, 143, 144, 145, 146, 147, 148, 149, 150, 151, 152, 153, 154, 155, 156, 157, 158, 159, 160, 161, 162, 163, 164, 165, 166, 167, 168, 169, 170, 171, 172, 173, 174, 175, 176, 177, 178, 179, 180, 181, 182, 183, 184, 185, 186, 187, 188, 189, 190, 191, 192, 193, 194, 195, 196, 197, 198, 199, 200, 201, 202, 203, 204, 205, 206, 207, 208, 209, 210, 211, 212, 213, 214, 215, 216, 217, 218, 219, 220, 221, 222, 223, 224, 225, 226, 227, 228, 229, 230, 231, 232, 233, 234, 235, 236, 237, 238, 239, 240, 241, 242, 243, 244, 245, 246, 247, 248, 249]

2026-03-09 06:01:52,071 - INFO - 当前用时 0.00 秒
2026-03-09 06:01:52,071 - INFO - 将种子集 写入位置: /home/wen/work/coup_spread/network.netDog/2026-3-12/seeds-with-network.netDog/random_alpha_sort_seedNum-250_SSRNum-50000.txt
2026-03-09 06:01:52,071 - INFO - 首次生成种子集 ris_optimized
2026-03-09 06:01:52,072 - INFO - 执行当前算法开始: ris_optimized
2026-03-09 06:01:52,320 - INFO - 图初始化完成，节点数: 4502，当前模式: 优化采样
2026-03-09 06:01:52,320 - INFO - 开始生成 50000 组多重RR-Set...
2026-03-09 06:02:31,568 - INFO - 生成完毕。耗时: 39.25 秒。
2026-03-09 06:02:31,589 - INFO - 开始基于多重RR集贪心选择最优种子...
2026-03-09 06:02:50,558 - INFO - 选种完毕。耗时: 18.97 秒。估算范围: 380.78
2026-03-09 06:02:52,691 - INFO - 当前用时 60.62 秒
2026-03-09 06:02:52,692 - INFO - 将种子集 写入位置: /home/wen/work/coup_spread/network.netDog/2026-3-12/seeds-with-network.netDog/random_ris_optimized_seedNum-250_SSRNum-50000.txt
2026-03-09 06:02:52,692 - INFO - 首次生成种子集 1hop_sort
2026-03-09 06:02:52,692 - INFO - 执行当前算法开始: 1hop_sort
2026-03-09 06:02:52,692 - INFO - --- Running: Teacher's 1-Hop Expected Spread Sort ---
2026-03-09 06:02:52,710 - INFO - 选出的前 5 个种子得分展示: [0.4 0.4 0.4 0.4 0.4]
2026-03-09 06:02:52,710 - INFO - 当前用时 0.02 秒
2026-03-09 06:02:52,711 - INFO - 将种子集 写入位置: /home/wen/work/coup_spread/network.netDog/2026-3-12/seeds-with-network.netDog/random_1hop_sort_seedNum-250_SSRNum-50000.txt
2026-03-09 06:02:52,712 - INFO - 评估种子集: None
2026-03-09 06:02:52,712 - INFO - 多进程评估开始，共有 6 个方法待评估...
2026-03-09 06:02:52,712 - INFO - 启动进程池，Worker数量: 6
2026-03-09 06:02:53,511 - INFO - [Process 4028386] 开始评估方法: random, 种子数: 250
2026-03-09 06:02:54,073 - INFO - [Process 4028387] 开始评估方法: degreeTopM, 种子数: 250
2026-03-09 06:02:54,643 - INFO - [Process 4028388] 开始评估方法: pageRank, 种子数: 250
2026-03-09 06:02:55,215 - INFO - [Process 4028389] 开始评估方法: alpha_sort, 种子数: 250
2026-03-09 06:02:55,793 - INFO - [Process 4028390] 开始评估方法: ris_optimized, 种子数: 250
2026-03-09 06:02:56,362 - INFO - [Process 4028391] 开始评估方法: 1hop_sort, 种子数: 250
2026-03-09 06:03:12,079 - INFO - [random - 种子:250] 拉新:183.2人 | 总销量:202.7单 | 品牌曝光:1036.1次 | 🌟综合得分:296.5
2026-03-09 06:03:14,601 - INFO - [degreeTopM - 种子:250] 拉新:186.9人 | 总销量:218.9单 | 品牌曝光:1106.1次 | 🌟综合得分:313.5
2026-03-09 06:03:15,103 - INFO - [pageRank - 种子:250] 拉新:187.7人 | 总销量:218.0单 | 品牌曝光:1101.5次 | 🌟综合得分:313.0
2026-03-09 06:03:16,593 - INFO - [ris_optimized - 种子:250] 拉新:201.8人 | 总销量:222.5单 | 品牌曝光:1121.1次 | 🌟综合得分:324.3
2026-03-09 06:03:16,658 - INFO - [alpha_sort - 种子:250] 拉新:191.2人 | 总销量:218.0单 | 品牌曝光:1101.8次 | 🌟综合得分:314.8
2026-03-09 06:03:16,935 - INFO - [1hop_sort - 种子:250] 拉新:197.7人 | 总销量:221.5单 | 品牌曝光:1116.8次 | 🌟综合得分:321.3
2026-03-09 06:03:16,984 - INFO - 所有进程执行完毕，开始写入数据...
2026-03-09 06:03:16,997 - INFO - 成功写入 6 条记录至 /home/wen/work/coup_spread/gzc-impl/results/network.netDog/2026-3-12/random_SSRNum-50000-_seedNum-250_simuTimes-500.csv
2026-03-09 06:03:16,997 - INFO - 保存评估文件至: /home/wen/work/coup_spread/gzc-impl/results/network.netDog/2026-3-12/random_SSRNum-50000-_seedNum-250_simuTimes-500.csv
