2026-03-06 03:22:13,432 - INFO - 加载数据集: 2-genius_graph_2000
2026-03-06 03:22:13,433 - INFO - --- 矩阵分析 ---
2026-03-06 03:22:13,433 - INFO - 节点数 (N): 2000
2026-03-06 03:22:13,433 - INFO - 边数 (E): 46782
2026-03-06 03:22:13,433 - INFO - 密度 (Density): 0.01169550 (越小越稀疏)
2026-03-06 03:22:13,433 - INFO - 稀疏度 (Sparsity): 0.98830450 (越接近1越稀疏)
2026-03-06 03:22:13,433 - INFO - 平均度数 (Avg Degree): 23.39
2026-03-06 03:22:13,434 - INFO - >>> 正在注入完美对抗属性（验证三条定理）...
2026-03-06 03:22:13,455 - INFO - 首次生成种子集 random
2026-03-06 03:22:13,455 - INFO - 执行当前算法开始: random
2026-03-06 03:22:13,455 - INFO - 数据集节点总数:  n = 2000, m = 300
2026-03-06 03:22:13,456 - INFO - 选择 300  [317, 1474, 1057, 1581, 1397, 1607, 953, 1742, 1850, 1051, 204, 1552, 352, 299, 638, 639, 293, 792, 471, 1583, 1938, 909, 1013, 1854, 1654, 1035, 620, 1411, 464, 347, 1207, 580, 425, 496, 993, 738, 1135, 647, 583, 696, 407, 650, 253, 1800, 1754, 1084, 568, 1787, 1848, 171, 779, 1123, 121, 466, 262, 1478, 701, 747, 138, 982, 1549, 1219, 547, 1680, 1639, 430, 704, 1741, 1311, 96, 1960, 184, 1076, 1179, 1312, 14, 926, 661, 369, 634, 469, 1499, 1999, 734, 360, 1831, 1370, 548, 702, 641, 946, 1997, 1793, 107, 142, 1332, 929, 571, 598, 1028, 1573, 1551, 1313, 1898, 630, 62, 1738, 1090, 740, 1286, 1140, 1310, 207, 1443, 1144, 1980, 1851, 412, 1099, 1611, 1344, 1777, 663, 1248, 339, 1284, 838, 274, 1244, 376, 1477, 387, 416, 1393, 983, 1115, 933, 403, 1377, 269, 1944, 1723, 965, 887, 1096, 1949, 1619, 678, 252, 314, 24, 1496, 212, 1239, 843, 1074, 800, 730, 49, 1784, 187, 1601, 1916, 767, 1251, 84, 1779, 1863, 1882, 1111, 1676, 1281, 1190, 749, 1820, 1121, 302, 901, 1247, 206, 824, 60, 585, 1170, 188, 1119, 46, 831, 1228, 608, 1303, 1544, 1278, 1679, 1828, 122, 1840, 112, 1567, 1699, 563, 379, 89, 1809, 367, 1672, 984, 291, 1821, 1983, 1849, 39, 310, 245, 1459, 1045, 35, 991, 1171, 123, 689, 1008, 1968, 1907, 217, 1307, 883, 428, 756, 1163, 1547, 1291, 280, 528, 422, 1853, 742, 711, 506, 1811, 1778, 149, 1717, 1116, 1522, 165, 1878, 1835, 1482, 1693, 1060, 255, 927, 1366, 236, 190, 810, 1161, 1963, 1112, 415, 1752, 1189, 1615, 1799, 803, 345, 219, 619, 891, 621, 1866, 1926, 925, 511, 1757, 1252, 1535, 483, 1739, 1054, 1720, 319, 708, 1940, 1629, 1420, 1746, 588, 404, 87, 1016, 699, 37, 1602, 910, 1359, 79, 562, 1582]

2026-03-06 03:22:13,456 - INFO - 当前用时 0.00 秒
2026-03-06 03:22:13,456 - INFO - 将种子集 写入位置: /home/wen/work/coup_spread/2-genius_graph_2000/2026-3-6-report-2/seeds-with-2-genius_graph_2000/random_random_seedNum-300_SSRNum-50000.txt
2026-03-06 03:22:13,456 - INFO - 首次生成种子集 degreeTopM
2026-03-06 03:22:13,456 - INFO - 执行当前算法开始: degreeTopM
2026-03-06 03:22:13,456 - INFO - 依据: 选择连接数（度数）最多的节点。
2026-03-06 03:22:13,456 - INFO - 选择的 Top M 节点及其度数:
2026-03-06 03:22:13,457 - INFO - 
2026-03-06 03:22:13,457 - INFO - 当前用时 0.00 秒
2026-03-06 03:22:13,457 - INFO - 将种子集 写入位置: /home/wen/work/coup_spread/2-genius_graph_2000/2026-3-6-report-2/seeds-with-2-genius_graph_2000/random_degreeTopM_seedNum-300_SSRNum-50000.txt
2026-03-06 03:22:13,457 - INFO - 首次生成种子集 pageRank
2026-03-06 03:22:13,457 - INFO - 执行当前算法开始: pageRank
2026-03-06 03:22:13,457 - INFO - --- Running: PageRank (on tranProMatrix) Top M ---
2026-03-06 03:22:13,670 - INFO - Selected PageRank seeds: [1900, 1925, 1901, 1918, 1910, 1923, 1942, 1944, 1977, 1947, 1941, 1966, 1916, 1940, 1907, 1995, 1920, 1928, 1913, 1946, 1962, 1993, 1978, 1990, 1970, 1968, 1915, 1974, 1961, 1983, 1955, 1985, 1906, 1971, 1933, 1972, 1908, 1988, 1954, 1987, 1911, 1917, 1975, 1956, 1953, 1986, 1959, 1938, 1932, 1967, 1980, 1982, 1912, 1914, 1909, 1979, 1998, 1991, 1931, 1937, 1927, 1945, 1949, 1969, 1989, 1981, 1948, 1952, 1992, 1919, 1976, 1943, 1996, 1935, 1950, 1936, 1999, 1939, 1934, 1924, 1984, 1904, 1926, 1922, 1997, 1963, 1905, 1965, 1957, 1973, 1930, 1903, 1921, 1960, 1958, 1902, 1994, 1929, 1964, 1951, 3, 0, 7, 11, 5, 6, 21, 4, 10, 53, 18, 1, 8, 51, 25, 16, 22, 41, 31, 54, 45, 13, 17, 57, 78, 102, 43, 2, 35, 9, 91, 48, 42, 30, 75, 107, 64, 32, 244, 55, 61, 84, 94, 257, 229, 37, 20, 24, 27, 108, 12, 117, 248, 136, 121, 152, 101, 95, 29, 143, 63, 26, 19, 38, 258, 188, 217, 280, 394, 208, 87, 159, 172, 301, 130, 79, 80, 180, 138, 263, 23, 89, 93, 28, 39, 122, 113, 249, 359, 390, 164, 199, 92, 77, 137, 209, 153, 469, 357, 112, 226, 47, 106, 46, 116, 68, 34, 50, 74, 183, 139, 120, 187, 160, 1393, 729, 665, 111, 374, 82, 388, 247, 149, 518, 161, 283, 233, 65, 302, 186, 769, 361, 323, 343, 168, 373, 156, 675, 1562, 150, 293, 131, 273, 126, 125, 510, 423, 655, 1384, 700, 638, 419, 239, 1071, 303, 190, 981, 236, 157, 155, 134, 1614, 300, 395, 123, 304, 165, 1451, 145, 289, 206, 103, 196, 430, 295, 259, 73, 853, 581, 1021, 730, 118, 176, 72, 585, 100, 358, 298, 66, 550, 49, 639, 588, 1012, 336, 119, 531, 90, 278, 235]
2026-03-06 03:22:13,671 - INFO - 当前用时 0.21 秒
2026-03-06 03:22:13,671 - INFO - 将种子集 写入位置: /home/wen/work/coup_spread/2-genius_graph_2000/2026-3-6-report-2/seeds-with-2-genius_graph_2000/random_pageRank_seedNum-300_SSRNum-50000.txt
2026-03-06 03:22:13,671 - INFO - 首次生成种子集 alpha_sort
2026-03-06 03:22:13,671 - INFO - 执行当前算法开始: alpha_sort
2026-03-06 03:22:13,671 - INFO - 2000 个节点的alpha值降序排序 done
2026-03-06 03:22:13,671 - INFO - ==============>> [(1800, np.float64(0.5)), (1801, np.float64(0.5)), (1802, np.float64(0.5)), (1803, np.float64(0.5)), (1804, np.float64(0.5)), (1805, np.float64(0.5)), (1806, np.float64(0.5)), (1807, np.float64(0.5)), (1808, np.float64(0.5)), (1809, np.float64(0.5))]
2026-03-06 03:22:13,671 - INFO - 
选择的种子集 (按alpha排序): [1800, 1801, 1802, 1803, 1804, 1805, 1806, 1807, 1808, 1809, 1810, 1811, 1812, 1813, 1814, 1815, 1816, 1817, 1818, 1819, 1820, 1821, 1822, 1823, 1824, 1825, 1826, 1827, 1828, 1829, 1830, 1831, 1832, 1833, 1834, 1835, 1836, 1837, 1838, 1839, 1840, 1841, 1842, 1843, 1844, 1845, 1846, 1847, 1848, 1849, 1850, 1851, 1852, 1853, 1854, 1855, 1856, 1857, 1858, 1859, 1860, 1861, 1862, 1863, 1864, 1865, 1866, 1867, 1868, 1869, 1870, 1871, 1872, 1873, 1874, 1875, 1876, 1877, 1878, 1879, 1880, 1881, 1882, 1883, 1884, 1885, 1886, 1887, 1888, 1889, 1890, 1891, 1892, 1893, 1894, 1895, 1896, 1897, 1898, 1899, 0, 1, 2, 3, 4, 5, 6, 7, 8, 9, 10, 11, 12, 13, 14, 15, 16, 17, 18, 19, 20, 21, 22, 23, 24, 25, 26, 27, 28, 29, 30, 31, 32, 33, 34, 35, 36, 37, 38, 39, 40, 41, 42, 43, 44, 45, 46, 47, 48, 49, 50, 51, 52, 53, 54, 55, 56, 57, 58, 59, 60, 61, 62, 63, 64, 65, 66, 67, 68, 69, 70, 71, 72, 73, 74, 75, 76, 77, 78, 79, 80, 81, 82, 83, 84, 85, 86, 87, 88, 89, 90, 91, 92, 93, 94, 95, 96, 97, 98, 99, 100, 101, 102, 103, 104, 105, 106, 107, 108, 109, 110, 111, 112, 113, 114, 115, 116, 117, 118, 119, 120, 121, 122, 123, 124, 125, 126, 127, 128, 129, 130, 131, 132, 133, 134, 135, 136, 137, 138, 139, 140, 141, 142, 143, 144, 145, 146, 147, 148, 149, 150, 151, 152, 153, 154, 155, 156, 157, 158, 159, 160, 161, 162, 163, 164, 165, 166, 167, 168, 169, 170, 171, 172, 173, 174, 175, 176, 177, 178, 179, 180, 181, 182, 183, 184, 185, 186, 187, 188, 189, 190, 191, 192, 193, 194, 195, 196, 197, 198, 199]

2026-03-06 03:22:13,671 - INFO - 当前用时 0.00 秒
2026-03-06 03:22:13,672 - INFO - 将种子集 写入位置: /home/wen/work/coup_spread/2-genius_graph_2000/2026-3-6-report-2/seeds-with-2-genius_graph_2000/random_alpha_sort_seedNum-300_SSRNum-50000.txt
2026-03-06 03:22:13,672 - INFO - 首次生成种子集 ris_optimized
2026-03-06 03:22:13,672 - INFO - 执行当前算法开始: ris_optimized
2026-03-06 03:22:13,724 - INFO - 图初始化完成，节点数: 2000，当前模式: 优化采样
2026-03-06 03:22:13,724 - INFO - 开始生成 50000 组多重RR-Set...
2026-03-06 03:23:15,669 - INFO - 生成完毕。耗时: 61.94 秒。
2026-03-06 03:23:15,689 - INFO - 开始基于多重RR集贪心选择最优种子...
2026-03-06 03:23:27,274 - INFO - 选种完毕。耗时: 11.58 秒。估算范围: 300.04
2026-03-06 03:23:29,407 - INFO - 当前用时 75.74 秒
2026-03-06 03:23:29,408 - INFO - 将种子集 写入位置: /home/wen/work/coup_spread/2-genius_graph_2000/2026-3-6-report-2/seeds-with-2-genius_graph_2000/random_ris_optimized_seedNum-300_SSRNum-50000.txt
2026-03-06 03:23:29,408 - INFO - 首次生成种子集 ris_naive
2026-03-06 03:23:29,408 - INFO - 执行当前算法开始: ris_naive
2026-03-06 03:23:29,455 - INFO - 图初始化完成，节点数: 2000，当前模式: 朴素采样
2026-03-06 03:23:29,455 - INFO - 开始生成 50000 组多重RR-Set...
2026-03-06 03:24:33,797 - INFO - 生成完毕。耗时: 64.34 秒。
2026-03-06 03:24:33,804 - INFO - 开始基于多重RR集贪心选择最优种子...
2026-03-06 03:24:43,833 - INFO - 选种完毕。耗时: 10.03 秒。估算范围: 299.52
2026-03-06 03:24:45,526 - INFO - 当前用时 76.12 秒
2026-03-06 03:24:45,527 - INFO - 将种子集 写入位置: /home/wen/work/coup_spread/2-genius_graph_2000/2026-3-6-report-2/seeds-with-2-genius_graph_2000/random_ris_naive_seedNum-300_SSRNum-50000.txt
2026-03-06 03:24:45,528 - INFO - 首次生成种子集 monterCarlo_CELF
2026-03-06 03:24:45,528 - INFO - 执行当前算法开始: monterCarlo_CELF
2026-03-06 03:24:45,528 - INFO - --- Running: CELF Greedy Monte Carlo (Sims=100) ---
2026-03-06 03:24:45,528 - INFO - Step 0: 初始化所有节点的边际增益...
2026-03-06 03:24:53,170 - INFO - Seed 1: 10, Spread: 0.75
2026-03-06 03:24:53,869 - INFO - Seed 2: 1313, Gain: 0.67, Total: 1.42
2026-03-06 03:24:54,821 - INFO - Seed 3: 3, Gain: 0.64, Total: 2.06
2026-03-06 03:24:54,992 - INFO - Seed 4: 76, Gain: 0.66, Total: 2.72
2026-03-06 03:25:02,156 - INFO - Seed 5: 428, Gain: 0.63, Total: 3.35
2026-03-06 03:25:09,131 - INFO - Seed 6: 848, Gain: 0.53, Total: 3.88
2026-03-06 03:25:10,654 - INFO - Seed 7: 846, Gain: 0.61, Total: 4.49
2026-03-06 03:25:27,475 - INFO - Seed 8: 228, Gain: 0.60, Total: 5.09
2026-03-06 03:25:30,267 - INFO - Seed 9: 0, Gain: 0.50, Total: 5.59
2026-03-06 03:25:30,754 - INFO - Seed 10: 368, Gain: 0.55, Total: 6.14
2026-03-06 03:25:32,312 - INFO - Seed 11: 1464, Gain: 0.48, Total: 6.62
2026-03-06 03:25:33,112 - INFO - Seed 12: 1780, Gain: 0.60, Total: 7.22
2026-03-06 03:25:37,942 - INFO - Seed 13: 1328, Gain: 0.46, Total: 7.68
2026-03-06 03:25:38,844 - INFO - Seed 14: 1770, Gain: 0.47, Total: 8.15
2026-03-06 03:25:39,520 - INFO - Seed 15: 1081, Gain: 0.59, Total: 8.74
2026-03-06 03:25:41,263 - INFO - Seed 16: 1342, Gain: 0.55, Total: 9.29
2026-03-06 03:25:41,648 - INFO - Seed 17: 1664, Gain: 0.49, Total: 9.78
2026-03-06 03:25:41,872 - INFO - Seed 18: 1823, Gain: 0.49, Total: 10.27
2026-03-06 03:25:42,934 - INFO - Seed 19: 138, Gain: 0.63, Total: 10.90
2026-03-06 03:25:45,414 - INFO - Seed 20: 258, Gain: 0.43, Total: 11.33
2026-03-06 03:25:46,746 - INFO - Seed 21: 606, Gain: 0.43, Total: 11.76
2026-03-06 03:25:47,005 - INFO - Seed 22: 1017, Gain: 0.51, Total: 12.27
2026-03-06 03:25:47,551 - INFO - Seed 23: 1706, Gain: 0.53, Total: 12.80
2026-03-06 03:25:47,973 - INFO - Seed 24: 175, Gain: 0.41, Total: 13.21
2026-03-06 03:25:48,202 - INFO - Seed 25: 403, Gain: 0.50, Total: 13.71
2026-03-06 03:25:48,998 - INFO - Seed 26: 498, Gain: 0.65, Total: 14.36
2026-03-06 03:25:49,240 - INFO - Seed 27: 122, Gain: 0.59, Total: 14.95
2026-03-06 03:25:49,838 - INFO - Seed 28: 786, Gain: 0.66, Total: 15.61
2026-03-06 03:25:50,984 - INFO - Seed 29: 1825, Gain: 0.55, Total: 16.16
2026-03-06 03:25:51,591 - INFO - Seed 30: 51, Gain: 0.43, Total: 16.59
2026-03-06 03:25:52,498 - INFO - Seed 31: 407, Gain: 0.52, Total: 17.11
2026-03-06 03:25:53,336 - INFO - Seed 32: 1572, Gain: 0.42, Total: 17.53
2026-03-06 03:25:53,433 - INFO - Seed 33: 306, Gain: 0.53, Total: 18.06
2026-03-06 03:25:53,534 - INFO - Seed 34: 1733, Gain: 0.69, Total: 18.75
2026-03-06 03:25:53,635 - INFO - Seed 35: 686, Gain: 0.42, Total: 19.17
2026-03-06 03:25:53,849 - INFO - Seed 36: 283, Gain: 0.63, Total: 19.80
2026-03-06 03:25:54,853 - INFO - Seed 37: 823, Gain: 0.79, Total: 20.59
2026-03-06 03:25:58,325 - INFO - Seed 38: 359, Gain: 0.63, Total: 21.22
2026-03-06 03:26:01,709 - INFO - Seed 39: 912, Gain: 0.42, Total: 21.64
2026-03-06 03:26:03,848 - INFO - Seed 40: 357, Gain: 0.39, Total: 22.03
2026-03-06 03:26:03,967 - INFO - Seed 41: 253, Gain: 0.55, Total: 22.58
2026-03-06 03:26:04,582 - INFO - Seed 42: 1136, Gain: 0.51, Total: 23.09
2026-03-06 03:26:04,974 - INFO - Seed 43: 761, Gain: 0.51, Total: 23.60
2026-03-06 03:26:06,134 - INFO - Seed 44: 509, Gain: 0.70, Total: 24.30
2026-03-06 03:26:06,265 - INFO - Seed 45: 164, Gain: 0.48, Total: 24.78
2026-03-06 03:26:06,665 - INFO - Seed 46: 1236, Gain: 0.59, Total: 25.37
2026-03-06 03:26:10,701 - INFO - Seed 47: 181, Gain: 0.40, Total: 25.77
2026-03-06 03:26:10,842 - INFO - Seed 48: 34, Gain: 0.61, Total: 26.38
2026-03-06 03:26:10,986 - INFO - Seed 49: 998, Gain: 0.66, Total: 27.04
2026-03-06 03:26:13,208 - INFO - Seed 50: 246, Gain: 0.67, Total: 27.71
2026-03-06 03:26:15,310 - INFO - Seed 51: 1211, Gain: 0.82, Total: 28.53
2026-03-06 03:26:21,731 - INFO - Seed 52: 70, Gain: 0.62, Total: 29.15
2026-03-06 03:26:45,922 - INFO - Seed 53: 108, Gain: 0.28, Total: 29.43
2026-03-06 03:26:46,392 - INFO - Seed 54: 722, Gain: 0.31, Total: 29.74
2026-03-06 03:26:46,555 - INFO - Seed 55: 1224, Gain: 0.29, Total: 30.03
2026-03-06 03:26:48,400 - INFO - Seed 56: 377, Gain: 0.71, Total: 30.74
2026-03-06 03:26:48,740 - INFO - Seed 57: 1783, Gain: 0.37, Total: 31.11
2026-03-06 03:26:49,255 - INFO - Seed 58: 1046, Gain: 0.41, Total: 31.52
2026-03-06 03:26:49,957 - INFO - Seed 59: 1837, Gain: 1.11, Total: 32.63
2026-03-06 03:26:52,881 - INFO - Seed 60: 1637, Gain: 0.33, Total: 32.96
2026-03-06 03:26:58,460 - INFO - Seed 61: 271, Gain: 0.29, Total: 33.25
2026-03-06 03:26:59,181 - INFO - Seed 62: 1583, Gain: 0.84, Total: 34.09
2026-03-06 03:27:01,423 - INFO - Seed 63: 5, Gain: 0.62, Total: 34.71
2026-03-06 03:27:07,391 - INFO - Seed 64: 956, Gain: 0.52, Total: 35.23
2026-03-06 03:27:07,762 - INFO - Seed 65: 1499, Gain: 0.64, Total: 35.87
2026-03-06 03:27:18,730 - INFO - Seed 66: 1655, Gain: 0.38, Total: 36.25
2026-03-06 03:27:19,317 - INFO - Seed 67: 741, Gain: 0.24, Total: 36.49
2026-03-06 03:27:20,924 - INFO - Seed 68: 607, Gain: 0.36, Total: 36.85
2026-03-06 03:27:21,336 - INFO - Seed 69: 259, Gain: 0.88, Total: 37.73
2026-03-06 03:27:21,753 - INFO - Seed 70: 1147, Gain: 0.74, Total: 38.47
2026-03-06 03:27:22,980 - INFO - Seed 71: 593, Gain: 0.66, Total: 39.13
2026-03-06 03:27:32,193 - INFO - Seed 72: 290, Gain: 0.41, Total: 39.54
2026-03-06 03:27:33,102 - INFO - Seed 73: 43, Gain: 0.34, Total: 39.88
2026-03-06 03:27:33,792 - INFO - Seed 74: 1190, Gain: 0.78, Total: 40.66
2026-03-06 03:27:39,379 - INFO - Seed 75: 1418, Gain: 0.32, Total: 40.98
2026-03-06 03:27:40,256 - INFO - Seed 76: 38, Gain: 0.73, Total: 41.71
2026-03-06 03:27:41,279 - INFO - Seed 77: 88, Gain: 0.28, Total: 41.99
2026-03-06 03:27:43,014 - INFO - Seed 78: 309, Gain: 0.65, Total: 42.64
2026-03-06 03:27:44,512 - INFO - Seed 79: 618, Gain: 0.37, Total: 43.01
2026-03-06 03:27:45,029 - INFO - Seed 80: 704, Gain: 0.39, Total: 43.40
2026-03-06 03:27:45,565 - INFO - Seed 81: 1272, Gain: 0.37, Total: 43.77
2026-03-06 03:27:46,062 - INFO - Seed 82: 397, Gain: 0.91, Total: 44.68
2026-03-06 03:27:47,604 - INFO - Seed 83: 627, Gain: 0.35, Total: 45.03
2026-03-06 03:27:48,108 - INFO - Seed 84: 1315, Gain: 0.24, Total: 45.27
2026-03-06 03:27:48,385 - INFO - Seed 85: 1395, Gain: 0.25, Total: 45.52
2026-03-06 03:27:49,218 - INFO - Seed 86: 48, Gain: 0.80, Total: 46.32
2026-03-06 03:27:49,492 - INFO - Seed 87: 1647, Gain: 0.28, Total: 46.60
2026-03-06 03:27:49,751 - INFO - Seed 88: 1347, Gain: 0.44, Total: 47.04
2026-03-06 03:27:50,031 - INFO - Seed 89: 1473, Gain: 0.68, Total: 47.72
2026-03-06 03:27:50,586 - INFO - Seed 90: 1503, Gain: 0.24, Total: 47.96
2026-03-06 03:27:50,851 - INFO - Seed 91: 725, Gain: 1.21, Total: 49.17
2026-03-06 03:27:52,578 - INFO - Seed 92: 1527, Gain: 0.39, Total: 49.56
2026-03-06 03:27:54,326 - INFO - Seed 93: 1671, Gain: 0.77, Total: 50.33
2026-03-06 03:27:56,644 - INFO - Seed 94: 853, Gain: 0.64, Total: 50.97
2026-03-06 03:28:00,889 - INFO - Seed 95: 550, Gain: 0.30, Total: 51.27
2026-03-06 03:28:03,166 - INFO - Seed 96: 891, Gain: 0.23, Total: 51.50
2026-03-06 03:28:04,070 - INFO - Seed 97: 1709, Gain: 0.63, Total: 52.13
2026-03-06 03:28:06,538 - INFO - Seed 98: 1814, Gain: 0.23, Total: 52.36
2026-03-06 03:28:06,837 - INFO - Seed 99: 1811, Gain: 0.45, Total: 52.81
2026-03-06 03:28:07,127 - INFO - Seed 100: 1722, Gain: 1.18, Total: 53.99
2026-03-06 03:28:07,438 - INFO - Seed 101: 1163, Gain: 0.61, Total: 54.60
2026-03-06 03:28:07,741 - INFO - Seed 102: 868, Gain: 0.50, Total: 55.10
2026-03-06 03:28:27,307 - INFO - Seed 103: 1330, Gain: 0.24, Total: 55.34
2026-03-06 03:28:27,633 - INFO - Seed 104: 827, Gain: 0.48, Total: 55.82
2026-03-06 03:28:35,319 - INFO - Seed 105: 995, Gain: 0.24, Total: 56.06
2026-03-06 03:28:36,334 - INFO - Seed 106: 799, Gain: 0.31, Total: 56.37
2026-03-06 03:28:37,307 - INFO - Seed 107: 1438, Gain: 1.17, Total: 57.54
2026-03-06 03:28:40,305 - INFO - Seed 108: 314, Gain: 0.22, Total: 57.76
2026-03-06 03:28:41,662 - INFO - Seed 109: 1318, Gain: 0.72, Total: 58.48
2026-03-06 03:28:50,620 - INFO - Seed 110: 1345, Gain: 0.20, Total: 58.68
2026-03-06 03:28:50,950 - INFO - Seed 111: 1216, Gain: 0.54, Total: 59.22
2026-03-06 03:28:51,283 - INFO - Seed 112: 1786, Gain: 0.22, Total: 59.44
2026-03-06 03:28:51,998 - INFO - Seed 113: 1333, Gain: 0.57, Total: 60.01
2026-03-06 03:28:52,712 - INFO - Seed 114: 327, Gain: 0.58, Total: 60.59
2026-03-06 03:28:54,460 - INFO - Seed 115: 1956, Gain: 0.29, Total: 60.88
2026-03-06 03:28:55,165 - INFO - Seed 116: 1999, Gain: 0.53, Total: 61.41
2026-03-06 03:28:57,998 - INFO - Seed 117: 531, Gain: 0.35, Total: 61.76
2026-03-06 03:28:58,705 - INFO - Seed 118: 1749, Gain: 0.57, Total: 62.33
2026-03-06 03:29:03,547 - INFO - Seed 119: 63, Gain: 0.23, Total: 62.56
2026-03-06 03:29:04,579 - INFO - Seed 120: 1567, Gain: 0.42, Total: 62.98
2026-03-06 03:29:06,359 - INFO - Seed 121: 52, Gain: 0.68, Total: 63.66
2026-03-06 03:29:07,439 - INFO - Seed 122: 889, Gain: 0.63, Total: 64.29
2026-03-06 03:29:11,129 - INFO - Seed 123: 1695, Gain: 0.66, Total: 64.95
2026-03-06 03:29:18,120 - INFO - Seed 124: 26, Gain: 0.20, Total: 65.15
2026-03-06 03:29:19,982 - INFO - Seed 125: 873, Gain: 0.51, Total: 65.66
2026-03-06 03:29:20,720 - INFO - Seed 126: 818, Gain: 0.57, Total: 66.23
2026-03-06 03:29:21,440 - INFO - Seed 127: 284, Gain: 0.69, Total: 66.92
2026-03-06 03:29:21,812 - INFO - Seed 128: 30, Gain: 0.34, Total: 67.26
2026-03-06 03:29:22,923 - INFO - Seed 129: 1417, Gain: 0.41, Total: 67.67
2026-03-06 03:29:23,306 - INFO - Seed 130: 1334, Gain: 0.63, Total: 68.30
2026-03-06 03:29:25,900 - INFO - Seed 131: 582, Gain: 0.91, Total: 69.21
2026-03-06 03:29:26,268 - INFO - Seed 132: 1916, Gain: 0.29, Total: 69.50
2026-03-06 03:29:29,660 - INFO - Seed 133: 830, Gain: 0.45, Total: 69.95
2026-03-06 03:29:37,599 - INFO - Seed 134: 730, Gain: 0.31, Total: 70.26
2026-03-06 03:29:37,973 - INFO - Seed 135: 107, Gain: 0.27, Total: 70.53
2026-03-06 03:29:39,516 - INFO - Seed 136: 1346, Gain: 0.67, Total: 71.20
2026-03-06 03:29:49,865 - INFO - Seed 137: 913, Gain: 0.39, Total: 71.59
2026-03-06 03:29:50,649 - INFO - Seed 138: 346, Gain: 0.54, Total: 72.13
2026-03-06 03:29:51,829 - INFO - Seed 139: 1348, Gain: 0.33, Total: 72.46
2026-03-06 03:29:53,035 - INFO - Seed 140: 621, Gain: 0.16, Total: 72.62
2026-03-06 03:29:54,230 - INFO - Seed 141: 115, Gain: 0.22, Total: 72.84
2026-03-06 03:29:54,642 - INFO - Seed 142: 301, Gain: 1.18, Total: 74.02
2026-03-06 03:29:55,846 - INFO - Seed 143: 221, Gain: 0.40, Total: 74.42
2026-03-06 03:29:56,684 - INFO - Seed 144: 1877, Gain: 1.09, Total: 75.51
2026-03-06 03:29:57,489 - INFO - Seed 145: 1491, Gain: 0.17, Total: 75.68
2026-03-06 03:29:58,308 - INFO - Seed 146: 1127, Gain: 0.53, Total: 76.21
2026-03-06 03:29:59,557 - INFO - Seed 147: 251, Gain: 0.83, Total: 77.04
2026-03-06 03:30:06,662 - INFO - Seed 148: 1123, Gain: 0.14, Total: 77.18
2026-03-06 03:30:07,092 - INFO - Seed 149: 325, Gain: 0.38, Total: 77.56
2026-03-06 03:30:07,951 - INFO - Seed 150: 1050, Gain: 1.23, Total: 78.79
2026-03-06 03:30:12,217 - INFO - Seed 151: 1617, Gain: 0.29, Total: 79.08
2026-03-06 03:30:12,638 - INFO - Seed 152: 1152, Gain: 1.39, Total: 80.47
2026-03-06 03:33:41,770 - INFO - Seed 153: 812, Gain: 0.44, Total: 80.91
2026-03-06 03:35:01,839 - INFO - Seed 154: 151, Gain: 0.08, Total: 80.99
2026-03-06 03:35:13,296 - INFO - Seed 155: 1576, Gain: 0.11, Total: 81.10
2026-03-06 03:35:15,063 - INFO - Seed 156: 158, Gain: 0.45, Total: 81.55
2026-03-06 03:35:17,719 - INFO - Seed 157: 837, Gain: 0.93, Total: 82.48
2026-03-06 03:35:23,110 - INFO - Seed 158: 1183, Gain: 0.23, Total: 82.71
2026-03-06 03:35:24,919 - INFO - Seed 159: 1670, Gain: 0.58, Total: 83.29
2026-03-06 03:35:27,667 - INFO - Seed 160: 1497, Gain: 0.15, Total: 83.44
2026-03-06 03:35:28,126 - INFO - Seed 161: 1205, Gain: 0.47, Total: 83.91
2026-03-06 03:35:28,589 - INFO - Seed 162: 614, Gain: 0.18, Total: 84.09
2026-03-06 03:35:29,046 - INFO - Seed 163: 1433, Gain: 0.17, Total: 84.26
2026-03-06 03:35:29,514 - INFO - Seed 164: 687, Gain: 1.23, Total: 85.49
2026-03-06 03:35:37,516 - INFO - Seed 165: 1753, Gain: 0.05, Total: 85.54
2026-03-06 03:35:37,987 - INFO - Seed 166: 909, Gain: 0.86, Total: 86.40
2026-03-06 03:35:38,462 - INFO - Seed 167: 1834, Gain: 1.12, Total: 87.52
2026-03-06 03:35:39,880 - INFO - Seed 168: 1586, Gain: 0.11, Total: 87.63
2026-03-06 03:35:43,215 - INFO - Seed 169: 516, Gain: 0.08, Total: 87.71
2026-03-06 03:35:43,704 - INFO - Seed 170: 1227, Gain: 1.13, Total: 88.84
2026-03-06 03:35:53,529 - INFO - Seed 171: 4, Gain: 0.21, Total: 89.05
2026-03-06 03:35:54,024 - INFO - Seed 172: 1865, Gain: 0.33, Total: 89.38
2026-03-06 03:35:54,516 - INFO - Seed 173: 1835, Gain: 0.43, Total: 89.81
2026-03-06 03:35:55,524 - INFO - Seed 174: 265, Gain: 0.03, Total: 89.84
2026-03-06 03:35:56,051 - INFO - Seed 175: 871, Gain: 0.69, Total: 90.53
2026-03-06 03:35:56,567 - INFO - Seed 176: 1106, Gain: 1.14, Total: 91.67
2026-03-06 03:36:00,280 - INFO - Seed 177: 1498, Gain: 0.53, Total: 92.20
2026-03-06 03:36:00,821 - INFO - Seed 178: 1164, Gain: 0.58, Total: 92.78
2026-03-06 03:36:03,509 - INFO - Seed 179: 589, Gain: 0.06, Total: 92.84
2026-03-06 03:36:04,535 - INFO - Seed 180: 1679, Gain: 0.43, Total: 93.27
2026-03-06 03:36:05,043 - INFO - Seed 181: 496, Gain: 0.52, Total: 93.79
2026-03-06 03:36:05,554 - INFO - Seed 182: 331, Gain: 0.01, Total: 93.80
2026-03-06 03:36:06,590 - INFO - Seed 183: 1135, Gain: 0.43, Total: 94.23
2026-03-06 03:36:07,094 - INFO - Seed 184: 1945, Gain: 0.73, Total: 94.96
2026-03-06 03:36:09,187 - INFO - Seed 185: 66, Gain: 0.35, Total: 95.31
2026-03-06 03:36:10,802 - INFO - Seed 186: 685, Gain: 0.44, Total: 95.75
2026-03-06 03:36:12,949 - INFO - Seed 187: 1510, Gain: 0.05, Total: 95.80
2026-03-06 03:36:13,479 - INFO - Seed 188: 495, Gain: 1.33, Total: 97.13
2026-03-06 03:36:14,634 - INFO - Seed 189: 1439, Gain: 0.04, Total: 97.17
2026-03-06 03:36:16,932 - INFO - Seed 190: 733, Gain: 0.02, Total: 97.19
2026-03-06 03:36:18,091 - INFO - Seed 191: 1867, Gain: 0.18, Total: 97.37
2026-03-06 03:36:18,687 - INFO - Seed 192: 1558, Gain: 0.57, Total: 97.94
2026-03-06 03:36:19,266 - INFO - Seed 193: 1799, Gain: 2.14, Total: 100.08
2026-03-06 03:36:21,034 - INFO - Seed 194: 1122, Gain: 0.41, Total: 100.49
2026-03-06 03:36:26,169 - INFO - Seed 195: 720, Gain: 0.17, Total: 100.66
2026-03-06 03:36:31,654 - INFO - Seed 196: 1219, Gain: -0.03, Total: 100.63
2026-03-06 03:36:32,196 - INFO - Seed 197: 1570, Gain: 0.27, Total: 100.90
2026-03-06 03:36:32,747 - INFO - Seed 198: 1105, Gain: 0.81, Total: 101.71
2026-03-06 03:36:33,859 - INFO - Seed 199: 1460, Gain: 1.20, Total: 102.91
2026-03-06 03:36:36,641 - INFO - Seed 200: 1480, Gain: 0.92, Total: 103.83
2026-03-06 03:36:52,941 - INFO - Seed 201: 1117, Gain: -0.07, Total: 103.76
2026-03-06 03:36:56,351 - INFO - Seed 202: 784, Gain: -0.05, Total: 103.71
2026-03-06 03:36:58,054 - INFO - Seed 203: 1515, Gain: 0.18, Total: 103.89
2026-03-06 03:36:58,622 - INFO - Seed 204: 515, Gain: 0.94, Total: 104.83
2026-03-06 03:36:59,213 - INFO - Seed 205: 166, Gain: 0.72, Total: 105.55
2026-03-06 03:37:00,355 - INFO - Seed 206: 1195, Gain: -0.01, Total: 105.54
2026-03-06 03:37:01,512 - INFO - Seed 207: 934, Gain: 1.46, Total: 107.00
2026-03-06 03:37:06,207 - INFO - Seed 208: 273, Gain: 0.32, Total: 107.32
2026-03-06 03:37:07,366 - INFO - Seed 209: 1717, Gain: 0.26, Total: 107.58
2026-03-06 03:37:09,750 - INFO - Seed 210: 776, Gain: 1.16, Total: 108.74
2026-03-06 03:37:12,683 - INFO - Seed 211: 1644, Gain: 0.24, Total: 108.98
2026-03-06 03:37:13,261 - INFO - Seed 212: 11, Gain: 0.82, Total: 109.80
2026-03-06 03:37:17,436 - INFO - Seed 213: 456, Gain: 0.24, Total: 110.04
2026-03-06 03:37:19,234 - INFO - Seed 214: 1000, Gain: 0.73, Total: 110.77
2026-03-06 03:37:22,228 - INFO - Seed 215: 460, Gain: -0.03, Total: 110.74
2026-03-06 03:37:22,839 - INFO - Seed 216: 1893, Gain: 0.07, Total: 110.81
2026-03-06 03:37:24,672 - INFO - Seed 217: 1032, Gain: 0.64, Total: 111.45
2026-03-06 03:37:25,275 - INFO - Seed 218: 572, Gain: 0.61, Total: 112.06
2026-03-06 03:37:26,487 - INFO - Seed 219: 1327, Gain: 0.48, Total: 112.54
2026-03-06 03:37:27,108 - INFO - Seed 220: 1344, Gain: 0.33, Total: 112.87
2026-03-06 03:37:29,590 - INFO - Seed 221: 1725, Gain: 0.39, Total: 113.26
2026-03-06 03:37:30,205 - INFO - Seed 222: 252, Gain: 0.99, Total: 114.25
2026-03-06 03:37:30,833 - INFO - Seed 223: 172, Gain: 0.17, Total: 114.42
2026-03-06 03:37:31,457 - INFO - Seed 224: 154, Gain: 1.33, Total: 115.75
2026-03-06 03:37:35,258 - INFO - Seed 225: 1020, Gain: 0.00, Total: 115.75
2026-03-06 03:37:37,130 - INFO - Seed 226: 1595, Gain: 0.32, Total: 116.07
2026-03-06 03:37:38,399 - INFO - Seed 227: 599, Gain: 0.12, Total: 116.19
2026-03-06 03:37:39,034 - INFO - Seed 228: 334, Gain: 0.90, Total: 117.09
2026-03-06 03:37:43,510 - INFO - Seed 229: 1435, Gain: 0.79, Total: 117.88
2026-03-06 03:37:44,822 - INFO - Seed 230: 1608, Gain: 0.15, Total: 118.03
2026-03-06 03:37:46,768 - INFO - Seed 231: 1040, Gain: 0.13, Total: 118.16
2026-03-06 03:37:47,401 - INFO - Seed 232: 111, Gain: 0.76, Total: 118.92
2026-03-06 03:37:49,377 - INFO - Seed 233: 473, Gain: -0.01, Total: 118.91
2026-03-06 03:37:50,048 - INFO - Seed 234: 1824, Gain: 0.73, Total: 119.64
2026-03-06 03:37:50,704 - INFO - Seed 235: 736, Gain: 0.28, Total: 119.92
2026-03-06 03:37:51,344 - INFO - Seed 236: 1101, Gain: 0.91, Total: 120.83
2026-03-06 03:37:54,680 - INFO - Seed 237: 1521, Gain: -0.11, Total: 120.72
2026-03-06 03:37:56,007 - INFO - Seed 238: 783, Gain: 1.47, Total: 122.19
2026-03-06 03:37:57,350 - INFO - Seed 239: 12, Gain: 0.61, Total: 122.80
2026-03-06 03:38:04,103 - INFO - Seed 240: 602, Gain: 0.69, Total: 123.49
2026-03-06 03:38:05,466 - INFO - Seed 241: 180, Gain: 0.23, Total: 123.72
2026-03-06 03:38:06,808 - INFO - Seed 242: 1525, Gain: 0.09, Total: 123.81
2026-03-06 03:38:08,171 - INFO - Seed 243: 1526, Gain: 0.86, Total: 124.67
2026-03-06 03:38:09,550 - INFO - Seed 244: 440, Gain: 0.40, Total: 125.07
2026-03-06 03:38:12,300 - INFO - Seed 245: 1532, Gain: 0.96, Total: 126.03
2026-03-06 03:38:12,984 - INFO - Seed 246: 1193, Gain: 0.23, Total: 126.26
2026-03-06 03:38:14,364 - INFO - Seed 247: 1871, Gain: 1.29, Total: 127.55
2026-03-06 03:38:32,275 - INFO - Seed 248: 339, Gain: 0.22, Total: 127.77
2026-03-06 03:38:37,161 - INFO - Seed 249: 1668, Gain: 0.23, Total: 128.00
2026-03-06 03:38:41,344 - INFO - Seed 250: 757, Gain: 0.09, Total: 128.09
2026-03-06 03:38:44,103 - INFO - Seed 251: 242, Gain: 1.62, Total: 129.71
2026-03-06 03:38:57,475 - INFO - Seed 252: 1170, Gain: -0.08, Total: 129.63
2026-03-06 03:39:04,576 - INFO - Seed 253: 1353, Gain: 0.73, Total: 130.36
2026-03-06 03:39:05,277 - INFO - Seed 254: 442, Gain: 0.26, Total: 130.62
2026-03-06 03:39:08,839 - INFO - Seed 255: 1848, Gain: 0.06, Total: 130.68
2026-03-06 03:39:10,266 - INFO - Seed 256: 1622, Gain: 0.62, Total: 131.30
2026-03-06 03:39:11,684 - INFO - Seed 257: 504, Gain: 0.19, Total: 131.49
2026-03-06 03:39:12,387 - INFO - Seed 258: 1036, Gain: 0.04, Total: 131.53
2026-03-06 03:39:13,115 - INFO - Seed 259: 1898, Gain: 1.24, Total: 132.77
2026-03-06 03:39:15,308 - INFO - Seed 260: 1150, Gain: 0.58, Total: 133.35
2026-03-06 03:39:18,918 - INFO - Seed 261: 349, Gain: 0.18, Total: 133.53
2026-03-06 03:39:19,656 - INFO - Seed 262: 21, Gain: 0.25, Total: 133.78
2026-03-06 03:39:20,385 - INFO - Seed 263: 1178, Gain: 1.05, Total: 134.83
2026-03-06 03:39:21,111 - INFO - Seed 264: 1214, Gain: 0.70, Total: 135.53
2026-03-06 03:39:21,866 - INFO - Seed 265: 84, Gain: 0.86, Total: 136.39
2026-03-06 03:39:25,889 - INFO - Seed 266: 49, Gain: 0.77, Total: 137.16
2026-03-06 03:39:42,251 - INFO - Seed 267: 622, Gain: -0.14, Total: 137.02
2026-03-06 03:39:45,218 - INFO - Seed 268: 1245, Gain: 0.42, Total: 137.44
2026-03-06 03:39:45,957 - INFO - Seed 269: 286, Gain: 0.51, Total: 137.95
2026-03-06 03:39:46,695 - INFO - Seed 270: 347, Gain: 0.58, Total: 138.53
2026-03-06 03:39:47,439 - INFO - Seed 271: 1606, Gain: 0.64, Total: 139.17
2026-03-06 03:39:48,180 - INFO - Seed 272: 1254, Gain: 0.32, Total: 139.49
2026-03-06 03:39:48,962 - INFO - Seed 273: 134, Gain: -0.05, Total: 139.44
2026-03-06 03:39:50,466 - INFO - Seed 274: 358, Gain: 1.88, Total: 141.32
2026-03-06 03:40:05,758 - INFO - Seed 275: 642, Gain: 0.17, Total: 141.49
2026-03-06 03:40:08,072 - INFO - Seed 276: 1989, Gain: 0.18, Total: 141.67
2026-03-06 03:40:14,966 - INFO - Seed 277: 1362, Gain: -0.05, Total: 141.62
2026-03-06 03:40:17,268 - INFO - Seed 278: 1629, Gain: 0.58, Total: 142.20
2026-03-06 03:40:21,125 - INFO - Seed 279: 514, Gain: 0.08, Total: 142.28
2026-03-06 03:40:23,437 - INFO - Seed 280: 1390, Gain: 0.20, Total: 142.48
2026-03-06 03:40:24,216 - INFO - Seed 281: 745, Gain: 0.66, Total: 143.14
2026-03-06 03:40:25,010 - INFO - Seed 282: 114, Gain: 0.28, Total: 143.42
2026-03-06 03:40:25,799 - INFO - Seed 283: 650, Gain: 0.59, Total: 144.01
2026-03-06 03:40:26,565 - INFO - Seed 284: 1821, Gain: 0.79, Total: 144.80
2026-03-06 03:40:32,865 - INFO - Seed 285: 1610, Gain: 0.11, Total: 144.91
2026-03-06 03:40:33,667 - INFO - Seed 286: 1066, Gain: 0.35, Total: 145.26
2026-03-06 03:40:34,458 - INFO - Seed 287: 263, Gain: -0.04, Total: 145.22
2026-03-06 03:40:35,253 - INFO - Seed 288: 1782, Gain: 1.47, Total: 146.69
2026-03-06 03:40:36,861 - INFO - Seed 289: 936, Gain: 0.31, Total: 147.00
2026-03-06 03:40:37,668 - INFO - Seed 290: 555, Gain: 0.24, Total: 147.24
2026-03-06 03:40:38,477 - INFO - Seed 291: 1729, Gain: 0.43, Total: 147.67
2026-03-06 03:40:39,276 - INFO - Seed 292: 45, Gain: 0.82, Total: 148.49
2026-03-06 03:40:40,091 - INFO - Seed 293: 60, Gain: 0.42, Total: 148.91
2026-03-06 03:40:40,893 - INFO - Seed 294: 1577, Gain: -0.13, Total: 148.78
2026-03-06 03:40:41,702 - INFO - Seed 295: 1686, Gain: 0.95, Total: 149.73
2026-03-06 03:40:42,533 - INFO - Seed 296: 1720, Gain: 0.63, Total: 150.36
2026-03-06 03:40:43,348 - INFO - Seed 297: 1275, Gain: -0.14, Total: 150.22
2026-03-06 03:40:44,185 - INFO - Seed 298: 1124, Gain: 1.24, Total: 151.46
2026-03-06 03:40:45,834 - INFO - Seed 299: 1889, Gain: -0.21, Total: 151.25
2026-03-06 03:40:46,673 - INFO - Seed 300: 1306, Gain: 0.18, Total: 151.43
2026-03-06 03:40:46,673 - INFO - CELF 完成，总耗时: 961.15s
2026-03-06 03:40:46,673 - INFO - 当前用时 961.15 秒
2026-03-06 03:40:46,674 - INFO - 将种子集 写入位置: /home/wen/work/coup_spread/2-genius_graph_2000/2026-3-6-report-2/seeds-with-2-genius_graph_2000/random_monterCarlo_CELF_seedNum-300_SSRNum-50000.txt
2026-03-06 03:40:46,676 - INFO - 评估种子集: None
2026-03-06 03:40:46,676 - INFO - 多进程评估开始，共有 7 个方法待评估...
2026-03-06 03:40:46,676 - INFO - 启动进程池，Worker数量: 7
2026-03-06 03:40:47,120 - INFO - [Process 585954] 开始评估方法: random, 种子数: 300
2026-03-06 03:40:47,230 - INFO - [Process 585955] 开始评估方法: degreeTopM, 种子数: 300
2026-03-06 03:40:47,396 - INFO - [Process 585956] 开始评估方法: pageRank, 种子数: 300
2026-03-06 03:40:47,588 - INFO - [Process 585957] 开始评估方法: alpha_sort, 种子数: 300
2026-03-06 03:40:47,751 - INFO - [Process 585958] 开始评估方法: ris_optimized, 种子数: 300
2026-03-06 03:40:47,894 - INFO - [Process 585959] 开始评估方法: ris_naive, 种子数: 300
2026-03-06 03:40:48,062 - INFO - [Process 585960] 开始评估方法: monterCarlo_CELF, 种子数: 300
2026-03-06 03:40:50,798 - INFO - [degreeTopM - 种子:300] 拉新:123.0人 | 总销量:128.4单 | 品牌曝光:506.5次 | 🌟综合得分:176.3
2026-03-06 03:40:50,949 - INFO - [pageRank - 种子:300] 拉新:123.2人 | 总销量:128.8单 | 品牌曝光:507.9次 | 🌟综合得分:176.8
2026-03-06 03:40:51,016 - INFO - [random - 种子:300] 拉新:147.4人 | 总销量:150.6单 | 品牌曝光:531.4次 | 🌟综合得分:202.1
2026-03-06 03:40:51,079 - INFO - [alpha_sort - 种子:300] 拉新:160.3人 | 总销量:165.4单 | 品牌曝光:491.6次 | 🌟综合得分:212.0
2026-03-06 03:40:52,034 - INFO - [ris_optimized - 种子:300] 拉新:156.7人 | 总销量:161.2单 | 品牌曝光:559.8次 | 🌟综合得分:214.9
2026-03-06 03:40:52,162 - INFO - [ris_naive - 种子:300] 拉新:155.7人 | 总销量:159.8单 | 品牌曝光:549.2次 | 🌟综合得分:212.7
2026-03-06 03:40:52,254 - INFO - [monterCarlo_CELF - 种子:300] 拉新:151.4人 | 总销量:155.7单 | 品牌曝光:542.7次 | 🌟综合得分:207.8
2026-03-06 03:40:52,303 - INFO - 所有进程执行完毕，开始写入数据...
2026-03-06 03:40:52,328 - INFO - 成功写入 7 条记录至 /home/wen/work/coup_spread/gzc-impl/results/2-genius_graph_2000/2026-3-6-report-2/random_SSRNum-50000-_seedNum-300_simuTimes-500.csv
2026-03-06 03:40:52,328 - INFO - 保存评估文件至: /home/wen/work/coup_spread/gzc-impl/results/2-genius_graph_2000/2026-3-6-report-2/random_SSRNum-50000-_seedNum-300_simuTimes-500.csv
