2026-01-07 17:05:33,630 - INFO - 加载数据集: network.netfacebookego
2026-01-07 17:05:33,631 - INFO - --- 矩阵分析 ---
2026-01-07 17:05:33,631 - INFO - 节点数 (N): 2888
2026-01-07 17:05:33,631 - INFO - 边数 (E): 5962
2026-01-07 17:05:33,631 - INFO - 密度 (Density): 0.00071482 (越小越稀疏)
2026-01-07 17:05:33,631 - INFO - 稀疏度 (Sparsity): 0.99928518 (越接近1越稀疏)
2026-01-07 17:05:33,631 - INFO - 平均度数 (Avg Degree): 2.06
2026-01-07 17:05:33,632 - INFO - 首次生成度相关概率分布 分布类型: 'random'.
2026-01-07 17:05:33,632 - INFO - ===> Generating 'Dirichlet' with Degree Bias...
2026-01-07 17:05:33,632 - INFO -      Alpha: [400, 100, 500]
2026-01-07 17:05:33,632 - INFO -      Factors -> Succ: 0.0, Dis: 0.0, Tran: 0.0
2026-01-07 17:05:33,634 - INFO - --- check node (Max Degree=769.0) ---
2026-01-07 17:05:33,634 - INFO -     Base Prob: [0.41500203 0.09418594 0.49081203]
2026-01-07 17:05:33,634 - INFO -     Final Prob: Succ=0.4150, Dis=0.0942, Tran=0.4908
2026-01-07 17:05:33,634 - INFO - 保存概率分布 文件位置: /root/pythonspace/data-test/network.netfacebookego/2026-1-9-new3/distribution-in-network.netfacebookego/distribution-random_seedNum-100.pkl
2026-01-07 17:05:33,647 - INFO - 首次生成种子集 random
2026-01-07 17:05:33,647 - INFO - 执行当前算法开始: random
2026-01-07 17:05:33,647 - INFO - 数据集节点总数:  n = 2888, m = 100
2026-01-07 17:05:33,647 - INFO - 选择 100  [608, 1429, 2513, 1111, 2700, 2679, 2882, 815, 2756, 126, 2558, 172, 2845, 1036, 2408, 2287, 2816, 2439, 640, 2039, 233, 2636, 211, 1409, 2431, 2230, 1962, 914, 2000, 1561, 2093, 413, 1974, 2695, 2651, 2390, 365, 894, 622, 1496, 1033, 1839, 1613, 2084, 973, 1502, 2765, 854, 803, 82, 52, 124, 2720, 1831, 1102, 1619, 1722, 728, 2483, 1140, 2575, 1492, 353, 2075, 2117, 534, 548, 711, 2087, 2510, 1040, 1652, 745, 1827, 489, 2495, 1871, 1920, 1320, 951, 725, 2723, 1517, 1130, 802, 1856, 2680, 364, 2805, 614, 888, 2770, 2207, 543, 205, 706, 2488, 403, 1541, 2191]

2026-01-07 17:05:33,647 - INFO - 当前用时 0.00 秒
2026-01-07 17:05:33,647 - INFO - 将种子集 写入位置: /root/pythonspace/data-test/network.netfacebookego/2026-1-9-new3/seeds-with-network.netfacebookego/random_random_seedNum-100_SSRNum-100000.txt
2026-01-07 17:05:33,647 - INFO - 首次生成种子集 degreeTopM
2026-01-07 17:05:33,647 - INFO - 执行当前算法开始: degreeTopM
2026-01-07 17:05:33,647 - INFO - 依据: 选择连接数（度数）最多的节点。
2026-01-07 17:05:33,648 - INFO - 选择的 Top M 节点及其度数:
2026-01-07 17:05:33,648 - INFO - 
2026-01-07 17:05:33,648 - INFO - 当前用时 0.00 秒
2026-01-07 17:05:33,648 - INFO - 将种子集 写入位置: /root/pythonspace/data-test/network.netfacebookego/2026-1-9-new3/seeds-with-network.netfacebookego/random_degreeTopM_seedNum-100_SSRNum-100000.txt
2026-01-07 17:05:33,648 - INFO - 首次生成种子集 pageRank
2026-01-07 17:05:33,648 - INFO - 执行当前算法开始: pageRank
2026-01-07 17:05:33,648 - INFO - --- Running: PageRank (on tranProMatrix) Top M ---
2026-01-07 17:05:33,796 - INFO - Selected PageRank seeds: [602, 1524, 287, 0, 709, 2686, 713, 2231, 2535, 2698, 246, 715, 718, 70, 710, 719, 34, 68, 334, 468, 492, 509, 525, 583, 593, 623, 638, 763, 89, 216, 2593, 711, 712, 714, 716, 717, 1523, 720, 721, 2697, 2708, 2713, 2719, 2729, 2745, 2747, 2753, 2772, 2774, 2776, 2800, 2803, 2804, 2805, 2810, 2823, 2825, 2828, 2830, 2840, 2856, 2347, 2350, 2351, 2353, 2355, 2365, 2368, 2369, 2374, 2385, 2393, 2394, 2398, 2401, 2404, 2406, 2408, 2430, 2433, 2443, 2451, 2460, 2464, 2468, 2474, 2481, 2482, 2483, 2491, 2508, 2510, 2517, 2520, 2522, 2523, 2525, 2529, 2536, 2537]
2026-01-07 17:05:33,797 - INFO - 当前用时 0.15 秒
2026-01-07 17:05:33,798 - INFO - 将种子集 写入位置: /root/pythonspace/data-test/network.netfacebookego/2026-1-9-new3/seeds-with-network.netfacebookego/random_pageRank_seedNum-100_SSRNum-100000.txt
2026-01-07 17:05:33,798 - INFO - 首次生成种子集 alpha_sort
2026-01-07 17:05:33,798 - INFO - 执行当前算法开始: alpha_sort
2026-01-07 17:05:33,800 - INFO - 2888 个节点的alpha值降序排序 done
2026-01-07 17:05:33,800 - INFO - ==============>> [(451, 0.4590958036579049), (1150, 0.4486404160055463), (1517, 0.448313031021299), (2077, 0.44774910864170575), (90, 0.44764110028696896), (716, 0.4469571534566024), (2569, 0.4459518786083255), (1631, 0.44579499773563175), (1825, 0.44531348691931205), (1978, 0.4439338529270298)]
2026-01-07 17:05:33,800 - INFO - 
选择的种子集 (按alpha排序): [451, 1150, 1517, 2077, 90, 716, 2569, 1631, 1825, 1978, 1541, 180, 1431, 2858, 792, 2381, 1794, 2140, 1967, 2123, 608, 2336, 949, 2611, 2678, 2081, 1759, 552, 2634, 2030, 2075, 663, 2051, 543, 2379, 2657, 2209, 436, 1211, 1156, 2193, 2027, 1216, 1946, 178, 1954, 2450, 2061, 2132, 1337, 218, 2307, 1414, 1417, 1656, 1142, 2546, 2045, 1358, 542, 51, 242, 2861, 304, 167, 535, 1976, 1410, 452, 2877, 2872, 59, 2371, 1538, 1864, 2237, 1340, 2648, 729, 2775, 854, 1310, 1062, 384, 2585, 1565, 1338, 1783, 173, 2361, 812, 992, 2584, 1192, 2070, 613, 2673, 1459, 1684, 959]

2026-01-07 17:05:33,800 - INFO - 当前用时 0.00 秒
2026-01-07 17:05:33,800 - INFO - 将种子集 写入位置: /root/pythonspace/data-test/network.netfacebookego/2026-1-9-new3/seeds-with-network.netfacebookego/random_alpha_sort_seedNum-100_SSRNum-100000.txt
2026-01-07 17:05:33,801 - INFO - 首次生成种子集 ris_coverage
2026-01-07 17:05:33,801 - INFO - 执行当前算法开始: ris_coverage
2026-01-07 17:05:33,884 - INFO - 图初始化完成，节点数: 2888，CSR 矩阵准备就绪。
2026-01-07 17:05:33,884 - INFO - 
开始生成 100000 组 SSR (并行进程: 8)...
2026-01-07 17:05:56,200 - INFO - 生成完毕。耗时: 22.32 秒。
2026-01-07 17:05:56,202 - INFO - 
开始选择最优种子 (Optimized Greedy) ...
2026-01-07 17:06:07,909 - INFO -   - 券 1/100 选中节点 2878, 新增覆盖 72
2026-01-07 17:06:07,921 - INFO -   - 券 2/100 选中节点 2323, 新增覆盖 65
2026-01-07 17:06:07,935 - INFO -   - 券 3/100 选中节点 746, 新增覆盖 65
2026-01-07 17:06:07,950 - INFO -   - 券 4/100 选中节点 2540, 新增覆盖 59
2026-01-07 17:06:07,966 - INFO -   - 券 5/100 选中节点 2475, 新增覆盖 68
2026-01-07 17:06:07,984 - INFO -   - 券 6/100 选中节点 2703, 新增覆盖 57
2026-01-07 17:06:08,004 - INFO -   - 券 7/100 选中节点 173, 新增覆盖 59
2026-01-07 17:06:08,030 - INFO -   - 券 8/100 选中节点 1743, 新增覆盖 53
2026-01-07 17:06:08,052 - INFO -   - 券 9/100 选中节点 1266, 新增覆盖 59
2026-01-07 17:06:08,074 - INFO -   - 券 10/100 选中节点 2806, 新增覆盖 57
2026-01-07 17:06:08,098 - INFO -   - 券 11/100 选中节点 2644, 新增覆盖 63
2026-01-07 17:06:08,127 - INFO -   - 券 12/100 选中节点 2804, 新增覆盖 55
2026-01-07 17:06:08,154 - INFO -   - 券 13/100 选中节点 329, 新增覆盖 59
2026-01-07 17:06:08,190 - INFO -   - 券 14/100 选中节点 2562, 新增覆盖 56
2026-01-07 17:06:08,222 - INFO -   - 券 15/100 选中节点 2092, 新增覆盖 48
2026-01-07 17:06:08,254 - INFO -   - 券 16/100 选中节点 2671, 新增覆盖 49
2026-01-07 17:06:08,286 - INFO -   - 券 17/100 选中节点 365, 新增覆盖 53
2026-01-07 17:06:08,327 - INFO -   - 券 18/100 选中节点 500, 新增覆盖 46
2026-01-07 17:06:08,369 - INFO -   - 券 19/100 选中节点 64, 新增覆盖 52
2026-01-07 17:06:08,404 - INFO -   - 券 20/100 选中节点 2454, 新增覆盖 53
2026-01-07 17:06:08,443 - INFO -   - 券 21/100 选中节点 2600, 新增覆盖 55
2026-01-07 17:06:08,494 - INFO -   - 券 22/100 选中节点 1977, 新增覆盖 54
2026-01-07 17:06:08,537 - INFO -   - 券 23/100 选中节点 2542, 新增覆盖 53
2026-01-07 17:06:08,579 - INFO -   - 券 24/100 选中节点 2288, 新增覆盖 48
2026-01-07 17:06:08,632 - INFO -   - 券 25/100 选中节点 2647, 新增覆盖 51
2026-01-07 17:06:08,681 - INFO -   - 券 26/100 选中节点 1954, 新增覆盖 51
2026-01-07 17:06:08,732 - INFO -   - 券 27/100 选中节点 2244, 新增覆盖 53
2026-01-07 17:06:08,795 - INFO -   - 券 28/100 选中节点 1726, 新增覆盖 51
2026-01-07 17:06:08,853 - INFO -   - 券 29/100 选中节点 1183, 新增覆盖 53
2026-01-07 17:06:08,916 - INFO -   - 券 30/100 选中节点 292, 新增覆盖 54
2026-01-07 17:06:08,981 - INFO -   - 券 31/100 选中节点 2854, 新增覆盖 50
2026-01-07 17:06:09,042 - INFO -   - 券 32/100 选中节点 1671, 新增覆盖 46
2026-01-07 17:06:09,101 - INFO -   - 券 33/100 选中节点 308, 新增覆盖 53
2026-01-07 17:06:09,162 - INFO -   - 券 34/100 选中节点 2333, 新增覆盖 52
2026-01-07 17:06:09,221 - INFO -   - 券 35/100 选中节点 300, 新增覆盖 46
2026-01-07 17:06:09,286 - INFO -   - 券 36/100 选中节点 38, 新增覆盖 46
2026-01-07 17:06:09,350 - INFO -   - 券 37/100 选中节点 1580, 新增覆盖 47
2026-01-07 17:06:09,417 - INFO -   - 券 38/100 选中节点 126, 新增覆盖 50
2026-01-07 17:06:09,484 - INFO -   - 券 39/100 选中节点 619, 新增覆盖 48
2026-01-07 17:06:09,549 - INFO -   - 券 40/100 选中节点 334, 新增覆盖 41
2026-01-07 17:06:09,624 - INFO -   - 券 41/100 选中节点 848, 新增覆盖 49
2026-01-07 17:06:09,695 - INFO -   - 券 42/100 选中节点 305, 新增覆盖 49
2026-01-07 17:06:09,780 - INFO -   - 券 43/100 选中节点 2471, 新增覆盖 50
2026-01-07 17:06:09,867 - INFO -   - 券 44/100 选中节点 686, 新增覆盖 49
2026-01-07 17:06:09,953 - INFO -   - 券 45/100 选中节点 1760, 新增覆盖 48
2026-01-07 17:06:10,049 - INFO -   - 券 46/100 选中节点 2628, 新增覆盖 46
2026-01-07 17:06:10,130 - INFO -   - 券 47/100 选中节点 1192, 新增覆盖 55
2026-01-07 17:06:10,224 - INFO -   - 券 48/100 选中节点 932, 新增覆盖 44
2026-01-07 17:06:10,313 - INFO -   - 券 49/100 选中节点 1514, 新增覆盖 47
2026-01-07 17:06:10,396 - INFO -   - 券 50/100 选中节点 248, 新增覆盖 41
2026-01-07 17:06:10,484 - INFO -   - 券 51/100 选中节点 2869, 新增覆盖 48
2026-01-07 17:06:10,574 - INFO -   - 券 52/100 选中节点 1729, 新增覆盖 46
2026-01-07 17:06:10,667 - INFO -   - 券 53/100 选中节点 2441, 新增覆盖 49
2026-01-07 17:06:10,766 - INFO -   - 券 54/100 选中节点 2755, 新增覆盖 46
2026-01-07 17:06:10,867 - INFO -   - 券 55/100 选中节点 2551, 新增覆盖 45
2026-01-07 17:06:10,964 - INFO -   - 券 56/100 选中节点 2303, 新增覆盖 44
2026-01-07 17:06:11,069 - INFO -   - 券 57/100 选中节点 2009, 新增覆盖 48
2026-01-07 17:06:11,163 - INFO -   - 券 58/100 选中节点 2060, 新增覆盖 47
2026-01-07 17:06:11,270 - INFO -   - 券 59/100 选中节点 710, 新增覆盖 43
2026-01-07 17:06:11,371 - INFO -   - 券 60/100 选中节点 2721, 新增覆盖 46
2026-01-07 17:06:11,466 - INFO -   - 券 61/100 选中节点 2385, 新增覆盖 43
2026-01-07 17:06:11,569 - INFO -   - 券 62/100 选中节点 2567, 新增覆盖 44
2026-01-07 17:06:11,674 - INFO -   - 券 63/100 选中节点 861, 新增覆盖 46
2026-01-07 17:06:11,796 - INFO -   - 券 64/100 选中节点 702, 新增覆盖 46
2026-01-07 17:06:11,916 - INFO -   - 券 65/100 选中节点 298, 新增覆盖 44
2026-01-07 17:06:12,044 - INFO -   - 券 66/100 选中节点 345, 新增覆盖 46
2026-01-07 17:06:12,159 - INFO -   - 券 67/100 选中节点 2489, 新增覆盖 47
2026-01-07 17:06:12,287 - INFO -   - 券 68/100 选中节点 1023, 新增覆盖 42
2026-01-07 17:06:12,402 - INFO -   - 券 69/100 选中节点 396, 新增覆盖 44
2026-01-07 17:06:12,523 - INFO -   - 券 70/100 选中节点 250, 新增覆盖 46
2026-01-07 17:06:12,641 - INFO -   - 券 71/100 选中节点 2583, 新增覆盖 42
2026-01-07 17:06:12,764 - INFO -   - 券 72/100 选中节点 725, 新增覆盖 44
2026-01-07 17:06:12,896 - INFO -   - 券 73/100 选中节点 820, 新增覆盖 44
2026-01-07 17:06:13,032 - INFO -   - 券 74/100 选中节点 224, 新增覆盖 43
2026-01-07 17:06:13,151 - INFO -   - 券 75/100 选中节点 2632, 新增覆盖 46
2026-01-07 17:06:13,289 - INFO -   - 券 76/100 选中节点 541, 新增覆盖 46
2026-01-07 17:06:13,419 - INFO -   - 券 77/100 选中节点 1532, 新增覆盖 44
2026-01-07 17:06:13,559 - INFO -   - 券 78/100 选中节点 275, 新增覆盖 46
2026-01-07 17:06:13,692 - INFO -   - 券 79/100 选中节点 896, 新增覆盖 47
2026-01-07 17:06:13,834 - INFO -   - 券 80/100 选中节点 2253, 新增覆盖 44
2026-01-07 17:06:13,990 - INFO -   - 券 81/100 选中节点 141, 新增覆盖 46
2026-01-07 17:06:14,141 - INFO -   - 券 82/100 选中节点 241, 新增覆盖 47
2026-01-07 17:06:14,284 - INFO -   - 券 83/100 选中节点 1405, 新增覆盖 44
2026-01-07 17:06:14,421 - INFO -   - 券 84/100 选中节点 2595, 新增覆盖 43
2026-01-07 17:06:14,570 - INFO -   - 券 85/100 选中节点 2813, 新增覆盖 47
2026-01-07 17:06:14,714 - INFO -   - 券 86/100 选中节点 1496, 新增覆盖 44
2026-01-07 17:06:14,878 - INFO -   - 券 87/100 选中节点 2880, 新增覆盖 46
2026-01-07 17:06:15,037 - INFO -   - 券 88/100 选中节点 712, 新增覆盖 41
2026-01-07 17:06:15,184 - INFO -   - 券 89/100 选中节点 1739, 新增覆盖 41
2026-01-07 17:06:15,333 - INFO -   - 券 90/100 选中节点 2870, 新增覆盖 45
2026-01-07 17:06:15,485 - INFO -   - 券 91/100 选中节点 2867, 新增覆盖 45
2026-01-07 17:06:15,636 - INFO -   - 券 92/100 选中节点 234, 新增覆盖 44
2026-01-07 17:06:15,799 - INFO -   - 券 93/100 选中节点 2008, 新增覆盖 44
2026-01-07 17:06:15,961 - INFO -   - 券 94/100 选中节点 2255, 新增覆盖 44
2026-01-07 17:06:16,123 - INFO -   - 券 95/100 选中节点 1716, 新增覆盖 46
2026-01-07 17:06:16,292 - INFO -   - 券 96/100 选中节点 2683, 新增覆盖 48
2026-01-07 17:06:16,452 - INFO -   - 券 97/100 选中节点 905, 新增覆盖 42
2026-01-07 17:06:16,606 - INFO -   - 券 98/100 选中节点 185, 新增覆盖 50
2026-01-07 17:06:16,771 - INFO -   - 券 99/100 选中节点 1627, 新增覆盖 44
2026-01-07 17:06:16,948 - INFO -   - 券 100/100 选中节点 1163, 新增覆盖 42
2026-01-07 17:06:16,948 - INFO - 选种完毕。耗时: 20.75 秒。
2026-01-07 17:06:17,274 - INFO - 最终选择的种子集: [2878, 2323, 746, 2540, 2475, 2703, 173, 1743, 1266, 2806, 2644, 2804, 329, 2562, 2092, 2671, 365, 500, 64, 2454, 2600, 1977, 2542, 2288, 2647, 1954, 2244, 1726, 1183, 292, 2854, 1671, 308, 2333, 300, 38, 1580, 126, 619, 334, 848, 305, 2471, 686, 1760, 2628, 1192, 932, 1514, 248, 2869, 1729, 2441, 2755, 2551, 2303, 2009, 2060, 710, 2721, 2385, 2567, 861, 702, 298, 345, 2489, 1023, 396, 250, 2583, 725, 820, 224, 2632, 541, 1532, 275, 896, 2253, 141, 241, 1405, 2595, 2813, 1496, 2880, 712, 1739, 2870, 2867, 234, 2008, 2255, 1716, 2683, 905, 185, 1627, 1163]

2026-01-07 17:06:18,247 - INFO - 当前用时 44.45 秒
2026-01-07 17:06:18,247 - INFO - 将种子集 写入位置: /root/pythonspace/data-test/network.netfacebookego/2026-1-9-new3/seeds-with-network.netfacebookego/random_ris_coverage_seedNum-100_SSRNum-100000.txt
2026-01-07 17:06:18,248 - INFO - 首次生成种子集 monterCarlo_CELF
2026-01-07 17:06:18,248 - INFO - 执行当前算法开始: monterCarlo_CELF
2026-01-07 17:06:18,248 - INFO - --- Running: CELF Greedy Monte Carlo (Sims=300) ---
2026-01-07 17:06:18,248 - INFO - Step 0: 初始化所有节点的边际增益...
2026-01-07 17:06:53,493 - INFO - Seed 1: 360, Spread: 0.88
2026-01-07 17:07:02,049 - INFO - Seed 2: 1070, Gain: 0.83, Total: 1.71
2026-01-07 17:07:09,395 - INFO - Seed 3: 2005, Gain: 0.83, Total: 2.54
2026-01-07 17:07:15,292 - INFO - Seed 4: 2440, Gain: 0.83, Total: 3.37
2026-01-07 17:07:22,185 - INFO - Seed 5: 2869, Gain: 0.82, Total: 4.19
2026-01-07 17:08:19,428 - INFO - Seed 6: 2276, Gain: 0.79, Total: 4.98
2026-01-07 17:08:31,040 - INFO - Seed 7: 2147, Gain: 0.79, Total: 5.76
2026-01-07 17:09:03,416 - INFO - Seed 8: 2829, Gain: 0.79, Total: 6.56
2026-01-07 17:09:14,097 - INFO - Seed 9: 27, Gain: 0.83, Total: 7.38
2026-01-07 17:10:07,460 - INFO - Seed 10: 2476, Gain: 0.75, Total: 8.13
2026-01-07 17:10:39,990 - INFO - Seed 11: 1351, Gain: 0.71, Total: 8.84
2026-01-07 17:10:43,181 - INFO - Seed 12: 50, Gain: 0.71, Total: 9.55
2026-01-07 17:10:52,691 - INFO - Seed 13: 2649, Gain: 0.70, Total: 10.25
2026-01-07 17:10:52,966 - INFO - Seed 14: 2305, Gain: 0.73, Total: 10.98
2026-01-07 17:10:53,838 - INFO - Seed 15: 704, Gain: 0.70, Total: 11.68
2026-01-07 17:10:54,151 - INFO - Seed 16: 579, Gain: 0.73, Total: 12.41
2026-01-07 17:10:54,647 - INFO - Seed 17: 2807, Gain: 0.72, Total: 13.13
2026-01-07 17:10:56,568 - INFO - Seed 18: 2652, Gain: 0.72, Total: 13.85
2026-01-07 17:10:57,493 - INFO - Seed 19: 225, Gain: 0.73, Total: 14.58
2026-01-07 17:10:58,478 - INFO - Seed 20: 525, Gain: 0.71, Total: 15.29
2026-01-07 17:11:17,949 - INFO - Seed 21: 1517, Gain: 0.71, Total: 16.00
2026-01-07 17:11:27,072 - INFO - Seed 22: 2377, Gain: 0.69, Total: 16.68
2026-01-07 17:11:34,919 - INFO - Seed 23: 2870, Gain: 0.70, Total: 17.38
2026-01-07 17:11:38,588 - INFO - Seed 24: 956, Gain: 0.74, Total: 18.12
2026-01-07 17:12:02,630 - INFO - Seed 25: 2315, Gain: 0.72, Total: 18.84
2026-01-07 17:14:51,272 - INFO - Seed 26: 342, Gain: 0.60, Total: 19.44
2026-01-07 17:16:01,000 - INFO - Seed 27: 2379, Gain: 0.58, Total: 20.02
2026-01-07 17:16:05,803 - INFO - Seed 28: 2751, Gain: 0.63, Total: 20.66
2026-01-07 17:16:09,993 - INFO - Seed 29: 2382, Gain: 0.63, Total: 21.29
2026-01-07 17:16:15,868 - INFO - Seed 30: 1108, Gain: 0.66, Total: 21.95
2026-01-07 17:16:19,901 - INFO - Seed 31: 929, Gain: 0.61, Total: 22.55
2026-01-07 17:16:21,383 - INFO - Seed 32: 41, Gain: 0.62, Total: 23.17
2026-01-07 17:16:35,734 - INFO - Seed 33: 2663, Gain: 0.65, Total: 23.82
2026-01-07 17:16:41,637 - INFO - Seed 34: 1254, Gain: 0.58, Total: 24.40
2026-01-07 17:16:50,869 - INFO - Seed 35: 699, Gain: 0.58, Total: 24.98
2026-01-07 17:17:19,859 - INFO - Seed 36: 1450, Gain: 0.59, Total: 25.57
2026-01-07 17:17:33,726 - INFO - Seed 37: 2553, Gain: 0.67, Total: 26.24
2026-01-07 17:17:34,455 - INFO - Seed 38: 1870, Gain: 0.77, Total: 27.02
2026-01-07 17:17:37,416 - INFO - Seed 39: 1529, Gain: 0.58, Total: 27.60
2026-01-07 17:17:48,571 - INFO - Seed 40: 1491, Gain: 0.62, Total: 28.22
2026-01-07 17:17:51,922 - INFO - Seed 41: 2756, Gain: 0.74, Total: 28.96
2026-01-07 17:18:25,049 - INFO - Seed 42: 2537, Gain: 0.57, Total: 29.53
2026-01-07 17:18:28,186 - INFO - Seed 43: 2144, Gain: 0.69, Total: 30.21
2026-01-07 17:18:41,412 - INFO - Seed 44: 1533, Gain: 0.56, Total: 30.78
2026-01-07 17:18:42,767 - INFO - Seed 45: 719, Gain: 0.64, Total: 31.42
2026-01-07 17:19:14,864 - INFO - Seed 46: 2878, Gain: 0.62, Total: 32.04
2026-01-07 17:19:35,970 - INFO - Seed 47: 1353, Gain: 0.54, Total: 32.58
2026-01-07 17:19:37,776 - INFO - Seed 48: 2626, Gain: 0.58, Total: 33.17
2026-01-07 17:19:41,003 - INFO - Seed 49: 2672, Gain: 0.63, Total: 33.79
2026-01-07 17:19:54,524 - INFO - Seed 50: 2348, Gain: 0.59, Total: 34.38
2026-01-07 17:19:59,246 - INFO - Seed 51: 2376, Gain: 0.57, Total: 34.95
2026-01-07 17:20:01,705 - INFO - Seed 52: 2585, Gain: 0.61, Total: 35.56
2026-01-07 17:20:04,826 - INFO - Seed 53: 264, Gain: 0.58, Total: 36.14
2026-01-07 17:20:08,937 - INFO - Seed 54: 84, Gain: 0.54, Total: 36.69
2026-01-07 17:20:09,470 - INFO - Seed 55: 504, Gain: 0.54, Total: 37.22
2026-01-07 17:20:09,997 - INFO - Seed 56: 1013, Gain: 0.54, Total: 37.76
2026-01-07 17:20:10,527 - INFO - Seed 57: 2581, Gain: 0.71, Total: 38.47
2026-01-07 17:20:12,229 - INFO - Seed 58: 1053, Gain: 0.63, Total: 39.10
2026-01-07 17:20:23,983 - INFO - Seed 59: 664, Gain: 0.58, Total: 39.68
2026-01-07 17:20:26,903 - INFO - Seed 60: 2631, Gain: 0.69, Total: 40.37
2026-01-07 17:20:59,948 - INFO - Seed 61: 167, Gain: 0.82, Total: 41.19
2026-01-07 17:26:03,045 - INFO - Seed 62: 1646, Gain: 0.48, Total: 41.67
2026-01-07 17:26:51,364 - INFO - Seed 63: 85, Gain: 0.60, Total: 42.27
2026-01-07 17:27:52,326 - INFO - Seed 64: 1794, Gain: 0.53, Total: 42.80
2026-01-07 17:29:41,920 - INFO - Seed 65: 2848, Gain: 0.61, Total: 43.41
2026-01-07 17:30:43,325 - INFO - Seed 66: 2734, Gain: 0.50, Total: 43.91
2026-01-07 17:30:56,593 - INFO - Seed 67: 1711, Gain: 0.45, Total: 44.36
2026-01-07 17:31:01,584 - INFO - Seed 68: 181, Gain: 0.54, Total: 44.89
2026-01-07 17:31:03,506 - INFO - Seed 69: 2548, Gain: 0.57, Total: 45.46
2026-01-07 17:31:04,783 - INFO - Seed 70: 2618, Gain: 0.46, Total: 45.93
2026-01-07 17:31:06,090 - INFO - Seed 71: 2022, Gain: 0.44, Total: 46.36
2026-01-07 17:31:07,411 - INFO - Seed 72: 2056, Gain: 0.57, Total: 46.93
2026-01-07 17:31:09,486 - INFO - Seed 73: 1551, Gain: 0.57, Total: 47.50
2026-01-07 17:31:12,321 - INFO - Seed 74: 159, Gain: 0.51, Total: 48.01
2026-01-07 17:31:13,766 - INFO - Seed 75: 137, Gain: 0.42, Total: 48.44
2026-01-07 17:31:14,484 - INFO - Seed 76: 2208, Gain: 0.58, Total: 49.02
2026-01-07 17:31:15,945 - INFO - Seed 77: 2130, Gain: 0.64, Total: 49.66
2026-01-07 17:31:18,140 - INFO - Seed 78: 2885, Gain: 0.53, Total: 50.19
2026-01-07 17:31:18,950 - INFO - Seed 79: 288, Gain: 0.64, Total: 50.83
2026-01-07 17:31:25,829 - INFO - Seed 80: 2111, Gain: 0.41, Total: 51.23
2026-01-07 17:31:26,589 - INFO - Seed 81: 2319, Gain: 0.69, Total: 51.93
2026-01-07 17:31:27,366 - INFO - Seed 82: 804, Gain: 0.48, Total: 52.40
2026-01-07 17:31:28,142 - INFO - Seed 83: 666, Gain: 0.50, Total: 52.90
2026-01-07 17:31:30,523 - INFO - Seed 84: 443, Gain: 0.57, Total: 53.47
2026-01-07 17:31:32,119 - INFO - Seed 85: 2617, Gain: 0.65, Total: 54.12
2026-01-07 17:31:35,370 - INFO - Seed 86: 546, Gain: 0.76, Total: 54.88
2026-01-07 17:31:39,495 - INFO - Seed 87: 1000, Gain: 0.46, Total: 55.34
2026-01-07 17:31:41,092 - INFO - Seed 88: 154, Gain: 0.42, Total: 55.76
2026-01-07 17:31:45,144 - INFO - Seed 89: 2798, Gain: 0.46, Total: 56.22
2026-01-07 17:31:45,974 - INFO - Seed 90: 1744, Gain: 1.01, Total: 57.23
2026-01-07 17:31:51,886 - INFO - Seed 91: 567, Gain: 0.47, Total: 57.70
2026-01-07 17:31:58,910 - INFO - Seed 92: 165, Gain: 0.65, Total: 58.35
2026-01-07 17:32:19,126 - INFO - Seed 93: 887, Gain: 0.42, Total: 58.77
2026-01-07 17:32:21,791 - INFO - Seed 94: 1930, Gain: 0.47, Total: 59.24
2026-01-07 17:32:25,319 - INFO - Seed 95: 770, Gain: 0.52, Total: 59.76
2026-01-07 17:32:28,003 - INFO - Seed 96: 2183, Gain: 0.68, Total: 60.44
2026-01-07 17:32:47,208 - INFO - Seed 97: 2671, Gain: 0.92, Total: 61.36
2026-01-07 17:39:05,895 - INFO - Seed 98: 2760, Gain: 0.35, Total: 61.71
2026-01-07 17:40:07,717 - INFO - Seed 99: 2823, Gain: 0.39, Total: 62.10
2026-01-07 17:40:29,966 - INFO - Seed 100: 1717, Gain: 0.35, Total: 62.46
2026-01-07 17:40:29,966 - INFO - CELF 完成，总耗时: 2051.72s
2026-01-07 17:40:29,967 - INFO - 当前用时 2051.72 秒
2026-01-07 17:40:29,967 - INFO - 将种子集 写入位置: /root/pythonspace/data-test/network.netfacebookego/2026-1-9-new3/seeds-with-network.netfacebookego/random_monterCarlo_CELF_seedNum-100_SSRNum-100000.txt
2026-01-07 17:40:29,967 - INFO - 评估种子集: None
2026-01-07 17:40:29,968 - INFO - 多进程评估开始，共有 6 个方法待评估...
2026-01-07 17:40:29,968 - INFO - 启动进程池，Worker数量: 6
2026-01-07 17:40:30,350 - INFO - [Process 15000] 开始评估方法: random, 种子数: 100
2026-01-07 17:40:30,538 - INFO - [Process 15001] 开始评估方法: degreeTopM, 种子数: 100
2026-01-07 17:40:30,731 - INFO - [Process 15002] 开始评估方法: pageRank, 种子数: 100
2026-01-07 17:40:30,914 - INFO - [Process 15003] 开始评估方法: alpha_sort, 种子数: 100
2026-01-07 17:40:31,088 - INFO - [Process 15004] 开始评估方法: ris_coverage, 种子数: 100
2026-01-07 17:40:31,305 - INFO - [Process 15005] 开始评估方法: monterCarlo_CELF, 种子数: 100
2026-01-07 17:40:32,809 - INFO - [Process 15000] random - 500 sims 完成: E=60.97
2026-01-07 17:40:32,896 - INFO - [Process 15001] degreeTopM - 500 sims 完成: E=57.62
2026-01-07 17:40:33,014 - INFO - [Process 15002] pageRank - 500 sims 完成: E=57.98
2026-01-07 17:40:33,261 - INFO - [Process 15003] alpha_sort - 500 sims 完成: E=63.30
2026-01-07 17:40:33,434 - INFO - [Process 15004] ris_coverage - 500 sims 完成: E=62.64
2026-01-07 17:40:33,775 - INFO - [Process 15005] monterCarlo_CELF - 500 sims 完成: E=62.19
2026-01-07 17:40:33,809 - INFO - 所有进程执行完毕，开始写入数据...
2026-01-07 17:40:33,824 - INFO - 成功写入 6 条记录至 /root/pythonspace/data-test/network.netfacebookego/2026-1-9-new3/E-activated-network.netfacebookego/distribution-random/simuTimes-500_random-dirichlet-[400, 100, 500]_rrNumSamples-100000.csv
2026-01-07 17:40:33,825 - INFO - 保存评估文件至: /root/pythonspace/data-test/network.netfacebookego/2026-1-9-new3/E-activated-network.netfacebookego/distribution-random/simuTimes-500_random-dirichlet-[400, 100, 500]_rrNumSamples-100000.csv
2026-01-07 19:17:29,396 - INFO - 加载数据集: network.netfacebookego
2026-01-07 19:17:29,397 - INFO - --- 矩阵分析 ---
2026-01-07 19:17:29,397 - INFO - 节点数 (N): 2888
2026-01-07 19:17:29,397 - INFO - 边数 (E): 5962
2026-01-07 19:17:29,397 - INFO - 密度 (Density): 0.00071482 (越小越稀疏)
2026-01-07 19:17:29,397 - INFO - 稀疏度 (Sparsity): 0.99928518 (越接近1越稀疏)
2026-01-07 19:17:29,398 - INFO - 平均度数 (Avg Degree): 2.06
2026-01-07 19:17:29,398 - INFO - 复用概率分布 文件位置: /root/pythonspace/data-test/network.netfacebookego/2026-1-9-new3/distribution-in-network.netfacebookego/distribution-random_seedNum-100.pkl
2026-01-07 19:17:29,410 - INFO - 从当前位置 读取种子集 /root/pythonspace/data-test/network.netfacebookego/2026-1-9-new3/seeds-with-network.netfacebookego/random_random_seedNum-100_SSRNum-100000.txt
2026-01-07 19:17:29,411 - INFO - 从当前位置 读取种子集 /root/pythonspace/data-test/network.netfacebookego/2026-1-9-new3/seeds-with-network.netfacebookego/random_degreeTopM_seedNum-100_SSRNum-100000.txt
2026-01-07 19:17:29,412 - INFO - 从当前位置 读取种子集 /root/pythonspace/data-test/network.netfacebookego/2026-1-9-new3/seeds-with-network.netfacebookego/random_pageRank_seedNum-100_SSRNum-100000.txt
2026-01-07 19:17:29,413 - INFO - 从当前位置 读取种子集 /root/pythonspace/data-test/network.netfacebookego/2026-1-9-new3/seeds-with-network.netfacebookego/random_alpha_sort_seedNum-100_SSRNum-100000.txt
2026-01-07 19:17:29,414 - INFO - 从当前位置 读取种子集 /root/pythonspace/data-test/network.netfacebookego/2026-1-9-new3/seeds-with-network.netfacebookego/random_ris_coverage_seedNum-100_SSRNum-100000.txt
2026-01-07 19:17:29,415 - INFO - 从当前位置 读取种子集 /root/pythonspace/data-test/network.netfacebookego/2026-1-9-new3/seeds-with-network.netfacebookego/random_monterCarlo_CELF_seedNum-100_SSRNum-100000.txt
2026-01-07 19:17:29,417 - INFO - 评估种子集: None
2026-01-07 19:17:29,417 - INFO - 多进程评估开始，共有 6 个方法待评估...
2026-01-07 19:17:29,417 - INFO - 启动进程池，Worker数量: 6
2026-01-07 19:17:29,735 - INFO - [Process 24536] 开始评估方法: random, 种子数: 100
2026-01-07 19:17:29,962 - INFO - [Process 24537] 开始评估方法: degreeTopM, 种子数: 100
2026-01-07 19:17:30,188 - INFO - [Process 24538] 开始评估方法: pageRank, 种子数: 100
2026-01-07 19:17:30,417 - INFO - [Process 24539] 开始评估方法: alpha_sort, 种子数: 100
2026-01-07 19:17:30,640 - INFO - [Process 24540] 开始评估方法: ris_coverage, 种子数: 100
2026-01-07 19:17:30,862 - INFO - [Process 24541] 开始评估方法: monterCarlo_CELF, 种子数: 100
2026-01-07 19:17:32,182 - INFO - [Process 24536] random - 500 sims 完成: E=60.96
2026-01-07 19:17:32,378 - INFO - [Process 24537] degreeTopM - 500 sims 完成: E=57.85
2026-01-07 19:17:32,604 - INFO - [Process 24538] pageRank - 500 sims 完成: E=58.04
2026-01-07 19:17:32,670 - INFO - [Process 24539] alpha_sort - 500 sims 完成: E=63.45
2026-01-07 19:17:32,995 - INFO - [Process 24540] ris_coverage - 500 sims 完成: E=62.54
2026-01-07 19:17:33,121 - INFO - [Process 24541] monterCarlo_CELF - 500 sims 完成: E=62.20
2026-01-07 19:17:33,133 - INFO - 所有进程执行完毕，开始写入数据...
2026-01-07 19:17:33,146 - INFO - 成功写入 6 条记录至 /root/pythonspace/data-test/network.netfacebookego/2026-1-9-new3/E-activated-network.netfacebookego/distribution-random/simuTimes-500_random-dirichlet-[400, 100, 500]_rrNumSamples-100000.csv
2026-01-07 19:17:33,147 - INFO - 保存评估文件至: /root/pythonspace/data-test/network.netfacebookego/2026-1-9-new3/E-activated-network.netfacebookego/distribution-random/simuTimes-500_random-dirichlet-[400, 100, 500]_rrNumSamples-100000.csv
