2026-03-08 22:52:41,062 - INFO - 加载数据集: network.douban11core
2026-03-08 22:52:41,064 - INFO - --- 矩阵分析 ---
2026-03-08 22:52:41,064 - INFO - 节点数 (N): 5123
2026-03-08 22:52:41,065 - INFO - 边数 (E): 129298
2026-03-08 22:52:41,065 - INFO - 密度 (Density): 0.00492655 (越小越稀疏)
2026-03-08 22:52:41,065 - INFO - 稀疏度 (Sparsity): 0.99507345 (越接近1越稀疏)
2026-03-08 22:52:41,065 - INFO - 平均度数 (Avg Degree): 25.24
2026-03-08 22:52:41,065 - INFO - >>> 正在注入完美对抗属性（验证三条定理）...
2026-03-08 22:52:41,184 - INFO - 首次生成种子集 random
2026-03-08 22:52:41,184 - INFO - 执行当前算法开始: random
2026-03-08 22:52:41,184 - INFO - 数据集节点总数:  n = 5123, m = 50
2026-03-08 22:52:41,184 - INFO - 选择 50  [3734, 5053, 49, 1285, 4544, 3163, 3958, 1089, 3694, 572, 1180, 1387, 404, 3478, 4821, 2199, 4673, 344, 79, 811, 1731, 1459, 3324, 4658, 3987, 1486, 1059, 325, 1746, 4717, 3519, 4469, 1563, 3740, 2133, 4313, 116, 4700, 2652, 2616, 3944, 509, 2077, 483, 4625, 1371, 3007, 1793, 2979, 1712]

2026-03-08 22:52:41,184 - INFO - 当前用时 0.00 秒
2026-03-08 22:52:41,184 - INFO - 将种子集 写入位置: /home/wen/work/coup_spread/network.douban11core/2026-3-9/seeds-with-network.douban11core/random_random_seedNum-50_SSRNum-50000.txt
2026-03-08 22:52:41,184 - INFO - 首次生成种子集 degreeTopM
2026-03-08 22:52:41,184 - INFO - 执行当前算法开始: degreeTopM
2026-03-08 22:52:41,184 - INFO - 依据: 选择连接数（度数）最多的节点。
2026-03-08 22:52:41,185 - INFO - 选择的 Top M 节点及其度数:
2026-03-08 22:52:41,185 - INFO - 
2026-03-08 22:52:41,185 - INFO - 当前用时 0.00 秒
2026-03-08 22:52:41,186 - INFO - 将种子集 写入位置: /home/wen/work/coup_spread/network.douban11core/2026-3-9/seeds-with-network.douban11core/random_degreeTopM_seedNum-50_SSRNum-50000.txt
2026-03-08 22:52:41,186 - INFO - 首次生成种子集 pageRank
2026-03-08 22:52:41,186 - INFO - 执行当前算法开始: pageRank
2026-03-08 22:52:41,186 - INFO - --- Running: PageRank (on tranProMatrix) Top M ---
2026-03-08 22:52:41,964 - INFO - Selected PageRank seeds: [413, 135, 2568, 94, 2360, 412, 922, 644, 249, 1629, 295, 1195, 958, 1169, 2367, 11, 454, 590, 48, 1537, 1303, 1068, 1514, 902, 2005, 2595, 451, 744, 396, 2757, 2960, 2716, 100, 1604, 27, 611, 416, 2943, 2745, 696, 766, 855, 1186, 2542, 2395, 2242, 1166, 1595, 299, 142]
2026-03-08 22:52:41,965 - INFO - 当前用时 0.78 秒
2026-03-08 22:52:41,965 - INFO - 将种子集 写入位置: /home/wen/work/coup_spread/network.douban11core/2026-3-9/seeds-with-network.douban11core/random_pageRank_seedNum-50_SSRNum-50000.txt
2026-03-08 22:52:41,965 - INFO - 首次生成种子集 alpha_sort
2026-03-08 22:52:41,965 - INFO - 执行当前算法开始: alpha_sort
2026-03-08 22:52:41,966 - INFO - 5123 个节点的alpha值降序排序 done
2026-03-08 22:52:41,966 - INFO - ==============>> [(4099, np.float64(0.3)), (4100, np.float64(0.3)), (4101, np.float64(0.3)), (4102, np.float64(0.3)), (4103, np.float64(0.3)), (4104, np.float64(0.3)), (4105, np.float64(0.3)), (4106, np.float64(0.3)), (4107, np.float64(0.3)), (4108, np.float64(0.3))]
2026-03-08 22:52:41,966 - INFO - 
选择的种子集 (按alpha排序): [4099, 4100, 4101, 4102, 4103, 4104, 4105, 4106, 4107, 4108, 4109, 4110, 4111, 4112, 4113, 4114, 4115, 4116, 4117, 4118, 4119, 4120, 4121, 4122, 4123, 4124, 4125, 4126, 4127, 4128, 4129, 4130, 4131, 4132, 4133, 4134, 4135, 4136, 4137, 4138, 4139, 4140, 4141, 4142, 4143, 4144, 4145, 4146, 4147, 4148]

2026-03-08 22:52:41,966 - INFO - 当前用时 0.00 秒
2026-03-08 22:52:41,966 - INFO - 将种子集 写入位置: /home/wen/work/coup_spread/network.douban11core/2026-3-9/seeds-with-network.douban11core/random_alpha_sort_seedNum-50_SSRNum-50000.txt
2026-03-08 22:52:41,967 - INFO - 首次生成种子集 ris_optimized
2026-03-08 22:52:41,967 - INFO - 执行当前算法开始: ris_optimized
2026-03-08 22:52:42,469 - INFO - 图初始化完成，节点数: 5123，当前模式: 优化采样
2026-03-08 22:52:42,469 - INFO - 开始生成 50000 组多重RR-Set...
2026-03-08 22:53:07,381 - INFO - 生成完毕。耗时: 24.91 秒。
2026-03-08 22:53:07,398 - INFO - 开始基于多重RR集贪心选择最优种子...
2026-03-08 22:53:09,236 - INFO - 选种完毕。耗时: 1.84 秒。估算范围: 93.70
2026-03-08 22:53:09,819 - INFO - 当前用时 27.85 秒
2026-03-08 22:53:09,819 - INFO - 将种子集 写入位置: /home/wen/work/coup_spread/network.douban11core/2026-3-9/seeds-with-network.douban11core/random_ris_optimized_seedNum-50_SSRNum-50000.txt
2026-03-08 22:53:09,821 - INFO - 评估种子集: None
2026-03-08 22:53:09,821 - INFO - 多进程评估开始，共有 5 个方法待评估...
2026-03-08 22:53:09,821 - INFO - 启动进程池，Worker数量: 5
2026-03-08 22:53:10,807 - INFO - [Process 3684611] 开始评估方法: random, 种子数: 50
2026-03-08 22:53:11,531 - INFO - [Process 3684612] 开始评估方法: degreeTopM, 种子数: 50
2026-03-08 22:53:12,269 - INFO - [Process 3684613] 开始评估方法: pageRank, 种子数: 50
2026-03-08 22:53:13,009 - INFO - [Process 3684614] 开始评估方法: alpha_sort, 种子数: 50
2026-03-08 22:53:13,754 - INFO - [Process 3684615] 开始评估方法: ris_optimized, 种子数: 50
2026-03-08 22:53:13,930 - INFO - [alpha_sort - 种子:50] 拉新:22.0人 | 总销量:22.1单 | 品牌曝光:83.3次 | 🌟综合得分:30.4
2026-03-08 22:53:14,005 - INFO - [random - 种子:50] 拉新:33.4人 | 总销量:33.5单 | 品牌曝光:166.3次 | 🌟综合得分:50.1
2026-03-08 22:53:15,298 - INFO - [degreeTopM - 种子:50] 拉新:38.0人 | 总销量:38.4单 | 品牌曝光:190.0次 | 🌟综合得分:57.2
2026-03-08 22:53:15,935 - INFO - [pageRank - 种子:50] 拉新:37.9人 | 总销量:38.3单 | 品牌曝光:189.8次 | 🌟综合得分:57.1
2026-03-08 22:53:17,376 - INFO - [ris_optimized - 种子:50] 拉新:39.6人 | 总销量:39.8单 | 品牌曝光:196.5次 | 🌟综合得分:59.4
2026-03-08 22:53:17,405 - INFO - 所有进程执行完毕，开始写入数据...
2026-03-08 22:53:17,423 - INFO - 成功写入 5 条记录至 /home/wen/work/coup_spread/gzc-impl/results/network.douban11core/2026-3-9/random_SSRNum-50000-_seedNum-50_simuTimes-500.csv
2026-03-08 22:53:17,424 - INFO - 保存评估文件至: /home/wen/work/coup_spread/gzc-impl/results/network.douban11core/2026-3-9/random_SSRNum-50000-_seedNum-50_simuTimes-500.csv
2026-03-08 22:53:17,442 - INFO - 加载数据集: network.douban11core
2026-03-08 22:53:17,444 - INFO - --- 矩阵分析 ---
2026-03-08 22:53:17,444 - INFO - 节点数 (N): 5123
2026-03-08 22:53:17,444 - INFO - 边数 (E): 129298
2026-03-08 22:53:17,444 - INFO - 密度 (Density): 0.00492655 (越小越稀疏)
2026-03-08 22:53:17,444 - INFO - 稀疏度 (Sparsity): 0.99507345 (越接近1越稀疏)
2026-03-08 22:53:17,444 - INFO - 平均度数 (Avg Degree): 25.24
2026-03-08 22:53:17,444 - INFO - >>> 正在注入完美对抗属性（验证三条定理）...
2026-03-08 22:53:17,566 - INFO - 首次生成种子集 random
2026-03-08 22:53:17,567 - INFO - 执行当前算法开始: random
2026-03-08 22:53:17,567 - INFO - 数据集节点总数:  n = 5123, m = 75
2026-03-08 22:53:17,567 - INFO - 选择 75  [2895, 574, 1736, 4239, 1705, 2795, 185, 4277, 356, 2179, 3754, 2628, 4056, 468, 3031, 2291, 1515, 1343, 3464, 1608, 1796, 4020, 699, 685, 2009, 4112, 127, 585, 2272, 2048, 698, 3552, 4597, 4527, 208, 1302, 4111, 2970, 369, 3074, 4870, 2249, 1699, 3543, 661, 2817, 2643, 3875, 3195, 2993, 1327, 4719, 3250, 4964, 3743, 2958, 316, 1861, 4315, 2641, 4534, 43, 1565, 3666, 4267, 3611, 2021, 2277, 2196, 2350, 1695, 1507, 1620, 52, 2930]

2026-03-08 22:53:17,567 - INFO - 当前用时 0.00 秒
2026-03-08 22:53:17,567 - INFO - 将种子集 写入位置: /home/wen/work/coup_spread/network.douban11core/2026-3-9/seeds-with-network.douban11core/random_random_seedNum-75_SSRNum-50000.txt
2026-03-08 22:53:17,567 - INFO - 首次生成种子集 degreeTopM
2026-03-08 22:53:17,567 - INFO - 执行当前算法开始: degreeTopM
2026-03-08 22:53:17,567 - INFO - 依据: 选择连接数（度数）最多的节点。
2026-03-08 22:53:17,568 - INFO - 选择的 Top M 节点及其度数:
2026-03-08 22:53:17,568 - INFO - 
2026-03-08 22:53:17,568 - INFO - 当前用时 0.00 秒
2026-03-08 22:53:17,568 - INFO - 将种子集 写入位置: /home/wen/work/coup_spread/network.douban11core/2026-3-9/seeds-with-network.douban11core/random_degreeTopM_seedNum-75_SSRNum-50000.txt
2026-03-08 22:53:17,568 - INFO - 首次生成种子集 pageRank
2026-03-08 22:53:17,568 - INFO - 执行当前算法开始: pageRank
2026-03-08 22:53:17,569 - INFO - --- Running: PageRank (on tranProMatrix) Top M ---
2026-03-08 22:53:18,457 - INFO - Selected PageRank seeds: [413, 135, 2568, 94, 2360, 412, 922, 644, 249, 1629, 295, 1195, 958, 1169, 2367, 11, 454, 590, 48, 1537, 1303, 1068, 1514, 902, 2005, 2595, 451, 744, 396, 2757, 2960, 2716, 100, 1604, 27, 611, 416, 2943, 2745, 696, 766, 855, 1186, 2542, 2395, 2242, 1166, 1595, 299, 142, 2409, 1892, 846, 2286, 1515, 3812, 137, 192, 899, 884, 2713, 4015, 197, 1882, 583, 2411, 3702, 114, 331, 228, 2403, 2590, 3936, 1941, 227]
2026-03-08 22:53:18,458 - INFO - 当前用时 0.89 秒
2026-03-08 22:53:18,458 - INFO - 将种子集 写入位置: /home/wen/work/coup_spread/network.douban11core/2026-3-9/seeds-with-network.douban11core/random_pageRank_seedNum-75_SSRNum-50000.txt
2026-03-08 22:53:18,458 - INFO - 首次生成种子集 alpha_sort
2026-03-08 22:53:18,458 - INFO - 执行当前算法开始: alpha_sort
2026-03-08 22:53:18,459 - INFO - 5123 个节点的alpha值降序排序 done
2026-03-08 22:53:18,459 - INFO - ==============>> [(4099, np.float64(0.3)), (4100, np.float64(0.3)), (4101, np.float64(0.3)), (4102, np.float64(0.3)), (4103, np.float64(0.3)), (4104, np.float64(0.3)), (4105, np.float64(0.3)), (4106, np.float64(0.3)), (4107, np.float64(0.3)), (4108, np.float64(0.3))]
2026-03-08 22:53:18,460 - INFO - 
选择的种子集 (按alpha排序): [4099, 4100, 4101, 4102, 4103, 4104, 4105, 4106, 4107, 4108, 4109, 4110, 4111, 4112, 4113, 4114, 4115, 4116, 4117, 4118, 4119, 4120, 4121, 4122, 4123, 4124, 4125, 4126, 4127, 4128, 4129, 4130, 4131, 4132, 4133, 4134, 4135, 4136, 4137, 4138, 4139, 4140, 4141, 4142, 4143, 4144, 4145, 4146, 4147, 4148, 4149, 4150, 4151, 4152, 4153, 4154, 4155, 4156, 4157, 4158, 4159, 4160, 4161, 4162, 4163, 4164, 4165, 4166, 4167, 4168, 4169, 4170, 4171, 4172, 4173]

2026-03-08 22:53:18,460 - INFO - 当前用时 0.00 秒
2026-03-08 22:53:18,460 - INFO - 将种子集 写入位置: /home/wen/work/coup_spread/network.douban11core/2026-3-9/seeds-with-network.douban11core/random_alpha_sort_seedNum-75_SSRNum-50000.txt
2026-03-08 22:53:18,460 - INFO - 首次生成种子集 ris_optimized
2026-03-08 22:53:18,460 - INFO - 执行当前算法开始: ris_optimized
2026-03-08 22:53:18,949 - INFO - 图初始化完成，节点数: 5123，当前模式: 优化采样
2026-03-08 22:53:18,949 - INFO - 开始生成 50000 组多重RR-Set...
2026-03-08 22:53:55,849 - INFO - 生成完毕。耗时: 36.90 秒。
2026-03-08 22:53:55,867 - INFO - 开始基于多重RR集贪心选择最优种子...
2026-03-08 22:53:59,183 - INFO - 选种完毕。耗时: 3.32 秒。估算范围: 141.08
2026-03-08 22:54:00,075 - INFO - 当前用时 41.61 秒
2026-03-08 22:54:00,075 - INFO - 将种子集 写入位置: /home/wen/work/coup_spread/network.douban11core/2026-3-9/seeds-with-network.douban11core/random_ris_optimized_seedNum-75_SSRNum-50000.txt
2026-03-08 22:54:00,077 - INFO - 评估种子集: None
2026-03-08 22:54:00,077 - INFO - 多进程评估开始，共有 5 个方法待评估...
2026-03-08 22:54:00,077 - INFO - 启动进程池，Worker数量: 5
2026-03-08 22:54:01,086 - INFO - [Process 3685417] 开始评估方法: random, 种子数: 75
2026-03-08 22:54:01,821 - INFO - [Process 3685418] 开始评估方法: degreeTopM, 种子数: 75
2026-03-08 22:54:02,565 - INFO - [Process 3685419] 开始评估方法: pageRank, 种子数: 75
2026-03-08 22:54:03,307 - INFO - [Process 3685420] 开始评估方法: alpha_sort, 种子数: 75
2026-03-08 22:54:04,112 - INFO - [Process 3685421] 开始评估方法: ris_optimized, 种子数: 75
2026-03-08 22:54:04,719 - INFO - [alpha_sort - 种子:75] 拉新:33.0人 | 总销量:33.1单 | 品牌曝光:125.0次 | 🌟综合得分:45.5
2026-03-08 22:54:06,158 - INFO - [random - 种子:75] 拉新:52.4人 | 总销量:52.7单 | 品牌曝光:259.3次 | 🌟综合得分:78.5
2026-03-08 22:54:07,399 - INFO - [degreeTopM - 种子:75] 拉新:57.0人 | 总销量:57.8单 | 品牌曝光:287.0次 | 🌟综合得分:86.1
2026-03-08 22:54:08,097 - INFO - [pageRank - 种子:75] 拉新:56.6人 | 总销量:57.4单 | 品牌曝光:285.0次 | 🌟综合得分:85.5
2026-03-08 22:54:10,352 - INFO - [ris_optimized - 种子:75] 拉新:59.5人 | 总销量:60.0单 | 品牌曝光:297.9次 | 🌟综合得分:89.5
2026-03-08 22:54:10,388 - INFO - 所有进程执行完毕，开始写入数据...
2026-03-08 22:54:10,395 - INFO - 成功写入 5 条记录至 /home/wen/work/coup_spread/gzc-impl/results/network.douban11core/2026-3-9/random_SSRNum-50000-_seedNum-75_simuTimes-500.csv
2026-03-08 22:54:10,396 - INFO - 保存评估文件至: /home/wen/work/coup_spread/gzc-impl/results/network.douban11core/2026-3-9/random_SSRNum-50000-_seedNum-75_simuTimes-500.csv
2026-03-08 22:54:10,412 - INFO - 加载数据集: network.douban11core
2026-03-08 22:54:10,415 - INFO - --- 矩阵分析 ---
2026-03-08 22:54:10,415 - INFO - 节点数 (N): 5123
2026-03-08 22:54:10,415 - INFO - 边数 (E): 129298
2026-03-08 22:54:10,415 - INFO - 密度 (Density): 0.00492655 (越小越稀疏)
2026-03-08 22:54:10,415 - INFO - 稀疏度 (Sparsity): 0.99507345 (越接近1越稀疏)
2026-03-08 22:54:10,415 - INFO - 平均度数 (Avg Degree): 25.24
2026-03-08 22:54:10,415 - INFO - >>> 正在注入完美对抗属性（验证三条定理）...
2026-03-08 22:54:10,538 - INFO - 首次生成种子集 random
2026-03-08 22:54:10,539 - INFO - 执行当前算法开始: random
2026-03-08 22:54:10,539 - INFO - 数据集节点总数:  n = 5123, m = 100
2026-03-08 22:54:10,539 - INFO - 选择 100  [4025, 2240, 3461, 4453, 2499, 1074, 4834, 1015, 3060, 4433, 4721, 3117, 632, 798, 253, 4073, 4340, 1565, 252, 803, 4431, 702, 3835, 1428, 4818, 2412, 3177, 4709, 684, 2739, 885, 2938, 3763, 3968, 4456, 3937, 3991, 2980, 1671, 2916, 2891, 966, 3321, 1731, 1013, 4530, 4528, 3457, 4268, 694, 2117, 823, 4298, 4125, 4314, 4835, 795, 230, 3455, 2640, 4469, 205, 4475, 879, 4599, 1637, 2471, 583, 3557, 4179, 537, 964, 1522, 3861, 4940, 4122, 3674, 1212, 4446, 935, 2242, 2036, 1346, 572, 3787, 2491, 4975, 2505, 626, 2435, 2791, 1029, 4776, 4398, 12, 793, 4643, 21, 2840, 16]

2026-03-08 22:54:10,539 - INFO - 当前用时 0.00 秒
2026-03-08 22:54:10,539 - INFO - 将种子集 写入位置: /home/wen/work/coup_spread/network.douban11core/2026-3-9/seeds-with-network.douban11core/random_random_seedNum-100_SSRNum-50000.txt
2026-03-08 22:54:10,539 - INFO - 首次生成种子集 degreeTopM
2026-03-08 22:54:10,539 - INFO - 执行当前算法开始: degreeTopM
2026-03-08 22:54:10,539 - INFO - 依据: 选择连接数（度数）最多的节点。
2026-03-08 22:54:10,540 - INFO - 选择的 Top M 节点及其度数:
2026-03-08 22:54:10,540 - INFO - 
2026-03-08 22:54:10,540 - INFO - 当前用时 0.00 秒
2026-03-08 22:54:10,540 - INFO - 将种子集 写入位置: /home/wen/work/coup_spread/network.douban11core/2026-3-9/seeds-with-network.douban11core/random_degreeTopM_seedNum-100_SSRNum-50000.txt
2026-03-08 22:54:10,541 - INFO - 首次生成种子集 pageRank
2026-03-08 22:54:10,541 - INFO - 执行当前算法开始: pageRank
2026-03-08 22:54:10,541 - INFO - --- Running: PageRank (on tranProMatrix) Top M ---
2026-03-08 22:54:11,450 - INFO - Selected PageRank seeds: [413, 135, 2568, 94, 2360, 412, 922, 644, 249, 1629, 295, 1195, 958, 1169, 2367, 11, 454, 590, 48, 1537, 1303, 1068, 1514, 902, 2005, 2595, 451, 744, 396, 2757, 2960, 2716, 100, 1604, 27, 611, 416, 2943, 2745, 696, 766, 855, 1186, 2542, 2395, 2242, 1166, 1595, 299, 142, 2409, 1892, 846, 2286, 1515, 3812, 137, 192, 899, 884, 2713, 4015, 197, 1882, 583, 2411, 3702, 114, 331, 228, 2403, 2590, 3936, 1941, 227, 380, 303, 979, 1173, 987, 1413, 1361, 3169, 1390, 2642, 2660, 230, 2187, 1423, 1192, 1815, 205, 821, 2205, 1117, 849, 1268, 2129, 926, 1520]
2026-03-08 22:54:11,451 - INFO - 当前用时 0.91 秒
2026-03-08 22:54:11,451 - INFO - 将种子集 写入位置: /home/wen/work/coup_spread/network.douban11core/2026-3-9/seeds-with-network.douban11core/random_pageRank_seedNum-100_SSRNum-50000.txt
2026-03-08 22:54:11,451 - INFO - 首次生成种子集 alpha_sort
2026-03-08 22:54:11,451 - INFO - 执行当前算法开始: alpha_sort
2026-03-08 22:54:11,452 - INFO - 5123 个节点的alpha值降序排序 done
2026-03-08 22:54:11,452 - INFO - ==============>> [(4099, np.float64(0.3)), (4100, np.float64(0.3)), (4101, np.float64(0.3)), (4102, np.float64(0.3)), (4103, np.float64(0.3)), (4104, np.float64(0.3)), (4105, np.float64(0.3)), (4106, np.float64(0.3)), (4107, np.float64(0.3)), (4108, np.float64(0.3))]
2026-03-08 22:54:11,452 - INFO - 
选择的种子集 (按alpha排序): [4099, 4100, 4101, 4102, 4103, 4104, 4105, 4106, 4107, 4108, 4109, 4110, 4111, 4112, 4113, 4114, 4115, 4116, 4117, 4118, 4119, 4120, 4121, 4122, 4123, 4124, 4125, 4126, 4127, 4128, 4129, 4130, 4131, 4132, 4133, 4134, 4135, 4136, 4137, 4138, 4139, 4140, 4141, 4142, 4143, 4144, 4145, 4146, 4147, 4148, 4149, 4150, 4151, 4152, 4153, 4154, 4155, 4156, 4157, 4158, 4159, 4160, 4161, 4162, 4163, 4164, 4165, 4166, 4167, 4168, 4169, 4170, 4171, 4172, 4173, 4174, 4175, 4176, 4177, 4178, 4179, 4180, 4181, 4182, 4183, 4184, 4185, 4186, 4187, 4188, 4189, 4190, 4191, 4192, 4193, 4194, 4195, 4196, 4197, 4198]

2026-03-08 22:54:11,453 - INFO - 当前用时 0.00 秒
2026-03-08 22:54:11,453 - INFO - 将种子集 写入位置: /home/wen/work/coup_spread/network.douban11core/2026-3-9/seeds-with-network.douban11core/random_alpha_sort_seedNum-100_SSRNum-50000.txt
2026-03-08 22:54:11,453 - INFO - 首次生成种子集 ris_optimized
2026-03-08 22:54:11,453 - INFO - 执行当前算法开始: ris_optimized
2026-03-08 22:54:11,897 - INFO - 图初始化完成，节点数: 5123，当前模式: 优化采样
2026-03-08 22:54:11,897 - INFO - 开始生成 50000 组多重RR-Set...
2026-03-08 22:54:58,731 - INFO - 生成完毕。耗时: 46.83 秒。
2026-03-08 22:54:58,742 - INFO - 开始基于多重RR集贪心选择最优种子...
2026-03-08 22:55:05,150 - INFO - 选种完毕。耗时: 6.41 秒。估算范围: 186.89
2026-03-08 22:55:05,988 - INFO - 当前用时 54.53 秒
2026-03-08 22:55:05,989 - INFO - 将种子集 写入位置: /home/wen/work/coup_spread/network.douban11core/2026-3-9/seeds-with-network.douban11core/random_ris_optimized_seedNum-100_SSRNum-50000.txt
2026-03-08 22:55:05,990 - INFO - 评估种子集: None
2026-03-08 22:55:05,990 - INFO - 多进程评估开始，共有 5 个方法待评估...
2026-03-08 22:55:05,990 - INFO - 启动进程池，Worker数量: 5
2026-03-08 22:55:07,018 - INFO - [Process 3686420] 开始评估方法: random, 种子数: 100
2026-03-08 22:55:07,764 - INFO - [Process 3686421] 开始评估方法: degreeTopM, 种子数: 100
2026-03-08 22:55:08,517 - INFO - [Process 3686422] 开始评估方法: pageRank, 种子数: 100
2026-03-08 22:55:09,273 - INFO - [Process 3686423] 开始评估方法: alpha_sort, 种子数: 100
2026-03-08 22:55:10,030 - INFO - [Process 3686424] 开始评估方法: ris_optimized, 种子数: 100
2026-03-08 22:55:11,193 - INFO - [alpha_sort - 种子:100] 拉新:44.0人 | 总销量:44.2单 | 品牌曝光:166.9次 | 🌟综合得分:60.8
2026-03-08 22:55:13,115 - INFO - [random - 种子:100] 拉新:64.8人 | 总销量:65.3单 | 品牌曝光:320.9次 | 🌟综合得分:97.1
2026-03-08 22:55:15,274 - INFO - [degreeTopM - 种子:100] 拉新:75.7人 | 总销量:77.2单 | 品牌曝光:384.1次 | 🌟综合得分:114.9
2026-03-08 22:55:16,619 - INFO - [pageRank - 种子:100] 拉新:75.7人 | 总销量:77.1单 | 品牌曝光:384.3次 | 🌟综合得分:114.8
2026-03-08 22:55:17,898 - INFO - [ris_optimized - 种子:100] 拉新:79.3人 | 总销量:80.1单 | 品牌曝光:398.9次 | 🌟综合得分:119.6
2026-03-08 22:55:17,937 - INFO - 所有进程执行完毕，开始写入数据...
2026-03-08 22:55:17,954 - INFO - 成功写入 5 条记录至 /home/wen/work/coup_spread/gzc-impl/results/network.douban11core/2026-3-9/random_SSRNum-50000-_seedNum-100_simuTimes-500.csv
2026-03-08 22:55:17,955 - INFO - 保存评估文件至: /home/wen/work/coup_spread/gzc-impl/results/network.douban11core/2026-3-9/random_SSRNum-50000-_seedNum-100_simuTimes-500.csv
2026-03-08 22:55:17,975 - INFO - 加载数据集: network.douban11core
2026-03-08 22:55:17,977 - INFO - --- 矩阵分析 ---
2026-03-08 22:55:17,977 - INFO - 节点数 (N): 5123
2026-03-08 22:55:17,977 - INFO - 边数 (E): 129298
2026-03-08 22:55:17,977 - INFO - 密度 (Density): 0.00492655 (越小越稀疏)
2026-03-08 22:55:17,977 - INFO - 稀疏度 (Sparsity): 0.99507345 (越接近1越稀疏)
2026-03-08 22:55:17,977 - INFO - 平均度数 (Avg Degree): 25.24
2026-03-08 22:55:17,977 - INFO - >>> 正在注入完美对抗属性（验证三条定理）...
2026-03-08 22:55:18,103 - INFO - 首次生成种子集 random
2026-03-08 22:55:18,103 - INFO - 执行当前算法开始: random
2026-03-08 22:55:18,103 - INFO - 数据集节点总数:  n = 5123, m = 125
2026-03-08 22:55:18,103 - INFO - 选择 125  [3451, 3232, 2014, 1569, 4599, 1743, 1815, 591, 4073, 4578, 4884, 4464, 1774, 2555, 4002, 5014, 4601, 1902, 2685, 2498, 2344, 4296, 2998, 4957, 3693, 1962, 2341, 375, 3744, 1779, 562, 3112, 3637, 2314, 1873, 4070, 867, 510, 3945, 1717, 2271, 1806, 680, 5021, 1006, 958, 424, 2693, 4804, 1053, 4799, 1865, 5009, 4970, 1258, 4706, 2863, 3786, 2191, 2567, 125, 4615, 2272, 755, 49, 564, 2742, 1416, 4597, 2965, 1925, 3202, 2433, 3390, 346, 3881, 2440, 3196, 3101, 3634, 1442, 3457, 1701, 4433, 2151, 3314, 1061, 22, 1466, 1741, 1137, 2462, 3497, 4441, 3641, 635, 3777, 4288, 2495, 4100, 3717, 3000, 980, 2841, 1891, 4178, 746, 3877, 1747, 2829, 4200, 2665, 1875, 3845, 4600, 148, 3627, 4870, 3415, 1977, 4603, 1327, 3758, 1023, 1744]

2026-03-08 22:55:18,103 - INFO - 当前用时 0.00 秒
2026-03-08 22:55:18,104 - INFO - 将种子集 写入位置: /home/wen/work/coup_spread/network.douban11core/2026-3-9/seeds-with-network.douban11core/random_random_seedNum-125_SSRNum-50000.txt
2026-03-08 22:55:18,104 - INFO - 首次生成种子集 degreeTopM
2026-03-08 22:55:18,104 - INFO - 执行当前算法开始: degreeTopM
2026-03-08 22:55:18,104 - INFO - 依据: 选择连接数（度数）最多的节点。
2026-03-08 22:55:18,104 - INFO - 选择的 Top M 节点及其度数:
2026-03-08 22:55:18,105 - INFO - 
2026-03-08 22:55:18,105 - INFO - 当前用时 0.00 秒
2026-03-08 22:55:18,105 - INFO - 将种子集 写入位置: /home/wen/work/coup_spread/network.douban11core/2026-3-9/seeds-with-network.douban11core/random_degreeTopM_seedNum-125_SSRNum-50000.txt
2026-03-08 22:55:18,105 - INFO - 首次生成种子集 pageRank
2026-03-08 22:55:18,105 - INFO - 执行当前算法开始: pageRank
2026-03-08 22:55:18,105 - INFO - --- Running: PageRank (on tranProMatrix) Top M ---
2026-03-08 22:55:18,776 - INFO - Selected PageRank seeds: [413, 135, 2568, 94, 2360, 412, 922, 644, 249, 1629, 295, 1195, 958, 1169, 2367, 11, 454, 590, 48, 1537, 1303, 1068, 1514, 902, 2005, 2595, 451, 744, 396, 2757, 2960, 2716, 100, 1604, 27, 611, 416, 2943, 2745, 696, 766, 855, 1186, 2542, 2395, 2242, 1166, 1595, 299, 142, 2409, 1892, 846, 2286, 1515, 3812, 137, 192, 899, 884, 2713, 4015, 197, 1882, 583, 2411, 3702, 114, 331, 228, 2403, 2590, 3936, 1941, 227, 380, 303, 979, 1173, 987, 1413, 1361, 3169, 1390, 2642, 2660, 230, 2187, 1423, 1192, 1815, 205, 821, 2205, 1117, 849, 1268, 2129, 926, 1520, 448, 2695, 1424, 196, 2190, 548, 432, 389, 483, 699, 3174, 256, 296, 446, 541, 397, 2899, 917, 235, 610, 2410, 953, 405, 1114, 868]
2026-03-08 22:55:18,777 - INFO - 当前用时 0.67 秒
2026-03-08 22:55:18,777 - INFO - 将种子集 写入位置: /home/wen/work/coup_spread/network.douban11core/2026-3-9/seeds-with-network.douban11core/random_pageRank_seedNum-125_SSRNum-50000.txt
2026-03-08 22:55:18,777 - INFO - 首次生成种子集 alpha_sort
2026-03-08 22:55:18,777 - INFO - 执行当前算法开始: alpha_sort
2026-03-08 22:55:18,778 - INFO - 5123 个节点的alpha值降序排序 done
2026-03-08 22:55:18,778 - INFO - ==============>> [(4099, np.float64(0.3)), (4100, np.float64(0.3)), (4101, np.float64(0.3)), (4102, np.float64(0.3)), (4103, np.float64(0.3)), (4104, np.float64(0.3)), (4105, np.float64(0.3)), (4106, np.float64(0.3)), (4107, np.float64(0.3)), (4108, np.float64(0.3))]
2026-03-08 22:55:18,778 - INFO - 
选择的种子集 (按alpha排序): [4099, 4100, 4101, 4102, 4103, 4104, 4105, 4106, 4107, 4108, 4109, 4110, 4111, 4112, 4113, 4114, 4115, 4116, 4117, 4118, 4119, 4120, 4121, 4122, 4123, 4124, 4125, 4126, 4127, 4128, 4129, 4130, 4131, 4132, 4133, 4134, 4135, 4136, 4137, 4138, 4139, 4140, 4141, 4142, 4143, 4144, 4145, 4146, 4147, 4148, 4149, 4150, 4151, 4152, 4153, 4154, 4155, 4156, 4157, 4158, 4159, 4160, 4161, 4162, 4163, 4164, 4165, 4166, 4167, 4168, 4169, 4170, 4171, 4172, 4173, 4174, 4175, 4176, 4177, 4178, 4179, 4180, 4181, 4182, 4183, 4184, 4185, 4186, 4187, 4188, 4189, 4190, 4191, 4192, 4193, 4194, 4195, 4196, 4197, 4198, 4199, 4200, 4201, 4202, 4203, 4204, 4205, 4206, 4207, 4208, 4209, 4210, 4211, 4212, 4213, 4214, 4215, 4216, 4217, 4218, 4219, 4220, 4221, 4222, 4223]

2026-03-08 22:55:18,778 - INFO - 当前用时 0.00 秒
2026-03-08 22:55:18,779 - INFO - 将种子集 写入位置: /home/wen/work/coup_spread/network.douban11core/2026-3-9/seeds-with-network.douban11core/random_alpha_sort_seedNum-125_SSRNum-50000.txt
2026-03-08 22:55:18,779 - INFO - 首次生成种子集 ris_optimized
2026-03-08 22:55:18,779 - INFO - 执行当前算法开始: ris_optimized
2026-03-08 22:55:19,237 - INFO - 图初始化完成，节点数: 5123，当前模式: 优化采样
2026-03-08 22:55:19,237 - INFO - 开始生成 50000 组多重RR-Set...
2026-03-08 22:56:18,135 - INFO - 生成完毕。耗时: 58.90 秒。
2026-03-08 22:56:18,154 - INFO - 开始基于多重RR集贪心选择最优种子...
2026-03-08 22:56:26,684 - INFO - 选种完毕。耗时: 8.53 秒。估算范围: 234.74
2026-03-08 22:56:27,822 - INFO - 当前用时 69.04 秒
2026-03-08 22:56:27,823 - INFO - 将种子集 写入位置: /home/wen/work/coup_spread/network.douban11core/2026-3-9/seeds-with-network.douban11core/random_ris_optimized_seedNum-125_SSRNum-50000.txt
2026-03-08 22:56:27,824 - INFO - 评估种子集: None
2026-03-08 22:56:27,824 - INFO - 多进程评估开始，共有 5 个方法待评估...
2026-03-08 22:56:27,824 - INFO - 启动进程池，Worker数量: 5
2026-03-08 22:56:28,776 - INFO - [Process 3687727] 开始评估方法: random, 种子数: 125
2026-03-08 22:56:29,507 - INFO - [Process 3687728] 开始评估方法: degreeTopM, 种子数: 125
2026-03-08 22:56:30,264 - INFO - [Process 3687729] 开始评估方法: pageRank, 种子数: 125
2026-03-08 22:56:31,001 - INFO - [Process 3687730] 开始评估方法: alpha_sort, 种子数: 125
2026-03-08 22:56:31,780 - INFO - [Process 3687731] 开始评估方法: ris_optimized, 种子数: 125
2026-03-08 22:56:33,253 - INFO - [alpha_sort - 种子:125] 拉新:54.8人 | 总销量:55.0单 | 品牌曝光:209.0次 | 🌟综合得分:75.8
2026-03-08 22:56:37,008 - INFO - [random - 种子:125] 拉新:84.6人 | 总销量:85.3单 | 品牌曝光:424.2次 | 🌟综合得分:127.4
2026-03-08 22:56:38,659 - INFO - [degreeTopM - 种子:125] 拉新:94.6人 | 总销量:96.7单 | 品牌曝光:482.2次 | 🌟综合得分:143.9
2026-03-08 22:56:39,428 - INFO - [pageRank - 种子:125] 拉新:94.4人 | 总销量:96.7单 | 品牌曝光:482.0次 | 🌟综合得分:143.8
2026-03-08 22:56:41,424 - INFO - [ris_optimized - 种子:125] 拉新:98.3人 | 总销量:99.7单 | 品牌曝光:496.8次 | 🌟综合得分:148.7
2026-03-08 22:56:41,468 - INFO - 所有进程执行完毕，开始写入数据...
2026-03-08 22:56:41,477 - INFO - 成功写入 5 条记录至 /home/wen/work/coup_spread/gzc-impl/results/network.douban11core/2026-3-9/random_SSRNum-50000-_seedNum-125_simuTimes-500.csv
2026-03-08 22:56:41,479 - INFO - 保存评估文件至: /home/wen/work/coup_spread/gzc-impl/results/network.douban11core/2026-3-9/random_SSRNum-50000-_seedNum-125_simuTimes-500.csv
2026-03-08 22:56:41,506 - INFO - 加载数据集: network.douban11core
2026-03-08 22:56:41,508 - INFO - --- 矩阵分析 ---
2026-03-08 22:56:41,508 - INFO - 节点数 (N): 5123
2026-03-08 22:56:41,508 - INFO - 边数 (E): 129298
2026-03-08 22:56:41,508 - INFO - 密度 (Density): 0.00492655 (越小越稀疏)
2026-03-08 22:56:41,508 - INFO - 稀疏度 (Sparsity): 0.99507345 (越接近1越稀疏)
2026-03-08 22:56:41,508 - INFO - 平均度数 (Avg Degree): 25.24
2026-03-08 22:56:41,508 - INFO - >>> 正在注入完美对抗属性（验证三条定理）...
2026-03-08 22:56:41,635 - INFO - 首次生成种子集 random
2026-03-08 22:56:41,635 - INFO - 执行当前算法开始: random
2026-03-08 22:56:41,635 - INFO - 数据集节点总数:  n = 5123, m = 150
2026-03-08 22:56:41,636 - INFO - 选择 150  [2813, 92, 218, 3131, 4558, 1851, 148, 2913, 2423, 1962, 4511, 243, 3952, 3020, 2880, 2734, 2052, 3877, 984, 590, 2828, 3286, 1850, 525, 2616, 3036, 2856, 1606, 2675, 1725, 3257, 4999, 108, 4891, 2054, 1868, 3822, 1057, 1109, 382, 3964, 4190, 2934, 3264, 1410, 3652, 2623, 794, 889, 2966, 427, 5036, 3285, 3534, 1077, 1726, 571, 3378, 293, 4304, 4609, 2089, 402, 61, 4042, 4568, 1494, 1231, 4762, 3445, 447, 3015, 3576, 1951, 1885, 2013, 2455, 2657, 4273, 1020, 737, 2794, 2752, 3205, 3644, 3698, 878, 1603, 3373, 495, 3907, 4524, 2172, 3993, 749, 4448, 2650, 2008, 3917, 4810, 4945, 4740, 2670, 644, 858, 1097, 3930, 2132, 3354, 2474, 2778, 1436, 204, 4341, 5053, 3545, 4672, 3972, 1853, 2854, 971, 1184, 3865, 1381, 675, 807, 2960, 708, 1741, 2710, 820, 4936, 4017, 449, 4099, 2402, 962, 135, 2571, 1600, 4126, 584, 2875, 4996, 2524, 3515, 505, 322, 5103, 1539]

2026-03-08 22:56:41,636 - INFO - 当前用时 0.00 秒
2026-03-08 22:56:41,636 - INFO - 将种子集 写入位置: /home/wen/work/coup_spread/network.douban11core/2026-3-9/seeds-with-network.douban11core/random_random_seedNum-150_SSRNum-50000.txt
2026-03-08 22:56:41,636 - INFO - 首次生成种子集 degreeTopM
2026-03-08 22:56:41,636 - INFO - 执行当前算法开始: degreeTopM
2026-03-08 22:56:41,636 - INFO - 依据: 选择连接数（度数）最多的节点。
2026-03-08 22:56:41,637 - INFO - 选择的 Top M 节点及其度数:
2026-03-08 22:56:41,637 - INFO - 
2026-03-08 22:56:41,637 - INFO - 当前用时 0.00 秒
2026-03-08 22:56:41,637 - INFO - 将种子集 写入位置: /home/wen/work/coup_spread/network.douban11core/2026-3-9/seeds-with-network.douban11core/random_degreeTopM_seedNum-150_SSRNum-50000.txt
2026-03-08 22:56:41,637 - INFO - 首次生成种子集 pageRank
2026-03-08 22:56:41,637 - INFO - 执行当前算法开始: pageRank
2026-03-08 22:56:41,637 - INFO - --- Running: PageRank (on tranProMatrix) Top M ---
2026-03-08 22:56:42,319 - INFO - Selected PageRank seeds: [413, 135, 2568, 94, 2360, 412, 922, 644, 249, 1629, 295, 1195, 958, 1169, 2367, 11, 454, 590, 48, 1537, 1303, 1068, 1514, 902, 2005, 2595, 451, 744, 396, 2757, 2960, 2716, 100, 1604, 27, 611, 416, 2943, 2745, 696, 766, 855, 1186, 2542, 2395, 2242, 1166, 1595, 299, 142, 2409, 1892, 846, 2286, 1515, 3812, 137, 192, 899, 884, 2713, 4015, 197, 1882, 583, 2411, 3702, 114, 331, 228, 2403, 2590, 3936, 1941, 227, 380, 303, 979, 1173, 987, 1413, 1361, 3169, 1390, 2642, 2660, 230, 2187, 1423, 1192, 1815, 205, 821, 2205, 1117, 849, 1268, 2129, 926, 1520, 448, 2695, 1424, 196, 2190, 548, 432, 389, 483, 699, 3174, 256, 296, 446, 541, 397, 2899, 917, 235, 610, 2410, 953, 405, 1114, 868, 546, 420, 623, 250, 947, 3012, 587, 417, 1115, 241, 3052, 717, 2712, 3640, 300, 1174, 3481, 1510, 262, 404, 1999, 1015, 1415, 1427, 2229]
2026-03-08 22:56:42,319 - INFO - 当前用时 0.68 秒
2026-03-08 22:56:42,319 - INFO - 将种子集 写入位置: /home/wen/work/coup_spread/network.douban11core/2026-3-9/seeds-with-network.douban11core/random_pageRank_seedNum-150_SSRNum-50000.txt
2026-03-08 22:56:42,320 - INFO - 首次生成种子集 alpha_sort
2026-03-08 22:56:42,320 - INFO - 执行当前算法开始: alpha_sort
2026-03-08 22:56:42,321 - INFO - 5123 个节点的alpha值降序排序 done
2026-03-08 22:56:42,321 - INFO - ==============>> [(4099, np.float64(0.3)), (4100, np.float64(0.3)), (4101, np.float64(0.3)), (4102, np.float64(0.3)), (4103, np.float64(0.3)), (4104, np.float64(0.3)), (4105, np.float64(0.3)), (4106, np.float64(0.3)), (4107, np.float64(0.3)), (4108, np.float64(0.3))]
2026-03-08 22:56:42,321 - INFO - 
选择的种子集 (按alpha排序): [4099, 4100, 4101, 4102, 4103, 4104, 4105, 4106, 4107, 4108, 4109, 4110, 4111, 4112, 4113, 4114, 4115, 4116, 4117, 4118, 4119, 4120, 4121, 4122, 4123, 4124, 4125, 4126, 4127, 4128, 4129, 4130, 4131, 4132, 4133, 4134, 4135, 4136, 4137, 4138, 4139, 4140, 4141, 4142, 4143, 4144, 4145, 4146, 4147, 4148, 4149, 4150, 4151, 4152, 4153, 4154, 4155, 4156, 4157, 4158, 4159, 4160, 4161, 4162, 4163, 4164, 4165, 4166, 4167, 4168, 4169, 4170, 4171, 4172, 4173, 4174, 4175, 4176, 4177, 4178, 4179, 4180, 4181, 4182, 4183, 4184, 4185, 4186, 4187, 4188, 4189, 4190, 4191, 4192, 4193, 4194, 4195, 4196, 4197, 4198, 4199, 4200, 4201, 4202, 4203, 4204, 4205, 4206, 4207, 4208, 4209, 4210, 4211, 4212, 4213, 4214, 4215, 4216, 4217, 4218, 4219, 4220, 4221, 4222, 4223, 4224, 4225, 4226, 4227, 4228, 4229, 4230, 4231, 4232, 4233, 4234, 4235, 4236, 4237, 4238, 4239, 4240, 4241, 4242, 4243, 4244, 4245, 4246, 4247, 4248]

2026-03-08 22:56:42,321 - INFO - 当前用时 0.00 秒
2026-03-08 22:56:42,321 - INFO - 将种子集 写入位置: /home/wen/work/coup_spread/network.douban11core/2026-3-9/seeds-with-network.douban11core/random_alpha_sort_seedNum-150_SSRNum-50000.txt
2026-03-08 22:56:42,321 - INFO - 首次生成种子集 ris_optimized
2026-03-08 22:56:42,321 - INFO - 执行当前算法开始: ris_optimized
2026-03-08 22:56:42,785 - INFO - 图初始化完成，节点数: 5123，当前模式: 优化采样
2026-03-08 22:56:42,785 - INFO - 开始生成 50000 组多重RR-Set...
2026-03-08 22:57:55,234 - INFO - 生成完毕。耗时: 72.45 秒。
2026-03-08 22:57:55,240 - INFO - 开始基于多重RR集贪心选择最优种子...
2026-03-08 22:58:01,354 - INFO - 选种完毕。耗时: 6.11 秒。估算范围: 277.36
2026-03-08 22:58:02,291 - INFO - 当前用时 79.97 秒
2026-03-08 22:58:02,292 - INFO - 将种子集 写入位置: /home/wen/work/coup_spread/network.douban11core/2026-3-9/seeds-with-network.douban11core/random_ris_optimized_seedNum-150_SSRNum-50000.txt
2026-03-08 22:58:02,293 - INFO - 评估种子集: None
2026-03-08 22:58:02,293 - INFO - 多进程评估开始，共有 5 个方法待评估...
2026-03-08 22:58:02,293 - INFO - 启动进程池，Worker数量: 5
2026-03-08 22:58:03,248 - INFO - [Process 3689209] 开始评估方法: random, 种子数: 150
2026-03-08 22:58:03,987 - INFO - [Process 3689214] 开始评估方法: degreeTopM, 种子数: 150
2026-03-08 22:58:04,737 - INFO - [Process 3689215] 开始评估方法: pageRank, 种子数: 150
2026-03-08 22:58:05,484 - INFO - [Process 3689216] 开始评估方法: alpha_sort, 种子数: 150
2026-03-08 22:58:06,229 - INFO - [Process 3689217] 开始评估方法: ris_optimized, 种子数: 150
2026-03-08 22:58:08,277 - INFO - [alpha_sort - 种子:150] 拉新:65.3人 | 总销量:65.6单 | 品牌曝光:249.5次 | 🌟综合得分:90.4
2026-03-08 22:58:12,818 - INFO - [random - 种子:150] 拉新:102.8人 | 总销量:104.1单 | 品牌曝光:519.8次 | 🌟综合得分:155.4
2026-03-08 22:58:15,158 - INFO - [degreeTopM - 种子:150] 拉新:113.0人 | 总销量:116.2单 | 品牌曝光:578.2次 | 🌟综合得分:172.4
2026-03-08 22:58:15,842 - INFO - [pageRank - 种子:150] 拉新:112.7人 | 总销量:115.8单 | 品牌曝光:576.2次 | 🌟综合得分:171.8
2026-03-08 22:58:17,597 - INFO - [ris_optimized - 种子:150] 拉新:118.4人 | 总销量:120.4单 | 品牌曝光:598.7次 | 🌟综合得分:179.3
2026-03-08 22:58:17,645 - INFO - 所有进程执行完毕，开始写入数据...
2026-03-08 22:58:17,657 - INFO - 成功写入 5 条记录至 /home/wen/work/coup_spread/gzc-impl/results/network.douban11core/2026-3-9/random_SSRNum-50000-_seedNum-150_simuTimes-500.csv
2026-03-08 22:58:17,657 - INFO - 保存评估文件至: /home/wen/work/coup_spread/gzc-impl/results/network.douban11core/2026-3-9/random_SSRNum-50000-_seedNum-150_simuTimes-500.csv
2026-03-08 22:58:17,682 - INFO - 加载数据集: network.douban11core
2026-03-08 22:58:17,683 - INFO - --- 矩阵分析 ---
2026-03-08 22:58:17,683 - INFO - 节点数 (N): 5123
2026-03-08 22:58:17,683 - INFO - 边数 (E): 129298
2026-03-08 22:58:17,683 - INFO - 密度 (Density): 0.00492655 (越小越稀疏)
2026-03-08 22:58:17,683 - INFO - 稀疏度 (Sparsity): 0.99507345 (越接近1越稀疏)
2026-03-08 22:58:17,684 - INFO - 平均度数 (Avg Degree): 25.24
2026-03-08 22:58:17,684 - INFO - >>> 正在注入完美对抗属性（验证三条定理）...
2026-03-08 22:58:17,806 - INFO - 首次生成种子集 random
2026-03-08 22:58:17,806 - INFO - 执行当前算法开始: random
2026-03-08 22:58:17,806 - INFO - 数据集节点总数:  n = 5123, m = 175
2026-03-08 22:58:17,807 - INFO - 选择 175  [2914, 1543, 4659, 1993, 166, 4010, 1273, 385, 4516, 1493, 3798, 4560, 874, 2918, 3122, 2465, 557, 584, 168, 1026, 4813, 4074, 3229, 3612, 1165, 1591, 2332, 3100, 3026, 217, 995, 2496, 2902, 1745, 3249, 2101, 4774, 638, 635, 1658, 2646, 1990, 827, 1371, 2933, 2055, 5114, 3809, 3827, 3064, 4515, 9, 3971, 4719, 2114, 4535, 852, 4889, 2838, 3692, 3054, 4928, 3831, 778, 1554, 5072, 3351, 1485, 3021, 2272, 4577, 4194, 425, 987, 449, 1838, 1690, 4326, 2347, 1968, 3856, 4412, 2609, 1073, 3854, 2632, 3566, 2379, 1357, 4442, 4920, 1664, 878, 1135, 4654, 2678, 721, 2207, 3793, 4064, 335, 576, 2334, 313, 3654, 1500, 2343, 2092, 4039, 1007, 149, 621, 4820, 4505, 1759, 1573, 277, 3724, 2703, 3233, 1854, 1201, 4420, 120, 1102, 3198, 4991, 1038, 3778, 2300, 2900, 497, 3192, 1687, 668, 3590, 24, 2474, 2560, 2394, 4698, 977, 3292, 3665, 3043, 2925, 152, 4359, 4960, 2641, 3743, 958, 3502, 2969, 1024, 1196, 672, 4183, 2564, 2995, 2422, 2323, 4751, 1239, 1092, 4134, 29, 3369, 608, 4597, 2123, 582, 196, 1857, 1725]

2026-03-08 22:58:17,807 - INFO - 当前用时 0.00 秒
2026-03-08 22:58:17,807 - INFO - 将种子集 写入位置: /home/wen/work/coup_spread/network.douban11core/2026-3-9/seeds-with-network.douban11core/random_random_seedNum-175_SSRNum-50000.txt
2026-03-08 22:58:17,807 - INFO - 首次生成种子集 degreeTopM
2026-03-08 22:58:17,807 - INFO - 执行当前算法开始: degreeTopM
2026-03-08 22:58:17,807 - INFO - 依据: 选择连接数（度数）最多的节点。
2026-03-08 22:58:17,808 - INFO - 选择的 Top M 节点及其度数:
2026-03-08 22:58:17,808 - INFO - 
2026-03-08 22:58:17,808 - INFO - 当前用时 0.00 秒
2026-03-08 22:58:17,808 - INFO - 将种子集 写入位置: /home/wen/work/coup_spread/network.douban11core/2026-3-9/seeds-with-network.douban11core/random_degreeTopM_seedNum-175_SSRNum-50000.txt
2026-03-08 22:58:17,808 - INFO - 首次生成种子集 pageRank
2026-03-08 22:58:17,808 - INFO - 执行当前算法开始: pageRank
2026-03-08 22:58:17,808 - INFO - --- Running: PageRank (on tranProMatrix) Top M ---
2026-03-08 22:58:18,413 - INFO - Selected PageRank seeds: [413, 135, 2568, 94, 2360, 412, 922, 644, 249, 1629, 295, 1195, 958, 1169, 2367, 11, 454, 590, 48, 1537, 1303, 1068, 1514, 902, 2005, 2595, 451, 744, 396, 2757, 2960, 2716, 100, 1604, 27, 611, 416, 2943, 2745, 696, 766, 855, 1186, 2542, 2395, 2242, 1166, 1595, 299, 142, 2409, 1892, 846, 2286, 1515, 3812, 137, 192, 899, 884, 2713, 4015, 197, 1882, 583, 2411, 3702, 114, 331, 228, 2403, 2590, 3936, 1941, 227, 380, 303, 979, 1173, 987, 1413, 1361, 3169, 1390, 2642, 2660, 230, 2187, 1423, 1192, 1815, 205, 821, 2205, 1117, 849, 1268, 2129, 926, 1520, 448, 2695, 1424, 196, 2190, 548, 432, 389, 483, 699, 3174, 256, 296, 446, 541, 397, 2899, 917, 235, 610, 2410, 953, 405, 1114, 868, 546, 420, 623, 250, 947, 3012, 587, 417, 1115, 241, 3052, 717, 2712, 3640, 300, 1174, 3481, 1510, 262, 404, 1999, 1015, 1415, 1427, 2229, 1277, 1911, 2039, 116, 1986, 1021, 2246, 1177, 719, 292, 443, 2913, 874, 4899, 3070, 1909, 2233, 440, 4019, 80, 488, 1664, 2234, 195, 306]
2026-03-08 22:58:18,413 - INFO - 当前用时 0.61 秒
2026-03-08 22:58:18,414 - INFO - 将种子集 写入位置: /home/wen/work/coup_spread/network.douban11core/2026-3-9/seeds-with-network.douban11core/random_pageRank_seedNum-175_SSRNum-50000.txt
2026-03-08 22:58:18,414 - INFO - 首次生成种子集 alpha_sort
2026-03-08 22:58:18,414 - INFO - 执行当前算法开始: alpha_sort
2026-03-08 22:58:18,415 - INFO - 5123 个节点的alpha值降序排序 done
2026-03-08 22:58:18,415 - INFO - ==============>> [(4099, np.float64(0.3)), (4100, np.float64(0.3)), (4101, np.float64(0.3)), (4102, np.float64(0.3)), (4103, np.float64(0.3)), (4104, np.float64(0.3)), (4105, np.float64(0.3)), (4106, np.float64(0.3)), (4107, np.float64(0.3)), (4108, np.float64(0.3))]
2026-03-08 22:58:18,415 - INFO - 
选择的种子集 (按alpha排序): [4099, 4100, 4101, 4102, 4103, 4104, 4105, 4106, 4107, 4108, 4109, 4110, 4111, 4112, 4113, 4114, 4115, 4116, 4117, 4118, 4119, 4120, 4121, 4122, 4123, 4124, 4125, 4126, 4127, 4128, 4129, 4130, 4131, 4132, 4133, 4134, 4135, 4136, 4137, 4138, 4139, 4140, 4141, 4142, 4143, 4144, 4145, 4146, 4147, 4148, 4149, 4150, 4151, 4152, 4153, 4154, 4155, 4156, 4157, 4158, 4159, 4160, 4161, 4162, 4163, 4164, 4165, 4166, 4167, 4168, 4169, 4170, 4171, 4172, 4173, 4174, 4175, 4176, 4177, 4178, 4179, 4180, 4181, 4182, 4183, 4184, 4185, 4186, 4187, 4188, 4189, 4190, 4191, 4192, 4193, 4194, 4195, 4196, 4197, 4198, 4199, 4200, 4201, 4202, 4203, 4204, 4205, 4206, 4207, 4208, 4209, 4210, 4211, 4212, 4213, 4214, 4215, 4216, 4217, 4218, 4219, 4220, 4221, 4222, 4223, 4224, 4225, 4226, 4227, 4228, 4229, 4230, 4231, 4232, 4233, 4234, 4235, 4236, 4237, 4238, 4239, 4240, 4241, 4242, 4243, 4244, 4245, 4246, 4247, 4248, 4249, 4250, 4251, 4252, 4253, 4254, 4255, 4256, 4257, 4258, 4259, 4260, 4261, 4262, 4263, 4264, 4265, 4266, 4267, 4268, 4269, 4270, 4271, 4272, 4273]

2026-03-08 22:58:18,415 - INFO - 当前用时 0.00 秒
2026-03-08 22:58:18,415 - INFO - 将种子集 写入位置: /home/wen/work/coup_spread/network.douban11core/2026-3-9/seeds-with-network.douban11core/random_alpha_sort_seedNum-175_SSRNum-50000.txt
2026-03-08 22:58:18,415 - INFO - 首次生成种子集 ris_optimized
2026-03-08 22:58:18,416 - INFO - 执行当前算法开始: ris_optimized
2026-03-08 22:58:18,869 - INFO - 图初始化完成，节点数: 5123，当前模式: 优化采样
2026-03-08 22:58:18,869 - INFO - 开始生成 50000 组多重RR-Set...
2026-03-08 22:59:45,270 - INFO - 生成完毕。耗时: 86.40 秒。
2026-03-08 22:59:45,283 - INFO - 开始基于多重RR集贪心选择最优种子...
2026-03-08 22:59:53,051 - INFO - 选种完毕。耗时: 7.77 秒。估算范围: 320.49
2026-03-08 22:59:54,015 - INFO - 当前用时 95.60 秒
2026-03-08 22:59:54,016 - INFO - 将种子集 写入位置: /home/wen/work/coup_spread/network.douban11core/2026-3-9/seeds-with-network.douban11core/random_ris_optimized_seedNum-175_SSRNum-50000.txt
2026-03-08 22:59:54,017 - INFO - 评估种子集: None
2026-03-08 22:59:54,017 - INFO - 多进程评估开始，共有 5 个方法待评估...
2026-03-08 22:59:54,017 - INFO - 启动进程池，Worker数量: 5
2026-03-08 22:59:55,038 - INFO - [Process 3690790] 开始评估方法: random, 种子数: 175
2026-03-08 22:59:55,777 - INFO - [Process 3690791] 开始评估方法: degreeTopM, 种子数: 175
2026-03-08 22:59:56,518 - INFO - [Process 3690792] 开始评估方法: pageRank, 种子数: 175
2026-03-08 22:59:57,266 - INFO - [Process 3690793] 开始评估方法: alpha_sort, 种子数: 175
2026-03-08 22:59:58,033 - INFO - [Process 3690794] 开始评估方法: ris_optimized, 种子数: 175
2026-03-08 23:00:00,466 - INFO - [alpha_sort - 种子:175] 拉新:75.7人 | 总销量:76.2单 | 品牌曝光:290.8次 | 🌟综合得分:105.0
2026-03-08 23:00:06,389 - INFO - [random - 种子:175] 拉新:118.1人 | 总销量:119.8单 | 品牌曝光:597.5次 | 🌟综合得分:178.7
2026-03-08 23:00:08,813 - INFO - [degreeTopM - 种子:175] 拉新:131.1人 | 总销量:135.2单 | 品牌曝光:674.6次 | 🌟综合得分:200.6
2026-03-08 23:00:09,404 - INFO - [pageRank - 种子:175] 拉新:130.8人 | 总销量:134.7单 | 品牌曝光:672.4次 | 🌟综合得分:200.0
2026-03-08 23:00:11,334 - INFO - [ris_optimized - 种子:175] 拉新:138.0人 | 总销量:140.8单 | 品牌曝光:699.9次 | 🌟综合得分:209.4
2026-03-08 23:00:11,380 - INFO - 所有进程执行完毕，开始写入数据...
2026-03-08 23:00:11,395 - INFO - 成功写入 5 条记录至 /home/wen/work/coup_spread/gzc-impl/results/network.douban11core/2026-3-9/random_SSRNum-50000-_seedNum-175_simuTimes-500.csv
2026-03-08 23:00:11,396 - INFO - 保存评估文件至: /home/wen/work/coup_spread/gzc-impl/results/network.douban11core/2026-3-9/random_SSRNum-50000-_seedNum-175_simuTimes-500.csv
2026-03-08 23:00:11,422 - INFO - 加载数据集: network.douban11core
2026-03-08 23:00:11,424 - INFO - --- 矩阵分析 ---
2026-03-08 23:00:11,424 - INFO - 节点数 (N): 5123
2026-03-08 23:00:11,424 - INFO - 边数 (E): 129298
2026-03-08 23:00:11,424 - INFO - 密度 (Density): 0.00492655 (越小越稀疏)
2026-03-08 23:00:11,424 - INFO - 稀疏度 (Sparsity): 0.99507345 (越接近1越稀疏)
2026-03-08 23:00:11,424 - INFO - 平均度数 (Avg Degree): 25.24
2026-03-08 23:00:11,425 - INFO - >>> 正在注入完美对抗属性（验证三条定理）...
2026-03-08 23:00:11,549 - INFO - 首次生成种子集 random
2026-03-08 23:00:11,549 - INFO - 执行当前算法开始: random
2026-03-08 23:00:11,549 - INFO - 数据集节点总数:  n = 5123, m = 200
2026-03-08 23:00:11,549 - INFO - 选择 200  [2853, 4100, 1520, 1137, 672, 2434, 4984, 3510, 2765, 2726, 3341, 4480, 4195, 4387, 4279, 1789, 1546, 739, 1408, 4859, 3378, 516, 287, 940, 1128, 3379, 1220, 3430, 4749, 1191, 3840, 1709, 4523, 2059, 3366, 23, 1105, 1683, 5104, 441, 3411, 3469, 5106, 2566, 4983, 3298, 800, 3804, 2171, 4449, 4343, 320, 3729, 3218, 1958, 4350, 645, 904, 3814, 1659, 973, 443, 4442, 2341, 4432, 3602, 1280, 2730, 5026, 989, 539, 5048, 5039, 396, 3849, 3397, 2222, 349, 3845, 1950, 3402, 1981, 356, 387, 4428, 4351, 2962, 2838, 4958, 2333, 149, 1707, 1866, 3191, 3382, 3720, 931, 4068, 1919, 905, 2743, 2366, 4868, 3162, 2071, 2717, 691, 2900, 2977, 4303, 3332, 3634, 3750, 3989, 269, 3623, 832, 2082, 1823, 3447, 1685, 3526, 5044, 3546, 178, 2004, 517, 215, 768, 1922, 1463, 4186, 2533, 3830, 144, 810, 4273, 243, 3133, 3273, 4821, 4456, 914, 2398, 4098, 3664, 3330, 2280, 3457, 4130, 730, 2283, 578, 769, 275, 510, 1606, 1324, 250, 3683, 999, 4232, 1090, 3307, 4847, 4813, 2389, 1813, 3369, 4558, 3802, 3364, 1241, 1196, 3184, 3231, 3644, 2470, 2400, 1338, 4062, 657, 147, 722, 4770, 4939, 2119, 4715, 1994, 1962, 1582, 1836, 3331, 1635, 1495, 4330, 1002, 4030, 2933, 4369]

2026-03-08 23:00:11,549 - INFO - 当前用时 0.00 秒
2026-03-08 23:00:11,550 - INFO - 将种子集 写入位置: /home/wen/work/coup_spread/network.douban11core/2026-3-9/seeds-with-network.douban11core/random_random_seedNum-200_SSRNum-50000.txt
2026-03-08 23:00:11,550 - INFO - 首次生成种子集 degreeTopM
2026-03-08 23:00:11,550 - INFO - 执行当前算法开始: degreeTopM
2026-03-08 23:00:11,550 - INFO - 依据: 选择连接数（度数）最多的节点。
2026-03-08 23:00:11,551 - INFO - 选择的 Top M 节点及其度数:
2026-03-08 23:00:11,551 - INFO - 
2026-03-08 23:00:11,551 - INFO - 当前用时 0.00 秒
2026-03-08 23:00:11,551 - INFO - 将种子集 写入位置: /home/wen/work/coup_spread/network.douban11core/2026-3-9/seeds-with-network.douban11core/random_degreeTopM_seedNum-200_SSRNum-50000.txt
2026-03-08 23:00:11,552 - INFO - 首次生成种子集 pageRank
2026-03-08 23:00:11,552 - INFO - 执行当前算法开始: pageRank
2026-03-08 23:00:11,552 - INFO - --- Running: PageRank (on tranProMatrix) Top M ---
2026-03-08 23:00:12,169 - INFO - Selected PageRank seeds: [413, 135, 2568, 94, 2360, 412, 922, 644, 249, 1629, 295, 1195, 958, 1169, 2367, 11, 454, 590, 48, 1537, 1303, 1068, 1514, 902, 2005, 2595, 451, 744, 396, 2757, 2960, 2716, 100, 1604, 27, 611, 416, 2943, 2745, 696, 766, 855, 1186, 2542, 2395, 2242, 1166, 1595, 299, 142, 2409, 1892, 846, 2286, 1515, 3812, 137, 192, 899, 884, 2713, 4015, 197, 1882, 583, 2411, 3702, 114, 331, 228, 2403, 2590, 3936, 1941, 227, 380, 303, 979, 1173, 987, 1413, 1361, 3169, 1390, 2642, 2660, 230, 2187, 1423, 1192, 1815, 205, 821, 2205, 1117, 849, 1268, 2129, 926, 1520, 448, 2695, 1424, 196, 2190, 548, 432, 389, 483, 699, 3174, 256, 296, 446, 541, 397, 2899, 917, 235, 610, 2410, 953, 405, 1114, 868, 546, 420, 623, 250, 947, 3012, 587, 417, 1115, 241, 3052, 717, 2712, 3640, 300, 1174, 3481, 1510, 262, 404, 1999, 1015, 1415, 1427, 2229, 1277, 1911, 2039, 116, 1986, 1021, 2246, 1177, 719, 292, 443, 2913, 874, 4899, 3070, 1909, 2233, 440, 4019, 80, 488, 1664, 2234, 195, 306, 1165, 2484, 1027, 930, 1008, 1410, 916, 1973, 13, 1981, 149, 237, 1182, 342, 1430, 2067, 858, 99, 3568, 3362, 3771, 1422, 245, 2142, 3830]
2026-03-08 23:00:12,170 - INFO - 当前用时 0.62 秒
2026-03-08 23:00:12,170 - INFO - 将种子集 写入位置: /home/wen/work/coup_spread/network.douban11core/2026-3-9/seeds-with-network.douban11core/random_pageRank_seedNum-200_SSRNum-50000.txt
2026-03-08 23:00:12,170 - INFO - 首次生成种子集 alpha_sort
2026-03-08 23:00:12,170 - INFO - 执行当前算法开始: alpha_sort
2026-03-08 23:00:12,171 - INFO - 5123 个节点的alpha值降序排序 done
2026-03-08 23:00:12,171 - INFO - ==============>> [(4099, np.float64(0.3)), (4100, np.float64(0.3)), (4101, np.float64(0.3)), (4102, np.float64(0.3)), (4103, np.float64(0.3)), (4104, np.float64(0.3)), (4105, np.float64(0.3)), (4106, np.float64(0.3)), (4107, np.float64(0.3)), (4108, np.float64(0.3))]
2026-03-08 23:00:12,171 - INFO - 
选择的种子集 (按alpha排序): [4099, 4100, 4101, 4102, 4103, 4104, 4105, 4106, 4107, 4108, 4109, 4110, 4111, 4112, 4113, 4114, 4115, 4116, 4117, 4118, 4119, 4120, 4121, 4122, 4123, 4124, 4125, 4126, 4127, 4128, 4129, 4130, 4131, 4132, 4133, 4134, 4135, 4136, 4137, 4138, 4139, 4140, 4141, 4142, 4143, 4144, 4145, 4146, 4147, 4148, 4149, 4150, 4151, 4152, 4153, 4154, 4155, 4156, 4157, 4158, 4159, 4160, 4161, 4162, 4163, 4164, 4165, 4166, 4167, 4168, 4169, 4170, 4171, 4172, 4173, 4174, 4175, 4176, 4177, 4178, 4179, 4180, 4181, 4182, 4183, 4184, 4185, 4186, 4187, 4188, 4189, 4190, 4191, 4192, 4193, 4194, 4195, 4196, 4197, 4198, 4199, 4200, 4201, 4202, 4203, 4204, 4205, 4206, 4207, 4208, 4209, 4210, 4211, 4212, 4213, 4214, 4215, 4216, 4217, 4218, 4219, 4220, 4221, 4222, 4223, 4224, 4225, 4226, 4227, 4228, 4229, 4230, 4231, 4232, 4233, 4234, 4235, 4236, 4237, 4238, 4239, 4240, 4241, 4242, 4243, 4244, 4245, 4246, 4247, 4248, 4249, 4250, 4251, 4252, 4253, 4254, 4255, 4256, 4257, 4258, 4259, 4260, 4261, 4262, 4263, 4264, 4265, 4266, 4267, 4268, 4269, 4270, 4271, 4272, 4273, 4274, 4275, 4276, 4277, 4278, 4279, 4280, 4281, 4282, 4283, 4284, 4285, 4286, 4287, 4288, 4289, 4290, 4291, 4292, 4293, 4294, 4295, 4296, 4297, 4298]

2026-03-08 23:00:12,171 - INFO - 当前用时 0.00 秒
2026-03-08 23:00:12,172 - INFO - 将种子集 写入位置: /home/wen/work/coup_spread/network.douban11core/2026-3-9/seeds-with-network.douban11core/random_alpha_sort_seedNum-200_SSRNum-50000.txt
2026-03-08 23:00:12,172 - INFO - 首次生成种子集 ris_optimized
2026-03-08 23:00:12,172 - INFO - 执行当前算法开始: ris_optimized
2026-03-08 23:00:12,663 - INFO - 图初始化完成，节点数: 5123，当前模式: 优化采样
2026-03-08 23:00:12,664 - INFO - 开始生成 50000 组多重RR-Set...
2026-03-08 23:01:49,096 - INFO - 生成完毕。耗时: 96.43 秒。
2026-03-08 23:01:49,117 - INFO - 开始基于多重RR集贪心选择最优种子...
2026-03-08 23:02:04,134 - INFO - 选种完毕。耗时: 15.02 秒。估算范围: 366.91
2026-03-08 23:02:05,479 - INFO - 当前用时 113.31 秒
2026-03-08 23:02:05,479 - INFO - 将种子集 写入位置: /home/wen/work/coup_spread/network.douban11core/2026-3-9/seeds-with-network.douban11core/random_ris_optimized_seedNum-200_SSRNum-50000.txt
2026-03-08 23:02:05,480 - INFO - 评估种子集: None
2026-03-08 23:02:05,481 - INFO - 多进程评估开始，共有 5 个方法待评估...
2026-03-08 23:02:05,481 - INFO - 启动进程池，Worker数量: 5
2026-03-08 23:02:06,452 - INFO - [Process 3692605] 开始评估方法: random, 种子数: 200
2026-03-08 23:02:07,194 - INFO - [Process 3692606] 开始评估方法: degreeTopM, 种子数: 200
2026-03-08 23:02:07,948 - INFO - [Process 3692607] 开始评估方法: pageRank, 种子数: 200
2026-03-08 23:02:08,723 - INFO - [Process 3692608] 开始评估方法: alpha_sort, 种子数: 200
2026-03-08 23:02:09,452 - INFO - [Process 3692609] 开始评估方法: ris_optimized, 种子数: 200
2026-03-08 23:02:12,436 - INFO - [alpha_sort - 种子:200] 拉新:86.2人 | 总销量:86.7单 | 品牌曝光:331.4次 | 🌟综合得分:119.6
2026-03-08 23:02:19,779 - INFO - [random - 种子:200] 拉新:133.3人 | 总销量:135.3单 | 品牌曝光:673.1次 | 🌟综合得分:201.6
2026-03-08 23:02:22,291 - INFO - [degreeTopM - 种子:200] 拉新:149.7人 | 总销量:154.9单 | 品牌曝光:772.4次 | 🌟综合得分:229.5
2026-03-08 23:02:22,882 - INFO - [pageRank - 种子:200] 拉新:149.1人 | 总销量:154.2单 | 品牌曝光:768.7次 | 🌟综合得分:228.5
2026-03-08 23:02:24,973 - INFO - [ris_optimized - 种子:200] 拉新:157.5人 | 总销量:161.0单 | 品牌曝光:802.5次 | 🌟综合得分:239.5
2026-03-08 23:02:25,018 - INFO - 所有进程执行完毕，开始写入数据...
2026-03-08 23:02:25,027 - INFO - 成功写入 5 条记录至 /home/wen/work/coup_spread/gzc-impl/results/network.douban11core/2026-3-9/random_SSRNum-50000-_seedNum-200_simuTimes-500.csv
2026-03-08 23:02:25,029 - INFO - 保存评估文件至: /home/wen/work/coup_spread/gzc-impl/results/network.douban11core/2026-3-9/random_SSRNum-50000-_seedNum-200_simuTimes-500.csv
2026-03-08 23:02:25,055 - INFO - 加载数据集: network.douban11core
2026-03-08 23:02:25,057 - INFO - --- 矩阵分析 ---
2026-03-08 23:02:25,057 - INFO - 节点数 (N): 5123
2026-03-08 23:02:25,057 - INFO - 边数 (E): 129298
2026-03-08 23:02:25,057 - INFO - 密度 (Density): 0.00492655 (越小越稀疏)
2026-03-08 23:02:25,057 - INFO - 稀疏度 (Sparsity): 0.99507345 (越接近1越稀疏)
2026-03-08 23:02:25,057 - INFO - 平均度数 (Avg Degree): 25.24
2026-03-08 23:02:25,057 - INFO - >>> 正在注入完美对抗属性（验证三条定理）...
2026-03-08 23:02:25,177 - INFO - 首次生成种子集 random
2026-03-08 23:02:25,178 - INFO - 执行当前算法开始: random
2026-03-08 23:02:25,178 - INFO - 数据集节点总数:  n = 5123, m = 225
2026-03-08 23:02:25,178 - INFO - 选择 225  [1198, 4874, 1197, 2260, 2285, 4540, 726, 4691, 3, 2313, 4758, 3543, 60, 4442, 2743, 2292, 3530, 559, 2550, 539, 4604, 116, 699, 3237, 894, 1361, 5018, 92, 4962, 1950, 897, 2423, 750, 3513, 592, 5019, 101, 989, 1407, 4111, 5043, 2128, 3845, 3378, 3808, 2873, 1997, 1177, 523, 4078, 465, 5110, 185, 4020, 4171, 1791, 4456, 3371, 2970, 2044, 4275, 3885, 1007, 3359, 3192, 3489, 4416, 5109, 583, 3533, 875, 1646, 4366, 507, 2456, 2217, 4486, 2951, 2439, 348, 1360, 1816, 242, 181, 2367, 1609, 3771, 20, 4670, 4846, 1731, 4288, 3662, 1611, 3658, 2654, 380, 773, 621, 735, 1777, 3319, 1830, 1128, 4579, 3996, 3141, 1890, 1981, 2494, 3449, 4490, 2925, 1075, 3668, 4415, 3273, 3433, 1160, 3129, 2375, 927, 3453, 1802, 5076, 4457, 1300, 336, 2376, 5042, 3398, 3026, 4468, 4441, 919, 3912, 2257, 3041, 1958, 2404, 814, 3205, 4276, 2565, 2610, 1865, 3203, 1138, 4785, 4074, 4201, 3368, 38, 2636, 5113, 4187, 1100, 470, 2700, 2113, 3278, 2626, 3336, 573, 3323, 4803, 3546, 3811, 244, 860, 1724, 3152, 917, 2644, 99, 4287, 4260, 302, 254, 2169, 2894, 2021, 1014, 128, 376, 3634, 1558, 107, 1869, 3785, 2144, 1706, 4065, 2986, 4863, 4061, 910, 4445, 754, 4685, 3708, 4267, 1392, 3722, 471, 5101, 2591, 4150, 1687, 3905, 1390, 4, 243, 4242, 3930, 1994, 4898, 678, 4964, 1984, 2398, 2775, 3017, 1123, 4544]

2026-03-08 23:02:25,178 - INFO - 当前用时 0.00 秒
2026-03-08 23:02:25,178 - INFO - 将种子集 写入位置: /home/wen/work/coup_spread/network.douban11core/2026-3-9/seeds-with-network.douban11core/random_random_seedNum-225_SSRNum-50000.txt
2026-03-08 23:02:25,178 - INFO - 首次生成种子集 degreeTopM
2026-03-08 23:02:25,178 - INFO - 执行当前算法开始: degreeTopM
2026-03-08 23:02:25,178 - INFO - 依据: 选择连接数（度数）最多的节点。
2026-03-08 23:02:25,179 - INFO - 选择的 Top M 节点及其度数:
2026-03-08 23:02:25,179 - INFO - 
2026-03-08 23:02:25,179 - INFO - 当前用时 0.00 秒
2026-03-08 23:02:25,179 - INFO - 将种子集 写入位置: /home/wen/work/coup_spread/network.douban11core/2026-3-9/seeds-with-network.douban11core/random_degreeTopM_seedNum-225_SSRNum-50000.txt
2026-03-08 23:02:25,180 - INFO - 首次生成种子集 pageRank
2026-03-08 23:02:25,180 - INFO - 执行当前算法开始: pageRank
2026-03-08 23:02:25,180 - INFO - --- Running: PageRank (on tranProMatrix) Top M ---
2026-03-08 23:02:25,801 - INFO - Selected PageRank seeds: [413, 135, 2568, 94, 2360, 412, 922, 644, 249, 1629, 295, 1195, 958, 1169, 2367, 11, 454, 590, 48, 1537, 1303, 1068, 1514, 902, 2005, 2595, 451, 744, 396, 2757, 2960, 2716, 100, 1604, 27, 611, 416, 2943, 2745, 696, 766, 855, 1186, 2542, 2395, 2242, 1166, 1595, 299, 142, 2409, 1892, 846, 2286, 1515, 3812, 137, 192, 899, 884, 2713, 4015, 197, 1882, 583, 2411, 3702, 114, 331, 228, 2403, 2590, 3936, 1941, 227, 380, 303, 979, 1173, 987, 1413, 1361, 3169, 1390, 2642, 2660, 230, 2187, 1423, 1192, 1815, 205, 821, 2205, 1117, 849, 1268, 2129, 926, 1520, 448, 2695, 1424, 196, 2190, 548, 432, 389, 483, 699, 3174, 256, 296, 446, 541, 397, 2899, 917, 235, 610, 2410, 953, 405, 1114, 868, 546, 420, 623, 250, 947, 3012, 587, 417, 1115, 241, 3052, 717, 2712, 3640, 300, 1174, 3481, 1510, 262, 404, 1999, 1015, 1415, 1427, 2229, 1277, 1911, 2039, 116, 1986, 1021, 2246, 1177, 719, 292, 443, 2913, 874, 4899, 3070, 1909, 2233, 440, 4019, 80, 488, 1664, 2234, 195, 306, 1165, 2484, 1027, 930, 1008, 1410, 916, 1973, 13, 1981, 149, 237, 1182, 342, 1430, 2067, 858, 99, 3568, 3362, 3771, 1422, 245, 2142, 3830, 1685, 2562, 2303, 1598, 2413, 328, 790, 3713, 455, 1914, 574, 1969, 2628, 830, 909, 103, 318, 1153, 1518, 3526, 1309, 1219, 1883, 2608, 3934]
2026-03-08 23:02:25,801 - INFO - 当前用时 0.62 秒
2026-03-08 23:02:25,801 - INFO - 将种子集 写入位置: /home/wen/work/coup_spread/network.douban11core/2026-3-9/seeds-with-network.douban11core/random_pageRank_seedNum-225_SSRNum-50000.txt
2026-03-08 23:02:25,802 - INFO - 首次生成种子集 alpha_sort
2026-03-08 23:02:25,802 - INFO - 执行当前算法开始: alpha_sort
2026-03-08 23:02:25,802 - INFO - 5123 个节点的alpha值降序排序 done
2026-03-08 23:02:25,803 - INFO - ==============>> [(4099, np.float64(0.3)), (4100, np.float64(0.3)), (4101, np.float64(0.3)), (4102, np.float64(0.3)), (4103, np.float64(0.3)), (4104, np.float64(0.3)), (4105, np.float64(0.3)), (4106, np.float64(0.3)), (4107, np.float64(0.3)), (4108, np.float64(0.3))]
2026-03-08 23:02:25,803 - INFO - 
选择的种子集 (按alpha排序): [4099, 4100, 4101, 4102, 4103, 4104, 4105, 4106, 4107, 4108, 4109, 4110, 4111, 4112, 4113, 4114, 4115, 4116, 4117, 4118, 4119, 4120, 4121, 4122, 4123, 4124, 4125, 4126, 4127, 4128, 4129, 4130, 4131, 4132, 4133, 4134, 4135, 4136, 4137, 4138, 4139, 4140, 4141, 4142, 4143, 4144, 4145, 4146, 4147, 4148, 4149, 4150, 4151, 4152, 4153, 4154, 4155, 4156, 4157, 4158, 4159, 4160, 4161, 4162, 4163, 4164, 4165, 4166, 4167, 4168, 4169, 4170, 4171, 4172, 4173, 4174, 4175, 4176, 4177, 4178, 4179, 4180, 4181, 4182, 4183, 4184, 4185, 4186, 4187, 4188, 4189, 4190, 4191, 4192, 4193, 4194, 4195, 4196, 4197, 4198, 4199, 4200, 4201, 4202, 4203, 4204, 4205, 4206, 4207, 4208, 4209, 4210, 4211, 4212, 4213, 4214, 4215, 4216, 4217, 4218, 4219, 4220, 4221, 4222, 4223, 4224, 4225, 4226, 4227, 4228, 4229, 4230, 4231, 4232, 4233, 4234, 4235, 4236, 4237, 4238, 4239, 4240, 4241, 4242, 4243, 4244, 4245, 4246, 4247, 4248, 4249, 4250, 4251, 4252, 4253, 4254, 4255, 4256, 4257, 4258, 4259, 4260, 4261, 4262, 4263, 4264, 4265, 4266, 4267, 4268, 4269, 4270, 4271, 4272, 4273, 4274, 4275, 4276, 4277, 4278, 4279, 4280, 4281, 4282, 4283, 4284, 4285, 4286, 4287, 4288, 4289, 4290, 4291, 4292, 4293, 4294, 4295, 4296, 4297, 4298, 4299, 4300, 4301, 4302, 4303, 4304, 4305, 4306, 4307, 4308, 4309, 4310, 4311, 4312, 4313, 4314, 4315, 4316, 4317, 4318, 4319, 4320, 4321, 4322, 4323]

2026-03-08 23:02:25,803 - INFO - 当前用时 0.00 秒
2026-03-08 23:02:25,803 - INFO - 将种子集 写入位置: /home/wen/work/coup_spread/network.douban11core/2026-3-9/seeds-with-network.douban11core/random_alpha_sort_seedNum-225_SSRNum-50000.txt
2026-03-08 23:02:25,803 - INFO - 首次生成种子集 ris_optimized
2026-03-08 23:02:25,803 - INFO - 执行当前算法开始: ris_optimized
2026-03-08 23:02:26,259 - INFO - 图初始化完成，节点数: 5123，当前模式: 优化采样
2026-03-08 23:02:26,259 - INFO - 开始生成 50000 组多重RR-Set...
2026-03-08 23:04:13,115 - INFO - 生成完毕。耗时: 106.86 秒。
2026-03-08 23:04:13,129 - INFO - 开始基于多重RR集贪心选择最优种子...
2026-03-08 23:04:27,689 - INFO - 选种完毕。耗时: 14.56 秒。估算范围: 411.27
2026-03-08 23:04:28,949 - INFO - 当前用时 123.15 秒
2026-03-08 23:04:28,950 - INFO - 将种子集 写入位置: /home/wen/work/coup_spread/network.douban11core/2026-3-9/seeds-with-network.douban11core/random_ris_optimized_seedNum-225_SSRNum-50000.txt
2026-03-08 23:04:28,951 - INFO - 评估种子集: None
2026-03-08 23:04:28,951 - INFO - 多进程评估开始，共有 5 个方法待评估...
2026-03-08 23:04:28,951 - INFO - 启动进程池，Worker数量: 5
2026-03-08 23:04:29,925 - INFO - [Process 3694843] 开始评估方法: random, 种子数: 225
2026-03-08 23:04:30,666 - INFO - [Process 3694844] 开始评估方法: degreeTopM, 种子数: 225
2026-03-08 23:04:31,414 - INFO - [Process 3694845] 开始评估方法: pageRank, 种子数: 225
2026-03-08 23:04:32,166 - INFO - [Process 3694846] 开始评估方法: alpha_sort, 种子数: 225
2026-03-08 23:04:32,912 - INFO - [Process 3694847] 开始评估方法: ris_optimized, 种子数: 225
2026-03-08 23:04:36,226 - INFO - [alpha_sort - 种子:225] 拉新:96.8人 | 总销量:97.6单 | 品牌曝光:372.8次 | 🌟综合得分:134.5
2026-03-08 23:04:43,360 - INFO - [random - 种子:225] 拉新:145.9人 | 总销量:148.3单 | 品牌曝光:737.7次 | 🌟综合得分:220.9
2026-03-08 23:04:47,448 - INFO - [degreeTopM - 种子:225] 拉新:168.0人 | 总销量:174.4单 | 品牌曝光:869.4次 | 🌟综合得分:258.1
2026-03-08 23:04:48,117 - INFO - [pageRank - 种子:225] 拉新:167.8人 | 总销量:173.8单 | 品牌曝光:866.8次 | 🌟综合得分:257.5
2026-03-08 23:04:49,647 - INFO - [ris_optimized - 种子:225] 拉新:175.5人 | 总销量:179.9单 | 品牌曝光:896.6次 | 🌟综合得分:267.4
2026-03-08 23:04:49,693 - INFO - 所有进程执行完毕，开始写入数据...
2026-03-08 23:04:49,701 - INFO - 成功写入 5 条记录至 /home/wen/work/coup_spread/gzc-impl/results/network.douban11core/2026-3-9/random_SSRNum-50000-_seedNum-225_simuTimes-500.csv
2026-03-08 23:04:49,703 - INFO - 保存评估文件至: /home/wen/work/coup_spread/gzc-impl/results/network.douban11core/2026-3-9/random_SSRNum-50000-_seedNum-225_simuTimes-500.csv
2026-03-08 23:04:49,736 - INFO - 加载数据集: network.douban11core
2026-03-08 23:04:49,737 - INFO - --- 矩阵分析 ---
2026-03-08 23:04:49,737 - INFO - 节点数 (N): 5123
2026-03-08 23:04:49,737 - INFO - 边数 (E): 129298
2026-03-08 23:04:49,737 - INFO - 密度 (Density): 0.00492655 (越小越稀疏)
2026-03-08 23:04:49,737 - INFO - 稀疏度 (Sparsity): 0.99507345 (越接近1越稀疏)
2026-03-08 23:04:49,737 - INFO - 平均度数 (Avg Degree): 25.24
2026-03-08 23:04:49,737 - INFO - >>> 正在注入完美对抗属性（验证三条定理）...
2026-03-08 23:04:49,860 - INFO - 首次生成种子集 random
2026-03-08 23:04:49,860 - INFO - 执行当前算法开始: random
2026-03-08 23:04:49,860 - INFO - 数据集节点总数:  n = 5123, m = 250
2026-03-08 23:04:49,860 - INFO - 选择 250  [529, 4246, 1167, 1734, 826, 1852, 1220, 3739, 1306, 3612, 872, 1939, 1009, 550, 2491, 3823, 1718, 4638, 3104, 4717, 2436, 985, 3842, 5035, 3378, 3822, 3977, 595, 2714, 3015, 4024, 1520, 1024, 3865, 3746, 2164, 947, 3475, 436, 1880, 3786, 4846, 2990, 2549, 1122, 4934, 5081, 4407, 4345, 5003, 2123, 2591, 1769, 4688, 2323, 4989, 1026, 3417, 4175, 1050, 3889, 2337, 4167, 4872, 643, 2829, 1145, 4808, 459, 4569, 3105, 3972, 3630, 4370, 1733, 361, 3351, 2679, 3025, 344, 2859, 2775, 4791, 2103, 609, 2676, 1898, 1338, 860, 1217, 4088, 2437, 465, 4365, 403, 82, 1462, 907, 371, 3963, 38, 100, 3531, 4682, 432, 4576, 750, 1416, 1922, 4837, 4059, 4994, 206, 596, 163, 1508, 2653, 682, 4858, 556, 3481, 2535, 3455, 2734, 3137, 1558, 2036, 3406, 2171, 3591, 89, 3625, 4267, 4681, 743, 3804, 924, 5110, 1500, 866, 1721, 1343, 3899, 3213, 759, 4110, 3298, 2412, 2475, 701, 3730, 4643, 2954, 3679, 970, 4790, 3098, 639, 3488, 497, 1997, 4225, 3244, 3226, 3971, 601, 1105, 4296, 264, 1433, 1816, 4337, 3435, 2592, 3106, 4469, 296, 3252, 2904, 2290, 3924, 1342, 3431, 2538, 4991, 3019, 633, 4694, 208, 1879, 1406, 787, 4541, 4289, 2710, 1581, 2681, 4706, 312, 48, 4690, 1645, 4106, 5047, 2693, 4772, 4974, 2409, 977, 3953, 338, 2502, 5108, 4878, 3064, 354, 2309, 4710, 162, 5070, 1834, 414, 1074, 3949, 2908, 2858, 1373, 4491, 2302, 4264, 827, 4801, 3359, 2402, 285, 3304, 3076, 73, 3282, 785, 834, 3136, 2282, 2399, 380, 4317, 4149, 3279, 3341, 1078]

2026-03-08 23:04:49,860 - INFO - 当前用时 0.00 秒
2026-03-08 23:04:49,861 - INFO - 将种子集 写入位置: /home/wen/work/coup_spread/network.douban11core/2026-3-9/seeds-with-network.douban11core/random_random_seedNum-250_SSRNum-50000.txt
2026-03-08 23:04:49,861 - INFO - 首次生成种子集 degreeTopM
2026-03-08 23:04:49,861 - INFO - 执行当前算法开始: degreeTopM
2026-03-08 23:04:49,861 - INFO - 依据: 选择连接数（度数）最多的节点。
2026-03-08 23:04:49,861 - INFO - 选择的 Top M 节点及其度数:
2026-03-08 23:04:49,862 - INFO - 
2026-03-08 23:04:49,862 - INFO - 当前用时 0.00 秒
2026-03-08 23:04:49,862 - INFO - 将种子集 写入位置: /home/wen/work/coup_spread/network.douban11core/2026-3-9/seeds-with-network.douban11core/random_degreeTopM_seedNum-250_SSRNum-50000.txt
2026-03-08 23:04:49,862 - INFO - 首次生成种子集 pageRank
2026-03-08 23:04:49,862 - INFO - 执行当前算法开始: pageRank
2026-03-08 23:04:49,862 - INFO - --- Running: PageRank (on tranProMatrix) Top M ---
2026-03-08 23:04:50,469 - INFO - Selected PageRank seeds: [413, 135, 2568, 94, 2360, 412, 922, 644, 249, 1629, 295, 1195, 958, 1169, 2367, 11, 454, 590, 48, 1537, 1303, 1068, 1514, 902, 2005, 2595, 451, 744, 396, 2757, 2960, 2716, 100, 1604, 27, 611, 416, 2943, 2745, 696, 766, 855, 1186, 2542, 2395, 2242, 1166, 1595, 299, 142, 2409, 1892, 846, 2286, 1515, 3812, 137, 192, 899, 884, 2713, 4015, 197, 1882, 583, 2411, 3702, 114, 331, 228, 2403, 2590, 3936, 1941, 227, 380, 303, 979, 1173, 987, 1413, 1361, 3169, 1390, 2642, 2660, 230, 2187, 1423, 1192, 1815, 205, 821, 2205, 1117, 849, 1268, 2129, 926, 1520, 448, 2695, 1424, 196, 2190, 548, 432, 389, 483, 699, 3174, 256, 296, 446, 541, 397, 2899, 917, 235, 610, 2410, 953, 405, 1114, 868, 546, 420, 623, 250, 947, 3012, 587, 417, 1115, 241, 3052, 717, 2712, 3640, 300, 1174, 3481, 1510, 262, 404, 1999, 1015, 1415, 1427, 2229, 1277, 1911, 2039, 116, 1986, 1021, 2246, 1177, 719, 292, 443, 2913, 874, 4899, 3070, 1909, 2233, 440, 4019, 80, 488, 1664, 2234, 195, 306, 1165, 2484, 1027, 930, 1008, 1410, 916, 1973, 13, 1981, 149, 237, 1182, 342, 1430, 2067, 858, 99, 3568, 3362, 3771, 1422, 245, 2142, 3830, 1685, 2562, 2303, 1598, 2413, 328, 790, 3713, 455, 1914, 574, 1969, 2628, 830, 909, 103, 318, 1153, 1518, 3526, 1309, 1219, 1883, 2608, 3934, 2936, 3639, 991, 3004, 1841, 2110, 4261, 444, 3778, 1828, 4018, 1030, 2473, 2742, 2106, 1428, 1915, 465, 1216, 1235, 534, 140, 4405, 1016, 861]
2026-03-08 23:04:50,469 - INFO - 当前用时 0.61 秒
2026-03-08 23:04:50,470 - INFO - 将种子集 写入位置: /home/wen/work/coup_spread/network.douban11core/2026-3-9/seeds-with-network.douban11core/random_pageRank_seedNum-250_SSRNum-50000.txt
2026-03-08 23:04:50,470 - INFO - 首次生成种子集 alpha_sort
2026-03-08 23:04:50,470 - INFO - 执行当前算法开始: alpha_sort
2026-03-08 23:04:50,471 - INFO - 5123 个节点的alpha值降序排序 done
2026-03-08 23:04:50,471 - INFO - ==============>> [(4099, np.float64(0.3)), (4100, np.float64(0.3)), (4101, np.float64(0.3)), (4102, np.float64(0.3)), (4103, np.float64(0.3)), (4104, np.float64(0.3)), (4105, np.float64(0.3)), (4106, np.float64(0.3)), (4107, np.float64(0.3)), (4108, np.float64(0.3))]
2026-03-08 23:04:50,471 - INFO - 
选择的种子集 (按alpha排序): [4099, 4100, 4101, 4102, 4103, 4104, 4105, 4106, 4107, 4108, 4109, 4110, 4111, 4112, 4113, 4114, 4115, 4116, 4117, 4118, 4119, 4120, 4121, 4122, 4123, 4124, 4125, 4126, 4127, 4128, 4129, 4130, 4131, 4132, 4133, 4134, 4135, 4136, 4137, 4138, 4139, 4140, 4141, 4142, 4143, 4144, 4145, 4146, 4147, 4148, 4149, 4150, 4151, 4152, 4153, 4154, 4155, 4156, 4157, 4158, 4159, 4160, 4161, 4162, 4163, 4164, 4165, 4166, 4167, 4168, 4169, 4170, 4171, 4172, 4173, 4174, 4175, 4176, 4177, 4178, 4179, 4180, 4181, 4182, 4183, 4184, 4185, 4186, 4187, 4188, 4189, 4190, 4191, 4192, 4193, 4194, 4195, 4196, 4197, 4198, 4199, 4200, 4201, 4202, 4203, 4204, 4205, 4206, 4207, 4208, 4209, 4210, 4211, 4212, 4213, 4214, 4215, 4216, 4217, 4218, 4219, 4220, 4221, 4222, 4223, 4224, 4225, 4226, 4227, 4228, 4229, 4230, 4231, 4232, 4233, 4234, 4235, 4236, 4237, 4238, 4239, 4240, 4241, 4242, 4243, 4244, 4245, 4246, 4247, 4248, 4249, 4250, 4251, 4252, 4253, 4254, 4255, 4256, 4257, 4258, 4259, 4260, 4261, 4262, 4263, 4264, 4265, 4266, 4267, 4268, 4269, 4270, 4271, 4272, 4273, 4274, 4275, 4276, 4277, 4278, 4279, 4280, 4281, 4282, 4283, 4284, 4285, 4286, 4287, 4288, 4289, 4290, 4291, 4292, 4293, 4294, 4295, 4296, 4297, 4298, 4299, 4300, 4301, 4302, 4303, 4304, 4305, 4306, 4307, 4308, 4309, 4310, 4311, 4312, 4313, 4314, 4315, 4316, 4317, 4318, 4319, 4320, 4321, 4322, 4323, 4324, 4325, 4326, 4327, 4328, 4329, 4330, 4331, 4332, 4333, 4334, 4335, 4336, 4337, 4338, 4339, 4340, 4341, 4342, 4343, 4344, 4345, 4346, 4347, 4348]

2026-03-08 23:04:50,471 - INFO - 当前用时 0.00 秒
2026-03-08 23:04:50,471 - INFO - 将种子集 写入位置: /home/wen/work/coup_spread/network.douban11core/2026-3-9/seeds-with-network.douban11core/random_alpha_sort_seedNum-250_SSRNum-50000.txt
2026-03-08 23:04:50,471 - INFO - 首次生成种子集 ris_optimized
2026-03-08 23:04:50,471 - INFO - 执行当前算法开始: ris_optimized
2026-03-08 23:04:50,936 - INFO - 图初始化完成，节点数: 5123，当前模式: 优化采样
2026-03-08 23:04:50,936 - INFO - 开始生成 50000 组多重RR-Set...
2026-03-08 23:06:53,618 - INFO - 生成完毕。耗时: 122.68 秒。
2026-03-08 23:06:53,641 - INFO - 开始基于多重RR集贪心选择最优种子...
2026-03-08 23:07:07,904 - INFO - 选种完毕。耗时: 14.26 秒。估算范围: 455.02
2026-03-08 23:07:09,869 - INFO - 当前用时 139.40 秒
2026-03-08 23:07:09,869 - INFO - 将种子集 写入位置: /home/wen/work/coup_spread/network.douban11core/2026-3-9/seeds-with-network.douban11core/random_ris_optimized_seedNum-250_SSRNum-50000.txt
2026-03-08 23:07:09,870 - INFO - 评估种子集: None
2026-03-08 23:07:09,871 - INFO - 多进程评估开始，共有 5 个方法待评估...
2026-03-08 23:07:09,871 - INFO - 启动进程池，Worker数量: 5
2026-03-08 23:07:10,856 - INFO - [Process 3696928] 开始评估方法: random, 种子数: 250
2026-03-08 23:07:11,603 - INFO - [Process 3696929] 开始评估方法: degreeTopM, 种子数: 250
2026-03-08 23:07:12,361 - INFO - [Process 3696930] 开始评估方法: pageRank, 种子数: 250
2026-03-08 23:07:13,120 - INFO - [Process 3696931] 开始评估方法: alpha_sort, 种子数: 250
2026-03-08 23:07:13,910 - INFO - [Process 3696932] 开始评估方法: ris_optimized, 种子数: 250
2026-03-08 23:07:17,617 - INFO - [alpha_sort - 种子:250] 拉新:107.3人 | 总销量:108.1单 | 品牌曝光:414.1次 | 🌟综合得分:149.1
2026-03-08 23:07:26,969 - INFO - [random - 种子:250] 拉新:162.1人 | 总销量:165.4单 | 品牌曝光:831.4次 | 🌟综合得分:246.9
2026-03-08 23:07:29,975 - INFO - [degreeTopM - 种子:250] 拉新:185.3人 | 总销量:193.1单 | 品牌曝光:961.0次 | 🌟综合得分:285.3
2026-03-08 23:07:30,730 - INFO - [pageRank - 种子:250] 拉新:184.9人 | 总销量:192.6单 | 品牌曝光:958.4次 | 🌟综合得分:284.6
2026-03-08 23:07:32,173 - INFO - [ris_optimized - 种子:250] 拉新:194.5人 | 总销量:200.0单 | 品牌曝光:995.0次 | 🌟综合得分:296.7
2026-03-08 23:07:32,233 - INFO - 所有进程执行完毕，开始写入数据...
2026-03-08 23:07:32,248 - INFO - 成功写入 5 条记录至 /home/wen/work/coup_spread/gzc-impl/results/network.douban11core/2026-3-9/random_SSRNum-50000-_seedNum-250_simuTimes-500.csv
2026-03-08 23:07:32,249 - INFO - 保存评估文件至: /home/wen/work/coup_spread/gzc-impl/results/network.douban11core/2026-3-9/random_SSRNum-50000-_seedNum-250_simuTimes-500.csv
