2026-01-05 23:17:02,395 - INFO - 加载数据集: network.netfacebookego
2026-01-05 23:17:02,396 - INFO - --- 矩阵分析 ---
2026-01-05 23:17:02,396 - INFO - 节点数 (N): 2888
2026-01-05 23:17:02,396 - INFO - 边数 (E): 5962
2026-01-05 23:17:02,396 - INFO - 密度 (Density): 0.00071482 (越小越稀疏)
2026-01-05 23:17:02,396 - INFO - 稀疏度 (Sparsity): 0.99928518 (越接近1越稀疏)
2026-01-05 23:17:02,396 - INFO - 平均度数 (Avg Degree): 2.06
2026-01-05 23:17:02,397 - INFO - 首次生成度相关概率分布 分布类型: 'random'.
2026-01-05 23:17:02,397 - INFO - ===> Generating 'Dirichlet' distributions with alpha=[5, 1, 94]...
2026-01-05 23:17:02,398 - INFO - 保存概率分布 文件位置: /root/pythonspace/data-test/network.netfacebookego/2026-1-6-[5,1,94]/distribution-in-network.netfacebookego/distribution-random_seedNum-10.pkl
2026-01-05 23:17:02,404 - INFO - 首次生成种子集 random
2026-01-05 23:17:02,405 - INFO - 执行当前算法开始: random
2026-01-05 23:17:02,405 - INFO - 数据集节点总数:  n = 2888, m = 10
2026-01-05 23:17:02,405 - INFO - 选择 10  [1244, 1227, 878, 348, 838, 1986, 251, 2384, 1159, 1269]

2026-01-05 23:17:02,405 - INFO - 当前用时 0.00 秒
2026-01-05 23:17:02,405 - INFO - 将种子集 写入位置: /root/pythonspace/data-test/network.netfacebookego/2026-1-6-[5,1,94]/seeds-with-network.netfacebookego/random_random_seedNum-10_SSRNum-100000.txt
2026-01-05 23:17:02,405 - INFO - 首次生成种子集 degreeTopM
2026-01-05 23:17:02,405 - INFO - 执行当前算法开始: degreeTopM
2026-01-05 23:17:02,405 - INFO - 依据: 选择连接数（度数）最多的节点。
2026-01-05 23:17:02,405 - INFO - 选择的 Top M 节点及其度数:
2026-01-05 23:17:02,405 - INFO - 
2026-01-05 23:17:02,405 - INFO - 当前用时 0.00 秒
2026-01-05 23:17:02,406 - INFO - 将种子集 写入位置: /root/pythonspace/data-test/network.netfacebookego/2026-1-6-[5,1,94]/seeds-with-network.netfacebookego/random_degreeTopM_seedNum-10_SSRNum-100000.txt
2026-01-05 23:17:02,406 - INFO - 首次生成种子集 pageRank
2026-01-05 23:17:02,406 - INFO - 执行当前算法开始: pageRank
2026-01-05 23:17:02,406 - INFO - --- Running: PageRank (on tranProMatrix) Top M ---
2026-01-05 23:17:02,504 - INFO - Selected PageRank seeds: [602, 1524, 287, 0, 709, 2686, 713, 2231, 2535, 2698]
2026-01-05 23:17:02,505 - INFO - 当前用时 0.10 秒
2026-01-05 23:17:02,505 - INFO - 将种子集 写入位置: /root/pythonspace/data-test/network.netfacebookego/2026-1-6-[5,1,94]/seeds-with-network.netfacebookego/random_pageRank_seedNum-10_SSRNum-100000.txt
2026-01-05 23:17:02,505 - INFO - 首次生成种子集 alpha_sort
2026-01-05 23:17:02,506 - INFO - 执行当前算法开始: alpha_sort
2026-01-05 23:17:02,507 - INFO - 2888 个节点的alpha值降序排序 done
2026-01-05 23:17:02,507 - INFO - ==============>> [(2836, 0.1525334), (2483, 0.1425772), (203, 0.1424023), (382, 0.1379847), (665, 0.1313097), (1380, 0.1265898), (1834, 0.1229916), (1344, 0.1228037), (2675, 0.1206391), (771, 0.1203607)]
2026-01-05 23:17:02,507 - INFO - 
选择的种子集 (按alpha排序): [2836, 2483, 203, 382, 665, 1380, 1834, 1344, 2675, 771]

2026-01-05 23:17:02,507 - INFO - 当前用时 0.00 秒
2026-01-05 23:17:02,507 - INFO - 将种子集 写入位置: /root/pythonspace/data-test/network.netfacebookego/2026-1-6-[5,1,94]/seeds-with-network.netfacebookego/random_alpha_sort_seedNum-10_SSRNum-100000.txt
2026-01-05 23:17:02,507 - INFO - 首次生成种子集 importance_sort
2026-01-05 23:17:02,507 - INFO - 执行当前算法开始: importance_sort
2026-01-05 23:17:02,821 - INFO - 2888 个节点的Importance值降序排序 done
2026-01-05 23:17:02,821 - INFO - 
选择的种子集 (按Importance排序): [203, 2836, 4, 51, 2483, 226, 79, 382, 40, 140]

2026-01-05 23:17:02,821 - INFO - 当前用时 0.31 秒
2026-01-05 23:17:02,822 - INFO - 将种子集 写入位置: /root/pythonspace/data-test/network.netfacebookego/2026-1-6-[5,1,94]/seeds-with-network.netfacebookego/random_importance_sort_seedNum-10_SSRNum-100000.txt
2026-01-05 23:17:02,822 - INFO - 首次生成种子集 ris_coverage
2026-01-05 23:17:02,822 - INFO - 执行当前算法开始: ris_coverage
2026-01-05 23:17:02,876 - INFO - 图初始化完成，节点数: 2888，CSR 矩阵准备就绪。
2026-01-05 23:17:02,876 - INFO - 
开始生成 100000 组 SSR (并行进程: 8)...
2026-01-05 23:17:04,148 - INFO - 生成完毕。耗时: 1.27 秒。
2026-01-05 23:17:04,149 - INFO - 
开始选择最优种子 (Optimized Greedy) ...
2026-01-05 23:17:04,355 - INFO -   - 券 1/10 选中节点 1344, 新增覆盖 15
2026-01-05 23:17:04,359 - INFO -   - 券 2/10 选中节点 2457, 新增覆盖 16
2026-01-05 23:17:04,363 - INFO -   - 券 3/10 选中节点 2710, 新增覆盖 15
2026-01-05 23:17:04,370 - INFO -   - 券 4/10 选中节点 1808, 新增覆盖 15
2026-01-05 23:17:04,377 - INFO -   - 券 5/10 选中节点 2704, 新增覆盖 14
2026-01-05 23:17:04,384 - INFO -   - 券 6/10 选中节点 2276, 新增覆盖 18
2026-01-05 23:17:04,395 - INFO -   - 券 7/10 选中节点 203, 新增覆盖 15
2026-01-05 23:17:04,408 - INFO -   - 券 8/10 选中节点 2468, 新增覆盖 14
2026-01-05 23:17:04,422 - INFO -   - 券 9/10 选中节点 1295, 新增覆盖 15
2026-01-05 23:17:04,440 - INFO -   - 券 10/10 选中节点 2320, 新增覆盖 13
2026-01-05 23:17:04,440 - INFO - 选种完毕。耗时: 0.29 秒。
2026-01-05 23:17:04,446 - INFO - 最终选择的种子集: [1344, 2457, 2710, 1808, 2704, 2276, 203, 2468, 1295, 2320]

2026-01-05 23:17:04,505 - INFO - 当前用时 1.68 秒
2026-01-05 23:17:04,505 - INFO - 将种子集 写入位置: /root/pythonspace/data-test/network.netfacebookego/2026-1-6-[5,1,94]/seeds-with-network.netfacebookego/random_ris_coverage_seedNum-10_SSRNum-100000.txt
2026-01-05 23:17:04,506 - INFO - 评估种子集: None
2026-01-05 23:17:04,506 - INFO - 多进程评估开始，共有 6 个方法待评估...
2026-01-05 23:17:04,506 - INFO - 启动进程池，Worker数量: 6
2026-01-05 23:17:04,727 - INFO - [Process 10769] 开始评估方法: random, 种子数: 10
2026-01-05 23:17:04,861 - INFO - [Process 10770] 开始评估方法: degreeTopM, 种子数: 10
2026-01-05 23:17:05,002 - INFO - [Process 10771] 开始评估方法: pageRank, 种子数: 10
2026-01-05 23:17:05,150 - INFO - [Process 10772] 开始评估方法: alpha_sort, 种子数: 10
2026-01-05 23:17:05,294 - INFO - [Process 10773] 开始评估方法: importance_sort, 种子数: 10
2026-01-05 23:17:05,435 - INFO - [Process 10774] 开始评估方法: ris_coverage, 种子数: 10
2026-01-05 23:17:12,279 - INFO - [Process 10772] alpha_sort - 1000 sims 完成: E=7.58
2026-01-05 23:17:12,514 - INFO - [Process 10769] random - 1000 sims 完成: E=6.60
2026-01-05 23:17:12,783 - INFO - [Process 10770] degreeTopM - 1000 sims 完成: E=7.82
2026-01-05 23:17:12,794 - INFO - [Process 10773] importance_sort - 1000 sims 完成: E=6.80
2026-01-05 23:17:12,880 - INFO - [Process 10774] ris_coverage - 1000 sims 完成: E=7.80
2026-01-05 23:17:13,208 - INFO - [Process 10771] pageRank - 1000 sims 完成: E=7.82
2026-01-05 23:17:13,219 - INFO - 所有进程执行完毕，开始写入数据...
2026-01-05 23:17:13,225 - INFO - 成功写入 6 条记录至 /root/pythonspace/data-test/network.netfacebookego/2026-1-6-[5,1,94]/E-activated-network.netfacebookego/distribution-random/simuTimes-1000_random-dirichlet-[5, 1, 94]_rrNumSamples-100000.csv
2026-01-05 23:17:13,225 - INFO - 保存评估文件至: /root/pythonspace/data-test/network.netfacebookego/2026-1-6-[5,1,94]/E-activated-network.netfacebookego/distribution-random/simuTimes-1000_random-dirichlet-[5, 1, 94]_rrNumSamples-100000.csv
2026-01-05 23:17:13,227 - INFO - 加载数据集: network.netfacebookego
2026-01-05 23:17:13,227 - INFO - --- 矩阵分析 ---
2026-01-05 23:17:13,227 - INFO - 节点数 (N): 2888
2026-01-05 23:17:13,227 - INFO - 边数 (E): 5962
2026-01-05 23:17:13,227 - INFO - 密度 (Density): 0.00071482 (越小越稀疏)
2026-01-05 23:17:13,227 - INFO - 稀疏度 (Sparsity): 0.99928518 (越接近1越稀疏)
2026-01-05 23:17:13,227 - INFO - 平均度数 (Avg Degree): 2.06
2026-01-05 23:17:13,228 - INFO - 首次生成度相关概率分布 分布类型: 'random'.
2026-01-05 23:17:13,228 - INFO - ===> Generating 'Dirichlet' distributions with alpha=[5, 1, 94]...
2026-01-05 23:17:13,229 - INFO - 保存概率分布 文件位置: /root/pythonspace/data-test/network.netfacebookego/2026-1-6-[5,1,94]/distribution-in-network.netfacebookego/distribution-random_seedNum-35.pkl
2026-01-05 23:17:13,238 - INFO - 首次生成种子集 random
2026-01-05 23:17:13,238 - INFO - 执行当前算法开始: random
2026-01-05 23:17:13,238 - INFO - 数据集节点总数:  n = 2888, m = 35
2026-01-05 23:17:13,239 - INFO - 选择 35  [105, 2078, 1525, 2037, 1901, 2161, 93, 2808, 157, 1073, 2144, 2672, 1902, 1926, 1890, 2708, 2285, 1817, 1044, 2093, 2703, 2041, 2639, 2795, 2303, 1220, 938, 2667, 2031, 2588, 2602, 327, 1545, 349, 1965]

2026-01-05 23:17:13,239 - INFO - 当前用时 0.00 秒
2026-01-05 23:17:13,239 - INFO - 将种子集 写入位置: /root/pythonspace/data-test/network.netfacebookego/2026-1-6-[5,1,94]/seeds-with-network.netfacebookego/random_random_seedNum-35_SSRNum-100000.txt
2026-01-05 23:17:13,239 - INFO - 首次生成种子集 degreeTopM
2026-01-05 23:17:13,239 - INFO - 执行当前算法开始: degreeTopM
2026-01-05 23:17:13,239 - INFO - 依据: 选择连接数（度数）最多的节点。
2026-01-05 23:17:13,240 - INFO - 选择的 Top M 节点及其度数:
2026-01-05 23:17:13,240 - INFO - 
2026-01-05 23:17:13,240 - INFO - 当前用时 0.00 秒
2026-01-05 23:17:13,240 - INFO - 将种子集 写入位置: /root/pythonspace/data-test/network.netfacebookego/2026-1-6-[5,1,94]/seeds-with-network.netfacebookego/random_degreeTopM_seedNum-35_SSRNum-100000.txt
2026-01-05 23:17:13,240 - INFO - 首次生成种子集 pageRank
2026-01-05 23:17:13,240 - INFO - 执行当前算法开始: pageRank
2026-01-05 23:17:13,240 - INFO - --- Running: PageRank (on tranProMatrix) Top M ---
2026-01-05 23:17:13,430 - INFO - Selected PageRank seeds: [602, 1524, 287, 0, 709, 2686, 713, 2231, 2535, 2698, 246, 715, 718, 70, 710, 719, 34, 68, 334, 468, 492, 509, 525, 583, 593, 623, 638, 763, 89, 216, 2593, 711, 712, 714, 716]
2026-01-05 23:17:13,432 - INFO - 当前用时 0.19 秒
2026-01-05 23:17:13,432 - INFO - 将种子集 写入位置: /root/pythonspace/data-test/network.netfacebookego/2026-1-6-[5,1,94]/seeds-with-network.netfacebookego/random_pageRank_seedNum-35_SSRNum-100000.txt
2026-01-05 23:17:13,432 - INFO - 首次生成种子集 alpha_sort
2026-01-05 23:17:13,432 - INFO - 执行当前算法开始: alpha_sort
2026-01-05 23:17:13,434 - INFO - 2888 个节点的alpha值降序排序 done
2026-01-05 23:17:13,434 - INFO - ==============>> [(445, 0.1976335), (1157, 0.1729893), (2196, 0.1576991), (1790, 0.1515626), (187, 0.1463437), (303, 0.1402435), (1160, 0.1371977), (2155, 0.1319853), (2347, 0.1317944), (1488, 0.1313999)]
2026-01-05 23:17:13,434 - INFO - 
选择的种子集 (按alpha排序): [445, 1157, 2196, 1790, 187, 303, 1160, 2155, 2347, 1488, 296, 2870, 2738, 2385, 1920, 2151, 621, 1362, 2679, 2851, 7, 608, 1905, 132, 1768, 270, 1694, 1152, 1373, 203, 1298, 1423, 913, 2351, 1888]

2026-01-05 23:17:13,434 - INFO - 当前用时 0.00 秒
2026-01-05 23:17:13,435 - INFO - 将种子集 写入位置: /root/pythonspace/data-test/network.netfacebookego/2026-1-6-[5,1,94]/seeds-with-network.netfacebookego/random_alpha_sort_seedNum-35_SSRNum-100000.txt
2026-01-05 23:17:13,435 - INFO - 首次生成种子集 importance_sort
2026-01-05 23:17:13,435 - INFO - 执行当前算法开始: importance_sort
2026-01-05 23:17:13,798 - INFO - 2888 个节点的Importance值降序排序 done
2026-01-05 23:17:13,798 - INFO - 
选择的种子集 (按Importance排序): [445, 187, 1157, 7, 132, 270, 203, 47, 2196, 92, 1790, 159, 114, 219, 125, 303, 8, 104, 1160, 88, 264, 21, 2155, 2347, 1488, 50, 296, 2870, 160, 2738, 2385, 257, 224, 113, 1920]

2026-01-05 23:17:13,798 - INFO - 当前用时 0.36 秒
2026-01-05 23:17:13,798 - INFO - 将种子集 写入位置: /root/pythonspace/data-test/network.netfacebookego/2026-1-6-[5,1,94]/seeds-with-network.netfacebookego/random_importance_sort_seedNum-35_SSRNum-100000.txt
2026-01-05 23:17:13,798 - INFO - 首次生成种子集 ris_coverage
2026-01-05 23:17:13,799 - INFO - 执行当前算法开始: ris_coverage
2026-01-05 23:17:13,859 - INFO - 图初始化完成，节点数: 2888，CSR 矩阵准备就绪。
2026-01-05 23:17:13,859 - INFO - 
开始生成 100000 组 SSR (并行进程: 8)...
2026-01-05 23:17:17,400 - INFO - 生成完毕。耗时: 3.54 秒。
2026-01-05 23:17:17,401 - INFO - 
开始选择最优种子 (Optimized Greedy) ...
2026-01-05 23:17:18,077 - INFO -   - 券 1/35 选中节点 187, 新增覆盖 12
2026-01-05 23:17:18,081 - INFO -   - 券 2/35 选中节点 1160, 新增覆盖 19
2026-01-05 23:17:18,087 - INFO -   - 券 3/35 选中节点 2517, 新增覆盖 14
2026-01-05 23:17:18,097 - INFO -   - 券 4/35 选中节点 1157, 新增覆盖 18
2026-01-05 23:17:18,108 - INFO -   - 券 5/35 选中节点 2367, 新增覆盖 16
2026-01-05 23:17:18,119 - INFO -   - 券 6/35 选中节点 1236, 新增覆盖 14
2026-01-05 23:17:18,133 - INFO -   - 券 7/35 选中节点 674, 新增覆盖 18
2026-01-05 23:17:18,147 - INFO -   - 券 8/35 选中节点 2196, 新增覆盖 14
2026-01-05 23:17:18,163 - INFO -   - 券 9/35 选中节点 2870, 新增覆盖 17
2026-01-05 23:17:18,180 - INFO -   - 券 10/35 选中节点 1905, 新增覆盖 13
2026-01-05 23:17:18,201 - INFO -   - 券 11/35 选中节点 2774, 新增覆盖 13
2026-01-05 23:17:18,221 - INFO -   - 券 12/35 选中节点 1488, 新增覆盖 14
2026-01-05 23:17:18,246 - INFO -   - 券 13/35 选中节点 1740, 新增覆盖 13
2026-01-05 23:17:18,273 - INFO -   - 券 14/35 选中节点 1441, 新增覆盖 13
2026-01-05 23:17:18,305 - INFO -   - 券 15/35 选中节点 1342, 新增覆盖 16
2026-01-05 23:17:18,338 - INFO -   - 券 16/35 选中节点 2877, 新增覆盖 16
2026-01-05 23:17:18,370 - INFO -   - 券 17/35 选中节点 2351, 新增覆盖 14
2026-01-05 23:17:18,404 - INFO -   - 券 18/35 选中节点 2273, 新增覆盖 17
2026-01-05 23:17:18,439 - INFO -   - 券 19/35 选中节点 468, 新增覆盖 14
2026-01-05 23:17:18,485 - INFO -   - 券 20/35 选中节点 471, 新增覆盖 16
2026-01-05 23:17:18,528 - INFO -   - 券 21/35 选中节点 2249, 新增覆盖 15
2026-01-05 23:17:18,567 - INFO -   - 券 22/35 选中节点 2746, 新增覆盖 13
2026-01-05 23:17:18,611 - INFO -   - 券 23/35 选中节点 303, 新增覆盖 12
2026-01-05 23:17:18,658 - INFO -   - 券 24/35 选中节点 2135, 新增覆盖 12
2026-01-05 23:17:18,711 - INFO -   - 券 25/35 选中节点 969, 新增覆盖 18
2026-01-05 23:17:18,761 - INFO -   - 券 26/35 选中节点 927, 新增覆盖 14
2026-01-05 23:17:18,809 - INFO -   - 券 27/35 选中节点 357, 新增覆盖 13
2026-01-05 23:17:18,860 - INFO -   - 券 28/35 选中节点 2232, 新增覆盖 13
2026-01-05 23:17:18,917 - INFO -   - 券 29/35 选中节点 2732, 新增覆盖 16
2026-01-05 23:17:18,961 - INFO -   - 券 30/35 选中节点 8, 新增覆盖 14
2026-01-05 23:17:19,022 - INFO -   - 券 31/35 选中节点 296, 新增覆盖 13
2026-01-05 23:17:19,076 - INFO -   - 券 32/35 选中节点 1543, 新增覆盖 12
2026-01-05 23:17:19,141 - INFO -   - 券 33/35 选中节点 203, 新增覆盖 18
2026-01-05 23:17:19,206 - INFO -   - 券 34/35 选中节点 2629, 新增覆盖 13
2026-01-05 23:17:19,269 - INFO -   - 券 35/35 选中节点 445, 新增覆盖 15
2026-01-05 23:17:19,269 - INFO - 选种完毕。耗时: 1.87 秒。
2026-01-05 23:17:19,293 - INFO - 最终选择的种子集: [187, 1160, 2517, 1157, 2367, 1236, 674, 2196, 2870, 1905, 2774, 1488, 1740, 1441, 1342, 2877, 2351, 2273, 468, 471, 2249, 2746, 303, 2135, 969, 927, 357, 2232, 2732, 8, 296, 1543, 203, 2629, 445]

2026-01-05 23:17:19,452 - INFO - 当前用时 5.65 秒
2026-01-05 23:17:19,452 - INFO - 将种子集 写入位置: /root/pythonspace/data-test/network.netfacebookego/2026-1-6-[5,1,94]/seeds-with-network.netfacebookego/random_ris_coverage_seedNum-35_SSRNum-100000.txt
2026-01-05 23:17:19,453 - INFO - 评估种子集: None
2026-01-05 23:17:19,453 - INFO - 多进程评估开始，共有 6 个方法待评估...
2026-01-05 23:17:19,453 - INFO - 启动进程池，Worker数量: 6
2026-01-05 23:17:19,662 - INFO - [Process 10891] 开始评估方法: random, 种子数: 35
2026-01-05 23:17:19,787 - INFO - [Process 10892] 开始评估方法: degreeTopM, 种子数: 35
2026-01-05 23:17:19,928 - INFO - [Process 10893] 开始评估方法: pageRank, 种子数: 35
2026-01-05 23:17:20,091 - INFO - [Process 10894] 开始评估方法: alpha_sort, 种子数: 35
2026-01-05 23:17:20,235 - INFO - [Process 10895] 开始评估方法: importance_sort, 种子数: 35
2026-01-05 23:17:20,374 - INFO - [Process 10896] 开始评估方法: ris_coverage, 种子数: 35
2026-01-05 23:17:38,987 - INFO - [Process 10894] alpha_sort - 1000 sims 完成: E=22.12
2026-01-05 23:17:39,558 - INFO - [Process 10896] ris_coverage - 1000 sims 完成: E=22.27
2026-01-05 23:17:40,554 - INFO - [Process 10895] importance_sort - 1000 sims 完成: E=21.53
2026-01-05 23:17:41,836 - INFO - [Process 10893] pageRank - 1000 sims 完成: E=21.56
2026-01-05 23:17:42,370 - INFO - [Process 10892] degreeTopM - 1000 sims 完成: E=22.76
2026-01-05 23:17:42,578 - INFO - [Process 10891] random - 1000 sims 完成: E=21.51
2026-01-05 23:17:42,589 - INFO - 所有进程执行完毕，开始写入数据...
2026-01-05 23:17:42,592 - INFO - 成功写入 6 条记录至 /root/pythonspace/data-test/network.netfacebookego/2026-1-6-[5,1,94]/E-activated-network.netfacebookego/distribution-random/simuTimes-1000_random-dirichlet-[5, 1, 94]_rrNumSamples-100000.csv
2026-01-05 23:17:42,592 - INFO - 保存评估文件至: /root/pythonspace/data-test/network.netfacebookego/2026-1-6-[5,1,94]/E-activated-network.netfacebookego/distribution-random/simuTimes-1000_random-dirichlet-[5, 1, 94]_rrNumSamples-100000.csv
2026-01-05 23:17:42,594 - INFO - 加载数据集: network.netfacebookego
2026-01-05 23:17:42,594 - INFO - --- 矩阵分析 ---
2026-01-05 23:17:42,594 - INFO - 节点数 (N): 2888
2026-01-05 23:17:42,594 - INFO - 边数 (E): 5962
2026-01-05 23:17:42,594 - INFO - 密度 (Density): 0.00071482 (越小越稀疏)
2026-01-05 23:17:42,594 - INFO - 稀疏度 (Sparsity): 0.99928518 (越接近1越稀疏)
2026-01-05 23:17:42,594 - INFO - 平均度数 (Avg Degree): 2.06
2026-01-05 23:17:42,595 - INFO - 首次生成度相关概率分布 分布类型: 'random'.
2026-01-05 23:17:42,595 - INFO - ===> Generating 'Dirichlet' distributions with alpha=[5, 1, 94]...
2026-01-05 23:17:42,595 - INFO - 保存概率分布 文件位置: /root/pythonspace/data-test/network.netfacebookego/2026-1-6-[5,1,94]/distribution-in-network.netfacebookego/distribution-random_seedNum-60.pkl
2026-01-05 23:17:42,602 - INFO - 首次生成种子集 random
2026-01-05 23:17:42,602 - INFO - 执行当前算法开始: random
2026-01-05 23:17:42,602 - INFO - 数据集节点总数:  n = 2888, m = 60
2026-01-05 23:17:42,603 - INFO - 选择 60  [1336, 1094, 1859, 2719, 2806, 2608, 578, 509, 2861, 2413, 1472, 2257, 562, 1967, 241, 1795, 2202, 2190, 2796, 2570, 2739, 2469, 151, 1410, 2366, 2514, 1791, 58, 1440, 2716, 2004, 744, 1566, 1398, 1895, 404, 694, 1475, 2406, 749, 59, 217, 111, 1586, 2089, 295, 734, 2851, 1832, 1952, 293, 623, 1459, 2374, 153, 1383, 738, 770, 421, 1240]

2026-01-05 23:17:42,603 - INFO - 当前用时 0.00 秒
2026-01-05 23:17:42,603 - INFO - 将种子集 写入位置: /root/pythonspace/data-test/network.netfacebookego/2026-1-6-[5,1,94]/seeds-with-network.netfacebookego/random_random_seedNum-60_SSRNum-100000.txt
2026-01-05 23:17:42,603 - INFO - 首次生成种子集 degreeTopM
2026-01-05 23:17:42,603 - INFO - 执行当前算法开始: degreeTopM
2026-01-05 23:17:42,603 - INFO - 依据: 选择连接数（度数）最多的节点。
2026-01-05 23:17:42,603 - INFO - 选择的 Top M 节点及其度数:
2026-01-05 23:17:42,603 - INFO - 
2026-01-05 23:17:42,603 - INFO - 当前用时 0.00 秒
2026-01-05 23:17:42,604 - INFO - 将种子集 写入位置: /root/pythonspace/data-test/network.netfacebookego/2026-1-6-[5,1,94]/seeds-with-network.netfacebookego/random_degreeTopM_seedNum-60_SSRNum-100000.txt
2026-01-05 23:17:42,604 - INFO - 首次生成种子集 pageRank
2026-01-05 23:17:42,604 - INFO - 执行当前算法开始: pageRank
2026-01-05 23:17:42,604 - INFO - --- Running: PageRank (on tranProMatrix) Top M ---
2026-01-05 23:17:42,691 - INFO - Selected PageRank seeds: [602, 1524, 287, 0, 709, 2686, 713, 2231, 2535, 2698, 246, 715, 718, 70, 710, 719, 34, 68, 334, 468, 492, 509, 525, 583, 593, 623, 638, 763, 89, 216, 2593, 711, 712, 714, 716, 717, 1523, 720, 721, 2697, 2708, 2713, 2719, 2729, 2745, 2747, 2753, 2772, 2774, 2776, 2800, 2803, 2804, 2805, 2810, 2823, 2825, 2828, 2830, 2840]
2026-01-05 23:17:42,692 - INFO - 当前用时 0.09 秒
2026-01-05 23:17:42,692 - INFO - 将种子集 写入位置: /root/pythonspace/data-test/network.netfacebookego/2026-1-6-[5,1,94]/seeds-with-network.netfacebookego/random_pageRank_seedNum-60_SSRNum-100000.txt
2026-01-05 23:17:42,692 - INFO - 首次生成种子集 alpha_sort
2026-01-05 23:17:42,692 - INFO - 执行当前算法开始: alpha_sort
2026-01-05 23:17:42,694 - INFO - 2888 个节点的alpha值降序排序 done
2026-01-05 23:17:42,694 - INFO - ==============>> [(2651, 0.1456285), (2558, 0.1434062), (341, 0.1429562), (797, 0.1411751), (2169, 0.1399439), (1769, 0.1372334), (775, 0.1356108), (1694, 0.1322216), (2624, 0.1318088), (2227, 0.1296326)]
2026-01-05 23:17:42,694 - INFO - 
选择的种子集 (按alpha排序): [2651, 2558, 341, 797, 2169, 1769, 775, 1694, 2624, 2227, 2778, 2608, 956, 1395, 1215, 787, 1736, 2840, 623, 2298, 1097, 184, 1471, 194, 2500, 890, 1757, 276, 1377, 2751, 1151, 1773, 1271, 38, 2659, 999, 1476, 983, 277, 1746, 1086, 1799, 2862, 645, 168, 663, 2665, 2337, 1796, 2775, 1881, 2588, 2183, 1951, 389, 1532, 1494, 1054, 451, 82]

2026-01-05 23:17:42,694 - INFO - 当前用时 0.00 秒
2026-01-05 23:17:42,694 - INFO - 将种子集 写入位置: /root/pythonspace/data-test/network.netfacebookego/2026-1-6-[5,1,94]/seeds-with-network.netfacebookego/random_alpha_sort_seedNum-60_SSRNum-100000.txt
2026-01-05 23:17:42,694 - INFO - 首次生成种子集 importance_sort
2026-01-05 23:17:42,694 - INFO - 执行当前算法开始: importance_sort
2026-01-05 23:17:43,034 - INFO - 2888 个节点的Importance值降序排序 done
2026-01-05 23:17:43,034 - INFO - 
选择的种子集 (按Importance排序): [184, 194, 276, 38, 277, 168, 82, 29, 266, 170, 12, 106, 261, 18, 131, 244, 54, 271, 190, 253, 197, 192, 232, 91, 21, 140, 126, 2651, 19, 109, 111, 152, 280, 30, 2558, 341, 234, 14, 797, 64, 208, 2169, 124, 224, 256, 259, 1769, 187, 61, 86, 75, 237, 98, 775, 283, 264, 229, 123, 81, 105]

2026-01-05 23:17:43,034 - INFO - 当前用时 0.34 秒
2026-01-05 23:17:43,035 - INFO - 将种子集 写入位置: /root/pythonspace/data-test/network.netfacebookego/2026-1-6-[5,1,94]/seeds-with-network.netfacebookego/random_importance_sort_seedNum-60_SSRNum-100000.txt
2026-01-05 23:17:43,035 - INFO - 首次生成种子集 ris_coverage
2026-01-05 23:17:43,035 - INFO - 执行当前算法开始: ris_coverage
2026-01-05 23:17:43,087 - INFO - 图初始化完成，节点数: 2888，CSR 矩阵准备就绪。
2026-01-05 23:17:43,087 - INFO - 
开始生成 100000 组 SSR (并行进程: 8)...
2026-01-05 23:17:49,014 - INFO - 生成完毕。耗时: 5.93 秒。
2026-01-05 23:17:49,015 - INFO - 
开始选择最优种子 (Optimized Greedy) ...
2026-01-05 23:17:50,107 - INFO -   - 券 1/60 选中节点 271, 新增覆盖 15
2026-01-05 23:17:50,111 - INFO -   - 券 2/60 选中节点 2608, 新增覆盖 16
2026-01-05 23:17:50,117 - INFO -   - 券 3/60 选中节点 2624, 新增覆盖 16
2026-01-05 23:17:50,124 - INFO -   - 券 4/60 选中节点 244, 新增覆盖 13
2026-01-05 23:17:50,133 - INFO -   - 券 5/60 选中节点 2539, 新增覆盖 13
2026-01-05 23:17:50,144 - INFO -   - 券 6/60 选中节点 350, 新增覆盖 14
2026-01-05 23:17:50,157 - INFO -   - 券 7/60 选中节点 1195, 新增覆盖 13
2026-01-05 23:17:50,172 - INFO -   - 券 8/60 选中节点 2569, 新增覆盖 12
2026-01-05 23:17:50,190 - INFO -   - 券 9/60 选中节点 2623, 新增覆盖 16
2026-01-05 23:17:50,208 - INFO -   - 券 10/60 选中节点 168, 新增覆盖 14
2026-01-05 23:17:50,229 - INFO -   - 券 11/60 选中节点 2751, 新增覆盖 12
2026-01-05 23:17:50,252 - INFO -   - 券 12/60 选中节点 1694, 新增覆盖 15
2026-01-05 23:17:50,275 - INFO -   - 券 13/60 选中节点 261, 新增覆盖 17
2026-01-05 23:17:50,302 - INFO -   - 券 14/60 选中节点 2725, 新增覆盖 16
2026-01-05 23:17:50,330 - INFO -   - 券 15/60 选中节点 2840, 新增覆盖 14
2026-01-05 23:17:50,358 - INFO -   - 券 16/60 选中节点 1951, 新增覆盖 17
2026-01-05 23:17:50,387 - INFO -   - 券 17/60 选中节点 194, 新增覆盖 15
2026-01-05 23:17:50,418 - INFO -   - 券 18/60 选中节点 277, 新增覆盖 12
2026-01-05 23:17:50,454 - INFO -   - 券 19/60 选中节点 2859, 新增覆盖 17
2026-01-05 23:17:50,489 - INFO -   - 券 20/60 选中节点 830, 新增覆盖 13
2026-01-05 23:17:50,527 - INFO -   - 券 21/60 选中节点 752, 新增覆盖 17
2026-01-05 23:17:50,568 - INFO -   - 券 22/60 选中节点 255, 新增覆盖 16
2026-01-05 23:17:50,608 - INFO -   - 券 23/60 选中节点 2774, 新增覆盖 13
2026-01-05 23:17:50,655 - INFO -   - 券 24/60 选中节点 1702, 新增覆盖 13
2026-01-05 23:17:50,700 - INFO -   - 券 25/60 选中节点 283, 新增覆盖 12
2026-01-05 23:17:50,749 - INFO -   - 券 26/60 选中节点 1863, 新增覆盖 13
2026-01-05 23:17:50,798 - INFO -   - 券 27/60 选中节点 2389, 新增覆盖 16
2026-01-05 23:17:50,846 - INFO -   - 券 28/60 选中节点 2490, 新增覆盖 14
2026-01-05 23:17:50,893 - INFO -   - 券 29/60 选中节点 92, 新增覆盖 13
2026-01-05 23:17:50,949 - INFO -   - 券 30/60 选中节点 1086, 新增覆盖 15
2026-01-05 23:17:51,007 - INFO -   - 券 31/60 选中节点 2296, 新增覆盖 16
2026-01-05 23:17:51,065 - INFO -   - 券 32/60 选中节点 2264, 新增覆盖 14
2026-01-05 23:17:51,125 - INFO -   - 券 33/60 选中节点 1298, 新增覆盖 14
2026-01-05 23:17:51,183 - INFO -   - 券 34/60 选中节点 2298, 新增覆盖 14
2026-01-05 23:17:51,250 - INFO -   - 券 35/60 选中节点 1271, 新增覆盖 14
2026-01-05 23:17:51,306 - INFO -   - 券 36/60 选中节点 2734, 新增覆盖 15
2026-01-05 23:17:51,371 - INFO -   - 券 37/60 选中节点 2247, 新增覆盖 11
2026-01-05 23:17:51,440 - INFO -   - 券 38/60 选中节点 1582, 新增覆盖 13
2026-01-05 23:17:51,510 - INFO -   - 券 39/60 选中节点 21, 新增覆盖 12
2026-01-05 23:17:51,580 - INFO -   - 券 40/60 选中节点 890, 新增覆盖 14
2026-01-05 23:17:51,652 - INFO -   - 券 41/60 选中节点 2337, 新增覆盖 15
2026-01-05 23:17:51,718 - INFO -   - 券 42/60 选中节点 2332, 新增覆盖 12
2026-01-05 23:17:51,797 - INFO -   - 券 43/60 选中节点 2802, 新增覆盖 14
2026-01-05 23:17:51,881 - INFO -   - 券 44/60 选中节点 1757, 新增覆盖 13
2026-01-05 23:17:51,960 - INFO -   - 券 45/60 选中节点 2721, 新增覆盖 12
2026-01-05 23:17:52,051 - INFO -   - 券 46/60 选中节点 187, 新增覆盖 12
2026-01-05 23:17:52,138 - INFO -   - 券 47/60 选中节点 152, 新增覆盖 13
2026-01-05 23:17:52,230 - INFO -   - 券 48/60 选中节点 1028, 新增覆盖 13
2026-01-05 23:17:52,317 - INFO -   - 券 49/60 选中节点 2500, 新增覆盖 13
2026-01-05 23:17:52,398 - INFO -   - 券 50/60 选中节点 983, 新增覆盖 12
2026-01-05 23:17:52,490 - INFO -   - 券 51/60 选中节点 2541, 新增覆盖 16
2026-01-05 23:17:52,584 - INFO -   - 券 52/60 选中节点 276, 新增覆盖 14
2026-01-05 23:17:52,679 - INFO -   - 券 53/60 选中节点 638, 新增覆盖 13
2026-01-05 23:17:52,782 - INFO -   - 券 54/60 选中节点 1874, 新增覆盖 14
2026-01-05 23:17:52,878 - INFO -   - 券 55/60 选中节点 2047, 新增覆盖 12
2026-01-05 23:17:52,983 - INFO -   - 券 56/60 选中节点 190, 新增覆盖 12
2026-01-05 23:17:53,078 - INFO -   - 券 57/60 选中节点 208, 新增覆盖 13
2026-01-05 23:17:53,176 - INFO -   - 券 58/60 选中节点 2775, 新增覆盖 13
2026-01-05 23:17:53,284 - INFO -   - 券 59/60 选中节点 1269, 新增覆盖 12
2026-01-05 23:17:53,398 - INFO -   - 券 60/60 选中节点 2886, 新增覆盖 13
2026-01-05 23:17:53,399 - INFO - 选种完毕。耗时: 4.38 秒。
2026-01-05 23:17:53,434 - INFO - 最终选择的种子集: [271, 2608, 2624, 244, 2539, 350, 1195, 2569, 2623, 168, 2751, 1694, 261, 2725, 2840, 1951, 194, 277, 2859, 830, 752, 255, 2774, 1702, 283, 1863, 2389, 2490, 92, 1086, 2296, 2264, 1298, 2298, 1271, 2734, 2247, 1582, 21, 890, 2337, 2332, 2802, 1757, 2721, 187, 152, 1028, 2500, 983, 2541, 276, 638, 1874, 2047, 190, 208, 2775, 1269, 2886]

2026-01-05 23:17:53,688 - INFO - 当前用时 10.65 秒
2026-01-05 23:17:53,688 - INFO - 将种子集 写入位置: /root/pythonspace/data-test/network.netfacebookego/2026-1-6-[5,1,94]/seeds-with-network.netfacebookego/random_ris_coverage_seedNum-60_SSRNum-100000.txt
2026-01-05 23:17:53,689 - INFO - 评估种子集: None
2026-01-05 23:17:53,689 - INFO - 多进程评估开始，共有 6 个方法待评估...
2026-01-05 23:17:53,689 - INFO - 启动进程池，Worker数量: 6
2026-01-05 23:17:53,870 - INFO - [Process 11058] 开始评估方法: random, 种子数: 60
2026-01-05 23:17:53,944 - INFO - [Process 11059] 开始评估方法: degreeTopM, 种子数: 60
2026-01-05 23:17:54,019 - INFO - [Process 11060] 开始评估方法: pageRank, 种子数: 60
2026-01-05 23:17:54,096 - INFO - [Process 11061] 开始评估方法: alpha_sort, 种子数: 60
2026-01-05 23:17:54,175 - INFO - [Process 11062] 开始评估方法: importance_sort, 种子数: 60
2026-01-05 23:17:54,251 - INFO - [Process 11063] 开始评估方法: ris_coverage, 种子数: 60
2026-01-05 23:18:23,654 - INFO - [Process 11062] importance_sort - 1000 sims 完成: E=26.99
2026-01-05 23:18:33,199 - INFO - [Process 11063] ris_coverage - 1000 sims 完成: E=37.18
2026-01-05 23:18:34,262 - INFO - [Process 11059] degreeTopM - 1000 sims 完成: E=35.63
2026-01-05 23:18:35,485 - INFO - [Process 11060] pageRank - 1000 sims 完成: E=35.30
2026-01-05 23:18:35,516 - INFO - [Process 11061] alpha_sort - 1000 sims 完成: E=39.22
2026-01-05 23:18:37,330 - INFO - [Process 11058] random - 1000 sims 完成: E=37.02
2026-01-05 23:18:37,345 - INFO - 所有进程执行完毕，开始写入数据...
2026-01-05 23:18:37,348 - INFO - 成功写入 6 条记录至 /root/pythonspace/data-test/network.netfacebookego/2026-1-6-[5,1,94]/E-activated-network.netfacebookego/distribution-random/simuTimes-1000_random-dirichlet-[5, 1, 94]_rrNumSamples-100000.csv
2026-01-05 23:18:37,348 - INFO - 保存评估文件至: /root/pythonspace/data-test/network.netfacebookego/2026-1-6-[5,1,94]/E-activated-network.netfacebookego/distribution-random/simuTimes-1000_random-dirichlet-[5, 1, 94]_rrNumSamples-100000.csv
2026-01-05 23:18:37,351 - INFO - 加载数据集: network.netfacebookego
2026-01-05 23:18:37,351 - INFO - --- 矩阵分析 ---
2026-01-05 23:18:37,351 - INFO - 节点数 (N): 2888
2026-01-05 23:18:37,351 - INFO - 边数 (E): 5962
2026-01-05 23:18:37,351 - INFO - 密度 (Density): 0.00071482 (越小越稀疏)
2026-01-05 23:18:37,352 - INFO - 稀疏度 (Sparsity): 0.99928518 (越接近1越稀疏)
2026-01-05 23:18:37,352 - INFO - 平均度数 (Avg Degree): 2.06
2026-01-05 23:18:37,352 - INFO - 首次生成度相关概率分布 分布类型: 'random'.
2026-01-05 23:18:37,352 - INFO - ===> Generating 'Dirichlet' distributions with alpha=[5, 1, 94]...
2026-01-05 23:18:37,353 - INFO - 保存概率分布 文件位置: /root/pythonspace/data-test/network.netfacebookego/2026-1-6-[5,1,94]/distribution-in-network.netfacebookego/distribution-random_seedNum-85.pkl
2026-01-05 23:18:37,360 - INFO - 首次生成种子集 random
2026-01-05 23:18:37,360 - INFO - 执行当前算法开始: random
2026-01-05 23:18:37,360 - INFO - 数据集节点总数:  n = 2888, m = 85
2026-01-05 23:18:37,361 - INFO - 选择 85  [1856, 963, 883, 1091, 640, 799, 2561, 1164, 706, 217, 1619, 1632, 1006, 1608, 1458, 362, 563, 2831, 2222, 1617, 730, 2509, 519, 1579, 2530, 139, 1699, 1380, 2204, 2026, 2263, 652, 1934, 2717, 2118, 642, 752, 93, 2067, 253, 716, 2234, 1418, 2696, 1993, 574, 2473, 1681, 2840, 1455, 342, 1385, 2763, 128, 2350, 2085, 1168, 986, 1438, 2636, 291, 85, 2459, 343, 2414, 2139, 2844, 988, 960, 144, 2822, 2887, 2692, 2001, 655, 2517, 662, 1852, 2340, 1723, 2640, 284, 248, 1276, 861]

2026-01-05 23:18:37,361 - INFO - 当前用时 0.00 秒
2026-01-05 23:18:37,361 - INFO - 将种子集 写入位置: /root/pythonspace/data-test/network.netfacebookego/2026-1-6-[5,1,94]/seeds-with-network.netfacebookego/random_random_seedNum-85_SSRNum-100000.txt
2026-01-05 23:18:37,361 - INFO - 首次生成种子集 degreeTopM
2026-01-05 23:18:37,361 - INFO - 执行当前算法开始: degreeTopM
2026-01-05 23:18:37,361 - INFO - 依据: 选择连接数（度数）最多的节点。
2026-01-05 23:18:37,361 - INFO - 选择的 Top M 节点及其度数:
2026-01-05 23:18:37,361 - INFO - 
2026-01-05 23:18:37,361 - INFO - 当前用时 0.00 秒
2026-01-05 23:18:37,362 - INFO - 将种子集 写入位置: /root/pythonspace/data-test/network.netfacebookego/2026-1-6-[5,1,94]/seeds-with-network.netfacebookego/random_degreeTopM_seedNum-85_SSRNum-100000.txt
2026-01-05 23:18:37,362 - INFO - 首次生成种子集 pageRank
2026-01-05 23:18:37,362 - INFO - 执行当前算法开始: pageRank
2026-01-05 23:18:37,362 - INFO - --- Running: PageRank (on tranProMatrix) Top M ---
2026-01-05 23:18:37,452 - INFO - Selected PageRank seeds: [602, 1524, 287, 0, 709, 2686, 713, 2231, 2535, 2698, 246, 715, 718, 70, 710, 719, 34, 68, 334, 468, 492, 509, 525, 583, 593, 623, 638, 763, 89, 216, 2593, 711, 712, 714, 716, 717, 1523, 720, 721, 2697, 2708, 2713, 2719, 2729, 2745, 2747, 2753, 2772, 2774, 2776, 2800, 2803, 2804, 2805, 2810, 2823, 2825, 2828, 2830, 2840, 2856, 2347, 2350, 2351, 2353, 2355, 2365, 2368, 2369, 2374, 2385, 2393, 2394, 2398, 2401, 2404, 2406, 2408, 2430, 2433, 2443, 2451, 2460, 2464, 2468]
2026-01-05 23:18:37,453 - INFO - 当前用时 0.09 秒
2026-01-05 23:18:37,453 - INFO - 将种子集 写入位置: /root/pythonspace/data-test/network.netfacebookego/2026-1-6-[5,1,94]/seeds-with-network.netfacebookego/random_pageRank_seedNum-85_SSRNum-100000.txt
2026-01-05 23:18:37,453 - INFO - 首次生成种子集 alpha_sort
2026-01-05 23:18:37,453 - INFO - 执行当前算法开始: alpha_sort
2026-01-05 23:18:37,454 - INFO - 2888 个节点的alpha值降序排序 done
2026-01-05 23:18:37,455 - INFO - ==============>> [(1143, 0.1734694), (2230, 0.1712286), (2174, 0.141593), (881, 0.1299886), (1730, 0.1283353), (2118, 0.1277784), (2654, 0.1268427), (1350, 0.1247504), (1315, 0.1246974), (1062, 0.1238572)]
2026-01-05 23:18:37,455 - INFO - 
选择的种子集 (按alpha排序): [1143, 2230, 2174, 881, 1730, 2118, 2654, 1350, 1315, 1062, 659, 348, 2772, 105, 219, 1952, 283, 2640, 832, 1636, 617, 140, 2286, 1523, 2400, 2323, 342, 259, 1232, 1651, 1188, 295, 347, 845, 2670, 538, 1825, 42, 2726, 917, 205, 2442, 2364, 1421, 2522, 1758, 2342, 2275, 1141, 563, 1601, 483, 1318, 555, 154, 2473, 354, 2815, 409, 2647, 1806, 2370, 131, 188, 2027, 1406, 953, 2617, 963, 2130, 62, 1850, 1501, 2127, 985, 2047, 1630, 1817, 1794, 2141, 1796, 1379, 2741, 40, 2015]

2026-01-05 23:18:37,455 - INFO - 当前用时 0.00 秒
2026-01-05 23:18:37,455 - INFO - 将种子集 写入位置: /root/pythonspace/data-test/network.netfacebookego/2026-1-6-[5,1,94]/seeds-with-network.netfacebookego/random_alpha_sort_seedNum-85_SSRNum-100000.txt
2026-01-05 23:18:37,455 - INFO - 首次生成种子集 importance_sort
2026-01-05 23:18:37,455 - INFO - 执行当前算法开始: importance_sort
2026-01-05 23:18:37,769 - INFO - 2888 个节点的Importance值降序排序 done
2026-01-05 23:18:37,769 - INFO - 
选择的种子集 (按Importance排序): [105, 219, 283, 140, 1143, 2230, 259, 42, 205, 154, 131, 188, 62, 40, 124, 254, 264, 225, 196, 231, 162, 145, 271, 20, 151, 243, 146, 2174, 23, 153, 101, 209, 191, 263, 133, 211, 280, 266, 56, 169, 70, 16, 238, 73, 88, 251, 68, 252, 69, 99, 247, 881, 148, 82, 1730, 115, 2118, 41, 217, 26, 2654, 268, 122, 63, 116, 262, 176, 1350, 1315, 213, 232, 1062, 659, 178, 348, 44, 8, 7, 249, 167, 2772, 279, 278, 152, 255]

2026-01-05 23:18:37,769 - INFO - 当前用时 0.31 秒
2026-01-05 23:18:37,769 - INFO - 将种子集 写入位置: /root/pythonspace/data-test/network.netfacebookego/2026-1-6-[5,1,94]/seeds-with-network.netfacebookego/random_importance_sort_seedNum-85_SSRNum-100000.txt
2026-01-05 23:18:37,769 - INFO - 首次生成种子集 ris_coverage
2026-01-05 23:18:37,769 - INFO - 执行当前算法开始: ris_coverage
2026-01-05 23:18:37,820 - INFO - 图初始化完成，节点数: 2888，CSR 矩阵准备就绪。
2026-01-05 23:18:37,820 - INFO - 
开始生成 100000 组 SSR (并行进程: 8)...
2026-01-05 23:18:45,622 - INFO - 生成完毕。耗时: 7.80 秒。
2026-01-05 23:18:45,623 - INFO - 
开始选择最优种子 (Optimized Greedy) ...
2026-01-05 23:18:47,321 - INFO -   - 券 1/85 选中节点 2815, 新增覆盖 13
2026-01-05 23:18:47,324 - INFO -   - 券 2/85 选中节点 1636, 新增覆盖 16
2026-01-05 23:18:47,330 - INFO -   - 券 3/85 选中节点 1631, 新增覆盖 14
2026-01-05 23:18:47,339 - INFO -   - 券 4/85 选中节点 209, 新增覆盖 17
2026-01-05 23:18:47,348 - INFO -   - 券 5/85 选中节点 645, 新增覆盖 13
2026-01-05 23:18:47,360 - INFO -   - 券 6/85 选中节点 231, 新增覆盖 14
2026-01-05 23:18:47,373 - INFO -   - 券 7/85 选中节点 40, 新增覆盖 12
2026-01-05 23:18:47,389 - INFO -   - 券 8/85 选中节点 1770, 新增覆盖 18
2026-01-05 23:18:47,405 - INFO -   - 券 9/85 选中节点 2615, 新增覆盖 13
2026-01-05 23:18:47,424 - INFO -   - 券 10/85 选中节点 1363, 新增覆盖 16
2026-01-05 23:18:47,449 - INFO -   - 券 11/85 选中节点 2015, 新增覆盖 17
2026-01-05 23:18:47,483 - INFO -   - 券 12/85 选中节点 687, 新增覆盖 15
2026-01-05 23:18:47,509 - INFO -   - 券 13/85 选中节点 2617, 新增覆盖 14
2026-01-05 23:18:47,536 - INFO -   - 券 14/85 选中节点 2174, 新增覆盖 14
2026-01-05 23:18:47,565 - INFO -   - 券 15/85 选中节点 963, 新增覆盖 14
2026-01-05 23:18:47,599 - INFO -   - 券 16/85 选中节点 2546, 新增覆盖 17
2026-01-05 23:18:47,633 - INFO -   - 券 17/85 选中节点 1872, 新增覆盖 14
2026-01-05 23:18:47,670 - INFO -   - 券 18/85 选中节点 219, 新增覆盖 14
2026-01-05 23:18:47,708 - INFO -   - 券 19/85 选中节点 2638, 新增覆盖 14
2026-01-05 23:18:47,743 - INFO -   - 券 20/85 选中节点 2561, 新增覆盖 16
2026-01-05 23:18:47,779 - INFO -   - 券 21/85 选中节点 2482, 新增覆盖 15
2026-01-05 23:18:47,820 - INFO -   - 券 22/85 选中节点 2726, 新增覆盖 18
2026-01-05 23:18:47,862 - INFO -   - 券 23/85 选中节点 2741, 新增覆盖 15
2026-01-05 23:18:47,909 - INFO -   - 券 24/85 选中节点 191, 新增覆盖 14
2026-01-05 23:18:47,955 - INFO -   - 券 25/85 选中节点 2278, 新增覆盖 15
2026-01-05 23:18:48,003 - INFO -   - 券 26/85 选中节点 124, 新增覆盖 14
2026-01-05 23:18:48,055 - INFO -   - 券 27/85 选中节点 2073, 新增覆盖 14
2026-01-05 23:18:48,114 - INFO -   - 券 28/85 选中节点 354, 新增覆盖 16
2026-01-05 23:18:48,179 - INFO -   - 券 29/85 选中节点 2703, 新增覆盖 13
2026-01-05 23:18:48,238 - INFO -   - 券 30/85 选中节点 2214, 新增覆盖 13
2026-01-05 23:18:48,286 - INFO -   - 券 31/85 选中节点 266, 新增覆盖 14
2026-01-05 23:18:48,344 - INFO -   - 券 32/85 选中节点 1730, 新增覆盖 14
2026-01-05 23:18:48,415 - INFO -   - 券 33/85 选中节点 1143, 新增覆盖 16
2026-01-05 23:18:48,480 - INFO -   - 券 34/85 选中节点 1232, 新增覆盖 16
2026-01-05 23:18:48,545 - INFO -   - 券 35/85 选中节点 2521, 新增覆盖 14
2026-01-05 23:18:48,615 - INFO -   - 券 36/85 选中节点 342, 新增覆盖 12
2026-01-05 23:18:48,690 - INFO -   - 券 37/85 选中节点 2738, 新增覆盖 15
2026-01-05 23:18:48,766 - INFO -   - 券 38/85 选中节点 1902, 新增覆盖 15
2026-01-05 23:18:48,836 - INFO -   - 券 39/85 选中节点 2347, 新增覆盖 12
2026-01-05 23:18:48,913 - INFO -   - 券 40/85 选中节点 73, 新增覆盖 17
2026-01-05 23:18:48,985 - INFO -   - 券 41/85 选中节点 1627, 新增覆盖 13
2026-01-05 23:18:49,065 - INFO -   - 券 42/85 选中节点 1284, 新增覆盖 15
2026-01-05 23:18:49,139 - INFO -   - 券 43/85 选中节点 1442, 新增覆盖 17
2026-01-05 23:18:49,216 - INFO -   - 券 44/85 选中节点 2118, 新增覆盖 11
2026-01-05 23:18:49,296 - INFO -   - 券 45/85 选中节点 2323, 新增覆盖 15
2026-01-05 23:18:49,382 - INFO -   - 券 46/85 选中节点 2522, 新增覆盖 13
2026-01-05 23:18:49,466 - INFO -   - 券 47/85 选中节点 2785, 新增覆盖 13
2026-01-05 23:18:49,542 - INFO -   - 券 48/85 选中节点 1421, 新增覆盖 12
2026-01-05 23:18:49,638 - INFO -   - 券 49/85 选中节点 413, 新增覆盖 13
2026-01-05 23:18:49,737 - INFO -   - 券 50/85 选中节点 29, 新增覆盖 15
2026-01-05 23:18:49,841 - INFO -   - 券 51/85 选中节点 188, 新增覆盖 13
2026-01-05 23:18:49,943 - INFO -   - 券 52/85 选中节点 351, 新增覆盖 12
2026-01-05 23:18:50,035 - INFO -   - 券 53/85 选中节点 232, 新增覆盖 16
2026-01-05 23:18:50,133 - INFO -   - 券 54/85 选中节点 90, 新增覆盖 15
2026-01-05 23:18:50,231 - INFO -   - 券 55/85 选中节点 2442, 新增覆盖 14
2026-01-05 23:18:50,335 - INFO -   - 券 56/85 选中节点 2147, 新增覆盖 14
2026-01-05 23:18:50,435 - INFO -   - 券 57/85 选中节点 251, 新增覆盖 12
2026-01-05 23:18:50,534 - INFO -   - 券 58/85 选中节点 1651, 新增覆盖 13
2026-01-05 23:18:50,632 - INFO -   - 券 59/85 选中节点 2640, 新增覆盖 16
2026-01-05 23:18:50,744 - INFO -   - 券 60/85 选中节点 567, 新增覆盖 14
2026-01-05 23:18:50,864 - INFO -   - 券 61/85 选中节点 523, 新增覆盖 14
2026-01-05 23:18:50,987 - INFO -   - 券 62/85 选中节点 1553, 新增覆盖 13
2026-01-05 23:18:51,109 - INFO -   - 券 63/85 选中节点 1429, 新增覆盖 15
2026-01-05 23:18:51,218 - INFO -   - 券 64/85 选中节点 409, 新增覆盖 11
2026-01-05 23:18:51,330 - INFO -   - 券 65/85 选中节点 747, 新增覆盖 12
2026-01-05 23:18:51,452 - INFO -   - 券 66/85 选中节点 1375, 新增覆盖 16
2026-01-05 23:18:51,572 - INFO -   - 券 67/85 选中节点 2670, 新增覆盖 13
2026-01-05 23:18:51,684 - INFO -   - 券 68/85 选中节点 2598, 新增覆盖 14
2026-01-05 23:18:51,817 - INFO -   - 券 69/85 选中节点 1610, 新增覆盖 11
2026-01-05 23:18:51,949 - INFO -   - 券 70/85 选中节点 2649, 新增覆盖 12
2026-01-05 23:18:52,081 - INFO -   - 券 71/85 选中节点 348, 新增覆盖 14
2026-01-05 23:18:52,209 - INFO -   - 券 72/85 选中节点 2312, 新增覆盖 13
2026-01-05 23:18:52,343 - INFO -   - 券 73/85 选中节点 2342, 新增覆盖 13
2026-01-05 23:18:52,465 - INFO -   - 券 74/85 选中节点 2372, 新增覆盖 13
2026-01-05 23:18:52,599 - INFO -   - 券 75/85 选中节点 665, 新增覆盖 13
2026-01-05 23:18:52,735 - INFO -   - 券 76/85 选中节点 2550, 新增覆盖 12
2026-01-05 23:18:52,865 - INFO -   - 券 77/85 选中节点 2593, 新增覆盖 12
2026-01-05 23:18:53,024 - INFO -   - 券 78/85 选中节点 905, 新增覆盖 15
2026-01-05 23:18:53,188 - INFO -   - 券 79/85 选中节点 408, 新增覆盖 14
2026-01-05 23:18:53,338 - INFO -   - 券 80/85 选中节点 2303, 新增覆盖 11
2026-01-05 23:18:53,489 - INFO -   - 券 81/85 选中节点 1062, 新增覆盖 15
2026-01-05 23:18:53,633 - INFO -   - 券 82/85 选中节点 1006, 新增覆盖 15
2026-01-05 23:18:53,795 - INFO -   - 券 83/85 选中节点 2558, 新增覆盖 12
2026-01-05 23:18:53,947 - INFO -   - 券 84/85 选中节点 832, 新增覆盖 12
2026-01-05 23:18:54,109 - INFO -   - 券 85/85 选中节点 295, 新增覆盖 13
2026-01-05 23:18:54,109 - INFO - 选种完毕。耗时: 8.49 秒。
2026-01-05 23:18:54,183 - INFO - 最终选择的种子集: [2815, 1636, 1631, 209, 645, 231, 40, 1770, 2615, 1363, 2015, 687, 2617, 2174, 963, 2546, 1872, 219, 2638, 2561, 2482, 2726, 2741, 191, 2278, 124, 2073, 354, 2703, 2214, 266, 1730, 1143, 1232, 2521, 342, 2738, 1902, 2347, 73, 1627, 1284, 1442, 2118, 2323, 2522, 2785, 1421, 413, 29, 188, 351, 232, 90, 2442, 2147, 251, 1651, 2640, 567, 523, 1553, 1429, 409, 747, 1375, 2670, 2598, 1610, 2649, 348, 2312, 2342, 2372, 665, 2550, 2593, 905, 408, 2303, 1062, 1006, 2558, 832, 295]

2026-01-05 23:18:54,673 - INFO - 当前用时 16.90 秒
2026-01-05 23:18:54,673 - INFO - 将种子集 写入位置: /root/pythonspace/data-test/network.netfacebookego/2026-1-6-[5,1,94]/seeds-with-network.netfacebookego/random_ris_coverage_seedNum-85_SSRNum-100000.txt
2026-01-05 23:18:54,674 - INFO - 评估种子集: None
2026-01-05 23:18:54,674 - INFO - 多进程评估开始，共有 6 个方法待评估...
2026-01-05 23:18:54,674 - INFO - 启动进程池，Worker数量: 6
2026-01-05 23:18:54,966 - INFO - [Process 11279] 开始评估方法: random, 种子数: 85
2026-01-05 23:18:55,119 - INFO - [Process 11280] 开始评估方法: degreeTopM, 种子数: 85
2026-01-05 23:18:55,284 - INFO - [Process 11281] 开始评估方法: pageRank, 种子数: 85
2026-01-05 23:18:55,448 - INFO - [Process 11282] 开始评估方法: alpha_sort, 种子数: 85
2026-01-05 23:18:55,610 - INFO - [Process 11283] 开始评估方法: importance_sort, 种子数: 85
2026-01-05 23:18:55,760 - INFO - [Process 11284] 开始评估方法: ris_coverage, 种子数: 85
2026-01-05 23:19:44,546 - INFO - [Process 11283] importance_sort - 1000 sims 完成: E=42.65
2026-01-05 23:19:48,532 - INFO - [Process 11284] ris_coverage - 1000 sims 完成: E=48.83
2026-01-05 23:19:49,752 - INFO - [Process 11282] alpha_sort - 1000 sims 完成: E=48.68
2026-01-05 23:19:51,976 - INFO - [Process 11280] degreeTopM - 1000 sims 完成: E=47.90
2026-01-05 23:19:52,324 - INFO - [Process 11281] pageRank - 1000 sims 完成: E=48.28
2026-01-05 23:19:52,436 - INFO - [Process 11279] random - 1000 sims 完成: E=46.98
2026-01-05 23:19:52,450 - INFO - 所有进程执行完毕，开始写入数据...
2026-01-05 23:19:52,453 - INFO - 成功写入 6 条记录至 /root/pythonspace/data-test/network.netfacebookego/2026-1-6-[5,1,94]/E-activated-network.netfacebookego/distribution-random/simuTimes-1000_random-dirichlet-[5, 1, 94]_rrNumSamples-100000.csv
2026-01-05 23:19:52,453 - INFO - 保存评估文件至: /root/pythonspace/data-test/network.netfacebookego/2026-1-6-[5,1,94]/E-activated-network.netfacebookego/distribution-random/simuTimes-1000_random-dirichlet-[5, 1, 94]_rrNumSamples-100000.csv
