2025-12-22 12:51:29,761 - INFO - 加载数据集: Mich
2025-12-22 12:51:29,834 - INFO - 首次生成度相关概率分布 分布类型: 'random'.
2025-12-22 12:51:29,837 - INFO - ===> Generating 'Dirichlet' distributions with alpha=[500, 500, 500]...
2025-12-22 12:51:29,850 - INFO - 保存概率分布 文件位置: /root/pythonspace/data-test/Mich/2025-12-21-2/distribution-in-Mich/distribution-random_seedNum-50.pkl
2025-12-22 12:51:31,071 - INFO - 首次生成种子集 random
2025-12-22 12:51:31,079 - INFO - 执行当前算法开始: random
2025-12-22 12:51:31,079 - INFO - 数据集节点总数:  n = 3748, m = 50
2025-12-22 12:51:31,085 - INFO - 选择 50  [3265, 3453, 3111, 1438, 1713, 2451, 665, 1841, 1824, 2684, 3159, 2222, 1093, 1242, 2293, 1313, 92, 520, 224, 3261, 3708, 2651, 305, 100, 1678, 1458, 1205, 1670, 421, 2627, 2275, 2580, 747, 2204, 277, 3407, 1260, 1140, 3321, 2831, 2191, 437, 2184, 10, 722, 3428, 102, 887, 2704, 1043]

2025-12-22 12:51:31,086 - INFO - 当前用时 0.01 秒
2025-12-22 12:51:31,091 - INFO - 将种子集 写入位置: /root/pythonspace/data-test/Mich/2025-12-21-2/seeds-with-Mich/random_random_seedNum-50_SSRNum-100000.txt
2025-12-22 12:51:31,107 - INFO - 首次生成种子集 degreeTopM
2025-12-22 12:51:31,110 - INFO - 执行当前算法开始: degreeTopM
2025-12-22 12:51:31,110 - INFO - 依据: 选择连接数（度数）最多的节点。
2025-12-22 12:51:31,152 - INFO - 选择的 Top M 节点及其度数:
2025-12-22 12:51:31,155 - INFO - 
2025-12-22 12:51:31,156 - INFO - 当前用时 0.05 秒
2025-12-22 12:51:31,160 - INFO - 将种子集 写入位置: /root/pythonspace/data-test/Mich/2025-12-21-2/seeds-with-Mich/random_degreeTopM_seedNum-50_SSRNum-100000.txt
2025-12-22 12:51:31,161 - INFO - 首次生成种子集 pageRank
2025-12-22 12:51:31,161 - INFO - 执行当前算法开始: pageRank
2025-12-22 12:51:31,162 - INFO - --- Running: PageRank (on tranProMatrix) Top M ---
2025-12-22 12:51:57,708 - INFO - Selected PageRank seeds: [153, 163, 278, 172, 304, 398, 506, 397, 360, 151, 294, 66, 114, 87, 248, 242, 206, 217, 229, 222, 60, 412, 261, 120, 614, 802, 37, 1677, 355, 1845, 121, 169, 586, 603, 749, 203, 606, 2140, 44, 492, 670, 410, 485, 293, 619, 657, 1084, 1590, 110, 7]
2025-12-22 12:52:00,041 - INFO - 当前用时 28.88 秒
2025-12-22 12:52:00,060 - INFO - 将种子集 写入位置: /root/pythonspace/data-test/Mich/2025-12-21-2/seeds-with-Mich/random_pageRank_seedNum-50_SSRNum-100000.txt
2025-12-22 12:52:00,067 - INFO - 首次生成种子集 alpha_sort
2025-12-22 12:52:00,067 - INFO - 执行当前算法开始: alpha_sort
2025-12-22 12:52:00,088 - INFO - 3748 个节点的alpha值降序排序 done
2025-12-22 12:52:00,089 - INFO - ==============>> [(406, 0.3768039), (2994, 0.3760269), (80, 0.3739817), (2292, 0.3736681), (87, 0.3734763), (3723, 0.3725794), (2522, 0.3720912), (3145, 0.3715148), (416, 0.3671378), (3746, 0.3671291)]
2025-12-22 12:52:00,090 - INFO - 
选择的种子集 (按alpha排序): [406, 2994, 80, 2292, 87, 3723, 2522, 3145, 416, 3746, 3512, 2825, 332, 1153, 500, 1910, 1581, 855, 553, 66, 1228, 1802, 917, 801, 3036, 2765, 215, 3237, 3124, 912, 1336, 1977, 1689, 3131, 1949, 315, 3348, 1953, 2568, 3352, 2872, 2126, 1852, 807, 2185, 59, 1039, 1404, 1163, 302]

2025-12-22 12:52:00,095 - INFO - 当前用时 0.03 秒
2025-12-22 12:52:00,098 - INFO - 将种子集 写入位置: /root/pythonspace/data-test/Mich/2025-12-21-2/seeds-with-Mich/random_alpha_sort_seedNum-50_SSRNum-100000.txt
2025-12-22 12:52:00,099 - INFO - 首次生成种子集 importance_sort
2025-12-22 12:52:00,099 - INFO - 执行当前算法开始: importance_sort
