2025-12-22 12:49:37,690 - INFO - 加载数据集: Mich
2025-12-22 12:49:37,706 - INFO - 复用概率分布 文件位置: /root/pythonspace/data-test/Mich/2025-12-21-2/distribution-in-Mich/distribution-random_seedNum-300.pkl
2025-12-22 12:49:38,037 - INFO - 首次生成种子集 random
2025-12-22 12:49:38,038 - INFO - 执行当前算法开始: random
2025-12-22 12:49:38,038 - INFO - 数据集节点总数:  n = 3748, m = 300
2025-12-22 12:49:38,039 - INFO - 选择 300  [3733, 2812, 1593, 2735, 3719, 3587, 1587, 3611, 252, 2443, 1758, 3419, 2942, 56, 1709, 1007, 1675, 3220, 1624, 1252, 1581, 2170, 2407, 1239, 1938, 819, 824, 2702, 2868, 1789, 1714, 3030, 770, 1935, 2906, 329, 1677, 3456, 1815, 1678, 3482, 3360, 1362, 2461, 2811, 143, 304, 104, 1986, 2898, 2290, 895, 2409, 2159, 723, 197, 2569, 3252, 2400, 731, 1361, 690, 1776, 2859, 3476, 3324, 1654, 2139, 21, 3575, 3512, 967, 2665, 1516, 696, 1902, 2604, 2089, 684, 2312, 3490, 2664, 3606, 3170, 1250, 2334, 282, 1331, 564, 1236, 2621, 3417, 1831, 3535, 2257, 3135, 633, 189, 1189, 745, 1384, 423, 2314, 387, 204, 169, 3533, 3641, 2547, 1852, 3410, 346, 2245, 2249, 2308, 1099, 3343, 127, 2032, 311, 3430, 575, 276, 2784, 8, 3222, 1843, 2534, 2594, 2958, 3661, 2038, 732, 277, 761, 1451, 2455, 1530, 374, 3225, 1350, 623, 3555, 1353, 620, 2423, 2306, 598, 3616, 3195, 886, 3226, 2689, 2010, 2347, 1889, 27, 3398, 913, 1774, 2236, 1040, 2061, 2957, 2939, 722, 2563, 3600, 2155, 3652, 1264, 3254, 2363, 3087, 1268, 2595, 3213, 2147, 3042, 826, 672, 3147, 640, 2273, 3340, 1092, 2389, 3180, 3364, 860, 3595, 2592, 3710, 859, 3365, 2099, 2911, 3356, 2710, 3028, 1630, 381, 1649, 3514, 3294, 2369, 906, 1400, 60, 2526, 1858, 2321, 1198, 368, 608, 2988, 1787, 2663, 758, 2164, 1944, 2712, 2227, 3039, 176, 1385, 2963, 3016, 2935, 2999, 997, 3558, 3280, 934, 101, 3359, 885, 1736, 371, 755, 406, 427, 2714, 481, 3240, 148, 3716, 3162, 2287, 905, 1513, 2271, 2479, 3691, 1156, 2918, 771, 1618, 3539, 2728, 2897, 3276, 2024, 2817, 1021, 855, 1054, 3241, 2261, 1213, 1289, 705, 1038, 3552, 3715, 2650, 3670, 2251, 1482, 2590, 2230, 2738, 2376, 694, 3250, 1665, 2764, 2627, 3305, 147, 2492, 3707, 2871, 1387, 1806, 7, 1790, 2429, 2465, 3408]

2025-12-22 12:49:38,039 - INFO - 当前用时 0.00 秒
2025-12-22 12:49:38,039 - INFO - 将种子集 写入位置: /root/pythonspace/data-test/Mich/2025-12-21-2/seeds-with-Mich/random_random_seedNum-300_SSRNum-100000.txt
2025-12-22 12:49:38,040 - INFO - 首次生成种子集 degreeTopM
2025-12-22 12:49:38,040 - INFO - 执行当前算法开始: degreeTopM
2025-12-22 12:49:38,040 - INFO - 依据: 选择连接数（度数）最多的节点。
2025-12-22 12:49:38,048 - INFO - 选择的 Top M 节点及其度数:
2025-12-22 12:49:38,049 - INFO - 
2025-12-22 12:49:38,049 - INFO - 当前用时 0.01 秒
2025-12-22 12:49:38,050 - INFO - 将种子集 写入位置: /root/pythonspace/data-test/Mich/2025-12-21-2/seeds-with-Mich/random_degreeTopM_seedNum-300_SSRNum-100000.txt
2025-12-22 12:49:38,051 - INFO - 首次生成种子集 pageRank
2025-12-22 12:49:38,051 - INFO - 执行当前算法开始: pageRank
2025-12-22 12:49:38,051 - INFO - --- Running: PageRank (on tranProMatrix) Top M ---
2025-12-22 12:49:48,103 - INFO - Selected PageRank seeds: [153, 163, 278, 172, 304, 398, 506, 397, 360, 151, 294, 66, 114, 87, 248, 242, 206, 217, 229, 222, 60, 412, 261, 120, 614, 802, 37, 1677, 355, 1845, 121, 169, 586, 603, 749, 203, 606, 2140, 44, 492, 670, 410, 485, 293, 619, 657, 1084, 1590, 110, 7, 178, 54, 1158, 457, 2007, 479, 51, 705, 228, 437, 781, 493, 256, 436, 1144, 47, 359, 13, 637, 630, 101, 698, 1691, 46, 1373, 1834, 640, 654, 1683, 596, 181, 427, 1071, 1307, 132, 442, 265, 595, 1248, 76, 177, 80, 159, 680, 88, 990, 686, 1108, 562, 63, 39, 306, 2047, 348, 1085, 73, 696, 967, 715, 400, 14, 225, 697, 390, 602, 308, 175, 197, 415, 681, 1501, 478, 351, 663, 56, 64, 1661, 127, 1483, 69, 428, 622, 690, 62, 40, 1667, 1729, 71, 364, 119, 445, 743, 1289, 371, 440, 188, 2229, 1172, 128, 636, 538, 267, 160, 1305, 5, 528, 374, 1258, 142, 1134, 2038, 167, 372, 90, 487, 243, 684, 499, 1458, 879, 611, 417, 711, 350, 458, 1033, 1924, 494, 227, 543, 1646, 2295, 399, 2397, 136, 1231, 124, 1401, 765, 513, 517, 302, 70, 1047, 1617, 82, 314, 1440, 2061, 533, 280, 2284, 1154, 905, 541, 1345, 1287, 1393, 631, 333, 470, 777, 387, 1151, 22, 1168, 726, 488, 1226, 455, 676, 2312, 145, 2058, 1242, 1094, 179, 100, 835, 1087, 881, 931, 1280, 848, 61, 516, 305, 1141, 2091, 855, 1477, 1856, 1655, 932, 991, 1426, 1025, 141, 933, 102, 1355, 252, 1003, 994, 579, 722, 2, 1923, 731, 674, 409, 1356, 182, 2014, 836, 914, 505, 347, 1506, 1480, 826, 482, 157, 1735, 1103, 793, 1435, 378, 257, 679, 474, 617, 682, 1129, 507, 1908, 277, 1396, 850, 1488, 1165, 511, 1629, 1028, 644, 1148, 678, 577, 580, 1297]
2025-12-22 12:49:49,160 - INFO - 当前用时 11.11 秒
2025-12-22 12:49:49,170 - INFO - 将种子集 写入位置: /root/pythonspace/data-test/Mich/2025-12-21-2/seeds-with-Mich/random_pageRank_seedNum-300_SSRNum-100000.txt
2025-12-22 12:49:49,173 - INFO - 首次生成种子集 alpha_sort
2025-12-22 12:49:49,174 - INFO - 执行当前算法开始: alpha_sort
2025-12-22 12:49:49,183 - INFO - 3748 个节点的alpha值降序排序 done
2025-12-22 12:49:49,183 - INFO - ==============>> [(1286, 0.426978), (1729, 0.4190571), (387, 0.4188769), (2225, 0.4170993), (1613, 0.4144128), (2892, 0.4140867), (1986, 0.4140283), (741, 0.4138871), (406, 0.4133162), (1458, 0.4100349)]
2025-12-22 12:49:49,183 - INFO - 
选择的种子集 (按alpha排序): [1286, 1729, 387, 2225, 1613, 2892, 1986, 741, 406, 1458, 739, 1216, 327, 3577, 1675, 3282, 897, 241, 3246, 3502, 3004, 850, 32, 2646, 98, 776, 2005, 2889, 3130, 511, 1708, 2828, 1350, 3058, 1476, 947, 2886, 82, 347, 1013, 953, 609, 2818, 331, 1680, 496, 2176, 2817, 3109, 1407, 1334, 2908, 792, 1693, 388, 471, 1777, 642, 3377, 3316, 2792, 3451, 2071, 2588, 2754, 1294, 64, 1859, 1408, 3416, 821, 724, 892, 2207, 3589, 3494, 2765, 315, 1332, 2713, 1902, 31, 1345, 3197, 175, 638, 1614, 2759, 2920, 3638, 688, 95, 3264, 289, 2698, 1298, 1944, 44, 2055, 1921, 1083, 374, 2655, 968, 969, 955, 237, 2658, 1553, 1319, 856, 3118, 1739, 1381, 736, 2686, 3655, 2574, 885, 3550, 3300, 1322, 2286, 1735, 3531, 531, 1457, 3582, 2597, 2499, 2235, 2023, 2784, 1127, 153, 2256, 2, 3330, 845, 2260, 723, 178, 3447, 1295, 1803, 442, 41, 2670, 1527, 2605, 2100, 1379, 3384, 1565, 413, 1121, 38, 1852, 1329, 434, 2876, 1742, 1745, 2870, 1546, 1076, 2471, 1481, 2741, 863, 657, 1419, 2694, 720, 1647, 3545, 3236, 3361, 2692, 2349, 1094, 2375, 1664, 839, 3289, 2190, 3121, 356, 521, 1914, 3656, 2139, 880, 757, 580, 1792, 1129, 3255, 2182, 2012, 350, 3686, 127, 3168, 3120, 1955, 1767, 2053, 1243, 3218, 831, 3189, 2339, 501, 1822, 2380, 1082, 3552, 2844, 187, 1677, 2956, 3732, 3187, 1719, 1325, 1488, 1941, 859, 1844, 2862, 2369, 601, 43, 3056, 3468, 2355, 2016, 687, 3390, 865, 3504, 110, 148, 2083, 519, 2845, 2037, 901, 946, 3538, 794, 684, 300, 1517, 1751, 2287, 693, 590, 1525, 895, 3047, 832, 810, 201, 439, 1037, 3688, 2289, 2751, 2583, 2762, 3053, 2357, 377, 192, 3426, 2093, 2814, 3071, 604, 1292, 1015, 2998, 1566, 310, 1716, 340, 1782, 3293, 58, 1619, 404, 589, 3588, 26, 1933, 251, 488, 1472]

2025-12-22 12:49:49,184 - INFO - 当前用时 0.01 秒
2025-12-22 12:49:49,185 - INFO - 将种子集 写入位置: /root/pythonspace/data-test/Mich/2025-12-21-2/seeds-with-Mich/random_alpha_sort_seedNum-300_SSRNum-100000.txt
2025-12-22 12:49:49,187 - INFO - 首次生成种子集 importance_sort
2025-12-22 12:49:49,187 - INFO - 执行当前算法开始: importance_sort
2025-12-22 12:49:51,729 - INFO - 3748 个节点的Importance值降序排序 done
2025-12-22 12:49:51,730 - INFO - 
选择的种子集 (按Importance排序): [64, 31, 44, 153, 178, 1076, 1094, 1517, 404, 1472, 1226, 1429, 1512, 1502, 882, 360, 1084, 1515, 1158, 1291, 230, 1081, 933, 1103, 1028, 1087, 1068, 12, 705, 248, 1503, 585, 1495, 1508, 348, 932, 664, 1066, 1313, 1496, 1098, 931, 1510, 290, 78, 1506, 1096, 896, 598, 157, 1493, 118, 1045, 557, 1142, 1054, 680, 1132, 689, 234, 28, 1516, 20, 1504, 1500, 1027, 677, 1149, 1072, 177, 1031, 1424, 696, 1287, 1, 1034, 22, 1507, 1511, 66, 1498, 397, 1053, 690, 1513, 1509, 1115, 1492, 1109, 1499, 1071, 40, 1032, 412, 1505, 1514, 1491, 34, 583, 1497, 1494, 963, 1046, 670, 1033, 1126, 294, 1501, 1286, 1729, 387, 2225, 1613, 2892, 1986, 741, 406, 1458, 739, 1216, 327, 3577, 1675, 3282, 897, 241, 3246, 3502, 3004, 850, 32, 2646, 98, 776, 2005, 2889, 3130, 511, 1708, 2828, 1350, 3058, 1476, 947, 2886, 82, 347, 1013, 953, 609, 2818, 331, 1680, 496, 2176, 2817, 3109, 1407, 1334, 2908, 792, 1693, 388, 471, 1777, 642, 3377, 3316, 2792, 3451, 2071, 2588, 2754, 1294, 1859, 1408, 3416, 821, 724, 892, 2207, 3589, 3494, 2765, 315, 1332, 2713, 1902, 1345, 3197, 175, 638, 1614, 2759, 2920, 3638, 688, 95, 3264, 289, 2698, 1298, 1944, 2055, 1921, 1083, 374, 2655, 968, 969, 955, 237, 2658, 1553, 1319, 856, 3118, 1739, 1381, 736, 2686, 3655, 2574, 885, 3550, 3300, 1322, 2286, 1735, 3531, 531, 1457, 3582, 2597, 2499, 2235, 2023, 2784, 1127, 2256, 2, 3330, 845, 2260, 723, 3447, 1295, 1803, 442, 41, 2670, 1527, 2605, 2100, 1379, 3384, 1565, 413, 1121, 38, 1852, 1329, 434, 2876, 1742, 1745, 2870, 1546, 2471, 1481, 2741, 863, 657, 1419, 2694, 720, 1647, 3545, 3236, 3361, 2692, 2349, 2375, 1664, 839, 3289, 2190, 3121, 356, 521, 1914, 3656, 2139, 880, 757, 580, 1792, 1129, 3255, 2182]

2025-12-22 12:49:51,732 - INFO - 当前用时 2.54 秒
2025-12-22 12:49:51,733 - INFO - 将种子集 写入位置: /root/pythonspace/data-test/Mich/2025-12-21-2/seeds-with-Mich/random_importance_sort_seedNum-300_SSRNum-100000.txt
2025-12-22 12:49:51,733 - INFO - 首次生成种子集 ris_coverage
2025-12-22 12:49:51,733 - INFO - 执行当前算法开始: ris_coverage
2025-12-22 12:49:52,598 - INFO - 图初始化完成，节点数: 3748，CSR 矩阵准备就绪。
2025-12-22 12:49:52,599 - INFO - 
开始生成 100000 组 SSR (并行进程: 8)...
