2025-12-22 12:49:11,487 - INFO - 加载数据集: Mich
2025-12-22 12:49:11,496 - INFO - 复用概率分布 文件位置: /root/pythonspace/data-test/Mich/2025-12-21-2/distribution-in-Mich/distribution-random_seedNum-200.pkl
2025-12-22 12:49:11,693 - INFO - 首次生成种子集 random
2025-12-22 12:49:11,693 - INFO - 执行当前算法开始: random
2025-12-22 12:49:11,694 - INFO - 数据集节点总数:  n = 3748, m = 200
2025-12-22 12:49:11,694 - INFO - 选择 200  [3403, 2656, 1367, 1796, 1693, 1103, 3363, 494, 1451, 2942, 1273, 2806, 2557, 1069, 1448, 1911, 1394, 2143, 3283, 2068, 2359, 867, 1520, 1777, 3690, 2146, 600, 2462, 2028, 3246, 851, 2346, 1641, 909, 2853, 2256, 2174, 2600, 2422, 3547, 1511, 1433, 691, 888, 1581, 3703, 1431, 879, 2487, 3315, 2641, 2985, 2534, 2932, 300, 3087, 706, 880, 725, 3295, 3536, 68, 3459, 2236, 183, 3042, 1035, 3627, 3739, 1047, 2962, 770, 306, 80, 28, 256, 3555, 2046, 1751, 620, 2891, 3113, 278, 3099, 186, 2118, 2976, 1628, 263, 1321, 273, 1972, 1019, 119, 877, 2725, 351, 3066, 1286, 2832, 857, 704, 3634, 1422, 650, 1195, 558, 2954, 1516, 997, 2882, 2476, 2125, 2169, 3206, 1417, 3163, 1629, 2194, 3455, 1340, 1522, 883, 3224, 1024, 688, 2297, 132, 2453, 3237, 1078, 1701, 3028, 3165, 3257, 1131, 77, 2114, 155, 137, 1633, 2418, 3534, 3035, 338, 2461, 2082, 3304, 1245, 462, 1790, 2571, 1791, 419, 690, 1311, 3615, 1121, 3616, 236, 3729, 2917, 327, 2797, 1438, 2248, 2058, 103, 3211, 1935, 2330, 2541, 2293, 2715, 3458, 1465, 665, 694, 469, 2253, 685, 1800, 3502, 3130, 2302, 1982, 3191, 1174, 2369, 2312, 741, 2410, 2578, 2409, 804, 99, 2544, 3368, 166, 1872]

2025-12-22 12:49:11,695 - INFO - 当前用时 0.00 秒
2025-12-22 12:49:11,695 - INFO - 将种子集 写入位置: /root/pythonspace/data-test/Mich/2025-12-21-2/seeds-with-Mich/random_random_seedNum-200_SSRNum-100000.txt
2025-12-22 12:49:11,695 - INFO - 首次生成种子集 degreeTopM
2025-12-22 12:49:11,695 - INFO - 执行当前算法开始: degreeTopM
2025-12-22 12:49:11,695 - INFO - 依据: 选择连接数（度数）最多的节点。
2025-12-22 12:49:11,699 - INFO - 选择的 Top M 节点及其度数:
2025-12-22 12:49:11,700 - INFO - 
2025-12-22 12:49:11,700 - INFO - 当前用时 0.00 秒
2025-12-22 12:49:11,700 - INFO - 将种子集 写入位置: /root/pythonspace/data-test/Mich/2025-12-21-2/seeds-with-Mich/random_degreeTopM_seedNum-200_SSRNum-100000.txt
2025-12-22 12:49:11,701 - INFO - 首次生成种子集 pageRank
2025-12-22 12:49:11,701 - INFO - 执行当前算法开始: pageRank
2025-12-22 12:49:11,701 - INFO - --- Running: PageRank (on tranProMatrix) Top M ---
2025-12-22 12:49:14,653 - INFO - Selected PageRank seeds: [153, 163, 278, 172, 304, 398, 506, 397, 360, 151, 294, 66, 114, 87, 248, 242, 206, 217, 229, 222, 60, 412, 261, 120, 614, 802, 37, 1677, 355, 1845, 121, 169, 586, 603, 749, 203, 606, 2140, 44, 492, 670, 410, 485, 293, 619, 657, 1084, 1590, 110, 7, 178, 54, 1158, 457, 2007, 479, 51, 705, 228, 437, 781, 493, 256, 436, 1144, 47, 359, 13, 637, 630, 101, 698, 1691, 46, 1373, 1834, 640, 654, 1683, 596, 181, 427, 1071, 1307, 132, 442, 265, 595, 1248, 76, 177, 80, 159, 680, 88, 990, 686, 1108, 562, 63, 39, 306, 2047, 348, 1085, 73, 696, 967, 715, 400, 14, 225, 697, 390, 602, 308, 175, 197, 415, 681, 1501, 478, 351, 663, 56, 64, 1661, 127, 1483, 69, 428, 622, 690, 62, 40, 1667, 1729, 71, 364, 119, 445, 743, 1289, 371, 440, 188, 2229, 1172, 128, 636, 538, 267, 160, 1305, 5, 528, 374, 1258, 142, 1134, 2038, 167, 372, 90, 487, 243, 684, 499, 1458, 879, 611, 417, 711, 350, 458, 1033, 1924, 494, 227, 543, 1646, 2295, 399, 2397, 136, 1231, 124, 1401, 765, 513, 517, 302, 70, 1047, 1617, 82, 314, 1440, 2061, 533]
2025-12-22 12:49:14,914 - INFO - 当前用时 3.21 秒
2025-12-22 12:49:14,916 - INFO - 将种子集 写入位置: /root/pythonspace/data-test/Mich/2025-12-21-2/seeds-with-Mich/random_pageRank_seedNum-200_SSRNum-100000.txt
2025-12-22 12:49:14,917 - INFO - 首次生成种子集 alpha_sort
2025-12-22 12:49:14,917 - INFO - 执行当前算法开始: alpha_sort
2025-12-22 12:49:14,920 - INFO - 3748 个节点的alpha值降序排序 done
2025-12-22 12:49:14,920 - INFO - ==============>> [(2283, 0.4259144), (2500, 0.424403), (2678, 0.4153438), (1100, 0.4149959), (2026, 0.4145448), (2733, 0.4134452), (148, 0.4123392), (3612, 0.4119878), (2854, 0.4118893), (1059, 0.4114988)]
2025-12-22 12:49:14,920 - INFO - 
选择的种子集 (按alpha排序): [2283, 2500, 2678, 1100, 2026, 2733, 148, 3612, 2854, 1059, 3364, 1251, 980, 641, 2304, 2615, 1833, 3472, 499, 1451, 145, 3460, 1116, 3650, 277, 1175, 969, 2462, 570, 3595, 458, 1119, 3593, 1062, 821, 3235, 2509, 2789, 437, 885, 1843, 1655, 1555, 556, 278, 1711, 752, 3122, 2747, 1163, 1391, 1546, 3377, 3338, 3639, 2656, 489, 3203, 1594, 784, 2918, 939, 532, 2916, 1482, 2066, 2339, 46, 3590, 3031, 2164, 2496, 2180, 2135, 1049, 3140, 1659, 1199, 2929, 3480, 1690, 1134, 3040, 3441, 55, 2730, 2857, 656, 125, 320, 3075, 1456, 1948, 664, 1087, 1748, 3336, 2095, 137, 2195, 3418, 512, 3167, 2610, 2236, 2997, 1039, 1315, 529, 1841, 718, 1536, 2564, 1914, 190, 2014, 704, 3557, 737, 1461, 3069, 3175, 522, 1405, 1056, 2852, 3177, 1027, 2657, 8, 2092, 1953, 617, 2877, 2804, 3742, 912, 1244, 1682, 1693, 589, 2433, 193, 367, 3351, 1553, 3341, 1386, 2276, 1317, 3018, 3554, 712, 1552, 3085, 451, 3470, 1883, 3566, 2996, 2022, 2652, 975, 2402, 3488, 1166, 2586, 2794, 1324, 914, 900, 2336, 1864, 1071, 3265, 908, 3515, 2578, 3498, 273, 1238, 919, 391, 1820, 1955, 2944, 3374, 3173, 2468, 2614, 1991, 3332, 1253, 3382, 988, 3495, 1797, 1646, 1234, 1514]

2025-12-22 12:49:14,920 - INFO - 当前用时 0.00 秒
2025-12-22 12:49:14,921 - INFO - 将种子集 写入位置: /root/pythonspace/data-test/Mich/2025-12-21-2/seeds-with-Mich/random_alpha_sort_seedNum-200_SSRNum-100000.txt
2025-12-22 12:49:14,921 - INFO - 首次生成种子集 importance_sort
2025-12-22 12:49:14,921 - INFO - 执行当前算法开始: importance_sort
2025-12-22 12:49:16,778 - INFO - 3748 个节点的Importance值降序排序 done
2025-12-22 12:49:16,779 - INFO - 
选择的种子集 (按Importance排序): [664, 1087, 1027, 1071, 1514, 1502, 31, 1291, 1045, 689, 20, 22, 1149, 1226, 1034, 1511, 1072, 1497, 1517, 1505, 1096, 1054, 1424, 1513, 1495, 1103, 1506, 680, 1504, 1158, 34, 44, 153, 348, 583, 598, 178, 290, 1496, 66, 248, 1, 1508, 404, 1142, 234, 1515, 1109, 1033, 1507, 1126, 705, 12, 1493, 1081, 412, 1499, 1076, 1500, 177, 933, 64, 1028, 1287, 677, 931, 932, 1492, 1032, 1501, 294, 690, 670, 40, 963, 360, 896, 1510, 397, 78, 1084, 1472, 1031, 1516, 1046, 28, 1429, 1509, 1068, 585, 1094, 1503, 157, 1115, 230, 1512, 1132, 557, 882, 1066, 118, 1053, 696, 1494, 1491, 1498, 1313, 1098, 2283, 2500, 2678, 1100, 2026, 2733, 148, 3612, 2854, 1059, 3364, 1251, 980, 641, 2304, 2615, 1833, 3472, 499, 1451, 145, 3460, 1116, 3650, 277, 1175, 969, 2462, 570, 3595, 458, 1119, 3593, 1062, 821, 3235, 2509, 2789, 437, 885, 1843, 1655, 1555, 556, 278, 1711, 752, 3122, 2747, 1163, 1391, 1546, 3377, 3338, 3639, 2656, 489, 3203, 1594, 784, 2918, 939, 532, 2916, 1482, 2066, 2339, 46, 3590, 3031, 2164, 2496, 2180, 2135, 1049, 3140, 1659, 1199, 2929, 3480, 1690, 1134, 3040, 3441, 55, 2730, 2857, 656, 125, 320, 3075, 1456]

2025-12-22 12:49:16,780 - INFO - 当前用时 1.86 秒
2025-12-22 12:49:16,780 - INFO - 将种子集 写入位置: /root/pythonspace/data-test/Mich/2025-12-21-2/seeds-with-Mich/random_importance_sort_seedNum-200_SSRNum-100000.txt
2025-12-22 12:49:16,781 - INFO - 首次生成种子集 ris_coverage
2025-12-22 12:49:16,781 - INFO - 执行当前算法开始: ris_coverage
2025-12-22 12:49:17,331 - INFO - 图初始化完成，节点数: 3748，CSR 矩阵准备就绪。
2025-12-22 12:49:17,332 - INFO - 
开始生成 100000 组 SSR (并行进程: 8)...
