2025-12-21 17:14:02,531 - INFO - 加载数据集: Mich
2025-12-21 17:14:02,539 - INFO - 首次生成度相关概率分布 分布类型: 'random'.
2025-12-21 17:14:02,545 - INFO - ===> Generating 'Dirichlet' distributions with alpha=[100, 100, 100]...
2025-12-21 17:14:02,546 - INFO - 保存概率分布 文件位置: /root/pythonspace/data-test/Mich/2025-12-21-2/distribution-in-Mich/distribution-random_seedNum-400.pkl
2025-12-21 17:14:02,743 - INFO - 首次生成种子集 random
2025-12-21 17:14:02,744 - INFO - 执行当前算法开始: random
2025-12-21 17:14:02,744 - INFO - 数据集节点总数:  n = 3748, m = 400
2025-12-21 17:14:02,744 - INFO - 选择 400  [3046, 629, 2879, 1166, 3260, 214, 2871, 3528, 2882, 127, 3068, 1157, 3171, 2080, 2234, 2271, 1053, 1314, 3486, 790, 264, 3150, 275, 2336, 476, 3142, 1834, 2598, 2449, 1259, 2237, 2514, 2474, 456, 1723, 2872, 2454, 1712, 1043, 737, 3578, 1220, 1688, 1634, 3147, 1716, 3343, 2117, 1602, 1433, 979, 3401, 2052, 1811, 1178, 2665, 983, 2942, 3256, 57, 843, 2706, 1119, 3003, 2399, 1213, 104, 22, 1758, 561, 3403, 1274, 1863, 2949, 3006, 3058, 622, 2764, 2160, 3004, 3559, 1366, 3608, 2861, 554, 2483, 429, 3065, 2481, 1919, 2163, 3380, 292, 3583, 3540, 1204, 2500, 501, 129, 3525, 3223, 1770, 2958, 1066, 2207, 3295, 3745, 1482, 3007, 1916, 3367, 1750, 3212, 3191, 3284, 1795, 49, 2980, 2120, 1037, 349, 3539, 3198, 1086, 1446, 3130, 204, 1098, 3692, 2969, 2521, 765, 2010, 2708, 3302, 2290, 388, 1456, 2394, 519, 1999, 1968, 1232, 1571, 3648, 482, 1855, 98, 1260, 957, 183, 2989, 3458, 3338, 2611, 530, 1127, 1955, 2877, 267, 1327, 1385, 3487, 2929, 2156, 3362, 758, 2688, 2152, 2924, 46, 1636, 1566, 448, 85, 623, 2513, 2114, 2067, 1620, 3165, 2917, 2382, 2280, 179, 2553, 1721, 3623, 707, 932, 1685, 360, 768, 2593, 2019, 1570, 732, 2662, 835, 616, 2529, 3269, 3235, 1460, 240, 3649, 1194, 2341, 2897, 2647, 3733, 1729, 1295, 1252, 195, 1137, 1241, 1167, 1551, 2780, 2102, 1306, 203, 2859, 261, 1369, 3482, 2854, 2109, 725, 3172, 3746, 2220, 2480, 899, 2585, 3491, 3044, 2973, 811, 331, 327, 1866, 2319, 1023, 65, 2771, 3499, 1029, 710, 89, 3419, 668, 3615, 1390, 2579, 3409, 3094, 2881, 3347, 2815, 2931, 1141, 1309, 289, 3652, 2948, 3431, 1478, 3037, 857, 2644, 1935, 3448, 321, 3067, 177, 414, 1010, 2641, 2165, 674, 3598, 776, 1041, 2389, 2423, 1322, 1972, 3254, 2912, 1810, 341, 528, 2365, 100, 3706, 1705, 2683, 1708, 2328, 1068, 1234, 1792, 3445, 446, 2111, 3136, 241, 698, 2744, 135, 2344, 2247, 2348, 2030, 2918, 3661, 3647, 256, 2642, 1988, 1519, 2384, 1406, 1830, 910, 2950, 1956, 307, 355, 299, 2259, 1507, 170, 919, 101, 357, 457, 1427, 2439, 1510, 2823, 1159, 1296, 809, 3324, 2090, 3568, 1971, 2260, 2085, 255, 1621, 1668, 2520, 3188, 2485, 2371, 1629, 2591, 1867, 1509, 28, 2887, 1438, 1941, 2312, 1477, 74, 946, 969, 2338, 1170, 960, 1651, 1429, 3414, 1459, 265, 330, 3049, 1879, 662, 106, 2219, 2779, 184, 779, 3669, 217, 1848, 3266, 9, 2184, 585, 223, 1914, 1605, 1638]

2025-12-21 17:14:02,744 - INFO - 当前用时 0.00 秒
2025-12-21 17:14:02,745 - INFO - 将种子集 写入位置: /root/pythonspace/data-test/Mich/2025-12-21-2/seeds-with-Mich/random_random_seedNum-400_SSRNum-80000.txt
2025-12-21 17:14:02,753 - INFO - 首次生成种子集 degreeTopM
2025-12-21 17:14:02,753 - INFO - 执行当前算法开始: degreeTopM
2025-12-21 17:14:02,753 - INFO - 依据: 选择连接数（度数）最多的节点。
2025-12-21 17:14:02,755 - INFO - 选择的 Top M 节点及其度数:
2025-12-21 17:14:02,760 - INFO - 
2025-12-21 17:14:02,760 - INFO - 当前用时 0.01 秒
2025-12-21 17:14:02,761 - INFO - 将种子集 写入位置: /root/pythonspace/data-test/Mich/2025-12-21-2/seeds-with-Mich/random_degreeTopM_seedNum-400_SSRNum-80000.txt
2025-12-21 17:14:02,761 - INFO - 首次生成种子集 pageRank
2025-12-21 17:14:02,761 - INFO - 执行当前算法开始: pageRank
2025-12-21 17:14:02,761 - INFO - --- Running: PageRank (on tranProMatrix) Top M ---
2025-12-21 17:14:05,890 - INFO - Selected PageRank seeds: [153, 163, 278, 172, 304, 398, 506, 397, 360, 151, 294, 66, 114, 87, 248, 242, 206, 217, 229, 222, 60, 412, 261, 120, 614, 802, 37, 1677, 355, 1845, 121, 169, 586, 603, 749, 203, 606, 2140, 44, 492, 670, 410, 485, 293, 619, 657, 1084, 1590, 110, 7, 178, 54, 1158, 457, 2007, 479, 51, 705, 228, 437, 781, 493, 256, 436, 1144, 47, 359, 13, 637, 630, 101, 698, 1691, 46, 1373, 1834, 640, 654, 1683, 596, 181, 427, 1071, 1307, 132, 442, 265, 595, 1248, 76, 177, 80, 159, 680, 88, 990, 686, 1108, 562, 63, 39, 306, 2047, 348, 1085, 73, 696, 967, 715, 400, 14, 225, 697, 390, 602, 308, 175, 197, 415, 681, 1501, 478, 351, 663, 56, 64, 1661, 127, 1483, 69, 428, 622, 690, 62, 40, 1667, 1729, 71, 364, 119, 445, 743, 1289, 371, 440, 188, 2229, 1172, 128, 636, 538, 267, 160, 1305, 5, 528, 374, 1258, 142, 1134, 2038, 167, 372, 90, 487, 243, 684, 499, 1458, 879, 611, 417, 711, 350, 458, 1033, 1924, 494, 227, 543, 1646, 2295, 399, 2397, 136, 1231, 124, 1401, 765, 513, 517, 302, 70, 1047, 1617, 82, 314, 1440, 2061, 533, 280, 2284, 1154, 905, 541, 1345, 1287, 1393, 631, 333, 470, 777, 387, 1151, 22, 1168, 726, 488, 1226, 455, 676, 2312, 145, 2058, 1242, 1094, 179, 100, 835, 1087, 881, 931, 1280, 848, 61, 516, 305, 1141, 2091, 855, 1477, 1856, 1655, 932, 991, 1426, 1025, 141, 933, 102, 1355, 252, 1003, 994, 579, 722, 2, 1923, 731, 674, 409, 1356, 182, 2014, 836, 914, 505, 347, 1506, 1480, 826, 482, 157, 1735, 1103, 793, 1435, 378, 257, 679, 474, 617, 682, 1129, 507, 1908, 277, 1396, 850, 1488, 1165, 511, 1629, 1028, 644, 1148, 678, 577, 580, 1297, 191, 52, 32, 1434, 300, 650, 224, 949, 81, 285, 1705, 189, 2160, 33, 2193, 1535, 527, 109, 349, 137, 279, 0, 635, 475, 801, 1105, 589, 472, 237, 1544, 434, 460, 1201, 755, 1675, 2333, 759, 2388, 1707, 1815, 1504, 1875, 1318, 2231, 1274, 1124, 357, 557, 1352, 896, 25, 1337, 1467, 1346, 1007, 664, 98, 84, 1397, 3, 1245, 1150, 75, 2145, 1200, 951, 207, 435, 814, 2273, 730, 1140, 1162, 68, 1566, 834, 3139, 113, 406, 521, 219, 659, 272, 276, 707, 563, 701, 401, 724, 671, 1484, 784, 2272, 2127, 235, 1499, 1102, 1314, 946, 1385]
2025-12-21 17:14:05,988 - INFO - 当前用时 3.23 秒
2025-12-21 17:14:05,992 - INFO - 将种子集 写入位置: /root/pythonspace/data-test/Mich/2025-12-21-2/seeds-with-Mich/random_pageRank_seedNum-400_SSRNum-80000.txt
2025-12-21 17:14:05,993 - INFO - 首次生成种子集 alpha_sort
2025-12-21 17:14:05,993 - INFO - 执行当前算法开始: alpha_sort
2025-12-21 17:14:05,996 - INFO - 3748 个节点的alpha值降序排序 done
2025-12-21 17:14:05,999 - INFO - ==============>> [(3321, 0.4282116), (752, 0.4234547), (1221, 0.4195372), (975, 0.4194386), (1259, 0.4175212), (2174, 0.4154571), (2408, 0.4152465), (2951, 0.4147986), (2940, 0.4135862), (1993, 0.4131541)]
2025-12-21 17:14:06,003 - INFO - 
选择的种子集 (按alpha排序): [3321, 752, 1221, 975, 1259, 2174, 2408, 2951, 2940, 1993, 3394, 1121, 61, 839, 937, 991, 587, 3480, 499, 3616, 681, 2444, 1431, 2723, 2129, 1207, 3117, 1663, 248, 2350, 2869, 2314, 176, 3483, 1702, 2399, 1542, 979, 525, 175, 1515, 333, 1554, 1597, 1789, 816, 2901, 3319, 1893, 3248, 3737, 3036, 2136, 2992, 1024, 1498, 3570, 2183, 463, 3184, 361, 1394, 462, 3082, 184, 2912, 3038, 536, 256, 1423, 2623, 2370, 3530, 2328, 3426, 2071, 473, 1730, 2774, 3646, 3725, 2462, 3179, 2226, 2633, 299, 1920, 563, 2251, 3677, 2805, 1987, 1768, 3485, 2474, 143, 3048, 761, 3532, 2241, 26, 439, 537, 2556, 1616, 1665, 1075, 2121, 2202, 3087, 2024, 2192, 3136, 2860, 2631, 3242, 1579, 796, 78, 1437, 1163, 3416, 3202, 1351, 1945, 3525, 2816, 3030, 3683, 897, 3377, 169, 1880, 1390, 386, 3560, 1667, 375, 461, 1869, 1909, 1706, 838, 939, 2945, 950, 428, 683, 417, 1985, 2170, 777, 2021, 3142, 3381, 986, 3408, 2104, 2672, 1775, 899, 2608, 1619, 3049, 850, 1898, 2325, 529, 954, 1556, 279, 188, 112, 827, 2599, 2682, 1739, 801, 3116, 63, 894, 174, 2294, 137, 1369, 3071, 380, 3444, 2507, 115, 21, 3548, 62, 3422, 2041, 3708, 2087, 2281, 60, 1772, 1058, 1885, 3067, 1402, 2539, 2411, 1089, 910, 1812, 1363, 676, 2962, 1938, 689, 2817, 551, 3406, 260, 25, 2973, 1398, 2824, 3478, 1946, 670, 2298, 1947, 682, 684, 1074, 636, 3114, 983, 2058, 1685, 716, 1097, 3127, 97, 2818, 1244, 884, 3212, 3239, 802, 2237, 476, 3332, 1925, 867, 946, 1166, 363, 3589, 2704, 2574, 3597, 2255, 1788, 2891, 96, 2612, 421, 878, 1852, 808, 2278, 2224, 3747, 3039, 2457, 471, 1548, 408, 1991, 1255, 77, 818, 282, 1276, 141, 3372, 377, 1544, 2488, 1851, 1808, 2581, 2368, 1447, 1283, 829, 2374, 3679, 1414, 3301, 1759, 1270, 2768, 14, 3062, 599, 1640, 892, 2509, 3620, 2759, 448, 2049, 2268, 2493, 1718, 1152, 211, 1233, 3364, 243, 3189, 2052, 1188, 3614, 2238, 2117, 102, 2376, 3295, 1045, 198, 3081, 1658, 1095, 2931, 2378, 1288, 1213, 1155, 2702, 635, 3244, 3443, 3263, 2186, 1573, 2009, 3130, 1830, 2234, 1025, 3617, 680, 2998, 2683, 641, 2343, 2002, 3556, 3561, 917, 826, 2910, 2660, 2027, 3390, 358, 3459, 567, 1185, 437, 1695, 1072, 1108, 353, 1599, 971, 1378, 1087, 1916, 2449, 291, 3734, 1576, 608, 2996, 3254, 1895, 904, 2050, 3736, 2592, 1864, 2303, 398, 3604, 3460, 2031, 1770, 1919, 381, 2397, 2585]

2025-12-21 17:14:06,004 - INFO - 当前用时 0.01 秒
2025-12-21 17:14:06,004 - INFO - 将种子集 写入位置: /root/pythonspace/data-test/Mich/2025-12-21-2/seeds-with-Mich/random_alpha_sort_seedNum-400_SSRNum-80000.txt
2025-12-21 17:14:06,005 - INFO - 首次生成种子集 importance_sort
2025-12-21 17:14:06,005 - INFO - 执行当前算法开始: importance_sort
2025-12-21 17:14:15,613 - INFO - 3748 个节点的Importance值降序排序 done
2025-12-21 17:14:15,613 - INFO - 
选择的种子集 (按Importance排序): [248, 1515, 1498, 78, 689, 670, 1045, 680, 1072, 1087, 1500, 178, 583, 882, 1287, 1066, 1513, 1491, 690, 1495, 230, 1158, 66, 1046, 1517, 118, 1511, 1493, 31, 1496, 1502, 677, 1031, 1499, 1494, 1429, 1506, 705, 404, 1, 1027, 28, 294, 1512, 1053, 1313, 1109, 1034, 20, 1492, 44, 932, 348, 1068, 1516, 933, 153, 1497, 1514, 34, 1115, 1126, 1028, 1103, 963, 696, 1033, 1291, 64, 397, 1096, 1071, 1507, 1505, 1503, 360, 1424, 1132, 290, 1032, 1504, 1472, 1508, 664, 585, 931, 1054, 1149, 1081, 1094, 1226, 22, 557, 1084, 412, 1510, 1142, 1098, 40, 598, 1076, 12, 1509, 896, 177, 234, 157, 1501, 3321, 752, 1221, 975, 1259, 2174, 2408, 2951, 2940, 1993, 3394, 1121, 61, 839, 937, 991, 587, 3480, 499, 3616, 681, 2444, 1431, 2723, 2129, 1207, 3117, 1663, 2350, 2869, 2314, 176, 3483, 1702, 2399, 1542, 979, 525, 175, 333, 1554, 1597, 1789, 816, 2901, 3319, 1893, 3248, 3737, 3036, 2136, 2992, 1024, 3570, 2183, 463, 3184, 361, 1394, 462, 3082, 184, 2912, 3038, 536, 256, 1423, 2623, 2370, 3530, 2328, 3426, 2071, 473, 1730, 2774, 3646, 3725, 2462, 3179, 2226, 2633, 299, 1920, 563, 2251, 3677, 2805, 1987, 1768, 3485, 2474, 143, 3048, 761, 3532, 2241, 26, 439, 537, 2556, 1616, 1665, 1075, 2121, 2202, 3087, 2024, 2192, 3136, 2860, 2631, 3242, 1579, 796, 1437, 1163, 3416, 3202, 1351, 1945, 3525, 2816, 3030, 3683, 897, 3377, 169, 1880, 1390, 386, 3560, 1667, 375, 461, 1869, 1909, 1706, 838, 939, 2945, 950, 428, 683, 417, 1985, 2170, 777, 2021, 3142, 3381, 986, 3408, 2104, 2672, 1775, 899, 2608, 1619, 3049, 850, 1898, 2325, 529, 954, 1556, 279, 188, 112, 827, 2599, 2682, 1739, 801, 3116, 63, 894, 174, 2294, 137, 1369, 3071, 380, 3444, 2507, 115, 21, 3548, 62, 3422, 2041, 3708, 2087, 2281, 60, 1772, 1058, 1885, 3067, 1402, 2539, 2411, 1089, 910, 1812, 1363, 676, 2962, 1938, 2817, 551, 3406, 260, 25, 2973, 1398, 2824, 3478, 1946, 2298, 1947, 682, 684, 1074, 636, 3114, 983, 2058, 1685, 716, 1097, 3127, 97, 2818, 1244, 884, 3212, 3239, 802, 2237, 476, 3332, 1925, 867, 946, 1166, 363, 3589, 2704, 2574, 3597, 2255, 1788, 2891, 96, 2612, 421, 878, 1852, 808, 2278, 2224, 3747, 3039, 2457, 471, 1548, 408, 1991, 1255, 77, 818, 282, 1276, 141, 3372, 377, 1544, 2488, 1851, 1808, 2581, 2368, 1447, 1283, 829, 2374, 3679, 1414, 3301, 1759, 1270]

2025-12-21 17:14:15,614 - INFO - 当前用时 9.61 秒
2025-12-21 17:14:15,614 - INFO - 将种子集 写入位置: /root/pythonspace/data-test/Mich/2025-12-21-2/seeds-with-Mich/random_importance_sort_seedNum-400_SSRNum-80000.txt
2025-12-21 17:14:15,615 - INFO - 首次生成种子集 ris_coverage
2025-12-21 17:14:15,619 - INFO - 执行当前算法开始: ris_coverage
2025-12-21 17:14:16,347 - INFO - 图初始化完成，节点数: 3748，CSR 矩阵准备就绪。
2025-12-21 17:14:16,351 - INFO - 
开始生成 80000 组 SSR (并行进程: 8)...
2025-12-21 17:29:40,962 - INFO - 生成完毕。耗时: 924.61 秒。
2025-12-21 17:29:40,963 - INFO - 
开始选择最优种子 (Optimized Greedy) ...
2025-12-21 17:37:32,300 - INFO -   - 券 1/400 选中节点 900, 新增覆盖 154
2025-12-21 17:37:32,376 - INFO -   - 券 2/400 选中节点 1259, 新增覆盖 161
2025-12-21 17:37:32,450 - INFO -   - 券 3/400 选中节点 1752, 新增覆盖 144
2025-12-21 17:37:32,523 - INFO -   - 券 4/400 选中节点 2614, 新增覆盖 151
2025-12-21 17:37:32,607 - INFO -   - 券 5/400 选中节点 1977, 新增覆盖 151
2025-12-21 17:37:32,676 - INFO -   - 券 6/400 选中节点 1867, 新增覆盖 150
2025-12-21 17:37:32,755 - INFO -   - 券 7/400 选中节点 2824, 新增覆盖 151
2025-12-21 17:37:32,841 - INFO -   - 券 8/400 选中节点 2160, 新增覆盖 148
2025-12-21 17:37:32,918 - INFO -   - 券 9/400 选中节点 2439, 新增覆盖 147
2025-12-21 17:37:33,000 - INFO -   - 券 10/400 选中节点 424, 新增覆盖 148
2025-12-21 17:37:33,092 - INFO -   - 券 11/400 选中节点 739, 新增覆盖 150
2025-12-21 17:37:33,180 - INFO -   - 券 12/400 选中节点 3409, 新增覆盖 154
2025-12-21 17:37:33,278 - INFO -   - 券 13/400 选中节点 892, 新增覆盖 158
2025-12-21 17:37:33,388 - INFO -   - 券 14/400 选中节点 2325, 新增覆盖 151
2025-12-21 17:37:33,490 - INFO -   - 券 15/400 选中节点 132, 新增覆盖 152
2025-12-21 17:37:33,595 - INFO -   - 券 16/400 选中节点 3135, 新增覆盖 151
2025-12-21 17:37:33,692 - INFO -   - 券 17/400 选中节点 2658, 新增覆盖 145
2025-12-21 17:37:33,795 - INFO -   - 券 18/400 选中节点 3366, 新增覆盖 149
2025-12-21 17:37:33,894 - INFO -   - 券 19/400 选中节点 3727, 新增覆盖 146
2025-12-21 17:37:33,993 - INFO -   - 券 20/400 选中节点 3062, 新增覆盖 153
2025-12-21 17:37:34,084 - INFO -   - 券 21/400 选中节点 1985, 新增覆盖 145
2025-12-21 17:37:34,185 - INFO -   - 券 22/400 选中节点 2612, 新增覆盖 143
2025-12-21 17:37:34,287 - INFO -   - 券 23/400 选中节点 3103, 新增覆盖 143
2025-12-21 17:37:34,394 - INFO -   - 券 24/400 选中节点 3332, 新增覆盖 139
2025-12-21 17:37:34,507 - INFO -   - 券 25/400 选中节点 277, 新增覆盖 139
2025-12-21 17:37:34,615 - INFO -   - 券 26/400 选中节点 3412, 新增覆盖 137
2025-12-21 17:37:34,724 - INFO -   - 券 27/400 选中节点 3710, 新增覆盖 138
2025-12-21 17:37:34,837 - INFO -   - 券 28/400 选中节点 268, 新增覆盖 145
2025-12-21 17:37:34,951 - INFO -   - 券 29/400 选中节点 1943, 新增覆盖 141
2025-12-21 17:37:35,083 - INFO -   - 券 30/400 选中节点 1464, 新增覆盖 141
2025-12-21 17:37:35,214 - INFO -   - 券 31/400 选中节点 30, 新增覆盖 142
2025-12-21 17:37:35,333 - INFO -   - 券 32/400 选中节点 3299, 新增覆盖 134
2025-12-21 17:37:35,453 - INFO -   - 券 33/400 选中节点 3608, 新增覆盖 134
2025-12-21 17:37:35,579 - INFO -   - 券 34/400 选中节点 600, 新增覆盖 138
2025-12-21 17:37:35,694 - INFO -   - 券 35/400 选中节点 3588, 新增覆盖 131
2025-12-21 17:37:35,817 - INFO -   - 券 36/400 选中节点 2984, 新增覆盖 136
2025-12-21 17:37:35,946 - INFO -   - 券 37/400 选中节点 1265, 新增覆盖 143
2025-12-21 17:37:36,068 - INFO -   - 券 38/400 选中节点 878, 新增覆盖 134
2025-12-21 17:37:36,194 - INFO -   - 券 39/400 选中节点 3067, 新增覆盖 143
2025-12-21 17:37:36,321 - INFO -   - 券 40/400 选中节点 580, 新增覆盖 136
2025-12-21 17:37:36,452 - INFO -   - 券 41/400 选中节点 3360, 新增覆盖 134
2025-12-21 17:37:36,576 - INFO -   - 券 42/400 选中节点 3597, 新增覆盖 138
2025-12-21 17:37:36,714 - INFO -   - 券 43/400 选中节点 2840, 新增覆盖 130
2025-12-21 17:37:36,863 - INFO -   - 券 44/400 选中节点 1203, 新增覆盖 128
2025-12-21 17:37:36,998 - INFO -   - 券 45/400 选中节点 3083, 新增覆盖 136
2025-12-21 17:37:37,147 - INFO -   - 券 46/400 选中节点 692, 新增覆盖 126
2025-12-21 17:37:37,286 - INFO -   - 券 47/400 选中节点 1070, 新增覆盖 132
2025-12-21 17:37:37,433 - INFO -   - 券 48/400 选中节点 1215, 新增覆盖 137
2025-12-21 17:37:37,580 - INFO -   - 券 49/400 选中节点 3025, 新增覆盖 130
2025-12-21 17:37:37,733 - INFO -   - 券 50/400 选中节点 833, 新增覆盖 127
2025-12-21 17:37:37,885 - INFO -   - 券 51/400 选中节点 1947, 新增覆盖 132
2025-12-21 17:37:38,027 - INFO -   - 券 52/400 选中节点 2825, 新增覆盖 121
2025-12-21 17:37:38,168 - INFO -   - 券 53/400 选中节点 3480, 新增覆盖 130
2025-12-21 17:37:38,319 - INFO -   - 券 54/400 选中节点 2742, 新增覆盖 131
2025-12-21 17:37:38,489 - INFO -   - 券 55/400 选中节点 1653, 新增覆盖 118
2025-12-21 17:37:38,653 - INFO -   - 券 56/400 选中节点 3565, 新增覆盖 131
2025-12-21 17:37:38,831 - INFO -   - 券 57/400 选中节点 2965, 新增覆盖 121
2025-12-21 17:37:39,012 - INFO -   - 券 58/400 选中节点 2543, 新增覆盖 136
2025-12-21 17:37:39,187 - INFO -   - 券 59/400 选中节点 3318, 新增覆盖 126
2025-12-21 17:37:39,359 - INFO -   - 券 60/400 选中节点 2112, 新增覆盖 121
2025-12-21 17:37:39,525 - INFO -   - 券 61/400 选中节点 3733, 新增覆盖 134
2025-12-21 17:37:39,708 - INFO -   - 券 62/400 选中节点 3656, 新增覆盖 123
2025-12-21 17:37:39,887 - INFO -   - 券 63/400 选中节点 3101, 新增覆盖 125
2025-12-21 17:37:40,077 - INFO -   - 券 64/400 选中节点 1728, 新增覆盖 119
2025-12-21 17:37:40,265 - INFO -   - 券 65/400 选中节点 1376, 新增覆盖 124
2025-12-21 17:37:40,458 - INFO -   - 券 66/400 选中节点 1220, 新增覆盖 122
2025-12-21 17:37:40,648 - INFO -   - 券 67/400 选中节点 1127, 新增覆盖 122
2025-12-21 17:37:40,856 - INFO -   - 券 68/400 选中节点 1658, 新增覆盖 123
2025-12-21 17:37:41,032 - INFO -   - 券 69/400 选中节点 1845, 新增覆盖 123
2025-12-21 17:37:41,218 - INFO -   - 券 70/400 选中节点 2434, 新增覆盖 118
2025-12-21 17:37:41,404 - INFO -   - 券 71/400 选中节点 1447, 新增覆盖 124
2025-12-21 17:37:41,616 - INFO -   - 券 72/400 选中节点 1342, 新增覆盖 135
2025-12-21 17:37:41,810 - INFO -   - 券 73/400 选中节点 2528, 新增覆盖 116
2025-12-21 17:37:42,007 - INFO -   - 券 74/400 选中节点 2536, 新增覆盖 126
2025-12-21 17:37:42,197 - INFO -   - 券 75/400 选中节点 3611, 新增覆盖 120
2025-12-21 17:37:42,406 - INFO -   - 券 76/400 选中节点 3418, 新增覆盖 123
2025-12-21 17:37:42,636 - INFO -   - 券 77/400 选中节点 2370, 新增覆盖 132
2025-12-21 17:37:42,816 - INFO -   - 券 78/400 选中节点 2732, 新增覆盖 123
2025-12-21 17:37:43,030 - INFO -   - 券 79/400 选中节点 1436, 新增覆盖 119
2025-12-21 17:37:43,203 - INFO -   - 券 80/400 选中节点 3325, 新增覆盖 123
2025-12-21 17:37:43,369 - INFO -   - 券 81/400 选中节点 3237, 新增覆盖 124
2025-12-21 17:37:43,575 - INFO -   - 券 82/400 选中节点 1329, 新增覆盖 119
2025-12-21 17:37:43,756 - INFO -   - 券 83/400 选中节点 1195, 新增覆盖 119
2025-12-21 17:37:43,935 - INFO -   - 券 84/400 选中节点 3009, 新增覆盖 111
2025-12-21 17:37:44,116 - INFO -   - 券 85/400 选中节点 26, 新增覆盖 121
2025-12-21 17:37:44,305 - INFO -   - 券 86/400 选中节点 3202, 新增覆盖 121
2025-12-21 17:37:44,515 - INFO -   - 券 87/400 选中节点 1538, 新增覆盖 114
2025-12-21 17:37:44,723 - INFO -   - 券 88/400 选中节点 3626, 新增覆盖 117
2025-12-21 17:37:44,912 - INFO -   - 券 89/400 选中节点 164, 新增覆盖 133
2025-12-21 17:37:45,132 - INFO -   - 券 90/400 选中节点 2519, 新增覆盖 125
2025-12-21 17:37:45,421 - INFO -   - 券 91/400 选中节点 1304, 新增覆盖 113
2025-12-21 17:37:45,814 - INFO -   - 券 92/400 选中节点 3667, 新增覆盖 121
2025-12-21 17:37:46,235 - INFO -   - 券 93/400 选中节点 1745, 新增覆盖 115
2025-12-21 17:37:46,533 - INFO -   - 券 94/400 选中节点 2158, 新增覆盖 116
2025-12-21 17:37:46,818 - INFO -   - 券 95/400 选中节点 3019, 新增覆盖 117
2025-12-21 17:37:47,045 - INFO -   - 券 96/400 选中节点 3394, 新增覆盖 116
2025-12-21 17:37:47,283 - INFO -   - 券 97/400 选中节点 1859, 新增覆盖 126
2025-12-21 17:37:47,537 - INFO -   - 券 98/400 选中节点 3236, 新增覆盖 110
2025-12-21 17:37:47,834 - INFO -   - 券 99/400 选中节点 1119, 新增覆盖 114
2025-12-21 17:37:48,105 - INFO -   - 券 100/400 选中节点 1939, 新增覆盖 111
2025-12-21 17:37:48,485 - INFO -   - 券 101/400 选中节点 3736, 新增覆盖 119
2025-12-21 17:37:48,760 - INFO -   - 券 102/400 选中节点 3230, 新增覆盖 124
2025-12-21 17:37:49,016 - INFO -   - 券 103/400 选中节点 2582, 新增覆盖 110
2025-12-21 17:37:49,275 - INFO -   - 券 104/400 选中节点 3273, 新增覆盖 116
2025-12-21 17:37:49,556 - INFO -   - 券 105/400 选中节点 1573, 新增覆盖 111
2025-12-21 17:37:49,806 - INFO -   - 券 106/400 选中节点 3084, 新增覆盖 116
2025-12-21 17:37:50,029 - INFO -   - 券 107/400 选中节点 1166, 新增覆盖 111
2025-12-21 17:37:50,296 - INFO -   - 券 108/400 选中节点 837, 新增覆盖 112
2025-12-21 17:37:50,523 - INFO -   - 券 109/400 选中节点 475, 新增覆盖 111
2025-12-21 17:37:50,770 - INFO -   - 券 110/400 选中节点 3136, 新增覆盖 113
2025-12-21 17:37:51,001 - INFO -   - 券 111/400 选中节点 1711, 新增覆盖 111
2025-12-21 17:37:51,276 - INFO -   - 券 112/400 选中节点 665, 新增覆盖 110
2025-12-21 17:37:51,494 - INFO -   - 券 113/400 选中节点 2985, 新增覆盖 114
2025-12-21 17:37:51,741 - INFO -   - 券 114/400 选中节点 1740, 新增覆盖 112
2025-12-21 17:37:51,970 - INFO -   - 券 115/400 选中节点 799, 新增覆盖 115
2025-12-21 17:37:52,202 - INFO -   - 券 116/400 选中节点 3539, 新增覆盖 109
2025-12-21 17:37:52,453 - INFO -   - 券 117/400 选中节点 2486, 新增覆盖 107
2025-12-21 17:37:52,701 - INFO -   - 券 118/400 选中节点 1758, 新增覆盖 112
2025-12-21 17:37:52,963 - INFO -   - 券 119/400 选中节点 568, 新增覆盖 104
2025-12-21 17:37:53,216 - INFO -   - 券 120/400 选中节点 134, 新增覆盖 112
2025-12-21 17:37:53,500 - INFO -   - 券 121/400 选中节点 1966, 新增覆盖 115
2025-12-21 17:37:53,754 - INFO -   - 券 122/400 选中节点 858, 新增覆盖 106
2025-12-21 17:37:53,983 - INFO -   - 券 123/400 选中节点 1959, 新增覆盖 109
2025-12-21 17:37:54,228 - INFO -   - 券 124/400 选中节点 3086, 新增覆盖 108
2025-12-21 17:37:54,469 - INFO -   - 券 125/400 选中节点 2704, 新增覆盖 107
2025-12-21 17:37:54,747 - INFO -   - 券 126/400 选中节点 154, 新增覆盖 103
2025-12-21 17:37:55,017 - INFO -   - 券 127/400 选中节点 3696, 新增覆盖 107
2025-12-21 17:37:55,308 - INFO -   - 券 128/400 选中节点 1509, 新增覆盖 105
2025-12-21 17:37:55,561 - INFO -   - 券 129/400 选中节点 1439, 新增覆盖 117
2025-12-21 17:37:55,846 - INFO -   - 券 130/400 选中节点 3240, 新增覆盖 106
2025-12-21 17:37:56,161 - INFO -   - 券 131/400 选中节点 1986, 新增覆盖 107
2025-12-21 17:37:56,423 - INFO -   - 券 132/400 选中节点 1473, 新增覆盖 105
2025-12-21 17:37:56,705 - INFO -   - 券 133/400 选中节点 3744, 新增覆盖 105
2025-12-21 17:37:56,998 - INFO -   - 券 134/400 选中节点 1578, 新增覆盖 105
2025-12-21 17:37:57,329 - INFO -   - 券 135/400 选中节点 1744, 新增覆盖 103
2025-12-21 17:37:57,647 - INFO -   - 券 136/400 选中节点 3735, 新增覆盖 103
2025-12-21 17:37:57,982 - INFO -   - 券 137/400 选中节点 987, 新增覆盖 114
2025-12-21 17:37:58,301 - INFO -   - 券 138/400 选中节点 1608, 新增覆盖 100
2025-12-21 17:37:58,631 - INFO -   - 券 139/400 选中节点 3525, 新增覆盖 101
2025-12-21 17:37:58,993 - INFO -   - 券 140/400 选中节点 883, 新增覆盖 100
2025-12-21 17:37:59,328 - INFO -   - 券 141/400 选中节点 2994, 新增覆盖 102
2025-12-21 17:37:59,657 - INFO -   - 券 142/400 选中节点 3055, 新增覆盖 110
2025-12-21 17:38:00,047 - INFO -   - 券 143/400 选中节点 924, 新增覆盖 102
2025-12-21 17:38:00,422 - INFO -   - 券 144/400 选中节点 1600, 新增覆盖 103
2025-12-21 17:38:00,821 - INFO -   - 券 145/400 选中节点 937, 新增覆盖 101
2025-12-21 17:38:01,190 - INFO -   - 券 146/400 选中节点 1183, 新增覆盖 103
2025-12-21 17:38:01,553 - INFO -   - 券 147/400 选中节点 450, 新增覆盖 103
2025-12-21 17:38:01,896 - INFO -   - 券 148/400 选中节点 3431, 新增覆盖 102
2025-12-21 17:38:02,257 - INFO -   - 券 149/400 选中节点 216, 新增覆盖 95
2025-12-21 17:38:02,629 - INFO -   - 券 150/400 选中节点 3013, 新增覆盖 96
2025-12-21 17:38:03,038 - INFO -   - 券 151/400 选中节点 1609, 新增覆盖 98
2025-12-21 17:38:03,400 - INFO -   - 券 152/400 选中节点 3642, 新增覆盖 108
2025-12-21 17:38:03,752 - INFO -   - 券 153/400 选中节点 926, 新增覆盖 96
2025-12-21 17:38:04,163 - INFO -   - 券 154/400 选中节点 3262, 新增覆盖 101
2025-12-21 17:38:04,565 - INFO -   - 券 155/400 选中节点 3408, 新增覆盖 100
2025-12-21 17:38:04,927 - INFO -   - 券 156/400 选中节点 2511, 新增覆盖 97
2025-12-21 17:38:05,318 - INFO -   - 券 157/400 选中节点 2789, 新增覆盖 94
2025-12-21 17:38:05,711 - INFO -   - 券 158/400 选中节点 2414, 新增覆盖 100
2025-12-21 17:38:06,113 - INFO -   - 券 159/400 选中节点 2071, 新增覆盖 103
2025-12-21 17:38:06,519 - INFO -   - 券 160/400 选中节点 3491, 新增覆盖 100
2025-12-21 17:38:06,975 - INFO -   - 券 161/400 选中节点 996, 新增覆盖 98
2025-12-21 17:38:07,427 - INFO -   - 券 162/400 选中节点 1654, 新增覆盖 99
2025-12-21 17:38:07,825 - INFO -   - 券 163/400 选中节点 1857, 新增覆盖 102
2025-12-21 17:38:08,264 - INFO -   - 券 164/400 选中节点 3200, 新增覆盖 99
2025-12-21 17:38:08,688 - INFO -   - 券 165/400 选中节点 1089, 新增覆盖 101
2025-12-21 17:38:09,147 - INFO -   - 券 166/400 选中节点 477, 新增覆盖 96
2025-12-21 17:38:09,611 - INFO -   - 券 167/400 选中节点 3052, 新增覆盖 99
2025-12-21 17:38:10,079 - INFO -   - 券 168/400 选中节点 735, 新增覆盖 96
2025-12-21 17:38:10,540 - INFO -   - 券 169/400 选中节点 211, 新增覆盖 95
2025-12-21 17:38:10,964 - INFO -   - 券 170/400 选中节点 2673, 新增覆盖 103
2025-12-21 17:38:11,416 - INFO -   - 券 171/400 选中节点 3579, 新增覆盖 96
2025-12-21 17:38:11,873 - INFO -   - 券 172/400 选中节点 2682, 新增覆盖 92
2025-12-21 17:38:12,265 - INFO -   - 券 173/400 选中节点 1495, 新增覆盖 92
2025-12-21 17:38:12,704 - INFO -   - 券 174/400 选中节点 2666, 新增覆盖 104
2025-12-21 17:38:13,120 - INFO -   - 券 175/400 选中节点 2374, 新增覆盖 100
2025-12-21 17:38:13,581 - INFO -   - 券 176/400 选中节点 3734, 新增覆盖 91
2025-12-21 17:38:14,095 - INFO -   - 券 177/400 选中节点 1586, 新增覆盖 91
2025-12-21 17:38:14,553 - INFO -   - 券 178/400 选中节点 3189, 新增覆盖 100
2025-12-21 17:38:15,032 - INFO -   - 券 179/400 选中节点 2785, 新增覆盖 96
2025-12-21 17:38:15,531 - INFO -   - 券 180/400 选中节点 3326, 新增覆盖 97
2025-12-21 17:38:16,038 - INFO -   - 券 181/400 选中节点 3477, 新增覆盖 103
2025-12-21 17:38:16,488 - INFO -   - 券 182/400 选中节点 1052, 新增覆盖 92
2025-12-21 17:38:17,000 - INFO -   - 券 183/400 选中节点 2045, 新增覆盖 96
2025-12-21 17:38:17,477 - INFO -   - 券 184/400 选中节点 745, 新增覆盖 90
2025-12-21 17:38:17,951 - INFO -   - 券 185/400 选中节点 750, 新增覆盖 96
2025-12-21 17:38:18,509 - INFO -   - 券 186/400 选中节点 1775, 新增覆盖 92
2025-12-21 17:38:18,989 - INFO -   - 券 187/400 选中节点 3738, 新增覆盖 90
2025-12-21 17:38:19,543 - INFO -   - 券 188/400 选中节点 3708, 新增覆盖 94
2025-12-21 17:38:20,036 - INFO -   - 券 189/400 选中节点 2967, 新增覆盖 93
2025-12-21 17:38:20,590 - INFO -   - 券 190/400 选中节点 997, 新增覆盖 98
2025-12-21 17:38:21,057 - INFO -   - 券 191/400 选中节点 2264, 新增覆盖 91
2025-12-21 17:38:21,600 - INFO -   - 券 192/400 选中节点 3379, 新增覆盖 93
2025-12-21 17:38:22,044 - INFO -   - 券 193/400 选中节点 379, 新增覆盖 89
2025-12-21 17:38:22,587 - INFO -   - 券 194/400 选中节点 3383, 新增覆盖 98
2025-12-21 17:38:23,108 - INFO -   - 券 195/400 选中节点 3567, 新增覆盖 89
2025-12-21 17:38:23,698 - INFO -   - 券 196/400 选中节点 2435, 新增覆盖 89
2025-12-21 17:38:24,199 - INFO -   - 券 197/400 选中节点 3534, 新增覆盖 90
2025-12-21 17:38:24,744 - INFO -   - 券 198/400 选中节点 3510, 新增覆盖 91
2025-12-21 17:38:25,355 - INFO -   - 券 199/400 选中节点 3375, 新增覆盖 88
2025-12-21 17:38:25,909 - INFO -   - 券 200/400 选中节点 3444, 新增覆盖 85
2025-12-21 17:38:26,408 - INFO -   - 券 201/400 选中节点 3298, 新增覆盖 84
2025-12-21 17:38:26,921 - INFO -   - 券 202/400 选中节点 966, 新增覆盖 97
2025-12-21 17:38:27,443 - INFO -   - 券 203/400 选中节点 1760, 新增覆盖 89
2025-12-21 17:38:28,035 - INFO -   - 券 204/400 选中节点 1727, 新增覆盖 85
2025-12-21 17:38:28,585 - INFO -   - 券 205/400 选中节点 1292, 新增覆盖 87
2025-12-21 17:38:29,108 - INFO -   - 券 206/400 选中节点 3675, 新增覆盖 92
2025-12-21 17:38:29,645 - INFO -   - 券 207/400 选中节点 1223, 新增覆盖 90
2025-12-21 17:38:30,169 - INFO -   - 券 208/400 选中节点 2305, 新增覆盖 86
2025-12-21 17:38:30,718 - INFO -   - 券 209/400 选中节点 2562, 新增覆盖 89
2025-12-21 17:38:31,248 - INFO -   - 券 210/400 选中节点 3214, 新增覆盖 89
2025-12-21 17:38:31,764 - INFO -   - 券 211/400 选中节点 2585, 新增覆盖 93
2025-12-21 17:38:32,326 - INFO -   - 券 212/400 选中节点 2659, 新增覆盖 85
2025-12-21 17:38:32,912 - INFO -   - 券 213/400 选中节点 3467, 新增覆盖 89
2025-12-21 17:38:33,509 - INFO -   - 券 214/400 选中节点 3618, 新增覆盖 89
2025-12-21 17:38:34,013 - INFO -   - 券 215/400 选中节点 1477, 新增覆盖 85
2025-12-21 17:38:34,600 - INFO -   - 券 216/400 选中节点 3147, 新增覆盖 92
2025-12-21 17:38:35,196 - INFO -   - 券 217/400 选中节点 1709, 新增覆盖 85
2025-12-21 17:38:35,787 - INFO -   - 券 218/400 选中节点 3574, 新增覆盖 90
2025-12-21 17:38:36,447 - INFO -   - 券 219/400 选中节点 3488, 新增覆盖 88
2025-12-21 17:38:37,014 - INFO -   - 券 220/400 选中节点 2163, 新增覆盖 91
2025-12-21 17:38:37,541 - INFO -   - 券 221/400 选中节点 3693, 新增覆盖 83
2025-12-21 17:38:38,090 - INFO -   - 券 222/400 选中节点 706, 新增覆盖 84
2025-12-21 17:38:38,683 - INFO -   - 券 223/400 选中节点 1941, 新增覆盖 85
2025-12-21 17:38:39,295 - INFO -   - 券 224/400 选中节点 3487, 新增覆盖 91
2025-12-21 17:38:39,887 - INFO -   - 券 225/400 选中节点 2033, 新增覆盖 88
2025-12-21 17:38:40,469 - INFO -   - 券 226/400 选中节点 2276, 新增覆盖 86
2025-12-21 17:38:41,093 - INFO -   - 券 227/400 选中节点 3640, 新增覆盖 85
2025-12-21 17:38:41,723 - INFO -   - 券 228/400 选中节点 2292, 新增覆盖 95
2025-12-21 17:38:42,341 - INFO -   - 券 229/400 选中节点 3721, 新增覆盖 85
2025-12-21 17:38:42,946 - INFO -   - 券 230/400 选中节点 852, 新增覆盖 85
2025-12-21 17:38:43,513 - INFO -   - 券 231/400 选中节点 3746, 新增覆盖 89
2025-12-21 17:38:44,094 - INFO -   - 券 232/400 选中节点 3714, 新增覆盖 89
2025-12-21 17:38:44,701 - INFO -   - 券 233/400 选中节点 1951, 新增覆盖 85
2025-12-21 17:38:45,301 - INFO -   - 券 234/400 选中节点 3368, 新增覆盖 84
2025-12-21 17:38:46,003 - INFO -   - 券 235/400 选中节点 3372, 新增覆盖 90
2025-12-21 17:38:46,663 - INFO -   - 券 236/400 选中节点 2391, 新增覆盖 86
2025-12-21 17:38:47,284 - INFO -   - 券 237/400 选中节点 2795, 新增覆盖 88
2025-12-21 17:38:47,929 - INFO -   - 券 238/400 选中节点 3024, 新增覆盖 88
2025-12-21 17:38:48,545 - INFO -   - 券 239/400 选中节点 2265, 新增覆盖 84
2025-12-21 17:38:49,191 - INFO -   - 券 240/400 选中节点 1592, 新增覆盖 87
2025-12-21 17:38:49,769 - INFO -   - 券 241/400 选中节点 628, 新增覆盖 80
2025-12-21 17:38:50,345 - INFO -   - 券 242/400 选中节点 986, 新增覆盖 82
2025-12-21 17:38:50,921 - INFO -   - 券 243/400 选中节点 2822, 新增覆盖 88
2025-12-21 17:38:51,467 - INFO -   - 券 244/400 选中节点 143, 新增覆盖 90
2025-12-21 17:38:52,098 - INFO -   - 券 245/400 选中节点 3598, 新增覆盖 88
2025-12-21 17:38:52,663 - INFO -   - 券 246/400 选中节点 818, 新增覆盖 81
2025-12-21 17:38:53,255 - INFO -   - 券 247/400 选中节点 3530, 新增覆盖 86
2025-12-21 17:38:53,924 - INFO -   - 券 248/400 选中节点 1004, 新增覆盖 92
2025-12-21 17:38:54,561 - INFO -   - 券 249/400 选中节点 2153, 新增覆盖 85
2025-12-21 17:38:55,163 - INFO -   - 券 250/400 选中节点 846, 新增覆盖 79
2025-12-21 17:38:55,808 - INFO -   - 券 251/400 选中节点 3094, 新增覆盖 82
2025-12-21 17:38:56,387 - INFO -   - 券 252/400 选中节点 3742, 新增覆盖 83
2025-12-21 17:38:56,954 - INFO -   - 券 253/400 选中节点 782, 新增覆盖 75
2025-12-21 17:38:57,605 - INFO -   - 券 254/400 选中节点 2734, 新增覆盖 79
2025-12-21 17:38:58,200 - INFO -   - 券 255/400 选中节点 3358, 新增覆盖 81
2025-12-21 17:38:58,810 - INFO -   - 券 256/400 选中节点 3280, 新增覆盖 79
2025-12-21 17:38:59,401 - INFO -   - 券 257/400 选中节点 3535, 新增覆盖 83
2025-12-21 17:38:59,944 - INFO -   - 券 258/400 选中节点 2761, 新增覆盖 76
2025-12-21 17:39:00,592 - INFO -   - 券 259/400 选中节点 3186, 新增覆盖 77
2025-12-21 17:39:01,172 - INFO -   - 券 260/400 选中节点 1584, 新增覆盖 77
2025-12-21 17:39:01,732 - INFO -   - 券 261/400 选中节点 838, 新增覆盖 81
2025-12-21 17:39:02,298 - INFO -   - 券 262/400 选中节点 1915, 新增覆盖 81
2025-12-21 17:39:02,811 - INFO -   - 券 263/400 选中节点 1974, 新增覆盖 83
2025-12-21 17:39:03,381 - INFO -   - 券 264/400 选中节点 3537, 新增覆盖 72
2025-12-21 17:39:04,007 - INFO -   - 券 265/400 选中节点 2936, 新增覆盖 81
2025-12-21 17:39:04,583 - INFO -   - 券 266/400 选中节点 2870, 新增覆盖 81
2025-12-21 17:39:05,099 - INFO -   - 券 267/400 选中节点 2709, 新增覆盖 77
2025-12-21 17:39:05,666 - INFO -   - 券 268/400 选中节点 3469, 新增覆盖 82
2025-12-21 17:39:06,257 - INFO -   - 券 269/400 选中节点 2961, 新增覆盖 77
2025-12-21 17:39:06,815 - INFO -   - 券 270/400 选中节点 3005, 新增覆盖 82
2025-12-21 17:39:07,420 - INFO -   - 券 271/400 选中节点 1045, 新增覆盖 77
2025-12-21 17:39:08,024 - INFO -   - 券 272/400 选中节点 844, 新增覆盖 68
2025-12-21 17:39:08,648 - INFO -   - 券 273/400 选中节点 3010, 新增覆盖 84
2025-12-21 17:39:09,299 - INFO -   - 券 274/400 选中节点 2422, 新增覆盖 75
2025-12-21 17:39:09,841 - INFO -   - 券 275/400 选中节点 2580, 新增覆盖 81
2025-12-21 17:39:10,492 - INFO -   - 券 276/400 选中节点 3715, 新增覆盖 75
2025-12-21 17:39:11,064 - INFO -   - 券 277/400 选中节点 780, 新增覆盖 81
2025-12-21 17:39:11,638 - INFO -   - 券 278/400 选中节点 1205, 新增覆盖 78
2025-12-21 17:39:12,286 - INFO -   - 券 279/400 选中节点 2230, 新增覆盖 77
2025-12-21 17:39:12,902 - INFO -   - 券 280/400 选中节点 863, 新增覆盖 85
2025-12-21 17:39:13,546 - INFO -   - 券 281/400 选中节点 3703, 新增覆盖 87
2025-12-21 17:39:14,090 - INFO -   - 券 282/400 选中节点 3584, 新增覆盖 79
2025-12-21 17:39:14,745 - INFO -   - 券 283/400 选中节点 981, 新增覆盖 78
2025-12-21 17:39:15,429 - INFO -   - 券 284/400 选中节点 2267, 新增覆盖 69
2025-12-21 17:39:16,117 - INFO -   - 券 285/400 选中节点 956, 新增覆盖 75
2025-12-21 17:39:16,802 - INFO -   - 券 286/400 选中节点 2454, 新增覆盖 78
2025-12-21 17:39:17,460 - INFO -   - 券 287/400 选中节点 3172, 新增覆盖 75
2025-12-21 17:39:18,199 - INFO -   - 券 288/400 选中节点 2512, 新增覆盖 78
2025-12-21 17:39:18,943 - INFO -   - 券 289/400 选中节点 3143, 新增覆盖 75
2025-12-21 17:39:19,653 - INFO -   - 券 290/400 选中节点 840, 新增覆盖 74
2025-12-21 17:39:20,295 - INFO -   - 券 291/400 选中节点 3381, 新增覆盖 75
2025-12-21 17:39:20,973 - INFO -   - 券 292/400 选中节点 3492, 新增覆盖 72
2025-12-21 17:39:21,709 - INFO -   - 券 293/400 选中节点 2337, 新增覆盖 77
2025-12-21 17:39:22,354 - INFO -   - 券 294/400 选中节点 1987, 新增覆盖 71
2025-12-21 17:39:22,972 - INFO -   - 券 295/400 选中节点 2808, 新增覆盖 75
2025-12-21 17:39:23,610 - INFO -   - 券 296/400 选中节点 3414, 新增覆盖 77
2025-12-21 17:39:24,297 - INFO -   - 券 297/400 选中节点 3698, 新增覆盖 76
2025-12-21 17:39:25,026 - INFO -   - 券 298/400 选中节点 3676, 新增覆盖 70
2025-12-21 17:39:25,626 - INFO -   - 券 299/400 选中节点 2983, 新增覆盖 76
2025-12-21 17:39:26,239 - INFO -   - 券 300/400 选中节点 426, 新增覆盖 77
2025-12-21 17:39:26,917 - INFO -   - 券 301/400 选中节点 3207, 新增覆盖 73
2025-12-21 17:39:27,573 - INFO -   - 券 302/400 选中节点 3421, 新增覆盖 73
2025-12-21 17:39:28,270 - INFO -   - 券 303/400 选中节点 2027, 新增覆盖 73
2025-12-21 17:39:28,892 - INFO -   - 券 304/400 选中节点 3717, 新增覆盖 75
2025-12-21 17:39:29,511 - INFO -   - 券 305/400 选中节点 3437, 新增覆盖 75
2025-12-21 17:39:30,164 - INFO -   - 券 306/400 选中节点 3261, 新增覆盖 76
2025-12-21 17:39:30,834 - INFO -   - 券 307/400 选中节点 3590, 新增覆盖 71
2025-12-21 17:39:31,553 - INFO -   - 券 308/400 选中节点 3100, 新增覆盖 76
2025-12-21 17:39:32,204 - INFO -   - 券 309/400 选中节点 3689, 新增覆盖 72
2025-12-21 17:39:32,824 - INFO -   - 券 310/400 选中节点 1560, 新增覆盖 73
2025-12-21 17:39:33,534 - INFO -   - 券 311/400 选中节点 2694, 新增覆盖 77
2025-12-21 17:39:34,242 - INFO -   - 券 312/400 选中节点 2189, 新增覆盖 69
2025-12-21 17:39:34,914 - INFO -   - 券 313/400 选中节点 1622, 新增覆盖 69
