2026-03-09 10:58:31,145 - INFO - 加载数据集: network.netYeast
2026-03-09 10:58:31,146 - INFO - --- 矩阵分析 ---
2026-03-09 10:58:31,146 - INFO - 节点数 (N): 1458
2026-03-09 10:58:31,146 - INFO - 边数 (E): 3896
2026-03-09 10:58:31,146 - INFO - 密度 (Density): 0.00183275 (越小越稀疏)
2026-03-09 10:58:31,146 - INFO - 稀疏度 (Sparsity): 0.99816725 (越接近1越稀疏)
2026-03-09 10:58:31,146 - INFO - 平均度数 (Avg Degree): 2.67
2026-03-09 10:58:31,146 - INFO - 首次生成度相关概率分布 分布类型: 'tier_based'.
2026-03-09 10:58:31,146 - INFO - ===> Generating 'Tier-based (Percentile)' distributions for Real Graph...
2026-03-09 10:58:31,147 - INFO - 保存概率分布 文件位置: /home/wen/work/coup_spread/network.netYeast/2026-3-15/distribution-in-network.netYeast/distribution-tier_based_seedNum-10.pkl
2026-03-09 10:58:31,156 - INFO - 首次生成种子集 random
2026-03-09 10:58:31,156 - INFO - 执行当前算法开始: random
2026-03-09 10:58:31,156 - INFO - 数据集节点总数:  n = 1458, m = 10
2026-03-09 10:58:31,156 - INFO - 选择 10  [466, 286, 963, 377, 1125, 173, 606, 878, 1061, 1012]

2026-03-09 10:58:31,156 - INFO - 当前用时 0.00 秒
2026-03-09 10:58:31,156 - INFO - 将种子集 写入位置: /home/wen/work/coup_spread/network.netYeast/2026-3-15/seeds-with-network.netYeast/tier_based_random_seedNum-10_SSRNum-50000.txt
2026-03-09 10:58:31,156 - INFO - 首次生成种子集 degreeTopM
2026-03-09 10:58:31,156 - INFO - 执行当前算法开始: degreeTopM
2026-03-09 10:58:31,156 - INFO - 依据: 选择连接数（度数）最多的节点。
2026-03-09 10:58:31,156 - INFO - 选择的 Top M 节点及其度数:
2026-03-09 10:58:31,156 - INFO - 
2026-03-09 10:58:31,157 - INFO - 当前用时 0.00 秒
2026-03-09 10:58:31,157 - INFO - 将种子集 写入位置: /home/wen/work/coup_spread/network.netYeast/2026-3-15/seeds-with-network.netYeast/tier_based_degreeTopM_seedNum-10_SSRNum-50000.txt
2026-03-09 10:58:31,157 - INFO - 首次生成种子集 pageRank
2026-03-09 10:58:31,157 - INFO - 执行当前算法开始: pageRank
2026-03-09 10:58:31,157 - INFO - --- Running: PageRank (on tranProMatrix) Top M ---
2026-03-09 10:58:31,194 - INFO - Selected PageRank seeds: [157, 25, 57, 55, 15, 68, 315, 105, 238, 1041]
2026-03-09 10:58:31,194 - INFO - 当前用时 0.04 秒
2026-03-09 10:58:31,194 - INFO - 将种子集 写入位置: /home/wen/work/coup_spread/network.netYeast/2026-3-15/seeds-with-network.netYeast/tier_based_pageRank_seedNum-10_SSRNum-50000.txt
2026-03-09 10:58:31,194 - INFO - 首次生成种子集 alpha_sort
2026-03-09 10:58:31,194 - INFO - 执行当前算法开始: alpha_sort
2026-03-09 10:58:31,195 - INFO - 1458 个节点的alpha值降序排序 done
2026-03-09 10:58:31,195 - INFO - ==============>> [(1305, np.float64(0.581226683287338)), (1194, np.float64(0.5802077891425552)), (1314, np.float64(0.5763176477089417)), (1225, np.float64(0.576249219458714)), (1304, np.float64(0.5720166323440027)), (1250, np.float64(0.5719371670361788)), (1368, np.float64(0.571714839719824)), (1301, np.float64(0.5708076101856446)), (1211, np.float64(0.5703253893908766)), (1203, np.float64(0.5685108100348204))]
2026-03-09 10:58:31,195 - INFO - 
选择的种子集 (按alpha排序): [1305, 1194, 1314, 1225, 1304, 1250, 1368, 1301, 1211, 1203]

2026-03-09 10:58:31,195 - INFO - 当前用时 0.00 秒
2026-03-09 10:58:31,195 - INFO - 将种子集 写入位置: /home/wen/work/coup_spread/network.netYeast/2026-3-15/seeds-with-network.netYeast/tier_based_alpha_sort_seedNum-10_SSRNum-50000.txt
2026-03-09 10:58:31,195 - INFO - 首次生成种子集 ris_optimized
2026-03-09 10:58:31,195 - INFO - 执行当前算法开始: ris_optimized
2026-03-09 10:58:31,217 - INFO - 图初始化完成，节点数: 1458，当前模式: 优化采样
2026-03-09 10:58:31,217 - INFO - 开始生成 50000 组多重RR-Set...
2026-03-09 10:58:32,414 - INFO - 生成完毕。耗时: 1.20 秒。
2026-03-09 10:58:32,423 - INFO - 开始基于多重RR集贪心选择最优种子...
2026-03-09 10:58:32,642 - INFO - 选种完毕。耗时: 0.22 秒。估算范围: 10.95
2026-03-09 10:58:32,704 - INFO - 当前用时 1.51 秒
2026-03-09 10:58:32,705 - INFO - 将种子集 写入位置: /home/wen/work/coup_spread/network.netYeast/2026-3-15/seeds-with-network.netYeast/tier_based_ris_optimized_seedNum-10_SSRNum-50000.txt
2026-03-09 10:58:32,705 - INFO - 首次生成种子集 1hop_sort
2026-03-09 10:58:32,705 - INFO - 执行当前算法开始: 1hop_sort
2026-03-09 10:58:32,705 - INFO - --- Running: Teacher's 1-Hop Expected Spread Sort ---
2026-03-09 10:58:32,753 - INFO - 选出的前 5 个种子得分展示: [0.94545318 0.92358947 0.9018304  0.89963402 0.89852531]
2026-03-09 10:58:32,754 - INFO - 当前用时 0.05 秒
2026-03-09 10:58:32,754 - INFO - 将种子集 写入位置: /home/wen/work/coup_spread/network.netYeast/2026-3-15/seeds-with-network.netYeast/tier_based_1hop_sort_seedNum-10_SSRNum-50000.txt
2026-03-09 10:58:32,756 - INFO - 评估种子集: None
2026-03-09 10:58:32,756 - INFO - 多进程评估开始，共有 6 个方法待评估...
2026-03-09 10:58:32,756 - INFO - 启动进程池，Worker数量: 6
2026-03-09 10:58:32,906 - INFO - [Process 61358] 开始评估方法: random, 种子数: 10
2026-03-09 10:58:32,997 - INFO - [Process 61359] 开始评估方法: degreeTopM, 种子数: 10
2026-03-09 10:58:33,038 - INFO - [degreeTopM - 种子:10] 拉新:1.5人 | 总销量:1.5单 | 品牌曝光:11.8次 | 🌟综合得分:2.7
2026-03-09 10:58:33,079 - INFO - [random - 种子:10] 拉新:5.9人 | 总销量:5.9单 | 品牌曝光:21.5次 | 🌟综合得分:8.0
2026-03-09 10:58:33,095 - INFO - [Process 61360] 开始评估方法: pageRank, 种子数: 10
2026-03-09 10:58:33,134 - INFO - [pageRank - 种子:10] 拉新:1.5人 | 总销量:1.5单 | 品牌曝光:11.9次 | 🌟综合得分:2.7
2026-03-09 10:58:33,194 - INFO - [Process 61361] 开始评估方法: alpha_sort, 种子数: 10
2026-03-09 10:58:33,293 - INFO - [Process 61362] 开始评估方法: ris_optimized, 种子数: 10
2026-03-09 10:58:33,296 - INFO - [alpha_sort - 种子:10] 拉新:7.7人 | 总销量:7.7单 | 品牌曝光:16.6次 | 🌟综合得分:9.3
2026-03-09 10:58:33,383 - INFO - [Process 61363] 开始评估方法: 1hop_sort, 种子数: 10
2026-03-09 10:58:33,476 - INFO - [ris_optimized - 种子:10] 拉新:7.4人 | 总销量:7.4单 | 品牌曝光:21.2次 | 🌟综合得分:9.5
2026-03-09 10:58:33,486 - INFO - [1hop_sort - 种子:10] 拉新:7.8人 | 总销量:7.9单 | 品牌曝光:17.0次 | 🌟综合得分:9.6
2026-03-09 10:58:33,502 - INFO - 所有进程执行完毕，开始写入数据...
2026-03-09 10:58:33,523 - INFO - 成功写入 6 条记录至 /home/wen/work/coup_spread/gzc-impl/results/network.netYeast/2026-3-15/tier_based_SSRNum-50000-_seedNum-10_simuTimes-500.csv
2026-03-09 10:58:33,524 - INFO - 保存评估文件至: /home/wen/work/coup_spread/gzc-impl/results/network.netYeast/2026-3-15/tier_based_SSRNum-50000-_seedNum-10_simuTimes-500.csv
2026-03-09 10:58:33,526 - INFO - 加载数据集: network.netYeast
2026-03-09 10:58:33,527 - INFO - --- 矩阵分析 ---
2026-03-09 10:58:33,527 - INFO - 节点数 (N): 1458
2026-03-09 10:58:33,527 - INFO - 边数 (E): 3896
2026-03-09 10:58:33,527 - INFO - 密度 (Density): 0.00183275 (越小越稀疏)
2026-03-09 10:58:33,528 - INFO - 稀疏度 (Sparsity): 0.99816725 (越接近1越稀疏)
2026-03-09 10:58:33,528 - INFO - 平均度数 (Avg Degree): 2.67
2026-03-09 10:58:33,528 - INFO - 首次生成度相关概率分布 分布类型: 'tier_based'.
2026-03-09 10:58:33,528 - INFO - ===> Generating 'Tier-based (Percentile)' distributions for Real Graph...
2026-03-09 10:58:33,530 - INFO - 保存概率分布 文件位置: /home/wen/work/coup_spread/network.netYeast/2026-3-15/distribution-in-network.netYeast/distribution-tier_based_seedNum-20.pkl
2026-03-09 10:58:33,539 - INFO - 首次生成种子集 random
2026-03-09 10:58:33,539 - INFO - 执行当前算法开始: random
2026-03-09 10:58:33,539 - INFO - 数据集节点总数:  n = 1458, m = 20
2026-03-09 10:58:33,539 - INFO - 选择 20  [391, 1401, 764, 68, 1150, 603, 1402, 1083, 1201, 628, 419, 1210, 859, 97, 1019, 58, 1341, 103, 10, 620]

2026-03-09 10:58:33,540 - INFO - 当前用时 0.00 秒
2026-03-09 10:58:33,540 - INFO - 将种子集 写入位置: /home/wen/work/coup_spread/network.netYeast/2026-3-15/seeds-with-network.netYeast/tier_based_random_seedNum-20_SSRNum-50000.txt
2026-03-09 10:58:33,540 - INFO - 首次生成种子集 degreeTopM
2026-03-09 10:58:33,540 - INFO - 执行当前算法开始: degreeTopM
2026-03-09 10:58:33,540 - INFO - 依据: 选择连接数（度数）最多的节点。
2026-03-09 10:58:33,540 - INFO - 选择的 Top M 节点及其度数:
2026-03-09 10:58:33,540 - INFO - 
2026-03-09 10:58:33,540 - INFO - 当前用时 0.00 秒
2026-03-09 10:58:33,540 - INFO - 将种子集 写入位置: /home/wen/work/coup_spread/network.netYeast/2026-3-15/seeds-with-network.netYeast/tier_based_degreeTopM_seedNum-20_SSRNum-50000.txt
2026-03-09 10:58:33,540 - INFO - 首次生成种子集 pageRank
2026-03-09 10:58:33,541 - INFO - 执行当前算法开始: pageRank
2026-03-09 10:58:33,541 - INFO - --- Running: PageRank (on tranProMatrix) Top M ---
2026-03-09 10:58:33,578 - INFO - Selected PageRank seeds: [157, 25, 57, 55, 15, 68, 315, 105, 238, 1041, 224, 2, 69, 1285, 34, 18, 464, 66, 546, 371]
2026-03-09 10:58:33,578 - INFO - 当前用时 0.04 秒
2026-03-09 10:58:33,578 - INFO - 将种子集 写入位置: /home/wen/work/coup_spread/network.netYeast/2026-3-15/seeds-with-network.netYeast/tier_based_pageRank_seedNum-20_SSRNum-50000.txt
2026-03-09 10:58:33,578 - INFO - 首次生成种子集 alpha_sort
2026-03-09 10:58:33,578 - INFO - 执行当前算法开始: alpha_sort
2026-03-09 10:58:33,579 - INFO - 1458 个节点的alpha值降序排序 done
2026-03-09 10:58:33,579 - INFO - ==============>> [(1132, np.float64(0.5951573706033466)), (1274, np.float64(0.5830151490717799)), (223, np.float64(0.5775715586557516)), (1262, np.float64(0.5761765973135667)), (242, np.float64(0.5760956569511086)), (1453, np.float64(0.5747550100790814)), (1452, np.float64(0.5717895579041339)), (200, np.float64(0.5713528019689862)), (137, np.float64(0.5703832266546085)), (1218, np.float64(0.5691345177337075))]
2026-03-09 10:58:33,579 - INFO - 
选择的种子集 (按alpha排序): [1132, 1274, 223, 1262, 242, 1453, 1452, 200, 137, 1218, 1266, 1379, 262, 727, 1269, 1233, 1232, 1429, 314, 1205]

2026-03-09 10:58:33,579 - INFO - 当前用时 0.00 秒
2026-03-09 10:58:33,579 - INFO - 将种子集 写入位置: /home/wen/work/coup_spread/network.netYeast/2026-3-15/seeds-with-network.netYeast/tier_based_alpha_sort_seedNum-20_SSRNum-50000.txt
2026-03-09 10:58:33,579 - INFO - 首次生成种子集 ris_optimized
2026-03-09 10:58:33,579 - INFO - 执行当前算法开始: ris_optimized
2026-03-09 10:58:33,601 - INFO - 图初始化完成，节点数: 1458，当前模式: 优化采样
2026-03-09 10:58:33,601 - INFO - 开始生成 50000 组多重RR-Set...
2026-03-09 10:58:35,803 - INFO - 生成完毕。耗时: 2.20 秒。
2026-03-09 10:58:35,811 - INFO - 开始基于多重RR集贪心选择最优种子...
2026-03-09 10:58:36,204 - INFO - 选种完毕。耗时: 0.39 秒。估算范围: 21.72
2026-03-09 10:58:36,316 - INFO - 当前用时 2.74 秒
2026-03-09 10:58:36,317 - INFO - 将种子集 写入位置: /home/wen/work/coup_spread/network.netYeast/2026-3-15/seeds-with-network.netYeast/tier_based_ris_optimized_seedNum-20_SSRNum-50000.txt
2026-03-09 10:58:36,317 - INFO - 首次生成种子集 1hop_sort
2026-03-09 10:58:36,317 - INFO - 执行当前算法开始: 1hop_sort
2026-03-09 10:58:36,317 - INFO - --- Running: Teacher's 1-Hop Expected Spread Sort ---
2026-03-09 10:58:36,319 - INFO - 选出的前 5 个种子得分展示: [0.92349094 0.90973554 0.90358834 0.89269674 0.89144231]
2026-03-09 10:58:36,319 - INFO - 当前用时 0.00 秒
2026-03-09 10:58:36,319 - INFO - 将种子集 写入位置: /home/wen/work/coup_spread/network.netYeast/2026-3-15/seeds-with-network.netYeast/tier_based_1hop_sort_seedNum-20_SSRNum-50000.txt
2026-03-09 10:58:36,319 - INFO - 评估种子集: None
2026-03-09 10:58:36,319 - INFO - 多进程评估开始，共有 6 个方法待评估...
2026-03-09 10:58:36,319 - INFO - 启动进程池，Worker数量: 6
2026-03-09 10:58:36,458 - INFO - [Process 61417] 开始评估方法: random, 种子数: 20
2026-03-09 10:58:36,534 - INFO - [Process 61418] 开始评估方法: degreeTopM, 种子数: 20
2026-03-09 10:58:36,610 - INFO - [degreeTopM - 种子:20] 拉新:3.0人 | 总销量:3.0单 | 品牌曝光:23.8次 | 🌟综合得分:5.4
2026-03-09 10:58:36,611 - INFO - [Process 61420] 开始评估方法: pageRank, 种子数: 20
2026-03-09 10:58:36,684 - INFO - [pageRank - 种子:20] 拉新:3.0人 | 总销量:3.0单 | 品牌曝光:23.7次 | 🌟综合得分:5.4
2026-03-09 10:58:36,687 - INFO - [Process 61431] 开始评估方法: alpha_sort, 种子数: 20
2026-03-09 10:58:36,763 - INFO - [Process 61435] 开始评估方法: ris_optimized, 种子数: 20
2026-03-09 10:58:36,767 - INFO - [random - 种子:20] 拉新:11.5人 | 总销量:11.5单 | 品牌曝光:40.2次 | 🌟综合得分:15.5
2026-03-09 10:58:36,835 - INFO - [Process 61441] 开始评估方法: 1hop_sort, 种子数: 20
2026-03-09 10:58:36,874 - INFO - [alpha_sort - 种子:20] 拉新:14.7人 | 总销量:14.7单 | 品牌曝光:32.2次 | 🌟综合得分:18.0
2026-03-09 10:58:37,040 - INFO - [ris_optimized - 种子:20] 拉新:15.2人 | 总销量:15.3单 | 品牌曝光:39.3次 | 🌟综合得分:19.2
2026-03-09 10:58:37,043 - INFO - [1hop_sort - 种子:20] 拉新:15.7人 | 总销量:15.7单 | 品牌曝光:34.6次 | 🌟综合得分:19.2
2026-03-09 10:58:37,064 - INFO - 所有进程执行完毕，开始写入数据...
2026-03-09 10:58:37,073 - INFO - 成功写入 6 条记录至 /home/wen/work/coup_spread/gzc-impl/results/network.netYeast/2026-3-15/tier_based_SSRNum-50000-_seedNum-20_simuTimes-500.csv
2026-03-09 10:58:37,074 - INFO - 保存评估文件至: /home/wen/work/coup_spread/gzc-impl/results/network.netYeast/2026-3-15/tier_based_SSRNum-50000-_seedNum-20_simuTimes-500.csv
2026-03-09 10:58:37,080 - INFO - 加载数据集: network.netYeast
2026-03-09 10:58:37,081 - INFO - --- 矩阵分析 ---
2026-03-09 10:58:37,081 - INFO - 节点数 (N): 1458
2026-03-09 10:58:37,081 - INFO - 边数 (E): 3896
2026-03-09 10:58:37,081 - INFO - 密度 (Density): 0.00183275 (越小越稀疏)
2026-03-09 10:58:37,081 - INFO - 稀疏度 (Sparsity): 0.99816725 (越接近1越稀疏)
2026-03-09 10:58:37,081 - INFO - 平均度数 (Avg Degree): 2.67
2026-03-09 10:58:37,082 - INFO - 首次生成度相关概率分布 分布类型: 'tier_based'.
2026-03-09 10:58:37,082 - INFO - ===> Generating 'Tier-based (Percentile)' distributions for Real Graph...
2026-03-09 10:58:37,083 - INFO - 保存概率分布 文件位置: /home/wen/work/coup_spread/network.netYeast/2026-3-15/distribution-in-network.netYeast/distribution-tier_based_seedNum-30.pkl
2026-03-09 10:58:37,094 - INFO - 首次生成种子集 random
2026-03-09 10:58:37,094 - INFO - 执行当前算法开始: random
2026-03-09 10:58:37,094 - INFO - 数据集节点总数:  n = 1458, m = 30
2026-03-09 10:58:37,094 - INFO - 选择 30  [1273, 895, 1299, 628, 160, 910, 272, 1394, 940, 808, 1307, 563, 408, 450, 1263, 870, 1108, 1093, 1453, 1357, 699, 581, 1355, 916, 418, 138, 613, 1393, 1203, 286]

2026-03-09 10:58:37,094 - INFO - 当前用时 0.00 秒
2026-03-09 10:58:37,095 - INFO - 将种子集 写入位置: /home/wen/work/coup_spread/network.netYeast/2026-3-15/seeds-with-network.netYeast/tier_based_random_seedNum-30_SSRNum-50000.txt
2026-03-09 10:58:37,095 - INFO - 首次生成种子集 degreeTopM
2026-03-09 10:58:37,095 - INFO - 执行当前算法开始: degreeTopM
2026-03-09 10:58:37,095 - INFO - 依据: 选择连接数（度数）最多的节点。
2026-03-09 10:58:37,095 - INFO - 选择的 Top M 节点及其度数:
2026-03-09 10:58:37,095 - INFO - 
2026-03-09 10:58:37,095 - INFO - 当前用时 0.00 秒
2026-03-09 10:58:37,096 - INFO - 将种子集 写入位置: /home/wen/work/coup_spread/network.netYeast/2026-3-15/seeds-with-network.netYeast/tier_based_degreeTopM_seedNum-30_SSRNum-50000.txt
2026-03-09 10:58:37,096 - INFO - 首次生成种子集 pageRank
2026-03-09 10:58:37,096 - INFO - 执行当前算法开始: pageRank
2026-03-09 10:58:37,096 - INFO - --- Running: PageRank (on tranProMatrix) Top M ---
2026-03-09 10:58:37,133 - INFO - Selected PageRank seeds: [157, 25, 57, 55, 15, 68, 315, 105, 238, 1041, 224, 2, 69, 1285, 34, 18, 464, 66, 546, 371, 56, 277, 143, 1149, 461, 383, 186, 393, 35, 204]
2026-03-09 10:58:37,133 - INFO - 当前用时 0.04 秒
2026-03-09 10:58:37,133 - INFO - 将种子集 写入位置: /home/wen/work/coup_spread/network.netYeast/2026-3-15/seeds-with-network.netYeast/tier_based_pageRank_seedNum-30_SSRNum-50000.txt
2026-03-09 10:58:37,133 - INFO - 首次生成种子集 alpha_sort
2026-03-09 10:58:37,133 - INFO - 执行当前算法开始: alpha_sort
2026-03-09 10:58:37,134 - INFO - 1458 个节点的alpha值降序排序 done
2026-03-09 10:58:37,134 - INFO - ==============>> [(1217, np.float64(0.5897337344343323)), (1349, np.float64(0.5843761187902584)), (1448, np.float64(0.582709937542303)), (1227, np.float64(0.5812238391420296)), (1233, np.float64(0.5807674812032229)), (1428, np.float64(0.5773799908943484)), (207, np.float64(0.5747159046989436)), (1330, np.float64(0.5728815077469714)), (202, np.float64(0.5723625338450209)), (775, np.float64(0.5710390067535479))]
2026-03-09 10:58:37,134 - INFO - 
选择的种子集 (按alpha排序): [1217, 1349, 1448, 1227, 1233, 1428, 207, 1330, 202, 775, 1339, 1304, 1289, 1385, 1272, 1329, 200, 1292, 742, 1335, 1425, 1384, 1399, 1321, 1161, 162, 171, 1205, 1194, 1183]

2026-03-09 10:58:37,134 - INFO - 当前用时 0.00 秒
2026-03-09 10:58:37,134 - INFO - 将种子集 写入位置: /home/wen/work/coup_spread/network.netYeast/2026-3-15/seeds-with-network.netYeast/tier_based_alpha_sort_seedNum-30_SSRNum-50000.txt
2026-03-09 10:58:37,134 - INFO - 首次生成种子集 ris_optimized
2026-03-09 10:58:37,134 - INFO - 执行当前算法开始: ris_optimized
2026-03-09 10:58:37,156 - INFO - 图初始化完成，节点数: 1458，当前模式: 优化采样
2026-03-09 10:58:37,156 - INFO - 开始生成 50000 组多重RR-Set...
2026-03-09 10:58:40,249 - INFO - 生成完毕。耗时: 3.09 秒。
2026-03-09 10:58:40,254 - INFO - 开始基于多重RR集贪心选择最优种子...
2026-03-09 10:58:40,804 - INFO - 选种完毕。耗时: 0.55 秒。估算范围: 32.90
2026-03-09 10:58:40,939 - INFO - 当前用时 3.80 秒
2026-03-09 10:58:40,939 - INFO - 将种子集 写入位置: /home/wen/work/coup_spread/network.netYeast/2026-3-15/seeds-with-network.netYeast/tier_based_ris_optimized_seedNum-30_SSRNum-50000.txt
2026-03-09 10:58:40,940 - INFO - 首次生成种子集 1hop_sort
2026-03-09 10:58:40,940 - INFO - 执行当前算法开始: 1hop_sort
2026-03-09 10:58:40,940 - INFO - --- Running: Teacher's 1-Hop Expected Spread Sort ---
2026-03-09 10:58:40,942 - INFO - 选出的前 5 个种子得分展示: [0.92539621 0.92224218 0.92176357 0.91934241 0.91754293]
2026-03-09 10:58:40,942 - INFO - 当前用时 0.00 秒
2026-03-09 10:58:40,942 - INFO - 将种子集 写入位置: /home/wen/work/coup_spread/network.netYeast/2026-3-15/seeds-with-network.netYeast/tier_based_1hop_sort_seedNum-30_SSRNum-50000.txt
2026-03-09 10:58:40,942 - INFO - 评估种子集: None
2026-03-09 10:58:40,943 - INFO - 多进程评估开始，共有 6 个方法待评估...
2026-03-09 10:58:40,943 - INFO - 启动进程池，Worker数量: 6
2026-03-09 10:58:41,080 - INFO - [Process 61534] 开始评估方法: random, 种子数: 30
2026-03-09 10:58:41,165 - INFO - [Process 61535] 开始评估方法: degreeTopM, 种子数: 30
2026-03-09 10:58:41,220 - INFO - [Process 61536] 开始评估方法: pageRank, 种子数: 30
2026-03-09 10:58:41,270 - INFO - [degreeTopM - 种子:30] 拉新:4.4人 | 总销量:4.4单 | 品牌曝光:35.4次 | 🌟综合得分:7.9
2026-03-09 10:58:41,309 - INFO - [Process 61537] 开始评估方法: alpha_sort, 种子数: 30
2026-03-09 10:58:41,325 - INFO - [pageRank - 种子:30] 拉新:4.3人 | 总销量:4.3单 | 品牌曝光:35.3次 | 🌟综合得分:7.9
2026-03-09 10:58:41,392 - INFO - [Process 61538] 开始评估方法: ris_optimized, 种子数: 30
2026-03-09 10:58:41,472 - INFO - [Process 61539] 开始评估方法: 1hop_sort, 种子数: 30
2026-03-09 10:58:41,579 - INFO - [alpha_sort - 种子:30] 拉新:21.7人 | 总销量:21.8单 | 品牌曝光:48.1次 | 🌟综合得分:26.6
2026-03-09 10:58:41,600 - INFO - [random - 种子:30] 拉新:18.8人 | 总销量:19.0单 | 品牌曝光:61.6次 | 🌟综合得分:25.1
2026-03-09 10:58:41,767 - INFO - [1hop_sort - 种子:30] 拉新:23.4人 | 总销量:23.6单 | 品牌曝光:51.1次 | 🌟综合得分:28.6
2026-03-09 10:58:41,826 - INFO - [ris_optimized - 种子:30] 拉新:22.0人 | 总销量:22.1单 | 品牌曝光:60.1次 | 🌟综合得分:28.1
2026-03-09 10:58:41,851 - INFO - 所有进程执行完毕，开始写入数据...
2026-03-09 10:58:41,856 - INFO - 成功写入 6 条记录至 /home/wen/work/coup_spread/gzc-impl/results/network.netYeast/2026-3-15/tier_based_SSRNum-50000-_seedNum-30_simuTimes-500.csv
2026-03-09 10:58:41,857 - INFO - 保存评估文件至: /home/wen/work/coup_spread/gzc-impl/results/network.netYeast/2026-3-15/tier_based_SSRNum-50000-_seedNum-30_simuTimes-500.csv
2026-03-09 10:58:41,857 - INFO - 加载数据集: network.netYeast
2026-03-09 10:58:41,858 - INFO - --- 矩阵分析 ---
2026-03-09 10:58:41,858 - INFO - 节点数 (N): 1458
2026-03-09 10:58:41,858 - INFO - 边数 (E): 3896
2026-03-09 10:58:41,858 - INFO - 密度 (Density): 0.00183275 (越小越稀疏)
2026-03-09 10:58:41,858 - INFO - 稀疏度 (Sparsity): 0.99816725 (越接近1越稀疏)
2026-03-09 10:58:41,858 - INFO - 平均度数 (Avg Degree): 2.67
2026-03-09 10:58:41,858 - INFO - 首次生成度相关概率分布 分布类型: 'tier_based'.
2026-03-09 10:58:41,859 - INFO - ===> Generating 'Tier-based (Percentile)' distributions for Real Graph...
2026-03-09 10:58:41,859 - INFO - 保存概率分布 文件位置: /home/wen/work/coup_spread/network.netYeast/2026-3-15/distribution-in-network.netYeast/distribution-tier_based_seedNum-40.pkl
2026-03-09 10:58:41,873 - INFO - 首次生成种子集 random
2026-03-09 10:58:41,874 - INFO - 执行当前算法开始: random
2026-03-09 10:58:41,874 - INFO - 数据集节点总数:  n = 1458, m = 40
2026-03-09 10:58:41,874 - INFO - 选择 40  [327, 840, 519, 687, 1319, 984, 572, 51, 531, 331, 719, 469, 850, 645, 583, 402, 748, 1035, 1106, 155, 501, 721, 640, 1364, 1159, 388, 580, 1391, 1169, 1342, 196, 68, 1210, 802, 804, 797, 1078, 934, 858, 3]

2026-03-09 10:58:41,874 - INFO - 当前用时 0.00 秒
2026-03-09 10:58:41,874 - INFO - 将种子集 写入位置: /home/wen/work/coup_spread/network.netYeast/2026-3-15/seeds-with-network.netYeast/tier_based_random_seedNum-40_SSRNum-50000.txt
2026-03-09 10:58:41,874 - INFO - 首次生成种子集 degreeTopM
2026-03-09 10:58:41,874 - INFO - 执行当前算法开始: degreeTopM
2026-03-09 10:58:41,874 - INFO - 依据: 选择连接数（度数）最多的节点。
2026-03-09 10:58:41,874 - INFO - 选择的 Top M 节点及其度数:
2026-03-09 10:58:41,874 - INFO - 
2026-03-09 10:58:41,875 - INFO - 当前用时 0.00 秒
2026-03-09 10:58:41,875 - INFO - 将种子集 写入位置: /home/wen/work/coup_spread/network.netYeast/2026-3-15/seeds-with-network.netYeast/tier_based_degreeTopM_seedNum-40_SSRNum-50000.txt
2026-03-09 10:58:41,875 - INFO - 首次生成种子集 pageRank
2026-03-09 10:58:41,875 - INFO - 执行当前算法开始: pageRank
2026-03-09 10:58:41,875 - INFO - --- Running: PageRank (on tranProMatrix) Top M ---
2026-03-09 10:58:41,912 - INFO - Selected PageRank seeds: [157, 25, 57, 55, 15, 68, 315, 105, 238, 1041, 224, 2, 69, 1285, 34, 18, 464, 66, 546, 371, 56, 277, 143, 1149, 461, 383, 186, 393, 35, 204, 227, 251, 155, 635, 544, 287, 423, 214, 364, 599]
2026-03-09 10:58:41,912 - INFO - 当前用时 0.04 秒
2026-03-09 10:58:41,912 - INFO - 将种子集 写入位置: /home/wen/work/coup_spread/network.netYeast/2026-3-15/seeds-with-network.netYeast/tier_based_pageRank_seedNum-40_SSRNum-50000.txt
2026-03-09 10:58:41,913 - INFO - 首次生成种子集 alpha_sort
2026-03-09 10:58:41,913 - INFO - 执行当前算法开始: alpha_sort
2026-03-09 10:58:41,913 - INFO - 1458 个节点的alpha值降序排序 done
2026-03-09 10:58:41,913 - INFO - ==============>> [(1327, np.float64(0.592965446542298)), (1170, np.float64(0.5832442443567589)), (207, np.float64(0.5808358924121187)), (1349, np.float64(0.5798604764750158)), (166, np.float64(0.5750063870834317)), (1263, np.float64(0.574366627305132)), (1401, np.float64(0.5739562974013417)), (1330, np.float64(0.5730890844462198)), (1216, np.float64(0.5726097018528238)), (142, np.float64(0.5724694318199408))]
2026-03-09 10:58:41,913 - INFO - 
选择的种子集 (按alpha排序): [1327, 1170, 207, 1349, 166, 1263, 1401, 1330, 1216, 142, 228, 1179, 718, 1325, 1339, 1448, 1247, 249, 1382, 1269, 1395, 202, 51, 65, 1398, 1320, 50, 1229, 1314, 1182, 1342, 134, 185, 1423, 1191, 739, 1242, 1237, 1366, 1371]

2026-03-09 10:58:41,913 - INFO - 当前用时 0.00 秒
2026-03-09 10:58:41,914 - INFO - 将种子集 写入位置: /home/wen/work/coup_spread/network.netYeast/2026-3-15/seeds-with-network.netYeast/tier_based_alpha_sort_seedNum-40_SSRNum-50000.txt
2026-03-09 10:58:41,914 - INFO - 首次生成种子集 ris_optimized
2026-03-09 10:58:41,914 - INFO - 执行当前算法开始: ris_optimized
2026-03-09 10:58:41,940 - INFO - 图初始化完成，节点数: 1458，当前模式: 优化采样
2026-03-09 10:58:41,940 - INFO - 开始生成 50000 组多重RR-Set...
2026-03-09 10:58:45,785 - INFO - 生成完毕。耗时: 3.84 秒。
2026-03-09 10:58:45,793 - INFO - 开始基于多重RR集贪心选择最优种子...
2026-03-09 10:58:46,629 - INFO - 选种完毕。耗时: 0.84 秒。估算范围: 42.57
2026-03-09 10:58:46,986 - INFO - 当前用时 5.07 秒
2026-03-09 10:58:46,987 - INFO - 将种子集 写入位置: /home/wen/work/coup_spread/network.netYeast/2026-3-15/seeds-with-network.netYeast/tier_based_ris_optimized_seedNum-40_SSRNum-50000.txt
2026-03-09 10:58:46,987 - INFO - 首次生成种子集 1hop_sort
2026-03-09 10:58:46,987 - INFO - 执行当前算法开始: 1hop_sort
2026-03-09 10:58:46,987 - INFO - --- Running: Teacher's 1-Hop Expected Spread Sort ---
2026-03-09 10:58:46,993 - INFO - 选出的前 5 个种子得分展示: [0.93495754 0.91107093 0.9074276  0.90324826 0.89129298]
2026-03-09 10:58:46,993 - INFO - 当前用时 0.01 秒
2026-03-09 10:58:46,993 - INFO - 将种子集 写入位置: /home/wen/work/coup_spread/network.netYeast/2026-3-15/seeds-with-network.netYeast/tier_based_1hop_sort_seedNum-40_SSRNum-50000.txt
2026-03-09 10:58:46,993 - INFO - 评估种子集: None
2026-03-09 10:58:46,993 - INFO - 多进程评估开始，共有 6 个方法待评估...
2026-03-09 10:58:46,993 - INFO - 启动进程池，Worker数量: 6
2026-03-09 10:58:47,132 - INFO - [Process 61651] 开始评估方法: random, 种子数: 40
2026-03-09 10:58:47,202 - INFO - [Process 61652] 开始评估方法: degreeTopM, 种子数: 40
2026-03-09 10:58:47,272 - INFO - [Process 61654] 开始评估方法: pageRank, 种子数: 40
2026-03-09 10:58:47,336 - INFO - [degreeTopM - 种子:40] 拉新:6.0人 | 总销量:6.0单 | 品牌曝光:47.0次 | 🌟综合得分:10.7
2026-03-09 10:58:47,342 - INFO - [Process 61655] 开始评估方法: alpha_sort, 种子数: 40
2026-03-09 10:58:47,413 - INFO - [Process 61656] 开始评估方法: ris_optimized, 种子数: 40
2026-03-09 10:58:47,419 - INFO - [pageRank - 种子:40] 拉新:6.0人 | 总销量:6.0单 | 品牌曝光:47.3次 | 🌟综合得分:10.7
2026-03-09 10:58:47,475 - INFO - [Process 61657] 开始评估方法: 1hop_sort, 种子数: 40
2026-03-09 10:58:47,676 - INFO - [alpha_sort - 种子:40] 拉新:27.7人 | 总销量:27.7单 | 品牌曝光:61.8次 | 🌟综合得分:33.9
2026-03-09 10:58:47,795 - INFO - [random - 种子:40] 拉新:22.6人 | 总销量:22.8单 | 品牌曝光:81.7次 | 🌟综合得分:30.9
2026-03-09 10:58:47,936 - INFO - [1hop_sort - 种子:40] 拉新:31.0人 | 总销量:31.3单 | 品牌曝光:69.6次 | 🌟综合得分:38.1
2026-03-09 10:58:47,961 - INFO - [ris_optimized - 种子:40] 拉新:30.1人 | 总销量:30.2单 | 品牌曝光:78.5次 | 🌟综合得分:38.0
2026-03-09 10:58:47,988 - INFO - 所有进程执行完毕，开始写入数据...
2026-03-09 10:58:47,997 - INFO - 成功写入 6 条记录至 /home/wen/work/coup_spread/gzc-impl/results/network.netYeast/2026-3-15/tier_based_SSRNum-50000-_seedNum-40_simuTimes-500.csv
2026-03-09 10:58:47,997 - INFO - 保存评估文件至: /home/wen/work/coup_spread/gzc-impl/results/network.netYeast/2026-3-15/tier_based_SSRNum-50000-_seedNum-40_simuTimes-500.csv
2026-03-09 10:58:47,999 - INFO - 加载数据集: network.netYeast
2026-03-09 10:58:48,000 - INFO - --- 矩阵分析 ---
2026-03-09 10:58:48,000 - INFO - 节点数 (N): 1458
2026-03-09 10:58:48,000 - INFO - 边数 (E): 3896
2026-03-09 10:58:48,000 - INFO - 密度 (Density): 0.00183275 (越小越稀疏)
2026-03-09 10:58:48,000 - INFO - 稀疏度 (Sparsity): 0.99816725 (越接近1越稀疏)
2026-03-09 10:58:48,000 - INFO - 平均度数 (Avg Degree): 2.67
2026-03-09 10:58:48,001 - INFO - 首次生成度相关概率分布 分布类型: 'tier_based'.
2026-03-09 10:58:48,001 - INFO - ===> Generating 'Tier-based (Percentile)' distributions for Real Graph...
2026-03-09 10:58:48,002 - INFO - 保存概率分布 文件位置: /home/wen/work/coup_spread/network.netYeast/2026-3-15/distribution-in-network.netYeast/distribution-tier_based_seedNum-50.pkl
2026-03-09 10:58:48,018 - INFO - 首次生成种子集 random
2026-03-09 10:58:48,018 - INFO - 执行当前算法开始: random
2026-03-09 10:58:48,019 - INFO - 数据集节点总数:  n = 1458, m = 50
2026-03-09 10:58:48,019 - INFO - 选择 50  [356, 923, 170, 97, 1184, 664, 172, 882, 913, 41, 193, 115, 576, 763, 1040, 255, 1021, 627, 800, 171, 771, 309, 1065, 708, 263, 946, 352, 473, 1455, 956, 1376, 1325, 629, 1145, 539, 33, 1408, 602, 28, 849, 406, 396, 1086, 1143, 1436, 989, 1363, 1434, 300, 693]

2026-03-09 10:58:48,019 - INFO - 当前用时 0.00 秒
2026-03-09 10:58:48,019 - INFO - 将种子集 写入位置: /home/wen/work/coup_spread/network.netYeast/2026-3-15/seeds-with-network.netYeast/tier_based_random_seedNum-50_SSRNum-50000.txt
2026-03-09 10:58:48,019 - INFO - 首次生成种子集 degreeTopM
2026-03-09 10:58:48,019 - INFO - 执行当前算法开始: degreeTopM
2026-03-09 10:58:48,019 - INFO - 依据: 选择连接数（度数）最多的节点。
2026-03-09 10:58:48,019 - INFO - 选择的 Top M 节点及其度数:
2026-03-09 10:58:48,019 - INFO - 
2026-03-09 10:58:48,019 - INFO - 当前用时 0.00 秒
2026-03-09 10:58:48,020 - INFO - 将种子集 写入位置: /home/wen/work/coup_spread/network.netYeast/2026-3-15/seeds-with-network.netYeast/tier_based_degreeTopM_seedNum-50_SSRNum-50000.txt
2026-03-09 10:58:48,020 - INFO - 首次生成种子集 pageRank
2026-03-09 10:58:48,020 - INFO - 执行当前算法开始: pageRank
2026-03-09 10:58:48,020 - INFO - --- Running: PageRank (on tranProMatrix) Top M ---
2026-03-09 10:58:48,057 - INFO - Selected PageRank seeds: [157, 25, 57, 55, 15, 68, 315, 105, 238, 1041, 224, 2, 69, 1285, 34, 18, 464, 66, 546, 371, 56, 277, 143, 1149, 461, 383, 186, 393, 35, 204, 227, 251, 155, 635, 544, 287, 423, 214, 364, 599, 343, 606, 44, 43, 289, 551, 406, 62, 462, 416]
2026-03-09 10:58:48,057 - INFO - 当前用时 0.04 秒
2026-03-09 10:58:48,057 - INFO - 将种子集 写入位置: /home/wen/work/coup_spread/network.netYeast/2026-3-15/seeds-with-network.netYeast/tier_based_pageRank_seedNum-50_SSRNum-50000.txt
2026-03-09 10:58:48,057 - INFO - 首次生成种子集 alpha_sort
2026-03-09 10:58:48,057 - INFO - 执行当前算法开始: alpha_sort
2026-03-09 10:58:48,058 - INFO - 1458 个节点的alpha值降序排序 done
2026-03-09 10:58:48,058 - INFO - ==============>> [(1384, np.float64(0.5859866214807359)), (202, np.float64(0.5855906037164006)), (1283, np.float64(0.582704493650044)), (1170, np.float64(0.5785662380703879)), (1205, np.float64(0.5723521620552823)), (1350, np.float64(0.5700724713660632)), (775, np.float64(0.569543858915268)), (1449, np.float64(0.5683659088636471)), (1259, np.float64(0.56748219853769)), (1364, np.float64(0.5672121041273768))]
2026-03-09 10:58:48,058 - INFO - 
选择的种子集 (按alpha排序): [1384, 202, 1283, 1170, 1205, 1350, 775, 1449, 1259, 1364, 61, 1424, 136, 262, 1231, 1416, 1128, 1375, 1334, 1218, 182, 1377, 1335, 1162, 1196, 166, 282, 1301, 130, 1286, 1321, 171, 1306, 742, 1102, 743, 1207, 1199, 165, 1130, 278, 232, 1176, 200, 1390, 210, 1243, 58, 31, 132]

2026-03-09 10:58:48,058 - INFO - 当前用时 0.00 秒
2026-03-09 10:58:48,058 - INFO - 将种子集 写入位置: /home/wen/work/coup_spread/network.netYeast/2026-3-15/seeds-with-network.netYeast/tier_based_alpha_sort_seedNum-50_SSRNum-50000.txt
2026-03-09 10:58:48,059 - INFO - 首次生成种子集 ris_optimized
2026-03-09 10:58:48,059 - INFO - 执行当前算法开始: ris_optimized
2026-03-09 10:58:48,090 - INFO - 图初始化完成，节点数: 1458，当前模式: 优化采样
2026-03-09 10:58:48,090 - INFO - 开始生成 50000 组多重RR-Set...
2026-03-09 10:58:52,592 - INFO - 生成完毕。耗时: 4.50 秒。
2026-03-09 10:58:52,596 - INFO - 开始基于多重RR集贪心选择最优种子...
2026-03-09 10:58:53,635 - INFO - 选种完毕。耗时: 1.04 秒。估算范围: 52.39
2026-03-09 10:58:53,851 - INFO - 当前用时 5.79 秒
2026-03-09 10:58:53,852 - INFO - 将种子集 写入位置: /home/wen/work/coup_spread/network.netYeast/2026-3-15/seeds-with-network.netYeast/tier_based_ris_optimized_seedNum-50_SSRNum-50000.txt
2026-03-09 10:58:53,852 - INFO - 首次生成种子集 1hop_sort
2026-03-09 10:58:53,852 - INFO - 执行当前算法开始: 1hop_sort
2026-03-09 10:58:53,852 - INFO - --- Running: Teacher's 1-Hop Expected Spread Sort ---
2026-03-09 10:58:53,854 - INFO - 选出的前 5 个种子得分展示: [0.92357314 0.92223881 0.91623904 0.89846074 0.88654314]
2026-03-09 10:58:53,854 - INFO - 当前用时 0.00 秒
2026-03-09 10:58:53,855 - INFO - 将种子集 写入位置: /home/wen/work/coup_spread/network.netYeast/2026-3-15/seeds-with-network.netYeast/tier_based_1hop_sort_seedNum-50_SSRNum-50000.txt
2026-03-09 10:58:53,855 - INFO - 评估种子集: None
2026-03-09 10:58:53,855 - INFO - 多进程评估开始，共有 6 个方法待评估...
2026-03-09 10:58:53,855 - INFO - 启动进程池，Worker数量: 6
2026-03-09 10:58:53,993 - INFO - [Process 61776] 开始评估方法: random, 种子数: 50
2026-03-09 10:58:54,061 - INFO - [Process 61780] 开始评估方法: degreeTopM, 种子数: 50
2026-03-09 10:58:54,130 - INFO - [Process 61782] 开始评估方法: pageRank, 种子数: 50
2026-03-09 10:58:54,201 - INFO - [Process 61783] 开始评估方法: alpha_sort, 种子数: 50
2026-03-09 10:58:54,229 - INFO - [degreeTopM - 种子:50] 拉新:7.3人 | 总销量:7.3单 | 品牌曝光:59.0次 | 🌟综合得分:13.2
2026-03-09 10:58:54,273 - INFO - [Process 61784] 开始评估方法: ris_optimized, 种子数: 50
2026-03-09 10:58:54,307 - INFO - [pageRank - 种子:50] 拉新:7.9人 | 总销量:7.9单 | 品牌曝光:59.9次 | 🌟综合得分:13.9
2026-03-09 10:58:54,340 - INFO - [Process 61785] 开始评估方法: 1hop_sort, 种子数: 50
2026-03-09 10:58:54,667 - INFO - [alpha_sort - 种子:50] 拉新:36.2人 | 总销量:36.4单 | 品牌曝光:81.7次 | 🌟综合得分:44.5
2026-03-09 10:58:54,742 - INFO - [random - 种子:50] 拉新:29.1人 | 总销量:29.3单 | 品牌曝光:102.4次 | 🌟综合得分:39.4
2026-03-09 10:58:54,879 - INFO - [1hop_sort - 种子:50] 拉新:38.7人 | 总销量:39.3单 | 品牌曝光:88.0次 | 🌟综合得分:47.8
2026-03-09 10:58:54,992 - INFO - [ris_optimized - 种子:50] 拉新:37.0人 | 总销量:37.1单 | 品牌曝光:101.0次 | 🌟综合得分:47.1
2026-03-09 10:58:55,016 - INFO - 所有进程执行完毕，开始写入数据...
2026-03-09 10:58:55,020 - INFO - 成功写入 6 条记录至 /home/wen/work/coup_spread/gzc-impl/results/network.netYeast/2026-3-15/tier_based_SSRNum-50000-_seedNum-50_simuTimes-500.csv
2026-03-09 10:58:55,021 - INFO - 保存评估文件至: /home/wen/work/coup_spread/gzc-impl/results/network.netYeast/2026-3-15/tier_based_SSRNum-50000-_seedNum-50_simuTimes-500.csv
2026-03-09 10:58:55,022 - INFO - 加载数据集: network.netYeast
2026-03-09 10:58:55,023 - INFO - --- 矩阵分析 ---
2026-03-09 10:58:55,023 - INFO - 节点数 (N): 1458
2026-03-09 10:58:55,023 - INFO - 边数 (E): 3896
2026-03-09 10:58:55,023 - INFO - 密度 (Density): 0.00183275 (越小越稀疏)
2026-03-09 10:58:55,023 - INFO - 稀疏度 (Sparsity): 0.99816725 (越接近1越稀疏)
2026-03-09 10:58:55,023 - INFO - 平均度数 (Avg Degree): 2.67
2026-03-09 10:58:55,024 - INFO - 首次生成度相关概率分布 分布类型: 'tier_based'.
2026-03-09 10:58:55,024 - INFO - ===> Generating 'Tier-based (Percentile)' distributions for Real Graph...
2026-03-09 10:58:55,024 - INFO - 保存概率分布 文件位置: /home/wen/work/coup_spread/network.netYeast/2026-3-15/distribution-in-network.netYeast/distribution-tier_based_seedNum-60.pkl
2026-03-09 10:58:55,039 - INFO - 首次生成种子集 random
2026-03-09 10:58:55,039 - INFO - 执行当前算法开始: random
2026-03-09 10:58:55,039 - INFO - 数据集节点总数:  n = 1458, m = 60
2026-03-09 10:58:55,040 - INFO - 选择 60  [1, 891, 304, 405, 131, 0, 137, 389, 764, 417, 1341, 717, 449, 63, 647, 289, 68, 1269, 39, 1414, 1280, 1403, 1370, 936, 473, 428, 379, 107, 1082, 36, 296, 334, 208, 643, 893, 422, 845, 812, 897, 384, 1451, 485, 745, 1284, 288, 709, 284, 977, 1125, 837, 662, 1267, 300, 1393, 472, 707, 872, 1116, 935, 490]

2026-03-09 10:58:55,040 - INFO - 当前用时 0.00 秒
2026-03-09 10:58:55,040 - INFO - 将种子集 写入位置: /home/wen/work/coup_spread/network.netYeast/2026-3-15/seeds-with-network.netYeast/tier_based_random_seedNum-60_SSRNum-50000.txt
2026-03-09 10:58:55,040 - INFO - 首次生成种子集 degreeTopM
2026-03-09 10:58:55,040 - INFO - 执行当前算法开始: degreeTopM
2026-03-09 10:58:55,040 - INFO - 依据: 选择连接数（度数）最多的节点。
2026-03-09 10:58:55,040 - INFO - 选择的 Top M 节点及其度数:
2026-03-09 10:58:55,040 - INFO - 
2026-03-09 10:58:55,040 - INFO - 当前用时 0.00 秒
2026-03-09 10:58:55,041 - INFO - 将种子集 写入位置: /home/wen/work/coup_spread/network.netYeast/2026-3-15/seeds-with-network.netYeast/tier_based_degreeTopM_seedNum-60_SSRNum-50000.txt
2026-03-09 10:58:55,041 - INFO - 首次生成种子集 pageRank
2026-03-09 10:58:55,041 - INFO - 执行当前算法开始: pageRank
2026-03-09 10:58:55,041 - INFO - --- Running: PageRank (on tranProMatrix) Top M ---
2026-03-09 10:58:55,078 - INFO - Selected PageRank seeds: [157, 25, 57, 55, 15, 68, 315, 105, 238, 1041, 224, 2, 69, 1285, 34, 18, 464, 66, 546, 371, 56, 277, 143, 1149, 461, 383, 186, 393, 35, 204, 227, 251, 155, 635, 544, 287, 423, 214, 364, 599, 343, 606, 44, 43, 289, 551, 406, 62, 462, 416, 33, 284, 845, 975, 72, 1318, 473, 70, 346, 99]
2026-03-09 10:58:55,078 - INFO - 当前用时 0.04 秒
2026-03-09 10:58:55,078 - INFO - 将种子集 写入位置: /home/wen/work/coup_spread/network.netYeast/2026-3-15/seeds-with-network.netYeast/tier_based_pageRank_seedNum-60_SSRNum-50000.txt
2026-03-09 10:58:55,078 - INFO - 首次生成种子集 alpha_sort
2026-03-09 10:58:55,079 - INFO - 执行当前算法开始: alpha_sort
2026-03-09 10:58:55,079 - INFO - 1458 个节点的alpha值降序排序 done
2026-03-09 10:58:55,079 - INFO - ==============>> [(129, np.float64(0.5868293199800059)), (295, np.float64(0.5854645870609464)), (1334, np.float64(0.5838206653311934)), (1244, np.float64(0.5781031618732573)), (1227, np.float64(0.5775671081434941)), (1161, np.float64(0.5764651656318492)), (1371, np.float64(0.5729401128184379)), (1336, np.float64(0.5722901002773163)), (223, np.float64(0.5658269842890463)), (17, np.float64(0.565105871080303))]
2026-03-09 10:58:55,079 - INFO - 
选择的种子集 (按alpha排序): [129, 295, 1334, 1244, 1227, 1161, 1371, 1336, 223, 17, 1381, 1312, 1416, 1166, 1400, 1276, 1387, 1129, 1229, 1274, 1102, 282, 1427, 132, 136, 210, 1423, 1289, 1332, 1347, 1269, 207, 1196, 219, 1393, 1211, 305, 1190, 1424, 1331, 1141, 31, 1450, 1195, 1266, 1307, 1140, 65, 1205, 1454, 1168, 249, 1176, 239, 1203, 1279, 1225, 137, 1216, 142]

2026-03-09 10:58:55,079 - INFO - 当前用时 0.00 秒
2026-03-09 10:58:55,079 - INFO - 将种子集 写入位置: /home/wen/work/coup_spread/network.netYeast/2026-3-15/seeds-with-network.netYeast/tier_based_alpha_sort_seedNum-60_SSRNum-50000.txt
2026-03-09 10:58:55,080 - INFO - 首次生成种子集 ris_optimized
2026-03-09 10:58:55,080 - INFO - 执行当前算法开始: ris_optimized
2026-03-09 10:58:55,112 - INFO - 图初始化完成，节点数: 1458，当前模式: 优化采样
2026-03-09 10:58:55,112 - INFO - 开始生成 50000 组多重RR-Set...
2026-03-09 10:59:01,170 - INFO - 生成完毕。耗时: 6.06 秒。
2026-03-09 10:59:01,178 - INFO - 开始基于多重RR集贪心选择最优种子...
2026-03-09 10:59:02,390 - INFO - 选种完毕。耗时: 1.21 秒。估算范围: 63.59
2026-03-09 10:59:02,642 - INFO - 当前用时 7.56 秒
2026-03-09 10:59:02,642 - INFO - 将种子集 写入位置: /home/wen/work/coup_spread/network.netYeast/2026-3-15/seeds-with-network.netYeast/tier_based_ris_optimized_seedNum-60_SSRNum-50000.txt
2026-03-09 10:59:02,642 - INFO - 首次生成种子集 1hop_sort
2026-03-09 10:59:02,642 - INFO - 执行当前算法开始: 1hop_sort
2026-03-09 10:59:02,642 - INFO - --- Running: Teacher's 1-Hop Expected Spread Sort ---
2026-03-09 10:59:02,645 - INFO - 选出的前 5 个种子得分展示: [0.89716451 0.89270633 0.890289   0.89021601 0.87633009]
2026-03-09 10:59:02,645 - INFO - 当前用时 0.00 秒
2026-03-09 10:59:02,645 - INFO - 将种子集 写入位置: /home/wen/work/coup_spread/network.netYeast/2026-3-15/seeds-with-network.netYeast/tier_based_1hop_sort_seedNum-60_SSRNum-50000.txt
2026-03-09 10:59:02,646 - INFO - 评估种子集: None
2026-03-09 10:59:02,646 - INFO - 多进程评估开始，共有 6 个方法待评估...
2026-03-09 10:59:02,646 - INFO - 启动进程池，Worker数量: 6
2026-03-09 10:59:02,783 - INFO - [Process 61925] 开始评估方法: random, 种子数: 60
2026-03-09 10:59:02,849 - INFO - [Process 61926] 开始评估方法: degreeTopM, 种子数: 60
2026-03-09 10:59:02,915 - INFO - [Process 61927] 开始评估方法: pageRank, 种子数: 60
2026-03-09 10:59:02,978 - INFO - [Process 61928] 开始评估方法: alpha_sort, 种子数: 60
2026-03-09 10:59:03,047 - INFO - [Process 61929] 开始评估方法: ris_optimized, 种子数: 60
2026-03-09 10:59:03,094 - INFO - [degreeTopM - 种子:60] 拉新:8.7人 | 总销量:8.7单 | 品牌曝光:70.7次 | 🌟综合得分:15.8
2026-03-09 10:59:03,116 - INFO - [Process 61930] 开始评估方法: 1hop_sort, 种子数: 60
2026-03-09 10:59:03,161 - INFO - [pageRank - 种子:60] 拉新:10.6人 | 总销量:10.6单 | 品牌曝光:74.2次 | 🌟综合得分:18.0
2026-03-09 10:59:03,523 - INFO - [alpha_sort - 种子:60] 拉新:42.4人 | 总销量:42.5单 | 品牌曝光:96.5次 | 🌟综合得分:52.1
2026-03-09 10:59:03,651 - INFO - [random - 种子:60] 拉新:33.6人 | 总销量:34.0单 | 品牌曝光:118.6次 | 🌟综合得分:45.7
2026-03-09 10:59:03,804 - INFO - [1hop_sort - 种子:60] 拉新:46.8人 | 总销量:47.1单 | 品牌曝光:108.5次 | 🌟综合得分:57.8
2026-03-09 10:59:03,938 - INFO - [ris_optimized - 种子:60] 拉新:44.9人 | 总销量:45.2单 | 品牌曝光:122.8次 | 🌟综合得分:57.3
2026-03-09 10:59:03,967 - INFO - 所有进程执行完毕，开始写入数据...
2026-03-09 10:59:03,976 - INFO - 成功写入 6 条记录至 /home/wen/work/coup_spread/gzc-impl/results/network.netYeast/2026-3-15/tier_based_SSRNum-50000-_seedNum-60_simuTimes-500.csv
2026-03-09 10:59:03,978 - INFO - 保存评估文件至: /home/wen/work/coup_spread/gzc-impl/results/network.netYeast/2026-3-15/tier_based_SSRNum-50000-_seedNum-60_simuTimes-500.csv
2026-03-09 10:59:03,980 - INFO - 加载数据集: network.netYeast
2026-03-09 10:59:03,981 - INFO - --- 矩阵分析 ---
2026-03-09 10:59:03,981 - INFO - 节点数 (N): 1458
2026-03-09 10:59:03,981 - INFO - 边数 (E): 3896
2026-03-09 10:59:03,982 - INFO - 密度 (Density): 0.00183275 (越小越稀疏)
2026-03-09 10:59:03,982 - INFO - 稀疏度 (Sparsity): 0.99816725 (越接近1越稀疏)
2026-03-09 10:59:03,982 - INFO - 平均度数 (Avg Degree): 2.67
2026-03-09 10:59:03,983 - INFO - 首次生成度相关概率分布 分布类型: 'tier_based'.
2026-03-09 10:59:03,983 - INFO - ===> Generating 'Tier-based (Percentile)' distributions for Real Graph...
2026-03-09 10:59:03,984 - INFO - 保存概率分布 文件位置: /home/wen/work/coup_spread/network.netYeast/2026-3-15/distribution-in-network.netYeast/distribution-tier_based_seedNum-70.pkl
2026-03-09 10:59:04,002 - INFO - 首次生成种子集 random
2026-03-09 10:59:04,002 - INFO - 执行当前算法开始: random
2026-03-09 10:59:04,002 - INFO - 数据集节点总数:  n = 1458, m = 70
2026-03-09 10:59:04,003 - INFO - 选择 70  [890, 800, 651, 55, 1140, 377, 1409, 1204, 743, 783, 1362, 694, 301, 565, 1084, 402, 1302, 1420, 302, 384, 67, 547, 1022, 956, 1200, 655, 619, 873, 425, 1271, 486, 511, 542, 441, 785, 357, 512, 92, 233, 167, 150, 968, 531, 1291, 1192, 653, 967, 1384, 135, 1299, 193, 1445, 1319, 453, 1343, 539, 1406, 1127, 73, 1104, 1230, 198, 420, 99, 1015, 664, 33, 1353, 753, 926]

2026-03-09 10:59:04,003 - INFO - 当前用时 0.00 秒
2026-03-09 10:59:04,003 - INFO - 将种子集 写入位置: /home/wen/work/coup_spread/network.netYeast/2026-3-15/seeds-with-network.netYeast/tier_based_random_seedNum-70_SSRNum-50000.txt
2026-03-09 10:59:04,003 - INFO - 首次生成种子集 degreeTopM
2026-03-09 10:59:04,003 - INFO - 执行当前算法开始: degreeTopM
2026-03-09 10:59:04,003 - INFO - 依据: 选择连接数（度数）最多的节点。
2026-03-09 10:59:04,003 - INFO - 选择的 Top M 节点及其度数:
2026-03-09 10:59:04,003 - INFO - 
2026-03-09 10:59:04,003 - INFO - 当前用时 0.00 秒
2026-03-09 10:59:04,003 - INFO - 将种子集 写入位置: /home/wen/work/coup_spread/network.netYeast/2026-3-15/seeds-with-network.netYeast/tier_based_degreeTopM_seedNum-70_SSRNum-50000.txt
2026-03-09 10:59:04,004 - INFO - 首次生成种子集 pageRank
2026-03-09 10:59:04,004 - INFO - 执行当前算法开始: pageRank
2026-03-09 10:59:04,004 - INFO - --- Running: PageRank (on tranProMatrix) Top M ---
2026-03-09 10:59:04,041 - INFO - Selected PageRank seeds: [157, 25, 57, 55, 15, 68, 315, 105, 238, 1041, 224, 2, 69, 1285, 34, 18, 464, 66, 546, 371, 56, 277, 143, 1149, 461, 383, 186, 393, 35, 204, 227, 251, 155, 635, 544, 287, 423, 214, 364, 599, 343, 606, 44, 43, 289, 551, 406, 62, 462, 416, 33, 284, 845, 975, 72, 1318, 473, 70, 346, 99, 982, 29, 932, 367, 79, 693, 288, 837, 621, 738]
2026-03-09 10:59:04,041 - INFO - 当前用时 0.04 秒
2026-03-09 10:59:04,042 - INFO - 将种子集 写入位置: /home/wen/work/coup_spread/network.netYeast/2026-3-15/seeds-with-network.netYeast/tier_based_pageRank_seedNum-70_SSRNum-50000.txt
2026-03-09 10:59:04,042 - INFO - 首次生成种子集 alpha_sort
2026-03-09 10:59:04,042 - INFO - 执行当前算法开始: alpha_sort
2026-03-09 10:59:04,042 - INFO - 1458 个节点的alpha值降序排序 done
2026-03-09 10:59:04,042 - INFO - ==============>> [(52, np.float64(0.593172026693456)), (1424, np.float64(0.5882396163739232)), (1283, np.float64(0.5821061569001903)), (1393, np.float64(0.5805532973035543)), (1339, np.float64(0.5743097312456149)), (31, np.float64(0.5736998604539795)), (271, np.float64(0.5706696443217917)), (1246, np.float64(0.5706498299849263)), (1453, np.float64(0.5700019205033408)), (1310, np.float64(0.5695385306343359))]
2026-03-09 10:59:04,043 - INFO - 
选择的种子集 (按alpha排序): [52, 1424, 1283, 1393, 1339, 31, 271, 1246, 1453, 1310, 1242, 1203, 202, 141, 1392, 1222, 1144, 1341, 1235, 722, 1346, 158, 1232, 1213, 1133, 295, 1387, 1395, 1218, 217, 1398, 208, 182, 183, 1418, 234, 130, 1288, 256, 1177, 1332, 1209, 727, 1266, 1261, 1327, 134, 1104, 1423, 228, 1198, 1381, 1183, 166, 1224, 1427, 739, 312, 1367, 1366, 1384, 1374, 1333, 1421, 1249, 1237, 1389, 1290, 1132, 1388]

2026-03-09 10:59:04,043 - INFO - 当前用时 0.00 秒
2026-03-09 10:59:04,043 - INFO - 将种子集 写入位置: /home/wen/work/coup_spread/network.netYeast/2026-3-15/seeds-with-network.netYeast/tier_based_alpha_sort_seedNum-70_SSRNum-50000.txt
2026-03-09 10:59:04,043 - INFO - 首次生成种子集 ris_optimized
2026-03-09 10:59:04,043 - INFO - 执行当前算法开始: ris_optimized
2026-03-09 10:59:04,073 - INFO - 图初始化完成，节点数: 1458，当前模式: 优化采样
2026-03-09 10:59:04,074 - INFO - 开始生成 50000 组多重RR-Set...
2026-03-09 10:59:09,802 - INFO - 生成完毕。耗时: 5.73 秒。
2026-03-09 10:59:09,810 - INFO - 开始基于多重RR集贪心选择最优种子...
2026-03-09 10:59:11,219 - INFO - 选种完毕。耗时: 1.41 秒。估算范围: 73.16
2026-03-09 10:59:11,508 - INFO - 当前用时 7.47 秒
2026-03-09 10:59:11,509 - INFO - 将种子集 写入位置: /home/wen/work/coup_spread/network.netYeast/2026-3-15/seeds-with-network.netYeast/tier_based_ris_optimized_seedNum-70_SSRNum-50000.txt
2026-03-09 10:59:11,509 - INFO - 首次生成种子集 1hop_sort
2026-03-09 10:59:11,509 - INFO - 执行当前算法开始: 1hop_sort
2026-03-09 10:59:11,509 - INFO - --- Running: Teacher's 1-Hop Expected Spread Sort ---
2026-03-09 10:59:11,511 - INFO - 选出的前 5 个种子得分展示: [0.94077636 0.92151604 0.91069319 0.90404253 0.90355246]
2026-03-09 10:59:11,511 - INFO - 当前用时 0.00 秒
2026-03-09 10:59:11,512 - INFO - 将种子集 写入位置: /home/wen/work/coup_spread/network.netYeast/2026-3-15/seeds-with-network.netYeast/tier_based_1hop_sort_seedNum-70_SSRNum-50000.txt
2026-03-09 10:59:11,512 - INFO - 评估种子集: None
2026-03-09 10:59:11,512 - INFO - 多进程评估开始，共有 6 个方法待评估...
2026-03-09 10:59:11,512 - INFO - 启动进程池，Worker数量: 6
2026-03-09 10:59:11,701 - INFO - [Process 62084] 开始评估方法: random, 种子数: 70
2026-03-09 10:59:11,770 - INFO - [Process 62085] 开始评估方法: degreeTopM, 种子数: 70
2026-03-09 10:59:11,840 - INFO - [Process 62086] 开始评估方法: pageRank, 种子数: 70
2026-03-09 10:59:11,909 - INFO - [Process 62087] 开始评估方法: alpha_sort, 种子数: 70
2026-03-09 10:59:11,981 - INFO - [Process 62089] 开始评估方法: ris_optimized, 种子数: 70
2026-03-09 10:59:12,002 - INFO - [degreeTopM - 种子:70] 拉新:10.1人 | 总销量:10.1单 | 品牌曝光:82.6次 | 🌟综合得分:18.4
2026-03-09 10:59:12,052 - INFO - [Process 62090] 开始评估方法: 1hop_sort, 种子数: 70
2026-03-09 10:59:12,181 - INFO - [pageRank - 种子:70] 拉新:13.7人 | 总销量:13.7单 | 品牌曝光:89.6次 | 🌟综合得分:22.6
2026-03-09 10:59:12,551 - INFO - [alpha_sort - 种子:70] 拉新:49.8人 | 总销量:50.1单 | 品牌曝光:113.5次 | 🌟综合得分:61.3
2026-03-09 10:59:12,720 - INFO - [random - 种子:70] 拉新:40.0人 | 总销量:40.3单 | 品牌曝光:140.7次 | 🌟综合得分:54.2
2026-03-09 10:59:12,843 - INFO - [1hop_sort - 种子:70] 拉新:54.4人 | 总销量:55.2单 | 品牌曝光:125.5次 | 🌟综合得分:67.4
2026-03-09 10:59:12,983 - INFO - [ris_optimized - 种子:70] 拉新:52.5人 | 总销量:52.7单 | 品牌曝光:139.6次 | 🌟综合得分:66.5
2026-03-09 10:59:13,010 - INFO - 所有进程执行完毕，开始写入数据...
2026-03-09 10:59:13,019 - INFO - 成功写入 6 条记录至 /home/wen/work/coup_spread/gzc-impl/results/network.netYeast/2026-3-15/tier_based_SSRNum-50000-_seedNum-70_simuTimes-500.csv
2026-03-09 10:59:13,020 - INFO - 保存评估文件至: /home/wen/work/coup_spread/gzc-impl/results/network.netYeast/2026-3-15/tier_based_SSRNum-50000-_seedNum-70_simuTimes-500.csv
2026-03-09 10:59:13,022 - INFO - 加载数据集: network.netYeast
2026-03-09 10:59:13,023 - INFO - --- 矩阵分析 ---
2026-03-09 10:59:13,023 - INFO - 节点数 (N): 1458
2026-03-09 10:59:13,023 - INFO - 边数 (E): 3896
2026-03-09 10:59:13,023 - INFO - 密度 (Density): 0.00183275 (越小越稀疏)
2026-03-09 10:59:13,023 - INFO - 稀疏度 (Sparsity): 0.99816725 (越接近1越稀疏)
2026-03-09 10:59:13,023 - INFO - 平均度数 (Avg Degree): 2.67
2026-03-09 10:59:13,024 - INFO - 首次生成度相关概率分布 分布类型: 'tier_based'.
2026-03-09 10:59:13,024 - INFO - ===> Generating 'Tier-based (Percentile)' distributions for Real Graph...
2026-03-09 10:59:13,025 - INFO - 保存概率分布 文件位置: /home/wen/work/coup_spread/network.netYeast/2026-3-15/distribution-in-network.netYeast/distribution-tier_based_seedNum-80.pkl
2026-03-09 10:59:13,043 - INFO - 首次生成种子集 random
2026-03-09 10:59:13,043 - INFO - 执行当前算法开始: random
2026-03-09 10:59:13,043 - INFO - 数据集节点总数:  n = 1458, m = 80
2026-03-09 10:59:13,043 - INFO - 选择 80  [1207, 1148, 234, 352, 1288, 575, 946, 167, 746, 1260, 1204, 524, 185, 131, 767, 244, 603, 237, 1294, 743, 29, 1088, 688, 1324, 1177, 45, 992, 1286, 626, 1447, 566, 348, 800, 308, 1319, 750, 1094, 440, 740, 1212, 1419, 362, 417, 870, 56, 664, 394, 324, 175, 1279, 46, 1336, 1281, 1454, 397, 1441, 277, 873, 487, 1175, 1364, 690, 1042, 662, 1369, 1096, 1143, 1172, 1451, 1423, 1186, 72, 1196, 482, 441, 1306, 55, 182, 1126, 320]

2026-03-09 10:59:13,043 - INFO - 当前用时 0.00 秒
2026-03-09 10:59:13,044 - INFO - 将种子集 写入位置: /home/wen/work/coup_spread/network.netYeast/2026-3-15/seeds-with-network.netYeast/tier_based_random_seedNum-80_SSRNum-50000.txt
2026-03-09 10:59:13,044 - INFO - 首次生成种子集 degreeTopM
2026-03-09 10:59:13,044 - INFO - 执行当前算法开始: degreeTopM
2026-03-09 10:59:13,044 - INFO - 依据: 选择连接数（度数）最多的节点。
2026-03-09 10:59:13,044 - INFO - 选择的 Top M 节点及其度数:
2026-03-09 10:59:13,044 - INFO - 
2026-03-09 10:59:13,044 - INFO - 当前用时 0.00 秒
2026-03-09 10:59:13,044 - INFO - 将种子集 写入位置: /home/wen/work/coup_spread/network.netYeast/2026-3-15/seeds-with-network.netYeast/tier_based_degreeTopM_seedNum-80_SSRNum-50000.txt
2026-03-09 10:59:13,044 - INFO - 首次生成种子集 pageRank
2026-03-09 10:59:13,044 - INFO - 执行当前算法开始: pageRank
2026-03-09 10:59:13,045 - INFO - --- Running: PageRank (on tranProMatrix) Top M ---
2026-03-09 10:59:13,081 - INFO - Selected PageRank seeds: [157, 25, 57, 55, 15, 68, 315, 105, 238, 1041, 224, 2, 69, 1285, 34, 18, 464, 66, 546, 371, 56, 277, 143, 1149, 461, 383, 186, 393, 35, 204, 227, 251, 155, 635, 544, 287, 423, 214, 364, 599, 343, 606, 44, 43, 289, 551, 406, 62, 462, 416, 33, 284, 845, 975, 72, 1318, 473, 70, 346, 99, 982, 29, 932, 367, 79, 693, 288, 837, 621, 738, 16, 603, 677, 800, 247, 876, 812, 558, 121, 668]
2026-03-09 10:59:13,081 - INFO - 当前用时 0.04 秒
2026-03-09 10:59:13,082 - INFO - 将种子集 写入位置: /home/wen/work/coup_spread/network.netYeast/2026-3-15/seeds-with-network.netYeast/tier_based_pageRank_seedNum-80_SSRNum-50000.txt
2026-03-09 10:59:13,082 - INFO - 首次生成种子集 alpha_sort
2026-03-09 10:59:13,082 - INFO - 执行当前算法开始: alpha_sort
2026-03-09 10:59:13,082 - INFO - 1458 个节点的alpha值降序排序 done
2026-03-09 10:59:13,083 - INFO - ==============>> [(1303, np.float64(0.5785892263280392)), (183, np.float64(0.5750680606559166)), (1310, np.float64(0.5746181054918075)), (1348, np.float64(0.5733751546718318)), (1262, np.float64(0.5731365211092607)), (1365, np.float64(0.5724190388493989)), (217, np.float64(0.5716370738174638)), (136, np.float64(0.5709612680288734)), (1449, np.float64(0.5672509567907752)), (1398, np.float64(0.5642899154698874))]
2026-03-09 10:59:13,083 - INFO - 
选择的种子集 (按alpha排序): [1303, 183, 1310, 1348, 1262, 1365, 217, 136, 1449, 1398, 1206, 1397, 727, 1272, 65, 207, 1194, 1248, 1244, 263, 1315, 1137, 1375, 1212, 1319, 1305, 1188, 282, 1179, 239, 1295, 1235, 1252, 1382, 311, 210, 1329, 256, 1331, 1140, 1314, 131, 313, 242, 283, 1224, 1341, 1452, 1216, 774, 1190, 1316, 1265, 1143, 1312, 249, 1204, 1372, 729, 1211, 739, 1427, 1287, 1286, 1261, 1308, 179, 17, 1199, 1288, 1189, 1218, 63, 194, 1238, 730, 1367, 1335, 1170, 1346]

2026-03-09 10:59:13,083 - INFO - 当前用时 0.00 秒
2026-03-09 10:59:13,083 - INFO - 将种子集 写入位置: /home/wen/work/coup_spread/network.netYeast/2026-3-15/seeds-with-network.netYeast/tier_based_alpha_sort_seedNum-80_SSRNum-50000.txt
2026-03-09 10:59:13,083 - INFO - 首次生成种子集 ris_optimized
2026-03-09 10:59:13,083 - INFO - 执行当前算法开始: ris_optimized
2026-03-09 10:59:13,115 - INFO - 图初始化完成，节点数: 1458，当前模式: 优化采样
2026-03-09 10:59:13,115 - INFO - 开始生成 50000 组多重RR-Set...
2026-03-09 10:59:21,092 - INFO - 生成完毕。耗时: 7.98 秒。
2026-03-09 10:59:21,103 - INFO - 开始基于多重RR集贪心选择最优种子...
2026-03-09 10:59:22,756 - INFO - 选种完毕。耗时: 1.65 秒。估算范围: 84.21
2026-03-09 10:59:23,116 - INFO - 当前用时 10.03 秒
2026-03-09 10:59:23,117 - INFO - 将种子集 写入位置: /home/wen/work/coup_spread/network.netYeast/2026-3-15/seeds-with-network.netYeast/tier_based_ris_optimized_seedNum-80_SSRNum-50000.txt
2026-03-09 10:59:23,117 - INFO - 首次生成种子集 1hop_sort
2026-03-09 10:59:23,117 - INFO - 执行当前算法开始: 1hop_sort
2026-03-09 10:59:23,117 - INFO - --- Running: Teacher's 1-Hop Expected Spread Sort ---
2026-03-09 10:59:23,119 - INFO - 选出的前 5 个种子得分展示: [0.92265966 0.91574904 0.91221433 0.90684934 0.89739558]
2026-03-09 10:59:23,119 - INFO - 当前用时 0.00 秒
2026-03-09 10:59:23,120 - INFO - 将种子集 写入位置: /home/wen/work/coup_spread/network.netYeast/2026-3-15/seeds-with-network.netYeast/tier_based_1hop_sort_seedNum-80_SSRNum-50000.txt
2026-03-09 10:59:23,120 - INFO - 评估种子集: None
2026-03-09 10:59:23,120 - INFO - 多进程评估开始，共有 6 个方法待评估...
2026-03-09 10:59:23,120 - INFO - 启动进程池，Worker数量: 6
2026-03-09 10:59:23,312 - INFO - [Process 62280] 开始评估方法: random, 种子数: 80
2026-03-09 10:59:23,366 - INFO - [Process 62281] 开始评估方法: degreeTopM, 种子数: 80
2026-03-09 10:59:23,416 - INFO - [Process 62282] 开始评估方法: pageRank, 种子数: 80
2026-03-09 10:59:23,469 - INFO - [Process 62285] 开始评估方法: alpha_sort, 种子数: 80
2026-03-09 10:59:23,516 - INFO - [Process 62286] 开始评估方法: ris_optimized, 种子数: 80
2026-03-09 10:59:23,570 - INFO - [Process 62287] 开始评估方法: 1hop_sort, 种子数: 80
2026-03-09 10:59:23,831 - INFO - [degreeTopM - 种子:80] 拉新:15.7人 | 总销量:15.8单 | 品牌曝光:102.3次 | 🌟综合得分:26.0
2026-03-09 10:59:23,913 - INFO - [pageRank - 种子:80] 拉新:19.7人 | 总销量:19.8单 | 品牌曝光:110.9次 | 🌟综合得分:30.9
2026-03-09 10:59:24,228 - INFO - [alpha_sort - 种子:80] 拉新:57.0人 | 总销量:57.2单 | 品牌曝光:130.4次 | 🌟综合得分:70.1
2026-03-09 10:59:24,418 - INFO - [random - 种子:80] 拉新:47.2人 | 总销量:47.6单 | 品牌曝光:154.6次 | 🌟综合得分:62.9
2026-03-09 10:59:24,426 - INFO - [1hop_sort - 种子:80] 拉新:61.7人 | 总销量:62.8单 | 品牌曝光:144.0次 | 🌟综合得分:76.6
2026-03-09 10:59:24,616 - INFO - [ris_optimized - 种子:80] 拉新:59.0人 | 总销量:59.4单 | 品牌曝光:156.8次 | 🌟综合得分:74.9
2026-03-09 10:59:24,639 - INFO - 所有进程执行完毕，开始写入数据...
2026-03-09 10:59:24,647 - INFO - 成功写入 6 条记录至 /home/wen/work/coup_spread/gzc-impl/results/network.netYeast/2026-3-15/tier_based_SSRNum-50000-_seedNum-80_simuTimes-500.csv
2026-03-09 10:59:24,648 - INFO - 保存评估文件至: /home/wen/work/coup_spread/gzc-impl/results/network.netYeast/2026-3-15/tier_based_SSRNum-50000-_seedNum-80_simuTimes-500.csv
2026-03-09 10:59:24,653 - INFO - 加载数据集: network.netYeast
2026-03-09 10:59:24,654 - INFO - --- 矩阵分析 ---
2026-03-09 10:59:24,654 - INFO - 节点数 (N): 1458
2026-03-09 10:59:24,654 - INFO - 边数 (E): 3896
2026-03-09 10:59:24,654 - INFO - 密度 (Density): 0.00183275 (越小越稀疏)
2026-03-09 10:59:24,654 - INFO - 稀疏度 (Sparsity): 0.99816725 (越接近1越稀疏)
2026-03-09 10:59:24,654 - INFO - 平均度数 (Avg Degree): 2.67
2026-03-09 10:59:24,655 - INFO - 首次生成度相关概率分布 分布类型: 'tier_based'.
2026-03-09 10:59:24,655 - INFO - ===> Generating 'Tier-based (Percentile)' distributions for Real Graph...
2026-03-09 10:59:24,656 - INFO - 保存概率分布 文件位置: /home/wen/work/coup_spread/network.netYeast/2026-3-15/distribution-in-network.netYeast/distribution-tier_based_seedNum-90.pkl
2026-03-09 10:59:24,674 - INFO - 首次生成种子集 random
2026-03-09 10:59:24,674 - INFO - 执行当前算法开始: random
2026-03-09 10:59:24,674 - INFO - 数据集节点总数:  n = 1458, m = 90
2026-03-09 10:59:24,674 - INFO - 选择 90  [1419, 470, 1372, 58, 806, 696, 639, 479, 1101, 518, 506, 1039, 70, 582, 819, 771, 360, 1319, 148, 329, 1093, 1089, 1306, 921, 1286, 722, 1336, 166, 1061, 1062, 947, 1443, 281, 631, 1238, 1130, 815, 707, 430, 380, 485, 301, 1212, 747, 1208, 1294, 1378, 640, 242, 1224, 930, 868, 1346, 534, 923, 1448, 374, 1436, 892, 1302, 171, 1000, 1350, 16, 650, 920, 767, 748, 121, 901, 624, 1434, 584, 326, 958, 1260, 1064, 1447, 969, 742, 553, 1095, 616, 1263, 328, 42, 491, 1261, 460, 1225]

2026-03-09 10:59:24,674 - INFO - 当前用时 0.00 秒
2026-03-09 10:59:24,675 - INFO - 将种子集 写入位置: /home/wen/work/coup_spread/network.netYeast/2026-3-15/seeds-with-network.netYeast/tier_based_random_seedNum-90_SSRNum-50000.txt
2026-03-09 10:59:24,675 - INFO - 首次生成种子集 degreeTopM
2026-03-09 10:59:24,675 - INFO - 执行当前算法开始: degreeTopM
2026-03-09 10:59:24,675 - INFO - 依据: 选择连接数（度数）最多的节点。
2026-03-09 10:59:24,675 - INFO - 选择的 Top M 节点及其度数:
2026-03-09 10:59:24,675 - INFO - 
2026-03-09 10:59:24,675 - INFO - 当前用时 0.00 秒
2026-03-09 10:59:24,675 - INFO - 将种子集 写入位置: /home/wen/work/coup_spread/network.netYeast/2026-3-15/seeds-with-network.netYeast/tier_based_degreeTopM_seedNum-90_SSRNum-50000.txt
2026-03-09 10:59:24,676 - INFO - 首次生成种子集 pageRank
2026-03-09 10:59:24,676 - INFO - 执行当前算法开始: pageRank
2026-03-09 10:59:24,676 - INFO - --- Running: PageRank (on tranProMatrix) Top M ---
2026-03-09 10:59:24,712 - INFO - Selected PageRank seeds: [157, 25, 57, 55, 15, 68, 315, 105, 238, 1041, 224, 2, 69, 1285, 34, 18, 464, 66, 546, 371, 56, 277, 143, 1149, 461, 383, 186, 393, 35, 204, 227, 251, 155, 635, 544, 287, 423, 214, 364, 599, 343, 606, 44, 43, 289, 551, 406, 62, 462, 416, 33, 284, 845, 975, 72, 1318, 473, 70, 346, 99, 982, 29, 932, 367, 79, 693, 288, 837, 621, 738, 16, 603, 677, 800, 247, 876, 812, 558, 121, 668, 470, 644, 714, 339, 276, 637, 760, 172, 680, 321]
2026-03-09 10:59:24,712 - INFO - 当前用时 0.04 秒
2026-03-09 10:59:24,712 - INFO - 将种子集 写入位置: /home/wen/work/coup_spread/network.netYeast/2026-3-15/seeds-with-network.netYeast/tier_based_pageRank_seedNum-90_SSRNum-50000.txt
2026-03-09 10:59:24,712 - INFO - 首次生成种子集 alpha_sort
2026-03-09 10:59:24,712 - INFO - 执行当前算法开始: alpha_sort
2026-03-09 10:59:24,713 - INFO - 1458 个节点的alpha值降序排序 done
2026-03-09 10:59:24,713 - INFO - ==============>> [(1296, np.float64(0.5888851420873077)), (1340, np.float64(0.5846647573982896)), (1390, np.float64(0.5751529762342856)), (1268, np.float64(0.5737662534810765)), (1199, np.float64(0.5681337117919596)), (1177, np.float64(0.5680862658935273)), (772, np.float64(0.5667344799281494)), (137, np.float64(0.5639190916690305)), (200, np.float64(0.5631459919327908)), (135, np.float64(0.5582186272561909))]
2026-03-09 10:59:24,713 - INFO - 
选择的种子集 (按alpha排序): [1296, 1340, 1390, 1268, 1199, 1177, 772, 137, 200, 135, 210, 131, 1225, 1453, 1262, 1452, 194, 1377, 130, 40, 1204, 1339, 1397, 1250, 1401, 1349, 31, 232, 295, 1325, 1367, 1182, 1347, 1266, 1187, 1212, 713, 1274, 1258, 1292, 1272, 1183, 1395, 1192, 730, 65, 1170, 1384, 1202, 1424, 1425, 282, 1238, 1332, 1330, 1351, 1388, 1301, 1279, 1327, 1303, 1102, 743, 1237, 1195, 1251, 1315, 52, 1304, 1286, 1392, 1335, 239, 1179, 51, 1269, 1368, 50, 249, 1265, 1189, 1106, 185, 129, 1247, 1267, 1143, 1375, 1231, 188]

2026-03-09 10:59:24,713 - INFO - 当前用时 0.00 秒
2026-03-09 10:59:24,713 - INFO - 将种子集 写入位置: /home/wen/work/coup_spread/network.netYeast/2026-3-15/seeds-with-network.netYeast/tier_based_alpha_sort_seedNum-90_SSRNum-50000.txt
2026-03-09 10:59:24,713 - INFO - 首次生成种子集 ris_optimized
2026-03-09 10:59:24,713 - INFO - 执行当前算法开始: ris_optimized
2026-03-09 10:59:24,743 - INFO - 图初始化完成，节点数: 1458，当前模式: 优化采样
2026-03-09 10:59:24,743 - INFO - 开始生成 50000 组多重RR-Set...
2026-03-09 10:59:32,497 - INFO - 生成完毕。耗时: 7.75 秒。
2026-03-09 10:59:32,505 - INFO - 开始基于多重RR集贪心选择最优种子...
2026-03-09 10:59:34,702 - INFO - 选种完毕。耗时: 2.20 秒。估算范围: 93.34
2026-03-09 10:59:35,228 - INFO - 当前用时 10.51 秒
2026-03-09 10:59:35,228 - INFO - 将种子集 写入位置: /home/wen/work/coup_spread/network.netYeast/2026-3-15/seeds-with-network.netYeast/tier_based_ris_optimized_seedNum-90_SSRNum-50000.txt
2026-03-09 10:59:35,229 - INFO - 首次生成种子集 1hop_sort
2026-03-09 10:59:35,229 - INFO - 执行当前算法开始: 1hop_sort
2026-03-09 10:59:35,229 - INFO - --- Running: Teacher's 1-Hop Expected Spread Sort ---
2026-03-09 10:59:35,231 - INFO - 选出的前 5 个种子得分展示: [0.92112094 0.90895791 0.90093494 0.8928494  0.89166545]
2026-03-09 10:59:35,231 - INFO - 当前用时 0.00 秒
2026-03-09 10:59:35,231 - INFO - 将种子集 写入位置: /home/wen/work/coup_spread/network.netYeast/2026-3-15/seeds-with-network.netYeast/tier_based_1hop_sort_seedNum-90_SSRNum-50000.txt
2026-03-09 10:59:35,232 - INFO - 评估种子集: None
2026-03-09 10:59:35,232 - INFO - 多进程评估开始，共有 6 个方法待评估...
2026-03-09 10:59:35,232 - INFO - 启动进程池，Worker数量: 6
2026-03-09 10:59:35,438 - INFO - [Process 62480] 开始评估方法: random, 种子数: 90
2026-03-09 10:59:35,516 - INFO - [Process 62481] 开始评估方法: degreeTopM, 种子数: 90
2026-03-09 10:59:35,595 - INFO - [Process 62482] 开始评估方法: pageRank, 种子数: 90
2026-03-09 10:59:35,675 - INFO - [Process 62483] 开始评估方法: alpha_sort, 种子数: 90
2026-03-09 10:59:35,757 - INFO - [Process 62484] 开始评估方法: ris_optimized, 种子数: 90
2026-03-09 10:59:35,838 - INFO - [Process 62485] 开始评估方法: 1hop_sort, 种子数: 90
2026-03-09 10:59:36,106 - INFO - [degreeTopM - 种子:90] 拉新:21.6人 | 总销量:21.8单 | 品牌曝光:124.4次 | 🌟综合得分:34.1
2026-03-09 10:59:36,278 - INFO - [pageRank - 种子:90] 拉新:25.6人 | 总销量:25.8单 | 品牌曝光:131.1次 | 🌟综合得分:38.8
2026-03-09 10:59:36,556 - INFO - [alpha_sort - 种子:90] 拉新:63.3人 | 总销量:63.6单 | 品牌曝光:148.0次 | 🌟综合得分:78.3
2026-03-09 10:59:36,883 - INFO - [1hop_sort - 种子:90] 拉新:68.9人 | 总销量:70.1单 | 品牌曝光:162.4次 | 🌟综合得分:85.7
2026-03-09 10:59:36,966 - INFO - [random - 种子:90] 拉新:54.1人 | 总销量:55.0单 | 品牌曝光:181.5次 | 🌟综合得分:72.7
2026-03-09 10:59:37,080 - INFO - [ris_optimized - 种子:90] 拉新:66.0人 | 总销量:66.6单 | 品牌曝光:181.9次 | 🌟综合得分:84.5
2026-03-09 10:59:37,104 - INFO - 所有进程执行完毕，开始写入数据...
2026-03-09 10:59:37,113 - INFO - 成功写入 6 条记录至 /home/wen/work/coup_spread/gzc-impl/results/network.netYeast/2026-3-15/tier_based_SSRNum-50000-_seedNum-90_simuTimes-500.csv
2026-03-09 10:59:37,114 - INFO - 保存评估文件至: /home/wen/work/coup_spread/gzc-impl/results/network.netYeast/2026-3-15/tier_based_SSRNum-50000-_seedNum-90_simuTimes-500.csv
2026-03-09 10:59:37,117 - INFO - 加载数据集: network.netYeast
2026-03-09 10:59:37,117 - INFO - --- 矩阵分析 ---
2026-03-09 10:59:37,118 - INFO - 节点数 (N): 1458
2026-03-09 10:59:37,118 - INFO - 边数 (E): 3896
2026-03-09 10:59:37,118 - INFO - 密度 (Density): 0.00183275 (越小越稀疏)
2026-03-09 10:59:37,118 - INFO - 稀疏度 (Sparsity): 0.99816725 (越接近1越稀疏)
2026-03-09 10:59:37,118 - INFO - 平均度数 (Avg Degree): 2.67
2026-03-09 10:59:37,119 - INFO - 首次生成度相关概率分布 分布类型: 'tier_based'.
2026-03-09 10:59:37,119 - INFO - ===> Generating 'Tier-based (Percentile)' distributions for Real Graph...
2026-03-09 10:59:37,120 - INFO - 保存概率分布 文件位置: /home/wen/work/coup_spread/network.netYeast/2026-3-15/distribution-in-network.netYeast/distribution-tier_based_seedNum-100.pkl
2026-03-09 10:59:37,139 - INFO - 首次生成种子集 random
2026-03-09 10:59:37,139 - INFO - 执行当前算法开始: random
2026-03-09 10:59:37,139 - INFO - 数据集节点总数:  n = 1458, m = 100
2026-03-09 10:59:37,139 - INFO - 选择 100  [193, 247, 777, 224, 125, 1006, 390, 958, 1004, 801, 473, 635, 522, 1154, 351, 1444, 202, 871, 594, 1274, 998, 1263, 83, 776, 1100, 1262, 169, 9, 1275, 418, 1316, 343, 342, 1367, 1169, 1322, 691, 1253, 1165, 1032, 1343, 71, 229, 42, 1008, 978, 1432, 1247, 925, 1227, 1324, 1194, 856, 1217, 1309, 852, 712, 620, 772, 709, 686, 1290, 102, 206, 68, 491, 172, 355, 1349, 598, 722, 1063, 1042, 208, 619, 400, 407, 236, 1033, 374, 847, 587, 27, 999, 39, 286, 497, 611, 1214, 726, 1144, 603, 175, 834, 183, 941, 516, 1366, 551, 971]

2026-03-09 10:59:37,139 - INFO - 当前用时 0.00 秒
2026-03-09 10:59:37,139 - INFO - 将种子集 写入位置: /home/wen/work/coup_spread/network.netYeast/2026-3-15/seeds-with-network.netYeast/tier_based_random_seedNum-100_SSRNum-50000.txt
2026-03-09 10:59:37,139 - INFO - 首次生成种子集 degreeTopM
2026-03-09 10:59:37,139 - INFO - 执行当前算法开始: degreeTopM
2026-03-09 10:59:37,139 - INFO - 依据: 选择连接数（度数）最多的节点。
2026-03-09 10:59:37,140 - INFO - 选择的 Top M 节点及其度数:
2026-03-09 10:59:37,140 - INFO - 
2026-03-09 10:59:37,140 - INFO - 当前用时 0.00 秒
2026-03-09 10:59:37,140 - INFO - 将种子集 写入位置: /home/wen/work/coup_spread/network.netYeast/2026-3-15/seeds-with-network.netYeast/tier_based_degreeTopM_seedNum-100_SSRNum-50000.txt
2026-03-09 10:59:37,140 - INFO - 首次生成种子集 pageRank
2026-03-09 10:59:37,140 - INFO - 执行当前算法开始: pageRank
2026-03-09 10:59:37,140 - INFO - --- Running: PageRank (on tranProMatrix) Top M ---
2026-03-09 10:59:37,176 - INFO - Selected PageRank seeds: [157, 25, 57, 55, 15, 68, 315, 105, 238, 1041, 224, 2, 69, 1285, 34, 18, 464, 66, 546, 371, 56, 277, 143, 1149, 461, 383, 186, 393, 35, 204, 227, 251, 155, 635, 544, 287, 423, 214, 364, 599, 343, 606, 44, 43, 289, 551, 406, 62, 462, 416, 33, 284, 845, 975, 72, 1318, 473, 70, 346, 99, 982, 29, 932, 367, 79, 693, 288, 837, 621, 738, 16, 603, 677, 800, 247, 876, 812, 558, 121, 668, 470, 644, 714, 339, 276, 637, 760, 172, 680, 321, 489, 790, 916, 320, 709, 1163, 187, 570, 1157, 708]
2026-03-09 10:59:37,177 - INFO - 当前用时 0.04 秒
2026-03-09 10:59:37,177 - INFO - 将种子集 写入位置: /home/wen/work/coup_spread/network.netYeast/2026-3-15/seeds-with-network.netYeast/tier_based_pageRank_seedNum-100_SSRNum-50000.txt
2026-03-09 10:59:37,177 - INFO - 首次生成种子集 alpha_sort
2026-03-09 10:59:37,177 - INFO - 执行当前算法开始: alpha_sort
2026-03-09 10:59:37,178 - INFO - 1458 个节点的alpha值降序排序 done
2026-03-09 10:59:37,178 - INFO - ==============>> [(1280, np.float64(0.5839689519771581)), (718, np.float64(0.5763843501169938)), (1166, np.float64(0.5760138802482584)), (52, np.float64(0.5732743091779622)), (1143, np.float64(0.5731139659966218)), (1341, np.float64(0.5717882817622694)), (1276, np.float64(0.5699812814295225)), (1232, np.float64(0.5694671719930692)), (1311, np.float64(0.5670441310271853)), (1451, np.float64(0.5664055419567172))]
2026-03-09 10:59:37,178 - INFO - 
选择的种子集 (按alpha排序): [1280, 718, 1166, 52, 1143, 1341, 1276, 1232, 1311, 1451, 1258, 1106, 1261, 717, 1347, 1329, 1349, 1238, 1176, 223, 1425, 1283, 203, 1246, 1287, 134, 31, 1298, 1333, 1295, 1428, 1245, 1282, 1262, 1222, 1385, 278, 1450, 131, 1129, 1392, 171, 167, 189, 772, 1344, 1205, 1260, 1182, 1371, 1247, 1397, 1133, 1252, 1293, 1306, 130, 1390, 1204, 1237, 1456, 1421, 1388, 1296, 1372, 1345, 1217, 1224, 283, 1387, 177, 1264, 1213, 166, 1289, 1327, 305, 1320, 1201, 1325, 242, 1316, 1141, 1363, 36, 256, 257, 1400, 271, 232, 1186, 730, 1377, 1449, 1303, 142, 1368, 1393, 1288, 1310]

2026-03-09 10:59:37,178 - INFO - 当前用时 0.00 秒
2026-03-09 10:59:37,178 - INFO - 将种子集 写入位置: /home/wen/work/coup_spread/network.netYeast/2026-3-15/seeds-with-network.netYeast/tier_based_alpha_sort_seedNum-100_SSRNum-50000.txt
2026-03-09 10:59:37,178 - INFO - 首次生成种子集 ris_optimized
2026-03-09 10:59:37,178 - INFO - 执行当前算法开始: ris_optimized
2026-03-09 10:59:37,208 - INFO - 图初始化完成，节点数: 1458，当前模式: 优化采样
2026-03-09 10:59:37,208 - INFO - 开始生成 50000 组多重RR-Set...
2026-03-09 10:59:46,118 - INFO - 生成完毕。耗时: 8.91 秒。
2026-03-09 10:59:46,130 - INFO - 开始基于多重RR集贪心选择最优种子...
2026-03-09 10:59:48,301 - INFO - 选种完毕。耗时: 2.17 秒。估算范围: 103.37
2026-03-09 10:59:48,702 - INFO - 当前用时 11.52 秒
2026-03-09 10:59:48,703 - INFO - 将种子集 写入位置: /home/wen/work/coup_spread/network.netYeast/2026-3-15/seeds-with-network.netYeast/tier_based_ris_optimized_seedNum-100_SSRNum-50000.txt
2026-03-09 10:59:48,703 - INFO - 首次生成种子集 1hop_sort
2026-03-09 10:59:48,703 - INFO - 执行当前算法开始: 1hop_sort
2026-03-09 10:59:48,703 - INFO - --- Running: Teacher's 1-Hop Expected Spread Sort ---
2026-03-09 10:59:48,705 - INFO - 选出的前 5 个种子得分展示: [0.92175459 0.91835958 0.91123449 0.90356144 0.89300752]
2026-03-09 10:59:48,705 - INFO - 当前用时 0.00 秒
2026-03-09 10:59:48,706 - INFO - 将种子集 写入位置: /home/wen/work/coup_spread/network.netYeast/2026-3-15/seeds-with-network.netYeast/tier_based_1hop_sort_seedNum-100_SSRNum-50000.txt
2026-03-09 10:59:48,706 - INFO - 评估种子集: None
2026-03-09 10:59:48,706 - INFO - 多进程评估开始，共有 6 个方法待评估...
2026-03-09 10:59:48,706 - INFO - 启动进程池，Worker数量: 6
2026-03-09 10:59:48,919 - INFO - [Process 62956] 开始评估方法: random, 种子数: 100
2026-03-09 10:59:48,974 - INFO - [Process 62957] 开始评估方法: degreeTopM, 种子数: 100
2026-03-09 10:59:49,029 - INFO - [Process 62958] 开始评估方法: pageRank, 种子数: 100
2026-03-09 10:59:49,084 - INFO - [Process 62959] 开始评估方法: alpha_sort, 种子数: 100
2026-03-09 10:59:49,143 - INFO - [Process 62960] 开始评估方法: ris_optimized, 种子数: 100
2026-03-09 10:59:49,195 - INFO - [Process 62961] 开始评估方法: 1hop_sort, 种子数: 100
2026-03-09 10:59:49,689 - INFO - [degreeTopM - 种子:100] 拉新:28.1人 | 总销量:28.4单 | 品牌曝光:146.5次 | 🌟综合得分:42.9
2026-03-09 10:59:49,808 - INFO - [pageRank - 种子:100] 拉新:31.4人 | 总销量:31.7单 | 品牌曝光:151.4次 | 🌟综合得分:46.7
2026-03-09 10:59:50,039 - INFO - [alpha_sort - 种子:100] 拉新:69.8人 | 总销量:70.2单 | 品牌曝光:162.0次 | 🌟综合得分:86.2
2026-03-09 10:59:50,312 - INFO - [random - 种子:100] 拉新:58.5人 | 总销量:59.2单 | 品牌曝光:198.2次 | 🌟综合得分:78.7
2026-03-09 10:59:50,355 - INFO - [1hop_sort - 种子:100] 拉新:76.8人 | 总销量:77.8单 | 品牌曝光:180.3次 | 🌟综合得分:95.3
2026-03-09 10:59:50,613 - INFO - [ris_optimized - 种子:100] 拉新:73.2人 | 总销量:74.0单 | 品牌曝光:203.6次 | 🌟综合得分:94.0
2026-03-09 10:59:50,639 - INFO - 所有进程执行完毕，开始写入数据...
2026-03-09 10:59:50,648 - INFO - 成功写入 6 条记录至 /home/wen/work/coup_spread/gzc-impl/results/network.netYeast/2026-3-15/tier_based_SSRNum-50000-_seedNum-100_simuTimes-500.csv
2026-03-09 10:59:50,649 - INFO - 保存评估文件至: /home/wen/work/coup_spread/gzc-impl/results/network.netYeast/2026-3-15/tier_based_SSRNum-50000-_seedNum-100_simuTimes-500.csv
