2026-03-09 23:17:02,135 - INFO - 加载数据集: network.EmailEnron
2026-03-09 23:17:02,138 - INFO - --- 矩阵分析 ---
2026-03-09 23:17:02,138 - INFO - 节点数 (N): 33696
2026-03-09 23:17:02,138 - INFO - 边数 (E): 361622
2026-03-09 23:17:02,139 - INFO - 密度 (Density): 0.00031849 (越小越稀疏)
2026-03-09 23:17:02,139 - INFO - 稀疏度 (Sparsity): 0.99968151 (越接近1越稀疏)
2026-03-09 23:17:02,139 - INFO - 平均度数 (Avg Degree): 10.73
2026-03-09 23:17:02,141 - INFO - 首次生成度相关概率分布 分布类型: 'log_continuous'.
2026-03-09 23:17:02,141 - INFO - ===> Generating 'Log-Continuous' distributions for Real Graph...
2026-03-09 23:17:02,437 - INFO - 保存概率分布 文件位置: /home/wen/work/coup_spread/network.EmailEnron/2026-3-22/distribution-in-network.EmailEnron/distribution-log_continuous_seedNum-100.pkl
2026-03-09 23:17:02,863 - INFO - 首次生成种子集 random
2026-03-09 23:17:02,864 - INFO - 执行当前算法开始: random
2026-03-09 23:17:02,864 - INFO - 数据集节点总数:  n = 33696, m = 100
2026-03-09 23:17:02,864 - INFO - 选择 100  [29437, 12616, 4176, 24857, 30108, 17540, 25068, 25624, 1149, 32964, 18013, 15791, 21210, 24126, 3503, 18272, 26349, 6787, 30860, 23630, 23581, 14505, 26470, 6653, 22513, 13626, 30101, 13801, 9512, 6759, 28857, 17794, 7323, 28275, 10285, 29896, 33194, 14173, 22320, 556, 19931, 1837, 14935, 14321, 26375, 22159, 14809, 8205, 29721, 2268, 7664, 31734, 25433, 25218, 11146, 1728, 10937, 25568, 31367, 15653, 14296, 8369, 30806, 3209, 14278, 9052, 32754, 11458, 26188, 1176, 25884, 30505, 3770, 11396, 31387, 7979, 21882, 24310, 14174, 18099, 4026, 69, 19648, 19112, 33090, 13278, 26833, 2460, 7330, 26827, 6205, 10439, 2048, 24672, 2120, 24262, 867, 21230, 16819, 19248]

2026-03-09 23:17:02,864 - INFO - 当前用时 0.00 秒
2026-03-09 23:17:02,864 - INFO - 将种子集 写入位置: /home/wen/work/coup_spread/network.EmailEnron/2026-3-22/seeds-with-network.EmailEnron/log_continuous_random_seedNum-100_SSRNum-50000.txt
2026-03-09 23:17:02,864 - INFO - 首次生成种子集 degreeTopM
2026-03-09 23:17:02,864 - INFO - 执行当前算法开始: degreeTopM
2026-03-09 23:17:02,864 - INFO - 依据: 选择连接数（度数）最多的节点。
2026-03-09 23:17:02,866 - INFO - 选择的 Top M 节点及其度数:
2026-03-09 23:17:02,866 - INFO - 
2026-03-09 23:17:02,866 - INFO - 当前用时 0.00 秒
2026-03-09 23:17:02,867 - INFO - 将种子集 写入位置: /home/wen/work/coup_spread/network.EmailEnron/2026-3-22/seeds-with-network.EmailEnron/log_continuous_degreeTopM_seedNum-100_SSRNum-50000.txt
2026-03-09 23:17:02,867 - INFO - 首次生成种子集 pageRank
2026-03-09 23:17:02,867 - INFO - 执行当前算法开始: pageRank
2026-03-09 23:17:02,867 - INFO - --- Running: PageRank (on tranProMatrix) Top M ---
