2025-12-19 15:49:45,642 - INFO - 加载数据集: facebook
2025-12-19 15:49:45,652 - INFO - 首次生成度相关概率分布 分布类型: 'random'.
2025-12-19 15:49:45,653 - INFO - ===> Generating 'Dirichlet' distributions with alpha=[1, 12, 7]...
2025-12-19 15:49:45,658 - INFO - 保存概率分布 文件位置: /root/pythonspace/data-test/facebook/2025-12-19-dis_up_and_succ_down_and_p_0.5_weighted/distribution-in-facebook/distribution-random_seedNum-25.pkl
2025-12-19 15:49:45,739 - INFO - 首次生成种子集 random
2025-12-19 15:49:45,739 - INFO - 执行当前算法开始: random
2025-12-19 15:49:45,740 - INFO - 当前用时 0.00 秒
2025-12-19 15:49:45,740 - INFO - 将种子集 写入位置: /root/pythonspace/data-test/facebook/2025-12-19-dis_up_and_succ_down_and_p_0.5_weighted/seeds-with-facebook/random_random_seedNum-25_SSRNum-10000.txt
2025-12-19 15:49:45,740 - INFO - 首次生成种子集 degreeTopM
2025-12-19 15:49:45,740 - INFO - 执行当前算法开始: degreeTopM
2025-12-19 15:49:45,742 - INFO - 当前用时 0.00 秒
2025-12-19 15:49:45,743 - INFO - 将种子集 写入位置: /root/pythonspace/data-test/facebook/2025-12-19-dis_up_and_succ_down_and_p_0.5_weighted/seeds-with-facebook/random_degreeTopM_seedNum-25_SSRNum-10000.txt
2025-12-19 15:49:45,743 - INFO - 首次生成种子集 alpha_sort
2025-12-19 15:49:45,743 - INFO - 执行当前算法开始: alpha_sort
2025-12-19 15:49:45,786 - INFO - 4039 个节点的alpha值降序排序 done
2025-12-19 15:49:45,786 - INFO - ==============>> [(3610, 0.395685), (2643, 0.3587002), (3535, 0.337386), (2624, 0.320567), (2320, 0.2790228), (3853, 0.2773524), (1008, 0.2683941), (2195, 0.260984), (3946, 0.259748), (3323, 0.2596473)]
2025-12-19 15:49:45,786 - INFO - 
选择的种子集 (按alpha排序): [3610, 2643, 3535, 2624, 2320, 3853, 1008, 2195, 3946, 3323, 2775, 698, 2608, 1441, 1178, 1825, 1690, 1814, 2823, 1082, 3637, 739, 136, 2002, 855]

2025-12-19 15:49:45,786 - INFO - 当前用时 0.04 秒
2025-12-19 15:49:45,787 - INFO - 将种子集 写入位置: /root/pythonspace/data-test/facebook/2025-12-19-dis_up_and_succ_down_and_p_0.5_weighted/seeds-with-facebook/random_alpha_sort_seedNum-25_SSRNum-10000.txt
2025-12-19 15:49:45,787 - INFO - 首次生成种子集 Weighted_RIS
2025-12-19 15:49:45,787 - INFO - 执行当前算法开始: Weighted_RIS
2025-12-19 15:49:46,052 - INFO - 图初始化完成，CSR 矩阵及概率分布准备就绪。
2025-12-19 15:49:46,052 - INFO - 
开始生成 10000 组 SSR (并行进程: 4)...
2025-12-19 15:54:43,293 - INFO - 生成完毕。耗时: 297.24 秒。
2025-12-19 15:54:43,294 - INFO - 
开始选择最优种子 (Weighted Greedy) ...
2025-12-19 15:55:07,448 - INFO -   - 券 1 选中 107, 增益: 37.9584
2025-12-19 15:55:07,784 - INFO -   - 券 2 选中 136, 增益: 41.8489
2025-12-19 15:55:08,184 - INFO -   - 券 3 选中 348, 增益: 41.1478
2025-12-19 15:55:08,591 - INFO -   - 券 4 选中 349, 增益: 38.5234
2025-12-19 15:55:08,931 - INFO -   - 券 5 选中 350, 增益: 40.9822
2025-12-19 15:55:09,282 - INFO -   - 券 6 选中 0, 增益: 40.5492
2025-12-19 15:55:09,594 - INFO -   - 券 7 选中 351, 增益: 39.0690
2025-12-19 15:55:09,938 - INFO -   - 券 8 选中 352, 增益: 43.3604
2025-12-19 15:55:10,257 - INFO -   - 券 9 选中 171, 增益: 36.9063
2025-12-19 15:55:10,569 - INFO -   - 券 10 选中 2579, 增益: 39.3929
2025-12-19 15:55:10,925 - INFO -   - 券 11 选中 359, 增益: 37.3408
2025-12-19 15:55:11,382 - INFO -   - 券 12 选中 360, 增益: 40.3718
2025-12-19 15:55:11,768 - INFO -   - 券 13 选中 9, 增益: 42.0627
2025-12-19 15:55:12,076 - INFO -   - 券 14 选中 361, 增益: 38.8312
2025-12-19 15:55:12,373 - INFO -   - 券 15 选中 362, 增益: 37.3919
2025-12-19 15:55:12,683 - INFO -   - 券 16 选中 911, 增益: 39.1233
2025-12-19 15:55:13,015 - INFO -   - 券 17 选中 365, 增益: 38.5117
2025-12-19 15:55:13,345 - INFO -   - 券 18 选中 363, 增益: 39.8132
2025-12-19 15:55:13,675 - INFO -   - 券 19 选中 366, 增益: 40.9792
2025-12-19 15:55:13,990 - INFO -   - 券 20 选中 21, 增益: 42.0596
2025-12-19 15:55:14,317 - INFO -   - 券 21 选中 367, 增益: 39.8601
2025-12-19 15:55:14,616 - INFO -   - 券 22 选中 364, 增益: 36.1743
2025-12-19 15:55:14,977 - INFO -   - 券 23 选中 368, 增益: 40.5008
2025-12-19 15:55:15,345 - INFO -   - 券 24 选中 369, 增益: 39.5148
2025-12-19 15:55:15,680 - INFO -   - 券 25 选中 370, 增益: 38.8813
2025-12-19 15:55:15,998 - INFO - 最终选择的种子集: [107, 136, 348, 349, 350, 0, 351, 352, 171, 2579, 359, 360, 9, 361, 362, 911, 365, 363, 366, 21, 367, 364, 368, 369, 370]

2025-12-19 15:55:18,149 - INFO - 当前用时 332.36 秒
2025-12-19 15:55:18,154 - INFO - 将种子集 写入位置: /root/pythonspace/data-test/facebook/2025-12-19-dis_up_and_succ_down_and_p_0.5_weighted/seeds-with-facebook/random_Weighted_RIS_seedNum-25_SSRNum-10000.txt
2025-12-19 15:55:18,155 - INFO - 首次生成种子集 ris_coverage
2025-12-19 15:55:18,155 - INFO - 执行当前算法开始: ris_coverage
2025-12-19 15:55:18,479 - INFO - 图初始化完成，CSR 矩阵及概率分布准备就绪。
2025-12-19 15:55:18,479 - INFO - 
开始生成 10000 组 SSR (并行进程: 4)...
2025-12-19 15:58:40,243 - INFO - 生成完毕。耗时: 201.76 秒。
2025-12-19 15:58:40,243 - INFO - 
开始选择最优种子 (Optimized Greedy) ...
2025-12-19 15:58:50,941 - INFO -   - 券 1/25 选中节点 2409, 新增覆盖 394
2025-12-19 15:58:50,990 - INFO -   - 券 2/25 选中节点 107, 新增覆盖 397
2025-12-19 15:58:51,045 - INFO -   - 券 3/25 选中节点 136, 新增覆盖 309
2025-12-19 15:58:51,091 - INFO -   - 券 4/25 选中节点 0, 新增覆盖 329
2025-12-19 15:58:51,144 - INFO -   - 券 5/25 选中节点 2929, 新增覆盖 295
2025-12-19 15:58:51,180 - INFO -   - 券 6/25 选中节点 348, 新增覆盖 286
2025-12-19 15:58:51,216 - INFO -   - 券 7/25 选中节点 349, 新增覆盖 251
2025-12-19 15:58:51,263 - INFO -   - 券 8/25 选中节点 9, 新增覆盖 225
2025-12-19 15:58:51,296 - INFO -   - 券 9/25 选中节点 13, 新增覆盖 227
2025-12-19 15:58:51,340 - INFO -   - 券 10/25 选中节点 21, 新增覆盖 220
2025-12-19 15:58:51,374 - INFO -   - 券 11/25 选中节点 1412, 新增覆盖 206
2025-12-19 15:58:51,422 - INFO -   - 券 12/25 选中节点 25, 新增覆盖 218
2025-12-19 15:58:51,455 - INFO -   - 券 13/25 选中节点 30, 新增覆盖 180
2025-12-19 15:58:51,498 - INFO -   - 券 14/25 选中节点 350, 新增覆盖 164
2025-12-19 15:58:51,530 - INFO -   - 券 15/25 选中节点 351, 新增覆盖 155
2025-12-19 15:58:51,585 - INFO -   - 券 16/25 选中节点 352, 新增覆盖 168
2025-12-19 15:58:51,616 - INFO -   - 券 17/25 选中节点 40, 新增覆盖 132
2025-12-19 15:58:51,648 - INFO -   - 券 18/25 选中节点 48, 新增覆盖 145
2025-12-19 15:58:51,683 - INFO -   - 券 19/25 选中节点 55, 新增覆盖 126
2025-12-19 15:58:51,714 - INFO -   - 券 20/25 选中节点 359, 新增覆盖 111
2025-12-19 15:58:51,759 - INFO -   - 券 21/25 选中节点 1602, 新增覆盖 127
2025-12-19 15:58:51,788 - INFO -   - 券 22/25 选中节点 171, 新增覆盖 100
2025-12-19 15:58:51,817 - INFO -   - 券 23/25 选中节点 360, 新增覆盖 101
2025-12-19 15:58:51,847 - INFO -   - 券 24/25 选中节点 56, 新增覆盖 104
2025-12-19 15:58:51,877 - INFO -   - 券 25/25 选中节点 62, 新增覆盖 98
2025-12-19 15:58:51,877 - INFO - 选种完毕。耗时: 11.63 秒。
2025-12-19 15:58:52,657 - INFO - 最终选择的种子集: [2409, 107, 136, 0, 2929, 348, 349, 9, 13, 21, 1412, 25, 30, 350, 351, 352, 40, 48, 55, 359, 1602, 171, 360, 56, 62]

2025-12-19 15:58:53,423 - INFO - 当前用时 215.27 秒
2025-12-19 15:58:53,424 - INFO - 将种子集 写入位置: /root/pythonspace/data-test/facebook/2025-12-19-dis_up_and_succ_down_and_p_0.5_weighted/seeds-with-facebook/random_ris_coverage_seedNum-25_SSRNum-10000.txt
2025-12-19 15:58:53,424 - INFO - 评估种子集: None
2025-12-19 15:58:53,424 - INFO - 多进程评估开始，共有 5 个方法待评估...
2025-12-19 15:58:53,425 - INFO - 启动进程池，Worker数量: 5
2025-12-19 15:58:53,964 - INFO - [Process 22703] 开始评估方法: random, 种子数: 25
2025-12-19 15:58:54,011 - INFO - [Process 22703] random - 50 sims 完成: E=1.94
2025-12-19 15:58:54,425 - INFO - [Process 22704] 开始评估方法: degreeTopM, 种子数: 25
2025-12-19 15:58:54,479 - INFO - [Process 22704] degreeTopM - 50 sims 完成: E=2.42
2025-12-19 15:58:54,908 - INFO - [Process 22705] 开始评估方法: alpha_sort, 种子数: 25
2025-12-19 15:58:54,943 - INFO - [Process 22705] alpha_sort - 50 sims 完成: E=6.88
2025-12-19 15:58:55,376 - INFO - [Process 22706] 开始评估方法: Weighted_RIS, 种子数: 25
2025-12-19 15:58:55,433 - INFO - [Process 22706] Weighted_RIS - 50 sims 完成: E=2.90
2025-12-19 15:58:55,840 - INFO - [Process 22707] 开始评估方法: ris_coverage, 种子数: 25
2025-12-19 15:58:55,902 - INFO - [Process 22707] ris_coverage - 50 sims 完成: E=2.44
2025-12-19 15:58:55,924 - INFO - 所有进程执行完毕，开始写入数据...
2025-12-19 15:58:55,930 - INFO - 成功写入 5 条记录至 /root/pythonspace/data-test/facebook/2025-12-19-dis_up_and_succ_down_and_p_0.5_weighted/E-activated-facebook/distribution-random_simuTimes-50_seedNum-25_monteCarloL-10_rrNumSamples-10000.csv
2025-12-19 15:58:55,930 - INFO - 保存评估文件至: /root/pythonspace/data-test/facebook/2025-12-19-dis_up_and_succ_down_and_p_0.5_weighted/E-activated-facebook/distribution-random_simuTimes-50_seedNum-25_monteCarloL-10_rrNumSamples-10000.csv
