2026-03-09 23:08:04,342 - INFO - 加载数据集: network.netDog
2026-03-09 23:08:04,343 - INFO - --- 矩阵分析 ---
2026-03-09 23:08:04,343 - INFO - 节点数 (N): 4502
2026-03-09 23:08:04,343 - INFO - 边数 (E): 29580
2026-03-09 23:08:04,343 - INFO - 密度 (Density): 0.00145944 (越小越稀疏)
2026-03-09 23:08:04,343 - INFO - 稀疏度 (Sparsity): 0.99854056 (越接近1越稀疏)
2026-03-09 23:08:04,343 - INFO - 平均度数 (Avg Degree): 6.57
2026-03-09 23:08:04,344 - INFO - 首次生成度相关概率分布 分布类型: 'log_continuous'.
2026-03-09 23:08:04,344 - INFO - ===> Generating 'Log-Continuous' distributions for Real Graph...
2026-03-09 23:08:04,384 - INFO - 保存概率分布 文件位置: /home/wen/work/coup_spread/network.netDog/2026-3-22/distribution-in-network.netDog/distribution-log_continuous_seedNum-20.pkl
2026-03-09 23:08:04,425 - INFO - 首次生成种子集 random
2026-03-09 23:08:04,425 - INFO - 执行当前算法开始: random
2026-03-09 23:08:04,425 - INFO - 数据集节点总数:  n = 4502, m = 20
2026-03-09 23:08:04,425 - INFO - 选择 20  [308, 2944, 2395, 4062, 4468, 1007, 3898, 1164, 555, 2705, 3443, 1281, 737, 3407, 4110, 2564, 852, 873, 3618, 1860]

2026-03-09 23:08:04,425 - INFO - 当前用时 0.00 秒
2026-03-09 23:08:04,426 - INFO - 将种子集 写入位置: /home/wen/work/coup_spread/network.netDog/2026-3-22/seeds-with-network.netDog/log_continuous_random_seedNum-20_SSRNum-50000.txt
2026-03-09 23:08:04,426 - INFO - 首次生成种子集 degreeTopM
2026-03-09 23:08:04,426 - INFO - 执行当前算法开始: degreeTopM
2026-03-09 23:08:04,426 - INFO - 依据: 选择连接数（度数）最多的节点。
2026-03-09 23:08:04,426 - INFO - 选择的 Top M 节点及其度数:
2026-03-09 23:08:04,426 - INFO - 
2026-03-09 23:08:04,427 - INFO - 当前用时 0.00 秒
2026-03-09 23:08:04,427 - INFO - 将种子集 写入位置: /home/wen/work/coup_spread/network.netDog/2026-3-22/seeds-with-network.netDog/log_continuous_degreeTopM_seedNum-20_SSRNum-50000.txt
2026-03-09 23:08:04,427 - INFO - 首次生成种子集 pageRank
2026-03-09 23:08:04,427 - INFO - 执行当前算法开始: pageRank
2026-03-09 23:08:04,427 - INFO - --- Running: PageRank (on tranProMatrix) Top M ---
2026-03-09 23:08:04,739 - INFO - Selected PageRank seeds: [79, 135, 83, 16, 45, 133, 243, 36, 33, 12, 2, 125, 4, 167, 38, 77, 19, 17, 128, 129]
2026-03-09 23:08:04,739 - INFO - 当前用时 0.31 秒
2026-03-09 23:08:04,739 - INFO - 将种子集 写入位置: /home/wen/work/coup_spread/network.netDog/2026-3-22/seeds-with-network.netDog/log_continuous_pageRank_seedNum-20_SSRNum-50000.txt
2026-03-09 23:08:04,739 - INFO - 首次生成种子集 alpha_sort
2026-03-09 23:08:04,739 - INFO - 执行当前算法开始: alpha_sort
2026-03-09 23:08:04,741 - INFO - 4502 个节点的alpha值降序排序 done
2026-03-09 23:08:04,742 - INFO - ==============>> [(3059, np.float64(0.7326273569611725)), (2897, np.float64(0.7290959062393068)), (4152, np.float64(0.7154561707415683)), (3429, np.float64(0.6905458708067601)), (4165, np.float64(0.6619228262356663)), (4329, np.float64(0.6575277690394781)), (1386, np.float64(0.6563910066709534)), (3312, np.float64(0.6556960110352364)), (205, np.float64(0.6385761721832137)), (4047, np.float64(0.6335180663901422))]
2026-03-09 23:08:04,742 - INFO - 
选择的种子集 (按alpha排序): [3059, 2897, 4152, 3429, 4165, 4329, 1386, 3312, 205, 4047, 3899, 2855, 3654, 1170, 1150, 2302, 1481, 354, 1222, 1476]

2026-03-09 23:08:04,742 - INFO - 当前用时 0.00 秒
2026-03-09 23:08:04,742 - INFO - 将种子集 写入位置: /home/wen/work/coup_spread/network.netDog/2026-3-22/seeds-with-network.netDog/log_continuous_alpha_sort_seedNum-20_SSRNum-50000.txt
2026-03-09 23:08:04,742 - INFO - 首次生成种子集 ris_optimized
2026-03-09 23:08:04,742 - INFO - 执行当前算法开始: ris_optimized
2026-03-09 23:08:04,976 - INFO - 图初始化完成，节点数: 4502，当前模式: 优化采样
2026-03-09 23:08:04,976 - INFO - 开始生成 50000 组多重RR-Set...
2026-03-09 23:08:07,239 - INFO - 生成完毕。耗时: 2.26 秒。
2026-03-09 23:08:07,247 - INFO - 开始基于多重RR集贪心选择最优种子...
2026-03-09 23:08:07,931 - INFO - 选种完毕。耗时: 0.68 秒。估算范围: 29.40
2026-03-09 23:08:08,029 - INFO - 当前用时 3.29 秒
2026-03-09 23:08:08,030 - INFO - 将种子集 写入位置: /home/wen/work/coup_spread/network.netDog/2026-3-22/seeds-with-network.netDog/log_continuous_ris_optimized_seedNum-20_SSRNum-50000.txt
2026-03-09 23:08:08,030 - INFO - 首次生成种子集 1hop_sort
2026-03-09 23:08:08,030 - INFO - 执行当前算法开始: 1hop_sort
2026-03-09 23:08:08,030 - INFO - --- Running: Teacher's 1-Hop Expected Spread Sort ---
2026-03-09 23:08:08,098 - INFO - 选出的前 5 个种子得分展示: [1.03706618 1.00745545 0.9772413  0.96979048 0.9512822 ]
2026-03-09 23:08:08,099 - INFO - 当前用时 0.07 秒
2026-03-09 23:08:08,099 - INFO - 将种子集 写入位置: /home/wen/work/coup_spread/network.netDog/2026-3-22/seeds-with-network.netDog/log_continuous_1hop_sort_seedNum-20_SSRNum-50000.txt
2026-03-09 23:08:08,100 - INFO - 评估种子集: None
2026-03-09 23:08:08,101 - INFO - 多进程评估开始，共有 6 个方法待评估...
2026-03-09 23:08:08,101 - INFO - 启动进程池，Worker数量: 6
2026-03-09 23:08:08,828 - INFO - [Process 626771] 开始评估方法: random, 种子数: 20
2026-03-09 23:08:09,192 - INFO - [random - 种子:20] 拉新:9.3人 | 总销量:9.3单 | 品牌曝光:34.3次 | 🌟综合得分:12.7
2026-03-09 23:08:09,383 - INFO - [Process 626772] 开始评估方法: degreeTopM, 种子数: 20
2026-03-09 23:08:09,572 - INFO - [degreeTopM - 种子:20] 拉新:3.4人 | 总销量:3.4单 | 品牌曝光:26.8次 | 🌟综合得分:6.1
2026-03-09 23:08:10,016 - INFO - [Process 626773] 开始评估方法: pageRank, 种子数: 20
2026-03-09 23:08:10,198 - INFO - [pageRank - 种子:20] 拉新:3.2人 | 总销量:3.2单 | 品牌曝光:26.8次 | 🌟综合得分:5.9
2026-03-09 23:08:10,569 - INFO - [Process 626774] 开始评估方法: alpha_sort, 种子数: 20
2026-03-09 23:08:10,782 - INFO - [alpha_sort - 种子:20] 拉新:14.6人 | 总销量:14.6单 | 品牌曝光:27.2次 | 🌟综合得分:17.3
2026-03-09 23:08:11,118 - INFO - [Process 626775] 开始评估方法: ris_optimized, 种子数: 20
2026-03-09 23:08:11,408 - INFO - [ris_optimized - 种子:20] 拉新:12.3人 | 总销量:12.3单 | 品牌曝光:31.7次 | 🌟综合得分:15.4
2026-03-09 23:08:11,687 - INFO - [Process 626776] 开始评估方法: 1hop_sort, 种子数: 20
2026-03-09 23:08:11,927 - INFO - [1hop_sort - 种子:20] 拉新:14.0人 | 总销量:14.3单 | 品牌曝光:29.0次 | 🌟综合得分:17.0
2026-03-09 23:08:11,949 - INFO - 所有进程执行完毕，开始写入数据...
2026-03-09 23:08:11,967 - INFO - 成功写入 6 条记录至 /home/wen/work/coup_spread/gzc-impl/results/network.netDog/2026-3-22/log_continuous_SSRNum-50000-_seedNum-20_simuTimes-500.csv
2026-03-09 23:08:11,967 - INFO - 保存评估文件至: /home/wen/work/coup_spread/gzc-impl/results/network.netDog/2026-3-22/log_continuous_SSRNum-50000-_seedNum-20_simuTimes-500.csv
2026-03-09 23:08:11,976 - INFO - 加载数据集: network.netDog
2026-03-09 23:08:11,976 - INFO - --- 矩阵分析 ---
2026-03-09 23:08:11,976 - INFO - 节点数 (N): 4502
2026-03-09 23:08:11,976 - INFO - 边数 (E): 29580
2026-03-09 23:08:11,977 - INFO - 密度 (Density): 0.00145944 (越小越稀疏)
2026-03-09 23:08:11,977 - INFO - 稀疏度 (Sparsity): 0.99854056 (越接近1越稀疏)
2026-03-09 23:08:11,977 - INFO - 平均度数 (Avg Degree): 6.57
2026-03-09 23:08:11,977 - INFO - 首次生成度相关概率分布 分布类型: 'log_continuous'.
2026-03-09 23:08:11,977 - INFO - ===> Generating 'Log-Continuous' distributions for Real Graph...
2026-03-09 23:08:12,019 - INFO - 保存概率分布 文件位置: /home/wen/work/coup_spread/network.netDog/2026-3-22/distribution-in-network.netDog/distribution-log_continuous_seedNum-30.pkl
2026-03-09 23:08:12,059 - INFO - 首次生成种子集 random
2026-03-09 23:08:12,059 - INFO - 执行当前算法开始: random
2026-03-09 23:08:12,059 - INFO - 数据集节点总数:  n = 4502, m = 30
2026-03-09 23:08:12,060 - INFO - 选择 30  [1841, 254, 2761, 2560, 745, 332, 2959, 3123, 688, 991, 3218, 1189, 3137, 1276, 3522, 2363, 4095, 4033, 713, 2947, 1550, 3238, 1794, 856, 761, 685, 1822, 1359, 549, 679]

2026-03-09 23:08:12,060 - INFO - 当前用时 0.00 秒
2026-03-09 23:08:12,060 - INFO - 将种子集 写入位置: /home/wen/work/coup_spread/network.netDog/2026-3-22/seeds-with-network.netDog/log_continuous_random_seedNum-30_SSRNum-50000.txt
2026-03-09 23:08:12,060 - INFO - 首次生成种子集 degreeTopM
2026-03-09 23:08:12,060 - INFO - 执行当前算法开始: degreeTopM
2026-03-09 23:08:12,060 - INFO - 依据: 选择连接数（度数）最多的节点。
2026-03-09 23:08:12,060 - INFO - 选择的 Top M 节点及其度数:
2026-03-09 23:08:12,061 - INFO - 
2026-03-09 23:08:12,061 - INFO - 当前用时 0.00 秒
2026-03-09 23:08:12,061 - INFO - 将种子集 写入位置: /home/wen/work/coup_spread/network.netDog/2026-3-22/seeds-with-network.netDog/log_continuous_degreeTopM_seedNum-30_SSRNum-50000.txt
2026-03-09 23:08:12,061 - INFO - 首次生成种子集 pageRank
2026-03-09 23:08:12,061 - INFO - 执行当前算法开始: pageRank
2026-03-09 23:08:12,061 - INFO - --- Running: PageRank (on tranProMatrix) Top M ---
2026-03-09 23:08:12,324 - INFO - Selected PageRank seeds: [79, 135, 83, 16, 45, 133, 243, 36, 33, 12, 2, 125, 4, 167, 38, 77, 19, 17, 128, 129, 62, 329, 13, 35, 294, 14, 414, 318, 162, 26]
2026-03-09 23:08:12,325 - INFO - 当前用时 0.26 秒
2026-03-09 23:08:12,325 - INFO - 将种子集 写入位置: /home/wen/work/coup_spread/network.netDog/2026-3-22/seeds-with-network.netDog/log_continuous_pageRank_seedNum-30_SSRNum-50000.txt
2026-03-09 23:08:12,325 - INFO - 首次生成种子集 alpha_sort
2026-03-09 23:08:12,325 - INFO - 执行当前算法开始: alpha_sort
2026-03-09 23:08:12,327 - INFO - 4502 个节点的alpha值降序排序 done
2026-03-09 23:08:12,327 - INFO - ==============>> [(575, np.float64(0.7044534316864536)), (3012, np.float64(0.6913949412638232)), (2037, np.float64(0.6653694274815274)), (4286, np.float64(0.6628342617080986)), (2263, np.float64(0.6540596590138453)), (387, np.float64(0.6387111721668538)), (1296, np.float64(0.6375542691587798)), (2129, np.float64(0.6355576864856773)), (3974, np.float64(0.6300240203572142)), (119, np.float64(0.6288167703099687))]
2026-03-09 23:08:12,327 - INFO - 
选择的种子集 (按alpha排序): [575, 3012, 2037, 4286, 2263, 387, 1296, 2129, 3974, 119, 2438, 3922, 1822, 3875, 986, 3865, 2747, 1881, 2044, 3021, 1986, 1023, 3427, 1374, 2312, 3492, 2792, 799, 155, 1807]

2026-03-09 23:08:12,328 - INFO - 当前用时 0.00 秒
2026-03-09 23:08:12,328 - INFO - 将种子集 写入位置: /home/wen/work/coup_spread/network.netDog/2026-3-22/seeds-with-network.netDog/log_continuous_alpha_sort_seedNum-30_SSRNum-50000.txt
2026-03-09 23:08:12,328 - INFO - 首次生成种子集 ris_optimized
2026-03-09 23:08:12,328 - INFO - 执行当前算法开始: ris_optimized
2026-03-09 23:08:12,566 - INFO - 图初始化完成，节点数: 4502，当前模式: 优化采样
2026-03-09 23:08:12,567 - INFO - 开始生成 50000 组多重RR-Set...
2026-03-09 23:08:15,521 - INFO - 生成完毕。耗时: 2.95 秒。
2026-03-09 23:08:15,526 - INFO - 开始基于多重RR集贪心选择最优种子...
2026-03-09 23:08:16,145 - INFO - 选种完毕。耗时: 0.62 秒。估算范围: 44.61
2026-03-09 23:08:16,285 - INFO - 当前用时 3.96 秒
2026-03-09 23:08:16,285 - INFO - 将种子集 写入位置: /home/wen/work/coup_spread/network.netDog/2026-3-22/seeds-with-network.netDog/log_continuous_ris_optimized_seedNum-30_SSRNum-50000.txt
2026-03-09 23:08:16,285 - INFO - 首次生成种子集 1hop_sort
2026-03-09 23:08:16,285 - INFO - 执行当前算法开始: 1hop_sort
2026-03-09 23:08:16,285 - INFO - --- Running: Teacher's 1-Hop Expected Spread Sort ---
2026-03-09 23:08:16,291 - INFO - 选出的前 5 个种子得分展示: [1.0318089  1.00202275 0.98390248 0.96992845 0.95454684]
2026-03-09 23:08:16,291 - INFO - 当前用时 0.01 秒
2026-03-09 23:08:16,292 - INFO - 将种子集 写入位置: /home/wen/work/coup_spread/network.netDog/2026-3-22/seeds-with-network.netDog/log_continuous_1hop_sort_seedNum-30_SSRNum-50000.txt
2026-03-09 23:08:16,292 - INFO - 评估种子集: None
2026-03-09 23:08:16,292 - INFO - 多进程评估开始，共有 6 个方法待评估...
2026-03-09 23:08:16,292 - INFO - 启动进程池，Worker数量: 6
2026-03-09 23:08:17,029 - INFO - [Process 626948] 开始评估方法: random, 种子数: 30
2026-03-09 23:08:17,544 - INFO - [random - 种子:30] 拉新:12.4人 | 总销量:12.5单 | 品牌曝光:51.0次 | 🌟综合得分:17.5
2026-03-09 23:08:17,585 - INFO - [Process 626949] 开始评估方法: degreeTopM, 种子数: 30
2026-03-09 23:08:17,893 - INFO - [degreeTopM - 种子:30] 拉新:6.0人 | 总销量:6.0单 | 品牌曝光:41.4次 | 🌟综合得分:10.2
2026-03-09 23:08:18,142 - INFO - [Process 626950] 开始评估方法: pageRank, 种子数: 30
2026-03-09 23:08:18,436 - INFO - [pageRank - 种子:30] 拉新:6.3人 | 总销量:6.3单 | 品牌曝光:41.0次 | 🌟综合得分:10.4
2026-03-09 23:08:18,687 - INFO - [Process 626951] 开始评估方法: alpha_sort, 种子数: 30
2026-03-09 23:08:18,994 - INFO - [alpha_sort - 种子:30] 拉新:21.7人 | 总销量:21.7单 | 品牌曝光:42.1次 | 🌟综合得分:25.9
2026-03-09 23:08:19,243 - INFO - [Process 626952] 开始评估方法: ris_optimized, 种子数: 30
2026-03-09 23:08:19,718 - INFO - [ris_optimized - 种子:30] 拉新:18.9人 | 总销量:18.9单 | 品牌曝光:49.3次 | 🌟综合得分:23.8
2026-03-09 23:08:19,786 - INFO - [Process 626953] 开始评估方法: 1hop_sort, 种子数: 30
2026-03-09 23:08:20,149 - INFO - [1hop_sort - 种子:30] 拉新:21.7人 | 总销量:21.9单 | 品牌曝光:44.9次 | 🌟综合得分:26.3
2026-03-09 23:08:20,171 - INFO - 所有进程执行完毕，开始写入数据...
2026-03-09 23:08:20,179 - INFO - 成功写入 6 条记录至 /home/wen/work/coup_spread/gzc-impl/results/network.netDog/2026-3-22/log_continuous_SSRNum-50000-_seedNum-30_simuTimes-500.csv
2026-03-09 23:08:20,180 - INFO - 保存评估文件至: /home/wen/work/coup_spread/gzc-impl/results/network.netDog/2026-3-22/log_continuous_SSRNum-50000-_seedNum-30_simuTimes-500.csv
2026-03-09 23:08:20,190 - INFO - 加载数据集: network.netDog
2026-03-09 23:08:20,191 - INFO - --- 矩阵分析 ---
2026-03-09 23:08:20,191 - INFO - 节点数 (N): 4502
2026-03-09 23:08:20,191 - INFO - 边数 (E): 29580
2026-03-09 23:08:20,192 - INFO - 密度 (Density): 0.00145944 (越小越稀疏)
2026-03-09 23:08:20,192 - INFO - 稀疏度 (Sparsity): 0.99854056 (越接近1越稀疏)
2026-03-09 23:08:20,192 - INFO - 平均度数 (Avg Degree): 6.57
2026-03-09 23:08:20,193 - INFO - 首次生成度相关概率分布 分布类型: 'log_continuous'.
2026-03-09 23:08:20,193 - INFO - ===> Generating 'Log-Continuous' distributions for Real Graph...
2026-03-09 23:08:20,237 - INFO - 保存概率分布 文件位置: /home/wen/work/coup_spread/network.netDog/2026-3-22/distribution-in-network.netDog/distribution-log_continuous_seedNum-40.pkl
2026-03-09 23:08:20,278 - INFO - 首次生成种子集 random
2026-03-09 23:08:20,278 - INFO - 执行当前算法开始: random
2026-03-09 23:08:20,278 - INFO - 数据集节点总数:  n = 4502, m = 40
2026-03-09 23:08:20,278 - INFO - 选择 40  [4457, 599, 2005, 1882, 3071, 1426, 1756, 1397, 259, 4241, 1492, 3397, 1103, 3836, 2618, 1174, 2691, 1375, 414, 603, 3586, 3545, 1988, 706, 3102, 3847, 801, 1281, 988, 2159, 469, 3868, 2834, 492, 4114, 187, 1048, 2759, 2627, 2978]

2026-03-09 23:08:20,278 - INFO - 当前用时 0.00 秒
2026-03-09 23:08:20,278 - INFO - 将种子集 写入位置: /home/wen/work/coup_spread/network.netDog/2026-3-22/seeds-with-network.netDog/log_continuous_random_seedNum-40_SSRNum-50000.txt
2026-03-09 23:08:20,278 - INFO - 首次生成种子集 degreeTopM
2026-03-09 23:08:20,278 - INFO - 执行当前算法开始: degreeTopM
2026-03-09 23:08:20,278 - INFO - 依据: 选择连接数（度数）最多的节点。
2026-03-09 23:08:20,279 - INFO - 选择的 Top M 节点及其度数:
2026-03-09 23:08:20,279 - INFO - 
2026-03-09 23:08:20,279 - INFO - 当前用时 0.00 秒
2026-03-09 23:08:20,279 - INFO - 将种子集 写入位置: /home/wen/work/coup_spread/network.netDog/2026-3-22/seeds-with-network.netDog/log_continuous_degreeTopM_seedNum-40_SSRNum-50000.txt
2026-03-09 23:08:20,279 - INFO - 首次生成种子集 pageRank
2026-03-09 23:08:20,279 - INFO - 执行当前算法开始: pageRank
2026-03-09 23:08:20,279 - INFO - --- Running: PageRank (on tranProMatrix) Top M ---
2026-03-09 23:08:20,542 - INFO - Selected PageRank seeds: [79, 135, 83, 16, 45, 133, 243, 36, 33, 12, 2, 125, 4, 167, 38, 77, 19, 17, 128, 129, 62, 329, 13, 35, 294, 14, 414, 318, 162, 26, 37, 15, 93, 46, 192, 61, 164, 279, 359, 120]
2026-03-09 23:08:20,542 - INFO - 当前用时 0.26 秒
2026-03-09 23:08:20,542 - INFO - 将种子集 写入位置: /home/wen/work/coup_spread/network.netDog/2026-3-22/seeds-with-network.netDog/log_continuous_pageRank_seedNum-40_SSRNum-50000.txt
2026-03-09 23:08:20,542 - INFO - 首次生成种子集 alpha_sort
2026-03-09 23:08:20,542 - INFO - 执行当前算法开始: alpha_sort
2026-03-09 23:08:20,544 - INFO - 4502 个节点的alpha值降序排序 done
2026-03-09 23:08:20,545 - INFO - ==============>> [(3314, np.float64(0.724379838797721)), (3102, np.float64(0.6554956318778391)), (2032, np.float64(0.6309852618358023)), (3142, np.float64(0.6246800431324966)), (4109, np.float64(0.6172813922264964)), (3733, np.float64(0.6172454883874195)), (959, np.float64(0.6157723188691226)), (1955, np.float64(0.6137881483988452)), (1818, np.float64(0.6129404661740842)), (1707, np.float64(0.6118717256746554))]
2026-03-09 23:08:20,545 - INFO - 
选择的种子集 (按alpha排序): [3314, 3102, 2032, 3142, 4109, 3733, 959, 1955, 1818, 1707, 3174, 4383, 2852, 3922, 793, 4025, 2031, 3550, 4156, 3533, 2804, 4365, 2128, 4000, 723, 612, 2194, 1182, 3649, 4463, 1411, 633, 2496, 2133, 144, 3570, 740, 2139, 3840, 2647]

2026-03-09 23:08:20,545 - INFO - 当前用时 0.00 秒
2026-03-09 23:08:20,545 - INFO - 将种子集 写入位置: /home/wen/work/coup_spread/network.netDog/2026-3-22/seeds-with-network.netDog/log_continuous_alpha_sort_seedNum-40_SSRNum-50000.txt
2026-03-09 23:08:20,545 - INFO - 首次生成种子集 ris_optimized
2026-03-09 23:08:20,545 - INFO - 执行当前算法开始: ris_optimized
2026-03-09 23:08:20,775 - INFO - 图初始化完成，节点数: 4502，当前模式: 优化采样
2026-03-09 23:08:20,775 - INFO - 开始生成 50000 组多重RR-Set...
2026-03-09 23:08:25,085 - INFO - 生成完毕。耗时: 4.31 秒。
2026-03-09 23:08:25,093 - INFO - 开始基于多重RR集贪心选择最优种子...
2026-03-09 23:08:25,919 - INFO - 选种完毕。耗时: 0.83 秒。估算范围: 57.96
2026-03-09 23:08:26,106 - INFO - 当前用时 5.56 秒
2026-03-09 23:08:26,107 - INFO - 将种子集 写入位置: /home/wen/work/coup_spread/network.netDog/2026-3-22/seeds-with-network.netDog/log_continuous_ris_optimized_seedNum-40_SSRNum-50000.txt
2026-03-09 23:08:26,107 - INFO - 首次生成种子集 1hop_sort
2026-03-09 23:08:26,107 - INFO - 执行当前算法开始: 1hop_sort
2026-03-09 23:08:26,107 - INFO - --- Running: Teacher's 1-Hop Expected Spread Sort ---
2026-03-09 23:08:26,113 - INFO - 选出的前 5 个种子得分展示: [1.05534714 0.97999796 0.97324778 0.96792391 0.96683595]
2026-03-09 23:08:26,113 - INFO - 当前用时 0.01 秒
2026-03-09 23:08:26,113 - INFO - 将种子集 写入位置: /home/wen/work/coup_spread/network.netDog/2026-3-22/seeds-with-network.netDog/log_continuous_1hop_sort_seedNum-40_SSRNum-50000.txt
2026-03-09 23:08:26,114 - INFO - 评估种子集: None
2026-03-09 23:08:26,114 - INFO - 多进程评估开始，共有 6 个方法待评估...
2026-03-09 23:08:26,114 - INFO - 启动进程池，Worker数量: 6
2026-03-09 23:08:26,896 - INFO - [Process 627100] 开始评估方法: random, 种子数: 40
2026-03-09 23:08:27,448 - INFO - [Process 627101] 开始评估方法: degreeTopM, 种子数: 40
2026-03-09 23:08:27,571 - INFO - [random - 种子:40] 拉新:17.6人 | 总销量:17.6单 | 品牌曝光:67.6次 | 🌟综合得分:24.4
2026-03-09 23:08:27,843 - INFO - [degreeTopM - 种子:40] 拉新:8.5人 | 总销量:8.5单 | 品牌曝光:54.7次 | 🌟综合得分:14.0
2026-03-09 23:08:28,000 - INFO - [Process 627102] 开始评估方法: pageRank, 种子数: 40
2026-03-09 23:08:28,409 - INFO - [pageRank - 种子:40] 拉新:8.5人 | 总销量:8.6单 | 品牌曝光:55.7次 | 🌟综合得分:14.1
2026-03-09 23:08:28,552 - INFO - [Process 627103] 开始评估方法: alpha_sort, 种子数: 40
2026-03-09 23:08:28,941 - INFO - [alpha_sort - 种子:40] 拉新:27.7人 | 总销量:27.7单 | 品牌曝光:55.4次 | 🌟综合得分:33.2
2026-03-09 23:08:29,122 - INFO - [Process 627104] 开始评估方法: ris_optimized, 种子数: 40
2026-03-09 23:08:29,647 - INFO - [Process 627105] 开始评估方法: 1hop_sort, 种子数: 40
2026-03-09 23:08:29,784 - INFO - [ris_optimized - 种子:40] 拉新:24.3人 | 总销量:24.3单 | 品牌曝光:67.5次 | 🌟综合得分:31.1
2026-03-09 23:08:30,148 - INFO - [1hop_sort - 种子:40] 拉新:28.1人 | 总销量:28.8单 | 品牌曝光:61.6次 | 🌟综合得分:34.6
2026-03-09 23:08:30,175 - INFO - 所有进程执行完毕，开始写入数据...
2026-03-09 23:08:30,193 - INFO - 成功写入 6 条记录至 /home/wen/work/coup_spread/gzc-impl/results/network.netDog/2026-3-22/log_continuous_SSRNum-50000-_seedNum-40_simuTimes-500.csv
2026-03-09 23:08:30,195 - INFO - 保存评估文件至: /home/wen/work/coup_spread/gzc-impl/results/network.netDog/2026-3-22/log_continuous_SSRNum-50000-_seedNum-40_simuTimes-500.csv
2026-03-09 23:08:30,205 - INFO - 加载数据集: network.netDog
2026-03-09 23:08:30,206 - INFO - --- 矩阵分析 ---
2026-03-09 23:08:30,207 - INFO - 节点数 (N): 4502
2026-03-09 23:08:30,207 - INFO - 边数 (E): 29580
2026-03-09 23:08:30,207 - INFO - 密度 (Density): 0.00145944 (越小越稀疏)
2026-03-09 23:08:30,207 - INFO - 稀疏度 (Sparsity): 0.99854056 (越接近1越稀疏)
2026-03-09 23:08:30,207 - INFO - 平均度数 (Avg Degree): 6.57
2026-03-09 23:08:30,208 - INFO - 首次生成度相关概率分布 分布类型: 'log_continuous'.
2026-03-09 23:08:30,208 - INFO - ===> Generating 'Log-Continuous' distributions for Real Graph...
2026-03-09 23:08:30,251 - INFO - 保存概率分布 文件位置: /home/wen/work/coup_spread/network.netDog/2026-3-22/distribution-in-network.netDog/distribution-log_continuous_seedNum-50.pkl
2026-03-09 23:08:30,292 - INFO - 首次生成种子集 random
2026-03-09 23:08:30,292 - INFO - 执行当前算法开始: random
2026-03-09 23:08:30,292 - INFO - 数据集节点总数:  n = 4502, m = 50
2026-03-09 23:08:30,293 - INFO - 选择 50  [4041, 741, 3525, 3967, 2873, 3656, 3888, 1477, 146, 1545, 4325, 3602, 930, 3644, 1707, 2665, 3424, 2482, 1218, 3243, 314, 2417, 4076, 2598, 3951, 281, 2828, 2634, 528, 1080, 861, 2434, 4331, 2884, 3026, 905, 125, 3476, 3179, 2636, 665, 3351, 2887, 2367, 804, 1478, 4102, 1912, 1413, 3220]

2026-03-09 23:08:30,293 - INFO - 当前用时 0.00 秒
2026-03-09 23:08:30,294 - INFO - 将种子集 写入位置: /home/wen/work/coup_spread/network.netDog/2026-3-22/seeds-with-network.netDog/log_continuous_random_seedNum-50_SSRNum-50000.txt
2026-03-09 23:08:30,294 - INFO - 首次生成种子集 degreeTopM
2026-03-09 23:08:30,294 - INFO - 执行当前算法开始: degreeTopM
2026-03-09 23:08:30,294 - INFO - 依据: 选择连接数（度数）最多的节点。
2026-03-09 23:08:30,295 - INFO - 选择的 Top M 节点及其度数:
2026-03-09 23:08:30,296 - INFO - 
2026-03-09 23:08:30,296 - INFO - 当前用时 0.00 秒
2026-03-09 23:08:30,296 - INFO - 将种子集 写入位置: /home/wen/work/coup_spread/network.netDog/2026-3-22/seeds-with-network.netDog/log_continuous_degreeTopM_seedNum-50_SSRNum-50000.txt
2026-03-09 23:08:30,296 - INFO - 首次生成种子集 pageRank
2026-03-09 23:08:30,297 - INFO - 执行当前算法开始: pageRank
2026-03-09 23:08:30,297 - INFO - --- Running: PageRank (on tranProMatrix) Top M ---
2026-03-09 23:08:30,586 - INFO - Selected PageRank seeds: [79, 135, 83, 16, 45, 133, 243, 36, 33, 12, 2, 125, 4, 167, 38, 77, 19, 17, 128, 129, 62, 329, 13, 35, 294, 14, 414, 318, 162, 26, 37, 15, 93, 46, 192, 61, 164, 279, 359, 120, 693, 123, 934, 52, 755, 254, 221, 127, 107, 208]
2026-03-09 23:08:30,586 - INFO - 当前用时 0.29 秒
2026-03-09 23:08:30,586 - INFO - 将种子集 写入位置: /home/wen/work/coup_spread/network.netDog/2026-3-22/seeds-with-network.netDog/log_continuous_pageRank_seedNum-50_SSRNum-50000.txt
2026-03-09 23:08:30,586 - INFO - 首次生成种子集 alpha_sort
2026-03-09 23:08:30,586 - INFO - 执行当前算法开始: alpha_sort
2026-03-09 23:08:30,589 - INFO - 4502 个节点的alpha值降序排序 done
2026-03-09 23:08:30,589 - INFO - ==============>> [(4231, np.float64(0.6950090233645002)), (3863, np.float64(0.6862562650397168)), (3006, np.float64(0.6831754175370627)), (2045, np.float64(0.6678857610752297)), (3200, np.float64(0.6620677407281553)), (3864, np.float64(0.6595446968172466)), (4441, np.float64(0.6577750098378878)), (1578, np.float64(0.6565425073065946)), (3701, np.float64(0.6551070855812346)), (3732, np.float64(0.6492498066918352))]
2026-03-09 23:08:30,589 - INFO - 
选择的种子集 (按alpha排序): [4231, 3863, 3006, 2045, 3200, 3864, 4441, 1578, 3701, 3732, 2032, 3238, 1633, 1587, 3449, 882, 2198, 4166, 2777, 2802, 3337, 2908, 3097, 3555, 3071, 782, 2379, 2158, 2798, 906, 335, 3604, 2773, 2805, 1527, 3634, 4035, 3624, 2201, 1196, 3498, 278, 1580, 225, 3869, 3917, 34, 565, 1575, 1357]

2026-03-09 23:08:30,589 - INFO - 当前用时 0.00 秒
2026-03-09 23:08:30,589 - INFO - 将种子集 写入位置: /home/wen/work/coup_spread/network.netDog/2026-3-22/seeds-with-network.netDog/log_continuous_alpha_sort_seedNum-50_SSRNum-50000.txt
2026-03-09 23:08:30,589 - INFO - 首次生成种子集 ris_optimized
2026-03-09 23:08:30,590 - INFO - 执行当前算法开始: ris_optimized
2026-03-09 23:08:30,871 - INFO - 图初始化完成，节点数: 4502，当前模式: 优化采样
2026-03-09 23:08:30,871 - INFO - 开始生成 50000 组多重RR-Set...
2026-03-09 23:08:36,926 - INFO - 生成完毕。耗时: 6.05 秒。
2026-03-09 23:08:36,936 - INFO - 开始基于多重RR集贪心选择最优种子...
2026-03-09 23:08:38,183 - INFO - 选种完毕。耗时: 1.25 秒。估算范围: 72.16
2026-03-09 23:08:38,506 - INFO - 当前用时 7.92 秒
2026-03-09 23:08:38,507 - INFO - 将种子集 写入位置: /home/wen/work/coup_spread/network.netDog/2026-3-22/seeds-with-network.netDog/log_continuous_ris_optimized_seedNum-50_SSRNum-50000.txt
2026-03-09 23:08:38,507 - INFO - 首次生成种子集 1hop_sort
2026-03-09 23:08:38,507 - INFO - 执行当前算法开始: 1hop_sort
2026-03-09 23:08:38,507 - INFO - --- Running: Teacher's 1-Hop Expected Spread Sort ---
2026-03-09 23:08:38,522 - INFO - 选出的前 5 个种子得分展示: [1.10766873 1.0743528  0.98380762 0.96337934 0.959382  ]
2026-03-09 23:08:38,522 - INFO - 当前用时 0.01 秒
2026-03-09 23:08:38,522 - INFO - 将种子集 写入位置: /home/wen/work/coup_spread/network.netDog/2026-3-22/seeds-with-network.netDog/log_continuous_1hop_sort_seedNum-50_SSRNum-50000.txt
2026-03-09 23:08:38,523 - INFO - 评估种子集: None
2026-03-09 23:08:38,523 - INFO - 多进程评估开始，共有 6 个方法待评估...
2026-03-09 23:08:38,523 - INFO - 启动进程池，Worker数量: 6
2026-03-09 23:08:39,293 - INFO - [Process 627301] 开始评估方法: random, 种子数: 50
2026-03-09 23:08:39,827 - INFO - [Process 627302] 开始评估方法: degreeTopM, 种子数: 50
2026-03-09 23:08:40,151 - INFO - [random - 种子:50] 拉新:21.8人 | 总销量:21.9单 | 品牌曝光:86.2次 | 🌟综合得分:30.4
2026-03-09 23:08:40,342 - INFO - [degreeTopM - 种子:50] 拉新:11.8人 | 总销量:11.9单 | 品牌曝光:70.0次 | 🌟综合得分:18.9
2026-03-09 23:08:40,385 - INFO - [Process 627303] 开始评估方法: pageRank, 种子数: 50
2026-03-09 23:08:40,900 - INFO - [pageRank - 种子:50] 拉新:11.9人 | 总销量:11.9单 | 品牌曝光:70.1次 | 🌟综合得分:18.9
2026-03-09 23:08:40,937 - INFO - [Process 627304] 开始评估方法: alpha_sort, 种子数: 50
2026-03-09 23:08:41,457 - INFO - [alpha_sort - 种子:50] 拉新:35.5人 | 总销量:35.6单 | 品牌曝光:70.4次 | 🌟综合得分:42.6
2026-03-09 23:08:41,494 - INFO - [Process 627305] 开始评估方法: ris_optimized, 种子数: 50
2026-03-09 23:08:42,011 - INFO - [Process 627306] 开始评估方法: 1hop_sort, 种子数: 50
2026-03-09 23:08:42,275 - INFO - [ris_optimized - 种子:50] 拉新:29.6人 | 总销量:29.6单 | 品牌曝光:82.4次 | 🌟综合得分:37.8
2026-03-09 23:08:42,631 - INFO - [1hop_sort - 种子:50] 拉新:35.5人 | 总销量:36.2单 | 品牌曝光:75.7次 | 🌟综合得分:43.4
2026-03-09 23:08:42,656 - INFO - 所有进程执行完毕，开始写入数据...
2026-03-09 23:08:42,668 - INFO - 成功写入 6 条记录至 /home/wen/work/coup_spread/gzc-impl/results/network.netDog/2026-3-22/log_continuous_SSRNum-50000-_seedNum-50_simuTimes-500.csv
2026-03-09 23:08:42,668 - INFO - 保存评估文件至: /home/wen/work/coup_spread/gzc-impl/results/network.netDog/2026-3-22/log_continuous_SSRNum-50000-_seedNum-50_simuTimes-500.csv
2026-03-09 23:08:42,678 - INFO - 加载数据集: network.netDog
2026-03-09 23:08:42,679 - INFO - --- 矩阵分析 ---
2026-03-09 23:08:42,679 - INFO - 节点数 (N): 4502
2026-03-09 23:08:42,679 - INFO - 边数 (E): 29580
2026-03-09 23:08:42,679 - INFO - 密度 (Density): 0.00145944 (越小越稀疏)
2026-03-09 23:08:42,679 - INFO - 稀疏度 (Sparsity): 0.99854056 (越接近1越稀疏)
2026-03-09 23:08:42,679 - INFO - 平均度数 (Avg Degree): 6.57
2026-03-09 23:08:42,680 - INFO - 首次生成度相关概率分布 分布类型: 'log_continuous'.
2026-03-09 23:08:42,680 - INFO - ===> Generating 'Log-Continuous' distributions for Real Graph...
2026-03-09 23:08:42,723 - INFO - 保存概率分布 文件位置: /home/wen/work/coup_spread/network.netDog/2026-3-22/distribution-in-network.netDog/distribution-log_continuous_seedNum-60.pkl
2026-03-09 23:08:42,764 - INFO - 首次生成种子集 random
2026-03-09 23:08:42,764 - INFO - 执行当前算法开始: random
2026-03-09 23:08:42,764 - INFO - 数据集节点总数:  n = 4502, m = 60
2026-03-09 23:08:42,764 - INFO - 选择 60  [682, 3743, 1213, 2491, 2258, 128, 2216, 2509, 439, 1903, 1851, 4443, 664, 3614, 1936, 1170, 838, 1090, 528, 3236, 1485, 3626, 4097, 1176, 2002, 3692, 3915, 2887, 4274, 2768, 349, 3342, 3590, 290, 2135, 2982, 2062, 271, 2915, 1191, 610, 363, 2580, 894, 2565, 1151, 2950, 2517, 179, 2582, 1386, 8, 315, 828, 1691, 3477, 3988, 2316, 3197, 3867]

2026-03-09 23:08:42,764 - INFO - 当前用时 0.00 秒
2026-03-09 23:08:42,765 - INFO - 将种子集 写入位置: /home/wen/work/coup_spread/network.netDog/2026-3-22/seeds-with-network.netDog/log_continuous_random_seedNum-60_SSRNum-50000.txt
2026-03-09 23:08:42,765 - INFO - 首次生成种子集 degreeTopM
2026-03-09 23:08:42,765 - INFO - 执行当前算法开始: degreeTopM
2026-03-09 23:08:42,765 - INFO - 依据: 选择连接数（度数）最多的节点。
2026-03-09 23:08:42,765 - INFO - 选择的 Top M 节点及其度数:
2026-03-09 23:08:42,765 - INFO - 
2026-03-09 23:08:42,765 - INFO - 当前用时 0.00 秒
2026-03-09 23:08:42,766 - INFO - 将种子集 写入位置: /home/wen/work/coup_spread/network.netDog/2026-3-22/seeds-with-network.netDog/log_continuous_degreeTopM_seedNum-60_SSRNum-50000.txt
2026-03-09 23:08:42,766 - INFO - 首次生成种子集 pageRank
2026-03-09 23:08:42,766 - INFO - 执行当前算法开始: pageRank
2026-03-09 23:08:42,766 - INFO - --- Running: PageRank (on tranProMatrix) Top M ---
2026-03-09 23:08:43,042 - INFO - Selected PageRank seeds: [79, 135, 83, 16, 45, 133, 243, 36, 33, 12, 2, 125, 4, 167, 38, 77, 19, 17, 128, 129, 62, 329, 13, 35, 294, 14, 414, 318, 162, 26, 37, 15, 93, 46, 192, 61, 164, 279, 359, 120, 693, 123, 934, 52, 755, 254, 221, 127, 107, 208, 91, 183, 264, 152, 291, 223, 141, 316, 435, 324]
2026-03-09 23:08:43,043 - INFO - 当前用时 0.28 秒
2026-03-09 23:08:43,043 - INFO - 将种子集 写入位置: /home/wen/work/coup_spread/network.netDog/2026-3-22/seeds-with-network.netDog/log_continuous_pageRank_seedNum-60_SSRNum-50000.txt
2026-03-09 23:08:43,043 - INFO - 首次生成种子集 alpha_sort
2026-03-09 23:08:43,043 - INFO - 执行当前算法开始: alpha_sort
2026-03-09 23:08:43,045 - INFO - 4502 个节点的alpha值降序排序 done
2026-03-09 23:08:43,046 - INFO - ==============>> [(3693, np.float64(0.6809954090458157)), (1637, np.float64(0.6724955192734123)), (4086, np.float64(0.6709721741080789)), (3965, np.float64(0.6615914716033162)), (3885, np.float64(0.6609140156561224)), (2777, np.float64(0.6578612090482806)), (887, np.float64(0.6571295897530357)), (2773, np.float64(0.6569285606468238)), (1956, np.float64(0.6562036189231196)), (788, np.float64(0.6510436431416708))]
2026-03-09 23:08:43,046 - INFO - 
选择的种子集 (按alpha排序): [3693, 1637, 4086, 3965, 3885, 2777, 887, 2773, 1956, 788, 684, 2492, 3738, 2885, 3066, 1989, 1866, 827, 767, 2103, 4315, 4386, 4377, 2262, 3129, 3664, 4310, 3269, 3380, 2843, 1579, 2252, 476, 4289, 930, 2902, 1536, 3819, 2708, 580, 3289, 528, 3844, 4038, 3557, 1321, 983, 56, 1788, 952, 1019, 4355, 2348, 460, 4065, 3852, 4320, 2838, 3415, 947]

2026-03-09 23:08:43,046 - INFO - 当前用时 0.00 秒
2026-03-09 23:08:43,046 - INFO - 将种子集 写入位置: /home/wen/work/coup_spread/network.netDog/2026-3-22/seeds-with-network.netDog/log_continuous_alpha_sort_seedNum-60_SSRNum-50000.txt
2026-03-09 23:08:43,046 - INFO - 首次生成种子集 ris_optimized
2026-03-09 23:08:43,046 - INFO - 执行当前算法开始: ris_optimized
2026-03-09 23:08:43,298 - INFO - 图初始化完成，节点数: 4502，当前模式: 优化采样
2026-03-09 23:08:43,298 - INFO - 开始生成 50000 组多重RR-Set...
2026-03-09 23:08:49,048 - INFO - 生成完毕。耗时: 5.75 秒。
2026-03-09 23:08:49,062 - INFO - 开始基于多重RR集贪心选择最优种子...
2026-03-09 23:08:52,355 - INFO - 选种完毕。耗时: 3.29 秒。估算范围: 86.30
2026-03-09 23:08:52,883 - INFO - 当前用时 9.84 秒
2026-03-09 23:08:52,884 - INFO - 将种子集 写入位置: /home/wen/work/coup_spread/network.netDog/2026-3-22/seeds-with-network.netDog/log_continuous_ris_optimized_seedNum-60_SSRNum-50000.txt
2026-03-09 23:08:52,884 - INFO - 首次生成种子集 1hop_sort
2026-03-09 23:08:52,884 - INFO - 执行当前算法开始: 1hop_sort
2026-03-09 23:08:52,884 - INFO - --- Running: Teacher's 1-Hop Expected Spread Sort ---
2026-03-09 23:08:52,899 - INFO - 选出的前 5 个种子得分展示: [1.00571695 0.99769937 0.99389647 0.98449166 0.95491589]
2026-03-09 23:08:52,900 - INFO - 当前用时 0.02 秒
2026-03-09 23:08:52,900 - INFO - 将种子集 写入位置: /home/wen/work/coup_spread/network.netDog/2026-3-22/seeds-with-network.netDog/log_continuous_1hop_sort_seedNum-60_SSRNum-50000.txt
2026-03-09 23:08:52,901 - INFO - 评估种子集: None
2026-03-09 23:08:52,901 - INFO - 多进程评估开始，共有 6 个方法待评估...
2026-03-09 23:08:52,901 - INFO - 启动进程池，Worker数量: 6
2026-03-09 23:08:53,642 - INFO - [Process 627533] 开始评估方法: random, 种子数: 60
2026-03-09 23:08:54,222 - INFO - [Process 627534] 开始评估方法: degreeTopM, 种子数: 60
2026-03-09 23:08:54,612 - INFO - [random - 种子:60] 拉新:28.4人 | 总销量:28.5单 | 品牌曝光:98.5次 | 🌟综合得分:38.3
2026-03-09 23:08:54,773 - INFO - [Process 627535] 开始评估方法: pageRank, 种子数: 60
2026-03-09 23:08:54,882 - INFO - [degreeTopM - 种子:60] 拉新:13.2人 | 总销量:13.3单 | 品牌曝光:84.5次 | 🌟综合得分:21.7
2026-03-09 23:08:55,332 - INFO - [Process 627536] 开始评估方法: alpha_sort, 种子数: 60
2026-03-09 23:08:55,413 - INFO - [pageRank - 种子:60] 拉新:13.5人 | 总销量:13.6单 | 品牌曝光:84.7次 | 🌟综合得分:22.0
2026-03-09 23:08:55,885 - INFO - [Process 627537] 开始评估方法: ris_optimized, 种子数: 60
2026-03-09 23:08:55,973 - INFO - [alpha_sort - 种子:60] 拉新:42.4人 | 总销量:42.4单 | 品牌曝光:85.5次 | 🌟综合得分:50.9
2026-03-09 23:08:56,439 - INFO - [Process 627538] 开始评估方法: 1hop_sort, 种子数: 60
2026-03-09 23:08:56,834 - INFO - [ris_optimized - 种子:60] 拉新:35.7人 | 总销量:35.7单 | 品牌曝光:98.4次 | 🌟综合得分:45.6
2026-03-09 23:08:57,193 - INFO - [1hop_sort - 种子:60] 拉新:42.1人 | 总销量:43.1单 | 品牌曝光:91.9次 | 🌟综合得分:51.8
2026-03-09 23:08:57,216 - INFO - 所有进程执行完毕，开始写入数据...
2026-03-09 23:08:57,232 - INFO - 成功写入 6 条记录至 /home/wen/work/coup_spread/gzc-impl/results/network.netDog/2026-3-22/log_continuous_SSRNum-50000-_seedNum-60_simuTimes-500.csv
2026-03-09 23:08:57,233 - INFO - 保存评估文件至: /home/wen/work/coup_spread/gzc-impl/results/network.netDog/2026-3-22/log_continuous_SSRNum-50000-_seedNum-60_simuTimes-500.csv
2026-03-09 23:08:57,243 - INFO - 加载数据集: network.netDog
2026-03-09 23:08:57,244 - INFO - --- 矩阵分析 ---
2026-03-09 23:08:57,244 - INFO - 节点数 (N): 4502
2026-03-09 23:08:57,244 - INFO - 边数 (E): 29580
2026-03-09 23:08:57,245 - INFO - 密度 (Density): 0.00145944 (越小越稀疏)
2026-03-09 23:08:57,245 - INFO - 稀疏度 (Sparsity): 0.99854056 (越接近1越稀疏)
2026-03-09 23:08:57,245 - INFO - 平均度数 (Avg Degree): 6.57
2026-03-09 23:08:57,246 - INFO - 首次生成度相关概率分布 分布类型: 'log_continuous'.
2026-03-09 23:08:57,246 - INFO - ===> Generating 'Log-Continuous' distributions for Real Graph...
2026-03-09 23:08:57,289 - INFO - 保存概率分布 文件位置: /home/wen/work/coup_spread/network.netDog/2026-3-22/distribution-in-network.netDog/distribution-log_continuous_seedNum-70.pkl
2026-03-09 23:08:57,330 - INFO - 首次生成种子集 random
2026-03-09 23:08:57,330 - INFO - 执行当前算法开始: random
2026-03-09 23:08:57,330 - INFO - 数据集节点总数:  n = 4502, m = 70
2026-03-09 23:08:57,330 - INFO - 选择 70  [3344, 1133, 896, 208, 1298, 2107, 1856, 1029, 4187, 2408, 2780, 1892, 331, 1468, 1369, 4233, 809, 472, 4119, 2984, 3716, 3221, 881, 2860, 4092, 2011, 1048, 2949, 4458, 304, 3929, 4441, 4416, 4062, 205, 4198, 2850, 754, 2893, 3251, 680, 849, 687, 4205, 1599, 1722, 34, 2318, 220, 962, 4498, 1937, 3590, 4115, 3836, 3480, 3162, 3748, 46, 756, 2062, 3176, 1326, 1983, 4356, 1766, 2554, 3593, 4262, 2241]

2026-03-09 23:08:57,330 - INFO - 当前用时 0.00 秒
2026-03-09 23:08:57,330 - INFO - 将种子集 写入位置: /home/wen/work/coup_spread/network.netDog/2026-3-22/seeds-with-network.netDog/log_continuous_random_seedNum-70_SSRNum-50000.txt
2026-03-09 23:08:57,330 - INFO - 首次生成种子集 degreeTopM
2026-03-09 23:08:57,331 - INFO - 执行当前算法开始: degreeTopM
2026-03-09 23:08:57,331 - INFO - 依据: 选择连接数（度数）最多的节点。
2026-03-09 23:08:57,331 - INFO - 选择的 Top M 节点及其度数:
2026-03-09 23:08:57,331 - INFO - 
2026-03-09 23:08:57,331 - INFO - 当前用时 0.00 秒
2026-03-09 23:08:57,331 - INFO - 将种子集 写入位置: /home/wen/work/coup_spread/network.netDog/2026-3-22/seeds-with-network.netDog/log_continuous_degreeTopM_seedNum-70_SSRNum-50000.txt
2026-03-09 23:08:57,332 - INFO - 首次生成种子集 pageRank
2026-03-09 23:08:57,332 - INFO - 执行当前算法开始: pageRank
2026-03-09 23:08:57,332 - INFO - --- Running: PageRank (on tranProMatrix) Top M ---
2026-03-09 23:08:57,602 - INFO - Selected PageRank seeds: [79, 135, 83, 16, 45, 133, 243, 36, 33, 12, 2, 125, 4, 167, 38, 77, 19, 17, 128, 129, 62, 329, 13, 35, 294, 14, 414, 318, 162, 26, 37, 15, 93, 46, 192, 61, 164, 279, 359, 120, 693, 123, 934, 52, 755, 254, 221, 127, 107, 208, 91, 183, 264, 152, 291, 223, 141, 316, 435, 324, 98, 44, 632, 8, 207, 681, 1157, 405, 104, 142]
2026-03-09 23:08:57,602 - INFO - 当前用时 0.27 秒
2026-03-09 23:08:57,602 - INFO - 将种子集 写入位置: /home/wen/work/coup_spread/network.netDog/2026-3-22/seeds-with-network.netDog/log_continuous_pageRank_seedNum-70_SSRNum-50000.txt
2026-03-09 23:08:57,602 - INFO - 首次生成种子集 alpha_sort
2026-03-09 23:08:57,602 - INFO - 执行当前算法开始: alpha_sort
2026-03-09 23:08:57,604 - INFO - 4502 个节点的alpha值降序排序 done
2026-03-09 23:08:57,605 - INFO - ==============>> [(4280, np.float64(0.7173967814174897)), (3348, np.float64(0.7076377957796761)), (1661, np.float64(0.6705125755288858)), (1877, np.float64(0.6584916627994044)), (2230, np.float64(0.6560518190273964)), (765, np.float64(0.6465217756284191)), (344, np.float64(0.6441597745143)), (2731, np.float64(0.6436082364259706)), (3752, np.float64(0.6427870305360711)), (4189, np.float64(0.6423505928920431))]
2026-03-09 23:08:57,605 - INFO - 
选择的种子集 (按alpha排序): [4280, 3348, 1661, 1877, 2230, 765, 344, 2731, 3752, 4189, 3347, 3621, 4344, 1475, 2261, 3835, 2645, 222, 1741, 2856, 3778, 4134, 4305, 3722, 3230, 4416, 3791, 4252, 584, 1354, 3949, 3989, 4017, 1546, 1216, 2868, 4399, 512, 3448, 1189, 3561, 226, 3732, 1279, 3551, 1964, 3204, 3295, 2115, 31, 2431, 4485, 927, 2586, 1898, 3076, 1304, 1565, 3781, 30, 4093, 2616, 3289, 2777, 3970, 1945, 604, 3184, 3021, 3668]

2026-03-09 23:08:57,605 - INFO - 当前用时 0.00 秒
2026-03-09 23:08:57,605 - INFO - 将种子集 写入位置: /home/wen/work/coup_spread/network.netDog/2026-3-22/seeds-with-network.netDog/log_continuous_alpha_sort_seedNum-70_SSRNum-50000.txt
2026-03-09 23:08:57,605 - INFO - 首次生成种子集 ris_optimized
2026-03-09 23:08:57,605 - INFO - 执行当前算法开始: ris_optimized
2026-03-09 23:08:57,836 - INFO - 图初始化完成，节点数: 4502，当前模式: 优化采样
2026-03-09 23:08:57,836 - INFO - 开始生成 50000 组多重RR-Set...
2026-03-09 23:09:04,524 - INFO - 生成完毕。耗时: 6.69 秒。
2026-03-09 23:09:04,532 - INFO - 开始基于多重RR集贪心选择最优种子...
2026-03-09 23:09:08,202 - INFO - 选种完毕。耗时: 3.67 秒。估算范围: 101.25
2026-03-09 23:09:08,794 - INFO - 当前用时 11.19 秒
2026-03-09 23:09:08,795 - INFO - 将种子集 写入位置: /home/wen/work/coup_spread/network.netDog/2026-3-22/seeds-with-network.netDog/log_continuous_ris_optimized_seedNum-70_SSRNum-50000.txt
2026-03-09 23:09:08,796 - INFO - 首次生成种子集 1hop_sort
2026-03-09 23:09:08,796 - INFO - 执行当前算法开始: 1hop_sort
2026-03-09 23:09:08,796 - INFO - --- Running: Teacher's 1-Hop Expected Spread Sort ---
2026-03-09 23:09:08,812 - INFO - 选出的前 5 个种子得分展示: [1.00021951 0.98416963 0.94932411 0.94131345 0.93173746]
2026-03-09 23:09:08,812 - INFO - 当前用时 0.02 秒
2026-03-09 23:09:08,813 - INFO - 将种子集 写入位置: /home/wen/work/coup_spread/network.netDog/2026-3-22/seeds-with-network.netDog/log_continuous_1hop_sort_seedNum-70_SSRNum-50000.txt
2026-03-09 23:09:08,814 - INFO - 评估种子集: None
2026-03-09 23:09:08,814 - INFO - 多进程评估开始，共有 6 个方法待评估...
2026-03-09 23:09:08,814 - INFO - 启动进程池，Worker数量: 6
2026-03-09 23:09:09,563 - INFO - [Process 627805] 开始评估方法: random, 种子数: 70
2026-03-09 23:09:10,123 - INFO - [Process 627806] 开始评估方法: degreeTopM, 种子数: 70
2026-03-09 23:09:10,717 - INFO - [Process 627807] 开始评估方法: pageRank, 种子数: 70
2026-03-09 23:09:10,777 - INFO - [random - 种子:70] 拉新:31.8人 | 总销量:31.9单 | 品牌曝光:118.9次 | 🌟综合得分:43.8
2026-03-09 23:09:10,842 - INFO - [degreeTopM - 种子:70] 拉新:16.6人 | 总销量:16.7单 | 品牌曝光:96.5次 | 🌟综合得分:26.3
2026-03-09 23:09:11,275 - INFO - [Process 627808] 开始评估方法: alpha_sort, 种子数: 70
2026-03-09 23:09:11,425 - INFO - [pageRank - 种子:70] 拉新:16.8人 | 总销量:17.0单 | 品牌曝光:96.7次 | 🌟综合得分:26.6
2026-03-09 23:09:11,831 - INFO - [Process 627809] 开始评估方法: ris_optimized, 种子数: 70
2026-03-09 23:09:12,062 - INFO - [alpha_sort - 种子:70] 拉新:48.6人 | 总销量:48.6单 | 品牌曝光:100.0次 | 🌟综合得分:58.6
2026-03-09 23:09:12,388 - INFO - [Process 627811] 开始评估方法: 1hop_sort, 种子数: 70
2026-03-09 23:09:12,941 - INFO - [ris_optimized - 种子:70] 拉新:42.3人 | 总销量:42.4单 | 品牌曝光:116.5次 | 🌟综合得分:54.0
2026-03-09 23:09:13,259 - INFO - [1hop_sort - 种子:70] 拉新:48.6人 | 总销量:49.2单 | 品牌曝光:106.3次 | 🌟综合得分:59.5
2026-03-09 23:09:13,285 - INFO - 所有进程执行完毕，开始写入数据...
2026-03-09 23:09:13,299 - INFO - 成功写入 6 条记录至 /home/wen/work/coup_spread/gzc-impl/results/network.netDog/2026-3-22/log_continuous_SSRNum-50000-_seedNum-70_simuTimes-500.csv
2026-03-09 23:09:13,299 - INFO - 保存评估文件至: /home/wen/work/coup_spread/gzc-impl/results/network.netDog/2026-3-22/log_continuous_SSRNum-50000-_seedNum-70_simuTimes-500.csv
2026-03-09 23:09:13,309 - INFO - 加载数据集: network.netDog
2026-03-09 23:09:13,310 - INFO - --- 矩阵分析 ---
2026-03-09 23:09:13,310 - INFO - 节点数 (N): 4502
2026-03-09 23:09:13,310 - INFO - 边数 (E): 29580
2026-03-09 23:09:13,310 - INFO - 密度 (Density): 0.00145944 (越小越稀疏)
2026-03-09 23:09:13,310 - INFO - 稀疏度 (Sparsity): 0.99854056 (越接近1越稀疏)
2026-03-09 23:09:13,310 - INFO - 平均度数 (Avg Degree): 6.57
2026-03-09 23:09:13,311 - INFO - 首次生成度相关概率分布 分布类型: 'log_continuous'.
2026-03-09 23:09:13,311 - INFO - ===> Generating 'Log-Continuous' distributions for Real Graph...
2026-03-09 23:09:13,353 - INFO - 保存概率分布 文件位置: /home/wen/work/coup_spread/network.netDog/2026-3-22/distribution-in-network.netDog/distribution-log_continuous_seedNum-80.pkl
2026-03-09 23:09:13,392 - INFO - 首次生成种子集 random
2026-03-09 23:09:13,393 - INFO - 执行当前算法开始: random
2026-03-09 23:09:13,393 - INFO - 数据集节点总数:  n = 4502, m = 80
2026-03-09 23:09:13,393 - INFO - 选择 80  [1376, 3098, 2307, 2819, 998, 4077, 2319, 149, 1382, 892, 1238, 44, 4204, 3055, 875, 1787, 2179, 2948, 4279, 167, 310, 4172, 273, 4237, 3954, 202, 1397, 1402, 3665, 87, 337, 495, 2676, 1905, 1099, 1632, 2725, 1685, 3871, 1786, 2848, 682, 157, 2673, 3137, 953, 2112, 224, 3249, 4486, 64, 718, 2147, 2153, 4208, 3293, 3334, 170, 3377, 762, 2598, 474, 3296, 3939, 248, 2501, 1073, 3526, 4185, 1108, 466, 430, 4417, 2968, 1523, 3066, 2146, 4194, 4461, 3368]

2026-03-09 23:09:13,393 - INFO - 当前用时 0.00 秒
2026-03-09 23:09:13,393 - INFO - 将种子集 写入位置: /home/wen/work/coup_spread/network.netDog/2026-3-22/seeds-with-network.netDog/log_continuous_random_seedNum-80_SSRNum-50000.txt
2026-03-09 23:09:13,393 - INFO - 首次生成种子集 degreeTopM
2026-03-09 23:09:13,393 - INFO - 执行当前算法开始: degreeTopM
2026-03-09 23:09:13,393 - INFO - 依据: 选择连接数（度数）最多的节点。
2026-03-09 23:09:13,394 - INFO - 选择的 Top M 节点及其度数:
2026-03-09 23:09:13,394 - INFO - 
2026-03-09 23:09:13,394 - INFO - 当前用时 0.00 秒
2026-03-09 23:09:13,394 - INFO - 将种子集 写入位置: /home/wen/work/coup_spread/network.netDog/2026-3-22/seeds-with-network.netDog/log_continuous_degreeTopM_seedNum-80_SSRNum-50000.txt
2026-03-09 23:09:13,394 - INFO - 首次生成种子集 pageRank
2026-03-09 23:09:13,394 - INFO - 执行当前算法开始: pageRank
2026-03-09 23:09:13,394 - INFO - --- Running: PageRank (on tranProMatrix) Top M ---
2026-03-09 23:09:13,663 - INFO - Selected PageRank seeds: [79, 135, 83, 16, 45, 133, 243, 36, 33, 12, 2, 125, 4, 167, 38, 77, 19, 17, 128, 129, 62, 329, 13, 35, 294, 14, 414, 318, 162, 26, 37, 15, 93, 46, 192, 61, 164, 279, 359, 120, 693, 123, 934, 52, 755, 254, 221, 127, 107, 208, 91, 183, 264, 152, 291, 223, 141, 316, 435, 324, 98, 44, 632, 8, 207, 681, 1157, 405, 104, 142, 150, 263, 916, 169, 583, 237, 261, 228, 1080, 526]
2026-03-09 23:09:13,664 - INFO - 当前用时 0.27 秒
2026-03-09 23:09:13,664 - INFO - 将种子集 写入位置: /home/wen/work/coup_spread/network.netDog/2026-3-22/seeds-with-network.netDog/log_continuous_pageRank_seedNum-80_SSRNum-50000.txt
2026-03-09 23:09:13,664 - INFO - 首次生成种子集 alpha_sort
2026-03-09 23:09:13,664 - INFO - 执行当前算法开始: alpha_sort
2026-03-09 23:09:13,666 - INFO - 4502 个节点的alpha值降序排序 done
2026-03-09 23:09:13,666 - INFO - ==============>> [(3751, np.float64(0.6878819776964084)), (1515, np.float64(0.6534645707828736)), (4216, np.float64(0.6460092348649175)), (3489, np.float64(0.6394954052179156)), (4092, np.float64(0.6377968622195507)), (4316, np.float64(0.6328586724755829)), (2454, np.float64(0.6268987395830721)), (1696, np.float64(0.6265730136100336)), (3732, np.float64(0.6263087460953822)), (950, np.float64(0.6198312267159232))]
2026-03-09 23:09:13,666 - INFO - 
选择的种子集 (按alpha排序): [3751, 1515, 4216, 3489, 4092, 4316, 2454, 1696, 3732, 950, 3021, 2857, 4254, 1071, 740, 4430, 4128, 1351, 3613, 3948, 590, 1342, 1848, 1068, 2670, 175, 977, 1849, 1872, 820, 1336, 1687, 2179, 2605, 3672, 836, 2038, 2514, 3124, 4250, 2185, 2526, 3102, 1033, 1917, 2238, 1715, 1734, 2820, 3256, 4437, 947, 57, 945, 2975, 1211, 4045, 3758, 1383, 3684, 4074, 10, 80, 300, 1138, 3774, 1929, 3249, 1722, 1920, 3040, 2553, 4422, 2048, 2895, 847, 1596, 1881, 2658, 216]

2026-03-09 23:09:13,666 - INFO - 当前用时 0.00 秒
2026-03-09 23:09:13,667 - INFO - 将种子集 写入位置: /home/wen/work/coup_spread/network.netDog/2026-3-22/seeds-with-network.netDog/log_continuous_alpha_sort_seedNum-80_SSRNum-50000.txt
2026-03-09 23:09:13,667 - INFO - 首次生成种子集 ris_optimized
2026-03-09 23:09:13,667 - INFO - 执行当前算法开始: ris_optimized
2026-03-09 23:09:13,895 - INFO - 图初始化完成，节点数: 4502，当前模式: 优化采样
2026-03-09 23:09:13,895 - INFO - 开始生成 50000 组多重RR-Set...
2026-03-09 23:09:21,218 - INFO - 生成完毕。耗时: 7.32 秒。
2026-03-09 23:09:21,225 - INFO - 开始基于多重RR集贪心选择最优种子...
2026-03-09 23:09:23,103 - INFO - 选种完毕。耗时: 1.88 秒。估算范围: 114.48
2026-03-09 23:09:23,519 - INFO - 当前用时 9.85 秒
2026-03-09 23:09:23,520 - INFO - 将种子集 写入位置: /home/wen/work/coup_spread/network.netDog/2026-3-22/seeds-with-network.netDog/log_continuous_ris_optimized_seedNum-80_SSRNum-50000.txt
2026-03-09 23:09:23,520 - INFO - 首次生成种子集 1hop_sort
2026-03-09 23:09:23,520 - INFO - 执行当前算法开始: 1hop_sort
2026-03-09 23:09:23,520 - INFO - --- Running: Teacher's 1-Hop Expected Spread Sort ---
2026-03-09 23:09:23,535 - INFO - 选出的前 5 个种子得分展示: [0.98516691 0.97415911 0.9588218  0.95766304 0.95222021]
2026-03-09 23:09:23,535 - INFO - 当前用时 0.01 秒
2026-03-09 23:09:23,535 - INFO - 将种子集 写入位置: /home/wen/work/coup_spread/network.netDog/2026-3-22/seeds-with-network.netDog/log_continuous_1hop_sort_seedNum-80_SSRNum-50000.txt
2026-03-09 23:09:23,536 - INFO - 评估种子集: None
2026-03-09 23:09:23,536 - INFO - 多进程评估开始，共有 6 个方法待评估...
2026-03-09 23:09:23,536 - INFO - 启动进程池，Worker数量: 6
2026-03-09 23:09:24,285 - INFO - [Process 628043] 开始评估方法: random, 种子数: 80
2026-03-09 23:09:24,849 - INFO - [Process 628044] 开始评估方法: degreeTopM, 种子数: 80
2026-03-09 23:09:25,389 - INFO - [Process 628045] 开始评估方法: pageRank, 种子数: 80
2026-03-09 23:09:25,726 - INFO - [degreeTopM - 种子:80] 拉新:18.9人 | 总销量:19.0单 | 品牌曝光:111.9次 | 🌟综合得分:30.2
2026-03-09 23:09:25,728 - INFO - [random - 种子:80] 拉新:35.8人 | 总销量:36.0单 | 品牌曝光:135.6次 | 🌟综合得分:49.5
2026-03-09 23:09:25,949 - INFO - [Process 628046] 开始评估方法: alpha_sort, 种子数: 80
2026-03-09 23:09:26,253 - INFO - [pageRank - 种子:80] 拉新:18.8人 | 总销量:19.0单 | 品牌曝光:112.3次 | 🌟综合得分:30.1
2026-03-09 23:09:26,501 - INFO - [Process 628047] 开始评估方法: ris_optimized, 种子数: 80
2026-03-09 23:09:26,913 - INFO - [alpha_sort - 种子:80] 拉新:54.8人 | 总销量:54.9单 | 品牌曝光:116.1次 | 🌟综合得分:66.5
2026-03-09 23:09:27,039 - INFO - [Process 628048] 开始评估方法: 1hop_sort, 种子数: 80
2026-03-09 23:09:27,789 - INFO - [ris_optimized - 种子:80] 拉新:49.1人 | 总销量:49.3单 | 品牌曝光:132.4次 | 🌟综合得分:62.4
2026-03-09 23:09:28,212 - INFO - [1hop_sort - 种子:80] 拉新:55.9人 | 总销量:57.1单 | 品牌曝光:125.3次 | 🌟综合得分:69.0
2026-03-09 23:09:28,240 - INFO - 所有进程执行完毕，开始写入数据...
2026-03-09 23:09:28,249 - INFO - 成功写入 6 条记录至 /home/wen/work/coup_spread/gzc-impl/results/network.netDog/2026-3-22/log_continuous_SSRNum-50000-_seedNum-80_simuTimes-500.csv
2026-03-09 23:09:28,250 - INFO - 保存评估文件至: /home/wen/work/coup_spread/gzc-impl/results/network.netDog/2026-3-22/log_continuous_SSRNum-50000-_seedNum-80_simuTimes-500.csv
2026-03-09 23:09:28,266 - INFO - 加载数据集: network.netDog
2026-03-09 23:09:28,267 - INFO - --- 矩阵分析 ---
2026-03-09 23:09:28,267 - INFO - 节点数 (N): 4502
2026-03-09 23:09:28,267 - INFO - 边数 (E): 29580
2026-03-09 23:09:28,267 - INFO - 密度 (Density): 0.00145944 (越小越稀疏)
2026-03-09 23:09:28,267 - INFO - 稀疏度 (Sparsity): 0.99854056 (越接近1越稀疏)
2026-03-09 23:09:28,267 - INFO - 平均度数 (Avg Degree): 6.57
2026-03-09 23:09:28,268 - INFO - 首次生成度相关概率分布 分布类型: 'log_continuous'.
2026-03-09 23:09:28,268 - INFO - ===> Generating 'Log-Continuous' distributions for Real Graph...
2026-03-09 23:09:28,309 - INFO - 保存概率分布 文件位置: /home/wen/work/coup_spread/network.netDog/2026-3-22/distribution-in-network.netDog/distribution-log_continuous_seedNum-90.pkl
2026-03-09 23:09:28,348 - INFO - 首次生成种子集 random
2026-03-09 23:09:28,348 - INFO - 执行当前算法开始: random
2026-03-09 23:09:28,348 - INFO - 数据集节点总数:  n = 4502, m = 90
2026-03-09 23:09:28,348 - INFO - 选择 90  [1178, 58, 3274, 2744, 3911, 4358, 2365, 1498, 304, 1175, 675, 1241, 2949, 2946, 1526, 679, 701, 4109, 3802, 444, 184, 4444, 2650, 722, 683, 2464, 568, 365, 3991, 3797, 2767, 454, 4331, 2879, 2759, 2288, 3675, 118, 1521, 3114, 2069, 3803, 1479, 3953, 2854, 1748, 3997, 1983, 1475, 1889, 1871, 2616, 1077, 1805, 2783, 2128, 697, 2375, 3280, 1763, 1218, 3643, 777, 3941, 4387, 2838, 4157, 4129, 2228, 3917, 2374, 4477, 667, 2108, 4307, 550, 2883, 3400, 4333, 4317, 3638, 2555, 274, 1024, 2163, 2734, 4185, 700, 126, 2332]

2026-03-09 23:09:28,348 - INFO - 当前用时 0.00 秒
2026-03-09 23:09:28,349 - INFO - 将种子集 写入位置: /home/wen/work/coup_spread/network.netDog/2026-3-22/seeds-with-network.netDog/log_continuous_random_seedNum-90_SSRNum-50000.txt
2026-03-09 23:09:28,349 - INFO - 首次生成种子集 degreeTopM
2026-03-09 23:09:28,349 - INFO - 执行当前算法开始: degreeTopM
2026-03-09 23:09:28,349 - INFO - 依据: 选择连接数（度数）最多的节点。
2026-03-09 23:09:28,349 - INFO - 选择的 Top M 节点及其度数:
2026-03-09 23:09:28,349 - INFO - 
2026-03-09 23:09:28,349 - INFO - 当前用时 0.00 秒
2026-03-09 23:09:28,350 - INFO - 将种子集 写入位置: /home/wen/work/coup_spread/network.netDog/2026-3-22/seeds-with-network.netDog/log_continuous_degreeTopM_seedNum-90_SSRNum-50000.txt
2026-03-09 23:09:28,350 - INFO - 首次生成种子集 pageRank
2026-03-09 23:09:28,350 - INFO - 执行当前算法开始: pageRank
2026-03-09 23:09:28,350 - INFO - --- Running: PageRank (on tranProMatrix) Top M ---
2026-03-09 23:09:28,614 - INFO - Selected PageRank seeds: [79, 135, 83, 16, 45, 133, 243, 36, 33, 12, 2, 125, 4, 167, 38, 77, 19, 17, 128, 129, 62, 329, 13, 35, 294, 14, 414, 318, 162, 26, 37, 15, 93, 46, 192, 61, 164, 279, 359, 120, 693, 123, 934, 52, 755, 254, 221, 127, 107, 208, 91, 183, 264, 152, 291, 223, 141, 316, 435, 324, 98, 44, 632, 8, 207, 681, 1157, 405, 104, 142, 150, 263, 916, 169, 583, 237, 261, 228, 1080, 526, 440, 165, 274, 22, 832, 811, 224, 292, 273, 564]
2026-03-09 23:09:28,614 - INFO - 当前用时 0.26 秒
2026-03-09 23:09:28,615 - INFO - 将种子集 写入位置: /home/wen/work/coup_spread/network.netDog/2026-3-22/seeds-with-network.netDog/log_continuous_pageRank_seedNum-90_SSRNum-50000.txt
2026-03-09 23:09:28,615 - INFO - 首次生成种子集 alpha_sort
2026-03-09 23:09:28,615 - INFO - 执行当前算法开始: alpha_sort
2026-03-09 23:09:28,617 - INFO - 4502 个节点的alpha值降序排序 done
2026-03-09 23:09:28,617 - INFO - ==============>> [(4090, np.float64(0.6763018565100795)), (4091, np.float64(0.667344002729729)), (3966, np.float64(0.6517508413397358)), (3967, np.float64(0.6477677892037073)), (1102, np.float64(0.6374439492323644)), (3491, np.float64(0.6369318508777085)), (2292, np.float64(0.6338121733452817)), (2815, np.float64(0.6325536320370817)), (3483, np.float64(0.6299151044488227)), (153, np.float64(0.6280718760892071))]
2026-03-09 23:09:28,617 - INFO - 
选择的种子集 (按alpha排序): [4090, 4091, 3966, 3967, 1102, 3491, 2292, 2815, 3483, 153, 926, 1693, 4327, 2968, 4120, 974, 1915, 2924, 614, 3039, 3179, 2408, 4067, 3291, 551, 4174, 204, 3651, 808, 3996, 835, 2695, 3130, 2777, 4268, 3981, 2699, 178, 2943, 2171, 3205, 3394, 2574, 4123, 1639, 4458, 4191, 3271, 3418, 3509, 3513, 2712, 2953, 1397, 2024, 2304, 3891, 750, 455, 4220, 2471, 2420, 4281, 2668, 2796, 4446, 446, 2306, 2958, 2138, 4405, 4494, 1480, 3107, 3901, 3729, 3366, 966, 528, 4262, 3201, 2582, 4187, 4215, 2331, 3094, 3775, 3602, 206, 1820]

2026-03-09 23:09:28,617 - INFO - 当前用时 0.00 秒
2026-03-09 23:09:28,617 - INFO - 将种子集 写入位置: /home/wen/work/coup_spread/network.netDog/2026-3-22/seeds-with-network.netDog/log_continuous_alpha_sort_seedNum-90_SSRNum-50000.txt
2026-03-09 23:09:28,618 - INFO - 首次生成种子集 ris_optimized
2026-03-09 23:09:28,618 - INFO - 执行当前算法开始: ris_optimized
2026-03-09 23:09:28,845 - INFO - 图初始化完成，节点数: 4502，当前模式: 优化采样
2026-03-09 23:09:28,845 - INFO - 开始生成 50000 组多重RR-Set...
2026-03-09 23:09:38,220 - INFO - 生成完毕。耗时: 9.37 秒。
2026-03-09 23:09:38,227 - INFO - 开始基于多重RR集贪心选择最优种子...
2026-03-09 23:09:40,411 - INFO - 选种完毕。耗时: 2.18 秒。估算范围: 129.34
2026-03-09 23:09:40,837 - INFO - 当前用时 12.22 秒
2026-03-09 23:09:40,838 - INFO - 将种子集 写入位置: /home/wen/work/coup_spread/network.netDog/2026-3-22/seeds-with-network.netDog/log_continuous_ris_optimized_seedNum-90_SSRNum-50000.txt
2026-03-09 23:09:40,838 - INFO - 首次生成种子集 1hop_sort
2026-03-09 23:09:40,838 - INFO - 执行当前算法开始: 1hop_sort
2026-03-09 23:09:40,838 - INFO - --- Running: Teacher's 1-Hop Expected Spread Sort ---
2026-03-09 23:09:40,853 - INFO - 选出的前 5 个种子得分展示: [1.05514142 1.01993373 1.00771512 0.98311342 0.96022338]
2026-03-09 23:09:40,853 - INFO - 当前用时 0.02 秒
2026-03-09 23:09:40,853 - INFO - 将种子集 写入位置: /home/wen/work/coup_spread/network.netDog/2026-3-22/seeds-with-network.netDog/log_continuous_1hop_sort_seedNum-90_SSRNum-50000.txt
2026-03-09 23:09:40,854 - INFO - 评估种子集: None
2026-03-09 23:09:40,855 - INFO - 多进程评估开始，共有 6 个方法待评估...
2026-03-09 23:09:40,855 - INFO - 启动进程池，Worker数量: 6
2026-03-09 23:09:41,628 - INFO - [Process 628333] 开始评估方法: random, 种子数: 90
2026-03-09 23:09:42,189 - INFO - [Process 628334] 开始评估方法: degreeTopM, 种子数: 90
2026-03-09 23:09:42,762 - INFO - [Process 628335] 开始评估方法: pageRank, 种子数: 90
2026-03-09 23:09:43,148 - INFO - [degreeTopM - 种子:90] 拉新:19.7人 | 总销量:19.9单 | 品牌曝光:125.7次 | 🌟综合得分:32.3
2026-03-09 23:09:43,168 - INFO - [random - 种子:90] 拉新:40.6人 | 总销量:40.7单 | 品牌曝光:152.2次 | 🌟综合得分:55.9
2026-03-09 23:09:43,341 - INFO - [Process 628336] 开始评估方法: alpha_sort, 种子数: 90
2026-03-09 23:09:43,728 - INFO - [pageRank - 种子:90] 拉新:20.3人 | 总销量:20.4单 | 品牌曝光:126.3次 | 🌟综合得分:33.0
2026-03-09 23:09:43,916 - INFO - [Process 628337] 开始评估方法: ris_optimized, 种子数: 90
2026-03-09 23:09:44,360 - INFO - [alpha_sort - 种子:90] 拉新:60.6人 | 总销量:60.6单 | 品牌曝光:129.4次 | 🌟综合得分:73.5
2026-03-09 23:09:44,483 - INFO - [Process 628338] 开始评估方法: 1hop_sort, 种子数: 90
2026-03-09 23:09:45,316 - INFO - [ris_optimized - 种子:90] 拉新:55.2人 | 总销量:55.5单 | 品牌曝光:146.8次 | 🌟综合得分:70.0
2026-03-09 23:09:45,662 - INFO - [1hop_sort - 种子:90] 拉新:60.9人 | 总销量:62.5单 | 品牌曝光:139.3次 | 🌟综合得分:75.6
2026-03-09 23:09:45,691 - INFO - 所有进程执行完毕，开始写入数据...
2026-03-09 23:09:45,705 - INFO - 成功写入 6 条记录至 /home/wen/work/coup_spread/gzc-impl/results/network.netDog/2026-3-22/log_continuous_SSRNum-50000-_seedNum-90_simuTimes-500.csv
2026-03-09 23:09:45,706 - INFO - 保存评估文件至: /home/wen/work/coup_spread/gzc-impl/results/network.netDog/2026-3-22/log_continuous_SSRNum-50000-_seedNum-90_simuTimes-500.csv
2026-03-09 23:09:45,717 - INFO - 加载数据集: network.netDog
2026-03-09 23:09:45,718 - INFO - --- 矩阵分析 ---
2026-03-09 23:09:45,718 - INFO - 节点数 (N): 4502
2026-03-09 23:09:45,718 - INFO - 边数 (E): 29580
2026-03-09 23:09:45,718 - INFO - 密度 (Density): 0.00145944 (越小越稀疏)
2026-03-09 23:09:45,718 - INFO - 稀疏度 (Sparsity): 0.99854056 (越接近1越稀疏)
2026-03-09 23:09:45,718 - INFO - 平均度数 (Avg Degree): 6.57
2026-03-09 23:09:45,719 - INFO - 首次生成度相关概率分布 分布类型: 'log_continuous'.
2026-03-09 23:09:45,719 - INFO - ===> Generating 'Log-Continuous' distributions for Real Graph...
2026-03-09 23:09:45,761 - INFO - 保存概率分布 文件位置: /home/wen/work/coup_spread/network.netDog/2026-3-22/distribution-in-network.netDog/distribution-log_continuous_seedNum-100.pkl
2026-03-09 23:09:45,801 - INFO - 首次生成种子集 random
2026-03-09 23:09:45,802 - INFO - 执行当前算法开始: random
2026-03-09 23:09:45,802 - INFO - 数据集节点总数:  n = 4502, m = 100
2026-03-09 23:09:45,802 - INFO - 选择 100  [2065, 2003, 2926, 2279, 2560, 2706, 872, 3894, 3489, 2461, 2546, 2286, 1929, 3697, 1365, 1113, 111, 1689, 250, 3145, 3586, 1781, 3836, 3383, 1510, 4102, 1950, 1455, 4078, 275, 4486, 1790, 622, 2325, 4364, 3635, 1631, 3958, 85, 3043, 1204, 2824, 1553, 2526, 1273, 919, 3592, 3328, 3371, 3147, 1648, 4346, 1346, 486, 402, 1793, 865, 475, 1578, 1272, 2450, 1068, 3752, 4128, 3787, 2938, 1234, 4287, 2371, 3662, 1629, 1971, 2432, 3469, 3804, 161, 3577, 4000, 1269, 4420, 3211, 778, 90, 2908, 4074, 2032, 3571, 3908, 1732, 3542, 740, 1601, 464, 4208, 998, 2397, 1709, 851, 2342, 1443]

2026-03-09 23:09:45,802 - INFO - 当前用时 0.00 秒
2026-03-09 23:09:45,802 - INFO - 将种子集 写入位置: /home/wen/work/coup_spread/network.netDog/2026-3-22/seeds-with-network.netDog/log_continuous_random_seedNum-100_SSRNum-50000.txt
2026-03-09 23:09:45,802 - INFO - 首次生成种子集 degreeTopM
2026-03-09 23:09:45,802 - INFO - 执行当前算法开始: degreeTopM
2026-03-09 23:09:45,802 - INFO - 依据: 选择连接数（度数）最多的节点。
2026-03-09 23:09:45,803 - INFO - 选择的 Top M 节点及其度数:
2026-03-09 23:09:45,803 - INFO - 
2026-03-09 23:09:45,803 - INFO - 当前用时 0.00 秒
2026-03-09 23:09:45,803 - INFO - 将种子集 写入位置: /home/wen/work/coup_spread/network.netDog/2026-3-22/seeds-with-network.netDog/log_continuous_degreeTopM_seedNum-100_SSRNum-50000.txt
2026-03-09 23:09:45,803 - INFO - 首次生成种子集 pageRank
2026-03-09 23:09:45,803 - INFO - 执行当前算法开始: pageRank
2026-03-09 23:09:45,803 - INFO - --- Running: PageRank (on tranProMatrix) Top M ---
2026-03-09 23:09:46,067 - INFO - Selected PageRank seeds: [79, 135, 83, 16, 45, 133, 243, 36, 33, 12, 2, 125, 4, 167, 38, 77, 19, 17, 128, 129, 62, 329, 13, 35, 294, 14, 414, 318, 162, 26, 37, 15, 93, 46, 192, 61, 164, 279, 359, 120, 693, 123, 934, 52, 755, 254, 221, 127, 107, 208, 91, 183, 264, 152, 291, 223, 141, 316, 435, 324, 98, 44, 632, 8, 207, 681, 1157, 405, 104, 142, 150, 263, 916, 169, 583, 237, 261, 228, 1080, 526, 440, 165, 274, 22, 832, 811, 224, 292, 273, 564, 980, 54, 502, 112, 347, 173, 23, 1110, 1047, 194]
2026-03-09 23:09:46,067 - INFO - 当前用时 0.26 秒
2026-03-09 23:09:46,068 - INFO - 将种子集 写入位置: /home/wen/work/coup_spread/network.netDog/2026-3-22/seeds-with-network.netDog/log_continuous_pageRank_seedNum-100_SSRNum-50000.txt
2026-03-09 23:09:46,068 - INFO - 首次生成种子集 alpha_sort
2026-03-09 23:09:46,068 - INFO - 执行当前算法开始: alpha_sort
2026-03-09 23:09:46,070 - INFO - 4502 个节点的alpha值降序排序 done
2026-03-09 23:09:46,070 - INFO - ==============>> [(987, np.float64(0.6955920025081364)), (3879, np.float64(0.6718896970996912)), (1982, np.float64(0.6588639276349775)), (56, np.float64(0.6516630296828745)), (4284, np.float64(0.6459465276378326)), (2496, np.float64(0.6299645378284305)), (3726, np.float64(0.6277777434260953)), (3638, np.float64(0.622508418440938)), (3655, np.float64(0.6216709422783013)), (4192, np.float64(0.6215506848710582))]
2026-03-09 23:09:46,070 - INFO - 
选择的种子集 (按alpha排序): [987, 3879, 1982, 56, 4284, 2496, 3726, 3638, 3655, 4192, 475, 1383, 2637, 1133, 3725, 3633, 3008, 3374, 3571, 67, 2643, 2176, 4220, 893, 1505, 4397, 2852, 3941, 4329, 4146, 858, 2452, 444, 612, 4248, 2804, 1596, 3700, 4095, 1947, 4122, 3101, 3583, 2809, 3995, 2838, 3560, 4205, 3095, 2109, 3364, 4019, 3261, 1527, 1404, 2447, 338, 3651, 4186, 1472, 3810, 1985, 2470, 3825, 3732, 3639, 172, 1931, 946, 3653, 999, 3977, 3205, 2892, 1910, 30, 1019, 1720, 2123, 3065, 949, 2864, 1815, 2088, 2722, 106, 772, 2623, 2373, 1278, 3504, 2867, 4201, 1563, 1592, 765, 4444, 493, 2807, 2211]

2026-03-09 23:09:46,070 - INFO - 当前用时 0.00 秒
2026-03-09 23:09:46,070 - INFO - 将种子集 写入位置: /home/wen/work/coup_spread/network.netDog/2026-3-22/seeds-with-network.netDog/log_continuous_alpha_sort_seedNum-100_SSRNum-50000.txt
2026-03-09 23:09:46,071 - INFO - 首次生成种子集 ris_optimized
2026-03-09 23:09:46,071 - INFO - 执行当前算法开始: ris_optimized
2026-03-09 23:09:46,300 - INFO - 图初始化完成，节点数: 4502，当前模式: 优化采样
2026-03-09 23:09:46,301 - INFO - 开始生成 50000 组多重RR-Set...
2026-03-09 23:09:56,435 - INFO - 生成完毕。耗时: 10.13 秒。
2026-03-09 23:09:56,443 - INFO - 开始基于多重RR集贪心选择最优种子...
2026-03-09 23:10:00,568 - INFO - 选种完毕。耗时: 4.13 秒。估算范围: 139.51
2026-03-09 23:10:01,091 - INFO - 当前用时 15.02 秒
2026-03-09 23:10:01,091 - INFO - 将种子集 写入位置: /home/wen/work/coup_spread/network.netDog/2026-3-22/seeds-with-network.netDog/log_continuous_ris_optimized_seedNum-100_SSRNum-50000.txt
2026-03-09 23:10:01,091 - INFO - 首次生成种子集 1hop_sort
2026-03-09 23:10:01,091 - INFO - 执行当前算法开始: 1hop_sort
2026-03-09 23:10:01,091 - INFO - --- Running: Teacher's 1-Hop Expected Spread Sort ---
2026-03-09 23:10:01,098 - INFO - 选出的前 5 个种子得分展示: [1.05300664 1.01638394 1.00412559 1.00360081 1.00288295]
2026-03-09 23:10:01,098 - INFO - 当前用时 0.01 秒
2026-03-09 23:10:01,098 - INFO - 将种子集 写入位置: /home/wen/work/coup_spread/network.netDog/2026-3-22/seeds-with-network.netDog/log_continuous_1hop_sort_seedNum-100_SSRNum-50000.txt
2026-03-09 23:10:01,099 - INFO - 评估种子集: None
2026-03-09 23:10:01,099 - INFO - 多进程评估开始，共有 6 个方法待评估...
2026-03-09 23:10:01,099 - INFO - 启动进程池，Worker数量: 6
2026-03-09 23:10:01,845 - INFO - [Process 628629] 开始评估方法: random, 种子数: 100
2026-03-09 23:10:02,411 - INFO - [Process 628630] 开始评估方法: degreeTopM, 种子数: 100
2026-03-09 23:10:02,980 - INFO - [Process 628631] 开始评估方法: pageRank, 种子数: 100
2026-03-09 23:10:03,552 - INFO - [Process 628632] 开始评估方法: alpha_sort, 种子数: 100
2026-03-09 23:10:03,631 - INFO - [degreeTopM - 种子:100] 拉新:25.0人 | 总销量:25.2单 | 品牌曝光:145.7次 | 🌟综合得分:39.7
2026-03-09 23:10:03,634 - INFO - [random - 种子:100] 拉新:46.2人 | 总销量:46.3单 | 品牌曝光:170.9次 | 🌟综合得分:63.3
2026-03-09 23:10:04,131 - INFO - [Process 628633] 开始评估方法: ris_optimized, 种子数: 100
2026-03-09 23:10:04,205 - INFO - [pageRank - 种子:100] 拉新:25.9人 | 总销量:26.2单 | 品牌曝光:146.6次 | 🌟综合得分:40.7
2026-03-09 23:10:04,703 - INFO - [Process 628634] 开始评估方法: 1hop_sort, 种子数: 100
2026-03-09 23:10:04,764 - INFO - [alpha_sort - 种子:100] 拉新:68.0人 | 总销量:68.4单 | 品牌曝光:146.1次 | 🌟综合得分:82.8
2026-03-09 23:10:05,758 - INFO - [ris_optimized - 种子:100] 拉新:62.0人 | 总销量:62.2单 | 品牌曝光:166.1次 | 🌟综合得分:78.7
2026-03-09 23:10:06,023 - INFO - [1hop_sort - 种子:100] 拉新:69.0人 | 总销量:71.0单 | 品牌曝光:156.0次 | 🌟综合得分:85.6
2026-03-09 23:10:06,052 - INFO - 所有进程执行完毕，开始写入数据...
2026-03-09 23:10:06,060 - INFO - 成功写入 6 条记录至 /home/wen/work/coup_spread/gzc-impl/results/network.netDog/2026-3-22/log_continuous_SSRNum-50000-_seedNum-100_simuTimes-500.csv
2026-03-09 23:10:06,061 - INFO - 保存评估文件至: /home/wen/work/coup_spread/gzc-impl/results/network.netDog/2026-3-22/log_continuous_SSRNum-50000-_seedNum-100_simuTimes-500.csv
2026-03-09 23:10:06,077 - INFO - 加载数据集: network.netDog
2026-03-09 23:10:06,078 - INFO - --- 矩阵分析 ---
2026-03-09 23:10:06,078 - INFO - 节点数 (N): 4502
2026-03-09 23:10:06,078 - INFO - 边数 (E): 29580
2026-03-09 23:10:06,078 - INFO - 密度 (Density): 0.00145944 (越小越稀疏)
2026-03-09 23:10:06,078 - INFO - 稀疏度 (Sparsity): 0.99854056 (越接近1越稀疏)
2026-03-09 23:10:06,078 - INFO - 平均度数 (Avg Degree): 6.57
2026-03-09 23:10:06,079 - INFO - 首次生成度相关概率分布 分布类型: 'log_continuous'.
2026-03-09 23:10:06,079 - INFO - ===> Generating 'Log-Continuous' distributions for Real Graph...
2026-03-09 23:10:06,132 - INFO - 保存概率分布 文件位置: /home/wen/work/coup_spread/network.netDog/2026-3-22/distribution-in-network.netDog/distribution-log_continuous_seedNum-110.pkl
2026-03-09 23:10:06,175 - INFO - 首次生成种子集 random
2026-03-09 23:10:06,175 - INFO - 执行当前算法开始: random
2026-03-09 23:10:06,175 - INFO - 数据集节点总数:  n = 4502, m = 110
2026-03-09 23:10:06,176 - INFO - 选择 110  [179, 2286, 1152, 2090, 2180, 3625, 2859, 732, 851, 3651, 2661, 4341, 502, 1564, 4315, 504, 2639, 446, 636, 4304, 861, 445, 2927, 357, 3573, 2752, 3080, 3182, 1507, 1949, 3898, 984, 1664, 1796, 1406, 113, 3984, 2417, 3240, 534, 944, 108, 2649, 3576, 2626, 2062, 745, 2113, 4314, 4305, 388, 4433, 4113, 4238, 1118, 1149, 178, 594, 1501, 3871, 4310, 2908, 3306, 1715, 2862, 4500, 220, 4055, 1797, 686, 1990, 2098, 3486, 2556, 1228, 1517, 4245, 507, 1571, 3694, 806, 4039, 1255, 2945, 1942, 1516, 4024, 4402, 1251, 3697, 3931, 2965, 2411, 2647, 3309, 3258, 2142, 3752, 1847, 3817, 2895, 4313, 805, 999, 3409, 3023, 3888, 1899, 2215, 1108]

2026-03-09 23:10:06,176 - INFO - 当前用时 0.00 秒
2026-03-09 23:10:06,176 - INFO - 将种子集 写入位置: /home/wen/work/coup_spread/network.netDog/2026-3-22/seeds-with-network.netDog/log_continuous_random_seedNum-110_SSRNum-50000.txt
2026-03-09 23:10:06,176 - INFO - 首次生成种子集 degreeTopM
2026-03-09 23:10:06,176 - INFO - 执行当前算法开始: degreeTopM
2026-03-09 23:10:06,176 - INFO - 依据: 选择连接数（度数）最多的节点。
2026-03-09 23:10:06,176 - INFO - 选择的 Top M 节点及其度数:
2026-03-09 23:10:06,177 - INFO - 
2026-03-09 23:10:06,177 - INFO - 当前用时 0.00 秒
2026-03-09 23:10:06,177 - INFO - 将种子集 写入位置: /home/wen/work/coup_spread/network.netDog/2026-3-22/seeds-with-network.netDog/log_continuous_degreeTopM_seedNum-110_SSRNum-50000.txt
2026-03-09 23:10:06,177 - INFO - 首次生成种子集 pageRank
2026-03-09 23:10:06,177 - INFO - 执行当前算法开始: pageRank
2026-03-09 23:10:06,177 - INFO - --- Running: PageRank (on tranProMatrix) Top M ---
2026-03-09 23:10:06,449 - INFO - Selected PageRank seeds: [79, 135, 83, 16, 45, 133, 243, 36, 33, 12, 2, 125, 4, 167, 38, 77, 19, 17, 128, 129, 62, 329, 13, 35, 294, 14, 414, 318, 162, 26, 37, 15, 93, 46, 192, 61, 164, 279, 359, 120, 693, 123, 934, 52, 755, 254, 221, 127, 107, 208, 91, 183, 264, 152, 291, 223, 141, 316, 435, 324, 98, 44, 632, 8, 207, 681, 1157, 405, 104, 142, 150, 263, 916, 169, 583, 237, 261, 228, 1080, 526, 440, 165, 274, 22, 832, 811, 224, 292, 273, 564, 980, 54, 502, 112, 347, 173, 23, 1110, 1047, 194, 1018, 570, 976, 385, 1141, 235, 922, 615, 761, 262]
2026-03-09 23:10:06,450 - INFO - 当前用时 0.27 秒
2026-03-09 23:10:06,450 - INFO - 将种子集 写入位置: /home/wen/work/coup_spread/network.netDog/2026-3-22/seeds-with-network.netDog/log_continuous_pageRank_seedNum-110_SSRNum-50000.txt
2026-03-09 23:10:06,450 - INFO - 首次生成种子集 alpha_sort
2026-03-09 23:10:06,450 - INFO - 执行当前算法开始: alpha_sort
2026-03-09 23:10:06,452 - INFO - 4502 个节点的alpha值降序排序 done
2026-03-09 23:10:06,452 - INFO - ==============>> [(2915, np.float64(0.6569094289324481)), (2999, np.float64(0.6516962561867946)), (4038, np.float64(0.64945666168755)), (3906, np.float64(0.6476611442359064)), (3739, np.float64(0.6365598680565362)), (4202, np.float64(0.6335356805259454)), (4088, np.float64(0.6316211012590508)), (2383, np.float64(0.6276775256785789)), (4288, np.float64(0.6246353167643356)), (2674, np.float64(0.6239704092508765))]
2026-03-09 23:10:06,452 - INFO - 
选择的种子集 (按alpha排序): [2915, 2999, 4038, 3906, 3739, 4202, 4088, 2383, 4288, 2674, 2485, 469, 3611, 2475, 2099, 2576, 1002, 1416, 2708, 3149, 1179, 3639, 4073, 1642, 4012, 996, 2430, 2499, 2539, 3996, 2847, 4056, 1310, 3165, 2996, 2096, 2389, 1918, 4011, 4175, 1187, 618, 598, 1010, 2427, 4138, 1527, 628, 2379, 4331, 3524, 3338, 986, 2528, 1014, 3696, 4300, 3494, 358, 1551, 3094, 2278, 1023, 3573, 1827, 1578, 4057, 3472, 3061, 3648, 3814, 31, 2675, 3966, 2781, 2610, 2852, 2813, 1784, 4434, 4047, 1515, 3887, 3710, 3443, 1648, 2735, 3742, 2587, 3521, 2218, 4430, 2378, 116, 3534, 1706, 1519, 3366, 1735, 2453, 1403, 515, 2025, 3768, 2738, 610, 4312, 1675, 500, 4497]

2026-03-09 23:10:06,452 - INFO - 当前用时 0.00 秒
2026-03-09 23:10:06,453 - INFO - 将种子集 写入位置: /home/wen/work/coup_spread/network.netDog/2026-3-22/seeds-with-network.netDog/log_continuous_alpha_sort_seedNum-110_SSRNum-50000.txt
2026-03-09 23:10:06,453 - INFO - 首次生成种子集 ris_optimized
2026-03-09 23:10:06,453 - INFO - 执行当前算法开始: ris_optimized
2026-03-09 23:10:06,683 - INFO - 图初始化完成，节点数: 4502，当前模式: 优化采样
2026-03-09 23:10:06,683 - INFO - 开始生成 50000 组多重RR-Set...
2026-03-09 23:10:17,796 - INFO - 生成完毕。耗时: 11.11 秒。
2026-03-09 23:10:17,806 - INFO - 开始基于多重RR集贪心选择最优种子...
2026-03-09 23:10:20,661 - INFO - 选种完毕。耗时: 2.85 秒。估算范围: 154.67
2026-03-09 23:10:21,185 - INFO - 当前用时 14.73 秒
2026-03-09 23:10:21,186 - INFO - 将种子集 写入位置: /home/wen/work/coup_spread/network.netDog/2026-3-22/seeds-with-network.netDog/log_continuous_ris_optimized_seedNum-110_SSRNum-50000.txt
2026-03-09 23:10:21,186 - INFO - 首次生成种子集 1hop_sort
2026-03-09 23:10:21,186 - INFO - 执行当前算法开始: 1hop_sort
2026-03-09 23:10:21,186 - INFO - --- Running: Teacher's 1-Hop Expected Spread Sort ---
2026-03-09 23:10:21,192 - INFO - 选出的前 5 个种子得分展示: [1.01493003 1.00094696 0.97705632 0.96417322 0.93834601]
2026-03-09 23:10:21,192 - INFO - 当前用时 0.01 秒
2026-03-09 23:10:21,193 - INFO - 将种子集 写入位置: /home/wen/work/coup_spread/network.netDog/2026-3-22/seeds-with-network.netDog/log_continuous_1hop_sort_seedNum-110_SSRNum-50000.txt
2026-03-09 23:10:21,193 - INFO - 评估种子集: None
2026-03-09 23:10:21,194 - INFO - 多进程评估开始，共有 6 个方法待评估...
2026-03-09 23:10:21,194 - INFO - 启动进程池，Worker数量: 6
2026-03-09 23:10:21,944 - INFO - [Process 628985] 开始评估方法: random, 种子数: 110
2026-03-09 23:10:22,499 - INFO - [Process 628986] 开始评估方法: degreeTopM, 种子数: 110
2026-03-09 23:10:23,060 - INFO - [Process 628987] 开始评估方法: pageRank, 种子数: 110
2026-03-09 23:10:23,634 - INFO - [Process 628988] 开始评估方法: alpha_sort, 种子数: 110
2026-03-09 23:10:23,712 - INFO - [degreeTopM - 种子:110] 拉新:28.5人 | 总销量:28.8单 | 品牌曝光:156.0次 | 🌟综合得分:44.2
2026-03-09 23:10:23,874 - INFO - [random - 种子:110] 拉新:49.1人 | 总销量:49.4单 | 品牌曝光:188.4次 | 🌟综合得分:68.1
2026-03-09 23:10:24,184 - INFO - [Process 628989] 开始评估方法: ris_optimized, 种子数: 110
2026-03-09 23:10:24,233 - INFO - [pageRank - 种子:110] 拉新:29.1人 | 总销量:29.4单 | 品牌曝光:155.4次 | 🌟综合得分:44.8
2026-03-09 23:10:24,734 - INFO - [Process 628990] 开始评估方法: 1hop_sort, 种子数: 110
2026-03-09 23:10:24,836 - INFO - [alpha_sort - 种子:110] 拉新:73.4人 | 总销量:73.5单 | 品牌曝光:159.6次 | 🌟综合得分:89.4
2026-03-09 23:10:25,948 - INFO - [ris_optimized - 种子:110] 拉新:65.5人 | 总销量:65.7单 | 品牌曝光:183.2次 | 🌟综合得分:83.9
2026-03-09 23:10:26,224 - INFO - [1hop_sort - 种子:110] 拉新:73.6人 | 总销量:75.3单 | 品牌曝光:171.7次 | 🌟综合得分:91.6
2026-03-09 23:10:26,258 - INFO - 所有进程执行完毕，开始写入数据...
2026-03-09 23:10:26,267 - INFO - 成功写入 6 条记录至 /home/wen/work/coup_spread/gzc-impl/results/network.netDog/2026-3-22/log_continuous_SSRNum-50000-_seedNum-110_simuTimes-500.csv
2026-03-09 23:10:26,267 - INFO - 保存评估文件至: /home/wen/work/coup_spread/gzc-impl/results/network.netDog/2026-3-22/log_continuous_SSRNum-50000-_seedNum-110_simuTimes-500.csv
2026-03-09 23:10:26,283 - INFO - 加载数据集: network.netDog
2026-03-09 23:10:26,284 - INFO - --- 矩阵分析 ---
2026-03-09 23:10:26,284 - INFO - 节点数 (N): 4502
2026-03-09 23:10:26,284 - INFO - 边数 (E): 29580
2026-03-09 23:10:26,284 - INFO - 密度 (Density): 0.00145944 (越小越稀疏)
2026-03-09 23:10:26,284 - INFO - 稀疏度 (Sparsity): 0.99854056 (越接近1越稀疏)
2026-03-09 23:10:26,284 - INFO - 平均度数 (Avg Degree): 6.57
2026-03-09 23:10:26,285 - INFO - 首次生成度相关概率分布 分布类型: 'log_continuous'.
2026-03-09 23:10:26,285 - INFO - ===> Generating 'Log-Continuous' distributions for Real Graph...
2026-03-09 23:10:26,328 - INFO - 保存概率分布 文件位置: /home/wen/work/coup_spread/network.netDog/2026-3-22/distribution-in-network.netDog/distribution-log_continuous_seedNum-120.pkl
2026-03-09 23:10:26,368 - INFO - 首次生成种子集 random
2026-03-09 23:10:26,368 - INFO - 执行当前算法开始: random
2026-03-09 23:10:26,368 - INFO - 数据集节点总数:  n = 4502, m = 120
2026-03-09 23:10:26,368 - INFO - 选择 120  [1108, 1253, 3878, 3411, 950, 503, 3311, 159, 2242, 1400, 263, 1654, 3959, 4155, 2882, 1461, 1690, 1973, 2090, 588, 2187, 1055, 3438, 4095, 2430, 548, 3309, 1048, 1439, 810, 396, 1803, 1783, 4027, 3957, 2377, 250, 1702, 3433, 757, 3969, 3293, 3487, 2987, 4488, 2658, 44, 3266, 1095, 2160, 1216, 20, 205, 4217, 2163, 1551, 480, 3846, 2389, 4365, 420, 4197, 486, 2079, 1779, 2627, 1266, 3320, 1180, 702, 3967, 4424, 888, 2552, 1072, 3029, 3348, 2102, 899, 1320, 2857, 2982, 81, 1480, 4387, 2337, 266, 654, 4031, 996, 1054, 4441, 3718, 3812, 3805, 1861, 1485, 1463, 3984, 2124, 519, 3977, 3269, 4436, 2422, 3772, 4257, 2942, 3485, 1112, 985, 3436, 2405, 167, 2249, 983, 373, 1017, 4126, 1433]

2026-03-09 23:10:26,368 - INFO - 当前用时 0.00 秒
2026-03-09 23:10:26,369 - INFO - 将种子集 写入位置: /home/wen/work/coup_spread/network.netDog/2026-3-22/seeds-with-network.netDog/log_continuous_random_seedNum-120_SSRNum-50000.txt
2026-03-09 23:10:26,369 - INFO - 首次生成种子集 degreeTopM
2026-03-09 23:10:26,369 - INFO - 执行当前算法开始: degreeTopM
2026-03-09 23:10:26,369 - INFO - 依据: 选择连接数（度数）最多的节点。
2026-03-09 23:10:26,369 - INFO - 选择的 Top M 节点及其度数:
2026-03-09 23:10:26,370 - INFO - 
2026-03-09 23:10:26,370 - INFO - 当前用时 0.00 秒
2026-03-09 23:10:26,370 - INFO - 将种子集 写入位置: /home/wen/work/coup_spread/network.netDog/2026-3-22/seeds-with-network.netDog/log_continuous_degreeTopM_seedNum-120_SSRNum-50000.txt
2026-03-09 23:10:26,370 - INFO - 首次生成种子集 pageRank
2026-03-09 23:10:26,370 - INFO - 执行当前算法开始: pageRank
2026-03-09 23:10:26,370 - INFO - --- Running: PageRank (on tranProMatrix) Top M ---
2026-03-09 23:10:26,661 - INFO - Selected PageRank seeds: [79, 135, 83, 16, 45, 133, 243, 36, 33, 12, 2, 125, 4, 167, 38, 77, 19, 17, 128, 129, 62, 329, 13, 35, 294, 14, 414, 318, 162, 26, 37, 15, 93, 46, 192, 61, 164, 279, 359, 120, 693, 123, 934, 52, 755, 254, 221, 127, 107, 208, 91, 183, 264, 152, 291, 223, 141, 316, 435, 324, 98, 44, 632, 8, 207, 681, 1157, 405, 104, 142, 150, 263, 916, 169, 583, 237, 261, 228, 1080, 526, 440, 165, 274, 22, 832, 811, 224, 292, 273, 564, 980, 54, 502, 112, 347, 173, 23, 1110, 1047, 194, 1018, 570, 976, 385, 1141, 235, 922, 615, 761, 262, 497, 63, 655, 812, 64, 616, 60, 301, 24, 298]
2026-03-09 23:10:26,661 - INFO - 当前用时 0.29 秒
2026-03-09 23:10:26,662 - INFO - 将种子集 写入位置: /home/wen/work/coup_spread/network.netDog/2026-3-22/seeds-with-network.netDog/log_continuous_pageRank_seedNum-120_SSRNum-50000.txt
2026-03-09 23:10:26,662 - INFO - 首次生成种子集 alpha_sort
2026-03-09 23:10:26,662 - INFO - 执行当前算法开始: alpha_sort
2026-03-09 23:10:26,664 - INFO - 4502 个节点的alpha值降序排序 done
2026-03-09 23:10:26,664 - INFO - ==============>> [(1269, np.float64(0.7523202746276596)), (518, np.float64(0.7061996243385078)), (1161, np.float64(0.6672110070680759)), (2499, np.float64(0.6663032386438781)), (3709, np.float64(0.6613076535805756)), (3019, np.float64(0.6605420854102136)), (3265, np.float64(0.6407237161517639)), (572, np.float64(0.6407069754442832)), (2914, np.float64(0.6378148906023406)), (3011, np.float64(0.6261885522077517))]
2026-03-09 23:10:26,664 - INFO - 
选择的种子集 (按alpha排序): [1269, 518, 1161, 2499, 3709, 3019, 3265, 572, 2914, 3011, 3111, 1788, 3211, 1939, 738, 108, 2198, 904, 3161, 4140, 3748, 2883, 1295, 3547, 2731, 2968, 2087, 1004, 2433, 3162, 2972, 4308, 4341, 2220, 1066, 2734, 1129, 3552, 1478, 3711, 3924, 4150, 1453, 1340, 4111, 2429, 1879, 449, 2084, 732, 510, 2409, 2472, 3310, 1248, 4324, 2150, 935, 4291, 1676, 3080, 3816, 1057, 3118, 3413, 4191, 3503, 2372, 3082, 879, 4358, 1755, 739, 3172, 2003, 4100, 3788, 4256, 1429, 2387, 178, 3256, 381, 3892, 1039, 2973, 2755, 2903, 1928, 64, 701, 4240, 3220, 1653, 1472, 2025, 4211, 1822, 2976, 4206, 3015, 2026, 844, 2249, 2762, 4418, 3685, 69, 2244, 2022, 455, 4166, 3502, 3966, 3070, 2323, 4465, 552, 4382, 2000]

2026-03-09 23:10:26,664 - INFO - 当前用时 0.00 秒
2026-03-09 23:10:26,665 - INFO - 将种子集 写入位置: /home/wen/work/coup_spread/network.netDog/2026-3-22/seeds-with-network.netDog/log_continuous_alpha_sort_seedNum-120_SSRNum-50000.txt
2026-03-09 23:10:26,665 - INFO - 首次生成种子集 ris_optimized
2026-03-09 23:10:26,665 - INFO - 执行当前算法开始: ris_optimized
2026-03-09 23:10:26,893 - INFO - 图初始化完成，节点数: 4502，当前模式: 优化采样
2026-03-09 23:10:26,894 - INFO - 开始生成 50000 组多重RR-Set...
2026-03-09 23:10:38,382 - INFO - 生成完毕。耗时: 11.49 秒。
2026-03-09 23:10:38,391 - INFO - 开始基于多重RR集贪心选择最优种子...
2026-03-09 23:10:41,636 - INFO - 选种完毕。耗时: 3.24 秒。估算范围: 167.19
2026-03-09 23:10:42,219 - INFO - 当前用时 15.55 秒
2026-03-09 23:10:42,219 - INFO - 将种子集 写入位置: /home/wen/work/coup_spread/network.netDog/2026-3-22/seeds-with-network.netDog/log_continuous_ris_optimized_seedNum-120_SSRNum-50000.txt
2026-03-09 23:10:42,219 - INFO - 首次生成种子集 1hop_sort
2026-03-09 23:10:42,219 - INFO - 执行当前算法开始: 1hop_sort
2026-03-09 23:10:42,219 - INFO - --- Running: Teacher's 1-Hop Expected Spread Sort ---
2026-03-09 23:10:42,225 - INFO - 选出的前 5 个种子得分展示: [1.02348055 1.001023   0.97949498 0.97534367 0.97286075]
2026-03-09 23:10:42,226 - INFO - 当前用时 0.01 秒
2026-03-09 23:10:42,226 - INFO - 将种子集 写入位置: /home/wen/work/coup_spread/network.netDog/2026-3-22/seeds-with-network.netDog/log_continuous_1hop_sort_seedNum-120_SSRNum-50000.txt
2026-03-09 23:10:42,227 - INFO - 评估种子集: None
2026-03-09 23:10:42,227 - INFO - 多进程评估开始，共有 6 个方法待评估...
2026-03-09 23:10:42,227 - INFO - 启动进程池，Worker数量: 6
2026-03-09 23:10:42,976 - INFO - [Process 629307] 开始评估方法: random, 种子数: 120
2026-03-09 23:10:43,538 - INFO - [Process 629308] 开始评估方法: degreeTopM, 种子数: 120
2026-03-09 23:10:44,099 - INFO - [Process 629309] 开始评估方法: pageRank, 种子数: 120
2026-03-09 23:10:44,664 - INFO - [Process 629310] 开始评估方法: alpha_sort, 种子数: 120
2026-03-09 23:10:44,885 - INFO - [degreeTopM - 种子:120] 拉新:31.3人 | 总销量:31.8单 | 品牌曝光:169.4次 | 🌟综合得分:48.5
2026-03-09 23:10:45,213 - INFO - [random - 种子:120] 拉新:54.4人 | 总销量:54.6单 | 品牌曝光:205.4次 | 🌟综合得分:75.1
2026-03-09 23:10:45,218 - INFO - [Process 629311] 开始评估方法: ris_optimized, 种子数: 120
2026-03-09 23:10:45,382 - INFO - [pageRank - 种子:120] 拉新:31.6人 | 总销量:32.1单 | 品牌曝光:169.3次 | 🌟综合得分:48.8
2026-03-09 23:10:45,770 - INFO - [Process 629312] 开始评估方法: 1hop_sort, 种子数: 120
2026-03-09 23:10:45,992 - INFO - [alpha_sort - 种子:120] 拉新:80.0人 | 总销量:80.2单 | 品牌曝光:175.0次 | 🌟综合得分:97.6
2026-03-09 23:10:47,293 - INFO - [1hop_sort - 种子:120] 拉新:80.0人 | 总销量:82.2单 | 品牌曝光:184.0次 | 🌟综合得分:99.5
2026-03-09 23:10:47,300 - INFO - [ris_optimized - 种子:120] 拉新:70.4人 | 总销量:70.6单 | 品牌曝光:204.7次 | 🌟综合得分:91.0
2026-03-09 23:10:47,334 - INFO - 所有进程执行完毕，开始写入数据...
2026-03-09 23:10:47,343 - INFO - 成功写入 6 条记录至 /home/wen/work/coup_spread/gzc-impl/results/network.netDog/2026-3-22/log_continuous_SSRNum-50000-_seedNum-120_simuTimes-500.csv
2026-03-09 23:10:47,344 - INFO - 保存评估文件至: /home/wen/work/coup_spread/gzc-impl/results/network.netDog/2026-3-22/log_continuous_SSRNum-50000-_seedNum-120_simuTimes-500.csv
2026-03-09 23:10:47,359 - INFO - 加载数据集: network.netDog
2026-03-09 23:10:47,359 - INFO - --- 矩阵分析 ---
2026-03-09 23:10:47,359 - INFO - 节点数 (N): 4502
2026-03-09 23:10:47,359 - INFO - 边数 (E): 29580
2026-03-09 23:10:47,359 - INFO - 密度 (Density): 0.00145944 (越小越稀疏)
2026-03-09 23:10:47,359 - INFO - 稀疏度 (Sparsity): 0.99854056 (越接近1越稀疏)
2026-03-09 23:10:47,360 - INFO - 平均度数 (Avg Degree): 6.57
2026-03-09 23:10:47,360 - INFO - 首次生成度相关概率分布 分布类型: 'log_continuous'.
2026-03-09 23:10:47,360 - INFO - ===> Generating 'Log-Continuous' distributions for Real Graph...
2026-03-09 23:10:47,403 - INFO - 保存概率分布 文件位置: /home/wen/work/coup_spread/network.netDog/2026-3-22/distribution-in-network.netDog/distribution-log_continuous_seedNum-130.pkl
2026-03-09 23:10:47,445 - INFO - 首次生成种子集 random
2026-03-09 23:10:47,445 - INFO - 执行当前算法开始: random
2026-03-09 23:10:47,445 - INFO - 数据集节点总数:  n = 4502, m = 130
2026-03-09 23:10:47,445 - INFO - 选择 130  [1793, 2421, 3074, 2290, 2228, 3059, 508, 1094, 3270, 473, 3619, 2051, 384, 3673, 2312, 3864, 504, 1584, 2762, 4048, 2668, 2991, 4083, 2705, 2651, 2350, 1585, 1304, 3421, 3891, 984, 1800, 399, 1393, 3088, 3898, 3502, 1411, 1241, 424, 1027, 4108, 2425, 4125, 2097, 1101, 2117, 3952, 1525, 603, 1053, 685, 3770, 846, 498, 2499, 400, 1165, 112, 288, 3731, 3186, 4173, 960, 3010, 4104, 898, 2565, 159, 1296, 784, 1907, 2763, 4440, 2026, 4214, 3279, 1316, 2751, 3118, 3015, 2132, 856, 875, 3971, 992, 4462, 2923, 69, 3300, 111, 3457, 795, 825, 4453, 1171, 1133, 555, 1664, 1860, 3374, 3401, 4344, 1077, 3285, 704, 617, 1125, 1227, 3030, 387, 2017, 3463, 656, 873, 1969, 307, 1958, 876, 1385, 1201, 2175, 4169, 323, 957, 589, 2881, 3681, 2894, 1075]

2026-03-09 23:10:47,445 - INFO - 当前用时 0.00 秒
2026-03-09 23:10:47,445 - INFO - 将种子集 写入位置: /home/wen/work/coup_spread/network.netDog/2026-3-22/seeds-with-network.netDog/log_continuous_random_seedNum-130_SSRNum-50000.txt
2026-03-09 23:10:47,446 - INFO - 首次生成种子集 degreeTopM
2026-03-09 23:10:47,446 - INFO - 执行当前算法开始: degreeTopM
2026-03-09 23:10:47,446 - INFO - 依据: 选择连接数（度数）最多的节点。
2026-03-09 23:10:47,446 - INFO - 选择的 Top M 节点及其度数:
2026-03-09 23:10:47,446 - INFO - 
2026-03-09 23:10:47,446 - INFO - 当前用时 0.00 秒
2026-03-09 23:10:47,447 - INFO - 将种子集 写入位置: /home/wen/work/coup_spread/network.netDog/2026-3-22/seeds-with-network.netDog/log_continuous_degreeTopM_seedNum-130_SSRNum-50000.txt
2026-03-09 23:10:47,447 - INFO - 首次生成种子集 pageRank
2026-03-09 23:10:47,447 - INFO - 执行当前算法开始: pageRank
2026-03-09 23:10:47,447 - INFO - --- Running: PageRank (on tranProMatrix) Top M ---
2026-03-09 23:10:47,711 - INFO - Selected PageRank seeds: [79, 135, 83, 16, 45, 133, 243, 36, 33, 12, 2, 125, 4, 167, 38, 77, 19, 17, 128, 129, 62, 329, 13, 35, 294, 14, 414, 318, 162, 26, 37, 15, 93, 46, 192, 61, 164, 279, 359, 120, 693, 123, 934, 52, 755, 254, 221, 127, 107, 208, 91, 183, 264, 152, 291, 223, 141, 316, 435, 324, 98, 44, 632, 8, 207, 681, 1157, 405, 104, 142, 150, 263, 916, 169, 583, 237, 261, 228, 1080, 526, 440, 165, 274, 22, 832, 811, 224, 292, 273, 564, 980, 54, 502, 112, 347, 173, 23, 1110, 1047, 194, 1018, 570, 976, 385, 1141, 235, 922, 615, 761, 262, 497, 63, 655, 812, 64, 616, 60, 301, 24, 298, 372, 248, 1287, 730, 960, 869, 72, 240, 594, 131]
2026-03-09 23:10:47,711 - INFO - 当前用时 0.26 秒
2026-03-09 23:10:47,711 - INFO - 将种子集 写入位置: /home/wen/work/coup_spread/network.netDog/2026-3-22/seeds-with-network.netDog/log_continuous_pageRank_seedNum-130_SSRNum-50000.txt
2026-03-09 23:10:47,712 - INFO - 首次生成种子集 alpha_sort
2026-03-09 23:10:47,712 - INFO - 执行当前算法开始: alpha_sort
2026-03-09 23:10:47,714 - INFO - 4502 个节点的alpha值降序排序 done
2026-03-09 23:10:47,714 - INFO - ==============>> [(3677, np.float64(0.7643145595389764)), (3569, np.float64(0.6981187072643418)), (2164, np.float64(0.6874264913828448)), (3016, np.float64(0.6751114709986391)), (3118, np.float64(0.6744670970606863)), (409, np.float64(0.6724467290138081)), (3600, np.float64(0.6621940569846829)), (4007, np.float64(0.6594790378687628)), (2782, np.float64(0.6561020847083148)), (3195, np.float64(0.6541620556875098))]
2026-03-09 23:10:47,714 - INFO - 
选择的种子集 (按alpha排序): [3677, 3569, 2164, 3016, 3118, 409, 3600, 4007, 2782, 3195, 3473, 1963, 3019, 1614, 4419, 1282, 2684, 4288, 2641, 2685, 402, 3139, 2757, 159, 2168, 1104, 4500, 350, 3991, 4079, 4381, 946, 2725, 2800, 1354, 2901, 3550, 2894, 3089, 4355, 1520, 1370, 3908, 4151, 2392, 1886, 3690, 1538, 1364, 2985, 625, 4095, 1412, 1933, 3104, 2527, 3096, 4404, 4159, 847, 1576, 4082, 2117, 555, 1840, 2682, 649, 3471, 1750, 4002, 3156, 4460, 1892, 1930, 1813, 3098, 3867, 427, 1798, 2514, 719, 2776, 799, 2249, 2870, 3952, 3932, 3916, 1305, 3843, 3191, 1780, 2194, 3682, 4433, 311, 4357, 3955, 3542, 3220, 1668, 2563, 1767, 2658, 2550, 904, 3632, 4424, 3934, 2414, 4219, 1795, 3087, 1697, 3602, 3886, 1742, 1179, 893, 3425, 2182, 4291, 3012, 1519, 3117, 1156, 781, 2706, 1133, 634]

2026-03-09 23:10:47,714 - INFO - 当前用时 0.00 秒
2026-03-09 23:10:47,714 - INFO - 将种子集 写入位置: /home/wen/work/coup_spread/network.netDog/2026-3-22/seeds-with-network.netDog/log_continuous_alpha_sort_seedNum-130_SSRNum-50000.txt
2026-03-09 23:10:47,714 - INFO - 首次生成种子集 ris_optimized
2026-03-09 23:10:47,714 - INFO - 执行当前算法开始: ris_optimized
2026-03-09 23:10:47,945 - INFO - 图初始化完成，节点数: 4502，当前模式: 优化采样
2026-03-09 23:10:47,946 - INFO - 开始生成 50000 组多重RR-Set...
2026-03-09 23:10:59,674 - INFO - 生成完毕。耗时: 11.73 秒。
2026-03-09 23:10:59,678 - INFO - 开始基于多重RR集贪心选择最优种子...
2026-03-09 23:11:05,050 - INFO - 选种完毕。耗时: 5.37 秒。估算范围: 186.06
2026-03-09 23:11:05,678 - INFO - 当前用时 17.96 秒
2026-03-09 23:11:05,678 - INFO - 将种子集 写入位置: /home/wen/work/coup_spread/network.netDog/2026-3-22/seeds-with-network.netDog/log_continuous_ris_optimized_seedNum-130_SSRNum-50000.txt
2026-03-09 23:11:05,679 - INFO - 首次生成种子集 1hop_sort
2026-03-09 23:11:05,679 - INFO - 执行当前算法开始: 1hop_sort
2026-03-09 23:11:05,679 - INFO - --- Running: Teacher's 1-Hop Expected Spread Sort ---
2026-03-09 23:11:05,686 - INFO - 选出的前 5 个种子得分展示: [1.06881411 1.00219124 0.96578351 0.96402596 0.95352807]
2026-03-09 23:11:05,686 - INFO - 当前用时 0.01 秒
2026-03-09 23:11:05,686 - INFO - 将种子集 写入位置: /home/wen/work/coup_spread/network.netDog/2026-3-22/seeds-with-network.netDog/log_continuous_1hop_sort_seedNum-130_SSRNum-50000.txt
2026-03-09 23:11:05,687 - INFO - 评估种子集: None
2026-03-09 23:11:05,688 - INFO - 多进程评估开始，共有 6 个方法待评估...
2026-03-09 23:11:05,688 - INFO - 启动进程池，Worker数量: 6
2026-03-09 23:11:06,457 - INFO - [Process 629671] 开始评估方法: random, 种子数: 130
2026-03-09 23:11:07,041 - INFO - [Process 629672] 开始评估方法: degreeTopM, 种子数: 130
2026-03-09 23:11:07,626 - INFO - [Process 629673] 开始评估方法: pageRank, 种子数: 130
2026-03-09 23:11:08,221 - INFO - [Process 629677] 开始评估方法: alpha_sort, 种子数: 130
2026-03-09 23:11:08,478 - INFO - [degreeTopM - 种子:130] 拉新:34.3人 | 总销量:34.8单 | 品牌曝光:185.0次 | 🌟综合得分:53.1
2026-03-09 23:11:08,790 - INFO - [random - 种子:130] 拉新:61.9人 | 总销量:62.3单 | 品牌曝光:215.1次 | 🌟综合得分:83.6
2026-03-09 23:11:08,815 - INFO - [Process 629680] 开始评估方法: ris_optimized, 种子数: 130
2026-03-09 23:11:09,067 - INFO - [pageRank - 种子:130] 拉新:34.6人 | 总销量:35.1单 | 品牌曝光:186.1次 | 🌟综合得分:53.5
2026-03-09 23:11:09,368 - INFO - [Process 629681] 开始评估方法: 1hop_sort, 种子数: 130
2026-03-09 23:11:09,585 - INFO - [alpha_sort - 种子:130] 拉新:87.6人 | 总销量:87.8单 | 品牌曝光:185.8次 | 🌟综合得分:106.3
2026-03-09 23:11:10,875 - INFO - [ris_optimized - 种子:130] 拉新:78.4人 | 总销量:78.7单 | 品牌曝光:215.3次 | 🌟综合得分:100.1
2026-03-09 23:11:11,053 - INFO - [1hop_sort - 种子:130] 拉新:86.7人 | 总销量:88.9单 | 品牌曝光:197.8次 | 🌟综合得分:107.6
2026-03-09 23:11:11,085 - INFO - 所有进程执行完毕，开始写入数据...
2026-03-09 23:11:11,095 - INFO - 成功写入 6 条记录至 /home/wen/work/coup_spread/gzc-impl/results/network.netDog/2026-3-22/log_continuous_SSRNum-50000-_seedNum-130_simuTimes-500.csv
2026-03-09 23:11:11,096 - INFO - 保存评估文件至: /home/wen/work/coup_spread/gzc-impl/results/network.netDog/2026-3-22/log_continuous_SSRNum-50000-_seedNum-130_simuTimes-500.csv
2026-03-09 23:11:11,111 - INFO - 加载数据集: network.netDog
2026-03-09 23:11:11,112 - INFO - --- 矩阵分析 ---
2026-03-09 23:11:11,112 - INFO - 节点数 (N): 4502
2026-03-09 23:11:11,112 - INFO - 边数 (E): 29580
2026-03-09 23:11:11,112 - INFO - 密度 (Density): 0.00145944 (越小越稀疏)
2026-03-09 23:11:11,112 - INFO - 稀疏度 (Sparsity): 0.99854056 (越接近1越稀疏)
2026-03-09 23:11:11,112 - INFO - 平均度数 (Avg Degree): 6.57
2026-03-09 23:11:11,113 - INFO - 首次生成度相关概率分布 分布类型: 'log_continuous'.
2026-03-09 23:11:11,113 - INFO - ===> Generating 'Log-Continuous' distributions for Real Graph...
2026-03-09 23:11:11,155 - INFO - 保存概率分布 文件位置: /home/wen/work/coup_spread/network.netDog/2026-3-22/distribution-in-network.netDog/distribution-log_continuous_seedNum-140.pkl
2026-03-09 23:11:11,195 - INFO - 首次生成种子集 random
2026-03-09 23:11:11,195 - INFO - 执行当前算法开始: random
2026-03-09 23:11:11,195 - INFO - 数据集节点总数:  n = 4502, m = 140
2026-03-09 23:11:11,196 - INFO - 选择 140  [2287, 2083, 4501, 3918, 4314, 2747, 3978, 114, 879, 3069, 335, 2089, 1864, 2227, 1874, 2290, 2122, 3889, 4099, 960, 1239, 1668, 814, 1873, 353, 953, 2080, 4057, 1014, 3291, 134, 344, 1352, 939, 1043, 2365, 4340, 2660, 2903, 232, 2078, 2739, 3711, 3290, 2234, 3063, 4098, 860, 3582, 2429, 3449, 4270, 1826, 3686, 1309, 627, 345, 463, 4367, 3899, 2134, 925, 3252, 2833, 4365, 791, 1709, 2844, 3932, 248, 2970, 1859, 4009, 524, 3723, 3539, 3427, 1292, 1824, 440, 2184, 1015, 1329, 1178, 3733, 1141, 2119, 3547, 761, 3415, 2590, 2490, 2243, 1130, 2161, 464, 889, 2715, 2219, 2865, 3059, 2883, 2056, 2167, 4117, 830, 1515, 1913, 2793, 57, 683, 3888, 3882, 663, 3310, 2228, 1766, 851, 928, 2186, 1996, 1619, 643, 4197, 2047, 3555, 3766, 1655, 1056, 4346, 4177, 2011, 4494, 1032, 1879, 3667, 2779, 2990, 1069, 388]

2026-03-09 23:11:11,196 - INFO - 当前用时 0.00 秒
2026-03-09 23:11:11,196 - INFO - 将种子集 写入位置: /home/wen/work/coup_spread/network.netDog/2026-3-22/seeds-with-network.netDog/log_continuous_random_seedNum-140_SSRNum-50000.txt
2026-03-09 23:11:11,196 - INFO - 首次生成种子集 degreeTopM
2026-03-09 23:11:11,196 - INFO - 执行当前算法开始: degreeTopM
2026-03-09 23:11:11,196 - INFO - 依据: 选择连接数（度数）最多的节点。
2026-03-09 23:11:11,196 - INFO - 选择的 Top M 节点及其度数:
2026-03-09 23:11:11,197 - INFO - 
2026-03-09 23:11:11,197 - INFO - 当前用时 0.00 秒
2026-03-09 23:11:11,197 - INFO - 将种子集 写入位置: /home/wen/work/coup_spread/network.netDog/2026-3-22/seeds-with-network.netDog/log_continuous_degreeTopM_seedNum-140_SSRNum-50000.txt
2026-03-09 23:11:11,197 - INFO - 首次生成种子集 pageRank
2026-03-09 23:11:11,197 - INFO - 执行当前算法开始: pageRank
2026-03-09 23:11:11,197 - INFO - --- Running: PageRank (on tranProMatrix) Top M ---
2026-03-09 23:11:11,460 - INFO - Selected PageRank seeds: [79, 135, 83, 16, 45, 133, 243, 36, 33, 12, 2, 125, 4, 167, 38, 77, 19, 17, 128, 129, 62, 329, 13, 35, 294, 14, 414, 318, 162, 26, 37, 15, 93, 46, 192, 61, 164, 279, 359, 120, 693, 123, 934, 52, 755, 254, 221, 127, 107, 208, 91, 183, 264, 152, 291, 223, 141, 316, 435, 324, 98, 44, 632, 8, 207, 681, 1157, 405, 104, 142, 150, 263, 916, 169, 583, 237, 261, 228, 1080, 526, 440, 165, 274, 22, 832, 811, 224, 292, 273, 564, 980, 54, 502, 112, 347, 173, 23, 1110, 1047, 194, 1018, 570, 976, 385, 1141, 235, 922, 615, 761, 262, 497, 63, 655, 812, 64, 616, 60, 301, 24, 298, 372, 248, 1287, 730, 960, 869, 72, 240, 594, 131, 238, 53, 280, 1081, 1392, 1419, 182, 784, 86, 1241]
2026-03-09 23:11:11,460 - INFO - 当前用时 0.26 秒
2026-03-09 23:11:11,460 - INFO - 将种子集 写入位置: /home/wen/work/coup_spread/network.netDog/2026-3-22/seeds-with-network.netDog/log_continuous_pageRank_seedNum-140_SSRNum-50000.txt
2026-03-09 23:11:11,460 - INFO - 首次生成种子集 alpha_sort
2026-03-09 23:11:11,461 - INFO - 执行当前算法开始: alpha_sort
2026-03-09 23:11:11,463 - INFO - 4502 个节点的alpha值降序排序 done
2026-03-09 23:11:11,463 - INFO - ==============>> [(736, np.float64(0.7437112825246772)), (2993, np.float64(0.7291242716214291)), (4438, np.float64(0.6866207110497613)), (2726, np.float64(0.6702803332299518)), (584, np.float64(0.6635174958400295)), (1434, np.float64(0.6478679355505812)), (4247, np.float64(0.6425379957148483)), (4335, np.float64(0.6354190823885465)), (3776, np.float64(0.6348231825607435)), (2350, np.float64(0.6333250316198976))]
2026-03-09 23:11:11,463 - INFO - 
选择的种子集 (按alpha排序): [736, 2993, 4438, 2726, 584, 1434, 4247, 4335, 3776, 2350, 3661, 3005, 4289, 4060, 2626, 1273, 381, 4332, 3518, 996, 4379, 757, 1066, 4118, 3676, 843, 4204, 3416, 2964, 2956, 4231, 1533, 3303, 1093, 3274, 3436, 1363, 3214, 2159, 1470, 3795, 486, 2148, 2632, 1805, 3378, 1914, 4012, 278, 1113, 1559, 1856, 775, 3072, 3918, 3086, 4074, 377, 2150, 3109, 2366, 4097, 3811, 2069, 1102, 3540, 1741, 4308, 505, 3374, 3840, 1850, 3210, 3930, 3996, 3865, 4053, 721, 669, 3645, 400, 3750, 1056, 703, 3908, 2685, 40, 3929, 3458, 571, 1049, 3507, 3143, 351, 3429, 1174, 2126, 2058, 3483, 751, 3052, 2490, 2866, 836, 2360, 1592, 4039, 2623, 4313, 2684, 723, 3192, 2981, 2752, 1115, 3999, 2303, 2401, 1883, 3784, 117, 4437, 69, 2744, 3935, 2267, 1606, 1693, 1420, 4194, 3038, 3437, 3875, 893, 1662, 3668, 651, 2772, 4483, 4017]

2026-03-09 23:11:11,463 - INFO - 当前用时 0.00 秒
2026-03-09 23:11:11,463 - INFO - 将种子集 写入位置: /home/wen/work/coup_spread/network.netDog/2026-3-22/seeds-with-network.netDog/log_continuous_alpha_sort_seedNum-140_SSRNum-50000.txt
2026-03-09 23:11:11,463 - INFO - 首次生成种子集 ris_optimized
2026-03-09 23:11:11,463 - INFO - 执行当前算法开始: ris_optimized
2026-03-09 23:11:11,694 - INFO - 图初始化完成，节点数: 4502，当前模式: 优化采样
2026-03-09 23:11:11,694 - INFO - 开始生成 50000 组多重RR-Set...
2026-03-09 23:11:25,753 - INFO - 生成完毕。耗时: 14.06 秒。
2026-03-09 23:11:25,761 - INFO - 开始基于多重RR集贪心选择最优种子...
2026-03-09 23:11:29,828 - INFO - 选种完毕。耗时: 4.07 秒。估算范围: 196.00
2026-03-09 23:11:30,469 - INFO - 当前用时 19.01 秒
2026-03-09 23:11:30,469 - INFO - 将种子集 写入位置: /home/wen/work/coup_spread/network.netDog/2026-3-22/seeds-with-network.netDog/log_continuous_ris_optimized_seedNum-140_SSRNum-50000.txt
2026-03-09 23:11:30,469 - INFO - 首次生成种子集 1hop_sort
2026-03-09 23:11:30,470 - INFO - 执行当前算法开始: 1hop_sort
2026-03-09 23:11:30,470 - INFO - --- Running: Teacher's 1-Hop Expected Spread Sort ---
2026-03-09 23:11:30,476 - INFO - 选出的前 5 个种子得分展示: [1.02902571 0.98475251 0.98278667 0.98114975 0.95645391]
2026-03-09 23:11:30,476 - INFO - 当前用时 0.01 秒
2026-03-09 23:11:30,476 - INFO - 将种子集 写入位置: /home/wen/work/coup_spread/network.netDog/2026-3-22/seeds-with-network.netDog/log_continuous_1hop_sort_seedNum-140_SSRNum-50000.txt
2026-03-09 23:11:30,477 - INFO - 评估种子集: None
2026-03-09 23:11:30,477 - INFO - 多进程评估开始，共有 6 个方法待评估...
2026-03-09 23:11:30,477 - INFO - 启动进程池，Worker数量: 6
2026-03-09 23:11:31,219 - INFO - [Process 630042] 开始评估方法: random, 种子数: 140
2026-03-09 23:11:31,793 - INFO - [Process 630043] 开始评估方法: degreeTopM, 种子数: 140
2026-03-09 23:11:32,369 - INFO - [Process 630044] 开始评估方法: pageRank, 种子数: 140
2026-03-09 23:11:32,944 - INFO - [Process 630045] 开始评估方法: alpha_sort, 种子数: 140
2026-03-09 23:11:33,502 - INFO - [Process 630046] 开始评估方法: ris_optimized, 种子数: 140
2026-03-09 23:11:33,522 - INFO - [degreeTopM - 种子:140] 拉新:37.2人 | 总销量:37.8单 | 品牌曝光:202.4次 | 🌟综合得分:57.8
2026-03-09 23:11:33,801 - INFO - [random - 种子:140] 拉新:64.9人 | 总销量:65.3单 | 品牌曝光:239.8次 | 🌟综合得分:89.1
2026-03-09 23:11:34,038 - INFO - [pageRank - 种子:140] 拉新:37.3人 | 总销量:37.9单 | 品牌曝光:203.0次 | 🌟综合得分:57.9
2026-03-09 23:11:34,098 - INFO - [Process 630047] 开始评估方法: 1hop_sort, 种子数: 140
2026-03-09 23:11:34,640 - INFO - [alpha_sort - 种子:140] 拉新:93.3人 | 总销量:93.8单 | 品牌曝光:203.2次 | 🌟综合得分:113.9
2026-03-09 23:11:35,857 - INFO - [ris_optimized - 种子:140] 拉新:82.4人 | 总销量:82.9单 | 品牌曝光:234.0次 | 🌟综合得分:106.1
2026-03-09 23:11:35,898 - INFO - [1hop_sort - 种子:140] 拉新:94.3人 | 总销量:96.1单 | 品牌曝光:215.1次 | 🌟综合得分:116.7
2026-03-09 23:11:35,928 - INFO - 所有进程执行完毕，开始写入数据...
2026-03-09 23:11:35,932 - INFO - 成功写入 6 条记录至 /home/wen/work/coup_spread/gzc-impl/results/network.netDog/2026-3-22/log_continuous_SSRNum-50000-_seedNum-140_simuTimes-500.csv
2026-03-09 23:11:35,932 - INFO - 保存评估文件至: /home/wen/work/coup_spread/gzc-impl/results/network.netDog/2026-3-22/log_continuous_SSRNum-50000-_seedNum-140_simuTimes-500.csv
2026-03-09 23:11:35,942 - INFO - 加载数据集: network.netDog
2026-03-09 23:11:35,943 - INFO - --- 矩阵分析 ---
2026-03-09 23:11:35,943 - INFO - 节点数 (N): 4502
2026-03-09 23:11:35,943 - INFO - 边数 (E): 29580
2026-03-09 23:11:35,943 - INFO - 密度 (Density): 0.00145944 (越小越稀疏)
2026-03-09 23:11:35,943 - INFO - 稀疏度 (Sparsity): 0.99854056 (越接近1越稀疏)
2026-03-09 23:11:35,943 - INFO - 平均度数 (Avg Degree): 6.57
2026-03-09 23:11:35,943 - INFO - 首次生成度相关概率分布 分布类型: 'log_continuous'.
2026-03-09 23:11:35,943 - INFO - ===> Generating 'Log-Continuous' distributions for Real Graph...
2026-03-09 23:11:35,985 - INFO - 保存概率分布 文件位置: /home/wen/work/coup_spread/network.netDog/2026-3-22/distribution-in-network.netDog/distribution-log_continuous_seedNum-150.pkl
2026-03-09 23:11:36,025 - INFO - 首次生成种子集 random
2026-03-09 23:11:36,025 - INFO - 执行当前算法开始: random
2026-03-09 23:11:36,025 - INFO - 数据集节点总数:  n = 4502, m = 150
2026-03-09 23:11:36,026 - INFO - 选择 150  [1386, 1666, 1610, 2532, 1790, 2986, 3916, 2889, 2224, 4109, 3015, 341, 3122, 4436, 426, 2364, 2534, 350, 1376, 1226, 1557, 329, 484, 519, 2852, 4176, 804, 2466, 78, 299, 1298, 3711, 3213, 2073, 1206, 3866, 1385, 2196, 3327, 2188, 3877, 2980, 3694, 3785, 2072, 4135, 3778, 4450, 3655, 119, 2449, 2921, 4487, 3893, 640, 4275, 2850, 3950, 4476, 4440, 1971, 3735, 1515, 4015, 2145, 1114, 1859, 1680, 1695, 945, 2631, 3024, 223, 603, 2849, 197, 1016, 3470, 2105, 4217, 3409, 991, 2627, 1081, 3276, 3128, 3653, 600, 3290, 1412, 2186, 3758, 2692, 1799, 2769, 3357, 3659, 2228, 2339, 2805, 2551, 2592, 2749, 473, 1540, 1587, 2225, 1797, 3529, 4028, 2660, 3718, 1764, 3662, 910, 4003, 2938, 1252, 4317, 2502, 4461, 1278, 3242, 402, 3495, 675, 3323, 478, 360, 2005, 3847, 1935, 1885, 3963, 4105, 2114, 2153, 3609, 508, 4082, 2760, 3776, 3754, 3427, 1817, 653, 2716, 4155, 2481, 3695]

2026-03-09 23:11:36,026 - INFO - 当前用时 0.00 秒
2026-03-09 23:11:36,026 - INFO - 将种子集 写入位置: /home/wen/work/coup_spread/network.netDog/2026-3-22/seeds-with-network.netDog/log_continuous_random_seedNum-150_SSRNum-50000.txt
2026-03-09 23:11:36,026 - INFO - 首次生成种子集 degreeTopM
2026-03-09 23:11:36,026 - INFO - 执行当前算法开始: degreeTopM
2026-03-09 23:11:36,026 - INFO - 依据: 选择连接数（度数）最多的节点。
2026-03-09 23:11:36,027 - INFO - 选择的 Top M 节点及其度数:
2026-03-09 23:11:36,027 - INFO - 
2026-03-09 23:11:36,027 - INFO - 当前用时 0.00 秒
2026-03-09 23:11:36,027 - INFO - 将种子集 写入位置: /home/wen/work/coup_spread/network.netDog/2026-3-22/seeds-with-network.netDog/log_continuous_degreeTopM_seedNum-150_SSRNum-50000.txt
2026-03-09 23:11:36,027 - INFO - 首次生成种子集 pageRank
2026-03-09 23:11:36,027 - INFO - 执行当前算法开始: pageRank
2026-03-09 23:11:36,027 - INFO - --- Running: PageRank (on tranProMatrix) Top M ---
2026-03-09 23:11:36,294 - INFO - Selected PageRank seeds: [79, 135, 83, 16, 45, 133, 243, 36, 33, 12, 2, 125, 4, 167, 38, 77, 19, 17, 128, 129, 62, 329, 13, 35, 294, 14, 414, 318, 162, 26, 37, 15, 93, 46, 192, 61, 164, 279, 359, 120, 693, 123, 934, 52, 755, 254, 221, 127, 107, 208, 91, 183, 264, 152, 291, 223, 141, 316, 435, 324, 98, 44, 632, 8, 207, 681, 1157, 405, 104, 142, 150, 263, 916, 169, 583, 237, 261, 228, 1080, 526, 440, 165, 274, 22, 832, 811, 224, 292, 273, 564, 980, 54, 502, 112, 347, 173, 23, 1110, 1047, 194, 1018, 570, 976, 385, 1141, 235, 922, 615, 761, 262, 497, 63, 655, 812, 64, 616, 60, 301, 24, 298, 372, 248, 1287, 730, 960, 869, 72, 240, 594, 131, 238, 53, 280, 1081, 1392, 1419, 182, 784, 86, 1241, 1528, 929, 463, 419, 399, 687, 1418, 870, 1298, 1076]
2026-03-09 23:11:36,294 - INFO - 当前用时 0.27 秒
2026-03-09 23:11:36,294 - INFO - 将种子集 写入位置: /home/wen/work/coup_spread/network.netDog/2026-3-22/seeds-with-network.netDog/log_continuous_pageRank_seedNum-150_SSRNum-50000.txt
2026-03-09 23:11:36,294 - INFO - 首次生成种子集 alpha_sort
2026-03-09 23:11:36,295 - INFO - 执行当前算法开始: alpha_sort
2026-03-09 23:11:36,297 - INFO - 4502 个节点的alpha值降序排序 done
2026-03-09 23:11:36,297 - INFO - ==============>> [(4282, np.float64(0.7290975887223766)), (4051, np.float64(0.6760551453688708)), (609, np.float64(0.6756264982628423)), (2727, np.float64(0.6679304012729405)), (4474, np.float64(0.6643623931071923)), (2303, np.float64(0.6635722057180735)), (4020, np.float64(0.6582483689130271)), (1503, np.float64(0.6452302620942402)), (2629, np.float64(0.6446953899862559)), (2806, np.float64(0.6429230744885913))]
2026-03-09 23:11:36,297 - INFO - 
选择的种子集 (按alpha排序): [4282, 4051, 609, 2727, 4474, 2303, 4020, 1503, 2629, 2806, 676, 4111, 1585, 4201, 4100, 4286, 3438, 569, 1, 2922, 4064, 2031, 2127, 1879, 4253, 647, 4231, 1377, 3466, 4124, 365, 2297, 3686, 1189, 3920, 1648, 721, 582, 4477, 829, 2132, 952, 630, 2851, 3219, 1015, 1386, 710, 3941, 3498, 4127, 2269, 2839, 3279, 3597, 111, 2889, 1164, 3542, 3492, 3440, 2775, 4382, 2473, 2453, 4107, 2652, 1160, 3774, 3367, 3191, 2911, 3339, 3767, 3548, 1005, 1776, 1735, 3968, 2924, 1591, 848, 269, 3030, 3294, 977, 1940, 3624, 1098, 4224, 4457, 1729, 2708, 2651, 2285, 4339, 469, 3631, 117, 3718, 4021, 3504, 3041, 3760, 4142, 2587, 1277, 3172, 2260, 1214, 1325, 1150, 311, 3882, 4001, 4499, 1929, 3634, 851, 4170, 3488, 887, 2921, 34, 2783, 3032, 3859, 805, 179, 1119, 1716, 3355, 2049, 2385, 3969, 2242, 3784, 646, 932, 80, 4098, 737, 1062, 4436, 1888, 2616, 2074, 941, 3989, 2863]

2026-03-09 23:11:36,297 - INFO - 当前用时 0.00 秒
2026-03-09 23:11:36,297 - INFO - 将种子集 写入位置: /home/wen/work/coup_spread/network.netDog/2026-3-22/seeds-with-network.netDog/log_continuous_alpha_sort_seedNum-150_SSRNum-50000.txt
2026-03-09 23:11:36,297 - INFO - 首次生成种子集 ris_optimized
2026-03-09 23:11:36,297 - INFO - 执行当前算法开始: ris_optimized
2026-03-09 23:11:36,528 - INFO - 图初始化完成，节点数: 4502，当前模式: 优化采样
2026-03-09 23:11:36,528 - INFO - 开始生成 50000 组多重RR-Set...
2026-03-09 23:11:50,568 - INFO - 生成完毕。耗时: 14.04 秒。
2026-03-09 23:11:50,581 - INFO - 开始基于多重RR集贪心选择最优种子...
2026-03-09 23:11:55,524 - INFO - 选种完毕。耗时: 4.94 秒。估算范围: 207.43
2026-03-09 23:11:56,283 - INFO - 当前用时 19.99 秒
2026-03-09 23:11:56,283 - INFO - 将种子集 写入位置: /home/wen/work/coup_spread/network.netDog/2026-3-22/seeds-with-network.netDog/log_continuous_ris_optimized_seedNum-150_SSRNum-50000.txt
2026-03-09 23:11:56,284 - INFO - 首次生成种子集 1hop_sort
2026-03-09 23:11:56,284 - INFO - 执行当前算法开始: 1hop_sort
2026-03-09 23:11:56,284 - INFO - --- Running: Teacher's 1-Hop Expected Spread Sort ---
2026-03-09 23:11:56,291 - INFO - 选出的前 5 个种子得分展示: [1.10072033 1.047748   1.04082238 1.01632993 0.99050527]
2026-03-09 23:11:56,291 - INFO - 当前用时 0.01 秒
2026-03-09 23:11:56,291 - INFO - 将种子集 写入位置: /home/wen/work/coup_spread/network.netDog/2026-3-22/seeds-with-network.netDog/log_continuous_1hop_sort_seedNum-150_SSRNum-50000.txt
2026-03-09 23:11:56,293 - INFO - 评估种子集: None
2026-03-09 23:11:56,293 - INFO - 多进程评估开始，共有 6 个方法待评估...
2026-03-09 23:11:56,293 - INFO - 启动进程池，Worker数量: 6
2026-03-09 23:11:57,098 - INFO - [Process 630663] 开始评估方法: random, 种子数: 150
2026-03-09 23:11:57,679 - INFO - [Process 630664] 开始评估方法: degreeTopM, 种子数: 150
2026-03-09 23:11:58,263 - INFO - [Process 630665] 开始评估方法: pageRank, 种子数: 150
2026-03-09 23:11:58,848 - INFO - [Process 630666] 开始评估方法: alpha_sort, 种子数: 150
2026-03-09 23:11:59,436 - INFO - [Process 630667] 开始评估方法: ris_optimized, 种子数: 150
2026-03-09 23:11:59,500 - INFO - [degreeTopM - 种子:150] 拉新:40.6人 | 总销量:41.3单 | 品牌曝光:218.7次 | 🌟综合得分:62.8
2026-03-09 23:11:59,603 - INFO - [random - 种子:150] 拉新:68.5人 | 总销量:69.0单 | 品牌曝光:249.9次 | 🌟综合得分:93.7
2026-03-09 23:12:00,041 - INFO - [Process 630668] 开始评估方法: 1hop_sort, 种子数: 150
2026-03-09 23:12:00,092 - INFO - [pageRank - 种子:150] 拉新:41.0人 | 总销量:41.6单 | 品牌曝光:219.5次 | 🌟综合得分:63.2
2026-03-09 23:12:00,607 - INFO - [alpha_sort - 种子:150] 拉新:101.1人 | 总销量:101.7单 | 品牌曝光:218.5次 | 🌟综合得分:123.3
2026-03-09 23:12:01,911 - INFO - [ris_optimized - 种子:150] 拉新:87.7人 | 总销量:88.0单 | 品牌曝光:251.0次 | 🌟综合得分:112.9
2026-03-09 23:12:01,994 - INFO - [1hop_sort - 种子:150] 拉新:100.0人 | 总销量:103.6单 | 品牌曝光:229.8次 | 🌟综合得分:124.8
2026-03-09 23:12:02,031 - INFO - 所有进程执行完毕，开始写入数据...
2026-03-09 23:12:02,046 - INFO - 成功写入 6 条记录至 /home/wen/work/coup_spread/gzc-impl/results/network.netDog/2026-3-22/log_continuous_SSRNum-50000-_seedNum-150_simuTimes-500.csv
2026-03-09 23:12:02,047 - INFO - 保存评估文件至: /home/wen/work/coup_spread/gzc-impl/results/network.netDog/2026-3-22/log_continuous_SSRNum-50000-_seedNum-150_simuTimes-500.csv
