2025-12-21 14:41:12,490 - INFO - 加载数据集: students
2025-12-21 14:41:12,491 - INFO - 首次生成度相关概率分布 分布类型: 'random'.
2025-12-21 14:41:12,491 - INFO - ===> Generating 'Dirichlet' distributions with alpha=[1, 1, 1]...
2025-12-21 14:41:12,492 - INFO - 保存概率分布 文件位置: /root/pythonspace/data-test/students/2025-12-21/distribution-in-students/distribution-random_seedNum-44.pkl
2025-12-21 14:41:12,494 - INFO - 首次生成种子集 random
2025-12-21 14:41:12,495 - INFO - 执行当前算法开始: random
2025-12-21 14:41:12,495 - INFO - 数据集节点总数:  n = 84, m = 44
2025-12-21 14:41:12,495 - INFO - 选择 44  [37, 63, 46, 17, 71, 35, 26, 70, 39, 47, 56, 45, 5, 44, 67, 58, 75, 72, 80, 43, 60, 54, 50, 49, 68, 36, 66, 1, 4, 16, 19, 59, 18, 77, 0, 57, 78, 30, 82, 15, 40, 34, 2, 8]

2025-12-21 14:41:12,495 - INFO - 当前用时 0.00 秒
2025-12-21 14:41:12,495 - INFO - 将种子集 写入位置: /root/pythonspace/data-test/students/2025-12-21/seeds-with-students/random_random_seedNum-44_SSRNum-60000.txt
2025-12-21 14:41:12,495 - INFO - 首次生成种子集 degreeTopM
2025-12-21 14:41:12,495 - INFO - 执行当前算法开始: degreeTopM
2025-12-21 14:41:12,495 - INFO - 依据: 选择连接数（度数）最多的节点。
2025-12-21 14:41:12,496 - INFO - 选择的 Top M 节点及其度数:
2025-12-21 14:41:12,496 - INFO - 
2025-12-21 14:41:12,496 - INFO - 当前用时 0.00 秒
2025-12-21 14:41:12,496 - INFO - 将种子集 写入位置: /root/pythonspace/data-test/students/2025-12-21/seeds-with-students/random_degreeTopM_seedNum-44_SSRNum-60000.txt
2025-12-21 14:41:12,496 - INFO - 首次生成种子集 pageRank
2025-12-21 14:41:12,496 - INFO - 执行当前算法开始: pageRank
2025-12-21 14:41:12,496 - INFO - --- Running: PageRank (on tranProMatrix) Top M ---
2025-12-21 14:41:12,545 - INFO - Selected PageRank seeds: [38, 0, 10, 18, 24, 40, 71, 81, 23, 29, 31, 82, 17, 58, 41, 8, 37, 35, 2, 83, 59, 5, 53, 70, 11, 57, 14, 68, 19, 66, 4, 61, 22, 26, 36, 72, 6, 49, 15, 9, 45, 65, 21, 30]
2025-12-21 14:41:12,545 - INFO - 当前用时 0.05 秒
2025-12-21 14:41:12,546 - INFO - 将种子集 写入位置: /root/pythonspace/data-test/students/2025-12-21/seeds-with-students/random_pageRank_seedNum-44_SSRNum-60000.txt
2025-12-21 14:41:12,546 - INFO - 首次生成种子集 alpha_sort
2025-12-21 14:41:12,546 - INFO - 执行当前算法开始: alpha_sort
2025-12-21 14:41:12,546 - INFO - 84 个节点的alpha值降序排序 done
2025-12-21 14:41:12,546 - INFO - ==============>> [(16, 0.7859216), (17, 0.7572658), (64, 0.7480834), (46, 0.7368349), (55, 0.7317287), (41, 0.7080557), (23, 0.7038808), (32, 0.6912171), (51, 0.6906068), (36, 0.6507135)]
2025-12-21 14:41:12,546 - INFO - 
选择的种子集 (按alpha排序): [16, 17, 64, 46, 55, 41, 23, 32, 51, 36, 26, 60, 61, 6, 14, 20, 25, 31, 28, 21, 13, 48, 0, 39, 65, 33, 15, 74, 18, 27, 30, 78, 70, 71, 43, 35, 66, 11, 57, 62, 38, 4, 77, 80]

2025-12-21 14:41:12,546 - INFO - 当前用时 0.00 秒
2025-12-21 14:41:12,547 - INFO - 将种子集 写入位置: /root/pythonspace/data-test/students/2025-12-21/seeds-with-students/random_alpha_sort_seedNum-44_SSRNum-60000.txt
2025-12-21 14:41:12,547 - INFO - 首次生成种子集 importance_sort
2025-12-21 14:41:12,547 - INFO - 执行当前算法开始: importance_sort
2025-12-21 14:41:12,558 - INFO - 84 个节点的Importance值降序排序 done
2025-12-21 14:41:12,559 - INFO - 
选择的种子集 (按Importance排序): [28, 39, 65, 71, 66, 16, 17, 79, 64, 46, 55, 41, 23, 58, 32, 51, 68, 10, 29, 36, 26, 60, 61, 6, 14, 20, 25, 31, 24, 37, 21, 13, 48, 7, 0, 33, 15, 74, 18, 27, 30, 78, 70, 43]

2025-12-21 14:41:12,559 - INFO - 当前用时 0.01 秒
2025-12-21 14:41:12,559 - INFO - 将种子集 写入位置: /root/pythonspace/data-test/students/2025-12-21/seeds-with-students/random_importance_sort_seedNum-44_SSRNum-60000.txt
2025-12-21 14:41:12,559 - INFO - 首次生成种子集 ris_coverage
2025-12-21 14:41:12,559 - INFO - 执行当前算法开始: ris_coverage
2025-12-21 14:41:12,560 - INFO - 图初始化完成，节点数: 84，CSR 矩阵准备就绪。
2025-12-21 14:41:12,560 - INFO - 
开始生成 60000 组 SSR (并行进程: 8)...
2025-12-21 14:41:27,298 - INFO - 生成完毕。耗时: 14.74 秒。
2025-12-21 14:41:27,299 - INFO - 
开始选择最优种子 (Optimized Greedy) ...
2025-12-21 14:41:32,121 - INFO -   - 券 1/44 选中节点 56, 新增覆盖 1323
2025-12-21 14:41:32,132 - INFO -   - 券 2/44 选中节点 20, 新增覆盖 1173
2025-12-21 14:41:32,138 - INFO -   - 券 3/44 选中节点 51, 新增覆盖 1126
2025-12-21 14:41:32,145 - INFO -   - 券 4/44 选中节点 64, 新增覆盖 1106
2025-12-21 14:41:32,152 - INFO -   - 券 5/44 选中节点 32, 新增覆盖 999
2025-12-21 14:41:32,158 - INFO -   - 券 6/44 选中节点 3, 新增覆盖 948
2025-12-21 14:41:32,164 - INFO -   - 券 7/44 选中节点 23, 新增覆盖 934
2025-12-21 14:41:32,171 - INFO -   - 券 8/44 选中节点 67, 新增覆盖 920
2025-12-21 14:41:32,177 - INFO -   - 券 9/44 选中节点 78, 新增覆盖 905
2025-12-21 14:41:32,184 - INFO -   - 券 10/44 选中节点 17, 新增覆盖 871
2025-12-21 14:41:32,191 - INFO -   - 券 11/44 选中节点 39, 新增覆盖 825
2025-12-21 14:41:32,201 - INFO -   - 券 12/44 选中节点 28, 新增覆盖 762
2025-12-21 14:41:32,207 - INFO -   - 券 13/44 选中节点 55, 新增覆盖 740
2025-12-21 14:41:32,213 - INFO -   - 券 14/44 选中节点 27, 新增覆盖 714
2025-12-21 14:41:32,220 - INFO -   - 券 15/44 选中节点 14, 新增覆盖 699
2025-12-21 14:41:32,226 - INFO -   - 券 16/44 选中节点 74, 新增覆盖 699
2025-12-21 14:41:32,232 - INFO -   - 券 17/44 选中节点 36, 新增覆盖 678
2025-12-21 14:41:32,238 - INFO -   - 券 18/44 选中节点 15, 新增覆盖 676
2025-12-21 14:41:32,244 - INFO -   - 券 19/44 选中节点 6, 新增覆盖 647
2025-12-21 14:41:32,255 - INFO -   - 券 20/44 选中节点 21, 新增覆盖 621
2025-12-21 14:41:32,261 - INFO -   - 券 21/44 选中节点 43, 新增覆盖 611
2025-12-21 14:41:32,267 - INFO -   - 券 22/44 选中节点 66, 新增覆盖 576
2025-12-21 14:41:32,273 - INFO -   - 券 23/44 选中节点 52, 新增覆盖 565
2025-12-21 14:41:32,280 - INFO -   - 券 24/44 选中节点 60, 新增覆盖 592
2025-12-21 14:41:32,286 - INFO -   - 券 25/44 选中节点 11, 新增覆盖 533
2025-12-21 14:41:32,296 - INFO -   - 券 26/44 选中节点 72, 新增覆盖 514
2025-12-21 14:41:32,302 - INFO -   - 券 27/44 选中节点 46, 新增覆盖 510
2025-12-21 14:41:32,308 - INFO -   - 券 28/44 选中节点 33, 新增覆盖 513
2025-12-21 14:41:32,313 - INFO -   - 券 29/44 选中节点 58, 新增覆盖 485
2025-12-21 14:41:32,319 - INFO -   - 券 30/44 选中节点 65, 新增覆盖 483
2025-12-21 14:41:32,324 - INFO -   - 券 31/44 选中节点 62, 新增覆盖 460
2025-12-21 14:41:32,330 - INFO -   - 券 32/44 选中节点 53, 新增覆盖 437
2025-12-21 14:41:32,340 - INFO -   - 券 33/44 选中节点 44, 新增覆盖 434
2025-12-21 14:41:32,345 - INFO -   - 券 34/44 选中节点 12, 新增覆盖 420
2025-12-21 14:41:32,351 - INFO -   - 券 35/44 选中节点 57, 新增覆盖 401
2025-12-21 14:41:32,356 - INFO -   - 券 36/44 选中节点 30, 新增覆盖 418
2025-12-21 14:41:32,361 - INFO -   - 券 37/44 选中节点 25, 新增覆盖 418
2025-12-21 14:41:32,366 - INFO -   - 券 38/44 选中节点 8, 新增覆盖 380
2025-12-21 14:41:32,371 - INFO -   - 券 39/44 选中节点 13, 新增覆盖 394
2025-12-21 14:41:32,381 - INFO -   - 券 40/44 选中节点 35, 新增覆盖 370
2025-12-21 14:41:32,386 - INFO -   - 券 41/44 选中节点 79, 新增覆盖 378
2025-12-21 14:41:32,391 - INFO -   - 券 42/44 选中节点 76, 新增覆盖 367
2025-12-21 14:41:32,396 - INFO -   - 券 43/44 选中节点 48, 新增覆盖 337
2025-12-21 14:41:32,401 - INFO -   - 券 44/44 选中节点 61, 新增覆盖 338
2025-12-21 14:41:32,401 - INFO - 选种完毕。耗时: 5.10 秒。
2025-12-21 14:41:32,508 - INFO - 最终选择的种子集: [56, 20, 51, 64, 32, 3, 23, 67, 78, 17, 39, 28, 55, 27, 14, 74, 36, 15, 6, 21, 43, 66, 52, 60, 11, 72, 46, 33, 58, 65, 62, 53, 44, 12, 57, 30, 25, 8, 13, 35, 79, 76, 48, 61]

2025-12-21 14:41:33,063 - INFO - 当前用时 20.50 秒
2025-12-21 14:41:33,063 - INFO - 将种子集 写入位置: /root/pythonspace/data-test/students/2025-12-21/seeds-with-students/random_ris_coverage_seedNum-44_SSRNum-60000.txt
2025-12-21 14:41:33,064 - INFO - 首次生成种子集 monterCarlo
2025-12-21 14:41:33,064 - INFO - 执行当前算法开始: monterCarlo
2025-12-21 14:41:33,064 - INFO - --- Running: Monte Carlo Selection (L=100) ---
2025-12-21 14:41:33,064 - INFO - 依据: 对每个节点进行 100 次模拟实验，评估其平均激活贡献。
2025-12-21 14:41:33,064 - INFO - 正在模拟评估第 0/84 个节点...
2025-12-21 14:41:33,259 - INFO - 蒙特卡洛评估完成。最高期望激活值为: 0.9000
2025-12-21 14:41:33,260 - INFO - 选择的种子集: [51, 41, 16, 31, 20, 64, 61, 23, 17, 6] ...
2025-12-21 14:41:33,260 - INFO - 当前用时 0.20 秒
2025-12-21 14:41:33,260 - INFO - 将种子集 写入位置: /root/pythonspace/data-test/students/2025-12-21/seeds-with-students/random_monterCarlo_seedNum-44_SSRNum-60000.txt
2025-12-21 14:41:33,260 - INFO - 评估种子集: None
2025-12-21 14:41:33,261 - INFO - 多进程评估开始，共有 7 个方法待评估...
2025-12-21 14:41:33,261 - INFO - 启动进程池，Worker数量: 7
2025-12-21 14:41:33,326 - INFO - [Process 3021] 开始评估方法: random, 种子数: 44
2025-12-21 14:41:33,327 - INFO - [Process 3022] 开始评估方法: degreeTopM, 种子数: 44
2025-12-21 14:41:33,329 - INFO - [Process 3023] 开始评估方法: pageRank, 种子数: 44
2025-12-21 14:41:33,333 - INFO - [Process 3024] 开始评估方法: alpha_sort, 种子数: 44
2025-12-21 14:41:33,338 - INFO - [Process 3025] 开始评估方法: importance_sort, 种子数: 44
2025-12-21 14:41:33,346 - INFO - [Process 3026] 开始评估方法: ris_coverage, 种子数: 44
2025-12-21 14:41:33,346 - INFO - [Process 3028] 开始评估方法: monterCarlo, 种子数: 44
2025-12-21 14:41:33,710 - INFO - [Process 3026] ris_coverage - 300 sims 完成: E=24.53
2025-12-21 14:41:33,748 - INFO - [Process 3021] random - 300 sims 完成: E=19.21
2025-12-21 14:41:33,770 - INFO - [Process 3025] importance_sort - 300 sims 完成: E=26.28
2025-12-21 14:41:33,804 - INFO - [Process 3024] alpha_sort - 300 sims 完成: E=27.18
2025-12-21 14:41:33,911 - INFO - [Process 3023] pageRank - 300 sims 完成: E=21.41
2025-12-21 14:41:33,937 - INFO - [Process 3022] degreeTopM - 300 sims 完成: E=20.31
2025-12-21 14:41:34,008 - INFO - [Process 3028] monterCarlo - 300 sims 完成: E=27.51
2025-12-21 14:41:34,041 - INFO - 所有进程执行完毕，开始写入数据...
2025-12-21 14:41:34,048 - INFO - 成功写入 7 条记录至 /root/pythonspace/data-test/students/2025-12-21/E-activated-students/distribution-random_simuTimes-300_seedNum-44_monteCarloL-10_rrNumSamples-60000.csv
2025-12-21 14:41:34,049 - INFO - 保存评估文件至: /root/pythonspace/data-test/students/2025-12-21/E-activated-students/distribution-random_simuTimes-300_seedNum-44_monteCarloL-10_rrNumSamples-60000.csv
