2025-12-21 14:35:36,409 - INFO - 加载数据集: students
2025-12-21 14:35:36,414 - INFO - 首次生成度相关概率分布 分布类型: 'random'.
2025-12-21 14:35:36,414 - INFO - ===> Generating 'Dirichlet' distributions with alpha=[1, 1, 1]...
2025-12-21 14:35:36,415 - INFO - 保存概率分布 文件位置: /root/pythonspace/data-test/students/2025-12-21/distribution-in-students/distribution-random_seedNum-77.pkl
2025-12-21 14:35:36,417 - INFO - 首次生成种子集 random
2025-12-21 14:35:36,418 - INFO - 执行当前算法开始: random
2025-12-21 14:35:36,418 - INFO - 数据集节点总数:  n = 84, m = 77
2025-12-21 14:35:36,418 - INFO - 选择 77  [58, 72, 29, 28, 17, 7, 75, 48, 82, 0, 9, 78, 2, 32, 35, 30, 13, 44, 51, 73, 25, 34, 45, 41, 79, 36, 12, 15, 65, 23, 56, 52, 19, 55, 10, 21, 64, 20, 26, 54, 43, 42, 63, 61, 22, 1, 67, 66, 31, 60, 81, 6, 69, 16, 3, 27, 83, 14, 46, 24, 53, 33, 39, 11, 68, 59, 4, 62, 77, 80, 49, 40, 37, 5, 18, 76, 8]

2025-12-21 14:35:36,418 - INFO - 当前用时 0.00 秒
2025-12-21 14:35:36,418 - INFO - 将种子集 写入位置: /root/pythonspace/data-test/students/2025-12-21/seeds-with-students/random_random_seedNum-77_SSRNum-60000.txt
2025-12-21 14:35:36,418 - INFO - 首次生成种子集 degreeTopM
2025-12-21 14:35:36,418 - INFO - 执行当前算法开始: degreeTopM
2025-12-21 14:35:36,419 - INFO - 依据: 选择连接数（度数）最多的节点。
2025-12-21 14:35:36,419 - INFO - 选择的 Top M 节点及其度数:
2025-12-21 14:35:36,419 - INFO - 
2025-12-21 14:35:36,419 - INFO - 当前用时 0.00 秒
2025-12-21 14:35:36,419 - INFO - 将种子集 写入位置: /root/pythonspace/data-test/students/2025-12-21/seeds-with-students/random_degreeTopM_seedNum-77_SSRNum-60000.txt
2025-12-21 14:35:36,419 - INFO - 首次生成种子集 pageRank
2025-12-21 14:35:36,419 - INFO - 执行当前算法开始: pageRank
2025-12-21 14:35:36,419 - INFO - --- Running: PageRank (on tranProMatrix) Top M ---
2025-12-21 14:35:36,461 - INFO - Selected PageRank seeds: [38, 0, 10, 18, 24, 40, 71, 81, 23, 29, 31, 82, 17, 58, 41, 8, 37, 35, 2, 83, 59, 5, 53, 70, 11, 57, 14, 68, 19, 66, 4, 61, 22, 26, 36, 72, 6, 49, 15, 9, 45, 65, 21, 30, 79, 28, 39, 16, 69, 33, 44, 50, 48, 74, 20, 55, 60, 62, 43, 13, 63, 32, 47, 34, 51, 42, 76, 12, 75, 73, 3, 27, 78, 7, 67, 56, 64]
2025-12-21 14:35:36,461 - INFO - 当前用时 0.04 秒
2025-12-21 14:35:36,461 - INFO - 将种子集 写入位置: /root/pythonspace/data-test/students/2025-12-21/seeds-with-students/random_pageRank_seedNum-77_SSRNum-60000.txt
2025-12-21 14:35:36,462 - INFO - 首次生成种子集 alpha_sort
2025-12-21 14:35:36,462 - INFO - 执行当前算法开始: alpha_sort
2025-12-21 14:35:36,463 - INFO - 84 个节点的alpha值降序排序 done
2025-12-21 14:35:36,464 - INFO - ==============>> [(38, 0.8910357), (50, 0.7847624), (70, 0.7770491), (62, 0.7583977), (83, 0.7579495), (10, 0.7291891), (47, 0.7198046), (5, 0.7155974), (68, 0.6971027), (46, 0.6912377)]
2025-12-21 14:35:36,464 - INFO - 
选择的种子集 (按alpha排序): [38, 50, 70, 62, 83, 10, 47, 5, 68, 46, 61, 25, 9, 67, 7, 40, 15, 30, 64, 80, 48, 72, 55, 31, 63, 59, 42, 58, 41, 65, 33, 79, 16, 19, 12, 45, 11, 39, 34, 66, 49, 52, 76, 1, 43, 17, 29, 2, 0, 21, 26, 69, 57, 56, 32, 13, 54, 24, 22, 71, 27, 60, 74, 28, 20, 53, 73, 18, 37, 14, 3, 35, 51, 4, 6, 36, 78]

2025-12-21 14:35:36,464 - INFO - 当前用时 0.00 秒
2025-12-21 14:35:36,464 - INFO - 将种子集 写入位置: /root/pythonspace/data-test/students/2025-12-21/seeds-with-students/random_alpha_sort_seedNum-77_SSRNum-60000.txt
2025-12-21 14:35:36,464 - INFO - 首次生成种子集 importance_sort
2025-12-21 14:35:36,464 - INFO - 执行当前算法开始: importance_sort
2025-12-21 14:35:36,474 - INFO - 84 个节点的Importance值降序排序 done
2025-12-21 14:35:36,474 - INFO - 
选择的种子集 (按Importance排序): [10, 68, 38, 7, 50, 70, 62, 83, 47, 5, 46, 61, 25, 58, 9, 65, 67, 79, 40, 39, 66, 15, 30, 64, 80, 48, 29, 72, 55, 31, 63, 59, 42, 41, 24, 33, 71, 28, 16, 19, 12, 45, 11, 37, 34, 49, 52, 76, 1, 43, 17, 2, 0, 21, 26, 69, 57, 56, 32, 13, 54, 22, 27, 60, 74, 20, 53, 73, 18, 14, 3, 35, 51, 4, 6, 36, 78]

2025-12-21 14:35:36,474 - INFO - 当前用时 0.01 秒
2025-12-21 14:35:36,475 - INFO - 将种子集 写入位置: /root/pythonspace/data-test/students/2025-12-21/seeds-with-students/random_importance_sort_seedNum-77_SSRNum-60000.txt
2025-12-21 14:35:36,475 - INFO - 首次生成种子集 ris_coverage
2025-12-21 14:35:36,475 - INFO - 执行当前算法开始: ris_coverage
2025-12-21 14:35:36,475 - INFO - 图初始化完成，节点数: 84，CSR 矩阵准备就绪。
2025-12-21 14:35:36,476 - INFO - 
开始生成 60000 组 SSR (并行进程: 8)...
2025-12-21 14:36:01,762 - INFO - 生成完毕。耗时: 25.29 秒。
2025-12-21 14:36:01,763 - INFO - 
开始选择最优种子 (Optimized Greedy) ...
2025-12-21 14:36:11,123 - INFO -   - 券 1/77 选中节点 64, 新增覆盖 1411
2025-12-21 14:36:11,130 - INFO -   - 券 2/77 选中节点 52, 新增覆盖 1302
2025-12-21 14:36:11,137 - INFO -   - 券 3/77 选中节点 7, 新增覆盖 1170
2025-12-21 14:36:11,144 - INFO -   - 券 4/77 选中节点 67, 新增覆盖 1149
2025-12-21 14:36:11,150 - INFO -   - 券 5/77 选中节点 47, 新增覆盖 1054
2025-12-21 14:36:11,156 - INFO -   - 券 6/77 选中节点 68, 新增覆盖 1063
2025-12-21 14:36:11,162 - INFO -   - 券 7/77 选中节点 5, 新增覆盖 976
2025-12-21 14:36:11,168 - INFO -   - 券 8/77 选中节点 70, 新增覆盖 950
2025-12-21 14:36:11,175 - INFO -   - 券 9/77 选中节点 62, 新增覆盖 967
2025-12-21 14:36:11,180 - INFO -   - 券 10/77 选中节点 9, 新增覆盖 869
2025-12-21 14:36:11,186 - INFO -   - 券 11/77 选中节点 42, 新增覆盖 778
2025-12-21 14:36:11,191 - INFO -   - 券 12/77 选中节点 40, 新增覆盖 713
2025-12-21 14:36:11,197 - INFO -   - 券 13/77 选中节点 65, 新增覆盖 700
2025-12-21 14:36:11,207 - INFO -   - 券 14/77 选中节点 56, 新增覆盖 646
2025-12-21 14:36:11,212 - INFO -   - 券 15/77 选中节点 12, 新增覆盖 631
2025-12-21 14:36:11,217 - INFO -   - 券 16/77 选中节点 63, 新增覆盖 620
2025-12-21 14:36:11,223 - INFO -   - 券 17/77 选中节点 83, 新增覆盖 613
2025-12-21 14:36:11,229 - INFO -   - 券 18/77 选中节点 10, 新增覆盖 601
2025-12-21 14:36:11,234 - INFO -   - 券 19/77 选中节点 55, 新增覆盖 611
2025-12-21 14:36:11,240 - INFO -   - 券 20/77 选中节点 19, 新增覆盖 544
2025-12-21 14:36:11,245 - INFO -   - 券 21/77 选中节点 30, 新增覆盖 546
2025-12-21 14:36:11,251 - INFO -   - 券 22/77 选中节点 34, 新增覆盖 548
2025-12-21 14:36:11,261 - INFO -   - 券 23/77 选中节点 33, 新增覆盖 518
2025-12-21 14:36:11,267 - INFO -   - 券 24/77 选中节点 79, 新增覆盖 556
2025-12-21 14:36:11,272 - INFO -   - 券 25/77 选中节点 46, 新增覆盖 521
2025-12-21 14:36:11,277 - INFO -   - 券 26/77 选中节点 72, 新增覆盖 526
2025-12-21 14:36:11,283 - INFO -   - 券 27/77 选中节点 39, 新增覆盖 510
2025-12-21 14:36:11,288 - INFO -   - 券 28/77 选中节点 58, 新增覆盖 484
2025-12-21 14:36:11,294 - INFO -   - 券 29/77 选中节点 11, 新增覆盖 453
2025-12-21 14:36:11,303 - INFO -   - 券 30/77 选中节点 25, 新增覆盖 446
2025-12-21 14:36:11,309 - INFO -   - 券 31/77 选中节点 45, 新增覆盖 453
2025-12-21 14:36:11,314 - INFO -   - 券 32/77 选中节点 41, 新增覆盖 425
2025-12-21 14:36:11,319 - INFO -   - 券 33/77 选中节点 15, 新增覆盖 438
2025-12-21 14:36:11,324 - INFO -   - 券 34/77 选中节点 43, 新增覆盖 402
2025-12-21 14:36:11,328 - INFO -   - 券 35/77 选中节点 59, 新增覆盖 430
2025-12-21 14:36:11,333 - INFO -   - 券 36/77 选中节点 48, 新增覆盖 372
2025-12-21 14:36:11,341 - INFO -   - 券 37/77 选中节点 76, 新增覆盖 394
2025-12-21 14:36:11,346 - INFO -   - 券 38/77 选中节点 57, 新增覆盖 359
2025-12-21 14:36:11,351 - INFO -   - 券 39/77 选中节点 73, 新增覆盖 368
2025-12-21 14:36:11,355 - INFO -   - 券 40/77 选中节点 13, 新增覆盖 348
2025-12-21 14:36:11,359 - INFO -   - 券 41/77 选中节点 80, 新增覆盖 344
2025-12-21 14:36:11,364 - INFO -   - 券 42/77 选中节点 66, 新增覆盖 345
2025-12-21 14:36:11,368 - INFO -   - 券 43/77 选中节点 21, 新增覆盖 342
2025-12-21 14:36:11,373 - INFO -   - 券 44/77 选中节点 61, 新增覆盖 335
2025-12-21 14:36:11,377 - INFO -   - 券 45/77 选中节点 27, 新增覆盖 333
2025-12-21 14:36:11,382 - INFO -   - 券 46/77 选中节点 49, 新增覆盖 335
2025-12-21 14:36:11,386 - INFO -   - 券 47/77 选中节点 17, 新增覆盖 323
2025-12-21 14:36:11,390 - INFO -   - 券 48/77 选中节点 29, 新增覆盖 312
2025-12-21 14:36:11,394 - INFO -   - 券 49/77 选中节点 20, 新增覆盖 294
2025-12-21 14:36:11,398 - INFO -   - 券 50/77 选中节点 3, 新增覆盖 321
2025-12-21 14:36:11,402 - INFO -   - 券 51/77 选中节点 69, 新增覆盖 269
2025-12-21 14:36:11,411 - INFO -   - 券 52/77 选中节点 28, 新增覆盖 298
2025-12-21 14:36:11,415 - INFO -   - 券 53/77 选中节点 26, 新增覆盖 283
2025-12-21 14:36:11,419 - INFO -   - 券 54/77 选中节点 51, 新增覆盖 262
2025-12-21 14:36:11,423 - INFO -   - 券 55/77 选中节点 2, 新增覆盖 260
2025-12-21 14:36:11,427 - INFO -   - 券 56/77 选中节点 60, 新增覆盖 254
2025-12-21 14:36:11,431 - INFO -   - 券 57/77 选中节点 74, 新增覆盖 262
2025-12-21 14:36:11,435 - INFO -   - 券 58/77 选中节点 32, 新增覆盖 248
2025-12-21 14:36:11,439 - INFO -   - 券 59/77 选中节点 31, 新增覆盖 249
2025-12-21 14:36:11,447 - INFO -   - 券 60/77 选中节点 24, 新增覆盖 246
2025-12-21 14:36:11,451 - INFO -   - 券 61/77 选中节点 53, 新增覆盖 237
2025-12-21 14:36:11,455 - INFO -   - 券 62/77 选中节点 37, 新增覆盖 251
2025-12-21 14:36:11,459 - INFO -   - 券 63/77 选中节点 16, 新增覆盖 238
2025-12-21 14:36:11,463 - INFO -   - 券 64/77 选中节点 35, 新增覆盖 211
2025-12-21 14:36:11,466 - INFO -   - 券 65/77 选中节点 14, 新增覆盖 223
2025-12-21 14:36:11,470 - INFO -   - 券 66/77 选中节点 50, 新增覆盖 212
2025-12-21 14:36:11,473 - INFO -   - 券 67/77 选中节点 71, 新增覆盖 199
2025-12-21 14:36:11,481 - INFO -   - 券 68/77 选中节点 1, 新增覆盖 222
2025-12-21 14:36:11,485 - INFO -   - 券 69/77 选中节点 6, 新增覆盖 205
2025-12-21 14:36:11,488 - INFO -   - 券 70/77 选中节点 0, 新增覆盖 186
2025-12-21 14:36:11,492 - INFO -   - 券 71/77 选中节点 75, 新增覆盖 192
2025-12-21 14:36:11,495 - INFO -   - 券 72/77 选中节点 78, 新增覆盖 174
2025-12-21 14:36:11,499 - INFO -   - 券 73/77 选中节点 81, 新增覆盖 185
2025-12-21 14:36:11,502 - INFO -   - 券 74/77 选中节点 36, 新增覆盖 158
2025-12-21 14:36:11,505 - INFO -   - 券 75/77 选中节点 4, 新增覆盖 180
2025-12-21 14:36:11,513 - INFO -   - 券 76/77 选中节点 18, 新增覆盖 167
2025-12-21 14:36:11,516 - INFO -   - 券 77/77 选中节点 23, 新增覆盖 137
2025-12-21 14:36:11,517 - INFO - 选种完毕。耗时: 9.75 秒。
2025-12-21 14:36:11,753 - INFO - 最终选择的种子集: [64, 52, 7, 67, 47, 68, 5, 70, 62, 9, 42, 40, 65, 56, 12, 63, 83, 10, 55, 19, 30, 34, 33, 79, 46, 72, 39, 58, 11, 25, 45, 41, 15, 43, 59, 48, 76, 57, 73, 13, 80, 66, 21, 61, 27, 49, 17, 29, 20, 3, 69, 28, 26, 51, 2, 60, 74, 32, 31, 24, 53, 37, 16, 35, 14, 50, 71, 1, 6, 0, 75, 78, 81, 36, 4, 18, 23]

2025-12-21 14:36:12,989 - INFO - 当前用时 36.51 秒
2025-12-21 14:36:12,990 - INFO - 将种子集 写入位置: /root/pythonspace/data-test/students/2025-12-21/seeds-with-students/random_ris_coverage_seedNum-77_SSRNum-60000.txt
2025-12-21 14:36:12,990 - INFO - 评估种子集: None
2025-12-21 14:36:12,991 - INFO - 多进程评估开始，共有 6 个方法待评估...
2025-12-21 14:36:12,991 - INFO - 启动进程池，Worker数量: 6
2025-12-21 14:36:13,063 - INFO - [Process 2712] 开始评估方法: random, 种子数: 77
2025-12-21 14:36:13,067 - INFO - [Process 2714] 开始评估方法: degreeTopM, 种子数: 77
2025-12-21 14:36:13,072 - INFO - [Process 2716] 开始评估方法: pageRank, 种子数: 77
2025-12-21 14:36:13,073 - INFO - [Process 2718] 开始评估方法: alpha_sort, 种子数: 77
2025-12-21 14:36:13,074 - INFO - [Process 2720] 开始评估方法: importance_sort, 种子数: 77
2025-12-21 14:36:13,076 - INFO - [Process 2721] 开始评估方法: ris_coverage, 种子数: 77
2025-12-21 14:36:14,107 - INFO - [Process 2718] alpha_sort - 300 sims 完成: E=37.92
2025-12-21 14:36:14,125 - INFO - [Process 2721] ris_coverage - 300 sims 完成: E=37.93
2025-12-21 14:36:14,151 - INFO - [Process 2712] random - 300 sims 完成: E=36.28
2025-12-21 14:36:14,229 - INFO - [Process 2720] importance_sort - 300 sims 完成: E=37.77
2025-12-21 14:36:14,272 - INFO - [Process 2716] pageRank - 300 sims 完成: E=36.93
2025-12-21 14:36:14,298 - INFO - [Process 2714] degreeTopM - 300 sims 完成: E=36.80
2025-12-21 14:36:14,359 - INFO - 所有进程执行完毕，开始写入数据...
2025-12-21 14:36:14,368 - INFO - 成功写入 6 条记录至 /root/pythonspace/data-test/students/2025-12-21/E-activated-students/distribution-random_simuTimes-300_seedNum-77_monteCarloL-10_rrNumSamples-60000.csv
2025-12-21 14:36:14,369 - INFO - 保存评估文件至: /root/pythonspace/data-test/students/2025-12-21/E-activated-students/distribution-random_simuTimes-300_seedNum-77_monteCarloL-10_rrNumSamples-60000.csv
