2025-12-21 14:43:40,801 - INFO - 加载数据集: students
2025-12-21 14:43:40,803 - INFO - 首次生成度相关概率分布 分布类型: 'random'.
2025-12-21 14:43:40,803 - INFO - ===> Generating 'Dirichlet' distributions with alpha=[1, 1, 1]...
2025-12-21 14:43:40,804 - INFO - 保存概率分布 文件位置: /root/pythonspace/data-test/students/2025-12-21/distribution-in-students/distribution-random_seedNum-10.pkl
2025-12-21 14:43:40,806 - INFO - 首次生成种子集 random
2025-12-21 14:43:40,806 - INFO - 执行当前算法开始: random
2025-12-21 14:43:40,806 - INFO - 数据集节点总数:  n = 84, m = 10
2025-12-21 14:43:40,807 - INFO - 选择 10  [30, 66, 71, 4, 16, 57, 82, 15, 81, 83]

2025-12-21 14:43:40,807 - INFO - 当前用时 0.00 秒
2025-12-21 14:43:40,807 - INFO - 将种子集 写入位置: /root/pythonspace/data-test/students/2025-12-21/seeds-with-students/random_random_seedNum-10_SSRNum-60000.txt
2025-12-21 14:43:40,807 - INFO - 首次生成种子集 degreeTopM
2025-12-21 14:43:40,807 - INFO - 执行当前算法开始: degreeTopM
2025-12-21 14:43:40,807 - INFO - 依据: 选择连接数（度数）最多的节点。
2025-12-21 14:43:40,807 - INFO - 选择的 Top M 节点及其度数:
2025-12-21 14:43:40,807 - INFO - 
2025-12-21 14:43:40,808 - INFO - 当前用时 0.00 秒
2025-12-21 14:43:40,808 - INFO - 将种子集 写入位置: /root/pythonspace/data-test/students/2025-12-21/seeds-with-students/random_degreeTopM_seedNum-10_SSRNum-60000.txt
2025-12-21 14:43:40,808 - INFO - 首次生成种子集 pageRank
2025-12-21 14:43:40,808 - INFO - 执行当前算法开始: pageRank
2025-12-21 14:43:40,808 - INFO - --- Running: PageRank (on tranProMatrix) Top M ---
2025-12-21 14:43:40,857 - INFO - Selected PageRank seeds: [38, 0, 10, 18, 24, 40, 71, 81, 23, 29]
2025-12-21 14:43:40,858 - INFO - 当前用时 0.05 秒
2025-12-21 14:43:40,858 - INFO - 将种子集 写入位置: /root/pythonspace/data-test/students/2025-12-21/seeds-with-students/random_pageRank_seedNum-10_SSRNum-60000.txt
2025-12-21 14:43:40,859 - INFO - 首次生成种子集 alpha_sort
2025-12-21 14:43:40,859 - INFO - 执行当前算法开始: alpha_sort
2025-12-21 14:43:40,859 - INFO - 84 个节点的alpha值降序排序 done
2025-12-21 14:43:40,859 - INFO - ==============>> [(38, 0.8244246), (82, 0.7734371), (59, 0.7565788), (72, 0.7564032), (21, 0.6901404), (47, 0.6652295), (4, 0.6399972), (2, 0.6205637), (36, 0.6182531), (35, 0.6119688)]
2025-12-21 14:43:40,859 - INFO - 
选择的种子集 (按alpha排序): [38, 82, 59, 72, 21, 47, 4, 2, 36, 35]

2025-12-21 14:43:40,859 - INFO - 当前用时 0.00 秒
2025-12-21 14:43:40,859 - INFO - 将种子集 写入位置: /root/pythonspace/data-test/students/2025-12-21/seeds-with-students/random_alpha_sort_seedNum-10_SSRNum-60000.txt
2025-12-21 14:43:40,859 - INFO - 首次生成种子集 importance_sort
2025-12-21 14:43:40,859 - INFO - 执行当前算法开始: importance_sort
2025-12-21 14:43:40,871 - INFO - 84 个节点的Importance值降序排序 done
2025-12-21 14:43:40,871 - INFO - 
选择的种子集 (按Importance排序): [38, 39, 82, 59, 72, 21, 37, 47, 4, 7]

2025-12-21 14:43:40,871 - INFO - 当前用时 0.01 秒
2025-12-21 14:43:40,871 - INFO - 将种子集 写入位置: /root/pythonspace/data-test/students/2025-12-21/seeds-with-students/random_importance_sort_seedNum-10_SSRNum-60000.txt
2025-12-21 14:43:40,871 - INFO - 首次生成种子集 ris_coverage
2025-12-21 14:43:40,871 - INFO - 执行当前算法开始: ris_coverage
2025-12-21 14:43:40,872 - INFO - 图初始化完成，节点数: 84，CSR 矩阵准备就绪。
2025-12-21 14:43:40,872 - INFO - 
开始生成 60000 组 SSR (并行进程: 8)...
2025-12-21 14:43:45,258 - INFO - 生成完毕。耗时: 4.39 秒。
2025-12-21 14:43:45,259 - INFO - 
开始选择最优种子 (Optimized Greedy) ...
2025-12-21 14:43:46,181 - INFO -   - 券 1/10 选中节点 52, 新增覆盖 1488
2025-12-21 14:43:46,188 - INFO -   - 券 2/10 选中节点 5, 新增覆盖 1174
2025-12-21 14:43:46,193 - INFO -   - 券 3/10 选中节点 7, 新增覆盖 1050
2025-12-21 14:43:46,199 - INFO -   - 券 4/10 选中节点 59, 新增覆盖 967
2025-12-21 14:43:46,205 - INFO -   - 券 5/10 选中节点 47, 新增覆盖 925
2025-12-21 14:43:46,211 - INFO -   - 券 6/10 选中节点 35, 新增覆盖 933
2025-12-21 14:43:46,216 - INFO -   - 券 7/10 选中节点 21, 新增覆盖 939
2025-12-21 14:43:46,222 - INFO -   - 券 8/10 选中节点 4, 新增覆盖 858
2025-12-21 14:43:46,228 - INFO -   - 券 9/10 选中节点 82, 新增覆盖 819
2025-12-21 14:43:46,239 - INFO -   - 券 10/10 选中节点 63, 新增覆盖 755
2025-12-21 14:43:46,239 - INFO - 选种完毕。耗时: 0.98 秒。
2025-12-21 14:43:46,262 - INFO - 最终选择的种子集: [52, 5, 7, 59, 47, 35, 21, 4, 82, 63]

2025-12-21 14:43:46,389 - INFO - 当前用时 5.52 秒
2025-12-21 14:43:46,390 - INFO - 将种子集 写入位置: /root/pythonspace/data-test/students/2025-12-21/seeds-with-students/random_ris_coverage_seedNum-10_SSRNum-60000.txt
2025-12-21 14:43:46,390 - INFO - 首次生成种子集 monterCarlo
2025-12-21 14:43:46,390 - INFO - 执行当前算法开始: monterCarlo
2025-12-21 14:43:46,390 - INFO - --- Running: Monte Carlo Selection (L=100) ---
2025-12-21 14:43:46,390 - INFO - 依据: 对每个节点进行 100 次模拟实验，评估其平均激活贡献。
2025-12-21 14:43:46,390 - INFO - 正在模拟评估第 0/84 个节点...
2025-12-21 14:43:46,603 - INFO - 蒙特卡洛评估完成。最高期望激活值为: 0.9400
2025-12-21 14:43:46,604 - INFO - 选择的种子集: [52, 38, 72, 26, 59, 36, 82, 4, 39, 47] ...
2025-12-21 14:43:46,604 - INFO - 当前用时 0.21 秒
2025-12-21 14:43:46,604 - INFO - 将种子集 写入位置: /root/pythonspace/data-test/students/2025-12-21/seeds-with-students/random_monterCarlo_seedNum-10_SSRNum-60000.txt
2025-12-21 14:43:46,604 - INFO - 评估种子集: None
2025-12-21 14:43:46,604 - INFO - 多进程评估开始，共有 7 个方法待评估...
2025-12-21 14:43:46,604 - INFO - 启动进程池，Worker数量: 7
2025-12-21 14:43:46,655 - INFO - [Process 3417] 开始评估方法: random, 种子数: 10
2025-12-21 14:43:46,659 - INFO - [Process 3418] 开始评估方法: degreeTopM, 种子数: 10
2025-12-21 14:43:46,664 - INFO - [Process 3419] 开始评估方法: pageRank, 种子数: 10
2025-12-21 14:43:46,667 - INFO - [Process 3420] 开始评估方法: alpha_sort, 种子数: 10
2025-12-21 14:43:46,671 - INFO - [Process 3421] 开始评估方法: importance_sort, 种子数: 10
2025-12-21 14:43:46,675 - INFO - [Process 3422] 开始评估方法: ris_coverage, 种子数: 10
2025-12-21 14:43:46,678 - INFO - [Process 3423] 开始评估方法: monterCarlo, 种子数: 10
2025-12-21 14:43:46,721 - INFO - [Process 3420] alpha_sort - 300 sims 完成: E=8.19
2025-12-21 14:43:46,726 - INFO - [Process 3421] importance_sort - 300 sims 完成: E=7.66
2025-12-21 14:43:46,734 - INFO - [Process 3422] ris_coverage - 300 sims 完成: E=7.58
2025-12-21 14:43:46,758 - INFO - [Process 3423] monterCarlo - 300 sims 完成: E=8.12
2025-12-21 14:43:46,761 - INFO - [Process 3419] pageRank - 300 sims 完成: E=4.03
2025-12-21 14:43:46,781 - INFO - [Process 3418] degreeTopM - 300 sims 完成: E=4.76
2025-12-21 14:43:46,782 - INFO - [Process 3417] random - 300 sims 完成: E=5.02
2025-12-21 14:43:46,806 - INFO - 所有进程执行完毕，开始写入数据...
2025-12-21 14:43:46,813 - INFO - 成功写入 7 条记录至 /root/pythonspace/data-test/students/2025-12-21/E-activated-students/distribution-random_simuTimes-300_seedNum-10_monteCarloL-10_rrNumSamples-60000.csv
2025-12-21 14:43:46,813 - INFO - 保存评估文件至: /root/pythonspace/data-test/students/2025-12-21/E-activated-students/distribution-random_simuTimes-300_seedNum-10_monteCarloL-10_rrNumSamples-60000.csv
2025-12-21 14:43:46,813 - INFO - 加载数据集: students
2025-12-21 14:43:46,814 - INFO - 首次生成度相关概率分布 分布类型: 'random'.
2025-12-21 14:43:46,814 - INFO - ===> Generating 'Dirichlet' distributions with alpha=[1, 1, 1]...
2025-12-21 14:43:46,815 - INFO - 保存概率分布 文件位置: /root/pythonspace/data-test/students/2025-12-21/distribution-in-students/distribution-random_seedNum-20.pkl
2025-12-21 14:43:46,817 - INFO - 首次生成种子集 random
2025-12-21 14:43:46,817 - INFO - 执行当前算法开始: random
2025-12-21 14:43:46,817 - INFO - 数据集节点总数:  n = 84, m = 20
2025-12-21 14:43:46,817 - INFO - 选择 20  [16, 78, 11, 67, 47, 69, 12, 39, 76, 32, 1, 34, 51, 74, 27, 68, 20, 36, 8, 62]

2025-12-21 14:43:46,817 - INFO - 当前用时 0.00 秒
2025-12-21 14:43:46,817 - INFO - 将种子集 写入位置: /root/pythonspace/data-test/students/2025-12-21/seeds-with-students/random_random_seedNum-20_SSRNum-60000.txt
2025-12-21 14:43:46,817 - INFO - 首次生成种子集 degreeTopM
2025-12-21 14:43:46,817 - INFO - 执行当前算法开始: degreeTopM
2025-12-21 14:43:46,817 - INFO - 依据: 选择连接数（度数）最多的节点。
2025-12-21 14:43:46,818 - INFO - 选择的 Top M 节点及其度数:
2025-12-21 14:43:46,818 - INFO - 
2025-12-21 14:43:46,818 - INFO - 当前用时 0.00 秒
2025-12-21 14:43:46,818 - INFO - 将种子集 写入位置: /root/pythonspace/data-test/students/2025-12-21/seeds-with-students/random_degreeTopM_seedNum-20_SSRNum-60000.txt
2025-12-21 14:43:46,818 - INFO - 首次生成种子集 pageRank
2025-12-21 14:43:46,818 - INFO - 执行当前算法开始: pageRank
2025-12-21 14:43:46,818 - INFO - --- Running: PageRank (on tranProMatrix) Top M ---
2025-12-21 14:43:46,824 - INFO - Selected PageRank seeds: [38, 0, 10, 18, 24, 40, 71, 81, 23, 29, 31, 82, 17, 58, 41, 8, 37, 35, 2, 83]
2025-12-21 14:43:46,824 - INFO - 当前用时 0.01 秒
2025-12-21 14:43:46,825 - INFO - 将种子集 写入位置: /root/pythonspace/data-test/students/2025-12-21/seeds-with-students/random_pageRank_seedNum-20_SSRNum-60000.txt
2025-12-21 14:43:46,825 - INFO - 首次生成种子集 alpha_sort
2025-12-21 14:43:46,825 - INFO - 执行当前算法开始: alpha_sort
2025-12-21 14:43:46,825 - INFO - 84 个节点的alpha值降序排序 done
2025-12-21 14:43:46,825 - INFO - ==============>> [(32, 0.8167673), (18, 0.8057821), (31, 0.7159086), (83, 0.7027349), (30, 0.6967259), (73, 0.6858164), (82, 0.6834919), (28, 0.6800544), (15, 0.6756936), (2, 0.6696142)]
2025-12-21 14:43:46,825 - INFO - 
选择的种子集 (按alpha排序): [32, 18, 31, 83, 30, 73, 82, 28, 15, 2, 6, 71, 4, 40, 52, 51, 76, 1, 56, 78]

2025-12-21 14:43:46,825 - INFO - 当前用时 0.00 秒
2025-12-21 14:43:46,825 - INFO - 将种子集 写入位置: /root/pythonspace/data-test/students/2025-12-21/seeds-with-students/random_alpha_sort_seedNum-20_SSRNum-60000.txt
2025-12-21 14:43:46,825 - INFO - 首次生成种子集 importance_sort
2025-12-21 14:43:46,825 - INFO - 执行当前算法开始: importance_sort
2025-12-21 14:43:46,837 - INFO - 84 个节点的Importance值降序排序 done
2025-12-21 14:43:46,837 - INFO - 
选择的种子集 (按Importance排序): [32, 28, 18, 71, 31, 83, 30, 73, 82, 15, 2, 6, 4, 10, 40, 52, 39, 66, 24, 51]

2025-12-21 14:43:46,837 - INFO - 当前用时 0.01 秒
2025-12-21 14:43:46,838 - INFO - 将种子集 写入位置: /root/pythonspace/data-test/students/2025-12-21/seeds-with-students/random_importance_sort_seedNum-20_SSRNum-60000.txt
2025-12-21 14:43:46,838 - INFO - 首次生成种子集 ris_coverage
2025-12-21 14:43:46,838 - INFO - 执行当前算法开始: ris_coverage
2025-12-21 14:43:46,839 - INFO - 图初始化完成，节点数: 84，CSR 矩阵准备就绪。
2025-12-21 14:43:46,839 - INFO - 
开始生成 60000 组 SSR (并行进程: 8)...
2025-12-21 14:43:54,799 - INFO - 生成完毕。耗时: 7.96 秒。
2025-12-21 14:43:54,800 - INFO - 
开始选择最优种子 (Optimized Greedy) ...
2025-12-21 14:43:57,260 - INFO -   - 券 1/20 选中节点 73, 新增覆盖 1417
2025-12-21 14:43:57,267 - INFO -   - 券 2/20 选中节点 15, 新增覆盖 1366
2025-12-21 14:43:57,273 - INFO -   - 券 3/20 选中节点 75, 新增覆盖 1206
2025-12-21 14:43:57,285 - INFO -   - 券 4/20 选中节点 52, 新增覆盖 1135
2025-12-21 14:43:57,292 - INFO -   - 券 5/20 选中节点 8, 新增覆盖 1077
2025-12-21 14:43:57,298 - INFO -   - 券 6/20 选中节点 82, 新增覆盖 1028
2025-12-21 14:43:57,305 - INFO -   - 券 7/20 选中节点 76, 新增覆盖 989
2025-12-21 14:43:57,312 - INFO -   - 券 8/20 选中节点 33, 新增覆盖 1012
2025-12-21 14:43:57,319 - INFO -   - 券 9/20 选中节点 28, 新增覆盖 921
2025-12-21 14:43:57,325 - INFO -   - 券 10/20 选中节点 30, 新增覆盖 902
2025-12-21 14:43:57,332 - INFO -   - 券 11/20 选中节点 32, 新增覆盖 851
2025-12-21 14:43:57,339 - INFO -   - 券 12/20 选中节点 7, 新增覆盖 822
2025-12-21 14:43:57,345 - INFO -   - 券 13/20 选中节点 6, 新增覆盖 817
2025-12-21 14:43:57,356 - INFO -   - 券 14/20 选中节点 51, 新增覆盖 816
2025-12-21 14:43:57,363 - INFO -   - 券 15/20 选中节点 57, 新增覆盖 764
2025-12-21 14:43:57,369 - INFO -   - 券 16/20 选中节点 78, 新增覆盖 747
2025-12-21 14:43:57,376 - INFO -   - 券 17/20 选中节点 31, 新增覆盖 739
2025-12-21 14:43:57,382 - INFO -   - 券 18/20 选中节点 83, 新增覆盖 686
2025-12-21 14:43:57,389 - INFO -   - 券 19/20 选中节点 56, 新增覆盖 702
2025-12-21 14:43:57,395 - INFO -   - 券 20/20 选中节点 66, 新增覆盖 630
2025-12-21 14:43:57,395 - INFO - 选种完毕。耗时: 2.59 秒。
2025-12-21 14:43:57,455 - INFO - 最终选择的种子集: [73, 15, 75, 52, 8, 82, 76, 33, 28, 30, 32, 7, 6, 51, 57, 78, 31, 83, 56, 66]

2025-12-21 14:43:57,710 - INFO - 当前用时 10.87 秒
2025-12-21 14:43:57,710 - INFO - 将种子集 写入位置: /root/pythonspace/data-test/students/2025-12-21/seeds-with-students/random_ris_coverage_seedNum-20_SSRNum-60000.txt
2025-12-21 14:43:57,711 - INFO - 首次生成种子集 monterCarlo
2025-12-21 14:43:57,711 - INFO - 执行当前算法开始: monterCarlo
2025-12-21 14:43:57,711 - INFO - --- Running: Monte Carlo Selection (L=100) ---
2025-12-21 14:43:57,711 - INFO - 依据: 对每个节点进行 100 次模拟实验，评估其平均激活贡献。
2025-12-21 14:43:57,711 - INFO - 正在模拟评估第 0/84 个节点...
2025-12-21 14:43:57,887 - INFO - 蒙特卡洛评估完成。最高期望激活值为: 0.9400
2025-12-21 14:43:57,887 - INFO - 选择的种子集: [32, 73, 18, 30, 71, 83, 31, 4, 10, 82] ...
2025-12-21 14:43:57,888 - INFO - 当前用时 0.18 秒
2025-12-21 14:43:57,888 - INFO - 将种子集 写入位置: /root/pythonspace/data-test/students/2025-12-21/seeds-with-students/random_monterCarlo_seedNum-20_SSRNum-60000.txt
2025-12-21 14:43:57,888 - INFO - 评估种子集: None
2025-12-21 14:43:57,888 - INFO - 多进程评估开始，共有 7 个方法待评估...
2025-12-21 14:43:57,888 - INFO - 启动进程池，Worker数量: 7
2025-12-21 14:43:57,947 - INFO - [Process 3565] 开始评估方法: random, 种子数: 20
2025-12-21 14:43:57,952 - INFO - [Process 3566] 开始评估方法: degreeTopM, 种子数: 20
2025-12-21 14:43:57,955 - INFO - [Process 3567] 开始评估方法: pageRank, 种子数: 20
2025-12-21 14:43:57,958 - INFO - [Process 3568] 开始评估方法: alpha_sort, 种子数: 20
2025-12-21 14:43:57,962 - INFO - [Process 3569] 开始评估方法: importance_sort, 种子数: 20
2025-12-21 14:43:57,965 - INFO - [Process 3570] 开始评估方法: ris_coverage, 种子数: 20
2025-12-21 14:43:57,970 - INFO - [Process 3571] 开始评估方法: monterCarlo, 种子数: 20
2025-12-21 14:43:58,081 - INFO - [Process 3568] alpha_sort - 300 sims 完成: E=14.42
2025-12-21 14:43:58,107 - INFO - [Process 3569] importance_sort - 300 sims 完成: E=14.36
2025-12-21 14:43:58,116 - INFO - [Process 3570] ris_coverage - 300 sims 完成: E=14.14
2025-12-21 14:43:58,141 - INFO - [Process 3567] pageRank - 300 sims 完成: E=10.61
2025-12-21 14:43:58,146 - INFO - [Process 3565] random - 300 sims 完成: E=8.97
2025-12-21 14:43:58,189 - INFO - [Process 3571] monterCarlo - 300 sims 完成: E=14.76
2025-12-21 14:43:58,186 - INFO - [Process 3566] degreeTopM - 300 sims 完成: E=10.01
2025-12-21 14:43:58,225 - INFO - 所有进程执行完毕，开始写入数据...
2025-12-21 14:43:58,229 - INFO - 成功写入 7 条记录至 /root/pythonspace/data-test/students/2025-12-21/E-activated-students/distribution-random_simuTimes-300_seedNum-20_monteCarloL-10_rrNumSamples-60000.csv
2025-12-21 14:43:58,230 - INFO - 保存评估文件至: /root/pythonspace/data-test/students/2025-12-21/E-activated-students/distribution-random_simuTimes-300_seedNum-20_monteCarloL-10_rrNumSamples-60000.csv
2025-12-21 14:43:58,231 - INFO - 加载数据集: students
2025-12-21 14:43:58,232 - INFO - 首次生成度相关概率分布 分布类型: 'random'.
2025-12-21 14:43:58,232 - INFO - ===> Generating 'Dirichlet' distributions with alpha=[1, 1, 1]...
2025-12-21 14:43:58,233 - INFO - 保存概率分布 文件位置: /root/pythonspace/data-test/students/2025-12-21/distribution-in-students/distribution-random_seedNum-30.pkl
2025-12-21 14:43:58,234 - INFO - 首次生成种子集 random
2025-12-21 14:43:58,234 - INFO - 执行当前算法开始: random
2025-12-21 14:43:58,235 - INFO - 数据集节点总数:  n = 84, m = 30
2025-12-21 14:43:58,235 - INFO - 选择 30  [63, 23, 26, 61, 59, 54, 73, 35, 47, 64, 49, 37, 78, 57, 21, 40, 71, 65, 22, 14, 42, 6, 53, 12, 18, 70, 44, 50, 16, 79]

2025-12-21 14:43:58,235 - INFO - 当前用时 0.00 秒
2025-12-21 14:43:58,236 - INFO - 将种子集 写入位置: /root/pythonspace/data-test/students/2025-12-21/seeds-with-students/random_random_seedNum-30_SSRNum-60000.txt
2025-12-21 14:43:58,236 - INFO - 首次生成种子集 degreeTopM
2025-12-21 14:43:58,236 - INFO - 执行当前算法开始: degreeTopM
2025-12-21 14:43:58,236 - INFO - 依据: 选择连接数（度数）最多的节点。
2025-12-21 14:43:58,236 - INFO - 选择的 Top M 节点及其度数:
2025-12-21 14:43:58,237 - INFO - 
2025-12-21 14:43:58,237 - INFO - 当前用时 0.00 秒
2025-12-21 14:43:58,237 - INFO - 将种子集 写入位置: /root/pythonspace/data-test/students/2025-12-21/seeds-with-students/random_degreeTopM_seedNum-30_SSRNum-60000.txt
2025-12-21 14:43:58,237 - INFO - 首次生成种子集 pageRank
2025-12-21 14:43:58,238 - INFO - 执行当前算法开始: pageRank
2025-12-21 14:43:58,238 - INFO - --- Running: PageRank (on tranProMatrix) Top M ---
2025-12-21 14:43:58,243 - INFO - Selected PageRank seeds: [38, 0, 10, 18, 24, 40, 71, 81, 23, 29, 31, 82, 17, 58, 41, 8, 37, 35, 2, 83, 59, 5, 53, 70, 11, 57, 14, 68, 19, 66]
2025-12-21 14:43:58,244 - INFO - 当前用时 0.01 秒
2025-12-21 14:43:58,244 - INFO - 将种子集 写入位置: /root/pythonspace/data-test/students/2025-12-21/seeds-with-students/random_pageRank_seedNum-30_SSRNum-60000.txt
2025-12-21 14:43:58,244 - INFO - 首次生成种子集 alpha_sort
2025-12-21 14:43:58,245 - INFO - 执行当前算法开始: alpha_sort
2025-12-21 14:43:58,245 - INFO - 84 个节点的alpha值降序排序 done
2025-12-21 14:43:58,245 - INFO - ==============>> [(39, 0.8984303), (35, 0.8933701), (31, 0.7696955), (20, 0.7647096), (27, 0.7603137), (58, 0.7525645), (33, 0.747199), (80, 0.7265843), (68, 0.707093), (1, 0.6983504)]
2025-12-21 14:43:58,245 - INFO - 
选择的种子集 (按alpha排序): [39, 35, 31, 20, 27, 58, 33, 80, 68, 1, 7, 66, 34, 51, 32, 61, 65, 24, 40, 2, 44, 59, 26, 17, 18, 55, 30, 82, 6, 67]

2025-12-21 14:43:58,246 - INFO - 当前用时 0.00 秒
2025-12-21 14:43:58,246 - INFO - 将种子集 写入位置: /root/pythonspace/data-test/students/2025-12-21/seeds-with-students/random_alpha_sort_seedNum-30_SSRNum-60000.txt
2025-12-21 14:43:58,246 - INFO - 首次生成种子集 importance_sort
2025-12-21 14:43:58,246 - INFO - 执行当前算法开始: importance_sort
2025-12-21 14:43:58,263 - INFO - 84 个节点的Importance值降序排序 done
2025-12-21 14:43:58,263 - INFO - 
选择的种子集 (按Importance排序): [39, 58, 68, 7, 35, 66, 65, 24, 31, 20, 27, 33, 80, 1, 29, 34, 51, 32, 61, 28, 40, 2, 44, 59, 26, 17, 18, 55, 30, 82]

2025-12-21 14:43:58,264 - INFO - 当前用时 0.02 秒
2025-12-21 14:43:58,264 - INFO - 将种子集 写入位置: /root/pythonspace/data-test/students/2025-12-21/seeds-with-students/random_importance_sort_seedNum-30_SSRNum-60000.txt
2025-12-21 14:43:58,264 - INFO - 首次生成种子集 ris_coverage
2025-12-21 14:43:58,265 - INFO - 执行当前算法开始: ris_coverage
2025-12-21 14:43:58,267 - INFO - 图初始化完成，节点数: 84，CSR 矩阵准备就绪。
2025-12-21 14:43:58,267 - INFO - 
开始生成 60000 组 SSR (并行进程: 8)...
2025-12-21 14:44:08,494 - INFO - 生成完毕。耗时: 10.23 秒。
2025-12-21 14:44:08,495 - INFO - 
开始选择最优种子 (Optimized Greedy) ...
2025-12-21 14:44:11,913 - INFO -   - 券 1/30 选中节点 39, 新增覆盖 1438
2025-12-21 14:44:11,923 - INFO -   - 券 2/30 选中节点 33, 新增覆盖 1304
2025-12-21 14:44:11,930 - INFO -   - 券 3/30 选中节点 27, 新增覆盖 1250
2025-12-21 14:44:11,937 - INFO -   - 券 4/30 选中节点 7, 新增覆盖 1231
2025-12-21 14:44:11,943 - INFO -   - 券 5/30 选中节点 20, 新增覆盖 1103
2025-12-21 14:44:11,950 - INFO -   - 券 6/30 选中节点 68, 新增覆盖 1096
2025-12-21 14:44:11,960 - INFO -   - 券 7/30 选中节点 51, 新增覆盖 945
2025-12-21 14:44:11,967 - INFO -   - 券 8/30 选中节点 59, 新增覆盖 909
2025-12-21 14:44:11,974 - INFO -   - 券 9/30 选中节点 34, 新增覆盖 913
2025-12-21 14:44:11,980 - INFO -   - 券 10/30 选中节点 32, 新增覆盖 924
2025-12-21 14:44:11,987 - INFO -   - 券 11/30 选中节点 58, 新增覆盖 888
2025-12-21 14:44:11,993 - INFO -   - 券 12/30 选中节点 30, 新增覆盖 728
2025-12-21 14:44:11,999 - INFO -   - 券 13/30 选中节点 35, 新增覆盖 710
2025-12-21 14:44:12,010 - INFO -   - 券 14/30 选中节点 6, 新增覆盖 697
2025-12-21 14:44:12,016 - INFO -   - 券 15/30 选中节点 44, 新增覆盖 670
2025-12-21 14:44:12,023 - INFO -   - 券 16/30 选中节点 2, 新增覆盖 637
2025-12-21 14:44:12,029 - INFO -   - 券 17/30 选中节点 61, 新增覆盖 645
2025-12-21 14:44:12,036 - INFO -   - 券 18/30 选中节点 12, 新增覆盖 615
2025-12-21 14:44:12,047 - INFO -   - 券 19/30 选中节点 66, 新增覆盖 582
2025-12-21 14:44:12,053 - INFO -   - 券 20/30 选中节点 31, 新增覆盖 581
2025-12-21 14:44:12,059 - INFO -   - 券 21/30 选中节点 65, 新增覆盖 565
2025-12-21 14:44:12,066 - INFO -   - 券 22/30 选中节点 53, 新增覆盖 547
2025-12-21 14:44:12,072 - INFO -   - 券 23/30 选中节点 80, 新增覆盖 524
2025-12-21 14:44:12,079 - INFO -   - 券 24/30 选中节点 17, 新增覆盖 544
2025-12-21 14:44:12,086 - INFO -   - 券 25/30 选中节点 67, 新增覆盖 496
2025-12-21 14:44:12,092 - INFO -   - 券 26/30 选中节点 28, 新增覆盖 506
2025-12-21 14:44:12,103 - INFO -   - 券 27/30 选中节点 1, 新增覆盖 518
2025-12-21 14:44:12,109 - INFO -   - 券 28/30 选中节点 42, 新增覆盖 474
2025-12-21 14:44:12,114 - INFO -   - 券 29/30 选中节点 56, 新增覆盖 464
2025-12-21 14:44:12,121 - INFO -   - 券 30/30 选中节点 70, 新增覆盖 478
2025-12-21 14:44:12,121 - INFO - 选种完毕。耗时: 3.63 秒。
2025-12-21 14:44:12,209 - INFO - 最终选择的种子集: [39, 33, 27, 7, 20, 68, 51, 59, 34, 32, 58, 30, 35, 6, 44, 2, 61, 12, 66, 31, 65, 53, 80, 17, 67, 28, 1, 42, 56, 70]

2025-12-21 14:44:12,582 - INFO - 当前用时 14.32 秒
2025-12-21 14:44:12,582 - INFO - 将种子集 写入位置: /root/pythonspace/data-test/students/2025-12-21/seeds-with-students/random_ris_coverage_seedNum-30_SSRNum-60000.txt
2025-12-21 14:44:12,583 - INFO - 首次生成种子集 monterCarlo
2025-12-21 14:44:12,583 - INFO - 执行当前算法开始: monterCarlo
2025-12-21 14:44:12,583 - INFO - --- Running: Monte Carlo Selection (L=100) ---
2025-12-21 14:44:12,583 - INFO - 依据: 对每个节点进行 100 次模拟实验，评估其平均激活贡献。
2025-12-21 14:44:12,583 - INFO - 正在模拟评估第 0/84 个节点...
2025-12-21 14:44:12,812 - INFO - 蒙特卡洛评估完成。最高期望激活值为: 0.9300
2025-12-21 14:44:12,812 - INFO - 选择的种子集: [33, 35, 39, 27, 20, 3, 68, 31, 7, 19] ...
2025-12-21 14:44:12,812 - INFO - 当前用时 0.23 秒
2025-12-21 14:44:12,813 - INFO - 将种子集 写入位置: /root/pythonspace/data-test/students/2025-12-21/seeds-with-students/random_monterCarlo_seedNum-30_SSRNum-60000.txt
2025-12-21 14:44:12,813 - INFO - 评估种子集: None
2025-12-21 14:44:12,813 - INFO - 多进程评估开始，共有 7 个方法待评估...
2025-12-21 14:44:12,813 - INFO - 启动进程池，Worker数量: 7
2025-12-21 14:44:12,872 - INFO - [Process 3763] 开始评估方法: random, 种子数: 30
2025-12-21 14:44:12,877 - INFO - [Process 3764] 开始评估方法: degreeTopM, 种子数: 30
2025-12-21 14:44:12,877 - INFO - [Process 3765] 开始评估方法: pageRank, 种子数: 30
2025-12-21 14:44:12,883 - INFO - [Process 3766] 开始评估方法: alpha_sort, 种子数: 30
2025-12-21 14:44:12,890 - INFO - [Process 3767] 开始评估方法: importance_sort, 种子数: 30
2025-12-21 14:44:12,891 - INFO - [Process 3768] 开始评估方法: ris_coverage, 种子数: 30
2025-12-21 14:44:12,893 - INFO - [Process 3769] 开始评估方法: monterCarlo, 种子数: 30
2025-12-21 14:44:13,042 - INFO - [Process 3768] ris_coverage - 300 sims 完成: E=19.89
2025-12-21 14:44:13,117 - INFO - [Process 3766] alpha_sort - 300 sims 完成: E=20.93
2025-12-21 14:44:13,131 - INFO - [Process 3767] importance_sort - 300 sims 完成: E=20.99
2025-12-21 14:44:13,162 - INFO - [Process 3763] random - 300 sims 完成: E=14.90
2025-12-21 14:44:13,308 - INFO - [Process 3764] degreeTopM - 300 sims 完成: E=16.43
2025-12-21 14:44:13,309 - INFO - [Process 3769] monterCarlo - 300 sims 完成: E=21.06
2025-12-21 14:44:13,351 - INFO - [Process 3765] pageRank - 300 sims 完成: E=17.65
2025-12-21 14:44:13,384 - INFO - 所有进程执行完毕，开始写入数据...
2025-12-21 14:44:13,388 - INFO - 成功写入 7 条记录至 /root/pythonspace/data-test/students/2025-12-21/E-activated-students/distribution-random_simuTimes-300_seedNum-30_monteCarloL-10_rrNumSamples-60000.csv
2025-12-21 14:44:13,389 - INFO - 保存评估文件至: /root/pythonspace/data-test/students/2025-12-21/E-activated-students/distribution-random_simuTimes-300_seedNum-30_monteCarloL-10_rrNumSamples-60000.csv
2025-12-21 14:44:13,390 - INFO - 加载数据集: students
2025-12-21 14:44:13,391 - INFO - 首次生成度相关概率分布 分布类型: 'random'.
2025-12-21 14:44:13,391 - INFO - ===> Generating 'Dirichlet' distributions with alpha=[1, 1, 1]...
2025-12-21 14:44:13,392 - INFO - 保存概率分布 文件位置: /root/pythonspace/data-test/students/2025-12-21/distribution-in-students/distribution-random_seedNum-40.pkl
2025-12-21 14:44:13,393 - INFO - 首次生成种子集 random
2025-12-21 14:44:13,394 - INFO - 执行当前算法开始: random
2025-12-21 14:44:13,394 - INFO - 数据集节点总数:  n = 84, m = 40
2025-12-21 14:44:13,394 - INFO - 选择 40  [25, 32, 42, 68, 78, 56, 55, 21, 72, 57, 75, 26, 33, 39, 59, 14, 38, 66, 19, 47, 6, 63, 27, 36, 23, 0, 62, 28, 74, 41, 58, 50, 61, 76, 24, 40, 48, 34, 81, 79]

2025-12-21 14:44:13,394 - INFO - 当前用时 0.00 秒
2025-12-21 14:44:13,395 - INFO - 将种子集 写入位置: /root/pythonspace/data-test/students/2025-12-21/seeds-with-students/random_random_seedNum-40_SSRNum-60000.txt
2025-12-21 14:44:13,395 - INFO - 首次生成种子集 degreeTopM
2025-12-21 14:44:13,395 - INFO - 执行当前算法开始: degreeTopM
2025-12-21 14:44:13,395 - INFO - 依据: 选择连接数（度数）最多的节点。
2025-12-21 14:44:13,396 - INFO - 选择的 Top M 节点及其度数:
2025-12-21 14:44:13,396 - INFO - 
2025-12-21 14:44:13,396 - INFO - 当前用时 0.00 秒
2025-12-21 14:44:13,396 - INFO - 将种子集 写入位置: /root/pythonspace/data-test/students/2025-12-21/seeds-with-students/random_degreeTopM_seedNum-40_SSRNum-60000.txt
2025-12-21 14:44:13,397 - INFO - 首次生成种子集 pageRank
2025-12-21 14:44:13,397 - INFO - 执行当前算法开始: pageRank
2025-12-21 14:44:13,397 - INFO - --- Running: PageRank (on tranProMatrix) Top M ---
2025-12-21 14:44:13,402 - INFO - Selected PageRank seeds: [38, 0, 10, 18, 24, 40, 71, 81, 23, 29, 31, 82, 17, 58, 41, 8, 37, 35, 2, 83, 59, 5, 53, 70, 11, 57, 14, 68, 19, 66, 4, 61, 22, 26, 36, 72, 6, 49, 15, 9]
2025-12-21 14:44:13,403 - INFO - 当前用时 0.01 秒
2025-12-21 14:44:13,403 - INFO - 将种子集 写入位置: /root/pythonspace/data-test/students/2025-12-21/seeds-with-students/random_pageRank_seedNum-40_SSRNum-60000.txt
2025-12-21 14:44:13,403 - INFO - 首次生成种子集 alpha_sort
2025-12-21 14:44:13,404 - INFO - 执行当前算法开始: alpha_sort
2025-12-21 14:44:13,404 - INFO - 84 个节点的alpha值降序排序 done
2025-12-21 14:44:13,404 - INFO - ==============>> [(49, 0.9472237), (36, 0.9364756), (29, 0.907404), (39, 0.8502867), (6, 0.7604191), (47, 0.7159693), (5, 0.6733231), (15, 0.6712253), (68, 0.6043905), (9, 0.5799454)]
2025-12-21 14:44:13,404 - INFO - 
选择的种子集 (按alpha排序): [49, 36, 29, 39, 6, 47, 5, 15, 68, 9, 23, 26, 3, 44, 22, 79, 25, 55, 40, 10, 65, 35, 72, 7, 32, 33, 60, 58, 76, 82, 63, 16, 21, 81, 73, 2, 59, 54, 0, 31]

2025-12-21 14:44:13,404 - INFO - 当前用时 0.00 秒
2025-12-21 14:44:13,405 - INFO - 将种子集 写入位置: /root/pythonspace/data-test/students/2025-12-21/seeds-with-students/random_alpha_sort_seedNum-40_SSRNum-60000.txt
2025-12-21 14:44:13,405 - INFO - 首次生成种子集 importance_sort
2025-12-21 14:44:13,405 - INFO - 执行当前算法开始: importance_sort
2025-12-21 14:44:13,417 - INFO - 84 个节点的Importance值降序排序 done
2025-12-21 14:44:13,417 - INFO - 
选择的种子集 (按Importance排序): [29, 39, 49, 36, 68, 6, 79, 10, 65, 47, 7, 5, 15, 58, 9, 23, 26, 3, 44, 22, 25, 55, 40, 35, 72, 32, 33, 60, 66, 76, 82, 63, 71, 16, 21, 81, 73, 24, 2, 59]

2025-12-21 14:44:13,417 - INFO - 当前用时 0.01 秒
2025-12-21 14:44:13,418 - INFO - 将种子集 写入位置: /root/pythonspace/data-test/students/2025-12-21/seeds-with-students/random_importance_sort_seedNum-40_SSRNum-60000.txt
2025-12-21 14:44:13,418 - INFO - 首次生成种子集 ris_coverage
2025-12-21 14:44:13,418 - INFO - 执行当前算法开始: ris_coverage
2025-12-21 14:44:13,419 - INFO - 图初始化完成，节点数: 84，CSR 矩阵准备就绪。
2025-12-21 14:44:13,419 - INFO - 
开始生成 60000 组 SSR (并行进程: 8)...
2025-12-21 14:44:26,751 - INFO - 生成完毕。耗时: 13.33 秒。
2025-12-21 14:44:26,752 - INFO - 
开始选择最优种子 (Optimized Greedy) ...
2025-12-21 14:44:30,751 - INFO -   - 券 1/40 选中节点 49, 新增覆盖 1376
2025-12-21 14:44:30,758 - INFO -   - 券 2/40 选中节点 39, 新增覆盖 1343
2025-12-21 14:44:30,763 - INFO -   - 券 3/40 选中节点 36, 新增覆盖 1065
2025-12-21 14:44:30,769 - INFO -   - 券 4/40 选中节点 68, 新增覆盖 1001
2025-12-21 14:44:30,774 - INFO -   - 券 5/40 选中节点 47, 新增覆盖 974
2025-12-21 14:44:30,780 - INFO -   - 券 6/40 选中节点 5, 新增覆盖 906
2025-12-21 14:44:30,785 - INFO -   - 券 7/40 选中节点 29, 新增覆盖 917
2025-12-21 14:44:30,791 - INFO -   - 券 8/40 选中节点 6, 新增覆盖 876
2025-12-21 14:44:30,796 - INFO -   - 券 9/40 选中节点 44, 新增覆盖 820
2025-12-21 14:44:30,803 - INFO -   - 券 10/40 选中节点 7, 新增覆盖 763
2025-12-21 14:44:30,808 - INFO -   - 券 11/40 选中节点 52, 新增覆盖 734
2025-12-21 14:44:30,813 - INFO -   - 券 12/40 选中节点 3, 新增覆盖 729
2025-12-21 14:44:30,819 - INFO -   - 券 13/40 选中节点 72, 新增覆盖 703
2025-12-21 14:44:30,824 - INFO -   - 券 14/40 选中节点 73, 新增覆盖 671
2025-12-21 14:44:30,829 - INFO -   - 券 15/40 选中节点 9, 新增覆盖 680
2025-12-21 14:44:30,835 - INFO -   - 券 16/40 选中节点 32, 新增覆盖 651
2025-12-21 14:44:30,840 - INFO -   - 券 17/40 选中节点 33, 新增覆盖 606
2025-12-21 14:44:30,845 - INFO -   - 券 18/40 选中节点 15, 新增覆盖 616
2025-12-21 14:44:30,851 - INFO -   - 券 19/40 选中节点 56, 新增覆盖 553
2025-12-21 14:44:30,856 - INFO -   - 券 20/40 选中节点 55, 新增覆盖 534
2025-12-21 14:44:30,865 - INFO -   - 券 21/40 选中节点 75, 新增覆盖 510
2025-12-21 14:44:30,871 - INFO -   - 券 22/40 选中节点 63, 新增覆盖 495
2025-12-21 14:44:30,876 - INFO -   - 券 23/40 选中节点 79, 新增覆盖 500
2025-12-21 14:44:30,881 - INFO -   - 券 24/40 选中节点 60, 新增覆盖 459
2025-12-21 14:44:30,886 - INFO -   - 券 25/40 选中节点 58, 新增覆盖 468
2025-12-21 14:44:30,892 - INFO -   - 券 26/40 选中节点 2, 新增覆盖 436
2025-12-21 14:44:30,897 - INFO -   - 券 27/40 选中节点 76, 新增覆盖 423
2025-12-21 14:44:30,902 - INFO -   - 券 28/40 选中节点 42, 新增覆盖 453
2025-12-21 14:44:30,907 - INFO -   - 券 29/40 选中节点 43, 新增覆盖 412
2025-12-21 14:44:30,916 - INFO -   - 券 30/40 选中节点 35, 新增覆盖 405
2025-12-21 14:44:30,921 - INFO -   - 券 31/40 选中节点 83, 新增覆盖 388
2025-12-21 14:44:30,925 - INFO -   - 券 32/40 选中节点 25, 新增覆盖 363
2025-12-21 14:44:30,930 - INFO -   - 券 33/40 选中节点 4, 新增覆盖 373
2025-12-21 14:44:30,934 - INFO -   - 券 34/40 选中节点 65, 新增覆盖 371
2025-12-21 14:44:30,939 - INFO -   - 券 35/40 选中节点 23, 新增覆盖 367
2025-12-21 14:44:30,943 - INFO -   - 券 36/40 选中节点 21, 新增覆盖 345
2025-12-21 14:44:30,948 - INFO -   - 券 37/40 选中节点 34, 新增覆盖 351
2025-12-21 14:44:30,952 - INFO -   - 券 38/40 选中节点 26, 新增覆盖 327
2025-12-21 14:44:30,957 - INFO -   - 券 39/40 选中节点 27, 新增覆盖 323
2025-12-21 14:44:30,966 - INFO -   - 券 40/40 选中节点 40, 新增覆盖 306
2025-12-21 14:44:30,966 - INFO - 选种完毕。耗时: 4.21 秒。
2025-12-21 14:44:31,063 - INFO - 最终选择的种子集: [49, 39, 36, 68, 47, 5, 29, 6, 44, 7, 52, 3, 72, 73, 9, 32, 33, 15, 56, 55, 75, 63, 79, 60, 58, 2, 76, 42, 43, 35, 83, 25, 4, 65, 23, 21, 34, 26, 27, 40]

2025-12-21 14:44:31,574 - INFO - 当前用时 18.16 秒
2025-12-21 14:44:31,575 - INFO - 将种子集 写入位置: /root/pythonspace/data-test/students/2025-12-21/seeds-with-students/random_ris_coverage_seedNum-40_SSRNum-60000.txt
2025-12-21 14:44:31,575 - INFO - 首次生成种子集 monterCarlo
2025-12-21 14:44:31,575 - INFO - 执行当前算法开始: monterCarlo
2025-12-21 14:44:31,575 - INFO - --- Running: Monte Carlo Selection (L=100) ---
2025-12-21 14:44:31,575 - INFO - 依据: 对每个节点进行 100 次模拟实验，评估其平均激活贡献。
2025-12-21 14:44:31,575 - INFO - 正在模拟评估第 0/84 个节点...
2025-12-21 14:44:31,783 - INFO - 蒙特卡洛评估完成。最高期望激活值为: 0.9700
2025-12-21 14:44:31,783 - INFO - 选择的种子集: [49, 36, 39, 29, 22, 3, 9, 68, 47, 6] ...
2025-12-21 14:44:31,784 - INFO - 当前用时 0.21 秒
2025-12-21 14:44:31,784 - INFO - 将种子集 写入位置: /root/pythonspace/data-test/students/2025-12-21/seeds-with-students/random_monterCarlo_seedNum-40_SSRNum-60000.txt
2025-12-21 14:44:31,784 - INFO - 评估种子集: None
2025-12-21 14:44:31,784 - INFO - 多进程评估开始，共有 7 个方法待评估...
2025-12-21 14:44:31,784 - INFO - 启动进程池，Worker数量: 7
2025-12-21 14:44:31,847 - INFO - [Process 3854] 开始评估方法: random, 种子数: 40
2025-12-21 14:44:31,851 - INFO - [Process 3855] 开始评估方法: degreeTopM, 种子数: 40
2025-12-21 14:44:31,851 - INFO - [Process 3856] 开始评估方法: pageRank, 种子数: 40
2025-12-21 14:44:31,852 - INFO - [Process 3857] 开始评估方法: alpha_sort, 种子数: 40
2025-12-21 14:44:31,861 - INFO - [Process 3858] 开始评估方法: importance_sort, 种子数: 40
2025-12-21 14:44:31,863 - INFO - [Process 3859] 开始评估方法: ris_coverage, 种子数: 40
2025-12-21 14:44:31,869 - INFO - [Process 3860] 开始评估方法: monterCarlo, 种子数: 40
2025-12-21 14:44:32,143 - INFO - [Process 3858] importance_sort - 300 sims 完成: E=23.12
2025-12-21 14:44:32,149 - INFO - [Process 3857] alpha_sort - 300 sims 完成: E=23.55
2025-12-21 14:44:32,160 - INFO - [Process 3859] ris_coverage - 300 sims 完成: E=22.85
2025-12-21 14:44:32,268 - INFO - [Process 3855] degreeTopM - 300 sims 完成: E=18.16
2025-12-21 14:44:32,272 - INFO - [Process 3860] monterCarlo - 300 sims 完成: E=23.97
2025-12-21 14:44:32,279 - INFO - [Process 3854] random - 300 sims 完成: E=18.61
2025-12-21 14:44:32,293 - INFO - [Process 3856] pageRank - 300 sims 完成: E=18.72
2025-12-21 14:44:32,340 - INFO - 所有进程执行完毕，开始写入数据...
2025-12-21 14:44:32,344 - INFO - 成功写入 7 条记录至 /root/pythonspace/data-test/students/2025-12-21/E-activated-students/distribution-random_simuTimes-300_seedNum-40_monteCarloL-10_rrNumSamples-60000.csv
2025-12-21 14:44:32,345 - INFO - 保存评估文件至: /root/pythonspace/data-test/students/2025-12-21/E-activated-students/distribution-random_simuTimes-300_seedNum-40_monteCarloL-10_rrNumSamples-60000.csv
2025-12-21 14:44:32,346 - INFO - 加载数据集: students
2025-12-21 14:44:32,347 - INFO - 首次生成度相关概率分布 分布类型: 'random'.
2025-12-21 14:44:32,347 - INFO - ===> Generating 'Dirichlet' distributions with alpha=[1, 1, 1]...
2025-12-21 14:44:32,348 - INFO - 保存概率分布 文件位置: /root/pythonspace/data-test/students/2025-12-21/distribution-in-students/distribution-random_seedNum-50.pkl
2025-12-21 14:44:32,349 - INFO - 首次生成种子集 random
2025-12-21 14:44:32,349 - INFO - 执行当前算法开始: random
2025-12-21 14:44:32,350 - INFO - 数据集节点总数:  n = 84, m = 50
2025-12-21 14:44:32,350 - INFO - 选择 50  [26, 70, 21, 52, 60, 5, 20, 11, 50, 79, 65, 32, 0, 73, 45, 83, 81, 77, 19, 27, 80, 4, 6, 74, 29, 22, 49, 35, 10, 41, 33, 34, 12, 15, 64, 24, 2, 68, 61, 40, 23, 71, 57, 78, 1, 66, 31, 8, 14, 56]

2025-12-21 14:44:32,350 - INFO - 当前用时 0.00 秒
2025-12-21 14:44:32,351 - INFO - 将种子集 写入位置: /root/pythonspace/data-test/students/2025-12-21/seeds-with-students/random_random_seedNum-50_SSRNum-60000.txt
2025-12-21 14:44:32,351 - INFO - 首次生成种子集 degreeTopM
2025-12-21 14:44:32,351 - INFO - 执行当前算法开始: degreeTopM
2025-12-21 14:44:32,351 - INFO - 依据: 选择连接数（度数）最多的节点。
2025-12-21 14:44:32,352 - INFO - 选择的 Top M 节点及其度数:
2025-12-21 14:44:32,352 - INFO - 
2025-12-21 14:44:32,352 - INFO - 当前用时 0.00 秒
2025-12-21 14:44:32,352 - INFO - 将种子集 写入位置: /root/pythonspace/data-test/students/2025-12-21/seeds-with-students/random_degreeTopM_seedNum-50_SSRNum-60000.txt
2025-12-21 14:44:32,353 - INFO - 首次生成种子集 pageRank
2025-12-21 14:44:32,353 - INFO - 执行当前算法开始: pageRank
2025-12-21 14:44:32,353 - INFO - --- Running: PageRank (on tranProMatrix) Top M ---
2025-12-21 14:44:32,358 - INFO - Selected PageRank seeds: [38, 0, 10, 18, 24, 40, 71, 81, 23, 29, 31, 82, 17, 58, 41, 8, 37, 35, 2, 83, 59, 5, 53, 70, 11, 57, 14, 68, 19, 66, 4, 61, 22, 26, 36, 72, 6, 49, 15, 9, 45, 65, 21, 30, 79, 28, 39, 16, 69, 33]
2025-12-21 14:44:32,359 - INFO - 当前用时 0.01 秒
2025-12-21 14:44:32,359 - INFO - 将种子集 写入位置: /root/pythonspace/data-test/students/2025-12-21/seeds-with-students/random_pageRank_seedNum-50_SSRNum-60000.txt
2025-12-21 14:44:32,360 - INFO - 首次生成种子集 alpha_sort
2025-12-21 14:44:32,360 - INFO - 执行当前算法开始: alpha_sort
2025-12-21 14:44:32,360 - INFO - 84 个节点的alpha值降序排序 done
2025-12-21 14:44:32,360 - INFO - ==============>> [(4, 0.9397616), (82, 0.8926179), (21, 0.7982053), (33, 0.7879776), (18, 0.7828554), (70, 0.7158846), (39, 0.7059991), (5, 0.6977543), (40, 0.6769568), (43, 0.6582209)]
2025-12-21 14:44:32,361 - INFO - 
选择的种子集 (按alpha排序): [4, 82, 21, 33, 18, 70, 39, 5, 40, 43, 81, 23, 36, 28, 3, 38, 0, 24, 75, 27, 17, 7, 13, 59, 61, 72, 62, 71, 78, 10, 29, 67, 15, 51, 31, 65, 2, 80, 64, 49, 77, 73, 26, 32, 14, 47, 45, 52, 69, 53]

2025-12-21 14:44:32,361 - INFO - 当前用时 0.00 秒
2025-12-21 14:44:32,361 - INFO - 将种子集 写入位置: /root/pythonspace/data-test/students/2025-12-21/seeds-with-students/random_alpha_sort_seedNum-50_SSRNum-60000.txt
2025-12-21 14:44:32,361 - INFO - 首次生成种子集 importance_sort
2025-12-21 14:44:32,362 - INFO - 执行当前算法开始: importance_sort
2025-12-21 14:44:32,374 - INFO - 84 个节点的Importance值降序排序 done
2025-12-21 14:44:32,379 - INFO - 
选择的种子集 (按Importance排序): [39, 28, 24, 7, 71, 10, 29, 65, 4, 82, 21, 33, 18, 58, 66, 70, 79, 5, 68, 40, 43, 81, 23, 36, 37, 3, 38, 0, 75, 27, 17, 13, 59, 61, 72, 62, 78, 67, 15, 51, 31, 2, 80, 64, 49, 77, 73, 26, 32, 14]

2025-12-21 14:44:32,379 - INFO - 当前用时 0.02 秒
2025-12-21 14:44:32,379 - INFO - 将种子集 写入位置: /root/pythonspace/data-test/students/2025-12-21/seeds-with-students/random_importance_sort_seedNum-50_SSRNum-60000.txt
2025-12-21 14:44:32,380 - INFO - 首次生成种子集 ris_coverage
2025-12-21 14:44:32,380 - INFO - 执行当前算法开始: ris_coverage
2025-12-21 14:44:32,381 - INFO - 图初始化完成，节点数: 84，CSR 矩阵准备就绪。
2025-12-21 14:44:32,381 - INFO - 
开始生成 60000 组 SSR (并行进程: 8)...
2025-12-21 14:44:48,273 - INFO - 生成完毕。耗时: 15.89 秒。
2025-12-21 14:44:48,274 - INFO - 
开始选择最优种子 (Optimized Greedy) ...
2025-12-21 14:44:54,698 - INFO -   - 券 1/50 选中节点 39, 新增覆盖 1411
2025-12-21 14:44:54,705 - INFO -   - 券 2/50 选中节点 75, 新增覆盖 1313
2025-12-21 14:44:54,712 - INFO -   - 券 3/50 选中节点 82, 新增覆盖 1299
2025-12-21 14:44:54,719 - INFO -   - 券 4/50 选中节点 4, 新增覆盖 1231
2025-12-21 14:44:54,725 - INFO -   - 券 5/50 选中节点 21, 新增覆盖 1130
2025-12-21 14:44:54,736 - INFO -   - 券 6/50 选中节点 33, 新增覆盖 1072
2025-12-21 14:44:54,742 - INFO -   - 券 7/50 选中节点 78, 新增覆盖 1077
2025-12-21 14:44:54,748 - INFO -   - 券 8/50 选中节点 3, 新增覆盖 970
2025-12-21 14:44:54,755 - INFO -   - 券 9/50 选中节点 43, 新增覆盖 954
2025-12-21 14:44:54,761 - INFO -   - 券 10/50 选中节点 27, 新增覆盖 930
2025-12-21 14:44:54,767 - INFO -   - 券 11/50 选中节点 59, 新增覆盖 907
2025-12-21 14:44:54,773 - INFO -   - 券 12/50 选中节点 7, 新增覆盖 899
2025-12-21 14:44:54,784 - INFO -   - 券 13/50 选中节点 13, 新增覆盖 840
2025-12-21 14:44:54,790 - INFO -   - 券 14/50 选中节点 52, 新增覆盖 768
2025-12-21 14:44:54,796 - INFO -   - 券 15/50 选中节点 28, 新增覆盖 779
2025-12-21 14:44:54,802 - INFO -   - 券 16/50 选中节点 73, 新增覆盖 684
2025-12-21 14:44:54,808 - INFO -   - 券 17/50 选中节点 70, 新增覆盖 644
2025-12-21 14:44:54,813 - INFO -   - 券 18/50 选中节点 51, 新增覆盖 694
2025-12-21 14:44:54,819 - INFO -   - 券 19/50 选中节点 61, 新增覆盖 616
2025-12-21 14:44:54,829 - INFO -   - 券 20/50 选中节点 5, 新增覆盖 594
2025-12-21 14:44:54,835 - INFO -   - 券 21/50 选中节点 72, 新增覆盖 602
2025-12-21 14:44:54,841 - INFO -   - 券 22/50 选中节点 15, 新增覆盖 579
2025-12-21 14:44:54,846 - INFO -   - 券 23/50 选中节点 67, 新增覆盖 531
2025-12-21 14:44:54,852 - INFO -   - 券 24/50 选中节点 64, 新增覆盖 534
2025-12-21 14:44:54,857 - INFO -   - 券 25/50 选中节点 65, 新增覆盖 543
2025-12-21 14:44:54,867 - INFO -   - 券 26/50 选中节点 62, 新增覆盖 513
2025-12-21 14:44:54,872 - INFO -   - 券 27/50 选中节点 60, 新增覆盖 499
2025-12-21 14:44:54,877 - INFO -   - 券 28/50 选中节点 44, 新增覆盖 468
2025-12-21 14:44:54,882 - INFO -   - 券 29/50 选中节点 36, 新增覆盖 478
2025-12-21 14:44:54,887 - INFO -   - 券 30/50 选中节点 53, 新增覆盖 443
2025-12-21 14:44:54,892 - INFO -   - 券 31/50 选中节点 29, 新增覆盖 444
2025-12-21 14:44:54,897 - INFO -   - 券 32/50 选中节点 2, 新增覆盖 422
2025-12-21 14:44:54,901 - INFO -   - 券 33/50 选中节点 47, 新增覆盖 405
2025-12-21 14:44:54,910 - INFO -   - 券 34/50 选中节点 14, 新增覆盖 378
2025-12-21 14:44:54,915 - INFO -   - 券 35/50 选中节点 49, 新增覆盖 394
2025-12-21 14:44:54,920 - INFO -   - 券 36/50 选中节点 32, 新增覆盖 386
2025-12-21 14:44:54,924 - INFO -   - 券 37/50 选中节点 31, 新增覆盖 365
2025-12-21 14:44:54,929 - INFO -   - 券 38/50 选中节点 45, 新增覆盖 376
2025-12-21 14:44:54,933 - INFO -   - 券 39/50 选中节点 26, 新增覆盖 354
2025-12-21 14:44:54,938 - INFO -   - 券 40/50 选中节点 69, 新增覆盖 334
2025-12-21 14:44:54,942 - INFO -   - 券 41/50 选中节点 74, 新增覆盖 350
2025-12-21 14:44:54,947 - INFO -   - 券 42/50 选中节点 17, 新增覆盖 326
2025-12-21 14:44:54,955 - INFO -   - 券 43/50 选中节点 42, 新增覆盖 336
2025-12-21 14:44:54,959 - INFO -   - 券 44/50 选中节点 76, 新增覆盖 335
2025-12-21 14:44:54,964 - INFO -   - 券 45/50 选中节点 8, 新增覆盖 304
2025-12-21 14:44:54,968 - INFO -   - 券 46/50 选中节点 66, 新增覆盖 296
2025-12-21 14:44:54,972 - INFO -   - 券 47/50 选中节点 34, 新增覆盖 290
2025-12-21 14:44:54,976 - INFO -   - 券 48/50 选中节点 12, 新增覆盖 282
2025-12-21 14:44:54,980 - INFO -   - 券 49/50 选中节点 55, 新增覆盖 294
2025-12-21 14:44:54,984 - INFO -   - 券 50/50 选中节点 58, 新增覆盖 281
2025-12-21 14:44:54,984 - INFO - 选种完毕。耗时: 6.71 秒。
2025-12-21 14:44:55,153 - INFO - 最终选择的种子集: [39, 75, 82, 4, 21, 33, 78, 3, 43, 27, 59, 7, 13, 52, 28, 73, 70, 51, 61, 5, 72, 15, 67, 64, 65, 62, 60, 44, 36, 53, 29, 2, 47, 14, 49, 32, 31, 45, 26, 69, 74, 17, 42, 76, 8, 66, 34, 12, 55, 58]

2025-12-21 14:44:55,834 - INFO - 当前用时 23.45 秒
2025-12-21 14:44:55,835 - INFO - 将种子集 写入位置: /root/pythonspace/data-test/students/2025-12-21/seeds-with-students/random_ris_coverage_seedNum-50_SSRNum-60000.txt
2025-12-21 14:44:55,835 - INFO - 首次生成种子集 monterCarlo
2025-12-21 14:44:55,835 - INFO - 执行当前算法开始: monterCarlo
2025-12-21 14:44:55,835 - INFO - --- Running: Monte Carlo Selection (L=100) ---
2025-12-21 14:44:55,835 - INFO - 依据: 对每个节点进行 100 次模拟实验，评估其平均激活贡献。
2025-12-21 14:44:55,835 - INFO - 正在模拟评估第 0/84 个节点...
2025-12-21 14:44:56,022 - INFO - 蒙特卡洛评估完成。最高期望激活值为: 0.9900
2025-12-21 14:44:56,022 - INFO - 选择的种子集: [4, 82, 5, 21, 33, 18, 23, 43, 70, 13] ...
2025-12-21 14:44:56,022 - INFO - 当前用时 0.19 秒
2025-12-21 14:44:56,023 - INFO - 将种子集 写入位置: /root/pythonspace/data-test/students/2025-12-21/seeds-with-students/random_monterCarlo_seedNum-50_SSRNum-60000.txt
2025-12-21 14:44:56,023 - INFO - 评估种子集: None
2025-12-21 14:44:56,023 - INFO - 多进程评估开始，共有 7 个方法待评估...
2025-12-21 14:44:56,023 - INFO - 启动进程池，Worker数量: 7
2025-12-21 14:44:56,090 - INFO - [Process 4009] 开始评估方法: random, 种子数: 50
2025-12-21 14:44:56,103 - INFO - [Process 4010] 开始评估方法: degreeTopM, 种子数: 50
2025-12-21 14:44:56,115 - INFO - [Process 4011] 开始评估方法: pageRank, 种子数: 50
2025-12-21 14:44:56,115 - INFO - [Process 4012] 开始评估方法: alpha_sort, 种子数: 50
2025-12-21 14:44:56,119 - INFO - [Process 4013] 开始评估方法: importance_sort, 种子数: 50
2025-12-21 14:44:56,120 - INFO - [Process 4014] 开始评估方法: ris_coverage, 种子数: 50
2025-12-21 14:44:56,123 - INFO - [Process 4015] 开始评估方法: monterCarlo, 种子数: 50
2025-12-21 14:44:56,661 - INFO - [Process 4013] importance_sort - 300 sims 完成: E=30.06
2025-12-21 14:44:56,750 - INFO - [Process 4011] pageRank - 300 sims 完成: E=26.14
2025-12-21 14:44:56,839 - INFO - [Process 4015] monterCarlo - 300 sims 完成: E=30.45
2025-12-21 14:44:56,857 - INFO - [Process 4010] degreeTopM - 300 sims 完成: E=26.41
2025-12-21 14:44:56,881 - INFO - [Process 4012] alpha_sort - 300 sims 完成: E=30.00
2025-12-21 14:44:57,570 - INFO - [Process 4014] ris_coverage - 300 sims 完成: E=27.71
2025-12-21 14:44:57,594 - INFO - [Process 4009] random - 300 sims 完成: E=23.91
2025-12-21 14:44:57,624 - INFO - 所有进程执行完毕，开始写入数据...
2025-12-21 14:44:57,629 - INFO - 成功写入 7 条记录至 /root/pythonspace/data-test/students/2025-12-21/E-activated-students/distribution-random_simuTimes-300_seedNum-50_monteCarloL-10_rrNumSamples-60000.csv
2025-12-21 14:44:57,630 - INFO - 保存评估文件至: /root/pythonspace/data-test/students/2025-12-21/E-activated-students/distribution-random_simuTimes-300_seedNum-50_monteCarloL-10_rrNumSamples-60000.csv
2025-12-21 14:44:57,632 - INFO - 加载数据集: students
2025-12-21 14:44:57,633 - INFO - 首次生成度相关概率分布 分布类型: 'random'.
2025-12-21 14:44:57,634 - INFO - ===> Generating 'Dirichlet' distributions with alpha=[1, 1, 1]...
2025-12-21 14:44:57,636 - INFO - 保存概率分布 文件位置: /root/pythonspace/data-test/students/2025-12-21/distribution-in-students/distribution-random_seedNum-60.pkl
2025-12-21 14:44:57,637 - INFO - 首次生成种子集 random
2025-12-21 14:44:57,638 - INFO - 执行当前算法开始: random
2025-12-21 14:44:57,638 - INFO - 数据集节点总数:  n = 84, m = 60
2025-12-21 14:44:57,638 - INFO - 选择 60  [49, 43, 48, 38, 67, 21, 70, 41, 25, 68, 29, 27, 26, 80, 46, 73, 77, 8, 65, 11, 7, 64, 72, 30, 14, 28, 61, 57, 79, 71, 15, 3, 2, 0, 45, 59, 12, 50, 81, 55, 19, 60, 63, 4, 47, 22, 42, 58, 44, 1, 6, 31, 76, 62, 51, 24, 35, 36, 83, 20]

2025-12-21 14:44:57,638 - INFO - 当前用时 0.00 秒
2025-12-21 14:44:57,639 - INFO - 将种子集 写入位置: /root/pythonspace/data-test/students/2025-12-21/seeds-with-students/random_random_seedNum-60_SSRNum-60000.txt
2025-12-21 14:44:57,640 - INFO - 首次生成种子集 degreeTopM
2025-12-21 14:44:57,640 - INFO - 执行当前算法开始: degreeTopM
2025-12-21 14:44:57,640 - INFO - 依据: 选择连接数（度数）最多的节点。
2025-12-21 14:44:57,641 - INFO - 选择的 Top M 节点及其度数:
2025-12-21 14:44:57,641 - INFO - 
2025-12-21 14:44:57,641 - INFO - 当前用时 0.00 秒
2025-12-21 14:44:57,642 - INFO - 将种子集 写入位置: /root/pythonspace/data-test/students/2025-12-21/seeds-with-students/random_degreeTopM_seedNum-60_SSRNum-60000.txt
2025-12-21 14:44:57,642 - INFO - 首次生成种子集 pageRank
2025-12-21 14:44:57,642 - INFO - 执行当前算法开始: pageRank
2025-12-21 14:44:57,643 - INFO - --- Running: PageRank (on tranProMatrix) Top M ---
2025-12-21 14:44:57,648 - INFO - Selected PageRank seeds: [38, 0, 10, 18, 24, 40, 71, 81, 23, 29, 31, 82, 17, 58, 41, 8, 37, 35, 2, 83, 59, 5, 53, 70, 11, 57, 14, 68, 19, 66, 4, 61, 22, 26, 36, 72, 6, 49, 15, 9, 45, 65, 21, 30, 79, 28, 39, 16, 69, 33, 44, 50, 48, 74, 20, 55, 60, 62, 43, 13]
2025-12-21 14:44:57,649 - INFO - 当前用时 0.01 秒
2025-12-21 14:44:57,650 - INFO - 将种子集 写入位置: /root/pythonspace/data-test/students/2025-12-21/seeds-with-students/random_pageRank_seedNum-60_SSRNum-60000.txt
2025-12-21 14:44:57,650 - INFO - 首次生成种子集 alpha_sort
2025-12-21 14:44:57,650 - INFO - 执行当前算法开始: alpha_sort
2025-12-21 14:44:57,651 - INFO - 84 个节点的alpha值降序排序 done
2025-12-21 14:44:57,651 - INFO - ==============>> [(11, 0.9111229), (71, 0.8344527), (28, 0.8035229), (26, 0.7910112), (40, 0.7843521), (12, 0.7833399), (81, 0.7231106), (10, 0.7195863), (62, 0.7046024), (32, 0.700489)]
2025-12-21 14:44:57,651 - INFO - 
选择的种子集 (按alpha排序): [11, 71, 28, 26, 40, 12, 81, 10, 62, 32, 1, 59, 18, 35, 54, 29, 51, 17, 73, 50, 70, 21, 25, 65, 39, 72, 27, 0, 37, 7, 5, 14, 2, 64, 52, 77, 13, 23, 45, 60, 34, 16, 3, 22, 8, 31, 48, 42, 75, 44, 67, 61, 58, 68, 57, 80, 46, 43, 4, 41]

2025-12-21 14:44:57,651 - INFO - 当前用时 0.00 秒
2025-12-21 14:44:57,652 - INFO - 将种子集 写入位置: /root/pythonspace/data-test/students/2025-12-21/seeds-with-students/random_alpha_sort_seedNum-60_SSRNum-60000.txt
2025-12-21 14:44:57,652 - INFO - 首次生成种子集 importance_sort
2025-12-21 14:44:57,652 - INFO - 执行当前算法开始: importance_sort
2025-12-21 14:44:57,664 - INFO - 84 个节点的Importance值降序排序 done
2025-12-21 14:44:57,665 - INFO - 
选择的种子集 (按Importance排序): [71, 28, 10, 29, 11, 65, 39, 37, 7, 26, 40, 12, 81, 62, 32, 1, 59, 18, 58, 35, 68, 54, 51, 66, 17, 24, 73, 50, 70, 21, 25, 79, 72, 27, 0, 5, 14, 2, 64, 52, 77, 13, 23, 45, 60, 34, 16, 3, 22, 8, 31, 48, 42, 75, 44, 67, 61, 57, 80, 46]

2025-12-21 14:44:57,665 - INFO - 当前用时 0.01 秒
2025-12-21 14:44:57,666 - INFO - 将种子集 写入位置: /root/pythonspace/data-test/students/2025-12-21/seeds-with-students/random_importance_sort_seedNum-60_SSRNum-60000.txt
2025-12-21 14:44:57,666 - INFO - 首次生成种子集 ris_coverage
2025-12-21 14:44:57,666 - INFO - 执行当前算法开始: ris_coverage
2025-12-21 14:44:57,667 - INFO - 图初始化完成，节点数: 84，CSR 矩阵准备就绪。
2025-12-21 14:44:57,667 - INFO - 
开始生成 60000 组 SSR (并行进程: 8)...
2025-12-21 14:45:15,973 - INFO - 生成完毕。耗时: 18.31 秒。
2025-12-21 14:45:15,974 - INFO - 
开始选择最优种子 (Optimized Greedy) ...
2025-12-21 14:45:23,140 - INFO -   - 券 1/60 选中节点 7, 新增覆盖 1337
2025-12-21 14:45:23,146 - INFO -   - 券 2/60 选中节点 71, 新增覆盖 1249
2025-12-21 14:45:23,152 - INFO -   - 券 3/60 选中节点 40, 新增覆盖 1140
2025-12-21 14:45:23,158 - INFO -   - 券 4/60 选中节点 51, 新增覆盖 1148
2025-12-21 14:45:23,164 - INFO -   - 券 5/60 选中节点 11, 新增覆盖 1076
2025-12-21 14:45:23,169 - INFO -   - 券 6/60 选中节点 12, 新增覆盖 1015
2025-12-21 14:45:23,176 - INFO -   - 券 7/60 选中节点 64, 新增覆盖 1046
2025-12-21 14:45:23,182 - INFO -   - 券 8/60 选中节点 73, 新增覆盖 985
2025-12-21 14:45:23,193 - INFO -   - 券 9/60 选中节点 72, 新增覆盖 909
2025-12-21 14:45:23,199 - INFO -   - 券 10/60 选中节点 32, 新增覆盖 883
2025-12-21 14:45:23,205 - INFO -   - 券 11/60 选中节点 39, 新增覆盖 842
2025-12-21 14:45:23,210 - INFO -   - 券 12/60 选中节点 81, 新增覆盖 787
2025-12-21 14:45:23,216 - INFO -   - 券 13/60 选中节点 28, 新增覆盖 759
2025-12-21 14:45:23,222 - INFO -   - 券 14/60 选中节点 27, 新增覆盖 709
2025-12-21 14:45:23,228 - INFO -   - 券 15/60 选中节点 62, 新增覆盖 734
2025-12-21 14:45:23,234 - INFO -   - 券 16/60 选中节点 59, 新增覆盖 661
2025-12-21 14:45:23,240 - INFO -   - 券 17/60 选中节点 70, 新增覆盖 633
2025-12-21 14:45:23,245 - INFO -   - 券 18/60 选中节点 3, 新增覆盖 651
2025-12-21 14:45:23,256 - INFO -   - 券 19/60 选中节点 60, 新增覆盖 561
2025-12-21 14:45:23,261 - INFO -   - 券 20/60 选中节点 65, 新增覆盖 585
2025-12-21 14:45:23,267 - INFO -   - 券 21/60 选中节点 52, 新增覆盖 561
2025-12-21 14:45:23,272 - INFO -   - 券 22/60 选中节点 75, 新增覆盖 542
2025-12-21 14:45:23,279 - INFO -   - 券 23/60 选中节点 35, 新增覆盖 532
2025-12-21 14:45:23,284 - INFO -   - 券 24/60 选中节点 58, 新增覆盖 481
2025-12-21 14:45:23,290 - INFO -   - 券 25/60 选中节点 1, 新增覆盖 476
2025-12-21 14:45:23,300 - INFO -   - 券 26/60 选中节点 34, 新增覆盖 476
2025-12-21 14:45:23,305 - INFO -   - 券 27/60 选中节点 67, 新增覆盖 470
2025-12-21 14:45:23,311 - INFO -   - 券 28/60 选中节点 43, 新增覆盖 445
2025-12-21 14:45:23,316 - INFO -   - 券 29/60 选中节点 21, 新增覆盖 442
2025-12-21 14:45:23,321 - INFO -   - 券 30/60 选中节点 54, 新增覆盖 421
2025-12-21 14:45:23,326 - INFO -   - 券 31/60 选中节点 56, 新增覆盖 410
2025-12-21 14:45:23,331 - INFO -   - 券 32/60 选中节点 13, 新增覆盖 413
2025-12-21 14:45:23,337 - INFO -   - 券 33/60 选中节点 37, 新增覆盖 400
2025-12-21 14:45:23,342 - INFO -   - 券 34/60 选中节点 44, 新增覆盖 379
2025-12-21 14:45:23,347 - INFO -   - 券 35/60 选中节点 5, 新增覆盖 394
2025-12-21 14:45:23,352 - INFO -   - 券 36/60 选中节点 14, 新增覆盖 373
2025-12-21 14:45:23,357 - INFO -   - 券 37/60 选中节点 2, 新增覆盖 357
2025-12-21 14:45:23,362 - INFO -   - 券 38/60 选中节点 42, 新增覆盖 335
2025-12-21 14:45:23,367 - INFO -   - 券 39/60 选中节点 25, 新增覆盖 363
2025-12-21 14:45:23,372 - INFO -   - 券 40/60 选中节点 45, 新增覆盖 331
2025-12-21 14:45:23,377 - INFO -   - 券 41/60 选中节点 50, 新增覆盖 363
2025-12-21 14:45:23,381 - INFO -   - 券 42/60 选中节点 47, 新增覆盖 305
2025-12-21 14:45:23,394 - INFO -   - 券 43/60 选中节点 31, 新增覆盖 321
2025-12-21 14:45:23,398 - INFO -   - 券 44/60 选中节点 78, 新增覆盖 317
2025-12-21 14:45:23,403 - INFO -   - 券 45/60 选中节点 48, 新增覆盖 300
2025-12-21 14:45:23,408 - INFO -   - 券 46/60 选中节点 68, 新增覆盖 297
2025-12-21 14:45:23,412 - INFO -   - 券 47/60 选中节点 26, 新增覆盖 289
2025-12-21 14:45:23,417 - INFO -   - 券 48/60 选中节点 41, 新增覆盖 301
2025-12-21 14:45:23,421 - INFO -   - 券 49/60 选中节点 23, 新增覆盖 284
2025-12-21 14:45:23,426 - INFO -   - 券 50/60 选中节点 8, 新增覆盖 294
2025-12-21 14:45:23,430 - INFO -   - 券 51/60 选中节点 77, 新增覆盖 288
2025-12-21 14:45:23,435 - INFO -   - 券 52/60 选中节点 19, 新增覆盖 260
2025-12-21 14:45:23,439 - INFO -   - 券 53/60 选中节点 76, 新增覆盖 265
2025-12-21 14:45:23,444 - INFO -   - 券 54/60 选中节点 83, 新增覆盖 280
2025-12-21 14:45:23,448 - INFO -   - 券 55/60 选中节点 61, 新增覆盖 279
2025-12-21 14:45:23,453 - INFO -   - 券 56/60 选中节点 4, 新增覆盖 252
2025-12-21 14:45:23,461 - INFO -   - 券 57/60 选中节点 69, 新增覆盖 255
2025-12-21 14:45:23,466 - INFO -   - 券 58/60 选中节点 17, 新增覆盖 250
2025-12-21 14:45:23,470 - INFO -   - 券 59/60 选中节点 66, 新增覆盖 258
2025-12-21 14:45:23,474 - INFO -   - 券 60/60 选中节点 33, 新增覆盖 244
2025-12-21 14:45:23,474 - INFO - 选种完毕。耗时: 7.50 秒。
2025-12-21 14:45:23,629 - INFO - 最终选择的种子集: [7, 71, 40, 51, 11, 12, 64, 73, 72, 32, 39, 81, 28, 27, 62, 59, 70, 3, 60, 65, 52, 75, 35, 58, 1, 34, 67, 43, 21, 54, 56, 13, 37, 44, 5, 14, 2, 42, 25, 45, 50, 47, 31, 78, 48, 68, 26, 41, 23, 8, 77, 19, 76, 83, 61, 4, 69, 17, 66, 33]

2025-12-21 14:45:24,380 - INFO - 当前用时 26.71 秒
2025-12-21 14:45:24,380 - INFO - 将种子集 写入位置: /root/pythonspace/data-test/students/2025-12-21/seeds-with-students/random_ris_coverage_seedNum-60_SSRNum-60000.txt
2025-12-21 14:45:24,381 - INFO - 首次生成种子集 monterCarlo
2025-12-21 14:45:24,381 - INFO - 执行当前算法开始: monterCarlo
2025-12-21 14:45:24,381 - INFO - --- Running: Monte Carlo Selection (L=100) ---
2025-12-21 14:45:24,381 - INFO - 依据: 对每个节点进行 100 次模拟实验，评估其平均激活贡献。
2025-12-21 14:45:24,381 - INFO - 正在模拟评估第 0/84 个节点...
2025-12-21 14:45:24,575 - INFO - 蒙特卡洛评估完成。最高期望激活值为: 0.9500
2025-12-21 14:45:24,575 - INFO - 选择的种子集: [11, 10, 40, 71, 12, 7, 29, 28, 59, 51] ...
2025-12-21 14:45:24,576 - INFO - 当前用时 0.19 秒
2025-12-21 14:45:24,576 - INFO - 将种子集 写入位置: /root/pythonspace/data-test/students/2025-12-21/seeds-with-students/random_monterCarlo_seedNum-60_SSRNum-60000.txt
2025-12-21 14:45:24,576 - INFO - 评估种子集: None
2025-12-21 14:45:24,576 - INFO - 多进程评估开始，共有 7 个方法待评估...
2025-12-21 14:45:24,576 - INFO - 启动进程池，Worker数量: 7
2025-12-21 14:45:24,656 - INFO - [Process 4085] 开始评估方法: random, 种子数: 60
2025-12-21 14:45:24,658 - INFO - [Process 4086] 开始评估方法: degreeTopM, 种子数: 60
2025-12-21 14:45:24,658 - INFO - [Process 4087] 开始评估方法: pageRank, 种子数: 60
2025-12-21 14:45:24,662 - INFO - [Process 4088] 开始评估方法: alpha_sort, 种子数: 60
2025-12-21 14:45:24,666 - INFO - [Process 4089] 开始评估方法: importance_sort, 种子数: 60
2025-12-21 14:45:24,667 - INFO - [Process 4090] 开始评估方法: ris_coverage, 种子数: 60
2025-12-21 14:45:24,671 - INFO - [Process 4091] 开始评估方法: monterCarlo, 种子数: 60
2025-12-21 14:45:25,386 - INFO - [Process 4085] random - 300 sims 完成: E=28.81
2025-12-21 14:45:25,398 - INFO - [Process 4090] ris_coverage - 300 sims 完成: E=31.12
2025-12-21 14:45:25,434 - INFO - [Process 4089] importance_sort - 300 sims 完成: E=32.41
2025-12-21 14:45:25,562 - INFO - [Process 4088] alpha_sort - 300 sims 完成: E=32.56
2025-12-21 14:45:25,759 - INFO - [Process 4087] pageRank - 300 sims 完成: E=29.38
2025-12-21 14:45:25,896 - INFO - [Process 4086] degreeTopM - 300 sims 完成: E=30.14
2025-12-21 14:45:26,324 - INFO - [Process 4091] monterCarlo - 300 sims 完成: E=33.77
2025-12-21 14:45:26,360 - INFO - 所有进程执行完毕，开始写入数据...
2025-12-21 14:45:26,365 - INFO - 成功写入 7 条记录至 /root/pythonspace/data-test/students/2025-12-21/E-activated-students/distribution-random_simuTimes-300_seedNum-60_monteCarloL-10_rrNumSamples-60000.csv
2025-12-21 14:45:26,365 - INFO - 保存评估文件至: /root/pythonspace/data-test/students/2025-12-21/E-activated-students/distribution-random_simuTimes-300_seedNum-60_monteCarloL-10_rrNumSamples-60000.csv
2025-12-21 14:45:26,368 - INFO - 加载数据集: students
2025-12-21 14:45:26,369 - INFO - 首次生成度相关概率分布 分布类型: 'random'.
2025-12-21 14:45:26,369 - INFO - ===> Generating 'Dirichlet' distributions with alpha=[1, 1, 1]...
2025-12-21 14:45:26,369 - INFO - 保存概率分布 文件位置: /root/pythonspace/data-test/students/2025-12-21/distribution-in-students/distribution-random_seedNum-70.pkl
2025-12-21 14:45:26,371 - INFO - 首次生成种子集 random
2025-12-21 14:45:26,371 - INFO - 执行当前算法开始: random
2025-12-21 14:45:26,371 - INFO - 数据集节点总数:  n = 84, m = 70
2025-12-21 14:45:26,371 - INFO - 选择 70  [32, 50, 17, 59, 45, 49, 35, 23, 16, 68, 71, 28, 8, 34, 41, 22, 20, 53, 30, 15, 55, 26, 39, 52, 0, 70, 57, 3, 46, 12, 58, 4, 18, 29, 14, 73, 48, 79, 75, 38, 69, 66, 82, 42, 83, 7, 36, 74, 37, 43, 62, 1, 21, 27, 9, 51, 33, 63, 47, 19, 72, 11, 76, 64, 80, 25, 31, 60, 78, 44]

2025-12-21 14:45:26,371 - INFO - 当前用时 0.00 秒
2025-12-21 14:45:26,372 - INFO - 将种子集 写入位置: /root/pythonspace/data-test/students/2025-12-21/seeds-with-students/random_random_seedNum-70_SSRNum-60000.txt
2025-12-21 14:45:26,372 - INFO - 首次生成种子集 degreeTopM
2025-12-21 14:45:26,372 - INFO - 执行当前算法开始: degreeTopM
2025-12-21 14:45:26,372 - INFO - 依据: 选择连接数（度数）最多的节点。
2025-12-21 14:45:26,372 - INFO - 选择的 Top M 节点及其度数:
2025-12-21 14:45:26,372 - INFO - 
2025-12-21 14:45:26,372 - INFO - 当前用时 0.00 秒
2025-12-21 14:45:26,372 - INFO - 将种子集 写入位置: /root/pythonspace/data-test/students/2025-12-21/seeds-with-students/random_degreeTopM_seedNum-70_SSRNum-60000.txt
2025-12-21 14:45:26,373 - INFO - 首次生成种子集 pageRank
2025-12-21 14:45:26,373 - INFO - 执行当前算法开始: pageRank
2025-12-21 14:45:26,373 - INFO - --- Running: PageRank (on tranProMatrix) Top M ---
2025-12-21 14:45:26,378 - INFO - Selected PageRank seeds: [38, 0, 10, 18, 24, 40, 71, 81, 23, 29, 31, 82, 17, 58, 41, 8, 37, 35, 2, 83, 59, 5, 53, 70, 11, 57, 14, 68, 19, 66, 4, 61, 22, 26, 36, 72, 6, 49, 15, 9, 45, 65, 21, 30, 79, 28, 39, 16, 69, 33, 44, 50, 48, 74, 20, 55, 60, 62, 43, 13, 63, 32, 47, 34, 51, 42, 76, 12, 75, 73]
2025-12-21 14:45:26,378 - INFO - 当前用时 0.01 秒
2025-12-21 14:45:26,379 - INFO - 将种子集 写入位置: /root/pythonspace/data-test/students/2025-12-21/seeds-with-students/random_pageRank_seedNum-70_SSRNum-60000.txt
2025-12-21 14:45:26,379 - INFO - 首次生成种子集 alpha_sort
2025-12-21 14:45:26,379 - INFO - 执行当前算法开始: alpha_sort
2025-12-21 14:45:26,379 - INFO - 84 个节点的alpha值降序排序 done
2025-12-21 14:45:26,379 - INFO - ==============>> [(42, 0.9058787), (72, 0.8825084), (7, 0.8017597), (45, 0.72777), (41, 0.6714766), (73, 0.6513315), (9, 0.6408894), (0, 0.62437), (4, 0.6134194), (61, 0.6105529)]
2025-12-21 14:45:26,379 - INFO - 
选择的种子集 (按alpha排序): [42, 72, 7, 45, 41, 73, 9, 0, 4, 61, 39, 83, 77, 10, 51, 20, 8, 59, 78, 52, 12, 13, 49, 55, 36, 19, 70, 63, 6, 53, 43, 54, 80, 35, 76, 30, 21, 37, 2, 64, 67, 69, 62, 15, 75, 24, 25, 44, 79, 38, 48, 58, 65, 5, 66, 22, 29, 33, 23, 57, 14, 82, 32, 1, 26, 11, 3, 17, 27, 16]

2025-12-21 14:45:26,379 - INFO - 当前用时 0.00 秒
2025-12-21 14:45:26,379 - INFO - 将种子集 写入位置: /root/pythonspace/data-test/students/2025-12-21/seeds-with-students/random_alpha_sort_seedNum-70_SSRNum-60000.txt
2025-12-21 14:45:26,380 - INFO - 首次生成种子集 importance_sort
2025-12-21 14:45:26,380 - INFO - 执行当前算法开始: importance_sort
2025-12-21 14:45:26,391 - INFO - 84 个节点的Importance值降序排序 done
2025-12-21 14:45:26,391 - INFO - 
选择的种子集 (按Importance排序): [7, 39, 10, 37, 42, 72, 24, 79, 58, 65, 66, 29, 45, 28, 68, 41, 71, 73, 9, 0, 4, 61, 83, 77, 51, 20, 8, 59, 78, 52, 12, 13, 49, 55, 36, 19, 70, 63, 6, 53, 43, 54, 80, 35, 76, 30, 21, 2, 64, 67, 69, 62, 15, 75, 25, 44, 38, 48, 5, 22, 33, 23, 57, 14, 82, 32, 1, 26, 11, 3]

2025-12-21 14:45:26,392 - INFO - 当前用时 0.01 秒
2025-12-21 14:45:26,392 - INFO - 将种子集 写入位置: /root/pythonspace/data-test/students/2025-12-21/seeds-with-students/random_importance_sort_seedNum-70_SSRNum-60000.txt
2025-12-21 14:45:26,392 - INFO - 首次生成种子集 ris_coverage
2025-12-21 14:45:26,392 - INFO - 执行当前算法开始: ris_coverage
2025-12-21 14:45:26,393 - INFO - 图初始化完成，节点数: 84，CSR 矩阵准备就绪。
2025-12-21 14:45:26,393 - INFO - 
开始生成 60000 组 SSR (并行进程: 8)...
2025-12-21 14:45:47,030 - INFO - 生成完毕。耗时: 20.64 秒。
2025-12-21 14:45:47,031 - INFO - 
开始选择最优种子 (Optimized Greedy) ...
2025-12-21 14:45:54,172 - INFO -   - 券 1/70 选中节点 7, 新增覆盖 1365
2025-12-21 14:45:54,178 - INFO -   - 券 2/70 选中节点 42, 新增覆盖 1157
2025-12-21 14:45:54,183 - INFO -   - 券 3/70 选中节点 51, 新增覆盖 1040
2025-12-21 14:45:54,189 - INFO -   - 券 4/70 选中节点 9, 新增覆盖 980
2025-12-21 14:45:54,195 - INFO -   - 券 5/70 选中节点 4, 新增覆盖 904
2025-12-21 14:45:54,200 - INFO -   - 券 6/70 选中节点 78, 新增覆盖 867
2025-12-21 14:45:54,206 - INFO -   - 券 7/70 选中节点 73, 新增覆盖 836
2025-12-21 14:45:54,211 - INFO -   - 券 8/70 选中节点 12, 新增覆盖 803
2025-12-21 14:45:54,217 - INFO -   - 券 9/70 选中节点 52, 新增覆盖 806
2025-12-21 14:45:54,223 - INFO -   - 券 10/70 选中节点 53, 新增覆盖 804
2025-12-21 14:45:54,229 - INFO -   - 券 11/70 选中节点 39, 新增覆盖 726
2025-12-21 14:45:54,239 - INFO -   - 券 12/70 选中节点 72, 新增覆盖 716
2025-12-21 14:45:54,245 - INFO -   - 券 13/70 选中节点 43, 新增覆盖 701
2025-12-21 14:45:54,250 - INFO -   - 券 14/70 选中节点 83, 新增覆盖 656
2025-12-21 14:45:54,256 - INFO -   - 券 15/70 选中节点 41, 新增覆盖 628
2025-12-21 14:45:54,261 - INFO -   - 券 16/70 选中节点 59, 新增覆盖 640
2025-12-21 14:45:54,267 - INFO -   - 券 17/70 选中节点 8, 新增覆盖 627
2025-12-21 14:45:54,272 - INFO -   - 券 18/70 选中节点 20, 新增覆盖 578
2025-12-21 14:45:54,278 - INFO -   - 券 19/70 选中节点 45, 新增覆盖 565
2025-12-21 14:45:54,283 - INFO -   - 券 20/70 选中节点 70, 新增覆盖 519
2025-12-21 14:45:54,288 - INFO -   - 券 21/70 选中节点 13, 新增覆盖 517
2025-12-21 14:45:54,294 - INFO -   - 券 22/70 选中节点 19, 新增覆盖 506
2025-12-21 14:45:54,303 - INFO -   - 券 23/70 选中节点 37, 新增覆盖 502
2025-12-21 14:45:54,309 - INFO -   - 券 24/70 选中节点 67, 新增覆盖 492
2025-12-21 14:45:54,314 - INFO -   - 券 25/70 选中节点 64, 新增覆盖 490
2025-12-21 14:45:54,319 - INFO -   - 券 26/70 选中节点 75, 新增覆盖 471
2025-12-21 14:45:54,325 - INFO -   - 券 27/70 选中节点 62, 新增覆盖 457
2025-12-21 14:45:54,330 - INFO -   - 券 28/70 选中节点 15, 新增覆盖 436
2025-12-21 14:45:54,335 - INFO -   - 券 29/70 选中节点 6, 新增覆盖 433
2025-12-21 14:45:54,340 - INFO -   - 券 30/70 选中节点 36, 新增覆盖 438
2025-12-21 14:45:54,344 - INFO -   - 券 31/70 选中节点 65, 新增覆盖 410
2025-12-21 14:45:54,354 - INFO -   - 券 32/70 选中节点 63, 新增覆盖 418
2025-12-21 14:45:54,359 - INFO -   - 券 33/70 选中节点 21, 新增覆盖 410
2025-12-21 14:45:54,364 - INFO -   - 券 34/70 选中节点 69, 新增覆盖 391
2025-12-21 14:45:54,368 - INFO -   - 券 35/70 选中节点 35, 新增覆盖 398
2025-12-21 14:45:54,373 - INFO -   - 券 36/70 选中节点 77, 新增覆盖 385
2025-12-21 14:45:54,377 - INFO -   - 券 37/70 选中节点 76, 新增覆盖 371
2025-12-21 14:45:54,382 - INFO -   - 券 38/70 选中节点 58, 新增覆盖 364
2025-12-21 14:45:54,386 - INFO -   - 券 39/70 选中节点 55, 新增覆盖 379
2025-12-21 14:45:54,391 - INFO -   - 券 40/70 选中节点 30, 新增覆盖 357
2025-12-21 14:45:54,395 - INFO -   - 券 41/70 选中节点 66, 新增覆盖 369
2025-12-21 14:45:54,404 - INFO -   - 券 42/70 选中节点 49, 新增覆盖 311
2025-12-21 14:45:54,408 - INFO -   - 券 43/70 选中节点 2, 新增覆盖 333
2025-12-21 14:45:54,412 - INFO -   - 券 44/70 选中节点 61, 新增覆盖 345
2025-12-21 14:45:54,416 - INFO -   - 券 45/70 选中节点 44, 新增覆盖 287
2025-12-21 14:45:54,421 - INFO -   - 券 46/70 选中节点 29, 新增覆盖 293
2025-12-21 14:45:54,425 - INFO -   - 券 47/70 选中节点 48, 新增覆盖 288
2025-12-21 14:45:54,429 - INFO -   - 券 48/70 选中节点 5, 新增覆盖 289
2025-12-21 14:45:54,433 - INFO -   - 券 49/70 选中节点 79, 新增覆盖 274
2025-12-21 14:45:54,437 - INFO -   - 券 50/70 选中节点 11, 新增覆盖 277
2025-12-21 14:45:54,441 - INFO -   - 券 51/70 选中节点 27, 新增覆盖 265
2025-12-21 14:45:54,445 - INFO -   - 券 52/70 选中节点 22, 新增覆盖 247
2025-12-21 14:45:54,449 - INFO -   - 券 53/70 选中节点 33, 新增覆盖 251
2025-12-21 14:45:54,453 - INFO -   - 券 54/70 选中节点 3, 新增覆盖 244
2025-12-21 14:45:54,457 - INFO -   - 券 55/70 选中节点 54, 新增覆盖 254
2025-12-21 14:45:54,461 - INFO -   - 券 56/70 选中节点 80, 新增覆盖 237
2025-12-21 14:45:54,465 - INFO -   - 券 57/70 选中节点 14, 新增覆盖 226
2025-12-21 14:45:54,469 - INFO -   - 券 58/70 选中节点 74, 新增覆盖 240
2025-12-21 14:45:54,473 - INFO -   - 券 59/70 选中节点 57, 新增覆盖 224
2025-12-21 14:45:54,477 - INFO -   - 券 60/70 选中节点 82, 新增覆盖 213
2025-12-21 14:45:54,480 - INFO -   - 券 61/70 选中节点 23, 新增覆盖 216
2025-12-21 14:45:54,484 - INFO -   - 券 62/70 选中节点 47, 新增覆盖 216
2025-12-21 14:45:54,488 - INFO -   - 券 63/70 选中节点 24, 新增覆盖 202
2025-12-21 14:45:54,491 - INFO -   - 券 64/70 选中节点 38, 新增覆盖 192
2025-12-21 14:45:54,495 - INFO -   - 券 65/70 选中节点 17, 新增覆盖 220
2025-12-21 14:45:54,503 - INFO -   - 券 66/70 选中节点 10, 新增覆盖 184
2025-12-21 14:45:54,506 - INFO -   - 券 67/70 选中节点 68, 新增覆盖 184
2025-12-21 14:45:54,510 - INFO -   - 券 68/70 选中节点 25, 新增覆盖 185
2025-12-21 14:45:54,513 - INFO -   - 券 69/70 选中节点 34, 新增覆盖 176
2025-12-21 14:45:54,516 - INFO -   - 券 70/70 选中节点 31, 新增覆盖 196
2025-12-21 14:45:54,517 - INFO - 选种完毕。耗时: 7.49 秒。
2025-12-21 14:45:54,669 - INFO - 最终选择的种子集: [7, 42, 51, 9, 4, 78, 73, 12, 52, 53, 39, 72, 43, 83, 41, 59, 8, 20, 45, 70, 13, 19, 37, 67, 64, 75, 62, 15, 6, 36, 65, 63, 21, 69, 35, 77, 76, 58, 55, 30, 66, 49, 2, 61, 44, 29, 48, 5, 79, 11, 27, 22, 33, 3, 54, 80, 14, 74, 57, 82, 23, 47, 24, 38, 17, 10, 68, 25, 34, 31]

2025-12-21 14:45:55,447 - INFO - 当前用时 29.05 秒
2025-12-21 14:45:55,447 - INFO - 将种子集 写入位置: /root/pythonspace/data-test/students/2025-12-21/seeds-with-students/random_ris_coverage_seedNum-70_SSRNum-60000.txt
2025-12-21 14:45:55,448 - INFO - 首次生成种子集 monterCarlo
2025-12-21 14:45:55,448 - INFO - 执行当前算法开始: monterCarlo
2025-12-21 14:45:55,448 - INFO - --- Running: Monte Carlo Selection (L=100) ---
2025-12-21 14:45:55,448 - INFO - 依据: 对每个节点进行 100 次模拟实验，评估其平均激活贡献。
2025-12-21 14:45:55,448 - INFO - 正在模拟评估第 0/84 个节点...
2025-12-21 14:45:55,651 - INFO - 蒙特卡洛评估完成。最高期望激活值为: 0.9200
2025-12-21 14:45:55,652 - INFO - 选择的种子集: [42, 61, 72, 7, 45, 4, 9, 10, 41, 52] ...
2025-12-21 14:45:55,652 - INFO - 当前用时 0.20 秒
2025-12-21 14:45:55,652 - INFO - 将种子集 写入位置: /root/pythonspace/data-test/students/2025-12-21/seeds-with-students/random_monterCarlo_seedNum-70_SSRNum-60000.txt
2025-12-21 14:45:55,652 - INFO - 评估种子集: None
2025-12-21 14:45:55,653 - INFO - 多进程评估开始，共有 7 个方法待评估...
2025-12-21 14:45:55,653 - INFO - 启动进程池，Worker数量: 7
2025-12-21 14:45:55,730 - INFO - [Process 4228] 开始评估方法: random, 种子数: 70
2025-12-21 14:45:55,744 - INFO - [Process 4229] 开始评估方法: degreeTopM, 种子数: 70
2025-12-21 14:45:55,745 - INFO - [Process 4230] 开始评估方法: pageRank, 种子数: 70
2025-12-21 14:45:55,746 - INFO - [Process 4231] 开始评估方法: alpha_sort, 种子数: 70
2025-12-21 14:45:55,747 - INFO - [Process 4232] 开始评估方法: importance_sort, 种子数: 70
2025-12-21 14:45:55,749 - INFO - [Process 4233] 开始评估方法: ris_coverage, 种子数: 70
2025-12-21 14:45:55,749 - INFO - [Process 4234] 开始评估方法: monterCarlo, 种子数: 70
2025-12-21 14:45:56,751 - INFO - [Process 4233] ris_coverage - 300 sims 完成: E=30.98
2025-12-21 14:45:56,840 - INFO - [Process 4228] random - 300 sims 完成: E=28.94
2025-12-21 14:45:56,889 - INFO - [Process 4231] alpha_sort - 300 sims 完成: E=31.13
2025-12-21 14:45:56,964 - INFO - [Process 4230] pageRank - 300 sims 完成: E=29.62
2025-12-21 14:45:57,199 - INFO - [Process 4232] importance_sort - 300 sims 完成: E=31.61
2025-12-21 14:45:57,385 - INFO - [Process 4234] monterCarlo - 300 sims 完成: E=32.32
2025-12-21 14:45:57,443 - INFO - [Process 4229] degreeTopM - 300 sims 完成: E=29.34
2025-12-21 14:45:57,478 - INFO - 所有进程执行完毕，开始写入数据...
2025-12-21 14:45:57,482 - INFO - 成功写入 7 条记录至 /root/pythonspace/data-test/students/2025-12-21/E-activated-students/distribution-random_simuTimes-300_seedNum-70_monteCarloL-10_rrNumSamples-60000.csv
2025-12-21 14:45:57,483 - INFO - 保存评估文件至: /root/pythonspace/data-test/students/2025-12-21/E-activated-students/distribution-random_simuTimes-300_seedNum-70_monteCarloL-10_rrNumSamples-60000.csv
2025-12-21 14:45:57,485 - INFO - 加载数据集: students
2025-12-21 14:45:57,486 - INFO - 首次生成度相关概率分布 分布类型: 'random'.
2025-12-21 14:45:57,486 - INFO - ===> Generating 'Dirichlet' distributions with alpha=[1, 1, 1]...
2025-12-21 14:45:57,487 - INFO - 保存概率分布 文件位置: /root/pythonspace/data-test/students/2025-12-21/distribution-in-students/distribution-random_seedNum-80.pkl
2025-12-21 14:45:57,488 - INFO - 首次生成种子集 random
2025-12-21 14:45:57,488 - INFO - 执行当前算法开始: random
2025-12-21 14:45:57,489 - INFO - 数据集节点总数:  n = 84, m = 80
2025-12-21 14:45:57,489 - INFO - 选择 80  [29, 36, 34, 5, 82, 66, 74, 58, 50, 40, 43, 67, 54, 10, 33, 72, 80, 71, 22, 14, 61, 15, 13, 17, 49, 56, 64, 79, 48, 75, 65, 45, 47, 68, 0, 78, 26, 37, 69, 4, 53, 52, 19, 46, 51, 2, 11, 12, 32, 27, 70, 62, 9, 8, 39, 28, 81, 16, 3, 42, 55, 76, 31, 7, 59, 25, 35, 77, 1, 24, 44, 30, 6, 18, 21, 57, 83, 20, 63, 23]

2025-12-21 14:45:57,489 - INFO - 当前用时 0.00 秒
2025-12-21 14:45:57,490 - INFO - 将种子集 写入位置: /root/pythonspace/data-test/students/2025-12-21/seeds-with-students/random_random_seedNum-80_SSRNum-60000.txt
2025-12-21 14:45:57,490 - INFO - 首次生成种子集 degreeTopM
2025-12-21 14:45:57,490 - INFO - 执行当前算法开始: degreeTopM
2025-12-21 14:45:57,491 - INFO - 依据: 选择连接数（度数）最多的节点。
2025-12-21 14:45:57,491 - INFO - 选择的 Top M 节点及其度数:
2025-12-21 14:45:57,491 - INFO - 
2025-12-21 14:45:57,491 - INFO - 当前用时 0.00 秒
2025-12-21 14:45:57,492 - INFO - 将种子集 写入位置: /root/pythonspace/data-test/students/2025-12-21/seeds-with-students/random_degreeTopM_seedNum-80_SSRNum-60000.txt
2025-12-21 14:45:57,492 - INFO - 首次生成种子集 pageRank
2025-12-21 14:45:57,492 - INFO - 执行当前算法开始: pageRank
2025-12-21 14:45:57,492 - INFO - --- Running: PageRank (on tranProMatrix) Top M ---
2025-12-21 14:45:57,498 - WARNING - PageRank-selected nodes with out_prob>0 fewer than m, fallback to out-prob sorting
2025-12-21 14:45:57,498 - INFO - Selected PageRank seeds: [38, 0, 10, 18, 24, 40, 71, 81, 23, 29, 31, 82, 17, 58, 41, 8, 37, 35, 2, 83, 59, 5, 53, 70, 11, 57, 14, 68, 19, 66, 4, 61, 22, 26, 36, 72, 6, 49, 15, 9, 45, 65, 21, 30, 79, 28, 39, 16, 69, 33, 44, 50, 48, 74, 20, 55, 60, 62, 43, 13, 63, 32, 47, 34, 51, 42, 76, 12, 75, 73, 3, 27, 78, 7, 67, 56, 64, 52]
2025-12-21 14:45:57,499 - INFO - 当前用时 0.01 秒
2025-12-21 14:45:57,499 - INFO - 将种子集 写入位置: /root/pythonspace/data-test/students/2025-12-21/seeds-with-students/random_pageRank_seedNum-80_SSRNum-60000.txt
2025-12-21 14:45:57,500 - INFO - 首次生成种子集 alpha_sort
2025-12-21 14:45:57,500 - INFO - 执行当前算法开始: alpha_sort
2025-12-21 14:45:57,500 - INFO - 84 个节点的alpha值降序排序 done
2025-12-21 14:45:57,500 - INFO - ==============>> [(24, 0.934249), (39, 0.8321559), (3, 0.7985744), (55, 0.7888391), (71, 0.7642595), (26, 0.7550793), (57, 0.7472946), (20, 0.7417571), (32, 0.7220674), (77, 0.690237)]
2025-12-21 14:45:57,501 - INFO - 
选择的种子集 (按alpha排序): [24, 39, 3, 55, 71, 26, 57, 20, 32, 77, 65, 70, 17, 62, 28, 6, 2, 66, 45, 29, 1, 64, 15, 18, 49, 23, 22, 42, 37, 46, 16, 50, 54, 63, 48, 14, 11, 19, 27, 10, 12, 47, 4, 41, 59, 68, 83, 74, 73, 0, 25, 69, 52, 51, 13, 34, 33, 8, 7, 67, 21, 30, 5, 82, 44, 75, 61, 38, 78, 58, 9, 53, 35, 80, 31, 81, 56, 76, 36, 40]

2025-12-21 14:45:57,501 - INFO - 当前用时 0.00 秒
2025-12-21 14:45:57,501 - INFO - 将种子集 写入位置: /root/pythonspace/data-test/students/2025-12-21/seeds-with-students/random_alpha_sort_seedNum-80_SSRNum-60000.txt
2025-12-21 14:45:57,501 - INFO - 首次生成种子集 importance_sort
2025-12-21 14:45:57,502 - INFO - 执行当前算法开始: importance_sort
2025-12-21 14:45:57,514 - INFO - 84 个节点的Importance值降序排序 done
2025-12-21 14:45:57,514 - INFO - 
选择的种子集 (按Importance排序): [24, 39, 71, 65, 3, 28, 55, 26, 66, 57, 29, 20, 32, 77, 70, 37, 17, 62, 6, 2, 45, 1, 64, 10, 15, 18, 49, 23, 22, 68, 42, 46, 16, 50, 54, 63, 48, 7, 14, 11, 19, 27, 12, 47, 4, 41, 58, 59, 83, 74, 79, 73, 0, 25, 69, 52, 51, 13, 34, 33, 8, 67, 21, 30, 5, 82, 44, 75, 61, 38, 78, 9, 53, 35, 80, 31, 81, 56, 76, 36]

2025-12-21 14:45:57,514 - INFO - 当前用时 0.01 秒
2025-12-21 14:45:57,515 - INFO - 将种子集 写入位置: /root/pythonspace/data-test/students/2025-12-21/seeds-with-students/random_importance_sort_seedNum-80_SSRNum-60000.txt
2025-12-21 14:45:57,515 - INFO - 首次生成种子集 ris_coverage
2025-12-21 14:45:57,515 - INFO - 执行当前算法开始: ris_coverage
2025-12-21 14:45:57,516 - INFO - 图初始化完成，节点数: 84，CSR 矩阵准备就绪。
2025-12-21 14:45:57,516 - INFO - 
开始生成 60000 组 SSR (并行进程: 8)...
2025-12-21 14:46:21,787 - INFO - 生成完毕。耗时: 24.27 秒。
2025-12-21 14:46:21,789 - INFO - 
开始选择最优种子 (Optimized Greedy) ...
2025-12-21 14:46:31,046 - INFO -   - 券 1/80 选中节点 3, 新增覆盖 1584
2025-12-21 14:46:31,052 - INFO -   - 券 2/80 选中节点 39, 新增覆盖 1212
2025-12-21 14:46:31,058 - INFO -   - 券 3/80 选中节点 64, 新增覆盖 1171
2025-12-21 14:46:31,065 - INFO -   - 券 4/80 选中节点 24, 新增覆盖 1089
2025-12-21 14:46:31,071 - INFO -   - 券 5/80 选中节点 32, 新增覆盖 1033
2025-12-21 14:46:31,077 - INFO -   - 券 6/80 选中节点 55, 新增覆盖 1000
2025-12-21 14:46:31,083 - INFO -   - 券 7/80 选中节点 6, 新增覆盖 924
2025-12-21 14:46:31,089 - INFO -   - 券 8/80 选中节点 66, 新增覆盖 907
2025-12-21 14:46:31,099 - INFO -   - 券 9/80 选中节点 57, 新增覆盖 892
2025-12-21 14:46:31,106 - INFO -   - 券 10/80 选中节点 17, 新增覆盖 804
2025-12-21 14:46:31,112 - INFO -   - 券 11/80 选中节点 15, 新增覆盖 756
2025-12-21 14:46:31,118 - INFO -   - 券 12/80 选中节点 70, 新增覆盖 729
2025-12-21 14:46:31,124 - INFO -   - 券 13/80 选中节点 28, 新增覆盖 717
2025-12-21 14:46:31,130 - INFO -   - 券 14/80 选中节点 62, 新增覆盖 693
2025-12-21 14:46:31,136 - INFO -   - 券 15/80 选中节点 2, 新增覆盖 683
2025-12-21 14:46:31,142 - INFO -   - 券 16/80 选中节点 27, 新增覆盖 617
2025-12-21 14:46:31,149 - INFO -   - 券 17/80 选中节点 49, 新增覆盖 659
2025-12-21 14:46:31,155 - INFO -   - 券 18/80 选中节点 65, 新增覆盖 591
2025-12-21 14:46:31,162 - INFO -   - 券 19/80 选中节点 72, 新增覆盖 594
2025-12-21 14:46:31,167 - INFO -   - 券 20/80 选中节点 67, 新增覆盖 565
2025-12-21 14:46:31,173 - INFO -   - 券 21/80 选中节点 42, 新增覆盖 512
2025-12-21 14:46:31,179 - INFO -   - 券 22/80 选中节点 56, 新增覆盖 530
2025-12-21 14:46:31,186 - INFO -   - 券 23/80 选中节点 14, 新增覆盖 485
2025-12-21 14:46:31,193 - INFO -   - 券 24/80 选中节点 20, 新增覆盖 525
2025-12-21 14:46:31,199 - INFO -   - 券 25/80 选中节点 12, 新增覆盖 485
2025-12-21 14:46:31,205 - INFO -   - 券 26/80 选中节点 19, 新增覆盖 496
2025-12-21 14:46:31,210 - INFO -   - 券 27/80 选中节点 77, 新增覆盖 472
2025-12-21 14:46:31,216 - INFO -   - 券 28/80 选中节点 63, 新增覆盖 455
2025-12-21 14:46:31,221 - INFO -   - 券 29/80 选中节点 37, 新增覆盖 457
2025-12-21 14:46:31,226 - INFO -   - 券 30/80 选中节点 50, 新增覆盖 426
2025-12-21 14:46:31,235 - INFO -   - 券 31/80 选中节点 23, 新增覆盖 420
2025-12-21 14:46:31,242 - INFO -   - 券 32/80 选中节点 47, 新增覆盖 421
2025-12-21 14:46:31,247 - INFO -   - 券 33/80 选中节点 1, 新增覆盖 387
2025-12-21 14:46:31,252 - INFO -   - 券 34/80 选中节点 29, 新增覆盖 388
2025-12-21 14:46:31,257 - INFO -   - 券 35/80 选中节点 7, 新增覆盖 396
2025-12-21 14:46:31,262 - INFO -   - 券 36/80 选中节点 59, 新增覆盖 359
2025-12-21 14:46:31,267 - INFO -   - 券 37/80 选中节点 11, 新增覆盖 366
2025-12-21 14:46:31,271 - INFO -   - 券 38/80 选中节点 74, 新增覆盖 381
2025-12-21 14:46:31,276 - INFO -   - 券 39/80 选中节点 52, 新增覆盖 333
2025-12-21 14:46:31,281 - INFO -   - 券 40/80 选中节点 41, 新增覆盖 339
2025-12-21 14:46:31,290 - INFO -   - 券 41/80 选中节点 36, 新增覆盖 336
2025-12-21 14:46:31,295 - INFO -   - 券 42/80 选中节点 73, 新增覆盖 318
2025-12-21 14:46:31,299 - INFO -   - 券 43/80 选中节点 46, 新增覆盖 313
2025-12-21 14:46:31,304 - INFO -   - 券 44/80 选中节点 45, 新增覆盖 317
2025-12-21 14:46:31,308 - INFO -   - 券 45/80 选中节点 48, 新增覆盖 320
2025-12-21 14:46:31,313 - INFO -   - 券 46/80 选中节点 54, 新增覆盖 311
2025-12-21 14:46:31,318 - INFO -   - 券 47/80 选中节点 68, 新增覆盖 289
2025-12-21 14:46:31,322 - INFO -   - 券 48/80 选中节点 8, 新增覆盖 286
2025-12-21 14:46:31,332 - INFO -   - 券 49/80 选中节点 51, 新增覆盖 275
2025-12-21 14:46:31,336 - INFO -   - 券 50/80 选中节点 83, 新增覆盖 290
2025-12-21 14:46:31,340 - INFO -   - 券 51/80 选中节点 34, 新增覆盖 286
2025-12-21 14:46:31,345 - INFO -   - 券 52/80 选中节点 69, 新增覆盖 270
2025-12-21 14:46:31,349 - INFO -   - 券 53/80 选中节点 16, 新增覆盖 259
2025-12-21 14:46:31,354 - INFO -   - 券 54/80 选中节点 13, 新增覆盖 268
2025-12-21 14:46:31,358 - INFO -   - 券 55/80 选中节点 78, 新增覆盖 250
2025-12-21 14:46:31,362 - INFO -   - 券 56/80 选中节点 4, 新增覆盖 267
2025-12-21 14:46:31,371 - INFO -   - 券 57/80 选中节点 75, 新增覆盖 252
2025-12-21 14:46:31,375 - INFO -   - 券 58/80 选中节点 30, 新增覆盖 224
2025-12-21 14:46:31,379 - INFO -   - 券 59/80 选中节点 10, 新增覆盖 240
2025-12-21 14:46:31,383 - INFO -   - 券 60/80 选中节点 82, 新增覆盖 228
2025-12-21 14:46:31,388 - INFO -   - 券 61/80 选中节点 33, 新增覆盖 219
2025-12-21 14:46:31,392 - INFO -   - 券 62/80 选中节点 21, 新增覆盖 204
2025-12-21 14:46:31,396 - INFO -   - 券 63/80 选中节点 5, 新增覆盖 207
2025-12-21 14:46:31,400 - INFO -   - 券 64/80 选中节点 38, 新增覆盖 196
2025-12-21 14:46:31,404 - INFO -   - 券 65/80 选中节点 22, 新增覆盖 178
2025-12-21 14:46:31,408 - INFO -   - 券 66/80 选中节点 53, 新增覆盖 209
2025-12-21 14:46:31,412 - INFO -   - 券 67/80 选中节点 0, 新增覆盖 191
2025-12-21 14:46:31,421 - INFO -   - 券 68/80 选中节点 61, 新增覆盖 195
2025-12-21 14:46:31,424 - INFO -   - 券 69/80 选中节点 44, 新增覆盖 160
2025-12-21 14:46:31,428 - INFO -   - 券 70/80 选中节点 35, 新增覆盖 163
2025-12-21 14:46:31,432 - INFO -   - 券 71/80 选中节点 58, 新增覆盖 159
2025-12-21 14:46:31,436 - INFO -   - 券 72/80 选中节点 81, 新增覆盖 154
2025-12-21 14:46:31,440 - INFO -   - 券 73/80 选中节点 76, 新增覆盖 153
2025-12-21 14:46:31,444 - INFO -   - 券 74/80 选中节点 40, 新增覆盖 164
2025-12-21 14:46:31,448 - INFO -   - 券 75/80 选中节点 18, 新增覆盖 144
2025-12-21 14:46:31,451 - INFO -   - 券 76/80 选中节点 25, 新增覆盖 147
2025-12-21 14:46:31,455 - INFO -   - 券 77/80 选中节点 9, 新增覆盖 145
2025-12-21 14:46:31,464 - INFO -   - 券 78/80 选中节点 26, 新增覆盖 121
2025-12-21 14:46:31,468 - INFO -   - 券 79/80 选中节点 43, 新增覆盖 135
2025-12-21 14:46:31,472 - INFO -   - 券 80/80 选中节点 60, 新增覆盖 119
2025-12-21 14:46:31,472 - INFO - 选种完毕。耗时: 9.68 秒。
2025-12-21 14:46:31,670 - INFO - 最终选择的种子集: [3, 39, 64, 24, 32, 55, 6, 66, 57, 17, 15, 70, 28, 62, 2, 27, 49, 65, 72, 67, 42, 56, 14, 20, 12, 19, 77, 63, 37, 50, 23, 47, 1, 29, 7, 59, 11, 74, 52, 41, 36, 73, 46, 45, 48, 54, 68, 8, 51, 83, 34, 69, 16, 13, 78, 4, 75, 30, 10, 82, 33, 21, 5, 38, 22, 53, 0, 61, 44, 35, 58, 81, 76, 40, 18, 25, 9, 26, 43, 60]

2025-12-21 14:46:32,674 - INFO - 当前用时 35.16 秒
2025-12-21 14:46:32,675 - INFO - 将种子集 写入位置: /root/pythonspace/data-test/students/2025-12-21/seeds-with-students/random_ris_coverage_seedNum-80_SSRNum-60000.txt
2025-12-21 14:46:32,675 - INFO - 首次生成种子集 monterCarlo
2025-12-21 14:46:32,675 - INFO - 执行当前算法开始: monterCarlo
2025-12-21 14:46:32,675 - INFO - --- Running: Monte Carlo Selection (L=100) ---
2025-12-21 14:46:32,675 - INFO - 依据: 对每个节点进行 100 次模拟实验，评估其平均激活贡献。
2025-12-21 14:46:32,675 - INFO - 正在模拟评估第 0/84 个节点...
2025-12-21 14:46:32,875 - INFO - 蒙特卡洛评估完成。最高期望激活值为: 0.9600
2025-12-21 14:46:32,875 - INFO - 选择的种子集: [24, 3, 65, 55, 39, 71, 42, 26, 29, 23] ...
2025-12-21 14:46:32,876 - INFO - 当前用时 0.20 秒
2025-12-21 14:46:32,876 - INFO - 将种子集 写入位置: /root/pythonspace/data-test/students/2025-12-21/seeds-with-students/random_monterCarlo_seedNum-80_SSRNum-60000.txt
2025-12-21 14:46:32,876 - INFO - 评估种子集: None
2025-12-21 14:46:32,876 - INFO - 多进程评估开始，共有 7 个方法待评估...
2025-12-21 14:46:32,877 - INFO - 启动进程池，Worker数量: 7
2025-12-21 14:46:32,977 - INFO - [Process 4423] 开始评估方法: random, 种子数: 80
2025-12-21 14:46:32,979 - INFO - [Process 4424] 开始评估方法: degreeTopM, 种子数: 80
2025-12-21 14:46:32,981 - INFO - [Process 4425] 开始评估方法: pageRank, 种子数: 78
2025-12-21 14:46:32,986 - INFO - [Process 4426] 开始评估方法: alpha_sort, 种子数: 80
2025-12-21 14:46:32,987 - INFO - [Process 4427] 开始评估方法: importance_sort, 种子数: 80
2025-12-21 14:46:32,991 - INFO - [Process 4428] 开始评估方法: ris_coverage, 种子数: 80
2025-12-21 14:46:32,994 - INFO - [Process 4429] 开始评估方法: monterCarlo, 种子数: 80
2025-12-21 14:46:33,974 - INFO - [Process 4423] random - 300 sims 完成: E=36.26
2025-12-21 14:46:34,098 - INFO - [Process 4426] alpha_sort - 300 sims 完成: E=37.26
2025-12-21 14:46:34,110 - INFO - [Process 4428] ris_coverage - 300 sims 完成: E=36.73
2025-12-21 14:46:34,194 - INFO - [Process 4427] importance_sort - 300 sims 完成: E=36.90
2025-12-21 14:46:34,200 - INFO - [Process 4429] monterCarlo - 300 sims 完成: E=37.40
2025-12-21 14:46:34,331 - INFO - [Process 4424] degreeTopM - 300 sims 完成: E=35.92
2025-12-21 14:46:34,408 - INFO - [Process 4425] pageRank - 300 sims 完成: E=35.52
2025-12-21 14:46:34,456 - INFO - 所有进程执行完毕，开始写入数据...
2025-12-21 14:46:34,460 - INFO - 成功写入 7 条记录至 /root/pythonspace/data-test/students/2025-12-21/E-activated-students/distribution-random_simuTimes-300_seedNum-80_monteCarloL-10_rrNumSamples-60000.csv
2025-12-21 14:46:34,461 - INFO - 保存评估文件至: /root/pythonspace/data-test/students/2025-12-21/E-activated-students/distribution-random_simuTimes-300_seedNum-80_monteCarloL-10_rrNumSamples-60000.csv
2025-12-21 14:46:34,463 - INFO - 加载数据集: students
2025-12-21 14:46:34,464 - INFO - 首次生成度相关概率分布 分布类型: 'random'.
2025-12-21 14:46:34,464 - INFO - ===> Generating 'Dirichlet' distributions with alpha=[1, 1, 1]...
2025-12-21 14:46:34,465 - INFO - 保存概率分布 文件位置: /root/pythonspace/data-test/students/2025-12-21/distribution-in-students/distribution-random_seedNum-90.pkl
2025-12-21 14:46:34,466 - INFO - 首次生成种子集 random
2025-12-21 14:46:34,466 - INFO - 执行当前算法开始: random
2025-12-21 14:46:34,466 - INFO - 数据集节点总数:  n = 84, m = 90
