2025-11-14 16:16:05,962 - INFO - 加载数据集: students
2025-11-14 16:16:05,963 - INFO - 首次生成度相关概率分布 分布类型: 'powerlaw'.
2025-11-14 16:16:05,963 - INFO - ===> 使用幂律分布生成四种分布
2025-11-14 16:16:05,964 - INFO - 保存概率分布 文件位置: /home/wen/pythonspace/data-test/students/2025-11-14/distribution-in-students/distribution-powerlaw_seedNum-50.pkl
2025-11-14 16:16:05,965 - INFO - 首次生成种子集 random
2025-11-14 16:16:05,965 - INFO - 执行当前算法开始: random
2025-11-14 16:16:05,965 - INFO - 当前用时 0.00 秒
2025-11-14 16:16:05,965 - INFO - 将种子集 写入位置: /home/wen/pythonspace/data-test/students/2025-11-14/seeds-with-students/distribution-powerlaw_random_seedNum-50.txt
2025-11-14 16:16:05,965 - INFO - 首次生成种子集 ris_coverage
2025-11-14 16:16:05,965 - INFO - 执行当前算法开始: ris_coverage
2025-11-14 16:16:26,774 - INFO - 当前用时 20.81 秒
2025-11-14 16:16:26,775 - INFO - 将种子集 写入位置: /home/wen/pythonspace/data-test/students/2025-11-14/seeds-with-students/distribution-powerlaw_ris_coverage_seedNum-50.txt
2025-11-14 16:16:26,775 - INFO - 评估种子集: None
2025-11-14 16:16:26,775 - INFO - 评估函数开始
2025-11-14 16:16:26,775 - INFO - 当前模拟次数: [3]

2025-11-14 16:16:26,776 - INFO - 当前评估种子数: 50 ---
2025-11-14 16:16:26,776 - INFO -   Evaluating method: 'random' with 50 seeds.
2025-11-14 16:16:26,776 - INFO -     Running 3 simulations...
2025-11-14 16:16:26,776 - INFO - 		当前模拟轮次: 0
2025-11-14 16:16:26,778 - INFO - 		当前模拟轮次: 1
2025-11-14 16:16:26,780 - INFO - 		当前模拟轮次: 2
2025-11-14 16:16:26,782 - INFO -     Result: E[Users] = 26.0000, Var[Users] = 2.0000, Std_Dev = 1.4142
2025-11-14 16:16:26,789 - INFO -   Evaluating method: 'ris_coverage' with 50 seeds.
2025-11-14 16:16:26,789 - INFO -     Running 3 simulations...
2025-11-14 16:16:26,789 - INFO - 		当前模拟轮次: 0
2025-11-14 16:16:26,790 - INFO - 		当前模拟轮次: 1
2025-11-14 16:16:26,792 - INFO - 		当前模拟轮次: 2
2025-11-14 16:16:26,793 - INFO -     Result: E[Users] = 26.3333, Var[Users] = 11.5556, Std_Dev = 3.3993
2025-11-14 16:16:26,795 - INFO - 保存评估文件至: /home/wen/pythonspace/data-test/students/2025-11-14/E-activated-students/distribution-powerlaw/tsd_10.0-10.0-10.0/single_sim_func-AgainContinue/simuTimes-3_seedNum-50_monteCarloL-10_single_sim_func-AgainContinue_rrNumSamples-100000.csv
