2025-11-02 21:15:53,958 - INFO - 加载数据集: Rochester
2025-11-02 21:15:53,963 - INFO - 首次生成度相关概率分布 分布类型: 'powerlaw'.
2025-11-02 21:15:53,964 - INFO - ===> 使用幂律分布生成四种分布
2025-11-02 21:15:53,967 - INFO - 保存概率分布 文件位置: /home/wen/pythonspace/data-test/Rochester/distribution-in-Rochester/distribution-powerlaw_seedNum-1000.pkl
2025-11-02 21:15:54,167 - INFO - 首次生成种子集 random
2025-11-02 21:15:54,167 - INFO - 执行当前算法开始: random
2025-11-02 21:15:54,168 - INFO - 当前用时 0.00 秒
2025-11-02 21:15:54,168 - INFO - 将种子集 写入位置: /home/wen/pythonspace/data-test/Rochester/seeds-with-Rochester/distribution-powerlaw_random_seedNum-1000.txt
2025-11-02 21:15:54,168 - INFO - 首次生成种子集 degreeTopM
2025-11-02 21:15:54,168 - INFO - 执行当前算法开始: degreeTopM
2025-11-02 21:15:54,187 - INFO - 当前用时 0.02 秒
2025-11-02 21:15:54,187 - INFO - 将种子集 写入位置: /home/wen/pythonspace/data-test/Rochester/seeds-with-Rochester/distribution-powerlaw_degreeTopM_seedNum-1000.txt
2025-11-02 21:15:54,188 - INFO - 首次生成种子集 ris_coverage
2025-11-02 21:15:54,188 - INFO - 执行当前算法开始: ris_coverage
2025-11-02 21:21:14,453 - INFO - 当前用时 320.26 秒
2025-11-02 21:21:14,454 - INFO - 将种子集 写入位置: /home/wen/pythonspace/data-test/Rochester/seeds-with-Rochester/distribution-powerlaw_ris_coverage_seedNum-1000.txt
2025-11-02 21:21:14,454 - INFO - 评估种子集: None
2025-11-02 21:21:14,455 - INFO - 评估函数开始
2025-11-02 21:21:14,455 - INFO - 当前模拟次数: [5]

2025-11-02 21:21:14,455 - INFO - 当前评估种子数: 1000 ---
2025-11-02 21:21:14,455 - INFO -   Evaluating method: 'random' with 1000 seeds.
2025-11-02 21:21:14,455 - INFO -     Running 5 simulations...
2025-11-02 21:21:14,455 - INFO - 		当前模拟轮次: 0
2025-11-02 21:21:14,526 - INFO - 		当前模拟轮次: 1
2025-11-02 21:21:14,589 - INFO - 		当前模拟轮次: 2
2025-11-02 21:21:14,649 - INFO - 		当前模拟轮次: 3
2025-11-02 21:21:14,712 - INFO - 		当前模拟轮次: 4
2025-11-02 21:21:14,775 - INFO -     Result: E[Users] = 490.6000, Var[Users] = 163.4400, Std_Dev = 12.7844
2025-11-02 21:21:14,781 - INFO -   Evaluating method: 'degreeTopM' with 1000 seeds.
2025-11-02 21:21:14,781 - INFO -     Running 5 simulations...
2025-11-02 21:21:14,781 - INFO - 		当前模拟轮次: 0
2025-11-02 21:21:14,839 - INFO - 		当前模拟轮次: 1
2025-11-02 21:21:14,897 - INFO - 		当前模拟轮次: 2
2025-11-02 21:21:14,955 - INFO - 		当前模拟轮次: 3
2025-11-02 21:21:15,013 - INFO - 		当前模拟轮次: 4
2025-11-02 21:21:15,076 - INFO -     Result: E[Users] = 461.0000, Var[Users] = 38.0000, Std_Dev = 6.1644
2025-11-02 21:21:15,077 - INFO -   Evaluating method: 'ris_coverage' with 1000 seeds.
2025-11-02 21:21:15,078 - INFO -     Running 5 simulations...
2025-11-02 21:21:15,078 - INFO - 		当前模拟轮次: 0
2025-11-02 21:21:15,145 - INFO - 		当前模拟轮次: 1
2025-11-02 21:21:15,219 - INFO - 		当前模拟轮次: 2
2025-11-02 21:21:15,284 - INFO - 		当前模拟轮次: 3
2025-11-02 21:21:15,349 - INFO - 		当前模拟轮次: 4
2025-11-02 21:21:15,413 - INFO -     Result: E[Users] = 495.0000, Var[Users] = 294.4000, Std_Dev = 17.1581
2025-11-02 21:21:15,416 - INFO - 保存评估文件至: /home/wen/pythonspace/data-test/Rochester/E-activated-Rochester/distribution-powerlaw/tsd_10.0-10.0-10.0/single_sim_func-AgainReJudge/simuTimes-5_seedNum-1000_monteCarloL-15_single_sim_func-AgainReJudge_rrNumSamples-600000.csv
2025-11-02 21:21:15,417 - INFO - 加载数据集: Rochester
2025-11-02 21:21:15,420 - INFO - 首次生成度相关概率分布 分布类型: 'powerlaw'.
2025-11-02 21:21:15,420 - INFO - ===> 使用幂律分布生成四种分布
2025-11-02 21:21:15,423 - INFO - 保存概率分布 文件位置: /home/wen/pythonspace/data-test/Rochester/distribution-in-Rochester/distribution-powerlaw_seedNum-1300.pkl
2025-11-02 21:21:15,627 - INFO - 首次生成种子集 random
2025-11-02 21:21:15,627 - INFO - 执行当前算法开始: random
2025-11-02 21:21:15,628 - INFO - 当前用时 0.00 秒
2025-11-02 21:21:15,628 - INFO - 将种子集 写入位置: /home/wen/pythonspace/data-test/Rochester/seeds-with-Rochester/distribution-powerlaw_random_seedNum-1300.txt
2025-11-02 21:21:15,628 - INFO - 首次生成种子集 degreeTopM
2025-11-02 21:21:15,628 - INFO - 执行当前算法开始: degreeTopM
2025-11-02 21:21:15,659 - INFO - 当前用时 0.03 秒
2025-11-02 21:21:15,659 - INFO - 将种子集 写入位置: /home/wen/pythonspace/data-test/Rochester/seeds-with-Rochester/distribution-powerlaw_degreeTopM_seedNum-1300.txt
2025-11-02 21:21:15,662 - INFO - 首次生成种子集 ris_coverage
2025-11-02 21:21:15,662 - INFO - 执行当前算法开始: ris_coverage
2025-11-02 21:27:31,826 - INFO - 当前用时 376.16 秒
2025-11-02 21:27:31,827 - INFO - 将种子集 写入位置: /home/wen/pythonspace/data-test/Rochester/seeds-with-Rochester/distribution-powerlaw_ris_coverage_seedNum-1300.txt
2025-11-02 21:27:31,828 - INFO - 评估种子集: None
2025-11-02 21:27:31,828 - INFO - 评估函数开始
2025-11-02 21:27:31,828 - INFO - 当前模拟次数: [5]

2025-11-02 21:27:31,828 - INFO - 当前评估种子数: 1300 ---
2025-11-02 21:27:31,828 - INFO -   Evaluating method: 'random' with 1300 seeds.
2025-11-02 21:27:31,828 - INFO -     Running 5 simulations...
2025-11-02 21:27:31,828 - INFO - 		当前模拟轮次: 0
2025-11-02 21:27:31,910 - INFO - 		当前模拟轮次: 1
2025-11-02 21:27:31,988 - INFO - 		当前模拟轮次: 2
2025-11-02 21:27:32,068 - INFO - 		当前模拟轮次: 3
2025-11-02 21:27:32,147 - INFO - 		当前模拟轮次: 4
2025-11-02 21:27:32,217 - INFO -     Result: E[Users] = 626.0000, Var[Users] = 261.2000, Std_Dev = 16.1617
2025-11-02 21:27:32,221 - INFO -   Evaluating method: 'degreeTopM' with 1300 seeds.
2025-11-02 21:27:32,221 - INFO -     Running 5 simulations...
2025-11-02 21:27:32,221 - INFO - 		当前模拟轮次: 0
2025-11-02 21:27:32,304 - INFO - 		当前模拟轮次: 1
2025-11-02 21:27:32,385 - INFO - 		当前模拟轮次: 2
2025-11-02 21:27:32,464 - INFO - 		当前模拟轮次: 3
2025-11-02 21:27:32,550 - INFO - 		当前模拟轮次: 4
2025-11-02 21:27:32,636 - INFO -     Result: E[Users] = 596.8000, Var[Users] = 228.5600, Std_Dev = 15.1182
2025-11-02 21:27:32,638 - INFO -   Evaluating method: 'ris_coverage' with 1300 seeds.
2025-11-02 21:27:32,638 - INFO -     Running 5 simulations...
2025-11-02 21:27:32,638 - INFO - 		当前模拟轮次: 0
2025-11-02 21:27:32,718 - INFO - 		当前模拟轮次: 1
2025-11-02 21:27:32,802 - INFO - 		当前模拟轮次: 2
2025-11-02 21:27:32,886 - INFO - 		当前模拟轮次: 3
2025-11-02 21:27:32,972 - INFO - 		当前模拟轮次: 4
2025-11-02 21:27:33,057 - INFO -     Result: E[Users] = 631.2000, Var[Users] = 182.5600, Std_Dev = 13.5115
2025-11-02 21:27:33,058 - INFO - 保存评估文件至: /home/wen/pythonspace/data-test/Rochester/E-activated-Rochester/distribution-powerlaw/tsd_10.0-10.0-10.0/single_sim_func-AgainReJudge/simuTimes-5_seedNum-1300_monteCarloL-15_single_sim_func-AgainReJudge_rrNumSamples-600000.csv
2025-11-02 21:27:33,060 - INFO - 加载数据集: Rochester
2025-11-02 21:27:33,064 - INFO - 首次生成度相关概率分布 分布类型: 'powerlaw'.
2025-11-02 21:27:33,064 - INFO - ===> 使用幂律分布生成四种分布
2025-11-02 21:27:33,067 - INFO - 保存概率分布 文件位置: /home/wen/pythonspace/data-test/Rochester/distribution-in-Rochester/distribution-powerlaw_seedNum-1600.pkl
2025-11-02 21:27:33,272 - INFO - 首次生成种子集 random
2025-11-02 21:27:33,272 - INFO - 执行当前算法开始: random
2025-11-02 21:27:33,273 - INFO - 当前用时 0.00 秒
2025-11-02 21:27:33,273 - INFO - 将种子集 写入位置: /home/wen/pythonspace/data-test/Rochester/seeds-with-Rochester/distribution-powerlaw_random_seedNum-1600.txt
2025-11-02 21:27:33,273 - INFO - 首次生成种子集 degreeTopM
2025-11-02 21:27:33,273 - INFO - 执行当前算法开始: degreeTopM
2025-11-02 21:27:33,321 - INFO - 当前用时 0.05 秒
2025-11-02 21:27:33,321 - INFO - 将种子集 写入位置: /home/wen/pythonspace/data-test/Rochester/seeds-with-Rochester/distribution-powerlaw_degreeTopM_seedNum-1600.txt
2025-11-02 21:27:33,323 - INFO - 首次生成种子集 ris_coverage
2025-11-02 21:27:33,323 - INFO - 执行当前算法开始: ris_coverage
2025-11-02 21:34:42,696 - INFO - 当前用时 429.37 秒
2025-11-02 21:34:42,696 - INFO - 将种子集 写入位置: /home/wen/pythonspace/data-test/Rochester/seeds-with-Rochester/distribution-powerlaw_ris_coverage_seedNum-1600.txt
2025-11-02 21:34:42,698 - INFO - 评估种子集: None
2025-11-02 21:34:42,698 - INFO - 评估函数开始
2025-11-02 21:34:42,698 - INFO - 当前模拟次数: [5]

2025-11-02 21:34:42,698 - INFO - 当前评估种子数: 1600 ---
2025-11-02 21:34:42,698 - INFO -   Evaluating method: 'random' with 1600 seeds.
2025-11-02 21:34:42,698 - INFO -     Running 5 simulations...
2025-11-02 21:34:42,698 - INFO - 		当前模拟轮次: 0
2025-11-02 21:34:42,797 - INFO - 		当前模拟轮次: 1
2025-11-02 21:34:42,887 - INFO - 		当前模拟轮次: 2
2025-11-02 21:34:42,977 - INFO - 		当前模拟轮次: 3
2025-11-02 21:34:43,070 - INFO - 		当前模拟轮次: 4
2025-11-02 21:34:43,166 - INFO -     Result: E[Users] = 763.6000, Var[Users] = 117.4400, Std_Dev = 10.8370
2025-11-02 21:34:43,170 - INFO -   Evaluating method: 'degreeTopM' with 1600 seeds.
2025-11-02 21:34:43,170 - INFO -     Running 5 simulations...
2025-11-02 21:34:43,170 - INFO - 		当前模拟轮次: 0
2025-11-02 21:34:43,268 - INFO - 		当前模拟轮次: 1
2025-11-02 21:34:43,364 - INFO - 		当前模拟轮次: 2
2025-11-02 21:34:43,462 - INFO - 		当前模拟轮次: 3
2025-11-02 21:34:43,553 - INFO - 		当前模拟轮次: 4
2025-11-02 21:34:43,645 - INFO -     Result: E[Users] = 737.0000, Var[Users] = 167.2000, Std_Dev = 12.9306
2025-11-02 21:34:43,647 - INFO -   Evaluating method: 'ris_coverage' with 1600 seeds.
2025-11-02 21:34:43,647 - INFO -     Running 5 simulations...
2025-11-02 21:34:43,647 - INFO - 		当前模拟轮次: 0
2025-11-02 21:34:43,749 - INFO - 		当前模拟轮次: 1
2025-11-02 21:34:43,848 - INFO - 		当前模拟轮次: 2
2025-11-02 21:34:43,960 - INFO - 		当前模拟轮次: 3
2025-11-02 21:34:44,066 - INFO - 		当前模拟轮次: 4
2025-11-02 21:34:44,156 - INFO -     Result: E[Users] = 771.0000, Var[Users] = 287.6000, Std_Dev = 16.9588
2025-11-02 21:34:44,158 - INFO - 保存评估文件至: /home/wen/pythonspace/data-test/Rochester/E-activated-Rochester/distribution-powerlaw/tsd_10.0-10.0-10.0/single_sim_func-AgainReJudge/simuTimes-5_seedNum-1600_monteCarloL-15_single_sim_func-AgainReJudge_rrNumSamples-600000.csv
2025-11-02 21:34:44,159 - INFO - 加载数据集: Rochester
2025-11-02 21:34:44,163 - INFO - 首次生成度相关概率分布 分布类型: 'powerlaw'.
2025-11-02 21:34:44,163 - INFO - ===> 使用幂律分布生成四种分布
2025-11-02 21:34:44,166 - INFO - 保存概率分布 文件位置: /home/wen/pythonspace/data-test/Rochester/distribution-in-Rochester/distribution-powerlaw_seedNum-1900.pkl
2025-11-02 21:34:44,364 - INFO - 首次生成种子集 random
2025-11-02 21:34:44,364 - INFO - 执行当前算法开始: random
2025-11-02 21:34:44,366 - INFO - 当前用时 0.00 秒
2025-11-02 21:34:44,366 - INFO - 将种子集 写入位置: /home/wen/pythonspace/data-test/Rochester/seeds-with-Rochester/distribution-powerlaw_random_seedNum-1900.txt
2025-11-02 21:34:44,366 - INFO - 首次生成种子集 degreeTopM
2025-11-02 21:34:44,366 - INFO - 执行当前算法开始: degreeTopM
2025-11-02 21:34:44,410 - INFO - 当前用时 0.04 秒
2025-11-02 21:34:44,410 - INFO - 将种子集 写入位置: /home/wen/pythonspace/data-test/Rochester/seeds-with-Rochester/distribution-powerlaw_degreeTopM_seedNum-1900.txt
2025-11-02 21:34:44,413 - INFO - 首次生成种子集 ris_coverage
2025-11-02 21:34:44,413 - INFO - 执行当前算法开始: ris_coverage
2025-11-02 21:42:25,478 - INFO - 当前用时 461.06 秒
2025-11-02 21:42:25,478 - INFO - 将种子集 写入位置: /home/wen/pythonspace/data-test/Rochester/seeds-with-Rochester/distribution-powerlaw_ris_coverage_seedNum-1900.txt
2025-11-02 21:42:25,480 - INFO - 评估种子集: None
2025-11-02 21:42:25,480 - INFO - 评估函数开始
2025-11-02 21:42:25,480 - INFO - 当前模拟次数: [5]

2025-11-02 21:42:25,480 - INFO - 当前评估种子数: 1900 ---
2025-11-02 21:42:25,480 - INFO -   Evaluating method: 'random' with 1900 seeds.
2025-11-02 21:42:25,480 - INFO -     Running 5 simulations...
2025-11-02 21:42:25,480 - INFO - 		当前模拟轮次: 0
2025-11-02 21:42:25,598 - INFO - 		当前模拟轮次: 1
2025-11-02 21:42:25,707 - INFO - 		当前模拟轮次: 2
2025-11-02 21:42:25,823 - INFO - 		当前模拟轮次: 3
2025-11-02 21:42:25,928 - INFO - 		当前模拟轮次: 4
2025-11-02 21:42:26,044 - INFO -     Result: E[Users] = 893.0000, Var[Users] = 505.6000, Std_Dev = 22.4856
2025-11-02 21:42:26,048 - INFO -   Evaluating method: 'degreeTopM' with 1900 seeds.
2025-11-02 21:42:26,048 - INFO -     Running 5 simulations...
2025-11-02 21:42:26,048 - INFO - 		当前模拟轮次: 0
2025-11-02 21:42:26,160 - INFO - 		当前模拟轮次: 1
2025-11-02 21:42:26,278 - INFO - 		当前模拟轮次: 2
2025-11-02 21:42:26,397 - INFO - 		当前模拟轮次: 3
2025-11-02 21:42:26,526 - INFO - 		当前模拟轮次: 4
2025-11-02 21:42:26,642 - INFO -     Result: E[Users] = 845.0000, Var[Users] = 670.4000, Std_Dev = 25.8921
2025-11-02 21:42:26,644 - INFO -   Evaluating method: 'ris_coverage' with 1900 seeds.
2025-11-02 21:42:26,644 - INFO -     Running 5 simulations...
2025-11-02 21:42:26,644 - INFO - 		当前模拟轮次: 0
2025-11-02 21:42:26,758 - INFO - 		当前模拟轮次: 1
2025-11-02 21:42:26,872 - INFO - 		当前模拟轮次: 2
2025-11-02 21:42:26,986 - INFO - 		当前模拟轮次: 3
2025-11-02 21:42:27,102 - INFO - 		当前模拟轮次: 4
2025-11-02 21:42:27,211 - INFO -     Result: E[Users] = 905.4000, Var[Users] = 449.0400, Std_Dev = 21.1906
2025-11-02 21:42:27,213 - INFO - 保存评估文件至: /home/wen/pythonspace/data-test/Rochester/E-activated-Rochester/distribution-powerlaw/tsd_10.0-10.0-10.0/single_sim_func-AgainReJudge/simuTimes-5_seedNum-1900_monteCarloL-15_single_sim_func-AgainReJudge_rrNumSamples-600000.csv
2025-11-02 21:42:27,214 - INFO - 加载数据集: Rochester
2025-11-02 21:42:27,217 - INFO - 首次生成度相关概率分布 分布类型: 'powerlaw'.
2025-11-02 21:42:27,217 - INFO - ===> 使用幂律分布生成四种分布
2025-11-02 21:42:27,220 - INFO - 保存概率分布 文件位置: /home/wen/pythonspace/data-test/Rochester/distribution-in-Rochester/distribution-powerlaw_seedNum-2200.pkl
2025-11-02 21:42:27,422 - INFO - 首次生成种子集 random
2025-11-02 21:42:27,422 - INFO - 执行当前算法开始: random
2025-11-02 21:42:27,424 - INFO - 当前用时 0.00 秒
2025-11-02 21:42:27,424 - INFO - 将种子集 写入位置: /home/wen/pythonspace/data-test/Rochester/seeds-with-Rochester/distribution-powerlaw_random_seedNum-2200.txt
2025-11-02 21:42:27,424 - INFO - 首次生成种子集 degreeTopM
2025-11-02 21:42:27,425 - INFO - 执行当前算法开始: degreeTopM
2025-11-02 21:42:27,468 - INFO - 当前用时 0.04 秒
2025-11-02 21:42:27,469 - INFO - 将种子集 写入位置: /home/wen/pythonspace/data-test/Rochester/seeds-with-Rochester/distribution-powerlaw_degreeTopM_seedNum-2200.txt
2025-11-02 21:42:27,471 - INFO - 首次生成种子集 ris_coverage
2025-11-02 21:42:27,471 - INFO - 执行当前算法开始: ris_coverage
2025-11-02 21:51:19,058 - INFO - 当前用时 531.59 秒
2025-11-02 21:51:19,059 - INFO - 将种子集 写入位置: /home/wen/pythonspace/data-test/Rochester/seeds-with-Rochester/distribution-powerlaw_ris_coverage_seedNum-2200.txt
2025-11-02 21:51:19,061 - INFO - 评估种子集: None
2025-11-02 21:51:19,061 - INFO - 评估函数开始
2025-11-02 21:51:19,061 - INFO - 当前模拟次数: [5]

2025-11-02 21:51:19,061 - INFO - 当前评估种子数: 2200 ---
2025-11-02 21:51:19,061 - INFO -   Evaluating method: 'random' with 2200 seeds.
2025-11-02 21:51:19,061 - INFO -     Running 5 simulations...
2025-11-02 21:51:19,061 - INFO - 		当前模拟轮次: 0
2025-11-02 21:51:19,201 - INFO - 		当前模拟轮次: 1
2025-11-02 21:51:19,335 - INFO - 		当前模拟轮次: 2
2025-11-02 21:51:19,463 - INFO - 		当前模拟轮次: 3
2025-11-02 21:51:19,589 - INFO - 		当前模拟轮次: 4
2025-11-02 21:51:19,729 - INFO -     Result: E[Users] = 1023.6000, Var[Users] = 237.0400, Std_Dev = 15.3961
2025-11-02 21:51:19,733 - INFO -   Evaluating method: 'degreeTopM' with 2200 seeds.
2025-11-02 21:51:19,733 - INFO -     Running 5 simulations...
2025-11-02 21:51:19,733 - INFO - 		当前模拟轮次: 0
2025-11-02 21:51:19,859 - INFO - 		当前模拟轮次: 1
2025-11-02 21:51:19,988 - INFO - 		当前模拟轮次: 2
2025-11-02 21:51:20,126 - INFO - 		当前模拟轮次: 3
2025-11-02 21:51:20,251 - INFO - 		当前模拟轮次: 4
2025-11-02 21:51:20,383 - INFO -     Result: E[Users] = 997.6000, Var[Users] = 403.0400, Std_Dev = 20.0759
2025-11-02 21:51:20,385 - INFO -   Evaluating method: 'ris_coverage' with 2200 seeds.
2025-11-02 21:51:20,385 - INFO -     Running 5 simulations...
2025-11-02 21:51:20,385 - INFO - 		当前模拟轮次: 0
2025-11-02 21:51:20,514 - INFO - 		当前模拟轮次: 1
2025-11-02 21:51:20,641 - INFO - 		当前模拟轮次: 2
2025-11-02 21:51:20,766 - INFO - 		当前模拟轮次: 3
2025-11-02 21:51:20,906 - INFO - 		当前模拟轮次: 4
2025-11-02 21:51:21,037 - INFO -     Result: E[Users] = 1052.0000, Var[Users] = 747.2000, Std_Dev = 27.3350
2025-11-02 21:51:21,038 - INFO - 保存评估文件至: /home/wen/pythonspace/data-test/Rochester/E-activated-Rochester/distribution-powerlaw/tsd_10.0-10.0-10.0/single_sim_func-AgainReJudge/simuTimes-5_seedNum-2200_monteCarloL-15_single_sim_func-AgainReJudge_rrNumSamples-600000.csv
2025-11-02 21:51:21,040 - INFO - 加载数据集: Rochester
2025-11-02 21:51:21,044 - INFO - 首次生成度相关概率分布 分布类型: 'powerlaw'.
2025-11-02 21:51:21,044 - INFO - ===> 使用幂律分布生成四种分布
2025-11-02 21:51:21,046 - INFO - 保存概率分布 文件位置: /home/wen/pythonspace/data-test/Rochester/distribution-in-Rochester/distribution-powerlaw_seedNum-2500.pkl
2025-11-02 21:51:21,246 - INFO - 首次生成种子集 random
2025-11-02 21:51:21,246 - INFO - 执行当前算法开始: random
2025-11-02 21:51:21,256 - INFO - 当前用时 0.01 秒
2025-11-02 21:51:21,256 - INFO - 将种子集 写入位置: /home/wen/pythonspace/data-test/Rochester/seeds-with-Rochester/distribution-powerlaw_random_seedNum-2500.txt
2025-11-02 21:51:21,256 - INFO - 首次生成种子集 degreeTopM
2025-11-02 21:51:21,256 - INFO - 执行当前算法开始: degreeTopM
2025-11-02 21:51:21,304 - INFO - 当前用时 0.05 秒
2025-11-02 21:51:21,304 - INFO - 将种子集 写入位置: /home/wen/pythonspace/data-test/Rochester/seeds-with-Rochester/distribution-powerlaw_degreeTopM_seedNum-2500.txt
2025-11-02 21:51:21,308 - INFO - 首次生成种子集 ris_coverage
2025-11-02 21:51:21,308 - INFO - 执行当前算法开始: ris_coverage
2025-11-02 22:00:55,262 - INFO - 当前用时 573.95 秒
2025-11-02 22:00:55,263 - INFO - 将种子集 写入位置: /home/wen/pythonspace/data-test/Rochester/seeds-with-Rochester/distribution-powerlaw_ris_coverage_seedNum-2500.txt
2025-11-02 22:00:55,265 - INFO - 评估种子集: None
2025-11-02 22:00:55,265 - INFO - 评估函数开始
2025-11-02 22:00:55,265 - INFO - 当前模拟次数: [5]

2025-11-02 22:00:55,265 - INFO - 当前评估种子数: 2500 ---
2025-11-02 22:00:55,265 - INFO -   Evaluating method: 'random' with 2500 seeds.
2025-11-02 22:00:55,265 - INFO -     Running 5 simulations...
2025-11-02 22:00:55,265 - INFO - 		当前模拟轮次: 0
2025-11-02 22:00:55,426 - INFO - 		当前模拟轮次: 1
2025-11-02 22:00:55,578 - INFO - 		当前模拟轮次: 2
2025-11-02 22:00:55,723 - INFO - 		当前模拟轮次: 3
2025-11-02 22:00:55,880 - INFO - 		当前模拟轮次: 4
2025-11-02 22:00:56,030 - INFO -     Result: E[Users] = 1155.4000, Var[Users] = 121.8400, Std_Dev = 11.0381
2025-11-02 22:00:56,033 - INFO -   Evaluating method: 'degreeTopM' with 2500 seeds.
2025-11-02 22:00:56,033 - INFO -     Running 5 simulations...
2025-11-02 22:00:56,033 - INFO - 		当前模拟轮次: 0
2025-11-02 22:00:56,191 - INFO - 		当前模拟轮次: 1
2025-11-02 22:00:56,338 - INFO - 		当前模拟轮次: 2
2025-11-02 22:00:56,485 - INFO - 		当前模拟轮次: 3
2025-11-02 22:00:56,636 - INFO - 		当前模拟轮次: 4
2025-11-02 22:00:56,783 - INFO -     Result: E[Users] = 1119.4000, Var[Users] = 372.6400, Std_Dev = 19.3039
2025-11-02 22:00:56,785 - INFO -   Evaluating method: 'ris_coverage' with 2500 seeds.
2025-11-02 22:00:56,785 - INFO -     Running 5 simulations...
2025-11-02 22:00:56,785 - INFO - 		当前模拟轮次: 0
2025-11-02 22:00:56,946 - INFO - 		当前模拟轮次: 1
2025-11-02 22:00:57,091 - INFO - 		当前模拟轮次: 2
2025-11-02 22:00:57,237 - INFO - 		当前模拟轮次: 3
2025-11-02 22:00:57,391 - INFO - 		当前模拟轮次: 4
2025-11-02 22:00:57,551 - INFO -     Result: E[Users] = 1176.8000, Var[Users] = 741.7600, Std_Dev = 27.2353
2025-11-02 22:00:57,553 - INFO - 保存评估文件至: /home/wen/pythonspace/data-test/Rochester/E-activated-Rochester/distribution-powerlaw/tsd_10.0-10.0-10.0/single_sim_func-AgainReJudge/simuTimes-5_seedNum-2500_monteCarloL-15_single_sim_func-AgainReJudge_rrNumSamples-600000.csv
2025-11-02 22:00:57,555 - INFO - 加载数据集: Rochester
2025-11-02 22:00:57,558 - INFO - 首次生成度相关概率分布 分布类型: 'powerlaw'.
2025-11-02 22:00:57,558 - INFO - ===> 使用幂律分布生成四种分布
2025-11-02 22:00:57,561 - INFO - 保存概率分布 文件位置: /home/wen/pythonspace/data-test/Rochester/distribution-in-Rochester/distribution-powerlaw_seedNum-2800.pkl
2025-11-02 22:00:57,758 - INFO - 首次生成种子集 random
2025-11-02 22:00:57,758 - INFO - 执行当前算法开始: random
2025-11-02 22:00:57,767 - INFO - 当前用时 0.01 秒
2025-11-02 22:00:57,768 - INFO - 将种子集 写入位置: /home/wen/pythonspace/data-test/Rochester/seeds-with-Rochester/distribution-powerlaw_random_seedNum-2800.txt
2025-11-02 22:00:57,768 - INFO - 首次生成种子集 degreeTopM
2025-11-02 22:00:57,768 - INFO - 执行当前算法开始: degreeTopM
2025-11-02 22:00:57,816 - INFO - 当前用时 0.05 秒
2025-11-02 22:00:57,816 - INFO - 将种子集 写入位置: /home/wen/pythonspace/data-test/Rochester/seeds-with-Rochester/distribution-powerlaw_degreeTopM_seedNum-2800.txt
2025-11-02 22:00:57,819 - INFO - 首次生成种子集 ris_coverage
2025-11-02 22:00:57,819 - INFO - 执行当前算法开始: ris_coverage
2025-11-02 22:11:31,942 - INFO - 当前用时 634.12 秒
2025-11-02 22:11:31,943 - INFO - 将种子集 写入位置: /home/wen/pythonspace/data-test/Rochester/seeds-with-Rochester/distribution-powerlaw_ris_coverage_seedNum-2800.txt
2025-11-02 22:11:31,945 - INFO - 评估种子集: None
2025-11-02 22:11:31,945 - INFO - 评估函数开始
2025-11-02 22:11:31,945 - INFO - 当前模拟次数: [5]

2025-11-02 22:11:31,946 - INFO - 当前评估种子数: 2800 ---
2025-11-02 22:11:31,946 - INFO -   Evaluating method: 'random' with 2800 seeds.
2025-11-02 22:11:31,946 - INFO -     Running 5 simulations...
2025-11-02 22:11:31,946 - INFO - 		当前模拟轮次: 0
2025-11-02 22:11:32,113 - INFO - 		当前模拟轮次: 1
2025-11-02 22:11:32,285 - INFO - 		当前模拟轮次: 2
2025-11-02 22:11:32,448 - INFO - 		当前模拟轮次: 3
2025-11-02 22:11:32,616 - INFO - 		当前模拟轮次: 4
2025-11-02 22:11:32,779 - INFO -     Result: E[Users] = 1296.6000, Var[Users] = 662.6400, Std_Dev = 25.7418
2025-11-02 22:11:32,782 - INFO -   Evaluating method: 'degreeTopM' with 2800 seeds.
2025-11-02 22:11:32,782 - INFO -     Running 5 simulations...
2025-11-02 22:11:32,782 - INFO - 		当前模拟轮次: 0
2025-11-02 22:11:32,941 - INFO - 		当前模拟轮次: 1
2025-11-02 22:11:33,103 - INFO - 		当前模拟轮次: 2
2025-11-02 22:11:33,274 - INFO - 		当前模拟轮次: 3
2025-11-02 22:11:33,440 - INFO - 		当前模拟轮次: 4
2025-11-02 22:11:33,619 - INFO -     Result: E[Users] = 1238.4000, Var[Users] = 337.0400, Std_Dev = 18.3586
2025-11-02 22:11:33,620 - INFO -   Evaluating method: 'ris_coverage' with 2800 seeds.
2025-11-02 22:11:33,620 - INFO -     Running 5 simulations...
2025-11-02 22:11:33,620 - INFO - 		当前模拟轮次: 0
2025-11-02 22:11:33,784 - INFO - 		当前模拟轮次: 1
2025-11-02 22:11:33,945 - INFO - 		当前模拟轮次: 2
2025-11-02 22:11:34,112 - INFO - 		当前模拟轮次: 3
2025-11-02 22:11:34,283 - INFO - 		当前模拟轮次: 4
2025-11-02 22:11:34,441 - INFO -     Result: E[Users] = 1318.4000, Var[Users] = 201.4400, Std_Dev = 14.1930
2025-11-02 22:11:34,443 - INFO - 保存评估文件至: /home/wen/pythonspace/data-test/Rochester/E-activated-Rochester/distribution-powerlaw/tsd_10.0-10.0-10.0/single_sim_func-AgainReJudge/simuTimes-5_seedNum-2800_monteCarloL-15_single_sim_func-AgainReJudge_rrNumSamples-600000.csv
