2026-03-08 22:34:42,914 - INFO - 加载数据集: network.netDog
2026-03-08 22:34:42,915 - INFO - --- 矩阵分析 ---
2026-03-08 22:34:42,915 - INFO - 节点数 (N): 4502
2026-03-08 22:34:42,915 - INFO - 边数 (E): 29580
2026-03-08 22:34:42,915 - INFO - 密度 (Density): 0.00145944 (越小越稀疏)
2026-03-08 22:34:42,915 - INFO - 稀疏度 (Sparsity): 0.99854056 (越接近1越稀疏)
2026-03-08 22:34:42,916 - INFO - 平均度数 (Avg Degree): 6.57
2026-03-08 22:34:42,916 - INFO - >>> 正在注入完美对抗属性（验证三条定理）...
2026-03-08 22:34:42,957 - INFO - 首次生成种子集 random
2026-03-08 22:34:42,958 - INFO - 执行当前算法开始: random
2026-03-08 22:34:42,958 - INFO - 数据集节点总数:  n = 4502, m = 50
2026-03-08 22:34:42,958 - INFO - 选择 50  [3739, 4367, 1254, 4498, 1880, 4152, 715, 63, 4399, 1840, 1772, 755, 977, 3328, 1318, 2118, 1621, 1749, 2669, 1628, 3232, 692, 1586, 1393, 3155, 459, 3288, 2833, 1449, 2595, 1437, 539, 2072, 674, 1146, 3613, 1784, 1693, 2497, 1745, 3789, 535, 3470, 2239, 1004, 2185, 1668, 2350, 1303, 1166]

2026-03-08 22:34:42,958 - INFO - 当前用时 0.00 秒
2026-03-08 22:34:42,958 - INFO - 将种子集 写入位置: /home/wen/work/coup_spread/network.netDog/2026-3-9/seeds-with-network.netDog/random_random_seedNum-50_SSRNum-50000.txt
2026-03-08 22:34:42,958 - INFO - 首次生成种子集 degreeTopM
2026-03-08 22:34:42,958 - INFO - 执行当前算法开始: degreeTopM
2026-03-08 22:34:42,958 - INFO - 依据: 选择连接数（度数）最多的节点。
2026-03-08 22:34:42,959 - INFO - 选择的 Top M 节点及其度数:
2026-03-08 22:34:42,959 - INFO - 
2026-03-08 22:34:42,959 - INFO - 当前用时 0.00 秒
2026-03-08 22:34:42,959 - INFO - 将种子集 写入位置: /home/wen/work/coup_spread/network.netDog/2026-3-9/seeds-with-network.netDog/random_degreeTopM_seedNum-50_SSRNum-50000.txt
2026-03-08 22:34:42,959 - INFO - 首次生成种子集 pageRank
2026-03-08 22:34:42,959 - INFO - 执行当前算法开始: pageRank
2026-03-08 22:34:42,959 - INFO - --- Running: PageRank (on tranProMatrix) Top M ---
2026-03-08 22:34:43,293 - INFO - Selected PageRank seeds: [79, 135, 83, 16, 45, 133, 243, 36, 33, 12, 2, 125, 4, 167, 38, 77, 19, 17, 128, 129, 62, 329, 13, 35, 294, 14, 414, 318, 162, 26, 37, 15, 93, 46, 192, 61, 164, 279, 359, 120, 693, 123, 934, 52, 755, 254, 221, 127, 107, 208]
2026-03-08 22:34:43,293 - INFO - 当前用时 0.33 秒
2026-03-08 22:34:43,293 - INFO - 将种子集 写入位置: /home/wen/work/coup_spread/network.netDog/2026-3-9/seeds-with-network.netDog/random_pageRank_seedNum-50_SSRNum-50000.txt
2026-03-08 22:34:43,293 - INFO - 首次生成种子集 alpha_sort
2026-03-08 22:34:43,294 - INFO - 执行当前算法开始: alpha_sort
2026-03-08 22:34:43,294 - INFO - 4502 个节点的alpha值降序排序 done
2026-03-08 22:34:43,294 - INFO - ==============>> [(3602, np.float64(0.3)), (3603, np.float64(0.3)), (3604, np.float64(0.3)), (3605, np.float64(0.3)), (3606, np.float64(0.3)), (3607, np.float64(0.3)), (3608, np.float64(0.3)), (3609, np.float64(0.3)), (3610, np.float64(0.3)), (3611, np.float64(0.3))]
2026-03-08 22:34:43,294 - INFO - 
选择的种子集 (按alpha排序): [3602, 3603, 3604, 3605, 3606, 3607, 3608, 3609, 3610, 3611, 3612, 3613, 3614, 3615, 3616, 3617, 3618, 3619, 3620, 3621, 3622, 3623, 3624, 3625, 3626, 3627, 3628, 3629, 3630, 3631, 3632, 3633, 3634, 3635, 3636, 3637, 3638, 3639, 3640, 3641, 3642, 3643, 3644, 3645, 3646, 3647, 3648, 3649, 3650, 3651]

2026-03-08 22:34:43,294 - INFO - 当前用时 0.00 秒
2026-03-08 22:34:43,295 - INFO - 将种子集 写入位置: /home/wen/work/coup_spread/network.netDog/2026-3-9/seeds-with-network.netDog/random_alpha_sort_seedNum-50_SSRNum-50000.txt
2026-03-08 22:34:43,295 - INFO - 首次生成种子集 ris_optimized
2026-03-08 22:34:43,295 - INFO - 执行当前算法开始: ris_optimized
2026-03-08 22:34:43,524 - INFO - 图初始化完成，节点数: 4502，当前模式: 优化采样
2026-03-08 22:34:43,524 - INFO - 开始生成 50000 组多重RR-Set...
2026-03-08 22:34:51,978 - INFO - 生成完毕。耗时: 8.45 秒。
2026-03-08 22:34:51,986 - INFO - 开始基于多重RR集贪心选择最优种子...
2026-03-08 22:34:53,298 - INFO - 选种完毕。耗时: 1.31 秒。估算范围: 80.72
2026-03-08 22:34:53,549 - INFO - 当前用时 10.25 秒
2026-03-08 22:34:53,549 - INFO - 将种子集 写入位置: /home/wen/work/coup_spread/network.netDog/2026-3-9/seeds-with-network.netDog/random_ris_optimized_seedNum-50_SSRNum-50000.txt
2026-03-08 22:34:53,550 - INFO - 评估种子集: None
2026-03-08 22:34:53,550 - INFO - 多进程评估开始，共有 5 个方法待评估...
2026-03-08 22:34:53,550 - INFO - 启动进程池，Worker数量: 5
2026-03-08 22:34:54,254 - INFO - [Process 3666041] 开始评估方法: random, 种子数: 50
2026-03-08 22:34:54,812 - INFO - [Process 3666042] 开始评估方法: degreeTopM, 种子数: 50
2026-03-08 22:34:55,382 - INFO - [Process 3666043] 开始评估方法: pageRank, 种子数: 50
2026-03-08 22:34:55,955 - INFO - [Process 3666044] 开始评估方法: alpha_sort, 种子数: 50
2026-03-08 22:34:56,594 - INFO - [Process 3666045] 开始评估方法: ris_optimized, 种子数: 50
2026-03-08 22:34:56,878 - INFO - [alpha_sort - 种子:50] 拉新:22.4人 | 总销量:22.5单 | 品牌曝光:86.9次 | 🌟综合得分:31.1
2026-03-08 22:34:57,617 - INFO - [random - 种子:50] 拉新:37.2人 | 总销量:37.9单 | 品牌曝光:188.3次 | 🌟综合得分:56.4
2026-03-08 22:34:58,640 - INFO - [degreeTopM - 种子:50] 拉新:39.3人 | 总销量:41.3单 | 品牌曝光:204.1次 | 🌟综合得分:60.7
2026-03-08 22:34:59,323 - INFO - [pageRank - 种子:50] 拉新:38.8人 | 总销量:40.6单 | 品牌曝光:201.1次 | 🌟综合得分:59.8
2026-03-08 22:35:00,673 - INFO - [ris_optimized - 种子:50] 拉新:41.7人 | 总销量:42.8单 | 品牌曝光:211.8次 | 🌟综合得分:63.4
2026-03-08 22:35:00,695 - INFO - 所有进程执行完毕，开始写入数据...
2026-03-08 22:35:00,709 - INFO - 成功写入 5 条记录至 /home/wen/work/coup_spread/gzc-impl/results/network.netDog/2026-3-9/random_SSRNum-50000-_seedNum-50_simuTimes-500.csv
2026-03-08 22:35:00,710 - INFO - 保存评估文件至: /home/wen/work/coup_spread/gzc-impl/results/network.netDog/2026-3-9/random_SSRNum-50000-_seedNum-50_simuTimes-500.csv
2026-03-08 22:35:00,721 - INFO - 加载数据集: network.netDog
2026-03-08 22:35:00,722 - INFO - --- 矩阵分析 ---
2026-03-08 22:35:00,722 - INFO - 节点数 (N): 4502
2026-03-08 22:35:00,722 - INFO - 边数 (E): 29580
2026-03-08 22:35:00,722 - INFO - 密度 (Density): 0.00145944 (越小越稀疏)
2026-03-08 22:35:00,722 - INFO - 稀疏度 (Sparsity): 0.99854056 (越接近1越稀疏)
2026-03-08 22:35:00,722 - INFO - 平均度数 (Avg Degree): 6.57
2026-03-08 22:35:00,723 - INFO - >>> 正在注入完美对抗属性（验证三条定理）...
2026-03-08 22:35:00,766 - INFO - 首次生成种子集 random
2026-03-08 22:35:00,766 - INFO - 执行当前算法开始: random
2026-03-08 22:35:00,766 - INFO - 数据集节点总数:  n = 4502, m = 75
2026-03-08 22:35:00,766 - INFO - 选择 75  [1842, 2249, 4068, 1635, 927, 776, 1178, 1619, 3389, 1027, 3744, 1190, 2982, 2707, 4317, 4256, 3349, 2086, 3812, 3427, 653, 2747, 98, 3175, 3491, 52, 3764, 1244, 1957, 1596, 2875, 951, 4273, 3387, 4292, 3925, 2956, 597, 2397, 3475, 2483, 1090, 88, 4262, 4178, 524, 3999, 4086, 2129, 3078, 1571, 213, 1870, 1613, 3866, 3575, 1534, 1771, 1032, 1021, 1586, 2116, 2701, 2581, 4183, 3712, 2197, 4281, 371, 3480, 361, 3133, 3725, 3377, 1720]

2026-03-08 22:35:00,766 - INFO - 当前用时 0.00 秒
2026-03-08 22:35:00,767 - INFO - 将种子集 写入位置: /home/wen/work/coup_spread/network.netDog/2026-3-9/seeds-with-network.netDog/random_random_seedNum-75_SSRNum-50000.txt
2026-03-08 22:35:00,767 - INFO - 首次生成种子集 degreeTopM
2026-03-08 22:35:00,767 - INFO - 执行当前算法开始: degreeTopM
2026-03-08 22:35:00,767 - INFO - 依据: 选择连接数（度数）最多的节点。
2026-03-08 22:35:00,767 - INFO - 选择的 Top M 节点及其度数:
2026-03-08 22:35:00,767 - INFO - 
2026-03-08 22:35:00,767 - INFO - 当前用时 0.00 秒
2026-03-08 22:35:00,767 - INFO - 将种子集 写入位置: /home/wen/work/coup_spread/network.netDog/2026-3-9/seeds-with-network.netDog/random_degreeTopM_seedNum-75_SSRNum-50000.txt
2026-03-08 22:35:00,768 - INFO - 首次生成种子集 pageRank
2026-03-08 22:35:00,768 - INFO - 执行当前算法开始: pageRank
2026-03-08 22:35:00,768 - INFO - --- Running: PageRank (on tranProMatrix) Top M ---
2026-03-08 22:35:01,028 - INFO - Selected PageRank seeds: [79, 135, 83, 16, 45, 133, 243, 36, 33, 12, 2, 125, 4, 167, 38, 77, 19, 17, 128, 129, 62, 329, 13, 35, 294, 14, 414, 318, 162, 26, 37, 15, 93, 46, 192, 61, 164, 279, 359, 120, 693, 123, 934, 52, 755, 254, 221, 127, 107, 208, 91, 183, 264, 152, 291, 223, 141, 316, 435, 324, 98, 44, 632, 8, 207, 681, 1157, 405, 104, 142, 150, 263, 916, 169, 583]
2026-03-08 22:35:01,028 - INFO - 当前用时 0.26 秒
2026-03-08 22:35:01,028 - INFO - 将种子集 写入位置: /home/wen/work/coup_spread/network.netDog/2026-3-9/seeds-with-network.netDog/random_pageRank_seedNum-75_SSRNum-50000.txt
2026-03-08 22:35:01,029 - INFO - 首次生成种子集 alpha_sort
2026-03-08 22:35:01,029 - INFO - 执行当前算法开始: alpha_sort
2026-03-08 22:35:01,029 - INFO - 4502 个节点的alpha值降序排序 done
2026-03-08 22:35:01,029 - INFO - ==============>> [(3602, np.float64(0.3)), (3603, np.float64(0.3)), (3604, np.float64(0.3)), (3605, np.float64(0.3)), (3606, np.float64(0.3)), (3607, np.float64(0.3)), (3608, np.float64(0.3)), (3609, np.float64(0.3)), (3610, np.float64(0.3)), (3611, np.float64(0.3))]
2026-03-08 22:35:01,030 - INFO - 
选择的种子集 (按alpha排序): [3602, 3603, 3604, 3605, 3606, 3607, 3608, 3609, 3610, 3611, 3612, 3613, 3614, 3615, 3616, 3617, 3618, 3619, 3620, 3621, 3622, 3623, 3624, 3625, 3626, 3627, 3628, 3629, 3630, 3631, 3632, 3633, 3634, 3635, 3636, 3637, 3638, 3639, 3640, 3641, 3642, 3643, 3644, 3645, 3646, 3647, 3648, 3649, 3650, 3651, 3652, 3653, 3654, 3655, 3656, 3657, 3658, 3659, 3660, 3661, 3662, 3663, 3664, 3665, 3666, 3667, 3668, 3669, 3670, 3671, 3672, 3673, 3674, 3675, 3676]

2026-03-08 22:35:01,030 - INFO - 当前用时 0.00 秒
2026-03-08 22:35:01,030 - INFO - 将种子集 写入位置: /home/wen/work/coup_spread/network.netDog/2026-3-9/seeds-with-network.netDog/random_alpha_sort_seedNum-75_SSRNum-50000.txt
2026-03-08 22:35:01,030 - INFO - 首次生成种子集 ris_optimized
2026-03-08 22:35:01,030 - INFO - 执行当前算法开始: ris_optimized
2026-03-08 22:35:01,258 - INFO - 图初始化完成，节点数: 4502，当前模式: 优化采样
2026-03-08 22:35:01,258 - INFO - 开始生成 50000 组多重RR-Set...
2026-03-08 22:35:13,489 - INFO - 生成完毕。耗时: 12.23 秒。
2026-03-08 22:35:13,503 - INFO - 开始基于多重RR集贪心选择最优种子...
2026-03-08 22:35:15,742 - INFO - 选种完毕。耗时: 2.24 秒。估算范围: 120.29
2026-03-08 22:35:16,104 - INFO - 当前用时 15.07 秒
2026-03-08 22:35:16,104 - INFO - 将种子集 写入位置: /home/wen/work/coup_spread/network.netDog/2026-3-9/seeds-with-network.netDog/random_ris_optimized_seedNum-75_SSRNum-50000.txt
2026-03-08 22:35:16,105 - INFO - 评估种子集: None
2026-03-08 22:35:16,105 - INFO - 多进程评估开始，共有 5 个方法待评估...
2026-03-08 22:35:16,105 - INFO - 启动进程池，Worker数量: 5
2026-03-08 22:35:16,833 - INFO - [Process 3666459] 开始评估方法: random, 种子数: 75
2026-03-08 22:35:17,399 - INFO - [Process 3666460] 开始评估方法: degreeTopM, 种子数: 75
2026-03-08 22:35:17,961 - INFO - [Process 3666461] 开始评估方法: pageRank, 种子数: 75
2026-03-08 22:35:18,532 - INFO - [Process 3666462] 开始评估方法: alpha_sort, 种子数: 75
2026-03-08 22:35:19,096 - INFO - [Process 3666463] 开始评估方法: ris_optimized, 种子数: 75
2026-03-08 22:35:19,934 - INFO - [alpha_sort - 种子:75] 拉新:33.5人 | 总销量:33.7单 | 品牌曝光:129.6次 | 🌟综合得分:46.6
2026-03-08 22:35:21,353 - INFO - [random - 种子:75] 拉新:51.2人 | 总销量:52.6单 | 品牌曝光:259.6次 | 🌟综合得分:77.9
2026-03-08 22:35:23,008 - INFO - [degreeTopM - 种子:75] 拉新:58.4人 | 总销量:62.0单 | 品牌曝光:305.0次 | 🌟综合得分:90.7
2026-03-08 22:35:23,625 - INFO - [pageRank - 种子:75] 拉新:57.8人 | 总销量:61.4单 | 品牌曝光:302.4次 | 🌟综合得分:89.8
2026-03-08 22:35:24,817 - INFO - [ris_optimized - 种子:75] 拉新:62.2人 | 总销量:64.4单 | 品牌曝光:317.7次 | 🌟综合得分:95.1
2026-03-08 22:35:24,842 - INFO - 所有进程执行完毕，开始写入数据...
2026-03-08 22:35:24,852 - INFO - 成功写入 5 条记录至 /home/wen/work/coup_spread/gzc-impl/results/network.netDog/2026-3-9/random_SSRNum-50000-_seedNum-75_simuTimes-500.csv
2026-03-08 22:35:24,853 - INFO - 保存评估文件至: /home/wen/work/coup_spread/gzc-impl/results/network.netDog/2026-3-9/random_SSRNum-50000-_seedNum-75_simuTimes-500.csv
2026-03-08 22:35:24,868 - INFO - 加载数据集: network.netDog
2026-03-08 22:35:24,869 - INFO - --- 矩阵分析 ---
2026-03-08 22:35:24,869 - INFO - 节点数 (N): 4502
2026-03-08 22:35:24,869 - INFO - 边数 (E): 29580
2026-03-08 22:35:24,869 - INFO - 密度 (Density): 0.00145944 (越小越稀疏)
2026-03-08 22:35:24,869 - INFO - 稀疏度 (Sparsity): 0.99854056 (越接近1越稀疏)
2026-03-08 22:35:24,869 - INFO - 平均度数 (Avg Degree): 6.57
2026-03-08 22:35:24,869 - INFO - >>> 正在注入完美对抗属性（验证三条定理）...
2026-03-08 22:35:24,912 - INFO - 首次生成种子集 random
2026-03-08 22:35:24,912 - INFO - 执行当前算法开始: random
2026-03-08 22:35:24,912 - INFO - 数据集节点总数:  n = 4502, m = 100
2026-03-08 22:35:24,912 - INFO - 选择 100  [2900, 3640, 1304, 1580, 2960, 2931, 3068, 1349, 3594, 3375, 2955, 4357, 3356, 3795, 3968, 4353, 2240, 4031, 117, 1869, 712, 3202, 3800, 509, 2483, 2835, 3380, 2291, 503, 3978, 3292, 3098, 1406, 4092, 230, 2032, 2565, 4277, 2051, 4296, 1732, 4444, 3881, 339, 881, 347, 2583, 1537, 2193, 1540, 2250, 72, 1101, 965, 2859, 293, 4047, 4104, 3075, 3405, 2904, 4435, 65, 2782, 2772, 1244, 476, 2286, 3754, 2081, 2974, 615, 1746, 3683, 837, 3872, 3271, 3850, 1865, 2797, 1202, 3758, 1355, 2516, 2491, 2297, 1952, 2364, 1037, 1337, 626, 3443, 39, 3450, 4243, 251, 4309, 1471, 1764, 3535]

2026-03-08 22:35:24,912 - INFO - 当前用时 0.00 秒
2026-03-08 22:35:24,913 - INFO - 将种子集 写入位置: /home/wen/work/coup_spread/network.netDog/2026-3-9/seeds-with-network.netDog/random_random_seedNum-100_SSRNum-50000.txt
2026-03-08 22:35:24,913 - INFO - 首次生成种子集 degreeTopM
2026-03-08 22:35:24,913 - INFO - 执行当前算法开始: degreeTopM
2026-03-08 22:35:24,913 - INFO - 依据: 选择连接数（度数）最多的节点。
2026-03-08 22:35:24,913 - INFO - 选择的 Top M 节点及其度数:
2026-03-08 22:35:24,913 - INFO - 
2026-03-08 22:35:24,914 - INFO - 当前用时 0.00 秒
2026-03-08 22:35:24,914 - INFO - 将种子集 写入位置: /home/wen/work/coup_spread/network.netDog/2026-3-9/seeds-with-network.netDog/random_degreeTopM_seedNum-100_SSRNum-50000.txt
2026-03-08 22:35:24,914 - INFO - 首次生成种子集 pageRank
2026-03-08 22:35:24,914 - INFO - 执行当前算法开始: pageRank
2026-03-08 22:35:24,914 - INFO - --- Running: PageRank (on tranProMatrix) Top M ---
2026-03-08 22:35:25,174 - INFO - Selected PageRank seeds: [79, 135, 83, 16, 45, 133, 243, 36, 33, 12, 2, 125, 4, 167, 38, 77, 19, 17, 128, 129, 62, 329, 13, 35, 294, 14, 414, 318, 162, 26, 37, 15, 93, 46, 192, 61, 164, 279, 359, 120, 693, 123, 934, 52, 755, 254, 221, 127, 107, 208, 91, 183, 264, 152, 291, 223, 141, 316, 435, 324, 98, 44, 632, 8, 207, 681, 1157, 405, 104, 142, 150, 263, 916, 169, 583, 237, 261, 228, 1080, 526, 440, 165, 274, 22, 832, 811, 224, 292, 273, 564, 980, 54, 502, 112, 347, 173, 23, 1110, 1047, 194]
2026-03-08 22:35:25,174 - INFO - 当前用时 0.26 秒
2026-03-08 22:35:25,174 - INFO - 将种子集 写入位置: /home/wen/work/coup_spread/network.netDog/2026-3-9/seeds-with-network.netDog/random_pageRank_seedNum-100_SSRNum-50000.txt
2026-03-08 22:35:25,174 - INFO - 首次生成种子集 alpha_sort
2026-03-08 22:35:25,174 - INFO - 执行当前算法开始: alpha_sort
2026-03-08 22:35:25,175 - INFO - 4502 个节点的alpha值降序排序 done
2026-03-08 22:35:25,175 - INFO - ==============>> [(3602, np.float64(0.3)), (3603, np.float64(0.3)), (3604, np.float64(0.3)), (3605, np.float64(0.3)), (3606, np.float64(0.3)), (3607, np.float64(0.3)), (3608, np.float64(0.3)), (3609, np.float64(0.3)), (3610, np.float64(0.3)), (3611, np.float64(0.3))]
2026-03-08 22:35:25,175 - INFO - 
选择的种子集 (按alpha排序): [3602, 3603, 3604, 3605, 3606, 3607, 3608, 3609, 3610, 3611, 3612, 3613, 3614, 3615, 3616, 3617, 3618, 3619, 3620, 3621, 3622, 3623, 3624, 3625, 3626, 3627, 3628, 3629, 3630, 3631, 3632, 3633, 3634, 3635, 3636, 3637, 3638, 3639, 3640, 3641, 3642, 3643, 3644, 3645, 3646, 3647, 3648, 3649, 3650, 3651, 3652, 3653, 3654, 3655, 3656, 3657, 3658, 3659, 3660, 3661, 3662, 3663, 3664, 3665, 3666, 3667, 3668, 3669, 3670, 3671, 3672, 3673, 3674, 3675, 3676, 3677, 3678, 3679, 3680, 3681, 3682, 3683, 3684, 3685, 3686, 3687, 3688, 3689, 3690, 3691, 3692, 3693, 3694, 3695, 3696, 3697, 3698, 3699, 3700, 3701]

2026-03-08 22:35:25,175 - INFO - 当前用时 0.00 秒
2026-03-08 22:35:25,176 - INFO - 将种子集 写入位置: /home/wen/work/coup_spread/network.netDog/2026-3-9/seeds-with-network.netDog/random_alpha_sort_seedNum-100_SSRNum-50000.txt
2026-03-08 22:35:25,176 - INFO - 首次生成种子集 ris_optimized
2026-03-08 22:35:25,176 - INFO - 执行当前算法开始: ris_optimized
2026-03-08 22:35:25,401 - INFO - 图初始化完成，节点数: 4502，当前模式: 优化采样
2026-03-08 22:35:25,401 - INFO - 开始生成 50000 组多重RR-Set...
2026-03-08 22:35:41,515 - INFO - 生成完毕。耗时: 16.11 秒。
2026-03-08 22:35:41,531 - INFO - 开始基于多重RR集贪心选择最优种子...
2026-03-08 22:35:44,767 - INFO - 选种完毕。耗时: 3.24 秒。估算范围: 159.01
2026-03-08 22:35:45,324 - INFO - 当前用时 20.15 秒
2026-03-08 22:35:45,325 - INFO - 将种子集 写入位置: /home/wen/work/coup_spread/network.netDog/2026-3-9/seeds-with-network.netDog/random_ris_optimized_seedNum-100_SSRNum-50000.txt
2026-03-08 22:35:45,325 - INFO - 评估种子集: None
2026-03-08 22:35:45,326 - INFO - 多进程评估开始，共有 5 个方法待评估...
2026-03-08 22:35:45,326 - INFO - 启动进程池，Worker数量: 5
2026-03-08 22:35:46,035 - INFO - [Process 3666984] 开始评估方法: random, 种子数: 100
2026-03-08 22:35:46,589 - INFO - [Process 3666985] 开始评估方法: degreeTopM, 种子数: 100
2026-03-08 22:35:47,156 - INFO - [Process 3666986] 开始评估方法: pageRank, 种子数: 100
2026-03-08 22:35:47,720 - INFO - [Process 3666987] 开始评估方法: alpha_sort, 种子数: 100
2026-03-08 22:35:48,290 - INFO - [Process 3666988] 开始评估方法: ris_optimized, 种子数: 100
2026-03-08 22:35:49,622 - INFO - [alpha_sort - 种子:100] 拉新:45.0人 | 总销量:45.4单 | 品牌曝光:174.3次 | 🌟综合得分:62.6
2026-03-08 22:35:51,960 - INFO - [random - 种子:100] 拉新:68.5人 | 总销量:70.5单 | 品牌曝光:347.4次 | 🌟综合得分:104.2
2026-03-08 22:35:54,111 - INFO - [degreeTopM - 种子:100] 拉新:76.7人 | 总销量:82.6单 | 品牌曝光:408.6次 | 🌟综合得分:120.5
2026-03-08 22:35:54,736 - INFO - [pageRank - 种子:100] 拉新:76.2人 | 总销量:82.0单 | 品牌曝光:405.7次 | 🌟综合得分:119.7
2026-03-08 22:35:56,050 - INFO - [ris_optimized - 种子:100] 拉新:81.7人 | 总销量:85.5单 | 品牌曝光:423.0次 | 🌟综合得分:125.9
2026-03-08 22:35:56,080 - INFO - 所有进程执行完毕，开始写入数据...
2026-03-08 22:35:56,088 - INFO - 成功写入 5 条记录至 /home/wen/work/coup_spread/gzc-impl/results/network.netDog/2026-3-9/random_SSRNum-50000-_seedNum-100_simuTimes-500.csv
2026-03-08 22:35:56,090 - INFO - 保存评估文件至: /home/wen/work/coup_spread/gzc-impl/results/network.netDog/2026-3-9/random_SSRNum-50000-_seedNum-100_simuTimes-500.csv
2026-03-08 22:35:56,106 - INFO - 加载数据集: network.netDog
2026-03-08 22:35:56,107 - INFO - --- 矩阵分析 ---
2026-03-08 22:35:56,107 - INFO - 节点数 (N): 4502
2026-03-08 22:35:56,107 - INFO - 边数 (E): 29580
2026-03-08 22:35:56,107 - INFO - 密度 (Density): 0.00145944 (越小越稀疏)
2026-03-08 22:35:56,107 - INFO - 稀疏度 (Sparsity): 0.99854056 (越接近1越稀疏)
2026-03-08 22:35:56,107 - INFO - 平均度数 (Avg Degree): 6.57
2026-03-08 22:35:56,107 - INFO - >>> 正在注入完美对抗属性（验证三条定理）...
2026-03-08 22:35:56,150 - INFO - 首次生成种子集 random
2026-03-08 22:35:56,150 - INFO - 执行当前算法开始: random
2026-03-08 22:35:56,150 - INFO - 数据集节点总数:  n = 4502, m = 125
2026-03-08 22:35:56,150 - INFO - 选择 125  [1264, 2446, 1951, 2078, 3590, 3048, 1585, 760, 3043, 4031, 3201, 1841, 3871, 3489, 433, 3958, 278, 2070, 1411, 868, 4309, 3251, 2093, 3635, 1864, 359, 3673, 1569, 3501, 1525, 4147, 3298, 920, 1034, 1872, 4311, 4063, 2928, 1540, 600, 1122, 541, 3758, 3538, 2715, 767, 2443, 2851, 4182, 2513, 3587, 1547, 1785, 2053, 1821, 3364, 3633, 1741, 561, 3195, 352, 450, 2918, 968, 2528, 1654, 1596, 592, 2783, 3595, 1141, 3905, 375, 1332, 1265, 4376, 3887, 2853, 3551, 3019, 1261, 3481, 2031, 3345, 1499, 3145, 2837, 897, 2062, 3903, 564, 1782, 3065, 1405, 3245, 2411, 3348, 335, 573, 3868, 1327, 3467, 1522, 2182, 2682, 2582, 3952, 3354, 2847, 4357, 32, 2224, 4495, 3980, 3880, 2696, 1310, 1674, 2431, 4072, 1444, 3324, 2482, 1023, 1487]

2026-03-08 22:35:56,150 - INFO - 当前用时 0.00 秒
2026-03-08 22:35:56,150 - INFO - 将种子集 写入位置: /home/wen/work/coup_spread/network.netDog/2026-3-9/seeds-with-network.netDog/random_random_seedNum-125_SSRNum-50000.txt
2026-03-08 22:35:56,150 - INFO - 首次生成种子集 degreeTopM
2026-03-08 22:35:56,150 - INFO - 执行当前算法开始: degreeTopM
2026-03-08 22:35:56,150 - INFO - 依据: 选择连接数（度数）最多的节点。
2026-03-08 22:35:56,151 - INFO - 选择的 Top M 节点及其度数:
2026-03-08 22:35:56,151 - INFO - 
2026-03-08 22:35:56,151 - INFO - 当前用时 0.00 秒
2026-03-08 22:35:56,151 - INFO - 将种子集 写入位置: /home/wen/work/coup_spread/network.netDog/2026-3-9/seeds-with-network.netDog/random_degreeTopM_seedNum-125_SSRNum-50000.txt
2026-03-08 22:35:56,151 - INFO - 首次生成种子集 pageRank
2026-03-08 22:35:56,151 - INFO - 执行当前算法开始: pageRank
2026-03-08 22:35:56,151 - INFO - --- Running: PageRank (on tranProMatrix) Top M ---
2026-03-08 22:35:56,410 - INFO - Selected PageRank seeds: [79, 135, 83, 16, 45, 133, 243, 36, 33, 12, 2, 125, 4, 167, 38, 77, 19, 17, 128, 129, 62, 329, 13, 35, 294, 14, 414, 318, 162, 26, 37, 15, 93, 46, 192, 61, 164, 279, 359, 120, 693, 123, 934, 52, 755, 254, 221, 127, 107, 208, 91, 183, 264, 152, 291, 223, 141, 316, 435, 324, 98, 44, 632, 8, 207, 681, 1157, 405, 104, 142, 150, 263, 916, 169, 583, 237, 261, 228, 1080, 526, 440, 165, 274, 22, 832, 811, 224, 292, 273, 564, 980, 54, 502, 112, 347, 173, 23, 1110, 1047, 194, 1018, 570, 976, 385, 1141, 235, 922, 615, 761, 262, 497, 63, 655, 812, 64, 616, 60, 301, 24, 298, 372, 248, 1287, 730, 960]
2026-03-08 22:35:56,410 - INFO - 当前用时 0.26 秒
2026-03-08 22:35:56,411 - INFO - 将种子集 写入位置: /home/wen/work/coup_spread/network.netDog/2026-3-9/seeds-with-network.netDog/random_pageRank_seedNum-125_SSRNum-50000.txt
2026-03-08 22:35:56,411 - INFO - 首次生成种子集 alpha_sort
2026-03-08 22:35:56,411 - INFO - 执行当前算法开始: alpha_sort
2026-03-08 22:35:56,412 - INFO - 4502 个节点的alpha值降序排序 done
2026-03-08 22:35:56,412 - INFO - ==============>> [(3602, np.float64(0.3)), (3603, np.float64(0.3)), (3604, np.float64(0.3)), (3605, np.float64(0.3)), (3606, np.float64(0.3)), (3607, np.float64(0.3)), (3608, np.float64(0.3)), (3609, np.float64(0.3)), (3610, np.float64(0.3)), (3611, np.float64(0.3))]
2026-03-08 22:35:56,412 - INFO - 
选择的种子集 (按alpha排序): [3602, 3603, 3604, 3605, 3606, 3607, 3608, 3609, 3610, 3611, 3612, 3613, 3614, 3615, 3616, 3617, 3618, 3619, 3620, 3621, 3622, 3623, 3624, 3625, 3626, 3627, 3628, 3629, 3630, 3631, 3632, 3633, 3634, 3635, 3636, 3637, 3638, 3639, 3640, 3641, 3642, 3643, 3644, 3645, 3646, 3647, 3648, 3649, 3650, 3651, 3652, 3653, 3654, 3655, 3656, 3657, 3658, 3659, 3660, 3661, 3662, 3663, 3664, 3665, 3666, 3667, 3668, 3669, 3670, 3671, 3672, 3673, 3674, 3675, 3676, 3677, 3678, 3679, 3680, 3681, 3682, 3683, 3684, 3685, 3686, 3687, 3688, 3689, 3690, 3691, 3692, 3693, 3694, 3695, 3696, 3697, 3698, 3699, 3700, 3701, 3702, 3703, 3704, 3705, 3706, 3707, 3708, 3709, 3710, 3711, 3712, 3713, 3714, 3715, 3716, 3717, 3718, 3719, 3720, 3721, 3722, 3723, 3724, 3725, 3726]

2026-03-08 22:35:56,412 - INFO - 当前用时 0.00 秒
2026-03-08 22:35:56,412 - INFO - 将种子集 写入位置: /home/wen/work/coup_spread/network.netDog/2026-3-9/seeds-with-network.netDog/random_alpha_sort_seedNum-125_SSRNum-50000.txt
2026-03-08 22:35:56,413 - INFO - 首次生成种子集 ris_optimized
2026-03-08 22:35:56,413 - INFO - 执行当前算法开始: ris_optimized
2026-03-08 22:35:56,639 - INFO - 图初始化完成，节点数: 4502，当前模式: 优化采样
2026-03-08 22:35:56,639 - INFO - 开始生成 50000 组多重RR-Set...
2026-03-08 22:36:18,225 - INFO - 生成完毕。耗时: 21.59 秒。
2026-03-08 22:36:18,235 - INFO - 开始基于多重RR集贪心选择最优种子...
2026-03-08 22:36:22,724 - INFO - 选种完毕。耗时: 4.49 秒。估算范围: 197.01
2026-03-08 22:36:23,501 - INFO - 当前用时 27.09 秒
2026-03-08 22:36:23,502 - INFO - 将种子集 写入位置: /home/wen/work/coup_spread/network.netDog/2026-3-9/seeds-with-network.netDog/random_ris_optimized_seedNum-125_SSRNum-50000.txt
2026-03-08 22:36:23,503 - INFO - 评估种子集: None
2026-03-08 22:36:23,503 - INFO - 多进程评估开始，共有 5 个方法待评估...
2026-03-08 22:36:23,503 - INFO - 启动进程池，Worker数量: 5
2026-03-08 22:36:24,222 - INFO - [Process 3667619] 开始评估方法: random, 种子数: 125
2026-03-08 22:36:24,779 - INFO - [Process 3667620] 开始评估方法: degreeTopM, 种子数: 125
2026-03-08 22:36:25,353 - INFO - [Process 3667621] 开始评估方法: pageRank, 种子数: 125
2026-03-08 22:36:25,924 - INFO - [Process 3667622] 开始评估方法: alpha_sort, 种子数: 125
2026-03-08 22:36:26,491 - INFO - [Process 3667623] 开始评估方法: ris_optimized, 种子数: 125
2026-03-08 22:36:28,236 - INFO - [alpha_sort - 种子:125] 拉新:56.2人 | 总销量:56.7单 | 品牌曝光:217.3次 | 🌟综合得分:78.2
2026-03-08 22:36:32,115 - INFO - [random - 种子:125] 拉新:87.4人 | 总销量:91.6单 | 品牌曝光:452.9次 | 🌟综合得分:134.8
2026-03-08 22:36:34,068 - INFO - [degreeTopM - 种子:125] 拉新:94.7人 | 总销量:103.4单 | 品牌曝光:512.9次 | 🌟综合得分:150.3
2026-03-08 22:36:34,532 - INFO - [pageRank - 种子:125] 拉新:94.2人 | 总销量:102.7单 | 品牌曝光:509.3次 | 🌟综合得分:149.3
2026-03-08 22:36:35,904 - INFO - [ris_optimized - 种子:125] 拉新:100.7人 | 总销量:105.9单 | 品牌曝光:524.9次 | 🌟综合得分:155.8
2026-03-08 22:36:35,942 - INFO - 所有进程执行完毕，开始写入数据...
2026-03-08 22:36:35,952 - INFO - 成功写入 5 条记录至 /home/wen/work/coup_spread/gzc-impl/results/network.netDog/2026-3-9/random_SSRNum-50000-_seedNum-125_simuTimes-500.csv
2026-03-08 22:36:35,953 - INFO - 保存评估文件至: /home/wen/work/coup_spread/gzc-impl/results/network.netDog/2026-3-9/random_SSRNum-50000-_seedNum-125_simuTimes-500.csv
2026-03-08 22:36:35,971 - INFO - 加载数据集: network.netDog
2026-03-08 22:36:35,972 - INFO - --- 矩阵分析 ---
2026-03-08 22:36:35,972 - INFO - 节点数 (N): 4502
2026-03-08 22:36:35,972 - INFO - 边数 (E): 29580
2026-03-08 22:36:35,972 - INFO - 密度 (Density): 0.00145944 (越小越稀疏)
2026-03-08 22:36:35,972 - INFO - 稀疏度 (Sparsity): 0.99854056 (越接近1越稀疏)
2026-03-08 22:36:35,972 - INFO - 平均度数 (Avg Degree): 6.57
2026-03-08 22:36:35,972 - INFO - >>> 正在注入完美对抗属性（验证三条定理）...
2026-03-08 22:36:36,015 - INFO - 首次生成种子集 random
2026-03-08 22:36:36,015 - INFO - 执行当前算法开始: random
2026-03-08 22:36:36,015 - INFO - 数据集节点总数:  n = 4502, m = 150
2026-03-08 22:36:36,015 - INFO - 选择 150  [1602, 4246, 417, 2500, 3327, 1411, 4037, 2337, 4110, 1391, 2049, 3320, 3463, 298, 228, 252, 1575, 983, 1221, 4077, 3167, 3177, 1694, 1918, 3174, 3698, 2948, 287, 416, 3720, 2213, 4005, 808, 4453, 1743, 4146, 3311, 1131, 1524, 871, 3793, 4152, 4038, 2344, 4022, 2548, 2654, 3385, 1351, 2103, 4497, 3278, 90, 1480, 4104, 1523, 3317, 3722, 1724, 322, 3528, 1870, 4101, 4174, 1551, 944, 3576, 2860, 3990, 3893, 2444, 4257, 3300, 1426, 2193, 2549, 2495, 2612, 4239, 3011, 182, 3059, 794, 111, 347, 615, 3286, 1883, 506, 3660, 2801, 1423, 2203, 891, 1908, 3466, 1904, 1506, 58, 3906, 2652, 1584, 2277, 758, 2505, 2557, 1450, 47, 3639, 3462, 2998, 3769, 2229, 3506, 1153, 89, 757, 266, 2356, 2121, 2090, 459, 1418, 290, 2162, 1182, 2188, 2125, 3573, 3678, 1337, 4304, 1751, 2810, 633, 2076, 1806, 4379, 783, 805, 565, 1111, 2963, 223, 3547, 1046, 3844, 3960, 3019, 3718]

2026-03-08 22:36:36,015 - INFO - 当前用时 0.00 秒
2026-03-08 22:36:36,015 - INFO - 将种子集 写入位置: /home/wen/work/coup_spread/network.netDog/2026-3-9/seeds-with-network.netDog/random_random_seedNum-150_SSRNum-50000.txt
2026-03-08 22:36:36,016 - INFO - 首次生成种子集 degreeTopM
2026-03-08 22:36:36,016 - INFO - 执行当前算法开始: degreeTopM
2026-03-08 22:36:36,016 - INFO - 依据: 选择连接数（度数）最多的节点。
2026-03-08 22:36:36,016 - INFO - 选择的 Top M 节点及其度数:
2026-03-08 22:36:36,016 - INFO - 
2026-03-08 22:36:36,016 - INFO - 当前用时 0.00 秒
2026-03-08 22:36:36,016 - INFO - 将种子集 写入位置: /home/wen/work/coup_spread/network.netDog/2026-3-9/seeds-with-network.netDog/random_degreeTopM_seedNum-150_SSRNum-50000.txt
2026-03-08 22:36:36,017 - INFO - 首次生成种子集 pageRank
2026-03-08 22:36:36,017 - INFO - 执行当前算法开始: pageRank
2026-03-08 22:36:36,017 - INFO - --- Running: PageRank (on tranProMatrix) Top M ---
2026-03-08 22:36:36,281 - INFO - Selected PageRank seeds: [79, 135, 83, 16, 45, 133, 243, 36, 33, 12, 2, 125, 4, 167, 38, 77, 19, 17, 128, 129, 62, 329, 13, 35, 294, 14, 414, 318, 162, 26, 37, 15, 93, 46, 192, 61, 164, 279, 359, 120, 693, 123, 934, 52, 755, 254, 221, 127, 107, 208, 91, 183, 264, 152, 291, 223, 141, 316, 435, 324, 98, 44, 632, 8, 207, 681, 1157, 405, 104, 142, 150, 263, 916, 169, 583, 237, 261, 228, 1080, 526, 440, 165, 274, 22, 832, 811, 224, 292, 273, 564, 980, 54, 502, 112, 347, 173, 23, 1110, 1047, 194, 1018, 570, 976, 385, 1141, 235, 922, 615, 761, 262, 497, 63, 655, 812, 64, 616, 60, 301, 24, 298, 372, 248, 1287, 730, 960, 869, 72, 240, 594, 131, 238, 53, 280, 1081, 1392, 1419, 182, 784, 86, 1241, 1528, 929, 463, 419, 399, 687, 1418, 870, 1298, 1076]
2026-03-08 22:36:36,281 - INFO - 当前用时 0.26 秒
2026-03-08 22:36:36,281 - INFO - 将种子集 写入位置: /home/wen/work/coup_spread/network.netDog/2026-3-9/seeds-with-network.netDog/random_pageRank_seedNum-150_SSRNum-50000.txt
2026-03-08 22:36:36,282 - INFO - 首次生成种子集 alpha_sort
2026-03-08 22:36:36,282 - INFO - 执行当前算法开始: alpha_sort
2026-03-08 22:36:36,282 - INFO - 4502 个节点的alpha值降序排序 done
2026-03-08 22:36:36,282 - INFO - ==============>> [(3602, np.float64(0.3)), (3603, np.float64(0.3)), (3604, np.float64(0.3)), (3605, np.float64(0.3)), (3606, np.float64(0.3)), (3607, np.float64(0.3)), (3608, np.float64(0.3)), (3609, np.float64(0.3)), (3610, np.float64(0.3)), (3611, np.float64(0.3))]
2026-03-08 22:36:36,282 - INFO - 
选择的种子集 (按alpha排序): [3602, 3603, 3604, 3605, 3606, 3607, 3608, 3609, 3610, 3611, 3612, 3613, 3614, 3615, 3616, 3617, 3618, 3619, 3620, 3621, 3622, 3623, 3624, 3625, 3626, 3627, 3628, 3629, 3630, 3631, 3632, 3633, 3634, 3635, 3636, 3637, 3638, 3639, 3640, 3641, 3642, 3643, 3644, 3645, 3646, 3647, 3648, 3649, 3650, 3651, 3652, 3653, 3654, 3655, 3656, 3657, 3658, 3659, 3660, 3661, 3662, 3663, 3664, 3665, 3666, 3667, 3668, 3669, 3670, 3671, 3672, 3673, 3674, 3675, 3676, 3677, 3678, 3679, 3680, 3681, 3682, 3683, 3684, 3685, 3686, 3687, 3688, 3689, 3690, 3691, 3692, 3693, 3694, 3695, 3696, 3697, 3698, 3699, 3700, 3701, 3702, 3703, 3704, 3705, 3706, 3707, 3708, 3709, 3710, 3711, 3712, 3713, 3714, 3715, 3716, 3717, 3718, 3719, 3720, 3721, 3722, 3723, 3724, 3725, 3726, 3727, 3728, 3729, 3730, 3731, 3732, 3733, 3734, 3735, 3736, 3737, 3738, 3739, 3740, 3741, 3742, 3743, 3744, 3745, 3746, 3747, 3748, 3749, 3750, 3751]

2026-03-08 22:36:36,283 - INFO - 当前用时 0.00 秒
2026-03-08 22:36:36,283 - INFO - 将种子集 写入位置: /home/wen/work/coup_spread/network.netDog/2026-3-9/seeds-with-network.netDog/random_alpha_sort_seedNum-150_SSRNum-50000.txt
2026-03-08 22:36:36,283 - INFO - 首次生成种子集 ris_optimized
2026-03-08 22:36:36,283 - INFO - 执行当前算法开始: ris_optimized
2026-03-08 22:36:36,510 - INFO - 图初始化完成，节点数: 4502，当前模式: 优化采样
2026-03-08 22:36:36,510 - INFO - 开始生成 50000 组多重RR-Set...
2026-03-08 22:37:00,103 - INFO - 生成完毕。耗时: 23.59 秒。
2026-03-08 22:37:00,116 - INFO - 开始基于多重RR集贪心选择最优种子...
2026-03-08 22:37:05,467 - INFO - 选种完毕。耗时: 5.35 秒。估算范围: 233.56
2026-03-08 22:37:06,334 - INFO - 当前用时 30.05 秒
2026-03-08 22:37:06,335 - INFO - 将种子集 写入位置: /home/wen/work/coup_spread/network.netDog/2026-3-9/seeds-with-network.netDog/random_ris_optimized_seedNum-150_SSRNum-50000.txt
2026-03-08 22:37:06,336 - INFO - 评估种子集: None
2026-03-08 22:37:06,336 - INFO - 多进程评估开始，共有 5 个方法待评估...
2026-03-08 22:37:06,336 - INFO - 启动进程池，Worker数量: 5
2026-03-08 22:37:07,071 - INFO - [Process 3668258] 开始评估方法: random, 种子数: 150
2026-03-08 22:37:07,642 - INFO - [Process 3668259] 开始评估方法: degreeTopM, 种子数: 150
2026-03-08 22:37:08,241 - INFO - [Process 3668260] 开始评估方法: pageRank, 种子数: 150
2026-03-08 22:37:08,840 - INFO - [Process 3668261] 开始评估方法: alpha_sort, 种子数: 150
2026-03-08 22:37:09,425 - INFO - [Process 3668262] 开始评估方法: ris_optimized, 种子数: 150
2026-03-08 22:37:11,794 - INFO - [alpha_sort - 种子:150] 拉新:67.3人 | 总销量:68.0单 | 品牌曝光:260.4次 | 🌟综合得分:93.7
2026-03-08 22:37:16,507 - INFO - [random - 种子:150] 拉新:103.0人 | 总销量:108.6单 | 品牌曝光:538.0次 | 🌟综合得分:159.6
2026-03-08 22:37:18,894 - INFO - [degreeTopM - 种子:150] 拉新:112.0人 | 总销量:124.1单 | 品牌曝光:616.9次 | 🌟综合得分:179.7
2026-03-08 22:37:19,071 - INFO - [pageRank - 种子:150] 拉新:112.4人 | 总销量:123.8单 | 品牌曝光:614.1次 | 🌟综合得分:179.5
2026-03-08 22:37:20,804 - INFO - [ris_optimized - 种子:150] 拉新:119.7人 | 总销量:127.6单 | 品牌曝光:632.4次 | 🌟综合得分:186.9
2026-03-08 22:37:20,842 - INFO - 所有进程执行完毕，开始写入数据...
2026-03-08 22:37:20,855 - INFO - 成功写入 5 条记录至 /home/wen/work/coup_spread/gzc-impl/results/network.netDog/2026-3-9/random_SSRNum-50000-_seedNum-150_simuTimes-500.csv
2026-03-08 22:37:20,856 - INFO - 保存评估文件至: /home/wen/work/coup_spread/gzc-impl/results/network.netDog/2026-3-9/random_SSRNum-50000-_seedNum-150_simuTimes-500.csv
2026-03-08 22:37:20,873 - INFO - 加载数据集: network.netDog
2026-03-08 22:37:20,874 - INFO - --- 矩阵分析 ---
2026-03-08 22:37:20,874 - INFO - 节点数 (N): 4502
2026-03-08 22:37:20,874 - INFO - 边数 (E): 29580
2026-03-08 22:37:20,875 - INFO - 密度 (Density): 0.00145944 (越小越稀疏)
2026-03-08 22:37:20,875 - INFO - 稀疏度 (Sparsity): 0.99854056 (越接近1越稀疏)
2026-03-08 22:37:20,875 - INFO - 平均度数 (Avg Degree): 6.57
2026-03-08 22:37:20,875 - INFO - >>> 正在注入完美对抗属性（验证三条定理）...
2026-03-08 22:37:20,917 - INFO - 首次生成种子集 random
2026-03-08 22:37:20,917 - INFO - 执行当前算法开始: random
2026-03-08 22:37:20,917 - INFO - 数据集节点总数:  n = 4502, m = 175
2026-03-08 22:37:20,918 - INFO - 选择 175  [3925, 1382, 263, 3540, 2830, 654, 1896, 2364, 4214, 3934, 1681, 1635, 1757, 2745, 4414, 2479, 649, 72, 3963, 2107, 3689, 1292, 3130, 4483, 2481, 3074, 3169, 1313, 356, 3694, 3927, 2696, 1795, 2077, 942, 636, 667, 2531, 407, 4467, 1960, 1479, 4068, 1078, 2505, 3937, 1338, 4395, 3693, 2459, 1432, 2186, 1100, 156, 4192, 2162, 3274, 3372, 4421, 2720, 1686, 2405, 551, 4457, 4283, 633, 2358, 4436, 3450, 582, 2976, 4375, 4341, 311, 4361, 1191, 1195, 4419, 160, 3304, 2516, 2269, 2151, 1353, 2296, 4022, 1569, 2611, 2365, 3555, 3020, 4408, 1161, 859, 1654, 4498, 363, 2166, 2618, 2897, 1998, 3514, 3067, 1737, 1438, 1824, 2455, 2409, 1350, 4010, 1344, 1827, 2234, 2883, 1930, 1886, 619, 3371, 1913, 4085, 126, 3120, 4136, 2686, 2777, 3761, 202, 1761, 1842, 4033, 2699, 3523, 1294, 3478, 3758, 1275, 3966, 1024, 3218, 538, 471, 4276, 2723, 262, 4155, 4244, 3893, 2382, 3979, 4332, 2817, 3060, 1298, 1542, 1339, 1784, 3027, 2136, 2491, 3212, 203, 438, 1546, 3672, 1627, 3049, 4061, 3444, 428, 3148, 4237, 3128, 2697, 4223, 553]

2026-03-08 22:37:20,918 - INFO - 当前用时 0.00 秒
2026-03-08 22:37:20,918 - INFO - 将种子集 写入位置: /home/wen/work/coup_spread/network.netDog/2026-3-9/seeds-with-network.netDog/random_random_seedNum-175_SSRNum-50000.txt
2026-03-08 22:37:20,918 - INFO - 首次生成种子集 degreeTopM
2026-03-08 22:37:20,918 - INFO - 执行当前算法开始: degreeTopM
2026-03-08 22:37:20,918 - INFO - 依据: 选择连接数（度数）最多的节点。
2026-03-08 22:37:20,919 - INFO - 选择的 Top M 节点及其度数:
2026-03-08 22:37:20,919 - INFO - 
2026-03-08 22:37:20,919 - INFO - 当前用时 0.00 秒
2026-03-08 22:37:20,919 - INFO - 将种子集 写入位置: /home/wen/work/coup_spread/network.netDog/2026-3-9/seeds-with-network.netDog/random_degreeTopM_seedNum-175_SSRNum-50000.txt
2026-03-08 22:37:20,919 - INFO - 首次生成种子集 pageRank
2026-03-08 22:37:20,919 - INFO - 执行当前算法开始: pageRank
2026-03-08 22:37:20,919 - INFO - --- Running: PageRank (on tranProMatrix) Top M ---
2026-03-08 22:37:21,185 - INFO - Selected PageRank seeds: [79, 135, 83, 16, 45, 133, 243, 36, 33, 12, 2, 125, 4, 167, 38, 77, 19, 17, 128, 129, 62, 329, 13, 35, 294, 14, 414, 318, 162, 26, 37, 15, 93, 46, 192, 61, 164, 279, 359, 120, 693, 123, 934, 52, 755, 254, 221, 127, 107, 208, 91, 183, 264, 152, 291, 223, 141, 316, 435, 324, 98, 44, 632, 8, 207, 681, 1157, 405, 104, 142, 150, 263, 916, 169, 583, 237, 261, 228, 1080, 526, 440, 165, 274, 22, 832, 811, 224, 292, 273, 564, 980, 54, 502, 112, 347, 173, 23, 1110, 1047, 194, 1018, 570, 976, 385, 1141, 235, 922, 615, 761, 262, 497, 63, 655, 812, 64, 616, 60, 301, 24, 298, 372, 248, 1287, 730, 960, 869, 72, 240, 594, 131, 238, 53, 280, 1081, 1392, 1419, 182, 784, 86, 1241, 1528, 929, 463, 419, 399, 687, 1418, 870, 1298, 1076, 1785, 1683, 58, 236, 239, 536, 352, 295, 55, 566, 88, 456, 376, 271, 299, 940, 156, 234, 576, 364, 477, 1543, 73, 596, 524]
2026-03-08 22:37:21,186 - INFO - 当前用时 0.27 秒
2026-03-08 22:37:21,186 - INFO - 将种子集 写入位置: /home/wen/work/coup_spread/network.netDog/2026-3-9/seeds-with-network.netDog/random_pageRank_seedNum-175_SSRNum-50000.txt
2026-03-08 22:37:21,186 - INFO - 首次生成种子集 alpha_sort
2026-03-08 22:37:21,186 - INFO - 执行当前算法开始: alpha_sort
2026-03-08 22:37:21,187 - INFO - 4502 个节点的alpha值降序排序 done
2026-03-08 22:37:21,187 - INFO - ==============>> [(3602, np.float64(0.3)), (3603, np.float64(0.3)), (3604, np.float64(0.3)), (3605, np.float64(0.3)), (3606, np.float64(0.3)), (3607, np.float64(0.3)), (3608, np.float64(0.3)), (3609, np.float64(0.3)), (3610, np.float64(0.3)), (3611, np.float64(0.3))]
2026-03-08 22:37:21,187 - INFO - 
选择的种子集 (按alpha排序): [3602, 3603, 3604, 3605, 3606, 3607, 3608, 3609, 3610, 3611, 3612, 3613, 3614, 3615, 3616, 3617, 3618, 3619, 3620, 3621, 3622, 3623, 3624, 3625, 3626, 3627, 3628, 3629, 3630, 3631, 3632, 3633, 3634, 3635, 3636, 3637, 3638, 3639, 3640, 3641, 3642, 3643, 3644, 3645, 3646, 3647, 3648, 3649, 3650, 3651, 3652, 3653, 3654, 3655, 3656, 3657, 3658, 3659, 3660, 3661, 3662, 3663, 3664, 3665, 3666, 3667, 3668, 3669, 3670, 3671, 3672, 3673, 3674, 3675, 3676, 3677, 3678, 3679, 3680, 3681, 3682, 3683, 3684, 3685, 3686, 3687, 3688, 3689, 3690, 3691, 3692, 3693, 3694, 3695, 3696, 3697, 3698, 3699, 3700, 3701, 3702, 3703, 3704, 3705, 3706, 3707, 3708, 3709, 3710, 3711, 3712, 3713, 3714, 3715, 3716, 3717, 3718, 3719, 3720, 3721, 3722, 3723, 3724, 3725, 3726, 3727, 3728, 3729, 3730, 3731, 3732, 3733, 3734, 3735, 3736, 3737, 3738, 3739, 3740, 3741, 3742, 3743, 3744, 3745, 3746, 3747, 3748, 3749, 3750, 3751, 3752, 3753, 3754, 3755, 3756, 3757, 3758, 3759, 3760, 3761, 3762, 3763, 3764, 3765, 3766, 3767, 3768, 3769, 3770, 3771, 3772, 3773, 3774, 3775, 3776]

2026-03-08 22:37:21,187 - INFO - 当前用时 0.00 秒
2026-03-08 22:37:21,187 - INFO - 将种子集 写入位置: /home/wen/work/coup_spread/network.netDog/2026-3-9/seeds-with-network.netDog/random_alpha_sort_seedNum-175_SSRNum-50000.txt
2026-03-08 22:37:21,188 - INFO - 首次生成种子集 ris_optimized
2026-03-08 22:37:21,188 - INFO - 执行当前算法开始: ris_optimized
2026-03-08 22:37:21,415 - INFO - 图初始化完成，节点数: 4502，当前模式: 优化采样
2026-03-08 22:37:21,415 - INFO - 开始生成 50000 组多重RR-Set...
2026-03-08 22:37:49,942 - INFO - 生成完毕。耗时: 28.53 秒。
2026-03-08 22:37:49,961 - INFO - 开始基于多重RR集贪心选择最优种子...
2026-03-08 22:37:58,581 - INFO - 选种完毕。耗时: 8.62 秒。估算范围: 269.31
2026-03-08 22:37:59,875 - INFO - 当前用时 38.69 秒
2026-03-08 22:37:59,876 - INFO - 将种子集 写入位置: /home/wen/work/coup_spread/network.netDog/2026-3-9/seeds-with-network.netDog/random_ris_optimized_seedNum-175_SSRNum-50000.txt
2026-03-08 22:37:59,877 - INFO - 评估种子集: None
2026-03-08 22:37:59,877 - INFO - 多进程评估开始，共有 5 个方法待评估...
2026-03-08 22:37:59,877 - INFO - 启动进程池，Worker数量: 5
2026-03-08 22:38:00,636 - INFO - [Process 3669330] 开始评估方法: random, 种子数: 175
2026-03-08 22:38:01,219 - INFO - [Process 3669331] 开始评估方法: degreeTopM, 种子数: 175
2026-03-08 22:38:01,795 - INFO - [Process 3669332] 开始评估方法: pageRank, 种子数: 175
2026-03-08 22:38:02,383 - INFO - [Process 3669333] 开始评估方法: alpha_sort, 种子数: 175
2026-03-08 22:38:02,966 - INFO - [Process 3669334] 开始评估方法: ris_optimized, 种子数: 175
2026-03-08 22:38:05,677 - INFO - [alpha_sort - 种子:175] 拉新:78.4人 | 总销量:79.5单 | 品牌曝光:304.2次 | 🌟综合得分:109.3
2026-03-08 22:38:11,573 - INFO - [random - 种子:175] 拉新:115.0人 | 总销量:121.6单 | 品牌曝光:608.7次 | 🌟综合得分:179.2
2026-03-08 22:38:14,615 - INFO - [degreeTopM - 种子:175] 拉新:129.8人 | 总销量:145.6单 | 品牌曝光:723.2次 | 🌟综合得分:210.0
2026-03-08 22:38:15,115 - INFO - [pageRank - 种子:175] 拉新:129.8人 | 总销量:144.7单 | 品牌曝光:718.6次 | 🌟综合得分:209.1
2026-03-08 22:38:16,536 - INFO - [ris_optimized - 种子:175] 拉新:138.9人 | 总销量:149.3单 | 品牌曝光:741.5次 | 🌟综合得分:218.2
2026-03-08 22:38:16,582 - INFO - 所有进程执行完毕，开始写入数据...
2026-03-08 22:38:16,594 - INFO - 成功写入 5 条记录至 /home/wen/work/coup_spread/gzc-impl/results/network.netDog/2026-3-9/random_SSRNum-50000-_seedNum-175_simuTimes-500.csv
2026-03-08 22:38:16,595 - INFO - 保存评估文件至: /home/wen/work/coup_spread/gzc-impl/results/network.netDog/2026-3-9/random_SSRNum-50000-_seedNum-175_simuTimes-500.csv
2026-03-08 22:38:16,620 - INFO - 加载数据集: network.netDog
2026-03-08 22:38:16,621 - INFO - --- 矩阵分析 ---
2026-03-08 22:38:16,621 - INFO - 节点数 (N): 4502
2026-03-08 22:38:16,621 - INFO - 边数 (E): 29580
2026-03-08 22:38:16,621 - INFO - 密度 (Density): 0.00145944 (越小越稀疏)
2026-03-08 22:38:16,621 - INFO - 稀疏度 (Sparsity): 0.99854056 (越接近1越稀疏)
2026-03-08 22:38:16,621 - INFO - 平均度数 (Avg Degree): 6.57
2026-03-08 22:38:16,621 - INFO - >>> 正在注入完美对抗属性（验证三条定理）...
2026-03-08 22:38:16,663 - INFO - 首次生成种子集 random
2026-03-08 22:38:16,663 - INFO - 执行当前算法开始: random
2026-03-08 22:38:16,663 - INFO - 数据集节点总数:  n = 4502, m = 200
2026-03-08 22:38:16,664 - INFO - 选择 200  [2921, 3624, 1233, 1659, 1284, 2554, 3736, 1637, 2221, 1973, 1208, 463, 3398, 1350, 2388, 204, 302, 768, 4403, 2200, 377, 1449, 4101, 1754, 2973, 2280, 400, 4227, 3350, 1906, 4264, 1550, 3090, 4003, 4209, 4275, 2306, 2351, 2519, 2792, 4120, 103, 4455, 3134, 927, 1322, 3623, 1528, 2698, 3036, 297, 4070, 3107, 4225, 3868, 3596, 1771, 2467, 2290, 3394, 2800, 544, 3747, 3396, 1349, 984, 4449, 3693, 1559, 3232, 1149, 4050, 3079, 2582, 4328, 2620, 3038, 2525, 2597, 4126, 2922, 2694, 55, 2013, 981, 3359, 1782, 189, 4390, 1631, 115, 2515, 3782, 4458, 2617, 1126, 2240, 3641, 415, 560, 869, 2626, 250, 4125, 876, 4285, 3193, 1854, 348, 2639, 3898, 949, 1850, 176, 1734, 3787, 3727, 2809, 3380, 2212, 2403, 513, 645, 2328, 2672, 3415, 1214, 3089, 3348, 1749, 2864, 3663, 3796, 808, 3689, 1840, 444, 2917, 4066, 3722, 1397, 523, 2078, 59, 2319, 1047, 2817, 695, 3709, 4283, 2471, 673, 2671, 3467, 3844, 4189, 591, 251, 3635, 87, 2906, 2088, 1513, 4500, 1647, 4409, 227, 3293, 2948, 3558, 3248, 3516, 3751, 985, 218, 3169, 823, 1494, 4253, 4436, 4166, 3496, 4118, 1616, 3731, 2308, 633, 1746, 1508, 3301, 3804, 3776, 2661, 2357, 1337, 1283, 1358, 3759, 1794, 2195]

2026-03-08 22:38:16,664 - INFO - 当前用时 0.00 秒
2026-03-08 22:38:16,664 - INFO - 将种子集 写入位置: /home/wen/work/coup_spread/network.netDog/2026-3-9/seeds-with-network.netDog/random_random_seedNum-200_SSRNum-50000.txt
2026-03-08 22:38:16,664 - INFO - 首次生成种子集 degreeTopM
2026-03-08 22:38:16,664 - INFO - 执行当前算法开始: degreeTopM
2026-03-08 22:38:16,664 - INFO - 依据: 选择连接数（度数）最多的节点。
2026-03-08 22:38:16,664 - INFO - 选择的 Top M 节点及其度数:
2026-03-08 22:38:16,665 - INFO - 
2026-03-08 22:38:16,665 - INFO - 当前用时 0.00 秒
2026-03-08 22:38:16,665 - INFO - 将种子集 写入位置: /home/wen/work/coup_spread/network.netDog/2026-3-9/seeds-with-network.netDog/random_degreeTopM_seedNum-200_SSRNum-50000.txt
2026-03-08 22:38:16,665 - INFO - 首次生成种子集 pageRank
2026-03-08 22:38:16,665 - INFO - 执行当前算法开始: pageRank
2026-03-08 22:38:16,665 - INFO - --- Running: PageRank (on tranProMatrix) Top M ---
2026-03-08 22:38:16,931 - INFO - Selected PageRank seeds: [79, 135, 83, 16, 45, 133, 243, 36, 33, 12, 2, 125, 4, 167, 38, 77, 19, 17, 128, 129, 62, 329, 13, 35, 294, 14, 414, 318, 162, 26, 37, 15, 93, 46, 192, 61, 164, 279, 359, 120, 693, 123, 934, 52, 755, 254, 221, 127, 107, 208, 91, 183, 264, 152, 291, 223, 141, 316, 435, 324, 98, 44, 632, 8, 207, 681, 1157, 405, 104, 142, 150, 263, 916, 169, 583, 237, 261, 228, 1080, 526, 440, 165, 274, 22, 832, 811, 224, 292, 273, 564, 980, 54, 502, 112, 347, 173, 23, 1110, 1047, 194, 1018, 570, 976, 385, 1141, 235, 922, 615, 761, 262, 497, 63, 655, 812, 64, 616, 60, 301, 24, 298, 372, 248, 1287, 730, 960, 869, 72, 240, 594, 131, 238, 53, 280, 1081, 1392, 1419, 182, 784, 86, 1241, 1528, 929, 463, 419, 399, 687, 1418, 870, 1298, 1076, 1785, 1683, 58, 236, 239, 536, 352, 295, 55, 566, 88, 456, 376, 271, 299, 940, 156, 234, 576, 364, 477, 1543, 73, 596, 524, 1114, 21, 210, 663, 379, 837, 550, 517, 992, 1410, 1554, 373, 1134, 1348, 734, 18, 84, 258, 320, 75, 467, 198, 401, 735, 786]
2026-03-08 22:38:16,932 - INFO - 当前用时 0.27 秒
2026-03-08 22:38:16,932 - INFO - 将种子集 写入位置: /home/wen/work/coup_spread/network.netDog/2026-3-9/seeds-with-network.netDog/random_pageRank_seedNum-200_SSRNum-50000.txt
2026-03-08 22:38:16,932 - INFO - 首次生成种子集 alpha_sort
2026-03-08 22:38:16,932 - INFO - 执行当前算法开始: alpha_sort
2026-03-08 22:38:16,933 - INFO - 4502 个节点的alpha值降序排序 done
2026-03-08 22:38:16,933 - INFO - ==============>> [(3602, np.float64(0.3)), (3603, np.float64(0.3)), (3604, np.float64(0.3)), (3605, np.float64(0.3)), (3606, np.float64(0.3)), (3607, np.float64(0.3)), (3608, np.float64(0.3)), (3609, np.float64(0.3)), (3610, np.float64(0.3)), (3611, np.float64(0.3))]
2026-03-08 22:38:16,933 - INFO - 
选择的种子集 (按alpha排序): [3602, 3603, 3604, 3605, 3606, 3607, 3608, 3609, 3610, 3611, 3612, 3613, 3614, 3615, 3616, 3617, 3618, 3619, 3620, 3621, 3622, 3623, 3624, 3625, 3626, 3627, 3628, 3629, 3630, 3631, 3632, 3633, 3634, 3635, 3636, 3637, 3638, 3639, 3640, 3641, 3642, 3643, 3644, 3645, 3646, 3647, 3648, 3649, 3650, 3651, 3652, 3653, 3654, 3655, 3656, 3657, 3658, 3659, 3660, 3661, 3662, 3663, 3664, 3665, 3666, 3667, 3668, 3669, 3670, 3671, 3672, 3673, 3674, 3675, 3676, 3677, 3678, 3679, 3680, 3681, 3682, 3683, 3684, 3685, 3686, 3687, 3688, 3689, 3690, 3691, 3692, 3693, 3694, 3695, 3696, 3697, 3698, 3699, 3700, 3701, 3702, 3703, 3704, 3705, 3706, 3707, 3708, 3709, 3710, 3711, 3712, 3713, 3714, 3715, 3716, 3717, 3718, 3719, 3720, 3721, 3722, 3723, 3724, 3725, 3726, 3727, 3728, 3729, 3730, 3731, 3732, 3733, 3734, 3735, 3736, 3737, 3738, 3739, 3740, 3741, 3742, 3743, 3744, 3745, 3746, 3747, 3748, 3749, 3750, 3751, 3752, 3753, 3754, 3755, 3756, 3757, 3758, 3759, 3760, 3761, 3762, 3763, 3764, 3765, 3766, 3767, 3768, 3769, 3770, 3771, 3772, 3773, 3774, 3775, 3776, 3777, 3778, 3779, 3780, 3781, 3782, 3783, 3784, 3785, 3786, 3787, 3788, 3789, 3790, 3791, 3792, 3793, 3794, 3795, 3796, 3797, 3798, 3799, 3800, 3801]

2026-03-08 22:38:16,933 - INFO - 当前用时 0.00 秒
2026-03-08 22:38:16,933 - INFO - 将种子集 写入位置: /home/wen/work/coup_spread/network.netDog/2026-3-9/seeds-with-network.netDog/random_alpha_sort_seedNum-200_SSRNum-50000.txt
2026-03-08 22:38:16,934 - INFO - 首次生成种子集 ris_optimized
2026-03-08 22:38:16,934 - INFO - 执行当前算法开始: ris_optimized
2026-03-08 22:38:17,185 - INFO - 图初始化完成，节点数: 4502，当前模式: 优化采样
2026-03-08 22:38:17,185 - INFO - 开始生成 50000 组多重RR-Set...
2026-03-08 22:38:55,488 - INFO - 生成完毕。耗时: 38.30 秒。
2026-03-08 22:38:55,495 - INFO - 开始基于多重RR集贪心选择最优种子...
2026-03-08 22:39:04,595 - INFO - 选种完毕。耗时: 9.10 秒。估算范围: 310.55
2026-03-08 22:39:06,406 - INFO - 当前用时 49.47 秒
2026-03-08 22:39:06,406 - INFO - 将种子集 写入位置: /home/wen/work/coup_spread/network.netDog/2026-3-9/seeds-with-network.netDog/random_ris_optimized_seedNum-200_SSRNum-50000.txt
2026-03-08 22:39:06,408 - INFO - 评估种子集: None
2026-03-08 22:39:06,408 - INFO - 多进程评估开始，共有 5 个方法待评估...
2026-03-08 22:39:06,408 - INFO - 启动进程池，Worker数量: 5
2026-03-08 22:39:07,163 - INFO - [Process 3670336] 开始评估方法: random, 种子数: 200
2026-03-08 22:39:07,735 - INFO - [Process 3670342] 开始评估方法: degreeTopM, 种子数: 200
2026-03-08 22:39:08,318 - INFO - [Process 3670355] 开始评估方法: pageRank, 种子数: 200
2026-03-08 22:39:08,919 - INFO - [Process 3670356] 开始评估方法: alpha_sort, 种子数: 200
2026-03-08 22:39:09,488 - INFO - [Process 3670357] 开始评估方法: ris_optimized, 种子数: 200
2026-03-08 22:39:12,606 - INFO - [alpha_sort - 种子:200] 拉新:89.3人 | 总销量:90.6单 | 品牌曝光:347.3次 | 🌟综合得分:124.7
2026-03-08 22:39:19,429 - INFO - [random - 种子:200] 拉新:130.8人 | 总销量:139.3单 | 品牌曝光:692.6次 | 🌟综合得分:204.3
2026-03-08 22:39:22,865 - INFO - [degreeTopM - 种子:200] 拉新:146.6人 | 总销量:166.3单 | 品牌曝光:825.6次 | 🌟综合得分:239.0
2026-03-08 22:39:23,229 - INFO - [pageRank - 种子:200] 拉新:146.7人 | 总销量:165.5单 | 品牌曝光:821.4次 | 🌟综合得分:238.2
2026-03-08 22:39:24,998 - INFO - [ris_optimized - 种子:200] 拉新:157.6人 | 总销量:170.5单 | 品牌曝光:846.1次 | 🌟综合得分:248.7
2026-03-08 22:39:25,038 - INFO - 所有进程执行完毕，开始写入数据...
2026-03-08 22:39:25,050 - INFO - 成功写入 5 条记录至 /home/wen/work/coup_spread/gzc-impl/results/network.netDog/2026-3-9/random_SSRNum-50000-_seedNum-200_simuTimes-500.csv
2026-03-08 22:39:25,051 - INFO - 保存评估文件至: /home/wen/work/coup_spread/gzc-impl/results/network.netDog/2026-3-9/random_SSRNum-50000-_seedNum-200_simuTimes-500.csv
2026-03-08 22:39:25,068 - INFO - 加载数据集: network.netDog
2026-03-08 22:39:25,068 - INFO - --- 矩阵分析 ---
2026-03-08 22:39:25,068 - INFO - 节点数 (N): 4502
2026-03-08 22:39:25,069 - INFO - 边数 (E): 29580
2026-03-08 22:39:25,069 - INFO - 密度 (Density): 0.00145944 (越小越稀疏)
2026-03-08 22:39:25,069 - INFO - 稀疏度 (Sparsity): 0.99854056 (越接近1越稀疏)
2026-03-08 22:39:25,069 - INFO - 平均度数 (Avg Degree): 6.57
2026-03-08 22:39:25,069 - INFO - >>> 正在注入完美对抗属性（验证三条定理）...
2026-03-08 22:39:25,111 - INFO - 首次生成种子集 random
2026-03-08 22:39:25,112 - INFO - 执行当前算法开始: random
2026-03-08 22:39:25,112 - INFO - 数据集节点总数:  n = 4502, m = 225
2026-03-08 22:39:25,112 - INFO - 选择 225  [1494, 116, 3191, 2029, 462, 2689, 2321, 1744, 723, 4104, 3897, 3537, 1355, 3746, 4227, 78, 1010, 1929, 2718, 3954, 1932, 4487, 45, 1878, 2405, 2325, 2202, 391, 2817, 1113, 454, 2158, 231, 2087, 2484, 4082, 3585, 4081, 2821, 249, 3695, 573, 3993, 1548, 4449, 1360, 2290, 1605, 2278, 2260, 658, 1568, 1625, 2110, 319, 994, 215, 4137, 3024, 4292, 1168, 2960, 3236, 39, 4294, 2065, 4400, 955, 132, 1972, 3178, 1934, 1870, 3803, 3853, 1881, 551, 4212, 792, 477, 2140, 219, 1770, 457, 203, 1822, 725, 223, 4322, 3726, 1807, 524, 3427, 1066, 3959, 2047, 2196, 1254, 148, 3380, 2878, 105, 3372, 851, 1331, 2739, 2974, 21, 2555, 4331, 2161, 2708, 1779, 3577, 2745, 3771, 2372, 2128, 3415, 3336, 3950, 2961, 4090, 845, 1969, 263, 796, 4239, 4337, 2317, 842, 2097, 1141, 2632, 3509, 1406, 1885, 4299, 1743, 2705, 2339, 1445, 3811, 3645, 4433, 467, 2914, 3644, 2482, 670, 4305, 3666, 2063, 1720, 1688, 2466, 3060, 3773, 538, 3217, 2102, 472, 982, 3127, 447, 4383, 1181, 1302, 3941, 1976, 1556, 331, 1998, 1985, 2673, 1370, 1187, 912, 2636, 3895, 1208, 2607, 2122, 1341, 1191, 2559, 2913, 4085, 3930, 2371, 2750, 905, 1200, 3125, 3856, 2458, 3364, 1975, 3739, 1636, 2359, 1635, 3725, 2117, 2606, 1383, 3876, 2220, 3649, 1271, 828, 1189, 1597, 2940, 1128, 2394, 3287, 3943, 1672, 1038, 1790, 1172, 3518, 2634, 169]

2026-03-08 22:39:25,112 - INFO - 当前用时 0.00 秒
2026-03-08 22:39:25,112 - INFO - 将种子集 写入位置: /home/wen/work/coup_spread/network.netDog/2026-3-9/seeds-with-network.netDog/random_random_seedNum-225_SSRNum-50000.txt
2026-03-08 22:39:25,112 - INFO - 首次生成种子集 degreeTopM
2026-03-08 22:39:25,112 - INFO - 执行当前算法开始: degreeTopM
2026-03-08 22:39:25,112 - INFO - 依据: 选择连接数（度数）最多的节点。
2026-03-08 22:39:25,113 - INFO - 选择的 Top M 节点及其度数:
2026-03-08 22:39:25,113 - INFO - 
2026-03-08 22:39:25,113 - INFO - 当前用时 0.00 秒
2026-03-08 22:39:25,113 - INFO - 将种子集 写入位置: /home/wen/work/coup_spread/network.netDog/2026-3-9/seeds-with-network.netDog/random_degreeTopM_seedNum-225_SSRNum-50000.txt
2026-03-08 22:39:25,114 - INFO - 首次生成种子集 pageRank
2026-03-08 22:39:25,114 - INFO - 执行当前算法开始: pageRank
2026-03-08 22:39:25,114 - INFO - --- Running: PageRank (on tranProMatrix) Top M ---
2026-03-08 22:39:25,404 - INFO - Selected PageRank seeds: [79, 135, 83, 16, 45, 133, 243, 36, 33, 12, 2, 125, 4, 167, 38, 77, 19, 17, 128, 129, 62, 329, 13, 35, 294, 14, 414, 318, 162, 26, 37, 15, 93, 46, 192, 61, 164, 279, 359, 120, 693, 123, 934, 52, 755, 254, 221, 127, 107, 208, 91, 183, 264, 152, 291, 223, 141, 316, 435, 324, 98, 44, 632, 8, 207, 681, 1157, 405, 104, 142, 150, 263, 916, 169, 583, 237, 261, 228, 1080, 526, 440, 165, 274, 22, 832, 811, 224, 292, 273, 564, 980, 54, 502, 112, 347, 173, 23, 1110, 1047, 194, 1018, 570, 976, 385, 1141, 235, 922, 615, 761, 262, 497, 63, 655, 812, 64, 616, 60, 301, 24, 298, 372, 248, 1287, 730, 960, 869, 72, 240, 594, 131, 238, 53, 280, 1081, 1392, 1419, 182, 784, 86, 1241, 1528, 929, 463, 419, 399, 687, 1418, 870, 1298, 1076, 1785, 1683, 58, 236, 239, 536, 352, 295, 55, 566, 88, 456, 376, 271, 299, 940, 156, 234, 576, 364, 477, 1543, 73, 596, 524, 1114, 21, 210, 663, 379, 837, 550, 517, 992, 1410, 1554, 373, 1134, 1348, 734, 18, 84, 258, 320, 75, 467, 198, 401, 735, 786, 1152, 506, 1015, 326, 1265, 146, 620, 643, 96, 420, 375, 525, 1841, 277, 1035, 322, 508, 917, 1301, 259, 1300, 180, 1280, 1034, 1467]
2026-03-08 22:39:25,405 - INFO - 当前用时 0.29 秒
2026-03-08 22:39:25,405 - INFO - 将种子集 写入位置: /home/wen/work/coup_spread/network.netDog/2026-3-9/seeds-with-network.netDog/random_pageRank_seedNum-225_SSRNum-50000.txt
2026-03-08 22:39:25,405 - INFO - 首次生成种子集 alpha_sort
2026-03-08 22:39:25,405 - INFO - 执行当前算法开始: alpha_sort
2026-03-08 22:39:25,406 - INFO - 4502 个节点的alpha值降序排序 done
2026-03-08 22:39:25,406 - INFO - ==============>> [(3602, np.float64(0.3)), (3603, np.float64(0.3)), (3604, np.float64(0.3)), (3605, np.float64(0.3)), (3606, np.float64(0.3)), (3607, np.float64(0.3)), (3608, np.float64(0.3)), (3609, np.float64(0.3)), (3610, np.float64(0.3)), (3611, np.float64(0.3))]
2026-03-08 22:39:25,406 - INFO - 
选择的种子集 (按alpha排序): [3602, 3603, 3604, 3605, 3606, 3607, 3608, 3609, 3610, 3611, 3612, 3613, 3614, 3615, 3616, 3617, 3618, 3619, 3620, 3621, 3622, 3623, 3624, 3625, 3626, 3627, 3628, 3629, 3630, 3631, 3632, 3633, 3634, 3635, 3636, 3637, 3638, 3639, 3640, 3641, 3642, 3643, 3644, 3645, 3646, 3647, 3648, 3649, 3650, 3651, 3652, 3653, 3654, 3655, 3656, 3657, 3658, 3659, 3660, 3661, 3662, 3663, 3664, 3665, 3666, 3667, 3668, 3669, 3670, 3671, 3672, 3673, 3674, 3675, 3676, 3677, 3678, 3679, 3680, 3681, 3682, 3683, 3684, 3685, 3686, 3687, 3688, 3689, 3690, 3691, 3692, 3693, 3694, 3695, 3696, 3697, 3698, 3699, 3700, 3701, 3702, 3703, 3704, 3705, 3706, 3707, 3708, 3709, 3710, 3711, 3712, 3713, 3714, 3715, 3716, 3717, 3718, 3719, 3720, 3721, 3722, 3723, 3724, 3725, 3726, 3727, 3728, 3729, 3730, 3731, 3732, 3733, 3734, 3735, 3736, 3737, 3738, 3739, 3740, 3741, 3742, 3743, 3744, 3745, 3746, 3747, 3748, 3749, 3750, 3751, 3752, 3753, 3754, 3755, 3756, 3757, 3758, 3759, 3760, 3761, 3762, 3763, 3764, 3765, 3766, 3767, 3768, 3769, 3770, 3771, 3772, 3773, 3774, 3775, 3776, 3777, 3778, 3779, 3780, 3781, 3782, 3783, 3784, 3785, 3786, 3787, 3788, 3789, 3790, 3791, 3792, 3793, 3794, 3795, 3796, 3797, 3798, 3799, 3800, 3801, 3802, 3803, 3804, 3805, 3806, 3807, 3808, 3809, 3810, 3811, 3812, 3813, 3814, 3815, 3816, 3817, 3818, 3819, 3820, 3821, 3822, 3823, 3824, 3825, 3826]

2026-03-08 22:39:25,406 - INFO - 当前用时 0.00 秒
2026-03-08 22:39:25,407 - INFO - 将种子集 写入位置: /home/wen/work/coup_spread/network.netDog/2026-3-9/seeds-with-network.netDog/random_alpha_sort_seedNum-225_SSRNum-50000.txt
2026-03-08 22:39:25,407 - INFO - 首次生成种子集 ris_optimized
2026-03-08 22:39:25,407 - INFO - 执行当前算法开始: ris_optimized
2026-03-08 22:39:25,645 - INFO - 图初始化完成，节点数: 4502，当前模式: 优化采样
2026-03-08 22:39:25,645 - INFO - 开始生成 50000 组多重RR-Set...
2026-03-08 22:39:59,691 - INFO - 生成完毕。耗时: 34.05 秒。
2026-03-08 22:39:59,708 - INFO - 开始基于多重RR集贪心选择最优种子...
2026-03-08 22:40:15,788 - INFO - 选种完毕。耗时: 16.08 秒。估算范围: 340.80
2026-03-08 22:40:17,978 - INFO - 当前用时 52.57 秒
2026-03-08 22:40:17,979 - INFO - 将种子集 写入位置: /home/wen/work/coup_spread/network.netDog/2026-3-9/seeds-with-network.netDog/random_ris_optimized_seedNum-225_SSRNum-50000.txt
2026-03-08 22:40:17,980 - INFO - 评估种子集: None
2026-03-08 22:40:17,980 - INFO - 多进程评估开始，共有 5 个方法待评估...
2026-03-08 22:40:17,981 - INFO - 启动进程池，Worker数量: 5
2026-03-08 22:40:18,758 - INFO - [Process 3671470] 开始评估方法: random, 种子数: 225
2026-03-08 22:40:19,342 - INFO - [Process 3671471] 开始评估方法: degreeTopM, 种子数: 225
2026-03-08 22:40:19,923 - INFO - [Process 3671472] 开始评估方法: pageRank, 种子数: 225
2026-03-08 22:40:20,506 - INFO - [Process 3671473] 开始评估方法: alpha_sort, 种子数: 225
2026-03-08 22:40:21,093 - INFO - [Process 3671474] 开始评估方法: ris_optimized, 种子数: 225
2026-03-08 22:40:24,738 - INFO - [alpha_sort - 种子:225] 拉新:100.3人 | 总销量:101.9单 | 品牌曝光:391.4次 | 🌟综合得分:140.2
2026-03-08 22:40:32,935 - INFO - [random - 种子:225] 拉新:152.3人 | 总销量:163.8单 | 品牌曝光:811.3次 | 🌟综合得分:239.2
2026-03-08 22:40:36,596 - INFO - [degreeTopM - 种子:225] 拉新:163.5人 | 总销量:187.8单 | 品牌曝光:933.4次 | 🌟综合得分:269.0
2026-03-08 22:40:36,890 - INFO - [pageRank - 种子:225] 拉新:163.8人 | 总销量:185.9单 | 品牌曝光:924.4次 | 🌟综合得分:267.3
2026-03-08 22:40:38,335 - INFO - [ris_optimized - 种子:225] 拉新:175.4人 | 总销量:190.2单 | 品牌曝光:944.2次 | 🌟综合得分:277.2
2026-03-08 22:40:38,373 - INFO - 所有进程执行完毕，开始写入数据...
2026-03-08 22:40:38,391 - INFO - 成功写入 5 条记录至 /home/wen/work/coup_spread/gzc-impl/results/network.netDog/2026-3-9/random_SSRNum-50000-_seedNum-225_simuTimes-500.csv
2026-03-08 22:40:38,392 - INFO - 保存评估文件至: /home/wen/work/coup_spread/gzc-impl/results/network.netDog/2026-3-9/random_SSRNum-50000-_seedNum-225_simuTimes-500.csv
2026-03-08 22:40:38,410 - INFO - 加载数据集: network.netDog
2026-03-08 22:40:38,411 - INFO - --- 矩阵分析 ---
2026-03-08 22:40:38,411 - INFO - 节点数 (N): 4502
2026-03-08 22:40:38,411 - INFO - 边数 (E): 29580
2026-03-08 22:40:38,411 - INFO - 密度 (Density): 0.00145944 (越小越稀疏)
2026-03-08 22:40:38,411 - INFO - 稀疏度 (Sparsity): 0.99854056 (越接近1越稀疏)
2026-03-08 22:40:38,411 - INFO - 平均度数 (Avg Degree): 6.57
2026-03-08 22:40:38,411 - INFO - >>> 正在注入完美对抗属性（验证三条定理）...
2026-03-08 22:40:38,456 - INFO - 首次生成种子集 random
2026-03-08 22:40:38,456 - INFO - 执行当前算法开始: random
2026-03-08 22:40:38,456 - INFO - 数据集节点总数:  n = 4502, m = 250
2026-03-08 22:40:38,457 - INFO - 选择 250  [4193, 1908, 537, 1007, 4274, 3540, 1053, 1359, 2334, 4291, 1069, 2216, 147, 1035, 673, 3697, 1085, 3104, 1503, 2881, 3533, 3060, 1985, 3348, 3710, 1495, 2967, 3200, 1920, 1216, 2516, 2250, 466, 2100, 2147, 4140, 2436, 95, 4130, 818, 2389, 2694, 2540, 2528, 127, 2461, 2921, 3734, 3039, 1369, 511, 515, 2978, 2067, 4248, 2800, 1240, 2299, 897, 1737, 1577, 1306, 2606, 1506, 3428, 4396, 3977, 152, 2992, 4203, 2894, 1520, 616, 1226, 4216, 3229, 4024, 613, 869, 2379, 2444, 1879, 2267, 1270, 2065, 160, 540, 629, 2602, 798, 4267, 1459, 1637, 1698, 1213, 966, 916, 2500, 3694, 3575, 2145, 1381, 1657, 485, 2020, 3498, 4318, 2785, 288, 224, 465, 3446, 2776, 1168, 3788, 3422, 2174, 4131, 4479, 857, 376, 37, 3541, 891, 1999, 3885, 4136, 3864, 2195, 3452, 1372, 2050, 2832, 230, 1410, 3311, 2517, 2844, 124, 547, 4045, 3193, 780, 2244, 1925, 1941, 2395, 3089, 1172, 3681, 1164, 2582, 370, 3607, 1618, 4484, 4314, 2815, 852, 3597, 3252, 513, 310, 4375, 3219, 2263, 2515, 923, 3918, 3721, 2128, 3059, 2496, 2783, 3377, 1562, 67, 243, 821, 3048, 2721, 3810, 2219, 2371, 4380, 2668, 1835, 1434, 130, 411, 785, 574, 1600, 850, 3275, 161, 631, 3287, 1397, 2869, 3577, 1222, 789, 927, 2885, 2633, 594, 3687, 2034, 1494, 3344, 2270, 3723, 3124, 80, 1334, 4227, 52, 1012, 48, 493, 88, 1943, 3801, 2004, 2157, 903, 503, 1029, 186, 2953, 946, 3838, 2172, 3621, 3035, 3230, 1063, 2331, 889, 2559, 898, 2042, 1281, 3417, 1321, 2386, 4215, 3132, 16]

2026-03-08 22:40:38,457 - INFO - 当前用时 0.00 秒
2026-03-08 22:40:38,457 - INFO - 将种子集 写入位置: /home/wen/work/coup_spread/network.netDog/2026-3-9/seeds-with-network.netDog/random_random_seedNum-250_SSRNum-50000.txt
2026-03-08 22:40:38,457 - INFO - 首次生成种子集 degreeTopM
2026-03-08 22:40:38,457 - INFO - 执行当前算法开始: degreeTopM
2026-03-08 22:40:38,457 - INFO - 依据: 选择连接数（度数）最多的节点。
2026-03-08 22:40:38,458 - INFO - 选择的 Top M 节点及其度数:
2026-03-08 22:40:38,458 - INFO - 
2026-03-08 22:40:38,458 - INFO - 当前用时 0.00 秒
2026-03-08 22:40:38,459 - INFO - 将种子集 写入位置: /home/wen/work/coup_spread/network.netDog/2026-3-9/seeds-with-network.netDog/random_degreeTopM_seedNum-250_SSRNum-50000.txt
2026-03-08 22:40:38,459 - INFO - 首次生成种子集 pageRank
2026-03-08 22:40:38,459 - INFO - 执行当前算法开始: pageRank
2026-03-08 22:40:38,459 - INFO - --- Running: PageRank (on tranProMatrix) Top M ---
2026-03-08 22:40:38,737 - INFO - Selected PageRank seeds: [79, 135, 83, 16, 45, 133, 243, 36, 33, 12, 2, 125, 4, 167, 38, 77, 19, 17, 128, 129, 62, 329, 13, 35, 294, 14, 414, 318, 162, 26, 37, 15, 93, 46, 192, 61, 164, 279, 359, 120, 693, 123, 934, 52, 755, 254, 221, 127, 107, 208, 91, 183, 264, 152, 291, 223, 141, 316, 435, 324, 98, 44, 632, 8, 207, 681, 1157, 405, 104, 142, 150, 263, 916, 169, 583, 237, 261, 228, 1080, 526, 440, 165, 274, 22, 832, 811, 224, 292, 273, 564, 980, 54, 502, 112, 347, 173, 23, 1110, 1047, 194, 1018, 570, 976, 385, 1141, 235, 922, 615, 761, 262, 497, 63, 655, 812, 64, 616, 60, 301, 24, 298, 372, 248, 1287, 730, 960, 869, 72, 240, 594, 131, 238, 53, 280, 1081, 1392, 1419, 182, 784, 86, 1241, 1528, 929, 463, 419, 399, 687, 1418, 870, 1298, 1076, 1785, 1683, 58, 236, 239, 536, 352, 295, 55, 566, 88, 456, 376, 271, 299, 940, 156, 234, 576, 364, 477, 1543, 73, 596, 524, 1114, 21, 210, 663, 379, 837, 550, 517, 992, 1410, 1554, 373, 1134, 1348, 734, 18, 84, 258, 320, 75, 467, 198, 401, 735, 786, 1152, 506, 1015, 326, 1265, 146, 620, 643, 96, 420, 375, 525, 1841, 277, 1035, 322, 508, 917, 1301, 259, 1300, 180, 1280, 1034, 1467, 804, 1738, 1169, 698, 25, 956, 809, 283, 988, 1501, 863, 622, 2067, 314, 315, 1638, 855, 361, 913, 431, 901, 642, 441, 50, 581]
2026-03-08 22:40:38,737 - INFO - 当前用时 0.28 秒
2026-03-08 22:40:38,737 - INFO - 将种子集 写入位置: /home/wen/work/coup_spread/network.netDog/2026-3-9/seeds-with-network.netDog/random_pageRank_seedNum-250_SSRNum-50000.txt
2026-03-08 22:40:38,738 - INFO - 首次生成种子集 alpha_sort
2026-03-08 22:40:38,738 - INFO - 执行当前算法开始: alpha_sort
2026-03-08 22:40:38,738 - INFO - 4502 个节点的alpha值降序排序 done
2026-03-08 22:40:38,739 - INFO - ==============>> [(3602, np.float64(0.3)), (3603, np.float64(0.3)), (3604, np.float64(0.3)), (3605, np.float64(0.3)), (3606, np.float64(0.3)), (3607, np.float64(0.3)), (3608, np.float64(0.3)), (3609, np.float64(0.3)), (3610, np.float64(0.3)), (3611, np.float64(0.3))]
2026-03-08 22:40:38,739 - INFO - 
选择的种子集 (按alpha排序): [3602, 3603, 3604, 3605, 3606, 3607, 3608, 3609, 3610, 3611, 3612, 3613, 3614, 3615, 3616, 3617, 3618, 3619, 3620, 3621, 3622, 3623, 3624, 3625, 3626, 3627, 3628, 3629, 3630, 3631, 3632, 3633, 3634, 3635, 3636, 3637, 3638, 3639, 3640, 3641, 3642, 3643, 3644, 3645, 3646, 3647, 3648, 3649, 3650, 3651, 3652, 3653, 3654, 3655, 3656, 3657, 3658, 3659, 3660, 3661, 3662, 3663, 3664, 3665, 3666, 3667, 3668, 3669, 3670, 3671, 3672, 3673, 3674, 3675, 3676, 3677, 3678, 3679, 3680, 3681, 3682, 3683, 3684, 3685, 3686, 3687, 3688, 3689, 3690, 3691, 3692, 3693, 3694, 3695, 3696, 3697, 3698, 3699, 3700, 3701, 3702, 3703, 3704, 3705, 3706, 3707, 3708, 3709, 3710, 3711, 3712, 3713, 3714, 3715, 3716, 3717, 3718, 3719, 3720, 3721, 3722, 3723, 3724, 3725, 3726, 3727, 3728, 3729, 3730, 3731, 3732, 3733, 3734, 3735, 3736, 3737, 3738, 3739, 3740, 3741, 3742, 3743, 3744, 3745, 3746, 3747, 3748, 3749, 3750, 3751, 3752, 3753, 3754, 3755, 3756, 3757, 3758, 3759, 3760, 3761, 3762, 3763, 3764, 3765, 3766, 3767, 3768, 3769, 3770, 3771, 3772, 3773, 3774, 3775, 3776, 3777, 3778, 3779, 3780, 3781, 3782, 3783, 3784, 3785, 3786, 3787, 3788, 3789, 3790, 3791, 3792, 3793, 3794, 3795, 3796, 3797, 3798, 3799, 3800, 3801, 3802, 3803, 3804, 3805, 3806, 3807, 3808, 3809, 3810, 3811, 3812, 3813, 3814, 3815, 3816, 3817, 3818, 3819, 3820, 3821, 3822, 3823, 3824, 3825, 3826, 3827, 3828, 3829, 3830, 3831, 3832, 3833, 3834, 3835, 3836, 3837, 3838, 3839, 3840, 3841, 3842, 3843, 3844, 3845, 3846, 3847, 3848, 3849, 3850, 3851]

2026-03-08 22:40:38,739 - INFO - 当前用时 0.00 秒
2026-03-08 22:40:38,739 - INFO - 将种子集 写入位置: /home/wen/work/coup_spread/network.netDog/2026-3-9/seeds-with-network.netDog/random_alpha_sort_seedNum-250_SSRNum-50000.txt
2026-03-08 22:40:38,740 - INFO - 首次生成种子集 ris_optimized
2026-03-08 22:40:38,740 - INFO - 执行当前算法开始: ris_optimized
2026-03-08 22:40:38,975 - INFO - 图初始化完成，节点数: 4502，当前模式: 优化采样
2026-03-08 22:40:38,975 - INFO - 开始生成 50000 组多重RR-Set...
2026-03-08 22:41:15,644 - INFO - 生成完毕。耗时: 36.67 秒。
2026-03-08 22:41:15,651 - INFO - 开始基于多重RR集贪心选择最优种子...
2026-03-08 22:41:30,251 - INFO - 选种完毕。耗时: 14.60 秒。估算范围: 374.93
2026-03-08 22:41:31,819 - INFO - 当前用时 53.08 秒
2026-03-08 22:41:31,819 - INFO - 将种子集 写入位置: /home/wen/work/coup_spread/network.netDog/2026-3-9/seeds-with-network.netDog/random_ris_optimized_seedNum-250_SSRNum-50000.txt
2026-03-08 22:41:31,820 - INFO - 评估种子集: None
2026-03-08 22:41:31,821 - INFO - 多进程评估开始，共有 5 个方法待评估...
2026-03-08 22:41:31,821 - INFO - 启动进程池，Worker数量: 5
2026-03-08 22:41:32,589 - INFO - [Process 3672545] 开始评估方法: random, 种子数: 250
2026-03-08 22:41:33,171 - INFO - [Process 3672546] 开始评估方法: degreeTopM, 种子数: 250
2026-03-08 22:41:33,755 - INFO - [Process 3672547] 开始评估方法: pageRank, 种子数: 250
2026-03-08 22:41:34,339 - INFO - [Process 3672548] 开始评估方法: alpha_sort, 种子数: 250
2026-03-08 22:41:34,919 - INFO - [Process 3672549] 开始评估方法: ris_optimized, 种子数: 250
2026-03-08 22:41:39,005 - INFO - [alpha_sort - 种子:250] 拉新:111.2人 | 总销量:113.0单 | 品牌曝光:434.4次 | 🌟综合得分:155.6
2026-03-08 22:41:49,094 - INFO - [random - 种子:250] 拉新:170.5人 | 总销量:186.4单 | 品牌曝光:925.7次 | 🌟综合得分:271.0
2026-03-08 22:41:52,301 - INFO - [degreeTopM - 种子:250] 拉新:180.2人 | 总销量:208.5单 | 品牌曝光:1036.2次 | 🌟综合得分:298.0
2026-03-08 22:41:52,552 - INFO - [pageRank - 种子:250] 拉新:180.8人 | 总销量:207.5单 | 品牌曝光:1029.2次 | 🌟综合得分:297.1
2026-03-08 22:41:54,944 - INFO - [ris_optimized - 种子:250] 拉新:193.4人 | 总销量:212.3单 | 品牌曝光:1053.7次 | 🌟综合得分:308.2
2026-03-08 22:41:54,989 - INFO - 所有进程执行完毕，开始写入数据...
2026-03-08 22:41:54,994 - INFO - 成功写入 5 条记录至 /home/wen/work/coup_spread/gzc-impl/results/network.netDog/2026-3-9/random_SSRNum-50000-_seedNum-250_simuTimes-500.csv
2026-03-08 22:41:54,994 - INFO - 保存评估文件至: /home/wen/work/coup_spread/gzc-impl/results/network.netDog/2026-3-9/random_SSRNum-50000-_seedNum-250_simuTimes-500.csv
