2026-03-11 11:29:31,888 - INFO - 加载数据集: network.netscience
2026-03-11 11:29:31,889 - INFO - --- 矩阵分析 ---
2026-03-11 11:29:31,889 - INFO - 节点数 (N): 379
2026-03-11 11:29:31,889 - INFO - 边数 (E): 1828
2026-03-11 11:29:31,889 - INFO - 密度 (Density): 0.01272617 (越小越稀疏)
2026-03-11 11:29:31,889 - INFO - 稀疏度 (Sparsity): 0.98727383 (越接近1越稀疏)
2026-03-11 11:29:31,889 - INFO - 平均度数 (Avg Degree): 4.82
2026-03-11 11:29:31,889 - INFO - 首次生成度相关概率分布 分布类型: 'log_continuous'.
2026-03-11 11:29:31,890 - INFO - ===> Generating 'Log-Continuous' distributions for Real Graph...
2026-03-11 11:29:31,894 - INFO - 保存概率分布 文件位置: /root/work/coupon/coup_spread/network.netscience/2026-4-8/distribution-in-network.netscience/distribution-log_continuous_seedNum-100.pkl
2026-03-11 11:29:31,897 - INFO - 首次生成种子集 random
2026-03-11 11:29:31,897 - INFO - 执行当前算法开始: random
2026-03-11 11:29:31,897 - INFO - 数据集节点总数:  n = 379, m = 100
2026-03-11 11:29:31,897 - INFO - 选择 100  [314, 257, 280, 344, 273, 275, 216, 175, 309, 93, 63, 362, 166, 139, 250, 139, 65, 83, 325, 272, 190, 261, 10, 3, 203, 192, 54, 112, 32, 98, 16, 103, 252, 109, 38, 289, 92, 283, 190, 150, 104, 124, 97, 273, 18, 273, 149, 206, 189, 334, 208, 268, 257, 54, 154, 107, 34, 275, 44, 124, 338, 178, 348, 196, 266, 57, 300, 142, 184, 90, 66, 20, 266, 52, 205, 325, 125, 367, 358, 88, 300, 77, 49, 257, 260, 240, 62, 139, 140, 99, 272, 71, 164, 219, 224, 158, 291, 147, 232, 253]

2026-03-11 11:29:31,897 - INFO - 当前用时 0.00 秒
2026-03-11 11:29:31,897 - INFO - 将种子集 写入位置: /root/work/coupon/coup_spread/network.netscience/2026-4-8/seeds-with-network.netscience/log_continuous_random_seedNum-100_SSRNum-100000.txt
2026-03-11 11:29:31,897 - INFO - 首次生成种子集 degreeTopM
2026-03-11 11:29:31,897 - INFO - 执行当前算法开始: degreeTopM
2026-03-11 11:29:31,898 - INFO - 依据: 选择连接数（度数）最多的节点。
2026-03-11 11:29:31,898 - INFO - 选择的 Top M 节点及其度数:
2026-03-11 11:29:31,898 - INFO - 
2026-03-11 11:29:31,898 - INFO - 当前用时 0.00 秒
2026-03-11 11:29:31,898 - INFO - 将种子集 写入位置: /root/work/coupon/coup_spread/network.netscience/2026-4-8/seeds-with-network.netscience/log_continuous_degreeTopM_seedNum-100_SSRNum-100000.txt
2026-03-11 11:29:31,898 - INFO - 首次生成种子集 pageRank
2026-03-11 11:29:31,898 - INFO - 执行当前算法开始: pageRank
2026-03-11 11:29:31,898 - INFO - --- Running: PageRank (on tranProMatrix) Top M ---
2026-03-11 11:29:31,913 - INFO - Selected PageRank seeds: [58, 3, 4, 119, 72, 5, 142, 106, 53, 219, 189, 107, 13, 41, 187, 7, 44, 92, 94, 173, 62, 95, 167, 96, 118, 75, 8, 123, 235, 234, 113, 180, 217, 11, 0, 76, 232, 124, 233, 46, 20, 140, 329, 52, 156, 87, 362, 122, 268, 74, 126, 81, 252, 249, 250, 295, 14, 320, 204, 201, 267, 209, 127, 188, 258, 259, 200, 178, 193, 216, 162, 163, 225, 69, 280, 40, 42, 286, 198, 369, 247, 283, 15, 16, 28, 29, 63, 18, 19, 261, 265, 266, 269, 270, 210, 293, 146, 227, 54, 184]
2026-03-11 11:29:31,913 - INFO - 当前用时 0.01 秒
2026-03-11 11:29:31,914 - INFO - 将种子集 写入位置: /root/work/coupon/coup_spread/network.netscience/2026-4-8/seeds-with-network.netscience/log_continuous_pageRank_seedNum-100_SSRNum-100000.txt
2026-03-11 11:29:31,914 - INFO - 首次生成种子集 alpha_sort
2026-03-11 11:29:31,914 - INFO - 执行当前算法开始: alpha_sort
2026-03-11 11:29:31,914 - INFO - 379 个节点的alpha值降序排序 done
2026-03-11 11:29:31,914 - INFO - ==============>> [(45, np.float64(0.3941077593191477)), (196, np.float64(0.3588452800950825)), (275, np.float64(0.35080759822770136)), (179, np.float64(0.330242420849005)), (222, np.float64(0.31345228586394785)), (302, np.float64(0.3096917115960972)), (321, np.float64(0.2974602829384956)), (103, np.float64(0.2854947406821137)), (152, np.float64(0.28180302481435093)), (231, np.float64(0.2536465935896844))]
2026-03-11 11:29:31,914 - INFO - 
选择的种子集 (按alpha排序): [45, 196, 275, 179, 222, 302, 321, 103, 152, 231, 282, 227, 83, 132, 365, 226, 262, 100, 185, 352, 315, 323, 290, 128, 118, 257, 344, 336, 281, 124, 125, 253, 289, 303, 367, 297, 172, 174, 371, 67, 330, 149, 310, 167, 295, 22, 63, 250, 150, 251, 216, 147, 111, 51, 284, 114, 137, 90, 343, 64, 181, 49, 93, 252, 312, 194, 160, 245, 314, 264, 17, 70, 223, 203, 342, 331, 296, 288, 286, 351, 311, 272, 89, 347, 6, 354, 175, 304, 139, 158, 108, 84, 48, 345, 4, 134, 76, 157, 243, 156]

2026-03-11 11:29:31,914 - INFO - 当前用时 0.00 秒
2026-03-11 11:29:31,915 - INFO - 将种子集 写入位置: /root/work/coupon/coup_spread/network.netscience/2026-4-8/seeds-with-network.netscience/log_continuous_alpha_sort_seedNum-100_SSRNum-100000.txt
2026-03-11 11:29:31,915 - INFO - 首次生成种子集 ris_optimized
2026-03-11 11:29:31,915 - INFO - 执行当前算法开始: ris_optimized
2026-03-11 11:29:31,924 - INFO - 开始生成 100000 组多重RR-Set (万级节点极限内存优化版)...
2026-03-11 11:29:50,406 - INFO - 生成与倒排构建完毕。耗时: 18.48 秒。
2026-03-11 11:29:50,407 - INFO - 开始基于 Numpy 矩阵的高速贪心选择...
2026-03-11 11:29:50,552 - INFO - 高速选种完毕。耗时: 0.14 秒。估算范围: 31.50
2026-03-11 11:29:50,558 - INFO - 当前用时 18.64 秒
2026-03-11 11:29:50,559 - INFO - 将种子集 写入位置: /root/work/coupon/coup_spread/network.netscience/2026-4-8/seeds-with-network.netscience/log_continuous_ris_optimized_seedNum-100_SSRNum-100000.txt
2026-03-11 11:29:50,559 - INFO - 首次生成种子集 1hop_sort
2026-03-11 11:29:50,559 - INFO - 执行当前算法开始: 1hop_sort
2026-03-11 11:29:50,612 - INFO - 当前用时 0.05 秒
2026-03-11 11:29:50,613 - INFO - 将种子集 写入位置: /root/work/coupon/coup_spread/network.netscience/2026-4-8/seeds-with-network.netscience/log_continuous_1hop_sort_seedNum-100_SSRNum-100000.txt
2026-03-11 11:29:50,615 - INFO - 评估种子集: None
2026-03-11 11:29:50,615 - INFO - 多进程评估开始，共有 6 个方法待评估...
2026-03-11 11:29:50,616 - INFO - 启动进程池，Worker数量: 6
2026-03-11 11:29:50,676 - INFO - [Process 23633] 开始评估方法: random, 种子数: 100
2026-03-11 11:29:50,682 - INFO - [Process 23634] 开始评估方法: degreeTopM, 种子数: 100
2026-03-11 11:29:50,707 - INFO - [Process 23635] 开始评估方法: pageRank, 种子数: 100
2026-03-11 11:29:50,712 - INFO - [Process 23636] 开始评估方法: alpha_sort, 种子数: 100
2026-03-11 11:29:50,716 - INFO - [Process 23637] 开始评估方法: ris_optimized, 种子数: 100
2026-03-11 11:29:50,727 - INFO - [Process 23638] 开始评估方法: 1hop_sort, 种子数: 100
2026-03-11 11:29:52,452 - INFO - [degreeTopM - 种子:100] 拉新:16.5人 | 总销量:17.3单 | 品牌曝光:239.7次 | 🌟综合得分:40.9
2026-03-11 11:29:52,623 - INFO - [alpha_sort - 种子:100] 拉新:29.9人 | 总销量:30.9单 | 品牌曝光:253.0次 | 🌟综合得分:55.7
2026-03-11 11:29:52,649 - INFO - [1hop_sort - 种子:100] 拉新:30.2人 | 总销量:31.8单 | 品牌曝光:256.4次 | 🌟综合得分:56.6
2026-03-11 11:29:52,664 - INFO - [pageRank - 种子:100] 拉新:17.0人 | 总销量:17.6单 | 品牌曝光:245.9次 | 🌟综合得分:41.9
2026-03-11 11:29:52,675 - INFO - [ris_optimized - 种子:100] 拉新:30.3人 | 总销量:31.4单 | 品牌曝光:264.4次 | 🌟综合得分:57.3
2026-03-11 11:29:52,857 - INFO - [random - 种子:100] 拉新:21.6人 | 总销量:22.9单 | 品牌曝光:263.1次 | 🌟综合得分:48.5
2026-03-11 11:29:52,871 - INFO - 所有进程执行完毕，开始写入数据...
2026-03-11 11:29:52,883 - INFO - 成功写入 6 条记录至 /root/work/coupon/coup_spread/gzc-impl/results/network.netscience/2026-4-8/log_continuous_SSRNum-100000-_seedNum-100_simuTimes-500.csv
2026-03-11 11:29:52,884 - INFO - 保存评估文件至: /root/work/coupon/coup_spread/gzc-impl/results/network.netscience/2026-4-8/log_continuous_SSRNum-100000-_seedNum-100_simuTimes-500.csv
2026-03-11 11:29:52,884 - INFO - 加载数据集: network.netscience
2026-03-11 11:29:52,885 - INFO - --- 矩阵分析 ---
2026-03-11 11:29:52,885 - INFO - 节点数 (N): 379
2026-03-11 11:29:52,885 - INFO - 边数 (E): 1828
2026-03-11 11:29:52,886 - INFO - 密度 (Density): 0.01272617 (越小越稀疏)
2026-03-11 11:29:52,886 - INFO - 稀疏度 (Sparsity): 0.98727383 (越接近1越稀疏)
2026-03-11 11:29:52,886 - INFO - 平均度数 (Avg Degree): 4.82
2026-03-11 11:29:52,886 - INFO - 首次生成度相关概率分布 分布类型: 'log_continuous'.
2026-03-11 11:29:52,887 - INFO - ===> Generating 'Log-Continuous' distributions for Real Graph...
2026-03-11 11:29:52,895 - INFO - 保存概率分布 文件位置: /root/work/coupon/coup_spread/network.netscience/2026-4-8/distribution-in-network.netscience/distribution-log_continuous_seedNum-112.pkl
2026-03-11 11:29:52,898 - INFO - 首次生成种子集 random
2026-03-11 11:29:52,898 - INFO - 执行当前算法开始: random
2026-03-11 11:29:52,898 - INFO - 数据集节点总数:  n = 379, m = 112
2026-03-11 11:29:52,899 - INFO - 选择 112  [72, 213, 122, 149, 126, 263, 376, 23, 235, 196, 78, 254, 365, 149, 278, 232, 157, 228, 103, 284, 147, 338, 136, 70, 83, 9, 313, 23, 95, 281, 14, 182, 210, 171, 287, 291, 87, 351, 135, 104, 212, 244, 304, 103, 164, 283, 318, 283, 39, 173, 187, 134, 185, 91, 342, 189, 245, 207, 133, 138, 257, 250, 33, 164, 253, 368, 341, 260, 31, 300, 210, 88, 273, 190, 351, 362, 224, 58, 116, 295, 168, 341, 49, 361, 258, 313, 322, 241, 120, 129, 157, 2, 41, 366, 126, 23, 363, 272, 378, 43, 49, 154, 126, 215, 77, 21, 145, 103, 126, 23, 292, 281]

2026-03-11 11:29:52,899 - INFO - 当前用时 0.00 秒
2026-03-11 11:29:52,899 - INFO - 将种子集 写入位置: /root/work/coupon/coup_spread/network.netscience/2026-4-8/seeds-with-network.netscience/log_continuous_random_seedNum-112_SSRNum-100000.txt
2026-03-11 11:29:52,899 - INFO - 首次生成种子集 degreeTopM
2026-03-11 11:29:52,899 - INFO - 执行当前算法开始: degreeTopM
2026-03-11 11:29:52,899 - INFO - 依据: 选择连接数（度数）最多的节点。
2026-03-11 11:29:52,900 - INFO - 选择的 Top M 节点及其度数:
2026-03-11 11:29:52,900 - INFO - 
2026-03-11 11:29:52,900 - INFO - 当前用时 0.00 秒
2026-03-11 11:29:52,900 - INFO - 将种子集 写入位置: /root/work/coupon/coup_spread/network.netscience/2026-4-8/seeds-with-network.netscience/log_continuous_degreeTopM_seedNum-112_SSRNum-100000.txt
2026-03-11 11:29:52,901 - INFO - 首次生成种子集 pageRank
2026-03-11 11:29:52,901 - INFO - 执行当前算法开始: pageRank
2026-03-11 11:29:52,901 - INFO - --- Running: PageRank (on tranProMatrix) Top M ---
2026-03-11 11:29:52,914 - INFO - Selected PageRank seeds: [58, 3, 4, 119, 72, 5, 142, 106, 53, 219, 189, 107, 13, 41, 187, 7, 44, 92, 94, 173, 62, 95, 167, 96, 118, 75, 8, 123, 235, 234, 113, 180, 217, 11, 0, 76, 232, 124, 233, 46, 20, 140, 329, 52, 156, 87, 362, 122, 268, 74, 126, 81, 252, 249, 250, 295, 14, 320, 204, 201, 267, 209, 127, 188, 258, 259, 200, 178, 193, 216, 162, 163, 225, 69, 280, 40, 42, 286, 198, 369, 247, 283, 15, 16, 28, 29, 63, 18, 19, 261, 265, 266, 269, 270, 210, 293, 146, 227, 54, 184, 166, 294, 120, 238, 239, 240, 241, 346, 347, 354, 43, 98]
2026-03-11 11:29:52,914 - INFO - 当前用时 0.01 秒
2026-03-11 11:29:52,915 - INFO - 将种子集 写入位置: /root/work/coupon/coup_spread/network.netscience/2026-4-8/seeds-with-network.netscience/log_continuous_pageRank_seedNum-112_SSRNum-100000.txt
2026-03-11 11:29:52,915 - INFO - 首次生成种子集 alpha_sort
2026-03-11 11:29:52,915 - INFO - 执行当前算法开始: alpha_sort
2026-03-11 11:29:52,915 - INFO - 379 个节点的alpha值降序排序 done
2026-03-11 11:29:52,915 - INFO - ==============>> [(203, np.float64(0.4338554766124715)), (195, np.float64(0.3595642105841834)), (109, np.float64(0.31238833219972595)), (192, np.float64(0.3084835684442099)), (221, np.float64(0.3081244054105454)), (140, np.float64(0.30279569567833947)), (356, np.float64(0.2828008912501787)), (307, np.float64(0.2734899380525588)), (308, np.float64(0.25638552100512524)), (352, np.float64(0.24981382708778288))]
2026-03-11 11:29:52,915 - INFO - 
选择的种子集 (按alpha排序): [203, 195, 109, 192, 221, 140, 356, 307, 308, 352, 156, 42, 230, 242, 325, 367, 360, 183, 267, 225, 114, 157, 375, 322, 213, 176, 54, 274, 165, 273, 65, 277, 239, 55, 22, 278, 73, 158, 282, 314, 99, 37, 78, 30, 172, 224, 373, 85, 105, 91, 130, 327, 355, 148, 9, 31, 82, 297, 100, 136, 228, 49, 324, 186, 121, 115, 194, 1, 243, 245, 151, 300, 315, 335, 139, 275, 6, 208, 141, 150, 113, 377, 163, 56, 155, 138, 47, 131, 316, 149, 107, 218, 319, 281, 137, 291, 326, 321, 108, 133, 199, 313, 2, 174, 362, 57, 301, 181, 272, 287, 182, 154]

2026-03-11 11:29:52,915 - INFO - 当前用时 0.00 秒
2026-03-11 11:29:52,916 - INFO - 将种子集 写入位置: /root/work/coupon/coup_spread/network.netscience/2026-4-8/seeds-with-network.netscience/log_continuous_alpha_sort_seedNum-112_SSRNum-100000.txt
2026-03-11 11:29:52,916 - INFO - 首次生成种子集 ris_optimized
2026-03-11 11:29:52,916 - INFO - 执行当前算法开始: ris_optimized
2026-03-11 11:29:52,965 - INFO - 开始生成 100000 组多重RR-Set (万级节点极限内存优化版)...
2026-03-11 11:30:14,146 - INFO - 生成与倒排构建完毕。耗时: 21.18 秒。
2026-03-11 11:30:14,147 - INFO - 开始基于 Numpy 矩阵的高速贪心选择...
2026-03-11 11:30:14,261 - INFO - 高速选种完毕。耗时: 0.11 秒。估算范围: 33.57
2026-03-11 11:30:14,269 - INFO - 当前用时 21.35 秒
2026-03-11 11:30:14,269 - INFO - 将种子集 写入位置: /root/work/coupon/coup_spread/network.netscience/2026-4-8/seeds-with-network.netscience/log_continuous_ris_optimized_seedNum-112_SSRNum-100000.txt
2026-03-11 11:30:14,270 - INFO - 首次生成种子集 1hop_sort
2026-03-11 11:30:14,270 - INFO - 执行当前算法开始: 1hop_sort
2026-03-11 11:30:14,271 - INFO - 当前用时 0.00 秒
2026-03-11 11:30:14,271 - INFO - 将种子集 写入位置: /root/work/coupon/coup_spread/network.netscience/2026-4-8/seeds-with-network.netscience/log_continuous_1hop_sort_seedNum-112_SSRNum-100000.txt
2026-03-11 11:30:14,271 - INFO - 评估种子集: None
2026-03-11 11:30:14,271 - INFO - 多进程评估开始，共有 6 个方法待评估...
2026-03-11 11:30:14,271 - INFO - 启动进程池，Worker数量: 6
2026-03-11 11:30:14,335 - INFO - [Process 23727] 开始评估方法: random, 种子数: 112
2026-03-11 11:30:14,354 - INFO - [Process 23730] 开始评估方法: degreeTopM, 种子数: 112
2026-03-11 11:30:14,356 - INFO - [Process 23728] 开始评估方法: pageRank, 种子数: 112
2026-03-11 11:30:14,366 - INFO - [Process 23729] 开始评估方法: alpha_sort, 种子数: 112
2026-03-11 11:30:14,368 - INFO - [Process 23731] 开始评估方法: ris_optimized, 种子数: 112
2026-03-11 11:30:14,371 - INFO - [Process 23732] 开始评估方法: 1hop_sort, 种子数: 112
2026-03-11 11:30:15,957 - INFO - [pageRank - 种子:112] 拉新:18.0人 | 总销量:18.7单 | 品牌曝光:270.5次 | 🌟综合得分:45.4
2026-03-11 11:30:16,171 - INFO - [alpha_sort - 种子:112] 拉新:32.0人 | 总销量:33.4单 | 品牌曝光:287.9次 | 🌟综合得分:61.5
2026-03-11 11:30:16,402 - INFO - [degreeTopM - 种子:112] 拉新:17.8人 | 总销量:18.6单 | 品牌曝光:264.6次 | 🌟综合得分:44.6
2026-03-11 11:30:16,717 - INFO - [1hop_sort - 种子:112] 拉新:32.1人 | 总销量:34.3单 | 品牌曝光:288.1次 | 🌟综合得分:62.0
2026-03-11 11:30:16,728 - INFO - [random - 种子:112] 拉新:23.1人 | 总销量:24.4单 | 品牌曝光:296.4次 | 🌟综合得分:53.4
2026-03-11 11:30:16,819 - INFO - [ris_optimized - 种子:112] 拉新:32.7人 | 总销量:34.5单 | 品牌曝光:298.2次 | 🌟综合得分:63.4
2026-03-11 11:30:16,834 - INFO - 所有进程执行完毕，开始写入数据...
2026-03-11 11:30:16,842 - INFO - 成功写入 6 条记录至 /root/work/coupon/coup_spread/gzc-impl/results/network.netscience/2026-4-8/log_continuous_SSRNum-100000-_seedNum-112_simuTimes-500.csv
2026-03-11 11:30:16,843 - INFO - 保存评估文件至: /root/work/coupon/coup_spread/gzc-impl/results/network.netscience/2026-4-8/log_continuous_SSRNum-100000-_seedNum-112_simuTimes-500.csv
2026-03-11 11:30:16,845 - INFO - 加载数据集: network.netscience
2026-03-11 11:30:16,845 - INFO - --- 矩阵分析 ---
2026-03-11 11:30:16,846 - INFO - 节点数 (N): 379
2026-03-11 11:30:16,846 - INFO - 边数 (E): 1828
2026-03-11 11:30:16,846 - INFO - 密度 (Density): 0.01272617 (越小越稀疏)
2026-03-11 11:30:16,846 - INFO - 稀疏度 (Sparsity): 0.98727383 (越接近1越稀疏)
2026-03-11 11:30:16,846 - INFO - 平均度数 (Avg Degree): 4.82
2026-03-11 11:30:16,847 - INFO - 首次生成度相关概率分布 分布类型: 'log_continuous'.
2026-03-11 11:30:16,847 - INFO - ===> Generating 'Log-Continuous' distributions for Real Graph...
2026-03-11 11:30:16,856 - INFO - 保存概率分布 文件位置: /root/work/coupon/coup_spread/network.netscience/2026-4-8/distribution-in-network.netscience/distribution-log_continuous_seedNum-124.pkl
2026-03-11 11:30:16,858 - INFO - 首次生成种子集 random
2026-03-11 11:30:16,859 - INFO - 执行当前算法开始: random
2026-03-11 11:30:16,859 - INFO - 数据集节点总数:  n = 379, m = 124
2026-03-11 11:30:16,859 - INFO - 选择 124  [241, 141, 13, 139, 309, 280, 303, 169, 198, 166, 206, 331, 68, 343, 338, 148, 203, 41, 63, 350, 220, 325, 355, 141, 45, 166, 270, 245, 95, 304, 84, 114, 76, 11, 161, 46, 234, 180, 202, 39, 44, 370, 344, 28, 41, 64, 307, 192, 58, 276, 145, 141, 170, 19, 85, 136, 197, 34, 76, 146, 332, 323, 135, 324, 215, 165, 170, 369, 114, 241, 166, 78, 148, 283, 165, 77, 190, 43, 278, 366, 268, 265, 88, 122, 186, 266, 118, 10, 21, 36, 366, 220, 21, 36, 317, 140, 74, 374, 371, 356, 374, 355, 147, 150, 366, 339, 290, 35, 181, 112, 347, 188, 65, 250, 42, 283, 239, 315, 141, 78, 148, 357, 365, 201]

2026-03-11 11:30:16,859 - INFO - 当前用时 0.00 秒
2026-03-11 11:30:16,859 - INFO - 将种子集 写入位置: /root/work/coupon/coup_spread/network.netscience/2026-4-8/seeds-with-network.netscience/log_continuous_random_seedNum-124_SSRNum-100000.txt
2026-03-11 11:30:16,859 - INFO - 首次生成种子集 degreeTopM
2026-03-11 11:30:16,859 - INFO - 执行当前算法开始: degreeTopM
2026-03-11 11:30:16,860 - INFO - 依据: 选择连接数（度数）最多的节点。
2026-03-11 11:30:16,860 - INFO - 选择的 Top M 节点及其度数:
2026-03-11 11:30:16,860 - INFO - 
2026-03-11 11:30:16,860 - INFO - 当前用时 0.00 秒
2026-03-11 11:30:16,860 - INFO - 将种子集 写入位置: /root/work/coupon/coup_spread/network.netscience/2026-4-8/seeds-with-network.netscience/log_continuous_degreeTopM_seedNum-124_SSRNum-100000.txt
2026-03-11 11:30:16,861 - INFO - 首次生成种子集 pageRank
2026-03-11 11:30:16,861 - INFO - 执行当前算法开始: pageRank
2026-03-11 11:30:16,861 - INFO - --- Running: PageRank (on tranProMatrix) Top M ---
2026-03-11 11:30:16,875 - INFO - Selected PageRank seeds: [58, 3, 4, 119, 72, 5, 142, 106, 53, 219, 189, 107, 13, 41, 187, 7, 44, 92, 94, 173, 62, 95, 167, 96, 118, 75, 8, 123, 235, 234, 113, 180, 217, 11, 0, 76, 232, 124, 233, 46, 20, 140, 329, 52, 156, 87, 362, 122, 268, 74, 126, 81, 252, 249, 250, 295, 14, 320, 204, 201, 267, 209, 127, 188, 258, 259, 200, 178, 193, 216, 162, 163, 225, 69, 280, 40, 42, 286, 198, 369, 247, 283, 15, 16, 28, 29, 63, 18, 19, 261, 265, 266, 269, 270, 210, 293, 146, 227, 54, 184, 166, 294, 120, 238, 239, 240, 241, 346, 347, 354, 43, 98, 155, 220, 161, 100, 101, 205, 206, 207, 221, 298, 299, 300]
2026-03-11 11:30:16,875 - INFO - 当前用时 0.01 秒
2026-03-11 11:30:16,875 - INFO - 将种子集 写入位置: /root/work/coupon/coup_spread/network.netscience/2026-4-8/seeds-with-network.netscience/log_continuous_pageRank_seedNum-124_SSRNum-100000.txt
2026-03-11 11:30:16,875 - INFO - 首次生成种子集 alpha_sort
2026-03-11 11:30:16,876 - INFO - 执行当前算法开始: alpha_sort
2026-03-11 11:30:16,876 - INFO - 379 个节点的alpha值降序排序 done
2026-03-11 11:30:16,876 - INFO - ==============>> [(321, np.float64(0.37008120907433617)), (117, np.float64(0.34517578374725977)), (25, np.float64(0.326470502879697)), (328, np.float64(0.3043102565850086)), (296, np.float64(0.2777330097635983)), (230, np.float64(0.2704936748726026)), (178, np.float64(0.2619183821293289)), (129, np.float64(0.25542711079115943)), (276, np.float64(0.24925524978353594)), (237, np.float64(0.24175212273903549))]
2026-03-11 11:30:16,876 - INFO - 
选择的种子集 (按alpha排序): [321, 117, 25, 328, 296, 230, 178, 129, 276, 237, 21, 116, 214, 343, 78, 137, 201, 182, 121, 195, 244, 65, 282, 136, 344, 362, 301, 134, 342, 49, 341, 50, 165, 158, 208, 57, 188, 375, 339, 245, 331, 118, 31, 174, 22, 281, 285, 333, 71, 236, 24, 186, 84, 89, 34, 64, 179, 161, 123, 206, 149, 308, 325, 320, 318, 200, 262, 48, 371, 39, 353, 105, 270, 240, 279, 154, 144, 110, 62, 364, 108, 205, 292, 330, 35, 228, 257, 336, 326, 168, 287, 294, 138, 37, 192, 275, 346, 210, 216, 93, 271, 319, 212, 36, 289, 153, 357, 132, 0, 305, 43, 229, 100, 14, 303, 197, 85, 142, 291, 91, 250, 204, 199, 148]

2026-03-11 11:30:16,876 - INFO - 当前用时 0.00 秒
2026-03-11 11:30:16,876 - INFO - 将种子集 写入位置: /root/work/coupon/coup_spread/network.netscience/2026-4-8/seeds-with-network.netscience/log_continuous_alpha_sort_seedNum-124_SSRNum-100000.txt
2026-03-11 11:30:16,877 - INFO - 首次生成种子集 ris_optimized
2026-03-11 11:30:16,877 - INFO - 执行当前算法开始: ris_optimized
2026-03-11 11:30:16,923 - INFO - 开始生成 100000 组多重RR-Set (万级节点极限内存优化版)...
2026-03-11 11:30:41,871 - INFO - 生成与倒排构建完毕。耗时: 24.95 秒。
2026-03-11 11:30:41,873 - INFO - 开始基于 Numpy 矩阵的高速贪心选择...
2026-03-11 11:30:42,055 - INFO - 高速选种完毕。耗时: 0.18 秒。估算范围: 35.95
2026-03-11 11:30:42,064 - INFO - 当前用时 25.19 秒
2026-03-11 11:30:42,064 - INFO - 将种子集 写入位置: /root/work/coupon/coup_spread/network.netscience/2026-4-8/seeds-with-network.netscience/log_continuous_ris_optimized_seedNum-124_SSRNum-100000.txt
2026-03-11 11:30:42,065 - INFO - 首次生成种子集 1hop_sort
2026-03-11 11:30:42,065 - INFO - 执行当前算法开始: 1hop_sort
2026-03-11 11:30:42,066 - INFO - 当前用时 0.00 秒
2026-03-11 11:30:42,066 - INFO - 将种子集 写入位置: /root/work/coupon/coup_spread/network.netscience/2026-4-8/seeds-with-network.netscience/log_continuous_1hop_sort_seedNum-124_SSRNum-100000.txt
2026-03-11 11:30:42,066 - INFO - 评估种子集: None
2026-03-11 11:30:42,066 - INFO - 多进程评估开始，共有 6 个方法待评估...
2026-03-11 11:30:42,066 - INFO - 启动进程池，Worker数量: 6
2026-03-11 11:30:42,127 - INFO - [Process 23787] 开始评估方法: random, 种子数: 124
2026-03-11 11:30:42,130 - INFO - [Process 23786] 开始评估方法: degreeTopM, 种子数: 124
2026-03-11 11:30:42,146 - INFO - [Process 23789] 开始评估方法: pageRank, 种子数: 124
2026-03-11 11:30:42,166 - INFO - [Process 23791] 开始评估方法: alpha_sort, 种子数: 124
2026-03-11 11:30:42,187 - INFO - [Process 23794] 开始评估方法: ris_optimized, 种子数: 124
2026-03-11 11:30:42,206 - INFO - [Process 23795] 开始评估方法: 1hop_sort, 种子数: 124
2026-03-11 11:30:44,583 - INFO - [degreeTopM - 种子:124] 拉新:19.8人 | 总销量:20.8单 | 品牌曝光:311.5次 | 🌟综合得分:51.5
2026-03-11 11:30:44,706 - INFO - [pageRank - 种子:124] 拉新:20.8人 | 总销量:21.7单 | 品牌曝光:316.6次 | 🌟综合得分:52.9
2026-03-11 11:30:44,771 - INFO - [alpha_sort - 种子:124] 拉新:34.3人 | 总销量:36.0单 | 品牌曝光:330.4次 | 🌟综合得分:68.2
2026-03-11 11:30:44,876 - INFO - [random - 种子:124] 拉新:25.2人 | 总销量:27.0单 | 品牌曝光:339.2次 | 🌟综合得分:60.0
2026-03-11 11:30:45,003 - INFO - [1hop_sort - 种子:124] 拉新:35.1人 | 总销量:37.9单 | 品牌曝光:337.1次 | 🌟综合得分:70.2
2026-03-11 11:30:45,006 - INFO - [ris_optimized - 种子:124] 拉新:35.4人 | 总销量:37.6单 | 品牌曝光:345.5次 | 🌟综合得分:71.1
2026-03-11 11:30:45,021 - INFO - 所有进程执行完毕，开始写入数据...
2026-03-11 11:30:45,029 - INFO - 成功写入 6 条记录至 /root/work/coupon/coup_spread/gzc-impl/results/network.netscience/2026-4-8/log_continuous_SSRNum-100000-_seedNum-124_simuTimes-500.csv
2026-03-11 11:30:45,030 - INFO - 保存评估文件至: /root/work/coupon/coup_spread/gzc-impl/results/network.netscience/2026-4-8/log_continuous_SSRNum-100000-_seedNum-124_simuTimes-500.csv
2026-03-11 11:30:45,031 - INFO - 加载数据集: network.netscience
2026-03-11 11:30:45,032 - INFO - --- 矩阵分析 ---
2026-03-11 11:30:45,032 - INFO - 节点数 (N): 379
2026-03-11 11:30:45,032 - INFO - 边数 (E): 1828
2026-03-11 11:30:45,032 - INFO - 密度 (Density): 0.01272617 (越小越稀疏)
2026-03-11 11:30:45,032 - INFO - 稀疏度 (Sparsity): 0.98727383 (越接近1越稀疏)
2026-03-11 11:30:45,033 - INFO - 平均度数 (Avg Degree): 4.82
2026-03-11 11:30:45,033 - INFO - 首次生成度相关概率分布 分布类型: 'log_continuous'.
2026-03-11 11:30:45,033 - INFO - ===> Generating 'Log-Continuous' distributions for Real Graph...
2026-03-11 11:30:45,042 - INFO - 保存概率分布 文件位置: /root/work/coupon/coup_spread/network.netscience/2026-4-8/distribution-in-network.netscience/distribution-log_continuous_seedNum-136.pkl
2026-03-11 11:30:45,045 - INFO - 首次生成种子集 random
2026-03-11 11:30:45,045 - INFO - 执行当前算法开始: random
2026-03-11 11:30:45,045 - INFO - 数据集节点总数:  n = 379, m = 136
2026-03-11 11:30:45,045 - INFO - 选择 136  [99, 270, 184, 166, 227, 218, 37, 267, 327, 81, 241, 83, 311, 128, 156, 324, 25, 188, 253, 69, 312, 221, 71, 169, 241, 126, 155, 330, 19, 248, 359, 333, 69, 34, 71, 172, 114, 169, 307, 340, 327, 173, 107, 148, 241, 223, 314, 171, 184, 242, 357, 378, 71, 95, 86, 128, 341, 35, 307, 336, 1, 7, 44, 370, 132, 88, 197, 212, 201, 343, 335, 236, 274, 147, 76, 10, 284, 176, 114, 39, 115, 126, 268, 91, 130, 216, 89, 26, 25, 131, 16, 71, 46, 67, 284, 362, 16, 159, 82, 296, 131, 363, 223, 60, 168, 179, 244, 164, 165, 358, 227, 212, 372, 191, 98, 51, 303, 145, 342, 158, 371, 205, 229, 299, 231, 372, 45, 129, 193, 228, 367, 304, 65, 178, 113, 91]

2026-03-11 11:30:45,045 - INFO - 当前用时 0.00 秒
2026-03-11 11:30:45,046 - INFO - 将种子集 写入位置: /root/work/coupon/coup_spread/network.netscience/2026-4-8/seeds-with-network.netscience/log_continuous_random_seedNum-136_SSRNum-100000.txt
2026-03-11 11:30:45,046 - INFO - 首次生成种子集 degreeTopM
2026-03-11 11:30:45,046 - INFO - 执行当前算法开始: degreeTopM
2026-03-11 11:30:45,046 - INFO - 依据: 选择连接数（度数）最多的节点。
2026-03-11 11:30:45,046 - INFO - 选择的 Top M 节点及其度数:
2026-03-11 11:30:45,046 - INFO - 
2026-03-11 11:30:45,046 - INFO - 当前用时 0.00 秒
2026-03-11 11:30:45,047 - INFO - 将种子集 写入位置: /root/work/coupon/coup_spread/network.netscience/2026-4-8/seeds-with-network.netscience/log_continuous_degreeTopM_seedNum-136_SSRNum-100000.txt
2026-03-11 11:30:45,047 - INFO - 首次生成种子集 pageRank
2026-03-11 11:30:45,047 - INFO - 执行当前算法开始: pageRank
2026-03-11 11:30:45,047 - INFO - --- Running: PageRank (on tranProMatrix) Top M ---
2026-03-11 11:30:45,061 - INFO - Selected PageRank seeds: [58, 3, 4, 119, 72, 5, 142, 106, 53, 219, 189, 107, 13, 41, 187, 7, 44, 92, 94, 173, 62, 95, 167, 96, 118, 75, 8, 123, 235, 234, 113, 180, 217, 11, 0, 76, 232, 124, 233, 46, 20, 140, 329, 52, 156, 87, 362, 122, 268, 74, 126, 81, 252, 249, 250, 295, 14, 320, 204, 201, 267, 209, 127, 188, 258, 259, 200, 178, 193, 216, 162, 163, 225, 69, 280, 40, 42, 286, 198, 369, 247, 283, 15, 16, 28, 29, 63, 18, 19, 261, 265, 266, 269, 270, 210, 293, 146, 227, 54, 184, 166, 294, 120, 238, 239, 240, 241, 346, 347, 354, 43, 98, 155, 220, 161, 100, 101, 205, 206, 207, 221, 298, 299, 300, 301, 302, 59, 260, 262, 263, 168, 88, 9, 144, 112, 246]
2026-03-11 11:30:45,061 - INFO - 当前用时 0.01 秒
2026-03-11 11:30:45,062 - INFO - 将种子集 写入位置: /root/work/coupon/coup_spread/network.netscience/2026-4-8/seeds-with-network.netscience/log_continuous_pageRank_seedNum-136_SSRNum-100000.txt
2026-03-11 11:30:45,062 - INFO - 首次生成种子集 alpha_sort
2026-03-11 11:30:45,062 - INFO - 执行当前算法开始: alpha_sort
2026-03-11 11:30:45,062 - INFO - 379 个节点的alpha值降序排序 done
2026-03-11 11:30:45,062 - INFO - ==============>> [(78, np.float64(0.35427227442962705)), (241, np.float64(0.35208546573631255)), (158, np.float64(0.31766679726863595)), (1, np.float64(0.3117856226853924)), (340, np.float64(0.28921639450623615)), (67, np.float64(0.2764691206124293)), (51, np.float64(0.2706589730646163)), (59, np.float64(0.2664530346061096)), (70, np.float64(0.2650969197020722)), (351, np.float64(0.2563949528661557))]
2026-03-11 11:30:45,062 - INFO - 
选择的种子集 (按alpha排序): [78, 241, 158, 1, 340, 67, 51, 59, 70, 351, 313, 307, 355, 289, 236, 47, 196, 318, 176, 377, 333, 129, 42, 356, 145, 74, 350, 131, 346, 199, 14, 254, 60, 335, 309, 188, 214, 138, 49, 71, 185, 44, 76, 267, 317, 202, 357, 39, 170, 84, 153, 136, 225, 353, 243, 273, 217, 155, 222, 66, 206, 148, 279, 271, 310, 99, 365, 304, 277, 146, 343, 154, 52, 31, 159, 290, 160, 284, 332, 276, 79, 168, 296, 303, 177, 278, 297, 41, 215, 126, 10, 16, 152, 50, 23, 150, 352, 87, 108, 120, 128, 182, 101, 305, 144, 345, 143, 316, 63, 64, 89, 372, 200, 208, 302, 256, 348, 190, 22, 207, 104, 288, 341, 269, 124, 363, 62, 311, 325, 130, 36, 135, 354, 26, 226, 292]

2026-03-11 11:30:45,063 - INFO - 当前用时 0.00 秒
2026-03-11 11:30:45,063 - INFO - 将种子集 写入位置: /root/work/coupon/coup_spread/network.netscience/2026-4-8/seeds-with-network.netscience/log_continuous_alpha_sort_seedNum-136_SSRNum-100000.txt
2026-03-11 11:30:45,063 - INFO - 首次生成种子集 ris_optimized
2026-03-11 11:30:45,063 - INFO - 执行当前算法开始: ris_optimized
2026-03-11 11:30:45,108 - INFO - 开始生成 100000 组多重RR-Set (万级节点极限内存优化版)...
2026-03-11 11:31:11,690 - INFO - 生成与倒排构建完毕。耗时: 26.58 秒。
2026-03-11 11:31:11,692 - INFO - 开始基于 Numpy 矩阵的高速贪心选择...
2026-03-11 11:31:11,891 - INFO - 高速选种完毕。耗时: 0.20 秒。估算范围: 40.57
2026-03-11 11:31:11,902 - INFO - 当前用时 26.84 秒
2026-03-11 11:31:11,902 - INFO - 将种子集 写入位置: /root/work/coupon/coup_spread/network.netscience/2026-4-8/seeds-with-network.netscience/log_continuous_ris_optimized_seedNum-136_SSRNum-100000.txt
2026-03-11 11:31:11,903 - INFO - 首次生成种子集 1hop_sort
2026-03-11 11:31:11,903 - INFO - 执行当前算法开始: 1hop_sort
2026-03-11 11:31:11,904 - INFO - 当前用时 0.00 秒
2026-03-11 11:31:11,904 - INFO - 将种子集 写入位置: /root/work/coupon/coup_spread/network.netscience/2026-4-8/seeds-with-network.netscience/log_continuous_1hop_sort_seedNum-136_SSRNum-100000.txt
2026-03-11 11:31:11,904 - INFO - 评估种子集: None
2026-03-11 11:31:11,904 - INFO - 多进程评估开始，共有 6 个方法待评估...
2026-03-11 11:31:11,904 - INFO - 启动进程池，Worker数量: 6
2026-03-11 11:31:11,960 - INFO - [Process 23902] 开始评估方法: random, 种子数: 136
2026-03-11 11:31:11,967 - INFO - [Process 23904] 开始评估方法: degreeTopM, 种子数: 136
2026-03-11 11:31:11,975 - INFO - [Process 23903] 开始评估方法: alpha_sort, 种子数: 136
2026-03-11 11:31:11,972 - INFO - [Process 23906] 开始评估方法: pageRank, 种子数: 136
2026-03-11 11:31:11,990 - INFO - [Process 23905] 开始评估方法: ris_optimized, 种子数: 136
2026-03-11 11:31:11,992 - INFO - [Process 23907] 开始评估方法: 1hop_sort, 种子数: 136
2026-03-11 11:31:14,218 - INFO - [pageRank - 种子:136] 拉新:25.0人 | 总销量:26.5单 | 品牌曝光:341.9次 | 🌟综合得分:60.0
2026-03-11 11:31:14,358 - INFO - [alpha_sort - 种子:136] 拉新:38.6人 | 总销量:40.7单 | 品牌曝光:349.9次 | 🌟综合得分:74.6
2026-03-11 11:31:14,414 - INFO - [random - 种子:136] 拉新:31.0人 | 总销量:33.5单 | 品牌曝光:358.3次 | 🌟综合得分:68.1
2026-03-11 11:31:14,486 - INFO - [degreeTopM - 种子:136] 拉新:23.9人 | 总销量:25.2单 | 品牌曝光:337.4次 | 🌟综合得分:58.3
2026-03-11 11:31:14,822 - INFO - [1hop_sort - 种子:136] 拉新:39.3人 | 总销量:42.3单 | 品牌曝光:350.2次 | 🌟综合得分:75.8
2026-03-11 11:31:15,014 - INFO - [ris_optimized - 种子:136] 拉新:39.6人 | 总销量:42.4单 | 品牌曝光:364.4次 | 🌟综合得分:77.4
2026-03-11 11:31:15,030 - INFO - 所有进程执行完毕，开始写入数据...
2026-03-11 11:31:15,038 - INFO - 成功写入 6 条记录至 /root/work/coupon/coup_spread/gzc-impl/results/network.netscience/2026-4-8/log_continuous_SSRNum-100000-_seedNum-136_simuTimes-500.csv
2026-03-11 11:31:15,038 - INFO - 保存评估文件至: /root/work/coupon/coup_spread/gzc-impl/results/network.netscience/2026-4-8/log_continuous_SSRNum-100000-_seedNum-136_simuTimes-500.csv
2026-03-11 11:31:15,039 - INFO - 加载数据集: network.netscience
2026-03-11 11:31:15,040 - INFO - --- 矩阵分析 ---
2026-03-11 11:31:15,040 - INFO - 节点数 (N): 379
2026-03-11 11:31:15,040 - INFO - 边数 (E): 1828
2026-03-11 11:31:15,041 - INFO - 密度 (Density): 0.01272617 (越小越稀疏)
2026-03-11 11:31:15,041 - INFO - 稀疏度 (Sparsity): 0.98727383 (越接近1越稀疏)
2026-03-11 11:31:15,041 - INFO - 平均度数 (Avg Degree): 4.82
2026-03-11 11:31:15,042 - INFO - 首次生成度相关概率分布 分布类型: 'log_continuous'.
2026-03-11 11:31:15,042 - INFO - ===> Generating 'Log-Continuous' distributions for Real Graph...
2026-03-11 11:31:15,051 - INFO - 保存概率分布 文件位置: /root/work/coupon/coup_spread/network.netscience/2026-4-8/distribution-in-network.netscience/distribution-log_continuous_seedNum-148.pkl
2026-03-11 11:31:15,054 - INFO - 首次生成种子集 random
2026-03-11 11:31:15,054 - INFO - 执行当前算法开始: random
2026-03-11 11:31:15,054 - INFO - 数据集节点总数:  n = 379, m = 148
2026-03-11 11:31:15,055 - INFO - 选择 148  [158, 30, 44, 233, 77, 292, 161, 19, 137, 245, 212, 240, 294, 266, 76, 266, 186, 5, 74, 86, 331, 17, 371, 81, 285, 103, 314, 247, 85, 41, 275, 174, 349, 25, 42, 155, 98, 148, 245, 171, 207, 324, 204, 137, 205, 255, 98, 245, 51, 68, 237, 303, 334, 368, 134, 37, 203, 134, 297, 151, 252, 61, 25, 357, 277, 98, 275, 101, 16, 91, 362, 152, 343, 76, 373, 235, 365, 88, 107, 348, 201, 254, 152, 71, 96, 266, 256, 312, 239, 299, 359, 331, 227, 130, 17, 127, 135, 199, 242, 55, 345, 329, 85, 285, 60, 282, 117, 11, 312, 289, 371, 123, 363, 19, 215, 97, 147, 306, 173, 20, 154, 270, 14, 304, 90, 3, 365, 202, 8, 40, 243, 76, 108, 306, 242, 49, 149, 22, 168, 188, 113, 365, 258, 215, 117, 195, 206, 70]

2026-03-11 11:31:15,055 - INFO - 当前用时 0.00 秒
2026-03-11 11:31:15,055 - INFO - 将种子集 写入位置: /root/work/coupon/coup_spread/network.netscience/2026-4-8/seeds-with-network.netscience/log_continuous_random_seedNum-148_SSRNum-100000.txt
2026-03-11 11:31:15,055 - INFO - 首次生成种子集 degreeTopM
2026-03-11 11:31:15,055 - INFO - 执行当前算法开始: degreeTopM
2026-03-11 11:31:15,055 - INFO - 依据: 选择连接数（度数）最多的节点。
2026-03-11 11:31:15,056 - INFO - 选择的 Top M 节点及其度数:
2026-03-11 11:31:15,056 - INFO - 
2026-03-11 11:31:15,056 - INFO - 当前用时 0.00 秒
2026-03-11 11:31:15,056 - INFO - 将种子集 写入位置: /root/work/coupon/coup_spread/network.netscience/2026-4-8/seeds-with-network.netscience/log_continuous_degreeTopM_seedNum-148_SSRNum-100000.txt
2026-03-11 11:31:15,056 - INFO - 首次生成种子集 pageRank
2026-03-11 11:31:15,056 - INFO - 执行当前算法开始: pageRank
2026-03-11 11:31:15,057 - INFO - --- Running: PageRank (on tranProMatrix) Top M ---
2026-03-11 11:31:15,071 - INFO - Selected PageRank seeds: [58, 3, 4, 119, 72, 5, 142, 106, 53, 219, 189, 107, 13, 41, 187, 7, 44, 92, 94, 173, 62, 95, 167, 96, 118, 75, 8, 123, 235, 234, 113, 180, 217, 11, 0, 76, 232, 124, 233, 46, 20, 140, 329, 52, 156, 87, 362, 122, 268, 74, 126, 81, 252, 249, 250, 295, 14, 320, 204, 201, 267, 209, 127, 188, 258, 259, 200, 178, 193, 216, 162, 163, 225, 69, 280, 40, 42, 286, 198, 369, 247, 283, 15, 16, 28, 29, 63, 18, 19, 261, 265, 266, 269, 270, 210, 293, 146, 227, 54, 184, 166, 294, 120, 238, 239, 240, 241, 346, 347, 354, 43, 98, 155, 220, 161, 100, 101, 205, 206, 207, 221, 298, 299, 300, 301, 302, 59, 260, 262, 263, 168, 88, 9, 144, 112, 246, 248, 251, 253, 86, 327, 331, 341, 73, 271, 211, 212, 169]
2026-03-11 11:31:15,071 - INFO - 当前用时 0.01 秒
2026-03-11 11:31:15,071 - INFO - 将种子集 写入位置: /root/work/coupon/coup_spread/network.netscience/2026-4-8/seeds-with-network.netscience/log_continuous_pageRank_seedNum-148_SSRNum-100000.txt
2026-03-11 11:31:15,072 - INFO - 首次生成种子集 alpha_sort
2026-03-11 11:31:15,072 - INFO - 执行当前算法开始: alpha_sort
2026-03-11 11:31:15,072 - INFO - 379 个节点的alpha值降序排序 done
2026-03-11 11:31:15,072 - INFO - ==============>> [(138, np.float64(0.3637184715937668)), (131, np.float64(0.34316506922117535)), (45, np.float64(0.3277866200233394)), (282, np.float64(0.3131794436925958)), (359, np.float64(0.3087194286630767)), (186, np.float64(0.3076754590959741)), (248, np.float64(0.30483570360423673)), (51, np.float64(0.3018699475745682)), (23, np.float64(0.2980452849534066)), (373, np.float64(0.28462441455234716))]
2026-03-11 11:31:15,072 - INFO - 
选择的种子集 (按alpha排序): [138, 131, 45, 282, 359, 186, 248, 51, 23, 373, 339, 128, 211, 306, 335, 22, 98, 203, 194, 281, 198, 112, 136, 150, 328, 152, 244, 80, 341, 368, 221, 134, 343, 161, 75, 191, 104, 109, 225, 154, 124, 207, 199, 317, 182, 291, 143, 287, 256, 179, 279, 322, 243, 309, 245, 305, 34, 212, 371, 272, 214, 204, 99, 210, 292, 230, 213, 83, 308, 242, 196, 333, 218, 151, 365, 296, 2, 360, 110, 117, 358, 178, 231, 293, 280, 62, 144, 288, 90, 226, 302, 228, 318, 69, 37, 331, 35, 271, 78, 88, 140, 274, 60, 285, 290, 376, 79, 229, 121, 48, 169, 76, 180, 197, 304, 263, 129, 351, 334, 208, 378, 57, 157, 153, 24, 139, 18, 355, 257, 237, 67, 313, 114, 85, 103, 158, 265, 133, 195, 276, 170, 49, 71, 149, 330, 155, 323, 148]

2026-03-11 11:31:15,072 - INFO - 当前用时 0.00 秒
2026-03-11 11:31:15,072 - INFO - 将种子集 写入位置: /root/work/coupon/coup_spread/network.netscience/2026-4-8/seeds-with-network.netscience/log_continuous_alpha_sort_seedNum-148_SSRNum-100000.txt
2026-03-11 11:31:15,073 - INFO - 首次生成种子集 ris_optimized
2026-03-11 11:31:15,073 - INFO - 执行当前算法开始: ris_optimized
2026-03-11 11:31:15,085 - INFO - 开始生成 100000 组多重RR-Set (万级节点极限内存优化版)...
2026-03-11 11:31:44,154 - INFO - 生成与倒排构建完毕。耗时: 29.07 秒。
2026-03-11 11:31:44,156 - INFO - 开始基于 Numpy 矩阵的高速贪心选择...
2026-03-11 11:31:44,372 - INFO - 高速选种完毕。耗时: 0.22 秒。估算范围: 43.63
2026-03-11 11:31:44,386 - INFO - 当前用时 29.31 秒
2026-03-11 11:31:44,387 - INFO - 将种子集 写入位置: /root/work/coupon/coup_spread/network.netscience/2026-4-8/seeds-with-network.netscience/log_continuous_ris_optimized_seedNum-148_SSRNum-100000.txt
2026-03-11 11:31:44,387 - INFO - 首次生成种子集 1hop_sort
2026-03-11 11:31:44,387 - INFO - 执行当前算法开始: 1hop_sort
2026-03-11 11:31:44,388 - INFO - 当前用时 0.00 秒
2026-03-11 11:31:44,388 - INFO - 将种子集 写入位置: /root/work/coupon/coup_spread/network.netscience/2026-4-8/seeds-with-network.netscience/log_continuous_1hop_sort_seedNum-148_SSRNum-100000.txt
2026-03-11 11:31:44,389 - INFO - 评估种子集: None
2026-03-11 11:31:44,389 - INFO - 多进程评估开始，共有 6 个方法待评估...
2026-03-11 11:31:44,389 - INFO - 启动进程池，Worker数量: 6
2026-03-11 11:31:44,456 - INFO - [Process 24012] 开始评估方法: random, 种子数: 148
2026-03-11 11:31:44,474 - INFO - [Process 24014] 开始评估方法: degreeTopM, 种子数: 148
2026-03-11 11:31:44,490 - INFO - [Process 24015] 开始评估方法: pageRank, 种子数: 148
2026-03-11 11:31:44,508 - INFO - [Process 24013] 开始评估方法: alpha_sort, 种子数: 148
2026-03-11 11:31:44,538 - INFO - [Process 24016] 开始评估方法: ris_optimized, 种子数: 148
2026-03-11 11:31:44,547 - INFO - [Process 24017] 开始评估方法: 1hop_sort, 种子数: 148
2026-03-11 11:31:47,365 - INFO - [1hop_sort - 种子:148] 拉新:41.4人 | 总销量:45.4单 | 品牌曝光:385.3次 | 🌟综合得分:81.9
2026-03-11 11:31:47,494 - INFO - [pageRank - 种子:148] 拉新:25.5人 | 总销量:26.9单 | 品牌曝光:381.2次 | 🌟综合得分:64.4
2026-03-11 11:31:47,503 - INFO - [degreeTopM - 种子:148] 拉新:23.9人 | 总销量:25.1单 | 品牌曝光:382.1次 | 🌟综合得分:62.7
2026-03-11 11:31:47,614 - INFO - [random - 种子:148] 拉新:32.0人 | 总销量:34.8单 | 品牌曝光:403.1次 | 🌟综合得分:73.7
2026-03-11 11:31:47,761 - INFO - [alpha_sort - 种子:148] 拉新:41.7人 | 总销量:44.4单 | 品牌曝光:389.7次 | 🌟综合得分:82.0
2026-03-11 11:31:47,915 - INFO - [ris_optimized - 种子:148] 拉新:42.3人 | 总销量:45.5单 | 品牌曝光:399.7次 | 🌟综合得分:83.9
2026-03-11 11:31:47,934 - INFO - 所有进程执行完毕，开始写入数据...
2026-03-11 11:31:47,942 - INFO - 成功写入 6 条记录至 /root/work/coupon/coup_spread/gzc-impl/results/network.netscience/2026-4-8/log_continuous_SSRNum-100000-_seedNum-148_simuTimes-500.csv
2026-03-11 11:31:47,943 - INFO - 保存评估文件至: /root/work/coupon/coup_spread/gzc-impl/results/network.netscience/2026-4-8/log_continuous_SSRNum-100000-_seedNum-148_simuTimes-500.csv
