2025-11-18 18:16:45,387 - INFO - 加载数据集: Twitter
2025-11-18 18:16:45,390 - INFO - 首次生成度相关概率分布 分布类型: 'powerlaw'.
2025-11-18 18:16:45,390 - INFO - ===> 使用幂律分布生成四种分布
2025-11-18 18:16:45,401 - INFO - 保存概率分布 文件位置: /home/wen/pythonspace/data-test/Twitter/2025-11-18/distribution-in-Twitter/distribution-powerlaw_seedNum-500.pkl
2025-11-18 18:16:51,327 - INFO - 首次生成种子集 random
2025-11-18 18:16:51,327 - INFO - 执行当前算法开始: random
2025-11-18 18:16:51,328 - INFO - 当前用时 0.00 秒
2025-11-18 18:16:51,328 - INFO - 将种子集 写入位置: /home/wen/pythonspace/data-test/Twitter/2025-11-18/seeds-with-Twitter/distribution-powerlaw_random_seedNum-500.txt
2025-11-18 18:16:51,328 - INFO - 首次生成种子集 degreeTopM
2025-11-18 18:16:51,328 - INFO - 执行当前算法开始: degreeTopM
2025-11-18 18:16:51,330 - INFO - 当前用时 0.00 秒
2025-11-18 18:16:51,330 - INFO - 将种子集 写入位置: /home/wen/pythonspace/data-test/Twitter/2025-11-18/seeds-with-Twitter/distribution-powerlaw_degreeTopM_seedNum-500.txt
2025-11-18 18:16:51,330 - INFO - 首次生成种子集 alpha_sort
2025-11-18 18:16:51,330 - INFO - 执行当前算法开始: alpha_sort
2025-11-18 18:16:51,344 - INFO - 
选择的种子集 (按alpha排序): [15714, 4509, 4653, 13981, 5599, 16193, 16108, 23105, 5894, 5195, 9388, 18005, 18201, 21925, 9694, 5636, 12372, 4366, 21737, 8892, 4092, 12352, 22462, 14784, 11452, 4274, 20729, 23001, 4860, 18121, 7234, 19660, 7105, 22535, 14759, 7692, 8194, 23339, 5637, 17356, 12971, 17458, 8235, 9541, 21807, 18193, 10954, 20854, 12875, 1463, 22322, 9807, 7061, 19510, 10515, 2412, 18231, 19604, 10100, 3673, 18433, 7907, 13018, 14931, 9735, 9682, 10818, 18981, 22874, 18198, 6936, 14858, 21833, 16020, 20850, 7364, 11782, 7168, 12431, 20918, 17117, 10547, 4260, 6158, 6412, 22412, 20337, 19330, 7291, 17251, 3806, 21612, 5982, 16251, 14883, 6821, 1227, 13162, 2531, 22875, 15131, 8635, 316, 20805, 8878, 7703, 12354, 17806, 2231, 20089, 20621, 1188, 3494, 15411, 10534, 11359, 13641, 5020, 19015, 10346, 11065, 4308, 19096, 22741, 19238, 19665, 14298, 1057, 4831, 19630, 11914, 3060, 21464, 12345, 9494, 14125, 12275, 15450, 12330, 18287, 8158, 14507, 910, 12961, 15248, 13212, 7663, 19915, 18550, 13129, 18766, 8753, 14367, 15023, 10096, 11334, 18204, 17236, 4723, 16712, 14904, 9799, 8201, 9925, 20267, 16383, 14732, 12087, 9124, 7281, 22884, 15377, 8206, 10803, 7109, 22567, 12845, 22311, 21150, 19975, 4160, 18686, 8064, 7456, 22945, 21998, 18624, 19881, 4088, 3662, 1159, 11155, 7194, 9234, 13701, 12665, 22651, 13525, 23173, 5890, 22261, 8420, 22998, 3748, 2001, 9698, 10786, 21440, 22003, 18133, 20821, 20812, 3671, 2177, 12646, 14497, 18320, 4255, 5566, 11746, 8871, 17955, 796, 15866, 6128, 3812, 19399, 16609, 15005, 13822, 17940, 13394, 19953, 16103, 22355, 12984, 12085, 11109, 9606, 12937, 17826, 17651, 22551, 22545, 6325, 21862, 20329, 18464, 22638, 19757, 20790, 22109, 19074, 11859, 22106, 12483, 15733, 19582, 18613, 7182, 9783, 17660, 8989, 18078, 22474, 18164, 10702, 6965, 15367, 8043, 4181, 15001, 18629, 17967, 21372, 18282, 3235, 17928, 13345, 8861, 16522, 7224, 6672, 16134, 13818, 19765, 22132, 22015, 23208, 2984, 6072, 15623, 3627, 12388, 13104, 14532, 8412, 21466, 15344, 19021, 17037, 16995, 18344, 18211, 14006, 8882, 17993, 15530, 236, 5827, 9622, 16594, 11638, 14692, 17887, 2310, 12782, 21110, 5602, 5606, 13037, 20888, 22504, 4774, 8865, 8677, 12978, 10759, 16894, 10135, 10919, 15707, 5777, 15459, 8665, 18654, 11398, 15106, 11129, 21886, 4635, 7838, 6591, 9349, 1140, 22526, 8845, 14252, 15616, 15594, 5773, 18712, 16599, 14655, 23268, 19244, 6048, 14400, 17195, 10183, 7590, 23171, 10127, 3862, 18084, 14595, 17778, 17435, 9741, 13009, 14068, 8759, 20068, 15957, 19878, 4773, 7667, 439, 8791, 1910, 21700, 2560, 5304, 11146, 18484, 15188, 19422, 5638, 20136, 20869, 19935, 8516, 16721, 17112, 22640, 3002, 13271, 21728, 734, 17504, 13674, 23194, 20929, 6017, 8655, 16985, 12418, 5612, 12678, 10404, 16982, 3422, 14436, 9316, 292, 22189, 4527, 12503, 5187, 17645, 4956, 14696, 3437, 5006, 8775, 13481, 12892, 22283, 6102, 6631, 18525, 11978, 12651, 7872, 23355, 21280, 10461, 5841, 13916, 13702, 8037, 15583, 20321, 10139, 18599, 13807, 10891, 8473, 2278, 13994, 7499, 6429, 18969, 15373, 14428, 16082, 14855, 5027, 6694, 10458, 10251, 18765, 21741, 8818, 20091, 7622, 14251, 13983, 17828, 2220, 8962, 4546, 10684, 18522, 10644, 3144, 12459, 18520, 13547, 3520, 11442, 18210, 13184, 13046, 3949, 15443, 3004, 7255, 18040, 2395, 15311, 14487, 12075, 9087, 6654, 10883, 8833, 3658, 15863, 4240]

2025-11-18 18:16:51,345 - INFO - 当前用时 0.01 秒
2025-11-18 18:16:51,345 - INFO - 将种子集 写入位置: /home/wen/pythonspace/data-test/Twitter/2025-11-18/seeds-with-Twitter/distribution-powerlaw_alpha_sort_seedNum-500.txt
2025-11-18 18:16:51,345 - INFO - 首次生成种子集 importance_sort
2025-11-18 18:16:51,345 - INFO - 执行当前算法开始: importance_sort
2025-11-18 18:16:53,836 - INFO - 
选择的种子集 (按Importance排序): [15714, 4509, 16193, 9388, 4653, 13981, 5599, 23105, 16108, 9694, 12372, 18005, 5195, 21737, 5636, 23001, 5894, 12352, 11452, 18121, 8892, 18201, 22462, 21925, 4092, 4860, 22535, 4366, 14784, 19660, 4274, 7692, 14759, 7105, 7234, 23339, 8235, 20729, 18193, 9807, 5637, 17356, 17458, 7907, 20854, 9541, 12971, 3673, 22322, 12875, 8194, 14858, 10954, 19604, 18433, 4260, 22874, 18981, 6936, 7061, 21807, 16020, 2412, 17117, 16251, 20337, 10100, 1463, 21833, 15131, 19510, 13641, 10534, 18231, 10818, 10515, 9735, 11782, 6158, 10346, 14931, 13018, 8158, 9682, 8635, 6821, 10547, 8878, 20621, 17251, 18287, 4308, 18624, 19665, 4831, 5982, 1057, 18550, 22567, 18198, 19330, 12431, 20267, 20850, 6412, 3662, 7168, 4723, 9494, 2531, 12345, 13212, 4255, 7291, 13162, 3806, 7364, 3812, 19881, 21464, 15411, 21612, 23173, 9925, 22741, 14732, 21998, 19975, 5890, 19915, 1227, 22875, 7703, 14125, 12275, 22412, 20805, 12085, 20918, 796, 3494, 17236, 11334, 16712, 10803, 8206, 22003, 22474, 12354, 22945, 11914, 12483, 22311, 20089, 21150, 5020, 18629, 13394, 22545, 14883, 910, 22884, 9234, 10786, 18766, 20812, 19015, 12961, 15005, 19238, 15450, 3060, 15248, 2231, 12978, 316, 1188, 7663, 8871, 13345, 22132, 8201, 15023, 12087, 14497, 14298, 7194, 11065, 16383, 5566, 9783, 15106, 2001, 18654, 10135, 19096, 19630, 17806, 16103, 18613, 3748, 7281, 13822, 9799, 6672, 12665, 18464, 9622, 14367, 19582, 11359, 5612, 16894, 15377, 14507, 1159, 17778, 4160, 9606, 10096, 12984, 18344, 17651, 11746, 12330, 22109, 13525, 22640, 12782, 2177, 14400, 21466, 13129, 12845, 22651, 8753, 17940, 20790, 18204, 11155, 19399, 6631, 22261, 15866, 4088, 14904, 10759, 8516, 19757, 14428, 8882, 439, 17955, 15188, 10127, 14468, 21280, 4635, 13701, 20821, 20329, 7428, 18712, 8064, 10891, 15707, 7109, 13104, 18484, 15311, 8989, 18133, 15001, 3671, 9698, 5777, 8655, 7622, 12892, 4240, 8665, 11109, 18686, 16609, 19765, 13994, 5638, 7456, 22998, 9124, 22638, 2278, 8420, 3627, 6325, 7499, 734, 13046, 4774, 6048, 15459, 18765, 13037, 15344, 6591, 19953, 8865, 12872, 9741, 14683, 22015, 23355, 18522, 15101, 6429, 23194, 12678, 16599, 6965, 3862, 10702, 18164, 2310, 11129, 3520, 15367, 10919, 14692, 12646, 21632, 21741, 18320, 12388, 17826, 12072, 16160, 12075, 19074, 8861, 8759, 12937, 22827, 22283, 15443, 17660, 22551, 6128, 21440, 12503, 5606, 5118, 1140, 5827, 8412, 21862, 20929, 22106, 5027, 10076, 4546, 3067, 3949, 8717, 22355, 8043, 10139, 1910, 7838, 10684, 21266, 15119, 2984, 12896, 14252, 17887, 17967, 6194, 7182, 16721, 8791, 11859, 17993, 21700, 21139, 15373, 20068, 15594, 14924, 9349, 5209, 9195, 10883, 13361, 19021, 21286, 7768, 8677, 14006, 18520, 16995, 3144, 2560, 4181, 11398, 13332, 2367, 18888, 3579, 3437, 22422, 12067, 19244, 9689, 4527, 5317, 292, 18441, 17199, 5773, 2220, 18078, 18282, 6375, 22526, 12860, 13807, 14532, 15733, 14595, 6750, 3073, 22882, 19499, 2242, 8468, 18211, 16021, 11268, 4773, 8960, 15863, 23268, 17385, 12050, 9423, 15655, 3763, 15623, 11638, 12384, 21886, 16134, 13271, 13983, 8833, 236, 23274, 19935, 4735, 22287, 14585, 12317, 15616, 16982, 7235, 17177, 13009, 17828, 14251, 10365, 3658, 19341, 17928, 20287, 14436, 10859, 3235, 21013, 4496, 7224, 21194, 19117, 17645, 4063, 5592, 5602, 17037, 7872, 16594, 20869, 20357, 21372, 7590, 16522, 6654, 13671, 10562, 20091, 18599, 23344]

2025-11-18 18:16:53,838 - INFO - 当前用时 2.49 秒
2025-11-18 18:16:53,839 - INFO - 将种子集 写入位置: /home/wen/pythonspace/data-test/Twitter/2025-11-18/seeds-with-Twitter/distribution-powerlaw_importance_sort_seedNum-500.txt
2025-11-18 18:16:53,839 - INFO - 首次生成种子集 ris_coverage
2025-11-18 18:16:53,839 - INFO - 执行当前算法开始: ris_coverage
2025-11-18 18:16:53,918 - INFO - 反向图构建完成，处理了 65548 条边。
2025-11-18 18:16:53,921 - INFO - 图初始化完成，包含 23362 个节点，选择 500 个种子。
2025-11-18 18:16:53,921 - INFO - 
采样次数: 100000, 开始生成 100000 组SSR，使用 2 个并行进程...
2025-11-18 18:20:00,067 - INFO - 100000 个SSR生成完毕。耗时: 186.15 秒。
2025-11-18 18:20:00,075 - INFO - 
开始选择最优的种子节点 ...
2025-11-18 18:39:09,679 - INFO - 种子节点选择完毕。耗时: 1149.60 秒。
2025-11-18 18:39:11,436 - INFO - 最终选择的种子集: [4758, 3535, 1626, 21700, 11943, 3229, 4067, 4419, 12380, 4260, 12642, 4390, 11761, 326, 3781, 8886, 6240, 16020, 21926, 3447, 4092, 21599, 16286, 10042, 16772, 4203, 12989, 9287, 6570, 11602, 912, 9230, 11125, 21070, 4957, 12434, 7729, 16246, 12288, 7752, 1190, 14086, 6466, 9312, 622, 11388, 222, 715, 18112, 10734, 9209, 2358, 11904, 21560, 6087, 14491, 15077, 11208, 2842, 11453, 4291, 7679, 708, 7149, 19078, 165, 13113, 5283, 23302, 15920, 18200, 10367, 4376, 13319, 7558, 16967, 464, 20496, 13886, 5403, 10250, 17199, 15459, 5533, 6928, 22311, 2712, 4394, 6848, 12204, 1201, 4628, 8190, 3248, 1705, 11973, 6050, 20219, 312, 1278, 1745, 17325, 15001, 905, 14728, 9573, 4085, 19564, 4530, 10883, 19179, 8339, 142, 6582, 17566, 16804, 17351, 1152, 5850, 20085, 16356, 2017, 2110, 5100, 5595, 3554, 10409, 17525, 2678, 12630, 2925, 13539, 13605, 6257, 3634, 5240, 8424, 2209, 7397, 9751, 19005, 5531, 11277, 2875, 3412, 15119, 15565, 6821, 6209, 15075, 8874, 15224, 7457, 14947, 12635, 20805, 9895, 17856, 5021, 2648, 4265, 8603, 22945, 4923, 14415, 14701, 12611, 12315, 9373, 1872, 8764, 20275, 14218, 19782, 4707, 22287, 10802, 8465, 4883, 13742, 9162, 7185, 10954, 16376, 5566, 20486, 3796, 4438, 14446, 13405, 7182, 3431, 13926, 20574, 6032, 13999, 6156, 12853, 6625, 4947, 4423, 9669, 12837, 17180, 20628, 7327, 6458, 3792, 21305, 3051, 9468, 9181, 7370, 21172, 5989, 13479, 15583, 8705, 1974, 16160, 5721, 17251, 16818, 11816, 6616, 4215, 7264, 7994, 1591, 4558, 6145, 3627, 11069, 971, 10118, 1504, 22675, 16169, 8252, 15815, 17186, 22312, 2259, 3587, 8665, 18766, 12984, 3508, 2460, 4110, 22895, 7872, 8013, 8840, 17521, 20092, 3958, 7940, 2972, 7225, 1557, 13547, 23184, 16957, 11492, 2692, 4669, 1154, 7193, 2508, 9068, 3402, 6707, 20678, 16055, 22056, 13713, 1469, 2461, 13035, 3166, 17079, 13245, 4478, 12718, 14123, 4303, 18084, 867, 2706, 19667, 17778, 1904, 5114, 12834, 5949, 23240, 2799, 22746, 14949, 395, 781, 16408, 6713, 17620, 13366, 14422, 1855, 19330, 1783, 3713, 10925, 1770, 23094, 10647, 12396, 6449, 19783, 2667, 10719, 12177, 15766, 19382, 11726, 11286, 17885, 5232, 2069, 2186, 20359, 1272, 1466, 7090, 8561, 3002, 12524, 7146, 3424, 5996, 3806, 7973, 10784, 16196, 2876, 2148, 15071, 16809, 400, 6158, 316, 3460, 14828, 12032, 5960, 3959, 14727, 19499, 7667, 17113, 8892, 22641, 7745, 6251, 1570, 2673, 974, 11986, 350, 3942, 7205, 5320, 15874, 4515, 19476, 10612, 16461, 10594, 13867, 14297, 22322, 9202, 542, 21737, 22948, 18890, 8475, 5339, 20401, 20057, 37, 10874, 1713, 9027, 16459, 12034, 8950, 12974, 1480, 2654, 2612, 16834, 19205, 18904, 4476, 4514, 10205, 8999, 22083, 9735, 15164, 10771, 9955, 10733, 16395, 14198, 1780, 2032, 20648, 481, 16345, 9195, 1637, 20963, 9700, 11854, 2543, 3818, 13045, 22184, 21613, 8674, 11171, 14966, 18923, 3991, 924, 15707, 7441, 22551, 15013, 10533, 5400, 12563, 5592, 1080, 22893, 6271, 2738, 2079, 5870, 2904, 1295, 3495, 2923, 7567, 15058, 11206, 18873, 8902, 19460, 9239, 4031, 15414, 9532, 20436, 18710, 16078, 8708, 14560, 2834, 5809, 1529, 1973, 2340, 3701, 20498, 9649, 1655, 15043, 12442, 20609, 9265, 5278, 8301, 17178, 17014, 1379, 3533, 10510, 18140, 1355, 6954, 14710, 18534, 1819, 10860, 7700, 21677, 15686, 2318]

2025-11-18 18:39:22,569 - INFO - 当前用时 1348.73 秒
2025-11-18 18:39:22,583 - INFO - 将种子集 写入位置: /home/wen/pythonspace/data-test/Twitter/2025-11-18/seeds-with-Twitter/distribution-powerlaw_ris_coverage_seedNum-500.txt
2025-11-18 18:39:22,588 - INFO - 评估种子集: None
2025-11-18 18:39:22,588 - INFO - 评估函数开始
2025-11-18 18:39:22,588 - INFO - 当前模拟次数: [3]

2025-11-18 18:39:22,588 - INFO - 当前评估种子数: 500 ---
2025-11-18 18:39:22,589 - INFO -   Evaluating method: 'random' with 500 seeds.
2025-11-18 18:39:22,589 - INFO -     Running 3 simulations...
2025-11-18 18:39:22,589 - INFO - 		当前模拟轮次: 0
2025-11-18 18:39:23,502 - INFO - 		当前模拟轮次: 1
2025-11-18 18:39:23,676 - INFO - 		当前模拟轮次: 2
2025-11-18 18:39:23,851 - INFO -     Result: E[Users] = 255.6667, Var[Users] = 27.5556, Std_Dev = 5.2493
2025-11-18 18:39:23,930 - INFO -   Evaluating method: 'degreeTopM' with 500 seeds.
2025-11-18 18:39:23,930 - INFO -     Running 3 simulations...
2025-11-18 18:39:23,931 - INFO - 		当前模拟轮次: 0
2025-11-18 18:39:24,096 - INFO - 		当前模拟轮次: 1
2025-11-18 18:39:24,238 - INFO - 		当前模拟轮次: 2
2025-11-18 18:39:24,381 - INFO -     Result: E[Users] = 258.0000, Var[Users] = 130.6667, Std_Dev = 11.4310
2025-11-18 18:39:24,401 - INFO -   Evaluating method: 'alpha_sort' with 500 seeds.
2025-11-18 18:39:24,401 - INFO -     Running 3 simulations...
2025-11-18 18:39:24,401 - INFO - 		当前模拟轮次: 0
2025-11-18 18:39:24,474 - INFO - 		当前模拟轮次: 1
2025-11-18 18:39:24,500 - INFO - 		当前模拟轮次: 2
2025-11-18 18:39:24,572 - INFO -     Result: E[Users] = 424.6667, Var[Users] = 46.2222, Std_Dev = 6.7987
2025-11-18 18:39:24,574 - INFO -   Evaluating method: 'importance_sort' with 500 seeds.
2025-11-18 18:39:24,574 - INFO -     Running 3 simulations...
2025-11-18 18:39:24,574 - INFO - 		当前模拟轮次: 0
2025-11-18 18:39:24,642 - INFO - 		当前模拟轮次: 1
2025-11-18 18:39:24,708 - INFO - 		当前模拟轮次: 2
2025-11-18 18:39:24,789 - INFO -     Result: E[Users] = 425.3333, Var[Users] = 30.8889, Std_Dev = 5.5578
2025-11-18 18:39:24,791 - INFO -   Evaluating method: 'ris_coverage' with 500 seeds.
2025-11-18 18:39:24,791 - INFO -     Running 3 simulations...
2025-11-18 18:39:24,791 - INFO - 		当前模拟轮次: 0
2025-11-18 18:39:24,947 - INFO - 		当前模拟轮次: 1
2025-11-18 18:39:25,096 - INFO - 		当前模拟轮次: 2
2025-11-18 18:39:25,253 - INFO -     Result: E[Users] = 321.0000, Var[Users] = 6.0000, Std_Dev = 2.4495
2025-11-18 18:39:25,254 - INFO - 保存评估文件至: /home/wen/pythonspace/data-test/Twitter/2025-11-18/E-activated-Twitter/distribution-powerlaw/tsd_10.0-10.0-10.0/single_sim_func-AgainContinue/simuTimes-3_seedNum-500_monteCarloL-10_single_sim_func-AgainContinue_rrNumSamples-100000.csv
