2025-11-18 17:41:02,564 - INFO - 加载数据集: Twitter
2025-11-18 17:41:02,567 - INFO - 首次生成度相关概率分布 分布类型: 'powerlaw'.
2025-11-18 17:41:02,567 - INFO - ===> 使用幂律分布生成四种分布
2025-11-18 17:41:02,578 - INFO - 保存概率分布 文件位置: /home/wen/pythonspace/data-test/Twitter/2025-11-18/distribution-in-Twitter/distribution-powerlaw_seedNum-300.pkl
2025-11-18 17:41:07,607 - INFO - 首次生成种子集 random
2025-11-18 17:41:07,607 - INFO - 执行当前算法开始: random
2025-11-18 17:41:07,607 - INFO - 当前用时 0.00 秒
2025-11-18 17:41:07,608 - INFO - 将种子集 写入位置: /home/wen/pythonspace/data-test/Twitter/2025-11-18/seeds-with-Twitter/distribution-powerlaw_random_seedNum-300.txt
2025-11-18 17:41:07,608 - INFO - 首次生成种子集 degreeTopM
2025-11-18 17:41:07,608 - INFO - 执行当前算法开始: degreeTopM
2025-11-18 17:41:07,609 - INFO - 当前用时 0.00 秒
2025-11-18 17:41:07,610 - INFO - 将种子集 写入位置: /home/wen/pythonspace/data-test/Twitter/2025-11-18/seeds-with-Twitter/distribution-powerlaw_degreeTopM_seedNum-300.txt
2025-11-18 17:41:07,610 - INFO - 首次生成种子集 alpha_sort
2025-11-18 17:41:07,610 - INFO - 执行当前算法开始: alpha_sort
2025-11-18 17:41:07,623 - INFO - 
选择的种子集 (按alpha排序): [15714, 4509, 4653, 13981, 5599, 16193, 16108, 23105, 5894, 5195, 9388, 18005, 18201, 21925, 9694, 5636, 12372, 4366, 21737, 8892, 4092, 12352, 22462, 14784, 11452, 4274, 20729, 23001, 4860, 18121, 7234, 19660, 7105, 22535, 14759, 7692, 8194, 23339, 5637, 17356, 12971, 17458, 8235, 9541, 21807, 18193, 10954, 20854, 12875, 1463, 22322, 9807, 7061, 19510, 10515, 2412, 18231, 19604, 10100, 3673, 18433, 7907, 13018, 14931, 9735, 9682, 10818, 18981, 22874, 18198, 6936, 14858, 21833, 16020, 20850, 7364, 11782, 7168, 12431, 20918, 17117, 10547, 4260, 6158, 6412, 22412, 20337, 19330, 7291, 17251, 3806, 21612, 5982, 16251, 14883, 6821, 1227, 13162, 2531, 22875, 15131, 8635, 316, 20805, 8878, 7703, 12354, 17806, 2231, 20089, 20621, 1188, 3494, 15411, 10534, 11359, 13641, 5020, 19015, 10346, 11065, 4308, 19096, 22741, 19238, 19665, 14298, 1057, 4831, 19630, 11914, 3060, 21464, 12345, 9494, 14125, 12275, 15450, 12330, 18287, 8158, 14507, 910, 12961, 15248, 13212, 7663, 19915, 18550, 13129, 18766, 8753, 14367, 15023, 10096, 11334, 18204, 17236, 4723, 16712, 14904, 9799, 8201, 9925, 20267, 16383, 14732, 12087, 9124, 7281, 22884, 15377, 8206, 10803, 7109, 22567, 12845, 22311, 21150, 19975, 4160, 18686, 8064, 7456, 22945, 21998, 18624, 19881, 4088, 3662, 1159, 11155, 7194, 9234, 13701, 12665, 22651, 13525, 23173, 5890, 22261, 8420, 22998, 3748, 2001, 9698, 10786, 21440, 22003, 18133, 20821, 20812, 3671, 2177, 12646, 14497, 18320, 4255, 5566, 11746, 8871, 17955, 796, 15866, 6128, 3812, 19399, 16609, 15005, 13822, 17940, 13394, 19953, 16103, 22355, 12984, 12085, 11109, 9606, 12937, 17826, 17651, 22551, 22545, 6325, 21862, 20329, 18464, 22638, 19757, 20790, 22109, 19074, 11859, 22106, 12483, 15733, 19582, 18613, 7182, 9783, 17660, 8989, 18078, 22474, 18164, 10702, 6965, 15367, 8043, 4181, 15001, 18629, 17967, 21372, 18282, 3235, 17928, 13345, 8861, 16522, 7224, 6672, 16134, 13818, 19765, 22132, 22015, 23208, 2984, 6072, 15623, 3627, 12388, 13104, 14532, 8412, 21466, 15344, 19021]

2025-11-18 17:41:07,624 - INFO - 当前用时 0.01 秒
2025-11-18 17:41:07,624 - INFO - 将种子集 写入位置: /home/wen/pythonspace/data-test/Twitter/2025-11-18/seeds-with-Twitter/distribution-powerlaw_alpha_sort_seedNum-300.txt
2025-11-18 17:41:07,624 - INFO - 首次生成种子集 importance_sort
2025-11-18 17:41:07,624 - INFO - 执行当前算法开始: importance_sort
2025-11-18 17:41:10,018 - INFO - 
选择的种子集 (按Importance排序): [366, 5360, 380, 1805, 584, 491, 179, 561, 843, 338, 11649, 6518, 0, 2157, 928, 2621, 1767, 721, 560, 635, 5922, 2444, 4786, 844, 412, 1320, 180, 854, 411, 1753, 845, 839, 1447, 849, 1317, 498, 3625, 5119, 487, 1597, 6839, 3107, 2625, 22, 24, 827, 1165, 1358, 10674, 3649, 337, 69, 1563, 819, 934, 559, 17, 3788, 4659, 724, 14860, 562, 943, 360, 25, 492, 1593, 2086, 2103, 2643, 14351, 4146, 13496, 1312, 3287, 434, 1365, 726, 592, 6111, 723, 373, 836, 497, 63, 539, 942, 2626, 52, 1808, 1306, 835, 185, 2627, 722, 1300, 14796, 663, 1491, 671, 628, 5471, 1751, 6425, 535, 4408, 1766, 3647, 4145, 5926, 2697, 1856, 4132, 5928, 4048, 1324, 2617, 931, 4814, 1495, 362, 1748, 21710, 1366, 1364, 339, 2448, 534, 2616, 630, 1886, 2644, 705, 8950, 1361, 1759, 3034, 10101, 1749, 1443, 1857, 1378, 2024, 1600, 1350, 3522, 1302, 1756, 1596, 486, 50, 929, 6, 665, 1754, 3964, 1370, 494, 116, 4137, 1308, 967, 68, 3956, 524, 1763, 1441, 2127, 2377, 9914, 594, 3464, 1323, 2623, 2038, 2232, 9307, 707, 199, 375, 1368, 519, 21402, 6349, 7140, 939, 1621, 3789, 829, 4144, 5563, 4069, 847, 71, 4660, 515, 62, 1803, 89, 593, 4068, 1322, 2957, 5927, 1497, 3288, 8996, 1487, 2, 517, 3339, 55, 9379, 851, 54, 8765, 6378, 8218, 2116, 1318, 11458, 4141, 4133, 10920, 26, 3811, 2087, 631, 53, 1309, 38, 1442, 2746, 4425, 76, 540, 2961, 1301, 376, 725, 2748, 94, 499, 1446, 1757, 3358, 18, 1761, 3342, 1502, 447, 2424, 4139, 541, 2624, 2085, 2445, 14189, 1819, 2101, 2106, 8956, 13309, 629, 932, 1772, 1775, 2099, 20, 627, 670, 2953, 8042, 490, 838, 7709, 11112, 2599, 2963, 413, 2952, 1804, 727, 340, 1823, 11096, 1360, 5327, 353, 11971, 2743, 4664, 16005, 1313, 4665, 3861, 9303, 2450, 11, 528]

2025-11-18 17:41:10,020 - INFO - 当前用时 2.40 秒
2025-11-18 17:41:10,020 - INFO - 将种子集 写入位置: /home/wen/pythonspace/data-test/Twitter/2025-11-18/seeds-with-Twitter/distribution-powerlaw_importance_sort_seedNum-300.txt
2025-11-18 17:41:10,020 - INFO - 首次生成种子集 ris_coverage
2025-11-18 17:41:10,020 - INFO - 执行当前算法开始: ris_coverage
2025-11-18 17:41:10,065 - INFO - 反向图构建完成，处理了 65548 条边。
2025-11-18 17:41:10,067 - INFO - 图初始化完成，包含 23362 个节点，选择 300 个种子。
2025-11-18 17:41:10,067 - INFO - 
采样次数: 100000, 开始生成 100000 组SSR，使用 2 个并行进程...
2025-11-18 17:42:54,351 - INFO - 100000 个SSR生成完毕。耗时: 104.28 秒。
2025-11-18 17:42:54,361 - INFO - 
开始选择最优的种子节点 ...
2025-11-18 17:49:19,802 - INFO - 种子节点选择完毕。耗时: 385.44 秒。
2025-11-18 17:49:20,614 - INFO - 最终选择的种子集: [17851, 16675, 2777, 13981, 4956, 20994, 4824, 20839, 14016, 2300, 598, 7948, 20142, 14466, 18350, 6737, 5249, 622, 13639, 17037, 17178, 19005, 4797, 8602, 6402, 10545, 3641, 1053, 3671, 4982, 18206, 11334, 15416, 5788, 7200, 12091, 21144, 19703, 14339, 870, 9986, 13483, 2202, 10328, 11702, 12280, 2974, 15633, 3783, 12057, 7906, 3725, 17398, 11973, 12125, 16665, 19387, 4017, 4163, 5525, 11001, 4669, 8997, 4823, 13834, 6653, 12785, 5066, 10348, 21689, 14877, 7284, 3080, 9620, 15957, 6054, 8537, 23234, 8699, 14731, 14696, 19499, 1637, 13043, 9909, 13746, 5102, 637, 12955, 8440, 3404, 10115, 7428, 6268, 1924, 13713, 11917, 2692, 15460, 2102, 3455, 6257, 21281, 3614, 8723, 5618, 4971, 5703, 4052, 7174, 20420, 20648, 5612, 6219, 7873, 7436, 11845, 6685, 6406, 13445, 8525, 10819, 3515, 19293, 17580, 2252, 318, 19264, 1001, 3982, 302, 3344, 12911, 21487, 13729, 2906, 19996, 6640, 4274, 21046, 3537, 5092, 4260, 3361, 17196, 451, 2015, 20365, 4831, 7182, 8954, 793, 6256, 21995, 9205, 4675, 2916, 20121, 3826, 10420, 13916, 2983, 543, 16814, 12599, 4410, 2731, 9215, 18931, 22283, 1998, 16835, 12892, 21, 5838, 6175, 4438, 17153, 6857, 15869, 19307, 7891, 19077, 6615, 22728, 10827, 1670, 9643, 1728, 13743, 21859, 7637, 4599, 987, 17415, 16845, 14295, 7320, 9880, 5397, 5158, 7, 18238, 7789, 14411, 10799, 6779, 22387, 8134, 11599, 7262, 9538, 173, 22489, 14165, 2312, 11729, 7667, 6088, 1048, 238, 6983, 20095, 651, 19044, 42, 14055, 5304, 19652, 13890, 15105, 1510, 5285, 8469, 17754, 3113, 3330, 21596, 2437, 5333, 4940, 15109, 16854, 5394, 21741, 3347, 15759, 4082, 21381, 19049, 22449, 3662, 4502, 21462, 10409, 6101, 19548, 7360, 6322, 12144, 20228, 16867, 22428, 22610, 7577, 3213, 10262, 3144, 4287, 8219, 16650, 13151, 2704, 3619, 2653, 4075, 22972, 18811, 9922, 7457, 1408, 6327, 5410, 12440, 8780, 12490, 4642, 6394, 14744, 17222, 14774, 13921, 2885, 16753, 3372, 15494, 6310, 35, 11750, 17123]

2025-11-18 17:49:27,723 - INFO - 当前用时 497.70 秒
2025-11-18 17:49:27,724 - INFO - 将种子集 写入位置: /home/wen/pythonspace/data-test/Twitter/2025-11-18/seeds-with-Twitter/distribution-powerlaw_ris_coverage_seedNum-300.txt
2025-11-18 17:49:27,731 - INFO - 评估种子集: None
2025-11-18 17:49:27,731 - INFO - 评估函数开始
2025-11-18 17:49:27,731 - INFO - 当前模拟次数: [3]

2025-11-18 17:49:27,731 - INFO - 当前评估种子数: 300 ---
2025-11-18 17:49:27,731 - INFO -   Evaluating method: 'random' with 300 seeds.
2025-11-18 17:49:27,731 - INFO -     Running 3 simulations...
2025-11-18 17:49:27,731 - INFO - 		当前模拟轮次: 0
2025-11-18 17:49:28,726 - INFO - 		当前模拟轮次: 1
2025-11-18 17:49:28,837 - INFO - 		当前模拟轮次: 2
2025-11-18 17:49:28,941 - INFO -     Result: E[Users] = 155.6667, Var[Users] = 27.5556, Std_Dev = 5.2493
2025-11-18 17:49:28,955 - INFO -   Evaluating method: 'degreeTopM' with 300 seeds.
2025-11-18 17:49:28,955 - INFO -     Running 3 simulations...
2025-11-18 17:49:28,955 - INFO - 		当前模拟轮次: 0
2025-11-18 17:49:29,056 - INFO - 		当前模拟轮次: 1
2025-11-18 17:49:29,192 - INFO - 		当前模拟轮次: 2
2025-11-18 17:49:29,348 - INFO -     Result: E[Users] = 152.3333, Var[Users] = 43.5556, Std_Dev = 6.5997
2025-11-18 17:49:29,351 - INFO -   Evaluating method: 'alpha_sort' with 300 seeds.
2025-11-18 17:49:29,352 - INFO -     Running 3 simulations...
2025-11-18 17:49:29,352 - INFO - 		当前模拟轮次: 0
2025-11-18 17:49:29,420 - INFO - 		当前模拟轮次: 1
2025-11-18 17:49:29,463 - INFO - 		当前模拟轮次: 2
2025-11-18 17:49:29,500 - INFO -     Result: E[Users] = 264.0000, Var[Users] = 24.6667, Std_Dev = 4.9666
2025-11-18 17:49:29,503 - INFO -   Evaluating method: 'importance_sort' with 300 seeds.
2025-11-18 17:49:29,503 - INFO -     Running 3 simulations...
2025-11-18 17:49:29,503 - INFO - 		当前模拟轮次: 0
2025-11-18 17:49:29,628 - INFO - 		当前模拟轮次: 1
2025-11-18 17:49:29,738 - INFO - 		当前模拟轮次: 2
2025-11-18 17:49:29,854 - INFO -     Result: E[Users] = 159.6667, Var[Users] = 38.2222, Std_Dev = 6.1824
2025-11-18 17:49:29,855 - INFO -   Evaluating method: 'ris_coverage' with 300 seeds.
2025-11-18 17:49:29,855 - INFO -     Running 3 simulations...
2025-11-18 17:49:29,856 - INFO - 		当前模拟轮次: 0
2025-11-18 17:49:29,947 - INFO - 		当前模拟轮次: 1
2025-11-18 17:49:30,051 - INFO - 		当前模拟轮次: 2
2025-11-18 17:49:30,129 - INFO -     Result: E[Users] = 198.3333, Var[Users] = 0.2222, Std_Dev = 0.4714
2025-11-18 17:49:30,131 - INFO - 保存评估文件至: /home/wen/pythonspace/data-test/Twitter/2025-11-18/E-activated-Twitter/distribution-powerlaw/tsd_10.0-10.0-10.0/single_sim_func-AgainContinue/simuTimes-3_seedNum-300_monteCarloL-10_single_sim_func-AgainContinue_rrNumSamples-100000.csv
