2026-01-06 15:37:22,228 - INFO - 加载数据集: network.netDog
2026-01-06 15:37:22,228 - INFO - --- 矩阵分析 ---
2026-01-06 15:37:22,229 - INFO - 节点数 (N): 4502
2026-01-06 15:37:22,229 - INFO - 边数 (E): 29580
2026-01-06 15:37:22,229 - INFO - 密度 (Density): 0.00145944 (越小越稀疏)
2026-01-06 15:37:22,229 - INFO - 稀疏度 (Sparsity): 0.99854056 (越接近1越稀疏)
2026-01-06 15:37:22,229 - INFO - 平均度数 (Avg Degree): 6.57
2026-01-06 15:37:22,229 - INFO - 首次生成度相关概率分布 分布类型: 'random'.
2026-01-06 15:37:22,229 - INFO - ===> Generating 'Dirichlet' with Degree Bias...
2026-01-06 15:37:22,230 - INFO -      Alpha: [500, 500, 500]
2026-01-06 15:37:22,230 - INFO -      Factors -> Succ: -0.5, Dis: -0.8, Tran: 0.8
2026-01-06 15:37:22,230 - INFO - --- check node (Max Degree=429.0) ---
2026-01-06 15:37:22,231 - INFO -     Base Prob: [0.31739893 0.33625952 0.34634155]
2026-01-06 15:37:22,231 - INFO -     Final Prob: Succ=0.0003, Dis=0.0001, Tran=0.9996
2026-01-06 15:37:22,231 - INFO - 保存概率分布 文件位置: /root/pythonspace/data-test/network.netDog/2026-1-7-with-factor-soft-thresold/distribution-in-network.netDog/distribution-random_seedNum-30.pkl
2026-01-06 15:37:22,255 - INFO - 首次生成种子集 random
2026-01-06 15:37:22,256 - INFO - 执行当前算法开始: random
2026-01-06 15:37:22,256 - INFO - 数据集节点总数:  n = 4502, m = 30
2026-01-06 15:37:22,256 - INFO - 选择 30  [3179, 558, 1560, 2260, 4473, 671, 4006, 2109, 1014, 2910, 1967, 2890, 1143, 2290, 4183, 3915, 4320, 1837, 1238, 1916, 4077, 2327, 2165, 2272, 3547, 2246, 3477, 2728, 169, 1357]

2026-01-06 15:37:22,256 - INFO - 当前用时 0.00 秒
2026-01-06 15:37:22,256 - INFO - 将种子集 写入位置: /root/pythonspace/data-test/network.netDog/2026-1-7-with-factor-soft-thresold/seeds-with-network.netDog/random_random_seedNum-30_SSRNum-100000.txt
2026-01-06 15:37:22,256 - INFO - 首次生成种子集 degreeTopM
2026-01-06 15:37:22,256 - INFO - 执行当前算法开始: degreeTopM
2026-01-06 15:37:22,256 - INFO - 依据: 选择连接数（度数）最多的节点。
2026-01-06 15:37:22,257 - INFO - 选择的 Top M 节点及其度数:
2026-01-06 15:37:22,257 - INFO - 
2026-01-06 15:37:22,257 - INFO - 当前用时 0.00 秒
2026-01-06 15:37:22,257 - INFO - 将种子集 写入位置: /root/pythonspace/data-test/network.netDog/2026-1-7-with-factor-soft-thresold/seeds-with-network.netDog/random_degreeTopM_seedNum-30_SSRNum-100000.txt
2026-01-06 15:37:22,257 - INFO - 首次生成种子集 pageRank
2026-01-06 15:37:22,257 - INFO - 执行当前算法开始: pageRank
2026-01-06 15:37:22,257 - INFO - --- Running: PageRank (on tranProMatrix) Top M ---
2026-01-06 15:37:22,537 - INFO - Selected PageRank seeds: [79, 135, 83, 16, 45, 133, 243, 36, 33, 12, 2, 125, 4, 167, 38, 77, 19, 17, 128, 129, 62, 329, 13, 35, 294, 14, 414, 318, 162, 26]
2026-01-06 15:37:22,544 - INFO - 当前用时 0.29 秒
2026-01-06 15:37:22,544 - INFO - 将种子集 写入位置: /root/pythonspace/data-test/network.netDog/2026-1-7-with-factor-soft-thresold/seeds-with-network.netDog/random_pageRank_seedNum-30_SSRNum-100000.txt
2026-01-06 15:37:22,544 - INFO - 首次生成种子集 alpha_sort
2026-01-06 15:37:22,544 - INFO - 执行当前算法开始: alpha_sort
2026-01-06 15:37:22,546 - INFO - 4502 个节点的alpha值降序排序 done
2026-01-06 15:37:22,546 - INFO - ==============>> [(3721, 0.20130957047214337), (2455, 0.19858247094669348), (31, 0.19638187645656197), (2522, 0.19556279888107103), (2531, 0.1950216194228228), (3515, 0.19457695000875372), (3604, 0.19385552229309044), (3925, 0.19290533780001992), (3161, 0.19234453892619804), (4451, 0.19231088088855244)]
2026-01-06 15:37:22,546 - INFO - 
选择的种子集 (按alpha排序): [3721, 2455, 31, 2522, 2531, 3515, 3604, 3925, 3161, 4451, 653, 3747, 3446, 1573, 2271, 2704, 1133, 2843, 4005, 4212, 3344, 3897, 2975, 2957, 3290, 714, 3681, 2406, 3126, 106]

2026-01-06 15:37:22,547 - INFO - 当前用时 0.00 秒
2026-01-06 15:37:22,547 - INFO - 将种子集 写入位置: /root/pythonspace/data-test/network.netDog/2026-1-7-with-factor-soft-thresold/seeds-with-network.netDog/random_alpha_sort_seedNum-30_SSRNum-100000.txt
2026-01-06 15:37:22,547 - INFO - 首次生成种子集 importance_sort
2026-01-06 15:37:22,547 - INFO - 执行当前算法开始: importance_sort
2026-01-06 15:37:23,111 - INFO - 4502 个节点的Importance值降序排序 done
2026-01-06 15:37:23,111 - INFO - 
选择的种子集 (按Importance排序): [3721, 2455, 31, 2522, 2531, 3515, 3604, 3925, 3161, 4451, 653, 3747, 3446, 1573, 2271, 2704, 1133, 2843, 4005, 4212, 3344, 3897, 2975, 2957, 3290, 714, 3681, 2406, 3126, 106]

2026-01-06 15:37:23,111 - INFO - 当前用时 0.56 秒
2026-01-06 15:37:23,111 - INFO - 将种子集 写入位置: /root/pythonspace/data-test/network.netDog/2026-1-7-with-factor-soft-thresold/seeds-with-network.netDog/random_importance_sort_seedNum-30_SSRNum-100000.txt
2026-01-06 15:37:23,111 - INFO - 首次生成种子集 ris_coverage
2026-01-06 15:37:23,111 - INFO - 执行当前算法开始: ris_coverage
2026-01-06 15:37:23,232 - INFO - 图初始化完成，节点数: 4502，CSR 矩阵准备就绪。
2026-01-06 15:37:23,232 - INFO - 
开始生成 100000 组 SSR (并行进程: 8)...
2026-01-06 15:37:27,304 - INFO - 生成完毕。耗时: 4.07 秒。
2026-01-06 15:37:27,305 - INFO - 
开始选择最优种子 (Optimized Greedy) ...
2026-01-06 15:37:28,612 - INFO -   - 券 1/30 选中节点 310, 新增覆盖 22
2026-01-06 15:37:28,617 - INFO -   - 券 2/30 选中节点 4457, 新增覆盖 25
2026-01-06 15:37:28,623 - INFO -   - 券 3/30 选中节点 1006, 新增覆盖 21
2026-01-06 15:37:28,633 - INFO -   - 券 4/30 选中节点 765, 新增覆盖 25
2026-01-06 15:37:28,644 - INFO -   - 券 5/30 选中节点 1965, 新增覆盖 25
2026-01-06 15:37:28,657 - INFO -   - 券 6/30 选中节点 2902, 新增覆盖 22
2026-01-06 15:37:28,672 - INFO -   - 券 7/30 选中节点 3448, 新增覆盖 25
2026-01-06 15:37:28,689 - INFO -   - 券 8/30 选中节点 1129, 新增覆盖 23
2026-01-06 15:37:28,707 - INFO -   - 券 9/30 选中节点 1868, 新增覆盖 22
2026-01-06 15:37:28,724 - INFO -   - 券 10/30 选中节点 287, 新增覆盖 21
2026-01-06 15:37:28,747 - INFO -   - 券 11/30 选中节点 2729, 新增覆盖 21
2026-01-06 15:37:28,771 - INFO -   - 券 12/30 选中节点 3646, 新增覆盖 21
2026-01-06 15:37:28,794 - INFO -   - 券 13/30 选中节点 111, 新增覆盖 22
2026-01-06 15:37:28,820 - INFO -   - 券 14/30 选中节点 2909, 新增覆盖 24
2026-01-06 15:37:28,847 - INFO -   - 券 15/30 选中节点 4088, 新增覆盖 20
2026-01-06 15:37:28,877 - INFO -   - 券 16/30 选中节点 2150, 新增覆盖 25
2026-01-06 15:37:28,905 - INFO -   - 券 17/30 选中节点 3012, 新增覆盖 24
2026-01-06 15:37:28,934 - INFO -   - 券 18/30 选中节点 2935, 新增覆盖 23
2026-01-06 15:37:28,972 - INFO -   - 券 19/30 选中节点 1863, 新增覆盖 25
2026-01-06 15:37:29,023 - INFO -   - 券 20/30 选中节点 1247, 新增覆盖 21
2026-01-06 15:37:29,079 - INFO -   - 券 21/30 选中节点 747, 新增覆盖 22
2026-01-06 15:37:29,137 - INFO -   - 券 22/30 选中节点 1849, 新增覆盖 26
2026-01-06 15:37:29,195 - INFO -   - 券 23/30 选中节点 4031, 新增覆盖 22
2026-01-06 15:37:29,243 - INFO -   - 券 24/30 选中节点 1827, 新增覆盖 25
2026-01-06 15:37:29,290 - INFO -   - 券 25/30 选中节点 1182, 新增覆盖 25
2026-01-06 15:37:29,338 - INFO -   - 券 26/30 选中节点 2748, 新增覆盖 23
2026-01-06 15:37:29,392 - INFO -   - 券 27/30 选中节点 4408, 新增覆盖 26
2026-01-06 15:37:29,458 - INFO -   - 券 28/30 选中节点 2560, 新增覆盖 23
2026-01-06 15:37:29,534 - INFO -   - 券 29/30 选中节点 2817, 新增覆盖 22
2026-01-06 15:37:29,592 - INFO -   - 券 30/30 选中节点 2804, 新增覆盖 24
2026-01-06 15:37:29,592 - INFO - 选种完毕。耗时: 2.29 秒。
2026-01-06 15:37:29,645 - INFO - 最终选择的种子集: [310, 4457, 1006, 765, 1965, 2902, 3448, 1129, 1868, 287, 2729, 3646, 111, 2909, 4088, 2150, 3012, 2935, 1863, 1247, 747, 1849, 4031, 1827, 1182, 2748, 4408, 2560, 2817, 2804]

2026-01-06 15:37:29,865 - INFO - 当前用时 6.75 秒
2026-01-06 15:37:29,865 - INFO - 将种子集 写入位置: /root/pythonspace/data-test/network.netDog/2026-1-7-with-factor-soft-thresold/seeds-with-network.netDog/random_ris_coverage_seedNum-30_SSRNum-100000.txt
2026-01-06 15:37:29,866 - INFO - 评估种子集: None
2026-01-06 15:37:29,866 - INFO - 多进程评估开始，共有 6 个方法待评估...
2026-01-06 15:37:29,866 - INFO - 启动进程池，Worker数量: 6
2026-01-06 15:37:30,277 - INFO - [Process 4613] 开始评估方法: random, 种子数: 30
2026-01-06 15:37:30,576 - INFO - [Process 4614] 开始评估方法: degreeTopM, 种子数: 30
2026-01-06 15:37:30,877 - INFO - [Process 4615] 开始评估方法: pageRank, 种子数: 30
2026-01-06 15:37:31,189 - INFO - [Process 4616] 开始评估方法: alpha_sort, 种子数: 30
2026-01-06 15:37:31,506 - INFO - [Process 4617] 开始评估方法: importance_sort, 种子数: 30
2026-01-06 15:37:31,791 - INFO - [Process 4618] 开始评估方法: ris_coverage, 种子数: 30
2026-01-06 15:37:35,515 - INFO - [Process 4613] random - 1000 sims 完成: E=12.27
2026-01-06 15:37:35,651 - INFO - [Process 4616] alpha_sort - 1000 sims 完成: E=13.40
2026-01-06 15:37:35,859 - INFO - [Process 4617] importance_sort - 1000 sims 完成: E=13.40
2026-01-06 15:37:36,340 - INFO - [Process 4618] ris_coverage - 1000 sims 完成: E=12.96
2026-01-06 15:37:37,340 - INFO - [Process 4615] pageRank - 1000 sims 完成: E=10.72
2026-01-06 15:37:37,460 - INFO - [Process 4614] degreeTopM - 1000 sims 完成: E=10.44
2026-01-06 15:37:37,479 - INFO - 所有进程执行完毕，开始写入数据...
2026-01-06 15:37:37,482 - INFO - 成功写入 6 条记录至 /root/pythonspace/data-test/network.netDog/2026-1-7-with-factor-soft-thresold/E-activated-network.netDog/distribution-random/simuTimes-1000_random-dirichlet-[500, 500, 500]_rrNumSamples-100000.csv
2026-01-06 15:37:37,483 - INFO - 保存评估文件至: /root/pythonspace/data-test/network.netDog/2026-1-7-with-factor-soft-thresold/E-activated-network.netDog/distribution-random/simuTimes-1000_random-dirichlet-[500, 500, 500]_rrNumSamples-100000.csv
2026-01-06 15:37:37,488 - INFO - 加载数据集: network.netDog
2026-01-06 15:37:37,489 - INFO - --- 矩阵分析 ---
2026-01-06 15:37:37,489 - INFO - 节点数 (N): 4502
2026-01-06 15:37:37,489 - INFO - 边数 (E): 29580
2026-01-06 15:37:37,489 - INFO - 密度 (Density): 0.00145944 (越小越稀疏)
2026-01-06 15:37:37,489 - INFO - 稀疏度 (Sparsity): 0.99854056 (越接近1越稀疏)
2026-01-06 15:37:37,489 - INFO - 平均度数 (Avg Degree): 6.57
2026-01-06 15:37:37,489 - INFO - 首次生成度相关概率分布 分布类型: 'random'.
2026-01-06 15:37:37,489 - INFO - ===> Generating 'Dirichlet' with Degree Bias...
2026-01-06 15:37:37,489 - INFO -      Alpha: [500, 500, 500]
2026-01-06 15:37:37,489 - INFO -      Factors -> Succ: -0.5, Dis: -0.8, Tran: 0.8
2026-01-06 15:37:37,490 - INFO - --- check node (Max Degree=429.0) ---
2026-01-06 15:37:37,490 - INFO -     Base Prob: [0.34504238 0.31527326 0.33968436]
2026-01-06 15:37:37,490 - INFO -     Final Prob: Succ=0.0004, Dis=0.0001, Tran=0.9996
2026-01-06 15:37:37,490 - INFO - 保存概率分布 文件位置: /root/pythonspace/data-test/network.netDog/2026-1-7-with-factor-soft-thresold/distribution-in-network.netDog/distribution-random_seedNum-60.pkl
2026-01-06 15:37:37,512 - INFO - 首次生成种子集 random
2026-01-06 15:37:37,512 - INFO - 执行当前算法开始: random
2026-01-06 15:37:37,512 - INFO - 数据集节点总数:  n = 4502, m = 60
2026-01-06 15:37:37,512 - INFO - 选择 60  [4260, 116, 1365, 3015, 1090, 3521, 1554, 2290, 1448, 39, 728, 4361, 4205, 4267, 2248, 1360, 3920, 3122, 3043, 2339, 4058, 560, 4091, 2117, 3768, 652, 701, 2575, 3720, 3748, 604, 4414, 1579, 4281, 3468, 2772, 1567, 2279, 906, 768, 2966, 8, 2634, 4416, 727, 1465, 1221, 2533, 1313, 1946, 3658, 1870, 3974, 2452, 4082, 1259, 416, 4386, 3305, 572]

2026-01-06 15:37:37,512 - INFO - 当前用时 0.00 秒
2026-01-06 15:37:37,512 - INFO - 将种子集 写入位置: /root/pythonspace/data-test/network.netDog/2026-1-7-with-factor-soft-thresold/seeds-with-network.netDog/random_random_seedNum-60_SSRNum-100000.txt
2026-01-06 15:37:37,512 - INFO - 首次生成种子集 degreeTopM
2026-01-06 15:37:37,512 - INFO - 执行当前算法开始: degreeTopM
2026-01-06 15:37:37,512 - INFO - 依据: 选择连接数（度数）最多的节点。
2026-01-06 15:37:37,513 - INFO - 选择的 Top M 节点及其度数:
2026-01-06 15:37:37,513 - INFO - 
2026-01-06 15:37:37,513 - INFO - 当前用时 0.00 秒
2026-01-06 15:37:37,513 - INFO - 将种子集 写入位置: /root/pythonspace/data-test/network.netDog/2026-1-7-with-factor-soft-thresold/seeds-with-network.netDog/random_degreeTopM_seedNum-60_SSRNum-100000.txt
2026-01-06 15:37:37,513 - INFO - 首次生成种子集 pageRank
2026-01-06 15:37:37,513 - INFO - 执行当前算法开始: pageRank
2026-01-06 15:37:37,513 - INFO - --- Running: PageRank (on tranProMatrix) Top M ---
2026-01-06 15:37:37,733 - INFO - Selected PageRank seeds: [79, 135, 83, 16, 45, 133, 243, 36, 33, 12, 2, 125, 4, 167, 38, 77, 19, 17, 128, 129, 62, 329, 13, 35, 294, 14, 414, 318, 162, 26, 37, 15, 93, 46, 192, 61, 164, 279, 359, 120, 693, 123, 934, 52, 755, 254, 221, 127, 107, 208, 91, 183, 264, 152, 291, 223, 141, 316, 435, 324]
2026-01-06 15:37:37,737 - INFO - 当前用时 0.22 秒
2026-01-06 15:37:37,737 - INFO - 将种子集 写入位置: /root/pythonspace/data-test/network.netDog/2026-1-7-with-factor-soft-thresold/seeds-with-network.netDog/random_pageRank_seedNum-60_SSRNum-100000.txt
2026-01-06 15:37:37,737 - INFO - 首次生成种子集 alpha_sort
2026-01-06 15:37:37,737 - INFO - 执行当前算法开始: alpha_sort
2026-01-06 15:37:37,740 - INFO - 4502 个节点的alpha值降序排序 done
2026-01-06 15:37:37,740 - INFO - ==============>> [(1655, 0.19971528852765114), (3110, 0.1956284848161738), (4023, 0.195433524768329), (3662, 0.19530246819064362), (4139, 0.19506797142248233), (678, 0.19498112055148342), (1277, 0.19364889792321585), (1210, 0.19346847595024239), (1956, 0.19331569168471377), (826, 0.19286326826517755)]
2026-01-06 15:37:37,740 - INFO - 
选择的种子集 (按alpha排序): [1655, 3110, 4023, 3662, 4139, 678, 1277, 1210, 1956, 826, 3677, 1639, 3428, 466, 3780, 2995, 1415, 710, 3860, 4172, 3978, 2182, 3638, 3753, 2249, 2688, 3845, 3232, 4136, 1721, 587, 3371, 4400, 1600, 4401, 1182, 3681, 2456, 388, 608, 4086, 3168, 2842, 3015, 4115, 1953, 4482, 2121, 3664, 1992, 1996, 3927, 3162, 1673, 3933, 39, 3123, 4292, 849, 3921]

2026-01-06 15:37:37,740 - INFO - 当前用时 0.00 秒
2026-01-06 15:37:37,740 - INFO - 将种子集 写入位置: /root/pythonspace/data-test/network.netDog/2026-1-7-with-factor-soft-thresold/seeds-with-network.netDog/random_alpha_sort_seedNum-60_SSRNum-100000.txt
2026-01-06 15:37:37,740 - INFO - 首次生成种子集 importance_sort
2026-01-06 15:37:37,740 - INFO - 执行当前算法开始: importance_sort
2026-01-06 15:37:38,324 - INFO - 4502 个节点的Importance值降序排序 done
2026-01-06 15:37:38,324 - INFO - 
选择的种子集 (按Importance排序): [1655, 3110, 4023, 3662, 4139, 678, 1277, 1210, 1956, 826, 3677, 1639, 3428, 466, 104, 3780, 2995, 1415, 710, 3860, 4172, 3978, 2182, 3638, 3753, 2249, 2688, 3845, 3232, 4136, 1721, 587, 3371, 4400, 1600, 4401, 291, 1182, 3681, 2456, 388, 608, 4086, 3168, 2842, 3015, 4115, 1953, 4482, 2121, 3664, 1992, 1996, 3927, 3162, 1673, 3933, 39, 3123, 4292]

2026-01-06 15:37:38,325 - INFO - 当前用时 0.58 秒
2026-01-06 15:37:38,325 - INFO - 将种子集 写入位置: /root/pythonspace/data-test/network.netDog/2026-1-7-with-factor-soft-thresold/seeds-with-network.netDog/random_importance_sort_seedNum-60_SSRNum-100000.txt
2026-01-06 15:37:38,325 - INFO - 首次生成种子集 ris_coverage
2026-01-06 15:37:38,325 - INFO - 执行当前算法开始: ris_coverage
2026-01-06 15:37:38,451 - INFO - 图初始化完成，节点数: 4502，CSR 矩阵准备就绪。
2026-01-06 15:37:38,451 - INFO - 
开始生成 100000 组 SSR (并行进程: 8)...
2026-01-06 15:37:45,907 - INFO - 生成完毕。耗时: 7.46 秒。
2026-01-06 15:37:45,908 - INFO - 
开始选择最优种子 (Optimized Greedy) ...
2026-01-06 15:37:48,522 - INFO -   - 券 1/60 选中节点 3158, 新增覆盖 24
2026-01-06 15:37:48,528 - INFO -   - 券 2/60 选中节点 3667, 新增覆盖 22
2026-01-06 15:37:48,536 - INFO -   - 券 3/60 选中节点 1946, 新增覆盖 22
2026-01-06 15:37:48,548 - INFO -   - 券 4/60 选中节点 835, 新增覆盖 22
2026-01-06 15:37:48,562 - INFO -   - 券 5/60 选中节点 2772, 新增覆盖 25
2026-01-06 15:37:48,578 - INFO -   - 券 6/60 选中节点 3952, 新增覆盖 24
2026-01-06 15:37:48,595 - INFO -   - 券 7/60 选中节点 752, 新增覆盖 24
2026-01-06 15:37:48,613 - INFO -   - 券 8/60 选中节点 3072, 新增覆盖 23
2026-01-06 15:37:48,632 - INFO -   - 券 9/60 选中节点 2763, 新增覆盖 24
2026-01-06 15:37:48,653 - INFO -   - 券 10/60 选中节点 2948, 新增覆盖 30
2026-01-06 15:37:48,677 - INFO -   - 券 11/60 选中节点 3252, 新增覆盖 23
2026-01-06 15:37:48,703 - INFO -   - 券 12/60 选中节点 2521, 新增覆盖 24
2026-01-06 15:37:48,731 - INFO -   - 券 13/60 选中节点 656, 新增覆盖 21
2026-01-06 15:37:48,759 - INFO -   - 券 14/60 选中节点 3794, 新增覆盖 23
2026-01-06 15:37:48,792 - INFO -   - 券 15/60 选中节点 946, 新增覆盖 23
2026-01-06 15:37:48,826 - INFO -   - 券 16/60 选中节点 3258, 新增覆盖 24
2026-01-06 15:37:48,861 - INFO -   - 券 17/60 选中节点 3784, 新增覆盖 27
2026-01-06 15:37:48,898 - INFO -   - 券 18/60 选中节点 1844, 新增覆盖 24
2026-01-06 15:37:48,936 - INFO -   - 券 19/60 选中节点 2725, 新增覆盖 22
2026-01-06 15:37:48,977 - INFO -   - 券 20/60 选中节点 3524, 新增覆盖 23
2026-01-06 15:37:49,018 - INFO -   - 券 21/60 选中节点 4288, 新增覆盖 23
2026-01-06 15:37:49,062 - INFO -   - 券 22/60 选中节点 1253, 新增覆盖 21
2026-01-06 15:37:49,107 - INFO -   - 券 23/60 选中节点 3428, 新增覆盖 22
2026-01-06 15:37:49,153 - INFO -   - 券 24/60 选中节点 4232, 新增覆盖 22
2026-01-06 15:37:49,201 - INFO -   - 券 25/60 选中节点 3661, 新增覆盖 22
2026-01-06 15:37:49,252 - INFO -   - 券 26/60 选中节点 1438, 新增覆盖 21
2026-01-06 15:37:49,306 - INFO -   - 券 27/60 选中节点 1925, 新增覆盖 23
2026-01-06 15:37:49,363 - INFO -   - 券 28/60 选中节点 4473, 新增覆盖 22
2026-01-06 15:37:49,421 - INFO -   - 券 29/60 选中节点 2033, 新增覆盖 22
2026-01-06 15:37:49,480 - INFO -   - 券 30/60 选中节点 195, 新增覆盖 24
2026-01-06 15:37:49,540 - INFO -   - 券 31/60 选中节点 4095, 新增覆盖 23
2026-01-06 15:37:49,603 - INFO -   - 券 32/60 选中节点 3736, 新增覆盖 24
2026-01-06 15:37:49,670 - INFO -   - 券 33/60 选中节点 1725, 新增覆盖 21
2026-01-06 15:37:49,735 - INFO -   - 券 34/60 选中节点 4100, 新增覆盖 22
2026-01-06 15:37:49,802 - INFO -   - 券 35/60 选中节点 1994, 新增覆盖 28
2026-01-06 15:37:49,869 - INFO -   - 券 36/60 选中节点 1191, 新增覆盖 22
2026-01-06 15:37:49,937 - INFO -   - 券 37/60 选中节点 4326, 新增覆盖 24
2026-01-06 15:37:50,010 - INFO -   - 券 38/60 选中节点 4164, 新增覆盖 22
2026-01-06 15:37:50,081 - INFO -   - 券 39/60 选中节点 2838, 新增覆盖 26
2026-01-06 15:37:50,157 - INFO -   - 券 40/60 选中节点 2774, 新增覆盖 23
2026-01-06 15:37:50,236 - INFO -   - 券 41/60 选中节点 407, 新增覆盖 26
2026-01-06 15:37:50,318 - INFO -   - 券 42/60 选中节点 3972, 新增覆盖 22
2026-01-06 15:37:50,400 - INFO -   - 券 43/60 选中节点 1159, 新增覆盖 22
2026-01-06 15:37:50,483 - INFO -   - 券 44/60 选中节点 1045, 新增覆盖 21
2026-01-06 15:37:50,569 - INFO -   - 券 45/60 选中节点 2149, 新增覆盖 24
2026-01-06 15:37:50,659 - INFO -   - 券 46/60 选中节点 3140, 新增覆盖 23
2026-01-06 15:37:50,749 - INFO -   - 券 47/60 选中节点 269, 新增覆盖 24
2026-01-06 15:37:50,844 - INFO -   - 券 48/60 选中节点 3728, 新增覆盖 22
2026-01-06 15:37:50,937 - INFO -   - 券 49/60 选中节点 222, 新增覆盖 24
2026-01-06 15:37:51,036 - INFO -   - 券 50/60 选中节点 1965, 新增覆盖 24
2026-01-06 15:37:51,135 - INFO -   - 券 51/60 选中节点 3592, 新增覆盖 26
2026-01-06 15:37:51,234 - INFO -   - 券 52/60 选中节点 4408, 新增覆盖 25
2026-01-06 15:37:51,334 - INFO -   - 券 53/60 选中节点 4308, 新增覆盖 24
2026-01-06 15:37:51,435 - INFO -   - 券 54/60 选中节点 4478, 新增覆盖 22
2026-01-06 15:37:51,537 - INFO -   - 券 55/60 选中节点 1585, 新增覆盖 23
2026-01-06 15:37:51,643 - INFO -   - 券 56/60 选中节点 2344, 新增覆盖 24
2026-01-06 15:37:51,749 - INFO -   - 券 57/60 选中节点 839, 新增覆盖 23
2026-01-06 15:37:51,855 - INFO -   - 券 58/60 选中节点 4263, 新增覆盖 24
2026-01-06 15:37:51,964 - INFO -   - 券 59/60 选中节点 1769, 新增覆盖 22
2026-01-06 15:37:52,077 - INFO -   - 券 60/60 选中节点 4421, 新增覆盖 24
2026-01-06 15:37:52,077 - INFO - 选种完毕。耗时: 6.17 秒。
2026-01-06 15:37:52,180 - INFO - 最终选择的种子集: [3158, 3667, 1946, 835, 2772, 3952, 752, 3072, 2763, 2948, 3252, 2521, 656, 3794, 946, 3258, 3784, 1844, 2725, 3524, 4288, 1253, 3428, 4232, 3661, 1438, 1925, 4473, 2033, 195, 4095, 3736, 1725, 4100, 1994, 1191, 4326, 4164, 2838, 2774, 407, 3972, 1159, 1045, 2149, 3140, 269, 3728, 222, 1965, 3592, 4408, 4308, 4478, 1585, 2344, 839, 4263, 1769, 4421]

2026-01-06 15:37:52,573 - INFO - 当前用时 14.25 秒
2026-01-06 15:37:52,574 - INFO - 将种子集 写入位置: /root/pythonspace/data-test/network.netDog/2026-1-7-with-factor-soft-thresold/seeds-with-network.netDog/random_ris_coverage_seedNum-60_SSRNum-100000.txt
2026-01-06 15:37:52,574 - INFO - 评估种子集: None
2026-01-06 15:37:52,574 - INFO - 多进程评估开始，共有 6 个方法待评估...
2026-01-06 15:37:52,574 - INFO - 启动进程池，Worker数量: 6
2026-01-06 15:37:53,015 - INFO - [Process 4757] 开始评估方法: random, 种子数: 60
2026-01-06 15:37:53,333 - INFO - [Process 4758] 开始评估方法: degreeTopM, 种子数: 60
2026-01-06 15:37:53,659 - INFO - [Process 4759] 开始评估方法: pageRank, 种子数: 60
2026-01-06 15:37:53,969 - INFO - [Process 4760] 开始评估方法: alpha_sort, 种子数: 60
2026-01-06 15:37:54,288 - INFO - [Process 4761] 开始评估方法: importance_sort, 种子数: 60
2026-01-06 15:37:54,592 - INFO - [Process 4762] 开始评估方法: ris_coverage, 种子数: 60
2026-01-06 15:38:02,547 - INFO - [Process 4760] alpha_sort - 1000 sims 完成: E=26.87
2026-01-06 15:38:02,871 - INFO - [Process 4757] random - 1000 sims 完成: E=25.59
2026-01-06 15:38:03,024 - INFO - [Process 4762] ris_coverage - 1000 sims 完成: E=26.85
2026-01-06 15:38:03,309 - INFO - [Process 4761] importance_sort - 1000 sims 完成: E=26.79
2026-01-06 15:38:06,969 - INFO - [Process 4758] degreeTopM - 1000 sims 完成: E=21.00
2026-01-06 15:38:08,655 - INFO - [Process 4759] pageRank - 1000 sims 完成: E=21.37
2026-01-06 15:38:08,684 - INFO - 所有进程执行完毕，开始写入数据...
2026-01-06 15:38:08,686 - INFO - 成功写入 6 条记录至 /root/pythonspace/data-test/network.netDog/2026-1-7-with-factor-soft-thresold/E-activated-network.netDog/distribution-random/simuTimes-1000_random-dirichlet-[500, 500, 500]_rrNumSamples-100000.csv
2026-01-06 15:38:08,686 - INFO - 保存评估文件至: /root/pythonspace/data-test/network.netDog/2026-1-7-with-factor-soft-thresold/E-activated-network.netDog/distribution-random/simuTimes-1000_random-dirichlet-[500, 500, 500]_rrNumSamples-100000.csv
2026-01-06 15:38:08,692 - INFO - 加载数据集: network.netDog
2026-01-06 15:38:08,693 - INFO - --- 矩阵分析 ---
2026-01-06 15:38:08,693 - INFO - 节点数 (N): 4502
2026-01-06 15:38:08,693 - INFO - 边数 (E): 29580
2026-01-06 15:38:08,693 - INFO - 密度 (Density): 0.00145944 (越小越稀疏)
2026-01-06 15:38:08,693 - INFO - 稀疏度 (Sparsity): 0.99854056 (越接近1越稀疏)
2026-01-06 15:38:08,693 - INFO - 平均度数 (Avg Degree): 6.57
2026-01-06 15:38:08,693 - INFO - 首次生成度相关概率分布 分布类型: 'random'.
2026-01-06 15:38:08,693 - INFO - ===> Generating 'Dirichlet' with Degree Bias...
2026-01-06 15:38:08,693 - INFO -      Alpha: [500, 500, 500]
2026-01-06 15:38:08,693 - INFO -      Factors -> Succ: -0.5, Dis: -0.8, Tran: 0.8
2026-01-06 15:38:08,694 - INFO - --- check node (Max Degree=429.0) ---
2026-01-06 15:38:08,694 - INFO -     Base Prob: [0.31648945 0.34213585 0.3413747 ]
2026-01-06 15:38:08,694 - INFO -     Final Prob: Succ=0.0003, Dis=0.0001, Tran=0.9996
2026-01-06 15:38:08,694 - INFO - 保存概率分布 文件位置: /root/pythonspace/data-test/network.netDog/2026-1-7-with-factor-soft-thresold/distribution-in-network.netDog/distribution-random_seedNum-90.pkl
2026-01-06 15:38:08,716 - INFO - 首次生成种子集 random
2026-01-06 15:38:08,716 - INFO - 执行当前算法开始: random
2026-01-06 15:38:08,716 - INFO - 数据集节点总数:  n = 4502, m = 90
2026-01-06 15:38:08,716 - INFO - 选择 90  [1403, 1107, 2804, 2943, 2852, 1863, 2944, 2792, 281, 4327, 3560, 680, 1899, 2784, 1210, 754, 4401, 2091, 4280, 1072, 4451, 1377, 1783, 941, 1951, 2726, 2957, 3009, 2837, 1031, 2509, 2942, 111, 1797, 1859, 3101, 2702, 563, 1559, 655, 1263, 3527, 1151, 726, 4183, 2200, 1632, 1170, 1226, 2499, 721, 2817, 2618, 127, 4101, 919, 4252, 534, 2382, 3778, 2890, 100, 557, 182, 2737, 3967, 99, 3766, 1584, 3470, 2085, 808, 2282, 2470, 4325, 2363, 1232, 676, 2193, 4014, 1113, 4458, 2439, 162, 1191, 4227, 2541, 1691, 1354, 3089]

2026-01-06 15:38:08,716 - INFO - 当前用时 0.00 秒
2026-01-06 15:38:08,716 - INFO - 将种子集 写入位置: /root/pythonspace/data-test/network.netDog/2026-1-7-with-factor-soft-thresold/seeds-with-network.netDog/random_random_seedNum-90_SSRNum-100000.txt
2026-01-06 15:38:08,716 - INFO - 首次生成种子集 degreeTopM
2026-01-06 15:38:08,716 - INFO - 执行当前算法开始: degreeTopM
2026-01-06 15:38:08,716 - INFO - 依据: 选择连接数（度数）最多的节点。
2026-01-06 15:38:08,717 - INFO - 选择的 Top M 节点及其度数:
2026-01-06 15:38:08,717 - INFO - 
2026-01-06 15:38:08,717 - INFO - 当前用时 0.00 秒
2026-01-06 15:38:08,717 - INFO - 将种子集 写入位置: /root/pythonspace/data-test/network.netDog/2026-1-7-with-factor-soft-thresold/seeds-with-network.netDog/random_degreeTopM_seedNum-90_SSRNum-100000.txt
2026-01-06 15:38:08,717 - INFO - 首次生成种子集 pageRank
2026-01-06 15:38:08,717 - INFO - 执行当前算法开始: pageRank
2026-01-06 15:38:08,717 - INFO - --- Running: PageRank (on tranProMatrix) Top M ---
2026-01-06 15:38:08,958 - INFO - Selected PageRank seeds: [79, 135, 83, 16, 45, 133, 243, 36, 33, 12, 2, 125, 4, 167, 38, 77, 19, 17, 128, 129, 62, 329, 13, 35, 294, 14, 414, 318, 162, 26, 37, 15, 93, 46, 192, 61, 164, 279, 359, 120, 693, 123, 934, 52, 755, 254, 221, 127, 107, 208, 91, 183, 264, 152, 291, 223, 141, 316, 435, 324, 98, 44, 632, 8, 207, 681, 1157, 405, 104, 142, 150, 263, 916, 169, 583, 237, 261, 228, 1080, 526, 440, 165, 274, 22, 832, 811, 224, 292, 273, 564]
2026-01-06 15:38:08,963 - INFO - 当前用时 0.25 秒
2026-01-06 15:38:08,963 - INFO - 将种子集 写入位置: /root/pythonspace/data-test/network.netDog/2026-1-7-with-factor-soft-thresold/seeds-with-network.netDog/random_pageRank_seedNum-90_SSRNum-100000.txt
2026-01-06 15:38:08,963 - INFO - 首次生成种子集 alpha_sort
2026-01-06 15:38:08,963 - INFO - 执行当前算法开始: alpha_sort
2026-01-06 15:38:08,965 - INFO - 4502 个节点的alpha值降序排序 done
2026-01-06 15:38:08,965 - INFO - ==============>> [(3661, 0.19677197619336442), (3350, 0.19555725962167975), (4084, 0.19534523676284138), (3305, 0.19518243201002766), (3771, 0.19462635342480006), (1697, 0.19425876731573946), (2399, 0.19307703147542657), (1478, 0.19284887933958972), (877, 0.19228425983318745), (2108, 0.19205888744829464)]
2026-01-06 15:38:08,965 - INFO - 
选择的种子集 (按alpha排序): [3661, 3350, 4084, 3305, 3771, 1697, 2399, 1478, 877, 2108, 3048, 2525, 4035, 2045, 3756, 2296, 882, 941, 553, 3665, 2135, 1948, 1573, 2255, 2325, 4416, 2560, 1745, 589, 4365, 2855, 4146, 1425, 1092, 2274, 2866, 4262, 2422, 3717, 3378, 2086, 3973, 4312, 4386, 764, 3734, 3569, 1104, 2802, 1210, 2321, 256, 2097, 3937, 285, 1482, 3860, 3027, 4261, 377, 590, 2710, 783, 3532, 2143, 2357, 835, 3381, 1329, 3982, 4331, 4075, 3425, 1705, 3009, 2749, 4257, 844, 2179, 2157, 1071, 4164, 2623, 4003, 317, 2156, 3759, 1800, 2826, 3547]

2026-01-06 15:38:08,965 - INFO - 当前用时 0.00 秒
2026-01-06 15:38:08,965 - INFO - 将种子集 写入位置: /root/pythonspace/data-test/network.netDog/2026-1-7-with-factor-soft-thresold/seeds-with-network.netDog/random_alpha_sort_seedNum-90_SSRNum-100000.txt
2026-01-06 15:38:08,965 - INFO - 首次生成种子集 importance_sort
2026-01-06 15:38:08,965 - INFO - 执行当前算法开始: importance_sort
2026-01-06 15:38:09,487 - INFO - 4502 个节点的Importance值降序排序 done
2026-01-06 15:38:09,488 - INFO - 
选择的种子集 (按Importance排序): [3661, 3350, 4084, 3305, 3771, 1697, 2399, 1478, 877, 2108, 3048, 2525, 4035, 2045, 3756, 2296, 882, 941, 553, 3665, 2135, 1948, 1573, 2255, 2325, 4416, 2560, 1745, 589, 4365, 2855, 4146, 1425, 1092, 2274, 2866, 4262, 2422, 3717, 3378, 2086, 3973, 4312, 4386, 764, 3734, 3569, 1104, 2802, 1210, 2321, 256, 2097, 3937, 285, 1482, 3860, 3027, 4261, 377, 590, 2710, 783, 3532, 2143, 2357, 835, 3381, 1329, 3982, 4331, 4075, 3425, 1705, 3009, 2749, 4257, 844, 2179, 2157, 1071, 4164, 2623, 4003, 317, 2156, 3759, 1800, 2826, 3547]

2026-01-06 15:38:09,488 - INFO - 当前用时 0.52 秒
2026-01-06 15:38:09,488 - INFO - 将种子集 写入位置: /root/pythonspace/data-test/network.netDog/2026-1-7-with-factor-soft-thresold/seeds-with-network.netDog/random_importance_sort_seedNum-90_SSRNum-100000.txt
2026-01-06 15:38:09,488 - INFO - 首次生成种子集 ris_coverage
2026-01-06 15:38:09,489 - INFO - 执行当前算法开始: ris_coverage
2026-01-06 15:38:09,610 - INFO - 图初始化完成，节点数: 4502，CSR 矩阵准备就绪。
2026-01-06 15:38:09,610 - INFO - 
开始生成 100000 组 SSR (并行进程: 8)...
2026-01-06 15:38:22,001 - INFO - 生成完毕。耗时: 12.39 秒。
2026-01-06 15:38:22,002 - INFO - 
开始选择最优种子 (Optimized Greedy) ...
2026-01-06 15:38:26,342 - INFO -   - 券 1/90 选中节点 433, 新增覆盖 24
2026-01-06 15:38:26,353 - INFO -   - 券 2/90 选中节点 4080, 新增覆盖 24
2026-01-06 15:38:26,367 - INFO -   - 券 3/90 选中节点 3788, 新增覆盖 21
2026-01-06 15:38:26,384 - INFO -   - 券 4/90 选中节点 752, 新增覆盖 24
2026-01-06 15:38:26,398 - INFO -   - 券 5/90 选中节点 4070, 新增覆盖 23
2026-01-06 15:38:26,417 - INFO -   - 券 6/90 选中节点 4294, 新增覆盖 23
2026-01-06 15:38:26,441 - INFO -   - 券 7/90 选中节点 3914, 新增覆盖 27
2026-01-06 15:38:26,465 - INFO -   - 券 8/90 选中节点 1104, 新增覆盖 24
2026-01-06 15:38:26,492 - INFO -   - 券 9/90 选中节点 1120, 新增覆盖 24
2026-01-06 15:38:26,524 - INFO -   - 券 10/90 选中节点 2274, 新增覆盖 23
2026-01-06 15:38:26,553 - INFO -   - 券 11/90 选中节点 1571, 新增覆盖 20
2026-01-06 15:38:26,586 - INFO -   - 券 12/90 选中节点 4368, 新增覆盖 24
2026-01-06 15:38:26,621 - INFO -   - 券 13/90 选中节点 1390, 新增覆盖 25
2026-01-06 15:38:26,661 - INFO -   - 券 14/90 选中节点 2702, 新增覆盖 21
2026-01-06 15:38:26,702 - INFO -   - 券 15/90 选中节点 276, 新增覆盖 25
2026-01-06 15:38:26,747 - INFO -   - 券 16/90 选中节点 2006, 新增覆盖 24
2026-01-06 15:38:26,796 - INFO -   - 券 17/90 选中节点 844, 新增覆盖 27
2026-01-06 15:38:26,845 - INFO -   - 券 18/90 选中节点 3659, 新增覆盖 23
2026-01-06 15:38:26,897 - INFO -   - 券 19/90 选中节点 2010, 新增覆盖 26
2026-01-06 15:38:26,950 - INFO -   - 券 20/90 选中节点 3848, 新增覆盖 21
2026-01-06 15:38:27,001 - INFO -   - 券 21/90 选中节点 4128, 新增覆盖 22
2026-01-06 15:38:27,057 - INFO -   - 券 22/90 选中节点 2710, 新增覆盖 22
2026-01-06 15:38:27,118 - INFO -   - 券 23/90 选中节点 4273, 新增覆盖 25
2026-01-06 15:38:27,186 - INFO -   - 券 24/90 选中节点 2830, 新增覆盖 24
2026-01-06 15:38:27,257 - INFO -   - 券 25/90 选中节点 4490, 新增覆盖 21
2026-01-06 15:38:27,327 - INFO -   - 券 26/90 选中节点 999, 新增覆盖 23
2026-01-06 15:38:27,399 - INFO -   - 券 27/90 选中节点 1732, 新增覆盖 23
2026-01-06 15:38:27,470 - INFO -   - 券 28/90 选中节点 2380, 新增覆盖 23
2026-01-06 15:38:27,543 - INFO -   - 券 29/90 选中节点 1953, 新增覆盖 24
2026-01-06 15:38:27,621 - INFO -   - 券 30/90 选中节点 3605, 新增覆盖 22
2026-01-06 15:38:27,704 - INFO -   - 券 31/90 选中节点 2072, 新增覆盖 21
2026-01-06 15:38:27,790 - INFO -   - 券 32/90 选中节点 4082, 新增覆盖 22
2026-01-06 15:38:27,873 - INFO -   - 券 33/90 选中节点 1939, 新增覆盖 28
2026-01-06 15:38:27,962 - INFO -   - 券 34/90 选中节点 4454, 新增覆盖 25
2026-01-06 15:38:28,047 - INFO -   - 券 35/90 选中节点 4172, 新增覆盖 22
2026-01-06 15:38:28,135 - INFO -   - 券 36/90 选中节点 2237, 新增覆盖 26
2026-01-06 15:38:28,234 - INFO -   - 券 37/90 选中节点 2798, 新增覆盖 22
2026-01-06 15:38:28,332 - INFO -   - 券 38/90 选中节点 3245, 新增覆盖 23
2026-01-06 15:38:28,429 - INFO -   - 券 39/90 选中节点 1185, 新增覆盖 24
2026-01-06 15:38:28,526 - INFO -   - 券 40/90 选中节点 3076, 新增覆盖 23
2026-01-06 15:38:28,624 - INFO -   - 券 41/90 选中节点 1869, 新增覆盖 22
2026-01-06 15:38:28,732 - INFO -   - 券 42/90 选中节点 2338, 新增覆盖 22
2026-01-06 15:38:28,844 - INFO -   - 券 43/90 选中节点 2962, 新增覆盖 22
2026-01-06 15:38:28,959 - INFO -   - 券 44/90 选中节点 4168, 新增覆盖 23
2026-01-06 15:38:29,072 - INFO -   - 券 45/90 选中节点 1842, 新增覆盖 24
2026-01-06 15:38:29,183 - INFO -   - 券 46/90 选中节点 1144, 新增覆盖 22
2026-01-06 15:38:29,306 - INFO -   - 券 47/90 选中节点 3731, 新增覆盖 22
2026-01-06 15:38:29,435 - INFO -   - 券 48/90 选中节点 2143, 新增覆盖 24
2026-01-06 15:38:29,570 - INFO -   - 券 49/90 选中节点 2729, 新增覆盖 24
2026-01-06 15:38:29,702 - INFO -   - 券 50/90 选中节点 3312, 新增覆盖 23
2026-01-06 15:38:29,847 - INFO -   - 券 51/90 选中节点 3645, 新增覆盖 23
2026-01-06 15:38:29,986 - INFO -   - 券 52/90 选中节点 946, 新增覆盖 21
2026-01-06 15:38:30,133 - INFO -   - 券 53/90 选中节点 2523, 新增覆盖 22
2026-01-06 15:38:30,275 - INFO -   - 券 54/90 选中节点 3143, 新增覆盖 22
2026-01-06 15:38:30,428 - INFO -   - 券 55/90 选中节点 3545, 新增覆盖 23
2026-01-06 15:38:30,572 - INFO -   - 券 56/90 选中节点 3682, 新增覆盖 25
2026-01-06 15:38:30,722 - INFO -   - 券 57/90 选中节点 2417, 新增覆盖 24
2026-01-06 15:38:30,874 - INFO -   - 券 58/90 选中节点 1861, 新增覆盖 25
2026-01-06 15:38:31,038 - INFO -   - 券 59/90 选中节点 1729, 新增覆盖 23
2026-01-06 15:38:31,197 - INFO -   - 券 60/90 选中节点 3550, 新增覆盖 24
2026-01-06 15:38:31,355 - INFO -   - 券 61/90 选中节点 4262, 新增覆盖 24
2026-01-06 15:38:31,532 - INFO -   - 券 62/90 选中节点 160, 新增覆盖 24
2026-01-06 15:38:31,714 - INFO -   - 券 63/90 选中节点 3463, 新增覆盖 21
2026-01-06 15:38:31,879 - INFO -   - 券 64/90 选中节点 3393, 新增覆盖 25
2026-01-06 15:38:32,060 - INFO -   - 券 65/90 选中节点 2121, 新增覆盖 22
2026-01-06 15:38:32,238 - INFO -   - 券 66/90 选中节点 3598, 新增覆盖 23
2026-01-06 15:38:32,411 - INFO -   - 券 67/90 选中节点 3490, 新增覆盖 24
2026-01-06 15:38:32,599 - INFO -   - 券 68/90 选中节点 3827, 新增覆盖 26
2026-01-06 15:38:32,782 - INFO -   - 券 69/90 选中节点 1429, 新增覆盖 27
2026-01-06 15:38:32,970 - INFO -   - 券 70/90 选中节点 2063, 新增覆盖 21
2026-01-06 15:38:33,169 - INFO -   - 券 71/90 选中节点 4205, 新增覆盖 21
2026-01-06 15:38:33,367 - INFO -   - 券 72/90 选中节点 3786, 新增覆盖 21
2026-01-06 15:38:33,565 - INFO -   - 券 73/90 选中节点 3875, 新增覆盖 22
2026-01-06 15:38:33,773 - INFO -   - 券 74/90 选中节点 3886, 新增覆盖 23
2026-01-06 15:38:33,974 - INFO -   - 券 75/90 选中节点 2133, 新增覆盖 24
2026-01-06 15:38:34,171 - INFO -   - 券 76/90 选中节点 3809, 新增覆盖 25
2026-01-06 15:38:34,369 - INFO -   - 券 77/90 选中节点 3557, 新增覆盖 20
2026-01-06 15:38:34,568 - INFO -   - 券 78/90 选中节点 3777, 新增覆盖 23
2026-01-06 15:38:34,777 - INFO -   - 券 79/90 选中节点 2156, 新增覆盖 23
2026-01-06 15:38:34,989 - INFO -   - 券 80/90 选中节点 3717, 新增覆盖 25
2026-01-06 15:38:35,195 - INFO -   - 券 81/90 选中节点 1667, 新增覆盖 22
2026-01-06 15:38:35,423 - INFO -   - 券 82/90 选中节点 2331, 新增覆盖 22
2026-01-06 15:38:35,636 - INFO -   - 券 83/90 选中节点 3604, 新增覆盖 24
2026-01-06 15:38:35,860 - INFO -   - 券 84/90 选中节点 1924, 新增覆盖 21
2026-01-06 15:38:36,081 - INFO -   - 券 85/90 选中节点 3796, 新增覆盖 23
2026-01-06 15:38:36,303 - INFO -   - 券 86/90 选中节点 4388, 新增覆盖 24
2026-01-06 15:38:36,505 - INFO -   - 券 87/90 选中节点 100, 新增覆盖 23
2026-01-06 15:38:36,702 - INFO -   - 券 88/90 选中节点 4142, 新增覆盖 22
2026-01-06 15:38:36,894 - INFO -   - 券 89/90 选中节点 3639, 新增覆盖 22
2026-01-06 15:38:37,102 - INFO -   - 券 90/90 选中节点 204, 新增覆盖 21
2026-01-06 15:38:37,102 - INFO - 选种完毕。耗时: 15.10 秒。
2026-01-06 15:38:37,281 - INFO - 最终选择的种子集: [433, 4080, 3788, 752, 4070, 4294, 3914, 1104, 1120, 2274, 1571, 4368, 1390, 2702, 276, 2006, 844, 3659, 2010, 3848, 4128, 2710, 4273, 2830, 4490, 999, 1732, 2380, 1953, 3605, 2072, 4082, 1939, 4454, 4172, 2237, 2798, 3245, 1185, 3076, 1869, 2338, 2962, 4168, 1842, 1144, 3731, 2143, 2729, 3312, 3645, 946, 2523, 3143, 3545, 3682, 2417, 1861, 1729, 3550, 4262, 160, 3463, 3393, 2121, 3598, 3490, 3827, 1429, 2063, 4205, 3786, 3875, 3886, 2133, 3809, 3557, 3777, 2156, 3717, 1667, 2331, 3604, 1924, 3796, 4388, 100, 4142, 3639, 204]

2026-01-06 15:38:38,040 - INFO - 当前用时 28.55 秒
2026-01-06 15:38:38,040 - INFO - 将种子集 写入位置: /root/pythonspace/data-test/network.netDog/2026-1-7-with-factor-soft-thresold/seeds-with-network.netDog/random_ris_coverage_seedNum-90_SSRNum-100000.txt
2026-01-06 15:38:38,041 - INFO - 评估种子集: None
2026-01-06 15:38:38,041 - INFO - 多进程评估开始，共有 6 个方法待评估...
2026-01-06 15:38:38,041 - INFO - 启动进程池，Worker数量: 6
2026-01-06 15:38:38,495 - INFO - [Process 4967] 开始评估方法: random, 种子数: 90
2026-01-06 15:38:38,832 - INFO - [Process 4968] 开始评估方法: degreeTopM, 种子数: 90
2026-01-06 15:38:39,181 - INFO - [Process 4969] 开始评估方法: pageRank, 种子数: 90
2026-01-06 15:38:39,529 - INFO - [Process 4970] 开始评估方法: alpha_sort, 种子数: 90
2026-01-06 15:38:39,886 - INFO - [Process 4971] 开始评估方法: importance_sort, 种子数: 90
2026-01-06 15:38:40,239 - INFO - [Process 4972] 开始评估方法: ris_coverage, 种子数: 90
2026-01-06 15:38:53,307 - INFO - [Process 4970] alpha_sort - 1000 sims 完成: E=39.32
2026-01-06 15:38:53,770 - INFO - [Process 4971] importance_sort - 1000 sims 完成: E=39.32
2026-01-06 15:38:54,033 - INFO - [Process 4972] ris_coverage - 1000 sims 完成: E=39.19
2026-01-06 15:38:54,720 - INFO - [Process 4967] random - 1000 sims 完成: E=36.26
2026-01-06 15:38:59,487 - INFO - [Process 4969] pageRank - 1000 sims 完成: E=31.67
2026-01-06 15:38:59,535 - INFO - [Process 4968] degreeTopM - 1000 sims 完成: E=31.27
2026-01-06 15:38:59,558 - INFO - 所有进程执行完毕，开始写入数据...
2026-01-06 15:38:59,560 - INFO - 成功写入 6 条记录至 /root/pythonspace/data-test/network.netDog/2026-1-7-with-factor-soft-thresold/E-activated-network.netDog/distribution-random/simuTimes-1000_random-dirichlet-[500, 500, 500]_rrNumSamples-100000.csv
2026-01-06 15:38:59,560 - INFO - 保存评估文件至: /root/pythonspace/data-test/network.netDog/2026-1-7-with-factor-soft-thresold/E-activated-network.netDog/distribution-random/simuTimes-1000_random-dirichlet-[500, 500, 500]_rrNumSamples-100000.csv
