2026-03-08 22:26:58,089 - INFO - 加载数据集: network.netYeast
2026-03-08 22:26:58,090 - INFO - --- 矩阵分析 ---
2026-03-08 22:26:58,090 - INFO - 节点数 (N): 1458
2026-03-08 22:26:58,090 - INFO - 边数 (E): 3896
2026-03-08 22:26:58,090 - INFO - 密度 (Density): 0.00183275 (越小越稀疏)
2026-03-08 22:26:58,090 - INFO - 稀疏度 (Sparsity): 0.99816725 (越接近1越稀疏)
2026-03-08 22:26:58,090 - INFO - 平均度数 (Avg Degree): 2.67
2026-03-08 22:26:58,090 - INFO - >>> 正在注入完美对抗属性（验证三条定理）...
2026-03-08 22:26:58,098 - INFO - 首次生成种子集 random
2026-03-08 22:26:58,099 - INFO - 执行当前算法开始: random
2026-03-08 22:26:58,099 - INFO - 数据集节点总数:  n = 1458, m = 100
2026-03-08 22:26:58,099 - INFO - 选择 100  [685, 5, 1208, 589, 1252, 1068, 1260, 961, 696, 683, 772, 1275, 1223, 140, 468, 612, 923, 1123, 322, 499, 1113, 1101, 164, 1400, 336, 1036, 28, 12, 1440, 909, 271, 846, 371, 787, 943, 483, 737, 463, 477, 145, 93, 1102, 584, 899, 498, 1081, 1018, 568, 150, 908, 61, 1094, 955, 642, 1043, 82, 424, 129, 355, 127, 1041, 807, 848, 1304, 422, 482, 786, 1371, 1320, 576, 1434, 958, 1158, 389, 1061, 252, 1333, 1161, 702, 256, 1354, 833, 348, 31, 507, 323, 1219, 847, 3, 748, 547, 1179, 504, 690, 281, 418, 877, 1122, 1238, 69]

2026-03-08 22:26:58,099 - INFO - 当前用时 0.00 秒
2026-03-08 22:26:58,099 - INFO - 将种子集 写入位置: /home/wen/work/coup_spread/network.netYeast/2026-3-9/seeds-with-network.netYeast/random_random_seedNum-100_SSRNum-50000.txt
2026-03-08 22:26:58,099 - INFO - 首次生成种子集 degreeTopM
2026-03-08 22:26:58,099 - INFO - 执行当前算法开始: degreeTopM
2026-03-08 22:26:58,099 - INFO - 依据: 选择连接数（度数）最多的节点。
2026-03-08 22:26:58,099 - INFO - 选择的 Top M 节点及其度数:
2026-03-08 22:26:58,099 - INFO - 
2026-03-08 22:26:58,099 - INFO - 当前用时 0.00 秒
2026-03-08 22:26:58,100 - INFO - 将种子集 写入位置: /home/wen/work/coup_spread/network.netYeast/2026-3-9/seeds-with-network.netYeast/random_degreeTopM_seedNum-100_SSRNum-50000.txt
2026-03-08 22:26:58,100 - INFO - 首次生成种子集 pageRank
2026-03-08 22:26:58,100 - INFO - 执行当前算法开始: pageRank
2026-03-08 22:26:58,100 - INFO - --- Running: PageRank (on tranProMatrix) Top M ---
2026-03-08 22:26:58,135 - INFO - Selected PageRank seeds: [157, 25, 57, 55, 15, 68, 315, 105, 238, 1041, 224, 2, 69, 1285, 34, 18, 464, 66, 546, 371, 56, 277, 143, 1149, 461, 383, 186, 393, 35, 204, 227, 251, 155, 635, 544, 287, 423, 214, 364, 599, 343, 606, 44, 43, 289, 551, 406, 62, 462, 416, 33, 284, 845, 975, 72, 1318, 473, 70, 346, 99, 982, 29, 932, 367, 79, 693, 288, 837, 621, 738, 16, 603, 677, 800, 247, 876, 812, 558, 121, 668, 470, 644, 714, 339, 276, 637, 760, 172, 680, 321, 489, 790, 916, 320, 709, 1163, 187, 570, 1157, 708]
2026-03-08 22:26:58,136 - INFO - 当前用时 0.04 秒
2026-03-08 22:26:58,136 - INFO - 将种子集 写入位置: /home/wen/work/coup_spread/network.netYeast/2026-3-9/seeds-with-network.netYeast/random_pageRank_seedNum-100_SSRNum-50000.txt
2026-03-08 22:26:58,136 - INFO - 首次生成种子集 alpha_sort
2026-03-08 22:26:58,136 - INFO - 执行当前算法开始: alpha_sort
2026-03-08 22:26:58,136 - INFO - 1458 个节点的alpha值降序排序 done
2026-03-08 22:26:58,136 - INFO - ==============>> [(1168, np.float64(0.3)), (1169, np.float64(0.3)), (1170, np.float64(0.3)), (1171, np.float64(0.3)), (1172, np.float64(0.3)), (1173, np.float64(0.3)), (1174, np.float64(0.3)), (1175, np.float64(0.3)), (1176, np.float64(0.3)), (1177, np.float64(0.3))]
2026-03-08 22:26:58,136 - INFO - 
选择的种子集 (按alpha排序): [1168, 1169, 1170, 1171, 1172, 1173, 1174, 1175, 1176, 1177, 1178, 1179, 1180, 1181, 1182, 1183, 1184, 1185, 1186, 1187, 1188, 1189, 1190, 1191, 1192, 1193, 1194, 1195, 1196, 1197, 1198, 1199, 1200, 1201, 1202, 1203, 1204, 1205, 1206, 1207, 1208, 1209, 1210, 1211, 1212, 1213, 1214, 1215, 1216, 1217, 1218, 1219, 1220, 1221, 1222, 1223, 1224, 1225, 1226, 1227, 1228, 1229, 1230, 1231, 1232, 1233, 1234, 1235, 1236, 1237, 1238, 1239, 1240, 1241, 1242, 1243, 1244, 1245, 1246, 1247, 1248, 1249, 1250, 1251, 1252, 1253, 1254, 1255, 1256, 1257, 1258, 1259, 1260, 1261, 1262, 1263, 1264, 1265, 1266, 1267]

2026-03-08 22:26:58,137 - INFO - 当前用时 0.00 秒
2026-03-08 22:26:58,137 - INFO - 将种子集 写入位置: /home/wen/work/coup_spread/network.netYeast/2026-3-9/seeds-with-network.netYeast/random_alpha_sort_seedNum-100_SSRNum-50000.txt
2026-03-08 22:26:58,137 - INFO - 首次生成种子集 ris_optimized
2026-03-08 22:26:58,137 - INFO - 执行当前算法开始: ris_optimized
2026-03-08 22:26:58,168 - INFO - 图初始化完成，节点数: 1458，当前模式: 优化采样
2026-03-08 22:26:58,168 - INFO - 开始生成 50000 组多重RR-Set...
2026-03-08 22:27:07,618 - INFO - 生成完毕。耗时: 9.45 秒。
2026-03-08 22:27:07,626 - INFO - 开始基于多重RR集贪心选择最优种子...
2026-03-08 22:27:11,022 - INFO - 选种完毕。耗时: 3.40 秒。估算范围: 92.47
2026-03-08 22:27:11,858 - INFO - 当前用时 13.72 秒
2026-03-08 22:27:11,858 - INFO - 将种子集 写入位置: /home/wen/work/coup_spread/network.netYeast/2026-3-9/seeds-with-network.netYeast/random_ris_optimized_seedNum-100_SSRNum-50000.txt
2026-03-08 22:27:11,859 - INFO - 评估种子集: None
2026-03-08 22:27:11,859 - INFO - 多进程评估开始，共有 5 个方法待评估...
2026-03-08 22:27:11,859 - INFO - 启动进程池，Worker数量: 5
2026-03-08 22:27:11,991 - INFO - [Process 3658966] 开始评估方法: random, 种子数: 100
2026-03-08 22:27:12,093 - INFO - [Process 3658967] 开始评估方法: degreeTopM, 种子数: 100
2026-03-08 22:27:12,149 - INFO - [Process 3658968] 开始评估方法: pageRank, 种子数: 100
2026-03-08 22:27:12,237 - INFO - [Process 3658969] 开始评估方法: alpha_sort, 种子数: 100
2026-03-08 22:27:12,324 - INFO - [Process 3658970] 开始评估方法: ris_optimized, 种子数: 100
2026-03-08 22:27:13,200 - INFO - [alpha_sort - 种子:100] 拉新:41.7人 | 总销量:42.9单 | 品牌曝光:158.0次 | 🌟综合得分:58.1
2026-03-08 22:27:16,256 - INFO - [degreeTopM - 种子:100] 拉新:76.7人 | 总销量:82.4单 | 品牌曝光:409.4次 | 🌟综合得分:120.5
2026-03-08 22:27:16,351 - INFO - [random - 种子:100] 拉新:73.2人 | 总销量:76.9单 | 品牌曝光:380.7次 | 🌟综合得分:113.1
2026-03-08 22:27:16,476 - INFO - [pageRank - 种子:100] 拉新:75.9人 | 总销量:80.7单 | 品牌曝光:401.5次 | 🌟综合得分:118.4
2026-03-08 22:27:16,916 - INFO - [ris_optimized - 种子:100] 拉新:83.7人 | 总销量:88.3单 | 品牌曝光:439.0次 | 🌟综合得分:129.9
2026-03-08 22:27:16,941 - INFO - 所有进程执行完毕，开始写入数据...
2026-03-08 22:27:16,962 - INFO - 成功写入 5 条记录至 /home/wen/work/coup_spread/gzc-impl/results/network.netYeast/2026-3-9/random_SSRNum-50000-_seedNum-100_simuTimes-500.csv
2026-03-08 22:27:16,963 - INFO - 保存评估文件至: /home/wen/work/coup_spread/gzc-impl/results/network.netYeast/2026-3-9/random_SSRNum-50000-_seedNum-100_simuTimes-500.csv
