2026-03-08 22:24:25,943 - INFO - 加载数据集: network.netYeast
2026-03-08 22:24:25,944 - INFO - --- 矩阵分析 ---
2026-03-08 22:24:25,944 - INFO - 节点数 (N): 1458
2026-03-08 22:24:25,944 - INFO - 边数 (E): 3896
2026-03-08 22:24:25,944 - INFO - 密度 (Density): 0.00183275 (越小越稀疏)
2026-03-08 22:24:25,944 - INFO - 稀疏度 (Sparsity): 0.99816725 (越接近1越稀疏)
2026-03-08 22:24:25,944 - INFO - 平均度数 (Avg Degree): 2.67
2026-03-08 22:24:25,944 - INFO - >>> 正在注入完美对抗属性（验证三条定理）...
2026-03-08 22:24:25,953 - INFO - 首次生成种子集 random
2026-03-08 22:24:25,953 - INFO - 执行当前算法开始: random
2026-03-08 22:24:25,953 - INFO - 数据集节点总数:  n = 1458, m = 10
2026-03-08 22:24:25,953 - INFO - 选择 10  [185, 1153, 247, 64, 1056, 1226, 493, 976, 919, 279]

2026-03-08 22:24:25,953 - INFO - 当前用时 0.00 秒
2026-03-08 22:24:25,953 - INFO - 将种子集 写入位置: /home/wen/work/coup_spread/network.netYeast/2026-3-9/seeds-with-network.netYeast/random_random_seedNum-10_SSRNum-50000.txt
2026-03-08 22:24:25,953 - INFO - 首次生成种子集 degreeTopM
2026-03-08 22:24:25,954 - INFO - 执行当前算法开始: degreeTopM
2026-03-08 22:24:25,954 - INFO - 依据: 选择连接数（度数）最多的节点。
2026-03-08 22:24:25,954 - INFO - 选择的 Top M 节点及其度数:
2026-03-08 22:24:25,954 - INFO - 
2026-03-08 22:24:25,954 - INFO - 当前用时 0.00 秒
2026-03-08 22:24:25,954 - INFO - 将种子集 写入位置: /home/wen/work/coup_spread/network.netYeast/2026-3-9/seeds-with-network.netYeast/random_degreeTopM_seedNum-10_SSRNum-50000.txt
2026-03-08 22:24:25,954 - INFO - 首次生成种子集 pageRank
2026-03-08 22:24:25,954 - INFO - 执行当前算法开始: pageRank
2026-03-08 22:24:25,954 - INFO - --- Running: PageRank (on tranProMatrix) Top M ---
2026-03-08 22:24:25,990 - INFO - Selected PageRank seeds: [157, 25, 57, 55, 15, 68, 315, 105, 238, 1041]
2026-03-08 22:24:25,990 - INFO - 当前用时 0.04 秒
2026-03-08 22:24:25,990 - INFO - 将种子集 写入位置: /home/wen/work/coup_spread/network.netYeast/2026-3-9/seeds-with-network.netYeast/random_pageRank_seedNum-10_SSRNum-50000.txt
2026-03-08 22:24:25,990 - INFO - 首次生成种子集 alpha_sort
2026-03-08 22:24:25,990 - INFO - 执行当前算法开始: alpha_sort
2026-03-08 22:24:25,990 - INFO - 1458 个节点的alpha值降序排序 done
2026-03-08 22:24:25,991 - INFO - ==============>> [(1168, np.float64(0.3)), (1169, np.float64(0.3)), (1170, np.float64(0.3)), (1171, np.float64(0.3)), (1172, np.float64(0.3)), (1173, np.float64(0.3)), (1174, np.float64(0.3)), (1175, np.float64(0.3)), (1176, np.float64(0.3)), (1177, np.float64(0.3))]
2026-03-08 22:24:25,991 - INFO - 
选择的种子集 (按alpha排序): [1168, 1169, 1170, 1171, 1172, 1173, 1174, 1175, 1176, 1177]

2026-03-08 22:24:25,991 - INFO - 当前用时 0.00 秒
2026-03-08 22:24:25,991 - INFO - 将种子集 写入位置: /home/wen/work/coup_spread/network.netYeast/2026-3-9/seeds-with-network.netYeast/random_alpha_sort_seedNum-10_SSRNum-50000.txt
2026-03-08 22:24:25,991 - INFO - 首次生成种子集 ris_optimized
2026-03-08 22:24:25,991 - INFO - 执行当前算法开始: ris_optimized
2026-03-08 22:24:26,012 - INFO - 图初始化完成，节点数: 1458，当前模式: 优化采样
2026-03-08 22:24:26,012 - INFO - 开始生成 50000 组多重RR-Set...
2026-03-08 22:24:27,231 - INFO - 生成完毕。耗时: 1.22 秒。
2026-03-08 22:24:27,240 - INFO - 开始基于多重RR集贪心选择最优种子...
2026-03-08 22:24:27,482 - INFO - 选种完毕。耗时: 0.24 秒。估算范围: 9.79
2026-03-08 22:24:27,547 - INFO - 当前用时 1.56 秒
2026-03-08 22:24:27,547 - INFO - 将种子集 写入位置: /home/wen/work/coup_spread/network.netYeast/2026-3-9/seeds-with-network.netYeast/random_ris_optimized_seedNum-10_SSRNum-50000.txt
2026-03-08 22:24:27,547 - INFO - 评估种子集: None
2026-03-08 22:24:27,548 - INFO - 多进程评估开始，共有 5 个方法待评估...
2026-03-08 22:24:27,548 - INFO - 启动进程池，Worker数量: 5
2026-03-08 22:24:27,669 - INFO - [Process 3656220] 开始评估方法: random, 种子数: 10
2026-03-08 22:24:27,750 - INFO - [Process 3656221] 开始评估方法: degreeTopM, 种子数: 10
2026-03-08 22:24:27,831 - INFO - [Process 3656222] 开始评估方法: pageRank, 种子数: 10
2026-03-08 22:24:27,926 - INFO - [Process 3656223] 开始评估方法: alpha_sort, 种子数: 10
2026-03-08 22:24:27,998 - INFO - [alpha_sort - 种子:10] 拉新:3.9人 | 总销量:4.0单 | 品牌曝光:14.1次 | 🌟综合得分:5.3
2026-03-08 22:24:28,010 - INFO - [Process 3656224] 开始评估方法: ris_optimized, 种子数: 10
2026-03-08 22:24:28,090 - INFO - [random - 种子:10] 拉新:8.3人 | 总销量:8.4单 | 品牌曝光:40.4次 | 🌟综合得分:12.4
2026-03-08 22:24:28,159 - INFO - [degreeTopM - 种子:10] 拉新:8.0人 | 总销量:8.1单 | 品牌曝光:39.4次 | 🌟综合得分:12.0
2026-03-08 22:24:28,225 - INFO - [pageRank - 种子:10] 拉新:7.9人 | 总销量:8.0单 | 品牌曝光:38.6次 | 🌟综合得分:11.8
2026-03-08 22:24:28,439 - INFO - [ris_optimized - 种子:10] 拉新:8.7人 | 总销量:8.8单 | 品牌曝光:42.7次 | 🌟综合得分:13.0
2026-03-08 22:24:28,455 - INFO - 所有进程执行完毕，开始写入数据...
2026-03-08 22:24:28,470 - INFO - 成功写入 5 条记录至 /home/wen/work/coup_spread/gzc-impl/results/network.netYeast/2026-3-9/random_SSRNum-50000-_seedNum-10_simuTimes-500.csv
2026-03-08 22:24:28,471 - INFO - 保存评估文件至: /home/wen/work/coup_spread/gzc-impl/results/network.netYeast/2026-3-9/random_SSRNum-50000-_seedNum-10_simuTimes-500.csv
2026-03-08 22:24:28,473 - INFO - 加载数据集: network.netYeast
2026-03-08 22:24:28,474 - INFO - --- 矩阵分析 ---
2026-03-08 22:24:28,474 - INFO - 节点数 (N): 1458
2026-03-08 22:24:28,474 - INFO - 边数 (E): 3896
2026-03-08 22:24:28,474 - INFO - 密度 (Density): 0.00183275 (越小越稀疏)
2026-03-08 22:24:28,474 - INFO - 稀疏度 (Sparsity): 0.99816725 (越接近1越稀疏)
2026-03-08 22:24:28,474 - INFO - 平均度数 (Avg Degree): 2.67
2026-03-08 22:24:28,475 - INFO - >>> 正在注入完美对抗属性（验证三条定理）...
2026-03-08 22:24:28,486 - INFO - 首次生成种子集 random
2026-03-08 22:24:28,486 - INFO - 执行当前算法开始: random
2026-03-08 22:24:28,487 - INFO - 数据集节点总数:  n = 1458, m = 20
2026-03-08 22:24:28,487 - INFO - 选择 20  [596, 1109, 773, 615, 462, 1079, 83, 407, 714, 614, 405, 1415, 1452, 1305, 816, 866, 492, 343, 860, 364]

2026-03-08 22:24:28,487 - INFO - 当前用时 0.00 秒
2026-03-08 22:24:28,487 - INFO - 将种子集 写入位置: /home/wen/work/coup_spread/network.netYeast/2026-3-9/seeds-with-network.netYeast/random_random_seedNum-20_SSRNum-50000.txt
2026-03-08 22:24:28,487 - INFO - 首次生成种子集 degreeTopM
2026-03-08 22:24:28,487 - INFO - 执行当前算法开始: degreeTopM
2026-03-08 22:24:28,487 - INFO - 依据: 选择连接数（度数）最多的节点。
2026-03-08 22:24:28,487 - INFO - 选择的 Top M 节点及其度数:
2026-03-08 22:24:28,487 - INFO - 
2026-03-08 22:24:28,487 - INFO - 当前用时 0.00 秒
2026-03-08 22:24:28,487 - INFO - 将种子集 写入位置: /home/wen/work/coup_spread/network.netYeast/2026-3-9/seeds-with-network.netYeast/random_degreeTopM_seedNum-20_SSRNum-50000.txt
2026-03-08 22:24:28,488 - INFO - 首次生成种子集 pageRank
2026-03-08 22:24:28,488 - INFO - 执行当前算法开始: pageRank
2026-03-08 22:24:28,488 - INFO - --- Running: PageRank (on tranProMatrix) Top M ---
2026-03-08 22:24:28,523 - INFO - Selected PageRank seeds: [157, 25, 57, 55, 15, 68, 315, 105, 238, 1041, 224, 2, 69, 1285, 34, 18, 464, 66, 546, 371]
2026-03-08 22:24:28,523 - INFO - 当前用时 0.04 秒
2026-03-08 22:24:28,523 - INFO - 将种子集 写入位置: /home/wen/work/coup_spread/network.netYeast/2026-3-9/seeds-with-network.netYeast/random_pageRank_seedNum-20_SSRNum-50000.txt
2026-03-08 22:24:28,523 - INFO - 首次生成种子集 alpha_sort
2026-03-08 22:24:28,523 - INFO - 执行当前算法开始: alpha_sort
2026-03-08 22:24:28,524 - INFO - 1458 个节点的alpha值降序排序 done
2026-03-08 22:24:28,524 - INFO - ==============>> [(1168, np.float64(0.3)), (1169, np.float64(0.3)), (1170, np.float64(0.3)), (1171, np.float64(0.3)), (1172, np.float64(0.3)), (1173, np.float64(0.3)), (1174, np.float64(0.3)), (1175, np.float64(0.3)), (1176, np.float64(0.3)), (1177, np.float64(0.3))]
2026-03-08 22:24:28,524 - INFO - 
选择的种子集 (按alpha排序): [1168, 1169, 1170, 1171, 1172, 1173, 1174, 1175, 1176, 1177, 1178, 1179, 1180, 1181, 1182, 1183, 1184, 1185, 1186, 1187]

2026-03-08 22:24:28,524 - INFO - 当前用时 0.00 秒
2026-03-08 22:24:28,524 - INFO - 将种子集 写入位置: /home/wen/work/coup_spread/network.netYeast/2026-3-9/seeds-with-network.netYeast/random_alpha_sort_seedNum-20_SSRNum-50000.txt
2026-03-08 22:24:28,524 - INFO - 首次生成种子集 ris_optimized
2026-03-08 22:24:28,524 - INFO - 执行当前算法开始: ris_optimized
2026-03-08 22:24:28,546 - INFO - 图初始化完成，节点数: 1458，当前模式: 优化采样
2026-03-08 22:24:28,546 - INFO - 开始生成 50000 组多重RR-Set...
2026-03-08 22:24:30,617 - INFO - 生成完毕。耗时: 2.07 秒。
2026-03-08 22:24:30,621 - INFO - 开始基于多重RR集贪心选择最优种子...
2026-03-08 22:24:30,940 - INFO - 选种完毕。耗时: 0.32 秒。估算范围: 19.29
2026-03-08 22:24:31,027 - INFO - 当前用时 2.50 秒
2026-03-08 22:24:31,027 - INFO - 将种子集 写入位置: /home/wen/work/coup_spread/network.netYeast/2026-3-9/seeds-with-network.netYeast/random_ris_optimized_seedNum-20_SSRNum-50000.txt
2026-03-08 22:24:31,027 - INFO - 评估种子集: None
2026-03-08 22:24:31,027 - INFO - 多进程评估开始，共有 5 个方法待评估...
2026-03-08 22:24:31,027 - INFO - 启动进程池，Worker数量: 5
2026-03-08 22:24:31,137 - INFO - [Process 3656261] 开始评估方法: random, 种子数: 20
2026-03-08 22:24:31,208 - INFO - [Process 3656262] 开始评估方法: degreeTopM, 种子数: 20
2026-03-08 22:24:31,280 - INFO - [Process 3656263] 开始评估方法: pageRank, 种子数: 20
2026-03-08 22:24:31,352 - INFO - [Process 3656264] 开始评估方法: alpha_sort, 种子数: 20
2026-03-08 22:24:31,429 - INFO - [Process 3656265] 开始评估方法: ris_optimized, 种子数: 20
2026-03-08 22:24:31,525 - INFO - [alpha_sort - 种子:20] 拉新:8.4人 | 总销量:8.5单 | 品牌曝光:30.9次 | 🌟综合得分:11.5
2026-03-08 22:24:31,928 - INFO - [random - 种子:20] 拉新:15.0人 | 总销量:15.2单 | 品牌曝光:76.5次 | 🌟综合得分:22.8
2026-03-08 22:24:32,071 - INFO - [degreeTopM - 种子:20] 拉新:16.3人 | 总销量:16.6单 | 品牌曝光:81.9次 | 🌟综合得分:24.6
2026-03-08 22:24:32,093 - INFO - [pageRank - 种子:20] 拉新:15.8人 | 总销量:16.0单 | 品牌曝光:78.7次 | 🌟综合得分:23.8
2026-03-08 22:24:32,367 - INFO - [ris_optimized - 种子:20] 拉新:17.8人 | 总销量:18.1单 | 品牌曝光:89.4次 | 🌟综合得分:26.9
2026-03-08 22:24:32,390 - INFO - 所有进程执行完毕，开始写入数据...
2026-03-08 22:24:32,399 - INFO - 成功写入 5 条记录至 /home/wen/work/coup_spread/gzc-impl/results/network.netYeast/2026-3-9/random_SSRNum-50000-_seedNum-20_simuTimes-500.csv
2026-03-08 22:24:32,400 - INFO - 保存评估文件至: /home/wen/work/coup_spread/gzc-impl/results/network.netYeast/2026-3-9/random_SSRNum-50000-_seedNum-20_simuTimes-500.csv
2026-03-08 22:24:32,406 - INFO - 加载数据集: network.netYeast
2026-03-08 22:24:32,407 - INFO - --- 矩阵分析 ---
2026-03-08 22:24:32,407 - INFO - 节点数 (N): 1458
2026-03-08 22:24:32,407 - INFO - 边数 (E): 3896
2026-03-08 22:24:32,407 - INFO - 密度 (Density): 0.00183275 (越小越稀疏)
2026-03-08 22:24:32,407 - INFO - 稀疏度 (Sparsity): 0.99816725 (越接近1越稀疏)
2026-03-08 22:24:32,407 - INFO - 平均度数 (Avg Degree): 2.67
2026-03-08 22:24:32,407 - INFO - >>> 正在注入完美对抗属性（验证三条定理）...
2026-03-08 22:24:32,419 - INFO - 首次生成种子集 random
2026-03-08 22:24:32,419 - INFO - 执行当前算法开始: random
2026-03-08 22:24:32,419 - INFO - 数据集节点总数:  n = 1458, m = 30
2026-03-08 22:24:32,419 - INFO - 选择 30  [594, 1193, 31, 102, 590, 736, 343, 1379, 1049, 465, 1213, 695, 770, 957, 268, 733, 300, 1120, 1100, 1142, 1144, 613, 618, 54, 442, 845, 1162, 21, 148, 1188]

2026-03-08 22:24:32,419 - INFO - 当前用时 0.00 秒
2026-03-08 22:24:32,420 - INFO - 将种子集 写入位置: /home/wen/work/coup_spread/network.netYeast/2026-3-9/seeds-with-network.netYeast/random_random_seedNum-30_SSRNum-50000.txt
2026-03-08 22:24:32,420 - INFO - 首次生成种子集 degreeTopM
2026-03-08 22:24:32,420 - INFO - 执行当前算法开始: degreeTopM
2026-03-08 22:24:32,420 - INFO - 依据: 选择连接数（度数）最多的节点。
2026-03-08 22:24:32,420 - INFO - 选择的 Top M 节点及其度数:
2026-03-08 22:24:32,420 - INFO - 
2026-03-08 22:24:32,420 - INFO - 当前用时 0.00 秒
2026-03-08 22:24:32,420 - INFO - 将种子集 写入位置: /home/wen/work/coup_spread/network.netYeast/2026-3-9/seeds-with-network.netYeast/random_degreeTopM_seedNum-30_SSRNum-50000.txt
2026-03-08 22:24:32,420 - INFO - 首次生成种子集 pageRank
2026-03-08 22:24:32,421 - INFO - 执行当前算法开始: pageRank
2026-03-08 22:24:32,421 - INFO - --- Running: PageRank (on tranProMatrix) Top M ---
2026-03-08 22:24:32,456 - INFO - Selected PageRank seeds: [157, 25, 57, 55, 15, 68, 315, 105, 238, 1041, 224, 2, 69, 1285, 34, 18, 464, 66, 546, 371, 56, 277, 143, 1149, 461, 383, 186, 393, 35, 204]
2026-03-08 22:24:32,456 - INFO - 当前用时 0.04 秒
2026-03-08 22:24:32,457 - INFO - 将种子集 写入位置: /home/wen/work/coup_spread/network.netYeast/2026-3-9/seeds-with-network.netYeast/random_pageRank_seedNum-30_SSRNum-50000.txt
2026-03-08 22:24:32,457 - INFO - 首次生成种子集 alpha_sort
2026-03-08 22:24:32,457 - INFO - 执行当前算法开始: alpha_sort
2026-03-08 22:24:32,457 - INFO - 1458 个节点的alpha值降序排序 done
2026-03-08 22:24:32,457 - INFO - ==============>> [(1168, np.float64(0.3)), (1169, np.float64(0.3)), (1170, np.float64(0.3)), (1171, np.float64(0.3)), (1172, np.float64(0.3)), (1173, np.float64(0.3)), (1174, np.float64(0.3)), (1175, np.float64(0.3)), (1176, np.float64(0.3)), (1177, np.float64(0.3))]
2026-03-08 22:24:32,457 - INFO - 
选择的种子集 (按alpha排序): [1168, 1169, 1170, 1171, 1172, 1173, 1174, 1175, 1176, 1177, 1178, 1179, 1180, 1181, 1182, 1183, 1184, 1185, 1186, 1187, 1188, 1189, 1190, 1191, 1192, 1193, 1194, 1195, 1196, 1197]

2026-03-08 22:24:32,457 - INFO - 当前用时 0.00 秒
2026-03-08 22:24:32,457 - INFO - 将种子集 写入位置: /home/wen/work/coup_spread/network.netYeast/2026-3-9/seeds-with-network.netYeast/random_alpha_sort_seedNum-30_SSRNum-50000.txt
2026-03-08 22:24:32,457 - INFO - 首次生成种子集 ris_optimized
2026-03-08 22:24:32,458 - INFO - 执行当前算法开始: ris_optimized
2026-03-08 22:24:32,479 - INFO - 图初始化完成，节点数: 1458，当前模式: 优化采样
2026-03-08 22:24:32,479 - INFO - 开始生成 50000 组多重RR-Set...
2026-03-08 22:24:35,368 - INFO - 生成完毕。耗时: 2.89 秒。
2026-03-08 22:24:35,375 - INFO - 开始基于多重RR集贪心选择最优种子...
2026-03-08 22:24:35,874 - INFO - 选种完毕。耗时: 0.50 秒。估算范围: 29.30
2026-03-08 22:24:36,007 - INFO - 当前用时 3.55 秒
2026-03-08 22:24:36,007 - INFO - 将种子集 写入位置: /home/wen/work/coup_spread/network.netYeast/2026-3-9/seeds-with-network.netYeast/random_ris_optimized_seedNum-30_SSRNum-50000.txt
2026-03-08 22:24:36,008 - INFO - 评估种子集: None
2026-03-08 22:24:36,008 - INFO - 多进程评估开始，共有 5 个方法待评估...
2026-03-08 22:24:36,008 - INFO - 启动进程池，Worker数量: 5
2026-03-08 22:24:36,143 - INFO - [Process 3656379] 开始评估方法: random, 种子数: 30
2026-03-08 22:24:36,237 - INFO - [Process 3656380] 开始评估方法: degreeTopM, 种子数: 30
2026-03-08 22:24:36,300 - INFO - [Process 3656381] 开始评估方法: pageRank, 种子数: 30
2026-03-08 22:24:36,388 - INFO - [Process 3656382] 开始评估方法: alpha_sort, 种子数: 30
2026-03-08 22:24:36,478 - INFO - [Process 3656383] 开始评估方法: ris_optimized, 种子数: 30
2026-03-08 22:24:36,653 - INFO - [alpha_sort - 种子:30] 拉新:12.7人 | 总销量:12.9单 | 品牌曝光:47.3次 | 🌟综合得分:17.6
2026-03-08 22:24:37,319 - INFO - [random - 种子:30] 拉新:23.2人 | 总销量:23.6单 | 品牌曝光:115.4次 | 🌟综合得分:35.0
2026-03-08 22:24:37,501 - INFO - [degreeTopM - 种子:30] 拉新:23.9人 | 总销量:24.5单 | 品牌曝光:120.5次 | 🌟综合得分:36.3
2026-03-08 22:24:37,526 - INFO - [pageRank - 种子:30] 拉新:23.7人 | 总销量:24.2单 | 品牌曝光:119.0次 | 🌟综合得分:35.8
2026-03-08 22:24:37,820 - INFO - [ris_optimized - 种子:30] 拉新:25.7人 | 总销量:26.2单 | 品牌曝光:129.6次 | 🌟综合得分:38.9
2026-03-08 22:24:37,843 - INFO - 所有进程执行完毕，开始写入数据...
2026-03-08 22:24:37,852 - INFO - 成功写入 5 条记录至 /home/wen/work/coup_spread/gzc-impl/results/network.netYeast/2026-3-9/random_SSRNum-50000-_seedNum-30_simuTimes-500.csv
2026-03-08 22:24:37,853 - INFO - 保存评估文件至: /home/wen/work/coup_spread/gzc-impl/results/network.netYeast/2026-3-9/random_SSRNum-50000-_seedNum-30_simuTimes-500.csv
2026-03-08 22:24:37,861 - INFO - 加载数据集: network.netYeast
2026-03-08 22:24:37,861 - INFO - --- 矩阵分析 ---
2026-03-08 22:24:37,862 - INFO - 节点数 (N): 1458
2026-03-08 22:24:37,862 - INFO - 边数 (E): 3896
2026-03-08 22:24:37,862 - INFO - 密度 (Density): 0.00183275 (越小越稀疏)
2026-03-08 22:24:37,862 - INFO - 稀疏度 (Sparsity): 0.99816725 (越接近1越稀疏)
2026-03-08 22:24:37,862 - INFO - 平均度数 (Avg Degree): 2.67
2026-03-08 22:24:37,862 - INFO - >>> 正在注入完美对抗属性（验证三条定理）...
2026-03-08 22:24:37,874 - INFO - 首次生成种子集 random
2026-03-08 22:24:37,874 - INFO - 执行当前算法开始: random
2026-03-08 22:24:37,874 - INFO - 数据集节点总数:  n = 1458, m = 40
2026-03-08 22:24:37,874 - INFO - 选择 40  [83, 808, 1043, 642, 1241, 1405, 563, 1042, 320, 258, 625, 1233, 998, 1123, 312, 280, 504, 884, 758, 440, 773, 996, 1125, 1272, 1401, 1198, 377, 121, 1014, 591, 843, 915, 1262, 911, 531, 1315, 182, 1380, 571, 772]

2026-03-08 22:24:37,874 - INFO - 当前用时 0.00 秒
2026-03-08 22:24:37,875 - INFO - 将种子集 写入位置: /home/wen/work/coup_spread/network.netYeast/2026-3-9/seeds-with-network.netYeast/random_random_seedNum-40_SSRNum-50000.txt
2026-03-08 22:24:37,875 - INFO - 首次生成种子集 degreeTopM
2026-03-08 22:24:37,875 - INFO - 执行当前算法开始: degreeTopM
2026-03-08 22:24:37,875 - INFO - 依据: 选择连接数（度数）最多的节点。
2026-03-08 22:24:37,875 - INFO - 选择的 Top M 节点及其度数:
2026-03-08 22:24:37,875 - INFO - 
2026-03-08 22:24:37,875 - INFO - 当前用时 0.00 秒
2026-03-08 22:24:37,875 - INFO - 将种子集 写入位置: /home/wen/work/coup_spread/network.netYeast/2026-3-9/seeds-with-network.netYeast/random_degreeTopM_seedNum-40_SSRNum-50000.txt
2026-03-08 22:24:37,875 - INFO - 首次生成种子集 pageRank
2026-03-08 22:24:37,875 - INFO - 执行当前算法开始: pageRank
2026-03-08 22:24:37,876 - INFO - --- Running: PageRank (on tranProMatrix) Top M ---
2026-03-08 22:24:37,952 - INFO - Selected PageRank seeds: [157, 25, 57, 55, 15, 68, 315, 105, 238, 1041, 224, 2, 69, 1285, 34, 18, 464, 66, 546, 371, 56, 277, 143, 1149, 461, 383, 186, 393, 35, 204, 227, 251, 155, 635, 544, 287, 423, 214, 364, 599]
2026-03-08 22:24:37,952 - INFO - 当前用时 0.08 秒
2026-03-08 22:24:37,952 - INFO - 将种子集 写入位置: /home/wen/work/coup_spread/network.netYeast/2026-3-9/seeds-with-network.netYeast/random_pageRank_seedNum-40_SSRNum-50000.txt
2026-03-08 22:24:37,953 - INFO - 首次生成种子集 alpha_sort
2026-03-08 22:24:37,953 - INFO - 执行当前算法开始: alpha_sort
2026-03-08 22:24:37,953 - INFO - 1458 个节点的alpha值降序排序 done
2026-03-08 22:24:37,953 - INFO - ==============>> [(1168, np.float64(0.3)), (1169, np.float64(0.3)), (1170, np.float64(0.3)), (1171, np.float64(0.3)), (1172, np.float64(0.3)), (1173, np.float64(0.3)), (1174, np.float64(0.3)), (1175, np.float64(0.3)), (1176, np.float64(0.3)), (1177, np.float64(0.3))]
2026-03-08 22:24:37,953 - INFO - 
选择的种子集 (按alpha排序): [1168, 1169, 1170, 1171, 1172, 1173, 1174, 1175, 1176, 1177, 1178, 1179, 1180, 1181, 1182, 1183, 1184, 1185, 1186, 1187, 1188, 1189, 1190, 1191, 1192, 1193, 1194, 1195, 1196, 1197, 1198, 1199, 1200, 1201, 1202, 1203, 1204, 1205, 1206, 1207]

2026-03-08 22:24:37,953 - INFO - 当前用时 0.00 秒
2026-03-08 22:24:37,953 - INFO - 将种子集 写入位置: /home/wen/work/coup_spread/network.netYeast/2026-3-9/seeds-with-network.netYeast/random_alpha_sort_seedNum-40_SSRNum-50000.txt
2026-03-08 22:24:37,953 - INFO - 首次生成种子集 ris_optimized
2026-03-08 22:24:37,953 - INFO - 执行当前算法开始: ris_optimized
2026-03-08 22:24:37,976 - INFO - 图初始化完成，节点数: 1458，当前模式: 优化采样
2026-03-08 22:24:37,976 - INFO - 开始生成 50000 组多重RR-Set...
2026-03-08 22:24:41,967 - INFO - 生成完毕。耗时: 3.99 秒。
2026-03-08 22:24:41,975 - INFO - 开始基于多重RR集贪心选择最优种子...
2026-03-08 22:24:42,776 - INFO - 选种完毕。耗时: 0.80 秒。估算范围: 37.27
2026-03-08 22:24:42,945 - INFO - 当前用时 4.99 秒
2026-03-08 22:24:42,945 - INFO - 将种子集 写入位置: /home/wen/work/coup_spread/network.netYeast/2026-3-9/seeds-with-network.netYeast/random_ris_optimized_seedNum-40_SSRNum-50000.txt
2026-03-08 22:24:42,945 - INFO - 评估种子集: None
2026-03-08 22:24:42,945 - INFO - 多进程评估开始，共有 5 个方法待评估...
2026-03-08 22:24:42,945 - INFO - 启动进程池，Worker数量: 5
2026-03-08 22:24:43,050 - INFO - [Process 3656541] 开始评估方法: random, 种子数: 40
2026-03-08 22:24:43,119 - INFO - [Process 3656542] 开始评估方法: degreeTopM, 种子数: 40
2026-03-08 22:24:43,191 - INFO - [Process 3656543] 开始评估方法: pageRank, 种子数: 40
2026-03-08 22:24:43,260 - INFO - [Process 3656544] 开始评估方法: alpha_sort, 种子数: 40
2026-03-08 22:24:43,331 - INFO - [Process 3656545] 开始评估方法: ris_optimized, 种子数: 40
2026-03-08 22:24:43,615 - INFO - [alpha_sort - 种子:40] 拉新:16.8人 | 总销量:17.1单 | 品牌曝光:63.3次 | 🌟综合得分:23.3
2026-03-08 22:24:44,559 - INFO - [random - 种子:40] 拉新:29.2人 | 总销量:30.2单 | 品牌曝光:149.3次 | 🌟综合得分:44.6
2026-03-08 22:24:44,832 - INFO - [degreeTopM - 种子:40] 拉新:31.7人 | 总销量:32.9单 | 品牌曝光:162.7次 | 🌟综合得分:48.6
2026-03-08 22:24:44,945 - INFO - [pageRank - 种子:40] 拉新:31.6人 | 总销量:32.5单 | 品牌曝光:160.5次 | 🌟综合得分:48.1
2026-03-08 22:24:45,180 - INFO - [ris_optimized - 种子:40] 拉新:34.5人 | 总销量:35.5单 | 品牌曝光:176.0次 | 🌟综合得分:52.6
2026-03-08 22:24:45,204 - INFO - 所有进程执行完毕，开始写入数据...
2026-03-08 22:24:45,213 - INFO - 成功写入 5 条记录至 /home/wen/work/coup_spread/gzc-impl/results/network.netYeast/2026-3-9/random_SSRNum-50000-_seedNum-40_simuTimes-500.csv
2026-03-08 22:24:45,214 - INFO - 保存评估文件至: /home/wen/work/coup_spread/gzc-impl/results/network.netYeast/2026-3-9/random_SSRNum-50000-_seedNum-40_simuTimes-500.csv
2026-03-08 22:24:45,216 - INFO - 加载数据集: network.netYeast
2026-03-08 22:24:45,217 - INFO - --- 矩阵分析 ---
2026-03-08 22:24:45,217 - INFO - 节点数 (N): 1458
2026-03-08 22:24:45,217 - INFO - 边数 (E): 3896
2026-03-08 22:24:45,217 - INFO - 密度 (Density): 0.00183275 (越小越稀疏)
2026-03-08 22:24:45,217 - INFO - 稀疏度 (Sparsity): 0.99816725 (越接近1越稀疏)
2026-03-08 22:24:45,217 - INFO - 平均度数 (Avg Degree): 2.67
2026-03-08 22:24:45,218 - INFO - >>> 正在注入完美对抗属性（验证三条定理）...
2026-03-08 22:24:45,236 - INFO - 首次生成种子集 random
2026-03-08 22:24:45,236 - INFO - 执行当前算法开始: random
2026-03-08 22:24:45,236 - INFO - 数据集节点总数:  n = 1458, m = 50
2026-03-08 22:24:45,236 - INFO - 选择 50  [137, 349, 471, 21, 322, 1427, 1314, 221, 667, 1270, 229, 1184, 93, 719, 597, 1059, 818, 708, 691, 216, 730, 499, 68, 861, 858, 728, 3, 1300, 838, 506, 537, 907, 1288, 1253, 1191, 583, 105, 376, 1451, 569, 946, 1219, 842, 245, 321, 74, 1163, 199, 566, 567]

2026-03-08 22:24:45,236 - INFO - 当前用时 0.00 秒
2026-03-08 22:24:45,236 - INFO - 将种子集 写入位置: /home/wen/work/coup_spread/network.netYeast/2026-3-9/seeds-with-network.netYeast/random_random_seedNum-50_SSRNum-50000.txt
2026-03-08 22:24:45,236 - INFO - 首次生成种子集 degreeTopM
2026-03-08 22:24:45,236 - INFO - 执行当前算法开始: degreeTopM
2026-03-08 22:24:45,236 - INFO - 依据: 选择连接数（度数）最多的节点。
2026-03-08 22:24:45,237 - INFO - 选择的 Top M 节点及其度数:
2026-03-08 22:24:45,237 - INFO - 
2026-03-08 22:24:45,237 - INFO - 当前用时 0.00 秒
2026-03-08 22:24:45,237 - INFO - 将种子集 写入位置: /home/wen/work/coup_spread/network.netYeast/2026-3-9/seeds-with-network.netYeast/random_degreeTopM_seedNum-50_SSRNum-50000.txt
2026-03-08 22:24:45,237 - INFO - 首次生成种子集 pageRank
2026-03-08 22:24:45,237 - INFO - 执行当前算法开始: pageRank
2026-03-08 22:24:45,238 - INFO - --- Running: PageRank (on tranProMatrix) Top M ---
2026-03-08 22:24:45,273 - INFO - Selected PageRank seeds: [157, 25, 57, 55, 15, 68, 315, 105, 238, 1041, 224, 2, 69, 1285, 34, 18, 464, 66, 546, 371, 56, 277, 143, 1149, 461, 383, 186, 393, 35, 204, 227, 251, 155, 635, 544, 287, 423, 214, 364, 599, 343, 606, 44, 43, 289, 551, 406, 62, 462, 416]
2026-03-08 22:24:45,273 - INFO - 当前用时 0.04 秒
2026-03-08 22:24:45,273 - INFO - 将种子集 写入位置: /home/wen/work/coup_spread/network.netYeast/2026-3-9/seeds-with-network.netYeast/random_pageRank_seedNum-50_SSRNum-50000.txt
2026-03-08 22:24:45,273 - INFO - 首次生成种子集 alpha_sort
2026-03-08 22:24:45,274 - INFO - 执行当前算法开始: alpha_sort
2026-03-08 22:24:45,274 - INFO - 1458 个节点的alpha值降序排序 done
2026-03-08 22:24:45,274 - INFO - ==============>> [(1168, np.float64(0.3)), (1169, np.float64(0.3)), (1170, np.float64(0.3)), (1171, np.float64(0.3)), (1172, np.float64(0.3)), (1173, np.float64(0.3)), (1174, np.float64(0.3)), (1175, np.float64(0.3)), (1176, np.float64(0.3)), (1177, np.float64(0.3))]
2026-03-08 22:24:45,274 - INFO - 
选择的种子集 (按alpha排序): [1168, 1169, 1170, 1171, 1172, 1173, 1174, 1175, 1176, 1177, 1178, 1179, 1180, 1181, 1182, 1183, 1184, 1185, 1186, 1187, 1188, 1189, 1190, 1191, 1192, 1193, 1194, 1195, 1196, 1197, 1198, 1199, 1200, 1201, 1202, 1203, 1204, 1205, 1206, 1207, 1208, 1209, 1210, 1211, 1212, 1213, 1214, 1215, 1216, 1217]

2026-03-08 22:24:45,274 - INFO - 当前用时 0.00 秒
2026-03-08 22:24:45,274 - INFO - 将种子集 写入位置: /home/wen/work/coup_spread/network.netYeast/2026-3-9/seeds-with-network.netYeast/random_alpha_sort_seedNum-50_SSRNum-50000.txt
2026-03-08 22:24:45,274 - INFO - 首次生成种子集 ris_optimized
2026-03-08 22:24:45,274 - INFO - 执行当前算法开始: ris_optimized
2026-03-08 22:24:45,302 - INFO - 图初始化完成，节点数: 1458，当前模式: 优化采样
2026-03-08 22:24:45,302 - INFO - 开始生成 50000 组多重RR-Set...
2026-03-08 22:24:50,569 - INFO - 生成完毕。耗时: 5.27 秒。
2026-03-08 22:24:50,576 - INFO - 开始基于多重RR集贪心选择最优种子...
2026-03-08 22:24:51,492 - INFO - 选种完毕。耗时: 0.92 秒。估算范围: 47.56
2026-03-08 22:24:51,764 - INFO - 当前用时 6.49 秒
2026-03-08 22:24:51,765 - INFO - 将种子集 写入位置: /home/wen/work/coup_spread/network.netYeast/2026-3-9/seeds-with-network.netYeast/random_ris_optimized_seedNum-50_SSRNum-50000.txt
2026-03-08 22:24:51,765 - INFO - 评估种子集: None
2026-03-08 22:24:51,765 - INFO - 多进程评估开始，共有 5 个方法待评估...
2026-03-08 22:24:51,765 - INFO - 启动进程池，Worker数量: 5
2026-03-08 22:24:51,891 - INFO - [Process 3656709] 开始评估方法: random, 种子数: 50
2026-03-08 22:24:51,976 - INFO - [Process 3656710] 开始评估方法: degreeTopM, 种子数: 50
2026-03-08 22:24:52,057 - INFO - [Process 3656711] 开始评估方法: pageRank, 种子数: 50
2026-03-08 22:24:52,141 - INFO - [Process 3656712] 开始评估方法: alpha_sort, 种子数: 50
2026-03-08 22:24:52,226 - INFO - [Process 3656713] 开始评估方法: ris_optimized, 种子数: 50
2026-03-08 22:24:52,584 - INFO - [alpha_sort - 种子:50] 拉新:20.9人 | 总销量:21.3单 | 品牌曝光:79.1次 | 🌟综合得分:29.0
2026-03-08 22:24:53,713 - INFO - [random - 种子:50] 拉新:37.4人 | 总销量:38.4单 | 品牌曝光:187.9次 | 🌟综合得分:56.7
2026-03-08 22:24:54,057 - INFO - [degreeTopM - 种子:50] 拉新:39.3人 | 总销量:41.0单 | 品牌曝光:203.7次 | 🌟综合得分:60.6
2026-03-08 22:24:54,148 - INFO - [pageRank - 种子:50] 拉新:39.3人 | 总销量:40.9单 | 品牌曝光:202.3次 | 🌟综合得分:60.3
2026-03-08 22:24:54,494 - INFO - [ris_optimized - 种子:50] 拉新:42.9人 | 总销量:44.0单 | 品牌曝光:218.8次 | 🌟综合得分:65.3
2026-03-08 22:24:54,519 - INFO - 所有进程执行完毕，开始写入数据...
2026-03-08 22:24:54,527 - INFO - 成功写入 5 条记录至 /home/wen/work/coup_spread/gzc-impl/results/network.netYeast/2026-3-9/random_SSRNum-50000-_seedNum-50_simuTimes-500.csv
2026-03-08 22:24:54,528 - INFO - 保存评估文件至: /home/wen/work/coup_spread/gzc-impl/results/network.netYeast/2026-3-9/random_SSRNum-50000-_seedNum-50_simuTimes-500.csv
2026-03-08 22:24:54,531 - INFO - 加载数据集: network.netYeast
2026-03-08 22:24:54,532 - INFO - --- 矩阵分析 ---
2026-03-08 22:24:54,532 - INFO - 节点数 (N): 1458
2026-03-08 22:24:54,532 - INFO - 边数 (E): 3896
2026-03-08 22:24:54,532 - INFO - 密度 (Density): 0.00183275 (越小越稀疏)
2026-03-08 22:24:54,532 - INFO - 稀疏度 (Sparsity): 0.99816725 (越接近1越稀疏)
2026-03-08 22:24:54,532 - INFO - 平均度数 (Avg Degree): 2.67
2026-03-08 22:24:54,532 - INFO - >>> 正在注入完美对抗属性（验证三条定理）...
2026-03-08 22:24:54,550 - INFO - 首次生成种子集 random
2026-03-08 22:24:54,550 - INFO - 执行当前算法开始: random
2026-03-08 22:24:54,551 - INFO - 数据集节点总数:  n = 1458, m = 60
2026-03-08 22:24:54,551 - INFO - 选择 60  [668, 885, 1323, 1217, 289, 181, 1232, 450, 723, 1229, 244, 812, 378, 987, 1287, 320, 911, 1441, 97, 211, 362, 1439, 1452, 1074, 1006, 814, 1381, 1187, 358, 1446, 33, 258, 194, 512, 72, 593, 914, 738, 31, 1152, 190, 1044, 231, 932, 882, 746, 971, 773, 915, 1348, 1029, 1329, 1073, 969, 56, 1349, 1077, 196, 1437, 217]

2026-03-08 22:24:54,551 - INFO - 当前用时 0.00 秒
2026-03-08 22:24:54,551 - INFO - 将种子集 写入位置: /home/wen/work/coup_spread/network.netYeast/2026-3-9/seeds-with-network.netYeast/random_random_seedNum-60_SSRNum-50000.txt
2026-03-08 22:24:54,551 - INFO - 首次生成种子集 degreeTopM
2026-03-08 22:24:54,551 - INFO - 执行当前算法开始: degreeTopM
2026-03-08 22:24:54,551 - INFO - 依据: 选择连接数（度数）最多的节点。
2026-03-08 22:24:54,551 - INFO - 选择的 Top M 节点及其度数:
2026-03-08 22:24:54,552 - INFO - 
2026-03-08 22:24:54,552 - INFO - 当前用时 0.00 秒
2026-03-08 22:24:54,552 - INFO - 将种子集 写入位置: /home/wen/work/coup_spread/network.netYeast/2026-3-9/seeds-with-network.netYeast/random_degreeTopM_seedNum-60_SSRNum-50000.txt
2026-03-08 22:24:54,552 - INFO - 首次生成种子集 pageRank
2026-03-08 22:24:54,552 - INFO - 执行当前算法开始: pageRank
2026-03-08 22:24:54,552 - INFO - --- Running: PageRank (on tranProMatrix) Top M ---
2026-03-08 22:24:54,588 - INFO - Selected PageRank seeds: [157, 25, 57, 55, 15, 68, 315, 105, 238, 1041, 224, 2, 69, 1285, 34, 18, 464, 66, 546, 371, 56, 277, 143, 1149, 461, 383, 186, 393, 35, 204, 227, 251, 155, 635, 544, 287, 423, 214, 364, 599, 343, 606, 44, 43, 289, 551, 406, 62, 462, 416, 33, 284, 845, 975, 72, 1318, 473, 70, 346, 99]
2026-03-08 22:24:54,588 - INFO - 当前用时 0.04 秒
2026-03-08 22:24:54,588 - INFO - 将种子集 写入位置: /home/wen/work/coup_spread/network.netYeast/2026-3-9/seeds-with-network.netYeast/random_pageRank_seedNum-60_SSRNum-50000.txt
2026-03-08 22:24:54,588 - INFO - 首次生成种子集 alpha_sort
2026-03-08 22:24:54,588 - INFO - 执行当前算法开始: alpha_sort
2026-03-08 22:24:54,589 - INFO - 1458 个节点的alpha值降序排序 done
2026-03-08 22:24:54,589 - INFO - ==============>> [(1168, np.float64(0.3)), (1169, np.float64(0.3)), (1170, np.float64(0.3)), (1171, np.float64(0.3)), (1172, np.float64(0.3)), (1173, np.float64(0.3)), (1174, np.float64(0.3)), (1175, np.float64(0.3)), (1176, np.float64(0.3)), (1177, np.float64(0.3))]
2026-03-08 22:24:54,589 - INFO - 
选择的种子集 (按alpha排序): [1168, 1169, 1170, 1171, 1172, 1173, 1174, 1175, 1176, 1177, 1178, 1179, 1180, 1181, 1182, 1183, 1184, 1185, 1186, 1187, 1188, 1189, 1190, 1191, 1192, 1193, 1194, 1195, 1196, 1197, 1198, 1199, 1200, 1201, 1202, 1203, 1204, 1205, 1206, 1207, 1208, 1209, 1210, 1211, 1212, 1213, 1214, 1215, 1216, 1217, 1218, 1219, 1220, 1221, 1222, 1223, 1224, 1225, 1226, 1227]

2026-03-08 22:24:54,589 - INFO - 当前用时 0.00 秒
2026-03-08 22:24:54,589 - INFO - 将种子集 写入位置: /home/wen/work/coup_spread/network.netYeast/2026-3-9/seeds-with-network.netYeast/random_alpha_sort_seedNum-60_SSRNum-50000.txt
2026-03-08 22:24:54,589 - INFO - 首次生成种子集 ris_optimized
2026-03-08 22:24:54,589 - INFO - 执行当前算法开始: ris_optimized
2026-03-08 22:24:54,615 - INFO - 图初始化完成，节点数: 1458，当前模式: 优化采样
2026-03-08 22:24:54,615 - INFO - 开始生成 50000 组多重RR-Set...
2026-03-08 22:25:00,310 - INFO - 生成完毕。耗时: 5.69 秒。
2026-03-08 22:25:00,321 - INFO - 开始基于多重RR集贪心选择最优种子...
2026-03-08 22:25:01,485 - INFO - 选种完毕。耗时: 1.16 秒。估算范围: 57.14
2026-03-08 22:25:01,766 - INFO - 当前用时 7.18 秒
2026-03-08 22:25:01,766 - INFO - 将种子集 写入位置: /home/wen/work/coup_spread/network.netYeast/2026-3-9/seeds-with-network.netYeast/random_ris_optimized_seedNum-60_SSRNum-50000.txt
2026-03-08 22:25:01,767 - INFO - 评估种子集: None
2026-03-08 22:25:01,767 - INFO - 多进程评估开始，共有 5 个方法待评估...
2026-03-08 22:25:01,767 - INFO - 启动进程池，Worker数量: 5
2026-03-08 22:25:01,879 - INFO - [Process 3656902] 开始评估方法: random, 种子数: 60
2026-03-08 22:25:01,948 - INFO - [Process 3656903] 开始评估方法: degreeTopM, 种子数: 60
2026-03-08 22:25:02,018 - INFO - [Process 3656904] 开始评估方法: pageRank, 种子数: 60
2026-03-08 22:25:02,089 - INFO - [Process 3656905] 开始评估方法: alpha_sort, 种子数: 60
2026-03-08 22:25:02,159 - INFO - [Process 3656906] 开始评估方法: ris_optimized, 种子数: 60
2026-03-08 22:25:02,601 - INFO - [alpha_sort - 种子:60] 拉新:25.0人 | 总销量:25.6单 | 品牌曝光:94.5次 | 🌟综合得分:34.8
2026-03-08 22:25:04,053 - INFO - [random - 种子:60] 拉新:41.8人 | 总销量:43.0单 | 品牌曝光:217.3次 | 🌟综合得分:64.1
2026-03-08 22:25:04,459 - INFO - [pageRank - 种子:60] 拉新:46.6人 | 总销量:48.6单 | 品牌曝光:242.1次 | 🌟综合得分:71.8
2026-03-08 22:25:04,467 - INFO - [degreeTopM - 种子:60] 拉新:47.1人 | 总销量:49.5单 | 品牌曝光:245.9次 | 🌟综合得分:72.9
2026-03-08 22:25:04,963 - INFO - [ris_optimized - 种子:60] 拉新:51.1人 | 总销量:52.8单 | 品牌曝光:262.7次 | 🌟综合得分:78.2
2026-03-08 22:25:04,990 - INFO - 所有进程执行完毕，开始写入数据...
2026-03-08 22:25:04,998 - INFO - 成功写入 5 条记录至 /home/wen/work/coup_spread/gzc-impl/results/network.netYeast/2026-3-9/random_SSRNum-50000-_seedNum-60_simuTimes-500.csv
2026-03-08 22:25:04,999 - INFO - 保存评估文件至: /home/wen/work/coup_spread/gzc-impl/results/network.netYeast/2026-3-9/random_SSRNum-50000-_seedNum-60_simuTimes-500.csv
2026-03-08 22:25:05,003 - INFO - 加载数据集: network.netYeast
2026-03-08 22:25:05,004 - INFO - --- 矩阵分析 ---
2026-03-08 22:25:05,004 - INFO - 节点数 (N): 1458
2026-03-08 22:25:05,004 - INFO - 边数 (E): 3896
2026-03-08 22:25:05,004 - INFO - 密度 (Density): 0.00183275 (越小越稀疏)
2026-03-08 22:25:05,004 - INFO - 稀疏度 (Sparsity): 0.99816725 (越接近1越稀疏)
2026-03-08 22:25:05,004 - INFO - 平均度数 (Avg Degree): 2.67
2026-03-08 22:25:05,004 - INFO - >>> 正在注入完美对抗属性（验证三条定理）...
2026-03-08 22:25:05,020 - INFO - 首次生成种子集 random
2026-03-08 22:25:05,020 - INFO - 执行当前算法开始: random
2026-03-08 22:25:05,020 - INFO - 数据集节点总数:  n = 1458, m = 70
2026-03-08 22:25:05,020 - INFO - 选择 70  [1181, 1379, 661, 260, 1046, 57, 41, 909, 133, 1106, 1368, 961, 888, 1171, 58, 184, 1074, 1134, 1064, 283, 199, 5, 1058, 145, 642, 108, 1084, 141, 422, 1452, 1428, 93, 528, 789, 477, 995, 951, 180, 117, 860, 262, 328, 1312, 700, 245, 616, 601, 113, 560, 1347, 958, 866, 1016, 1005, 307, 643, 681, 35, 752, 1261, 115, 894, 1328, 652, 1228, 937, 1019, 1024, 1330, 1222]

2026-03-08 22:25:05,020 - INFO - 当前用时 0.00 秒
2026-03-08 22:25:05,021 - INFO - 将种子集 写入位置: /home/wen/work/coup_spread/network.netYeast/2026-3-9/seeds-with-network.netYeast/random_random_seedNum-70_SSRNum-50000.txt
2026-03-08 22:25:05,021 - INFO - 首次生成种子集 degreeTopM
2026-03-08 22:25:05,021 - INFO - 执行当前算法开始: degreeTopM
2026-03-08 22:25:05,021 - INFO - 依据: 选择连接数（度数）最多的节点。
2026-03-08 22:25:05,021 - INFO - 选择的 Top M 节点及其度数:
2026-03-08 22:25:05,021 - INFO - 
2026-03-08 22:25:05,021 - INFO - 当前用时 0.00 秒
2026-03-08 22:25:05,021 - INFO - 将种子集 写入位置: /home/wen/work/coup_spread/network.netYeast/2026-3-9/seeds-with-network.netYeast/random_degreeTopM_seedNum-70_SSRNum-50000.txt
2026-03-08 22:25:05,022 - INFO - 首次生成种子集 pageRank
2026-03-08 22:25:05,022 - INFO - 执行当前算法开始: pageRank
2026-03-08 22:25:05,022 - INFO - --- Running: PageRank (on tranProMatrix) Top M ---
2026-03-08 22:25:05,057 - INFO - Selected PageRank seeds: [157, 25, 57, 55, 15, 68, 315, 105, 238, 1041, 224, 2, 69, 1285, 34, 18, 464, 66, 546, 371, 56, 277, 143, 1149, 461, 383, 186, 393, 35, 204, 227, 251, 155, 635, 544, 287, 423, 214, 364, 599, 343, 606, 44, 43, 289, 551, 406, 62, 462, 416, 33, 284, 845, 975, 72, 1318, 473, 70, 346, 99, 982, 29, 932, 367, 79, 693, 288, 837, 621, 738]
2026-03-08 22:25:05,058 - INFO - 当前用时 0.04 秒
2026-03-08 22:25:05,058 - INFO - 将种子集 写入位置: /home/wen/work/coup_spread/network.netYeast/2026-3-9/seeds-with-network.netYeast/random_pageRank_seedNum-70_SSRNum-50000.txt
2026-03-08 22:25:05,058 - INFO - 首次生成种子集 alpha_sort
2026-03-08 22:25:05,058 - INFO - 执行当前算法开始: alpha_sort
2026-03-08 22:25:05,058 - INFO - 1458 个节点的alpha值降序排序 done
2026-03-08 22:25:05,058 - INFO - ==============>> [(1168, np.float64(0.3)), (1169, np.float64(0.3)), (1170, np.float64(0.3)), (1171, np.float64(0.3)), (1172, np.float64(0.3)), (1173, np.float64(0.3)), (1174, np.float64(0.3)), (1175, np.float64(0.3)), (1176, np.float64(0.3)), (1177, np.float64(0.3))]
2026-03-08 22:25:05,058 - INFO - 
选择的种子集 (按alpha排序): [1168, 1169, 1170, 1171, 1172, 1173, 1174, 1175, 1176, 1177, 1178, 1179, 1180, 1181, 1182, 1183, 1184, 1185, 1186, 1187, 1188, 1189, 1190, 1191, 1192, 1193, 1194, 1195, 1196, 1197, 1198, 1199, 1200, 1201, 1202, 1203, 1204, 1205, 1206, 1207, 1208, 1209, 1210, 1211, 1212, 1213, 1214, 1215, 1216, 1217, 1218, 1219, 1220, 1221, 1222, 1223, 1224, 1225, 1226, 1227, 1228, 1229, 1230, 1231, 1232, 1233, 1234, 1235, 1236, 1237]

2026-03-08 22:25:05,059 - INFO - 当前用时 0.00 秒
2026-03-08 22:25:05,059 - INFO - 将种子集 写入位置: /home/wen/work/coup_spread/network.netYeast/2026-3-9/seeds-with-network.netYeast/random_alpha_sort_seedNum-70_SSRNum-50000.txt
2026-03-08 22:25:05,059 - INFO - 首次生成种子集 ris_optimized
2026-03-08 22:25:05,059 - INFO - 执行当前算法开始: ris_optimized
2026-03-08 22:25:05,085 - INFO - 图初始化完成，节点数: 1458，当前模式: 优化采样
2026-03-08 22:25:05,085 - INFO - 开始生成 50000 组多重RR-Set...
2026-03-08 22:25:10,877 - INFO - 生成完毕。耗时: 5.79 秒。
2026-03-08 22:25:10,885 - INFO - 开始基于多重RR集贪心选择最优种子...
2026-03-08 22:25:13,866 - INFO - 选种完毕。耗时: 2.98 秒。估算范围: 65.55
2026-03-08 22:25:14,213 - INFO - 当前用时 9.15 秒
2026-03-08 22:25:14,213 - INFO - 将种子集 写入位置: /home/wen/work/coup_spread/network.netYeast/2026-3-9/seeds-with-network.netYeast/random_ris_optimized_seedNum-70_SSRNum-50000.txt
2026-03-08 22:25:14,213 - INFO - 评估种子集: None
2026-03-08 22:25:14,214 - INFO - 多进程评估开始，共有 5 个方法待评估...
2026-03-08 22:25:14,214 - INFO - 启动进程池，Worker数量: 5
2026-03-08 22:25:14,339 - INFO - [Process 3657145] 开始评估方法: random, 种子数: 70
2026-03-08 22:25:14,380 - INFO - [Process 3657147] 开始评估方法: degreeTopM, 种子数: 70
2026-03-08 22:25:14,422 - INFO - [Process 3657148] 开始评估方法: pageRank, 种子数: 70
2026-03-08 22:25:14,463 - INFO - [Process 3657149] 开始评估方法: alpha_sort, 种子数: 70
2026-03-08 22:25:14,505 - INFO - [Process 3657150] 开始评估方法: ris_optimized, 种子数: 70
2026-03-08 22:25:15,079 - INFO - [alpha_sort - 种子:70] 拉新:29.4人 | 总销量:30.0单 | 品牌曝光:111.2次 | 🌟综合得分:40.9
2026-03-08 22:25:17,024 - INFO - [random - 种子:70] 拉新:51.0人 | 总销量:52.9单 | 品牌曝光:263.1次 | 🌟综合得分:78.3
2026-03-08 22:25:17,318 - INFO - [pageRank - 种子:70] 拉新:53.9人 | 总销量:56.6单 | 品牌曝光:281.6次 | 🌟综合得分:83.4
2026-03-08 22:25:17,371 - INFO - [degreeTopM - 种子:70] 拉新:54.8人 | 总销量:58.0单 | 品牌曝光:288.6次 | 🌟综合得分:85.2
2026-03-08 22:25:17,738 - INFO - [ris_optimized - 种子:70] 拉新:59.6人 | 总销量:61.9单 | 品牌曝光:308.7次 | 🌟综合得分:91.6
2026-03-08 22:25:17,768 - INFO - 所有进程执行完毕，开始写入数据...
2026-03-08 22:25:17,776 - INFO - 成功写入 5 条记录至 /home/wen/work/coup_spread/gzc-impl/results/network.netYeast/2026-3-9/random_SSRNum-50000-_seedNum-70_simuTimes-500.csv
2026-03-08 22:25:17,777 - INFO - 保存评估文件至: /home/wen/work/coup_spread/gzc-impl/results/network.netYeast/2026-3-9/random_SSRNum-50000-_seedNum-70_simuTimes-500.csv
2026-03-08 22:25:17,784 - INFO - 加载数据集: network.netYeast
2026-03-08 22:25:17,785 - INFO - --- 矩阵分析 ---
2026-03-08 22:25:17,785 - INFO - 节点数 (N): 1458
2026-03-08 22:25:17,785 - INFO - 边数 (E): 3896
2026-03-08 22:25:17,785 - INFO - 密度 (Density): 0.00183275 (越小越稀疏)
2026-03-08 22:25:17,785 - INFO - 稀疏度 (Sparsity): 0.99816725 (越接近1越稀疏)
2026-03-08 22:25:17,785 - INFO - 平均度数 (Avg Degree): 2.67
2026-03-08 22:25:17,785 - INFO - >>> 正在注入完美对抗属性（验证三条定理）...
2026-03-08 22:25:17,802 - INFO - 首次生成种子集 random
2026-03-08 22:25:17,802 - INFO - 执行当前算法开始: random
2026-03-08 22:25:17,802 - INFO - 数据集节点总数:  n = 1458, m = 80
2026-03-08 22:25:17,802 - INFO - 选择 80  [180, 637, 485, 1381, 1239, 310, 731, 300, 1129, 1185, 1225, 436, 438, 269, 386, 1061, 0, 1322, 1161, 432, 1009, 1281, 903, 458, 1352, 487, 658, 1007, 78, 1171, 945, 143, 1268, 1351, 559, 1427, 976, 40, 92, 1031, 152, 65, 1396, 1168, 97, 1103, 1169, 972, 851, 272, 287, 9, 656, 111, 1133, 768, 1234, 947, 929, 619, 1013, 992, 838, 940, 897, 389, 919, 20, 102, 548, 383, 148, 319, 908, 145, 1391, 295, 860, 255, 580]

2026-03-08 22:25:17,802 - INFO - 当前用时 0.00 秒
2026-03-08 22:25:17,802 - INFO - 将种子集 写入位置: /home/wen/work/coup_spread/network.netYeast/2026-3-9/seeds-with-network.netYeast/random_random_seedNum-80_SSRNum-50000.txt
2026-03-08 22:25:17,803 - INFO - 首次生成种子集 degreeTopM
2026-03-08 22:25:17,803 - INFO - 执行当前算法开始: degreeTopM
2026-03-08 22:25:17,803 - INFO - 依据: 选择连接数（度数）最多的节点。
2026-03-08 22:25:17,803 - INFO - 选择的 Top M 节点及其度数:
2026-03-08 22:25:17,803 - INFO - 
2026-03-08 22:25:17,803 - INFO - 当前用时 0.00 秒
2026-03-08 22:25:17,803 - INFO - 将种子集 写入位置: /home/wen/work/coup_spread/network.netYeast/2026-3-9/seeds-with-network.netYeast/random_degreeTopM_seedNum-80_SSRNum-50000.txt
2026-03-08 22:25:17,803 - INFO - 首次生成种子集 pageRank
2026-03-08 22:25:17,803 - INFO - 执行当前算法开始: pageRank
2026-03-08 22:25:17,803 - INFO - --- Running: PageRank (on tranProMatrix) Top M ---
2026-03-08 22:25:17,841 - INFO - Selected PageRank seeds: [157, 25, 57, 55, 15, 68, 315, 105, 238, 1041, 224, 2, 69, 1285, 34, 18, 464, 66, 546, 371, 56, 277, 143, 1149, 461, 383, 186, 393, 35, 204, 227, 251, 155, 635, 544, 287, 423, 214, 364, 599, 343, 606, 44, 43, 289, 551, 406, 62, 462, 416, 33, 284, 845, 975, 72, 1318, 473, 70, 346, 99, 982, 29, 932, 367, 79, 693, 288, 837, 621, 738, 16, 603, 677, 800, 247, 876, 812, 558, 121, 668]
2026-03-08 22:25:17,841 - INFO - 当前用时 0.04 秒
2026-03-08 22:25:17,841 - INFO - 将种子集 写入位置: /home/wen/work/coup_spread/network.netYeast/2026-3-9/seeds-with-network.netYeast/random_pageRank_seedNum-80_SSRNum-50000.txt
2026-03-08 22:25:17,842 - INFO - 首次生成种子集 alpha_sort
2026-03-08 22:25:17,842 - INFO - 执行当前算法开始: alpha_sort
2026-03-08 22:25:17,842 - INFO - 1458 个节点的alpha值降序排序 done
2026-03-08 22:25:17,842 - INFO - ==============>> [(1168, np.float64(0.3)), (1169, np.float64(0.3)), (1170, np.float64(0.3)), (1171, np.float64(0.3)), (1172, np.float64(0.3)), (1173, np.float64(0.3)), (1174, np.float64(0.3)), (1175, np.float64(0.3)), (1176, np.float64(0.3)), (1177, np.float64(0.3))]
2026-03-08 22:25:17,842 - INFO - 
选择的种子集 (按alpha排序): [1168, 1169, 1170, 1171, 1172, 1173, 1174, 1175, 1176, 1177, 1178, 1179, 1180, 1181, 1182, 1183, 1184, 1185, 1186, 1187, 1188, 1189, 1190, 1191, 1192, 1193, 1194, 1195, 1196, 1197, 1198, 1199, 1200, 1201, 1202, 1203, 1204, 1205, 1206, 1207, 1208, 1209, 1210, 1211, 1212, 1213, 1214, 1215, 1216, 1217, 1218, 1219, 1220, 1221, 1222, 1223, 1224, 1225, 1226, 1227, 1228, 1229, 1230, 1231, 1232, 1233, 1234, 1235, 1236, 1237, 1238, 1239, 1240, 1241, 1242, 1243, 1244, 1245, 1246, 1247]

2026-03-08 22:25:17,842 - INFO - 当前用时 0.00 秒
2026-03-08 22:25:17,842 - INFO - 将种子集 写入位置: /home/wen/work/coup_spread/network.netYeast/2026-3-9/seeds-with-network.netYeast/random_alpha_sort_seedNum-80_SSRNum-50000.txt
2026-03-08 22:25:17,842 - INFO - 首次生成种子集 ris_optimized
2026-03-08 22:25:17,842 - INFO - 执行当前算法开始: ris_optimized
2026-03-08 22:25:17,869 - INFO - 图初始化完成，节点数: 1458，当前模式: 优化采样
2026-03-08 22:25:17,869 - INFO - 开始生成 50000 组多重RR-Set...
2026-03-08 22:25:24,758 - INFO - 生成完毕。耗时: 6.89 秒。
2026-03-08 22:25:24,762 - INFO - 开始基于多重RR集贪心选择最优种子...
2026-03-08 22:25:26,349 - INFO - 选种完毕。耗时: 1.59 秒。估算范围: 75.67
2026-03-08 22:25:26,672 - INFO - 当前用时 8.83 秒
2026-03-08 22:25:26,673 - INFO - 将种子集 写入位置: /home/wen/work/coup_spread/network.netYeast/2026-3-9/seeds-with-network.netYeast/random_ris_optimized_seedNum-80_SSRNum-50000.txt
2026-03-08 22:25:26,673 - INFO - 评估种子集: None
2026-03-08 22:25:26,673 - INFO - 多进程评估开始，共有 5 个方法待评估...
2026-03-08 22:25:26,673 - INFO - 启动进程池，Worker数量: 5
2026-03-08 22:25:26,812 - INFO - [Process 3657351] 开始评估方法: random, 种子数: 80
2026-03-08 22:25:26,866 - INFO - [Process 3657352] 开始评估方法: degreeTopM, 种子数: 80
2026-03-08 22:25:26,922 - INFO - [Process 3657353] 开始评估方法: pageRank, 种子数: 80
2026-03-08 22:25:26,977 - INFO - [Process 3657354] 开始评估方法: alpha_sort, 种子数: 80
2026-03-08 22:25:27,032 - INFO - [Process 3657355] 开始评估方法: ris_optimized, 种子数: 80
2026-03-08 22:25:27,662 - INFO - [alpha_sort - 种子:80] 拉新:33.5人 | 总销量:34.2单 | 品牌曝光:125.9次 | 🌟综合得分:46.4
2026-03-08 22:25:29,947 - INFO - [random - 种子:80] 拉新:57.8人 | 总销量:59.9单 | 品牌曝光:296.8次 | 🌟综合得分:88.5
2026-03-08 22:25:30,282 - INFO - [degreeTopM - 种子:80] 拉新:62.2人 | 总销量:66.3单 | 品牌曝光:330.2次 | 🌟综合得分:97.3
2026-03-08 22:25:30,304 - INFO - [pageRank - 种子:80] 拉新:61.3人 | 总销量:64.5单 | 品牌曝光:322.6次 | 🌟综合得分:95.2
2026-03-08 22:25:30,611 - INFO - [ris_optimized - 种子:80] 拉新:67.3人 | 总销量:70.3单 | 品牌曝光:350.0次 | 🌟综合得分:103.8
2026-03-08 22:25:30,639 - INFO - 所有进程执行完毕，开始写入数据...
2026-03-08 22:25:30,647 - INFO - 成功写入 5 条记录至 /home/wen/work/coup_spread/gzc-impl/results/network.netYeast/2026-3-9/random_SSRNum-50000-_seedNum-80_simuTimes-500.csv
2026-03-08 22:25:30,648 - INFO - 保存评估文件至: /home/wen/work/coup_spread/gzc-impl/results/network.netYeast/2026-3-9/random_SSRNum-50000-_seedNum-80_simuTimes-500.csv
2026-03-08 22:25:30,653 - INFO - 加载数据集: network.netYeast
2026-03-08 22:25:30,654 - INFO - --- 矩阵分析 ---
2026-03-08 22:25:30,654 - INFO - 节点数 (N): 1458
2026-03-08 22:25:30,655 - INFO - 边数 (E): 3896
2026-03-08 22:25:30,655 - INFO - 密度 (Density): 0.00183275 (越小越稀疏)
2026-03-08 22:25:30,655 - INFO - 稀疏度 (Sparsity): 0.99816725 (越接近1越稀疏)
2026-03-08 22:25:30,655 - INFO - 平均度数 (Avg Degree): 2.67
2026-03-08 22:25:30,655 - INFO - >>> 正在注入完美对抗属性（验证三条定理）...
2026-03-08 22:25:30,672 - INFO - 首次生成种子集 random
2026-03-08 22:25:30,672 - INFO - 执行当前算法开始: random
2026-03-08 22:25:30,672 - INFO - 数据集节点总数:  n = 1458, m = 90
2026-03-08 22:25:30,672 - INFO - 选择 90  [115, 287, 203, 443, 1213, 1032, 105, 1147, 563, 875, 584, 730, 921, 532, 1180, 178, 143, 530, 938, 941, 981, 1342, 896, 883, 506, 751, 1268, 554, 296, 1142, 1274, 1421, 360, 256, 793, 1019, 1363, 629, 1114, 212, 1386, 887, 1231, 488, 35, 570, 1283, 314, 188, 679, 976, 1306, 692, 172, 73, 494, 767, 297, 851, 1154, 1160, 96, 886, 624, 390, 1103, 1069, 99, 1048, 949, 415, 315, 914, 772, 234, 481, 502, 1234, 196, 1246, 22, 1276, 521, 1257, 68, 395, 460, 418, 508, 1343]

2026-03-08 22:25:30,672 - INFO - 当前用时 0.00 秒
2026-03-08 22:25:30,672 - INFO - 将种子集 写入位置: /home/wen/work/coup_spread/network.netYeast/2026-3-9/seeds-with-network.netYeast/random_random_seedNum-90_SSRNum-50000.txt
2026-03-08 22:25:30,673 - INFO - 首次生成种子集 degreeTopM
2026-03-08 22:25:30,673 - INFO - 执行当前算法开始: degreeTopM
2026-03-08 22:25:30,673 - INFO - 依据: 选择连接数（度数）最多的节点。
2026-03-08 22:25:30,673 - INFO - 选择的 Top M 节点及其度数:
2026-03-08 22:25:30,673 - INFO - 
2026-03-08 22:25:30,673 - INFO - 当前用时 0.00 秒
2026-03-08 22:25:30,673 - INFO - 将种子集 写入位置: /home/wen/work/coup_spread/network.netYeast/2026-3-9/seeds-with-network.netYeast/random_degreeTopM_seedNum-90_SSRNum-50000.txt
2026-03-08 22:25:30,674 - INFO - 首次生成种子集 pageRank
2026-03-08 22:25:30,674 - INFO - 执行当前算法开始: pageRank
2026-03-08 22:25:30,674 - INFO - --- Running: PageRank (on tranProMatrix) Top M ---
2026-03-08 22:25:30,709 - INFO - Selected PageRank seeds: [157, 25, 57, 55, 15, 68, 315, 105, 238, 1041, 224, 2, 69, 1285, 34, 18, 464, 66, 546, 371, 56, 277, 143, 1149, 461, 383, 186, 393, 35, 204, 227, 251, 155, 635, 544, 287, 423, 214, 364, 599, 343, 606, 44, 43, 289, 551, 406, 62, 462, 416, 33, 284, 845, 975, 72, 1318, 473, 70, 346, 99, 982, 29, 932, 367, 79, 693, 288, 837, 621, 738, 16, 603, 677, 800, 247, 876, 812, 558, 121, 668, 470, 644, 714, 339, 276, 637, 760, 172, 680, 321]
2026-03-08 22:25:30,710 - INFO - 当前用时 0.04 秒
2026-03-08 22:25:30,710 - INFO - 将种子集 写入位置: /home/wen/work/coup_spread/network.netYeast/2026-3-9/seeds-with-network.netYeast/random_pageRank_seedNum-90_SSRNum-50000.txt
2026-03-08 22:25:30,710 - INFO - 首次生成种子集 alpha_sort
2026-03-08 22:25:30,710 - INFO - 执行当前算法开始: alpha_sort
2026-03-08 22:25:30,710 - INFO - 1458 个节点的alpha值降序排序 done
2026-03-08 22:25:30,710 - INFO - ==============>> [(1168, np.float64(0.3)), (1169, np.float64(0.3)), (1170, np.float64(0.3)), (1171, np.float64(0.3)), (1172, np.float64(0.3)), (1173, np.float64(0.3)), (1174, np.float64(0.3)), (1175, np.float64(0.3)), (1176, np.float64(0.3)), (1177, np.float64(0.3))]
2026-03-08 22:25:30,711 - INFO - 
选择的种子集 (按alpha排序): [1168, 1169, 1170, 1171, 1172, 1173, 1174, 1175, 1176, 1177, 1178, 1179, 1180, 1181, 1182, 1183, 1184, 1185, 1186, 1187, 1188, 1189, 1190, 1191, 1192, 1193, 1194, 1195, 1196, 1197, 1198, 1199, 1200, 1201, 1202, 1203, 1204, 1205, 1206, 1207, 1208, 1209, 1210, 1211, 1212, 1213, 1214, 1215, 1216, 1217, 1218, 1219, 1220, 1221, 1222, 1223, 1224, 1225, 1226, 1227, 1228, 1229, 1230, 1231, 1232, 1233, 1234, 1235, 1236, 1237, 1238, 1239, 1240, 1241, 1242, 1243, 1244, 1245, 1246, 1247, 1248, 1249, 1250, 1251, 1252, 1253, 1254, 1255, 1256, 1257]

2026-03-08 22:25:30,711 - INFO - 当前用时 0.00 秒
2026-03-08 22:25:30,711 - INFO - 将种子集 写入位置: /home/wen/work/coup_spread/network.netYeast/2026-3-9/seeds-with-network.netYeast/random_alpha_sort_seedNum-90_SSRNum-50000.txt
2026-03-08 22:25:30,711 - INFO - 首次生成种子集 ris_optimized
2026-03-08 22:25:30,711 - INFO - 执行当前算法开始: ris_optimized
2026-03-08 22:25:30,738 - INFO - 图初始化完成，节点数: 1458，当前模式: 优化采样
2026-03-08 22:25:30,738 - INFO - 开始生成 50000 组多重RR-Set...
2026-03-08 22:25:39,079 - INFO - 生成完毕。耗时: 8.34 秒。
2026-03-08 22:25:39,089 - INFO - 开始基于多重RR集贪心选择最优种子...
2026-03-08 22:25:40,865 - INFO - 选种完毕。耗时: 1.78 秒。估算范围: 83.37
2026-03-08 22:25:41,212 - INFO - 当前用时 10.50 秒
2026-03-08 22:25:41,212 - INFO - 将种子集 写入位置: /home/wen/work/coup_spread/network.netYeast/2026-3-9/seeds-with-network.netYeast/random_ris_optimized_seedNum-90_SSRNum-50000.txt
2026-03-08 22:25:41,213 - INFO - 评估种子集: None
2026-03-08 22:25:41,213 - INFO - 多进程评估开始，共有 5 个方法待评估...
2026-03-08 22:25:41,213 - INFO - 启动进程池，Worker数量: 5
2026-03-08 22:25:41,348 - INFO - [Process 3657627] 开始评估方法: random, 种子数: 90
2026-03-08 22:25:41,404 - INFO - [Process 3657628] 开始评估方法: degreeTopM, 种子数: 90
2026-03-08 22:25:41,459 - INFO - [Process 3657629] 开始评估方法: pageRank, 种子数: 90
2026-03-08 22:25:41,512 - INFO - [Process 3657630] 开始评估方法: alpha_sort, 种子数: 90
2026-03-08 22:25:41,575 - INFO - [Process 3657631] 开始评估方法: ris_optimized, 种子数: 90
2026-03-08 22:25:42,260 - INFO - [alpha_sort - 种子:90] 拉新:37.3人 | 总销量:38.2单 | 品牌曝光:140.5次 | 🌟综合得分:51.8
2026-03-08 22:25:44,748 - INFO - [random - 种子:90] 拉新:66.1人 | 总销量:70.0单 | 品牌曝光:346.6次 | 🌟综合得分:102.7
2026-03-08 22:25:45,028 - INFO - [pageRank - 种子:90] 拉新:68.5人 | 总销量:72.4单 | 品牌曝光:360.9次 | 🌟综合得分:106.6
2026-03-08 22:25:45,272 - INFO - [degreeTopM - 种子:90] 拉新:69.7人 | 总销量:74.8单 | 品牌曝光:371.7次 | 🌟综合得分:109.4
2026-03-08 22:25:45,692 - INFO - [ris_optimized - 种子:90] 拉新:75.5人 | 总销量:79.2单 | 品牌曝光:394.4次 | 🌟综合得分:116.8
2026-03-08 22:25:45,718 - INFO - 所有进程执行完毕，开始写入数据...
2026-03-08 22:25:45,727 - INFO - 成功写入 5 条记录至 /home/wen/work/coup_spread/gzc-impl/results/network.netYeast/2026-3-9/random_SSRNum-50000-_seedNum-90_simuTimes-500.csv
2026-03-08 22:25:45,728 - INFO - 保存评估文件至: /home/wen/work/coup_spread/gzc-impl/results/network.netYeast/2026-3-9/random_SSRNum-50000-_seedNum-90_simuTimes-500.csv
