2025-12-13 14:48:57,001 - INFO - 加载数据集: Mich
2025-12-13 14:48:57,004 - INFO - 首次生成度相关概率分布 分布类型: 'powerlaw'.
2025-12-13 14:48:57,005 - INFO - ===> Generating 'Power-law Degree-Aware' distributions...
2025-12-13 14:48:57,006 - INFO - 保存概率分布 文件位置: /root/pythonspace/data-test/Mich/2025-12-9/distribution-in-Mich/distribution-powerlaw_seedNum-10.pkl
2025-12-13 14:48:57,093 - INFO - 首次生成种子集 random
2025-12-13 14:48:57,093 - INFO - 执行当前算法开始: random
2025-12-13 14:48:57,093 - INFO - 当前用时 0.00 秒
2025-12-13 14:48:57,093 - INFO - 将种子集 写入位置: /root/pythonspace/data-test/Mich/2025-12-9/seeds-with-Mich/powerlaw_random_seedNum-10_SSRNum-30000.txt
2025-12-13 14:48:57,094 - INFO - 首次生成种子集 degreeTopM
2025-12-13 14:48:57,094 - INFO - 执行当前算法开始: degreeTopM
2025-12-13 14:48:57,095 - INFO - 当前用时 0.00 秒
2025-12-13 14:48:57,095 - INFO - 将种子集 写入位置: /root/pythonspace/data-test/Mich/2025-12-9/seeds-with-Mich/powerlaw_degreeTopM_seedNum-10_SSRNum-30000.txt
2025-12-13 14:48:57,095 - INFO - 首次生成种子集 alpha_sort
2025-12-13 14:48:57,095 - INFO - 执行当前算法开始: alpha_sort
2025-12-13 14:48:57,118 - INFO - 3748 个节点的alpha值降序排序 done
2025-12-13 14:48:57,119 - INFO - ==============>> [(3700, 0.34527294335657316), (3529, 0.3450691835432555), (3439, 0.3414469360161496), (3701, 0.34114487945470223), (3129, 0.3408361227187108), (3687, 0.3293803422651741), (3608, 0.32823210592724805), (3674, 0.32669779082147477), (3476, 0.32504223274465066), (2734, 0.3241882037983562)]
2025-12-13 14:48:57,119 - INFO - 
选择的种子集 (按alpha排序): [3700, 3529, 3439, 3701, 3129, 3687, 3608, 3674, 3476, 2734]

2025-12-13 14:48:57,119 - INFO - 当前用时 0.02 秒
2025-12-13 14:48:57,119 - INFO - 将种子集 写入位置: /root/pythonspace/data-test/Mich/2025-12-9/seeds-with-Mich/powerlaw_alpha_sort_seedNum-10_SSRNum-30000.txt
2025-12-13 14:48:57,119 - INFO - 首次生成种子集 importance_sort
2025-12-13 14:48:57,119 - INFO - 执行当前算法开始: importance_sort
2025-12-13 14:48:59,544 - INFO - 
选择的种子集 (按Importance排序): [153, 397, 360, 66, 248, 294, 412, 44, 670, 1158]

2025-12-13 14:48:59,545 - INFO - 当前用时 2.43 秒
2025-12-13 14:48:59,545 - INFO - 将种子集 写入位置: /root/pythonspace/data-test/Mich/2025-12-9/seeds-with-Mich/powerlaw_importance_sort_seedNum-10_SSRNum-30000.txt
2025-12-13 14:48:59,545 - INFO - 首次生成种子集 ris_coverage
2025-12-13 14:48:59,545 - INFO - 执行当前算法开始: ris_coverage
2025-12-13 14:48:59,644 - INFO - 图初始化完成，CSR 矩阵及概率分布准备就绪。
2025-12-13 14:48:59,644 - INFO - 
开始生成 30000 组 SSR (并行进程: 4)...
2025-12-13 14:51:46,817 - INFO - 生成完毕。耗时: 167.17 秒。
2025-12-13 14:51:46,818 - INFO - 
开始选择最优种子 (Optimized Greedy) ...
2025-12-13 14:52:00,662 - INFO -   - 券 1/10 选中节点 0, 新增覆盖 1294
2025-12-13 14:52:00,805 - INFO -   - 券 2/10 选中节点 2, 新增覆盖 1222
2025-12-13 14:52:00,923 - INFO -   - 券 3/10 选中节点 3, 新增覆盖 1154
2025-12-13 14:52:01,060 - INFO -   - 券 4/10 选中节点 5, 新增覆盖 1128
2025-12-13 14:52:01,177 - INFO -   - 券 5/10 选中节点 6, 新增覆盖 1008
2025-12-13 14:52:01,291 - INFO -   - 券 6/10 选中节点 7, 新增覆盖 956
2025-12-13 14:52:01,416 - INFO -   - 券 7/10 选中节点 9, 新增覆盖 986
2025-12-13 14:52:01,540 - INFO -   - 券 8/10 选中节点 10, 新增覆盖 876
2025-12-13 14:52:01,665 - INFO -   - 券 9/10 选中节点 13, 新增覆盖 856
2025-12-13 14:52:01,786 - INFO -   - 券 10/10 选中节点 14, 新增覆盖 866
2025-12-13 14:52:01,787 - INFO - 选种完毕。耗时: 14.97 秒。
2025-12-13 14:52:02,595 - INFO - 最终选择的种子集: [0, 2, 3, 5, 6, 7, 9, 10, 13, 14]

2025-12-13 14:52:03,204 - INFO - 当前用时 183.66 秒
2025-12-13 14:52:03,205 - INFO - 将种子集 写入位置: /root/pythonspace/data-test/Mich/2025-12-9/seeds-with-Mich/powerlaw_ris_coverage_seedNum-10_SSRNum-30000.txt
2025-12-13 14:52:03,205 - INFO - 评估种子集: None
2025-12-13 14:52:03,205 - INFO - 多进程评估开始，共有 5 个方法待评估...
2025-12-13 14:52:03,205 - INFO - 启动进程池，Worker数量: 5
2025-12-13 14:52:03,701 - INFO - [Process 2059] 开始评估方法: random, 种子数: 10
2025-12-13 14:52:04,056 - INFO - [Process 2060] 开始评估方法: degreeTopM, 种子数: 10
2025-12-13 14:52:04,414 - INFO - [Process 2061] 开始评估方法: alpha_sort, 种子数: 10
2025-12-13 14:52:04,535 - INFO - [Process 2061] alpha_sort - 50 sims 完成: E=4.06
2025-12-13 14:52:04,773 - INFO - [Process 2062] 开始评估方法: importance_sort, 种子数: 10
2025-12-13 14:52:04,983 - INFO - [Process 2059] random - 50 sims 完成: E=8.26
2025-12-13 14:52:05,163 - INFO - [Process 2063] 开始评估方法: ris_coverage, 种子数: 10
2025-12-13 14:52:05,487 - INFO - [Process 2060] degreeTopM - 50 sims 完成: E=8.42
2025-12-13 14:52:06,307 - INFO - [Process 2062] importance_sort - 50 sims 完成: E=8.22
2025-12-13 14:52:06,548 - INFO - [Process 2063] ris_coverage - 50 sims 完成: E=8.14
2025-12-13 14:52:06,562 - INFO - 所有进程执行完毕，开始写入数据...
2025-12-13 14:52:06,577 - INFO - 成功写入 5 条记录至 /root/pythonspace/data-test/Mich/2025-12-9/E-activated-Mich/distribution-powerlaw/tsd_0.3--0.6--1.2/single_sim_func-AgainReJudge/simuTimes-50_monteCarloL-10_single_sim_func-AgainReJudge_rrNumSamples-30000.csv
2025-12-13 14:52:06,578 - INFO - 保存评估文件至: /root/pythonspace/data-test/Mich/2025-12-9/E-activated-Mich/distribution-powerlaw/tsd_0.3--0.6--1.2/single_sim_func-AgainReJudge/simuTimes-50_monteCarloL-10_single_sim_func-AgainReJudge_rrNumSamples-30000.csv
