2025-12-09 15:04:42,426 - INFO - 加载数据集: Mich
2025-12-09 15:04:42,431 - INFO - 首次生成度相关概率分布 分布类型: 'powerlaw'.
2025-12-09 15:04:42,431 - INFO - ===> Generating 'Power-law Degree-Aware' distributions...
2025-12-09 15:04:42,433 - INFO - 保存概率分布 文件位置: /root/pythonspace/data-test/Mich/2025-12-9/distribution-in-Mich/distribution-powerlaw_seedNum-68.pkl
2025-12-09 15:04:42,534 - INFO - 首次生成种子集 random
2025-12-09 15:04:42,534 - INFO - 执行当前算法开始: random
2025-12-09 15:04:42,535 - INFO - 当前用时 0.00 秒
2025-12-09 15:04:42,535 - INFO - 将种子集 写入位置: /root/pythonspace/data-test/Mich/2025-12-9/seeds-with-Mich/powerlaw_random_seedNum-68_SSRNum-22000.txt
2025-12-09 15:04:42,536 - INFO - 首次生成种子集 degreeTopM
2025-12-09 15:04:42,536 - INFO - 执行当前算法开始: degreeTopM
2025-12-09 15:04:42,538 - INFO - 当前用时 0.00 秒
2025-12-09 15:04:42,538 - INFO - 将种子集 写入位置: /root/pythonspace/data-test/Mich/2025-12-9/seeds-with-Mich/powerlaw_degreeTopM_seedNum-68_SSRNum-22000.txt
2025-12-09 15:04:42,538 - INFO - 首次生成种子集 alpha_sort
2025-12-09 15:04:42,538 - INFO - 执行当前算法开始: alpha_sort
2025-12-09 15:04:42,569 - INFO - 3748 个节点的alpha值降序排序 done
2025-12-09 15:04:42,569 - INFO - ==============>> [(3489, 0.40181979430556297), (2734, 0.39949753730652604), (3725, 0.3900409723428712), (1937, 0.38984819386358893), (3129, 0.3826549592675153), (3454, 0.37695576293737304), (3743, 0.3706518057370456), (3517, 0.3702504628230925), (3623, 0.3699485766709286), (3723, 0.36701419349960634)]
2025-12-09 15:04:42,569 - INFO - 
选择的种子集 (按alpha排序): [3489, 2734, 3725, 1937, 3129, 3454, 3743, 3517, 3623, 3723, 3722, 2276, 3400, 3476, 3736, 3747, 3672, 3614, 3707, 2983, 3627, 3618, 3005, 3742, 2829, 3689, 3135, 3703, 3082, 3523, 3216, 3404, 3084, 3652, 3019, 3295, 3656, 3631, 3541, 3034, 3629, 3393, 1537, 3548, 3556, 3608, 3304, 3674, 2740, 3731, 3464, 3589, 2567, 3578, 3670, 3595, 818, 3013, 3735, 3647, 3532, 3714, 3720, 3227, 3711, 3571, 3719, 3606]

2025-12-09 15:04:42,569 - INFO - 当前用时 0.03 秒
2025-12-09 15:04:42,570 - INFO - 将种子集 写入位置: /root/pythonspace/data-test/Mich/2025-12-9/seeds-with-Mich/powerlaw_alpha_sort_seedNum-68_SSRNum-22000.txt
2025-12-09 15:04:42,570 - INFO - 首次生成种子集 importance_sort
2025-12-09 15:04:42,570 - INFO - 执行当前算法开始: importance_sort
2025-12-09 15:04:45,288 - INFO - 
选择的种子集 (按Importance排序): [153, 397, 360, 66, 248, 294, 412, 44, 670, 1158, 178, 1084, 705, 177, 348, 680, 696, 1501, 64, 40, 1071, 1287, 690, 933, 1087, 1033, 932, 1226, 1506, 931, 157, 1504, 1103, 1028, 664, 1094, 1132, 896, 22, 557, 1109, 1493, 234, 1098, 1424, 1126, 1503, 1054, 1313, 1499, 230, 1081, 1034, 1511, 1076, 1472, 290, 1068, 1149, 1291, 1508, 1429, 1498, 1491, 1115, 1031, 598, 78]

2025-12-09 15:04:45,289 - INFO - 当前用时 2.72 秒
2025-12-09 15:04:45,289 - INFO - 将种子集 写入位置: /root/pythonspace/data-test/Mich/2025-12-9/seeds-with-Mich/powerlaw_importance_sort_seedNum-68_SSRNum-22000.txt
2025-12-09 15:04:45,290 - INFO - 首次生成种子集 ris_coverage
2025-12-09 15:04:45,290 - INFO - 执行当前算法开始: ris_coverage
2025-12-09 15:04:45,429 - INFO - 图初始化完成，CSR 矩阵及概率分布准备就绪。
2025-12-09 15:04:45,429 - INFO - 
开始生成 22000 组 SSR (并行进程: 4)...
2025-12-09 15:39:08,473 - INFO - 生成完毕。耗时: 2063.04 秒。
2025-12-09 15:39:08,474 - INFO - 
开始选择最优种子 (Optimized Greedy) ...
2025-12-09 15:42:00,442 - INFO -   - 券 1/68 选中节点 888, 新增覆盖 2071
2025-12-09 15:42:00,811 - INFO -   - 券 2/68 选中节点 0, 新增覆盖 1957
2025-12-09 15:42:01,204 - INFO -   - 券 3/68 选中节点 2, 新增覆盖 1642
2025-12-09 15:42:01,557 - INFO -   - 券 4/68 选中节点 3, 新增覆盖 1508
2025-12-09 15:42:01,907 - INFO -   - 券 5/68 选中节点 5, 新增覆盖 1395
2025-12-09 15:42:02,215 - INFO -   - 券 6/68 选中节点 6, 新增覆盖 1229
2025-12-09 15:42:02,448 - INFO -   - 券 7/68 选中节点 7, 新增覆盖 1052
2025-12-09 15:42:02,689 - INFO -   - 券 8/68 选中节点 9, 新增覆盖 918
2025-12-09 15:42:02,916 - INFO -   - 券 9/68 选中节点 10, 新增覆盖 920
2025-12-09 15:42:03,125 - INFO -   - 券 10/68 选中节点 13, 新增覆盖 791
2025-12-09 15:42:03,331 - INFO -   - 券 11/68 选中节点 14, 新增覆盖 729
2025-12-09 15:42:03,545 - INFO -   - 券 12/68 选中节点 15, 新增覆盖 622
2025-12-09 15:42:03,759 - INFO -   - 券 13/68 选中节点 18, 新增覆盖 597
2025-12-09 15:42:03,966 - INFO -   - 券 14/68 选中节点 16, 新增覆盖 558
2025-12-09 15:42:04,159 - INFO -   - 券 15/68 选中节点 17, 新增覆盖 469
2025-12-09 15:42:04,346 - INFO -   - 券 16/68 选中节点 19, 新增覆盖 425
2025-12-09 15:42:04,539 - INFO -   - 券 17/68 选中节点 1, 新增覆盖 419
2025-12-09 15:42:04,734 - INFO -   - 券 18/68 选中节点 21, 新增覆盖 369
2025-12-09 15:42:04,927 - INFO -   - 券 19/68 选中节点 22, 新增覆盖 378
2025-12-09 15:42:05,100 - INFO -   - 券 20/68 选中节点 25, 新增覆盖 290
2025-12-09 15:42:05,258 - INFO -   - 券 21/68 选中节点 20, 新增覆盖 257
2025-12-09 15:42:05,424 - INFO -   - 券 22/68 选中节点 27, 新增覆盖 234
2025-12-09 15:42:05,577 - INFO -   - 券 23/68 选中节点 8, 新增覆盖 211
2025-12-09 15:42:05,727 - INFO -   - 券 24/68 选中节点 28, 新增覆盖 219
2025-12-09 15:42:05,876 - INFO -   - 券 25/68 选中节点 26, 新增覆盖 169
2025-12-09 15:42:06,028 - INFO -   - 券 26/68 选中节点 31, 新增覆盖 175
2025-12-09 15:42:06,185 - INFO -   - 券 27/68 选中节点 32, 新增覆盖 176
2025-12-09 15:42:06,340 - INFO -   - 券 28/68 选中节点 33, 新增覆盖 131
2025-12-09 15:42:06,503 - INFO -   - 券 29/68 选中节点 34, 新增覆盖 145
2025-12-09 15:42:06,673 - INFO -   - 券 30/68 选中节点 37, 新增覆盖 123
2025-12-09 15:42:06,824 - INFO -   - 券 31/68 选中节点 38, 新增覆盖 125
2025-12-09 15:42:06,967 - INFO -   - 券 32/68 选中节点 39, 新增覆盖 97
2025-12-09 15:42:07,113 - INFO -   - 券 33/68 选中节点 40, 新增覆盖 108
2025-12-09 15:42:07,256 - INFO -   - 券 34/68 选中节点 4, 新增覆盖 89
2025-12-09 15:42:07,409 - INFO -   - 券 35/68 选中节点 41, 新增覆盖 77
2025-12-09 15:42:07,560 - INFO -   - 券 36/68 选中节点 42, 新增覆盖 93
2025-12-09 15:42:07,709 - INFO -   - 券 37/68 选中节点 43, 新增覆盖 83
2025-12-09 15:42:07,851 - INFO -   - 券 38/68 选中节点 44, 新增覆盖 62
2025-12-09 15:42:08,003 - INFO -   - 券 39/68 选中节点 45, 新增覆盖 84
2025-12-09 15:42:08,145 - INFO -   - 券 40/68 选中节点 46, 新增覆盖 73
2025-12-09 15:42:08,289 - INFO -   - 券 41/68 选中节点 47, 新增覆盖 52
2025-12-09 15:42:08,426 - INFO -   - 券 42/68 选中节点 48, 新增覆盖 50
2025-12-09 15:42:08,569 - INFO -   - 券 43/68 选中节点 29, 新增覆盖 46
2025-12-09 15:42:08,715 - INFO -   - 券 44/68 选中节点 30, 新增覆盖 47
2025-12-09 15:42:08,867 - INFO -   - 券 45/68 选中节点 24, 新增覆盖 38
2025-12-09 15:42:09,003 - INFO -   - 券 46/68 选中节点 49, 新增覆盖 35
2025-12-09 15:42:09,145 - INFO -   - 券 47/68 选中节点 51, 新增覆盖 31
2025-12-09 15:42:09,283 - INFO -   - 券 48/68 选中节点 50, 新增覆盖 29
2025-12-09 15:42:09,431 - INFO -   - 券 49/68 选中节点 35, 新增覆盖 34
2025-12-09 15:42:09,586 - INFO -   - 券 50/68 选中节点 52, 新增覆盖 23
2025-12-09 15:42:09,730 - INFO -   - 券 51/68 选中节点 53, 新增覆盖 28
2025-12-09 15:42:09,880 - INFO -   - 券 52/68 选中节点 12, 新增覆盖 29
2025-12-09 15:42:10,033 - INFO -   - 券 53/68 选中节点 54, 新增覆盖 22
2025-12-09 15:42:10,180 - INFO -   - 券 54/68 选中节点 55, 新增覆盖 25
2025-12-09 15:42:10,326 - INFO -   - 券 55/68 选中节点 2528, 新增覆盖 25
2025-12-09 15:42:10,466 - INFO -   - 券 56/68 选中节点 56, 新增覆盖 27
2025-12-09 15:42:10,610 - INFO -   - 券 57/68 选中节点 57, 新增覆盖 21
2025-12-09 15:42:10,750 - INFO -   - 券 58/68 选中节点 58, 新增覆盖 23
2025-12-09 15:42:10,901 - INFO -   - 券 59/68 选中节点 1690, 新增覆盖 13
2025-12-09 15:42:11,052 - INFO -   - 券 60/68 选中节点 59, 新增覆盖 17
2025-12-09 15:42:11,196 - INFO -   - 券 61/68 选中节点 60, 新增覆盖 9
2025-12-09 15:42:11,342 - INFO -   - 券 62/68 选中节点 1414, 新增覆盖 12
2025-12-09 15:42:11,494 - INFO -   - 券 63/68 选中节点 23, 新增覆盖 5
2025-12-09 15:42:11,647 - INFO -   - 券 64/68 选中节点 36, 新增覆盖 12
2025-12-09 15:42:11,796 - INFO -   - 券 65/68 选中节点 61, 新增覆盖 16
2025-12-09 15:42:11,941 - INFO -   - 券 66/68 选中节点 62, 新增覆盖 13
2025-12-09 15:42:12,088 - INFO -   - 券 67/68 选中节点 63, 新增覆盖 6
2025-12-09 15:42:12,231 - INFO -   - 券 68/68 选中节点 64, 新增覆盖 12
2025-12-09 15:42:12,231 - INFO - 选种完毕。耗时: 183.76 秒。
2025-12-09 15:42:20,297 - INFO - 最终选择的种子集: [888, 0, 2, 3, 5, 6, 7, 9, 10, 13, 14, 15, 18, 16, 17, 19, 1, 21, 22, 25, 20, 27, 8, 28, 26, 31, 32, 33, 34, 37, 38, 39, 40, 4, 41, 42, 43, 44, 45, 46, 47, 48, 29, 30, 24, 49, 51, 50, 35, 52, 53, 12, 54, 55, 2528, 56, 57, 58, 1690, 59, 60, 1414, 23, 36, 61, 62, 63, 64]

2025-12-09 15:42:30,246 - INFO - 当前用时 2264.96 秒
2025-12-09 15:42:30,246 - INFO - 将种子集 写入位置: /root/pythonspace/data-test/Mich/2025-12-9/seeds-with-Mich/powerlaw_ris_coverage_seedNum-68_SSRNum-22000.txt
2025-12-09 15:42:30,247 - INFO - 评估种子集: None
2025-12-09 15:42:30,247 - INFO - 多进程评估开始，共有 5 个方法待评估...
2025-12-09 15:42:30,247 - INFO - 启动进程池，Worker数量: 5
2025-12-09 15:42:32,301 - INFO - [Process 10566] 开始评估方法: random, 种子数: 68
2025-12-09 15:42:32,784 - INFO - [Process 10567] 开始评估方法: degreeTopM, 种子数: 68
2025-12-09 15:42:33,269 - INFO - [Process 10568] 开始评估方法: alpha_sort, 种子数: 68
2025-12-09 15:42:33,752 - INFO - [Process 10569] 开始评估方法: importance_sort, 种子数: 68
2025-12-09 15:42:33,808 - INFO - [Process 10568] alpha_sort - 50 sims 完成: E=29.70
2025-12-09 15:42:34,201 - INFO - [Process 10572] 开始评估方法: ris_coverage, 种子数: 68
2025-12-09 15:42:35,533 - INFO - [Process 10566] random - 50 sims 完成: E=61.10
2025-12-09 15:42:36,472 - INFO - [Process 10567] degreeTopM - 50 sims 完成: E=63.98
2025-12-09 15:42:37,346 - INFO - [Process 10569] importance_sort - 50 sims 完成: E=63.94
2025-12-09 15:42:37,815 - INFO - [Process 10572] ris_coverage - 50 sims 完成: E=64.00
2025-12-09 15:42:38,174 - INFO - 所有进程执行完毕，开始写入数据...
2025-12-09 15:42:38,190 - INFO - 成功写入 5 条记录至 /root/pythonspace/data-test/Mich/2025-12-9/E-activated-Mich/distribution-powerlaw/tsd_0.3--0.3--1.3/single_sim_func-AgainReJudge/simuTimes-50_monteCarloL-10_single_sim_func-AgainReJudge_rrNumSamples-22000.csv
2025-12-09 15:42:38,191 - INFO - 保存评估文件至: /root/pythonspace/data-test/Mich/2025-12-9/E-activated-Mich/distribution-powerlaw/tsd_0.3--0.3--1.3/single_sim_func-AgainReJudge/simuTimes-50_monteCarloL-10_single_sim_func-AgainReJudge_rrNumSamples-22000.csv
