2025-12-09 15:50:42,057 - INFO - 加载数据集: Mich
2025-12-09 15:50:42,062 - INFO - 首次生成度相关概率分布 分布类型: 'powerlaw'.
2025-12-09 15:50:42,062 - INFO - ===> Generating 'Power-law Degree-Aware' distributions...
2025-12-09 15:50:42,063 - INFO - 保存概率分布 文件位置: /root/pythonspace/data-test/Mich/2025-12-9/distribution-in-Mich/distribution-powerlaw_seedNum-78.pkl
2025-12-09 15:50:42,168 - INFO - 首次生成种子集 random
2025-12-09 15:50:42,168 - INFO - 执行当前算法开始: random
2025-12-09 15:50:42,168 - INFO - 当前用时 0.00 秒
2025-12-09 15:50:42,169 - INFO - 将种子集 写入位置: /root/pythonspace/data-test/Mich/2025-12-9/seeds-with-Mich/powerlaw_random_seedNum-78_SSRNum-25000.txt
2025-12-09 15:50:42,169 - INFO - 首次生成种子集 degreeTopM
2025-12-09 15:50:42,169 - INFO - 执行当前算法开始: degreeTopM
2025-12-09 15:50:42,171 - INFO - 当前用时 0.00 秒
2025-12-09 15:50:42,171 - INFO - 将种子集 写入位置: /root/pythonspace/data-test/Mich/2025-12-9/seeds-with-Mich/powerlaw_degreeTopM_seedNum-78_SSRNum-25000.txt
2025-12-09 15:50:42,171 - INFO - 首次生成种子集 alpha_sort
2025-12-09 15:50:42,171 - INFO - 执行当前算法开始: alpha_sort
2025-12-09 15:50:42,199 - INFO - 3748 个节点的alpha值降序排序 done
2025-12-09 15:50:42,199 - INFO - ==============>> [(3727, 0.352237405883776), (3379, 0.35208566923828694), (1937, 0.3458667828467972), (3037, 0.3404589107819453), (3135, 0.33625344077169345), (3637, 0.33384233204562325), (3709, 0.33257394949575675), (2643, 0.3273298455170647), (3737, 0.32507621763000544), (3736, 0.3247439664841518)]
2025-12-09 15:50:42,200 - INFO - 
选择的种子集 (按alpha排序): [3727, 3379, 1937, 3037, 3135, 3637, 3709, 2643, 3737, 3736, 3541, 3227, 3739, 3686, 2914, 3677, 3697, 3010, 3731, 3670, 2829, 3285, 3700, 3013, 3652, 2276, 3721, 3005, 3717, 3295, 3084, 3735, 2425, 3571, 3556, 3703, 3738, 3565, 3602, 3454, 2734, 3589, 3572, 1578, 3452, 3343, 3489, 3598, 3487, 3390, 3400, 3725, 1766, 3746, 3358, 3464, 3237, 3578, 3360, 3107, 2800, 3586, 3350, 3516, 3689, 3575, 3723, 3701, 3747, 3202, 3574, 3642, 3606, 282, 2158, 3695, 3707, 3740]

2025-12-09 15:50:42,200 - INFO - 当前用时 0.03 秒
2025-12-09 15:50:42,200 - INFO - 将种子集 写入位置: /root/pythonspace/data-test/Mich/2025-12-9/seeds-with-Mich/powerlaw_alpha_sort_seedNum-78_SSRNum-25000.txt
2025-12-09 15:50:42,200 - INFO - 首次生成种子集 importance_sort
2025-12-09 15:50:42,200 - INFO - 执行当前算法开始: importance_sort
2025-12-09 15:50:44,306 - INFO - 
选择的种子集 (按Importance排序): [153, 397, 360, 66, 248, 294, 412, 44, 670, 1158, 178, 1084, 705, 177, 348, 680, 696, 1501, 64, 3727, 3379, 1937, 40, 3037, 3135, 1071, 3637, 3709, 2643, 1287, 3737, 3736, 3541, 3227, 3739, 690, 3686, 2914, 3677, 3697, 3010, 3731, 3670, 2829, 3285, 3700, 3013, 3652, 1087, 2276, 3721, 3005, 3717, 3295, 3084, 3735, 2425, 3571, 3556, 3703, 1033, 3738, 933, 3565, 932, 3602, 1226, 3454, 2734, 3589, 3572, 1578, 3452, 3343, 3489, 3598, 3487, 1506]

2025-12-09 15:50:44,306 - INFO - 当前用时 2.11 秒
2025-12-09 15:50:44,306 - INFO - 将种子集 写入位置: /root/pythonspace/data-test/Mich/2025-12-9/seeds-with-Mich/powerlaw_importance_sort_seedNum-78_SSRNum-25000.txt
2025-12-09 15:50:44,307 - INFO - 首次生成种子集 ris_coverage
2025-12-09 15:50:44,307 - INFO - 执行当前算法开始: ris_coverage
2025-12-09 15:50:44,423 - INFO - 图初始化完成，CSR 矩阵及概率分布准备就绪。
2025-12-09 15:50:44,423 - INFO - 
开始生成 25000 组 SSR (并行进程: 4)...
2025-12-09 16:09:15,755 - INFO - 生成完毕。耗时: 1111.33 秒。
2025-12-09 16:09:15,756 - INFO - 
开始选择最优种子 (Optimized Greedy) ...
2025-12-09 16:10:45,740 - INFO -   - 券 1/78 选中节点 0, 新增覆盖 1046
2025-12-09 16:10:45,830 - INFO -   - 券 2/78 选中节点 2, 新增覆盖 1058
2025-12-09 16:10:45,928 - INFO -   - 券 3/78 选中节点 3, 新增覆盖 957
2025-12-09 16:10:46,021 - INFO -   - 券 4/78 选中节点 2865, 新增覆盖 884
2025-12-09 16:10:46,119 - INFO -   - 券 5/78 选中节点 5, 新增覆盖 874
2025-12-09 16:10:46,208 - INFO -   - 券 6/78 选中节点 6, 新增覆盖 839
2025-12-09 16:10:46,295 - INFO -   - 券 7/78 选中节点 7, 新增覆盖 739
2025-12-09 16:10:46,384 - INFO -   - 券 8/78 选中节点 9, 新增覆盖 746
2025-12-09 16:10:46,471 - INFO -   - 券 9/78 选中节点 10, 新增覆盖 686
2025-12-09 16:10:46,556 - INFO -   - 券 10/78 选中节点 13, 新增覆盖 641
2025-12-09 16:10:46,645 - INFO -   - 券 11/78 选中节点 14, 新增覆盖 634
2025-12-09 16:10:46,733 - INFO -   - 券 12/78 选中节点 15, 新增覆盖 589
2025-12-09 16:10:46,810 - INFO -   - 券 13/78 选中节点 8, 新增覆盖 567
2025-12-09 16:10:46,885 - INFO -   - 券 14/78 选中节点 16, 新增覆盖 503
2025-12-09 16:10:46,957 - INFO -   - 券 15/78 选中节点 1564, 新增覆盖 527
2025-12-09 16:10:47,031 - INFO -   - 券 16/78 选中节点 17, 新增覆盖 526
2025-12-09 16:10:47,099 - INFO -   - 券 17/78 选中节点 18, 新增覆盖 459
2025-12-09 16:10:47,170 - INFO -   - 券 18/78 选中节点 19, 新增覆盖 475
2025-12-09 16:10:47,241 - INFO -   - 券 19/78 选中节点 21, 新增覆盖 392
2025-12-09 16:10:47,306 - INFO -   - 券 20/78 选中节点 20, 新增覆盖 400
2025-12-09 16:10:47,373 - INFO -   - 券 21/78 选中节点 1246, 新增覆盖 380
2025-12-09 16:10:47,433 - INFO -   - 券 22/78 选中节点 22, 新增覆盖 344
2025-12-09 16:10:47,495 - INFO -   - 券 23/78 选中节点 25, 新增覆盖 368
2025-12-09 16:10:47,557 - INFO -   - 券 24/78 选中节点 27, 新增覆盖 355
2025-12-09 16:10:47,615 - INFO -   - 券 25/78 选中节点 4, 新增覆盖 332
2025-12-09 16:10:47,678 - INFO -   - 券 26/78 选中节点 28, 新增覆盖 314
2025-12-09 16:10:47,724 - INFO -   - 券 27/78 选中节点 32, 新增覆盖 294
2025-12-09 16:10:47,770 - INFO -   - 券 28/78 选中节点 33, 新增覆盖 284
2025-12-09 16:10:47,818 - INFO -   - 券 29/78 选中节点 26, 新增覆盖 285
2025-12-09 16:10:47,866 - INFO -   - 券 30/78 选中节点 31, 新增覆盖 263
2025-12-09 16:10:47,912 - INFO -   - 券 31/78 选中节点 1, 新增覆盖 241
2025-12-09 16:10:47,955 - INFO -   - 券 32/78 选中节点 1404, 新增覆盖 233
2025-12-09 16:10:47,999 - INFO -   - 券 33/78 选中节点 34, 新增覆盖 227
2025-12-09 16:10:48,042 - INFO -   - 券 34/78 选中节点 37, 新增覆盖 226
2025-12-09 16:10:48,088 - INFO -   - 券 35/78 选中节点 38, 新增覆盖 223
2025-12-09 16:10:48,126 - INFO -   - 券 36/78 选中节点 39, 新增覆盖 177
2025-12-09 16:10:48,170 - INFO -   - 券 37/78 选中节点 40, 新增覆盖 217
2025-12-09 16:10:48,213 - INFO -   - 券 38/78 选中节点 41, 新增覆盖 175
2025-12-09 16:10:48,253 - INFO -   - 券 39/78 选中节点 42, 新增覆盖 168
2025-12-09 16:10:48,294 - INFO -   - 券 40/78 选中节点 43, 新增覆盖 169
2025-12-09 16:10:48,333 - INFO -   - 券 41/78 选中节点 44, 新增覆盖 155
2025-12-09 16:10:48,372 - INFO -   - 券 42/78 选中节点 45, 新增覆盖 150
2025-12-09 16:10:48,411 - INFO -   - 券 43/78 选中节点 46, 新增覆盖 159
2025-12-09 16:10:48,453 - INFO -   - 券 44/78 选中节点 47, 新增覆盖 174
2025-12-09 16:10:48,494 - INFO -   - 券 45/78 选中节点 48, 新增覆盖 133
2025-12-09 16:10:48,530 - INFO -   - 券 46/78 选中节点 1810, 新增覆盖 133
2025-12-09 16:10:48,571 - INFO -   - 券 47/78 选中节点 49, 新增覆盖 121
2025-12-09 16:10:48,611 - INFO -   - 券 48/78 选中节点 2194, 新增覆盖 122
2025-12-09 16:10:48,650 - INFO -   - 券 49/78 选中节点 30, 新增覆盖 124
2025-12-09 16:10:48,690 - INFO -   - 券 50/78 选中节点 51, 新增覆盖 116
2025-12-09 16:10:48,731 - INFO -   - 券 51/78 选中节点 52, 新增覆盖 119
2025-12-09 16:10:48,769 - INFO -   - 券 52/78 选中节点 53, 新增覆盖 111
2025-12-09 16:10:48,808 - INFO -   - 券 53/78 选中节点 12, 新增覆盖 106
2025-12-09 16:10:48,845 - INFO -   - 券 54/78 选中节点 54, 新增覆盖 118
2025-12-09 16:10:48,885 - INFO -   - 券 55/78 选中节点 55, 新增覆盖 111
2025-12-09 16:10:48,925 - INFO -   - 券 56/78 选中节点 56, 新增覆盖 110
2025-12-09 16:10:48,961 - INFO -   - 券 57/78 选中节点 57, 新增覆盖 100
2025-12-09 16:10:48,998 - INFO -   - 券 58/78 选中节点 58, 新增覆盖 101
2025-12-09 16:10:49,037 - INFO -   - 券 59/78 选中节点 59, 新增覆盖 77
2025-12-09 16:10:49,075 - INFO -   - 券 60/78 选中节点 60, 新增覆盖 81
2025-12-09 16:10:49,113 - INFO -   - 券 61/78 选中节点 61, 新增覆盖 89
2025-12-09 16:10:49,151 - INFO -   - 券 62/78 选中节点 62, 新增覆盖 94
2025-12-09 16:10:49,191 - INFO -   - 券 63/78 选中节点 1441, 新增覆盖 84
2025-12-09 16:10:49,232 - INFO -   - 券 64/78 选中节点 63, 新增覆盖 83
2025-12-09 16:10:49,267 - INFO -   - 券 65/78 选中节点 1344, 新增覆盖 66
2025-12-09 16:10:49,300 - INFO -   - 券 66/78 选中节点 64, 新增覆盖 62
2025-12-09 16:10:49,334 - INFO -   - 券 67/78 选中节点 29, 新增覆盖 54
2025-12-09 16:10:49,371 - INFO -   - 券 68/78 选中节点 65, 新增覆盖 82
2025-12-09 16:10:49,405 - INFO -   - 券 69/78 选中节点 66, 新增覆盖 75
2025-12-09 16:10:49,439 - INFO -   - 券 70/78 选中节点 67, 新增覆盖 52
2025-12-09 16:10:49,476 - INFO -   - 券 71/78 选中节点 24, 新增覆盖 63
2025-12-09 16:10:49,513 - INFO -   - 券 72/78 选中节点 68, 新增覆盖 67
2025-12-09 16:10:49,550 - INFO -   - 券 73/78 选中节点 69, 新增覆盖 56
2025-12-09 16:10:49,588 - INFO -   - 券 74/78 选中节点 70, 新增覆盖 54
2025-12-09 16:10:49,625 - INFO -   - 券 75/78 选中节点 71, 新增覆盖 38
2025-12-09 16:10:49,663 - INFO -   - 券 76/78 选中节点 50, 新增覆盖 47
2025-12-09 16:10:49,701 - INFO -   - 券 77/78 选中节点 72, 新增覆盖 53
2025-12-09 16:10:49,741 - INFO -   - 券 78/78 选中节点 73, 新增覆盖 41
2025-12-09 16:10:49,741 - INFO - 选种完毕。耗时: 93.99 秒。
2025-12-09 16:10:52,112 - INFO - 最终选择的种子集: [0, 2, 3, 2865, 5, 6, 7, 9, 10, 13, 14, 15, 8, 16, 1564, 17, 18, 19, 21, 20, 1246, 22, 25, 27, 4, 28, 32, 33, 26, 31, 1, 1404, 34, 37, 38, 39, 40, 41, 42, 43, 44, 45, 46, 47, 48, 1810, 49, 2194, 30, 51, 52, 53, 12, 54, 55, 56, 57, 58, 59, 60, 61, 62, 1441, 63, 1344, 64, 29, 65, 66, 67, 24, 68, 69, 70, 71, 50, 72, 73]

2025-12-09 16:10:57,577 - INFO - 当前用时 1213.27 秒
2025-12-09 16:10:57,577 - INFO - 将种子集 写入位置: /root/pythonspace/data-test/Mich/2025-12-9/seeds-with-Mich/powerlaw_ris_coverage_seedNum-78_SSRNum-25000.txt
2025-12-09 16:10:57,578 - INFO - 评估种子集: None
2025-12-09 16:10:57,578 - INFO - 多进程评估开始，共有 5 个方法待评估...
2025-12-09 16:10:57,578 - INFO - 启动进程池，Worker数量: 5
2025-12-09 16:10:59,126 - INFO - [Process 10813] 开始评估方法: random, 种子数: 78
2025-12-09 16:10:59,499 - INFO - [Process 10819] 开始评估方法: degreeTopM, 种子数: 78
2025-12-09 16:10:59,891 - INFO - [Process 10820] 开始评估方法: alpha_sort, 种子数: 78
2025-12-09 16:11:00,273 - INFO - [Process 10821] 开始评估方法: importance_sort, 种子数: 78
2025-12-09 16:11:00,651 - INFO - [Process 10822] 开始评估方法: ris_coverage, 种子数: 78
2025-12-09 16:11:00,955 - INFO - [Process 10820] alpha_sort - 50 sims 完成: E=29.88
2025-12-09 16:11:04,595 - INFO - [Process 10821] importance_sort - 50 sims 完成: E=41.58
2025-12-09 16:11:07,224 - INFO - [Process 10813] random - 50 sims 完成: E=60.40
2025-12-09 16:11:08,696 - INFO - [Process 10819] degreeTopM - 50 sims 完成: E=64.58
2025-12-09 16:11:09,600 - INFO - [Process 10822] ris_coverage - 50 sims 完成: E=64.70
2025-12-09 16:11:09,826 - INFO - 所有进程执行完毕，开始写入数据...
2025-12-09 16:11:09,842 - INFO - 成功写入 5 条记录至 /root/pythonspace/data-test/Mich/2025-12-9/E-activated-Mich/distribution-powerlaw/tsd_0.3--0.6--1.2/single_sim_func-AgainReJudge/simuTimes-50_monteCarloL-10_single_sim_func-AgainReJudge_rrNumSamples-25000.csv
2025-12-09 16:11:09,843 - INFO - 保存评估文件至: /root/pythonspace/data-test/Mich/2025-12-9/E-activated-Mich/distribution-powerlaw/tsd_0.3--0.6--1.2/single_sim_func-AgainReJudge/simuTimes-50_monteCarloL-10_single_sim_func-AgainReJudge_rrNumSamples-25000.csv
