2025-12-19 16:29:44,516 - INFO - 加载数据集: facebook
2025-12-19 16:29:44,522 - INFO - 首次生成度相关概率分布 分布类型: 'powerlaw'.
2025-12-19 16:29:44,522 - INFO - ===> Generating 'Power-law Degree-Aware' distributions...
2025-12-19 16:29:44,527 - INFO - 保存概率分布 文件位置: /root/pythonspace/data-test/facebook/2025-12-19-master/distribution-in-facebook/distribution-powerlaw_seedNum-100.pkl
2025-12-19 16:29:44,591 - INFO - 首次生成种子集 random
2025-12-19 16:29:44,592 - INFO - 执行当前算法开始: random
2025-12-19 16:29:44,592 - INFO - 数据集节点总数:  n = 4039, m = 100
2025-12-19 16:29:44,592 - INFO - 选择 100  [2903, 1240, 3927, 3787, 1698, 3166, 2175, 3133, 951, 1110, 2194, 2559, 1446, 3393, 135, 3032, 2679, 3501, 3226, 85, 1417, 1141, 432, 3334, 3799, 1418, 330, 388, 1776, 4003, 2063, 294, 1247, 1148, 2759, 1884, 897, 3890, 1857, 289, 2448, 1070, 582, 3328, 2696, 2456, 809, 3672, 869, 2242, 773, 3185, 131, 2596, 2487, 2673, 3741, 1873, 2827, 1802, 47, 71, 3772, 185, 2441, 3418, 3120, 232, 531, 2580, 769, 3012, 401, 1507, 1316, 1678, 754, 3190, 370, 3944, 3033, 3899, 628, 2535, 2599, 1958, 2943, 2890, 2459, 1489, 177, 699, 3570, 392, 1733, 48, 1384, 1285, 613, 2292]

2025-12-19 16:29:44,592 - INFO - 当前用时 0.00 秒
2025-12-19 16:29:44,592 - INFO - 将种子集 写入位置: /root/pythonspace/data-test/facebook/2025-12-19-master/seeds-with-facebook/powerlaw_random_seedNum-100_SSRNum-160000.txt
2025-12-19 16:29:44,593 - INFO - 首次生成种子集 degreeTopM
2025-12-19 16:29:44,593 - INFO - 执行当前算法开始: degreeTopM
2025-12-19 16:29:44,593 - INFO - 依据: 选择连接数（度数）最多的节点。
2025-12-19 16:29:44,595 - INFO - 当前用时 0.00 秒
2025-12-19 16:29:44,595 - INFO - 将种子集 写入位置: /root/pythonspace/data-test/facebook/2025-12-19-master/seeds-with-facebook/powerlaw_degreeTopM_seedNum-100_SSRNum-160000.txt
2025-12-19 16:29:44,595 - INFO - 首次生成种子集 alpha_sort
2025-12-19 16:29:44,595 - INFO - 执行当前算法开始: alpha_sort
2025-12-19 16:29:44,646 - INFO - 4039 个节点的alpha值降序排序 done
2025-12-19 16:29:44,646 - INFO - ==============>> [(3766, 0.18740768889790937), (3335, 0.18530386142481392), (1046, 0.18496061325210983), (335, 0.18440065809038844), (1603, 0.18288904329718544), (1526, 0.17961472800144124), (114, 0.17506443493275103), (582, 0.17490585420735366), (1808, 0.17398877094428042), (3834, 0.17388140799255816)]
2025-12-19 16:29:44,646 - INFO - 
选择的种子集 (按alpha排序): [3766, 3335, 1046, 335, 1603, 1526, 114, 582, 1808, 3834, 1812, 4016, 404, 3748, 287, 1319, 692, 1837, 3676, 215, 2406, 1760, 1786, 1764, 397, 4023, 952, 2754, 3812, 12, 18, 3730, 2612, 3139, 3603, 3497, 11, 2575, 3987, 1750, 1763, 4010, 3195, 4025, 3342, 4012, 2036, 631, 37, 3978, 3495, 74, 3435, 15, 1946, 3868, 3059, 3943, 43, 2711, 2021, 210, 1767, 3865, 605, 2029, 209, 1696, 872, 1776, 4035, 3415, 292, 1067, 2037, 35, 662, 748, 233, 153, 4003, 183, 1541, 1820, 205, 267, 4030, 3393, 1562, 1895, 1844, 1623, 2006, 1339, 42, 47, 1240, 4008, 719, 812]

2025-12-19 16:29:44,647 - INFO - 当前用时 0.05 秒
2025-12-19 16:29:44,647 - INFO - 将种子集 写入位置: /root/pythonspace/data-test/facebook/2025-12-19-master/seeds-with-facebook/powerlaw_alpha_sort_seedNum-100_SSRNum-160000.txt
2025-12-19 16:29:44,647 - INFO - 首次生成种子集 importance_sort
2025-12-19 16:29:44,647 - INFO - 执行当前算法开始: importance_sort
2025-12-19 16:29:48,248 - INFO - 
选择的种子集 (按Importance排序): [3766, 3335, 1046, 335, 1603, 1526, 114, 582, 1808, 3834, 1812, 4016, 404, 3748, 287, 1319, 692, 1837, 3676, 215, 2406, 1760, 1786, 1764, 397, 4023, 952, 2754, 3812, 12, 18, 3730, 2612, 3139, 3603, 3497, 11, 2575, 3987, 1750, 1763, 4010, 3195, 4025, 3342, 4012, 2036, 631, 37, 3978, 3495, 74, 3435, 15, 1946, 3868, 3059, 3943, 43, 2711, 2021, 210, 1767, 3865, 605, 2029, 209, 1696, 872, 1776, 4035, 3415, 292, 1067, 2037, 35, 662, 748, 233, 153, 4003, 183, 1541, 1820, 205, 267, 4030, 3393, 1562, 1895, 1844, 1623, 2006, 1339, 42, 47, 1240, 4008, 719, 812]

2025-12-19 16:29:48,255 - INFO - 当前用时 3.61 秒
2025-12-19 16:29:48,256 - INFO - 将种子集 写入位置: /root/pythonspace/data-test/facebook/2025-12-19-master/seeds-with-facebook/powerlaw_importance_sort_seedNum-100_SSRNum-160000.txt
2025-12-19 16:29:48,256 - INFO - 首次生成种子集 ris_coverage
2025-12-19 16:29:48,256 - INFO - 执行当前算法开始: ris_coverage
2025-12-19 16:29:48,824 - INFO - 图初始化完成，节点数: 4039，CSR 矩阵准备就绪。
2025-12-19 16:29:48,828 - INFO - 
开始生成 160000 组 SSR (并行进程: 4)...
2025-12-19 16:30:35,695 - INFO - 生成完毕。耗时: 46.87 秒。
2025-12-19 16:30:35,696 - INFO - 
开始选择最优种子 (Optimized Greedy) ...
2025-12-19 16:30:37,721 - INFO -   - 券 1/100 选中节点 1808, 新增覆盖 15
2025-12-19 16:30:37,724 - INFO -   - 券 2/100 选中节点 1750, 新增覆盖 13
2025-12-19 16:30:37,728 - INFO -   - 券 3/100 选中节点 4016, 新增覆盖 15
2025-12-19 16:30:37,733 - INFO -   - 券 4/100 选中节点 3766, 新增覆盖 15
2025-12-19 16:30:37,740 - INFO -   - 券 5/100 选中节点 3603, 新增覆盖 12
2025-12-19 16:30:37,757 - INFO -   - 券 6/100 选中节点 114, 新增覆盖 18
2025-12-19 16:30:37,765 - INFO -   - 券 7/100 选中节点 215, 新增覆盖 12
2025-12-19 16:30:37,778 - INFO -   - 券 8/100 选中节点 4012, 新增覆盖 14
2025-12-19 16:30:37,794 - INFO -   - 券 9/100 选中节点 1526, 新增覆盖 14
2025-12-19 16:30:37,811 - INFO -   - 券 10/100 选中节点 335, 新增覆盖 14
2025-12-19 16:30:37,820 - INFO -   - 券 11/100 选中节点 1603, 新增覆盖 13
2025-12-19 16:30:37,842 - INFO -   - 券 12/100 选中节点 74, 新增覆盖 12
2025-12-19 16:30:37,860 - INFO -   - 券 13/100 选中节点 18, 新增覆盖 12
2025-12-19 16:30:37,882 - INFO -   - 券 14/100 选中节点 397, 新增覆盖 13
2025-12-19 16:30:37,901 - INFO -   - 券 15/100 选中节点 3868, 新增覆盖 12
2025-12-19 16:30:37,924 - INFO -   - 券 16/100 选中节点 1837, 新增覆盖 13
2025-12-19 16:30:37,951 - INFO -   - 券 17/100 选中节点 872, 新增覆盖 11
2025-12-19 16:30:37,969 - INFO -   - 券 18/100 选中节点 12, 新增覆盖 14
2025-12-19 16:30:37,994 - INFO -   - 券 19/100 选中节点 42, 新增覆盖 14
2025-12-19 16:30:38,023 - INFO -   - 券 20/100 选中节点 404, 新增覆盖 12
2025-12-19 16:30:38,052 - INFO -   - 券 21/100 选中节点 3730, 新增覆盖 16
2025-12-19 16:30:38,090 - INFO -   - 券 22/100 选中节点 1760, 新增覆盖 12
2025-12-19 16:30:38,128 - INFO -   - 券 23/100 选中节点 3987, 新增覆盖 15
2025-12-19 16:30:38,170 - INFO -   - 券 24/100 选中节点 1046, 新增覆盖 13
2025-12-19 16:30:38,204 - INFO -   - 券 25/100 选中节点 4010, 新增覆盖 15
2025-12-19 16:30:38,231 - INFO -   - 券 26/100 选中节点 43, 新增覆盖 17
2025-12-19 16:30:38,259 - INFO -   - 券 27/100 选中节点 3335, 新增覆盖 11
2025-12-19 16:30:38,311 - INFO -   - 券 28/100 选中节点 582, 新增覆盖 13
2025-12-19 16:30:38,345 - INFO -   - 券 29/100 选中节点 2036, 新增覆盖 16
2025-12-19 16:30:38,390 - INFO -   - 券 30/100 选中节点 286, 新增覆盖 12
2025-12-19 16:30:38,428 - INFO -   - 券 31/100 选中节点 2575, 新增覆盖 14
2025-12-19 16:30:38,476 - INFO -   - 券 32/100 选中节点 2021, 新增覆盖 11
2025-12-19 16:30:38,538 - INFO -   - 券 33/100 选中节点 4023, 新增覆盖 14
2025-12-19 16:30:38,579 - INFO -   - 券 34/100 选中节点 3435, 新增覆盖 11
2025-12-19 16:30:38,621 - INFO -   - 券 35/100 选中节点 3748, 新增覆盖 14
2025-12-19 16:30:38,681 - INFO -   - 券 36/100 选中节点 1319, 新增覆盖 14
2025-12-19 16:30:38,734 - INFO -   - 券 37/100 选中节点 2711, 新增覆盖 11
2025-12-19 16:30:38,790 - INFO -   - 券 38/100 选中节点 3495, 新增覆盖 17
2025-12-19 16:30:38,845 - INFO -   - 券 39/100 选中节点 210, 新增覆盖 15
2025-12-19 16:30:38,899 - INFO -   - 券 40/100 选中节点 4025, 新增覆盖 13
2025-12-19 16:30:38,941 - INFO -   - 券 41/100 选中节点 605, 新增覆盖 10
2025-12-19 16:30:39,000 - INFO -   - 券 42/100 选中节点 3978, 新增覆盖 11
2025-12-19 16:30:39,058 - INFO -   - 券 43/100 选中节点 90, 新增覆盖 12
2025-12-19 16:30:39,120 - INFO -   - 券 44/100 选中节点 3139, 新增覆盖 12
2025-12-19 16:30:39,193 - INFO -   - 券 45/100 选中节点 1763, 新增覆盖 13
2025-12-19 16:30:39,280 - INFO -   - 券 46/100 选中节点 2754, 新增覆盖 13
2025-12-19 16:30:39,341 - INFO -   - 券 47/100 选中节点 692, 新增覆盖 11
2025-12-19 16:30:39,407 - INFO -   - 券 48/100 选中节点 233, 新增覆盖 10
2025-12-19 16:30:39,467 - INFO -   - 券 49/100 选中节点 287, 新增覆盖 14
2025-12-19 16:30:39,562 - INFO -   - 券 50/100 选中节点 37, 新增覆盖 14
2025-12-19 16:30:39,625 - INFO -   - 券 51/100 选中节点 3812, 新增覆盖 11
2025-12-19 16:30:39,724 - INFO -   - 券 52/100 选中节点 3943, 新增覆盖 12
2025-12-19 16:30:39,785 - INFO -   - 券 53/100 选中节点 2406, 新增覆盖 11
2025-12-19 16:30:39,857 - INFO -   - 券 54/100 选中节点 3834, 新增覆盖 10
2025-12-19 16:30:39,928 - INFO -   - 券 55/100 选中节点 3195, 新增覆盖 12
2025-12-19 16:30:40,018 - INFO -   - 券 56/100 选中节点 2612, 新增覆盖 10
2025-12-19 16:30:40,101 - INFO -   - 券 57/100 选中节点 1986, 新增覆盖 10
2025-12-19 16:30:40,216 - INFO -   - 券 58/100 选中节点 3676, 新增覆盖 14
2025-12-19 16:30:40,300 - INFO -   - 券 59/100 选中节点 4030, 新增覆盖 8
2025-12-19 16:30:40,356 - INFO -   - 券 60/100 选中节点 1776, 新增覆盖 11
2025-12-19 16:30:40,427 - INFO -   - 券 61/100 选中节点 35, 新增覆盖 11
2025-12-19 16:30:40,539 - INFO -   - 券 62/100 选中节点 15, 新增覆盖 9
2025-12-19 16:30:40,628 - INFO -   - 券 63/100 选中节点 4029, 新增覆盖 9
2025-12-19 16:30:40,686 - INFO -   - 券 64/100 选中节点 3859, 新增覆盖 9
2025-12-19 16:30:40,803 - INFO -   - 券 65/100 选中节点 241, 新增覆盖 11
2025-12-19 16:30:40,882 - INFO -   - 券 66/100 选中节点 3393, 新增覆盖 8
2025-12-19 16:30:40,962 - INFO -   - 券 67/100 选中节点 3497, 新增覆盖 10
2025-12-19 16:30:41,062 - INFO -   - 券 68/100 选中节点 1696, 新增覆盖 10
2025-12-19 16:30:41,158 - INFO -   - 券 69/100 选中节点 4013, 新增覆盖 10
2025-12-19 16:30:41,305 - INFO -   - 券 70/100 选中节点 1044, 新增覆盖 9
2025-12-19 16:30:41,441 - INFO -   - 券 71/100 选中节点 631, 新增覆盖 10
2025-12-19 16:30:41,533 - INFO -   - 券 72/100 选中节点 2037, 新增覆盖 11
2025-12-19 16:30:41,631 - INFO -   - 券 73/100 选中节点 1786, 新增覆盖 13
2025-12-19 16:30:41,716 - INFO -   - 券 74/100 选中节点 3059, 新增覆盖 10
2025-12-19 16:30:41,811 - INFO -   - 券 75/100 选中节点 3342, 新增覆盖 10
2025-12-19 16:30:41,929 - INFO -   - 券 76/100 选中节点 1767, 新增覆盖 9
2025-12-19 16:30:42,080 - INFO -   - 券 77/100 选中节点 153, 新增覆盖 11
2025-12-19 16:30:42,189 - INFO -   - 券 78/100 选中节点 1764, 新增覆盖 8
2025-12-19 16:30:42,287 - INFO -   - 券 79/100 选中节点 4008, 新增覆盖 10
2025-12-19 16:30:42,394 - INFO -   - 券 80/100 选中节点 11, 新增覆盖 10
2025-12-19 16:30:42,503 - INFO -   - 券 81/100 选中节点 293, 新增覆盖 9
2025-12-19 16:30:42,633 - INFO -   - 券 82/100 选中节点 234, 新增覆盖 7
2025-12-19 16:30:42,796 - INFO -   - 券 83/100 选中节点 2029, 新增覆盖 11
2025-12-19 16:30:42,892 - INFO -   - 券 84/100 选中节点 49, 新增覆盖 7
2025-12-19 16:30:42,994 - INFO -   - 券 85/100 选中节点 256, 新增覆盖 9
2025-12-19 16:30:43,112 - INFO -   - 券 86/100 选中节点 710, 新增覆盖 10
2025-12-19 16:30:43,205 - INFO -   - 券 87/100 选中节点 3415, 新增覆盖 8
2025-12-19 16:30:43,328 - INFO -   - 券 88/100 选中节点 305, 新增覆盖 8
2025-12-19 16:30:43,500 - INFO -   - 券 89/100 选中节点 1920, 新增覆盖 9
2025-12-19 16:30:43,600 - INFO -   - 券 90/100 选中节点 33, 新增覆盖 12
2025-12-19 16:30:43,744 - INFO -   - 券 91/100 选中节点 209, 新增覆盖 9
2025-12-19 16:30:43,839 - INFO -   - 券 92/100 选中节点 145, 新增覆盖 9
2025-12-19 16:30:43,947 - INFO -   - 券 93/100 选中节点 1562, 新增覆盖 8
2025-12-19 16:30:44,144 - INFO -   - 券 94/100 选中节点 3990, 新增覆盖 9
2025-12-19 16:30:44,272 - INFO -   - 券 95/100 选中节点 279, 新增覆盖 10
2025-12-19 16:30:44,406 - INFO -   - 券 96/100 选中节点 3751, 新增覆盖 10
2025-12-19 16:30:44,522 - INFO -   - 券 97/100 选中节点 154, 新增覆盖 8
2025-12-19 16:30:44,632 - INFO -   - 券 98/100 选中节点 1113, 新增覆盖 9
2025-12-19 16:30:44,795 - INFO -   - 券 99/100 选中节点 2421, 新增覆盖 9
2025-12-19 16:30:44,994 - INFO -   - 券 100/100 选中节点 3930, 新增覆盖 7
2025-12-19 16:30:44,995 - INFO - 选种完毕。耗时: 9.30 秒。
2025-12-19 16:30:45,032 - INFO - 最终选择的种子集: [1808, 1750, 4016, 3766, 3603, 114, 215, 4012, 1526, 335, 1603, 74, 18, 397, 3868, 1837, 872, 12, 42, 404, 3730, 1760, 3987, 1046, 4010, 43, 3335, 582, 2036, 286, 2575, 2021, 4023, 3435, 3748, 1319, 2711, 3495, 210, 4025, 605, 3978, 90, 3139, 1763, 2754, 692, 233, 287, 37, 3812, 3943, 2406, 3834, 3195, 2612, 1986, 3676, 4030, 1776, 35, 15, 4029, 3859, 241, 3393, 3497, 1696, 4013, 1044, 631, 2037, 1786, 3059, 3342, 1767, 153, 1764, 4008, 11, 293, 234, 2029, 49, 256, 710, 3415, 305, 1920, 33, 209, 145, 1562, 3990, 279, 3751, 154, 1113, 2421, 3930]

2025-12-19 16:30:47,563 - INFO - 当前用时 59.31 秒
2025-12-19 16:30:47,564 - INFO - 将种子集 写入位置: /root/pythonspace/data-test/facebook/2025-12-19-master/seeds-with-facebook/powerlaw_ris_coverage_seedNum-100_SSRNum-160000.txt
2025-12-19 16:30:47,566 - INFO - 评估种子集: None
2025-12-19 16:30:47,566 - INFO - 多进程评估开始，共有 5 个方法待评估...
2025-12-19 16:30:47,566 - INFO - 启动进程池，Worker数量: 5
2025-12-19 16:30:48,523 - INFO - [Process 29407] 开始评估方法: random, 种子数: 100
2025-12-19 16:30:49,200 - INFO - [Process 29408] 开始评估方法: degreeTopM, 种子数: 100
2025-12-19 16:30:49,877 - INFO - [Process 29409] 开始评估方法: alpha_sort, 种子数: 100
2025-12-19 16:30:50,523 - INFO - [Process 29410] 开始评估方法: importance_sort, 种子数: 100
2025-12-19 16:30:51,129 - INFO - [Process 29411] 开始评估方法: ris_coverage, 种子数: 100
2025-12-19 16:32:54,007 - INFO - [Process 29409] alpha_sort - 15 sims 完成: E=62.93
2025-12-19 16:32:55,583 - INFO - [Process 29410] importance_sort - 15 sims 完成: E=62.93
2025-12-19 16:32:57,608 - INFO - [Process 29411] ris_coverage - 15 sims 完成: E=59.67
2025-12-19 16:34:13,043 - INFO - [Process 29407] random - 15 sims 完成: E=64.67
2025-12-19 16:35:15,068 - INFO - [Process 29408] degreeTopM - 15 sims 完成: E=65.80
2025-12-19 16:35:15,140 - INFO - 所有进程执行完毕，开始写入数据...
2025-12-19 16:35:15,147 - INFO - 成功写入 5 条记录至 /root/pythonspace/data-test/facebook/2025-12-19-master/E-activated-facebook/distribution-powerlaw/tsd_1.5--0.9--1.3/single_sim_func-AgainReJudge/simuTimes-15_monteCarloL-10_single_sim_func-AgainReJudge_rrNumSamples-160000.csv
2025-12-19 16:35:15,148 - INFO - 保存评估文件至: /root/pythonspace/data-test/facebook/2025-12-19-master/E-activated-facebook/distribution-powerlaw/tsd_1.5--0.9--1.3/single_sim_func-AgainReJudge/simuTimes-15_monteCarloL-10_single_sim_func-AgainReJudge_rrNumSamples-160000.csv
