2025-11-02 20:15:45,602 - INFO - 加载数据集: Mich
2025-11-02 20:15:45,605 - INFO - 首次生成度相关概率分布 分布类型: 'powerlaw'.
2025-11-02 20:15:45,605 - INFO - ===> 使用幂律分布生成四种分布
2025-11-02 20:15:45,608 - INFO - 保存概率分布 文件位置: /home/wen/pythonspace/data-test/Mich/distribution-in-Mich/distribution-powerlaw_seedNum-200.pkl
2025-11-02 20:15:45,743 - INFO - 首次生成种子集 random
2025-11-02 20:15:45,743 - INFO - 执行当前算法开始: random
2025-11-02 20:15:45,744 - INFO - 当前用时 0.00 秒
2025-11-02 20:15:45,748 - INFO - 将种子集 写入位置: /home/wen/pythonspace/data-test/Mich/seeds-with-Mich/distribution-powerlaw_random_seedNum-200.txt
2025-11-02 20:15:45,748 - INFO - 首次生成种子集 degreeTopM
2025-11-02 20:15:45,748 - INFO - 执行当前算法开始: degreeTopM
2025-11-02 20:15:45,750 - INFO - 当前用时 0.00 秒
2025-11-02 20:15:45,750 - INFO - 将种子集 写入位置: /home/wen/pythonspace/data-test/Mich/seeds-with-Mich/distribution-powerlaw_degreeTopM_seedNum-200.txt
2025-11-02 20:15:45,751 - INFO - 首次生成种子集 ris_coverage
2025-11-02 20:15:45,751 - INFO - 执行当前算法开始: ris_coverage
2025-11-02 20:17:47,262 - INFO - 当前用时 121.51 秒
2025-11-02 20:17:47,263 - INFO - 将种子集 写入位置: /home/wen/pythonspace/data-test/Mich/seeds-with-Mich/distribution-powerlaw_ris_coverage_seedNum-200.txt
2025-11-02 20:17:47,263 - INFO - 评估种子集: None
2025-11-02 20:17:47,263 - INFO - 评估函数开始
2025-11-02 20:17:47,263 - INFO - 当前模拟次数: [5]

2025-11-02 20:17:47,263 - INFO - 当前评估种子数: 200 ---
2025-11-02 20:17:47,263 - INFO -   Evaluating method: 'random' with 200 seeds.
2025-11-02 20:17:47,263 - INFO -     Running 5 simulations...
2025-11-02 20:17:47,263 - INFO - 		当前模拟轮次: 0
2025-11-02 20:17:47,277 - INFO - 		当前模拟轮次: 1
2025-11-02 20:17:47,286 - INFO - 		当前模拟轮次: 2
2025-11-02 20:17:47,297 - INFO - 		当前模拟轮次: 3
2025-11-02 20:17:47,308 - INFO - 		当前模拟轮次: 4
2025-11-02 20:17:47,318 - INFO -     Result: E[Users] = 100.0000, Var[Users] = 24.4000, Std_Dev = 4.9396
2025-11-02 20:17:47,322 - INFO -   Evaluating method: 'degreeTopM' with 200 seeds.
2025-11-02 20:17:47,322 - INFO -     Running 5 simulations...
2025-11-02 20:17:47,322 - INFO - 		当前模拟轮次: 0
2025-11-02 20:17:47,333 - INFO - 		当前模拟轮次: 1
2025-11-02 20:17:47,344 - INFO - 		当前模拟轮次: 2
2025-11-02 20:17:47,355 - INFO - 		当前模拟轮次: 3
2025-11-02 20:17:47,369 - INFO - 		当前模拟轮次: 4
2025-11-02 20:17:47,379 - INFO -     Result: E[Users] = 91.8000, Var[Users] = 16.5600, Std_Dev = 4.0694
2025-11-02 20:17:47,380 - INFO -   Evaluating method: 'ris_coverage' with 200 seeds.
2025-11-02 20:17:47,380 - INFO -     Running 5 simulations...
2025-11-02 20:17:47,380 - INFO - 		当前模拟轮次: 0
2025-11-02 20:17:47,394 - INFO - 		当前模拟轮次: 1
2025-11-02 20:17:47,407 - INFO - 		当前模拟轮次: 2
2025-11-02 20:17:47,420 - INFO - 		当前模拟轮次: 3
2025-11-02 20:17:47,432 - INFO - 		当前模拟轮次: 4
2025-11-02 20:17:47,445 - INFO -     Result: E[Users] = 99.6000, Var[Users] = 15.0400, Std_Dev = 3.8781
2025-11-02 20:17:47,446 - INFO - 保存评估文件至: /home/wen/pythonspace/data-test/Mich/E-activated-Mich/distribution-powerlaw/tsd_10.0-10.0-10.0/single_sim_func-AgainReJudge/simuTimes-5_seedNum-200_monteCarloL-15_single_sim_func-AgainReJudge_rrNumSamples-600000.csv
2025-11-02 20:17:47,447 - INFO - 加载数据集: Mich
2025-11-02 20:17:47,449 - INFO - 首次生成度相关概率分布 分布类型: 'powerlaw'.
2025-11-02 20:17:47,449 - INFO - ===> 使用幂律分布生成四种分布
2025-11-02 20:17:47,451 - INFO - 保存概率分布 文件位置: /home/wen/pythonspace/data-test/Mich/distribution-in-Mich/distribution-powerlaw_seedNum-400.pkl
2025-11-02 20:17:47,587 - INFO - 首次生成种子集 random
2025-11-02 20:17:47,587 - INFO - 执行当前算法开始: random
2025-11-02 20:17:47,588 - INFO - 当前用时 0.00 秒
2025-11-02 20:17:47,588 - INFO - 将种子集 写入位置: /home/wen/pythonspace/data-test/Mich/seeds-with-Mich/distribution-powerlaw_random_seedNum-400.txt
2025-11-02 20:17:47,588 - INFO - 首次生成种子集 degreeTopM
2025-11-02 20:17:47,588 - INFO - 执行当前算法开始: degreeTopM
2025-11-02 20:17:47,591 - INFO - 当前用时 0.00 秒
2025-11-02 20:17:47,591 - INFO - 将种子集 写入位置: /home/wen/pythonspace/data-test/Mich/seeds-with-Mich/distribution-powerlaw_degreeTopM_seedNum-400.txt
2025-11-02 20:17:47,591 - INFO - 首次生成种子集 ris_coverage
2025-11-02 20:17:47,591 - INFO - 执行当前算法开始: ris_coverage
2025-11-02 20:20:19,145 - INFO - 当前用时 151.55 秒
2025-11-02 20:20:19,146 - INFO - 将种子集 写入位置: /home/wen/pythonspace/data-test/Mich/seeds-with-Mich/distribution-powerlaw_ris_coverage_seedNum-400.txt
2025-11-02 20:20:19,146 - INFO - 评估种子集: None
2025-11-02 20:20:19,146 - INFO - 评估函数开始
2025-11-02 20:20:19,146 - INFO - 当前模拟次数: [5]

2025-11-02 20:20:19,146 - INFO - 当前评估种子数: 400 ---
2025-11-02 20:20:19,146 - INFO -   Evaluating method: 'random' with 400 seeds.
2025-11-02 20:20:19,146 - INFO -     Running 5 simulations...
2025-11-02 20:20:19,147 - INFO - 		当前模拟轮次: 0
2025-11-02 20:20:19,169 - INFO - 		当前模拟轮次: 1
2025-11-02 20:20:19,189 - INFO - 		当前模拟轮次: 2
2025-11-02 20:20:19,211 - INFO - 		当前模拟轮次: 3
2025-11-02 20:20:19,238 - INFO - 		当前模拟轮次: 4
2025-11-02 20:20:19,262 - INFO -     Result: E[Users] = 189.0000, Var[Users] = 16.4000, Std_Dev = 4.0497
2025-11-02 20:20:19,266 - INFO -   Evaluating method: 'degreeTopM' with 400 seeds.
2025-11-02 20:20:19,266 - INFO -     Running 5 simulations...
2025-11-02 20:20:19,266 - INFO - 		当前模拟轮次: 0
2025-11-02 20:20:19,286 - INFO - 		当前模拟轮次: 1
2025-11-02 20:20:19,307 - INFO - 		当前模拟轮次: 2
2025-11-02 20:20:19,330 - INFO - 		当前模拟轮次: 3
2025-11-02 20:20:19,354 - INFO - 		当前模拟轮次: 4
2025-11-02 20:20:19,374 - INFO -     Result: E[Users] = 199.2000, Var[Users] = 30.5600, Std_Dev = 5.5281
2025-11-02 20:20:19,375 - INFO -   Evaluating method: 'ris_coverage' with 400 seeds.
2025-11-02 20:20:19,375 - INFO -     Running 5 simulations...
2025-11-02 20:20:19,376 - INFO - 		当前模拟轮次: 0
2025-11-02 20:20:19,404 - INFO - 		当前模拟轮次: 1
2025-11-02 20:20:19,432 - INFO - 		当前模拟轮次: 2
2025-11-02 20:20:19,464 - INFO - 		当前模拟轮次: 3
2025-11-02 20:20:19,490 - INFO - 		当前模拟轮次: 4
2025-11-02 20:20:19,515 - INFO -     Result: E[Users] = 197.6000, Var[Users] = 32.2400, Std_Dev = 5.6780
2025-11-02 20:20:19,516 - INFO - 保存评估文件至: /home/wen/pythonspace/data-test/Mich/E-activated-Mich/distribution-powerlaw/tsd_10.0-10.0-10.0/single_sim_func-AgainReJudge/simuTimes-5_seedNum-400_monteCarloL-15_single_sim_func-AgainReJudge_rrNumSamples-600000.csv
2025-11-02 20:20:19,517 - INFO - 加载数据集: Mich
2025-11-02 20:20:19,519 - INFO - 首次生成度相关概率分布 分布类型: 'powerlaw'.
2025-11-02 20:20:19,519 - INFO - ===> 使用幂律分布生成四种分布
2025-11-02 20:20:19,522 - INFO - 保存概率分布 文件位置: /home/wen/pythonspace/data-test/Mich/distribution-in-Mich/distribution-powerlaw_seedNum-600.pkl
2025-11-02 20:20:19,659 - INFO - 首次生成种子集 random
2025-11-02 20:20:19,659 - INFO - 执行当前算法开始: random
2025-11-02 20:20:19,659 - INFO - 当前用时 0.00 秒
2025-11-02 20:20:19,660 - INFO - 将种子集 写入位置: /home/wen/pythonspace/data-test/Mich/seeds-with-Mich/distribution-powerlaw_random_seedNum-600.txt
2025-11-02 20:20:19,660 - INFO - 首次生成种子集 degreeTopM
2025-11-02 20:20:19,660 - INFO - 执行当前算法开始: degreeTopM
2025-11-02 20:20:19,664 - INFO - 当前用时 0.00 秒
2025-11-02 20:20:19,664 - INFO - 将种子集 写入位置: /home/wen/pythonspace/data-test/Mich/seeds-with-Mich/distribution-powerlaw_degreeTopM_seedNum-600.txt
2025-11-02 20:20:19,664 - INFO - 首次生成种子集 ris_coverage
2025-11-02 20:20:19,664 - INFO - 执行当前算法开始: ris_coverage
2025-11-02 20:23:13,461 - INFO - 当前用时 173.80 秒
2025-11-02 20:23:13,461 - INFO - 将种子集 写入位置: /home/wen/pythonspace/data-test/Mich/seeds-with-Mich/distribution-powerlaw_ris_coverage_seedNum-600.txt
2025-11-02 20:23:13,462 - INFO - 评估种子集: None
2025-11-02 20:23:13,462 - INFO - 评估函数开始
2025-11-02 20:23:13,462 - INFO - 当前模拟次数: [5]

2025-11-02 20:23:13,462 - INFO - 当前评估种子数: 600 ---
2025-11-02 20:23:13,462 - INFO -   Evaluating method: 'random' with 600 seeds.
2025-11-02 20:23:13,462 - INFO -     Running 5 simulations...
2025-11-02 20:23:13,462 - INFO - 		当前模拟轮次: 0
2025-11-02 20:23:13,499 - INFO - 		当前模拟轮次: 1
2025-11-02 20:23:13,529 - INFO - 		当前模拟轮次: 2
2025-11-02 20:23:13,560 - INFO - 		当前模拟轮次: 3
2025-11-02 20:23:13,588 - INFO - 		当前模拟轮次: 4
2025-11-02 20:23:13,619 - INFO -     Result: E[Users] = 294.6000, Var[Users] = 35.8400, Std_Dev = 5.9867
2025-11-02 20:23:13,622 - INFO -   Evaluating method: 'degreeTopM' with 600 seeds.
2025-11-02 20:23:13,622 - INFO -     Running 5 simulations...
2025-11-02 20:23:13,622 - INFO - 		当前模拟轮次: 0
2025-11-02 20:23:13,648 - INFO - 		当前模拟轮次: 1
2025-11-02 20:23:13,681 - INFO - 		当前模拟轮次: 2
2025-11-02 20:23:13,711 - INFO - 		当前模拟轮次: 3
2025-11-02 20:23:13,742 - INFO - 		当前模拟轮次: 4
2025-11-02 20:23:13,775 - INFO -     Result: E[Users] = 278.4000, Var[Users] = 74.6400, Std_Dev = 8.6394
2025-11-02 20:23:13,776 - INFO -   Evaluating method: 'ris_coverage' with 600 seeds.
2025-11-02 20:23:13,776 - INFO -     Running 5 simulations...
2025-11-02 20:23:13,776 - INFO - 		当前模拟轮次: 0
2025-11-02 20:23:13,808 - INFO - 		当前模拟轮次: 1
2025-11-02 20:23:13,844 - INFO - 		当前模拟轮次: 2
2025-11-02 20:23:13,882 - INFO - 		当前模拟轮次: 3
2025-11-02 20:23:13,918 - INFO - 		当前模拟轮次: 4
2025-11-02 20:23:13,953 - INFO -     Result: E[Users] = 302.0000, Var[Users] = 70.0000, Std_Dev = 8.3666
2025-11-02 20:23:13,955 - INFO - 保存评估文件至: /home/wen/pythonspace/data-test/Mich/E-activated-Mich/distribution-powerlaw/tsd_10.0-10.0-10.0/single_sim_func-AgainReJudge/simuTimes-5_seedNum-600_monteCarloL-15_single_sim_func-AgainReJudge_rrNumSamples-600000.csv
2025-11-02 20:23:13,956 - INFO - 加载数据集: Mich
2025-11-02 20:23:13,958 - INFO - 首次生成度相关概率分布 分布类型: 'powerlaw'.
2025-11-02 20:23:13,958 - INFO - ===> 使用幂律分布生成四种分布
2025-11-02 20:23:13,960 - INFO - 保存概率分布 文件位置: /home/wen/pythonspace/data-test/Mich/distribution-in-Mich/distribution-powerlaw_seedNum-800.pkl
2025-11-02 20:23:14,095 - INFO - 首次生成种子集 random
2025-11-02 20:23:14,095 - INFO - 执行当前算法开始: random
2025-11-02 20:23:14,095 - INFO - 当前用时 0.00 秒
2025-11-02 20:23:14,096 - INFO - 将种子集 写入位置: /home/wen/pythonspace/data-test/Mich/seeds-with-Mich/distribution-powerlaw_random_seedNum-800.txt
2025-11-02 20:23:14,096 - INFO - 首次生成种子集 degreeTopM
2025-11-02 20:23:14,096 - INFO - 执行当前算法开始: degreeTopM
2025-11-02 20:23:14,110 - INFO - 当前用时 0.01 秒
2025-11-02 20:23:14,110 - INFO - 将种子集 写入位置: /home/wen/pythonspace/data-test/Mich/seeds-with-Mich/distribution-powerlaw_degreeTopM_seedNum-800.txt
2025-11-02 20:23:14,111 - INFO - 首次生成种子集 ris_coverage
2025-11-02 20:23:14,111 - INFO - 执行当前算法开始: ris_coverage
2025-11-02 20:26:31,465 - INFO - 当前用时 197.35 秒
2025-11-02 20:26:31,465 - INFO - 将种子集 写入位置: /home/wen/pythonspace/data-test/Mich/seeds-with-Mich/distribution-powerlaw_ris_coverage_seedNum-800.txt
2025-11-02 20:26:31,466 - INFO - 评估种子集: None
2025-11-02 20:26:31,466 - INFO - 评估函数开始
2025-11-02 20:26:31,467 - INFO - 当前模拟次数: [5]

2025-11-02 20:26:31,467 - INFO - 当前评估种子数: 800 ---
2025-11-02 20:26:31,467 - INFO -   Evaluating method: 'random' with 800 seeds.
2025-11-02 20:26:31,467 - INFO -     Running 5 simulations...
2025-11-02 20:26:31,467 - INFO - 		当前模拟轮次: 0
2025-11-02 20:26:31,512 - INFO - 		当前模拟轮次: 1
2025-11-02 20:26:31,551 - INFO - 		当前模拟轮次: 2
2025-11-02 20:26:31,590 - INFO - 		当前模拟轮次: 3
2025-11-02 20:26:31,630 - INFO - 		当前模拟轮次: 4
2025-11-02 20:26:31,672 - INFO -     Result: E[Users] = 391.0000, Var[Users] = 113.2000, Std_Dev = 10.6395
2025-11-02 20:26:31,677 - INFO -   Evaluating method: 'degreeTopM' with 800 seeds.
2025-11-02 20:26:31,677 - INFO -     Running 5 simulations...
2025-11-02 20:26:31,677 - INFO - 		当前模拟轮次: 0
2025-11-02 20:26:31,715 - INFO - 		当前模拟轮次: 1
2025-11-02 20:26:31,760 - INFO - 		当前模拟轮次: 2
2025-11-02 20:26:31,806 - INFO - 		当前模拟轮次: 3
2025-11-02 20:26:31,842 - INFO - 		当前模拟轮次: 4
2025-11-02 20:26:31,882 - INFO -     Result: E[Users] = 378.0000, Var[Users] = 65.6000, Std_Dev = 8.0994
2025-11-02 20:26:31,883 - INFO -   Evaluating method: 'ris_coverage' with 800 seeds.
2025-11-02 20:26:31,883 - INFO -     Running 5 simulations...
2025-11-02 20:26:31,883 - INFO - 		当前模拟轮次: 0
2025-11-02 20:26:31,928 - INFO - 		当前模拟轮次: 1
2025-11-02 20:26:31,973 - INFO - 		当前模拟轮次: 2
2025-11-02 20:26:32,015 - INFO - 		当前模拟轮次: 3
2025-11-02 20:26:32,059 - INFO - 		当前模拟轮次: 4
2025-11-02 20:26:32,101 - INFO -     Result: E[Users] = 394.8000, Var[Users] = 16.5600, Std_Dev = 4.0694
2025-11-02 20:26:32,103 - INFO - 保存评估文件至: /home/wen/pythonspace/data-test/Mich/E-activated-Mich/distribution-powerlaw/tsd_10.0-10.0-10.0/single_sim_func-AgainReJudge/simuTimes-5_seedNum-800_monteCarloL-15_single_sim_func-AgainReJudge_rrNumSamples-600000.csv
