2026-01-06 16:34:40,755 - INFO - 加载数据集: network.netfacebookego
2026-01-06 16:34:40,755 - INFO - --- 矩阵分析 ---
2026-01-06 16:34:40,755 - INFO - 节点数 (N): 2888
2026-01-06 16:34:40,755 - INFO - 边数 (E): 5962
2026-01-06 16:34:40,755 - INFO - 密度 (Density): 0.00071482 (越小越稀疏)
2026-01-06 16:34:40,756 - INFO - 稀疏度 (Sparsity): 0.99928518 (越接近1越稀疏)
2026-01-06 16:34:40,756 - INFO - 平均度数 (Avg Degree): 2.06
2026-01-06 16:34:40,756 - INFO - 首次生成度相关概率分布 分布类型: 'random'.
2026-01-06 16:34:40,756 - INFO - ===> Generating 'Dirichlet' with Degree Bias...
2026-01-06 16:34:40,756 - INFO -      Alpha: [500, 500, 500]
2026-01-06 16:34:40,756 - INFO -      Factors -> Succ: 0.0, Dis: 0.0, Tran: 0.0
2026-01-06 16:34:40,757 - INFO - --- check node (Max Degree=769.0) ---
2026-01-06 16:34:40,757 - INFO -     Base Prob: [0.33321759 0.34684627 0.31993614]
2026-01-06 16:34:40,757 - INFO -     Final Prob: Succ=0.3332, Dis=0.3468, Tran=0.3199
2026-01-06 16:34:40,757 - INFO - 保存概率分布 文件位置: /root/pythonspace/data-test/network.netfacebookego/2026-1-7-2/distribution-in-network.netfacebookego/distribution-random_seedNum-30.pkl
2026-01-06 16:34:40,764 - INFO - 首次生成种子集 random
2026-01-06 16:34:40,764 - INFO - 执行当前算法开始: random
2026-01-06 16:34:40,764 - INFO - 数据集节点总数:  n = 2888, m = 30
2026-01-06 16:34:40,764 - INFO - 选择 30  [481, 1183, 175, 2696, 237, 2177, 2268, 734, 932, 373, 255, 2157, 946, 394, 772, 2755, 2848, 1407, 2203, 1154, 2772, 42, 782, 699, 1671, 2226, 1391, 1204, 2125, 1746]

2026-01-06 16:34:40,764 - INFO - 当前用时 0.00 秒
2026-01-06 16:34:40,764 - INFO - 将种子集 写入位置: /root/pythonspace/data-test/network.netfacebookego/2026-1-7-2/seeds-with-network.netfacebookego/random_random_seedNum-30_SSRNum-100000.txt
2026-01-06 16:34:40,764 - INFO - 首次生成种子集 degreeTopM
2026-01-06 16:34:40,764 - INFO - 执行当前算法开始: degreeTopM
2026-01-06 16:34:40,764 - INFO - 依据: 选择连接数（度数）最多的节点。
2026-01-06 16:34:40,764 - INFO - 选择的 Top M 节点及其度数:
2026-01-06 16:34:40,765 - INFO - 
2026-01-06 16:34:40,765 - INFO - 当前用时 0.00 秒
2026-01-06 16:34:40,765 - INFO - 将种子集 写入位置: /root/pythonspace/data-test/network.netfacebookego/2026-1-7-2/seeds-with-network.netfacebookego/random_degreeTopM_seedNum-30_SSRNum-100000.txt
2026-01-06 16:34:40,765 - INFO - 首次生成种子集 pageRank
2026-01-06 16:34:40,765 - INFO - 执行当前算法开始: pageRank
2026-01-06 16:34:40,765 - INFO - --- Running: PageRank (on tranProMatrix) Top M ---
2026-01-06 16:34:40,867 - INFO - Selected PageRank seeds: [602, 1524, 287, 0, 709, 2686, 713, 2231, 2535, 2698, 246, 715, 718, 70, 710, 719, 34, 68, 334, 468, 492, 509, 525, 583, 593, 623, 638, 763, 89, 216]
2026-01-06 16:34:40,870 - INFO - 当前用时 0.11 秒
2026-01-06 16:34:40,871 - INFO - 将种子集 写入位置: /root/pythonspace/data-test/network.netfacebookego/2026-1-7-2/seeds-with-network.netfacebookego/random_pageRank_seedNum-30_SSRNum-100000.txt
2026-01-06 16:34:40,871 - INFO - 首次生成种子集 alpha_sort
2026-01-06 16:34:40,871 - INFO - 执行当前算法开始: alpha_sort
2026-01-06 16:34:40,872 - INFO - 2888 个节点的alpha值降序排序 done
2026-01-06 16:34:40,872 - INFO - ==============>> [(1246, 0.37204870804487505), (847, 0.3704950985079482), (1744, 0.36966309358858707), (2596, 0.3682623361964663), (209, 0.3668914591997491), (1768, 0.3663214853031048), (1733, 0.3660686534830124), (223, 0.3659186351342097), (1566, 0.3651372529827344), (1742, 0.36454919488498516)]
2026-01-06 16:34:40,872 - INFO - 
选择的种子集 (按alpha排序): [1246, 847, 1744, 2596, 209, 1768, 1733, 223, 1566, 1742, 2555, 1766, 928, 1745, 1942, 991, 2549, 1502, 843, 976, 1491, 2185, 2017, 2065, 1560, 751, 2406, 2204, 2285, 2829]

2026-01-06 16:34:40,873 - INFO - 当前用时 0.00 秒
2026-01-06 16:34:40,873 - INFO - 将种子集 写入位置: /root/pythonspace/data-test/network.netfacebookego/2026-1-7-2/seeds-with-network.netfacebookego/random_alpha_sort_seedNum-30_SSRNum-100000.txt
2026-01-06 16:34:40,873 - INFO - 首次生成种子集 importance_sort
2026-01-06 16:34:40,873 - INFO - 执行当前算法开始: importance_sort
2026-01-06 16:34:41,121 - INFO - 2888 个节点的Importance值降序排序 done
2026-01-06 16:34:41,121 - INFO - 
选择的种子集 (按Importance排序): [209, 223, 273, 85, 123, 228, 188, 197, 131, 106, 230, 4, 284, 142, 124, 140, 101, 279, 7, 82, 282, 268, 260, 181, 120, 6, 229, 171, 147, 137]

2026-01-06 16:34:41,121 - INFO - 当前用时 0.25 秒
2026-01-06 16:34:41,121 - INFO - 将种子集 写入位置: /root/pythonspace/data-test/network.netfacebookego/2026-1-7-2/seeds-with-network.netfacebookego/random_importance_sort_seedNum-30_SSRNum-100000.txt
2026-01-06 16:34:41,122 - INFO - 首次生成种子集 ris_coverage
2026-01-06 16:34:41,122 - INFO - 执行当前算法开始: ris_coverage
2026-01-06 16:34:41,171 - INFO - 图初始化完成，节点数: 2888，CSR 矩阵准备就绪。
2026-01-06 16:34:41,172 - INFO - 
开始生成 100000 组 SSR (并行进程: 8)...
2026-01-06 16:34:46,731 - INFO - 生成完毕。耗时: 5.56 秒。
2026-01-06 16:34:46,732 - INFO - 
开始选择最优种子 (Optimized Greedy) ...
2026-01-06 16:34:50,115 - INFO -   - 券 1/30 选中节点 385, 新增覆盖 67
2026-01-06 16:34:50,124 - INFO -   - 券 2/30 选中节点 2815, 新增覆盖 68
2026-01-06 16:34:50,135 - INFO -   - 券 3/30 选中节点 2136, 新增覆盖 50
2026-01-06 16:34:50,149 - INFO -   - 券 4/30 选中节点 2803, 新增覆盖 53
2026-01-06 16:34:50,162 - INFO -   - 券 5/30 选中节点 2620, 新增覆盖 51
2026-01-06 16:34:50,174 - INFO -   - 券 6/30 选中节点 214, 新增覆盖 52
2026-01-06 16:34:50,190 - INFO -   - 券 7/30 选中节点 2253, 新增覆盖 53
2026-01-06 16:34:50,204 - INFO -   - 券 8/30 选中节点 1502, 新增覆盖 54
2026-01-06 16:34:50,222 - INFO -   - 券 9/30 选中节点 2678, 新增覆盖 50
2026-01-06 16:34:50,241 - INFO -   - 券 10/30 选中节点 1644, 新增覆盖 50
2026-01-06 16:34:50,261 - INFO -   - 券 11/30 选中节点 2400, 新增覆盖 51
2026-01-06 16:34:50,284 - INFO -   - 券 12/30 选中节点 1550, 新增覆盖 51
2026-01-06 16:34:50,309 - INFO -   - 券 13/30 选中节点 896, 新增覆盖 52
2026-01-06 16:34:50,335 - INFO -   - 券 14/30 选中节点 2580, 新增覆盖 51
2026-01-06 16:34:50,367 - INFO -   - 券 15/30 选中节点 2711, 新增覆盖 45
2026-01-06 16:34:50,407 - INFO -   - 券 16/30 选中节点 2823, 新增覆盖 52
2026-01-06 16:34:50,451 - INFO -   - 券 17/30 选中节点 2414, 新增覆盖 45
2026-01-06 16:34:50,495 - INFO -   - 券 18/30 选中节点 1447, 新增覆盖 46
2026-01-06 16:34:50,543 - INFO -   - 券 19/30 选中节点 37, 新增覆盖 41
2026-01-06 16:34:50,578 - INFO -   - 券 20/30 选中节点 345, 新增覆盖 50
2026-01-06 16:34:50,612 - INFO -   - 券 21/30 选中节点 2577, 新增覆盖 52
2026-01-06 16:34:50,654 - INFO -   - 券 22/30 选中节点 180, 新增覆盖 43
2026-01-06 16:34:50,704 - INFO -   - 券 23/30 选中节点 795, 新增覆盖 44
2026-01-06 16:34:50,744 - INFO -   - 券 24/30 选中节点 2297, 新增覆盖 44
2026-01-06 16:34:50,786 - INFO -   - 券 25/30 选中节点 163, 新增覆盖 44
2026-01-06 16:34:50,827 - INFO -   - 券 26/30 选中节点 743, 新增覆盖 45
2026-01-06 16:34:50,871 - INFO -   - 券 27/30 选中节点 2875, 新增覆盖 43
2026-01-06 16:34:50,929 - INFO -   - 券 28/30 选中节点 681, 新增覆盖 46
2026-01-06 16:34:50,999 - INFO -   - 券 29/30 选中节点 2526, 新增覆盖 40
2026-01-06 16:34:51,073 - INFO -   - 券 30/30 选中节点 2554, 新增覆盖 41
2026-01-06 16:34:51,073 - INFO - 选种完毕。耗时: 4.34 秒。
2026-01-06 16:34:51,150 - INFO - 最终选择的种子集: [385, 2815, 2136, 2803, 2620, 214, 2253, 1502, 2678, 1644, 2400, 1550, 896, 2580, 2711, 2823, 2414, 1447, 37, 345, 2577, 180, 795, 2297, 163, 743, 2875, 681, 2526, 2554]

2026-01-06 16:34:51,380 - INFO - 当前用时 10.26 秒
2026-01-06 16:34:51,381 - INFO - 将种子集 写入位置: /root/pythonspace/data-test/network.netfacebookego/2026-1-7-2/seeds-with-network.netfacebookego/random_ris_coverage_seedNum-30_SSRNum-100000.txt
2026-01-06 16:34:51,381 - INFO - 首次生成种子集 monterCarlo_CELF
2026-01-06 16:34:51,381 - INFO - 执行当前算法开始: monterCarlo_CELF
2026-01-06 16:34:51,381 - INFO - --- Running: CELF Greedy Monte Carlo (Sims=300) ---
2026-01-06 16:34:51,381 - INFO - Step 0: 初始化所有节点的边际增益...
2026-01-06 16:35:10,554 - INFO - Seed 1: 870, Spread: 0.60
2026-01-06 16:35:14,763 - INFO - Seed 2: 2790, Gain: 0.54, Total: 1.14
2026-01-06 16:35:23,718 - INFO - Seed 3: 2026, Gain: 0.51, Total: 1.66
2026-01-06 16:35:28,472 - INFO - Seed 4: 370, Gain: 0.51, Total: 2.17
2026-01-06 16:35:28,741 - INFO - Seed 5: 219, Gain: 0.53, Total: 2.69
2026-01-06 16:35:32,455 - INFO - Seed 6: 467, Gain: 0.51, Total: 3.20
2026-01-06 16:35:35,309 - INFO - Seed 7: 2278, Gain: 0.51, Total: 3.71
2026-01-06 16:35:36,863 - INFO - Seed 8: 80, Gain: 0.51, Total: 4.22
2026-01-06 16:35:38,924 - INFO - Seed 9: 1256, Gain: 0.50, Total: 4.72
2026-01-06 16:35:45,206 - INFO - Seed 10: 788, Gain: 0.61, Total: 5.33
2026-01-06 16:37:24,236 - INFO - Seed 11: 751, Gain: 0.40, Total: 5.73
2026-01-06 16:37:25,076 - INFO - Seed 12: 2514, Gain: 0.40, Total: 6.13
2026-01-06 16:37:25,252 - INFO - Seed 13: 1987, Gain: 0.44, Total: 6.57
2026-01-06 16:37:25,312 - INFO - Seed 14: 1141, Gain: 0.52, Total: 7.09
2026-01-06 16:37:25,524 - INFO - Seed 15: 1518, Gain: 0.46, Total: 7.54
2026-01-06 16:37:25,728 - INFO - Seed 16: 589, Gain: 0.40, Total: 7.94
2026-01-06 16:37:25,809 - INFO - Seed 17: 426, Gain: 0.40, Total: 8.34
2026-01-06 16:37:25,930 - INFO - Seed 18: 2798, Gain: 0.42, Total: 8.76
2026-01-06 16:37:26,307 - INFO - Seed 19: 1804, Gain: 0.61, Total: 9.37
2026-01-06 16:37:26,831 - INFO - Seed 20: 153, Gain: 0.41, Total: 9.77
2026-01-06 16:37:27,173 - INFO - Seed 21: 2247, Gain: 0.54, Total: 10.32
2026-01-06 16:37:27,461 - INFO - Seed 22: 2298, Gain: 0.43, Total: 10.75
2026-01-06 16:37:27,887 - INFO - Seed 23: 2113, Gain: 0.69, Total: 11.44
2026-01-06 16:37:28,124 - INFO - Seed 24: 1143, Gain: 0.45, Total: 11.89
2026-01-06 16:37:32,565 - INFO - Seed 25: 2642, Gain: 0.42, Total: 12.31
2026-01-06 16:37:32,673 - INFO - Seed 26: 2455, Gain: 0.46, Total: 12.77
2026-01-06 16:37:33,278 - INFO - Seed 27: 2593, Gain: 0.40, Total: 13.17
2026-01-06 16:37:33,636 - INFO - Seed 28: 394, Gain: 0.41, Total: 13.58
2026-01-06 16:37:34,006 - INFO - Seed 29: 1729, Gain: 0.42, Total: 14.00
2026-01-06 16:37:34,383 - INFO - Seed 30: 2510, Gain: 0.48, Total: 14.48
2026-01-06 16:37:34,383 - INFO - CELF 完成，总耗时: 163.00s
2026-01-06 16:37:34,383 - INFO - 当前用时 163.00 秒
2026-01-06 16:37:34,384 - INFO - 将种子集 写入位置: /root/pythonspace/data-test/network.netfacebookego/2026-1-7-2/seeds-with-network.netfacebookego/random_monterCarlo_CELF_seedNum-30_SSRNum-100000.txt
2026-01-06 16:37:34,384 - INFO - 评估种子集: None
2026-01-06 16:37:34,384 - INFO - 多进程评估开始，共有 7 个方法待评估...
2026-01-06 16:37:34,384 - INFO - 启动进程池，Worker数量: 7
2026-01-06 16:37:34,553 - INFO - [Process 7657] 开始评估方法: random, 种子数: 30
2026-01-06 16:37:34,684 - INFO - [Process 7658] 开始评估方法: degreeTopM, 种子数: 30
2026-01-06 16:37:34,814 - INFO - [Process 7659] 开始评估方法: pageRank, 种子数: 30
2026-01-06 16:37:34,926 - INFO - [Process 7660] 开始评估方法: alpha_sort, 种子数: 30
2026-01-06 16:37:34,983 - INFO - [Process 7657] random - 1000 sims 完成: E=14.06
2026-01-06 16:37:35,049 - INFO - [Process 7661] 开始评估方法: importance_sort, 种子数: 30
2026-01-06 16:37:35,165 - INFO - [Process 7662] 开始评估方法: ris_coverage, 种子数: 30
2026-01-06 16:37:35,183 - INFO - [Process 7658] degreeTopM - 1000 sims 完成: E=13.69
2026-01-06 16:37:35,259 - INFO - [Process 7659] pageRank - 1000 sims 完成: E=13.66
2026-01-06 16:37:35,278 - INFO - [Process 7663] 开始评估方法: monterCarlo_CELF, 种子数: 30
2026-01-06 16:37:35,331 - INFO - [Process 7660] alpha_sort - 1000 sims 完成: E=14.65
2026-01-06 16:37:35,499 - INFO - [Process 7661] importance_sort - 1000 sims 完成: E=12.89
2026-01-06 16:37:35,674 - INFO - [Process 7662] ris_coverage - 1000 sims 完成: E=14.72
2026-01-06 16:37:35,799 - INFO - [Process 7663] monterCarlo_CELF - 1000 sims 完成: E=14.50
2026-01-06 16:37:35,807 - INFO - 所有进程执行完毕，开始写入数据...
2026-01-06 16:37:35,811 - INFO - 成功写入 7 条记录至 /root/pythonspace/data-test/network.netfacebookego/2026-1-7-2/E-activated-network.netfacebookego/distribution-random/simuTimes-1000_random-dirichlet-[500, 500, 500]_rrNumSamples-100000.csv
2026-01-06 16:37:35,811 - INFO - 保存评估文件至: /root/pythonspace/data-test/network.netfacebookego/2026-1-7-2/E-activated-network.netfacebookego/distribution-random/simuTimes-1000_random-dirichlet-[500, 500, 500]_rrNumSamples-100000.csv
