2025-12-19 17:13:35,244 - INFO - 加载数据集: facebook
2025-12-19 17:13:35,250 - INFO - 首次生成度相关概率分布 分布类型: 'powerlaw'.
2025-12-19 17:13:35,250 - INFO - ===> Generating 'Power-law Degree-Aware' distributions...
2025-12-19 17:13:35,257 - INFO - 保存概率分布 文件位置: /root/pythonspace/data-test/facebook/2025-12-19-master-updatedegreepro+AgainContinue/distribution-in-facebook/distribution-powerlaw_seedNum-30.pkl
2025-12-19 17:13:35,348 - INFO - 首次生成种子集 random
2025-12-19 17:13:35,349 - INFO - 执行当前算法开始: random
2025-12-19 17:13:35,349 - INFO - 数据集节点总数:  n = 4039, m = 30
2025-12-19 17:13:35,349 - INFO - 选择 30  [2375, 951, 3123, 2348, 2154, 2708, 2110, 1732, 1438, 2155, 2507, 392, 551, 3308, 3545, 2711, 803, 939, 1729, 1183, 1426, 2454, 1479, 188, 7, 751, 1260, 2856, 1361, 2310]

2025-12-19 17:13:35,349 - INFO - 当前用时 0.00 秒
2025-12-19 17:13:35,349 - INFO - 将种子集 写入位置: /root/pythonspace/data-test/facebook/2025-12-19-master-updatedegreepro+AgainContinue/seeds-with-facebook/powerlaw_random_seedNum-30_SSRNum-160000.txt
2025-12-19 17:13:35,350 - INFO - 首次生成种子集 degreeTopM
2025-12-19 17:13:35,350 - INFO - 执行当前算法开始: degreeTopM
2025-12-19 17:13:35,350 - INFO - 依据: 选择连接数（度数）最多的节点。
2025-12-19 17:13:35,352 - INFO - 选择的 Top M 节点及其度数:
2025-12-19 17:13:35,352 - INFO - 
2025-12-19 17:13:35,353 - INFO - 当前用时 0.00 秒
2025-12-19 17:13:35,353 - INFO - 将种子集 写入位置: /root/pythonspace/data-test/facebook/2025-12-19-master-updatedegreepro+AgainContinue/seeds-with-facebook/powerlaw_degreeTopM_seedNum-30_SSRNum-160000.txt
2025-12-19 17:13:35,353 - INFO - 首次生成种子集 alpha_sort
2025-12-19 17:13:35,353 - INFO - 执行当前算法开始: alpha_sort
2025-12-19 17:13:35,427 - INFO - 4039 个节点的alpha值降序排序 done
2025-12-19 17:13:35,428 - INFO - ==============>> [(3766, 0.3920272522945452), (3335, 0.3885778592674133), (335, 0.3875648932471535), (1046, 0.38589024482306356), (1603, 0.3852909522704107), (1526, 0.3783852753969047), (114, 0.3720966694560666), (582, 0.3715386658517904), (1812, 0.37134962590656434), (1808, 0.3708621993013624)]
2025-12-19 17:13:35,428 - INFO - 
选择的种子集 (按alpha排序): [3766, 3335, 335, 1046, 1603, 1526, 114, 582, 1812, 1808, 404, 4016, 3834, 3748, 287, 1319, 692, 1837, 3676, 215, 2406, 1760, 1764, 1786, 397, 4023, 2754, 3812, 952, 3730]

2025-12-19 17:13:35,428 - INFO - 当前用时 0.07 秒
2025-12-19 17:13:35,428 - INFO - 将种子集 写入位置: /root/pythonspace/data-test/facebook/2025-12-19-master-updatedegreepro+AgainContinue/seeds-with-facebook/powerlaw_alpha_sort_seedNum-30_SSRNum-160000.txt
2025-12-19 17:13:35,429 - INFO - 首次生成种子集 importance_sort
2025-12-19 17:13:35,429 - INFO - 执行当前算法开始: importance_sort
2025-12-19 17:13:39,350 - INFO - 4039 个节点的Importance值降序排序 done
2025-12-19 17:13:39,351 - INFO - 
选择的种子集 (按Importance排序): [3766, 335, 3335, 1046, 1603, 1526, 114, 582, 1812, 1808, 404, 4016, 3834, 3748, 287, 1319, 692, 215, 1837, 3676, 2406, 1760, 1764, 1786, 397, 4023, 2754, 3812, 952, 12]

2025-12-19 17:13:39,351 - INFO - 当前用时 3.92 秒
2025-12-19 17:13:39,352 - INFO - 将种子集 写入位置: /root/pythonspace/data-test/facebook/2025-12-19-master-updatedegreepro+AgainContinue/seeds-with-facebook/powerlaw_importance_sort_seedNum-30_SSRNum-160000.txt
2025-12-19 17:13:39,352 - INFO - 首次生成种子集 ris_coverage
2025-12-19 17:13:39,352 - INFO - 执行当前算法开始: ris_coverage
2025-12-19 17:13:39,736 - INFO - 图初始化完成，节点数: 4039，CSR 矩阵准备就绪。
2025-12-19 17:13:39,736 - INFO - 
开始生成 160000 组 SSR (并行进程: 8)...
2025-12-19 17:14:01,316 - INFO - 生成完毕。耗时: 21.58 秒。
2025-12-19 17:14:01,317 - INFO - 
开始选择最优种子 (Optimized Greedy) ...
2025-12-19 17:14:04,617 - INFO -   - 券 1/30 选中节点 215, 新增覆盖 35
2025-12-19 17:14:04,630 - INFO -   - 券 2/30 选中节点 4008, 新增覆盖 34
2025-12-19 17:14:04,648 - INFO -   - 券 3/30 选中节点 155, 新增覆盖 38
2025-12-19 17:14:04,669 - INFO -   - 券 4/30 选中节点 4016, 新增覆盖 40
2025-12-19 17:14:04,694 - INFO -   - 券 5/30 选中节点 1562, 新增覆盖 36
2025-12-19 17:14:04,719 - INFO -   - 券 6/30 选中节点 3748, 新增覆盖 34
2025-12-19 17:14:04,750 - INFO -   - 券 7/30 选中节点 3978, 新增覆盖 41
2025-12-19 17:14:04,782 - INFO -   - 券 8/30 选中节点 812, 新增覆盖 40
2025-12-19 17:14:04,807 - INFO -   - 券 9/30 选中节点 532, 新增覆盖 35
2025-12-19 17:14:04,850 - INFO -   - 券 10/30 选中节点 1524, 新增覆盖 31
2025-12-19 17:14:04,890 - INFO -   - 券 11/30 选中节点 2037, 新增覆盖 35
2025-12-19 17:14:04,936 - INFO -   - 券 12/30 选中节点 138, 新增覆盖 35
2025-12-19 17:14:04,988 - INFO -   - 券 13/30 选中节点 12, 新增覆盖 35
2025-12-19 17:14:05,040 - INFO -   - 券 14/30 选中节点 153, 新增覆盖 42
2025-12-19 17:14:05,108 - INFO -   - 券 15/30 选中节点 253, 新增覆盖 34
2025-12-19 17:14:05,171 - INFO -   - 券 16/30 选中节点 74, 新增覆盖 38
2025-12-19 17:14:05,248 - INFO -   - 券 17/30 选中节点 3676, 新增覆盖 32
2025-12-19 17:14:05,321 - INFO -   - 券 18/30 选中节点 335, 新增覆盖 33
2025-12-19 17:14:05,395 - INFO -   - 券 19/30 选中节点 662, 新增覆盖 31
2025-12-19 17:14:05,471 - INFO -   - 券 20/30 选中节点 3766, 新增覆盖 33
2025-12-19 17:14:05,557 - INFO -   - 券 21/30 选中节点 210, 新增覆盖 39
2025-12-19 17:14:05,649 - INFO -   - 券 22/30 选中节点 4023, 新增覆盖 39
2025-12-19 17:14:05,745 - INFO -   - 券 23/30 选中节点 2029, 新增覆盖 33
2025-12-19 17:14:05,848 - INFO -   - 券 24/30 选中节点 3868, 新增覆盖 35
2025-12-19 17:14:05,950 - INFO -   - 券 25/30 选中节点 1946, 新增覆盖 31
2025-12-19 17:14:06,061 - INFO -   - 券 26/30 选中节点 4010, 新增覆盖 33
2025-12-19 17:14:06,183 - INFO -   - 券 27/30 选中节点 3497, 新增覆盖 32
2025-12-19 17:14:06,308 - INFO -   - 券 28/30 选中节点 2005, 新增覆盖 34
2025-12-19 17:14:06,441 - INFO -   - 券 29/30 选中节点 1696, 新增覆盖 33
2025-12-19 17:14:06,576 - INFO -   - 券 30/30 选中节点 2045, 新增覆盖 31
2025-12-19 17:14:06,576 - INFO - 选种完毕。耗时: 5.26 秒。
2025-12-19 17:14:06,686 - INFO - 最终选择的种子集: [215, 4008, 155, 4016, 1562, 3748, 3978, 812, 532, 1524, 2037, 138, 12, 153, 253, 74, 3676, 335, 662, 3766, 210, 4023, 2029, 3868, 1946, 4010, 3497, 2005, 1696, 2045]

2025-12-19 17:14:07,420 - INFO - 当前用时 28.07 秒
2025-12-19 17:14:07,421 - INFO - 将种子集 写入位置: /root/pythonspace/data-test/facebook/2025-12-19-master-updatedegreepro+AgainContinue/seeds-with-facebook/powerlaw_ris_coverage_seedNum-30_SSRNum-160000.txt
2025-12-19 17:14:07,422 - INFO - 评估种子集: None
2025-12-19 17:14:07,426 - INFO - 多进程评估开始，共有 5 个方法待评估...
2025-12-19 17:14:07,426 - INFO - 启动进程池，Worker数量: 5
2025-12-19 17:14:08,245 - INFO - [Process 39130] 开始评估方法: random, 种子数: 30
2025-12-19 17:14:08,913 - INFO - [Process 39131] 开始评估方法: degreeTopM, 种子数: 30
2025-12-19 17:14:09,639 - INFO - [Process 39132] 开始评估方法: alpha_sort, 种子数: 30
2025-12-19 17:14:10,448 - INFO - [Process 39133] 开始评估方法: importance_sort, 种子数: 30
2025-12-19 17:14:10,636 - INFO - [Process 39130] random - 15 sims 完成: E=29.93
2025-12-19 17:14:11,068 - INFO - [Process 39132] alpha_sort - 15 sims 完成: E=28.40
2025-12-19 17:14:11,341 - INFO - [Process 39134] 开始评估方法: ris_coverage, 种子数: 30
2025-12-19 17:14:11,627 - INFO - [Process 39133] importance_sort - 15 sims 完成: E=28.40
2025-12-19 17:14:12,194 - INFO - [Process 39134] ris_coverage - 15 sims 完成: E=28.67
2025-12-19 17:14:12,488 - INFO - [Process 39131] degreeTopM - 15 sims 完成: E=30.00
2025-12-19 17:14:12,528 - INFO - 所有进程执行完毕，开始写入数据...
2025-12-19 17:14:12,536 - INFO - 成功写入 5 条记录至 /root/pythonspace/data-test/facebook/2025-12-19-master-updatedegreepro+AgainContinue/E-activated-facebook/distribution-powerlaw/tsd_1.5-0.5--2.0/single_sim_func-AgainContinue/simuTimes-15_monteCarloL-10_single_sim_func-AgainContinue_rrNumSamples-160000.csv
2025-12-19 17:14:12,536 - INFO - 保存评估文件至: /root/pythonspace/data-test/facebook/2025-12-19-master-updatedegreepro+AgainContinue/E-activated-facebook/distribution-powerlaw/tsd_1.5-0.5--2.0/single_sim_func-AgainContinue/simuTimes-15_monteCarloL-10_single_sim_func-AgainContinue_rrNumSamples-160000.csv
