2025-11-24 22:16:09,631 - INFO - 加载数据集: facebook
2025-11-24 22:16:09,634 - INFO - 首次生成度相关概率分布 分布类型: 'powerlaw'.
2025-11-24 22:16:09,635 - INFO - ===> Generating 'Power-law Degree-Aware' distributions...
2025-11-24 22:16:09,637 - INFO - 保存概率分布 文件位置: /home/wen/pythonspace/data-test/facebook/2025-11-23/distribution-in-facebook/distribution-powerlaw_seedNum-5.pkl
2025-11-24 22:16:09,783 - INFO - 首次生成种子集 random
2025-11-24 22:16:09,784 - INFO - 执行当前算法开始: random
2025-11-24 22:16:09,784 - INFO - 当前用时 0.00 秒
2025-11-24 22:16:09,784 - INFO - 将种子集 写入位置: /home/wen/pythonspace/data-test/facebook/2025-11-23/seeds-with-facebook/powerlaw_random_seedNum-5_SSRNum-100000.txt
2025-11-24 22:16:09,784 - INFO - 首次生成种子集 degreeTopM
2025-11-24 22:16:09,784 - INFO - 执行当前算法开始: degreeTopM
2025-11-24 22:16:09,786 - INFO - 当前用时 0.00 秒
2025-11-24 22:16:09,786 - INFO - 将种子集 写入位置: /home/wen/pythonspace/data-test/facebook/2025-11-23/seeds-with-facebook/powerlaw_degreeTopM_seedNum-5_SSRNum-100000.txt
2025-11-24 22:16:09,786 - INFO - 首次生成种子集 alpha_sort
2025-11-24 22:16:09,786 - INFO - 执行当前算法开始: alpha_sort
2025-11-24 22:16:09,788 - INFO - 4039 个节点的alpha值降序排序 done
2025-11-24 22:16:09,788 - INFO - ==============>> [(397, 0.13723415624053406), (3603, 0.1290175112986549), (37, 0.12831840790435356), (15, 0.12365659755491358), (1319, 0.12284430306703767), (3335, 0.1226604329099423), (3943, 0.12216680621586733), (3834, 0.12213843536796215), (12, 0.12084139926502423), (209, 0.12073047946117882)]
2025-11-24 22:16:09,788 - INFO - 
选择的种子集 (按alpha排序): [397, 3603, 37, 15, 1319]

2025-11-24 22:16:09,788 - INFO - 当前用时 0.00 秒
2025-11-24 22:16:09,789 - INFO - 将种子集 写入位置: /home/wen/pythonspace/data-test/facebook/2025-11-23/seeds-with-facebook/powerlaw_alpha_sort_seedNum-5_SSRNum-100000.txt
2025-11-24 22:16:09,789 - INFO - 首次生成种子集 importance_sort
2025-11-24 22:16:09,789 - INFO - 执行当前算法开始: importance_sort
2025-11-24 22:16:12,081 - INFO - 
选择的种子集 (按Importance排序): [397, 3603, 37, 15, 1319]

2025-11-24 22:16:12,082 - INFO - 当前用时 2.29 秒
2025-11-24 22:16:12,082 - INFO - 将种子集 写入位置: /home/wen/pythonspace/data-test/facebook/2025-11-23/seeds-with-facebook/powerlaw_importance_sort_seedNum-5_SSRNum-100000.txt
2025-11-24 22:16:12,082 - INFO - 首次生成种子集 ris_coverage
2025-11-24 22:16:12,082 - INFO - 执行当前算法开始: ris_coverage
2025-11-24 22:16:12,195 - INFO - 反向图构建完成，处理了 176468 条边。
2025-11-24 22:16:12,196 - INFO - 图初始化完成，包含 4039 个节点，选择 5 个种子。
2025-11-24 22:16:12,196 - INFO - 
采样次数: 100000, 开始生成 100000 组SSR，使用 2 个并行进程...
2025-11-24 22:16:20,183 - INFO - 100000 个SSR生成完毕。耗时: 7.99 秒。
2025-11-24 22:16:20,190 - INFO - 
开始选择最优的种子节点 (Standard Greedy) ...
2025-11-24 22:16:20,305 - INFO - 最终选择的种子集: [4035, 1526, 37, 2037, 3834]

2025-11-24 22:16:20,351 - INFO - 当前用时 8.27 秒
2025-11-24 22:16:20,351 - INFO - 将种子集 写入位置: /home/wen/pythonspace/data-test/facebook/2025-11-23/seeds-with-facebook/powerlaw_ris_coverage_seedNum-5_SSRNum-100000.txt
2025-11-24 22:16:20,352 - INFO - 评估种子集: None
2025-11-24 22:16:20,352 - INFO - 评估函数开始
2025-11-24 22:16:20,352 - INFO - 当前模拟次数: [20]

2025-11-24 22:16:20,352 - INFO - 当前评估种子数: 5 ---
2025-11-24 22:16:20,352 - INFO -   Evaluating method: 'random' with 5 seeds.
2025-11-24 22:16:20,352 - INFO -     Running 20 simulations...
2025-11-24 22:16:35,964 - INFO -     Result: E[Users] = 1.5000, Var[Users] = 1.2500, Std_Dev = 1.1180
2025-11-24 22:16:35,970 - INFO -   Evaluating method: 'degreeTopM' with 5 seeds.
2025-11-24 22:16:35,970 - INFO -     Running 20 simulations...
2025-11-24 22:16:50,746 - INFO -     Result: E[Users] = 1.7500, Var[Users] = 1.1875, Std_Dev = 1.0897
2025-11-24 22:16:50,749 - INFO -   Evaluating method: 'alpha_sort' with 5 seeds.
2025-11-24 22:16:50,750 - INFO -     Running 20 simulations...
2025-11-24 22:16:58,054 - INFO -     Result: E[Users] = 1.6500, Var[Users] = 2.0275, Std_Dev = 1.4239
2025-11-24 22:16:58,058 - INFO -   Evaluating method: 'importance_sort' with 5 seeds.
2025-11-24 22:16:58,058 - INFO -     Running 20 simulations...
2025-11-24 22:17:06,587 - INFO -     Result: E[Users] = 1.9000, Var[Users] = 1.4900, Std_Dev = 1.2207
2025-11-24 22:17:06,589 - INFO -   Evaluating method: 'ris_coverage' with 5 seeds.
2025-11-24 22:17:06,589 - INFO -     Running 20 simulations...
2025-11-24 22:17:12,853 - INFO -     Result: E[Users] = 1.9500, Var[Users] = 0.6475, Std_Dev = 0.8047
2025-11-24 22:17:12,857 - INFO - 保存评估文件至: /home/wen/pythonspace/data-test/facebook/2025-11-23/E-activated-facebook/distribution-powerlaw/tsd_1.5--1.3--0.9/single_sim_func-AgainContinue/simuTimes-20_seedNum-5_monteCarloL-10_single_sim_func-AgainContinue_rrNumSamples-100000.csv
