2025-11-24 16:10:09,200 - INFO - 加载数据集: facebook
2025-11-24 16:10:09,376 - INFO - 首次生成度相关概率分布 分布类型: 'powerlaw'.
2025-11-24 16:10:09,376 - INFO - ===> Generating 'Influencer Model' (Power-law) distributions...
2025-11-24 16:10:09,422 - INFO - 保存概率分布 文件位置: /home/wen/pythonspace/data-test/facebook/2025-11-23/distribution-in-facebook/distribution-powerlaw_seedNum-200.pkl
2025-11-24 16:10:09,697 - INFO - 首次生成种子集 random
2025-11-24 16:10:09,698 - INFO - 执行当前算法开始: random
2025-11-24 16:10:09,699 - INFO - 当前用时 0.00 秒
2025-11-24 16:10:09,699 - INFO - 将种子集 写入位置: /home/wen/pythonspace/data-test/facebook/2025-11-23/seeds-with-facebook/powerlaw_random_seedNum-200_SSRNum-120000.txt
2025-11-24 16:10:09,700 - INFO - 首次生成种子集 degreeTopM
2025-11-24 16:10:09,700 - INFO - 执行当前算法开始: degreeTopM
2025-11-24 16:10:09,716 - INFO - 当前用时 0.02 秒
2025-11-24 16:10:09,716 - INFO - 将种子集 写入位置: /home/wen/pythonspace/data-test/facebook/2025-11-23/seeds-with-facebook/powerlaw_degreeTopM_seedNum-200_SSRNum-120000.txt
2025-11-24 16:10:09,717 - INFO - 首次生成种子集 alpha_sort
2025-11-24 16:10:09,717 - INFO - 执行当前算法开始: alpha_sort
2025-11-24 16:10:09,723 - INFO - 
选择的种子集 (按alpha排序): [1046, 3834, 287, 1526, 3766, 2406, 3335, 1319, 335, 3603, 1837, 1603, 582, 114, 233, 4016, 812, 3987, 3676, 183, 1808, 2612, 662, 3710, 4012, 952, 2036, 2575, 267, 3497, 1946, 1760, 3748, 692, 3435, 1113, 286, 1812, 74, 18, 215, 2711, 3978, 316, 1820, 145, 12, 205, 4030, 4023, 3499, 11, 1763, 2754, 719, 4010, 1902, 404, 1786, 37, 42, 1032, 1789, 1862, 1933, 153, 3495, 3274, 3342, 710, 1767, 2446, 1764, 397, 3868, 3059, 903, 680, 3711, 3686, 1572, 881, 2696, 1947, 293, 1844, 748, 1547, 1340, 1732, 4003, 4038, 3825, 1895, 3943, 3763, 3912, 1541, 3014, 157, 3865, 71, 1889, 234, 2553, 2424, 3730, 4035, 3685, 47, 631, 1562, 2014, 3195, 4008, 1807, 1178, 3620, 551, 1524, 1519, 1986, 3959, 35, 880, 3139, 605, 3812, 3129, 208, 15, 517, 202, 97, 2961, 3888, 2928, 102, 3762, 4034, 941, 996, 872, 1175, 1888, 3503, 931, 178, 1137, 2020, 191, 1240, 255, 756, 164, 2018, 4029, 2670, 3894, 289, 3960, 253, 2528, 3530, 294, 532, 77, 2029, 4019, 520, 4025, 2657, 2006, 4033, 1293, 3986, 889, 2588, 3841, 336, 1860, 3586, 3950, 4037, 235, 1341, 1339, 179, 1738, 3393, 848, 2116, 3918, 3491, 3488, 3658, 43, 90, 908, 3322]

2025-11-24 16:10:09,724 - INFO - 当前用时 0.01 秒
2025-11-24 16:10:09,724 - INFO - 将种子集 写入位置: /home/wen/pythonspace/data-test/facebook/2025-11-23/seeds-with-facebook/powerlaw_alpha_sort_seedNum-200_SSRNum-120000.txt
2025-11-24 16:10:09,725 - INFO - 首次生成种子集 importance_sort
2025-11-24 16:10:09,725 - INFO - 执行当前算法开始: importance_sort
2025-11-24 16:10:12,247 - INFO - 
选择的种子集 (按Importance排序): [287, 335, 114, 233, 1046, 183, 3834, 267, 286, 215, 1526, 18, 205, 3766, 316, 145, 2406, 12, 3335, 74, 1319, 11, 42, 153, 3603, 1837, 37, 1603, 582, 293, 4016, 812, 3987, 3676, 157, 35, 71, 1808, 47, 2612, 662, 3710, 234, 208, 4012, 952, 178, 2036, 202, 2575, 253, 102, 15, 97, 3497, 1946, 164, 1760, 3748, 294, 692, 77, 3435, 255, 191, 1113, 289, 1812, 179, 336, 90, 235, 2711, 3978, 43, 206, 1820, 282, 155, 120, 210, 150, 4030, 4023, 3499, 138, 124, 201, 1763, 2754, 719, 4010, 166, 6, 33, 189, 1902, 306, 404, 1786, 305, 209, 1032, 1789, 1862, 264, 163, 1933, 221, 3495, 3274, 3342, 710, 49, 207, 1767, 273, 2446, 1764, 397, 3868, 3059, 903, 288, 680, 244, 147, 3711, 3686, 1572, 881, 29, 154, 2696, 112, 225, 1947, 1844, 237, 748, 245, 1547, 292, 1340, 1732, 4003, 4038, 3825, 262, 1895, 81, 3943, 279, 125, 73, 89, 219, 3763, 3912, 250, 44, 24, 347, 1541, 3014, 60, 52, 135, 190, 1, 108, 160, 241, 3865, 1889, 76, 133, 20, 2553, 2424, 182, 152, 3730, 283, 4035, 64, 3685, 34, 631, 1562, 240, 2014, 3195, 301, 4008, 1807, 1178, 3620, 551, 68]

2025-11-24 16:10:12,248 - INFO - 当前用时 2.52 秒
2025-11-24 16:10:12,248 - INFO - 将种子集 写入位置: /home/wen/pythonspace/data-test/facebook/2025-11-23/seeds-with-facebook/powerlaw_importance_sort_seedNum-200_SSRNum-120000.txt
2025-11-24 16:10:12,249 - INFO - 首次生成种子集 ris_coverage
2025-11-24 16:10:12,249 - INFO - 执行当前算法开始: ris_coverage
2025-11-24 16:10:12,374 - INFO - 反向图构建完成，处理了 176468 条边。
2025-11-24 16:10:12,375 - INFO - 图初始化完成，包含 4039 个节点，选择 200 个种子。
2025-11-24 16:10:12,375 - INFO - 
采样次数: 120000, 开始生成 120000 组SSR，使用 2 个并行进程...
2025-11-24 16:22:32,090 - INFO - 120000 个SSR生成完毕。耗时: 739.72 秒。
2025-11-24 16:22:32,099 - INFO - 
开始选择最优的种子节点 (Standard Greedy) ...
2025-11-24 16:30:31,255 - INFO - 最终选择的种子集: [250, 3841, 215, 680, 1895, 3129, 3344, 1781, 810, 3950, 38, 692, 29, 2241, 2268, 463, 2261, 1793, 1912, 2803, 3935, 46, 1971, 762, 145, 2446, 1234, 3831, 1512, 2391, 1709, 2913, 1988, 3269, 1735, 740, 276, 418, 3059, 2525, 843, 1567, 3190, 1140, 2839, 3964, 1460, 920, 148, 3688, 2004, 1774, 529, 3632, 2928, 1847, 3060, 2276, 230, 1618, 3573, 3714, 2938, 57, 1493, 975, 1385, 1776, 3832, 1918, 2735, 6, 4018, 2374, 2567, 2509, 3942, 3324, 858, 258, 2014, 3148, 3603, 266, 1888, 2813, 3166, 712, 2094, 652, 3760, 4017, 1711, 3675, 2634, 1802, 3037, 3729, 1119, 783, 3658, 2635, 1893, 2591, 648, 3145, 2660, 1519, 394, 338, 1739, 2063, 2726, 798, 3834, 3438, 3212, 288, 1524, 2690, 206, 1179, 202, 557, 590, 1807, 1857, 2609, 91, 3186, 212, 1832, 702, 2552, 3993, 3620, 2097, 3040, 3093, 3246, 3736, 3895, 1586, 3827, 2153, 11, 491, 2046, 3412, 2307, 3654, 3259, 956, 3417, 3869, 2691, 2363, 3563, 1702, 2493, 1287, 2762, 3183, 347, 2662, 2720, 2453, 543, 3500, 100, 1336, 154, 2903, 2034, 664, 124, 1052, 2988, 3628, 1959, 4021, 3608, 1649, 900, 2342, 3715, 313, 363, 1801, 3378, 1016, 2600, 3882, 2174, 3956, 3987, 3010, 781, 2822, 1738]

2025-11-24 16:30:35,596 - INFO - 当前用时 1223.35 秒
2025-11-24 16:30:35,596 - INFO - 将种子集 写入位置: /home/wen/pythonspace/data-test/facebook/2025-11-23/seeds-with-facebook/powerlaw_ris_coverage_seedNum-200_SSRNum-120000.txt
2025-11-24 16:30:35,597 - INFO - 评估种子集: None
2025-11-24 16:30:35,597 - INFO - 评估函数开始
2025-11-24 16:30:35,597 - INFO - 当前模拟次数: [100]

2025-11-24 16:30:35,597 - INFO - 当前评估种子数: 200 ---
2025-11-24 16:30:35,597 - INFO -   Evaluating method: 'random' with 200 seeds.
2025-11-24 16:30:35,598 - INFO -     Running 100 simulations...
2025-11-24 16:30:37,543 - INFO -     Result: E[Users] = 167.8400, Var[Users] = 21.1544, Std_Dev = 4.5994
2025-11-24 16:30:37,627 - INFO -   Evaluating method: 'degreeTopM' with 200 seeds.
2025-11-24 16:30:37,628 - INFO -     Running 100 simulations...
2025-11-24 16:30:42,221 - INFO -     Result: E[Users] = 163.0300, Var[Users] = 30.3891, Std_Dev = 5.5126
2025-11-24 16:30:42,223 - INFO -   Evaluating method: 'alpha_sort' with 200 seeds.
2025-11-24 16:30:42,224 - INFO -     Running 100 simulations...
2025-11-24 16:30:43,352 - INFO -     Result: E[Users] = 171.7000, Var[Users] = 28.2500, Std_Dev = 5.3151
2025-11-24 16:30:43,354 - INFO -   Evaluating method: 'importance_sort' with 200 seeds.
2025-11-24 16:30:43,354 - INFO -     Running 100 simulations...
2025-11-24 16:30:44,533 - INFO -     Result: E[Users] = 171.1400, Var[Users] = 15.2604, Std_Dev = 3.9065
2025-11-24 16:30:44,535 - INFO -   Evaluating method: 'ris_coverage' with 200 seeds.
2025-11-24 16:30:44,535 - INFO -     Running 100 simulations...
2025-11-24 16:30:46,143 - INFO -     Result: E[Users] = 169.6500, Var[Users] = 26.5675, Std_Dev = 5.1544
2025-11-24 16:30:46,146 - INFO - 保存评估文件至: /home/wen/pythonspace/data-test/facebook/2025-11-23/E-activated-facebook/distribution-powerlaw/tsd_1.5--0.8--0.2/single_sim_func-AgainContinue/simuTimes-100_seedNum-200_monteCarloL-10_single_sim_func-AgainContinue_rrNumSamples-120000.csv
