2025-11-24 17:41:33,763 - INFO - 加载数据集: facebook
2025-11-24 17:41:33,766 - INFO - 首次生成度相关概率分布 分布类型: 'powerlaw'.
2025-11-24 17:41:33,766 - INFO - ===> Generating 'Power-law Degree-Aware' distributions...
2025-11-24 17:41:33,768 - INFO - 保存概率分布 文件位置: /home/wen/pythonspace/data-test/facebook/2025-11-23/distribution-in-facebook/distribution-powerlaw_seedNum-500.pkl
2025-11-24 17:41:33,919 - INFO - 首次生成种子集 random
2025-11-24 17:41:33,919 - INFO - 执行当前算法开始: random
2025-11-24 17:41:33,920 - INFO - 当前用时 0.00 秒
2025-11-24 17:41:33,920 - INFO - 将种子集 写入位置: /home/wen/pythonspace/data-test/facebook/2025-11-23/seeds-with-facebook/powerlaw_random_seedNum-500_SSRNum-100000.txt
2025-11-24 17:41:33,920 - INFO - 首次生成种子集 degreeTopM
2025-11-24 17:41:33,920 - INFO - 执行当前算法开始: degreeTopM
2025-11-24 17:41:33,922 - INFO - 当前用时 0.00 秒
2025-11-24 17:41:33,922 - INFO - 将种子集 写入位置: /home/wen/pythonspace/data-test/facebook/2025-11-23/seeds-with-facebook/powerlaw_degreeTopM_seedNum-500_SSRNum-100000.txt
2025-11-24 17:41:33,923 - INFO - 首次生成种子集 alpha_sort
2025-11-24 17:41:33,923 - INFO - 执行当前算法开始: alpha_sort
2025-11-24 17:41:33,925 - INFO - 4039 个节点的alpha值降序排序 done
2025-11-24 17:41:33,925 - INFO - ==============>> [(18, 0.14208854173748028), (1603, 0.13954303265519521), (1526, 0.13608761909870887), (3415, 0.13403543507951174), (2406, 0.13184827421404033), (4012, 0.12504873474892417), (3059, 0.12460376002068946), (1760, 0.12449503145758313), (4023, 0.11998468032732015), (292, 0.11965551191453241)]
2025-11-24 17:41:33,925 - INFO - 
选择的种子集 (按alpha排序): [18, 1603, 1526, 3415, 2406, 4012, 3059, 1760, 4023, 292, 11, 1786, 3603, 605, 2575, 1776, 37, 2021, 3676, 12, 3435, 3834, 335, 1764, 3748, 2037, 1696, 1946, 1067, 2754, 15, 3943, 1046, 2612, 287, 4025, 3195, 631, 3865, 1763, 3987, 1750, 1319, 4010, 872, 1767, 3730, 74, 3978, 1837, 692, 2036, 43, 3766, 3139, 3812, 210, 209, 2029, 114, 582, 3342, 2711, 4016, 1808, 952, 404, 3497, 3335, 215, 397, 3495, 1812, 3868, 4035, 316, 205, 916, 233, 256, 762, 2786, 4003, 241, 4008, 47, 1175, 1793, 1789, 881, 2661, 279, 756, 4013, 4034, 1746, 1844, 551, 2670, 183, 244, 3965, 719, 710, 748, 3894, 3986, 2553, 52, 662, 1820, 33, 2006, 3620, 1562, 145, 4036, 2799, 1506, 3725, 4029, 1895, 2421, 216, 282, 2911, 234, 2910, 1044, 3866, 1339, 1240, 3822, 138, 160, 1986, 1541, 812, 3950, 153, 880, 3859, 4030, 1599, 90, 1623, 4032, 3930, 3990, 3885, 1507, 3393, 3710, 35, 255, 267, 3751, 2005, 1889, 3888, 1894, 1920, 70, 2357, 305, 3764, 42, 353, 3821, 1543, 3274, 154, 286, 157, 253, 164, 3272, 1610, 2509, 97, 2377, 294, 1999, 513, 155, 301, 3738, 2367, 1113, 3627, 1888, 3323, 557, 112, 1245, 1072, 336, 3993, 191, 3711, 2528, 738, 1178, 1650, 1032, 1930, 321, 81, 3815, 2299, 3961, 2271, 839, 1604, 182, 179, 3720, 76, 3594, 2882, 71, 3509, 694, 1717, 3713, 3123, 4007, 848, 247, 2580, 385, 2424, 4033, 293, 228, 1550, 1547, 3830, 3350, 390, 207, 1801, 3129, 739, 3352, 3936, 3752, 2361, 2913, 2291, 1714, 3994, 2549, 2481, 3825, 61, 1572, 3434, 3614, 1524, 3762, 1807, 3608, 532, 3891, 1935, 3619, 482, 240, 3969, 4009, 2419, 307, 520, 4026, 202, 3648, 3698, 1933, 3905, 206, 3003, 1829, 488, 2657, 1622, 1678, 2030, 1247, 3678, 4017, 124, 3781, 356, 327, 1698, 3574, 3998, 220, 355, 3960, 289, 2000, 4001, 686, 1548, 869, 3982, 3082, 2011, 1567, 125, 2961, 1732, 262, 996, 4037, 270, 2039, 1996, 1977, 3144, 2023, 3708, 3918, 3796, 3947, 3992, 431, 201, 1341, 3598, 960, 1997, 1137, 1198, 3322, 2014, 3953, 3412, 2038, 508, 2678, 2519, 2982, 1731, 49, 166, 288, 633, 3959, 2116, 152, 517, 354, 3122, 120, 3535, 680, 591, 3166, 174, 3958, 1862, 3383, 3663, 928, 3898, 1708, 2310, 3313, 1509, 2751, 1902, 1849, 34, 1715, 3876, 1810, 190, 2272, 3636, 972, 3857, 3580, 524, 3530, 3158, 3715, 2010, 2601, 1866, 962, 264, 3304, 2928, 235, 941, 3810, 3465, 1065, 3852, 415, 250, 192, 3802, 245, 2004, 781, 1196, 1880, 3368, 46, 2789, 750, 283, 2823, 2531, 2019, 358, 1511, 63, 1636, 2012, 2298, 110, 2818, 380, 27, 193, 1627, 2598, 1143, 787, 543, 2788, 3819, 3499, 2384, 3318, 3701, 3488, 1262, 3014, 3895, 2682, 2337, 4005, 6, 643, 1536, 2877, 1261, 2615, 2446, 147, 1609, 1282, 1738, 3760, 1730, 229, 3491, 2040, 3862, 3659, 3361, 340, 840, 396, 3767, 3933, 3078, 1277, 1947, 2025, 3743, 3700, 2631, 3453, 654, 3820, 1519, 1093, 3861, 3519, 3552, 903, 2345, 2390, 3425, 163, 1007, 1970, 3686, 2950, 832, 3255, 1681, 1797]

2025-11-24 17:41:33,925 - INFO - 当前用时 0.00 秒
2025-11-24 17:41:33,925 - INFO - 将种子集 写入位置: /home/wen/pythonspace/data-test/facebook/2025-11-23/seeds-with-facebook/powerlaw_alpha_sort_seedNum-500_SSRNum-100000.txt
2025-11-24 17:41:33,926 - INFO - 首次生成种子集 importance_sort
2025-11-24 17:41:33,926 - INFO - 执行当前算法开始: importance_sort
2025-11-24 17:41:36,263 - INFO - 
选择的种子集 (按Importance排序): [18, 1603, 1526, 3415, 2406, 4012, 3059, 1760, 4023, 292, 11, 1786, 3603, 605, 2575, 1776, 37, 2021, 3676, 12, 3435, 3834, 335, 1764, 3748, 2037, 1696, 1946, 1067, 2754, 15, 3943, 1046, 2612, 287, 4025, 3195, 631, 3865, 1763, 3987, 1750, 1319, 4010, 872, 1767, 3730, 74, 3978, 1837, 692, 2036, 43, 3766, 3139, 3812, 210, 209, 2029, 114, 582, 3342, 2711, 4016, 1808, 952, 404, 3497, 3335, 215, 397, 3495, 1812, 3868, 4035, 316, 205, 916, 233, 256, 762, 2786, 4003, 241, 4008, 47, 1175, 1793, 1789, 881, 2661, 279, 756, 4013, 4034, 1746, 1844, 551, 2670, 183, 244, 3965, 719, 710, 748, 3894, 3986, 2553, 52, 662, 1820, 33, 2006, 3620, 1562, 145, 4036, 2799, 1506, 3725, 4029, 1895, 2421, 216, 282, 2911, 234, 2910, 1044, 3866, 1339, 1240, 3822, 138, 160, 1986, 1541, 812, 3950, 153, 880, 3859, 4030, 1599, 90, 1623, 4032, 3930, 3990, 3885, 1507, 3393, 3710, 35, 255, 267, 3751, 2005, 1889, 3888, 1894, 1920, 70, 2357, 305, 3764, 42, 353, 3821, 1543, 3274, 154, 286, 157, 253, 164, 3272, 1610, 2509, 97, 2377, 294, 1999, 513, 155, 301, 3738, 2367, 1113, 3627, 1888, 3323, 557, 112, 1245, 1072, 336, 3993, 191, 3711, 2528, 738, 1178, 1650, 1032, 1930, 321, 81, 3815, 2299, 3961, 2271, 839, 1604, 182, 179, 3720, 76, 3594, 2882, 71, 3509, 694, 1717, 3713, 3123, 4007, 848, 247, 2580, 385, 2424, 4033, 293, 228, 1550, 1547, 3830, 3350, 390, 207, 1801, 3129, 739, 3352, 3936, 3752, 2361, 2913, 2291, 1714, 3994, 2549, 2481, 3825, 61, 1572, 3434, 3614, 1524, 3762, 1807, 3608, 532, 3891, 1935, 3619, 482, 240, 3969, 4009, 2419, 307, 520, 4026, 202, 3648, 3698, 1933, 3905, 206, 3003, 1829, 488, 2657, 1622, 1678, 2030, 1247, 3678, 4017, 124, 3781, 356, 327, 1698, 3574, 3998, 220, 355, 3960, 289, 2000, 4001, 686, 1548, 869, 3982, 3082, 2011, 1567, 125, 2961, 1732, 262, 996, 4037, 270, 2039, 1996, 1977, 3144, 2023, 3708, 3918, 3796, 3947, 3992, 431, 201, 1341, 3598, 960, 1997, 1137, 1198, 3322, 2014, 3953, 3412, 2038, 508, 2678, 2519, 2982, 1731, 49, 166, 288, 633, 3959, 2116, 152, 517, 354, 3122, 120, 3535, 680, 591, 3166, 174, 3958, 1862, 3383, 3663, 928, 3898, 1708, 2310, 3313, 1509, 2751, 1902, 1849, 34, 1715, 3876, 1810, 190, 2272, 3636, 972, 3857, 3580, 524, 3530, 3158, 3715, 2010, 2601, 1866, 962, 264, 3304, 2928, 235, 941, 3810, 3465, 1065, 3852, 415, 250, 192, 3802, 245, 2004, 781, 1196, 1880, 3368, 46, 2789, 750, 283, 2823, 2531, 2019, 358, 1511, 63, 1636, 2012, 2298, 110, 2818, 380, 27, 193, 1627, 2598, 1143, 787, 543, 2788, 3819, 3499, 2384, 3318, 3701, 3488, 1262, 3014, 3895, 2682, 2337, 4005, 6, 643, 1536, 2877, 1261, 2615, 2446, 147, 1609, 1282, 1738, 3760, 1730, 229, 3491, 2040, 3862, 3659, 3361, 340, 840, 396, 3767, 3933, 3078, 1277, 1947, 2025, 3743, 3700, 2631, 3453, 654, 3820, 1519, 1093, 3861, 3519, 3552, 903, 2345, 2390, 3425, 163, 1007, 1970, 3686, 2950, 832, 3255, 1681, 1797]

2025-11-24 17:41:36,264 - INFO - 当前用时 2.34 秒
2025-11-24 17:41:36,264 - INFO - 将种子集 写入位置: /home/wen/pythonspace/data-test/facebook/2025-11-23/seeds-with-facebook/powerlaw_importance_sort_seedNum-500_SSRNum-100000.txt
2025-11-24 17:41:36,265 - INFO - 首次生成种子集 ris_coverage
2025-11-24 17:41:36,265 - INFO - 执行当前算法开始: ris_coverage
2025-11-24 17:41:36,385 - INFO - 反向图构建完成，处理了 176468 条边。
2025-11-24 17:41:36,386 - INFO - 图初始化完成，包含 4039 个节点，选择 500 个种子。
2025-11-24 17:41:36,386 - INFO - 
采样次数: 100000, 开始生成 100000 组SSR，使用 2 个并行进程...
2025-11-24 17:43:20,798 - INFO - 100000 个SSR生成完毕。耗时: 104.41 秒。
2025-11-24 17:43:20,805 - INFO - 
开始选择最优的种子节点 (Standard Greedy) ...
2025-11-24 17:43:46,828 - INFO - 最终选择的种子集: [3435, 18, 1760, 1786, 2406, 1526, 12, 3059, 4012, 605, 37, 1946, 3415, 3676, 1067, 2575, 292, 1767, 872, 1603, 287, 1764, 335, 1837, 209, 952, 2612, 1046, 397, 3603, 1319, 692, 2037, 4016, 114, 2754, 3730, 404, 3978, 2029, 3139, 3865, 3987, 582, 3195, 3748, 15, 3335, 4025, 3495, 3834, 1776, 1696, 33, 3868, 205, 47, 2021, 3766, 1763, 3812, 4023, 2036, 3342, 11, 4035, 1808, 210, 215, 4010, 256, 74, 316, 1812, 3497, 1746, 1750, 2910, 4013, 1562, 3943, 2357, 2711, 756, 43, 279, 145, 1844, 1920, 3894, 1793, 4034, 183, 2661, 1895, 1820, 4008, 551, 762, 4003, 267, 3965, 2911, 916, 3950, 3764, 234, 3930, 255, 3888, 662, 748, 157, 2421, 244, 1599, 160, 1541, 286, 631, 305, 3822, 1650, 182, 1044, 1986, 719, 2670, 1506, 90, 2799, 52, 4036, 4032, 3393, 1339, 3986, 4029, 2580, 3725, 353, 3620, 3885, 1113, 1240, 1175, 2553, 3751, 710, 880, 2005, 2006, 2509, 1623, 35, 2377, 1894, 138, 1889, 241, 1507, 3821, 3710, 3274, 557, 694, 216, 1072, 4026, 153, 3352, 1610, 154, 191, 3594, 71, 294, 1543, 881, 1245, 1999, 3509, 233, 1524, 2424, 164, 228, 2528, 3738, 293, 3627, 1930, 42, 321, 1789, 3123, 70, 4007, 812, 3936, 2786, 3272, 3752, 155, 3961, 2481, 3993, 2299, 3129, 3866, 848, 3969, 3720, 1032, 3830, 76, 2291, 839, 2030, 3323, 3859, 385, 1888, 1717, 1698, 1801, 3619, 738, 207, 1714, 3711, 1996, 2367, 3350, 2419, 1935, 3990, 282, 2549, 3796, 97, 247, 3144, 327, 3648, 2913, 1622, 253, 2000, 3003, 1807, 112, 206, 3994, 355, 513, 3608, 3698, 4030, 166, 2039, 61, 869, 3891, 2361, 3825, 336, 1604, 3614, 3678, 4033, 3905, 3713, 240, 220, 633, 1829, 3982, 482, 739, 1572, 2384, 4037, 1137, 201, 81, 3636, 1247, 301, 3947, 2446, 2116, 354, 508, 190, 3958, 1933, 3574, 4009, 781, 3598, 2882, 3898, 390, 3322, 1550, 2004, 431, 1341, 960, 3918, 520, 532, 3122, 3781, 1198, 2310, 3434, 3166, 2961, 3802, 125, 686, 3368, 307, 1678, 2014, 941, 1567, 2023, 3876, 152, 288, 3960, 415, 2982, 1548, 2272, 3959, 63, 524, 2678, 1849, 3815, 488, 996, 1547, 2519, 972, 1277, 1178, 1977, 245, 3313, 2682, 3412, 3530, 3535, 1636, 3857, 1065, 1708, 3488, 3852, 2271, 2601, 289, 1261, 517, 1731, 1947, 2531, 3819, 3919, 3953, 380, 2038, 2928, 2751, 32, 1150, 1732, 1997, 2823, 4017, 1738, 3743, 3762, 3998, 2307, 124, 262, 356, 4005, 250, 1715, 27, 264, 928, 1516, 2818, 202, 750, 3082, 3465, 3708, 147, 120, 1262, 1797, 2019, 3453, 3685, 654, 1810, 2587, 3663, 340, 3933, 962, 1509, 3361, 3763, 903, 1880, 2337, 2631, 2012, 2657, 840, 1007, 1866, 3701, 3991, 229, 2931, 1681, 3014, 3489, 787, 1511, 64, 174, 270, 473, 1186, 102, 3304, 2694, 3810, 2011, 2345, 2380, 3463, 46, 237, 1519, 1553, 1836, 2877, 3374, 3499, 117, 1730, 2788, 2985, 3072, 3686, 235, 317, 2742, 3269, 3715, 3827, 3901, 6, 544, 3820, 3278, 34, 1536, 2010, 2903, 3158, 163, 1093, 2950, 3767, 637, 179, 2024, 2459, 3677, 3760, 591, 2634, 3078, 3580, 344, 832]

2025-11-24 17:43:52,263 - INFO - 当前用时 136.00 秒
2025-11-24 17:43:52,264 - INFO - 将种子集 写入位置: /home/wen/pythonspace/data-test/facebook/2025-11-23/seeds-with-facebook/powerlaw_ris_coverage_seedNum-500_SSRNum-100000.txt
2025-11-24 17:43:52,265 - INFO - 评估种子集: None
2025-11-24 17:43:52,265 - INFO - 评估函数开始
2025-11-24 17:43:52,265 - INFO - 当前模拟次数: [50]

2025-11-24 17:43:52,265 - INFO - 当前评估种子数: 500 ---
2025-11-24 17:43:52,265 - INFO -   Evaluating method: 'random' with 500 seeds.
2025-11-24 17:43:52,265 - INFO -     Running 50 simulations...
2025-11-24 18:45:10,600 - INFO -     Result: E[Users] = 158.7400, Var[Users] = 96.9124, Std_Dev = 9.8444
2025-11-24 18:45:10,608 - INFO -   Evaluating method: 'degreeTopM' with 500 seeds.
2025-11-24 18:45:10,608 - INFO -     Running 50 simulations...
2025-11-24 20:03:18,209 - INFO -     Result: E[Users] = 155.4600, Var[Users] = 121.6084, Std_Dev = 11.0276
2025-11-24 20:03:18,213 - INFO -   Evaluating method: 'alpha_sort' with 500 seeds.
2025-11-24 20:03:18,213 - INFO -     Running 50 simulations...
2025-11-24 20:51:04,365 - INFO -     Result: E[Users] = 165.2200, Var[Users] = 145.5716, Std_Dev = 12.0653
2025-11-24 20:51:04,368 - INFO -   Evaluating method: 'importance_sort' with 500 seeds.
2025-11-24 20:51:04,368 - INFO -     Running 50 simulations...
2025-11-24 21:39:33,577 - INFO -     Result: E[Users] = 163.6800, Var[Users] = 103.8576, Std_Dev = 10.1911
2025-11-24 21:39:33,581 - INFO -   Evaluating method: 'ris_coverage' with 500 seeds.
2025-11-24 21:39:33,582 - INFO -     Running 50 simulations...
