2025-11-23 23:35:31,521 - INFO - 加载数据集: facebook
2025-11-23 23:35:31,524 - INFO - 首次生成度相关概率分布 分布类型: 'powerlaw'.
2025-11-23 23:35:31,524 - INFO - ===> Generating 'Power-law Degree-Aware' distributions...
2025-11-23 23:35:31,527 - INFO - 保存概率分布 文件位置: /home/wen/pythonspace/data-test/facebook/2025-11-23/distribution-in-facebook/distribution-powerlaw_seedNum-512.pkl
2025-11-23 23:35:31,680 - INFO - 首次生成种子集 random
2025-11-23 23:35:31,681 - INFO - 执行当前算法开始: random
2025-11-23 23:35:31,681 - INFO - 当前用时 0.00 秒
2025-11-23 23:35:31,681 - INFO - 将种子集 写入位置: /home/wen/pythonspace/data-test/facebook/2025-11-23/seeds-with-facebook/powerlaw_random_seedNum-512_SSRNum-120000.txt
2025-11-23 23:35:31,682 - INFO - 首次生成种子集 degreeTopM
2025-11-23 23:35:31,682 - INFO - 执行当前算法开始: degreeTopM
2025-11-23 23:35:31,683 - INFO - 当前用时 0.00 秒
2025-11-23 23:35:31,684 - INFO - 将种子集 写入位置: /home/wen/pythonspace/data-test/facebook/2025-11-23/seeds-with-facebook/powerlaw_degreeTopM_seedNum-512_SSRNum-120000.txt
2025-11-23 23:35:31,684 - INFO - 首次生成种子集 alpha_sort
2025-11-23 23:35:31,684 - INFO - 执行当前算法开始: alpha_sort
2025-11-23 23:35:31,687 - INFO - 
选择的种子集 (按alpha排序): [1812, 11, 952, 1776, 3415, 2029, 287, 872, 3868, 3748, 1526, 1319, 3059, 3335, 2711, 3497, 1760, 1837, 1750, 2037, 4035, 2036, 74, 3139, 404, 4016, 43, 1067, 210, 3943, 292, 1603, 3730, 215, 3834, 209, 3195, 582, 1696, 2406, 2612, 3676, 3812, 12, 3987, 216, 3978, 3495, 1767, 4023, 3865, 692, 1895, 1763, 3603, 2021, 37, 397, 3766, 4008, 2575, 279, 4010, 15, 1786, 1046, 4029, 353, 3930, 1946, 1764, 1986, 3342, 2754, 1339, 282, 4034, 3435, 256, 18, 4025, 2553, 3894, 4013, 267, 631, 2911, 605, 4012, 335, 1789, 3627, 1541, 1599, 3965, 1820, 2661, 1793, 3725, 2670, 1808, 3950, 916, 114, 4003, 1507, 710, 812, 3393, 4036, 3986, 70, 1543, 42, 2799, 154, 286, 2481, 2357, 3274, 2913, 2006, 3764, 3434, 234, 160, 33, 3888, 1894, 1524, 532, 3620, 145, 881, 3859, 241, 153, 4030, 1889, 305, 3990, 3129, 3885, 3866, 880, 255, 90, 3614, 1623, 3608, 2377, 748, 52, 3825, 3710, 3352, 316, 1746, 3751, 157, 1650, 1562, 756, 662, 1844, 35, 112, 1044, 719, 2421, 71, 3711, 205, 3830, 2367, 762, 3350, 3815, 1610, 3509, 2299, 1178, 244, 1240, 1506, 179, 551, 1715, 3821, 1622, 2786, 1717, 2271, 253, 3713, 262, 4032, 3994, 240, 3936, 1604, 321, 2678, 1072, 3383, 182, 1550, 3822, 3993, 3953, 233, 3958, 2509, 183, 294, 1175, 1888, 1113, 390, 739, 2549, 3720, 97, 3574, 47, 2910, 2000, 557, 3698, 848, 289, 201, 164, 1548, 3796, 2005, 245, 247, 4007, 4037, 3762, 839, 2928, 1920, 686, 3781, 2789, 2528, 3003, 191, 996, 960, 1807, 2580, 3738, 738, 2424, 81, 513, 680, 2519, 1801, 520, 3272, 3752, 1996, 264, 2384, 1732, 1032, 1947, 694, 207, 49, 3905, 1572, 2291, 4033, 138, 3594, 2039, 3323, 1977, 1714, 1935, 2882, 3598, 1731, 3535, 3701, 3876, 1536, 2657, 228, 1245, 1198, 336, 220, 1902, 781, 962, 3862, 120, 76, 3947, 1375, 270, 206, 1137, 155, 3123, 4017, 972, 1933, 1829, 2631, 3961, 1282, 3313, 34, 508, 4026, 3998, 1930, 3322, 3318, 3895, 1511, 202, 2361, 1698, 3678, 3992, 3425, 1738, 3959, 355, 2663, 4001, 3891, 1547, 1609, 488, 3685, 3636, 2023, 3144, 3580, 2038, 1567, 2982, 3412, 192, 3304, 1247, 385, 619, 293, 2116, 1866, 327, 2010, 2030, 2014, 61, 307, 190, 2961, 340, 3810, 3648, 1678, 2419, 77, 301, 4005, 1880, 46, 1730, 3552, 1999, 125, 3763, 903, 2531, 984, 1797, 750, 354, 415, 1038, 2705, 1150, 431, 3974, 174, 2751, 1261, 356, 2931, 3944, 591, 1636, 3677, 3743, 3082, 380, 3820, 1341, 2298, 482, 3982, 3659, 928, 2011, 3491, 941, 726, 396, 3857, 288, 3767, 124, 3663, 517, 3122, 2601, 832, 193, 283, 64, 3802, 1519, 1997, 3708, 2696, 3700, 2310, 131, 4009, 1649, 3465, 27, 166, 840, 869, 3852, 1196, 2337, 3587, 235, 3384, 637, 1826, 1065, 3368, 3530, 1093, 110, 219, 3619, 2272, 250, 1681, 1277, 1340, 1828, 787, 3960, 3269, 44, 1936, 1143, 2390, 3499, 3981, 1513, 2742, 3255, 2784, 2344, 3686, 95, 3127, 2446, 2682, 1862, 471, 3078, 2975, 1244, 68, 3485, 1849, 3737, 2033, 1553, 2004, 858, 2019, 1516, 2906, 783, 3361, 3166, 3871, 3933, 3924, 237, 2380, 3995, 2967]

2025-11-23 23:35:31,687 - INFO - 当前用时 0.00 秒
2025-11-23 23:35:31,687 - INFO - 将种子集 写入位置: /home/wen/pythonspace/data-test/facebook/2025-11-23/seeds-with-facebook/powerlaw_alpha_sort_seedNum-512_SSRNum-120000.txt
2025-11-23 23:35:31,687 - INFO - 首次生成种子集 importance_sort
2025-11-23 23:35:31,687 - INFO - 执行当前算法开始: importance_sort
2025-11-23 23:35:34,097 - INFO - 
选择的种子集 (按Importance排序): [11, 1812, 287, 952, 1776, 3415, 74, 2029, 872, 210, 3868, 43, 292, 215, 209, 3748, 1526, 1319, 3059, 3335, 216, 2711, 3497, 1760, 1837, 12, 1750, 2037, 4035, 2036, 3139, 404, 4016, 279, 37, 1067, 15, 3943, 1603, 3730, 3834, 3195, 582, 1696, 282, 2406, 2612, 3676, 3812, 256, 18, 267, 3987, 3978, 3495, 1767, 4023, 3865, 692, 335, 1895, 1763, 3603, 2021, 397, 3766, 4008, 2575, 4010, 1786, 1046, 4029, 353, 3930, 1946, 1764, 1986, 114, 3342, 2754, 1339, 4034, 70, 3435, 42, 4025, 2553, 154, 3894, 4013, 286, 631, 2911, 605, 4012, 33, 234, 145, 1789, 160, 241, 3627, 1541, 153, 1599, 3965, 1820, 2661, 305, 1793, 90, 255, 3725, 2670, 52, 1808, 3950, 916, 157, 316, 4003, 1507, 710, 812, 3393, 35, 4036, 112, 3986, 71, 1543, 2799, 205, 2481, 2357, 3274, 179, 244, 2913, 2006, 3764, 3434, 3888, 1894, 1524, 253, 262, 532, 3620, 881, 3859, 240, 4030, 1889, 321, 182, 3990, 3129, 3885, 3866, 880, 3614, 1623, 3608, 2377, 748, 233, 3825, 294, 3710, 3352, 183, 1746, 3751, 97, 289, 201, 47, 1650, 1562, 245, 756, 164, 662, 1844, 247, 1044, 719, 2421, 3711, 3830, 2367, 762, 3350, 3815, 1610, 191, 3509, 2299, 1178, 1240, 1506, 551, 1715, 81, 3821, 1622, 2786, 1717, 2271, 264, 49, 3713, 207, 4032, 3994, 3936, 1604, 138, 220, 336, 2678, 1072, 3383, 1550, 3822, 3993, 228, 3953, 120, 3958, 2509, 76, 206, 1175, 270, 1888, 1113, 390, 739, 2549, 3720, 34, 3574, 155, 2910, 2000, 557, 3698, 848, 202, 1548, 3796, 2005, 4007, 4037, 3762, 839, 192, 2928, 1920, 686, 3781, 2789, 2528, 3003, 996, 960, 1807, 2580, 293, 340, 3738, 738, 327, 2424, 190, 513, 680, 77, 2519, 307, 1801, 520, 61, 3272, 3752, 1996, 2384, 1732, 1032, 1947, 694, 46, 301, 3905, 1572, 2291, 4033, 125, 3594, 2039, 3323, 1977, 1714, 1935, 2882, 3598, 1731, 3535, 3701, 3876, 1536, 2657, 174, 1245, 1198, 1902, 781, 962, 3862, 3947, 1375, 1137, 3123, 4017, 972, 1933, 288, 1829, 2631, 3961, 1282, 3313, 193, 508, 124, 64, 283, 4026, 3998, 131, 1930, 3322, 3318, 3895, 166, 1511, 2361, 1698, 3678, 27, 235, 3992, 3425, 1738, 3959, 355, 2663, 4001, 3891, 219, 1547, 1609, 488, 250, 3685, 110, 44, 3636, 2023, 3144, 3580, 2038, 1567, 2982, 3412, 3304, 1247, 385, 95, 619, 68, 2116, 1866, 2010, 2030, 2014, 2961, 3810, 3648, 1678, 2419, 237, 4005, 1880, 317, 1730, 347, 3552, 1999, 3763, 151, 903, 2531, 984, 63, 86, 1797, 229, 6, 750, 354, 415, 1038, 2705, 102, 1150, 431, 3974, 269, 2751, 1261, 356, 32, 83, 2931, 263, 3944, 259, 591, 1636, 3677, 3743, 3082, 380, 3820, 1341, 2298, 482, 3982, 3659, 928, 2011, 300, 296, 3491, 941, 726, 333, 396, 3857, 3767, 3663, 517, 3122, 2601, 832, 38, 3802, 1519, 1997, 3708, 2696, 3700, 2310, 93, 4009, 1649, 3465, 152, 840, 869, 217, 60, 3852, 1196, 129, 147, 2337, 189, 3587, 126, 3384, 637, 1826, 1065, 3368, 3530, 1093, 3619, 51, 2272, 1681, 1277, 1340, 1828, 787, 3960, 3269, 163, 1936, 1143, 2390, 260, 3499, 3981, 1513, 2742, 3255, 2784, 311]

2025-11-23 23:35:34,098 - INFO - 当前用时 2.41 秒
2025-11-23 23:35:34,098 - INFO - 将种子集 写入位置: /home/wen/pythonspace/data-test/facebook/2025-11-23/seeds-with-facebook/powerlaw_importance_sort_seedNum-512_SSRNum-120000.txt
2025-11-23 23:35:34,099 - INFO - 首次生成种子集 ris_coverage
2025-11-23 23:35:34,099 - INFO - 执行当前算法开始: ris_coverage
2025-11-23 23:35:34,212 - INFO - 反向图构建完成，处理了 176468 条边。
2025-11-23 23:35:34,212 - INFO - 图初始化完成，包含 4039 个节点，选择 512 个种子。
2025-11-23 23:35:34,212 - INFO - 
采样次数: 120000, 开始生成 120000 组SSR，使用 2 个并行进程...
2025-11-23 23:50:13,841 - INFO - 120000 个SSR生成完毕。耗时: 879.13 秒。
2025-11-23 23:50:14,889 - INFO - 
开始选择最优的种子节点 ...
2025-11-24 00:23:35,812 - INFO - 种子节点选择完毕。耗时: 2000.89 秒。
2025-11-24 00:23:40,276 - INFO - 最终选择的种子集: [2849, 511, 1142, 2678, 12, 279, 1237, 1854, 551, 2751, 240, 2274, 1679, 1553, 694, 3746, 3546, 2782, 1808, 3691, 2776, 1051, 3725, 1165, 3912, 1072, 268, 3964, 814, 790, 2711, 353, 130, 1506, 1604, 1193, 1198, 2406, 380, 282, 1866, 2739, 2005, 1806, 3953, 292, 33, 3786, 2943, 928, 3303, 2376, 543, 4005, 2052, 3504, 2961, 3233, 1346, 4010, 3195, 3543, 1812, 1602, 2575, 184, 356, 2380, 2299, 1698, 64, 848, 3107, 2014, 3623, 1875, 3930, 3885, 975, 2514, 3993, 27, 2287, 3784, 2021, 3288, 2059, 1789, 217, 3, 488, 499, 1322, 3497, 960, 76, 3031, 26, 4023, 263, 2979, 3710, 429, 3701, 3779, 253, 32, 550, 1895, 2298, 289, 3817, 1345, 3665, 290, 744, 1805, 55, 154, 2610, 1644, 102, 1610, 2878, 1117, 3157, 1935, 2356, 1038, 2377, 2390, 881, 1031, 2494, 2252, 514, 2661, 3639, 1568, 46, 3729, 716, 3583, 903, 1934, 1708, 3255, 3078, 850, 2857, 359, 1925, 748, 3170, 1124, 134, 2206, 1962, 1248, 3673, 1797, 865, 3574, 3679, 2365, 1277, 1341, 1137, 675, 1354, 2563, 1456, 3551, 220, 1061, 1796, 1581, 2781, 560, 3721, 417, 873, 1844, 340, 1750, 1096, 71, 523, 1820, 1536, 688, 3845, 3629, 2280, 1755, 498, 832, 2799, 573, 3900, 1251, 869, 126, 133, 3887, 3733, 3807, 61, 3350, 1813, 1261, 2026, 1398, 491, 1342, 858, 2093, 260, 2547, 1680, 723, 3720, 3896, 872, 1580, 956, 2504, 1385, 3246, 1254, 2823, 1781, 2268, 2084, 2867, 246, 3249, 757, 730, 3620, 718, 3990, 576, 842, 764, 1013, 2743, 608, 549, 2520, 301, 2985, 2083, 88, 520, 205, 3771, 3981, 1696, 1212, 3704, 3859, 1152, 1913, 1178, 214, 3947, 2885, 836, 554, 198, 3501, 538, 3913, 2650, 645, 1547, 1195, 2928, 1576, 3272, 3544, 1532, 421, 286, 2253, 3466, 531, 69, 3106, 1717, 1526, 1894, 2116, 2830, 3393, 870, 3446, 1909, 121, 1381, 2423, 3637, 1902, 2974, 3114, 2396, 762, 3059, 532, 2688, 1760, 3743, 2122, 2768, 1897, 3254, 2567, 828, 317, 287, 3876, 1726, 341, 2832, 3127, 3259, 2958, 3783, 1804, 4024, 1725, 201, 3326, 215, 1564, 539, 1861, 3539, 1113, 3143, 1467, 1395, 1284, 3010, 1262, 4008, 3185, 1032, 3383, 3978, 1529, 3840, 1887, 833, 3414, 809, 3601, 719, 316, 1064, 3231, 35, 3245, 1852, 1917, 2182, 3111, 1671, 2197, 1494, 3642, 3608, 3009, 2959, 3292, 3647, 3491, 939, 335, 2848, 283, 1667, 3631, 2348, 1846, 887, 1709, 2687, 2360, 281, 611, 11, 1333, 2913, 1513, 2598, 797, 1731, 3754, 3577, 3113, 2076, 2421, 3773, 1721, 2854, 1942, 411, 256, 3274, 524, 87, 1181, 410, 1735, 2371, 1492, 34, 2859, 1516, 2724, 3435, 1120, 3821, 100, 4001, 1338, 3781, 4029, 1444, 3070, 202, 315, 2938, 1332, 2924, 2603, 2599, 4021, 136, 3916, 3595, 3192, 1906, 743, 1599, 2946, 705, 736, 3832, 426, 2587, 2893, 2304, 1186, 2856, 372, 177, 3122, 613, 3594, 206, 2286, 3269, 2737, 3830, 2030, 1285, 972, 950, 2079, 1133, 471, 553, 267, 3108, 3674, 2483, 2432, 1988, 3022, 2309, 1633, 2183, 2935, 874, 916, 1034, 431, 3660, 37, 582, 3419, 1578, 3308, 243, 2792, 2531, 3966, 3000, 2450, 2036, 1770, 448, 2729, 2039, 3910, 1964, 3717, 2535, 1477]

2025-11-24 00:23:54,429 - INFO - 当前用时 2900.33 秒
2025-11-24 00:23:54,456 - INFO - 将种子集 写入位置: /home/wen/pythonspace/data-test/facebook/2025-11-23/seeds-with-facebook/powerlaw_ris_coverage_seedNum-512_SSRNum-120000.txt
2025-11-24 00:23:54,530 - INFO - 评估种子集: None
2025-11-24 00:23:54,531 - INFO - 评估函数开始
2025-11-24 00:23:54,531 - INFO - 当前模拟次数: [500]

2025-11-24 00:23:54,531 - INFO - 当前评估种子数: 512 ---
2025-11-24 00:23:54,531 - INFO -   Evaluating method: 'random' with 512 seeds.
2025-11-24 00:23:54,531 - INFO -     Running 500 simulations...
2025-11-24 00:26:07,613 - INFO -     Result: E[Users] = 190.1420, Var[Users] = 89.6858, Std_Dev = 9.4703
2025-11-24 00:26:08,829 - INFO -   Evaluating method: 'degreeTopM' with 512 seeds.
2025-11-24 00:26:08,829 - INFO -     Running 500 simulations...
2025-11-24 00:28:34,158 - INFO -     Result: E[Users] = 130.6360, Var[Users] = 62.3915, Std_Dev = 7.8988
2025-11-24 00:28:34,194 - INFO -   Evaluating method: 'alpha_sort' with 512 seeds.
2025-11-24 00:28:34,194 - INFO -     Running 500 simulations...
2025-11-24 00:29:43,462 - INFO -     Result: E[Users] = 204.3800, Var[Users] = 118.8716, Std_Dev = 10.9028
2025-11-24 00:29:43,466 - INFO -   Evaluating method: 'importance_sort' with 512 seeds.
2025-11-24 00:29:43,466 - INFO -     Running 500 simulations...
2025-11-24 00:30:50,655 - INFO -     Result: E[Users] = 203.6640, Var[Users] = 122.1671, Std_Dev = 11.0529
2025-11-24 00:30:50,665 - INFO -   Evaluating method: 'ris_coverage' with 512 seeds.
2025-11-24 00:30:50,665 - INFO -     Running 500 simulations...
2025-11-24 00:32:35,876 - INFO -     Result: E[Users] = 200.2520, Var[Users] = 115.3605, Std_Dev = 10.7406
2025-11-24 00:32:35,879 - INFO - 保存评估文件至: /home/wen/pythonspace/data-test/facebook/2025-11-23/E-activated-facebook/distribution-powerlaw/tsd_0.7-0.1-0.2/single_sim_func-AgainReJudge/simuTimes-500_seedNum-512_monteCarloL-10_single_sim_func-AgainReJudge_rrNumSamples-120000.csv
