2025-11-24 14:13:09,680 - INFO - 加载数据集: facebook
2025-11-24 14:13:09,685 - INFO - 首次生成度相关概率分布 分布类型: 'random'.
2025-11-24 14:13:09,685 - INFO - ===> Generating 'Dirichlet' distributions with alpha=[1, 1, 18]...
2025-11-24 14:13:09,687 - INFO - 保存概率分布 文件位置: /home/wen/pythonspace/data-test/facebook/2025-11-23/distribution-in-facebook/distribution-random_seedNum-511.pkl
2025-11-24 14:13:09,836 - INFO - 首次生成种子集 random
2025-11-24 14:13:09,836 - INFO - 执行当前算法开始: random
2025-11-24 14:13:09,837 - INFO - 当前用时 0.00 秒
2025-11-24 14:13:09,837 - INFO - 将种子集 写入位置: /home/wen/pythonspace/data-test/facebook/2025-11-23/seeds-with-facebook/random_random_seedNum-511_SSRNum-120000.txt
2025-11-24 14:13:09,837 - INFO - 首次生成种子集 degreeTopM
2025-11-24 14:13:09,837 - INFO - 执行当前算法开始: degreeTopM
2025-11-24 14:13:09,839 - INFO - 当前用时 0.00 秒
2025-11-24 14:13:09,840 - INFO - 将种子集 写入位置: /home/wen/pythonspace/data-test/facebook/2025-11-23/seeds-with-facebook/random_degreeTopM_seedNum-511_SSRNum-120000.txt
2025-11-24 14:13:09,840 - INFO - 首次生成种子集 alpha_sort
2025-11-24 14:13:09,840 - INFO - 执行当前算法开始: alpha_sort
2025-11-24 14:13:09,842 - INFO - 
选择的种子集 (按alpha排序): [1285, 3739, 1124, 954, 579, 968, 3685, 2264, 2769, 2980, 2696, 1200, 1468, 3627, 3015, 2419, 1600, 2594, 1538, 4004, 1689, 2701, 2331, 3711, 19, 2709, 1833, 466, 1996, 3428, 611, 3024, 2291, 2205, 2518, 3375, 886, 1165, 3806, 1347, 2896, 1455, 1840, 2473, 184, 2749, 1376, 834, 3169, 2873, 1789, 588, 2983, 2304, 2663, 1584, 499, 820, 3046, 3909, 1239, 3095, 1504, 1536, 1497, 197, 3709, 283, 3446, 618, 3405, 851, 2758, 962, 990, 3178, 443, 420, 629, 1069, 2499, 2269, 3525, 3741, 2578, 24, 1585, 590, 2957, 1917, 3797, 2632, 1302, 3099, 4019, 3492, 421, 1128, 814, 3239, 3126, 353, 373, 370, 1126, 287, 1826, 1750, 2934, 3168, 1083, 3091, 2076, 2874, 1419, 1910, 1429, 1893, 2505, 142, 1174, 3501, 993, 1775, 367, 316, 3747, 2609, 2072, 712, 1031, 729, 1075, 1314, 2362, 2044, 627, 2382, 626, 2459, 2046, 3121, 2919, 305, 2700, 1108, 3257, 2472, 3376, 592, 1129, 3040, 456, 1456, 3231, 1339, 3349, 1102, 2211, 1881, 2340, 232, 378, 261, 1759, 3440, 2768, 2048, 300, 2476, 3400, 3193, 1894, 1465, 1416, 1530, 1092, 1086, 49, 1093, 3110, 1540, 2243, 389, 1116, 1795, 2015, 2355, 3751, 922, 3671, 573, 1036, 1443, 1769, 3181, 1869, 3124, 3796, 1564, 3648, 124, 1712, 2971, 3730, 3185, 1913, 1944, 2724, 2007, 2941, 3780, 2598, 1270, 3248, 3674, 3484, 2497, 2816, 2131, 635, 3279, 1842, 4038, 2529, 2370, 1436, 433, 698, 2554, 1567, 3611, 3457, 135, 2271, 1847, 3745, 2868, 1013, 3385, 3472, 2521, 1180, 1785, 20, 1291, 151, 1193, 311, 1229, 218, 2084, 2835, 3383, 2527, 3406, 1085, 1355, 1226, 788, 2008, 209, 2599, 2365, 3738, 1677, 2998, 797, 3174, 901, 3397, 2469, 3219, 2263, 2122, 3281, 1995, 683, 3032, 105, 1368, 2517, 2685, 2670, 382, 2030, 2114, 933, 709, 582, 2753, 3305, 3612, 3296, 789, 4024, 3237, 2732, 3412, 304, 260, 2810, 3588, 1254, 3431, 1671, 1138, 836, 2534, 1614, 2579, 1070, 3802, 571, 196, 1228, 830, 1011, 3017, 1728, 964, 2358, 204, 1570, 2872, 916, 1404, 2265, 2882, 416, 967, 1970, 3600, 3316, 2207, 179, 2262, 2101, 1949, 2336, 2428, 2556, 1993, 2144, 2231, 3464, 1832, 560, 1324, 3821, 684, 231, 2585, 2972, 356, 1203, 890, 3395, 3450, 3835, 2357, 1755, 1968, 3845, 3522, 387, 1224, 2054, 557, 3133, 2434, 3517, 1821, 2523, 2797, 343, 1349, 223, 3841, 1452, 3846, 314, 1350, 3596, 2002, 1699, 1089, 1715, 1438, 3652, 1746, 3060, 2222, 347, 236, 1772, 90, 3052, 9, 2319, 41, 157, 600, 298, 1412, 3770, 2240, 3018, 640, 3792, 3036, 1825, 2999, 1305, 2458, 113, 2712, 1240, 2298, 927, 3226, 2170, 2722, 3201, 1895, 562, 429, 268, 200, 1773, 2171, 3173, 1137, 2351, 497, 2275, 706, 2148, 2990, 3502, 1286, 1607, 3870, 1639, 3977, 3617, 808, 3990, 3591, 166, 3271, 364, 741, 809, 3893, 1491, 1353, 1672, 1044, 1425, 2587, 1351, 1859, 3599, 2817, 1469, 1985, 473, 791, 2802, 678, 3041, 2245, 3984, 3642, 907, 328, 249, 1880, 461, 2842, 1472, 1788, 1460, 1891, 221, 2893, 2674, 1309, 777, 3565, 107, 986, 1661, 312, 3534, 1632, 3839, 219, 1924, 1723, 2847, 156, 3497, 948, 1899, 982, 1706, 1466, 3234, 3852]

2025-11-24 14:13:09,842 - INFO - 当前用时 0.00 秒
2025-11-24 14:13:09,843 - INFO - 将种子集 写入位置: /home/wen/pythonspace/data-test/facebook/2025-11-23/seeds-with-facebook/random_alpha_sort_seedNum-511_SSRNum-120000.txt
2025-11-24 14:13:09,843 - INFO - 首次生成种子集 importance_sort
2025-11-24 14:13:09,843 - INFO - 执行当前算法开始: importance_sort
2025-11-24 14:13:12,693 - INFO - 
选择的种子集 (按Importance排序): [1285, 3739, 1124, 954, 579, 968, 3685, 2264, 2769, 2980, 2696, 19, 1200, 1468, 3627, 3015, 2419, 1600, 2594, 1538, 4004, 1689, 2701, 2331, 3711, 2709, 1833, 466, 1996, 3428, 611, 184, 3024, 2291, 2205, 2518, 3375, 886, 1165, 3806, 1347, 2896, 1455, 1840, 2473, 197, 283, 2749, 1376, 834, 3169, 2873, 1789, 588, 2983, 2304, 24, 2663, 1584, 499, 820, 3046, 3909, 1239, 3095, 1504, 1536, 1497, 3709, 3446, 287, 618, 3405, 851, 2758, 962, 990, 3178, 443, 420, 629, 142, 1069, 2499, 2269, 3525, 3741, 2578, 316, 1585, 590, 2957, 1917, 3797, 2632, 1302, 3099, 4019, 3492, 421, 305, 1128, 814, 3239, 3126, 353, 373, 370, 1126, 1826, 1750, 2934, 3168, 261, 232, 1083, 3091, 2076, 300, 2874, 1419, 1910, 1429, 1893, 2505, 1174, 49, 3501, 993, 1775, 367, 3747, 2609, 2072, 712, 1031, 729, 124, 1075, 1314, 2362, 2044, 627, 2382, 626, 2459, 2046, 3121, 2919, 2700, 1108, 3257, 2472, 3376, 592, 1129, 3040, 456, 1456, 3231, 1339, 3349, 1102, 135, 2211, 1881, 2340, 378, 1759, 3440, 2768, 2048, 2476, 218, 3400, 3193, 20, 1894, 1465, 1416, 311, 151, 1530, 209, 1092, 1086, 1093, 3110, 105, 1540, 2243, 389, 1116, 1795, 2015, 2355, 3751, 922, 3671, 573, 1036, 1443, 1769, 3181, 304, 1869, 3124, 3796, 1564, 3648, 1712, 2971, 3730, 3185, 1913, 1944, 2724, 260, 2007, 2941, 3780, 2598, 1270, 179, 3248, 3674, 3484, 2497, 2816, 204, 196, 2131, 635, 231, 3279, 1842, 4038, 2529, 2370, 1436, 433, 698, 2554, 343, 1567, 3611, 3457, 314, 223, 2271, 1847, 3745, 2868, 1013, 3385, 3472, 236, 347, 2521, 1180, 1785, 157, 298, 9, 1291, 41, 1193, 1229, 113, 2084, 2835, 3383, 90, 2527, 3406, 1085, 1355, 1226, 788, 200, 2008, 2599, 2365, 3738, 1677, 268, 2998, 797, 3174, 901, 3397, 2469, 166, 3219, 2263, 2122, 3281, 1995, 683, 3032, 1368, 2517, 2685, 2670, 382, 2030, 2114, 933, 709, 582, 328, 2753, 3305, 107, 221, 3612, 3296, 789, 4024, 3237, 219, 2732, 3412, 2810, 3588, 1254, 312, 3431, 1671, 1138, 836, 2534, 1614, 2579, 1070, 249, 3802, 571, 1228, 830, 1011, 3017, 156, 1728, 964, 2358, 8, 1570, 227, 2872, 916, 1404, 2265, 2882, 416, 153, 967, 1970, 3600, 3316, 2207, 2262, 2101, 1949, 2336, 2428, 272, 2556, 1993, 2144, 2231, 3464, 1832, 560, 1324, 282, 3821, 684, 2585, 2972, 356, 1203, 890, 3395, 3450, 3835, 2357, 1755, 1968, 3845, 3522, 387, 1224, 2054, 557, 3133, 2434, 3517, 85, 46, 1821, 2523, 2797, 1349, 128, 325, 3841, 1452, 3846, 1350, 3596, 2002, 1699, 1089, 1715, 1438, 3652, 201, 1746, 3060, 76, 273, 2222, 91, 1772, 3052, 150, 2319, 600, 1412, 3770, 2240, 3018, 640, 3792, 3036, 127, 1825, 2999, 1305, 2458, 2712, 1240, 70, 256, 2298, 235, 927, 3226, 2170, 2722, 3201, 1895, 562, 429, 1773, 2171, 3173, 1137, 2351, 497, 2275, 706, 147, 2148, 2990, 3502, 1286, 1607, 3870, 1639, 3977, 3617, 808, 3990, 3591, 3271, 364, 741, 809, 3893, 1491, 1353, 66, 1672, 1044, 1425, 2587, 1351, 1859, 3599, 2817, 1469, 1985, 258, 473, 791, 2802, 678, 3041, 2245, 3984, 3642, 907, 342, 1880, 461, 2842, 1472, 1788, 1460]

2025-11-24 14:13:12,694 - INFO - 当前用时 2.85 秒
2025-11-24 14:13:12,694 - INFO - 将种子集 写入位置: /home/wen/pythonspace/data-test/facebook/2025-11-23/seeds-with-facebook/random_importance_sort_seedNum-511_SSRNum-120000.txt
2025-11-24 14:13:12,695 - INFO - 首次生成种子集 ris_coverage
2025-11-24 14:13:12,695 - INFO - 执行当前算法开始: ris_coverage
2025-11-24 14:13:12,808 - INFO - 反向图构建完成，处理了 176468 条边。
2025-11-24 14:13:12,808 - INFO - 图初始化完成，包含 4039 个节点，选择 511 个种子。
2025-11-24 14:13:12,809 - INFO - 
采样次数: 120000, 开始生成 120000 组SSR，使用 2 个并行进程...
2025-11-24 14:30:41,005 - INFO - 120000 个SSR生成完毕。耗时: 1048.20 秒。
2025-11-24 14:30:41,068 - INFO - 
开始选择最优的种子节点 (Standard Greedy) ...
2025-11-24 14:44:07,435 - INFO - 最终选择的种子集: [1285, 2983, 3015, 3739, 3024, 588, 2896, 1833, 1239, 2873, 1689, 3492, 2980, 2696, 1468, 590, 3627, 954, 851, 2304, 968, 2769, 1416, 1600, 197, 3711, 1031, 3169, 2499, 2957, 1200, 2505, 420, 2264, 3349, 3685, 3185, 1126, 1138, 2709, 3046, 3178, 4004, 1750, 24, 962, 2419, 3405, 814, 1910, 2473, 1585, 579, 283, 3375, 2370, 3806, 3040, 712, 2663, 1347, 2331, 1540, 3121, 3671, 1429, 1376, 19, 2919, 1759, 2529, 1881, 1124, 1775, 990, 1826, 1083, 2701, 261, 2972, 2291, 1355, 2382, 3446, 3709, 573, 3281, 1584, 729, 1996, 2205, 2459, 2072, 640, 1536, 611, 2758, 3239, 124, 3279, 184, 2030, 2262, 3126, 1847, 922, 618, 3600, 443, 2594, 1893, 3428, 834, 3095, 2269, 142, 1314, 3501, 1789, 2101, 1108, 3248, 2076, 1840, 421, 1497, 3617, 1093, 2817, 820, 2007, 218, 3400, 1102, 3522, 626, 1036, 3741, 3257, 4019, 316, 1452, 2874, 766, 20, 1412, 429, 3036, 3745, 353, 2527, 3648, 1302, 389, 1165, 1895, 2971, 3747, 2835, 311, 788, 3017, 2497, 3168, 627, 2579, 1254, 1538, 1240, 3909, 3219, 499, 1755, 1504, 1715, 3565, 629, 2240, 466, 1456, 709, 2476, 1944, 2534, 1677, 3977, 49, 2941, 706, 3201, 2609, 105, 3611, 1224, 2749, 1180, 1368, 3450, 135, 964, 1291, 3385, 2518, 3525, 1751, 1917, 3305, 2469, 2868, 3841, 3412, 836, 2048, 1829, 3218, 2724, 993, 3484, 2015, 3751, 1086, 201, 2310, 557, 1661, 298, 789, 3099, 2211, 179, 3237, 2364, 3844, 2934, 3414, 305, 1270, 1614, 3397, 1769, 1128, 1995, 260, 3491, 635, 886, 3796, 1339, 2556, 3596, 2358, 3041, 1193, 2670, 3193, 1712, 1406, 1305, 1419, 2768, 560, 2632, 3472, 2553, 46, 2051, 1075, 3780, 3642, 347, 2336, 1567, 664, 2340, 581, 2144, 156, 1852, 3317, 166, 530, 1226, 2265, 927, 151, 153, 2810, 3173, 2231, 3674, 1303, 2044, 4020, 1728, 1013, 2517, 1044, 444, 2434, 1993, 3440, 3852, 3395, 1137, 2893, 597, 2067, 3475, 2554, 268, 1597, 1228, 2882, 2953, 3174, 2970, 3695, 2678, 3469, 830, 1092, 1164, 1069, 1880, 1615, 2412, 3925, 967, 50, 3073, 1564, 3465, 2520, 2263, 3827, 809, 3677, 234, 3231, 3332, 3994, 1719, 1011, 1931, 300, 1085, 943, 1894, 3893, 2700, 1309, 287, 2458, 916, 55, 3464, 3091, 1924, 735, 3787, 2357, 2587, 3158, 3770, 3181, 436, 3383, 227, 3905, 592, 2598, 3517, 424, 391, 2877, 3060, 1537, 4038, 128, 3632, 684, 3457, 1639, 1491, 1785, 2674, 2362, 3497, 867, 3819, 2319, 1510, 2399, 2271, 2788, 3802, 354, 2353, 3067, 1875, 1095, 3898, 3295, 456, 204, 1706, 3683, 594, 901, 219, 2221, 932, 2872, 1436, 2063, 70, 276, 1966, 3825, 524, 3854, 3148, 2002, 2421, 2372, 3296, 1472, 1717, 406, 3846, 231, 2924, 1797, 3052, 2014, 1788, 988, 221, 2994, 887, 2122, 3922, 3730, 741, 2148, 3599, 152, 1286, 2950, 3532, 1724, 3588, 3105, 2548, 1465, 890, 1688, 3402, 1174, 1570, 2847, 576, 1825, 650, 2131, 2466, 1068, 1353, 972, 2585, 3738, 2582, 3901, 364, 433, 3269, 1741, 2298, 3318, 3792, 1629, 986, 3277, 3788, 208, 2716, 387, 1350, 2999, 1723, 2936, 3652, 1058, 1970, 2736, 1144, 3989, 196, 1074, 314, 1530, 3124, 1455, 2033, 1519, 209, 2732, 2708, 1357, 1856, 66]

2025-11-24 14:44:22,223 - INFO - 当前用时 1869.53 秒
2025-11-24 14:44:22,257 - INFO - 将种子集 写入位置: /home/wen/pythonspace/data-test/facebook/2025-11-23/seeds-with-facebook/random_ris_coverage_seedNum-511_SSRNum-120000.txt
2025-11-24 14:44:22,268 - INFO - 评估种子集: None
2025-11-24 14:44:22,269 - INFO - 评估函数开始
2025-11-24 14:44:22,269 - INFO - 当前模拟次数: [500]

2025-11-24 14:44:22,269 - INFO - 当前评估种子数: 511 ---
2025-11-24 14:44:22,269 - INFO -   Evaluating method: 'random' with 511 seeds.
2025-11-24 14:44:22,269 - INFO -     Running 500 simulations...
2025-11-24 14:48:49,446 - INFO -     Result: E[Users] = 258.7940, Var[Users] = 129.7636, Std_Dev = 11.3914
2025-11-24 14:48:49,557 - INFO -   Evaluating method: 'degreeTopM' with 511 seeds.
2025-11-24 14:48:49,558 - INFO -     Running 500 simulations...
2025-11-24 14:53:54,919 - INFO -     Result: E[Users] = 251.7900, Var[Users] = 117.0499, Std_Dev = 10.8190
2025-11-24 14:53:54,923 - INFO -   Evaluating method: 'alpha_sort' with 511 seeds.
2025-11-24 14:53:54,923 - INFO -     Running 500 simulations...
2025-11-24 14:58:02,705 - INFO -     Result: E[Users] = 282.4000, Var[Users] = 105.2680, Std_Dev = 10.2600
2025-11-24 14:58:02,709 - INFO -   Evaluating method: 'importance_sort' with 511 seeds.
2025-11-24 14:58:02,709 - INFO -     Running 500 simulations...
2025-11-24 15:02:03,725 - INFO -     Result: E[Users] = 281.9780, Var[Users] = 115.4015, Std_Dev = 10.7425
2025-11-24 15:02:03,729 - INFO -   Evaluating method: 'ris_coverage' with 511 seeds.
2025-11-24 15:02:03,729 - INFO -     Running 500 simulations...
2025-11-24 15:06:09,783 - INFO -     Result: E[Users] = 279.3640, Var[Users] = 122.0355, Std_Dev = 11.0470
2025-11-24 15:06:09,787 - INFO - 保存评估文件至: /home/wen/pythonspace/data-test/facebook/2025-11-23/E-activated-facebook/distribution-random_simuTimes-500_seedNum-511_monteCarloL-10_rrNumSamples-120000.csv
