2025-11-02 16:36:26,774 - INFO - 加载数据集: Wellesley
2025-11-02 16:36:26,778 - INFO - 首次生成度相关概率分布 分布类型: 'powerlaw'.
2025-11-02 16:36:26,778 - INFO - ===> 使用幂律分布生成四种分布
2025-11-02 16:36:26,780 - INFO - 保存概率分布 文件位置: /home/wen/pythonspace/data-test/Wellesley/distribution-in-Wellesley/distribution-powerlaw_seedNum-100.pkl
2025-11-02 16:36:26,865 - INFO - 首次生成种子集 random
2025-11-02 16:36:26,865 - INFO - 执行当前算法开始: random
2025-11-02 16:36:26,865 - INFO - 当前用时 0.00 秒
2025-11-02 16:36:26,865 - INFO - 将种子集 写入位置: /home/wen/pythonspace/data-test/Wellesley/seeds-with-Wellesley/distribution-powerlaw_random_seedNum-100.txt
2025-11-02 16:36:26,866 - INFO - 首次生成种子集 degreeTopM
2025-11-02 16:36:26,866 - INFO - 执行当前算法开始: degreeTopM
2025-11-02 16:36:26,868 - INFO - 当前用时 0.00 秒
2025-11-02 16:36:26,868 - INFO - 将种子集 写入位置: /home/wen/pythonspace/data-test/Wellesley/seeds-with-Wellesley/distribution-powerlaw_degreeTopM_seedNum-100.txt
2025-11-02 16:36:26,868 - INFO - 首次生成种子集 ris_coverage
2025-11-02 16:36:26,868 - INFO - 执行当前算法开始: ris_coverage
2025-11-02 16:38:59,743 - INFO - 当前用时 152.87 秒
2025-11-02 16:38:59,743 - INFO - 将种子集 写入位置: /home/wen/pythonspace/data-test/Wellesley/seeds-with-Wellesley/distribution-powerlaw_ris_coverage_seedNum-100.txt
2025-11-02 16:38:59,744 - INFO - 评估种子集: None
2025-11-02 16:38:59,744 - INFO - 评估函数开始
2025-11-02 16:38:59,744 - INFO - 当前模拟次数: [5]

2025-11-02 16:38:59,744 - INFO - 当前评估种子数: 100 ---
2025-11-02 16:38:59,744 - INFO -   Evaluating method: 'random' with 100 seeds.
2025-11-02 16:38:59,744 - INFO -     Running 5 simulations...
2025-11-02 16:38:59,744 - INFO - 		当前模拟轮次: 0
2025-11-02 16:38:59,752 - INFO - 		当前模拟轮次: 1
2025-11-02 16:38:59,757 - INFO - 		当前模拟轮次: 2
2025-11-02 16:38:59,762 - INFO - 		当前模拟轮次: 3
2025-11-02 16:38:59,767 - INFO - 		当前模拟轮次: 4
2025-11-02 16:38:59,772 - INFO -     Result: E[Users] = 50.8000, Var[Users] = 18.1600, Std_Dev = 4.2615
2025-11-02 16:38:59,776 - INFO -   Evaluating method: 'degreeTopM' with 100 seeds.
2025-11-02 16:38:59,776 - INFO -     Running 5 simulations...
2025-11-02 16:38:59,776 - INFO - 		当前模拟轮次: 0
2025-11-02 16:38:59,780 - INFO - 		当前模拟轮次: 1
2025-11-02 16:38:59,787 - INFO - 		当前模拟轮次: 2
2025-11-02 16:38:59,791 - INFO - 		当前模拟轮次: 3
2025-11-02 16:38:59,797 - INFO - 		当前模拟轮次: 4
2025-11-02 16:38:59,802 - INFO -     Result: E[Users] = 49.2000, Var[Users] = 9.7600, Std_Dev = 3.1241
2025-11-02 16:38:59,804 - INFO -   Evaluating method: 'ris_coverage' with 100 seeds.
2025-11-02 16:38:59,804 - INFO -     Running 5 simulations...
2025-11-02 16:38:59,804 - INFO - 		当前模拟轮次: 0
2025-11-02 16:38:59,809 - INFO - 		当前模拟轮次: 1
2025-11-02 16:38:59,815 - INFO - 		当前模拟轮次: 2
2025-11-02 16:38:59,819 - INFO - 		当前模拟轮次: 3
2025-11-02 16:38:59,824 - INFO - 		当前模拟轮次: 4
2025-11-02 16:38:59,831 - INFO -     Result: E[Users] = 52.6000, Var[Users] = 23.4400, Std_Dev = 4.8415
2025-11-02 16:38:59,832 - INFO - 保存评估文件至: /home/wen/pythonspace/data-test/Wellesley/E-activated-Wellesley/distribution-powerlaw/tsd_10.0-10.0-10.0/single_sim_func-AgainReJudge/simuTimes-5_seedNum-100_monteCarloL-15_single_sim_func-AgainReJudge_rrNumSamples-600000.csv
2025-11-02 16:38:59,833 - INFO - 加载数据集: Wellesley
2025-11-02 16:38:59,835 - INFO - 首次生成度相关概率分布 分布类型: 'powerlaw'.
2025-11-02 16:38:59,835 - INFO - ===> 使用幂律分布生成四种分布
2025-11-02 16:38:59,839 - INFO - 保存概率分布 文件位置: /home/wen/pythonspace/data-test/Wellesley/distribution-in-Wellesley/distribution-powerlaw_seedNum-130.pkl
2025-11-02 16:38:59,926 - INFO - 首次生成种子集 random
2025-11-02 16:38:59,926 - INFO - 执行当前算法开始: random
2025-11-02 16:38:59,926 - INFO - 当前用时 0.00 秒
2025-11-02 16:38:59,926 - INFO - 将种子集 写入位置: /home/wen/pythonspace/data-test/Wellesley/seeds-with-Wellesley/distribution-powerlaw_random_seedNum-130.txt
2025-11-02 16:38:59,926 - INFO - 首次生成种子集 degreeTopM
2025-11-02 16:38:59,926 - INFO - 执行当前算法开始: degreeTopM
2025-11-02 16:38:59,928 - INFO - 当前用时 0.00 秒
2025-11-02 16:38:59,928 - INFO - 将种子集 写入位置: /home/wen/pythonspace/data-test/Wellesley/seeds-with-Wellesley/distribution-powerlaw_degreeTopM_seedNum-130.txt
2025-11-02 16:38:59,928 - INFO - 首次生成种子集 ris_coverage
2025-11-02 16:38:59,928 - INFO - 执行当前算法开始: ris_coverage
2025-11-02 16:41:35,882 - INFO - 当前用时 155.95 秒
2025-11-02 16:41:35,883 - INFO - 将种子集 写入位置: /home/wen/pythonspace/data-test/Wellesley/seeds-with-Wellesley/distribution-powerlaw_ris_coverage_seedNum-130.txt
2025-11-02 16:41:35,883 - INFO - 评估种子集: None
2025-11-02 16:41:35,883 - INFO - 评估函数开始
2025-11-02 16:41:35,883 - INFO - 当前模拟次数: [5]

2025-11-02 16:41:35,883 - INFO - 当前评估种子数: 130 ---
2025-11-02 16:41:35,883 - INFO -   Evaluating method: 'random' with 130 seeds.
2025-11-02 16:41:35,883 - INFO -     Running 5 simulations...
2025-11-02 16:41:35,883 - INFO - 		当前模拟轮次: 0
2025-11-02 16:41:35,890 - INFO - 		当前模拟轮次: 1
2025-11-02 16:41:35,896 - INFO - 		当前模拟轮次: 2
2025-11-02 16:41:35,902 - INFO - 		当前模拟轮次: 3
2025-11-02 16:41:35,909 - INFO - 		当前模拟轮次: 4
2025-11-02 16:41:35,914 - INFO -     Result: E[Users] = 59.4000, Var[Users] = 21.0400, Std_Dev = 4.5869
2025-11-02 16:41:35,917 - INFO -   Evaluating method: 'degreeTopM' with 130 seeds.
2025-11-02 16:41:35,917 - INFO -     Running 5 simulations...
2025-11-02 16:41:35,917 - INFO - 		当前模拟轮次: 0
2025-11-02 16:41:35,924 - INFO - 		当前模拟轮次: 1
2025-11-02 16:41:35,930 - INFO - 		当前模拟轮次: 2
2025-11-02 16:41:35,935 - INFO - 		当前模拟轮次: 3
2025-11-02 16:41:35,941 - INFO - 		当前模拟轮次: 4
2025-11-02 16:41:35,947 - INFO -     Result: E[Users] = 62.8000, Var[Users] = 22.5600, Std_Dev = 4.7497
2025-11-02 16:41:35,948 - INFO -   Evaluating method: 'ris_coverage' with 130 seeds.
2025-11-02 16:41:35,948 - INFO -     Running 5 simulations...
2025-11-02 16:41:35,948 - INFO - 		当前模拟轮次: 0
2025-11-02 16:41:35,955 - INFO - 		当前模拟轮次: 1
2025-11-02 16:41:35,962 - INFO - 		当前模拟轮次: 2
2025-11-02 16:41:35,970 - INFO - 		当前模拟轮次: 3
2025-11-02 16:41:35,980 - INFO - 		当前模拟轮次: 4
2025-11-02 16:41:35,988 - INFO -     Result: E[Users] = 62.8000, Var[Users] = 48.1600, Std_Dev = 6.9397
2025-11-02 16:41:35,989 - INFO - 保存评估文件至: /home/wen/pythonspace/data-test/Wellesley/E-activated-Wellesley/distribution-powerlaw/tsd_10.0-10.0-10.0/single_sim_func-AgainReJudge/simuTimes-5_seedNum-130_monteCarloL-15_single_sim_func-AgainReJudge_rrNumSamples-600000.csv
2025-11-02 16:41:35,990 - INFO - 加载数据集: Wellesley
2025-11-02 16:41:35,992 - INFO - 首次生成度相关概率分布 分布类型: 'powerlaw'.
2025-11-02 16:41:35,992 - INFO - ===> 使用幂律分布生成四种分布
2025-11-02 16:41:35,994 - INFO - 保存概率分布 文件位置: /home/wen/pythonspace/data-test/Wellesley/distribution-in-Wellesley/distribution-powerlaw_seedNum-160.pkl
2025-11-02 16:41:36,079 - INFO - 首次生成种子集 random
2025-11-02 16:41:36,079 - INFO - 执行当前算法开始: random
2025-11-02 16:41:36,079 - INFO - 当前用时 0.00 秒
2025-11-02 16:41:36,079 - INFO - 将种子集 写入位置: /home/wen/pythonspace/data-test/Wellesley/seeds-with-Wellesley/distribution-powerlaw_random_seedNum-160.txt
2025-11-02 16:41:36,079 - INFO - 首次生成种子集 degreeTopM
2025-11-02 16:41:36,080 - INFO - 执行当前算法开始: degreeTopM
2025-11-02 16:41:36,081 - INFO - 当前用时 0.00 秒
2025-11-02 16:41:36,081 - INFO - 将种子集 写入位置: /home/wen/pythonspace/data-test/Wellesley/seeds-with-Wellesley/distribution-powerlaw_degreeTopM_seedNum-160.txt
2025-11-02 16:41:36,082 - INFO - 首次生成种子集 ris_coverage
2025-11-02 16:41:36,082 - INFO - 执行当前算法开始: ris_coverage
2025-11-02 16:44:13,136 - INFO - 当前用时 157.05 秒
2025-11-02 16:44:13,137 - INFO - 将种子集 写入位置: /home/wen/pythonspace/data-test/Wellesley/seeds-with-Wellesley/distribution-powerlaw_ris_coverage_seedNum-160.txt
2025-11-02 16:44:13,137 - INFO - 评估种子集: None
2025-11-02 16:44:13,137 - INFO - 评估函数开始
2025-11-02 16:44:13,137 - INFO - 当前模拟次数: [5]

2025-11-02 16:44:13,137 - INFO - 当前评估种子数: 160 ---
2025-11-02 16:44:13,137 - INFO -   Evaluating method: 'random' with 160 seeds.
2025-11-02 16:44:13,137 - INFO -     Running 5 simulations...
2025-11-02 16:44:13,138 - INFO - 		当前模拟轮次: 0
2025-11-02 16:44:13,148 - INFO - 		当前模拟轮次: 1
2025-11-02 16:44:13,155 - INFO - 		当前模拟轮次: 2
2025-11-02 16:44:13,162 - INFO - 		当前模拟轮次: 3
2025-11-02 16:44:13,170 - INFO - 		当前模拟轮次: 4
2025-11-02 16:44:13,179 - INFO -     Result: E[Users] = 85.8000, Var[Users] = 50.5600, Std_Dev = 7.1106
2025-11-02 16:44:13,181 - INFO -   Evaluating method: 'degreeTopM' with 160 seeds.
2025-11-02 16:44:13,181 - INFO -     Running 5 simulations...
2025-11-02 16:44:13,181 - INFO - 		当前模拟轮次: 0
2025-11-02 16:44:13,188 - INFO - 		当前模拟轮次: 1
2025-11-02 16:44:13,196 - INFO - 		当前模拟轮次: 2
2025-11-02 16:44:13,202 - INFO - 		当前模拟轮次: 3
2025-11-02 16:44:13,211 - INFO - 		当前模拟轮次: 4
2025-11-02 16:44:13,216 - INFO -     Result: E[Users] = 75.8000, Var[Users] = 24.1600, Std_Dev = 4.9153
2025-11-02 16:44:13,218 - INFO -   Evaluating method: 'ris_coverage' with 160 seeds.
2025-11-02 16:44:13,218 - INFO -     Running 5 simulations...
2025-11-02 16:44:13,218 - INFO - 		当前模拟轮次: 0
2025-11-02 16:44:13,228 - INFO - 		当前模拟轮次: 1
2025-11-02 16:44:13,237 - INFO - 		当前模拟轮次: 2
2025-11-02 16:44:13,246 - INFO - 		当前模拟轮次: 3
2025-11-02 16:44:13,254 - INFO - 		当前模拟轮次: 4
2025-11-02 16:44:13,264 - INFO -     Result: E[Users] = 83.0000, Var[Users] = 27.2000, Std_Dev = 5.2154
2025-11-02 16:44:13,266 - INFO - 保存评估文件至: /home/wen/pythonspace/data-test/Wellesley/E-activated-Wellesley/distribution-powerlaw/tsd_10.0-10.0-10.0/single_sim_func-AgainReJudge/simuTimes-5_seedNum-160_monteCarloL-15_single_sim_func-AgainReJudge_rrNumSamples-600000.csv
2025-11-02 16:44:13,267 - INFO - 加载数据集: Wellesley
2025-11-02 16:44:13,269 - INFO - 首次生成度相关概率分布 分布类型: 'powerlaw'.
2025-11-02 16:44:13,269 - INFO - ===> 使用幂律分布生成四种分布
2025-11-02 16:44:13,271 - INFO - 保存概率分布 文件位置: /home/wen/pythonspace/data-test/Wellesley/distribution-in-Wellesley/distribution-powerlaw_seedNum-190.pkl
2025-11-02 16:44:13,360 - INFO - 首次生成种子集 random
2025-11-02 16:44:13,360 - INFO - 执行当前算法开始: random
2025-11-02 16:44:13,360 - INFO - 当前用时 0.00 秒
2025-11-02 16:44:13,360 - INFO - 将种子集 写入位置: /home/wen/pythonspace/data-test/Wellesley/seeds-with-Wellesley/distribution-powerlaw_random_seedNum-190.txt
2025-11-02 16:44:13,360 - INFO - 首次生成种子集 degreeTopM
2025-11-02 16:44:13,360 - INFO - 执行当前算法开始: degreeTopM
2025-11-02 16:44:13,362 - INFO - 当前用时 0.00 秒
2025-11-02 16:44:13,362 - INFO - 将种子集 写入位置: /home/wen/pythonspace/data-test/Wellesley/seeds-with-Wellesley/distribution-powerlaw_degreeTopM_seedNum-190.txt
2025-11-02 16:44:13,363 - INFO - 首次生成种子集 ris_coverage
2025-11-02 16:44:13,363 - INFO - 执行当前算法开始: ris_coverage
2025-11-02 16:46:55,153 - INFO - 当前用时 161.79 秒
2025-11-02 16:46:55,154 - INFO - 将种子集 写入位置: /home/wen/pythonspace/data-test/Wellesley/seeds-with-Wellesley/distribution-powerlaw_ris_coverage_seedNum-190.txt
2025-11-02 16:46:55,154 - INFO - 评估种子集: None
2025-11-02 16:46:55,154 - INFO - 评估函数开始
2025-11-02 16:46:55,154 - INFO - 当前模拟次数: [5]

2025-11-02 16:46:55,154 - INFO - 当前评估种子数: 190 ---
2025-11-02 16:46:55,154 - INFO -   Evaluating method: 'random' with 190 seeds.
2025-11-02 16:46:55,154 - INFO -     Running 5 simulations...
2025-11-02 16:46:55,154 - INFO - 		当前模拟轮次: 0
2025-11-02 16:46:55,164 - INFO - 		当前模拟轮次: 1
2025-11-02 16:46:55,172 - INFO - 		当前模拟轮次: 2
2025-11-02 16:46:55,179 - INFO - 		当前模拟轮次: 3
2025-11-02 16:46:55,189 - INFO - 		当前模拟轮次: 4
2025-11-02 16:46:55,198 - INFO -     Result: E[Users] = 95.8000, Var[Users] = 73.3600, Std_Dev = 8.5650
2025-11-02 16:46:55,200 - INFO -   Evaluating method: 'degreeTopM' with 190 seeds.
2025-11-02 16:46:55,200 - INFO -     Running 5 simulations...
2025-11-02 16:46:55,200 - INFO - 		当前模拟轮次: 0
2025-11-02 16:46:55,211 - INFO - 		当前模拟轮次: 1
2025-11-02 16:46:55,218 - INFO - 		当前模拟轮次: 2
2025-11-02 16:46:55,226 - INFO - 		当前模拟轮次: 3
2025-11-02 16:46:55,236 - INFO - 		当前模拟轮次: 4
2025-11-02 16:46:55,244 - INFO -     Result: E[Users] = 96.2000, Var[Users] = 13.3600, Std_Dev = 3.6551
2025-11-02 16:46:55,245 - INFO -   Evaluating method: 'ris_coverage' with 190 seeds.
2025-11-02 16:46:55,245 - INFO -     Running 5 simulations...
2025-11-02 16:46:55,245 - INFO - 		当前模拟轮次: 0
2025-11-02 16:46:55,255 - INFO - 		当前模拟轮次: 1
2025-11-02 16:46:55,264 - INFO - 		当前模拟轮次: 2
2025-11-02 16:46:55,274 - INFO - 		当前模拟轮次: 3
2025-11-02 16:46:55,285 - INFO - 		当前模拟轮次: 4
2025-11-02 16:46:55,294 - INFO -     Result: E[Users] = 95.0000, Var[Users] = 8.0000, Std_Dev = 2.8284
2025-11-02 16:46:55,295 - INFO - 保存评估文件至: /home/wen/pythonspace/data-test/Wellesley/E-activated-Wellesley/distribution-powerlaw/tsd_10.0-10.0-10.0/single_sim_func-AgainReJudge/simuTimes-5_seedNum-190_monteCarloL-15_single_sim_func-AgainReJudge_rrNumSamples-600000.csv
