2026-03-06 12:27:01,066 - INFO - 加载数据集: facebook
2026-03-06 12:27:01,067 - INFO - --- 矩阵分析 ---
2026-03-06 12:27:01,068 - INFO - 节点数 (N): 4039
2026-03-06 12:27:01,068 - INFO - 边数 (E): 176468
2026-03-06 12:27:01,068 - INFO - 密度 (Density): 0.01081728 (越小越稀疏)
2026-03-06 12:27:01,068 - INFO - 稀疏度 (Sparsity): 0.98918272 (越接近1越稀疏)
2026-03-06 12:27:01,068 - INFO - 平均度数 (Avg Degree): 43.69
2026-03-06 12:27:01,068 - INFO - >>> 正在注入完美对抗属性（验证三条定理）...
2026-03-06 12:27:01,114 - INFO - 首次生成种子集 random
2026-03-06 12:27:01,114 - INFO - 执行当前算法开始: random
2026-03-06 12:27:01,114 - INFO - 数据集节点总数:  n = 4039, m = 50
2026-03-06 12:27:01,114 - INFO - 选择 50  [136, 3365, 1893, 499, 2157, 2718, 1167, 1094, 3059, 3989, 56, 4022, 2730, 1510, 2131, 3272, 1786, 91, 3706, 1724, 584, 1739, 1711, 3812, 559, 1689, 1235, 3399, 2837, 1620, 1135, 2666, 2286, 1851, 2078, 1206, 3359, 3840, 3886, 3650, 1555, 2399, 2064, 3525, 2308, 1354, 763, 3336, 283, 3658]

2026-03-06 12:27:01,114 - INFO - 当前用时 0.00 秒
2026-03-06 12:27:01,115 - INFO - 将种子集 写入位置: /home/wen/work/coup_spread/facebook/2026-3-7/seeds-with-facebook/random_random_seedNum-50_SSRNum-50000.txt
2026-03-06 12:27:01,115 - INFO - 首次生成种子集 degreeTopM
2026-03-06 12:27:01,115 - INFO - 执行当前算法开始: degreeTopM
2026-03-06 12:27:01,115 - INFO - 依据: 选择连接数（度数）最多的节点。
2026-03-06 12:27:01,116 - INFO - 选择的 Top M 节点及其度数:
2026-03-06 12:27:01,116 - INFO - 
2026-03-06 12:27:01,117 - INFO - 当前用时 0.00 秒
2026-03-06 12:27:01,117 - INFO - 将种子集 写入位置: /home/wen/work/coup_spread/facebook/2026-3-7/seeds-with-facebook/random_degreeTopM_seedNum-50_SSRNum-50000.txt
2026-03-06 12:27:01,117 - INFO - 首次生成种子集 pageRank
2026-03-06 12:27:01,117 - INFO - 执行当前算法开始: pageRank
2026-03-06 12:27:01,117 - INFO - --- Running: PageRank (on tranProMatrix) Top M ---
2026-03-06 12:27:01,850 - INFO - Selected PageRank seeds: [1821, 107, 351, 0, 352, 348, 1831, 1827, 349, 1843, 366, 2088, 362, 2130, 56, 25, 1973, 322, 365, 350, 67, 3626, 3226, 1858, 271, 371, 403, 119, 3581, 3946, 277, 1373, 1285, 3634, 21, 26, 1850, 1490, 2508, 252, 1573, 838, 2188, 378, 1149, 2806, 3559, 1215, 122, 572]
2026-03-06 12:27:01,851 - INFO - 当前用时 0.73 秒
2026-03-06 12:27:01,851 - INFO - 将种子集 写入位置: /home/wen/work/coup_spread/facebook/2026-3-7/seeds-with-facebook/random_pageRank_seedNum-50_SSRNum-50000.txt
2026-03-06 12:27:01,851 - INFO - 首次生成种子集 alpha_sort
2026-03-06 12:27:01,851 - INFO - 执行当前算法开始: alpha_sort
2026-03-06 12:27:01,852 - INFO - 4039 个节点的alpha值降序排序 done
2026-03-06 12:27:01,852 - INFO - ==============>> [(3637, np.float64(0.3)), (3638, np.float64(0.3)), (3639, np.float64(0.3)), (3640, np.float64(0.3)), (3641, np.float64(0.3)), (3642, np.float64(0.3)), (3643, np.float64(0.3)), (3644, np.float64(0.3)), (3645, np.float64(0.3)), (3646, np.float64(0.3))]
2026-03-06 12:27:01,852 - INFO - 
选择的种子集 (按alpha排序): [3637, 3638, 3639, 3640, 3641, 3642, 3643, 3644, 3645, 3646, 3647, 3648, 3649, 3650, 3651, 3652, 3653, 3654, 3655, 3656, 3657, 3658, 3659, 3660, 3661, 3662, 3663, 3664, 3665, 3666, 3667, 3668, 3669, 3670, 3671, 3672, 3673, 3674, 3675, 3676, 3677, 3678, 3679, 3680, 3681, 3682, 3683, 3684, 3685, 3686]

2026-03-06 12:27:01,852 - INFO - 当前用时 0.00 秒
2026-03-06 12:27:01,852 - INFO - 将种子集 写入位置: /home/wen/work/coup_spread/facebook/2026-3-7/seeds-with-facebook/random_alpha_sort_seedNum-50_SSRNum-50000.txt
2026-03-06 12:27:01,852 - INFO - 首次生成种子集 ris_optimized
2026-03-06 12:27:01,852 - INFO - 执行当前算法开始: ris_optimized
2026-03-06 12:27:02,074 - INFO - 图初始化完成，节点数: 4039，当前模式: 优化采样
2026-03-06 12:27:02,074 - INFO - 开始生成 50000 组多重RR-Set...
2026-03-06 12:27:46,322 - INFO - 生成完毕。耗时: 44.25 秒。
2026-03-06 12:27:46,338 - INFO - 开始基于多重RR集贪心选择最优种子...
2026-03-06 12:27:47,917 - INFO - 选种完毕。耗时: 1.58 秒。估算范围: 94.49
2026-03-06 12:27:48,199 - INFO - 当前用时 46.35 秒
2026-03-06 12:27:48,200 - INFO - 将种子集 写入位置: /home/wen/work/coup_spread/facebook/2026-3-7/seeds-with-facebook/random_ris_optimized_seedNum-50_SSRNum-50000.txt
2026-03-06 12:27:48,200 - INFO - 首次生成种子集 monterCarlo_CELF
2026-03-06 12:27:48,200 - INFO - 执行当前算法开始: monterCarlo_CELF
2026-03-06 12:27:48,200 - INFO - --- Running: CELF Greedy Monte Carlo (Sims=100) ---
2026-03-06 12:27:48,200 - INFO - Step 0: 初始化所有节点的边际增益...
2026-03-06 12:28:49,622 - INFO - Seed 1: 135, Spread: 1.00
2026-03-06 12:29:05,255 - INFO - Seed 2: 3095, Gain: 0.97, Total: 1.97
2026-03-06 12:29:05,464 - INFO - Seed 3: 1658, Gain: 0.97, Total: 2.94
2026-03-06 12:29:16,672 - INFO - Seed 4: 1209, Gain: 0.97, Total: 3.91
2026-03-06 12:29:44,116 - INFO - Seed 5: 3416, Gain: 0.98, Total: 4.89
2026-03-06 12:30:13,869 - INFO - Seed 6: 1505, Gain: 0.96, Total: 5.85
2026-03-06 12:30:22,998 - INFO - Seed 7: 1953, Gain: 0.96, Total: 6.81
2026-03-06 12:30:56,963 - INFO - Seed 8: 2916, Gain: 0.95, Total: 7.76
2026-03-06 12:31:10,771 - INFO - Seed 9: 469, Gain: 0.95, Total: 8.71
2026-03-06 12:31:31,437 - INFO - Seed 10: 1111, Gain: 0.98, Total: 9.69
2026-03-06 12:31:31,795 - INFO - Seed 11: 1117, Gain: 0.95, Total: 10.64
2026-03-06 12:31:41,806 - INFO - Seed 12: 1443, Gain: 0.97, Total: 11.61
2026-03-06 12:32:22,411 - INFO - Seed 13: 2509, Gain: 0.96, Total: 12.57
2026-03-06 12:32:30,540 - INFO - Seed 14: 2677, Gain: 0.99, Total: 13.56
2026-03-06 12:35:52,083 - INFO - Seed 15: 1537, Gain: 0.99, Total: 14.55
2026-03-06 12:39:34,631 - INFO - Seed 16: 62, Gain: 0.96, Total: 15.51
2026-03-06 12:40:54,555 - INFO - Seed 17: 606, Gain: 0.92, Total: 16.43
2026-03-06 12:41:13,144 - INFO - Seed 18: 2138, Gain: 0.90, Total: 17.33
2026-03-06 12:41:24,901 - INFO - Seed 19: 2733, Gain: 0.92, Total: 18.25
2026-03-06 12:41:29,775 - INFO - Seed 20: 262, Gain: 0.91, Total: 19.16
2026-03-06 12:41:34,948 - INFO - Seed 21: 1256, Gain: 0.98, Total: 20.14
2026-03-06 12:41:35,314 - INFO - Seed 22: 243, Gain: 0.87, Total: 21.01
2026-03-06 12:41:36,471 - INFO - Seed 23: 2039, Gain: 0.99, Total: 22.00
2026-03-06 12:41:44,254 - INFO - Seed 24: 3285, Gain: 0.88, Total: 22.88
2026-03-06 12:41:46,719 - INFO - Seed 25: 2428, Gain: 0.90, Total: 23.78
2026-03-06 12:41:47,577 - INFO - Seed 26: 2313, Gain: 0.96, Total: 24.74
2026-03-06 12:41:48,017 - INFO - Seed 27: 1924, Gain: 0.88, Total: 25.62
2026-03-06 12:41:48,450 - INFO - Seed 28: 1919, Gain: 0.87, Total: 26.49
2026-03-06 12:41:48,910 - INFO - Seed 29: 1861, Gain: 0.97, Total: 27.46
2026-03-06 12:41:49,410 - INFO - Seed 30: 1755, Gain: 0.98, Total: 28.44
2026-03-06 12:41:50,905 - INFO - Seed 31: 1479, Gain: 0.87, Total: 29.31
2026-03-06 12:41:51,404 - INFO - Seed 32: 1254, Gain: 0.93, Total: 30.24
2026-03-06 12:41:51,947 - INFO - Seed 33: 1232, Gain: 0.97, Total: 31.21
2026-03-06 12:41:52,495 - INFO - Seed 34: 1185, Gain: 0.90, Total: 32.11
2026-03-06 12:41:53,038 - INFO - Seed 35: 1148, Gain: 1.15, Total: 33.26
2026-03-06 12:41:53,608 - INFO - Seed 36: 1135, Gain: 0.90, Total: 34.16
2026-03-06 12:41:54,207 - INFO - Seed 37: 1032, Gain: 1.07, Total: 35.23
2026-03-06 12:42:22,916 - INFO - Seed 38: 378, Gain: 0.96, Total: 36.19
2026-03-06 12:42:31,854 - INFO - Seed 39: 847, Gain: 0.92, Total: 37.11
2026-03-06 12:42:34,456 - INFO - Seed 40: 1000, Gain: 0.93, Total: 38.04
2026-03-06 12:42:36,456 - INFO - Seed 41: 866, Gain: 0.88, Total: 38.92
2026-03-06 12:42:38,436 - INFO - Seed 42: 266, Gain: 1.07, Total: 39.99
2026-03-06 12:42:59,812 - INFO - Seed 43: 281, Gain: 0.87, Total: 40.86
2026-03-06 12:43:07,531 - INFO - Seed 44: 3428, Gain: 0.91, Total: 41.77
2026-03-06 12:43:09,741 - INFO - Seed 45: 3320, Gain: 0.91, Total: 42.68
2026-03-06 12:43:10,470 - INFO - Seed 46: 3305, Gain: 0.87, Total: 43.55
2026-03-06 12:43:11,216 - INFO - Seed 47: 3302, Gain: 0.86, Total: 44.41
2026-03-06 12:43:12,002 - INFO - Seed 48: 3096, Gain: 0.85, Total: 45.26
2026-03-06 12:43:14,369 - INFO - Seed 49: 2611, Gain: 0.93, Total: 46.19
2026-03-06 12:43:15,167 - INFO - Seed 50: 2437, Gain: 0.91, Total: 47.10
2026-03-06 12:43:15,167 - INFO - CELF 完成，总耗时: 926.97s
2026-03-06 12:43:15,167 - INFO - 当前用时 926.97 秒
2026-03-06 12:43:15,167 - INFO - 将种子集 写入位置: /home/wen/work/coup_spread/facebook/2026-3-7/seeds-with-facebook/random_monterCarlo_CELF_seedNum-50_SSRNum-50000.txt
2026-03-06 12:43:15,168 - INFO - 评估种子集: None
2026-03-06 12:43:15,168 - INFO - 多进程评估开始，共有 6 个方法待评估...
2026-03-06 12:43:15,168 - INFO - 启动进程池，Worker数量: 6
2026-03-06 12:43:15,780 - INFO - [Process 1008724] 开始评估方法: random, 种子数: 50
2026-03-06 12:43:16,253 - INFO - [Process 1008725] 开始评估方法: degreeTopM, 种子数: 50
2026-03-06 12:43:16,732 - INFO - [Process 1008726] 开始评估方法: pageRank, 种子数: 50
2026-03-06 12:43:17,215 - INFO - [Process 1008727] 开始评估方法: alpha_sort, 种子数: 50
2026-03-06 12:43:17,660 - INFO - [alpha_sort - 种子:50] 拉新:18.6人 | 总销量:18.8单 | 品牌曝光:67.6次 | 🌟综合得分:25.4
2026-03-06 12:43:17,698 - INFO - [Process 1008728] 开始评估方法: ris_optimized, 种子数: 50
2026-03-06 12:43:18,178 - INFO - [Process 1008729] 开始评估方法: monterCarlo_CELF, 种子数: 50
2026-03-06 12:43:19,408 - INFO - [random - 种子:50] 拉新:40.7人 | 总销量:41.1单 | 品牌曝光:204.3次 | 🌟综合得分:61.3
2026-03-06 12:43:20,717 - INFO - [pageRank - 种子:50] 拉新:42.5人 | 总销量:43.5单 | 品牌曝光:216.9次 | 🌟综合得分:64.7
2026-03-06 12:43:20,735 - INFO - [degreeTopM - 种子:50] 拉新:45.2人 | 总销量:47.1单 | 品牌曝光:234.1次 | 🌟综合得分:69.6
2026-03-06 12:43:22,014 - INFO - [ris_optimized - 种子:50] 拉新:47.0人 | 总销量:47.6单 | 品牌曝光:236.4次 | 🌟综合得分:71.0
2026-03-06 12:43:22,417 - INFO - [monterCarlo_CELF - 种子:50] 拉新:47.1人 | 总销量:47.6单 | 品牌曝光:236.3次 | 🌟综合得分:71.0
2026-03-06 12:43:22,441 - INFO - 所有进程执行完毕，开始写入数据...
2026-03-06 12:43:22,458 - INFO - 成功写入 6 条记录至 /home/wen/work/coup_spread/gzc-impl/results/facebook/2026-3-7/random_SSRNum-50000-_seedNum-50_simuTimes-500.csv
2026-03-06 12:43:22,459 - INFO - 保存评估文件至: /home/wen/work/coup_spread/gzc-impl/results/facebook/2026-3-7/random_SSRNum-50000-_seedNum-50_simuTimes-500.csv
2026-03-06 12:43:22,467 - INFO - 加载数据集: facebook
2026-03-06 12:43:22,469 - INFO - --- 矩阵分析 ---
2026-03-06 12:43:22,469 - INFO - 节点数 (N): 4039
2026-03-06 12:43:22,469 - INFO - 边数 (E): 176468
2026-03-06 12:43:22,469 - INFO - 密度 (Density): 0.01081728 (越小越稀疏)
2026-03-06 12:43:22,469 - INFO - 稀疏度 (Sparsity): 0.98918272 (越接近1越稀疏)
2026-03-06 12:43:22,469 - INFO - 平均度数 (Avg Degree): 43.69
2026-03-06 12:43:22,469 - INFO - >>> 正在注入完美对抗属性（验证三条定理）...
2026-03-06 12:43:22,517 - INFO - 首次生成种子集 random
2026-03-06 12:43:22,517 - INFO - 执行当前算法开始: random
2026-03-06 12:43:22,517 - INFO - 数据集节点总数:  n = 4039, m = 100
2026-03-06 12:43:22,517 - INFO - 选择 100  [2581, 546, 2003, 2069, 1771, 301, 3194, 1800, 3745, 833, 1961, 3062, 3093, 1521, 2644, 3041, 3498, 2009, 1161, 688, 2886, 3728, 299, 677, 1413, 2782, 1468, 2303, 2097, 3579, 3610, 608, 580, 2405, 2684, 147, 3578, 2856, 628, 2479, 345, 3479, 2191, 1504, 2471, 3376, 269, 609, 1596, 2275, 3372, 1561, 695, 675, 358, 3138, 3294, 680, 966, 2661, 3595, 251, 1999, 3731, 4032, 990, 2411, 1687, 3314, 3720, 2794, 141, 1940, 3633, 14, 272, 3870, 3710, 1963, 3902, 1347, 49, 3398, 3746, 2029, 3975, 795, 1288, 1469, 3897, 2705, 10, 1463, 1645, 433, 2145, 3890, 2162, 1510, 2654]

2026-03-06 12:43:22,517 - INFO - 当前用时 0.00 秒
2026-03-06 12:43:22,517 - INFO - 将种子集 写入位置: /home/wen/work/coup_spread/facebook/2026-3-7/seeds-with-facebook/random_random_seedNum-100_SSRNum-50000.txt
2026-03-06 12:43:22,517 - INFO - 首次生成种子集 degreeTopM
2026-03-06 12:43:22,518 - INFO - 执行当前算法开始: degreeTopM
2026-03-06 12:43:22,518 - INFO - 依据: 选择连接数（度数）最多的节点。
2026-03-06 12:43:22,518 - INFO - 选择的 Top M 节点及其度数:
2026-03-06 12:43:22,518 - INFO - 
2026-03-06 12:43:22,518 - INFO - 当前用时 0.00 秒
2026-03-06 12:43:22,519 - INFO - 将种子集 写入位置: /home/wen/work/coup_spread/facebook/2026-3-7/seeds-with-facebook/random_degreeTopM_seedNum-100_SSRNum-50000.txt
2026-03-06 12:43:22,519 - INFO - 首次生成种子集 pageRank
2026-03-06 12:43:22,519 - INFO - 执行当前算法开始: pageRank
2026-03-06 12:43:22,519 - INFO - --- Running: PageRank (on tranProMatrix) Top M ---
2026-03-06 12:43:23,170 - INFO - Selected PageRank seeds: [1821, 107, 351, 0, 352, 348, 1831, 1827, 349, 1843, 366, 2088, 362, 2130, 56, 25, 1973, 322, 365, 350, 67, 3626, 3226, 1858, 271, 371, 403, 119, 3581, 3946, 277, 1373, 1285, 3634, 21, 26, 1850, 1490, 2508, 252, 1573, 838, 2188, 378, 1149, 2806, 3559, 1215, 122, 572, 917, 1268, 1950, 2902, 1538, 1864, 368, 1070, 136, 2427, 2055, 2154, 2305, 2832, 239, 2622, 2315, 367, 2403, 1253, 359, 685, 2797, 315, 203, 9, 360, 571, 2053, 958, 2871, 200, 1892, 2087, 361, 1312, 1663, 2689, 382, 1431, 1466, 1890, 304, 1699, 763, 1075, 1457, 2933, 612, 2594]
2026-03-06 12:43:23,170 - INFO - 当前用时 0.65 秒
2026-03-06 12:43:23,170 - INFO - 将种子集 写入位置: /home/wen/work/coup_spread/facebook/2026-3-7/seeds-with-facebook/random_pageRank_seedNum-100_SSRNum-50000.txt
2026-03-06 12:43:23,170 - INFO - 首次生成种子集 alpha_sort
2026-03-06 12:43:23,171 - INFO - 执行当前算法开始: alpha_sort
2026-03-06 12:43:23,171 - INFO - 4039 个节点的alpha值降序排序 done
2026-03-06 12:43:23,171 - INFO - ==============>> [(3637, np.float64(0.3)), (3638, np.float64(0.3)), (3639, np.float64(0.3)), (3640, np.float64(0.3)), (3641, np.float64(0.3)), (3642, np.float64(0.3)), (3643, np.float64(0.3)), (3644, np.float64(0.3)), (3645, np.float64(0.3)), (3646, np.float64(0.3))]
2026-03-06 12:43:23,171 - INFO - 
选择的种子集 (按alpha排序): [3637, 3638, 3639, 3640, 3641, 3642, 3643, 3644, 3645, 3646, 3647, 3648, 3649, 3650, 3651, 3652, 3653, 3654, 3655, 3656, 3657, 3658, 3659, 3660, 3661, 3662, 3663, 3664, 3665, 3666, 3667, 3668, 3669, 3670, 3671, 3672, 3673, 3674, 3675, 3676, 3677, 3678, 3679, 3680, 3681, 3682, 3683, 3684, 3685, 3686, 3687, 3688, 3689, 3690, 3691, 3692, 3693, 3694, 3695, 3696, 3697, 3698, 3699, 3700, 3701, 3702, 3703, 3704, 3705, 3706, 3707, 3708, 3709, 3710, 3711, 3712, 3713, 3714, 3715, 3716, 3717, 3718, 3719, 3720, 3721, 3722, 3723, 3724, 3725, 3726, 3727, 3728, 3729, 3730, 3731, 3732, 3733, 3734, 3735, 3736]

2026-03-06 12:43:23,171 - INFO - 当前用时 0.00 秒
2026-03-06 12:43:23,172 - INFO - 将种子集 写入位置: /home/wen/work/coup_spread/facebook/2026-3-7/seeds-with-facebook/random_alpha_sort_seedNum-100_SSRNum-50000.txt
2026-03-06 12:43:23,172 - INFO - 首次生成种子集 ris_optimized
2026-03-06 12:43:23,172 - INFO - 执行当前算法开始: ris_optimized
2026-03-06 12:43:23,394 - INFO - 图初始化完成，节点数: 4039，当前模式: 优化采样
2026-03-06 12:43:23,394 - INFO - 开始生成 50000 组多重RR-Set...
2026-03-06 12:44:49,843 - INFO - 生成完毕。耗时: 86.45 秒。
2026-03-06 12:44:49,860 - INFO - 开始基于多重RR集贪心选择最优种子...
2026-03-06 12:44:55,065 - INFO - 选种完毕。耗时: 5.20 秒。估算范围: 186.76
2026-03-06 12:44:55,603 - INFO - 当前用时 92.43 秒
2026-03-06 12:44:55,604 - INFO - 将种子集 写入位置: /home/wen/work/coup_spread/facebook/2026-3-7/seeds-with-facebook/random_ris_optimized_seedNum-100_SSRNum-50000.txt
2026-03-06 12:44:55,604 - INFO - 首次生成种子集 monterCarlo_CELF
2026-03-06 12:44:55,604 - INFO - 执行当前算法开始: monterCarlo_CELF
2026-03-06 12:44:55,604 - INFO - --- Running: CELF Greedy Monte Carlo (Sims=100) ---
2026-03-06 12:44:55,605 - INFO - Step 0: 初始化所有节点的边际增益...
2026-03-06 12:45:56,957 - INFO - Seed 1: 150, Spread: 1.00
2026-03-06 12:45:58,573 - INFO - Seed 2: 598, Gain: 1.00, Total: 2.00
2026-03-06 12:46:18,507 - INFO - Seed 3: 802, Gain: 0.97, Total: 2.97
2026-03-06 12:47:10,454 - INFO - Seed 4: 1512, Gain: 0.96, Total: 3.93
2026-03-06 12:48:29,908 - INFO - Seed 5: 1056, Gain: 0.95, Total: 4.88
2026-03-06 12:48:34,248 - INFO - Seed 6: 136, Gain: 0.95, Total: 5.83
2026-03-06 12:49:01,333 - INFO - Seed 7: 1762, Gain: 0.95, Total: 6.78
2026-03-06 12:49:11,584 - INFO - Seed 8: 2308, Gain: 0.98, Total: 7.76
2026-03-06 12:49:21,603 - INFO - Seed 9: 2720, Gain: 0.96, Total: 8.72
2026-03-06 12:49:24,883 - INFO - Seed 10: 2811, Gain: 0.96, Total: 9.68
2026-03-06 12:49:29,393 - INFO - Seed 11: 3005, Gain: 0.98, Total: 10.66
2026-03-06 12:50:11,948 - INFO - Seed 12: 1172, Gain: 0.94, Total: 11.60
2026-03-06 12:50:23,766 - INFO - Seed 13: 1578, Gain: 0.94, Total: 12.54
2026-03-06 12:50:25,602 - INFO - Seed 14: 1624, Gain: 0.95, Total: 13.49
2026-03-06 12:50:31,026 - INFO - Seed 15: 1781, Gain: 0.95, Total: 14.44
2026-03-06 12:50:34,605 - INFO - Seed 16: 1993, Gain: 0.99, Total: 15.43
2026-03-06 12:50:49,501 - INFO - Seed 17: 2515, Gain: 0.97, Total: 16.40
2026-03-06 12:51:05,248 - INFO - Seed 18: 2982, Gain: 0.96, Total: 17.36
2026-03-06 12:54:19,349 - INFO - Seed 19: 3293, Gain: 0.89, Total: 18.25
2026-03-06 12:54:20,640 - INFO - Seed 20: 2332, Gain: 0.90, Total: 19.15
2026-03-06 12:54:21,672 - INFO - Seed 21: 3020, Gain: 0.93, Total: 20.08
2026-03-06 12:54:23,765 - INFO - Seed 22: 1356, Gain: 0.96, Total: 21.04
2026-03-06 12:54:24,136 - INFO - Seed 23: 1336, Gain: 0.89, Total: 21.93
2026-03-06 12:54:24,904 - INFO - Seed 24: 1281, Gain: 0.92, Total: 22.85
2026-03-06 12:54:25,305 - INFO - Seed 25: 1199, Gain: 0.97, Total: 23.82
2026-03-06 12:54:25,723 - INFO - Seed 26: 1128, Gain: 0.89, Total: 24.71
2026-03-06 12:54:26,610 - INFO - Seed 27: 924, Gain: 1.04, Total: 25.75
2026-03-06 12:54:27,045 - INFO - Seed 28: 799, Gain: 0.92, Total: 26.67
2026-03-06 12:54:31,785 - INFO - Seed 29: 2967, Gain: 0.90, Total: 27.57
2026-03-06 12:54:33,737 - INFO - Seed 30: 2534, Gain: 0.89, Total: 28.46
2026-03-06 12:54:34,751 - INFO - Seed 31: 2364, Gain: 0.96, Total: 29.42
2026-03-06 12:54:35,763 - INFO - Seed 32: 2229, Gain: 1.15, Total: 30.57
2026-03-06 12:54:43,304 - INFO - Seed 33: 851, Gain: 0.91, Total: 31.48
2026-03-06 12:54:46,626 - INFO - Seed 34: 270, Gain: 0.93, Total: 32.41
2026-03-06 12:54:55,145 - INFO - Seed 35: 1386, Gain: 0.89, Total: 33.30
2026-03-06 12:54:58,061 - INFO - Seed 36: 3428, Gain: 0.89, Total: 34.19
2026-03-06 12:54:59,263 - INFO - Seed 37: 3452, Gain: 1.15, Total: 35.34
2026-03-06 12:56:46,622 - INFO - Seed 38: 2095, Gain: 1.02, Total: 36.36
2026-03-06 12:59:25,431 - INFO - Seed 39: 3441, Gain: 0.87, Total: 37.23
2026-03-06 12:59:56,054 - INFO - Seed 40: 1904, Gain: 0.92, Total: 38.15
2026-03-06 13:01:44,169 - INFO - Seed 41: 2009, Gain: 1.00, Total: 39.15
2026-03-06 13:01:53,032 - INFO - Seed 42: 2128, Gain: 0.85, Total: 40.00
2026-03-06 13:02:02,825 - INFO - Seed 43: 3056, Gain: 0.86, Total: 40.86
2026-03-06 13:02:06,343 - INFO - Seed 44: 2639, Gain: 0.89, Total: 41.75
2026-03-06 13:02:12,893 - INFO - Seed 45: 1478, Gain: 0.87, Total: 42.62
2026-03-06 13:02:13,632 - INFO - Seed 46: 1390, Gain: 0.87, Total: 43.49
2026-03-06 13:02:14,374 - INFO - Seed 47: 1363, Gain: 0.91, Total: 44.40
2026-03-06 13:02:15,956 - INFO - Seed 48: 1275, Gain: 1.05, Total: 45.45
2026-03-06 13:02:22,313 - INFO - Seed 49: 706, Gain: 0.96, Total: 46.41
2026-03-06 13:02:24,750 - INFO - Seed 50: 500, Gain: 1.00, Total: 47.41
2026-03-06 13:02:35,486 - INFO - Seed 51: 3086, Gain: 1.01, Total: 48.42
2026-03-06 13:02:44,758 - INFO - Seed 52: 2323, Gain: 0.92, Total: 49.34
2026-03-06 13:02:45,603 - INFO - Seed 53: 2282, Gain: 0.91, Total: 50.25
2026-03-06 13:02:57,838 - INFO - Seed 54: 2695, Gain: 0.97, Total: 51.22
2026-03-06 13:02:58,709 - INFO - Seed 55: 2673, Gain: 1.05, Total: 52.27
2026-03-06 13:03:02,355 - INFO - Seed 56: 2454, Gain: 0.87, Total: 53.14
2026-03-06 13:03:03,280 - INFO - Seed 57: 2242, Gain: 0.91, Total: 54.05
2026-03-06 13:03:08,896 - INFO - Seed 58: 1448, Gain: 0.86, Total: 54.91
2026-03-06 13:03:12,727 - INFO - Seed 59: 1247, Gain: 0.86, Total: 55.77
2026-03-06 13:03:25,380 - INFO - Seed 60: 334, Gain: 0.87, Total: 56.64
2026-03-06 13:03:31,356 - INFO - Seed 61: 2986, Gain: 1.00, Total: 57.64
2026-03-06 13:03:33,357 - INFO - Seed 62: 2024, Gain: 0.90, Total: 58.54
2026-03-06 13:03:48,685 - INFO - Seed 63: 1350, Gain: 1.04, Total: 59.58
2026-03-06 13:03:59,973 - INFO - Seed 64: 1638, Gain: 0.85, Total: 60.43
2026-03-06 13:04:05,199 - INFO - Seed 65: 1459, Gain: 0.87, Total: 61.30
2026-03-06 13:04:19,991 - INFO - Seed 66: 180, Gain: 0.94, Total: 62.24
2026-03-06 13:04:26,491 - INFO - Seed 67: 1103, Gain: 0.92, Total: 63.16
2026-03-06 13:04:28,668 - INFO - Seed 68: 1066, Gain: 1.00, Total: 64.16
2026-03-06 13:04:30,879 - INFO - Seed 69: 895, Gain: 0.99, Total: 65.15
2026-03-06 13:04:34,221 - INFO - Seed 70: 717, Gain: 0.91, Total: 66.06
2026-03-06 13:04:44,564 - INFO - Seed 71: 313, Gain: 0.88, Total: 66.94
2026-03-06 13:04:56,302 - INFO - Seed 72: 2900, Gain: 0.92, Total: 67.86
2026-03-06 13:05:14,004 - INFO - Seed 73: 1778, Gain: 1.01, Total: 68.87
2026-03-06 13:05:32,037 - INFO - Seed 74: 858, Gain: 0.87, Total: 69.74
2026-03-06 13:05:44,069 - INFO - Seed 75: 4, Gain: 1.03, Total: 70.77
2026-03-06 13:06:54,425 - INFO - Seed 76: 1003, Gain: 0.84, Total: 71.61
2026-03-06 13:07:15,735 - INFO - Seed 77: 3270, Gain: 0.91, Total: 72.52
2026-03-06 13:07:32,182 - INFO - Seed 78: 2295, Gain: 0.96, Total: 73.48
2026-03-06 13:08:14,249 - INFO - Seed 79: 3120, Gain: 0.94, Total: 74.42
2026-03-06 13:08:25,844 - INFO - Seed 80: 1936, Gain: 0.85, Total: 75.27
2026-03-06 13:08:27,151 - INFO - Seed 81: 1840, Gain: 1.01, Total: 76.28
2026-03-06 13:08:33,779 - INFO - Seed 82: 1405, Gain: 1.07, Total: 77.35
2026-03-06 13:08:48,616 - INFO - Seed 83: 275, Gain: 0.84, Total: 78.19
2026-03-06 13:08:59,423 - INFO - Seed 84: 1863, Gain: 0.95, Total: 79.14
2026-03-06 13:09:37,857 - INFO - Seed 85: 1620, Gain: 0.89, Total: 80.03
2026-03-06 13:09:53,256 - INFO - Seed 86: 728, Gain: 0.86, Total: 80.89
2026-03-06 13:10:41,005 - INFO - Seed 87: 2304, Gain: 1.24, Total: 82.13
2026-03-06 13:21:27,388 - INFO - Seed 88: 243, Gain: 0.92, Total: 83.05
2026-03-06 13:41:29,411 - INFO - Seed 89: 1446, Gain: 0.76, Total: 83.81
2026-03-06 13:42:01,115 - INFO - Seed 90: 2416, Gain: 0.89, Total: 84.70
2026-03-06 13:42:08,409 - INFO - Seed 91: 2944, Gain: 0.77, Total: 85.47
2026-03-06 13:42:09,910 - INFO - Seed 92: 2829, Gain: 0.88, Total: 86.35
2026-03-06 13:42:30,713 - INFO - Seed 93: 3439, Gain: 0.83, Total: 87.18
2026-03-06 13:42:32,226 - INFO - Seed 94: 2983, Gain: 0.88, Total: 88.06
2026-03-06 13:42:36,735 - INFO - Seed 95: 2112, Gain: 0.82, Total: 88.88
2026-03-06 13:42:39,804 - INFO - Seed 96: 1541, Gain: 0.99, Total: 89.87
2026-03-06 13:42:41,345 - INFO - Seed 97: 1636, Gain: 0.88, Total: 90.75
2026-03-06 13:42:52,807 - INFO - Seed 98: 222, Gain: 0.79, Total: 91.54
2026-03-06 13:42:57,861 - INFO - Seed 99: 3332, Gain: 1.19, Total: 92.73
2026-03-06 13:43:16,041 - INFO - Seed 100: 893, Gain: 0.83, Total: 93.56
2026-03-06 13:43:16,041 - INFO - CELF 完成，总耗时: 3500.44s
2026-03-06 13:43:16,042 - INFO - 当前用时 3500.44 秒
2026-03-06 13:43:16,042 - INFO - 将种子集 写入位置: /home/wen/work/coup_spread/facebook/2026-3-7/seeds-with-facebook/random_monterCarlo_CELF_seedNum-100_SSRNum-50000.txt
2026-03-06 13:43:16,043 - INFO - 评估种子集: None
2026-03-06 13:43:16,043 - INFO - 多进程评估开始，共有 6 个方法待评估...
2026-03-06 13:43:16,043 - INFO - 启动进程池，Worker数量: 6
2026-03-06 13:43:16,663 - INFO - [Process 1060141] 开始评估方法: random, 种子数: 100
2026-03-06 13:43:17,135 - INFO - [Process 1060142] 开始评估方法: degreeTopM, 种子数: 100
2026-03-06 13:43:17,607 - INFO - [Process 1060143] 开始评估方法: pageRank, 种子数: 100
2026-03-06 13:43:18,082 - INFO - [Process 1060144] 开始评估方法: alpha_sort, 种子数: 100
2026-03-06 13:43:18,559 - INFO - [Process 1060145] 开始评估方法: ris_optimized, 种子数: 100
2026-03-06 13:43:19,002 - INFO - [alpha_sort - 种子:100] 拉新:36.9人 | 总销量:37.6单 | 品牌曝光:136.7次 | 🌟综合得分:50.9
2026-03-06 13:43:19,038 - INFO - [Process 1060146] 开始评估方法: monterCarlo_CELF, 种子数: 100
2026-03-06 13:43:23,857 - INFO - [random - 种子:100] 拉新:82.3人 | 总销量:83.7单 | 品牌曝光:418.8次 | 🌟综合得分:124.9
2026-03-06 13:43:25,584 - INFO - [pageRank - 种子:100] 拉新:86.1人 | 总销量:89.7单 | 品牌曝光:449.2次 | 🌟综合得分:132.8
2026-03-06 13:43:26,135 - INFO - [degreeTopM - 种子:100] 拉新:85.7人 | 总销量:94.6单 | 品牌曝光:473.4次 | 🌟综合得分:137.5
2026-03-06 13:43:27,174 - INFO - [ris_optimized - 种子:100] 拉新:92.9人 | 总销量:95.0单 | 品牌曝光:475.8次 | 🌟综合得分:141.6
2026-03-06 13:43:27,534 - INFO - [monterCarlo_CELF - 种子:100] 拉新:93.1人 | 总销量:95.0单 | 品牌曝光:475.6次 | 🌟综合得分:141.6
2026-03-06 13:43:27,566 - INFO - 所有进程执行完毕，开始写入数据...
2026-03-06 13:43:27,579 - INFO - 成功写入 6 条记录至 /home/wen/work/coup_spread/gzc-impl/results/facebook/2026-3-7/random_SSRNum-50000-_seedNum-100_simuTimes-500.csv
2026-03-06 13:43:27,580 - INFO - 保存评估文件至: /home/wen/work/coup_spread/gzc-impl/results/facebook/2026-3-7/random_SSRNum-50000-_seedNum-100_simuTimes-500.csv
