2026-01-05 19:37:12,361 - INFO - 加载数据集: network.douban
2026-01-05 19:37:12,369 - INFO - --- 矩阵分析 ---
2026-01-05 19:37:12,369 - INFO - 节点数 (N): 154907
2026-01-05 19:37:12,369 - INFO - 边数 (E): 654206
2026-01-05 19:37:12,369 - INFO - 密度 (Density): 0.00002726 (越小越稀疏)
2026-01-05 19:37:12,369 - INFO - 稀疏度 (Sparsity): 0.99997274 (越接近1越稀疏)
2026-01-05 19:37:12,369 - INFO - 平均度数 (Avg Degree): 4.22
2026-01-05 19:37:12,379 - INFO - 首次生成度相关概率分布 分布类型: 'random'.
2026-01-05 19:37:12,379 - INFO - ===> Generating 'Dirichlet' distributions with alpha=[500, 500, 500]...
2026-01-05 19:37:12,418 - INFO - 保存概率分布 文件位置: /root/pythonspace/data-test/network.douban/2026-1-6/distribution-in-network.douban/distribution-random_seedNum-20.pkl
2026-01-05 19:37:13,714 - INFO - 首次生成种子集 random
2026-01-05 19:37:13,714 - INFO - 执行当前算法开始: random
2026-01-05 19:37:13,714 - INFO - 数据集节点总数:  n = 154907, m = 20
2026-01-05 19:37:13,714 - INFO - 选择 20  [101987, 57903, 19346, 143701, 117638, 88678, 30908, 66678, 92565, 101065, 144419, 108568, 71885, 105400, 141761, 21565, 52591, 143372, 87377, 84008]

2026-01-05 19:37:13,714 - INFO - 当前用时 0.00 秒
2026-01-05 19:37:13,714 - INFO - 将种子集 写入位置: /root/pythonspace/data-test/network.douban/2026-1-6/seeds-with-network.douban/random_random_seedNum-20_SSRNum-100000.txt
2026-01-05 19:37:13,715 - INFO - 首次生成种子集 degreeTopM
2026-01-05 19:37:13,715 - INFO - 执行当前算法开始: degreeTopM
2026-01-05 19:37:13,715 - INFO - 依据: 选择连接数（度数）最多的节点。
2026-01-05 19:37:13,724 - INFO - 选择的 Top M 节点及其度数:
2026-01-05 19:37:13,725 - INFO - 
2026-01-05 19:37:13,725 - INFO - 当前用时 0.01 秒
2026-01-05 19:37:13,725 - INFO - 将种子集 写入位置: /root/pythonspace/data-test/network.douban/2026-1-6/seeds-with-network.douban/random_degreeTopM_seedNum-20_SSRNum-100000.txt
2026-01-05 19:37:13,725 - INFO - 首次生成种子集 pageRank
2026-01-05 19:37:13,725 - INFO - 执行当前算法开始: pageRank
2026-01-05 19:37:13,725 - INFO - --- Running: PageRank (on tranProMatrix) Top M ---
2026-01-05 19:40:26,174 - INFO - Selected PageRank seeds: [255, 875, 874, 7946, 4371, 168, 3527, 2971, 26, 6855, 180, 6836, 1465, 3020, 3463, 474, 3261, 969, 4153, 7204]
2026-01-05 19:40:26,308 - INFO - 当前用时 192.58 秒
2026-01-05 19:40:26,309 - INFO - 将种子集 写入位置: /root/pythonspace/data-test/network.douban/2026-1-6/seeds-with-network.douban/random_pageRank_seedNum-20_SSRNum-100000.txt
2026-01-05 19:40:26,309 - INFO - 首次生成种子集 alpha_sort
2026-01-05 19:40:26,309 - INFO - 执行当前算法开始: alpha_sort
2026-01-05 19:40:26,413 - INFO - 154907 个节点的alpha值降序排序 done
2026-01-05 19:40:26,413 - INFO - ==============>> [(80603, 0.3872264), (22801, 0.3853135), (47260, 0.3838817), (66487, 0.383673), (144841, 0.3822977), (118381, 0.382259), (109783, 0.3817277), (50680, 0.380917), (13338, 0.3806883), (140457, 0.3803871)]
2026-01-05 19:40:26,413 - INFO - 
选择的种子集 (按alpha排序): [80603, 22801, 47260, 66487, 144841, 118381, 109783, 50680, 13338, 140457, 85427, 137261, 49271, 78879, 112421, 90684, 126049, 153129, 153648, 145034]

2026-01-05 19:40:26,425 - INFO - 当前用时 0.12 秒
2026-01-05 19:40:26,425 - INFO - 将种子集 写入位置: /root/pythonspace/data-test/network.douban/2026-1-6/seeds-with-network.douban/random_alpha_sort_seedNum-20_SSRNum-100000.txt
2026-01-05 19:40:26,425 - INFO - 首次生成种子集 importance_sort
2026-01-05 19:40:26,425 - INFO - 执行当前算法开始: importance_sort
2026-01-05 19:49:28,094 - INFO - 154907 个节点的Importance值降序排序 done
2026-01-05 19:49:28,094 - INFO - 
选择的种子集 (按Importance排序): [17279, 14976, 14983, 7105, 103, 3206, 16993, 9432, 14949, 80603, 22801, 47260, 66487, 144841, 118381, 109783, 50680, 13338, 140457, 85427]

2026-01-05 19:49:28,108 - INFO - 当前用时 541.68 秒
2026-01-05 19:49:28,108 - INFO - 将种子集 写入位置: /root/pythonspace/data-test/network.douban/2026-1-6/seeds-with-network.douban/random_importance_sort_seedNum-20_SSRNum-100000.txt
2026-01-05 19:49:28,108 - INFO - 首次生成种子集 ris_coverage
2026-01-05 19:49:28,108 - INFO - 执行当前算法开始: ris_coverage
2026-01-05 19:57:36,997 - INFO - 图初始化完成，节点数: 154907，CSR 矩阵准备就绪。
2026-01-05 19:57:36,998 - INFO - 
开始生成 100000 组 SSR (并行进程: 8)...
2026-01-05 19:58:00,287 - INFO - 生成完毕。耗时: 23.29 秒。
2026-01-05 19:58:00,288 - INFO - 
开始选择最优种子 (Optimized Greedy) ...
2026-01-05 19:58:05,682 - INFO -   - 券 1/20 选中节点 62387, 新增覆盖 8
2026-01-05 19:58:05,839 - INFO -   - 券 2/20 选中节点 153960, 新增覆盖 7
2026-01-05 19:58:06,037 - INFO -   - 券 3/20 选中节点 123567, 新增覆盖 8
2026-01-05 19:58:06,251 - INFO -   - 券 4/20 选中节点 64080, 新增覆盖 8
2026-01-05 19:58:06,494 - INFO -   - 券 5/20 选中节点 70072, 新增覆盖 8
2026-01-05 19:58:06,769 - INFO -   - 券 6/20 选中节点 36932, 新增覆盖 9
2026-01-05 19:58:07,069 - INFO -   - 券 7/20 选中节点 119811, 新增覆盖 8
2026-01-05 19:58:07,396 - INFO -   - 券 8/20 选中节点 91170, 新增覆盖 8
2026-01-05 19:58:07,748 - INFO -   - 券 9/20 选中节点 147651, 新增覆盖 9
2026-01-05 19:58:08,217 - INFO -   - 券 10/20 选中节点 40159, 新增覆盖 8
2026-01-05 19:58:08,718 - INFO -   - 券 11/20 选中节点 72761, 新增覆盖 8
2026-01-05 19:58:09,240 - INFO -   - 券 12/20 选中节点 56103, 新增覆盖 8
2026-01-05 19:58:09,780 - INFO -   - 券 13/20 选中节点 17162, 新增覆盖 8
2026-01-05 19:58:10,367 - INFO -   - 券 14/20 选中节点 102818, 新增覆盖 8
2026-01-05 19:58:11,058 - INFO -   - 券 15/20 选中节点 7140, 新增覆盖 10
2026-01-05 19:58:11,772 - INFO -   - 券 16/20 选中节点 68045, 新增覆盖 9
2026-01-05 19:58:12,517 - INFO -   - 券 17/20 选中节点 41212, 新增覆盖 8
2026-01-05 19:58:13,283 - INFO -   - 券 18/20 选中节点 151353, 新增覆盖 9
2026-01-05 19:58:14,078 - INFO -   - 券 19/20 选中节点 23104, 新增覆盖 9
2026-01-05 19:58:14,899 - INFO -   - 券 20/20 选中节点 102070, 新增覆盖 7
2026-01-05 19:58:14,899 - INFO - 选种完毕。耗时: 14.61 秒。
2026-01-05 19:58:15,137 - INFO - 最终选择的种子集: [62387, 153960, 123567, 64080, 70072, 36932, 119811, 91170, 147651, 40159, 72761, 56103, 17162, 102818, 7140, 68045, 41212, 151353, 23104, 102070]

2026-01-05 19:58:15,391 - INFO - 当前用时 527.28 秒
2026-01-05 19:58:15,391 - INFO - 将种子集 写入位置: /root/pythonspace/data-test/network.douban/2026-1-6/seeds-with-network.douban/random_ris_coverage_seedNum-20_SSRNum-100000.txt
2026-01-05 19:58:15,409 - INFO - 评估种子集: None
2026-01-05 19:58:15,409 - INFO - 多进程评估开始，共有 6 个方法待评估...
2026-01-05 19:58:15,409 - INFO - 启动进程池，Worker数量: 6
2026-01-05 19:59:20,281 - INFO - 加载数据集: network.douban
2026-01-05 19:59:20,286 - INFO - --- 矩阵分析 ---
2026-01-05 19:59:20,286 - INFO - 节点数 (N): 154907
2026-01-05 19:59:20,286 - INFO - 边数 (E): 654206
2026-01-05 19:59:20,287 - INFO - 密度 (Density): 0.00002726 (越小越稀疏)
2026-01-05 19:59:20,287 - INFO - 稀疏度 (Sparsity): 0.99997274 (越接近1越稀疏)
2026-01-05 19:59:20,287 - INFO - 平均度数 (Avg Degree): 4.22
2026-01-05 19:59:20,297 - INFO - 复用概率分布 文件位置: /root/pythonspace/data-test/network.douban/2026-1-6/distribution-in-network.douban/distribution-random_seedNum-20.pkl
2026-01-05 19:59:21,699 - INFO - 从当前位置 读取种子集 /root/pythonspace/data-test/network.douban/2026-1-6/seeds-with-network.douban/random_random_seedNum-20_SSRNum-100000.txt
2026-01-05 19:59:21,699 - INFO - 从当前位置 读取种子集 /root/pythonspace/data-test/network.douban/2026-1-6/seeds-with-network.douban/random_degreeTopM_seedNum-20_SSRNum-100000.txt
2026-01-05 19:59:21,700 - INFO - 从当前位置 读取种子集 /root/pythonspace/data-test/network.douban/2026-1-6/seeds-with-network.douban/random_pageRank_seedNum-20_SSRNum-100000.txt
2026-01-05 19:59:21,700 - INFO - 从当前位置 读取种子集 /root/pythonspace/data-test/network.douban/2026-1-6/seeds-with-network.douban/random_alpha_sort_seedNum-20_SSRNum-100000.txt
2026-01-05 19:59:21,700 - INFO - 从当前位置 读取种子集 /root/pythonspace/data-test/network.douban/2026-1-6/seeds-with-network.douban/random_importance_sort_seedNum-20_SSRNum-100000.txt
2026-01-05 19:59:21,701 - INFO - 从当前位置 读取种子集 /root/pythonspace/data-test/network.douban/2026-1-6/seeds-with-network.douban/random_ris_coverage_seedNum-20_SSRNum-100000.txt
2026-01-05 19:59:21,708 - INFO - 评估种子集: None
2026-01-05 19:59:21,708 - INFO - 多进程评估开始，共有 6 个方法待评估...
2026-01-05 19:59:21,708 - INFO - 启动进程池，Worker数量: 6
