2026-01-05 20:49:16,040 - INFO - 加载数据集: network.douban
2026-01-05 20:49:16,043 - INFO - --- 矩阵分析 ---
2026-01-05 20:49:16,044 - INFO - 节点数 (N): 154907
2026-01-05 20:49:16,044 - INFO - 边数 (E): 654206
2026-01-05 20:49:16,044 - INFO - 密度 (Density): 0.00002726 (越小越稀疏)
2026-01-05 20:49:16,044 - INFO - 稀疏度 (Sparsity): 0.99997274 (越接近1越稀疏)
2026-01-05 20:49:16,044 - INFO - 平均度数 (Avg Degree): 4.22
2026-01-05 20:49:16,050 - INFO - 首次生成度相关概率分布 分布类型: 'random'.
2026-01-05 20:49:16,050 - INFO - ===> Generating 'Dirichlet' distributions with alpha=[500, 500, 500]...
2026-01-05 20:49:16,078 - INFO - 保存概率分布 文件位置: /root/pythonspace/data-test/network.douban/2026-1-6/distribution-in-network.douban/distribution-random_seedNum-200.pkl
2026-01-05 20:49:16,818 - INFO - 首次生成种子集 random
2026-01-05 20:49:16,818 - INFO - 执行当前算法开始: random
2026-01-05 20:49:16,818 - INFO - 数据集节点总数:  n = 154907, m = 200
2026-01-05 20:49:16,819 - INFO - 选择 200  [50692, 105329, 59617, 3485, 45720, 83330, 38551, 49308, 131205, 152613, 154076, 57234, 50583, 57569, 25977, 89918, 126601, 116454, 108192, 100856, 61244, 105233, 80208, 38266, 20856, 83116, 86548, 108766, 26338, 14895, 117322, 9329, 137966, 136252, 93667, 43498, 146746, 40187, 64347, 74683, 148325, 47711, 58584, 146127, 44540, 141188, 118881, 100293, 122987, 118237, 102244, 54936, 135693, 79715, 142267, 73854, 90335, 104731, 129931, 42569, 93437, 9174, 32532, 18461, 76824, 73972, 84670, 33761, 44678, 8550, 20777, 149883, 119640, 35767, 7260, 116081, 5766, 50717, 32718, 8782, 25852, 97838, 49344, 61860, 78857, 11131, 22841, 89009, 58829, 34767, 132062, 26512, 4415, 124217, 15214, 114398, 152056, 3570, 38376, 45428, 99093, 152499, 80157, 53494, 62946, 34635, 63232, 104483, 14388, 92521, 26444, 106062, 149901, 131357, 82362, 61595, 11807, 15487, 23227, 42636, 15270, 7078, 89165, 51082, 24478, 64979, 139711, 1697, 127328, 110022, 19848, 93221, 73545, 279, 91679, 83502, 85939, 80710, 76571, 146864, 41814, 110475, 5180, 128270, 18491, 123858, 8039, 12696, 100367, 7019, 78971, 134946, 145702, 60229, 98342, 142725, 27534, 29391, 57634, 115395, 79785, 125865, 106439, 129881, 2828, 119327, 140264, 92146, 1550, 28739, 107161, 107579, 89474, 112109, 60364, 67446, 20138, 105674, 82943, 108718, 137635, 89739, 114255, 32113, 126784, 152220, 128366, 84631, 93169, 587, 41481, 124414, 115685, 147214, 13476, 130139, 113116, 28404, 133239, 131535]

2026-01-05 20:49:16,819 - INFO - 当前用时 0.00 秒
2026-01-05 20:49:16,819 - INFO - 将种子集 写入位置: /root/pythonspace/data-test/network.douban/2026-1-6/seeds-with-network.douban/random_random_seedNum-200_SSRNum-100000.txt
2026-01-05 20:49:16,819 - INFO - 首次生成种子集 degreeTopM
2026-01-05 20:49:16,819 - INFO - 执行当前算法开始: degreeTopM
2026-01-05 20:49:16,819 - INFO - 依据: 选择连接数（度数）最多的节点。
2026-01-05 20:49:16,828 - INFO - 选择的 Top M 节点及其度数:
2026-01-05 20:49:16,828 - INFO - 
2026-01-05 20:49:16,828 - INFO - 当前用时 0.01 秒
2026-01-05 20:49:16,828 - INFO - 将种子集 写入位置: /root/pythonspace/data-test/network.douban/2026-1-6/seeds-with-network.douban/random_degreeTopM_seedNum-200_SSRNum-100000.txt
2026-01-05 20:49:16,828 - INFO - 首次生成种子集 pageRank
2026-01-05 20:49:16,828 - INFO - 执行当前算法开始: pageRank
2026-01-05 20:49:16,828 - INFO - --- Running: PageRank (on tranProMatrix) Top M ---
2026-01-05 20:52:18,574 - INFO - Selected PageRank seeds: [255, 875, 874, 7946, 4371, 168, 3527, 2971, 26, 6855, 180, 6836, 1465, 3020, 3463, 474, 3261, 969, 4153, 7204, 47, 2613, 429, 121785, 573, 8172, 2915, 82977, 5179, 63108, 77378, 70047, 4234, 58586, 92, 46050, 88, 1160, 1264, 8915, 46517, 120909, 69479, 15188, 55050, 69454, 961, 72755, 419, 1522, 459, 1234, 7186, 67537, 882, 6429, 8871, 219, 56267, 42211, 112718, 108460, 29936, 1303, 30409, 74647, 93056, 8186, 64429, 437, 7719, 3763, 67997, 52221, 9297, 6163, 592, 54959, 82921, 70099, 71604, 58778, 64932, 11008, 69229, 423, 4174, 229, 1827, 3499, 7863, 49214, 40319, 4021, 53599, 2448, 841, 42908, 77134, 1475, 18400, 8561, 41825, 263, 579, 68799, 55071, 1470, 1208, 24294, 9369, 671, 63677, 2603, 63116, 52202, 451, 65738, 1609, 6441, 19845, 7222, 9738, 575, 16671, 1647, 8788, 39346, 41431, 33227, 13734, 471, 2942, 3345, 42187, 746, 82142, 55636, 27651, 3899, 42861, 1263, 33080, 71492, 58253, 76430, 10254, 7819, 8092, 36595, 13906, 214, 29319, 49092, 5019, 31430, 15295, 8381, 64408, 57100, 422, 6352, 15872, 29562, 36156, 2686, 41421, 13747, 11003, 4893, 1469, 46257, 29020, 64116, 3583, 7160, 47119, 21311, 63179, 1616, 8772, 13684, 34629, 71865, 3682, 1611, 1598, 9472, 8179, 41183, 10531, 73910, 66943, 227, 6568, 3475, 1715, 5079, 46594, 52779]
2026-01-05 20:52:18,719 - INFO - 当前用时 181.89 秒
2026-01-05 20:52:18,719 - INFO - 将种子集 写入位置: /root/pythonspace/data-test/network.douban/2026-1-6/seeds-with-network.douban/random_pageRank_seedNum-200_SSRNum-100000.txt
2026-01-05 20:52:18,720 - INFO - 首次生成种子集 alpha_sort
2026-01-05 20:52:18,720 - INFO - 执行当前算法开始: alpha_sort
2026-01-05 20:52:18,811 - INFO - 154907 个节点的alpha值降序排序 done
2026-01-05 20:52:18,811 - INFO - ==============>> [(51125, 0.3950548), (151234, 0.3885368), (21851, 0.3873131), (63948, 0.3870113), (29016, 0.3868264), (121261, 0.3838468), (45718, 0.3834223), (122487, 0.3816593), (55847, 0.3816443), (106439, 0.3813261)]
2026-01-05 20:52:18,811 - INFO - 
选择的种子集 (按alpha排序): [51125, 151234, 21851, 63948, 29016, 121261, 45718, 122487, 55847, 106439, 151560, 32475, 984, 30094, 129447, 54571, 153559, 12240, 66632, 13806, 82235, 34199, 142648, 94841, 96253, 15831, 84383, 10673, 74028, 84071, 120985, 91222, 95370, 136336, 152593, 64178, 39774, 43063, 84921, 10430, 127152, 33769, 54200, 89518, 94602, 61164, 15821, 29287, 18770, 128860, 31391, 3983, 109607, 3866, 60893, 24098, 40228, 24332, 135471, 9010, 21468, 118, 78538, 63514, 10810, 137063, 55821, 79657, 4440, 102190, 47784, 141307, 133709, 3714, 6392, 124108, 54506, 60466, 129851, 36443, 12848, 142328, 138354, 96596, 47288, 74263, 103196, 50306, 142105, 34411, 70139, 123097, 89467, 137570, 137569, 111360, 148311, 49936, 60108, 53357, 96868, 132295, 33867, 25221, 133983, 108292, 16931, 24269, 132558, 40606, 148054, 40261, 114400, 54122, 133546, 74471, 124692, 62857, 93655, 91483, 82854, 108967, 114799, 77583, 140854, 144554, 129523, 108726, 11989, 38046, 35468, 23082, 56339, 87532, 108274, 127706, 127608, 143198, 27549, 132529, 104086, 140342, 76957, 120605, 32624, 86068, 125432, 81333, 87837, 148367, 10500, 136456, 45199, 80332, 152291, 22238, 60363, 84920, 65086, 63385, 61396, 135067, 5848, 137850, 16506, 77438, 141529, 2724, 150074, 6355, 65208, 144783, 130542, 13852, 99976, 57023, 62359, 53308, 82252, 74954, 64997, 103644, 57539, 112039, 132003, 123955, 62284, 28631, 51594, 33282, 92699, 106352, 53558, 128225, 50185, 85999, 15075, 37718, 107960, 38404]

2026-01-05 20:52:18,821 - INFO - 当前用时 0.10 秒
2026-01-05 20:52:18,822 - INFO - 将种子集 写入位置: /root/pythonspace/data-test/network.douban/2026-1-6/seeds-with-network.douban/random_alpha_sort_seedNum-200_SSRNum-100000.txt
2026-01-05 20:52:18,822 - INFO - 首次生成种子集 importance_sort
2026-01-05 20:52:18,822 - INFO - 执行当前算法开始: importance_sort
2026-01-05 20:59:10,693 - INFO - 154907 个节点的Importance值降序排序 done
2026-01-05 20:59:10,693 - INFO - 
选择的种子集 (按Importance排序): [3206, 7105, 14949, 103, 16993, 14983, 14976, 9432, 17279, 51125, 151234, 21851, 63948, 29016, 121261, 45718, 122487, 55847, 106439, 151560, 32475, 984, 30094, 129447, 54571, 153559, 12240, 66632, 13806, 82235, 34199, 142648, 94841, 96253, 15831, 84383, 10673, 74028, 84071, 120985, 91222, 95370, 136336, 152593, 64178, 39774, 43063, 84921, 10430, 127152, 33769, 54200, 89518, 94602, 61164, 15821, 29287, 18770, 128860, 31391, 3983, 109607, 3866, 60893, 24098, 40228, 24332, 135471, 9010, 21468, 118, 78538, 63514, 10810, 137063, 55821, 79657, 4440, 102190, 47784, 141307, 133709, 3714, 6392, 124108, 54506, 60466, 129851, 36443, 12848, 142328, 138354, 96596, 47288, 74263, 103196, 50306, 142105, 34411, 70139, 123097, 89467, 137570, 137569, 111360, 148311, 49936, 60108, 53357, 96868, 132295, 33867, 25221, 133983, 108292, 16931, 24269, 132558, 40606, 148054, 40261, 114400, 54122, 133546, 74471, 124692, 62857, 93655, 91483, 82854, 108967, 114799, 77583, 140854, 144554, 129523, 108726, 11989, 38046, 35468, 23082, 56339, 87532, 108274, 127706, 127608, 143198, 27549, 132529, 104086, 140342, 76957, 120605, 32624, 86068, 125432, 81333, 87837, 148367, 10500, 136456, 45199, 80332, 152291, 22238, 60363, 84920, 65086, 63385, 61396, 135067, 5848, 137850, 16506, 77438, 141529, 2724, 150074, 6355, 65208, 144783, 130542, 13852, 99976, 57023, 62359, 53308, 82252, 74954, 64997, 103644, 57539, 112039, 132003, 123955, 62284, 28631, 51594, 33282, 92699]

2026-01-05 20:59:10,707 - INFO - 当前用时 411.89 秒
2026-01-05 20:59:10,708 - INFO - 将种子集 写入位置: /root/pythonspace/data-test/network.douban/2026-1-6/seeds-with-network.douban/random_importance_sort_seedNum-200_SSRNum-100000.txt
2026-01-05 20:59:10,708 - INFO - 首次生成种子集 ris_coverage
2026-01-05 20:59:10,708 - INFO - 执行当前算法开始: ris_coverage
2026-01-05 21:02:40,706 - INFO - 图初始化完成，节点数: 154907，CSR 矩阵准备就绪。
2026-01-05 21:02:40,706 - INFO - 
开始生成 100000 组 SSR (并行进程: 8)...
2026-01-05 21:03:33,498 - INFO - 生成完毕。耗时: 52.79 秒。
2026-01-05 21:03:33,499 - INFO - 
开始选择最优种子 (Optimized Greedy) ...
2026-01-05 21:04:11,735 - INFO -   - 券 1/200 选中节点 48048, 新增覆盖 8
2026-01-05 21:04:11,802 - INFO -   - 券 2/200 选中节点 28726, 新增覆盖 9
2026-01-05 21:04:11,907 - INFO -   - 券 3/200 选中节点 46867, 新增覆盖 9
2026-01-05 21:04:12,028 - INFO -   - 券 4/200 选中节点 104796, 新增覆盖 8
2026-01-05 21:04:12,256 - INFO -   - 券 5/200 选中节点 10417, 新增覆盖 9
2026-01-05 21:04:12,509 - INFO -   - 券 6/200 选中节点 28682, 新增覆盖 7
2026-01-05 21:04:12,875 - INFO -   - 券 7/200 选中节点 36692, 新增覆盖 9
2026-01-05 21:04:13,269 - INFO -   - 券 8/200 选中节点 119535, 新增覆盖 9
2026-01-05 21:04:13,686 - INFO -   - 券 9/200 选中节点 3264, 新增覆盖 8
2026-01-05 21:04:14,135 - INFO -   - 券 10/200 选中节点 147546, 新增覆盖 8
2026-01-05 21:04:14,617 - INFO -   - 券 11/200 选中节点 72931, 新增覆盖 8
2026-01-05 21:04:15,115 - INFO -   - 券 12/200 选中节点 4337, 新增覆盖 8
2026-01-05 21:04:15,656 - INFO -   - 券 13/200 选中节点 150414, 新增覆盖 8
2026-01-05 21:04:16,219 - INFO -   - 券 14/200 选中节点 55902, 新增覆盖 9
2026-01-05 21:04:16,885 - INFO -   - 券 15/200 选中节点 42315, 新增覆盖 8
2026-01-05 21:04:17,563 - INFO -   - 券 16/200 选中节点 1744, 新增覆盖 8
2026-01-05 21:04:18,272 - INFO -   - 券 17/200 选中节点 91100, 新增覆盖 8
2026-01-05 21:04:19,079 - INFO -   - 券 18/200 选中节点 79778, 新增覆盖 8
2026-01-05 21:04:19,924 - INFO -   - 券 19/200 选中节点 119699, 新增覆盖 8
2026-01-05 21:04:20,808 - INFO -   - 券 20/200 选中节点 13359, 新增覆盖 8
2026-01-05 21:04:21,710 - INFO -   - 券 21/200 选中节点 68722, 新增覆盖 10
2026-01-05 21:04:22,698 - INFO -   - 券 22/200 选中节点 97704, 新增覆盖 8
2026-01-05 21:04:23,728 - INFO -   - 券 23/200 选中节点 12809, 新增覆盖 8
2026-01-05 21:04:24,860 - INFO -   - 券 24/200 选中节点 132037, 新增覆盖 8
2026-01-05 21:04:26,034 - INFO -   - 券 25/200 选中节点 57455, 新增覆盖 8
2026-01-05 21:04:27,269 - INFO -   - 券 26/200 选中节点 151804, 新增覆盖 8
2026-01-05 21:04:28,626 - INFO -   - 券 27/200 选中节点 77607, 新增覆盖 8
2026-01-05 21:04:30,078 - INFO -   - 券 28/200 选中节点 47213, 新增覆盖 8
2026-01-05 21:04:31,608 - INFO -   - 券 29/200 选中节点 44663, 新增覆盖 8
2026-01-05 21:04:33,213 - INFO -   - 券 30/200 选中节点 5013, 新增覆盖 8
2026-01-05 21:04:34,874 - INFO -   - 券 31/200 选中节点 49250, 新增覆盖 8
2026-01-05 21:04:36,561 - INFO -   - 券 32/200 选中节点 50283, 新增覆盖 8
2026-01-05 21:04:38,247 - INFO -   - 券 33/200 选中节点 4006, 新增覆盖 8
2026-01-05 21:04:40,002 - INFO -   - 券 34/200 选中节点 35601, 新增覆盖 8
2026-01-05 21:04:41,753 - INFO -   - 券 35/200 选中节点 56004, 新增覆盖 8
2026-01-05 21:04:43,536 - INFO -   - 券 36/200 选中节点 144670, 新增覆盖 9
2026-01-05 21:04:45,347 - INFO -   - 券 37/200 选中节点 125094, 新增覆盖 10
2026-01-05 21:04:47,145 - INFO -   - 券 38/200 选中节点 57493, 新增覆盖 8
2026-01-05 21:04:49,005 - INFO -   - 券 39/200 选中节点 80774, 新增覆盖 9
2026-01-05 21:04:50,881 - INFO -   - 券 40/200 选中节点 51854, 新增覆盖 8
2026-01-05 21:04:52,892 - INFO -   - 券 41/200 选中节点 150088, 新增覆盖 11
2026-01-05 21:04:55,025 - INFO -   - 券 42/200 选中节点 12585, 新增覆盖 8
2026-01-05 21:04:57,176 - INFO -   - 券 43/200 选中节点 111867, 新增覆盖 9
2026-01-05 21:04:59,438 - INFO -   - 券 44/200 选中节点 20081, 新增覆盖 8
2026-01-05 21:05:01,807 - INFO -   - 券 45/200 选中节点 55810, 新增覆盖 8
2026-01-05 21:05:04,219 - INFO -   - 券 46/200 选中节点 144306, 新增覆盖 9
2026-01-05 21:05:06,538 - INFO -   - 券 47/200 选中节点 22616, 新增覆盖 8
2026-01-05 21:05:08,949 - INFO -   - 券 48/200 选中节点 152158, 新增覆盖 8
2026-01-05 21:05:11,367 - INFO -   - 券 49/200 选中节点 35668, 新增覆盖 7
2026-01-05 21:05:13,829 - INFO -   - 券 50/200 选中节点 100608, 新增覆盖 8
2026-01-05 21:05:16,298 - INFO -   - 券 51/200 选中节点 11656, 新增覆盖 9
2026-01-05 21:05:18,816 - INFO -   - 券 52/200 选中节点 38070, 新增覆盖 8
2026-01-05 21:05:21,390 - INFO -   - 券 53/200 选中节点 46107, 新增覆盖 9
2026-01-05 21:05:23,980 - INFO -   - 券 54/200 选中节点 52645, 新增覆盖 8
2026-01-05 21:05:26,576 - INFO -   - 券 55/200 选中节点 15766, 新增覆盖 9
2026-01-05 21:05:29,215 - INFO -   - 券 56/200 选中节点 46826, 新增覆盖 9
2026-01-05 21:05:31,858 - INFO -   - 券 57/200 选中节点 31198, 新增覆盖 8
2026-01-05 21:05:34,495 - INFO -   - 券 58/200 选中节点 52087, 新增覆盖 9
2026-01-05 21:05:37,190 - INFO -   - 券 59/200 选中节点 28678, 新增覆盖 7
2026-01-05 21:05:39,975 - INFO -   - 券 60/200 选中节点 45567, 新增覆盖 8
2026-01-05 21:05:42,854 - INFO -   - 券 61/200 选中节点 37374, 新增覆盖 8
2026-01-05 21:05:45,730 - INFO -   - 券 62/200 选中节点 57158, 新增覆盖 8
2026-01-05 21:05:48,615 - INFO -   - 券 63/200 选中节点 8211, 新增覆盖 8
2026-01-05 21:05:51,536 - INFO -   - 券 64/200 选中节点 149000, 新增覆盖 8
2026-01-05 21:05:54,458 - INFO -   - 券 65/200 选中节点 144985, 新增覆盖 9
2026-01-05 21:05:57,481 - INFO -   - 券 66/200 选中节点 6368, 新增覆盖 8
2026-01-05 21:06:00,478 - INFO -   - 券 67/200 选中节点 50689, 新增覆盖 9
2026-01-05 21:06:03,634 - INFO -   - 券 68/200 选中节点 79195, 新增覆盖 8
2026-01-05 21:06:06,814 - INFO -   - 券 69/200 选中节点 153449, 新增覆盖 9
2026-01-05 21:06:10,099 - INFO -   - 券 70/200 选中节点 41557, 新增覆盖 9
2026-01-05 21:06:13,412 - INFO -   - 券 71/200 选中节点 13982, 新增覆盖 8
2026-01-05 21:06:16,698 - INFO -   - 券 72/200 选中节点 21444, 新增覆盖 8
2026-01-05 21:06:20,067 - INFO -   - 券 73/200 选中节点 59867, 新增覆盖 8
2026-01-05 21:06:23,570 - INFO -   - 券 74/200 选中节点 22237, 新增覆盖 9
2026-01-05 21:06:27,117 - INFO -   - 券 75/200 选中节点 26073, 新增覆盖 8
2026-01-05 21:06:30,687 - INFO -   - 券 76/200 选中节点 129165, 新增覆盖 10
2026-01-05 21:06:34,277 - INFO -   - 券 77/200 选中节点 6090, 新增覆盖 7
2026-01-05 21:06:37,952 - INFO -   - 券 78/200 选中节点 105174, 新增覆盖 9
2026-01-05 21:06:41,656 - INFO -   - 券 79/200 选中节点 9306, 新增覆盖 8
2026-01-05 21:06:45,383 - INFO -   - 券 80/200 选中节点 15808, 新增覆盖 9
2026-01-05 21:06:49,109 - INFO -   - 券 81/200 选中节点 133437, 新增覆盖 8
2026-01-05 21:06:52,859 - INFO -   - 券 82/200 选中节点 112831, 新增覆盖 9
2026-01-05 21:06:56,691 - INFO -   - 券 83/200 选中节点 137263, 新增覆盖 9
2026-01-05 21:07:00,492 - INFO -   - 券 84/200 选中节点 141293, 新增覆盖 8
2026-01-05 21:07:04,370 - INFO -   - 券 85/200 选中节点 3969, 新增覆盖 8
2026-01-05 21:07:08,248 - INFO -   - 券 86/200 选中节点 148675, 新增覆盖 8
2026-01-05 21:07:12,161 - INFO -   - 券 87/200 选中节点 94071, 新增覆盖 9
2026-01-05 21:07:16,112 - INFO -   - 券 88/200 选中节点 22607, 新增覆盖 9
2026-01-05 21:07:20,148 - INFO -   - 券 89/200 选中节点 23254, 新增覆盖 8
2026-01-05 21:07:24,153 - INFO -   - 券 90/200 选中节点 10885, 新增覆盖 8
2026-01-05 21:07:28,200 - INFO -   - 券 91/200 选中节点 65641, 新增覆盖 8
2026-01-05 21:07:32,240 - INFO -   - 券 92/200 选中节点 51624, 新增覆盖 8
2026-01-05 21:07:36,364 - INFO -   - 券 93/200 选中节点 103539, 新增覆盖 8
2026-01-05 21:07:40,477 - INFO -   - 券 94/200 选中节点 37565, 新增覆盖 7
2026-01-05 21:07:44,728 - INFO -   - 券 95/200 选中节点 47215, 新增覆盖 8
2026-01-05 21:07:48,920 - INFO -   - 券 96/200 选中节点 5310, 新增覆盖 8
2026-01-05 21:07:53,137 - INFO -   - 券 97/200 选中节点 143375, 新增覆盖 8
2026-01-05 21:07:57,444 - INFO -   - 券 98/200 选中节点 41761, 新增覆盖 9
2026-01-05 21:08:01,865 - INFO -   - 券 99/200 选中节点 100051, 新增覆盖 7
2026-01-05 21:08:06,410 - INFO -   - 券 100/200 选中节点 60623, 新增覆盖 9
2026-01-05 21:08:11,003 - INFO -   - 券 101/200 选中节点 56714, 新增覆盖 9
2026-01-05 21:08:15,530 - INFO -   - 券 102/200 选中节点 49779, 新增覆盖 7
2026-01-05 21:08:20,186 - INFO -   - 券 103/200 选中节点 77947, 新增覆盖 7
2026-01-05 21:08:24,978 - INFO -   - 券 104/200 选中节点 83638, 新增覆盖 8
2026-01-05 21:08:29,899 - INFO -   - 券 105/200 选中节点 62893, 新增覆盖 9
2026-01-05 21:08:34,871 - INFO -   - 券 106/200 选中节点 21688, 新增覆盖 8
2026-01-05 21:08:39,745 - INFO -   - 券 107/200 选中节点 132775, 新增覆盖 8
2026-01-05 21:08:44,932 - INFO -   - 券 108/200 选中节点 125223, 新增覆盖 8
2026-01-05 21:08:50,056 - INFO -   - 券 109/200 选中节点 65834, 新增覆盖 7
2026-01-05 21:08:55,163 - INFO -   - 券 110/200 选中节点 11620, 新增覆盖 7
2026-01-05 21:09:00,329 - INFO -   - 券 111/200 选中节点 24526, 新增覆盖 9
2026-01-05 21:09:05,571 - INFO -   - 券 112/200 选中节点 75490, 新增覆盖 8
2026-01-05 21:09:10,922 - INFO -   - 券 113/200 选中节点 94247, 新增覆盖 8
2026-01-05 21:09:16,254 - INFO -   - 券 114/200 选中节点 75967, 新增覆盖 8
2026-01-05 21:09:21,665 - INFO -   - 券 115/200 选中节点 9132, 新增覆盖 8
2026-01-05 21:09:26,993 - INFO -   - 券 116/200 选中节点 6160, 新增覆盖 7
2026-01-05 21:09:32,391 - INFO -   - 券 117/200 选中节点 74094, 新增覆盖 9
2026-01-05 21:09:37,913 - INFO -   - 券 118/200 选中节点 17989, 新增覆盖 8
2026-01-05 21:09:43,559 - INFO -   - 券 119/200 选中节点 129417, 新增覆盖 8
2026-01-05 21:09:49,068 - INFO -   - 券 120/200 选中节点 24387, 新增覆盖 8
2026-01-05 21:09:54,588 - INFO -   - 券 121/200 选中节点 53178, 新增覆盖 8
2026-01-05 21:10:00,318 - INFO -   - 券 122/200 选中节点 50286, 新增覆盖 8
2026-01-05 21:10:06,073 - INFO -   - 券 123/200 选中节点 92208, 新增覆盖 8
2026-01-05 21:10:11,719 - INFO -   - 券 124/200 选中节点 148654, 新增覆盖 8
2026-01-05 21:10:17,424 - INFO -   - 券 125/200 选中节点 108656, 新增覆盖 8
2026-01-05 21:10:23,146 - INFO -   - 券 126/200 选中节点 75841, 新增覆盖 8
2026-01-05 21:10:29,034 - INFO -   - 券 127/200 选中节点 6641, 新增覆盖 8
2026-01-05 21:10:34,722 - INFO -   - 券 128/200 选中节点 50508, 新增覆盖 8
2026-01-05 21:10:40,463 - INFO -   - 券 129/200 选中节点 60361, 新增覆盖 8
2026-01-05 21:10:46,359 - INFO -   - 券 130/200 选中节点 70485, 新增覆盖 7
2026-01-05 21:10:52,359 - INFO -   - 券 131/200 选中节点 95198, 新增覆盖 8
2026-01-05 21:10:58,323 - INFO -   - 券 132/200 选中节点 87894, 新增覆盖 8
2026-01-05 21:11:04,433 - INFO -   - 券 133/200 选中节点 13759, 新增覆盖 8
2026-01-05 21:11:10,477 - INFO -   - 券 134/200 选中节点 49578, 新增覆盖 7
2026-01-05 21:11:16,820 - INFO -   - 券 135/200 选中节点 16622, 新增覆盖 8
2026-01-05 21:11:23,080 - INFO -   - 券 136/200 选中节点 64933, 新增覆盖 8
2026-01-05 21:11:29,408 - INFO -   - 券 137/200 选中节点 39805, 新增覆盖 8
2026-01-05 21:11:35,819 - INFO -   - 券 138/200 选中节点 55047, 新增覆盖 8
2026-01-05 21:11:42,042 - INFO -   - 券 139/200 选中节点 9321, 新增覆盖 8
2026-01-05 21:11:48,289 - INFO -   - 券 140/200 选中节点 62455, 新增覆盖 8
2026-01-05 21:11:54,867 - INFO -   - 券 141/200 选中节点 78596, 新增覆盖 7
2026-01-05 21:12:01,478 - INFO -   - 券 142/200 选中节点 91266, 新增覆盖 7
2026-01-05 21:12:07,915 - INFO -   - 券 143/200 选中节点 40041, 新增覆盖 7
2026-01-05 21:12:14,529 - INFO -   - 券 144/200 选中节点 97044, 新增覆盖 8
2026-01-05 21:12:21,307 - INFO -   - 券 145/200 选中节点 31333, 新增覆盖 8
2026-01-05 21:12:28,061 - INFO -   - 券 146/200 选中节点 51118, 新增覆盖 8
2026-01-05 21:12:34,886 - INFO -   - 券 147/200 选中节点 64566, 新增覆盖 8
2026-01-05 21:12:41,721 - INFO -   - 券 148/200 选中节点 136002, 新增覆盖 8
2026-01-05 21:12:48,659 - INFO -   - 券 149/200 选中节点 52591, 新增覆盖 9
2026-01-05 21:12:55,626 - INFO -   - 券 150/200 选中节点 58664, 新增覆盖 9
2026-01-05 21:13:02,551 - INFO -   - 券 151/200 选中节点 46801, 新增覆盖 7
2026-01-05 21:13:09,746 - INFO -   - 券 152/200 选中节点 27643, 新增覆盖 9
2026-01-05 21:13:16,801 - INFO -   - 券 153/200 选中节点 70908, 新增覆盖 8
2026-01-05 21:13:23,914 - INFO -   - 券 154/200 选中节点 32190, 新增覆盖 9
2026-01-05 21:13:31,030 - INFO -   - 券 155/200 选中节点 111765, 新增覆盖 8
2026-01-05 21:13:38,248 - INFO -   - 券 156/200 选中节点 102396, 新增覆盖 8
2026-01-05 21:13:45,700 - INFO -   - 券 157/200 选中节点 53410, 新增覆盖 9
2026-01-05 21:13:53,057 - INFO -   - 券 158/200 选中节点 860, 新增覆盖 8
2026-01-05 21:14:00,528 - INFO -   - 券 159/200 选中节点 139599, 新增覆盖 7
2026-01-05 21:14:08,000 - INFO -   - 券 160/200 选中节点 58489, 新增覆盖 8
2026-01-05 21:14:15,545 - INFO -   - 券 161/200 选中节点 144426, 新增覆盖 9
2026-01-05 21:14:23,208 - INFO -   - 券 162/200 选中节点 48019, 新增覆盖 8
2026-01-05 21:14:30,880 - INFO -   - 券 163/200 选中节点 105141, 新增覆盖 7
2026-01-05 21:14:38,525 - INFO -   - 券 164/200 选中节点 144067, 新增覆盖 8
2026-01-05 21:14:46,376 - INFO -   - 券 165/200 选中节点 49751, 新增覆盖 7
2026-01-05 21:14:54,001 - INFO -   - 券 166/200 选中节点 74932, 新增覆盖 8
2026-01-05 21:15:01,919 - INFO -   - 券 167/200 选中节点 69692, 新增覆盖 8
2026-01-05 21:15:09,937 - INFO -   - 券 168/200 选中节点 13707, 新增覆盖 8
2026-01-05 21:15:17,855 - INFO -   - 券 169/200 选中节点 146482, 新增覆盖 9
2026-01-05 21:15:25,859 - INFO -   - 券 170/200 选中节点 48608, 新增覆盖 7
2026-01-05 21:15:33,826 - INFO -   - 券 171/200 选中节点 14245, 新增覆盖 9
2026-01-05 21:15:41,924 - INFO -   - 券 172/200 选中节点 147993, 新增覆盖 8
2026-01-05 21:15:50,130 - INFO -   - 券 173/200 选中节点 52866, 新增覆盖 8
2026-01-05 21:15:58,312 - INFO -   - 券 174/200 选中节点 22088, 新增覆盖 8
2026-01-05 21:16:06,313 - INFO -   - 券 175/200 选中节点 154818, 新增覆盖 9
2026-01-05 21:16:14,655 - INFO -   - 券 176/200 选中节点 114961, 新增覆盖 8
2026-01-05 21:16:22,852 - INFO -   - 券 177/200 选中节点 119806, 新增覆盖 8
2026-01-05 21:16:31,032 - INFO -   - 券 178/200 选中节点 108004, 新增覆盖 8
2026-01-05 21:16:39,337 - INFO -   - 券 179/200 选中节点 30593, 新增覆盖 8
2026-01-05 21:16:47,778 - INFO -   - 券 180/200 选中节点 97684, 新增覆盖 8
2026-01-05 21:16:56,363 - INFO -   - 券 181/200 选中节点 56959, 新增覆盖 8
2026-01-05 21:17:04,902 - INFO -   - 券 182/200 选中节点 46157, 新增覆盖 8
2026-01-05 21:17:13,398 - INFO -   - 券 183/200 选中节点 64955, 新增覆盖 8
2026-01-05 21:17:21,958 - INFO -   - 券 184/200 选中节点 55623, 新增覆盖 7
2026-01-05 21:17:30,494 - INFO -   - 券 185/200 选中节点 151748, 新增覆盖 11
2026-01-05 21:17:39,234 - INFO -   - 券 186/200 选中节点 50411, 新增覆盖 7
2026-01-05 21:17:47,761 - INFO -   - 券 187/200 选中节点 37309, 新增覆盖 8
2026-01-05 21:17:56,508 - INFO -   - 券 188/200 选中节点 55411, 新增覆盖 8
2026-01-05 21:18:05,227 - INFO -   - 券 189/200 选中节点 46499, 新增覆盖 8
2026-01-05 21:18:14,232 - INFO -   - 券 190/200 选中节点 5959, 新增覆盖 9
2026-01-05 21:18:23,251 - INFO -   - 券 191/200 选中节点 94748, 新增覆盖 8
2026-01-05 21:18:32,199 - INFO -   - 券 192/200 选中节点 153729, 新增覆盖 9
2026-01-05 21:18:41,320 - INFO -   - 券 193/200 选中节点 1918, 新增覆盖 8
2026-01-05 21:18:50,349 - INFO -   - 券 194/200 选中节点 107370, 新增覆盖 8
2026-01-05 21:18:59,559 - INFO -   - 券 195/200 选中节点 42559, 新增覆盖 8
2026-01-05 21:19:08,609 - INFO -   - 券 196/200 选中节点 110277, 新增覆盖 8
2026-01-05 21:19:17,757 - INFO -   - 券 197/200 选中节点 52414, 新增覆盖 9
2026-01-05 21:19:26,951 - INFO -   - 券 198/200 选中节点 65976, 新增覆盖 7
2026-01-05 21:19:36,092 - INFO -   - 券 199/200 选中节点 57692, 新增覆盖 9
2026-01-05 21:19:45,145 - INFO -   - 券 200/200 选中节点 19499, 新增覆盖 9
2026-01-05 21:19:45,145 - INFO - 选种完毕。耗时: 971.65 秒。
2026-01-05 21:19:47,207 - INFO - 最终选择的种子集: [48048, 28726, 46867, 104796, 10417, 28682, 36692, 119535, 3264, 147546, 72931, 4337, 150414, 55902, 42315, 1744, 91100, 79778, 119699, 13359, 68722, 97704, 12809, 132037, 57455, 151804, 77607, 47213, 44663, 5013, 49250, 50283, 4006, 35601, 56004, 144670, 125094, 57493, 80774, 51854, 150088, 12585, 111867, 20081, 55810, 144306, 22616, 152158, 35668, 100608, 11656, 38070, 46107, 52645, 15766, 46826, 31198, 52087, 28678, 45567, 37374, 57158, 8211, 149000, 144985, 6368, 50689, 79195, 153449, 41557, 13982, 21444, 59867, 22237, 26073, 129165, 6090, 105174, 9306, 15808, 133437, 112831, 137263, 141293, 3969, 148675, 94071, 22607, 23254, 10885, 65641, 51624, 103539, 37565, 47215, 5310, 143375, 41761, 100051, 60623, 56714, 49779, 77947, 83638, 62893, 21688, 132775, 125223, 65834, 11620, 24526, 75490, 94247, 75967, 9132, 6160, 74094, 17989, 129417, 24387, 53178, 50286, 92208, 148654, 108656, 75841, 6641, 50508, 60361, 70485, 95198, 87894, 13759, 49578, 16622, 64933, 39805, 55047, 9321, 62455, 78596, 91266, 40041, 97044, 31333, 51118, 64566, 136002, 52591, 58664, 46801, 27643, 70908, 32190, 111765, 102396, 53410, 860, 139599, 58489, 144426, 48019, 105141, 144067, 49751, 74932, 69692, 13707, 146482, 48608, 14245, 147993, 52866, 22088, 154818, 114961, 119806, 108004, 30593, 97684, 56959, 46157, 64955, 55623, 151748, 50411, 37309, 55411, 46499, 5959, 94748, 153729, 1918, 107370, 42559, 110277, 52414, 65976, 57692, 19499]

2026-01-05 21:19:48,979 - INFO - 当前用时 1238.27 秒
2026-01-05 21:19:48,980 - INFO - 将种子集 写入位置: /root/pythonspace/data-test/network.douban/2026-1-6/seeds-with-network.douban/random_ris_coverage_seedNum-200_SSRNum-100000.txt
2026-01-05 21:19:48,986 - INFO - 评估种子集: None
2026-01-05 21:19:48,986 - INFO - 多进程评估开始，共有 6 个方法待评估...
2026-01-05 21:19:48,986 - INFO - 启动进程池，Worker数量: 6
