2026-01-05 19:35:27,197 - INFO - 加载数据集: network.douban
2026-01-05 19:35:56,021 - INFO - 加载数据集: network.douban
2026-01-05 19:35:56,025 - INFO - --- 矩阵分析 ---
2026-01-05 19:35:56,025 - INFO - 节点数 (N): 154907
2026-01-05 19:35:56,025 - INFO - 边数 (E): 654206
2026-01-05 19:35:56,025 - INFO - 密度 (Density): 0.00002726 (越小越稀疏)
2026-01-05 19:35:56,025 - INFO - 稀疏度 (Sparsity): 0.99997274 (越接近1越稀疏)
2026-01-05 19:35:56,026 - INFO - 平均度数 (Avg Degree): 4.22
2026-01-05 19:35:56,034 - INFO - 首次生成度相关概率分布 分布类型: 'random'.
2026-01-05 19:35:56,034 - INFO - ===> Generating 'Dirichlet' distributions with alpha=[500, 500, 500]...
2026-01-05 19:35:56,067 - INFO - 保存概率分布 文件位置: /root/pythonspace/data-test/network.douban/2026-1-6/distribution-in-network.douban/distribution-random_seedNum-50.pkl
2026-01-05 19:35:57,192 - INFO - 首次生成种子集 random
2026-01-05 19:35:57,192 - INFO - 执行当前算法开始: random
2026-01-05 19:35:57,192 - INFO - 数据集节点总数:  n = 154907, m = 50
2026-01-05 19:35:57,192 - INFO - 选择 50  [88797, 109140, 49792, 30527, 46786, 6492, 43961, 53122, 121395, 137803, 118707, 49549, 55087, 5388, 40480, 21273, 63112, 85994, 19628, 154003, 114416, 72773, 103370, 9051, 114585, 135208, 71294, 103856, 6421, 92001, 45928, 52388, 56015, 30114, 18113, 39610, 95509, 120179, 65687, 83869, 87125, 70994, 121082, 110447, 95506, 23238, 112441, 4090, 154692, 2824]

2026-01-05 19:35:57,192 - INFO - 当前用时 0.00 秒
2026-01-05 19:35:57,193 - INFO - 将种子集 写入位置: /root/pythonspace/data-test/network.douban/2026-1-6/seeds-with-network.douban/random_random_seedNum-50_SSRNum-100000.txt
2026-01-05 19:35:57,193 - INFO - 首次生成种子集 degreeTopM
2026-01-05 19:35:57,193 - INFO - 执行当前算法开始: degreeTopM
2026-01-05 19:35:57,193 - INFO - 依据: 选择连接数（度数）最多的节点。
2026-01-05 19:35:57,203 - INFO - 选择的 Top M 节点及其度数:
2026-01-05 19:35:57,203 - INFO - 
2026-01-05 19:35:57,203 - INFO - 当前用时 0.01 秒
2026-01-05 19:35:57,203 - INFO - 将种子集 写入位置: /root/pythonspace/data-test/network.douban/2026-1-6/seeds-with-network.douban/random_degreeTopM_seedNum-50_SSRNum-100000.txt
2026-01-05 19:35:57,203 - INFO - 首次生成种子集 pageRank
2026-01-05 19:35:57,203 - INFO - 执行当前算法开始: pageRank
2026-01-05 19:35:57,203 - INFO - --- Running: PageRank (on tranProMatrix) Top M ---
2026-01-05 19:39:09,344 - INFO - Selected PageRank seeds: [255, 875, 874, 7946, 4371, 168, 3527, 2971, 26, 6855, 180, 6836, 1465, 3020, 3463, 474, 3261, 969, 4153, 7204, 47, 2613, 429, 121785, 573, 8172, 2915, 82977, 5179, 63108, 77378, 70047, 4234, 58586, 92, 46050, 88, 1160, 1264, 8915, 46517, 120909, 69479, 15188, 55050, 69454, 961, 72755, 419, 1522]
2026-01-05 19:39:09,476 - INFO - 当前用时 192.27 秒
2026-01-05 19:39:09,476 - INFO - 将种子集 写入位置: /root/pythonspace/data-test/network.douban/2026-1-6/seeds-with-network.douban/random_pageRank_seedNum-50_SSRNum-100000.txt
2026-01-05 19:39:09,476 - INFO - 首次生成种子集 alpha_sort
2026-01-05 19:39:09,476 - INFO - 执行当前算法开始: alpha_sort
2026-01-05 19:39:09,577 - INFO - 154907 个节点的alpha值降序排序 done
2026-01-05 19:39:09,577 - INFO - ==============>> [(12520, 0.3903807), (105383, 0.38653), (45456, 0.386137), (50537, 0.3859417), (135764, 0.3851006), (53864, 0.3849001), (91224, 0.3837864), (132035, 0.3836653), (83532, 0.3834468), (8605, 0.3829396)]
2026-01-05 19:39:09,577 - INFO - 
选择的种子集 (按alpha排序): [12520, 105383, 45456, 50537, 135764, 53864, 91224, 132035, 83532, 8605, 27197, 96305, 80153, 11027, 58038, 136324, 134291, 74710, 50293, 149449, 74396, 116266, 123313, 93837, 113200, 111677, 103056, 66244, 105747, 38313, 94723, 82082, 83093, 27612, 114163, 95557, 21180, 33796, 42892, 112588, 48022, 113265, 74250, 77502, 145345, 113982, 93159, 136540, 35446, 121252]

2026-01-05 19:39:09,587 - INFO - 当前用时 0.11 秒
2026-01-05 19:39:09,587 - INFO - 将种子集 写入位置: /root/pythonspace/data-test/network.douban/2026-1-6/seeds-with-network.douban/random_alpha_sort_seedNum-50_SSRNum-100000.txt
2026-01-05 19:39:09,587 - INFO - 首次生成种子集 importance_sort
2026-01-05 19:39:09,587 - INFO - 执行当前算法开始: importance_sort
2026-01-05 19:48:03,946 - INFO - 154907 个节点的Importance值降序排序 done
2026-01-05 19:48:03,946 - INFO - 
选择的种子集 (按Importance排序): [14976, 16993, 7105, 103, 17279, 9432, 14983, 3206, 14949, 12520, 105383, 45456, 50537, 135764, 53864, 91224, 132035, 83532, 8605, 27197, 96305, 80153, 11027, 58038, 136324, 134291, 74710, 50293, 149449, 74396, 116266, 123313, 93837, 113200, 111677, 103056, 66244, 105747, 38313, 94723, 82082, 83093, 27612, 114163, 95557, 21180, 33796, 42892, 112588, 48022]

2026-01-05 19:48:03,960 - INFO - 当前用时 534.37 秒
2026-01-05 19:48:03,960 - INFO - 将种子集 写入位置: /root/pythonspace/data-test/network.douban/2026-1-6/seeds-with-network.douban/random_importance_sort_seedNum-50_SSRNum-100000.txt
2026-01-05 19:48:03,961 - INFO - 首次生成种子集 ris_coverage
2026-01-05 19:48:03,961 - INFO - 执行当前算法开始: ris_coverage
2026-01-05 19:56:09,638 - INFO - 图初始化完成，节点数: 154907，CSR 矩阵准备就绪。
2026-01-05 19:56:09,638 - INFO - 
开始生成 100000 组 SSR (并行进程: 8)...
2026-01-05 19:56:41,704 - INFO - 生成完毕。耗时: 32.07 秒。
2026-01-05 19:56:41,705 - INFO - 
开始选择最优种子 (Optimized Greedy) ...
2026-01-05 19:56:54,817 - INFO -   - 券 1/50 选中节点 701, 新增覆盖 10
2026-01-05 19:56:54,893 - INFO -   - 券 2/50 选中节点 57490, 新增覆盖 8
2026-01-05 19:56:54,995 - INFO -   - 券 3/50 选中节点 49244, 新增覆盖 9
2026-01-05 19:56:55,126 - INFO -   - 券 4/50 选中节点 142454, 新增覆盖 8
2026-01-05 19:56:55,371 - INFO -   - 券 5/50 选中节点 66914, 新增覆盖 8
2026-01-05 19:56:55,725 - INFO -   - 券 6/50 选中节点 70023, 新增覆盖 10
2026-01-05 19:56:56,105 - INFO -   - 券 7/50 选中节点 113113, 新增覆盖 9
2026-01-05 19:56:56,517 - INFO -   - 券 8/50 选中节点 120978, 新增覆盖 9
2026-01-05 19:56:57,035 - INFO -   - 券 9/50 选中节点 24637, 新增覆盖 9
2026-01-05 19:56:57,592 - INFO -   - 券 10/50 选中节点 25958, 新增覆盖 8
2026-01-05 19:56:58,257 - INFO -   - 券 11/50 选中节点 119526, 新增覆盖 10
2026-01-05 19:56:58,960 - INFO -   - 券 12/50 选中节点 108295, 新增覆盖 8
2026-01-05 19:56:59,754 - INFO -   - 券 13/50 选中节点 60082, 新增覆盖 8
2026-01-05 19:57:00,551 - INFO -   - 券 14/50 选中节点 69818, 新增覆盖 8
2026-01-05 19:57:01,468 - INFO -   - 券 15/50 选中节点 8921, 新增覆盖 8
2026-01-05 19:57:02,442 - INFO -   - 券 16/50 选中节点 89457, 新增覆盖 9
2026-01-05 19:57:03,521 - INFO -   - 券 17/50 选中节点 65450, 新增覆盖 9
2026-01-05 19:57:04,594 - INFO -   - 券 18/50 选中节点 36862, 新增覆盖 9
2026-01-05 19:57:05,710 - INFO -   - 券 19/50 选中节点 47273, 新增覆盖 8
2026-01-05 19:57:06,856 - INFO -   - 券 20/50 选中节点 81474, 新增覆盖 8
2026-01-05 19:57:08,046 - INFO -   - 券 21/50 选中节点 56333, 新增覆盖 9
2026-01-05 19:57:09,280 - INFO -   - 券 22/50 选中节点 147285, 新增覆盖 9
2026-01-05 19:57:10,605 - INFO -   - 券 23/50 选中节点 60356, 新增覆盖 9
2026-01-05 19:57:11,954 - INFO -   - 券 24/50 选中节点 147380, 新增覆盖 8
2026-01-05 19:57:13,336 - INFO -   - 券 25/50 选中节点 92208, 新增覆盖 8
2026-01-05 19:57:14,719 - INFO -   - 券 26/50 选中节点 120583, 新增覆盖 9
2026-01-05 19:57:16,227 - INFO -   - 券 27/50 选中节点 116960, 新增覆盖 8
2026-01-05 19:57:17,754 - INFO -   - 券 28/50 选中节点 73309, 新增覆盖 8
2026-01-05 19:57:19,310 - INFO -   - 券 29/50 选中节点 7464, 新增覆盖 9
2026-01-05 19:57:20,895 - INFO -   - 券 30/50 选中节点 109822, 新增覆盖 8
2026-01-05 19:57:22,464 - INFO -   - 券 31/50 选中节点 13369, 新增覆盖 8
2026-01-05 19:57:24,062 - INFO -   - 券 32/50 选中节点 72414, 新增覆盖 8
2026-01-05 19:57:25,714 - INFO -   - 券 33/50 选中节点 75376, 新增覆盖 8
2026-01-05 19:57:27,400 - INFO -   - 券 34/50 选中节点 75456, 新增覆盖 8
2026-01-05 19:57:29,169 - INFO -   - 券 35/50 选中节点 110601, 新增覆盖 10
2026-01-05 19:57:30,973 - INFO -   - 券 36/50 选中节点 78742, 新增覆盖 7
2026-01-05 19:57:32,795 - INFO -   - 券 37/50 选中节点 6215, 新增覆盖 8
2026-01-05 19:57:34,683 - INFO -   - 券 38/50 选中节点 28930, 新增覆盖 9
2026-01-05 19:57:36,538 - INFO -   - 券 39/50 选中节点 9892, 新增覆盖 8
2026-01-05 19:57:38,404 - INFO -   - 券 40/50 选中节点 56232, 新增覆盖 8
2026-01-05 19:57:40,317 - INFO -   - 券 41/50 选中节点 131178, 新增覆盖 9
2026-01-05 19:57:42,306 - INFO -   - 券 42/50 选中节点 5434, 新增覆盖 7
2026-01-05 19:57:44,428 - INFO -   - 券 43/50 选中节点 20520, 新增覆盖 8
2026-01-05 19:57:46,591 - INFO -   - 券 44/50 选中节点 221, 新增覆盖 8
2026-01-05 19:57:48,811 - INFO -   - 券 45/50 选中节点 34072, 新增覆盖 8
2026-01-05 19:57:51,045 - INFO -   - 券 46/50 选中节点 107462, 新增覆盖 8
2026-01-05 19:57:53,286 - INFO -   - 券 47/50 选中节点 126111, 新增覆盖 8
2026-01-05 19:57:55,621 - INFO -   - 券 48/50 选中节点 21637, 新增覆盖 7
2026-01-05 19:57:57,936 - INFO -   - 券 49/50 选中节点 66324, 新增覆盖 10
2026-01-05 19:58:00,340 - INFO -   - 券 50/50 选中节点 47425, 新增覆盖 8
2026-01-05 19:58:00,340 - INFO - 选种完毕。耗时: 78.63 秒。
2026-01-05 19:58:00,983 - INFO - 最终选择的种子集: [701, 57490, 49244, 142454, 66914, 70023, 113113, 120978, 24637, 25958, 119526, 108295, 60082, 69818, 8921, 89457, 65450, 36862, 47273, 81474, 56333, 147285, 60356, 147380, 92208, 120583, 116960, 73309, 7464, 109822, 13369, 72414, 75376, 75456, 110601, 78742, 6215, 28930, 9892, 56232, 131178, 5434, 20520, 221, 34072, 107462, 126111, 21637, 66324, 47425]

2026-01-05 19:58:01,714 - INFO - 当前用时 597.75 秒
2026-01-05 19:58:01,715 - INFO - 将种子集 写入位置: /root/pythonspace/data-test/network.douban/2026-1-6/seeds-with-network.douban/random_ris_coverage_seedNum-50_SSRNum-100000.txt
2026-01-05 19:58:01,735 - INFO - 评估种子集: None
2026-01-05 19:58:01,735 - INFO - 多进程评估开始，共有 6 个方法待评估...
2026-01-05 19:58:01,735 - INFO - 启动进程池，Worker数量: 6
2026-01-05 19:59:22,723 - INFO - 加载数据集: network.douban
2026-01-05 19:59:22,729 - INFO - --- 矩阵分析 ---
2026-01-05 19:59:22,729 - INFO - 节点数 (N): 154907
2026-01-05 19:59:22,729 - INFO - 边数 (E): 654206
2026-01-05 19:59:22,729 - INFO - 密度 (Density): 0.00002726 (越小越稀疏)
2026-01-05 19:59:22,729 - INFO - 稀疏度 (Sparsity): 0.99997274 (越接近1越稀疏)
2026-01-05 19:59:22,729 - INFO - 平均度数 (Avg Degree): 4.22
2026-01-05 19:59:22,739 - INFO - 复用概率分布 文件位置: /root/pythonspace/data-test/network.douban/2026-1-6/distribution-in-network.douban/distribution-random_seedNum-50.pkl
2026-01-05 19:59:24,003 - INFO - 从当前位置 读取种子集 /root/pythonspace/data-test/network.douban/2026-1-6/seeds-with-network.douban/random_random_seedNum-50_SSRNum-100000.txt
2026-01-05 19:59:24,003 - INFO - 从当前位置 读取种子集 /root/pythonspace/data-test/network.douban/2026-1-6/seeds-with-network.douban/random_degreeTopM_seedNum-50_SSRNum-100000.txt
2026-01-05 19:59:24,004 - INFO - 从当前位置 读取种子集 /root/pythonspace/data-test/network.douban/2026-1-6/seeds-with-network.douban/random_pageRank_seedNum-50_SSRNum-100000.txt
2026-01-05 19:59:24,004 - INFO - 从当前位置 读取种子集 /root/pythonspace/data-test/network.douban/2026-1-6/seeds-with-network.douban/random_alpha_sort_seedNum-50_SSRNum-100000.txt
2026-01-05 19:59:24,004 - INFO - 从当前位置 读取种子集 /root/pythonspace/data-test/network.douban/2026-1-6/seeds-with-network.douban/random_importance_sort_seedNum-50_SSRNum-100000.txt
2026-01-05 19:59:24,005 - INFO - 从当前位置 读取种子集 /root/pythonspace/data-test/network.douban/2026-1-6/seeds-with-network.douban/random_ris_coverage_seedNum-50_SSRNum-100000.txt
2026-01-05 19:59:24,012 - INFO - 评估种子集: None
2026-01-05 19:59:24,013 - INFO - 多进程评估开始，共有 6 个方法待评估...
2026-01-05 19:59:24,013 - INFO - 启动进程池，Worker数量: 6
2026-01-05 20:03:41,521 - INFO - 加载数据集: network.douban
2026-01-05 20:03:41,527 - INFO - --- 矩阵分析 ---
2026-01-05 20:03:41,527 - INFO - 节点数 (N): 154907
2026-01-05 20:03:41,527 - INFO - 边数 (E): 654206
2026-01-05 20:03:41,527 - INFO - 密度 (Density): 0.00002726 (越小越稀疏)
2026-01-05 20:03:41,527 - INFO - 稀疏度 (Sparsity): 0.99997274 (越接近1越稀疏)
2026-01-05 20:03:41,527 - INFO - 平均度数 (Avg Degree): 4.22
2026-01-05 20:03:41,538 - INFO - 复用概率分布 文件位置: /root/pythonspace/data-test/network.douban/2026-1-6/distribution-in-network.douban/distribution-random_seedNum-50.pkl
2026-01-05 20:03:42,981 - INFO - 从当前位置 读取种子集 /root/pythonspace/data-test/network.douban/2026-1-6/seeds-with-network.douban/random_random_seedNum-50_SSRNum-100000.txt
2026-01-05 20:03:42,981 - INFO - 从当前位置 读取种子集 /root/pythonspace/data-test/network.douban/2026-1-6/seeds-with-network.douban/random_degreeTopM_seedNum-50_SSRNum-100000.txt
2026-01-05 20:03:42,982 - INFO - 从当前位置 读取种子集 /root/pythonspace/data-test/network.douban/2026-1-6/seeds-with-network.douban/random_pageRank_seedNum-50_SSRNum-100000.txt
2026-01-05 20:03:42,982 - INFO - 从当前位置 读取种子集 /root/pythonspace/data-test/network.douban/2026-1-6/seeds-with-network.douban/random_alpha_sort_seedNum-50_SSRNum-100000.txt
2026-01-05 20:03:42,983 - INFO - 从当前位置 读取种子集 /root/pythonspace/data-test/network.douban/2026-1-6/seeds-with-network.douban/random_importance_sort_seedNum-50_SSRNum-100000.txt
2026-01-05 20:03:42,983 - INFO - 从当前位置 读取种子集 /root/pythonspace/data-test/network.douban/2026-1-6/seeds-with-network.douban/random_ris_coverage_seedNum-50_SSRNum-100000.txt
2026-01-05 20:03:42,992 - INFO - 评估种子集: None
2026-01-05 20:03:42,992 - INFO - 多进程评估开始，共有 6 个方法待评估...
2026-01-05 20:03:42,992 - INFO - 启动进程池，Worker数量: 6
2026-01-05 20:13:20,615 - INFO - 加载数据集: network.douban
2026-01-05 20:13:20,621 - INFO - --- 矩阵分析 ---
2026-01-05 20:13:20,621 - INFO - 节点数 (N): 154907
2026-01-05 20:13:20,621 - INFO - 边数 (E): 654206
2026-01-05 20:13:20,621 - INFO - 密度 (Density): 0.00002726 (越小越稀疏)
2026-01-05 20:13:20,621 - INFO - 稀疏度 (Sparsity): 0.99997274 (越接近1越稀疏)
2026-01-05 20:13:20,621 - INFO - 平均度数 (Avg Degree): 4.22
2026-01-05 20:13:20,632 - INFO - 复用概率分布 文件位置: /root/pythonspace/data-test/network.douban/2026-1-6/distribution-in-network.douban/distribution-random_seedNum-50.pkl
2026-01-05 20:13:22,091 - INFO - 从当前位置 读取种子集 /root/pythonspace/data-test/network.douban/2026-1-6/seeds-with-network.douban/random_random_seedNum-50_SSRNum-100000.txt
2026-01-05 20:13:22,091 - INFO - 从当前位置 读取种子集 /root/pythonspace/data-test/network.douban/2026-1-6/seeds-with-network.douban/random_degreeTopM_seedNum-50_SSRNum-100000.txt
2026-01-05 20:13:22,092 - INFO - 从当前位置 读取种子集 /root/pythonspace/data-test/network.douban/2026-1-6/seeds-with-network.douban/random_pageRank_seedNum-50_SSRNum-100000.txt
2026-01-05 20:13:22,092 - INFO - 从当前位置 读取种子集 /root/pythonspace/data-test/network.douban/2026-1-6/seeds-with-network.douban/random_alpha_sort_seedNum-50_SSRNum-100000.txt
2026-01-05 20:13:22,093 - INFO - 从当前位置 读取种子集 /root/pythonspace/data-test/network.douban/2026-1-6/seeds-with-network.douban/random_importance_sort_seedNum-50_SSRNum-100000.txt
2026-01-05 20:13:22,093 - INFO - 从当前位置 读取种子集 /root/pythonspace/data-test/network.douban/2026-1-6/seeds-with-network.douban/random_ris_coverage_seedNum-50_SSRNum-100000.txt
2026-01-05 20:13:22,100 - INFO - 评估种子集: None
2026-01-05 20:13:22,101 - INFO - 多进程评估开始，共有 6 个方法待评估...
2026-01-05 20:13:22,101 - INFO - 启动进程池，Worker数量: 2
2026-01-05 20:20:55,873 - INFO - 加载数据集: network.douban
2026-01-05 20:20:55,879 - INFO - --- 矩阵分析 ---
2026-01-05 20:20:55,879 - INFO - 节点数 (N): 154907
2026-01-05 20:20:55,879 - INFO - 边数 (E): 654206
2026-01-05 20:20:55,879 - INFO - 密度 (Density): 0.00002726 (越小越稀疏)
2026-01-05 20:20:55,879 - INFO - 稀疏度 (Sparsity): 0.99997274 (越接近1越稀疏)
2026-01-05 20:20:55,879 - INFO - 平均度数 (Avg Degree): 4.22
2026-01-05 20:20:55,889 - INFO - 复用概率分布 文件位置: /root/pythonspace/data-test/network.douban/2026-1-6/distribution-in-network.douban/distribution-random_seedNum-50.pkl
2026-01-05 20:20:57,295 - INFO - 从当前位置 读取种子集 /root/pythonspace/data-test/network.douban/2026-1-6/seeds-with-network.douban/random_random_seedNum-50_SSRNum-100000.txt
2026-01-05 20:20:57,295 - INFO - 从当前位置 读取种子集 /root/pythonspace/data-test/network.douban/2026-1-6/seeds-with-network.douban/random_degreeTopM_seedNum-50_SSRNum-100000.txt
2026-01-05 20:20:57,296 - INFO - 从当前位置 读取种子集 /root/pythonspace/data-test/network.douban/2026-1-6/seeds-with-network.douban/random_pageRank_seedNum-50_SSRNum-100000.txt
2026-01-05 20:20:57,296 - INFO - 从当前位置 读取种子集 /root/pythonspace/data-test/network.douban/2026-1-6/seeds-with-network.douban/random_alpha_sort_seedNum-50_SSRNum-100000.txt
2026-01-05 20:20:57,297 - INFO - 从当前位置 读取种子集 /root/pythonspace/data-test/network.douban/2026-1-6/seeds-with-network.douban/random_importance_sort_seedNum-50_SSRNum-100000.txt
2026-01-05 20:20:57,298 - INFO - 从当前位置 读取种子集 /root/pythonspace/data-test/network.douban/2026-1-6/seeds-with-network.douban/random_ris_coverage_seedNum-50_SSRNum-100000.txt
2026-01-05 20:20:57,306 - INFO - 评估种子集: None
2026-01-05 20:20:57,306 - INFO - 多进程评估开始，共有 6 个方法待评估...
2026-01-05 20:20:57,306 - INFO - 启动进程池，Worker数量: 2
