2026-03-09 11:18:57,196 - INFO - 加载数据集: network.netYeast
2026-03-09 11:18:57,197 - INFO - --- 矩阵分析 ---
2026-03-09 11:18:57,197 - INFO - 节点数 (N): 1458
2026-03-09 11:18:57,197 - INFO - 边数 (E): 3896
2026-03-09 11:18:57,197 - INFO - 密度 (Density): 0.00183275 (越小越稀疏)
2026-03-09 11:18:57,197 - INFO - 稀疏度 (Sparsity): 0.99816725 (越接近1越稀疏)
2026-03-09 11:18:57,197 - INFO - 平均度数 (Avg Degree): 2.67
2026-03-09 11:18:57,197 - INFO - 首次生成度相关概率分布 分布类型: 'tier_based'.
2026-03-09 11:18:57,197 - INFO - ===> Generating 'Tier-based (Percentile)' distributions for Real Graph...
2026-03-09 11:18:57,198 - INFO - 保存概率分布 文件位置: /home/wen/work/coup_spread/network.netYeast/2026-3-16/distribution-in-network.netYeast/distribution-tier_based_seedNum-10.pkl
2026-03-09 11:18:57,206 - INFO - 首次生成种子集 random
2026-03-09 11:18:57,206 - INFO - 执行当前算法开始: random
2026-03-09 11:18:57,206 - INFO - 数据集节点总数:  n = 1458, m = 10
2026-03-09 11:18:57,206 - INFO - 选择 10  [1332, 376, 231, 543, 745, 68, 1450, 862, 740, 1055]

2026-03-09 11:18:57,206 - INFO - 当前用时 0.00 秒
2026-03-09 11:18:57,207 - INFO - 将种子集 写入位置: /home/wen/work/coup_spread/network.netYeast/2026-3-16/seeds-with-network.netYeast/tier_based_random_seedNum-10_SSRNum-50000.txt
2026-03-09 11:18:57,207 - INFO - 首次生成种子集 degreeTopM
2026-03-09 11:18:57,207 - INFO - 执行当前算法开始: degreeTopM
2026-03-09 11:18:57,207 - INFO - 依据: 选择连接数（度数）最多的节点。
2026-03-09 11:18:57,207 - INFO - 选择的 Top M 节点及其度数:
2026-03-09 11:18:57,207 - INFO - 
2026-03-09 11:18:57,207 - INFO - 当前用时 0.00 秒
2026-03-09 11:18:57,207 - INFO - 将种子集 写入位置: /home/wen/work/coup_spread/network.netYeast/2026-3-16/seeds-with-network.netYeast/tier_based_degreeTopM_seedNum-10_SSRNum-50000.txt
2026-03-09 11:18:57,207 - INFO - 首次生成种子集 pageRank
2026-03-09 11:18:57,207 - INFO - 执行当前算法开始: pageRank
2026-03-09 11:18:57,207 - INFO - --- Running: PageRank (on tranProMatrix) Top M ---
2026-03-09 11:18:57,243 - INFO - Selected PageRank seeds: [157, 25, 57, 55, 15, 68, 315, 105, 238, 1041]
2026-03-09 11:18:57,243 - INFO - 当前用时 0.04 秒
2026-03-09 11:18:57,243 - INFO - 将种子集 写入位置: /home/wen/work/coup_spread/network.netYeast/2026-3-16/seeds-with-network.netYeast/tier_based_pageRank_seedNum-10_SSRNum-50000.txt
2026-03-09 11:18:57,243 - INFO - 首次生成种子集 alpha_sort
2026-03-09 11:18:57,243 - INFO - 执行当前算法开始: alpha_sort
2026-03-09 11:18:57,244 - INFO - 1458 个节点的alpha值降序排序 done
2026-03-09 11:18:57,244 - INFO - ==============>> [(1305, np.float64(0.48166519672592545)), (1194, np.float64(0.47937594446452747)), (1314, np.float64(0.47274895526070204)), (1368, np.float64(0.4710054359396528)), (1225, np.float64(0.4696446965061375)), (1184, np.float64(0.46718898541851456)), (1203, np.float64(0.4666702415131482)), (1211, np.float64(0.46573352892522885)), (1250, np.float64(0.46524735010629203)), (1177, np.float64(0.4649184587279488))]
2026-03-09 11:18:57,244 - INFO - 
选择的种子集 (按alpha排序): [1305, 1194, 1314, 1368, 1225, 1184, 1203, 1211, 1250, 1177]

2026-03-09 11:18:57,244 - INFO - 当前用时 0.00 秒
2026-03-09 11:18:57,244 - INFO - 将种子集 写入位置: /home/wen/work/coup_spread/network.netYeast/2026-3-16/seeds-with-network.netYeast/tier_based_alpha_sort_seedNum-10_SSRNum-50000.txt
2026-03-09 11:18:57,244 - INFO - 首次生成种子集 ris_optimized
2026-03-09 11:18:57,244 - INFO - 执行当前算法开始: ris_optimized
2026-03-09 11:18:57,265 - INFO - 图初始化完成，节点数: 1458，当前模式: 优化采样
2026-03-09 11:18:57,265 - INFO - 开始生成 50000 组多重RR-Set...
2026-03-09 11:18:58,477 - INFO - 生成完毕。耗时: 1.21 秒。
2026-03-09 11:18:58,486 - INFO - 开始基于多重RR集贪心选择最优种子...
2026-03-09 11:18:58,691 - INFO - 选种完毕。耗时: 0.20 秒。估算范围: 9.15
2026-03-09 11:18:58,749 - INFO - 当前用时 1.50 秒
2026-03-09 11:18:58,749 - INFO - 将种子集 写入位置: /home/wen/work/coup_spread/network.netYeast/2026-3-16/seeds-with-network.netYeast/tier_based_ris_optimized_seedNum-10_SSRNum-50000.txt
2026-03-09 11:18:58,749 - INFO - 首次生成种子集 1hop_sort
2026-03-09 11:18:58,750 - INFO - 执行当前算法开始: 1hop_sort
2026-03-09 11:18:58,750 - INFO - --- Running: Teacher's 1-Hop Expected Spread Sort ---
2026-03-09 11:18:58,795 - INFO - 选出的前 5 个种子得分展示: [0.7369837  0.70977417 0.69301696 0.69170978 0.69112094]
2026-03-09 11:18:58,795 - INFO - 当前用时 0.05 秒
2026-03-09 11:18:58,796 - INFO - 将种子集 写入位置: /home/wen/work/coup_spread/network.netYeast/2026-3-16/seeds-with-network.netYeast/tier_based_1hop_sort_seedNum-10_SSRNum-50000.txt
2026-03-09 11:18:58,797 - INFO - 评估种子集: None
2026-03-09 11:18:58,797 - INFO - 多进程评估开始，共有 6 个方法待评估...
2026-03-09 11:18:58,797 - INFO - 启动进程池，Worker数量: 6
2026-03-09 11:18:58,933 - INFO - [Process 78589] 开始评估方法: random, 种子数: 10
2026-03-09 11:18:59,030 - INFO - [Process 78590] 开始评估方法: degreeTopM, 种子数: 10
2026-03-09 11:18:59,076 - INFO - [degreeTopM - 种子:10] 拉新:1.4人 | 总销量:1.4单 | 品牌曝光:12.3次 | 🌟综合得分:2.7
2026-03-09 11:18:59,128 - INFO - [Process 78591] 开始评估方法: pageRank, 种子数: 10
2026-03-09 11:18:59,182 - INFO - [pageRank - 种子:10] 拉新:1.4人 | 总销量:1.4单 | 品牌曝光:12.3次 | 🌟综合得分:2.6
2026-03-09 11:18:59,185 - INFO - [random - 种子:10] 拉新:5.5人 | 总销量:5.5单 | 品牌曝光:26.9次 | 🌟综合得分:8.1
2026-03-09 11:18:59,225 - INFO - [Process 78592] 开始评估方法: alpha_sort, 种子数: 10
2026-03-09 11:18:59,330 - INFO - [Process 78593] 开始评估方法: ris_optimized, 种子数: 10
2026-03-09 11:18:59,359 - INFO - [alpha_sort - 种子:10] 拉新:6.9人 | 总销量:6.9单 | 品牌曝光:19.4次 | 🌟综合得分:8.8
2026-03-09 11:18:59,423 - INFO - [Process 78594] 开始评估方法: 1hop_sort, 种子数: 10
2026-03-09 11:18:59,576 - INFO - [1hop_sort - 种子:10] 拉新:7.0人 | 总销量:7.0单 | 品牌曝光:20.3次 | 🌟综合得分:9.1
2026-03-09 11:18:59,668 - INFO - [ris_optimized - 种子:10] 拉新:7.7人 | 总销量:7.7单 | 品牌曝光:30.9次 | 🌟综合得分:10.8
2026-03-09 11:18:59,684 - INFO - 所有进程执行完毕，开始写入数据...
2026-03-09 11:18:59,701 - INFO - 成功写入 6 条记录至 /home/wen/work/coup_spread/gzc-impl/results/network.netYeast/2026-3-16/tier_based_SSRNum-50000-_seedNum-10_simuTimes-500.csv
2026-03-09 11:18:59,702 - INFO - 保存评估文件至: /home/wen/work/coup_spread/gzc-impl/results/network.netYeast/2026-3-16/tier_based_SSRNum-50000-_seedNum-10_simuTimes-500.csv
2026-03-09 11:18:59,704 - INFO - 加载数据集: network.netYeast
2026-03-09 11:18:59,705 - INFO - --- 矩阵分析 ---
2026-03-09 11:18:59,705 - INFO - 节点数 (N): 1458
2026-03-09 11:18:59,705 - INFO - 边数 (E): 3896
2026-03-09 11:18:59,705 - INFO - 密度 (Density): 0.00183275 (越小越稀疏)
2026-03-09 11:18:59,705 - INFO - 稀疏度 (Sparsity): 0.99816725 (越接近1越稀疏)
2026-03-09 11:18:59,705 - INFO - 平均度数 (Avg Degree): 2.67
2026-03-09 11:18:59,706 - INFO - 首次生成度相关概率分布 分布类型: 'tier_based'.
2026-03-09 11:18:59,706 - INFO - ===> Generating 'Tier-based (Percentile)' distributions for Real Graph...
2026-03-09 11:18:59,707 - INFO - 保存概率分布 文件位置: /home/wen/work/coup_spread/network.netYeast/2026-3-16/distribution-in-network.netYeast/distribution-tier_based_seedNum-20.pkl
2026-03-09 11:18:59,718 - INFO - 首次生成种子集 random
2026-03-09 11:18:59,718 - INFO - 执行当前算法开始: random
2026-03-09 11:18:59,718 - INFO - 数据集节点总数:  n = 1458, m = 20
2026-03-09 11:18:59,718 - INFO - 选择 20  [1097, 147, 1215, 1273, 1449, 788, 293, 654, 195, 131, 281, 757, 773, 1444, 236, 942, 825, 272, 889, 1333]

2026-03-09 11:18:59,719 - INFO - 当前用时 0.00 秒
2026-03-09 11:18:59,719 - INFO - 将种子集 写入位置: /home/wen/work/coup_spread/network.netYeast/2026-3-16/seeds-with-network.netYeast/tier_based_random_seedNum-20_SSRNum-50000.txt
2026-03-09 11:18:59,719 - INFO - 首次生成种子集 degreeTopM
2026-03-09 11:18:59,719 - INFO - 执行当前算法开始: degreeTopM
2026-03-09 11:18:59,719 - INFO - 依据: 选择连接数（度数）最多的节点。
2026-03-09 11:18:59,719 - INFO - 选择的 Top M 节点及其度数:
2026-03-09 11:18:59,719 - INFO - 
2026-03-09 11:18:59,719 - INFO - 当前用时 0.00 秒
2026-03-09 11:18:59,720 - INFO - 将种子集 写入位置: /home/wen/work/coup_spread/network.netYeast/2026-3-16/seeds-with-network.netYeast/tier_based_degreeTopM_seedNum-20_SSRNum-50000.txt
2026-03-09 11:18:59,720 - INFO - 首次生成种子集 pageRank
2026-03-09 11:18:59,720 - INFO - 执行当前算法开始: pageRank
2026-03-09 11:18:59,720 - INFO - --- Running: PageRank (on tranProMatrix) Top M ---
2026-03-09 11:18:59,755 - INFO - Selected PageRank seeds: [157, 25, 57, 55, 15, 68, 315, 105, 238, 1041, 224, 2, 69, 1285, 34, 18, 464, 66, 546, 371]
2026-03-09 11:18:59,755 - INFO - 当前用时 0.04 秒
2026-03-09 11:18:59,756 - INFO - 将种子集 写入位置: /home/wen/work/coup_spread/network.netYeast/2026-3-16/seeds-with-network.netYeast/tier_based_pageRank_seedNum-20_SSRNum-50000.txt
2026-03-09 11:18:59,756 - INFO - 首次生成种子集 alpha_sort
2026-03-09 11:18:59,756 - INFO - 执行当前算法开始: alpha_sort
2026-03-09 11:18:59,756 - INFO - 1458 个节点的alpha值降序排序 done
2026-03-09 11:18:59,756 - INFO - ==============>> [(1132, np.float64(0.4945716756759173)), (1274, np.float64(0.48267919548152205)), (223, np.float64(0.47796728463320837)), (1262, np.float64(0.47698328228200204)), (1453, np.float64(0.47167957866724275)), (1218, np.float64(0.4711498284970676)), (200, np.float64(0.4661194870394546)), (1266, np.float64(0.4654084244636092)), (242, np.float64(0.46478247404192546)), (262, np.float64(0.46461504079596555))]
2026-03-09 11:18:59,756 - INFO - 
选择的种子集 (按alpha排序): [1132, 1274, 223, 1262, 1453, 1218, 200, 1266, 242, 262, 1452, 1233, 137, 1429, 727, 1269, 1232, 1296, 1379, 1336]

2026-03-09 11:18:59,756 - INFO - 当前用时 0.00 秒
2026-03-09 11:18:59,757 - INFO - 将种子集 写入位置: /home/wen/work/coup_spread/network.netYeast/2026-3-16/seeds-with-network.netYeast/tier_based_alpha_sort_seedNum-20_SSRNum-50000.txt
2026-03-09 11:18:59,757 - INFO - 首次生成种子集 ris_optimized
2026-03-09 11:18:59,757 - INFO - 执行当前算法开始: ris_optimized
2026-03-09 11:18:59,778 - INFO - 图初始化完成，节点数: 1458，当前模式: 优化采样
2026-03-09 11:18:59,778 - INFO - 开始生成 50000 组多重RR-Set...
2026-03-09 11:19:01,909 - INFO - 生成完毕。耗时: 2.13 秒。
2026-03-09 11:19:01,914 - INFO - 开始基于多重RR集贪心选择最优种子...
2026-03-09 11:19:02,208 - INFO - 选种完毕。耗时: 0.29 秒。估算范围: 18.47
2026-03-09 11:19:02,296 - INFO - 当前用时 2.54 秒
2026-03-09 11:19:02,296 - INFO - 将种子集 写入位置: /home/wen/work/coup_spread/network.netYeast/2026-3-16/seeds-with-network.netYeast/tier_based_ris_optimized_seedNum-20_SSRNum-50000.txt
2026-03-09 11:19:02,296 - INFO - 首次生成种子集 1hop_sort
2026-03-09 11:19:02,297 - INFO - 执行当前算法开始: 1hop_sort
2026-03-09 11:19:02,297 - INFO - --- Running: Teacher's 1-Hop Expected Spread Sort ---
2026-03-09 11:19:02,298 - INFO - 选出的前 5 个种子得分展示: [0.71207773 0.69296898 0.69152345 0.69048249 0.69038009]
2026-03-09 11:19:02,299 - INFO - 当前用时 0.00 秒
2026-03-09 11:19:02,299 - INFO - 将种子集 写入位置: /home/wen/work/coup_spread/network.netYeast/2026-3-16/seeds-with-network.netYeast/tier_based_1hop_sort_seedNum-20_SSRNum-50000.txt
2026-03-09 11:19:02,299 - INFO - 评估种子集: None
2026-03-09 11:19:02,299 - INFO - 多进程评估开始，共有 6 个方法待评估...
2026-03-09 11:19:02,299 - INFO - 启动进程池，Worker数量: 6
2026-03-09 11:19:02,425 - INFO - [Process 78655] 开始评估方法: random, 种子数: 20
2026-03-09 11:19:02,487 - INFO - [Process 78656] 开始评估方法: degreeTopM, 种子数: 20
2026-03-09 11:19:02,561 - INFO - [Process 78657] 开始评估方法: pageRank, 种子数: 20
2026-03-09 11:19:02,585 - INFO - [degreeTopM - 种子:20] 拉新:2.8人 | 总销量:2.8单 | 品牌曝光:24.5次 | 🌟综合得分:5.3
2026-03-09 11:19:02,638 - INFO - [Process 78658] 开始评估方法: alpha_sort, 种子数: 20
2026-03-09 11:19:02,643 - INFO - [pageRank - 种子:20] 拉新:2.8人 | 总销量:2.8单 | 品牌曝光:24.5次 | 🌟综合得分:5.2
2026-03-09 11:19:02,726 - INFO - [Process 78660] 开始评估方法: ris_optimized, 种子数: 20
2026-03-09 11:19:02,797 - INFO - [Process 78661] 开始评估方法: 1hop_sort, 种子数: 20
2026-03-09 11:19:02,872 - INFO - [alpha_sort - 种子:20] 拉新:12.8人 | 总销量:12.8单 | 品牌曝光:36.8次 | 🌟综合得分:16.4
2026-03-09 11:19:03,027 - INFO - [random - 种子:20] 拉新:12.5人 | 总销量:12.6单 | 品牌曝光:62.2次 | 🌟综合得分:18.8
2026-03-09 11:19:03,098 - INFO - [1hop_sort - 种子:20] 拉新:14.0人 | 总销量:14.0单 | 品牌曝光:41.6次 | 🌟综合得分:18.1
2026-03-09 11:19:03,173 - INFO - [ris_optimized - 种子:20] 拉新:14.2人 | 总销量:14.2单 | 品牌曝光:52.9次 | 🌟综合得分:19.5
2026-03-09 11:19:03,195 - INFO - 所有进程执行完毕，开始写入数据...
2026-03-09 11:19:03,203 - INFO - 成功写入 6 条记录至 /home/wen/work/coup_spread/gzc-impl/results/network.netYeast/2026-3-16/tier_based_SSRNum-50000-_seedNum-20_simuTimes-500.csv
2026-03-09 11:19:03,204 - INFO - 保存评估文件至: /home/wen/work/coup_spread/gzc-impl/results/network.netYeast/2026-3-16/tier_based_SSRNum-50000-_seedNum-20_simuTimes-500.csv
2026-03-09 11:19:03,205 - INFO - 加载数据集: network.netYeast
2026-03-09 11:19:03,206 - INFO - --- 矩阵分析 ---
2026-03-09 11:19:03,206 - INFO - 节点数 (N): 1458
2026-03-09 11:19:03,206 - INFO - 边数 (E): 3896
2026-03-09 11:19:03,206 - INFO - 密度 (Density): 0.00183275 (越小越稀疏)
2026-03-09 11:19:03,206 - INFO - 稀疏度 (Sparsity): 0.99816725 (越接近1越稀疏)
2026-03-09 11:19:03,207 - INFO - 平均度数 (Avg Degree): 2.67
2026-03-09 11:19:03,207 - INFO - 首次生成度相关概率分布 分布类型: 'tier_based'.
2026-03-09 11:19:03,207 - INFO - ===> Generating 'Tier-based (Percentile)' distributions for Real Graph...
2026-03-09 11:19:03,208 - INFO - 保存概率分布 文件位置: /home/wen/work/coup_spread/network.netYeast/2026-3-16/distribution-in-network.netYeast/distribution-tier_based_seedNum-30.pkl
2026-03-09 11:19:03,226 - INFO - 首次生成种子集 random
2026-03-09 11:19:03,226 - INFO - 执行当前算法开始: random
2026-03-09 11:19:03,226 - INFO - 数据集节点总数:  n = 1458, m = 30
2026-03-09 11:19:03,226 - INFO - 选择 30  [56, 578, 105, 913, 332, 1253, 907, 444, 1049, 931, 1341, 1304, 16, 1014, 491, 870, 1229, 260, 1020, 1060, 647, 381, 767, 1238, 1388, 29, 1223, 387, 611, 649]

2026-03-09 11:19:03,226 - INFO - 当前用时 0.00 秒
2026-03-09 11:19:03,226 - INFO - 将种子集 写入位置: /home/wen/work/coup_spread/network.netYeast/2026-3-16/seeds-with-network.netYeast/tier_based_random_seedNum-30_SSRNum-50000.txt
2026-03-09 11:19:03,226 - INFO - 首次生成种子集 degreeTopM
2026-03-09 11:19:03,226 - INFO - 执行当前算法开始: degreeTopM
2026-03-09 11:19:03,226 - INFO - 依据: 选择连接数（度数）最多的节点。
2026-03-09 11:19:03,227 - INFO - 选择的 Top M 节点及其度数:
2026-03-09 11:19:03,227 - INFO - 
2026-03-09 11:19:03,227 - INFO - 当前用时 0.00 秒
2026-03-09 11:19:03,227 - INFO - 将种子集 写入位置: /home/wen/work/coup_spread/network.netYeast/2026-3-16/seeds-with-network.netYeast/tier_based_degreeTopM_seedNum-30_SSRNum-50000.txt
2026-03-09 11:19:03,227 - INFO - 首次生成种子集 pageRank
2026-03-09 11:19:03,227 - INFO - 执行当前算法开始: pageRank
2026-03-09 11:19:03,227 - INFO - --- Running: PageRank (on tranProMatrix) Top M ---
2026-03-09 11:19:03,263 - INFO - Selected PageRank seeds: [157, 25, 57, 55, 15, 68, 315, 105, 238, 1041, 224, 2, 69, 1285, 34, 18, 464, 66, 546, 371, 56, 277, 143, 1149, 461, 383, 186, 393, 35, 204]
2026-03-09 11:19:03,263 - INFO - 当前用时 0.04 秒
2026-03-09 11:19:03,263 - INFO - 将种子集 写入位置: /home/wen/work/coup_spread/network.netYeast/2026-3-16/seeds-with-network.netYeast/tier_based_pageRank_seedNum-30_SSRNum-50000.txt
2026-03-09 11:19:03,263 - INFO - 首次生成种子集 alpha_sort
2026-03-09 11:19:03,263 - INFO - 执行当前算法开始: alpha_sort
2026-03-09 11:19:03,264 - INFO - 1458 个节点的alpha值降序排序 done
2026-03-09 11:19:03,264 - INFO - ==============>> [(1217, np.float64(0.48328097812184284)), (1349, np.float64(0.48074090617150106)), (1448, np.float64(0.4778775424541701)), (1233, np.float64(0.47777177189909126)), (1428, np.float64(0.4769705867883498)), (1227, np.float64(0.47671357718051643)), (207, np.float64(0.47495742522994117)), (202, np.float64(0.46955290090328944)), (1329, np.float64(0.4649165363795197)), (775, np.float64(0.4643703097535882))]
2026-03-09 11:19:03,264 - INFO - 
选择的种子集 (按alpha排序): [1217, 1349, 1448, 1233, 1428, 1227, 207, 202, 1329, 775, 1339, 1385, 1292, 1289, 1272, 1330, 1304, 1335, 742, 1321, 232, 1299, 1305, 1264, 1194, 1161, 1425, 203, 165, 200]

2026-03-09 11:19:03,264 - INFO - 当前用时 0.00 秒
2026-03-09 11:19:03,264 - INFO - 将种子集 写入位置: /home/wen/work/coup_spread/network.netYeast/2026-3-16/seeds-with-network.netYeast/tier_based_alpha_sort_seedNum-30_SSRNum-50000.txt
2026-03-09 11:19:03,264 - INFO - 首次生成种子集 ris_optimized
2026-03-09 11:19:03,264 - INFO - 执行当前算法开始: ris_optimized
2026-03-09 11:19:03,290 - INFO - 图初始化完成，节点数: 1458，当前模式: 优化采样
2026-03-09 11:19:03,290 - INFO - 开始生成 50000 组多重RR-Set...
2026-03-09 11:19:05,828 - INFO - 生成完毕。耗时: 2.54 秒。
2026-03-09 11:19:05,836 - INFO - 开始基于多重RR集贪心选择最优种子...
2026-03-09 11:19:06,768 - INFO - 选种完毕。耗时: 0.93 秒。估算范围: 27.63
2026-03-09 11:19:06,895 - INFO - 当前用时 3.63 秒
2026-03-09 11:19:06,895 - INFO - 将种子集 写入位置: /home/wen/work/coup_spread/network.netYeast/2026-3-16/seeds-with-network.netYeast/tier_based_ris_optimized_seedNum-30_SSRNum-50000.txt
2026-03-09 11:19:06,895 - INFO - 首次生成种子集 1hop_sort
2026-03-09 11:19:06,895 - INFO - 执行当前算法开始: 1hop_sort
2026-03-09 11:19:06,895 - INFO - --- Running: Teacher's 1-Hop Expected Spread Sort ---
2026-03-09 11:19:06,898 - INFO - 选出的前 5 个种子得分展示: [0.71808084 0.71422274 0.71123527 0.71101986 0.70353111]
2026-03-09 11:19:06,898 - INFO - 当前用时 0.00 秒
2026-03-09 11:19:06,898 - INFO - 将种子集 写入位置: /home/wen/work/coup_spread/network.netYeast/2026-3-16/seeds-with-network.netYeast/tier_based_1hop_sort_seedNum-30_SSRNum-50000.txt
2026-03-09 11:19:06,898 - INFO - 评估种子集: None
2026-03-09 11:19:06,899 - INFO - 多进程评估开始，共有 6 个方法待评估...
2026-03-09 11:19:06,899 - INFO - 启动进程池，Worker数量: 6
2026-03-09 11:19:07,048 - INFO - [Process 78754] 开始评估方法: random, 种子数: 30
2026-03-09 11:19:07,125 - INFO - [Process 78755] 开始评估方法: degreeTopM, 种子数: 30
2026-03-09 11:19:07,182 - INFO - [Process 78756] 开始评估方法: pageRank, 种子数: 30
2026-03-09 11:19:07,243 - INFO - [degreeTopM - 种子:30] 拉新:4.2人 | 总销量:4.2单 | 品牌曝光:36.4次 | 🌟综合得分:7.8
2026-03-09 11:19:07,272 - INFO - [Process 78757] 开始评估方法: alpha_sort, 种子数: 30
2026-03-09 11:19:07,300 - INFO - [pageRank - 种子:30] 拉新:4.1人 | 总销量:4.1单 | 品牌曝光:36.6次 | 🌟综合得分:7.8
2026-03-09 11:19:07,353 - INFO - [Process 78758] 开始评估方法: ris_optimized, 种子数: 30
2026-03-09 11:19:07,441 - INFO - [Process 78759] 开始评估方法: 1hop_sort, 种子数: 30
2026-03-09 11:19:07,634 - INFO - [alpha_sort - 种子:30] 拉新:18.9人 | 总销量:19.0单 | 品牌曝光:54.4次 | 🌟综合得分:24.4
2026-03-09 11:19:07,852 - INFO - [random - 种子:30] 拉新:17.7人 | 总销量:17.9单 | 品牌曝光:87.2次 | 🌟综合得分:26.5
2026-03-09 11:19:07,864 - INFO - [1hop_sort - 种子:30] 拉新:20.6人 | 总销量:20.7单 | 品牌曝光:60.1次 | 🌟综合得分:26.7
2026-03-09 11:19:08,161 - INFO - [ris_optimized - 种子:30] 拉新:22.7人 | 总销量:22.9单 | 品牌曝光:90.9次 | 🌟综合得分:31.9
2026-03-09 11:19:08,184 - INFO - 所有进程执行完毕，开始写入数据...
2026-03-09 11:19:08,193 - INFO - 成功写入 6 条记录至 /home/wen/work/coup_spread/gzc-impl/results/network.netYeast/2026-3-16/tier_based_SSRNum-50000-_seedNum-30_simuTimes-500.csv
2026-03-09 11:19:08,194 - INFO - 保存评估文件至: /home/wen/work/coup_spread/gzc-impl/results/network.netYeast/2026-3-16/tier_based_SSRNum-50000-_seedNum-30_simuTimes-500.csv
2026-03-09 11:19:08,201 - INFO - 加载数据集: network.netYeast
2026-03-09 11:19:08,202 - INFO - --- 矩阵分析 ---
2026-03-09 11:19:08,202 - INFO - 节点数 (N): 1458
2026-03-09 11:19:08,202 - INFO - 边数 (E): 3896
2026-03-09 11:19:08,202 - INFO - 密度 (Density): 0.00183275 (越小越稀疏)
2026-03-09 11:19:08,202 - INFO - 稀疏度 (Sparsity): 0.99816725 (越接近1越稀疏)
2026-03-09 11:19:08,203 - INFO - 平均度数 (Avg Degree): 2.67
2026-03-09 11:19:08,203 - INFO - 首次生成度相关概率分布 分布类型: 'tier_based'.
2026-03-09 11:19:08,203 - INFO - ===> Generating 'Tier-based (Percentile)' distributions for Real Graph...
2026-03-09 11:19:08,204 - INFO - 保存概率分布 文件位置: /home/wen/work/coup_spread/network.netYeast/2026-3-16/distribution-in-network.netYeast/distribution-tier_based_seedNum-40.pkl
2026-03-09 11:19:08,215 - INFO - 首次生成种子集 random
2026-03-09 11:19:08,216 - INFO - 执行当前算法开始: random
2026-03-09 11:19:08,216 - INFO - 数据集节点总数:  n = 1458, m = 40
2026-03-09 11:19:08,216 - INFO - 选择 40  [670, 1138, 473, 391, 1213, 1293, 30, 11, 1220, 968, 1194, 998, 1451, 825, 98, 95, 1420, 1190, 1209, 793, 358, 760, 43, 73, 78, 1247, 558, 126, 874, 729, 510, 956, 439, 989, 1366, 1435, 621, 416, 1299, 479]

2026-03-09 11:19:08,216 - INFO - 当前用时 0.00 秒
2026-03-09 11:19:08,216 - INFO - 将种子集 写入位置: /home/wen/work/coup_spread/network.netYeast/2026-3-16/seeds-with-network.netYeast/tier_based_random_seedNum-40_SSRNum-50000.txt
2026-03-09 11:19:08,216 - INFO - 首次生成种子集 degreeTopM
2026-03-09 11:19:08,216 - INFO - 执行当前算法开始: degreeTopM
2026-03-09 11:19:08,216 - INFO - 依据: 选择连接数（度数）最多的节点。
2026-03-09 11:19:08,216 - INFO - 选择的 Top M 节点及其度数:
2026-03-09 11:19:08,217 - INFO - 
2026-03-09 11:19:08,217 - INFO - 当前用时 0.00 秒
2026-03-09 11:19:08,217 - INFO - 将种子集 写入位置: /home/wen/work/coup_spread/network.netYeast/2026-3-16/seeds-with-network.netYeast/tier_based_degreeTopM_seedNum-40_SSRNum-50000.txt
2026-03-09 11:19:08,217 - INFO - 首次生成种子集 pageRank
2026-03-09 11:19:08,217 - INFO - 执行当前算法开始: pageRank
2026-03-09 11:19:08,217 - INFO - --- Running: PageRank (on tranProMatrix) Top M ---
2026-03-09 11:19:08,254 - INFO - Selected PageRank seeds: [157, 25, 57, 55, 15, 68, 315, 105, 238, 1041, 224, 2, 69, 1285, 34, 18, 464, 66, 546, 371, 56, 277, 143, 1149, 461, 383, 186, 393, 35, 204, 227, 251, 155, 635, 544, 287, 423, 214, 364, 599]
2026-03-09 11:19:08,254 - INFO - 当前用时 0.04 秒
2026-03-09 11:19:08,254 - INFO - 将种子集 写入位置: /home/wen/work/coup_spread/network.netYeast/2026-3-16/seeds-with-network.netYeast/tier_based_pageRank_seedNum-40_SSRNum-50000.txt
2026-03-09 11:19:08,254 - INFO - 首次生成种子集 alpha_sort
2026-03-09 11:19:08,254 - INFO - 执行当前算法开始: alpha_sort
2026-03-09 11:19:08,255 - INFO - 1458 个节点的alpha值降序排序 done
2026-03-09 11:19:08,255 - INFO - ==============>> [(1327, np.float64(0.4925348206991139)), (207, np.float64(0.4802548237120399)), (1349, np.float64(0.478990403710597)), (1170, np.float64(0.47849396902203273)), (166, np.float64(0.4722857363018494)), (1216, np.float64(0.4720769785576268)), (1330, np.float64(0.470658810984226)), (1263, np.float64(0.46982731369379677)), (718, np.float64(0.4674234015240874)), (228, np.float64(0.4666342205042202))]
2026-03-09 11:19:08,255 - INFO - 
选择的种子集 (按alpha排序): [1327, 207, 1349, 1170, 166, 1216, 1330, 1263, 718, 228, 142, 249, 1401, 1339, 1269, 1320, 1325, 1179, 1398, 202, 185, 65, 50, 51, 739, 1182, 1342, 1247, 1191, 134, 1448, 1395, 1229, 726, 742, 1382, 1237, 1289, 1202, 1314]

2026-03-09 11:19:08,255 - INFO - 当前用时 0.00 秒
2026-03-09 11:19:08,255 - INFO - 将种子集 写入位置: /home/wen/work/coup_spread/network.netYeast/2026-3-16/seeds-with-network.netYeast/tier_based_alpha_sort_seedNum-40_SSRNum-50000.txt
2026-03-09 11:19:08,255 - INFO - 首次生成种子集 ris_optimized
2026-03-09 11:19:08,255 - INFO - 执行当前算法开始: ris_optimized
2026-03-09 11:19:08,276 - INFO - 图初始化完成，节点数: 1458，当前模式: 优化采样
2026-03-09 11:19:08,276 - INFO - 开始生成 50000 组多重RR-Set...
2026-03-09 11:19:11,667 - INFO - 生成完毕。耗时: 3.39 秒。
2026-03-09 11:19:11,674 - INFO - 开始基于多重RR集贪心选择最优种子...
2026-03-09 11:19:12,305 - INFO - 选种完毕。耗时: 0.63 秒。估算范围: 37.67
2026-03-09 11:19:12,526 - INFO - 当前用时 4.27 秒
2026-03-09 11:19:12,526 - INFO - 将种子集 写入位置: /home/wen/work/coup_spread/network.netYeast/2026-3-16/seeds-with-network.netYeast/tier_based_ris_optimized_seedNum-40_SSRNum-50000.txt
2026-03-09 11:19:12,527 - INFO - 首次生成种子集 1hop_sort
2026-03-09 11:19:12,527 - INFO - 执行当前算法开始: 1hop_sort
2026-03-09 11:19:12,527 - INFO - --- Running: Teacher's 1-Hop Expected Spread Sort ---
2026-03-09 11:19:12,530 - INFO - 选出的前 5 个种子得分展示: [0.72773997 0.7050987  0.69722981 0.68210697 0.68180201]
2026-03-09 11:19:12,530 - INFO - 当前用时 0.00 秒
2026-03-09 11:19:12,530 - INFO - 将种子集 写入位置: /home/wen/work/coup_spread/network.netYeast/2026-3-16/seeds-with-network.netYeast/tier_based_1hop_sort_seedNum-40_SSRNum-50000.txt
2026-03-09 11:19:12,531 - INFO - 评估种子集: None
2026-03-09 11:19:12,531 - INFO - 多进程评估开始，共有 6 个方法待评估...
2026-03-09 11:19:12,531 - INFO - 启动进程池，Worker数量: 6
2026-03-09 11:19:12,666 - INFO - [Process 78844] 开始评估方法: random, 种子数: 40
2026-03-09 11:19:12,729 - INFO - [Process 78845] 开始评估方法: degreeTopM, 种子数: 40
2026-03-09 11:19:12,787 - INFO - [Process 78846] 开始评估方法: pageRank, 种子数: 40
2026-03-09 11:19:12,849 - INFO - [Process 78847] 开始评估方法: alpha_sort, 种子数: 40
2026-03-09 11:19:12,883 - INFO - [degreeTopM - 种子:40] 拉新:5.7人 | 总销量:5.7单 | 品牌曝光:48.5次 | 🌟综合得分:10.5
2026-03-09 11:19:12,915 - INFO - [Process 78848] 开始评估方法: ris_optimized, 种子数: 40
2026-03-09 11:19:12,943 - INFO - [pageRank - 种子:40] 拉新:5.7人 | 总销量:5.7单 | 品牌曝光:48.7次 | 🌟综合得分:10.5
2026-03-09 11:19:12,987 - INFO - [Process 78849] 开始评估方法: 1hop_sort, 种子数: 40
2026-03-09 11:19:13,286 - INFO - [alpha_sort - 种子:40] 拉新:24.4人 | 总销量:24.4单 | 品牌曝光:70.1次 | 🌟综合得分:31.4
2026-03-09 11:19:13,561 - INFO - [1hop_sort - 种子:40] 拉新:27.1人 | 总销量:27.4单 | 品牌曝光:81.4次 | 🌟综合得分:35.4
2026-03-09 11:19:13,663 - INFO - [random - 种子:40] 拉新:23.1人 | 总销量:23.3单 | 品牌曝光:110.0次 | 🌟综合得分:34.2
2026-03-09 11:19:13,911 - INFO - [ris_optimized - 种子:40] 拉新:28.8人 | 总销量:29.0单 | 品牌曝光:115.1次 | 🌟综合得分:40.4
2026-03-09 11:19:13,933 - INFO - 所有进程执行完毕，开始写入数据...
2026-03-09 11:19:13,943 - INFO - 成功写入 6 条记录至 /home/wen/work/coup_spread/gzc-impl/results/network.netYeast/2026-3-16/tier_based_SSRNum-50000-_seedNum-40_simuTimes-500.csv
2026-03-09 11:19:13,944 - INFO - 保存评估文件至: /home/wen/work/coup_spread/gzc-impl/results/network.netYeast/2026-3-16/tier_based_SSRNum-50000-_seedNum-40_simuTimes-500.csv
2026-03-09 11:19:13,949 - INFO - 加载数据集: network.netYeast
2026-03-09 11:19:13,950 - INFO - --- 矩阵分析 ---
2026-03-09 11:19:13,950 - INFO - 节点数 (N): 1458
2026-03-09 11:19:13,950 - INFO - 边数 (E): 3896
2026-03-09 11:19:13,950 - INFO - 密度 (Density): 0.00183275 (越小越稀疏)
2026-03-09 11:19:13,950 - INFO - 稀疏度 (Sparsity): 0.99816725 (越接近1越稀疏)
2026-03-09 11:19:13,950 - INFO - 平均度数 (Avg Degree): 2.67
2026-03-09 11:19:13,951 - INFO - 首次生成度相关概率分布 分布类型: 'tier_based'.
2026-03-09 11:19:13,951 - INFO - ===> Generating 'Tier-based (Percentile)' distributions for Real Graph...
2026-03-09 11:19:13,952 - INFO - 保存概率分布 文件位置: /home/wen/work/coup_spread/network.netYeast/2026-3-16/distribution-in-network.netYeast/distribution-tier_based_seedNum-50.pkl
2026-03-09 11:19:13,963 - INFO - 首次生成种子集 random
2026-03-09 11:19:13,963 - INFO - 执行当前算法开始: random
2026-03-09 11:19:13,963 - INFO - 数据集节点总数:  n = 1458, m = 50
2026-03-09 11:19:13,963 - INFO - 选择 50  [1406, 913, 279, 1276, 104, 1043, 340, 183, 1243, 1339, 820, 475, 1001, 281, 735, 1416, 473, 387, 155, 89, 624, 789, 1346, 102, 31, 615, 1269, 10, 802, 658, 1139, 410, 1354, 430, 713, 346, 714, 1187, 123, 1188, 1247, 867, 752, 909, 1105, 1293, 770, 96, 923, 796]

2026-03-09 11:19:13,963 - INFO - 当前用时 0.00 秒
2026-03-09 11:19:13,963 - INFO - 将种子集 写入位置: /home/wen/work/coup_spread/network.netYeast/2026-3-16/seeds-with-network.netYeast/tier_based_random_seedNum-50_SSRNum-50000.txt
2026-03-09 11:19:13,963 - INFO - 首次生成种子集 degreeTopM
2026-03-09 11:19:13,963 - INFO - 执行当前算法开始: degreeTopM
2026-03-09 11:19:13,963 - INFO - 依据: 选择连接数（度数）最多的节点。
2026-03-09 11:19:13,964 - INFO - 选择的 Top M 节点及其度数:
2026-03-09 11:19:13,964 - INFO - 
2026-03-09 11:19:13,964 - INFO - 当前用时 0.00 秒
2026-03-09 11:19:13,964 - INFO - 将种子集 写入位置: /home/wen/work/coup_spread/network.netYeast/2026-3-16/seeds-with-network.netYeast/tier_based_degreeTopM_seedNum-50_SSRNum-50000.txt
2026-03-09 11:19:13,964 - INFO - 首次生成种子集 pageRank
2026-03-09 11:19:13,964 - INFO - 执行当前算法开始: pageRank
2026-03-09 11:19:13,964 - INFO - --- Running: PageRank (on tranProMatrix) Top M ---
2026-03-09 11:19:14,000 - INFO - Selected PageRank seeds: [157, 25, 57, 55, 15, 68, 315, 105, 238, 1041, 224, 2, 69, 1285, 34, 18, 464, 66, 546, 371, 56, 277, 143, 1149, 461, 383, 186, 393, 35, 204, 227, 251, 155, 635, 544, 287, 423, 214, 364, 599, 343, 606, 44, 43, 289, 551, 406, 62, 462, 416]
2026-03-09 11:19:14,001 - INFO - 当前用时 0.04 秒
2026-03-09 11:19:14,001 - INFO - 将种子集 写入位置: /home/wen/work/coup_spread/network.netYeast/2026-3-16/seeds-with-network.netYeast/tier_based_pageRank_seedNum-50_SSRNum-50000.txt
2026-03-09 11:19:14,001 - INFO - 首次生成种子集 alpha_sort
2026-03-09 11:19:14,001 - INFO - 执行当前算法开始: alpha_sort
2026-03-09 11:19:14,002 - INFO - 1458 个节点的alpha值降序排序 done
2026-03-09 11:19:14,002 - INFO - ==============>> [(1384, np.float64(0.4851220112336138)), (1283, np.float64(0.4822548075385367)), (202, np.float64(0.4803505670917029)), (1205, np.float64(0.47513990277892953)), (61, np.float64(0.46838675238674754)), (775, np.float64(0.46819794913373897)), (1170, np.float64(0.4680480617235197)), (262, np.float64(0.4636096197275995)), (1259, np.float64(0.46254332845545054)), (1350, np.float64(0.46236140398935155))]
2026-03-09 11:19:14,002 - INFO - 
选择的种子集 (按alpha排序): [1384, 1283, 202, 1205, 61, 775, 1170, 262, 1259, 1350, 1449, 136, 1231, 1377, 1424, 1416, 1286, 1375, 1364, 282, 1218, 130, 1162, 1301, 1335, 182, 1128, 1334, 171, 742, 31, 1196, 1258, 1199, 313, 166, 232, 1102, 1207, 1243, 1251, 743, 200, 1289, 165, 1306, 1176, 1337, 1225, 1321]

2026-03-09 11:19:14,002 - INFO - 当前用时 0.00 秒
2026-03-09 11:19:14,002 - INFO - 将种子集 写入位置: /home/wen/work/coup_spread/network.netYeast/2026-3-16/seeds-with-network.netYeast/tier_based_alpha_sort_seedNum-50_SSRNum-50000.txt
2026-03-09 11:19:14,002 - INFO - 首次生成种子集 ris_optimized
2026-03-09 11:19:14,002 - INFO - 执行当前算法开始: ris_optimized
2026-03-09 11:19:14,024 - INFO - 图初始化完成，节点数: 1458，当前模式: 优化采样
2026-03-09 11:19:14,024 - INFO - 开始生成 50000 组多重RR-Set...
2026-03-09 11:19:18,541 - INFO - 生成完毕。耗时: 4.52 秒。
2026-03-09 11:19:18,548 - INFO - 开始基于多重RR集贪心选择最优种子...
2026-03-09 11:19:19,361 - INFO - 选种完毕。耗时: 0.81 秒。估算范围: 46.29
2026-03-09 11:19:19,557 - INFO - 当前用时 5.55 秒
2026-03-09 11:19:19,557 - INFO - 将种子集 写入位置: /home/wen/work/coup_spread/network.netYeast/2026-3-16/seeds-with-network.netYeast/tier_based_ris_optimized_seedNum-50_SSRNum-50000.txt
2026-03-09 11:19:19,557 - INFO - 首次生成种子集 1hop_sort
2026-03-09 11:19:19,557 - INFO - 执行当前算法开始: 1hop_sort
2026-03-09 11:19:19,557 - INFO - --- Running: Teacher's 1-Hop Expected Spread Sort ---
2026-03-09 11:19:19,559 - INFO - 选出的前 5 个种子得分展示: [0.70886416 0.7087651  0.69296098 0.67859712 0.67372232]
2026-03-09 11:19:19,559 - INFO - 当前用时 0.00 秒
2026-03-09 11:19:19,560 - INFO - 将种子集 写入位置: /home/wen/work/coup_spread/network.netYeast/2026-3-16/seeds-with-network.netYeast/tier_based_1hop_sort_seedNum-50_SSRNum-50000.txt
2026-03-09 11:19:19,560 - INFO - 评估种子集: None
2026-03-09 11:19:19,560 - INFO - 多进程评估开始，共有 6 个方法待评估...
2026-03-09 11:19:19,560 - INFO - 启动进程池，Worker数量: 6
2026-03-09 11:19:19,715 - INFO - [Process 78988] 开始评估方法: random, 种子数: 50
2026-03-09 11:19:19,806 - INFO - [Process 78989] 开始评估方法: degreeTopM, 种子数: 50
2026-03-09 11:19:19,901 - INFO - [Process 78990] 开始评估方法: pageRank, 种子数: 50
2026-03-09 11:19:19,991 - INFO - [Process 78991] 开始评估方法: alpha_sort, 种子数: 50
2026-03-09 11:19:19,996 - INFO - [degreeTopM - 种子:50] 拉新:7.0人 | 总销量:7.0单 | 品牌曝光:60.7次 | 🌟综合得分:13.1
2026-03-09 11:19:20,084 - INFO - [Process 78992] 开始评估方法: ris_optimized, 种子数: 50
2026-03-09 11:19:20,119 - INFO - [pageRank - 种子:50] 拉新:7.6人 | 总销量:7.6单 | 品牌曝光:63.0次 | 🌟综合得分:13.9
2026-03-09 11:19:20,169 - INFO - [Process 78993] 开始评估方法: 1hop_sort, 种子数: 50
2026-03-09 11:19:20,594 - INFO - [alpha_sort - 种子:50] 拉新:31.4人 | 总销量:31.6单 | 品牌曝光:92.3次 | 🌟综合得分:40.8
2026-03-09 11:19:20,766 - INFO - [random - 种子:50] 拉新:27.7人 | 总销量:27.9单 | 品牌曝光:131.6次 | 🌟综合得分:41.0
2026-03-09 11:19:20,939 - INFO - [1hop_sort - 种子:50] 拉新:33.8人 | 总销量:34.3单 | 品牌曝光:104.1次 | 🌟综合得分:44.5
2026-03-09 11:19:21,342 - INFO - [ris_optimized - 种子:50] 拉新:36.0人 | 总销量:36.2单 | 品牌曝光:141.3次 | 🌟综合得分:50.2
2026-03-09 11:19:21,367 - INFO - 所有进程执行完毕，开始写入数据...
2026-03-09 11:19:21,376 - INFO - 成功写入 6 条记录至 /home/wen/work/coup_spread/gzc-impl/results/network.netYeast/2026-3-16/tier_based_SSRNum-50000-_seedNum-50_simuTimes-500.csv
2026-03-09 11:19:21,376 - INFO - 保存评估文件至: /home/wen/work/coup_spread/gzc-impl/results/network.netYeast/2026-3-16/tier_based_SSRNum-50000-_seedNum-50_simuTimes-500.csv
2026-03-09 11:19:21,385 - INFO - 加载数据集: network.netYeast
2026-03-09 11:19:21,386 - INFO - --- 矩阵分析 ---
2026-03-09 11:19:21,386 - INFO - 节点数 (N): 1458
2026-03-09 11:19:21,386 - INFO - 边数 (E): 3896
2026-03-09 11:19:21,386 - INFO - 密度 (Density): 0.00183275 (越小越稀疏)
2026-03-09 11:19:21,386 - INFO - 稀疏度 (Sparsity): 0.99816725 (越接近1越稀疏)
2026-03-09 11:19:21,386 - INFO - 平均度数 (Avg Degree): 2.67
2026-03-09 11:19:21,387 - INFO - 首次生成度相关概率分布 分布类型: 'tier_based'.
2026-03-09 11:19:21,387 - INFO - ===> Generating 'Tier-based (Percentile)' distributions for Real Graph...
2026-03-09 11:19:21,388 - INFO - 保存概率分布 文件位置: /home/wen/work/coup_spread/network.netYeast/2026-3-16/distribution-in-network.netYeast/distribution-tier_based_seedNum-60.pkl
2026-03-09 11:19:21,399 - INFO - 首次生成种子集 random
2026-03-09 11:19:21,399 - INFO - 执行当前算法开始: random
2026-03-09 11:19:21,399 - INFO - 数据集节点总数:  n = 1458, m = 60
2026-03-09 11:19:21,399 - INFO - 选择 60  [643, 98, 410, 320, 1322, 80, 329, 1371, 96, 194, 509, 391, 124, 653, 1163, 541, 859, 54, 922, 1297, 1336, 108, 139, 1440, 52, 1045, 379, 398, 3, 877, 735, 376, 1024, 1139, 727, 1423, 1054, 1169, 917, 636, 897, 686, 1129, 126, 242, 1312, 317, 212, 1188, 1170, 586, 468, 245, 264, 10, 417, 1197, 227, 546, 252]

2026-03-09 11:19:21,399 - INFO - 当前用时 0.00 秒
2026-03-09 11:19:21,399 - INFO - 将种子集 写入位置: /home/wen/work/coup_spread/network.netYeast/2026-3-16/seeds-with-network.netYeast/tier_based_random_seedNum-60_SSRNum-50000.txt
2026-03-09 11:19:21,399 - INFO - 首次生成种子集 degreeTopM
2026-03-09 11:19:21,400 - INFO - 执行当前算法开始: degreeTopM
2026-03-09 11:19:21,400 - INFO - 依据: 选择连接数（度数）最多的节点。
2026-03-09 11:19:21,400 - INFO - 选择的 Top M 节点及其度数:
2026-03-09 11:19:21,400 - INFO - 
2026-03-09 11:19:21,400 - INFO - 当前用时 0.00 秒
2026-03-09 11:19:21,400 - INFO - 将种子集 写入位置: /home/wen/work/coup_spread/network.netYeast/2026-3-16/seeds-with-network.netYeast/tier_based_degreeTopM_seedNum-60_SSRNum-50000.txt
2026-03-09 11:19:21,400 - INFO - 首次生成种子集 pageRank
2026-03-09 11:19:21,400 - INFO - 执行当前算法开始: pageRank
2026-03-09 11:19:21,400 - INFO - --- Running: PageRank (on tranProMatrix) Top M ---
2026-03-09 11:19:21,438 - INFO - Selected PageRank seeds: [157, 25, 57, 55, 15, 68, 315, 105, 238, 1041, 224, 2, 69, 1285, 34, 18, 464, 66, 546, 371, 56, 277, 143, 1149, 461, 383, 186, 393, 35, 204, 227, 251, 155, 635, 544, 287, 423, 214, 364, 599, 343, 606, 44, 43, 289, 551, 406, 62, 462, 416, 33, 284, 845, 975, 72, 1318, 473, 70, 346, 99]
2026-03-09 11:19:21,439 - INFO - 当前用时 0.04 秒
2026-03-09 11:19:21,439 - INFO - 将种子集 写入位置: /home/wen/work/coup_spread/network.netYeast/2026-3-16/seeds-with-network.netYeast/tier_based_pageRank_seedNum-60_SSRNum-50000.txt
2026-03-09 11:19:21,439 - INFO - 首次生成种子集 alpha_sort
2026-03-09 11:19:21,439 - INFO - 执行当前算法开始: alpha_sort
2026-03-09 11:19:21,440 - INFO - 1458 个节点的alpha值降序排序 done
2026-03-09 11:19:21,440 - INFO - ==============>> [(129, np.float64(0.4852013791410056)), (1334, np.float64(0.4848772345621547)), (295, np.float64(0.48021430672467386)), (1227, np.float64(0.46977255308091165)), (17, np.float64(0.4665145520687671)), (1371, np.float64(0.46575976748640513)), (1244, np.float64(0.465447527478244)), (1336, np.float64(0.46430535126763606)), (1161, np.float64(0.46352034610821036)), (1312, np.float64(0.4569871932807027))]
2026-03-09 11:19:21,440 - INFO - 
选择的种子集 (按alpha排序): [129, 1334, 295, 1227, 17, 1371, 1244, 1336, 1161, 1312, 1274, 1381, 1276, 223, 1166, 1102, 1129, 1416, 1347, 1387, 207, 1400, 1423, 132, 1229, 1332, 1141, 282, 1289, 1269, 1190, 1427, 305, 1424, 31, 136, 65, 1140, 1307, 1196, 1393, 1168, 210, 1176, 219, 142, 1401, 1451, 1195, 1211, 1205, 135, 1225, 239, 1450, 137, 1375, 1328, 1279, 1331]

2026-03-09 11:19:21,440 - INFO - 当前用时 0.00 秒
2026-03-09 11:19:21,440 - INFO - 将种子集 写入位置: /home/wen/work/coup_spread/network.netYeast/2026-3-16/seeds-with-network.netYeast/tier_based_alpha_sort_seedNum-60_SSRNum-50000.txt
2026-03-09 11:19:21,440 - INFO - 首次生成种子集 ris_optimized
2026-03-09 11:19:21,440 - INFO - 执行当前算法开始: ris_optimized
2026-03-09 11:19:21,463 - INFO - 图初始化完成，节点数: 1458，当前模式: 优化采样
2026-03-09 11:19:21,463 - INFO - 开始生成 50000 组多重RR-Set...
2026-03-09 11:19:26,513 - INFO - 生成完毕。耗时: 5.05 秒。
2026-03-09 11:19:26,517 - INFO - 开始基于多重RR集贪心选择最优种子...
2026-03-09 11:19:27,517 - INFO - 选种完毕。耗时: 1.00 秒。估算范围: 54.96
2026-03-09 11:19:27,747 - INFO - 当前用时 6.31 秒
2026-03-09 11:19:27,747 - INFO - 将种子集 写入位置: /home/wen/work/coup_spread/network.netYeast/2026-3-16/seeds-with-network.netYeast/tier_based_ris_optimized_seedNum-60_SSRNum-50000.txt
2026-03-09 11:19:27,747 - INFO - 首次生成种子集 1hop_sort
2026-03-09 11:19:27,747 - INFO - 执行当前算法开始: 1hop_sort
2026-03-09 11:19:27,748 - INFO - --- Running: Teacher's 1-Hop Expected Spread Sort ---
2026-03-09 11:19:27,749 - INFO - 选出的前 5 个种子得分展示: [0.69005451 0.68686879 0.67443707 0.67414589 0.66269176]
2026-03-09 11:19:27,750 - INFO - 当前用时 0.00 秒
2026-03-09 11:19:27,750 - INFO - 将种子集 写入位置: /home/wen/work/coup_spread/network.netYeast/2026-3-16/seeds-with-network.netYeast/tier_based_1hop_sort_seedNum-60_SSRNum-50000.txt
2026-03-09 11:19:27,750 - INFO - 评估种子集: None
2026-03-09 11:19:27,750 - INFO - 多进程评估开始，共有 6 个方法待评估...
2026-03-09 11:19:27,750 - INFO - 启动进程池，Worker数量: 6
2026-03-09 11:19:27,882 - INFO - [Process 79135] 开始评估方法: random, 种子数: 60
2026-03-09 11:19:27,941 - INFO - [Process 79137] 开始评估方法: degreeTopM, 种子数: 60
2026-03-09 11:19:27,992 - INFO - [Process 79140] 开始评估方法: pageRank, 种子数: 60
2026-03-09 11:19:28,056 - INFO - [Process 79142] 开始评估方法: alpha_sort, 种子数: 60
2026-03-09 11:19:28,115 - INFO - [Process 79143] 开始评估方法: ris_optimized, 种子数: 60
2026-03-09 11:19:28,174 - INFO - [degreeTopM - 种子:60] 拉新:8.5人 | 总销量:8.5单 | 品牌曝光:73.1次 | 🌟综合得分:15.8
2026-03-09 11:19:28,179 - INFO - [Process 79146] 开始评估方法: 1hop_sort, 种子数: 60
2026-03-09 11:19:28,321 - INFO - [pageRank - 种子:60] 拉新:10.6人 | 总销量:10.6单 | 品牌曝光:80.8次 | 🌟综合得分:18.7
2026-03-09 11:19:28,740 - INFO - [alpha_sort - 种子:60] 拉新:36.5人 | 总销量:36.5单 | 品牌曝光:108.3次 | 🌟综合得分:47.3
2026-03-09 11:19:29,134 - INFO - [1hop_sort - 种子:60] 拉新:41.3人 | 总销量:41.6单 | 品牌曝光:129.4次 | 🌟综合得分:54.4
2026-03-09 11:19:29,371 - INFO - [random - 种子:60] 拉新:35.1人 | 总销量:35.5单 | 品牌曝光:168.1次 | 🌟综合得分:52.1
2026-03-09 11:19:29,723 - INFO - [ris_optimized - 种子:60] 拉新:44.5人 | 总销量:44.9单 | 品牌曝光:182.8次 | 🌟综合得分:63.0
2026-03-09 11:19:29,747 - INFO - 所有进程执行完毕，开始写入数据...
2026-03-09 11:19:29,756 - INFO - 成功写入 6 条记录至 /home/wen/work/coup_spread/gzc-impl/results/network.netYeast/2026-3-16/tier_based_SSRNum-50000-_seedNum-60_simuTimes-500.csv
2026-03-09 11:19:29,757 - INFO - 保存评估文件至: /home/wen/work/coup_spread/gzc-impl/results/network.netYeast/2026-3-16/tier_based_SSRNum-50000-_seedNum-60_simuTimes-500.csv
2026-03-09 11:19:29,760 - INFO - 加载数据集: network.netYeast
2026-03-09 11:19:29,761 - INFO - --- 矩阵分析 ---
2026-03-09 11:19:29,761 - INFO - 节点数 (N): 1458
2026-03-09 11:19:29,761 - INFO - 边数 (E): 3896
2026-03-09 11:19:29,762 - INFO - 密度 (Density): 0.00183275 (越小越稀疏)
2026-03-09 11:19:29,762 - INFO - 稀疏度 (Sparsity): 0.99816725 (越接近1越稀疏)
2026-03-09 11:19:29,762 - INFO - 平均度数 (Avg Degree): 2.67
2026-03-09 11:19:29,762 - INFO - 首次生成度相关概率分布 分布类型: 'tier_based'.
2026-03-09 11:19:29,762 - INFO - ===> Generating 'Tier-based (Percentile)' distributions for Real Graph...
2026-03-09 11:19:29,763 - INFO - 保存概率分布 文件位置: /home/wen/work/coup_spread/network.netYeast/2026-3-16/distribution-in-network.netYeast/distribution-tier_based_seedNum-70.pkl
2026-03-09 11:19:29,781 - INFO - 首次生成种子集 random
2026-03-09 11:19:29,781 - INFO - 执行当前算法开始: random
2026-03-09 11:19:29,781 - INFO - 数据集节点总数:  n = 1458, m = 70
2026-03-09 11:19:29,782 - INFO - 选择 70  [809, 984, 1308, 1456, 190, 66, 244, 595, 1282, 684, 1348, 149, 526, 985, 1411, 825, 786, 73, 691, 334, 943, 633, 724, 967, 1025, 124, 1136, 134, 75, 509, 141, 911, 1216, 856, 116, 1277, 198, 1439, 371, 818, 480, 568, 566, 752, 751, 941, 835, 1396, 1158, 111, 510, 503, 1352, 660, 117, 30, 84, 139, 511, 347, 930, 648, 1242, 1247, 1263, 1191, 1441, 1239, 646, 611]

2026-03-09 11:19:29,782 - INFO - 当前用时 0.00 秒
2026-03-09 11:19:29,782 - INFO - 将种子集 写入位置: /home/wen/work/coup_spread/network.netYeast/2026-3-16/seeds-with-network.netYeast/tier_based_random_seedNum-70_SSRNum-50000.txt
2026-03-09 11:19:29,782 - INFO - 首次生成种子集 degreeTopM
2026-03-09 11:19:29,782 - INFO - 执行当前算法开始: degreeTopM
2026-03-09 11:19:29,782 - INFO - 依据: 选择连接数（度数）最多的节点。
2026-03-09 11:19:29,782 - INFO - 选择的 Top M 节点及其度数:
2026-03-09 11:19:29,782 - INFO - 
2026-03-09 11:19:29,782 - INFO - 当前用时 0.00 秒
2026-03-09 11:19:29,783 - INFO - 将种子集 写入位置: /home/wen/work/coup_spread/network.netYeast/2026-3-16/seeds-with-network.netYeast/tier_based_degreeTopM_seedNum-70_SSRNum-50000.txt
2026-03-09 11:19:29,783 - INFO - 首次生成种子集 pageRank
2026-03-09 11:19:29,783 - INFO - 执行当前算法开始: pageRank
2026-03-09 11:19:29,783 - INFO - --- Running: PageRank (on tranProMatrix) Top M ---
2026-03-09 11:19:29,818 - INFO - Selected PageRank seeds: [157, 25, 57, 55, 15, 68, 315, 105, 238, 1041, 224, 2, 69, 1285, 34, 18, 464, 66, 546, 371, 56, 277, 143, 1149, 461, 383, 186, 393, 35, 204, 227, 251, 155, 635, 544, 287, 423, 214, 364, 599, 343, 606, 44, 43, 289, 551, 406, 62, 462, 416, 33, 284, 845, 975, 72, 1318, 473, 70, 346, 99, 982, 29, 932, 367, 79, 693, 288, 837, 621, 738]
2026-03-09 11:19:29,818 - INFO - 当前用时 0.04 秒
2026-03-09 11:19:29,818 - INFO - 将种子集 写入位置: /home/wen/work/coup_spread/network.netYeast/2026-3-16/seeds-with-network.netYeast/tier_based_pageRank_seedNum-70_SSRNum-50000.txt
2026-03-09 11:19:29,818 - INFO - 首次生成种子集 alpha_sort
2026-03-09 11:19:29,818 - INFO - 执行当前算法开始: alpha_sort
2026-03-09 11:19:29,819 - INFO - 1458 个节点的alpha值降序排序 done
2026-03-09 11:19:29,819 - INFO - ==============>> [(52, np.float64(0.4929733479580971)), (1424, np.float64(0.4877146831578375)), (1283, np.float64(0.4725150447049026)), (1453, np.float64(0.4722642537273393)), (31, np.float64(0.4721961245337495)), (1393, np.float64(0.47103705625837505)), (1339, np.float64(0.4698059351231824)), (1246, np.float64(0.46697769387339705)), (271, np.float64(0.46650427959911034)), (1310, np.float64(0.462739295766165))]
2026-03-09 11:19:29,819 - INFO - 
选择的种子集 (按alpha排序): [52, 1424, 1283, 1453, 31, 1393, 1339, 1246, 271, 1310, 202, 1242, 1341, 141, 1235, 1392, 1213, 1203, 1222, 1144, 217, 158, 1387, 1346, 1232, 1218, 295, 727, 1177, 1133, 1288, 234, 722, 1261, 183, 1398, 130, 1418, 1266, 208, 1198, 182, 1209, 1395, 256, 1237, 1427, 228, 312, 739, 1366, 1333, 134, 1104, 1183, 1332, 179, 1327, 1397, 1340, 1426, 1381, 1374, 1389, 1224, 1276, 36, 166, 1130, 188]

2026-03-09 11:19:29,819 - INFO - 当前用时 0.00 秒
2026-03-09 11:19:29,819 - INFO - 将种子集 写入位置: /home/wen/work/coup_spread/network.netYeast/2026-3-16/seeds-with-network.netYeast/tier_based_alpha_sort_seedNum-70_SSRNum-50000.txt
2026-03-09 11:19:29,819 - INFO - 首次生成种子集 ris_optimized
2026-03-09 11:19:29,819 - INFO - 执行当前算法开始: ris_optimized
2026-03-09 11:19:29,844 - INFO - 图初始化完成，节点数: 1458，当前模式: 优化采样
2026-03-09 11:19:29,844 - INFO - 开始生成 50000 组多重RR-Set...
2026-03-09 11:19:36,860 - INFO - 生成完毕。耗时: 7.02 秒。
2026-03-09 11:19:36,865 - INFO - 开始基于多重RR集贪心选择最优种子...
2026-03-09 11:19:38,054 - INFO - 选种完毕。耗时: 1.19 秒。估算范围: 65.11
2026-03-09 11:19:38,319 - INFO - 当前用时 8.50 秒
2026-03-09 11:19:38,319 - INFO - 将种子集 写入位置: /home/wen/work/coup_spread/network.netYeast/2026-3-16/seeds-with-network.netYeast/tier_based_ris_optimized_seedNum-70_SSRNum-50000.txt
2026-03-09 11:19:38,319 - INFO - 首次生成种子集 1hop_sort
2026-03-09 11:19:38,319 - INFO - 执行当前算法开始: 1hop_sort
2026-03-09 11:19:38,319 - INFO - --- Running: Teacher's 1-Hop Expected Spread Sort ---
2026-03-09 11:19:38,322 - INFO - 选出的前 5 个种子得分展示: [0.72300876 0.7011768  0.69813862 0.69644569 0.69069892]
2026-03-09 11:19:38,322 - INFO - 当前用时 0.00 秒
2026-03-09 11:19:38,322 - INFO - 将种子集 写入位置: /home/wen/work/coup_spread/network.netYeast/2026-3-16/seeds-with-network.netYeast/tier_based_1hop_sort_seedNum-70_SSRNum-50000.txt
2026-03-09 11:19:38,323 - INFO - 评估种子集: None
2026-03-09 11:19:38,323 - INFO - 多进程评估开始，共有 6 个方法待评估...
2026-03-09 11:19:38,323 - INFO - 启动进程池，Worker数量: 6
2026-03-09 11:19:38,521 - INFO - [Process 79297] 开始评估方法: random, 种子数: 70
2026-03-09 11:19:38,577 - INFO - [Process 79298] 开始评估方法: degreeTopM, 种子数: 70
2026-03-09 11:19:38,648 - INFO - [Process 79305] 开始评估方法: pageRank, 种子数: 70
2026-03-09 11:19:38,716 - INFO - [Process 79313] 开始评估方法: alpha_sort, 种子数: 70
2026-03-09 11:19:38,787 - INFO - [Process 79319] 开始评估方法: ris_optimized, 种子数: 70
2026-03-09 11:19:38,850 - INFO - [degreeTopM - 种子:70] 拉新:9.9人 | 总销量:9.9单 | 品牌曝光:85.7次 | 🌟综合得分:18.5
2026-03-09 11:19:38,857 - INFO - [Process 79320] 开始评估方法: 1hop_sort, 种子数: 70
2026-03-09 11:19:39,127 - INFO - [pageRank - 种子:70] 拉新:14.3人 | 总销量:14.3单 | 品牌曝光:101.4次 | 🌟综合得分:24.4
2026-03-09 11:19:39,541 - INFO - [alpha_sort - 种子:70] 拉新:43.5人 | 总销量:43.7单 | 品牌曝光:128.3次 | 🌟综合得分:56.4
2026-03-09 11:19:39,961 - INFO - [1hop_sort - 种子:70] 拉新:48.2人 | 总销量:48.9单 | 品牌曝光:149.5次 | 🌟综合得分:63.5
2026-03-09 11:19:40,227 - INFO - [random - 种子:70] 拉新:40.9人 | 总销量:41.7单 | 品牌曝光:197.0次 | 🌟综合得分:61.0
2026-03-09 11:19:40,504 - INFO - [ris_optimized - 种子:70] 拉新:50.7人 | 总销量:52.0单 | 品牌曝光:199.6次 | 🌟综合得分:71.3
2026-03-09 11:19:40,531 - INFO - 所有进程执行完毕，开始写入数据...
2026-03-09 11:19:40,540 - INFO - 成功写入 6 条记录至 /home/wen/work/coup_spread/gzc-impl/results/network.netYeast/2026-3-16/tier_based_SSRNum-50000-_seedNum-70_simuTimes-500.csv
2026-03-09 11:19:40,541 - INFO - 保存评估文件至: /home/wen/work/coup_spread/gzc-impl/results/network.netYeast/2026-3-16/tier_based_SSRNum-50000-_seedNum-70_simuTimes-500.csv
2026-03-09 11:19:40,543 - INFO - 加载数据集: network.netYeast
2026-03-09 11:19:40,544 - INFO - --- 矩阵分析 ---
2026-03-09 11:19:40,544 - INFO - 节点数 (N): 1458
2026-03-09 11:19:40,544 - INFO - 边数 (E): 3896
2026-03-09 11:19:40,544 - INFO - 密度 (Density): 0.00183275 (越小越稀疏)
2026-03-09 11:19:40,544 - INFO - 稀疏度 (Sparsity): 0.99816725 (越接近1越稀疏)
2026-03-09 11:19:40,545 - INFO - 平均度数 (Avg Degree): 2.67
2026-03-09 11:19:40,545 - INFO - 首次生成度相关概率分布 分布类型: 'tier_based'.
2026-03-09 11:19:40,545 - INFO - ===> Generating 'Tier-based (Percentile)' distributions for Real Graph...
2026-03-09 11:19:40,547 - INFO - 保存概率分布 文件位置: /home/wen/work/coup_spread/network.netYeast/2026-3-16/distribution-in-network.netYeast/distribution-tier_based_seedNum-80.pkl
2026-03-09 11:19:40,563 - INFO - 首次生成种子集 random
2026-03-09 11:19:40,563 - INFO - 执行当前算法开始: random
2026-03-09 11:19:40,563 - INFO - 数据集节点总数:  n = 1458, m = 80
2026-03-09 11:19:40,563 - INFO - 选择 80  [944, 34, 149, 272, 1435, 265, 1073, 412, 830, 386, 723, 237, 934, 1175, 18, 325, 378, 899, 597, 621, 7, 1122, 552, 1366, 1079, 733, 471, 998, 1395, 1360, 940, 630, 672, 1007, 581, 1194, 536, 820, 1062, 1420, 675, 908, 456, 903, 156, 1169, 1031, 1284, 1399, 974, 59, 827, 726, 669, 331, 759, 210, 65, 648, 281, 714, 593, 981, 1294, 1371, 695, 244, 728, 247, 357, 1238, 491, 859, 200, 576, 1352, 111, 402, 140, 841]

2026-03-09 11:19:40,564 - INFO - 当前用时 0.00 秒
2026-03-09 11:19:40,564 - INFO - 将种子集 写入位置: /home/wen/work/coup_spread/network.netYeast/2026-3-16/seeds-with-network.netYeast/tier_based_random_seedNum-80_SSRNum-50000.txt
2026-03-09 11:19:40,564 - INFO - 首次生成种子集 degreeTopM
2026-03-09 11:19:40,564 - INFO - 执行当前算法开始: degreeTopM
2026-03-09 11:19:40,564 - INFO - 依据: 选择连接数（度数）最多的节点。
2026-03-09 11:19:40,564 - INFO - 选择的 Top M 节点及其度数:
2026-03-09 11:19:40,564 - INFO - 
2026-03-09 11:19:40,564 - INFO - 当前用时 0.00 秒
2026-03-09 11:19:40,564 - INFO - 将种子集 写入位置: /home/wen/work/coup_spread/network.netYeast/2026-3-16/seeds-with-network.netYeast/tier_based_degreeTopM_seedNum-80_SSRNum-50000.txt
2026-03-09 11:19:40,565 - INFO - 首次生成种子集 pageRank
2026-03-09 11:19:40,565 - INFO - 执行当前算法开始: pageRank
2026-03-09 11:19:40,565 - INFO - --- Running: PageRank (on tranProMatrix) Top M ---
2026-03-09 11:19:40,602 - INFO - Selected PageRank seeds: [157, 25, 57, 55, 15, 68, 315, 105, 238, 1041, 224, 2, 69, 1285, 34, 18, 464, 66, 546, 371, 56, 277, 143, 1149, 461, 383, 186, 393, 35, 204, 227, 251, 155, 635, 544, 287, 423, 214, 364, 599, 343, 606, 44, 43, 289, 551, 406, 62, 462, 416, 33, 284, 845, 975, 72, 1318, 473, 70, 346, 99, 982, 29, 932, 367, 79, 693, 288, 837, 621, 738, 16, 603, 677, 800, 247, 876, 812, 558, 121, 668]
2026-03-09 11:19:40,602 - INFO - 当前用时 0.04 秒
2026-03-09 11:19:40,602 - INFO - 将种子集 写入位置: /home/wen/work/coup_spread/network.netYeast/2026-3-16/seeds-with-network.netYeast/tier_based_pageRank_seedNum-80_SSRNum-50000.txt
2026-03-09 11:19:40,602 - INFO - 首次生成种子集 alpha_sort
2026-03-09 11:19:40,602 - INFO - 执行当前算法开始: alpha_sort
2026-03-09 11:19:40,603 - INFO - 1458 个节点的alpha值降序排序 done
2026-03-09 11:19:40,603 - INFO - ==============>> [(1303, np.float64(0.4781497487473475)), (183, np.float64(0.47764379889061837)), (1310, np.float64(0.4751754604423192)), (1262, np.float64(0.4735787183941643)), (1365, np.float64(0.4698325364071428)), (136, np.float64(0.469361331790453)), (1206, np.float64(0.46500270353321305)), (65, np.float64(0.4638135768020505)), (1272, np.float64(0.46328721155124586)), (1397, np.float64(0.46269110663995494))]
2026-03-09 11:19:40,603 - INFO - 
选择的种子集 (按alpha排序): [1303, 183, 1310, 1262, 1365, 136, 1206, 65, 1272, 1397, 217, 1348, 1449, 1398, 1315, 1252, 1244, 263, 207, 311, 1194, 727, 1305, 1212, 1235, 1375, 1248, 1331, 256, 1382, 210, 239, 131, 1179, 1137, 1314, 313, 282, 1319, 1140, 1329, 1316, 1295, 1188, 739, 1224, 283, 1216, 1211, 1312, 1143, 1286, 249, 729, 242, 1367, 1372, 1341, 1287, 1452, 1190, 1308, 1170, 1265, 1204, 1238, 1429, 774, 194, 1218, 1133, 17, 1144, 1261, 1189, 1380, 185, 179, 63, 1427]

2026-03-09 11:19:40,603 - INFO - 当前用时 0.00 秒
2026-03-09 11:19:40,603 - INFO - 将种子集 写入位置: /home/wen/work/coup_spread/network.netYeast/2026-3-16/seeds-with-network.netYeast/tier_based_alpha_sort_seedNum-80_SSRNum-50000.txt
2026-03-09 11:19:40,603 - INFO - 首次生成种子集 ris_optimized
2026-03-09 11:19:40,603 - INFO - 执行当前算法开始: ris_optimized
2026-03-09 11:19:40,629 - INFO - 图初始化完成，节点数: 1458，当前模式: 优化采样
2026-03-09 11:19:40,629 - INFO - 开始生成 50000 组多重RR-Set...
2026-03-09 11:19:47,456 - INFO - 生成完毕。耗时: 6.83 秒。
2026-03-09 11:19:47,464 - INFO - 开始基于多重RR集贪心选择最优种子...
2026-03-09 11:19:48,861 - INFO - 选种完毕。耗时: 1.40 秒。估算范围: 72.23
2026-03-09 11:19:49,176 - INFO - 当前用时 8.57 秒
2026-03-09 11:19:49,176 - INFO - 将种子集 写入位置: /home/wen/work/coup_spread/network.netYeast/2026-3-16/seeds-with-network.netYeast/tier_based_ris_optimized_seedNum-80_SSRNum-50000.txt
2026-03-09 11:19:49,177 - INFO - 首次生成种子集 1hop_sort
2026-03-09 11:19:49,177 - INFO - 执行当前算法开始: 1hop_sort
2026-03-09 11:19:49,177 - INFO - --- Running: Teacher's 1-Hop Expected Spread Sort ---
2026-03-09 11:19:49,179 - INFO - 选出的前 5 个种子得分展示: [0.71274934 0.70968425 0.7031811  0.69629541 0.6879362 ]
2026-03-09 11:19:49,179 - INFO - 当前用时 0.00 秒
2026-03-09 11:19:49,180 - INFO - 将种子集 写入位置: /home/wen/work/coup_spread/network.netYeast/2026-3-16/seeds-with-network.netYeast/tier_based_1hop_sort_seedNum-80_SSRNum-50000.txt
2026-03-09 11:19:49,180 - INFO - 评估种子集: None
2026-03-09 11:19:49,180 - INFO - 多进程评估开始，共有 6 个方法待评估...
2026-03-09 11:19:49,180 - INFO - 启动进程池，Worker数量: 6
2026-03-09 11:19:49,385 - INFO - [Process 79542] 开始评估方法: random, 种子数: 80
2026-03-09 11:19:49,443 - INFO - [Process 79543] 开始评估方法: degreeTopM, 种子数: 80
2026-03-09 11:19:49,519 - INFO - [Process 79544] 开始评估方法: pageRank, 种子数: 80
2026-03-09 11:19:49,593 - INFO - [Process 79545] 开始评估方法: alpha_sort, 种子数: 80
2026-03-09 11:19:49,671 - INFO - [Process 79546] 开始评估方法: ris_optimized, 种子数: 80
2026-03-09 11:19:49,743 - INFO - [Process 79547] 开始评估方法: 1hop_sort, 种子数: 80
2026-03-09 11:19:49,999 - INFO - [degreeTopM - 种子:80] 拉新:15.6人 | 总销量:15.7单 | 品牌曝光:114.5次 | 🌟综合得分:27.1
2026-03-09 11:19:50,282 - INFO - [pageRank - 种子:80] 拉新:20.6人 | 总销量:20.6单 | 品牌曝光:131.9次 | 🌟综合得分:33.8
2026-03-09 11:19:50,572 - INFO - [alpha_sort - 种子:80] 拉新:49.1人 | 总销量:49.4单 | 品牌曝光:147.7次 | 🌟综合得分:64.0
2026-03-09 11:19:51,027 - INFO - [1hop_sort - 种子:80] 拉新:54.5人 | 总销量:55.3单 | 品牌曝光:170.2次 | 🌟综合得分:71.9
2026-03-09 11:19:51,637 - INFO - [random - 种子:80] 拉新:46.9人 | 总销量:47.4单 | 品牌曝光:228.2次 | 🌟综合得分:70.0
2026-03-09 11:19:52,005 - INFO - [ris_optimized - 种子:80] 拉新:58.6人 | 总销量:59.6单 | 品牌曝光:243.3次 | 🌟综合得分:83.4
2026-03-09 11:19:52,028 - INFO - 所有进程执行完毕，开始写入数据...
2026-03-09 11:19:52,037 - INFO - 成功写入 6 条记录至 /home/wen/work/coup_spread/gzc-impl/results/network.netYeast/2026-3-16/tier_based_SSRNum-50000-_seedNum-80_simuTimes-500.csv
2026-03-09 11:19:52,038 - INFO - 保存评估文件至: /home/wen/work/coup_spread/gzc-impl/results/network.netYeast/2026-3-16/tier_based_SSRNum-50000-_seedNum-80_simuTimes-500.csv
2026-03-09 11:19:52,041 - INFO - 加载数据集: network.netYeast
2026-03-09 11:19:52,042 - INFO - --- 矩阵分析 ---
2026-03-09 11:19:52,042 - INFO - 节点数 (N): 1458
2026-03-09 11:19:52,042 - INFO - 边数 (E): 3896
2026-03-09 11:19:52,042 - INFO - 密度 (Density): 0.00183275 (越小越稀疏)
2026-03-09 11:19:52,042 - INFO - 稀疏度 (Sparsity): 0.99816725 (越接近1越稀疏)
2026-03-09 11:19:52,042 - INFO - 平均度数 (Avg Degree): 2.67
2026-03-09 11:19:52,043 - INFO - 首次生成度相关概率分布 分布类型: 'tier_based'.
2026-03-09 11:19:52,043 - INFO - ===> Generating 'Tier-based (Percentile)' distributions for Real Graph...
2026-03-09 11:19:52,044 - INFO - 保存概率分布 文件位置: /home/wen/work/coup_spread/network.netYeast/2026-3-16/distribution-in-network.netYeast/distribution-tier_based_seedNum-90.pkl
2026-03-09 11:19:52,060 - INFO - 首次生成种子集 random
2026-03-09 11:19:52,060 - INFO - 执行当前算法开始: random
2026-03-09 11:19:52,060 - INFO - 数据集节点总数:  n = 1458, m = 90
2026-03-09 11:19:52,061 - INFO - 选择 90  [999, 1074, 41, 1120, 436, 1187, 966, 62, 1271, 663, 666, 1396, 377, 811, 1158, 954, 1444, 1127, 110, 648, 405, 1039, 553, 1301, 1235, 52, 773, 976, 1288, 1349, 366, 951, 514, 1002, 626, 1145, 1284, 285, 1376, 941, 1419, 1454, 291, 1437, 503, 1309, 1272, 1276, 690, 317, 1236, 416, 431, 527, 1371, 1296, 1017, 1418, 1064, 714, 452, 1400, 1354, 48, 554, 388, 189, 275, 1253, 38, 122, 890, 831, 824, 320, 1081, 491, 866, 592, 1121, 29, 419, 214, 406, 292, 391, 645, 502, 3, 931]

2026-03-09 11:19:52,061 - INFO - 当前用时 0.00 秒
2026-03-09 11:19:52,061 - INFO - 将种子集 写入位置: /home/wen/work/coup_spread/network.netYeast/2026-3-16/seeds-with-network.netYeast/tier_based_random_seedNum-90_SSRNum-50000.txt
2026-03-09 11:19:52,061 - INFO - 首次生成种子集 degreeTopM
2026-03-09 11:19:52,061 - INFO - 执行当前算法开始: degreeTopM
2026-03-09 11:19:52,061 - INFO - 依据: 选择连接数（度数）最多的节点。
2026-03-09 11:19:52,061 - INFO - 选择的 Top M 节点及其度数:
2026-03-09 11:19:52,061 - INFO - 
2026-03-09 11:19:52,062 - INFO - 当前用时 0.00 秒
2026-03-09 11:19:52,062 - INFO - 将种子集 写入位置: /home/wen/work/coup_spread/network.netYeast/2026-3-16/seeds-with-network.netYeast/tier_based_degreeTopM_seedNum-90_SSRNum-50000.txt
2026-03-09 11:19:52,062 - INFO - 首次生成种子集 pageRank
2026-03-09 11:19:52,062 - INFO - 执行当前算法开始: pageRank
2026-03-09 11:19:52,062 - INFO - --- Running: PageRank (on tranProMatrix) Top M ---
2026-03-09 11:19:52,097 - INFO - Selected PageRank seeds: [157, 25, 57, 55, 15, 68, 315, 105, 238, 1041, 224, 2, 69, 1285, 34, 18, 464, 66, 546, 371, 56, 277, 143, 1149, 461, 383, 186, 393, 35, 204, 227, 251, 155, 635, 544, 287, 423, 214, 364, 599, 343, 606, 44, 43, 289, 551, 406, 62, 462, 416, 33, 284, 845, 975, 72, 1318, 473, 70, 346, 99, 982, 29, 932, 367, 79, 693, 288, 837, 621, 738, 16, 603, 677, 800, 247, 876, 812, 558, 121, 668, 470, 644, 714, 339, 276, 637, 760, 172, 680, 321]
2026-03-09 11:19:52,097 - INFO - 当前用时 0.04 秒
2026-03-09 11:19:52,098 - INFO - 将种子集 写入位置: /home/wen/work/coup_spread/network.netYeast/2026-3-16/seeds-with-network.netYeast/tier_based_pageRank_seedNum-90_SSRNum-50000.txt
2026-03-09 11:19:52,098 - INFO - 首次生成种子集 alpha_sort
2026-03-09 11:19:52,098 - INFO - 执行当前算法开始: alpha_sort
2026-03-09 11:19:52,098 - INFO - 1458 个节点的alpha值降序排序 done
2026-03-09 11:19:52,098 - INFO - ==============>> [(1296, np.float64(0.4848514043141138)), (1340, np.float64(0.47633426836286447)), (1268, np.float64(0.4702004558641412)), (1390, np.float64(0.4681203828012485)), (1177, np.float64(0.4680575468206476)), (1199, np.float64(0.4670116288484221)), (200, np.float64(0.46338648000247373)), (135, np.float64(0.4615452280670708)), (772, np.float64(0.45814095709604025)), (137, np.float64(0.45617081481956717))]
2026-03-09 11:19:52,098 - INFO - 
选择的种子集 (按alpha排序): [1296, 1340, 1268, 1390, 1177, 1199, 200, 135, 772, 137, 131, 1225, 210, 1377, 1452, 31, 1453, 1204, 194, 1349, 1397, 1262, 1367, 1250, 1272, 1395, 1347, 130, 40, 295, 232, 1401, 1182, 1339, 1202, 1325, 1183, 1266, 1351, 1301, 1170, 65, 1258, 713, 730, 1292, 1425, 1274, 1315, 1303, 1335, 1327, 1187, 1251, 1237, 1424, 1212, 51, 1102, 1279, 1368, 282, 1192, 1332, 1384, 1238, 1330, 1388, 743, 1227, 1286, 249, 1392, 1189, 50, 1195, 1231, 239, 52, 312, 1306, 1143, 185, 1304, 129, 1269, 188, 1248, 1448, 1179]

2026-03-09 11:19:52,099 - INFO - 当前用时 0.00 秒
2026-03-09 11:19:52,099 - INFO - 将种子集 写入位置: /home/wen/work/coup_spread/network.netYeast/2026-3-16/seeds-with-network.netYeast/tier_based_alpha_sort_seedNum-90_SSRNum-50000.txt
2026-03-09 11:19:52,099 - INFO - 首次生成种子集 ris_optimized
2026-03-09 11:19:52,099 - INFO - 执行当前算法开始: ris_optimized
2026-03-09 11:19:52,123 - INFO - 图初始化完成，节点数: 1458，当前模式: 优化采样
2026-03-09 11:19:52,124 - INFO - 开始生成 50000 组多重RR-Set...
2026-03-09 11:19:59,497 - INFO - 生成完毕。耗时: 7.37 秒。
2026-03-09 11:19:59,504 - INFO - 开始基于多重RR集贪心选择最优种子...
2026-03-09 11:20:01,110 - INFO - 选种完毕。耗时: 1.61 秒。估算范围: 80.28
2026-03-09 11:20:01,444 - INFO - 当前用时 9.34 秒
2026-03-09 11:20:01,444 - INFO - 将种子集 写入位置: /home/wen/work/coup_spread/network.netYeast/2026-3-16/seeds-with-network.netYeast/tier_based_ris_optimized_seedNum-90_SSRNum-50000.txt
2026-03-09 11:20:01,444 - INFO - 首次生成种子集 1hop_sort
2026-03-09 11:20:01,444 - INFO - 执行当前算法开始: 1hop_sort
2026-03-09 11:20:01,444 - INFO - --- Running: Teacher's 1-Hop Expected Spread Sort ---
2026-03-09 11:20:01,447 - INFO - 选出的前 5 个种子得分展示: [0.70733023 0.69727804 0.69040346 0.68643706 0.68597947]
2026-03-09 11:20:01,447 - INFO - 当前用时 0.00 秒
2026-03-09 11:20:01,447 - INFO - 将种子集 写入位置: /home/wen/work/coup_spread/network.netYeast/2026-3-16/seeds-with-network.netYeast/tier_based_1hop_sort_seedNum-90_SSRNum-50000.txt
2026-03-09 11:20:01,448 - INFO - 评估种子集: None
2026-03-09 11:20:01,448 - INFO - 多进程评估开始，共有 6 个方法待评估...
2026-03-09 11:20:01,448 - INFO - 启动进程池，Worker数量: 6
2026-03-09 11:20:01,604 - INFO - [Process 79916] 开始评估方法: random, 种子数: 90
2026-03-09 11:20:01,698 - INFO - [Process 79917] 开始评估方法: degreeTopM, 种子数: 90
2026-03-09 11:20:01,795 - INFO - [Process 79918] 开始评估方法: pageRank, 种子数: 90
2026-03-09 11:20:01,895 - INFO - [Process 79919] 开始评估方法: alpha_sort, 种子数: 90
2026-03-09 11:20:01,996 - INFO - [Process 79920] 开始评估方法: ris_optimized, 种子数: 90
2026-03-09 11:20:02,097 - INFO - [Process 79921] 开始评估方法: 1hop_sort, 种子数: 90
2026-03-09 11:20:02,550 - INFO - [degreeTopM - 种子:90] 拉新:21.8人 | 总销量:22.2单 | 品牌曝光:145.9次 | 🌟综合得分:36.6
2026-03-09 11:20:02,855 - INFO - [pageRank - 种子:90] 拉新:26.8人 | 总销量:27.2单 | 品牌曝光:163.2次 | 🌟综合得分:43.3
2026-03-09 11:20:03,016 - INFO - [alpha_sort - 种子:90] 拉新:55.1人 | 总销量:55.4单 | 品牌曝光:168.0次 | 🌟综合得分:72.1
2026-03-09 11:20:03,496 - INFO - [1hop_sort - 种子:90] 拉新:60.7人 | 总销量:61.4单 | 品牌曝光:190.8次 | 🌟综合得分:80.2
2026-03-09 11:20:04,026 - INFO - [random - 种子:90] 拉新:50.0人 | 总销量:51.3单 | 品牌曝光:252.7次 | 🌟综合得分:75.9
2026-03-09 11:20:04,301 - INFO - [ris_optimized - 种子:90] 拉新:64.7人 | 总销量:65.9单 | 品牌曝光:260.0次 | 🌟综合得分:91.3
2026-03-09 11:20:04,326 - INFO - 所有进程执行完毕，开始写入数据...
2026-03-09 11:20:04,332 - INFO - 成功写入 6 条记录至 /home/wen/work/coup_spread/gzc-impl/results/network.netYeast/2026-3-16/tier_based_SSRNum-50000-_seedNum-90_simuTimes-500.csv
2026-03-09 11:20:04,332 - INFO - 保存评估文件至: /home/wen/work/coup_spread/gzc-impl/results/network.netYeast/2026-3-16/tier_based_SSRNum-50000-_seedNum-90_simuTimes-500.csv
2026-03-09 11:20:04,335 - INFO - 加载数据集: network.netYeast
2026-03-09 11:20:04,335 - INFO - --- 矩阵分析 ---
2026-03-09 11:20:04,335 - INFO - 节点数 (N): 1458
2026-03-09 11:20:04,335 - INFO - 边数 (E): 3896
2026-03-09 11:20:04,335 - INFO - 密度 (Density): 0.00183275 (越小越稀疏)
2026-03-09 11:20:04,335 - INFO - 稀疏度 (Sparsity): 0.99816725 (越接近1越稀疏)
2026-03-09 11:20:04,335 - INFO - 平均度数 (Avg Degree): 2.67
2026-03-09 11:20:04,336 - INFO - 首次生成度相关概率分布 分布类型: 'tier_based'.
2026-03-09 11:20:04,336 - INFO - ===> Generating 'Tier-based (Percentile)' distributions for Real Graph...
2026-03-09 11:20:04,337 - INFO - 保存概率分布 文件位置: /home/wen/work/coup_spread/network.netYeast/2026-3-16/distribution-in-network.netYeast/distribution-tier_based_seedNum-100.pkl
2026-03-09 11:20:04,349 - INFO - 首次生成种子集 random
2026-03-09 11:20:04,349 - INFO - 执行当前算法开始: random
2026-03-09 11:20:04,349 - INFO - 数据集节点总数:  n = 1458, m = 100
2026-03-09 11:20:04,349 - INFO - 选择 100  [1431, 4, 1064, 228, 1363, 1248, 174, 1033, 1022, 235, 55, 1416, 177, 1102, 1082, 197, 403, 1047, 610, 1147, 499, 573, 840, 1017, 1097, 1069, 438, 675, 1426, 490, 1068, 474, 1141, 3, 1325, 277, 1243, 362, 191, 1140, 12, 1099, 539, 571, 225, 1006, 1198, 90, 1258, 239, 804, 161, 1234, 1146, 377, 983, 1260, 1438, 82, 817, 681, 1086, 577, 1281, 632, 882, 859, 419, 1060, 83, 189, 550, 857, 238, 867, 1018, 790, 985, 923, 103, 1163, 313, 1225, 230, 261, 1235, 833, 720, 841, 391, 1008, 1063, 1171, 1240, 1389, 708, 870, 456, 1313, 590]

2026-03-09 11:20:04,349 - INFO - 当前用时 0.00 秒
2026-03-09 11:20:04,349 - INFO - 将种子集 写入位置: /home/wen/work/coup_spread/network.netYeast/2026-3-16/seeds-with-network.netYeast/tier_based_random_seedNum-100_SSRNum-50000.txt
2026-03-09 11:20:04,349 - INFO - 首次生成种子集 degreeTopM
2026-03-09 11:20:04,349 - INFO - 执行当前算法开始: degreeTopM
2026-03-09 11:20:04,349 - INFO - 依据: 选择连接数（度数）最多的节点。
2026-03-09 11:20:04,349 - INFO - 选择的 Top M 节点及其度数:
2026-03-09 11:20:04,350 - INFO - 
2026-03-09 11:20:04,350 - INFO - 当前用时 0.00 秒
2026-03-09 11:20:04,350 - INFO - 将种子集 写入位置: /home/wen/work/coup_spread/network.netYeast/2026-3-16/seeds-with-network.netYeast/tier_based_degreeTopM_seedNum-100_SSRNum-50000.txt
2026-03-09 11:20:04,350 - INFO - 首次生成种子集 pageRank
2026-03-09 11:20:04,350 - INFO - 执行当前算法开始: pageRank
2026-03-09 11:20:04,350 - INFO - --- Running: PageRank (on tranProMatrix) Top M ---
2026-03-09 11:20:04,384 - INFO - Selected PageRank seeds: [157, 25, 57, 55, 15, 68, 315, 105, 238, 1041, 224, 2, 69, 1285, 34, 18, 464, 66, 546, 371, 56, 277, 143, 1149, 461, 383, 186, 393, 35, 204, 227, 251, 155, 635, 544, 287, 423, 214, 364, 599, 343, 606, 44, 43, 289, 551, 406, 62, 462, 416, 33, 284, 845, 975, 72, 1318, 473, 70, 346, 99, 982, 29, 932, 367, 79, 693, 288, 837, 621, 738, 16, 603, 677, 800, 247, 876, 812, 558, 121, 668, 470, 644, 714, 339, 276, 637, 760, 172, 680, 321, 489, 790, 916, 320, 709, 1163, 187, 570, 1157, 708]
2026-03-09 11:20:04,384 - INFO - 当前用时 0.03 秒
2026-03-09 11:20:04,385 - INFO - 将种子集 写入位置: /home/wen/work/coup_spread/network.netYeast/2026-3-16/seeds-with-network.netYeast/tier_based_pageRank_seedNum-100_SSRNum-50000.txt
2026-03-09 11:20:04,385 - INFO - 首次生成种子集 alpha_sort
2026-03-09 11:20:04,385 - INFO - 执行当前算法开始: alpha_sort
2026-03-09 11:20:04,385 - INFO - 1458 个节点的alpha值降序排序 done
2026-03-09 11:20:04,386 - INFO - ==============>> [(1280, np.float64(0.4809024143360923)), (1166, np.float64(0.47683374028678843)), (718, np.float64(0.47616491040721676)), (52, np.float64(0.47570174458315007)), (1143, np.float64(0.4747957165571296)), (1341, np.float64(0.4707191164483758)), (1232, np.float64(0.46847958117952704)), (1276, np.float64(0.46808568032338216)), (1451, np.float64(0.4653387217420599)), (1329, np.float64(0.46413996915391637))]
2026-03-09 11:20:04,386 - INFO - 
选择的种子集 (按alpha排序): [1280, 1166, 718, 52, 1143, 1341, 1232, 1276, 1451, 1329, 1261, 134, 223, 1246, 1258, 1311, 1349, 1283, 1176, 1238, 1245, 1347, 1428, 717, 1106, 1295, 1333, 31, 1298, 203, 1282, 1425, 1287, 171, 1182, 167, 1392, 1222, 1262, 1129, 1260, 1205, 1293, 1213, 131, 772, 1387, 1385, 1450, 1397, 1325, 1217, 1344, 1133, 278, 1371, 242, 189, 1141, 177, 1296, 36, 1252, 1388, 1306, 1289, 1247, 1224, 256, 1204, 1421, 1372, 1456, 1363, 130, 283, 194, 1237, 162, 1345, 1229, 1264, 1190, 1310, 1244, 257, 1400, 730, 1390, 1288, 1327, 1316, 305, 1211, 208, 271, 142, 63, 1426, 1377]

2026-03-09 11:20:04,386 - INFO - 当前用时 0.00 秒
2026-03-09 11:20:04,386 - INFO - 将种子集 写入位置: /home/wen/work/coup_spread/network.netYeast/2026-3-16/seeds-with-network.netYeast/tier_based_alpha_sort_seedNum-100_SSRNum-50000.txt
2026-03-09 11:20:04,386 - INFO - 首次生成种子集 ris_optimized
2026-03-09 11:20:04,386 - INFO - 执行当前算法开始: ris_optimized
2026-03-09 11:20:04,410 - INFO - 图初始化完成，节点数: 1458，当前模式: 优化采样
2026-03-09 11:20:04,410 - INFO - 开始生成 50000 组多重RR-Set...
2026-03-09 11:20:14,864 - INFO - 生成完毕。耗时: 10.45 秒。
2026-03-09 11:20:14,875 - INFO - 开始基于多重RR集贪心选择最优种子...
2026-03-09 11:20:16,737 - INFO - 选种完毕。耗时: 1.86 秒。估算范围: 90.66
2026-03-09 11:20:17,195 - INFO - 当前用时 12.81 秒
2026-03-09 11:20:17,196 - INFO - 将种子集 写入位置: /home/wen/work/coup_spread/network.netYeast/2026-3-16/seeds-with-network.netYeast/tier_based_ris_optimized_seedNum-100_SSRNum-50000.txt
2026-03-09 11:20:17,196 - INFO - 首次生成种子集 1hop_sort
2026-03-09 11:20:17,196 - INFO - 执行当前算法开始: 1hop_sort
2026-03-09 11:20:17,196 - INFO - --- Running: Teacher's 1-Hop Expected Spread Sort ---
2026-03-09 11:20:17,199 - INFO - 选出的前 5 个种子得分展示: [0.71178918 0.70466675 0.70189116 0.69796491 0.68636119]
2026-03-09 11:20:17,199 - INFO - 当前用时 0.00 秒
2026-03-09 11:20:17,199 - INFO - 将种子集 写入位置: /home/wen/work/coup_spread/network.netYeast/2026-3-16/seeds-with-network.netYeast/tier_based_1hop_sort_seedNum-100_SSRNum-50000.txt
2026-03-09 11:20:17,199 - INFO - 评估种子集: None
2026-03-09 11:20:17,200 - INFO - 多进程评估开始，共有 6 个方法待评估...
2026-03-09 11:20:17,200 - INFO - 启动进程池，Worker数量: 6
2026-03-09 11:20:17,401 - INFO - [Process 80163] 开始评估方法: random, 种子数: 100
2026-03-09 11:20:17,467 - INFO - [Process 80164] 开始评估方法: degreeTopM, 种子数: 100
2026-03-09 11:20:17,515 - INFO - [Process 80165] 开始评估方法: pageRank, 种子数: 100
2026-03-09 11:20:17,563 - INFO - [Process 80166] 开始评估方法: alpha_sort, 种子数: 100
2026-03-09 11:20:17,613 - INFO - [Process 80167] 开始评估方法: ris_optimized, 种子数: 100
2026-03-09 11:20:17,667 - INFO - [Process 80168] 开始评估方法: 1hop_sort, 种子数: 100
2026-03-09 11:20:18,630 - INFO - [degreeTopM - 种子:100] 拉新:28.7人 | 总销量:29.1单 | 品牌曝光:180.4次 | 🌟综合得分:46.9
2026-03-09 11:20:18,775 - INFO - [alpha_sort - 种子:100] 拉新:61.0人 | 总销量:61.4单 | 品牌曝光:184.4次 | 🌟综合得分:79.7
2026-03-09 11:20:18,844 - INFO - [pageRank - 种子:100] 拉新:33.1人 | 总销量:33.6单 | 品牌曝光:193.1次 | 🌟综合得分:52.7
2026-03-09 11:20:19,238 - INFO - [1hop_sort - 种子:100] 拉新:67.6人 | 总销量:68.7单 | 品牌曝光:214.5次 | 🌟综合得分:89.6
2026-03-09 11:20:19,881 - INFO - [random - 种子:100] 拉新:59.3人 | 总销量:60.4单 | 品牌曝光:283.7次 | 🌟综合得分:88.2
2026-03-09 11:20:20,070 - INFO - [ris_optimized - 种子:100] 拉新:70.3人 | 总销量:71.9单 | 品牌曝光:285.2次 | 🌟综合得分:99.6
2026-03-09 11:20:20,093 - INFO - 所有进程执行完毕，开始写入数据...
2026-03-09 11:20:20,102 - INFO - 成功写入 6 条记录至 /home/wen/work/coup_spread/gzc-impl/results/network.netYeast/2026-3-16/tier_based_SSRNum-50000-_seedNum-100_simuTimes-500.csv
2026-03-09 11:20:20,103 - INFO - 保存评估文件至: /home/wen/work/coup_spread/gzc-impl/results/network.netYeast/2026-3-16/tier_based_SSRNum-50000-_seedNum-100_simuTimes-500.csv
