2025-12-13 15:14:33,448 - INFO - 加载数据集: Mich
2025-12-13 15:14:33,451 - INFO - 首次生成度相关概率分布 分布类型: 'random'.
2025-12-13 15:14:33,452 - INFO - ===> Generating 'Dirichlet' distributions with alpha=[1, 12, 7]...
2025-12-13 15:14:33,453 - INFO - 保存概率分布 文件位置: /root/pythonspace/data-test/Mich/2025-12-13-dis_up_and_succ_down_and_p_0.5/distribution-in-Mich/distribution-random_seedNum-20.pkl
2025-12-13 15:14:33,543 - INFO - 首次生成种子集 random
2025-12-13 15:14:33,543 - INFO - 执行当前算法开始: random
2025-12-13 15:14:33,544 - INFO - 当前用时 0.00 秒
2025-12-13 15:14:33,544 - INFO - 将种子集 写入位置: /root/pythonspace/data-test/Mich/2025-12-13-dis_up_and_succ_down_and_p_0.5/seeds-with-Mich/random_random_seedNum-20_SSRNum-10000.txt
2025-12-13 15:14:33,544 - INFO - 首次生成种子集 degreeTopM
2025-12-13 15:14:33,544 - INFO - 执行当前算法开始: degreeTopM
2025-12-13 15:14:33,545 - INFO - 当前用时 0.00 秒
2025-12-13 15:14:33,546 - INFO - 将种子集 写入位置: /root/pythonspace/data-test/Mich/2025-12-13-dis_up_and_succ_down_and_p_0.5/seeds-with-Mich/random_degreeTopM_seedNum-20_SSRNum-10000.txt
2025-12-13 15:14:33,546 - INFO - 首次生成种子集 alpha_sort
2025-12-13 15:14:33,546 - INFO - 执行当前算法开始: alpha_sort
2025-12-13 15:14:33,567 - INFO - 3748 个节点的alpha值降序排序 done
2025-12-13 15:14:33,568 - INFO - ==============>> [(646, 0.3532671), (789, 0.3511403), (30, 0.3368689), (865, 0.2875448), (2378, 0.2818503), (3396, 0.2763645), (2396, 0.2715056), (3491, 0.2694994), (1177, 0.2647076), (1829, 0.2623506)]
2025-12-13 15:14:33,568 - INFO - 
选择的种子集 (按alpha排序): [646, 789, 30, 865, 2378, 3396, 2396, 3491, 1177, 1829, 917, 766, 2299, 3063, 526, 3084, 2271, 3099, 2527, 3231]

2025-12-13 15:14:33,568 - INFO - 当前用时 0.02 秒
2025-12-13 15:14:33,568 - INFO - 将种子集 写入位置: /root/pythonspace/data-test/Mich/2025-12-13-dis_up_and_succ_down_and_p_0.5/seeds-with-Mich/random_alpha_sort_seedNum-20_SSRNum-10000.txt
2025-12-13 15:14:33,568 - INFO - 首次生成种子集 importance_sort
2025-12-13 15:14:33,568 - INFO - 执行当前算法开始: importance_sort
2025-12-13 15:14:36,506 - INFO - 
选择的种子集 (按Importance排序): [153, 397, 360, 66, 294, 248, 412, 44, 670, 1084, 1158, 178, 705, 680, 177, 348, 696, 1501, 64, 40]

2025-12-13 15:14:36,506 - INFO - 当前用时 2.94 秒
2025-12-13 15:14:36,507 - INFO - 将种子集 写入位置: /root/pythonspace/data-test/Mich/2025-12-13-dis_up_and_succ_down_and_p_0.5/seeds-with-Mich/random_importance_sort_seedNum-20_SSRNum-10000.txt
2025-12-13 15:14:36,507 - INFO - 首次生成种子集 ris_coverage
2025-12-13 15:14:36,507 - INFO - 执行当前算法开始: ris_coverage
2025-12-13 15:14:36,759 - INFO - 图初始化完成，CSR 矩阵及概率分布准备就绪。
2025-12-13 15:14:36,759 - INFO - 
开始生成 10000 组 SSR (并行进程: 4)...
2025-12-13 15:17:37,666 - INFO - 生成完毕。耗时: 180.91 秒。
2025-12-13 15:17:37,667 - INFO - 
开始选择最优种子 (Optimized Greedy) ...
2025-12-13 15:17:47,249 - INFO -   - 券 1/20 选中节点 2580, 新增覆盖 466
2025-12-13 15:17:47,305 - INFO -   - 券 2/20 选中节点 0, 新增覆盖 422
2025-12-13 15:17:47,355 - INFO -   - 券 3/20 选中节点 1, 新增覆盖 366
2025-12-13 15:17:47,403 - INFO -   - 券 4/20 选中节点 2, 新增覆盖 359
2025-12-13 15:17:47,440 - INFO -   - 券 5/20 选中节点 3, 新增覆盖 291
2025-12-13 15:17:47,480 - INFO -   - 券 6/20 选中节点 5, 新增覆盖 283
2025-12-13 15:17:47,517 - INFO -   - 券 7/20 选中节点 6, 新增覆盖 284
2025-12-13 15:17:47,551 - INFO -   - 券 8/20 选中节点 1986, 新增覆盖 240
2025-12-13 15:17:47,584 - INFO -   - 券 9/20 选中节点 7, 新增覆盖 214
2025-12-13 15:17:47,621 - INFO -   - 券 10/20 选中节点 9, 新增覆盖 249
2025-12-13 15:17:47,653 - INFO -   - 券 11/20 选中节点 10, 新增覆盖 184
2025-12-13 15:17:47,684 - INFO -   - 券 12/20 选中节点 13, 新增覆盖 199
2025-12-13 15:17:47,716 - INFO -   - 券 13/20 选中节点 14, 新增覆盖 201
2025-12-13 15:17:47,746 - INFO -   - 券 14/20 选中节点 4, 新增覆盖 160
2025-12-13 15:17:47,776 - INFO -   - 券 15/20 选中节点 15, 新增覆盖 167
2025-12-13 15:17:47,805 - INFO -   - 券 16/20 选中节点 17, 新增覆盖 147
2025-12-13 15:17:47,834 - INFO -   - 券 17/20 选中节点 18, 新增覆盖 136
2025-12-13 15:17:47,865 - INFO -   - 券 18/20 选中节点 12, 新增覆盖 142
2025-12-13 15:17:47,895 - INFO -   - 券 19/20 选中节点 19, 新增覆盖 122
2025-12-13 15:17:47,924 - INFO -   - 券 20/20 选中节点 20, 新增覆盖 129
2025-12-13 15:17:47,924 - INFO - 选种完毕。耗时: 10.26 秒。
2025-12-13 15:17:48,447 - INFO - 最终选择的种子集: [2580, 0, 1, 2, 3, 5, 6, 1986, 7, 9, 10, 13, 14, 4, 15, 17, 18, 12, 19, 20]

2025-12-13 15:17:48,871 - INFO - 当前用时 192.36 秒
2025-12-13 15:17:48,871 - INFO - 将种子集 写入位置: /root/pythonspace/data-test/Mich/2025-12-13-dis_up_and_succ_down_and_p_0.5/seeds-with-Mich/random_ris_coverage_seedNum-20_SSRNum-10000.txt
2025-12-13 15:17:48,872 - INFO - 评估种子集: None
2025-12-13 15:17:48,872 - INFO - 多进程评估开始，共有 5 个方法待评估...
2025-12-13 15:17:48,872 - INFO - 启动进程池，Worker数量: 5
2025-12-13 15:17:49,421 - INFO - [Process 2874] 开始评估方法: random, 种子数: 20
2025-12-13 15:17:49,481 - INFO - [Process 2874] random - 50 sims 完成: E=1.62
2025-12-13 15:17:49,798 - INFO - [Process 2875] 开始评估方法: degreeTopM, 种子数: 20
2025-12-13 15:17:49,866 - INFO - [Process 2875] degreeTopM - 50 sims 完成: E=1.50
2025-12-13 15:17:50,171 - INFO - [Process 2876] 开始评估方法: alpha_sort, 种子数: 20
2025-12-13 15:17:50,219 - INFO - [Process 2876] alpha_sort - 50 sims 完成: E=6.34
2025-12-13 15:17:50,548 - INFO - [Process 2877] 开始评估方法: importance_sort, 种子数: 20
2025-12-13 15:17:50,606 - INFO - [Process 2877] importance_sort - 50 sims 完成: E=1.38
2025-12-13 15:17:50,949 - INFO - [Process 2878] 开始评估方法: ris_coverage, 种子数: 20
2025-12-13 15:17:51,007 - INFO - [Process 2878] ris_coverage - 50 sims 完成: E=1.74
2025-12-13 15:17:51,044 - INFO - 所有进程执行完毕，开始写入数据...
2025-12-13 15:17:51,059 - INFO - 成功写入 5 条记录至 /root/pythonspace/data-test/Mich/2025-12-13-dis_up_and_succ_down_and_p_0.5/E-activated-Mich/distribution-random_simuTimes-50_seedNum-20_monteCarloL-10_rrNumSamples-10000.csv
2025-12-13 15:17:51,060 - INFO - 保存评估文件至: /root/pythonspace/data-test/Mich/2025-12-13-dis_up_and_succ_down_and_p_0.5/E-activated-Mich/distribution-random_simuTimes-50_seedNum-20_monteCarloL-10_rrNumSamples-10000.csv
