2026-03-08 21:23:44,924 - INFO - 加载数据集: network.netDog
2026-03-08 21:23:44,925 - INFO - --- 矩阵分析 ---
2026-03-08 21:23:44,925 - INFO - 节点数 (N): 4502
2026-03-08 21:23:44,925 - INFO - 边数 (E): 29580
2026-03-08 21:23:44,925 - INFO - 密度 (Density): 0.00145944 (越小越稀疏)
2026-03-08 21:23:44,925 - INFO - 稀疏度 (Sparsity): 0.99854056 (越接近1越稀疏)
2026-03-08 21:23:44,925 - INFO - 平均度数 (Avg Degree): 6.57
2026-03-08 21:23:44,925 - INFO - >>> 正在注入完美对抗属性（验证三条定理）...
2026-03-08 21:23:44,965 - INFO - 首次生成种子集 random
2026-03-08 21:23:44,965 - INFO - 执行当前算法开始: random
2026-03-08 21:23:44,965 - INFO - 数据集节点总数:  n = 4502, m = 10
2026-03-08 21:23:44,965 - INFO - 选择 10  [3255, 149, 2518, 3993, 418, 3267, 4250, 2635, 65, 3891]

2026-03-08 21:23:44,965 - INFO - 当前用时 0.00 秒
2026-03-08 21:23:44,965 - INFO - 将种子集 写入位置: /home/wen/work/coup_spread/network.netDog/2026-3-7/seeds-with-network.netDog/random_random_seedNum-10_SSRNum-50000.txt
2026-03-08 21:23:44,965 - INFO - 首次生成种子集 degreeTopM
2026-03-08 21:23:44,966 - INFO - 执行当前算法开始: degreeTopM
2026-03-08 21:23:44,966 - INFO - 依据: 选择连接数（度数）最多的节点。
2026-03-08 21:23:44,966 - INFO - 选择的 Top M 节点及其度数:
2026-03-08 21:23:44,966 - INFO - 
2026-03-08 21:23:44,966 - INFO - 当前用时 0.00 秒
2026-03-08 21:23:44,966 - INFO - 将种子集 写入位置: /home/wen/work/coup_spread/network.netDog/2026-3-7/seeds-with-network.netDog/random_degreeTopM_seedNum-10_SSRNum-50000.txt
2026-03-08 21:23:44,966 - INFO - 首次生成种子集 pageRank
2026-03-08 21:23:44,967 - INFO - 执行当前算法开始: pageRank
2026-03-08 21:23:44,967 - INFO - --- Running: PageRank (on tranProMatrix) Top M ---
2026-03-08 21:23:45,275 - INFO - Selected PageRank seeds: [79, 135, 83, 16, 45, 133, 243, 36, 33, 12]
2026-03-08 21:23:45,275 - INFO - 当前用时 0.31 秒
2026-03-08 21:23:45,275 - INFO - 将种子集 写入位置: /home/wen/work/coup_spread/network.netDog/2026-3-7/seeds-with-network.netDog/random_pageRank_seedNum-10_SSRNum-50000.txt
2026-03-08 21:23:45,275 - INFO - 首次生成种子集 alpha_sort
2026-03-08 21:23:45,275 - INFO - 执行当前算法开始: alpha_sort
2026-03-08 21:23:45,276 - INFO - 4502 个节点的alpha值降序排序 done
2026-03-08 21:23:45,276 - INFO - ==============>> [(3602, np.float64(0.3)), (3603, np.float64(0.3)), (3604, np.float64(0.3)), (3605, np.float64(0.3)), (3606, np.float64(0.3)), (3607, np.float64(0.3)), (3608, np.float64(0.3)), (3609, np.float64(0.3)), (3610, np.float64(0.3)), (3611, np.float64(0.3))]
2026-03-08 21:23:45,276 - INFO - 
选择的种子集 (按alpha排序): [3602, 3603, 3604, 3605, 3606, 3607, 3608, 3609, 3610, 3611]

2026-03-08 21:23:45,276 - INFO - 当前用时 0.00 秒
2026-03-08 21:23:45,276 - INFO - 将种子集 写入位置: /home/wen/work/coup_spread/network.netDog/2026-3-7/seeds-with-network.netDog/random_alpha_sort_seedNum-10_SSRNum-50000.txt
2026-03-08 21:23:45,277 - INFO - 首次生成种子集 ris_optimized
2026-03-08 21:23:45,277 - INFO - 执行当前算法开始: ris_optimized
2026-03-08 21:23:45,506 - INFO - 图初始化完成，节点数: 4502，当前模式: 优化采样
2026-03-08 21:23:45,506 - INFO - 开始生成 50000 组多重RR-Set...
2026-03-08 21:23:47,555 - INFO - 生成完毕。耗时: 2.05 秒。
2026-03-08 21:23:47,560 - INFO - 开始基于多重RR集贪心选择最优种子...
2026-03-08 21:23:47,967 - INFO - 选种完毕。耗时: 0.41 秒。估算范围: 15.86
2026-03-08 21:23:48,026 - INFO - 当前用时 2.75 秒
2026-03-08 21:23:48,026 - INFO - 将种子集 写入位置: /home/wen/work/coup_spread/network.netDog/2026-3-7/seeds-with-network.netDog/random_ris_optimized_seedNum-10_SSRNum-50000.txt
2026-03-08 21:23:48,027 - INFO - 评估种子集: None
2026-03-08 21:23:48,027 - INFO - 多进程评估开始，共有 5 个方法待评估...
2026-03-08 21:23:48,027 - INFO - 启动进程池，Worker数量: 5
2026-03-08 21:23:48,715 - INFO - [Process 3601603] 开始评估方法: random, 种子数: 10
2026-03-08 21:23:49,270 - INFO - [Process 3601604] 开始评估方法: degreeTopM, 种子数: 10
2026-03-08 21:23:49,325 - INFO - [random - 种子:10] 拉新:7.0人 | 总销量:7.0单 | 品牌曝光:34.8次 | 🌟综合得分:10.5
2026-03-08 21:23:49,824 - INFO - [Process 3601605] 开始评估方法: pageRank, 种子数: 10
2026-03-08 21:23:50,029 - INFO - [degreeTopM - 种子:10] 拉新:8.0人 | 总销量:8.1单 | 品牌曝光:40.7次 | 🌟综合得分:12.1
2026-03-08 21:23:50,394 - INFO - [Process 3601606] 开始评估方法: alpha_sort, 种子数: 10
2026-03-08 21:23:50,548 - INFO - [pageRank - 种子:10] 拉新:7.9人 | 总销量:8.1单 | 品牌曝光:40.5次 | 🌟综合得分:12.0
2026-03-08 21:23:50,570 - INFO - [alpha_sort - 种子:10] 拉新:4.2人 | 总销量:4.2单 | 品牌曝光:16.7次 | 🌟综合得分:5.9
2026-03-08 21:23:50,948 - INFO - [Process 3601607] 开始评估方法: ris_optimized, 种子数: 10
2026-03-08 21:23:51,718 - INFO - [ris_optimized - 种子:10] 拉新:8.6人 | 总销量:8.6单 | 品牌曝光:43.0次 | 🌟综合得分:12.9
2026-03-08 21:23:51,742 - INFO - 所有进程执行完毕，开始写入数据...
2026-03-08 21:23:51,756 - INFO - 成功写入 5 条记录至 /home/wen/work/coup_spread/gzc-impl/results/network.netDog/2026-3-7/random_SSRNum-50000-_seedNum-10_simuTimes-500.csv
2026-03-08 21:23:51,757 - INFO - 保存评估文件至: /home/wen/work/coup_spread/gzc-impl/results/network.netDog/2026-3-7/random_SSRNum-50000-_seedNum-10_simuTimes-500.csv
2026-03-08 21:23:51,765 - INFO - 加载数据集: network.netDog
2026-03-08 21:23:51,766 - INFO - --- 矩阵分析 ---
2026-03-08 21:23:51,766 - INFO - 节点数 (N): 4502
2026-03-08 21:23:51,766 - INFO - 边数 (E): 29580
2026-03-08 21:23:51,766 - INFO - 密度 (Density): 0.00145944 (越小越稀疏)
2026-03-08 21:23:51,766 - INFO - 稀疏度 (Sparsity): 0.99854056 (越接近1越稀疏)
2026-03-08 21:23:51,766 - INFO - 平均度数 (Avg Degree): 6.57
2026-03-08 21:23:51,766 - INFO - >>> 正在注入完美对抗属性（验证三条定理）...
2026-03-08 21:23:51,810 - INFO - 首次生成种子集 random
2026-03-08 21:23:51,810 - INFO - 执行当前算法开始: random
2026-03-08 21:23:51,810 - INFO - 数据集节点总数:  n = 4502, m = 20
2026-03-08 21:23:51,810 - INFO - 选择 20  [705, 404, 4139, 1762, 1544, 3127, 2916, 3337, 4150, 4313, 832, 4448, 4377, 522, 2907, 2753, 22, 706, 492, 4231]

2026-03-08 21:23:51,810 - INFO - 当前用时 0.00 秒
2026-03-08 21:23:51,811 - INFO - 将种子集 写入位置: /home/wen/work/coup_spread/network.netDog/2026-3-7/seeds-with-network.netDog/random_random_seedNum-20_SSRNum-50000.txt
2026-03-08 21:23:51,811 - INFO - 首次生成种子集 degreeTopM
2026-03-08 21:23:51,811 - INFO - 执行当前算法开始: degreeTopM
2026-03-08 21:23:51,811 - INFO - 依据: 选择连接数（度数）最多的节点。
2026-03-08 21:23:51,811 - INFO - 选择的 Top M 节点及其度数:
2026-03-08 21:23:51,811 - INFO - 
2026-03-08 21:23:51,811 - INFO - 当前用时 0.00 秒
2026-03-08 21:23:51,811 - INFO - 将种子集 写入位置: /home/wen/work/coup_spread/network.netDog/2026-3-7/seeds-with-network.netDog/random_degreeTopM_seedNum-20_SSRNum-50000.txt
2026-03-08 21:23:51,812 - INFO - 首次生成种子集 pageRank
2026-03-08 21:23:51,812 - INFO - 执行当前算法开始: pageRank
2026-03-08 21:23:51,812 - INFO - --- Running: PageRank (on tranProMatrix) Top M ---
2026-03-08 21:23:52,073 - INFO - Selected PageRank seeds: [79, 135, 83, 16, 45, 133, 243, 36, 33, 12, 2, 125, 4, 167, 38, 77, 19, 17, 128, 129]
2026-03-08 21:23:52,073 - INFO - 当前用时 0.26 秒
2026-03-08 21:23:52,073 - INFO - 将种子集 写入位置: /home/wen/work/coup_spread/network.netDog/2026-3-7/seeds-with-network.netDog/random_pageRank_seedNum-20_SSRNum-50000.txt
2026-03-08 21:23:52,073 - INFO - 首次生成种子集 alpha_sort
2026-03-08 21:23:52,073 - INFO - 执行当前算法开始: alpha_sort
2026-03-08 21:23:52,074 - INFO - 4502 个节点的alpha值降序排序 done
2026-03-08 21:23:52,074 - INFO - ==============>> [(3602, np.float64(0.3)), (3603, np.float64(0.3)), (3604, np.float64(0.3)), (3605, np.float64(0.3)), (3606, np.float64(0.3)), (3607, np.float64(0.3)), (3608, np.float64(0.3)), (3609, np.float64(0.3)), (3610, np.float64(0.3)), (3611, np.float64(0.3))]
2026-03-08 21:23:52,074 - INFO - 
选择的种子集 (按alpha排序): [3602, 3603, 3604, 3605, 3606, 3607, 3608, 3609, 3610, 3611, 3612, 3613, 3614, 3615, 3616, 3617, 3618, 3619, 3620, 3621]

2026-03-08 21:23:52,074 - INFO - 当前用时 0.00 秒
2026-03-08 21:23:52,074 - INFO - 将种子集 写入位置: /home/wen/work/coup_spread/network.netDog/2026-3-7/seeds-with-network.netDog/random_alpha_sort_seedNum-20_SSRNum-50000.txt
2026-03-08 21:23:52,074 - INFO - 首次生成种子集 ris_optimized
2026-03-08 21:23:52,074 - INFO - 执行当前算法开始: ris_optimized
2026-03-08 21:23:52,301 - INFO - 图初始化完成，节点数: 4502，当前模式: 优化采样
2026-03-08 21:23:52,301 - INFO - 开始生成 50000 组多重RR-Set...
2026-03-08 21:23:55,668 - INFO - 生成完毕。耗时: 3.37 秒。
2026-03-08 21:23:55,677 - INFO - 开始基于多重RR集贪心选择最优种子...
2026-03-08 21:23:56,185 - INFO - 选种完毕。耗时: 0.51 秒。估算范围: 31.37
2026-03-08 21:23:56,315 - INFO - 当前用时 4.24 秒
2026-03-08 21:23:56,315 - INFO - 将种子集 写入位置: /home/wen/work/coup_spread/network.netDog/2026-3-7/seeds-with-network.netDog/random_ris_optimized_seedNum-20_SSRNum-50000.txt
2026-03-08 21:23:56,316 - INFO - 评估种子集: None
2026-03-08 21:23:56,316 - INFO - 多进程评估开始，共有 5 个方法待评估...
2026-03-08 21:23:56,317 - INFO - 启动进程池，Worker数量: 5
2026-03-08 21:23:57,013 - INFO - [Process 3601768] 开始评估方法: random, 种子数: 20
2026-03-08 21:23:57,576 - INFO - [Process 3601769] 开始评估方法: degreeTopM, 种子数: 20
2026-03-08 21:23:58,088 - INFO - [random - 种子:20] 拉新:12.3人 | 总销量:12.4单 | 品牌曝光:64.5次 | 🌟综合得分:18.8
2026-03-08 21:23:58,138 - INFO - [Process 3601770] 开始评估方法: pageRank, 种子数: 20
2026-03-08 21:23:58,698 - INFO - [Process 3601771] 开始评估方法: alpha_sort, 种子数: 20
2026-03-08 21:23:59,046 - INFO - [alpha_sort - 种子:20] 拉新:8.7人 | 总销量:8.7单 | 品牌曝光:33.7次 | 🌟综合得分:12.1
2026-03-08 21:23:59,216 - INFO - [degreeTopM - 种子:20] 拉新:15.9人 | 总销量:16.3单 | 品牌曝光:82.0次 | 🌟综合得分:24.3
2026-03-08 21:23:59,259 - INFO - [Process 3601772] 开始评估方法: ris_optimized, 种子数: 20
2026-03-08 21:23:59,691 - INFO - [pageRank - 种子:20] 拉新:15.9人 | 总销量:16.3单 | 品牌曝光:82.1次 | 🌟综合得分:24.3
2026-03-08 21:24:00,785 - INFO - [ris_optimized - 种子:20] 拉新:16.8人 | 总销量:17.0单 | 品牌曝光:85.3次 | 🌟综合得分:25.4
2026-03-08 21:24:00,807 - INFO - 所有进程执行完毕，开始写入数据...
2026-03-08 21:24:00,816 - INFO - 成功写入 5 条记录至 /home/wen/work/coup_spread/gzc-impl/results/network.netDog/2026-3-7/random_SSRNum-50000-_seedNum-20_simuTimes-500.csv
2026-03-08 21:24:00,816 - INFO - 保存评估文件至: /home/wen/work/coup_spread/gzc-impl/results/network.netDog/2026-3-7/random_SSRNum-50000-_seedNum-20_simuTimes-500.csv
2026-03-08 21:24:00,829 - INFO - 加载数据集: network.netDog
2026-03-08 21:24:00,831 - INFO - --- 矩阵分析 ---
2026-03-08 21:24:00,832 - INFO - 节点数 (N): 4502
2026-03-08 21:24:00,832 - INFO - 边数 (E): 29580
2026-03-08 21:24:00,832 - INFO - 密度 (Density): 0.00145944 (越小越稀疏)
2026-03-08 21:24:00,832 - INFO - 稀疏度 (Sparsity): 0.99854056 (越接近1越稀疏)
2026-03-08 21:24:00,832 - INFO - 平均度数 (Avg Degree): 6.57
2026-03-08 21:24:00,832 - INFO - >>> 正在注入完美对抗属性（验证三条定理）...
2026-03-08 21:24:00,875 - INFO - 首次生成种子集 random
2026-03-08 21:24:00,875 - INFO - 执行当前算法开始: random
2026-03-08 21:24:00,876 - INFO - 数据集节点总数:  n = 4502, m = 30
2026-03-08 21:24:00,876 - INFO - 选择 30  [2978, 4126, 1004, 38, 3889, 4435, 868, 1123, 857, 3665, 1061, 3022, 2340, 4297, 3299, 2050, 4393, 2364, 1750, 2763, 1689, 1827, 2158, 4416, 2265, 3691, 1829, 3609, 2700, 2768]

2026-03-08 21:24:00,876 - INFO - 当前用时 0.00 秒
2026-03-08 21:24:00,876 - INFO - 将种子集 写入位置: /home/wen/work/coup_spread/network.netDog/2026-3-7/seeds-with-network.netDog/random_random_seedNum-30_SSRNum-50000.txt
2026-03-08 21:24:00,876 - INFO - 首次生成种子集 degreeTopM
2026-03-08 21:24:00,876 - INFO - 执行当前算法开始: degreeTopM
2026-03-08 21:24:00,876 - INFO - 依据: 选择连接数（度数）最多的节点。
2026-03-08 21:24:00,877 - INFO - 选择的 Top M 节点及其度数:
2026-03-08 21:24:00,877 - INFO - 
2026-03-08 21:24:00,877 - INFO - 当前用时 0.00 秒
2026-03-08 21:24:00,877 - INFO - 将种子集 写入位置: /home/wen/work/coup_spread/network.netDog/2026-3-7/seeds-with-network.netDog/random_degreeTopM_seedNum-30_SSRNum-50000.txt
2026-03-08 21:24:00,877 - INFO - 首次生成种子集 pageRank
2026-03-08 21:24:00,877 - INFO - 执行当前算法开始: pageRank
2026-03-08 21:24:00,878 - INFO - --- Running: PageRank (on tranProMatrix) Top M ---
2026-03-08 21:24:01,145 - INFO - Selected PageRank seeds: [79, 135, 83, 16, 45, 133, 243, 36, 33, 12, 2, 125, 4, 167, 38, 77, 19, 17, 128, 129, 62, 329, 13, 35, 294, 14, 414, 318, 162, 26]
2026-03-08 21:24:01,146 - INFO - 当前用时 0.27 秒
2026-03-08 21:24:01,146 - INFO - 将种子集 写入位置: /home/wen/work/coup_spread/network.netDog/2026-3-7/seeds-with-network.netDog/random_pageRank_seedNum-30_SSRNum-50000.txt
2026-03-08 21:24:01,146 - INFO - 首次生成种子集 alpha_sort
2026-03-08 21:24:01,146 - INFO - 执行当前算法开始: alpha_sort
2026-03-08 21:24:01,147 - INFO - 4502 个节点的alpha值降序排序 done
2026-03-08 21:24:01,147 - INFO - ==============>> [(3602, np.float64(0.3)), (3603, np.float64(0.3)), (3604, np.float64(0.3)), (3605, np.float64(0.3)), (3606, np.float64(0.3)), (3607, np.float64(0.3)), (3608, np.float64(0.3)), (3609, np.float64(0.3)), (3610, np.float64(0.3)), (3611, np.float64(0.3))]
2026-03-08 21:24:01,147 - INFO - 
选择的种子集 (按alpha排序): [3602, 3603, 3604, 3605, 3606, 3607, 3608, 3609, 3610, 3611, 3612, 3613, 3614, 3615, 3616, 3617, 3618, 3619, 3620, 3621, 3622, 3623, 3624, 3625, 3626, 3627, 3628, 3629, 3630, 3631]

2026-03-08 21:24:01,147 - INFO - 当前用时 0.00 秒
2026-03-08 21:24:01,147 - INFO - 将种子集 写入位置: /home/wen/work/coup_spread/network.netDog/2026-3-7/seeds-with-network.netDog/random_alpha_sort_seedNum-30_SSRNum-50000.txt
2026-03-08 21:24:01,147 - INFO - 首次生成种子集 ris_optimized
2026-03-08 21:24:01,147 - INFO - 执行当前算法开始: ris_optimized
2026-03-08 21:24:01,375 - INFO - 图初始化完成，节点数: 4502，当前模式: 优化采样
2026-03-08 21:24:01,375 - INFO - 开始生成 50000 组多重RR-Set...
2026-03-08 21:24:06,799 - INFO - 生成完毕。耗时: 5.42 秒。
2026-03-08 21:24:06,812 - INFO - 开始基于多重RR集贪心选择最优种子...
2026-03-08 21:24:07,896 - INFO - 选种完毕。耗时: 1.08 秒。估算范围: 49.44
2026-03-08 21:24:08,204 - INFO - 当前用时 7.06 秒
2026-03-08 21:24:08,205 - INFO - 将种子集 写入位置: /home/wen/work/coup_spread/network.netDog/2026-3-7/seeds-with-network.netDog/random_ris_optimized_seedNum-30_SSRNum-50000.txt
2026-03-08 21:24:08,206 - INFO - 评估种子集: None
2026-03-08 21:24:08,206 - INFO - 多进程评估开始，共有 5 个方法待评估...
2026-03-08 21:24:08,206 - INFO - 启动进程池，Worker数量: 5
2026-03-08 21:24:08,937 - INFO - [Process 3602006] 开始评估方法: random, 种子数: 30
2026-03-08 21:24:09,498 - INFO - [Process 3602007] 开始评估方法: degreeTopM, 种子数: 30
2026-03-08 21:24:10,069 - INFO - [Process 3602008] 开始评估方法: pageRank, 种子数: 30
2026-03-08 21:24:10,625 - INFO - [random - 种子:30] 拉新:19.8人 | 总销量:20.1单 | 品牌曝光:100.7次 | 🌟综合得分:30.1
2026-03-08 21:24:10,630 - INFO - [Process 3602009] 开始评估方法: alpha_sort, 种子数: 30
2026-03-08 21:24:11,203 - INFO - [Process 3602010] 开始评估方法: ris_optimized, 种子数: 30
2026-03-08 21:24:11,208 - INFO - [alpha_sort - 种子:30] 拉新:13.3人 | 总销量:13.3单 | 品牌曝光:51.7次 | 🌟综合得分:18.5
2026-03-08 21:24:11,667 - INFO - [degreeTopM - 种子:30] 拉新:24.0人 | 总销量:24.8单 | 品牌曝光:124.2次 | 🌟综合得分:36.8
2026-03-08 21:24:12,290 - INFO - [pageRank - 种子:30] 拉新:23.6人 | 总销量:24.5单 | 品牌曝光:122.4次 | 🌟综合得分:36.3
2026-03-08 21:24:13,428 - INFO - [ris_optimized - 种子:30] 拉新:25.3人 | 总销量:25.7单 | 品牌曝光:128.3次 | 🌟综合得分:38.3
2026-03-08 21:24:13,454 - INFO - 所有进程执行完毕，开始写入数据...
2026-03-08 21:24:13,468 - INFO - 成功写入 5 条记录至 /home/wen/work/coup_spread/gzc-impl/results/network.netDog/2026-3-7/random_SSRNum-50000-_seedNum-30_simuTimes-500.csv
2026-03-08 21:24:13,469 - INFO - 保存评估文件至: /home/wen/work/coup_spread/gzc-impl/results/network.netDog/2026-3-7/random_SSRNum-50000-_seedNum-30_simuTimes-500.csv
2026-03-08 21:24:13,479 - INFO - 加载数据集: network.netDog
2026-03-08 21:24:13,480 - INFO - --- 矩阵分析 ---
2026-03-08 21:24:13,480 - INFO - 节点数 (N): 4502
2026-03-08 21:24:13,480 - INFO - 边数 (E): 29580
2026-03-08 21:24:13,480 - INFO - 密度 (Density): 0.00145944 (越小越稀疏)
2026-03-08 21:24:13,480 - INFO - 稀疏度 (Sparsity): 0.99854056 (越接近1越稀疏)
2026-03-08 21:24:13,480 - INFO - 平均度数 (Avg Degree): 6.57
2026-03-08 21:24:13,480 - INFO - >>> 正在注入完美对抗属性（验证三条定理）...
2026-03-08 21:24:13,524 - INFO - 首次生成种子集 random
2026-03-08 21:24:13,524 - INFO - 执行当前算法开始: random
2026-03-08 21:24:13,524 - INFO - 数据集节点总数:  n = 4502, m = 40
2026-03-08 21:24:13,524 - INFO - 选择 40  [3749, 3677, 2697, 4004, 1810, 1286, 4433, 4151, 1332, 2579, 4227, 2707, 1115, 1713, 623, 2476, 2153, 2504, 1140, 3940, 1630, 4148, 864, 3046, 4097, 321, 2248, 159, 3256, 2227, 4060, 4360, 1768, 244, 906, 2621, 1198, 4449, 166, 782]

2026-03-08 21:24:13,524 - INFO - 当前用时 0.00 秒
2026-03-08 21:24:13,524 - INFO - 将种子集 写入位置: /home/wen/work/coup_spread/network.netDog/2026-3-7/seeds-with-network.netDog/random_random_seedNum-40_SSRNum-50000.txt
2026-03-08 21:24:13,524 - INFO - 首次生成种子集 degreeTopM
2026-03-08 21:24:13,524 - INFO - 执行当前算法开始: degreeTopM
2026-03-08 21:24:13,524 - INFO - 依据: 选择连接数（度数）最多的节点。
2026-03-08 21:24:13,525 - INFO - 选择的 Top M 节点及其度数:
2026-03-08 21:24:13,525 - INFO - 
2026-03-08 21:24:13,525 - INFO - 当前用时 0.00 秒
2026-03-08 21:24:13,525 - INFO - 将种子集 写入位置: /home/wen/work/coup_spread/network.netDog/2026-3-7/seeds-with-network.netDog/random_degreeTopM_seedNum-40_SSRNum-50000.txt
2026-03-08 21:24:13,525 - INFO - 首次生成种子集 pageRank
2026-03-08 21:24:13,526 - INFO - 执行当前算法开始: pageRank
2026-03-08 21:24:13,526 - INFO - --- Running: PageRank (on tranProMatrix) Top M ---
2026-03-08 21:24:13,813 - INFO - Selected PageRank seeds: [79, 135, 83, 16, 45, 133, 243, 36, 33, 12, 2, 125, 4, 167, 38, 77, 19, 17, 128, 129, 62, 329, 13, 35, 294, 14, 414, 318, 162, 26, 37, 15, 93, 46, 192, 61, 164, 279, 359, 120]
2026-03-08 21:24:13,814 - INFO - 当前用时 0.29 秒
2026-03-08 21:24:13,814 - INFO - 将种子集 写入位置: /home/wen/work/coup_spread/network.netDog/2026-3-7/seeds-with-network.netDog/random_pageRank_seedNum-40_SSRNum-50000.txt
2026-03-08 21:24:13,814 - INFO - 首次生成种子集 alpha_sort
2026-03-08 21:24:13,814 - INFO - 执行当前算法开始: alpha_sort
2026-03-08 21:24:13,815 - INFO - 4502 个节点的alpha值降序排序 done
2026-03-08 21:24:13,815 - INFO - ==============>> [(3602, np.float64(0.3)), (3603, np.float64(0.3)), (3604, np.float64(0.3)), (3605, np.float64(0.3)), (3606, np.float64(0.3)), (3607, np.float64(0.3)), (3608, np.float64(0.3)), (3609, np.float64(0.3)), (3610, np.float64(0.3)), (3611, np.float64(0.3))]
2026-03-08 21:24:13,815 - INFO - 
选择的种子集 (按alpha排序): [3602, 3603, 3604, 3605, 3606, 3607, 3608, 3609, 3610, 3611, 3612, 3613, 3614, 3615, 3616, 3617, 3618, 3619, 3620, 3621, 3622, 3623, 3624, 3625, 3626, 3627, 3628, 3629, 3630, 3631, 3632, 3633, 3634, 3635, 3636, 3637, 3638, 3639, 3640, 3641]

2026-03-08 21:24:13,815 - INFO - 当前用时 0.00 秒
2026-03-08 21:24:13,815 - INFO - 将种子集 写入位置: /home/wen/work/coup_spread/network.netDog/2026-3-7/seeds-with-network.netDog/random_alpha_sort_seedNum-40_SSRNum-50000.txt
2026-03-08 21:24:13,815 - INFO - 首次生成种子集 ris_optimized
2026-03-08 21:24:13,815 - INFO - 执行当前算法开始: ris_optimized
2026-03-08 21:24:14,042 - INFO - 图初始化完成，节点数: 4502，当前模式: 优化采样
2026-03-08 21:24:14,042 - INFO - 开始生成 50000 组多重RR-Set...
2026-03-08 21:24:21,045 - INFO - 生成完毕。耗时: 7.00 秒。
2026-03-08 21:24:21,055 - INFO - 开始基于多重RR集贪心选择最优种子...
2026-03-08 21:24:22,215 - INFO - 选种完毕。耗时: 1.16 秒。估算范围: 66.34
2026-03-08 21:24:22,460 - INFO - 当前用时 8.64 秒
2026-03-08 21:24:22,461 - INFO - 将种子集 写入位置: /home/wen/work/coup_spread/network.netDog/2026-3-7/seeds-with-network.netDog/random_ris_optimized_seedNum-40_SSRNum-50000.txt
2026-03-08 21:24:22,462 - INFO - 评估种子集: None
2026-03-08 21:24:22,462 - INFO - 多进程评估开始，共有 5 个方法待评估...
2026-03-08 21:24:22,462 - INFO - 启动进程池，Worker数量: 5
2026-03-08 21:24:23,195 - INFO - [Process 3602266] 开始评估方法: random, 种子数: 40
2026-03-08 21:24:23,748 - INFO - [Process 3602267] 开始评估方法: degreeTopM, 种子数: 40
2026-03-08 21:24:24,341 - INFO - [Process 3602268] 开始评估方法: pageRank, 种子数: 40
2026-03-08 21:24:24,914 - INFO - [Process 3602269] 开始评估方法: alpha_sort, 种子数: 40
2026-03-08 21:24:25,475 - INFO - [Process 3602270] 开始评估方法: ris_optimized, 种子数: 40
2026-03-08 21:24:25,477 - INFO - [random - 种子:40] 拉新:26.0人 | 总销量:26.3单 | 品牌曝光:134.0次 | 🌟综合得分:39.6
2026-03-08 21:24:25,683 - INFO - [alpha_sort - 种子:40] 拉新:17.9人 | 总销量:17.9单 | 品牌曝光:69.9次 | 🌟综合得分:24.9
2026-03-08 21:24:26,732 - INFO - [degreeTopM - 种子:40] 拉新:31.8人 | 总销量:33.2单 | 品牌曝光:165.3次 | 🌟综合得分:49.0
2026-03-08 21:24:27,444 - INFO - [pageRank - 种子:40] 拉新:31.3人 | 总销量:32.7单 | 品牌曝光:162.9次 | 🌟综合得分:48.3
2026-03-08 21:24:28,675 - INFO - [ris_optimized - 种子:40] 拉新:33.5人 | 总销量:34.3单 | 品牌曝光:170.5次 | 🌟综合得分:50.9
2026-03-08 21:24:28,702 - INFO - 所有进程执行完毕，开始写入数据...
2026-03-08 21:24:28,709 - INFO - 成功写入 5 条记录至 /home/wen/work/coup_spread/gzc-impl/results/network.netDog/2026-3-7/random_SSRNum-50000-_seedNum-40_simuTimes-500.csv
2026-03-08 21:24:28,709 - INFO - 保存评估文件至: /home/wen/work/coup_spread/gzc-impl/results/network.netDog/2026-3-7/random_SSRNum-50000-_seedNum-40_simuTimes-500.csv
2026-03-08 21:24:28,717 - INFO - 加载数据集: network.netDog
2026-03-08 21:24:28,718 - INFO - --- 矩阵分析 ---
2026-03-08 21:24:28,718 - INFO - 节点数 (N): 4502
2026-03-08 21:24:28,718 - INFO - 边数 (E): 29580
2026-03-08 21:24:28,718 - INFO - 密度 (Density): 0.00145944 (越小越稀疏)
2026-03-08 21:24:28,718 - INFO - 稀疏度 (Sparsity): 0.99854056 (越接近1越稀疏)
2026-03-08 21:24:28,718 - INFO - 平均度数 (Avg Degree): 6.57
2026-03-08 21:24:28,718 - INFO - >>> 正在注入完美对抗属性（验证三条定理）...
2026-03-08 21:24:28,759 - INFO - 首次生成种子集 random
2026-03-08 21:24:28,759 - INFO - 执行当前算法开始: random
2026-03-08 21:24:28,759 - INFO - 数据集节点总数:  n = 4502, m = 50
2026-03-08 21:24:28,760 - INFO - 选择 50  [88, 481, 2398, 4316, 2750, 2820, 3026, 8, 4332, 3629, 4252, 790, 3074, 327, 31, 1558, 2063, 2308, 263, 4136, 2425, 4365, 444, 72, 3039, 883, 3227, 3799, 2126, 693, 3479, 1624, 2332, 3047, 3373, 2532, 2565, 3474, 3906, 4396, 2960, 2413, 3468, 1340, 2344, 3746, 324, 3234, 1348, 1256]

2026-03-08 21:24:28,760 - INFO - 当前用时 0.00 秒
2026-03-08 21:24:28,760 - INFO - 将种子集 写入位置: /home/wen/work/coup_spread/network.netDog/2026-3-7/seeds-with-network.netDog/random_random_seedNum-50_SSRNum-50000.txt
2026-03-08 21:24:28,760 - INFO - 首次生成种子集 degreeTopM
2026-03-08 21:24:28,760 - INFO - 执行当前算法开始: degreeTopM
2026-03-08 21:24:28,760 - INFO - 依据: 选择连接数（度数）最多的节点。
2026-03-08 21:24:28,760 - INFO - 选择的 Top M 节点及其度数:
2026-03-08 21:24:28,761 - INFO - 
2026-03-08 21:24:28,761 - INFO - 当前用时 0.00 秒
2026-03-08 21:24:28,761 - INFO - 将种子集 写入位置: /home/wen/work/coup_spread/network.netDog/2026-3-7/seeds-with-network.netDog/random_degreeTopM_seedNum-50_SSRNum-50000.txt
2026-03-08 21:24:28,762 - INFO - 首次生成种子集 pageRank
2026-03-08 21:24:28,762 - INFO - 执行当前算法开始: pageRank
2026-03-08 21:24:28,762 - INFO - --- Running: PageRank (on tranProMatrix) Top M ---
2026-03-08 21:24:29,025 - INFO - Selected PageRank seeds: [79, 135, 83, 16, 45, 133, 243, 36, 33, 12, 2, 125, 4, 167, 38, 77, 19, 17, 128, 129, 62, 329, 13, 35, 294, 14, 414, 318, 162, 26, 37, 15, 93, 46, 192, 61, 164, 279, 359, 120, 693, 123, 934, 52, 755, 254, 221, 127, 107, 208]
2026-03-08 21:24:29,026 - INFO - 当前用时 0.26 秒
2026-03-08 21:24:29,026 - INFO - 将种子集 写入位置: /home/wen/work/coup_spread/network.netDog/2026-3-7/seeds-with-network.netDog/random_pageRank_seedNum-50_SSRNum-50000.txt
2026-03-08 21:24:29,026 - INFO - 首次生成种子集 alpha_sort
2026-03-08 21:24:29,026 - INFO - 执行当前算法开始: alpha_sort
2026-03-08 21:24:29,027 - INFO - 4502 个节点的alpha值降序排序 done
2026-03-08 21:24:29,027 - INFO - ==============>> [(3602, np.float64(0.3)), (3603, np.float64(0.3)), (3604, np.float64(0.3)), (3605, np.float64(0.3)), (3606, np.float64(0.3)), (3607, np.float64(0.3)), (3608, np.float64(0.3)), (3609, np.float64(0.3)), (3610, np.float64(0.3)), (3611, np.float64(0.3))]
2026-03-08 21:24:29,027 - INFO - 
选择的种子集 (按alpha排序): [3602, 3603, 3604, 3605, 3606, 3607, 3608, 3609, 3610, 3611, 3612, 3613, 3614, 3615, 3616, 3617, 3618, 3619, 3620, 3621, 3622, 3623, 3624, 3625, 3626, 3627, 3628, 3629, 3630, 3631, 3632, 3633, 3634, 3635, 3636, 3637, 3638, 3639, 3640, 3641, 3642, 3643, 3644, 3645, 3646, 3647, 3648, 3649, 3650, 3651]

2026-03-08 21:24:29,027 - INFO - 当前用时 0.00 秒
2026-03-08 21:24:29,027 - INFO - 将种子集 写入位置: /home/wen/work/coup_spread/network.netDog/2026-3-7/seeds-with-network.netDog/random_alpha_sort_seedNum-50_SSRNum-50000.txt
2026-03-08 21:24:29,027 - INFO - 首次生成种子集 ris_optimized
2026-03-08 21:24:29,027 - INFO - 执行当前算法开始: ris_optimized
2026-03-08 21:24:29,270 - INFO - 图初始化完成，节点数: 4502，当前模式: 优化采样
2026-03-08 21:24:29,271 - INFO - 开始生成 50000 组多重RR-Set...
2026-03-08 21:24:37,153 - INFO - 生成完毕。耗时: 7.88 秒。
2026-03-08 21:24:37,163 - INFO - 开始基于多重RR集贪心选择最优种子...
2026-03-08 21:24:40,175 - INFO - 选种完毕。耗时: 3.01 秒。估算范围: 81.62
2026-03-08 21:24:40,626 - INFO - 当前用时 11.60 秒
2026-03-08 21:24:40,627 - INFO - 将种子集 写入位置: /home/wen/work/coup_spread/network.netDog/2026-3-7/seeds-with-network.netDog/random_ris_optimized_seedNum-50_SSRNum-50000.txt
2026-03-08 21:24:40,628 - INFO - 评估种子集: None
2026-03-08 21:24:40,628 - INFO - 多进程评估开始，共有 5 个方法待评估...
2026-03-08 21:24:40,628 - INFO - 启动进程池，Worker数量: 5
2026-03-08 21:24:41,348 - INFO - [Process 3602609] 开始评估方法: random, 种子数: 50
2026-03-08 21:24:41,903 - INFO - [Process 3602610] 开始评估方法: degreeTopM, 种子数: 50
2026-03-08 21:24:42,467 - INFO - [Process 3602611] 开始评估方法: pageRank, 种子数: 50
2026-03-08 21:24:43,030 - INFO - [Process 3602612] 开始评估方法: alpha_sort, 种子数: 50
2026-03-08 21:24:43,592 - INFO - [Process 3602613] 开始评估方法: ris_optimized, 种子数: 50
2026-03-08 21:24:43,988 - INFO - [alpha_sort - 种子:50] 拉新:22.4人 | 总销量:22.5单 | 品牌曝光:87.7次 | 🌟综合得分:31.2
2026-03-08 21:24:44,509 - INFO - [random - 种子:50] 拉新:35.2人 | 总销量:36.0单 | 品牌曝光:181.2次 | 🌟综合得分:53.7
2026-03-08 21:24:45,799 - INFO - [degreeTopM - 种子:50] 拉新:39.1人 | 总销量:41.0单 | 品牌曝光:204.4次 | 🌟综合得分:60.5
2026-03-08 21:24:46,095 - INFO - [pageRank - 种子:50] 拉新:38.9人 | 总销量:40.7单 | 品牌曝光:202.5次 | 🌟综合得分:60.1
2026-03-08 21:24:47,473 - INFO - [ris_optimized - 种子:50] 拉新:41.6人 | 总销量:42.6单 | 品牌曝光:211.9次 | 🌟综合得分:63.3
2026-03-08 21:24:47,498 - INFO - 所有进程执行完毕，开始写入数据...
2026-03-08 21:24:47,511 - INFO - 成功写入 5 条记录至 /home/wen/work/coup_spread/gzc-impl/results/network.netDog/2026-3-7/random_SSRNum-50000-_seedNum-50_simuTimes-500.csv
2026-03-08 21:24:47,512 - INFO - 保存评估文件至: /home/wen/work/coup_spread/gzc-impl/results/network.netDog/2026-3-7/random_SSRNum-50000-_seedNum-50_simuTimes-500.csv
2026-03-08 21:24:47,523 - INFO - 加载数据集: network.netDog
2026-03-08 21:24:47,524 - INFO - --- 矩阵分析 ---
2026-03-08 21:24:47,524 - INFO - 节点数 (N): 4502
2026-03-08 21:24:47,524 - INFO - 边数 (E): 29580
2026-03-08 21:24:47,525 - INFO - 密度 (Density): 0.00145944 (越小越稀疏)
2026-03-08 21:24:47,525 - INFO - 稀疏度 (Sparsity): 0.99854056 (越接近1越稀疏)
2026-03-08 21:24:47,525 - INFO - 平均度数 (Avg Degree): 6.57
2026-03-08 21:24:47,525 - INFO - >>> 正在注入完美对抗属性（验证三条定理）...
2026-03-08 21:24:47,568 - INFO - 首次生成种子集 random
2026-03-08 21:24:47,568 - INFO - 执行当前算法开始: random
2026-03-08 21:24:47,568 - INFO - 数据集节点总数:  n = 4502, m = 60
2026-03-08 21:24:47,568 - INFO - 选择 60  [3331, 1956, 4207, 2018, 3562, 2293, 1076, 1684, 2343, 115, 858, 2791, 2907, 1006, 1416, 4306, 262, 4119, 743, 2267, 3270, 1116, 3914, 3604, 4028, 81, 4252, 4048, 4162, 3269, 256, 4296, 2717, 396, 2991, 946, 3670, 387, 3828, 3829, 1356, 2825, 4037, 4402, 4285, 3744, 2210, 3884, 654, 2136, 1104, 3150, 1594, 2778, 3306, 346, 1733, 2527, 2776, 2803]

2026-03-08 21:24:47,568 - INFO - 当前用时 0.00 秒
2026-03-08 21:24:47,569 - INFO - 将种子集 写入位置: /home/wen/work/coup_spread/network.netDog/2026-3-7/seeds-with-network.netDog/random_random_seedNum-60_SSRNum-50000.txt
2026-03-08 21:24:47,569 - INFO - 首次生成种子集 degreeTopM
2026-03-08 21:24:47,569 - INFO - 执行当前算法开始: degreeTopM
2026-03-08 21:24:47,569 - INFO - 依据: 选择连接数（度数）最多的节点。
2026-03-08 21:24:47,569 - INFO - 选择的 Top M 节点及其度数:
2026-03-08 21:24:47,569 - INFO - 
2026-03-08 21:24:47,569 - INFO - 当前用时 0.00 秒
2026-03-08 21:24:47,570 - INFO - 将种子集 写入位置: /home/wen/work/coup_spread/network.netDog/2026-3-7/seeds-with-network.netDog/random_degreeTopM_seedNum-60_SSRNum-50000.txt
2026-03-08 21:24:47,570 - INFO - 首次生成种子集 pageRank
2026-03-08 21:24:47,570 - INFO - 执行当前算法开始: pageRank
2026-03-08 21:24:47,570 - INFO - --- Running: PageRank (on tranProMatrix) Top M ---
2026-03-08 21:24:47,831 - INFO - Selected PageRank seeds: [79, 135, 83, 16, 45, 133, 243, 36, 33, 12, 2, 125, 4, 167, 38, 77, 19, 17, 128, 129, 62, 329, 13, 35, 294, 14, 414, 318, 162, 26, 37, 15, 93, 46, 192, 61, 164, 279, 359, 120, 693, 123, 934, 52, 755, 254, 221, 127, 107, 208, 91, 183, 264, 152, 291, 223, 141, 316, 435, 324]
2026-03-08 21:24:47,831 - INFO - 当前用时 0.26 秒
2026-03-08 21:24:47,831 - INFO - 将种子集 写入位置: /home/wen/work/coup_spread/network.netDog/2026-3-7/seeds-with-network.netDog/random_pageRank_seedNum-60_SSRNum-50000.txt
2026-03-08 21:24:47,831 - INFO - 首次生成种子集 alpha_sort
2026-03-08 21:24:47,831 - INFO - 执行当前算法开始: alpha_sort
2026-03-08 21:24:47,832 - INFO - 4502 个节点的alpha值降序排序 done
2026-03-08 21:24:47,832 - INFO - ==============>> [(3602, np.float64(0.3)), (3603, np.float64(0.3)), (3604, np.float64(0.3)), (3605, np.float64(0.3)), (3606, np.float64(0.3)), (3607, np.float64(0.3)), (3608, np.float64(0.3)), (3609, np.float64(0.3)), (3610, np.float64(0.3)), (3611, np.float64(0.3))]
2026-03-08 21:24:47,832 - INFO - 
选择的种子集 (按alpha排序): [3602, 3603, 3604, 3605, 3606, 3607, 3608, 3609, 3610, 3611, 3612, 3613, 3614, 3615, 3616, 3617, 3618, 3619, 3620, 3621, 3622, 3623, 3624, 3625, 3626, 3627, 3628, 3629, 3630, 3631, 3632, 3633, 3634, 3635, 3636, 3637, 3638, 3639, 3640, 3641, 3642, 3643, 3644, 3645, 3646, 3647, 3648, 3649, 3650, 3651, 3652, 3653, 3654, 3655, 3656, 3657, 3658, 3659, 3660, 3661]

2026-03-08 21:24:47,832 - INFO - 当前用时 0.00 秒
2026-03-08 21:24:47,832 - INFO - 将种子集 写入位置: /home/wen/work/coup_spread/network.netDog/2026-3-7/seeds-with-network.netDog/random_alpha_sort_seedNum-60_SSRNum-50000.txt
2026-03-08 21:24:47,835 - INFO - 首次生成种子集 ris_optimized
2026-03-08 21:24:47,835 - INFO - 执行当前算法开始: ris_optimized
2026-03-08 21:24:48,072 - INFO - 图初始化完成，节点数: 4502，当前模式: 优化采样
2026-03-08 21:24:48,072 - INFO - 开始生成 50000 组多重RR-Set...
2026-03-08 21:24:57,014 - INFO - 生成完毕。耗时: 8.94 秒。
2026-03-08 21:24:57,032 - INFO - 开始基于多重RR集贪心选择最优种子...
2026-03-08 21:25:00,502 - INFO - 选种完毕。耗时: 3.47 秒。估算范围: 97.68
2026-03-08 21:25:00,936 - INFO - 当前用时 13.10 秒
2026-03-08 21:25:00,937 - INFO - 将种子集 写入位置: /home/wen/work/coup_spread/network.netDog/2026-3-7/seeds-with-network.netDog/random_ris_optimized_seedNum-60_SSRNum-50000.txt
2026-03-08 21:25:00,939 - INFO - 评估种子集: None
2026-03-08 21:25:00,939 - INFO - 多进程评估开始，共有 5 个方法待评估...
2026-03-08 21:25:00,939 - INFO - 启动进程池，Worker数量: 5
2026-03-08 21:25:01,672 - INFO - [Process 3603002] 开始评估方法: random, 种子数: 60
2026-03-08 21:25:02,223 - INFO - [Process 3603003] 开始评估方法: degreeTopM, 种子数: 60
2026-03-08 21:25:02,784 - INFO - [Process 3603005] 开始评估方法: pageRank, 种子数: 60
2026-03-08 21:25:03,352 - INFO - [Process 3603006] 开始评估方法: alpha_sort, 种子数: 60
2026-03-08 21:25:03,914 - INFO - [Process 3603007] 开始评估方法: ris_optimized, 种子数: 60
2026-03-08 21:25:04,466 - INFO - [alpha_sort - 种子:60] 拉新:26.9人 | 总销量:26.9单 | 品牌曝光:104.9次 | 🌟综合得分:37.4
2026-03-08 21:25:05,072 - INFO - [random - 种子:60] 拉新:40.1人 | 总销量:41.0单 | 品牌曝光:202.3次 | 🌟综合得分:60.8
2026-03-08 21:25:06,680 - INFO - [degreeTopM - 种子:60] 拉新:46.6人 | 总销量:49.1单 | 品牌曝光:245.8次 | 🌟综合得分:72.4
2026-03-08 21:25:07,365 - INFO - [pageRank - 种子:60] 拉新:46.3人 | 总销量:48.8单 | 品牌曝光:244.5次 | 🌟综合得分:72.0
2026-03-08 21:25:08,432 - INFO - [ris_optimized - 种子:60] 拉新:49.8人 | 总销量:51.4单 | 品牌曝光:256.8次 | 🌟综合得分:76.3
2026-03-08 21:25:08,456 - INFO - 所有进程执行完毕，开始写入数据...
2026-03-08 21:25:08,470 - INFO - 成功写入 5 条记录至 /home/wen/work/coup_spread/gzc-impl/results/network.netDog/2026-3-7/random_SSRNum-50000-_seedNum-60_simuTimes-500.csv
2026-03-08 21:25:08,471 - INFO - 保存评估文件至: /home/wen/work/coup_spread/gzc-impl/results/network.netDog/2026-3-7/random_SSRNum-50000-_seedNum-60_simuTimes-500.csv
2026-03-08 21:25:08,480 - INFO - 加载数据集: network.netDog
2026-03-08 21:25:08,481 - INFO - --- 矩阵分析 ---
2026-03-08 21:25:08,481 - INFO - 节点数 (N): 4502
2026-03-08 21:25:08,481 - INFO - 边数 (E): 29580
2026-03-08 21:25:08,481 - INFO - 密度 (Density): 0.00145944 (越小越稀疏)
2026-03-08 21:25:08,481 - INFO - 稀疏度 (Sparsity): 0.99854056 (越接近1越稀疏)
2026-03-08 21:25:08,481 - INFO - 平均度数 (Avg Degree): 6.57
2026-03-08 21:25:08,481 - INFO - >>> 正在注入完美对抗属性（验证三条定理）...
2026-03-08 21:25:08,524 - INFO - 首次生成种子集 random
2026-03-08 21:25:08,525 - INFO - 执行当前算法开始: random
2026-03-08 21:25:08,525 - INFO - 数据集节点总数:  n = 4502, m = 70
2026-03-08 21:25:08,525 - INFO - 选择 70  [1180, 4326, 2419, 1067, 3884, 3628, 1731, 4252, 1591, 1145, 2459, 104, 3235, 3732, 1085, 3349, 371, 264, 2322, 672, 2395, 1004, 3824, 1273, 2432, 19, 2897, 4278, 4275, 923, 2393, 463, 2965, 4115, 204, 1400, 2318, 3417, 500, 1049, 2711, 4028, 3100, 414, 107, 1223, 4293, 2583, 2903, 2714, 4281, 2514, 2844, 2891, 2288, 392, 2902, 2760, 2460, 1839, 1529, 369, 1753, 3722, 1983, 917, 4254, 3348, 301, 2064]

2026-03-08 21:25:08,525 - INFO - 当前用时 0.00 秒
2026-03-08 21:25:08,525 - INFO - 将种子集 写入位置: /home/wen/work/coup_spread/network.netDog/2026-3-7/seeds-with-network.netDog/random_random_seedNum-70_SSRNum-50000.txt
2026-03-08 21:25:08,525 - INFO - 首次生成种子集 degreeTopM
2026-03-08 21:25:08,525 - INFO - 执行当前算法开始: degreeTopM
2026-03-08 21:25:08,525 - INFO - 依据: 选择连接数（度数）最多的节点。
2026-03-08 21:25:08,526 - INFO - 选择的 Top M 节点及其度数:
2026-03-08 21:25:08,526 - INFO - 
2026-03-08 21:25:08,526 - INFO - 当前用时 0.00 秒
2026-03-08 21:25:08,526 - INFO - 将种子集 写入位置: /home/wen/work/coup_spread/network.netDog/2026-3-7/seeds-with-network.netDog/random_degreeTopM_seedNum-70_SSRNum-50000.txt
2026-03-08 21:25:08,526 - INFO - 首次生成种子集 pageRank
2026-03-08 21:25:08,526 - INFO - 执行当前算法开始: pageRank
2026-03-08 21:25:08,526 - INFO - --- Running: PageRank (on tranProMatrix) Top M ---
2026-03-08 21:25:08,798 - INFO - Selected PageRank seeds: [79, 135, 83, 16, 45, 133, 243, 36, 33, 12, 2, 125, 4, 167, 38, 77, 19, 17, 128, 129, 62, 329, 13, 35, 294, 14, 414, 318, 162, 26, 37, 15, 93, 46, 192, 61, 164, 279, 359, 120, 693, 123, 934, 52, 755, 254, 221, 127, 107, 208, 91, 183, 264, 152, 291, 223, 141, 316, 435, 324, 98, 44, 632, 8, 207, 681, 1157, 405, 104, 142]
2026-03-08 21:25:08,798 - INFO - 当前用时 0.27 秒
2026-03-08 21:25:08,798 - INFO - 将种子集 写入位置: /home/wen/work/coup_spread/network.netDog/2026-3-7/seeds-with-network.netDog/random_pageRank_seedNum-70_SSRNum-50000.txt
2026-03-08 21:25:08,799 - INFO - 首次生成种子集 alpha_sort
2026-03-08 21:25:08,799 - INFO - 执行当前算法开始: alpha_sort
2026-03-08 21:25:08,799 - INFO - 4502 个节点的alpha值降序排序 done
2026-03-08 21:25:08,799 - INFO - ==============>> [(3602, np.float64(0.3)), (3603, np.float64(0.3)), (3604, np.float64(0.3)), (3605, np.float64(0.3)), (3606, np.float64(0.3)), (3607, np.float64(0.3)), (3608, np.float64(0.3)), (3609, np.float64(0.3)), (3610, np.float64(0.3)), (3611, np.float64(0.3))]
2026-03-08 21:25:08,799 - INFO - 
选择的种子集 (按alpha排序): [3602, 3603, 3604, 3605, 3606, 3607, 3608, 3609, 3610, 3611, 3612, 3613, 3614, 3615, 3616, 3617, 3618, 3619, 3620, 3621, 3622, 3623, 3624, 3625, 3626, 3627, 3628, 3629, 3630, 3631, 3632, 3633, 3634, 3635, 3636, 3637, 3638, 3639, 3640, 3641, 3642, 3643, 3644, 3645, 3646, 3647, 3648, 3649, 3650, 3651, 3652, 3653, 3654, 3655, 3656, 3657, 3658, 3659, 3660, 3661, 3662, 3663, 3664, 3665, 3666, 3667, 3668, 3669, 3670, 3671]

2026-03-08 21:25:08,800 - INFO - 当前用时 0.00 秒
2026-03-08 21:25:08,800 - INFO - 将种子集 写入位置: /home/wen/work/coup_spread/network.netDog/2026-3-7/seeds-with-network.netDog/random_alpha_sort_seedNum-70_SSRNum-50000.txt
2026-03-08 21:25:08,800 - INFO - 首次生成种子集 ris_optimized
2026-03-08 21:25:08,800 - INFO - 执行当前算法开始: ris_optimized
2026-03-08 21:25:09,039 - INFO - 图初始化完成，节点数: 4502，当前模式: 优化采样
2026-03-08 21:25:09,039 - INFO - 开始生成 50000 组多重RR-Set...
2026-03-08 21:25:20,353 - INFO - 生成完毕。耗时: 11.31 秒。
2026-03-08 21:25:20,362 - INFO - 开始基于多重RR集贪心选择最优种子...
2026-03-08 21:25:22,760 - INFO - 选种完毕。耗时: 2.40 秒。估算范围: 113.17
2026-03-08 21:25:23,457 - INFO - 当前用时 14.66 秒
2026-03-08 21:25:23,458 - INFO - 将种子集 写入位置: /home/wen/work/coup_spread/network.netDog/2026-3-7/seeds-with-network.netDog/random_ris_optimized_seedNum-70_SSRNum-50000.txt
2026-03-08 21:25:23,459 - INFO - 评估种子集: None
2026-03-08 21:25:23,459 - INFO - 多进程评估开始，共有 5 个方法待评估...
2026-03-08 21:25:23,459 - INFO - 启动进程池，Worker数量: 5
2026-03-08 21:25:24,181 - INFO - [Process 3603384] 开始评估方法: random, 种子数: 70
2026-03-08 21:25:24,743 - INFO - [Process 3603385] 开始评估方法: degreeTopM, 种子数: 70
2026-03-08 21:25:25,306 - INFO - [Process 3603386] 开始评估方法: pageRank, 种子数: 70
2026-03-08 21:25:25,870 - INFO - [Process 3603387] 开始评估方法: alpha_sort, 种子数: 70
2026-03-08 21:25:26,433 - INFO - [Process 3603388] 开始评估方法: ris_optimized, 种子数: 70
2026-03-08 21:25:27,158 - INFO - [alpha_sort - 种子:70] 拉新:31.2人 | 总销量:31.4单 | 品牌曝光:121.3次 | 🌟综合得分:43.4
2026-03-08 21:25:28,728 - INFO - [random - 种子:70] 拉新:48.4人 | 总销量:49.8单 | 品牌曝光:249.3次 | 🌟综合得分:74.0
2026-03-08 21:25:30,156 - INFO - [degreeTopM - 种子:70] 拉新:54.1人 | 总销量:57.5单 | 品牌曝光:288.1次 | 🌟综合得分:84.6
2026-03-08 21:25:30,546 - INFO - [pageRank - 种子:70] 拉新:53.9人 | 总销量:57.1单 | 品牌曝光:285.9次 | 🌟综合得分:84.1
2026-03-08 21:25:31,854 - INFO - [ris_optimized - 种子:70] 拉新:58.0人 | 总销量:60.0单 | 品牌曝光:301.3次 | 🌟综合得分:89.1
2026-03-08 21:25:31,882 - INFO - 所有进程执行完毕，开始写入数据...
2026-03-08 21:25:31,898 - INFO - 成功写入 5 条记录至 /home/wen/work/coup_spread/gzc-impl/results/network.netDog/2026-3-7/random_SSRNum-50000-_seedNum-70_simuTimes-500.csv
2026-03-08 21:25:31,899 - INFO - 保存评估文件至: /home/wen/work/coup_spread/gzc-impl/results/network.netDog/2026-3-7/random_SSRNum-50000-_seedNum-70_simuTimes-500.csv
2026-03-08 21:25:31,910 - INFO - 加载数据集: network.netDog
2026-03-08 21:25:31,911 - INFO - --- 矩阵分析 ---
2026-03-08 21:25:31,911 - INFO - 节点数 (N): 4502
2026-03-08 21:25:31,911 - INFO - 边数 (E): 29580
2026-03-08 21:25:31,911 - INFO - 密度 (Density): 0.00145944 (越小越稀疏)
2026-03-08 21:25:31,911 - INFO - 稀疏度 (Sparsity): 0.99854056 (越接近1越稀疏)
2026-03-08 21:25:31,911 - INFO - 平均度数 (Avg Degree): 6.57
2026-03-08 21:25:31,911 - INFO - >>> 正在注入完美对抗属性（验证三条定理）...
2026-03-08 21:25:31,954 - INFO - 首次生成种子集 random
2026-03-08 21:25:31,954 - INFO - 执行当前算法开始: random
2026-03-08 21:25:31,954 - INFO - 数据集节点总数:  n = 4502, m = 80
2026-03-08 21:25:31,954 - INFO - 选择 80  [2130, 1716, 4100, 1355, 3610, 3555, 1195, 4202, 441, 3590, 2525, 2873, 1935, 3548, 3684, 3636, 2533, 3261, 222, 2020, 834, 3184, 503, 1222, 3497, 1756, 3382, 1863, 2859, 3420, 2791, 2460, 2730, 3181, 199, 2004, 3734, 3810, 4061, 1359, 3587, 3998, 980, 897, 3200, 4145, 2870, 4284, 3425, 4206, 4261, 879, 1451, 4460, 2630, 2649, 2777, 1097, 3424, 4000, 2718, 2938, 2231, 242, 1539, 3540, 3034, 3457, 4169, 1615, 599, 1121, 4494, 1206, 1696, 1479, 2906, 2548, 2783, 3794]

2026-03-08 21:25:31,954 - INFO - 当前用时 0.00 秒
2026-03-08 21:25:31,955 - INFO - 将种子集 写入位置: /home/wen/work/coup_spread/network.netDog/2026-3-7/seeds-with-network.netDog/random_random_seedNum-80_SSRNum-50000.txt
2026-03-08 21:25:31,955 - INFO - 首次生成种子集 degreeTopM
2026-03-08 21:25:31,955 - INFO - 执行当前算法开始: degreeTopM
2026-03-08 21:25:31,955 - INFO - 依据: 选择连接数（度数）最多的节点。
2026-03-08 21:25:31,955 - INFO - 选择的 Top M 节点及其度数:
2026-03-08 21:25:31,955 - INFO - 
2026-03-08 21:25:31,955 - INFO - 当前用时 0.00 秒
2026-03-08 21:25:31,955 - INFO - 将种子集 写入位置: /home/wen/work/coup_spread/network.netDog/2026-3-7/seeds-with-network.netDog/random_degreeTopM_seedNum-80_SSRNum-50000.txt
2026-03-08 21:25:31,956 - INFO - 首次生成种子集 pageRank
2026-03-08 21:25:31,956 - INFO - 执行当前算法开始: pageRank
2026-03-08 21:25:31,956 - INFO - --- Running: PageRank (on tranProMatrix) Top M ---
2026-03-08 21:25:32,220 - INFO - Selected PageRank seeds: [79, 135, 83, 16, 45, 133, 243, 36, 33, 12, 2, 125, 4, 167, 38, 77, 19, 17, 128, 129, 62, 329, 13, 35, 294, 14, 414, 318, 162, 26, 37, 15, 93, 46, 192, 61, 164, 279, 359, 120, 693, 123, 934, 52, 755, 254, 221, 127, 107, 208, 91, 183, 264, 152, 291, 223, 141, 316, 435, 324, 98, 44, 632, 8, 207, 681, 1157, 405, 104, 142, 150, 263, 916, 169, 583, 237, 261, 228, 1080, 526]
2026-03-08 21:25:32,220 - INFO - 当前用时 0.26 秒
2026-03-08 21:25:32,220 - INFO - 将种子集 写入位置: /home/wen/work/coup_spread/network.netDog/2026-3-7/seeds-with-network.netDog/random_pageRank_seedNum-80_SSRNum-50000.txt
2026-03-08 21:25:32,220 - INFO - 首次生成种子集 alpha_sort
2026-03-08 21:25:32,220 - INFO - 执行当前算法开始: alpha_sort
2026-03-08 21:25:32,221 - INFO - 4502 个节点的alpha值降序排序 done
2026-03-08 21:25:32,221 - INFO - ==============>> [(3602, np.float64(0.3)), (3603, np.float64(0.3)), (3604, np.float64(0.3)), (3605, np.float64(0.3)), (3606, np.float64(0.3)), (3607, np.float64(0.3)), (3608, np.float64(0.3)), (3609, np.float64(0.3)), (3610, np.float64(0.3)), (3611, np.float64(0.3))]
2026-03-08 21:25:32,221 - INFO - 
选择的种子集 (按alpha排序): [3602, 3603, 3604, 3605, 3606, 3607, 3608, 3609, 3610, 3611, 3612, 3613, 3614, 3615, 3616, 3617, 3618, 3619, 3620, 3621, 3622, 3623, 3624, 3625, 3626, 3627, 3628, 3629, 3630, 3631, 3632, 3633, 3634, 3635, 3636, 3637, 3638, 3639, 3640, 3641, 3642, 3643, 3644, 3645, 3646, 3647, 3648, 3649, 3650, 3651, 3652, 3653, 3654, 3655, 3656, 3657, 3658, 3659, 3660, 3661, 3662, 3663, 3664, 3665, 3666, 3667, 3668, 3669, 3670, 3671, 3672, 3673, 3674, 3675, 3676, 3677, 3678, 3679, 3680, 3681]

2026-03-08 21:25:32,222 - INFO - 当前用时 0.00 秒
2026-03-08 21:25:32,222 - INFO - 将种子集 写入位置: /home/wen/work/coup_spread/network.netDog/2026-3-7/seeds-with-network.netDog/random_alpha_sort_seedNum-80_SSRNum-50000.txt
2026-03-08 21:25:32,222 - INFO - 首次生成种子集 ris_optimized
2026-03-08 21:25:32,222 - INFO - 执行当前算法开始: ris_optimized
2026-03-08 21:25:32,448 - INFO - 图初始化完成，节点数: 4502，当前模式: 优化采样
2026-03-08 21:25:32,449 - INFO - 开始生成 50000 组多重RR-Set...
2026-03-08 21:25:45,033 - INFO - 生成完毕。耗时: 12.58 秒。
2026-03-08 21:25:45,038 - INFO - 开始基于多重RR集贪心选择最优种子...
2026-03-08 21:25:48,750 - INFO - 选种完毕。耗时: 3.71 秒。估算范围: 127.94
2026-03-08 21:25:49,243 - INFO - 当前用时 17.02 秒
2026-03-08 21:25:49,243 - INFO - 将种子集 写入位置: /home/wen/work/coup_spread/network.netDog/2026-3-7/seeds-with-network.netDog/random_ris_optimized_seedNum-80_SSRNum-50000.txt
2026-03-08 21:25:49,244 - INFO - 评估种子集: None
2026-03-08 21:25:49,244 - INFO - 多进程评估开始，共有 5 个方法待评估...
2026-03-08 21:25:49,244 - INFO - 启动进程池，Worker数量: 5
2026-03-08 21:25:49,995 - INFO - [Process 3603802] 开始评估方法: random, 种子数: 80
2026-03-08 21:25:50,544 - INFO - [Process 3603803] 开始评估方法: degreeTopM, 种子数: 80
2026-03-08 21:25:51,113 - INFO - [Process 3603804] 开始评估方法: pageRank, 种子数: 80
2026-03-08 21:25:51,677 - INFO - [Process 3603805] 开始评估方法: alpha_sort, 种子数: 80
2026-03-08 21:25:52,248 - INFO - [Process 3603806] 开始评估方法: ris_optimized, 种子数: 80
2026-03-08 21:25:53,221 - INFO - [alpha_sort - 种子:80] 拉新:35.8人 | 总销量:36.0单 | 品牌曝光:139.2次 | 🌟综合得分:49.8
2026-03-08 21:25:54,851 - INFO - [random - 种子:80] 拉新:55.1人 | 总销量:56.6单 | 品牌曝光:283.8次 | 🌟综合得分:84.2
2026-03-08 21:25:56,534 - INFO - [degreeTopM - 种子:80] 拉新:61.5人 | 总销量:65.6单 | 品牌曝光:329.4次 | 🌟综合得分:96.5
2026-03-08 21:25:57,012 - INFO - [pageRank - 种子:80] 拉新:61.4人 | 总销量:65.4单 | 品牌曝光:327.5次 | 🌟综合得分:96.2
2026-03-08 21:25:58,193 - INFO - [ris_optimized - 种子:80] 拉新:65.8人 | 总销量:68.2单 | 品牌曝光:341.7次 | 🌟综合得分:101.2
2026-03-08 21:25:58,227 - INFO - 所有进程执行完毕，开始写入数据...
2026-03-08 21:25:58,241 - INFO - 成功写入 5 条记录至 /home/wen/work/coup_spread/gzc-impl/results/network.netDog/2026-3-7/random_SSRNum-50000-_seedNum-80_simuTimes-500.csv
2026-03-08 21:25:58,242 - INFO - 保存评估文件至: /home/wen/work/coup_spread/gzc-impl/results/network.netDog/2026-3-7/random_SSRNum-50000-_seedNum-80_simuTimes-500.csv
2026-03-08 21:25:58,255 - INFO - 加载数据集: network.netDog
2026-03-08 21:25:58,256 - INFO - --- 矩阵分析 ---
2026-03-08 21:25:58,256 - INFO - 节点数 (N): 4502
2026-03-08 21:25:58,256 - INFO - 边数 (E): 29580
2026-03-08 21:25:58,256 - INFO - 密度 (Density): 0.00145944 (越小越稀疏)
2026-03-08 21:25:58,256 - INFO - 稀疏度 (Sparsity): 0.99854056 (越接近1越稀疏)
2026-03-08 21:25:58,256 - INFO - 平均度数 (Avg Degree): 6.57
2026-03-08 21:25:58,256 - INFO - >>> 正在注入完美对抗属性（验证三条定理）...
2026-03-08 21:25:58,302 - INFO - 首次生成种子集 random
2026-03-08 21:25:58,302 - INFO - 执行当前算法开始: random
2026-03-08 21:25:58,302 - INFO - 数据集节点总数:  n = 4502, m = 90
2026-03-08 21:25:58,302 - INFO - 选择 90  [992, 430, 1660, 1131, 4176, 2547, 3660, 2255, 2187, 4017, 2728, 1973, 1905, 951, 3169, 2392, 2994, 1953, 508, 1049, 506, 341, 2992, 2014, 2339, 361, 1374, 1192, 3280, 2331, 4276, 2974, 2193, 2551, 89, 288, 4242, 3491, 3529, 467, 902, 1375, 2949, 2338, 132, 973, 1917, 2721, 4298, 3139, 3971, 3861, 536, 1423, 3525, 4359, 2701, 2519, 1790, 2450, 2133, 2067, 3954, 4171, 4212, 958, 2313, 3999, 4076, 2797, 3163, 3811, 1215, 2573, 3258, 3752, 1110, 3962, 2878, 2765, 1422, 3531, 3461, 3394, 1590, 2123, 740, 1842, 2261, 375]

2026-03-08 21:25:58,302 - INFO - 当前用时 0.00 秒
2026-03-08 21:25:58,302 - INFO - 将种子集 写入位置: /home/wen/work/coup_spread/network.netDog/2026-3-7/seeds-with-network.netDog/random_random_seedNum-90_SSRNum-50000.txt
2026-03-08 21:25:58,302 - INFO - 首次生成种子集 degreeTopM
2026-03-08 21:25:58,302 - INFO - 执行当前算法开始: degreeTopM
2026-03-08 21:25:58,302 - INFO - 依据: 选择连接数（度数）最多的节点。
2026-03-08 21:25:58,303 - INFO - 选择的 Top M 节点及其度数:
2026-03-08 21:25:58,303 - INFO - 
2026-03-08 21:25:58,303 - INFO - 当前用时 0.00 秒
2026-03-08 21:25:58,303 - INFO - 将种子集 写入位置: /home/wen/work/coup_spread/network.netDog/2026-3-7/seeds-with-network.netDog/random_degreeTopM_seedNum-90_SSRNum-50000.txt
2026-03-08 21:25:58,303 - INFO - 首次生成种子集 pageRank
2026-03-08 21:25:58,303 - INFO - 执行当前算法开始: pageRank
2026-03-08 21:25:58,303 - INFO - --- Running: PageRank (on tranProMatrix) Top M ---
2026-03-08 21:25:58,573 - INFO - Selected PageRank seeds: [79, 135, 83, 16, 45, 133, 243, 36, 33, 12, 2, 125, 4, 167, 38, 77, 19, 17, 128, 129, 62, 329, 13, 35, 294, 14, 414, 318, 162, 26, 37, 15, 93, 46, 192, 61, 164, 279, 359, 120, 693, 123, 934, 52, 755, 254, 221, 127, 107, 208, 91, 183, 264, 152, 291, 223, 141, 316, 435, 324, 98, 44, 632, 8, 207, 681, 1157, 405, 104, 142, 150, 263, 916, 169, 583, 237, 261, 228, 1080, 526, 440, 165, 274, 22, 832, 811, 224, 292, 273, 564]
2026-03-08 21:25:58,573 - INFO - 当前用时 0.27 秒
2026-03-08 21:25:58,573 - INFO - 将种子集 写入位置: /home/wen/work/coup_spread/network.netDog/2026-3-7/seeds-with-network.netDog/random_pageRank_seedNum-90_SSRNum-50000.txt
2026-03-08 21:25:58,574 - INFO - 首次生成种子集 alpha_sort
2026-03-08 21:25:58,574 - INFO - 执行当前算法开始: alpha_sort
2026-03-08 21:25:58,575 - INFO - 4502 个节点的alpha值降序排序 done
2026-03-08 21:25:58,575 - INFO - ==============>> [(3602, np.float64(0.3)), (3603, np.float64(0.3)), (3604, np.float64(0.3)), (3605, np.float64(0.3)), (3606, np.float64(0.3)), (3607, np.float64(0.3)), (3608, np.float64(0.3)), (3609, np.float64(0.3)), (3610, np.float64(0.3)), (3611, np.float64(0.3))]
2026-03-08 21:25:58,575 - INFO - 
选择的种子集 (按alpha排序): [3602, 3603, 3604, 3605, 3606, 3607, 3608, 3609, 3610, 3611, 3612, 3613, 3614, 3615, 3616, 3617, 3618, 3619, 3620, 3621, 3622, 3623, 3624, 3625, 3626, 3627, 3628, 3629, 3630, 3631, 3632, 3633, 3634, 3635, 3636, 3637, 3638, 3639, 3640, 3641, 3642, 3643, 3644, 3645, 3646, 3647, 3648, 3649, 3650, 3651, 3652, 3653, 3654, 3655, 3656, 3657, 3658, 3659, 3660, 3661, 3662, 3663, 3664, 3665, 3666, 3667, 3668, 3669, 3670, 3671, 3672, 3673, 3674, 3675, 3676, 3677, 3678, 3679, 3680, 3681, 3682, 3683, 3684, 3685, 3686, 3687, 3688, 3689, 3690, 3691]

2026-03-08 21:25:58,576 - INFO - 当前用时 0.00 秒
2026-03-08 21:25:58,576 - INFO - 将种子集 写入位置: /home/wen/work/coup_spread/network.netDog/2026-3-7/seeds-with-network.netDog/random_alpha_sort_seedNum-90_SSRNum-50000.txt
2026-03-08 21:25:58,576 - INFO - 首次生成种子集 ris_optimized
2026-03-08 21:25:58,576 - INFO - 执行当前算法开始: ris_optimized
2026-03-08 21:25:58,809 - INFO - 图初始化完成，节点数: 4502，当前模式: 优化采样
2026-03-08 21:25:58,809 - INFO - 开始生成 50000 组多重RR-Set...
2026-03-08 21:26:13,027 - INFO - 生成完毕。耗时: 14.22 秒。
2026-03-08 21:26:13,038 - INFO - 开始基于多重RR集贪心选择最优种子...
2026-03-08 21:26:16,079 - INFO - 选种完毕。耗时: 3.04 秒。估算范围: 145.23
2026-03-08 21:26:16,597 - INFO - 当前用时 18.02 秒
2026-03-08 21:26:16,598 - INFO - 将种子集 写入位置: /home/wen/work/coup_spread/network.netDog/2026-3-7/seeds-with-network.netDog/random_ris_optimized_seedNum-90_SSRNum-50000.txt
2026-03-08 21:26:16,599 - INFO - 评估种子集: None
2026-03-08 21:26:16,599 - INFO - 多进程评估开始，共有 5 个方法待评估...
2026-03-08 21:26:16,599 - INFO - 启动进程池，Worker数量: 5
2026-03-08 21:26:17,340 - INFO - [Process 3604324] 开始评估方法: random, 种子数: 90
2026-03-08 21:26:17,903 - INFO - [Process 3604325] 开始评估方法: degreeTopM, 种子数: 90
2026-03-08 21:26:18,468 - INFO - [Process 3604326] 开始评估方法: pageRank, 种子数: 90
2026-03-08 21:26:19,039 - INFO - [Process 3604327] 开始评估方法: alpha_sort, 种子数: 90
2026-03-08 21:26:19,611 - INFO - [Process 3604328] 开始评估方法: ris_optimized, 种子数: 90
2026-03-08 21:26:20,699 - INFO - [alpha_sort - 种子:90] 拉新:40.1人 | 总销量:40.4单 | 品牌曝光:156.2次 | 🌟综合得分:55.9
2026-03-08 21:26:23,014 - INFO - [random - 种子:90] 拉新:63.7人 | 总销量:65.6单 | 品牌曝光:327.9次 | 🌟综合得分:97.5
2026-03-08 21:26:24,689 - INFO - [degreeTopM - 种子:90] 拉新:69.1人 | 总销量:74.1单 | 品牌曝光:372.0次 | 🌟综合得分:108.8
2026-03-08 21:26:25,128 - INFO - [pageRank - 种子:90] 拉新:68.8人 | 总销量:73.6单 | 品牌曝光:369.4次 | 🌟综合得分:108.1
2026-03-08 21:26:26,527 - INFO - [ris_optimized - 种子:90] 拉新:73.6人 | 总销量:77.0单 | 品牌曝光:386.1次 | 🌟综合得分:113.9
2026-03-08 21:26:26,562 - INFO - 所有进程执行完毕，开始写入数据...
2026-03-08 21:26:26,575 - INFO - 成功写入 5 条记录至 /home/wen/work/coup_spread/gzc-impl/results/network.netDog/2026-3-7/random_SSRNum-50000-_seedNum-90_simuTimes-500.csv
2026-03-08 21:26:26,576 - INFO - 保存评估文件至: /home/wen/work/coup_spread/gzc-impl/results/network.netDog/2026-3-7/random_SSRNum-50000-_seedNum-90_simuTimes-500.csv
2026-03-08 21:26:26,590 - INFO - 加载数据集: network.netDog
2026-03-08 21:26:26,591 - INFO - --- 矩阵分析 ---
2026-03-08 21:26:26,591 - INFO - 节点数 (N): 4502
2026-03-08 21:26:26,591 - INFO - 边数 (E): 29580
2026-03-08 21:26:26,591 - INFO - 密度 (Density): 0.00145944 (越小越稀疏)
2026-03-08 21:26:26,591 - INFO - 稀疏度 (Sparsity): 0.99854056 (越接近1越稀疏)
2026-03-08 21:26:26,591 - INFO - 平均度数 (Avg Degree): 6.57
2026-03-08 21:26:26,591 - INFO - >>> 正在注入完美对抗属性（验证三条定理）...
2026-03-08 21:26:26,634 - INFO - 首次生成种子集 random
2026-03-08 21:26:26,634 - INFO - 执行当前算法开始: random
2026-03-08 21:26:26,634 - INFO - 数据集节点总数:  n = 4502, m = 100
2026-03-08 21:26:26,634 - INFO - 选择 100  [1854, 768, 2229, 3203, 2278, 3598, 4153, 2449, 35, 1930, 1554, 3055, 2091, 2548, 991, 2573, 1914, 4195, 2838, 4267, 3454, 588, 3630, 2124, 847, 95, 3461, 3128, 2899, 384, 900, 688, 871, 2065, 424, 1931, 4301, 2628, 3851, 4349, 3982, 4234, 1814, 2507, 3940, 3530, 4293, 2214, 3642, 957, 1114, 1918, 487, 798, 1571, 2623, 4371, 2464, 340, 2539, 2146, 700, 2756, 3437, 295, 1277, 3648, 4352, 531, 4039, 995, 3384, 1584, 3732, 2600, 3968, 1418, 1226, 1557, 3351, 1959, 3302, 3104, 4130, 1138, 2403, 3452, 2161, 4478, 1092, 523, 3048, 2554, 3677, 971, 2672, 756, 313, 2780, 2544]

2026-03-08 21:26:26,634 - INFO - 当前用时 0.00 秒
2026-03-08 21:26:26,634 - INFO - 将种子集 写入位置: /home/wen/work/coup_spread/network.netDog/2026-3-7/seeds-with-network.netDog/random_random_seedNum-100_SSRNum-50000.txt
2026-03-08 21:26:26,634 - INFO - 首次生成种子集 degreeTopM
2026-03-08 21:26:26,635 - INFO - 执行当前算法开始: degreeTopM
2026-03-08 21:26:26,635 - INFO - 依据: 选择连接数（度数）最多的节点。
2026-03-08 21:26:26,635 - INFO - 选择的 Top M 节点及其度数:
2026-03-08 21:26:26,635 - INFO - 
2026-03-08 21:26:26,635 - INFO - 当前用时 0.00 秒
2026-03-08 21:26:26,635 - INFO - 将种子集 写入位置: /home/wen/work/coup_spread/network.netDog/2026-3-7/seeds-with-network.netDog/random_degreeTopM_seedNum-100_SSRNum-50000.txt
2026-03-08 21:26:26,636 - INFO - 首次生成种子集 pageRank
2026-03-08 21:26:26,636 - INFO - 执行当前算法开始: pageRank
2026-03-08 21:26:26,636 - INFO - --- Running: PageRank (on tranProMatrix) Top M ---
2026-03-08 21:26:26,897 - INFO - Selected PageRank seeds: [79, 135, 83, 16, 45, 133, 243, 36, 33, 12, 2, 125, 4, 167, 38, 77, 19, 17, 128, 129, 62, 329, 13, 35, 294, 14, 414, 318, 162, 26, 37, 15, 93, 46, 192, 61, 164, 279, 359, 120, 693, 123, 934, 52, 755, 254, 221, 127, 107, 208, 91, 183, 264, 152, 291, 223, 141, 316, 435, 324, 98, 44, 632, 8, 207, 681, 1157, 405, 104, 142, 150, 263, 916, 169, 583, 237, 261, 228, 1080, 526, 440, 165, 274, 22, 832, 811, 224, 292, 273, 564, 980, 54, 502, 112, 347, 173, 23, 1110, 1047, 194]
2026-03-08 21:26:26,897 - INFO - 当前用时 0.26 秒
2026-03-08 21:26:26,897 - INFO - 将种子集 写入位置: /home/wen/work/coup_spread/network.netDog/2026-3-7/seeds-with-network.netDog/random_pageRank_seedNum-100_SSRNum-50000.txt
2026-03-08 21:26:26,898 - INFO - 首次生成种子集 alpha_sort
2026-03-08 21:26:26,898 - INFO - 执行当前算法开始: alpha_sort
2026-03-08 21:26:26,898 - INFO - 4502 个节点的alpha值降序排序 done
2026-03-08 21:26:26,898 - INFO - ==============>> [(3602, np.float64(0.3)), (3603, np.float64(0.3)), (3604, np.float64(0.3)), (3605, np.float64(0.3)), (3606, np.float64(0.3)), (3607, np.float64(0.3)), (3608, np.float64(0.3)), (3609, np.float64(0.3)), (3610, np.float64(0.3)), (3611, np.float64(0.3))]
2026-03-08 21:26:26,899 - INFO - 
选择的种子集 (按alpha排序): [3602, 3603, 3604, 3605, 3606, 3607, 3608, 3609, 3610, 3611, 3612, 3613, 3614, 3615, 3616, 3617, 3618, 3619, 3620, 3621, 3622, 3623, 3624, 3625, 3626, 3627, 3628, 3629, 3630, 3631, 3632, 3633, 3634, 3635, 3636, 3637, 3638, 3639, 3640, 3641, 3642, 3643, 3644, 3645, 3646, 3647, 3648, 3649, 3650, 3651, 3652, 3653, 3654, 3655, 3656, 3657, 3658, 3659, 3660, 3661, 3662, 3663, 3664, 3665, 3666, 3667, 3668, 3669, 3670, 3671, 3672, 3673, 3674, 3675, 3676, 3677, 3678, 3679, 3680, 3681, 3682, 3683, 3684, 3685, 3686, 3687, 3688, 3689, 3690, 3691, 3692, 3693, 3694, 3695, 3696, 3697, 3698, 3699, 3700, 3701]

2026-03-08 21:26:26,899 - INFO - 当前用时 0.00 秒
2026-03-08 21:26:26,899 - INFO - 将种子集 写入位置: /home/wen/work/coup_spread/network.netDog/2026-3-7/seeds-with-network.netDog/random_alpha_sort_seedNum-100_SSRNum-50000.txt
2026-03-08 21:26:26,899 - INFO - 首次生成种子集 ris_optimized
2026-03-08 21:26:26,899 - INFO - 执行当前算法开始: ris_optimized
2026-03-08 21:26:27,149 - INFO - 图初始化完成，节点数: 4502，当前模式: 优化采样
2026-03-08 21:26:27,149 - INFO - 开始生成 50000 组多重RR-Set...
2026-03-08 21:26:43,127 - INFO - 生成完毕。耗时: 15.98 秒。
2026-03-08 21:26:43,141 - INFO - 开始基于多重RR集贪心选择最优种子...
2026-03-08 21:26:46,424 - INFO - 选种完毕。耗时: 3.28 秒。估算范围: 159.73
2026-03-08 21:26:46,992 - INFO - 当前用时 20.09 秒
2026-03-08 21:26:46,992 - INFO - 将种子集 写入位置: /home/wen/work/coup_spread/network.netDog/2026-3-7/seeds-with-network.netDog/random_ris_optimized_seedNum-100_SSRNum-50000.txt
2026-03-08 21:26:46,993 - INFO - 评估种子集: None
2026-03-08 21:26:46,993 - INFO - 多进程评估开始，共有 5 个方法待评估...
2026-03-08 21:26:46,993 - INFO - 启动进程池，Worker数量: 5
2026-03-08 21:26:47,733 - INFO - [Process 3604989] 开始评估方法: random, 种子数: 100
2026-03-08 21:26:48,294 - INFO - [Process 3604990] 开始评估方法: degreeTopM, 种子数: 100
2026-03-08 21:26:48,861 - INFO - [Process 3604992] 开始评估方法: pageRank, 种子数: 100
2026-03-08 21:26:49,437 - INFO - [Process 3604998] 开始评估方法: alpha_sort, 种子数: 100
2026-03-08 21:26:49,987 - INFO - [Process 3605004] 开始评估方法: ris_optimized, 种子数: 100
2026-03-08 21:26:51,281 - INFO - [alpha_sort - 种子:100] 拉新:44.7人 | 总销量:45.0单 | 品牌曝光:173.1次 | 🌟综合得分:62.1
2026-03-08 21:26:54,046 - INFO - [random - 种子:100] 拉新:69.5人 | 总销量:72.0单 | 品牌曝光:360.8次 | 🌟综合得分:106.8
2026-03-08 21:26:56,109 - INFO - [degreeTopM - 种子:100] 拉新:76.3人 | 总销量:82.3单 | 品牌曝光:413.5次 | 🌟综合得分:120.7
2026-03-08 21:26:56,386 - INFO - [pageRank - 种子:100] 拉新:75.8人 | 总销量:81.6单 | 品牌曝光:410.1次 | 🌟综合得分:119.7
2026-03-08 21:26:57,628 - INFO - [ris_optimized - 种子:100] 拉新:80.6人 | 总销量:84.6单 | 品牌曝光:423.3次 | 🌟综合得分:124.9
2026-03-08 21:26:57,657 - INFO - 所有进程执行完毕，开始写入数据...
2026-03-08 21:26:57,667 - INFO - 成功写入 5 条记录至 /home/wen/work/coup_spread/gzc-impl/results/network.netDog/2026-3-7/random_SSRNum-50000-_seedNum-100_simuTimes-500.csv
2026-03-08 21:26:57,668 - INFO - 保存评估文件至: /home/wen/work/coup_spread/gzc-impl/results/network.netDog/2026-3-7/random_SSRNum-50000-_seedNum-100_simuTimes-500.csv
