2026-01-05 21:52:43,754 - INFO - 加载数据集: network.netYeast
2026-01-05 21:52:43,755 - INFO - --- 矩阵分析 ---
2026-01-05 21:52:43,755 - INFO - 节点数 (N): 1458
2026-01-05 21:52:43,755 - INFO - 边数 (E): 3896
2026-01-05 21:52:43,755 - INFO - 密度 (Density): 0.00183275 (越小越稀疏)
2026-01-05 21:52:43,755 - INFO - 稀疏度 (Sparsity): 0.99816725 (越接近1越稀疏)
2026-01-05 21:52:43,755 - INFO - 平均度数 (Avg Degree): 2.67
2026-01-05 21:52:43,756 - INFO - 首次生成度相关概率分布 分布类型: 'random'.
2026-01-05 21:52:43,756 - INFO - ===> Generating 'Dirichlet' distributions with alpha=[500, 500, 500]...
2026-01-05 21:52:43,756 - INFO - 保存概率分布 文件位置: /root/pythonspace/data-test/network.netYeast/2026-1-6/distribution-in-network.netYeast/distribution-random_seedNum-100.pkl
2026-01-05 21:52:43,761 - INFO - 首次生成种子集 random
2026-01-05 21:52:43,761 - INFO - 执行当前算法开始: random
2026-01-05 21:52:43,761 - INFO - 数据集节点总数:  n = 1458, m = 100
2026-01-05 21:52:43,761 - INFO - 选择 100  [431, 1082, 653, 118, 130, 1364, 1424, 848, 136, 291, 495, 1416, 106, 647, 1322, 19, 1160, 1073, 296, 765, 338, 740, 823, 805, 589, 1300, 951, 1429, 1107, 1264, 314, 1081, 1105, 1321, 97, 771, 862, 160, 822, 1039, 148, 169, 1024, 1401, 1391, 156, 578, 1030, 678, 541, 79, 172, 1438, 309, 795, 570, 775, 884, 517, 516, 435, 1406, 1159, 1455, 596, 676, 294, 842, 1411, 1183, 778, 23, 362, 534, 1348, 576, 1253, 131, 94, 810, 290, 492, 1450, 738, 766, 85, 885, 335, 542, 659, 102, 293, 725, 225, 633, 833, 1061, 22, 1205, 374]

2026-01-05 21:52:43,761 - INFO - 当前用时 0.00 秒
2026-01-05 21:52:43,761 - INFO - 将种子集 写入位置: /root/pythonspace/data-test/network.netYeast/2026-1-6/seeds-with-network.netYeast/random_random_seedNum-100_SSRNum-100000.txt
2026-01-05 21:52:43,761 - INFO - 首次生成种子集 degreeTopM
2026-01-05 21:52:43,761 - INFO - 执行当前算法开始: degreeTopM
2026-01-05 21:52:43,761 - INFO - 依据: 选择连接数（度数）最多的节点。
2026-01-05 21:52:43,762 - INFO - 选择的 Top M 节点及其度数:
2026-01-05 21:52:43,762 - INFO - 
2026-01-05 21:52:43,762 - INFO - 当前用时 0.00 秒
2026-01-05 21:52:43,762 - INFO - 将种子集 写入位置: /root/pythonspace/data-test/network.netYeast/2026-1-6/seeds-with-network.netYeast/random_degreeTopM_seedNum-100_SSRNum-100000.txt
2026-01-05 21:52:43,762 - INFO - 首次生成种子集 pageRank
2026-01-05 21:52:43,762 - INFO - 执行当前算法开始: pageRank
2026-01-05 21:52:43,762 - INFO - --- Running: PageRank (on tranProMatrix) Top M ---
2026-01-05 21:52:43,809 - INFO - Selected PageRank seeds: [157, 25, 57, 55, 15, 68, 315, 105, 238, 1041, 224, 2, 69, 1285, 34, 18, 464, 66, 546, 371, 56, 277, 143, 1149, 461, 383, 186, 393, 35, 204, 227, 251, 155, 635, 544, 287, 423, 214, 364, 599, 343, 606, 44, 43, 289, 551, 406, 62, 462, 416, 33, 284, 845, 975, 72, 1318, 473, 70, 346, 99, 982, 29, 932, 367, 79, 693, 288, 837, 621, 738, 16, 603, 677, 800, 247, 876, 812, 558, 121, 668, 470, 644, 714, 339, 276, 637, 760, 172, 680, 321, 489, 790, 916, 320, 709, 1163, 187, 570, 1157, 708]
2026-01-05 21:52:43,809 - INFO - 当前用时 0.05 秒
2026-01-05 21:52:43,810 - INFO - 将种子集 写入位置: /root/pythonspace/data-test/network.netYeast/2026-1-6/seeds-with-network.netYeast/random_pageRank_seedNum-100_SSRNum-100000.txt
2026-01-05 21:52:43,810 - INFO - 首次生成种子集 alpha_sort
2026-01-05 21:52:43,810 - INFO - 执行当前算法开始: alpha_sort
2026-01-05 21:52:43,810 - INFO - 1458 个节点的alpha值降序排序 done
2026-01-05 21:52:43,810 - INFO - ==============>> [(678, 0.3722869), (234, 0.3707041), (524, 0.3678199), (1279, 0.3669407), (1451, 0.3665335), (767, 0.3662887), (181, 0.3660938), (359, 0.3656157), (1051, 0.3652041), (510, 0.3648657)]
2026-01-05 21:52:43,810 - INFO - 
选择的种子集 (按alpha排序): [678, 234, 524, 1279, 1451, 767, 181, 359, 1051, 510, 16, 15, 1141, 1019, 729, 1038, 197, 1447, 11, 612, 1359, 378, 1063, 1290, 1, 629, 1361, 578, 1346, 1354, 535, 261, 1155, 364, 940, 1317, 68, 577, 433, 483, 340, 507, 154, 163, 336, 929, 398, 1131, 362, 650, 454, 225, 53, 238, 442, 85, 988, 1392, 489, 1171, 647, 930, 1077, 625, 509, 1118, 1441, 901, 77, 352, 357, 504, 573, 1336, 390, 48, 1389, 309, 1365, 1273, 296, 429, 803, 1128, 231, 222, 682, 1237, 724, 964, 699, 32, 787, 1123, 1253, 220, 809, 218, 1072, 1156]

2026-01-05 21:52:43,811 - INFO - 当前用时 0.00 秒
2026-01-05 21:52:43,811 - INFO - 将种子集 写入位置: /root/pythonspace/data-test/network.netYeast/2026-1-6/seeds-with-network.netYeast/random_alpha_sort_seedNum-100_SSRNum-100000.txt
2026-01-05 21:52:43,811 - INFO - 首次生成种子集 importance_sort
2026-01-05 21:52:43,811 - INFO - 执行当前算法开始: importance_sort
2026-01-05 21:52:43,964 - INFO - 1458 个节点的Importance值降序排序 done
2026-01-05 21:52:43,964 - INFO - 
选择的种子集 (按Importance排序): [1, 4, 2, 3, 5, 678, 234, 524, 1279, 1451, 767, 181, 359, 1051, 510, 16, 15, 1141, 1019, 729, 1038, 197, 1447, 11, 612, 1359, 378, 1063, 1290, 629, 1361, 578, 1346, 1354, 535, 261, 1155, 364, 940, 1317, 68, 577, 433, 483, 340, 507, 154, 163, 336, 929, 398, 1131, 362, 650, 454, 225, 53, 238, 442, 85, 988, 1392, 489, 1171, 647, 930, 1077, 625, 509, 1118, 1441, 901, 77, 352, 357, 504, 573, 1336, 390, 48, 1389, 309, 1365, 1273, 296, 429, 803, 1128, 231, 222, 682, 1237, 724, 964, 699, 32, 787, 1123, 1253, 220]

2026-01-05 21:52:43,965 - INFO - 当前用时 0.15 秒
2026-01-05 21:52:43,965 - INFO - 将种子集 写入位置: /root/pythonspace/data-test/network.netYeast/2026-1-6/seeds-with-network.netYeast/random_importance_sort_seedNum-100_SSRNum-100000.txt
2026-01-05 21:52:43,965 - INFO - 首次生成种子集 ris_coverage
2026-01-05 21:52:43,965 - INFO - 执行当前算法开始: ris_coverage
2026-01-05 21:52:43,978 - INFO - 图初始化完成，节点数: 1458，CSR 矩阵准备就绪。
2026-01-05 21:52:43,978 - INFO - 
开始生成 100000 组 SSR (并行进程: 8)...
2026-01-05 21:53:00,655 - INFO - 生成完毕。耗时: 16.68 秒。
2026-01-05 21:53:00,656 - INFO - 
开始选择最优种子 (Optimized Greedy) ...
2026-01-05 21:53:12,438 - INFO -   - 券 1/100 选中节点 358, 新增覆盖 122
2026-01-05 21:53:12,446 - INFO -   - 券 2/100 选中节点 942, 新增覆盖 129
2026-01-05 21:53:12,456 - INFO -   - 券 3/100 选中节点 870, 新增覆盖 123
2026-01-05 21:53:12,468 - INFO -   - 券 4/100 选中节点 1019, 新增覆盖 115
2026-01-05 21:53:12,482 - INFO -   - 券 5/100 选中节点 295, 新增覆盖 119
2026-01-05 21:53:12,497 - INFO -   - 券 6/100 选中节点 717, 新增覆盖 126
2026-01-05 21:53:12,510 - INFO -   - 券 7/100 选中节点 1260, 新增覆盖 130
2026-01-05 21:53:12,524 - INFO -   - 券 8/100 选中节点 92, 新增覆盖 128
2026-01-05 21:53:12,538 - INFO -   - 券 9/100 选中节点 1395, 新增覆盖 136
2026-01-05 21:53:12,553 - INFO -   - 券 10/100 选中节点 311, 新增覆盖 114
2026-01-05 21:53:12,570 - INFO -   - 券 11/100 选中节点 1140, 新增覆盖 127
2026-01-05 21:53:12,587 - INFO -   - 券 12/100 选中节点 661, 新增覆盖 117
2026-01-05 21:53:12,604 - INFO -   - 券 13/100 选中节点 1161, 新增覆盖 130
2026-01-05 21:53:12,622 - INFO -   - 券 14/100 选中节点 1137, 新增覆盖 122
2026-01-05 21:53:12,640 - INFO -   - 券 15/100 选中节点 1238, 新增覆盖 119
2026-01-05 21:53:12,659 - INFO -   - 券 16/100 选中节点 27, 新增覆盖 112
2026-01-05 21:53:12,678 - INFO -   - 券 17/100 选中节点 866, 新增覆盖 115
2026-01-05 21:53:12,697 - INFO -   - 券 18/100 选中节点 1326, 新增覆盖 121
2026-01-05 21:53:12,717 - INFO -   - 券 19/100 选中节点 1342, 新增覆盖 115
2026-01-05 21:53:12,738 - INFO -   - 券 20/100 选中节点 1015, 新增覆盖 132
2026-01-05 21:53:12,759 - INFO -   - 券 21/100 选中节点 107, 新增覆盖 121
2026-01-05 21:53:12,780 - INFO -   - 券 22/100 选中节点 1289, 新增覆盖 111
2026-01-05 21:53:12,802 - INFO -   - 券 23/100 选中节点 1217, 新增覆盖 121
2026-01-05 21:53:12,824 - INFO -   - 券 24/100 选中节点 1346, 新增覆盖 114
2026-01-05 21:53:12,847 - INFO -   - 券 25/100 选中节点 1231, 新增覆盖 114
2026-01-05 21:53:12,870 - INFO -   - 券 26/100 选中节点 1348, 新增覆盖 118
2026-01-05 21:53:12,895 - INFO -   - 券 27/100 选中节点 1188, 新增覆盖 120
2026-01-05 21:53:12,919 - INFO -   - 券 28/100 选中节点 1128, 新增覆盖 111
2026-01-05 21:53:12,944 - INFO -   - 券 29/100 选中节点 1314, 新增覆盖 114
2026-01-05 21:53:12,970 - INFO -   - 券 30/100 选中节点 806, 新增覆盖 116
2026-01-05 21:53:12,997 - INFO -   - 券 31/100 选中节点 605, 新增覆盖 106
2026-01-05 21:53:13,027 - INFO -   - 券 32/100 选中节点 17, 新增覆盖 118
2026-01-05 21:53:13,058 - INFO -   - 券 33/100 选中节点 888, 新增覆盖 114
2026-01-05 21:53:13,088 - INFO -   - 券 34/100 选中节点 267, 新增覆盖 108
2026-01-05 21:53:13,116 - INFO -   - 券 35/100 选中节点 81, 新增覆盖 113
2026-01-05 21:53:13,145 - INFO -   - 券 36/100 选中节点 154, 新增覆盖 111
2026-01-05 21:53:13,173 - INFO -   - 券 37/100 选中节点 620, 新增覆盖 110
2026-01-05 21:53:13,204 - INFO -   - 券 38/100 选中节点 1179, 新增覆盖 115
2026-01-05 21:53:13,235 - INFO -   - 券 39/100 选中节点 1373, 新增覆盖 109
2026-01-05 21:53:13,265 - INFO -   - 券 40/100 选中节点 256, 新增覆盖 113
2026-01-05 21:53:13,296 - INFO -   - 券 41/100 选中节点 1232, 新增覆盖 107
2026-01-05 21:53:13,328 - INFO -   - 券 42/100 选中节点 1147, 新增覆盖 118
2026-01-05 21:53:13,361 - INFO -   - 券 43/100 选中节点 726, 新增覆盖 114
2026-01-05 21:53:13,393 - INFO -   - 券 44/100 选中节点 58, 新增覆盖 106
2026-01-05 21:53:13,425 - INFO -   - 券 45/100 选中节点 1302, 新增覆盖 109
2026-01-05 21:53:13,461 - INFO -   - 券 46/100 选中节点 827, 新增覆盖 106
2026-01-05 21:53:13,498 - INFO -   - 券 47/100 选中节点 193, 新增覆盖 108
2026-01-05 21:53:13,535 - INFO -   - 券 48/100 选中节点 463, 新增覆盖 107
2026-01-05 21:53:13,572 - INFO -   - 券 49/100 选中节点 1403, 新增覆盖 112
2026-01-05 21:53:13,611 - INFO -   - 券 50/100 选中节点 766, 新增覆盖 113
2026-01-05 21:53:13,650 - INFO -   - 券 51/100 选中节点 669, 新增覆盖 113
2026-01-05 21:53:13,690 - INFO -   - 券 52/100 选中节点 990, 新增覆盖 110
2026-01-05 21:53:13,731 - INFO -   - 券 53/100 选中节点 1080, 新增覆盖 109
2026-01-05 21:53:13,771 - INFO -   - 券 54/100 选中节点 368, 新增覆盖 105
2026-01-05 21:53:13,813 - INFO -   - 券 55/100 选中节点 1299, 新增覆盖 103
2026-01-05 21:53:13,856 - INFO -   - 券 56/100 选中节点 1354, 新增覆盖 107
2026-01-05 21:53:13,900 - INFO -   - 券 57/100 选中节点 1339, 新增覆盖 105
2026-01-05 21:53:13,944 - INFO -   - 券 58/100 选中节点 326, 新增覆盖 107
2026-01-05 21:53:13,989 - INFO -   - 券 59/100 选中节点 26, 新增覆盖 109
2026-01-05 21:53:14,035 - INFO -   - 券 60/100 选中节点 1319, 新增覆盖 119
2026-01-05 21:53:14,083 - INFO -   - 券 61/100 选中节点 652, 新增覆盖 111
2026-01-05 21:53:14,130 - INFO -   - 券 62/100 选中节点 787, 新增覆盖 106
2026-01-05 21:53:14,178 - INFO -   - 券 63/100 选中节点 1009, 新增覆盖 108
2026-01-05 21:53:14,226 - INFO -   - 券 64/100 选中节点 811, 新增覆盖 106
2026-01-05 21:53:14,276 - INFO -   - 券 65/100 选中节点 991, 新增覆盖 110
2026-01-05 21:53:14,325 - INFO -   - 券 66/100 选中节点 1206, 新增覆盖 111
2026-01-05 21:53:14,374 - INFO -   - 券 67/100 选中节点 816, 新增覆盖 98
2026-01-05 21:53:14,425 - INFO -   - 券 68/100 选中节点 765, 新增覆盖 103
2026-01-05 21:53:14,477 - INFO -   - 券 69/100 选中节点 1224, 新增覆盖 104
2026-01-05 21:53:14,534 - INFO -   - 券 70/100 选中节点 1449, 新增覆盖 109
2026-01-05 21:53:14,588 - INFO -   - 券 71/100 选中节点 179, 新增覆盖 109
2026-01-05 21:53:14,641 - INFO -   - 券 72/100 选中节点 417, 新增覆盖 106
2026-01-05 21:53:14,695 - INFO -   - 券 73/100 选中节点 1011, 新增覆盖 102
2026-01-05 21:53:14,750 - INFO -   - 券 74/100 选中节点 1077, 新增覆盖 101
2026-01-05 21:53:14,807 - INFO -   - 券 75/100 选中节点 1345, 新增覆盖 103
2026-01-05 21:53:14,862 - INFO -   - 券 76/100 选中节点 1150, 新增覆盖 99
2026-01-05 21:53:14,918 - INFO -   - 券 77/100 选中节点 1146, 新增覆盖 103
2026-01-05 21:53:14,975 - INFO -   - 券 78/100 选中节点 414, 新增覆盖 102
2026-01-05 21:53:15,034 - INFO -   - 券 79/100 选中节点 1447, 新增覆盖 106
2026-01-05 21:53:15,098 - INFO -   - 券 80/100 选中节点 1228, 新增覆盖 98
2026-01-05 21:53:15,160 - INFO -   - 券 81/100 选中节点 1365, 新增覆盖 100
2026-01-05 21:53:15,221 - INFO -   - 券 82/100 选中节点 132, 新增覆盖 112
2026-01-05 21:53:15,282 - INFO -   - 券 83/100 选中节点 1379, 新增覆盖 105
2026-01-05 21:53:15,344 - INFO -   - 券 84/100 选中节点 1016, 新增覆盖 101
2026-01-05 21:53:15,405 - INFO -   - 券 85/100 选中节点 1351, 新增覆盖 100
2026-01-05 21:53:15,470 - INFO -   - 券 86/100 选中节点 1010, 新增覆盖 103
2026-01-05 21:53:15,534 - INFO -   - 券 87/100 选中节点 576, 新增覆盖 99
2026-01-05 21:53:15,600 - INFO -   - 券 88/100 选中节点 785, 新增覆盖 99
2026-01-05 21:53:15,665 - INFO -   - 券 89/100 选中节点 1413, 新增覆盖 101
2026-01-05 21:53:15,728 - INFO -   - 券 90/100 选中节点 1397, 新增覆盖 101
2026-01-05 21:53:15,794 - INFO -   - 券 91/100 选中节点 702, 新增覆盖 103
2026-01-05 21:53:15,859 - INFO -   - 券 92/100 选中节点 1438, 新增覆盖 102
2026-01-05 21:53:15,927 - INFO -   - 券 93/100 选中节点 819, 新增覆盖 96
2026-01-05 21:53:16,000 - INFO -   - 券 94/100 选中节点 801, 新增覆盖 102
2026-01-05 21:53:16,072 - INFO -   - 券 95/100 选中节点 550, 新增覆盖 99
2026-01-05 21:53:16,143 - INFO -   - 券 96/100 选中节点 1115, 新增覆盖 104
2026-01-05 21:53:16,219 - INFO -   - 券 97/100 选中节点 1167, 新增覆盖 98
2026-01-05 21:53:16,293 - INFO -   - 券 98/100 选中节点 150, 新增覆盖 100
2026-01-05 21:53:16,369 - INFO -   - 券 99/100 选中节点 840, 新增覆盖 113
2026-01-05 21:53:16,444 - INFO -   - 券 100/100 选中节点 532, 新增覆盖 102
2026-01-05 21:53:16,444 - INFO - 选种完毕。耗时: 15.79 秒。
2026-01-05 21:53:16,678 - INFO - 最终选择的种子集: [358, 942, 870, 1019, 295, 717, 1260, 92, 1395, 311, 1140, 661, 1161, 1137, 1238, 27, 866, 1326, 1342, 1015, 107, 1289, 1217, 1346, 1231, 1348, 1188, 1128, 1314, 806, 605, 17, 888, 267, 81, 154, 620, 1179, 1373, 256, 1232, 1147, 726, 58, 1302, 827, 193, 463, 1403, 766, 669, 990, 1080, 368, 1299, 1354, 1339, 326, 26, 1319, 652, 787, 1009, 811, 991, 1206, 816, 765, 1224, 1449, 179, 417, 1011, 1077, 1345, 1150, 1146, 414, 1447, 1228, 1365, 132, 1379, 1016, 1351, 1010, 576, 785, 1413, 1397, 702, 1438, 819, 801, 550, 1115, 1167, 150, 840, 532]

2026-01-05 21:53:17,545 - INFO - 当前用时 33.58 秒
2026-01-05 21:53:17,546 - INFO - 将种子集 写入位置: /root/pythonspace/data-test/network.netYeast/2026-1-6/seeds-with-network.netYeast/random_ris_coverage_seedNum-100_SSRNum-100000.txt
2026-01-05 21:53:17,546 - INFO - 评估种子集: None
2026-01-05 21:53:17,546 - INFO - 多进程评估开始，共有 6 个方法待评估...
2026-01-05 21:53:17,546 - INFO - 启动进程池，Worker数量: 6
2026-01-05 21:53:17,640 - INFO - [Process 6517] 开始评估方法: random, 种子数: 100
2026-01-05 21:53:17,660 - INFO - [Process 6518] 开始评估方法: degreeTopM, 种子数: 100
2026-01-05 21:53:17,683 - INFO - [Process 6519] 开始评估方法: pageRank, 种子数: 100
2026-01-05 21:53:17,701 - INFO - [Process 6520] 开始评估方法: alpha_sort, 种子数: 100
2026-01-05 21:53:17,723 - INFO - [Process 6521] 开始评估方法: importance_sort, 种子数: 100
2026-01-05 21:53:17,743 - INFO - [Process 6522] 开始评估方法: ris_coverage, 种子数: 100
2026-01-05 21:53:18,400 - INFO - [Process 6517] random - 500 sims 完成: E=49.25
2026-01-05 21:53:18,411 - INFO - [Process 6518] degreeTopM - 500 sims 完成: E=48.95
2026-01-05 21:53:18,418 - INFO - [Process 6520] alpha_sort - 500 sims 完成: E=51.18
2026-01-05 21:53:18,436 - INFO - [Process 6521] importance_sort - 500 sims 完成: E=50.95
2026-01-05 21:53:18,464 - INFO - [Process 6519] pageRank - 500 sims 完成: E=48.93
2026-01-05 21:53:18,489 - INFO - [Process 6522] ris_coverage - 500 sims 完成: E=50.00
2026-01-05 21:53:18,507 - INFO - 所有进程执行完毕，开始写入数据...
2026-01-05 21:53:18,511 - INFO - 成功写入 6 条记录至 /root/pythonspace/data-test/network.netYeast/2026-1-6/E-activated-network.netYeast/distribution-random/simuTimes-500_random-dirichlet-[500, 500, 500]_rrNumSamples-100000.csv
2026-01-05 21:53:18,512 - INFO - 保存评估文件至: /root/pythonspace/data-test/network.netYeast/2026-1-6/E-activated-network.netYeast/distribution-random/simuTimes-500_random-dirichlet-[500, 500, 500]_rrNumSamples-100000.csv
