2026-01-05 22:46:54,832 - INFO - 加载数据集: network.netfacebookego
2026-01-05 22:46:54,832 - INFO - --- 矩阵分析 ---
2026-01-05 22:46:54,832 - INFO - 节点数 (N): 2888
2026-01-05 22:46:54,832 - INFO - 边数 (E): 5962
2026-01-05 22:46:54,832 - INFO - 密度 (Density): 0.00071482 (越小越稀疏)
2026-01-05 22:46:54,832 - INFO - 稀疏度 (Sparsity): 0.99928518 (越接近1越稀疏)
2026-01-05 22:46:54,832 - INFO - 平均度数 (Avg Degree): 2.06
2026-01-05 22:46:54,833 - INFO - 首次生成度相关概率分布 分布类型: 'random'.
2026-01-05 22:46:54,833 - INFO - ===> Generating 'Dirichlet' distributions with alpha=[100, 700, 700]...
2026-01-05 22:46:54,834 - INFO - 保存概率分布 文件位置: /root/pythonspace/data-test/network.netfacebookego/2026-1-6-[100,700,700]/distribution-in-network.netfacebookego/distribution-random_seedNum-50.pkl
2026-01-05 22:46:54,841 - INFO - 首次生成种子集 random
2026-01-05 22:46:54,841 - INFO - 执行当前算法开始: random
2026-01-05 22:46:54,841 - INFO - 数据集节点总数:  n = 2888, m = 50
2026-01-05 22:46:54,841 - INFO - 选择 50  [2720, 1918, 311, 669, 1769, 548, 452, 2109, 2711, 1975, 2785, 2247, 28, 2317, 1914, 285, 2379, 1784, 2853, 2328, 769, 1239, 2364, 2352, 2404, 2076, 1082, 1394, 9, 38, 1402, 1531, 553, 2630, 3, 446, 2484, 292, 265, 2411, 2642, 2571, 1217, 2060, 2595, 401, 2884, 405, 721, 2491]

2026-01-05 22:46:54,841 - INFO - 当前用时 0.00 秒
2026-01-05 22:46:54,841 - INFO - 将种子集 写入位置: /root/pythonspace/data-test/network.netfacebookego/2026-1-6-[100,700,700]/seeds-with-network.netfacebookego/random_random_seedNum-50_SSRNum-100000.txt
2026-01-05 22:46:54,841 - INFO - 首次生成种子集 degreeTopM
2026-01-05 22:46:54,841 - INFO - 执行当前算法开始: degreeTopM
2026-01-05 22:46:54,841 - INFO - 依据: 选择连接数（度数）最多的节点。
2026-01-05 22:46:54,842 - INFO - 选择的 Top M 节点及其度数:
2026-01-05 22:46:54,842 - INFO - 
2026-01-05 22:46:54,842 - INFO - 当前用时 0.00 秒
2026-01-05 22:46:54,842 - INFO - 将种子集 写入位置: /root/pythonspace/data-test/network.netfacebookego/2026-1-6-[100,700,700]/seeds-with-network.netfacebookego/random_degreeTopM_seedNum-50_SSRNum-100000.txt
2026-01-05 22:46:54,842 - INFO - 首次生成种子集 pageRank
2026-01-05 22:46:54,842 - INFO - 执行当前算法开始: pageRank
2026-01-05 22:46:54,842 - INFO - --- Running: PageRank (on tranProMatrix) Top M ---
2026-01-05 22:46:54,940 - INFO - Selected PageRank seeds: [602, 1524, 287, 0, 709, 2686, 713, 2231, 2535, 2698, 246, 715, 718, 70, 710, 719, 34, 68, 334, 468, 492, 509, 525, 583, 593, 623, 638, 763, 89, 216, 2593, 711, 712, 714, 716, 717, 1523, 720, 721, 2697, 2708, 2713, 2719, 2729, 2745, 2747, 2753, 2772, 2774, 2776]
2026-01-05 22:46:54,941 - INFO - 当前用时 0.10 秒
2026-01-05 22:46:54,941 - INFO - 将种子集 写入位置: /root/pythonspace/data-test/network.netfacebookego/2026-1-6-[100,700,700]/seeds-with-network.netfacebookego/random_pageRank_seedNum-50_SSRNum-100000.txt
2026-01-05 22:46:54,941 - INFO - 首次生成种子集 alpha_sort
2026-01-05 22:46:54,941 - INFO - 执行当前算法开始: alpha_sort
2026-01-05 22:46:54,942 - INFO - 2888 个节点的alpha值降序排序 done
2026-01-05 22:46:54,943 - INFO - ==============>> [(1763, 0.0918459), (2480, 0.0861938), (2038, 0.0857933), (2560, 0.0852742), (823, 0.0849532), (1162, 0.0845991), (801, 0.0845784), (674, 0.084425), (1913, 0.0843105), (1711, 0.0842756)]
2026-01-05 22:46:54,943 - INFO - 
选择的种子集 (按alpha排序): [1763, 2480, 2038, 2560, 823, 1162, 801, 674, 1913, 1711, 2313, 2786, 309, 511, 738, 2099, 2269, 2729, 1945, 2677, 2217, 853, 1638, 167, 2611, 185, 2028, 1728, 1506, 1493, 896, 744, 2110, 1752, 1974, 550, 2760, 1964, 224, 38, 2470, 250, 357, 2067, 2835, 750, 1942, 897, 1016, 305]

2026-01-05 22:46:54,943 - INFO - 当前用时 0.00 秒
2026-01-05 22:46:54,943 - INFO - 将种子集 写入位置: /root/pythonspace/data-test/network.netfacebookego/2026-1-6-[100,700,700]/seeds-with-network.netfacebookego/random_alpha_sort_seedNum-50_SSRNum-100000.txt
2026-01-05 22:46:54,943 - INFO - 首次生成种子集 importance_sort
2026-01-05 22:46:54,943 - INFO - 执行当前算法开始: importance_sort
2026-01-05 22:46:55,253 - INFO - 2888 个节点的Importance值降序排序 done
2026-01-05 22:46:55,253 - INFO - 
选择的种子集 (按Importance排序): [167, 185, 224, 38, 250, 242, 119, 202, 175, 249, 99, 8, 245, 147, 77, 64, 234, 239, 87, 101, 93, 102, 42, 287, 148, 189, 199, 144, 133, 66, 260, 158, 75, 22, 159, 213, 120, 194, 59, 203, 161, 35, 31, 195, 25, 190, 177, 162, 136, 79]

2026-01-05 22:46:55,253 - INFO - 当前用时 0.31 秒
2026-01-05 22:46:55,253 - INFO - 将种子集 写入位置: /root/pythonspace/data-test/network.netfacebookego/2026-1-6-[100,700,700]/seeds-with-network.netfacebookego/random_importance_sort_seedNum-50_SSRNum-100000.txt
2026-01-05 22:46:55,254 - INFO - 首次生成种子集 ris_coverage
2026-01-05 22:46:55,254 - INFO - 执行当前算法开始: ris_coverage
2026-01-05 22:46:55,304 - INFO - 图初始化完成，节点数: 2888，CSR 矩阵准备就绪。
2026-01-05 22:46:55,304 - INFO - 
开始生成 100000 组 SSR (并行进程: 8)...
2026-01-05 22:47:00,542 - INFO - 生成完毕。耗时: 5.24 秒。
2026-01-05 22:47:00,543 - INFO - 
开始选择最优种子 (Optimized Greedy) ...
2026-01-05 22:47:01,740 - INFO -   - 券 1/50 选中节点 2863, 新增覆盖 19
2026-01-05 22:47:01,745 - INFO -   - 券 2/50 选中节点 2128, 新增覆盖 19
2026-01-05 22:47:01,751 - INFO -   - 券 3/50 选中节点 486, 新增覆盖 20
2026-01-05 22:47:01,758 - INFO -   - 券 4/50 选中节点 1964, 新增覆盖 16
2026-01-05 22:47:01,768 - INFO -   - 券 5/50 选中节点 2347, 新增覆盖 16
2026-01-05 22:47:01,779 - INFO -   - 券 6/50 选中节点 581, 新增覆盖 17
2026-01-05 22:47:01,793 - INFO -   - 券 7/50 选中节点 2266, 新增覆盖 17
2026-01-05 22:47:01,808 - INFO -   - 券 8/50 选中节点 1557, 新增覆盖 14
2026-01-05 22:47:01,824 - INFO -   - 券 9/50 选中节点 529, 新增覆盖 19
2026-01-05 22:47:01,843 - INFO -   - 券 10/50 选中节点 2717, 新增覆盖 16
2026-01-05 22:47:01,862 - INFO -   - 券 11/50 选中节点 2868, 新增覆盖 18
2026-01-05 22:47:01,885 - INFO -   - 券 12/50 选中节点 2321, 新增覆盖 18
2026-01-05 22:47:01,908 - INFO -   - 券 13/50 选中节点 2548, 新增覆盖 14
2026-01-05 22:47:01,932 - INFO -   - 券 14/50 选中节点 1425, 新增覆盖 20
2026-01-05 22:47:01,960 - INFO -   - 券 15/50 选中节点 927, 新增覆盖 17
2026-01-05 22:47:01,989 - INFO -   - 券 16/50 选中节点 632, 新增覆盖 16
2026-01-05 22:47:02,020 - INFO -   - 券 17/50 选中节点 2886, 新增覆盖 18
2026-01-05 22:47:02,050 - INFO -   - 券 18/50 选中节点 2233, 新增覆盖 15
2026-01-05 22:47:02,084 - INFO -   - 券 19/50 选中节点 289, 新增覆盖 18
2026-01-05 22:47:02,118 - INFO -   - 券 20/50 选中节点 1030, 新增覆盖 12
2026-01-05 22:47:02,155 - INFO -   - 券 21/50 选中节点 169, 新增覆盖 16
2026-01-05 22:47:02,193 - INFO -   - 券 22/50 选中节点 2435, 新增覆盖 13
2026-01-05 22:47:02,234 - INFO -   - 券 23/50 选中节点 1971, 新增覆盖 17
2026-01-05 22:47:02,273 - INFO -   - 券 24/50 选中节点 44, 新增覆盖 13
2026-01-05 22:47:02,317 - INFO -   - 券 25/50 选中节点 1098, 新增覆盖 17
2026-01-05 22:47:02,360 - INFO -   - 券 26/50 选中节点 369, 新增覆盖 14
2026-01-05 22:47:02,404 - INFO -   - 券 27/50 选中节点 2244, 新增覆盖 12
2026-01-05 22:47:02,453 - INFO -   - 券 28/50 选中节点 2576, 新增覆盖 12
2026-01-05 22:47:02,504 - INFO -   - 券 29/50 选中节点 2754, 新增覆盖 13
2026-01-05 22:47:02,554 - INFO -   - 券 30/50 选中节点 2857, 新增覆盖 16
2026-01-05 22:47:02,607 - INFO -   - 券 31/50 选中节点 1691, 新增覆盖 16
2026-01-05 22:47:02,661 - INFO -   - 券 32/50 选中节点 204, 新增覆盖 15
2026-01-05 22:47:02,721 - INFO -   - 券 33/50 选中节点 1023, 新增覆盖 14
2026-01-05 22:47:02,788 - INFO -   - 券 34/50 选中节点 2666, 新增覆盖 17
2026-01-05 22:47:02,851 - INFO -   - 券 35/50 选中节点 401, 新增覆盖 15
2026-01-05 22:47:02,919 - INFO -   - 券 36/50 选中节点 2637, 新增覆盖 14
2026-01-05 22:47:02,982 - INFO -   - 券 37/50 选中节点 178, 新增覆盖 14
2026-01-05 22:47:03,047 - INFO -   - 券 38/50 选中节点 2481, 新增覆盖 15
2026-01-05 22:47:03,118 - INFO -   - 券 39/50 选中节点 1636, 新增覆盖 15
2026-01-05 22:47:03,187 - INFO -   - 券 40/50 选中节点 2566, 新增覆盖 15
2026-01-05 22:47:03,260 - INFO -   - 券 41/50 选中节点 2697, 新增覆盖 14
2026-01-05 22:47:03,334 - INFO -   - 券 42/50 选中节点 1850, 新增覆盖 16
2026-01-05 22:47:03,412 - INFO -   - 券 43/50 选中节点 1763, 新增覆盖 15
2026-01-05 22:47:03,490 - INFO -   - 券 44/50 选中节点 2874, 新增覆盖 15
2026-01-05 22:47:03,574 - INFO -   - 券 45/50 选中节点 2529, 新增覆盖 15
2026-01-05 22:47:03,665 - INFO -   - 券 46/50 选中节点 2871, 新增覆盖 14
2026-01-05 22:47:03,753 - INFO -   - 券 47/50 选中节点 1053, 新增覆盖 17
2026-01-05 22:47:03,840 - INFO -   - 券 48/50 选中节点 2713, 新增覆盖 14
2026-01-05 22:47:03,928 - INFO -   - 券 49/50 选中节点 1923, 新增覆盖 16
2026-01-05 22:47:04,022 - INFO -   - 券 50/50 选中节点 2416, 新增覆盖 12
2026-01-05 22:47:04,022 - INFO - 选种完毕。耗时: 3.48 秒。
2026-01-05 22:47:04,062 - INFO - 最终选择的种子集: [2863, 2128, 486, 1964, 2347, 581, 2266, 1557, 529, 2717, 2868, 2321, 2548, 1425, 927, 632, 2886, 2233, 289, 1030, 169, 2435, 1971, 44, 1098, 369, 2244, 2576, 2754, 2857, 1691, 204, 1023, 2666, 401, 2637, 178, 2481, 1636, 2566, 2697, 1850, 1763, 2874, 2529, 2871, 1053, 2713, 1923, 2416]

2026-01-05 22:47:04,286 - INFO - 当前用时 9.03 秒
2026-01-05 22:47:04,286 - INFO - 将种子集 写入位置: /root/pythonspace/data-test/network.netfacebookego/2026-1-6-[100,700,700]/seeds-with-network.netfacebookego/random_ris_coverage_seedNum-50_SSRNum-100000.txt
2026-01-05 22:47:04,287 - INFO - 评估种子集: None
2026-01-05 22:47:04,287 - INFO - 多进程评估开始，共有 6 个方法待评估...
2026-01-05 22:47:04,287 - INFO - 启动进程池，Worker数量: 6
2026-01-05 22:47:04,489 - INFO - [Process 10423] 开始评估方法: random, 种子数: 50
2026-01-05 22:47:04,609 - INFO - [Process 10424] 开始评估方法: degreeTopM, 种子数: 50
2026-01-05 22:47:04,750 - INFO - [Process 10425] 开始评估方法: pageRank, 种子数: 50
2026-01-05 22:47:04,879 - INFO - [Process 10426] 开始评估方法: alpha_sort, 种子数: 50
2026-01-05 22:47:05,018 - INFO - [Process 10427] 开始评估方法: importance_sort, 种子数: 50
2026-01-05 22:47:05,148 - INFO - [Process 10428] 开始评估方法: ris_coverage, 种子数: 50
2026-01-05 22:47:06,085 - INFO - [Process 10423] random - 1000 sims 完成: E=5.97
2026-01-05 22:47:06,199 - INFO - [Process 10424] degreeTopM - 1000 sims 完成: E=5.92
2026-01-05 22:47:06,341 - INFO - [Process 10425] pageRank - 1000 sims 完成: E=5.95
2026-01-05 22:47:06,467 - INFO - [Process 10426] alpha_sort - 1000 sims 完成: E=6.70
2026-01-05 22:47:06,578 - INFO - [Process 10427] importance_sort - 1000 sims 完成: E=5.54
2026-01-05 22:47:06,747 - INFO - [Process 10428] ris_coverage - 1000 sims 完成: E=6.19
2026-01-05 22:47:06,756 - INFO - 所有进程执行完毕，开始写入数据...
2026-01-05 22:47:06,760 - INFO - 成功写入 6 条记录至 /root/pythonspace/data-test/network.netfacebookego/2026-1-6-[100,700,700]/E-activated-network.netfacebookego/distribution-random/simuTimes-1000_random-dirichlet-[100, 700, 700]_rrNumSamples-100000.csv
2026-01-05 22:47:06,760 - INFO - 保存评估文件至: /root/pythonspace/data-test/network.netfacebookego/2026-1-6-[100,700,700]/E-activated-network.netfacebookego/distribution-random/simuTimes-1000_random-dirichlet-[100, 700, 700]_rrNumSamples-100000.csv
2026-01-05 22:47:06,762 - INFO - 加载数据集: network.netfacebookego
2026-01-05 22:47:06,762 - INFO - --- 矩阵分析 ---
2026-01-05 22:47:06,762 - INFO - 节点数 (N): 2888
2026-01-05 22:47:06,763 - INFO - 边数 (E): 5962
2026-01-05 22:47:06,763 - INFO - 密度 (Density): 0.00071482 (越小越稀疏)
2026-01-05 22:47:06,763 - INFO - 稀疏度 (Sparsity): 0.99928518 (越接近1越稀疏)
2026-01-05 22:47:06,763 - INFO - 平均度数 (Avg Degree): 2.06
2026-01-05 22:47:06,763 - INFO - 首次生成度相关概率分布 分布类型: 'random'.
2026-01-05 22:47:06,763 - INFO - ===> Generating 'Dirichlet' distributions with alpha=[100, 700, 700]...
2026-01-05 22:47:06,764 - INFO - 保存概率分布 文件位置: /root/pythonspace/data-test/network.netfacebookego/2026-1-6-[100,700,700]/distribution-in-network.netfacebookego/distribution-random_seedNum-100.pkl
2026-01-05 22:47:06,771 - INFO - 首次生成种子集 random
2026-01-05 22:47:06,771 - INFO - 执行当前算法开始: random
2026-01-05 22:47:06,771 - INFO - 数据集节点总数:  n = 2888, m = 100
2026-01-05 22:47:06,771 - INFO - 选择 100  [1309, 642, 621, 1889, 168, 831, 429, 1496, 235, 45, 2042, 1075, 1035, 1906, 2646, 756, 144, 341, 287, 8, 1280, 2597, 630, 2250, 1501, 334, 92, 1427, 1567, 514, 2658, 381, 1982, 2793, 1340, 546, 223, 481, 894, 754, 711, 1725, 2064, 1525, 2781, 1112, 2313, 725, 2509, 2137, 2063, 2130, 1325, 828, 1802, 1742, 1296, 994, 2421, 2669, 850, 833, 1262, 1747, 2687, 1841, 2499, 1832, 1122, 2308, 1172, 667, 930, 783, 1200, 2840, 2090, 1591, 1283, 2239, 2659, 1348, 2365, 1983, 689, 390, 2751, 1373, 666, 768, 744, 1069, 2719, 196, 2128, 288, 959, 1367, 2378, 1732]

2026-01-05 22:47:06,771 - INFO - 当前用时 0.00 秒
2026-01-05 22:47:06,772 - INFO - 将种子集 写入位置: /root/pythonspace/data-test/network.netfacebookego/2026-1-6-[100,700,700]/seeds-with-network.netfacebookego/random_random_seedNum-100_SSRNum-100000.txt
2026-01-05 22:47:06,772 - INFO - 首次生成种子集 degreeTopM
2026-01-05 22:47:06,772 - INFO - 执行当前算法开始: degreeTopM
2026-01-05 22:47:06,772 - INFO - 依据: 选择连接数（度数）最多的节点。
2026-01-05 22:47:06,772 - INFO - 选择的 Top M 节点及其度数:
2026-01-05 22:47:06,772 - INFO - 
2026-01-05 22:47:06,772 - INFO - 当前用时 0.00 秒
2026-01-05 22:47:06,772 - INFO - 将种子集 写入位置: /root/pythonspace/data-test/network.netfacebookego/2026-1-6-[100,700,700]/seeds-with-network.netfacebookego/random_degreeTopM_seedNum-100_SSRNum-100000.txt
2026-01-05 22:47:06,773 - INFO - 首次生成种子集 pageRank
2026-01-05 22:47:06,773 - INFO - 执行当前算法开始: pageRank
2026-01-05 22:47:06,773 - INFO - --- Running: PageRank (on tranProMatrix) Top M ---
2026-01-05 22:47:06,863 - INFO - Selected PageRank seeds: [602, 1524, 287, 0, 709, 2686, 713, 2231, 2535, 2698, 246, 715, 718, 70, 710, 719, 34, 68, 334, 468, 492, 509, 525, 583, 593, 623, 638, 763, 89, 216, 2593, 711, 712, 714, 716, 717, 1523, 720, 721, 2697, 2708, 2713, 2719, 2729, 2745, 2747, 2753, 2772, 2774, 2776, 2800, 2803, 2804, 2805, 2810, 2823, 2825, 2828, 2830, 2840, 2856, 2347, 2350, 2351, 2353, 2355, 2365, 2368, 2369, 2374, 2385, 2393, 2394, 2398, 2401, 2404, 2406, 2408, 2430, 2433, 2443, 2451, 2460, 2464, 2468, 2474, 2481, 2482, 2483, 2491, 2508, 2510, 2517, 2520, 2522, 2523, 2525, 2529, 2536, 2537]
2026-01-05 22:47:06,864 - INFO - 当前用时 0.09 秒
2026-01-05 22:47:06,864 - INFO - 将种子集 写入位置: /root/pythonspace/data-test/network.netfacebookego/2026-1-6-[100,700,700]/seeds-with-network.netfacebookego/random_pageRank_seedNum-100_SSRNum-100000.txt
2026-01-05 22:47:06,864 - INFO - 首次生成种子集 alpha_sort
2026-01-05 22:47:06,864 - INFO - 执行当前算法开始: alpha_sort
2026-01-05 22:47:06,866 - INFO - 2888 个节点的alpha值降序排序 done
2026-01-05 22:47:06,866 - INFO - ==============>> [(1272, 0.090605), (2714, 0.0896432), (392, 0.0880167), (1761, 0.0880124), (2443, 0.0874439), (130, 0.0870204), (1862, 0.0863369), (2779, 0.0863055), (2140, 0.0861367), (958, 0.0860843)]
2026-01-05 22:47:06,866 - INFO - 
选择的种子集 (按alpha排序): [1272, 2714, 392, 1761, 2443, 130, 1862, 2779, 2140, 958, 796, 283, 1161, 409, 2257, 1311, 2585, 2669, 2883, 2188, 728, 749, 2063, 1536, 1479, 1107, 1309, 1732, 2510, 94, 2475, 49, 578, 469, 2670, 63, 1388, 1076, 2474, 232, 1989, 1759, 930, 236, 1783, 1018, 1317, 882, 713, 792, 1380, 813, 1593, 872, 2711, 2067, 2324, 2452, 619, 1363, 2679, 1577, 1919, 2726, 997, 355, 1392, 1053, 756, 2750, 1320, 1939, 1827, 991, 1906, 1321, 2215, 108, 806, 1228, 931, 1596, 2644, 40, 1268, 1671, 1156, 1735, 1386, 2809, 2454, 1299, 945, 389, 1122, 785, 878, 1478, 2032, 1083]

2026-01-05 22:47:06,866 - INFO - 当前用时 0.00 秒
2026-01-05 22:47:06,866 - INFO - 将种子集 写入位置: /root/pythonspace/data-test/network.netfacebookego/2026-1-6-[100,700,700]/seeds-with-network.netfacebookego/random_alpha_sort_seedNum-100_SSRNum-100000.txt
2026-01-05 22:47:06,866 - INFO - 首次生成种子集 importance_sort
2026-01-05 22:47:06,866 - INFO - 执行当前算法开始: importance_sort
2026-01-05 22:47:07,202 - INFO - 2888 个节点的Importance值降序排序 done
2026-01-05 22:47:07,202 - INFO - 
选择的种子集 (按Importance排序): [130, 283, 94, 49, 63, 232, 236, 108, 40, 128, 287, 184, 44, 37, 122, 277, 181, 4, 146, 191, 104, 97, 57, 24, 52, 79, 10, 16, 200, 88, 286, 156, 159, 15, 30, 270, 87, 182, 275, 13, 225, 238, 183, 189, 274, 285, 3, 116, 2, 203, 134, 145, 221, 6, 230, 166, 18, 197, 67, 195, 89, 77, 223, 147, 250, 11, 242, 34, 208, 267, 280, 211, 260, 131, 158, 262, 160, 76, 86, 171, 69, 1, 39, 219, 266, 91, 143, 25, 74, 212, 118, 178, 207, 66, 163, 48, 162, 106, 50, 263]

2026-01-05 22:47:07,202 - INFO - 当前用时 0.34 秒
2026-01-05 22:47:07,202 - INFO - 将种子集 写入位置: /root/pythonspace/data-test/network.netfacebookego/2026-1-6-[100,700,700]/seeds-with-network.netfacebookego/random_importance_sort_seedNum-100_SSRNum-100000.txt
2026-01-05 22:47:07,203 - INFO - 首次生成种子集 ris_coverage
2026-01-05 22:47:07,203 - INFO - 执行当前算法开始: ris_coverage
2026-01-05 22:47:07,259 - INFO - 图初始化完成，节点数: 2888，CSR 矩阵准备就绪。
2026-01-05 22:47:07,259 - INFO - 
开始生成 100000 组 SSR (并行进程: 8)...
2026-01-05 22:47:17,587 - INFO - 生成完毕。耗时: 10.33 秒。
2026-01-05 22:47:17,588 - INFO - 
开始选择最优种子 (Optimized Greedy) ...
2026-01-05 22:47:21,319 - INFO -   - 券 1/100 选中节点 2338, 新增覆盖 18
2026-01-05 22:47:21,327 - INFO -   - 券 2/100 选中节点 2636, 新增覆盖 15
2026-01-05 22:47:21,337 - INFO -   - 券 3/100 选中节点 1592, 新增覆盖 15
2026-01-05 22:47:21,351 - INFO -   - 券 4/100 选中节点 2682, 新增覆盖 17
2026-01-05 22:47:21,367 - INFO -   - 券 5/100 选中节点 2586, 新增覆盖 14
2026-01-05 22:47:21,387 - INFO -   - 券 6/100 选中节点 1174, 新增覆盖 14
2026-01-05 22:47:21,409 - INFO -   - 券 7/100 选中节点 2768, 新增覆盖 17
2026-01-05 22:47:21,435 - INFO -   - 券 8/100 选中节点 10, 新增覆盖 17
2026-01-05 22:47:21,463 - INFO -   - 券 9/100 选中节点 1323, 新增覆盖 15
2026-01-05 22:47:21,495 - INFO -   - 券 10/100 选中节点 2434, 新增覆盖 16
2026-01-05 22:47:21,529 - INFO -   - 券 11/100 选中节点 2249, 新增覆盖 15
2026-01-05 22:47:21,565 - INFO -   - 券 12/100 选中节点 90, 新增覆盖 16
2026-01-05 22:47:21,603 - INFO -   - 券 13/100 选中节点 1664, 新增覆盖 17
2026-01-05 22:47:21,642 - INFO -   - 券 14/100 选中节点 2233, 新增覆盖 17
2026-01-05 22:47:21,687 - INFO -   - 券 15/100 选中节点 1649, 新增覆盖 15
2026-01-05 22:47:21,736 - INFO -   - 券 16/100 选中节点 2367, 新增覆盖 13
2026-01-05 22:47:21,789 - INFO -   - 券 17/100 选中节点 97, 新增覆盖 19
2026-01-05 22:47:21,845 - INFO -   - 券 18/100 选中节点 2242, 新增覆盖 16
2026-01-05 22:47:21,904 - INFO -   - 券 19/100 选中节点 2700, 新增覆盖 15
2026-01-05 22:47:21,966 - INFO -   - 券 20/100 选中节点 1093, 新增覆盖 13
2026-01-05 22:47:22,031 - INFO -   - 券 21/100 选中节点 622, 新增覆盖 19
2026-01-05 22:47:22,100 - INFO -   - 券 22/100 选中节点 2138, 新增覆盖 16
2026-01-05 22:47:22,173 - INFO -   - 券 23/100 选中节点 2585, 新增覆盖 12
2026-01-05 22:47:22,246 - INFO -   - 券 24/100 选中节点 2871, 新增覆盖 16
2026-01-05 22:47:22,330 - INFO -   - 券 25/100 选中节点 2536, 新增覆盖 14
2026-01-05 22:47:22,411 - INFO -   - 券 26/100 选中节点 1107, 新增覆盖 14
2026-01-05 22:47:22,503 - INFO -   - 券 27/100 选中节点 2800, 新增覆盖 16
2026-01-05 22:47:22,596 - INFO -   - 券 28/100 选中节点 1773, 新增覆盖 13
2026-01-05 22:47:22,689 - INFO -   - 券 29/100 选中节点 2593, 新增覆盖 14
2026-01-05 22:47:22,782 - INFO -   - 券 30/100 选中节点 233, 新增覆盖 14
2026-01-05 22:47:22,885 - INFO -   - 券 31/100 选中节点 50, 新增覆盖 18
2026-01-05 22:47:22,990 - INFO -   - 券 32/100 选中节点 1600, 新增覆盖 16
2026-01-05 22:47:23,085 - INFO -   - 券 33/100 选中节点 2873, 新增覆盖 15
2026-01-05 22:47:23,188 - INFO -   - 券 34/100 选中节点 953, 新增覆盖 14
2026-01-05 22:47:23,308 - INFO -   - 券 35/100 选中节点 541, 新增覆盖 14
2026-01-05 22:47:23,418 - INFO -   - 券 36/100 选中节点 2385, 新增覆盖 13
2026-01-05 22:47:23,550 - INFO -   - 券 37/100 选中节点 2443, 新增覆盖 14
2026-01-05 22:47:23,663 - INFO -   - 券 38/100 选中节点 2740, 新增覆盖 16
2026-01-05 22:47:23,801 - INFO -   - 券 39/100 选中节点 2004, 新增覆盖 15
2026-01-05 22:47:23,936 - INFO -   - 券 40/100 选中节点 2425, 新增覆盖 17
2026-01-05 22:47:24,077 - INFO -   - 券 41/100 选中节点 1820, 新增覆盖 12
2026-01-05 22:47:24,230 - INFO -   - 券 42/100 选中节点 27, 新增覆盖 14
2026-01-05 22:47:24,371 - INFO -   - 券 43/100 选中节点 2369, 新增覆盖 16
2026-01-05 22:47:24,507 - INFO -   - 券 44/100 选中节点 498, 新增覆盖 16
2026-01-05 22:47:24,653 - INFO -   - 券 45/100 选中节点 1838, 新增覆盖 15
2026-01-05 22:47:24,799 - INFO -   - 券 46/100 选中节点 2751, 新增覆盖 15
2026-01-05 22:47:24,953 - INFO -   - 券 47/100 选中节点 2114, 新增覆盖 15
2026-01-05 22:47:25,112 - INFO -   - 券 48/100 选中节点 389, 新增覆盖 16
2026-01-05 22:47:25,276 - INFO -   - 券 49/100 选中节点 2675, 新增覆盖 14
2026-01-05 22:47:25,432 - INFO -   - 券 50/100 选中节点 53, 新增覆盖 13
2026-01-05 22:47:25,607 - INFO -   - 券 51/100 选中节点 576, 新增覆盖 13
2026-01-05 22:47:25,774 - INFO -   - 券 52/100 选中节点 1672, 新增覆盖 19
2026-01-05 22:47:25,946 - INFO -   - 券 53/100 选中节点 2796, 新增覆盖 18
2026-01-05 22:47:26,125 - INFO -   - 券 54/100 选中节点 2562, 新增覆盖 15
2026-01-05 22:47:26,305 - INFO -   - 券 55/100 选中节点 334, 新增覆盖 17
2026-01-05 22:47:26,499 - INFO -   - 券 56/100 选中节点 1188, 新增覆盖 13
2026-01-05 22:47:26,681 - INFO -   - 券 57/100 选中节点 912, 新增覆盖 15
2026-01-05 22:47:26,859 - INFO -   - 券 58/100 选中节点 333, 新增覆盖 13
2026-01-05 22:47:27,057 - INFO -   - 券 59/100 选中节点 1758, 新增覆盖 16
2026-01-05 22:47:27,261 - INFO -   - 券 60/100 选中节点 1986, 新增覆盖 12
2026-01-05 22:47:27,462 - INFO -   - 券 61/100 选中节点 2442, 新增覆盖 14
2026-01-05 22:47:27,657 - INFO -   - 券 62/100 选中节点 2587, 新增覆盖 14
2026-01-05 22:47:27,864 - INFO -   - 券 63/100 选中节点 207, 新增覆盖 13
2026-01-05 22:47:28,080 - INFO -   - 券 64/100 选中节点 2875, 新增覆盖 13
2026-01-05 22:47:28,296 - INFO -   - 券 65/100 选中节点 509, 新增覆盖 15
2026-01-05 22:47:28,487 - INFO -   - 券 66/100 选中节点 2555, 新增覆盖 14
2026-01-05 22:47:28,715 - INFO -   - 券 67/100 选中节点 1665, 新增覆盖 15
2026-01-05 22:47:28,928 - INFO -   - 券 68/100 选中节点 790, 新增覆盖 15
2026-01-05 22:47:29,143 - INFO -   - 券 69/100 选中节点 778, 新增覆盖 13
2026-01-05 22:47:29,365 - INFO -   - 券 70/100 选中节点 1230, 新增覆盖 13
2026-01-05 22:47:29,596 - INFO -   - 券 71/100 选中节点 2812, 新增覆盖 16
2026-01-05 22:47:29,828 - INFO -   - 券 72/100 选中节点 2430, 新增覆盖 16
2026-01-05 22:47:30,070 - INFO -   - 券 73/100 选中节点 89, 新增覆盖 13
2026-01-05 22:47:30,305 - INFO -   - 券 74/100 选中节点 2283, 新增覆盖 13
2026-01-05 22:47:30,543 - INFO -   - 券 75/100 选中节点 1918, 新增覆盖 16
2026-01-05 22:47:30,779 - INFO -   - 券 76/100 选中节点 291, 新增覆盖 13
2026-01-05 22:47:31,020 - INFO -   - 券 77/100 选中节点 12, 新增覆盖 14
2026-01-05 22:47:31,267 - INFO -   - 券 78/100 选中节点 2454, 新增覆盖 13
2026-01-05 22:47:31,520 - INFO -   - 券 79/100 选中节点 1245, 新增覆盖 13
2026-01-05 22:47:31,773 - INFO -   - 券 80/100 选中节点 1219, 新增覆盖 18
2026-01-05 22:47:32,029 - INFO -   - 券 81/100 选中节点 2296, 新增覆盖 13
2026-01-05 22:47:32,297 - INFO -   - 券 82/100 选中节点 1195, 新增覆盖 15
2026-01-05 22:47:32,562 - INFO -   - 券 83/100 选中节点 2426, 新增覆盖 15
2026-01-05 22:47:32,827 - INFO -   - 券 84/100 选中节点 159, 新增覆盖 12
2026-01-05 22:47:33,093 - INFO -   - 券 85/100 选中节点 945, 新增覆盖 17
2026-01-05 22:47:33,365 - INFO -   - 券 86/100 选中节点 2644, 新增覆盖 13
2026-01-05 22:47:33,629 - INFO -   - 券 87/100 选中节点 61, 新增覆盖 14
2026-01-05 22:47:33,904 - INFO -   - 券 88/100 选中节点 2257, 新增覆盖 12
2026-01-05 22:47:34,180 - INFO -   - 券 89/100 选中节点 2840, 新增覆盖 16
2026-01-05 22:47:34,467 - INFO -   - 券 90/100 选中节点 958, 新增覆盖 14
2026-01-05 22:47:34,753 - INFO -   - 券 91/100 选中节点 2130, 新增覆盖 16
2026-01-05 22:47:35,041 - INFO -   - 券 92/100 选中节点 1531, 新增覆盖 13
2026-01-05 22:47:35,329 - INFO -   - 券 93/100 选中节点 213, 新增覆盖 15
2026-01-05 22:47:35,617 - INFO -   - 券 94/100 选中节点 2603, 新增覆盖 14
2026-01-05 22:47:35,909 - INFO -   - 券 95/100 选中节点 2766, 新增覆盖 13
2026-01-05 22:47:36,202 - INFO -   - 券 96/100 选中节点 1720, 新增覆盖 14
2026-01-05 22:47:36,495 - INFO -   - 券 97/100 选中节点 2833, 新增覆盖 12
2026-01-05 22:47:36,793 - INFO -   - 券 98/100 选中节点 2151, 新增覆盖 15
2026-01-05 22:47:37,091 - INFO -   - 券 99/100 选中节点 2227, 新增覆盖 14
2026-01-05 22:47:37,394 - INFO -   - 券 100/100 选中节点 1707, 新增覆盖 12
2026-01-05 22:47:37,394 - INFO - 选种完毕。耗时: 19.81 秒。
2026-01-05 22:47:37,498 - INFO - 最终选择的种子集: [2338, 2636, 1592, 2682, 2586, 1174, 2768, 10, 1323, 2434, 2249, 90, 1664, 2233, 1649, 2367, 97, 2242, 2700, 1093, 622, 2138, 2585, 2871, 2536, 1107, 2800, 1773, 2593, 233, 50, 1600, 2873, 953, 541, 2385, 2443, 2740, 2004, 2425, 1820, 27, 2369, 498, 1838, 2751, 2114, 389, 2675, 53, 576, 1672, 2796, 2562, 334, 1188, 912, 333, 1758, 1986, 2442, 2587, 207, 2875, 509, 2555, 1665, 790, 778, 1230, 2812, 2430, 89, 2283, 1918, 291, 12, 2454, 1245, 1219, 2296, 1195, 2426, 159, 945, 2644, 61, 2257, 2840, 958, 2130, 1531, 213, 2603, 2766, 1720, 2833, 2151, 2227, 1707]

2026-01-05 22:47:38,082 - INFO - 当前用时 30.88 秒
2026-01-05 22:47:38,082 - INFO - 将种子集 写入位置: /root/pythonspace/data-test/network.netfacebookego/2026-1-6-[100,700,700]/seeds-with-network.netfacebookego/random_ris_coverage_seedNum-100_SSRNum-100000.txt
2026-01-05 22:47:38,083 - INFO - 评估种子集: None
2026-01-05 22:47:38,083 - INFO - 多进程评估开始，共有 6 个方法待评估...
2026-01-05 22:47:38,083 - INFO - 启动进程池，Worker数量: 6
2026-01-05 22:47:38,361 - INFO - [Process 10575] 开始评估方法: random, 种子数: 100
2026-01-05 22:47:38,469 - INFO - [Process 10576] 开始评估方法: degreeTopM, 种子数: 100
2026-01-05 22:47:38,583 - INFO - [Process 10577] 开始评估方法: pageRank, 种子数: 100
2026-01-05 22:47:38,699 - INFO - [Process 10578] 开始评估方法: alpha_sort, 种子数: 100
2026-01-05 22:47:38,809 - INFO - [Process 10579] 开始评估方法: importance_sort, 种子数: 100
2026-01-05 22:47:38,905 - INFO - [Process 10580] 开始评估方法: ris_coverage, 种子数: 100
2026-01-05 22:47:42,407 - INFO - [Process 10579] importance_sort - 1000 sims 完成: E=9.97
2026-01-05 22:47:43,077 - INFO - [Process 10580] ris_coverage - 1000 sims 完成: E=11.84
2026-01-05 22:47:43,303 - INFO - [Process 10577] pageRank - 1000 sims 完成: E=11.27
2026-01-05 22:47:43,493 - INFO - [Process 10575] random - 1000 sims 完成: E=11.30
2026-01-05 22:47:43,519 - INFO - [Process 10576] degreeTopM - 1000 sims 完成: E=11.22
2026-01-05 22:47:43,727 - INFO - [Process 10578] alpha_sort - 1000 sims 完成: E=12.51
2026-01-05 22:47:43,746 - INFO - 所有进程执行完毕，开始写入数据...
2026-01-05 22:47:43,749 - INFO - 成功写入 6 条记录至 /root/pythonspace/data-test/network.netfacebookego/2026-1-6-[100,700,700]/E-activated-network.netfacebookego/distribution-random/simuTimes-1000_random-dirichlet-[100, 700, 700]_rrNumSamples-100000.csv
2026-01-05 22:47:43,750 - INFO - 保存评估文件至: /root/pythonspace/data-test/network.netfacebookego/2026-1-6-[100,700,700]/E-activated-network.netfacebookego/distribution-random/simuTimes-1000_random-dirichlet-[100, 700, 700]_rrNumSamples-100000.csv
