2026-01-07 16:46:58,124 - INFO - 加载数据集: network.netfacebookego
2026-01-07 16:46:58,125 - INFO - --- 矩阵分析 ---
2026-01-07 16:46:58,125 - INFO - 节点数 (N): 2888
2026-01-07 16:46:58,125 - INFO - 边数 (E): 5962
2026-01-07 16:46:58,125 - INFO - 密度 (Density): 0.00071482 (越小越稀疏)
2026-01-07 16:46:58,125 - INFO - 稀疏度 (Sparsity): 0.99928518 (越接近1越稀疏)
2026-01-07 16:46:58,125 - INFO - 平均度数 (Avg Degree): 2.06
2026-01-07 16:46:58,126 - INFO - 首次生成度相关概率分布 分布类型: 'random'.
2026-01-07 16:46:58,126 - INFO - ===> Generating 'Dirichlet' with Degree Bias...
2026-01-07 16:46:58,127 - INFO -      Alpha: [700, 100, 200]
2026-01-07 16:46:58,127 - INFO -      Factors -> Succ: 0.8, Dis: -0.3, Tran: -0.5
2026-01-07 16:46:58,128 - INFO - --- check node (Max Degree=769.0) ---
2026-01-07 16:46:58,128 - INFO -     Base Prob: [0.69184475 0.09574098 0.21241428]
2026-01-07 16:46:58,128 - INFO -     Final Prob: Succ=0.9999, Dis=0.0001, Tran=0.0001
2026-01-07 16:46:58,129 - INFO - 保存概率分布 文件位置: /root/pythonspace/data-test/network.netfacebookego/2026-1-9-new/distribution-in-network.netfacebookego/distribution-random_seedNum-100.pkl
2026-01-07 16:46:58,141 - INFO - 首次生成种子集 random
2026-01-07 16:46:58,141 - INFO - 执行当前算法开始: random
2026-01-07 16:46:58,141 - INFO - 数据集节点总数:  n = 2888, m = 100
2026-01-07 16:46:58,141 - INFO - 选择 100  [1784, 2242, 1511, 726, 2017, 1710, 2700, 1142, 1768, 1433, 1379, 2641, 958, 51, 2333, 605, 1041, 1968, 2390, 2586, 1133, 2426, 2094, 934, 2397, 66, 2012, 524, 569, 1096, 1272, 40, 183, 626, 949, 2243, 1166, 710, 589, 362, 810, 2724, 2389, 237, 1223, 2047, 1026, 2658, 492, 2164, 402, 916, 576, 2740, 465, 221, 1904, 1313, 1038, 1347, 83, 1922, 1931, 550, 485, 1765, 1683, 1727, 1487, 2409, 1832, 549, 2418, 850, 1572, 1197, 2340, 2414, 2061, 928, 1348, 2585, 10, 988, 1125, 1087, 2617, 2642, 1719, 2758, 305, 478, 522, 1408, 1888, 2504, 1416, 1702, 2708, 2009]

2026-01-07 16:46:58,141 - INFO - 当前用时 0.00 秒
2026-01-07 16:46:58,141 - INFO - 将种子集 写入位置: /root/pythonspace/data-test/network.netfacebookego/2026-1-9-new/seeds-with-network.netfacebookego/random_random_seedNum-100_SSRNum-100000.txt
2026-01-07 16:46:58,141 - INFO - 首次生成种子集 degreeTopM
2026-01-07 16:46:58,142 - INFO - 执行当前算法开始: degreeTopM
2026-01-07 16:46:58,142 - INFO - 依据: 选择连接数（度数）最多的节点。
2026-01-07 16:46:58,142 - INFO - 选择的 Top M 节点及其度数:
2026-01-07 16:46:58,142 - INFO - 
2026-01-07 16:46:58,142 - INFO - 当前用时 0.00 秒
2026-01-07 16:46:58,142 - INFO - 将种子集 写入位置: /root/pythonspace/data-test/network.netfacebookego/2026-1-9-new/seeds-with-network.netfacebookego/random_degreeTopM_seedNum-100_SSRNum-100000.txt
2026-01-07 16:46:58,143 - INFO - 首次生成种子集 pageRank
2026-01-07 16:46:58,143 - INFO - 执行当前算法开始: pageRank
2026-01-07 16:46:58,143 - INFO - --- Running: PageRank (on tranProMatrix) Top M ---
2026-01-07 16:46:58,288 - INFO - Selected PageRank seeds: [602, 1524, 287, 0, 709, 2686, 713, 2231, 2535, 2698, 246, 715, 718, 70, 710, 719, 34, 68, 334, 468, 492, 509, 525, 583, 593, 623, 638, 763, 89, 216, 2593, 711, 712, 714, 716, 717, 1523, 720, 721, 2697, 2708, 2713, 2719, 2729, 2745, 2747, 2753, 2772, 2774, 2776, 2800, 2803, 2804, 2805, 2810, 2823, 2825, 2828, 2830, 2840, 2856, 2347, 2350, 2351, 2353, 2355, 2365, 2368, 2369, 2374, 2385, 2393, 2394, 2398, 2401, 2404, 2406, 2408, 2430, 2433, 2443, 2451, 2460, 2464, 2468, 2474, 2481, 2482, 2483, 2491, 2508, 2510, 2517, 2520, 2522, 2523, 2525, 2529, 2536, 2537]
2026-01-07 16:46:58,289 - INFO - 当前用时 0.15 秒
2026-01-07 16:46:58,290 - INFO - 将种子集 写入位置: /root/pythonspace/data-test/network.netfacebookego/2026-1-9-new/seeds-with-network.netfacebookego/random_pageRank_seedNum-100_SSRNum-100000.txt
2026-01-07 16:46:58,290 - INFO - 首次生成种子集 alpha_sort
2026-01-07 16:46:58,290 - INFO - 执行当前算法开始: alpha_sort
2026-01-07 16:46:58,292 - INFO - 2888 个节点的alpha值降序排序 done
2026-01-07 16:46:58,292 - INFO - ==============>> [(602, 0.9998532703280804), (1524, 0.9998356765913405), (287, 0.9997595528652551), (0, 0.9995133471388169), (709, 0.9993820920988921), (2686, 0.9991237389326385), (713, 0.9989713849641819), (2231, 0.9984542805384423), (2535, 0.9967712019723118), (2698, 0.9964585466296463)]
2026-01-07 16:46:58,292 - INFO - 
选择的种子集 (按alpha排序): [602, 1524, 287, 0, 709, 2686, 713, 2231, 2535, 2698, 715, 246, 718, 70, 719, 710, 716, 712, 2393, 2522, 2365, 623, 638, 2800, 2451, 720, 2810, 2385, 2753, 2745, 2697, 2523, 2529, 721, 525, 2369, 714, 89, 2351, 763, 2464, 717, 334, 2468, 34, 2803, 1523, 583, 2823, 2347, 2508, 468, 509, 2830, 2708, 2398, 2825, 2772, 2517, 2355, 2520, 2404, 2401, 2510, 2483, 2713, 2525, 2747, 711, 2805, 2408, 2804, 2729, 2828, 2474, 2394, 216, 593, 2368, 2430, 2460, 2491, 2433, 492, 2406, 2840, 2856, 2443, 2353, 2593, 2481, 2776, 2719, 2482, 2374, 2350, 2774, 68, 1158, 474]

2026-01-07 16:46:58,292 - INFO - 当前用时 0.00 秒
2026-01-07 16:46:58,292 - INFO - 将种子集 写入位置: /root/pythonspace/data-test/network.netfacebookego/2026-1-9-new/seeds-with-network.netfacebookego/random_alpha_sort_seedNum-100_SSRNum-100000.txt
2026-01-07 16:46:58,292 - INFO - 首次生成种子集 ris_coverage
2026-01-07 16:46:58,292 - INFO - 执行当前算法开始: ris_coverage
2026-01-07 16:46:58,375 - INFO - 图初始化完成，节点数: 2888，CSR 矩阵准备就绪。
2026-01-07 16:46:58,375 - INFO - 
开始生成 100000 组 SSR (并行进程: 8)...
2026-01-07 16:47:30,806 - INFO - 生成完毕。耗时: 32.43 秒。
2026-01-07 16:47:30,808 - INFO - 
开始选择最优种子 (Optimized Greedy) ...
2026-01-07 16:47:57,104 - INFO -   - 券 1/100 选中节点 2647, 新增覆盖 123
2026-01-07 16:47:57,123 - INFO -   - 券 2/100 选中节点 349, 新增覆盖 125
2026-01-07 16:47:57,142 - INFO -   - 券 3/100 选中节点 2253, 新增覆盖 122
2026-01-07 16:47:57,162 - INFO -   - 券 4/100 选中节点 1181, 新增覆盖 122
2026-01-07 16:47:57,190 - INFO -   - 券 5/100 选中节点 2860, 新增覆盖 115
2026-01-07 16:47:57,215 - INFO -   - 券 6/100 选中节点 2364, 新增覆盖 110
2026-01-07 16:47:57,238 - INFO -   - 券 7/100 选中节点 2559, 新增覆盖 104
2026-01-07 16:47:57,262 - INFO -   - 券 8/100 选中节点 2773, 新增覆盖 106
2026-01-07 16:47:57,291 - INFO -   - 券 9/100 选中节点 2099, 新增覆盖 117
2026-01-07 16:47:57,315 - INFO -   - 券 10/100 选中节点 182, 新增覆盖 102
2026-01-07 16:47:57,346 - INFO -   - 券 11/100 选中节点 716, 新增覆盖 86
2026-01-07 16:47:57,375 - INFO -   - 券 12/100 选中节点 1763, 新增覆盖 91
2026-01-07 16:47:57,404 - INFO -   - 券 13/100 选中节点 195, 新增覆盖 81
2026-01-07 16:47:57,432 - INFO -   - 券 14/100 选中节点 2705, 新增覆盖 84
2026-01-07 16:47:57,463 - INFO -   - 券 15/100 选中节点 68, 新增覆盖 86
2026-01-07 16:47:57,497 - INFO -   - 券 16/100 选中节点 1391, 新增覆盖 86
2026-01-07 16:47:57,533 - INFO -   - 券 17/100 选中节点 1472, 新增覆盖 80
2026-01-07 16:47:57,566 - INFO -   - 券 18/100 选中节点 2870, 新增覆盖 81
2026-01-07 16:47:57,601 - INFO -   - 券 19/100 选中节点 2582, 新增覆盖 81
2026-01-07 16:47:57,631 - INFO -   - 券 20/100 选中节点 2256, 新增覆盖 90
2026-01-07 16:47:57,675 - INFO -   - 券 21/100 选中节点 2116, 新增覆盖 85
2026-01-07 16:47:57,712 - INFO -   - 券 22/100 选中节点 288, 新增覆盖 78
2026-01-07 16:47:57,752 - INFO -   - 券 23/100 选中节点 603, 新增覆盖 88
2026-01-07 16:47:57,800 - INFO -   - 券 24/100 选中节点 948, 新增覆盖 84
2026-01-07 16:47:57,842 - INFO -   - 券 25/100 选中节点 2020, 新增覆盖 86
2026-01-07 16:47:57,890 - INFO -   - 券 26/100 选中节点 2830, 新增覆盖 88
2026-01-07 16:47:57,945 - INFO -   - 券 27/100 选中节点 593, 新增覆盖 80
2026-01-07 16:47:57,997 - INFO -   - 券 28/100 选中节点 815, 新增覆盖 80
2026-01-07 16:47:58,047 - INFO -   - 券 29/100 选中节点 2670, 新增覆盖 85
2026-01-07 16:47:58,104 - INFO -   - 券 30/100 选中节点 1746, 新增覆盖 79
2026-01-07 16:47:58,166 - INFO -   - 券 31/100 选中节点 2507, 新增覆盖 85
2026-01-07 16:47:58,220 - INFO -   - 券 32/100 选中节点 2833, 新增覆盖 88
2026-01-07 16:47:58,276 - INFO -   - 券 33/100 选中节点 2644, 新增覆盖 82
2026-01-07 16:47:58,333 - INFO -   - 券 34/100 选中节点 57, 新增覆盖 87
2026-01-07 16:47:58,389 - INFO -   - 券 35/100 选中节点 2789, 新增覆盖 82
2026-01-07 16:47:58,448 - INFO -   - 券 36/100 选中节点 1160, 新增覆盖 81
2026-01-07 16:47:58,501 - INFO -   - 券 37/100 选中节点 1514, 新增覆盖 84
2026-01-07 16:47:58,571 - INFO -   - 券 38/100 选中节点 897, 新增覆盖 74
2026-01-07 16:47:58,645 - INFO -   - 券 39/100 选中节点 2302, 新增覆盖 88
2026-01-07 16:47:58,711 - INFO -   - 券 40/100 选中节点 2407, 新增覆盖 93
2026-01-07 16:47:58,781 - INFO -   - 券 41/100 选中节点 2197, 新增覆盖 81
2026-01-07 16:47:58,856 - INFO -   - 券 42/100 选中节点 410, 新增覆盖 80
2026-01-07 16:47:58,935 - INFO -   - 券 43/100 选中节点 2649, 新增覆盖 91
2026-01-07 16:47:59,000 - INFO -   - 券 44/100 选中节点 448, 新增覆盖 76
2026-01-07 16:47:59,062 - INFO -   - 券 45/100 选中节点 1471, 新增覆盖 87
2026-01-07 16:47:59,134 - INFO -   - 券 46/100 选中节点 450, 新增覆盖 79
2026-01-07 16:47:59,225 - INFO -   - 券 47/100 选中节点 231, 新增覆盖 79
2026-01-07 16:47:59,303 - INFO -   - 券 48/100 选中节点 468, 新增覆盖 85
2026-01-07 16:47:59,376 - INFO -   - 券 49/100 选中节点 710, 新增覆盖 83
2026-01-07 16:47:59,457 - INFO -   - 券 50/100 选中节点 1838, 新增覆盖 83
2026-01-07 16:47:59,536 - INFO -   - 券 51/100 选中节点 246, 新增覆盖 83
2026-01-07 16:47:59,625 - INFO -   - 券 52/100 选中节点 2338, 新增覆盖 81
2026-01-07 16:47:59,709 - INFO -   - 券 53/100 选中节点 2485, 新增覆盖 82
2026-01-07 16:47:59,799 - INFO -   - 券 54/100 选中节点 2459, 新增覆盖 79
2026-01-07 16:47:59,894 - INFO -   - 券 55/100 选中节点 662, 新增覆盖 77
2026-01-07 16:47:59,987 - INFO -   - 券 56/100 选中节点 196, 新增覆盖 79
2026-01-07 16:48:00,071 - INFO -   - 券 57/100 选中节点 1830, 新增覆盖 79
2026-01-07 16:48:00,169 - INFO -   - 券 58/100 选中节点 2454, 新增覆盖 78
2026-01-07 16:48:00,266 - INFO -   - 券 59/100 选中节点 2384, 新增覆盖 76
2026-01-07 16:48:00,362 - INFO -   - 券 60/100 选中节点 2355, 新增覆盖 82
2026-01-07 16:48:00,451 - INFO -   - 券 61/100 选中节点 409, 新增覆盖 79
2026-01-07 16:48:00,540 - INFO -   - 券 62/100 选中节点 2312, 新增覆盖 76
2026-01-07 16:48:00,624 - INFO -   - 券 63/100 选中节点 436, 新增覆盖 82
2026-01-07 16:48:00,714 - INFO -   - 券 64/100 选中节点 953, 新增覆盖 77
2026-01-07 16:48:00,811 - INFO -   - 券 65/100 选中节点 2580, 新增覆盖 81
2026-01-07 16:48:00,932 - INFO -   - 券 66/100 选中节点 2752, 新增覆盖 79
2026-01-07 16:48:01,043 - INFO -   - 券 67/100 选中节点 515, 新增覆盖 73
2026-01-07 16:48:01,148 - INFO -   - 券 68/100 选中节点 2390, 新增覆盖 80
2026-01-07 16:48:01,257 - INFO -   - 券 69/100 选中节点 876, 新增覆盖 77
2026-01-07 16:48:01,378 - INFO -   - 券 70/100 选中节点 2595, 新增覆盖 83
2026-01-07 16:48:01,529 - INFO -   - 券 71/100 选中节点 179, 新增覆盖 78
2026-01-07 16:48:01,646 - INFO -   - 券 72/100 选中节点 1009, 新增覆盖 78
2026-01-07 16:48:01,762 - INFO -   - 券 73/100 选中节点 1805, 新增覆盖 72
2026-01-07 16:48:01,874 - INFO -   - 券 74/100 选中节点 1031, 新增覆盖 80
2026-01-07 16:48:02,000 - INFO -   - 券 75/100 选中节点 1544, 新增覆盖 78
2026-01-07 16:48:02,125 - INFO -   - 券 76/100 选中节点 752, 新增覆盖 72
2026-01-07 16:48:02,249 - INFO -   - 券 77/100 选中节点 1523, 新增覆盖 81
2026-01-07 16:48:02,375 - INFO -   - 券 78/100 选中节点 2101, 新增覆盖 81
2026-01-07 16:48:02,496 - INFO -   - 券 79/100 选中节点 1866, 新增覆盖 76
2026-01-07 16:48:02,624 - INFO -   - 券 80/100 选中节点 321, 新增覆盖 83
2026-01-07 16:48:02,752 - INFO -   - 券 81/100 选中节点 2849, 新增覆盖 80
2026-01-07 16:48:02,876 - INFO -   - 券 82/100 选中节点 2497, 新增覆盖 79
2026-01-07 16:48:03,017 - INFO -   - 券 83/100 选中节点 770, 新增覆盖 77
2026-01-07 16:48:03,158 - INFO -   - 券 84/100 选中节点 2761, 新增覆盖 76
2026-01-07 16:48:03,291 - INFO -   - 券 85/100 选中节点 717, 新增覆盖 76
2026-01-07 16:48:03,450 - INFO -   - 券 86/100 选中节点 2350, 新增覆盖 74
2026-01-07 16:48:03,596 - INFO -   - 券 87/100 选中节点 919, 新增覆盖 80
2026-01-07 16:48:03,723 - INFO -   - 券 88/100 选中节点 2554, 新增覆盖 84
2026-01-07 16:48:03,863 - INFO -   - 券 89/100 选中节点 2219, 新增覆盖 75
2026-01-07 16:48:04,010 - INFO -   - 券 90/100 选中节点 2881, 新增覆盖 73
2026-01-07 16:48:04,154 - INFO -   - 券 91/100 选中节点 2107, 新增覆盖 75
2026-01-07 16:48:04,304 - INFO -   - 券 92/100 选中节点 1892, 新增覆盖 74
2026-01-07 16:48:04,454 - INFO -   - 券 93/100 选中节点 2822, 新增覆盖 77
2026-01-07 16:48:04,602 - INFO -   - 券 94/100 选中节点 1625, 新增覆盖 81
2026-01-07 16:48:04,742 - INFO -   - 券 95/100 选中节点 1048, 新增覆盖 76
2026-01-07 16:48:04,894 - INFO -   - 券 96/100 选中节点 128, 新增覆盖 79
2026-01-07 16:48:05,048 - INFO -   - 券 97/100 选中节点 1761, 新增覆盖 73
2026-01-07 16:48:05,203 - INFO -   - 券 98/100 选中节点 481, 新增覆盖 74
2026-01-07 16:48:05,347 - INFO -   - 券 99/100 选中节点 1854, 新增覆盖 78
2026-01-07 16:48:05,500 - INFO -   - 券 100/100 选中节点 1111, 新增覆盖 80
2026-01-07 16:48:05,501 - INFO - 选种完毕。耗时: 34.69 秒。
2026-01-07 16:48:06,333 - INFO - 最终选择的种子集: [2647, 349, 2253, 1181, 2860, 2364, 2559, 2773, 2099, 182, 716, 1763, 195, 2705, 68, 1391, 1472, 2870, 2582, 2256, 2116, 288, 603, 948, 2020, 2830, 593, 815, 2670, 1746, 2507, 2833, 2644, 57, 2789, 1160, 1514, 897, 2302, 2407, 2197, 410, 2649, 448, 1471, 450, 231, 468, 710, 1838, 246, 2338, 2485, 2459, 662, 196, 1830, 2454, 2384, 2355, 409, 2312, 436, 953, 2580, 2752, 515, 2390, 876, 2595, 179, 1009, 1805, 1031, 1544, 752, 1523, 2101, 1866, 321, 2849, 2497, 770, 2761, 717, 2350, 919, 2554, 2219, 2881, 2107, 1892, 2822, 1625, 1048, 128, 1761, 481, 1854, 1111]

2026-01-07 16:48:07,797 - INFO - 当前用时 69.50 秒
2026-01-07 16:48:07,798 - INFO - 将种子集 写入位置: /root/pythonspace/data-test/network.netfacebookego/2026-1-9-new/seeds-with-network.netfacebookego/random_ris_coverage_seedNum-100_SSRNum-100000.txt
2026-01-07 16:48:07,798 - INFO - 首次生成种子集 monterCarlo_CELF
2026-01-07 16:48:07,798 - INFO - 执行当前算法开始: monterCarlo_CELF
2026-01-07 16:48:07,798 - INFO - --- Running: CELF Greedy Monte Carlo (Sims=300) ---
2026-01-07 16:48:07,798 - INFO - Step 0: 初始化所有节点的边际增益...
2026-01-07 16:48:16,972 - INFO - Seed 1: 0, Spread: 1.00
2026-01-07 16:48:16,975 - INFO - Seed 2: 287, Gain: 1.00, Total: 2.00
2026-01-07 16:48:16,985 - INFO - Seed 3: 713, Gain: 1.00, Total: 3.00
2026-01-07 16:48:16,989 - INFO - Seed 4: 1524, Gain: 1.00, Total: 4.00
2026-01-07 16:48:16,997 - INFO - Seed 5: 2686, Gain: 1.00, Total: 5.00
2026-01-07 16:48:17,001 - INFO - Seed 6: 2698, Gain: 1.00, Total: 6.00
2026-01-07 16:48:17,011 - INFO - Seed 7: 2231, Gain: 1.00, Total: 7.00
2026-01-07 16:48:17,016 - INFO - Seed 8: 709, Gain: 1.00, Total: 8.00
2026-01-07 16:48:17,021 - INFO - Seed 9: 602, Gain: 1.00, Total: 9.00
2026-01-07 16:48:17,027 - INFO - Seed 10: 2535, Gain: 0.99, Total: 9.99
2026-01-07 16:48:21,275 - INFO - Seed 11: 715, Gain: 0.96, Total: 10.95
2026-01-07 16:48:34,283 - INFO - Seed 12: 128, Gain: 0.93, Total: 11.88
2026-01-07 16:48:40,578 - INFO - Seed 13: 2351, Gain: 0.87, Total: 12.75
2026-01-07 16:48:40,775 - INFO - Seed 14: 2747, Gain: 0.89, Total: 13.64
2026-01-07 16:48:41,478 - INFO - Seed 15: 2442, Gain: 0.88, Total: 14.52
2026-01-07 16:48:41,563 - INFO - Seed 16: 959, Gain: 0.87, Total: 15.39
2026-01-07 16:48:42,930 - INFO - Seed 17: 1523, Gain: 0.87, Total: 16.26
2026-01-07 16:48:43,096 - INFO - Seed 18: 2403, Gain: 0.89, Total: 17.14
2026-01-07 16:48:44,686 - INFO - Seed 19: 1821, Gain: 0.88, Total: 18.02
2026-01-07 16:48:46,604 - INFO - Seed 20: 829, Gain: 0.86, Total: 18.88
2026-01-07 16:48:47,888 - INFO - Seed 21: 434, Gain: 0.86, Total: 19.74
2026-01-07 16:48:48,172 - INFO - Seed 22: 46, Gain: 0.86, Total: 20.60
2026-01-07 16:48:48,597 - INFO - Seed 23: 843, Gain: 0.86, Total: 21.46
2026-01-07 16:48:49,542 - INFO - Seed 24: 369, Gain: 0.88, Total: 22.34
2026-01-07 16:48:59,044 - INFO - Seed 25: 265, Gain: 0.85, Total: 23.19
2026-01-07 16:49:01,256 - INFO - Seed 26: 348, Gain: 0.93, Total: 24.12
2026-01-07 16:49:17,434 - INFO - Seed 27: 2419, Gain: 0.82, Total: 24.93
2026-01-07 16:49:23,596 - INFO - Seed 28: 1491, Gain: 0.83, Total: 25.76
2026-01-07 16:49:25,027 - INFO - Seed 29: 2508, Gain: 0.88, Total: 26.64
2026-01-07 16:49:26,015 - INFO - Seed 30: 1267, Gain: 0.80, Total: 27.45
2026-01-07 16:49:26,458 - INFO - Seed 31: 1570, Gain: 0.84, Total: 28.29
2026-01-07 16:49:26,836 - INFO - Seed 32: 85, Gain: 0.81, Total: 29.09
2026-01-07 16:49:27,010 - INFO - Seed 33: 1840, Gain: 0.82, Total: 29.91
2026-01-07 16:49:27,698 - INFO - Seed 34: 714, Gain: 0.82, Total: 30.73
2026-01-07 16:49:27,766 - INFO - Seed 35: 2468, Gain: 0.82, Total: 31.55
2026-01-07 16:49:27,807 - INFO - Seed 36: 1874, Gain: 0.84, Total: 32.39
2026-01-07 16:49:27,886 - INFO - Seed 37: 1374, Gain: 0.94, Total: 33.33
2026-01-07 16:49:27,925 - INFO - Seed 38: 242, Gain: 0.95, Total: 34.28
2026-01-07 16:49:29,719 - INFO - Seed 39: 2353, Gain: 0.81, Total: 35.09
2026-01-07 16:49:29,884 - INFO - Seed 40: 1579, Gain: 0.81, Total: 35.90
2026-01-07 16:49:29,967 - INFO - Seed 41: 1546, Gain: 0.87, Total: 36.77
2026-01-07 16:49:30,185 - INFO - Seed 42: 2868, Gain: 0.82, Total: 37.59
2026-01-07 16:49:30,271 - INFO - Seed 43: 2607, Gain: 0.84, Total: 38.43
2026-01-07 16:49:30,496 - INFO - Seed 44: 2655, Gain: 0.87, Total: 39.30
2026-01-07 16:49:30,539 - INFO - Seed 45: 1370, Gain: 0.79, Total: 40.10
2026-01-07 16:49:30,834 - INFO - Seed 46: 1754, Gain: 0.88, Total: 40.98
2026-01-07 16:49:30,880 - INFO - Seed 47: 1946, Gain: 1.03, Total: 42.01
2026-01-07 16:49:32,503 - INFO - Seed 48: 821, Gain: 0.79, Total: 42.80
2026-01-07 16:49:32,752 - INFO - Seed 49: 2638, Gain: 0.88, Total: 43.68
2026-01-07 16:49:32,970 - INFO - Seed 50: 621, Gain: 0.82, Total: 44.50
2026-01-07 16:49:34,981 - INFO - Seed 51: 2215, Gain: 0.88, Total: 45.37
2026-01-07 16:49:36,396 - INFO - Seed 52: 2870, Gain: 0.84, Total: 46.21
2026-01-07 16:49:36,664 - INFO - Seed 53: 1745, Gain: 0.78, Total: 46.99
2026-01-07 16:49:37,193 - INFO - Seed 54: 1125, Gain: 0.80, Total: 47.79
2026-01-07 16:49:37,711 - INFO - Seed 55: 2572, Gain: 0.83, Total: 48.62
2026-01-07 16:49:38,231 - INFO - Seed 56: 216, Gain: 0.88, Total: 49.50
2026-01-07 16:49:38,292 - INFO - Seed 57: 2772, Gain: 0.89, Total: 50.39
2026-01-07 16:49:38,641 - INFO - Seed 58: 750, Gain: 0.78, Total: 51.17
2026-01-07 16:49:38,701 - INFO - Seed 59: 689, Gain: 0.86, Total: 52.03
2026-01-07 16:49:38,767 - INFO - Seed 60: 508, Gain: 1.03, Total: 53.06
2026-01-07 16:49:38,903 - INFO - Seed 61: 666, Gain: 0.82, Total: 53.87
2026-01-07 16:49:39,236 - INFO - Seed 62: 2369, Gain: 0.80, Total: 54.68
2026-01-07 16:49:39,305 - INFO - Seed 63: 2183, Gain: 0.90, Total: 55.58
2026-01-07 16:49:39,509 - INFO - Seed 64: 2128, Gain: 0.84, Total: 56.42
2026-01-07 16:49:39,716 - INFO - Seed 65: 2074, Gain: 0.82, Total: 57.24
2026-01-07 16:49:40,188 - INFO - Seed 66: 72, Gain: 0.90, Total: 58.14
2026-01-07 16:49:40,255 - INFO - Seed 67: 2436, Gain: 0.83, Total: 58.98
2026-01-07 16:49:40,324 - INFO - Seed 68: 2272, Gain: 0.81, Total: 59.78
2026-01-07 16:49:40,460 - INFO - Seed 69: 456, Gain: 0.90, Total: 60.68
2026-01-07 16:49:40,532 - INFO - Seed 70: 815, Gain: 0.80, Total: 61.48
2026-01-07 16:49:40,690 - INFO - Seed 71: 681, Gain: 0.80, Total: 62.29
2026-01-07 16:49:41,073 - INFO - Seed 72: 1594, Gain: 0.88, Total: 63.17
2026-01-07 16:49:41,146 - INFO - Seed 73: 1632, Gain: 0.90, Total: 64.07
2026-01-07 16:49:41,384 - INFO - Seed 74: 2726, Gain: 0.83, Total: 64.90
2026-01-07 16:49:41,462 - INFO - Seed 75: 578, Gain: 0.79, Total: 65.69
2026-01-07 16:49:41,539 - INFO - Seed 76: 2482, Gain: 1.08, Total: 66.76
2026-01-07 16:49:42,017 - INFO - Seed 77: 1277, Gain: 0.79, Total: 67.55
2026-01-07 16:49:42,095 - INFO - Seed 78: 2837, Gain: 0.78, Total: 68.33
2026-01-07 16:49:42,177 - INFO - Seed 79: 612, Gain: 0.82, Total: 69.15
2026-01-07 16:49:42,265 - INFO - Seed 80: 1599, Gain: 0.81, Total: 69.96
2026-01-07 16:49:42,353 - INFO - Seed 81: 1302, Gain: 0.84, Total: 70.79
2026-01-07 16:49:42,605 - INFO - Seed 82: 2463, Gain: 1.25, Total: 72.04
2026-01-07 16:49:44,562 - INFO - Seed 83: 442, Gain: 0.84, Total: 72.88
2026-01-07 16:49:47,774 - INFO - Seed 84: 2593, Gain: 0.79, Total: 73.68
2026-01-07 16:49:48,310 - INFO - Seed 85: 361, Gain: 0.82, Total: 74.50
2026-01-07 16:49:48,402 - INFO - Seed 86: 70, Gain: 0.77, Total: 75.27
2026-01-07 16:49:48,495 - INFO - Seed 87: 994, Gain: 1.03, Total: 76.30
2026-01-07 16:49:49,758 - INFO - Seed 88: 740, Gain: 0.81, Total: 77.11
2026-01-07 16:49:49,859 - INFO - Seed 89: 541, Gain: 0.93, Total: 78.04
2026-01-07 16:49:50,262 - INFO - Seed 90: 2305, Gain: 0.79, Total: 78.83
2026-01-07 16:49:50,362 - INFO - Seed 91: 1402, Gain: 0.86, Total: 79.69
2026-01-07 16:49:51,069 - INFO - Seed 92: 1993, Gain: 0.87, Total: 80.56
2026-01-07 16:49:51,276 - INFO - Seed 93: 1997, Gain: 0.77, Total: 81.32
2026-01-07 16:49:51,776 - INFO - Seed 94: 374, Gain: 0.80, Total: 82.12
2026-01-07 16:49:52,198 - INFO - Seed 95: 1558, Gain: 0.77, Total: 82.89
2026-01-07 16:49:52,405 - INFO - Seed 96: 2130, Gain: 1.06, Total: 83.95
2026-01-07 16:49:52,511 - INFO - Seed 97: 1086, Gain: 0.90, Total: 84.86
2026-01-07 16:49:54,838 - INFO - Seed 98: 419, Gain: 0.93, Total: 85.78
2026-01-07 16:49:57,289 - INFO - Seed 99: 1223, Gain: 0.76, Total: 86.55
2026-01-07 16:49:57,712 - INFO - Seed 100: 2116, Gain: 0.76, Total: 87.31
2026-01-07 16:49:57,712 - INFO - CELF 完成，总耗时: 109.91s
2026-01-07 16:49:57,712 - INFO - 当前用时 109.91 秒
2026-01-07 16:49:57,712 - INFO - 将种子集 写入位置: /root/pythonspace/data-test/network.netfacebookego/2026-1-9-new/seeds-with-network.netfacebookego/random_monterCarlo_CELF_seedNum-100_SSRNum-100000.txt
2026-01-07 16:49:57,713 - INFO - 评估种子集: None
2026-01-07 16:49:57,713 - INFO - 多进程评估开始，共有 6 个方法待评估...
2026-01-07 16:49:57,713 - INFO - 启动进程池，Worker数量: 6
2026-01-07 16:49:58,207 - INFO - [Process 12291] 开始评估方法: random, 种子数: 100
2026-01-07 16:49:58,399 - INFO - [Process 12292] 开始评估方法: degreeTopM, 种子数: 100
2026-01-07 16:49:58,415 - INFO - [Process 12291] random - 500 sims 完成: E=89.60
2026-01-07 16:49:58,590 - INFO - [Process 12293] 开始评估方法: pageRank, 种子数: 100
2026-01-07 16:49:58,627 - INFO - [Process 12292] degreeTopM - 500 sims 完成: E=91.20
2026-01-07 16:49:58,782 - INFO - [Process 12294] 开始评估方法: alpha_sort, 种子数: 100
2026-01-07 16:49:58,809 - INFO - [Process 12293] pageRank - 500 sims 完成: E=91.22
2026-01-07 16:49:58,972 - INFO - [Process 12295] 开始评估方法: ris_coverage, 种子数: 100
2026-01-07 16:49:59,004 - INFO - [Process 12294] alpha_sort - 500 sims 完成: E=91.25
2026-01-07 16:49:59,164 - INFO - [Process 12296] 开始评估方法: monterCarlo_CELF, 种子数: 100
2026-01-07 16:49:59,294 - INFO - [Process 12295] ris_coverage - 500 sims 完成: E=90.99
2026-01-07 16:49:59,445 - INFO - [Process 12296] monterCarlo_CELF - 500 sims 完成: E=87.22
2026-01-07 16:49:59,496 - INFO - 所有进程执行完毕，开始写入数据...
2026-01-07 16:49:59,511 - INFO - 成功写入 6 条记录至 /root/pythonspace/data-test/network.netfacebookego/2026-1-9-new/E-activated-network.netfacebookego/distribution-random/simuTimes-500_random-dirichlet-[700, 100, 200]_rrNumSamples-100000.csv
2026-01-07 16:49:59,512 - INFO - 保存评估文件至: /root/pythonspace/data-test/network.netfacebookego/2026-1-9-new/E-activated-network.netfacebookego/distribution-random/simuTimes-500_random-dirichlet-[700, 100, 200]_rrNumSamples-100000.csv
