2026-03-09 21:27:59,610 - INFO - 加载数据集: network.netscience
2026-03-09 21:27:59,611 - INFO - --- 矩阵分析 ---
2026-03-09 21:27:59,611 - INFO - 节点数 (N): 379
2026-03-09 21:27:59,611 - INFO - 边数 (E): 1828
2026-03-09 21:27:59,611 - INFO - 密度 (Density): 0.01272617 (越小越稀疏)
2026-03-09 21:27:59,611 - INFO - 稀疏度 (Sparsity): 0.98727383 (越接近1越稀疏)
2026-03-09 21:27:59,611 - INFO - 平均度数 (Avg Degree): 4.82
2026-03-09 21:27:59,611 - INFO - 首次生成度相关概率分布 分布类型: 'tier_based'.
2026-03-09 21:27:59,612 - INFO - ===> Generating 'Tier-based (Percentile)' distributions for Real Graph...
2026-03-09 21:27:59,612 - INFO - 保存概率分布 文件位置: /home/wen/work/coup_spread/network.netscience/2026-3-18/distribution-in-network.netscience/distribution-tier_based_seedNum-10.pkl
2026-03-09 21:27:59,614 - INFO - 首次生成种子集 random
2026-03-09 21:27:59,615 - INFO - 执行当前算法开始: random
2026-03-09 21:27:59,615 - INFO - 数据集节点总数:  n = 379, m = 10
2026-03-09 21:27:59,615 - INFO - 选择 10  [23, 302, 177, 281, 94, 53, 294, 280, 219, 287]

2026-03-09 21:27:59,615 - INFO - 当前用时 0.00 秒
2026-03-09 21:27:59,615 - INFO - 将种子集 写入位置: /home/wen/work/coup_spread/network.netscience/2026-3-18/seeds-with-network.netscience/tier_based_random_seedNum-10_SSRNum-50000.txt
2026-03-09 21:27:59,615 - INFO - 首次生成种子集 degreeTopM
2026-03-09 21:27:59,615 - INFO - 执行当前算法开始: degreeTopM
2026-03-09 21:27:59,615 - INFO - 依据: 选择连接数（度数）最多的节点。
2026-03-09 21:27:59,615 - INFO - 选择的 Top M 节点及其度数:
2026-03-09 21:27:59,615 - INFO - 
2026-03-09 21:27:59,615 - INFO - 当前用时 0.00 秒
2026-03-09 21:27:59,615 - INFO - 将种子集 写入位置: /home/wen/work/coup_spread/network.netscience/2026-3-18/seeds-with-network.netscience/tier_based_degreeTopM_seedNum-10_SSRNum-50000.txt
2026-03-09 21:27:59,616 - INFO - 首次生成种子集 pageRank
2026-03-09 21:27:59,616 - INFO - 执行当前算法开始: pageRank
2026-03-09 21:27:59,616 - INFO - --- Running: PageRank (on tranProMatrix) Top M ---
2026-03-09 21:27:59,625 - INFO - Selected PageRank seeds: [58, 3, 4, 119, 72, 5, 142, 106, 53, 219]
2026-03-09 21:27:59,626 - INFO - 当前用时 0.01 秒
2026-03-09 21:27:59,626 - INFO - 将种子集 写入位置: /home/wen/work/coup_spread/network.netscience/2026-3-18/seeds-with-network.netscience/tier_based_pageRank_seedNum-10_SSRNum-50000.txt
2026-03-09 21:27:59,626 - INFO - 首次生成种子集 alpha_sort
2026-03-09 21:27:59,626 - INFO - 执行当前算法开始: alpha_sort
2026-03-09 21:27:59,626 - INFO - 379 个节点的alpha值降序排序 done
2026-03-09 21:27:59,626 - INFO - ==============>> [(79, np.float64(0.4873605403992505)), (273, np.float64(0.4729495467221073)), (108, np.float64(0.4668655822200577)), (51, np.float64(0.4661762697497894)), (315, np.float64(0.4660864847406129)), (104, np.float64(0.45698126261252653)), (80, np.float64(0.44919447433960485)), (276, np.float64(0.4476535439552503)), (153, np.float64(0.4429567087637167)), (351, np.float64(0.4423142128096398))]
2026-03-09 21:27:59,626 - INFO - 
选择的种子集 (按alpha排序): [79, 273, 108, 51, 315, 104, 80, 276, 153, 351]

2026-03-09 21:27:59,626 - INFO - 当前用时 0.00 秒
2026-03-09 21:27:59,626 - INFO - 将种子集 写入位置: /home/wen/work/coup_spread/network.netscience/2026-3-18/seeds-with-network.netscience/tier_based_alpha_sort_seedNum-10_SSRNum-50000.txt
2026-03-09 21:27:59,626 - INFO - 首次生成种子集 ris_optimized
2026-03-09 21:27:59,626 - INFO - 执行当前算法开始: ris_optimized
2026-03-09 21:27:59,628 - INFO - 图初始化完成，节点数: 379，当前模式: 优化采样
2026-03-09 21:27:59,628 - INFO - 开始生成 50000 组多重RR-Set...
2026-03-09 21:28:00,892 - INFO - 生成完毕。耗时: 1.26 秒。
2026-03-09 21:28:00,896 - INFO - 开始基于多重RR集贪心选择最优种子...
2026-03-09 21:28:01,089 - INFO - 选种完毕。耗时: 0.19 秒。估算范围: 7.82
2026-03-09 21:28:01,176 - INFO - 当前用时 1.55 秒
2026-03-09 21:28:01,176 - INFO - 将种子集 写入位置: /home/wen/work/coup_spread/network.netscience/2026-3-18/seeds-with-network.netscience/tier_based_ris_optimized_seedNum-10_SSRNum-50000.txt
2026-03-09 21:28:01,176 - INFO - 首次生成种子集 1hop_sort
2026-03-09 21:28:01,176 - INFO - 执行当前算法开始: 1hop_sort
2026-03-09 21:28:01,176 - INFO - --- Running: Teacher's 1-Hop Expected Spread Sort ---
2026-03-09 21:28:01,218 - INFO - 选出的前 5 个种子得分展示: [0.81081852 0.79173549 0.78043823 0.76395044 0.75995305]
2026-03-09 21:28:01,218 - INFO - 当前用时 0.04 秒
2026-03-09 21:28:01,219 - INFO - 将种子集 写入位置: /home/wen/work/coup_spread/network.netscience/2026-3-18/seeds-with-network.netscience/tier_based_1hop_sort_seedNum-10_SSRNum-50000.txt
2026-03-09 21:28:01,219 - INFO - 评估种子集: None
2026-03-09 21:28:01,220 - INFO - 多进程评估开始，共有 6 个方法待评估...
2026-03-09 21:28:01,220 - INFO - 启动进程池，Worker数量: 6
2026-03-09 21:28:01,281 - INFO - [Process 542144] 开始评估方法: random, 种子数: 10
2026-03-09 21:28:01,292 - INFO - [Process 542145] 开始评估方法: degreeTopM, 种子数: 10
2026-03-09 21:28:01,302 - INFO - [Process 542146] 开始评估方法: pageRank, 种子数: 10
2026-03-09 21:28:01,312 - INFO - [Process 542147] 开始评估方法: alpha_sort, 种子数: 10
2026-03-09 21:28:01,322 - INFO - [Process 542148] 开始评估方法: ris_optimized, 种子数: 10
2026-03-09 21:28:01,331 - INFO - [Process 542149] 开始评估方法: 1hop_sort, 种子数: 10
2026-03-09 21:28:01,451 - INFO - [alpha_sort - 种子:10] 拉新:7.4人 | 总销量:7.5单 | 品牌曝光:21.4次 | 🌟综合得分:9.6
2026-03-09 21:28:01,463 - INFO - [1hop_sort - 种子:10] 拉新:7.1人 | 总销量:7.4单 | 品牌曝光:20.8次 | 🌟综合得分:9.3
2026-03-09 21:28:01,577 - INFO - [degreeTopM - 种子:10] 拉新:7.6人 | 总销量:7.7单 | 品牌曝光:36.7次 | 🌟综合得分:11.3
2026-03-09 21:28:01,584 - INFO - [pageRank - 种子:10] 拉新:7.6人 | 总销量:7.7单 | 品牌曝光:36.3次 | 🌟综合得分:11.3
2026-03-09 21:28:01,586 - INFO - [random - 种子:10] 拉新:8.2人 | 总销量:8.3单 | 品牌曝光:38.5次 | 🌟综合得分:12.1
2026-03-09 21:28:01,624 - INFO - [ris_optimized - 种子:10] 拉新:8.3人 | 总销量:8.3单 | 品牌曝光:36.0次 | 🌟综合得分:11.9
2026-03-09 21:28:01,639 - INFO - 所有进程执行完毕，开始写入数据...
2026-03-09 21:28:01,661 - INFO - 成功写入 6 条记录至 /home/wen/work/coup_spread/gzc-impl/results/network.netscience/2026-3-18/tier_based_SSRNum-50000-_seedNum-10_simuTimes-500.csv
2026-03-09 21:28:01,661 - INFO - 保存评估文件至: /home/wen/work/coup_spread/gzc-impl/results/network.netscience/2026-3-18/tier_based_SSRNum-50000-_seedNum-10_simuTimes-500.csv
2026-03-09 21:28:01,662 - INFO - 加载数据集: network.netscience
2026-03-09 21:28:01,663 - INFO - --- 矩阵分析 ---
2026-03-09 21:28:01,663 - INFO - 节点数 (N): 379
2026-03-09 21:28:01,663 - INFO - 边数 (E): 1828
2026-03-09 21:28:01,663 - INFO - 密度 (Density): 0.01272617 (越小越稀疏)
2026-03-09 21:28:01,663 - INFO - 稀疏度 (Sparsity): 0.98727383 (越接近1越稀疏)
2026-03-09 21:28:01,663 - INFO - 平均度数 (Avg Degree): 4.82
2026-03-09 21:28:01,664 - INFO - 首次生成度相关概率分布 分布类型: 'tier_based'.
2026-03-09 21:28:01,664 - INFO - ===> Generating 'Tier-based (Percentile)' distributions for Real Graph...
2026-03-09 21:28:01,664 - INFO - 保存概率分布 文件位置: /home/wen/work/coup_spread/network.netscience/2026-3-18/distribution-in-network.netscience/distribution-tier_based_seedNum-20.pkl
2026-03-09 21:28:01,667 - INFO - 首次生成种子集 random
2026-03-09 21:28:01,667 - INFO - 执行当前算法开始: random
2026-03-09 21:28:01,667 - INFO - 数据集节点总数:  n = 379, m = 20
2026-03-09 21:28:01,667 - INFO - 选择 20  [346, 293, 211, 53, 241, 84, 227, 223, 342, 77, 297, 31, 257, 367, 308, 251, 32, 300, 33, 299]

2026-03-09 21:28:01,668 - INFO - 当前用时 0.00 秒
2026-03-09 21:28:01,668 - INFO - 将种子集 写入位置: /home/wen/work/coup_spread/network.netscience/2026-3-18/seeds-with-network.netscience/tier_based_random_seedNum-20_SSRNum-50000.txt
2026-03-09 21:28:01,668 - INFO - 首次生成种子集 degreeTopM
2026-03-09 21:28:01,668 - INFO - 执行当前算法开始: degreeTopM
2026-03-09 21:28:01,668 - INFO - 依据: 选择连接数（度数）最多的节点。
2026-03-09 21:28:01,668 - INFO - 选择的 Top M 节点及其度数:
2026-03-09 21:28:01,668 - INFO - 
2026-03-09 21:28:01,668 - INFO - 当前用时 0.00 秒
2026-03-09 21:28:01,669 - INFO - 将种子集 写入位置: /home/wen/work/coup_spread/network.netscience/2026-3-18/seeds-with-network.netscience/tier_based_degreeTopM_seedNum-20_SSRNum-50000.txt
2026-03-09 21:28:01,669 - INFO - 首次生成种子集 pageRank
2026-03-09 21:28:01,669 - INFO - 执行当前算法开始: pageRank
2026-03-09 21:28:01,669 - INFO - --- Running: PageRank (on tranProMatrix) Top M ---
2026-03-09 21:28:01,679 - INFO - Selected PageRank seeds: [58, 3, 4, 119, 72, 5, 142, 106, 53, 219, 189, 107, 13, 41, 187, 7, 44, 92, 94, 173]
2026-03-09 21:28:01,679 - INFO - 当前用时 0.01 秒
2026-03-09 21:28:01,679 - INFO - 将种子集 写入位置: /home/wen/work/coup_spread/network.netscience/2026-3-18/seeds-with-network.netscience/tier_based_pageRank_seedNum-20_SSRNum-50000.txt
2026-03-09 21:28:01,679 - INFO - 首次生成种子集 alpha_sort
2026-03-09 21:28:01,679 - INFO - 执行当前算法开始: alpha_sort
2026-03-09 21:28:01,679 - INFO - 379 个节点的alpha值降序排序 done
2026-03-09 21:28:01,680 - INFO - ==============>> [(328, np.float64(0.457674442012467)), (90, np.float64(0.4571389093466847)), (104, np.float64(0.4556044749182174)), (37, np.float64(0.45560241863799045)), (319, np.float64(0.4554502617346795)), (45, np.float64(0.4518071908710006)), (325, np.float64(0.45128587849106855)), (153, np.float64(0.4468635602699681)), (78, np.float64(0.44147714709297586)), (154, np.float64(0.4407939871986139))]
2026-03-09 21:28:01,680 - INFO - 
选择的种子集 (按alpha排序): [328, 90, 104, 37, 319, 45, 325, 153, 78, 154, 179, 274, 345, 289, 344, 277, 334, 79, 31, 215]

2026-03-09 21:28:01,680 - INFO - 当前用时 0.00 秒
2026-03-09 21:28:01,680 - INFO - 将种子集 写入位置: /home/wen/work/coup_spread/network.netscience/2026-3-18/seeds-with-network.netscience/tier_based_alpha_sort_seedNum-20_SSRNum-50000.txt
2026-03-09 21:28:01,680 - INFO - 首次生成种子集 ris_optimized
2026-03-09 21:28:01,680 - INFO - 执行当前算法开始: ris_optimized
2026-03-09 21:28:01,682 - INFO - 图初始化完成，节点数: 379，当前模式: 优化采样
2026-03-09 21:28:01,682 - INFO - 开始生成 50000 组多重RR-Set...
2026-03-09 21:28:03,916 - INFO - 生成完毕。耗时: 2.23 秒。
2026-03-09 21:28:03,922 - INFO - 开始基于多重RR集贪心选择最优种子...
2026-03-09 21:28:04,285 - INFO - 选种完毕。耗时: 0.36 秒。估算范围: 15.31
2026-03-09 21:28:04,398 - INFO - 当前用时 2.72 秒
2026-03-09 21:28:04,399 - INFO - 将种子集 写入位置: /home/wen/work/coup_spread/network.netscience/2026-3-18/seeds-with-network.netscience/tier_based_ris_optimized_seedNum-20_SSRNum-50000.txt
2026-03-09 21:28:04,399 - INFO - 首次生成种子集 1hop_sort
2026-03-09 21:28:04,399 - INFO - 执行当前算法开始: 1hop_sort
2026-03-09 21:28:04,399 - INFO - --- Running: Teacher's 1-Hop Expected Spread Sort ---
2026-03-09 21:28:04,400 - INFO - 选出的前 5 个种子得分展示: [0.75738021 0.75390984 0.74536838 0.74264069 0.74051326]
2026-03-09 21:28:04,400 - INFO - 当前用时 0.00 秒
2026-03-09 21:28:04,401 - INFO - 将种子集 写入位置: /home/wen/work/coup_spread/network.netscience/2026-3-18/seeds-with-network.netscience/tier_based_1hop_sort_seedNum-20_SSRNum-50000.txt
2026-03-09 21:28:04,401 - INFO - 评估种子集: None
2026-03-09 21:28:04,401 - INFO - 多进程评估开始，共有 6 个方法待评估...
2026-03-09 21:28:04,401 - INFO - 启动进程池，Worker数量: 6
2026-03-09 21:28:04,463 - INFO - [Process 542217] 开始评估方法: random, 种子数: 20
2026-03-09 21:28:04,469 - INFO - [Process 542218] 开始评估方法: degreeTopM, 种子数: 20
2026-03-09 21:28:04,477 - INFO - [Process 542219] 开始评估方法: pageRank, 种子数: 20
2026-03-09 21:28:04,486 - INFO - [Process 542220] 开始评估方法: alpha_sort, 种子数: 20
2026-03-09 21:28:04,495 - INFO - [Process 542221] 开始评估方法: ris_optimized, 种子数: 20
2026-03-09 21:28:04,503 - INFO - [Process 542222] 开始评估方法: 1hop_sort, 种子数: 20
2026-03-09 21:28:04,782 - INFO - [alpha_sort - 种子:20] 拉新:14.8人 | 总销量:15.0单 | 品牌曝光:45.4次 | 🌟综合得分:19.5
2026-03-09 21:28:04,785 - INFO - [1hop_sort - 种子:20] 拉新:13.9人 | 总销量:14.6单 | 品牌曝光:43.8次 | 🌟综合得分:18.6
2026-03-09 21:28:04,977 - INFO - [ris_optimized - 种子:20] 拉新:15.9人 | 总销量:16.2单 | 品牌曝光:65.4次 | 🌟综合得分:22.6
2026-03-09 21:28:05,014 - INFO - [degreeTopM - 种子:20] 拉新:15.3人 | 总销量:15.9单 | 品牌曝光:75.2次 | 🌟综合得分:23.1
2026-03-09 21:28:05,043 - INFO - [pageRank - 种子:20] 拉新:15.2人 | 总销量:15.9单 | 品牌曝光:74.3次 | 🌟综合得分:23.0
2026-03-09 21:28:05,105 - INFO - [random - 种子:20] 拉新:16.6人 | 总销量:17.1单 | 品牌曝光:81.4次 | 🌟综合得分:25.0
2026-03-09 21:28:05,122 - INFO - 所有进程执行完毕，开始写入数据...
2026-03-09 21:28:05,131 - INFO - 成功写入 6 条记录至 /home/wen/work/coup_spread/gzc-impl/results/network.netscience/2026-3-18/tier_based_SSRNum-50000-_seedNum-20_simuTimes-500.csv
2026-03-09 21:28:05,132 - INFO - 保存评估文件至: /home/wen/work/coup_spread/gzc-impl/results/network.netscience/2026-3-18/tier_based_SSRNum-50000-_seedNum-20_simuTimes-500.csv
2026-03-09 21:28:05,133 - INFO - 加载数据集: network.netscience
2026-03-09 21:28:05,134 - INFO - --- 矩阵分析 ---
2026-03-09 21:28:05,134 - INFO - 节点数 (N): 379
2026-03-09 21:28:05,134 - INFO - 边数 (E): 1828
2026-03-09 21:28:05,134 - INFO - 密度 (Density): 0.01272617 (越小越稀疏)
2026-03-09 21:28:05,134 - INFO - 稀疏度 (Sparsity): 0.98727383 (越接近1越稀疏)
2026-03-09 21:28:05,134 - INFO - 平均度数 (Avg Degree): 4.82
2026-03-09 21:28:05,135 - INFO - 首次生成度相关概率分布 分布类型: 'tier_based'.
2026-03-09 21:28:05,135 - INFO - ===> Generating 'Tier-based (Percentile)' distributions for Real Graph...
2026-03-09 21:28:05,137 - INFO - 保存概率分布 文件位置: /home/wen/work/coup_spread/network.netscience/2026-3-18/distribution-in-network.netscience/distribution-tier_based_seedNum-30.pkl
2026-03-09 21:28:05,141 - INFO - 首次生成种子集 random
2026-03-09 21:28:05,141 - INFO - 执行当前算法开始: random
2026-03-09 21:28:05,141 - INFO - 数据集节点总数:  n = 379, m = 30
2026-03-09 21:28:05,141 - INFO - 选择 30  [219, 238, 340, 235, 216, 107, 353, 336, 59, 28, 186, 242, 205, 211, 181, 264, 45, 222, 140, 124, 305, 332, 314, 273, 23, 30, 144, 127, 240, 201]

2026-03-09 21:28:05,141 - INFO - 当前用时 0.00 秒
2026-03-09 21:28:05,141 - INFO - 将种子集 写入位置: /home/wen/work/coup_spread/network.netscience/2026-3-18/seeds-with-network.netscience/tier_based_random_seedNum-30_SSRNum-50000.txt
2026-03-09 21:28:05,142 - INFO - 首次生成种子集 degreeTopM
2026-03-09 21:28:05,142 - INFO - 执行当前算法开始: degreeTopM
2026-03-09 21:28:05,142 - INFO - 依据: 选择连接数（度数）最多的节点。
2026-03-09 21:28:05,142 - INFO - 选择的 Top M 节点及其度数:
2026-03-09 21:28:05,142 - INFO - 
2026-03-09 21:28:05,142 - INFO - 当前用时 0.00 秒
2026-03-09 21:28:05,142 - INFO - 将种子集 写入位置: /home/wen/work/coup_spread/network.netscience/2026-3-18/seeds-with-network.netscience/tier_based_degreeTopM_seedNum-30_SSRNum-50000.txt
2026-03-09 21:28:05,143 - INFO - 首次生成种子集 pageRank
2026-03-09 21:28:05,143 - INFO - 执行当前算法开始: pageRank
2026-03-09 21:28:05,143 - INFO - --- Running: PageRank (on tranProMatrix) Top M ---
2026-03-09 21:28:05,156 - INFO - Selected PageRank seeds: [58, 3, 4, 119, 72, 5, 142, 106, 53, 219, 189, 107, 13, 41, 187, 7, 44, 92, 94, 173, 62, 95, 167, 96, 118, 75, 8, 123, 235, 234]
2026-03-09 21:28:05,156 - INFO - 当前用时 0.01 秒
2026-03-09 21:28:05,156 - INFO - 将种子集 写入位置: /home/wen/work/coup_spread/network.netscience/2026-3-18/seeds-with-network.netscience/tier_based_pageRank_seedNum-30_SSRNum-50000.txt
2026-03-09 21:28:05,156 - INFO - 首次生成种子集 alpha_sort
2026-03-09 21:28:05,156 - INFO - 执行当前算法开始: alpha_sort
2026-03-09 21:28:05,156 - INFO - 379 个节点的alpha值降序排序 done
2026-03-09 21:28:05,156 - INFO - ==============>> [(91, np.float64(0.47492530476905553)), (272, np.float64(0.47104210834334387)), (133, np.float64(0.45581296565126866)), (274, np.float64(0.4536257742526513)), (281, np.float64(0.4532974861473536)), (108, np.float64(0.45262832838588457)), (374, np.float64(0.44927862724642414)), (153, np.float64(0.4482382266265646)), (132, np.float64(0.44496717969453464)), (310, np.float64(0.44447535303458907))]
2026-03-09 21:28:05,157 - INFO - 
选择的种子集 (按alpha排序): [91, 272, 133, 274, 281, 108, 374, 153, 132, 310, 317, 318, 179, 111, 276, 104, 334, 315, 80, 85, 131, 282, 199, 194, 373, 157, 297, 97, 134, 328]

2026-03-09 21:28:05,157 - INFO - 当前用时 0.00 秒
2026-03-09 21:28:05,157 - INFO - 将种子集 写入位置: /home/wen/work/coup_spread/network.netscience/2026-3-18/seeds-with-network.netscience/tier_based_alpha_sort_seedNum-30_SSRNum-50000.txt
2026-03-09 21:28:05,157 - INFO - 首次生成种子集 ris_optimized
2026-03-09 21:28:05,157 - INFO - 执行当前算法开始: ris_optimized
2026-03-09 21:28:05,159 - INFO - 图初始化完成，节点数: 379，当前模式: 优化采样
2026-03-09 21:28:05,160 - INFO - 开始生成 50000 组多重RR-Set...
2026-03-09 21:28:08,744 - INFO - 生成完毕。耗时: 3.58 秒。
2026-03-09 21:28:08,748 - INFO - 开始基于多重RR集贪心选择最优种子...
2026-03-09 21:28:09,220 - INFO - 选种完毕。耗时: 0.47 秒。估算范围: 22.98
2026-03-09 21:28:09,354 - INFO - 当前用时 4.20 秒
2026-03-09 21:28:09,354 - INFO - 将种子集 写入位置: /home/wen/work/coup_spread/network.netscience/2026-3-18/seeds-with-network.netscience/tier_based_ris_optimized_seedNum-30_SSRNum-50000.txt
2026-03-09 21:28:09,355 - INFO - 首次生成种子集 1hop_sort
2026-03-09 21:28:09,355 - INFO - 执行当前算法开始: 1hop_sort
2026-03-09 21:28:09,355 - INFO - --- Running: Teacher's 1-Hop Expected Spread Sort ---
2026-03-09 21:28:09,356 - INFO - 选出的前 5 个种子得分展示: [0.76920072 0.75364734 0.75014752 0.74682501 0.73758456]
2026-03-09 21:28:09,356 - INFO - 当前用时 0.00 秒
2026-03-09 21:28:09,356 - INFO - 将种子集 写入位置: /home/wen/work/coup_spread/network.netscience/2026-3-18/seeds-with-network.netscience/tier_based_1hop_sort_seedNum-30_SSRNum-50000.txt
2026-03-09 21:28:09,356 - INFO - 评估种子集: None
2026-03-09 21:28:09,356 - INFO - 多进程评估开始，共有 6 个方法待评估...
2026-03-09 21:28:09,357 - INFO - 启动进程池，Worker数量: 6
2026-03-09 21:28:09,418 - INFO - [Process 542314] 开始评估方法: random, 种子数: 30
2026-03-09 21:28:09,429 - INFO - [Process 542315] 开始评估方法: degreeTopM, 种子数: 30
2026-03-09 21:28:09,438 - INFO - [Process 542316] 开始评估方法: pageRank, 种子数: 30
2026-03-09 21:28:09,448 - INFO - [Process 542317] 开始评估方法: alpha_sort, 种子数: 30
2026-03-09 21:28:09,459 - INFO - [Process 542318] 开始评估方法: ris_optimized, 种子数: 30
2026-03-09 21:28:09,465 - INFO - [Process 542319] 开始评估方法: 1hop_sort, 种子数: 30
2026-03-09 21:28:09,881 - INFO - [alpha_sort - 种子:30] 拉新:22.0人 | 总销量:22.3单 | 品牌曝光:68.9次 | 🌟综合得分:29.0
2026-03-09 21:28:09,896 - INFO - [1hop_sort - 种子:30] 拉新:20.8人 | 总销量:21.9单 | 品牌曝光:66.8次 | 🌟综合得分:28.0
2026-03-09 21:28:10,149 - INFO - [ris_optimized - 种子:30] 拉新:23.9人 | 总销量:24.4单 | 品牌曝光:98.8次 | 🌟综合得分:34.0
2026-03-09 21:28:10,294 - INFO - [degreeTopM - 种子:30] 拉新:23.4人 | 总销量:24.8单 | 品牌曝光:117.4次 | 🌟综合得分:35.8
2026-03-09 21:28:10,308 - INFO - [pageRank - 种子:30] 拉新:23.3人 | 总销量:24.6单 | 品牌曝光:115.7次 | 🌟综合得分:35.5
2026-03-09 21:28:10,427 - INFO - [random - 种子:30] 拉新:24.8人 | 总销量:25.9单 | 品牌曝光:122.6次 | 🌟综合得分:37.6
2026-03-09 21:28:10,444 - INFO - 所有进程执行完毕，开始写入数据...
2026-03-09 21:28:10,450 - INFO - 成功写入 6 条记录至 /home/wen/work/coup_spread/gzc-impl/results/network.netscience/2026-3-18/tier_based_SSRNum-50000-_seedNum-30_simuTimes-500.csv
2026-03-09 21:28:10,451 - INFO - 保存评估文件至: /home/wen/work/coup_spread/gzc-impl/results/network.netscience/2026-3-18/tier_based_SSRNum-50000-_seedNum-30_simuTimes-500.csv
2026-03-09 21:28:10,452 - INFO - 加载数据集: network.netscience
2026-03-09 21:28:10,452 - INFO - --- 矩阵分析 ---
2026-03-09 21:28:10,452 - INFO - 节点数 (N): 379
2026-03-09 21:28:10,452 - INFO - 边数 (E): 1828
2026-03-09 21:28:10,452 - INFO - 密度 (Density): 0.01272617 (越小越稀疏)
2026-03-09 21:28:10,452 - INFO - 稀疏度 (Sparsity): 0.98727383 (越接近1越稀疏)
2026-03-09 21:28:10,452 - INFO - 平均度数 (Avg Degree): 4.82
2026-03-09 21:28:10,453 - INFO - 首次生成度相关概率分布 分布类型: 'tier_based'.
2026-03-09 21:28:10,453 - INFO - ===> Generating 'Tier-based (Percentile)' distributions for Real Graph...
2026-03-09 21:28:10,454 - INFO - 保存概率分布 文件位置: /home/wen/work/coup_spread/network.netscience/2026-3-18/distribution-in-network.netscience/distribution-tier_based_seedNum-40.pkl
2026-03-09 21:28:10,456 - INFO - 首次生成种子集 random
2026-03-09 21:28:10,456 - INFO - 执行当前算法开始: random
2026-03-09 21:28:10,456 - INFO - 数据集节点总数:  n = 379, m = 40
2026-03-09 21:28:10,456 - INFO - 选择 40  [164, 200, 23, 352, 41, 323, 65, 64, 315, 311, 367, 80, 0, 238, 169, 92, 206, 263, 294, 349, 368, 239, 134, 325, 256, 69, 165, 82, 140, 295, 260, 226, 265, 344, 116, 73, 72, 199, 13, 155]

2026-03-09 21:28:10,457 - INFO - 当前用时 0.00 秒
2026-03-09 21:28:10,457 - INFO - 将种子集 写入位置: /home/wen/work/coup_spread/network.netscience/2026-3-18/seeds-with-network.netscience/tier_based_random_seedNum-40_SSRNum-50000.txt
2026-03-09 21:28:10,457 - INFO - 首次生成种子集 degreeTopM
2026-03-09 21:28:10,457 - INFO - 执行当前算法开始: degreeTopM
2026-03-09 21:28:10,457 - INFO - 依据: 选择连接数（度数）最多的节点。
2026-03-09 21:28:10,457 - INFO - 选择的 Top M 节点及其度数:
2026-03-09 21:28:10,457 - INFO - 
2026-03-09 21:28:10,457 - INFO - 当前用时 0.00 秒
2026-03-09 21:28:10,458 - INFO - 将种子集 写入位置: /home/wen/work/coup_spread/network.netscience/2026-3-18/seeds-with-network.netscience/tier_based_degreeTopM_seedNum-40_SSRNum-50000.txt
2026-03-09 21:28:10,458 - INFO - 首次生成种子集 pageRank
2026-03-09 21:28:10,458 - INFO - 执行当前算法开始: pageRank
2026-03-09 21:28:10,458 - INFO - --- Running: PageRank (on tranProMatrix) Top M ---
2026-03-09 21:28:10,467 - INFO - Selected PageRank seeds: [58, 3, 4, 119, 72, 5, 142, 106, 53, 219, 189, 107, 13, 41, 187, 7, 44, 92, 94, 173, 62, 95, 167, 96, 118, 75, 8, 123, 235, 234, 113, 180, 217, 11, 0, 76, 232, 124, 233, 46]
2026-03-09 21:28:10,467 - INFO - 当前用时 0.01 秒
2026-03-09 21:28:10,467 - INFO - 将种子集 写入位置: /home/wen/work/coup_spread/network.netscience/2026-3-18/seeds-with-network.netscience/tier_based_pageRank_seedNum-40_SSRNum-50000.txt
2026-03-09 21:28:10,467 - INFO - 首次生成种子集 alpha_sort
2026-03-09 21:28:10,467 - INFO - 执行当前算法开始: alpha_sort
2026-03-09 21:28:10,468 - INFO - 379 个节点的alpha值降序排序 done
2026-03-09 21:28:10,468 - INFO - ==============>> [(114, np.float64(0.484800855211083)), (22, np.float64(0.4809331068136582)), (90, np.float64(0.47948686029553195)), (315, np.float64(0.4676453084299153)), (132, np.float64(0.4653760127758069)), (351, np.float64(0.46207295807175125)), (231, np.float64(0.4600423203070385)), (31, np.float64(0.45563639705640857)), (194, np.float64(0.45518525432563145)), (49, np.float64(0.45328750997668726))]
2026-03-09 21:28:10,468 - INFO - 
选择的种子集 (按alpha排序): [114, 22, 90, 315, 132, 351, 231, 31, 194, 49, 215, 125, 303, 310, 67, 51, 79, 80, 110, 103, 179, 136, 89, 277, 333, 373, 111, 133, 325, 134, 153, 214, 2, 344, 276, 272, 309, 91, 108, 274]

2026-03-09 21:28:10,468 - INFO - 当前用时 0.00 秒
2026-03-09 21:28:10,468 - INFO - 将种子集 写入位置: /home/wen/work/coup_spread/network.netscience/2026-3-18/seeds-with-network.netscience/tier_based_alpha_sort_seedNum-40_SSRNum-50000.txt
2026-03-09 21:28:10,468 - INFO - 首次生成种子集 ris_optimized
2026-03-09 21:28:10,468 - INFO - 执行当前算法开始: ris_optimized
2026-03-09 21:28:10,470 - INFO - 图初始化完成，节点数: 379，当前模式: 优化采样
2026-03-09 21:28:10,470 - INFO - 开始生成 50000 组多重RR-Set...
2026-03-09 21:28:14,493 - INFO - 生成完毕。耗时: 4.02 秒。
2026-03-09 21:28:14,499 - INFO - 开始基于多重RR集贪心选择最优种子...
2026-03-09 21:28:15,184 - INFO - 选种完毕。耗时: 0.68 秒。估算范围: 31.13
2026-03-09 21:28:15,357 - INFO - 当前用时 4.89 秒
2026-03-09 21:28:15,357 - INFO - 将种子集 写入位置: /home/wen/work/coup_spread/network.netscience/2026-3-18/seeds-with-network.netscience/tier_based_ris_optimized_seedNum-40_SSRNum-50000.txt
2026-03-09 21:28:15,357 - INFO - 首次生成种子集 1hop_sort
2026-03-09 21:28:15,357 - INFO - 执行当前算法开始: 1hop_sort
2026-03-09 21:28:15,358 - INFO - --- Running: Teacher's 1-Hop Expected Spread Sort ---
2026-03-09 21:28:15,359 - INFO - 选出的前 5 个种子得分展示: [0.77434425 0.77276337 0.76323324 0.75264231 0.74911064]
2026-03-09 21:28:15,359 - INFO - 当前用时 0.00 秒
2026-03-09 21:28:15,359 - INFO - 将种子集 写入位置: /home/wen/work/coup_spread/network.netscience/2026-3-18/seeds-with-network.netscience/tier_based_1hop_sort_seedNum-40_SSRNum-50000.txt
2026-03-09 21:28:15,359 - INFO - 评估种子集: None
2026-03-09 21:28:15,359 - INFO - 多进程评估开始，共有 6 个方法待评估...
2026-03-09 21:28:15,359 - INFO - 启动进程池，Worker数量: 6
2026-03-09 21:28:15,420 - INFO - [Process 542431] 开始评估方法: random, 种子数: 40
2026-03-09 21:28:15,428 - INFO - [Process 542432] 开始评估方法: degreeTopM, 种子数: 40
2026-03-09 21:28:15,434 - INFO - [Process 542433] 开始评估方法: pageRank, 种子数: 40
2026-03-09 21:28:15,440 - INFO - [Process 542434] 开始评估方法: alpha_sort, 种子数: 40
2026-03-09 21:28:15,445 - INFO - [Process 542435] 开始评估方法: ris_optimized, 种子数: 40
2026-03-09 21:28:15,450 - INFO - [Process 542436] 开始评估方法: 1hop_sort, 种子数: 40
2026-03-09 21:28:15,959 - INFO - [alpha_sort - 种子:40] 拉新:28.6人 | 总销量:29.6单 | 品牌曝光:89.8次 | 🌟综合得分:38.1
2026-03-09 21:28:16,064 - INFO - [1hop_sort - 种子:40] 拉新:28.0人 | 总销量:29.4单 | 品牌曝光:88.6次 | 🌟综合得分:37.5
2026-03-09 21:28:16,485 - INFO - [ris_optimized - 种子:40] 拉新:32.0人 | 总销量:33.0单 | 品牌曝光:135.9次 | 🌟综合得分:46.1
2026-03-09 21:28:16,567 - INFO - [degreeTopM - 种子:40] 拉新:31.0人 | 总销量:33.6单 | 品牌曝光:157.3次 | 🌟综合得分:48.1
2026-03-09 21:28:16,593 - INFO - [random - 种子:40] 拉新:32.8人 | 总销量:34.1单 | 品牌曝光:154.0次 | 🌟综合得分:48.8
2026-03-09 21:28:16,660 - INFO - [pageRank - 种子:40] 拉新:30.9人 | 总销量:33.0单 | 品牌曝光:151.3次 | 🌟综合得分:47.1
2026-03-09 21:28:16,680 - INFO - 所有进程执行完毕，开始写入数据...
2026-03-09 21:28:16,688 - INFO - 成功写入 6 条记录至 /home/wen/work/coup_spread/gzc-impl/results/network.netscience/2026-3-18/tier_based_SSRNum-50000-_seedNum-40_simuTimes-500.csv
2026-03-09 21:28:16,689 - INFO - 保存评估文件至: /home/wen/work/coup_spread/gzc-impl/results/network.netscience/2026-3-18/tier_based_SSRNum-50000-_seedNum-40_simuTimes-500.csv
2026-03-09 21:28:16,691 - INFO - 加载数据集: network.netscience
2026-03-09 21:28:16,692 - INFO - --- 矩阵分析 ---
2026-03-09 21:28:16,692 - INFO - 节点数 (N): 379
2026-03-09 21:28:16,692 - INFO - 边数 (E): 1828
2026-03-09 21:28:16,692 - INFO - 密度 (Density): 0.01272617 (越小越稀疏)
2026-03-09 21:28:16,693 - INFO - 稀疏度 (Sparsity): 0.98727383 (越接近1越稀疏)
2026-03-09 21:28:16,693 - INFO - 平均度数 (Avg Degree): 4.82
2026-03-09 21:28:16,694 - INFO - 首次生成度相关概率分布 分布类型: 'tier_based'.
2026-03-09 21:28:16,694 - INFO - ===> Generating 'Tier-based (Percentile)' distributions for Real Graph...
2026-03-09 21:28:16,695 - INFO - 保存概率分布 文件位置: /home/wen/work/coup_spread/network.netscience/2026-3-18/distribution-in-network.netscience/distribution-tier_based_seedNum-50.pkl
2026-03-09 21:28:16,698 - INFO - 首次生成种子集 random
2026-03-09 21:28:16,698 - INFO - 执行当前算法开始: random
2026-03-09 21:28:16,698 - INFO - 数据集节点总数:  n = 379, m = 50
2026-03-09 21:28:16,698 - INFO - 选择 50  [22, 305, 42, 125, 204, 212, 205, 92, 229, 38, 163, 364, 34, 178, 292, 316, 349, 313, 268, 13, 5, 252, 120, 70, 196, 337, 154, 206, 239, 362, 249, 153, 54, 111, 355, 11, 135, 123, 301, 188, 140, 141, 2, 115, 79, 300, 217, 59, 101, 113]

2026-03-09 21:28:16,698 - INFO - 当前用时 0.00 秒
2026-03-09 21:28:16,698 - INFO - 将种子集 写入位置: /home/wen/work/coup_spread/network.netscience/2026-3-18/seeds-with-network.netscience/tier_based_random_seedNum-50_SSRNum-50000.txt
2026-03-09 21:28:16,699 - INFO - 首次生成种子集 degreeTopM
2026-03-09 21:28:16,699 - INFO - 执行当前算法开始: degreeTopM
2026-03-09 21:28:16,699 - INFO - 依据: 选择连接数（度数）最多的节点。
2026-03-09 21:28:16,699 - INFO - 选择的 Top M 节点及其度数:
2026-03-09 21:28:16,699 - INFO - 
2026-03-09 21:28:16,699 - INFO - 当前用时 0.00 秒
2026-03-09 21:28:16,699 - INFO - 将种子集 写入位置: /home/wen/work/coup_spread/network.netscience/2026-3-18/seeds-with-network.netscience/tier_based_degreeTopM_seedNum-50_SSRNum-50000.txt
2026-03-09 21:28:16,700 - INFO - 首次生成种子集 pageRank
2026-03-09 21:28:16,700 - INFO - 执行当前算法开始: pageRank
2026-03-09 21:28:16,700 - INFO - --- Running: PageRank (on tranProMatrix) Top M ---
2026-03-09 21:28:16,711 - INFO - Selected PageRank seeds: [58, 3, 4, 119, 72, 5, 142, 106, 53, 219, 189, 107, 13, 41, 187, 7, 44, 92, 94, 173, 62, 95, 167, 96, 118, 75, 8, 123, 235, 234, 113, 180, 217, 11, 0, 76, 232, 124, 233, 46, 20, 140, 329, 52, 156, 87, 362, 122, 268, 74]
2026-03-09 21:28:16,712 - INFO - 当前用时 0.01 秒
2026-03-09 21:28:16,712 - INFO - 将种子集 写入位置: /home/wen/work/coup_spread/network.netscience/2026-3-18/seeds-with-network.netscience/tier_based_pageRank_seedNum-50_SSRNum-50000.txt
2026-03-09 21:28:16,712 - INFO - 首次生成种子集 alpha_sort
2026-03-09 21:28:16,712 - INFO - 执行当前算法开始: alpha_sort
2026-03-09 21:28:16,712 - INFO - 379 个节点的alpha值降序排序 done
2026-03-09 21:28:16,712 - INFO - ==============>> [(132, np.float64(0.48207440358920406)), (131, np.float64(0.47094676441671673)), (125, np.float64(0.467806094088133)), (104, np.float64(0.4601395505934699)), (278, np.float64(0.45752325779775005)), (297, np.float64(0.4547591487956809)), (67, np.float64(0.44449520564700956)), (110, np.float64(0.4442258934044177)), (80, np.float64(0.4441823990747775)), (319, np.float64(0.4413405634320166))]
2026-03-09 21:28:16,712 - INFO - 
选择的种子集 (按alpha排序): [132, 131, 125, 104, 278, 297, 67, 110, 80, 319, 128, 214, 208, 49, 274, 97, 2, 317, 133, 328, 351, 194, 321, 318, 276, 37, 158, 281, 111, 85, 310, 154, 78, 179, 136, 1, 91, 277, 108, 134, 79, 312, 282, 231, 45, 334, 153, 272, 333, 344]

2026-03-09 21:28:16,712 - INFO - 当前用时 0.00 秒
2026-03-09 21:28:16,713 - INFO - 将种子集 写入位置: /home/wen/work/coup_spread/network.netscience/2026-3-18/seeds-with-network.netscience/tier_based_alpha_sort_seedNum-50_SSRNum-50000.txt
2026-03-09 21:28:16,713 - INFO - 首次生成种子集 ris_optimized
2026-03-09 21:28:16,713 - INFO - 执行当前算法开始: ris_optimized
2026-03-09 21:28:16,715 - INFO - 图初始化完成，节点数: 379，当前模式: 优化采样
2026-03-09 21:28:16,715 - INFO - 开始生成 50000 组多重RR-Set...
2026-03-09 21:28:22,362 - INFO - 生成完毕。耗时: 5.65 秒。
2026-03-09 21:28:22,369 - INFO - 开始基于多重RR集贪心选择最优种子...
2026-03-09 21:28:23,192 - INFO - 选种完毕。耗时: 0.82 秒。估算范围: 37.33
2026-03-09 21:28:23,404 - INFO - 当前用时 6.69 秒
2026-03-09 21:28:23,405 - INFO - 将种子集 写入位置: /home/wen/work/coup_spread/network.netscience/2026-3-18/seeds-with-network.netscience/tier_based_ris_optimized_seedNum-50_SSRNum-50000.txt
2026-03-09 21:28:23,405 - INFO - 首次生成种子集 1hop_sort
2026-03-09 21:28:23,405 - INFO - 执行当前算法开始: 1hop_sort
2026-03-09 21:28:23,405 - INFO - --- Running: Teacher's 1-Hop Expected Spread Sort ---
2026-03-09 21:28:23,406 - INFO - 选出的前 5 个种子得分展示: [0.76487094 0.74677491 0.74532154 0.7370688  0.72609793]
2026-03-09 21:28:23,406 - INFO - 当前用时 0.00 秒
2026-03-09 21:28:23,406 - INFO - 将种子集 写入位置: /home/wen/work/coup_spread/network.netscience/2026-3-18/seeds-with-network.netscience/tier_based_1hop_sort_seedNum-50_SSRNum-50000.txt
2026-03-09 21:28:23,407 - INFO - 评估种子集: None
2026-03-09 21:28:23,407 - INFO - 多进程评估开始，共有 6 个方法待评估...
2026-03-09 21:28:23,407 - INFO - 启动进程池，Worker数量: 6
2026-03-09 21:28:23,468 - INFO - [Process 542562] 开始评估方法: random, 种子数: 50
2026-03-09 21:28:23,476 - INFO - [Process 542563] 开始评估方法: degreeTopM, 种子数: 50
2026-03-09 21:28:23,482 - INFO - [Process 542567] 开始评估方法: pageRank, 种子数: 50
2026-03-09 21:28:23,490 - INFO - [Process 542570] 开始评估方法: alpha_sort, 种子数: 50
2026-03-09 21:28:23,497 - INFO - [Process 542571] 开始评估方法: ris_optimized, 种子数: 50
2026-03-09 21:28:23,504 - INFO - [Process 542572] 开始评估方法: 1hop_sort, 种子数: 50
2026-03-09 21:28:24,193 - INFO - [alpha_sort - 种子:50] 拉新:35.0人 | 总销量:36.3单 | 品牌曝光:117.5次 | 🌟综合得分:47.4
2026-03-09 21:28:24,197 - INFO - [1hop_sort - 种子:50] 拉新:34.3人 | 总销量:36.0单 | 品牌曝光:116.5次 | 🌟综合得分:46.8
2026-03-09 21:28:24,879 - INFO - [random - 种子:50] 拉新:40.0人 | 总销量:42.3单 | 品牌曝光:193.6次 | 🌟综合得分:60.5
2026-03-09 21:28:24,954 - INFO - [degreeTopM - 种子:50] 拉新:38.6人 | 总销量:42.1单 | 品牌曝光:202.3次 | 🌟综合得分:60.5
2026-03-09 21:28:24,994 - INFO - [pageRank - 种子:50] 拉新:39.0人 | 总销量:41.8单 | 品牌曝光:196.4次 | 🌟综合得分:60.0
2026-03-09 21:28:25,028 - INFO - [ris_optimized - 种子:50] 拉新:40.3人 | 总销量:42.0单 | 品牌曝光:181.1次 | 🌟综合得分:59.3
2026-03-09 21:28:25,046 - INFO - 所有进程执行完毕，开始写入数据...
2026-03-09 21:28:25,051 - INFO - 成功写入 6 条记录至 /home/wen/work/coup_spread/gzc-impl/results/network.netscience/2026-3-18/tier_based_SSRNum-50000-_seedNum-50_simuTimes-500.csv
2026-03-09 21:28:25,052 - INFO - 保存评估文件至: /home/wen/work/coup_spread/gzc-impl/results/network.netscience/2026-3-18/tier_based_SSRNum-50000-_seedNum-50_simuTimes-500.csv
2026-03-09 21:28:25,053 - INFO - 加载数据集: network.netscience
2026-03-09 21:28:25,054 - INFO - --- 矩阵分析 ---
2026-03-09 21:28:25,054 - INFO - 节点数 (N): 379
2026-03-09 21:28:25,054 - INFO - 边数 (E): 1828
2026-03-09 21:28:25,054 - INFO - 密度 (Density): 0.01272617 (越小越稀疏)
2026-03-09 21:28:25,054 - INFO - 稀疏度 (Sparsity): 0.98727383 (越接近1越稀疏)
2026-03-09 21:28:25,054 - INFO - 平均度数 (Avg Degree): 4.82
2026-03-09 21:28:25,055 - INFO - 首次生成度相关概率分布 分布类型: 'tier_based'.
2026-03-09 21:28:25,055 - INFO - ===> Generating 'Tier-based (Percentile)' distributions for Real Graph...
2026-03-09 21:28:25,055 - INFO - 保存概率分布 文件位置: /home/wen/work/coup_spread/network.netscience/2026-3-18/distribution-in-network.netscience/distribution-tier_based_seedNum-60.pkl
2026-03-09 21:28:25,057 - INFO - 首次生成种子集 random
2026-03-09 21:28:25,057 - INFO - 执行当前算法开始: random
2026-03-09 21:28:25,057 - INFO - 数据集节点总数:  n = 379, m = 60
2026-03-09 21:28:25,058 - INFO - 选择 60  [203, 81, 356, 221, 59, 322, 320, 340, 65, 91, 30, 189, 88, 241, 7, 63, 123, 154, 25, 375, 251, 80, 344, 47, 143, 54, 289, 270, 341, 338, 233, 82, 194, 294, 53, 8, 223, 354, 376, 119, 111, 89, 164, 87, 186, 331, 37, 39, 282, 319, 272, 79, 108, 363, 300, 199, 307, 101, 334, 11]

2026-03-09 21:28:25,058 - INFO - 当前用时 0.00 秒
2026-03-09 21:28:25,058 - INFO - 将种子集 写入位置: /home/wen/work/coup_spread/network.netscience/2026-3-18/seeds-with-network.netscience/tier_based_random_seedNum-60_SSRNum-50000.txt
2026-03-09 21:28:25,058 - INFO - 首次生成种子集 degreeTopM
2026-03-09 21:28:25,058 - INFO - 执行当前算法开始: degreeTopM
2026-03-09 21:28:25,058 - INFO - 依据: 选择连接数（度数）最多的节点。
2026-03-09 21:28:25,058 - INFO - 选择的 Top M 节点及其度数:
2026-03-09 21:28:25,058 - INFO - 
2026-03-09 21:28:25,058 - INFO - 当前用时 0.00 秒
2026-03-09 21:28:25,059 - INFO - 将种子集 写入位置: /home/wen/work/coup_spread/network.netscience/2026-3-18/seeds-with-network.netscience/tier_based_degreeTopM_seedNum-60_SSRNum-50000.txt
2026-03-09 21:28:25,059 - INFO - 首次生成种子集 pageRank
2026-03-09 21:28:25,059 - INFO - 执行当前算法开始: pageRank
2026-03-09 21:28:25,059 - INFO - --- Running: PageRank (on tranProMatrix) Top M ---
2026-03-09 21:28:25,068 - INFO - Selected PageRank seeds: [58, 3, 4, 119, 72, 5, 142, 106, 53, 219, 189, 107, 13, 41, 187, 7, 44, 92, 94, 173, 62, 95, 167, 96, 118, 75, 8, 123, 235, 234, 113, 180, 217, 11, 0, 76, 232, 124, 233, 46, 20, 140, 329, 52, 156, 87, 362, 122, 268, 74, 126, 81, 252, 249, 250, 295, 14, 320, 204, 201]
2026-03-09 21:28:25,068 - INFO - 当前用时 0.01 秒
2026-03-09 21:28:25,069 - INFO - 将种子集 写入位置: /home/wen/work/coup_spread/network.netscience/2026-3-18/seeds-with-network.netscience/tier_based_pageRank_seedNum-60_SSRNum-50000.txt
2026-03-09 21:28:25,069 - INFO - 首次生成种子集 alpha_sort
2026-03-09 21:28:25,069 - INFO - 执行当前算法开始: alpha_sort
2026-03-09 21:28:25,069 - INFO - 379 个节点的alpha值降序排序 done
2026-03-09 21:28:25,069 - INFO - ==============>> [(311, np.float64(0.46740057145302044)), (154, np.float64(0.45706321138889117)), (272, np.float64(0.4542839713563959)), (281, np.float64(0.44471159495840873)), (321, np.float64(0.4428655802728127)), (208, np.float64(0.44276936989668486)), (132, np.float64(0.4426924040290411)), (179, np.float64(0.4423414467318263)), (373, np.float64(0.4408776847949465)), (277, np.float64(0.43547867727461637))]
2026-03-09 21:28:25,069 - INFO - 
选择的种子集 (按alpha排序): [311, 154, 272, 281, 321, 208, 132, 179, 373, 277, 104, 310, 333, 345, 282, 108, 97, 343, 90, 157, 85, 351, 22, 80, 315, 91, 312, 49, 2, 344, 309, 31, 110, 317, 51, 319, 325, 274, 37, 1, 67, 185, 214, 316, 45, 136, 273, 114, 303, 125, 79, 215, 199, 158, 134, 289, 231, 111, 109, 374]

2026-03-09 21:28:25,069 - INFO - 当前用时 0.00 秒
2026-03-09 21:28:25,069 - INFO - 将种子集 写入位置: /home/wen/work/coup_spread/network.netscience/2026-3-18/seeds-with-network.netscience/tier_based_alpha_sort_seedNum-60_SSRNum-50000.txt
2026-03-09 21:28:25,070 - INFO - 首次生成种子集 ris_optimized
2026-03-09 21:28:25,070 - INFO - 执行当前算法开始: ris_optimized
2026-03-09 21:28:25,072 - INFO - 图初始化完成，节点数: 379，当前模式: 优化采样
2026-03-09 21:28:25,072 - INFO - 开始生成 50000 组多重RR-Set...
2026-03-09 21:28:31,436 - INFO - 生成完毕。耗时: 6.36 秒。
2026-03-09 21:28:31,443 - INFO - 开始基于多重RR集贪心选择最优种子...
2026-03-09 21:28:32,436 - INFO - 选种完毕。耗时: 0.99 秒。估算范围: 45.28
2026-03-09 21:28:32,685 - INFO - 当前用时 7.62 秒
2026-03-09 21:28:32,685 - INFO - 将种子集 写入位置: /home/wen/work/coup_spread/network.netscience/2026-3-18/seeds-with-network.netscience/tier_based_ris_optimized_seedNum-60_SSRNum-50000.txt
2026-03-09 21:28:32,686 - INFO - 首次生成种子集 1hop_sort
2026-03-09 21:28:32,686 - INFO - 执行当前算法开始: 1hop_sort
2026-03-09 21:28:32,686 - INFO - --- Running: Teacher's 1-Hop Expected Spread Sort ---
2026-03-09 21:28:32,687 - INFO - 选出的前 5 个种子得分展示: [0.74824721 0.7195555  0.7154857  0.71516572 0.71420962]
2026-03-09 21:28:32,687 - INFO - 当前用时 0.00 秒
2026-03-09 21:28:32,687 - INFO - 将种子集 写入位置: /home/wen/work/coup_spread/network.netscience/2026-3-18/seeds-with-network.netscience/tier_based_1hop_sort_seedNum-60_SSRNum-50000.txt
2026-03-09 21:28:32,687 - INFO - 评估种子集: None
2026-03-09 21:28:32,687 - INFO - 多进程评估开始，共有 6 个方法待评估...
2026-03-09 21:28:32,687 - INFO - 启动进程池，Worker数量: 6
2026-03-09 21:28:32,756 - INFO - [Process 542713] 开始评估方法: random, 种子数: 60
2026-03-09 21:28:32,764 - INFO - [Process 542714] 开始评估方法: degreeTopM, 种子数: 60
2026-03-09 21:28:32,771 - INFO - [Process 542715] 开始评估方法: pageRank, 种子数: 60
2026-03-09 21:28:32,777 - INFO - [Process 542716] 开始评估方法: alpha_sort, 种子数: 60
2026-03-09 21:28:32,782 - INFO - [Process 542717] 开始评估方法: ris_optimized, 种子数: 60
2026-03-09 21:28:32,788 - INFO - [Process 542718] 开始评估方法: 1hop_sort, 种子数: 60
2026-03-09 21:28:33,628 - INFO - [1hop_sort - 种子:60] 拉新:41.3人 | 总销量:43.6单 | 品牌曝光:141.5次 | 🌟综合得分:56.6
2026-03-09 21:28:33,727 - INFO - [alpha_sort - 种子:60] 拉新:41.9人 | 总销量:43.8单 | 品牌曝光:143.5次 | 🌟综合得分:57.2
2026-03-09 21:28:34,311 - INFO - [random - 种子:60] 拉新:46.5人 | 总销量:49.7单 | 品牌曝光:218.8次 | 🌟综合得分:69.9
2026-03-09 21:28:34,429 - INFO - [ris_optimized - 种子:60] 拉新:46.9人 | 总销量:49.5单 | 品牌曝光:210.6次 | 🌟综合得分:69.2
2026-03-09 21:28:34,478 - INFO - [pageRank - 种子:60] 拉新:46.9人 | 总销量:50.9单 | 品牌曝光:237.3次 | 🌟综合得分:72.7
2026-03-09 21:28:34,539 - INFO - [degreeTopM - 种子:60] 拉新:45.8人 | 总销量:51.5单 | 品牌曝光:245.1次 | 🌟综合得分:73.2
2026-03-09 21:28:34,557 - INFO - 所有进程执行完毕，开始写入数据...
2026-03-09 21:28:34,562 - INFO - 成功写入 6 条记录至 /home/wen/work/coup_spread/gzc-impl/results/network.netscience/2026-3-18/tier_based_SSRNum-50000-_seedNum-60_simuTimes-500.csv
2026-03-09 21:28:34,563 - INFO - 保存评估文件至: /home/wen/work/coup_spread/gzc-impl/results/network.netscience/2026-3-18/tier_based_SSRNum-50000-_seedNum-60_simuTimes-500.csv
2026-03-09 21:28:34,566 - INFO - 加载数据集: network.netscience
2026-03-09 21:28:34,567 - INFO - --- 矩阵分析 ---
2026-03-09 21:28:34,567 - INFO - 节点数 (N): 379
2026-03-09 21:28:34,567 - INFO - 边数 (E): 1828
2026-03-09 21:28:34,567 - INFO - 密度 (Density): 0.01272617 (越小越稀疏)
2026-03-09 21:28:34,567 - INFO - 稀疏度 (Sparsity): 0.98727383 (越接近1越稀疏)
2026-03-09 21:28:34,567 - INFO - 平均度数 (Avg Degree): 4.82
2026-03-09 21:28:34,568 - INFO - 首次生成度相关概率分布 分布类型: 'tier_based'.
2026-03-09 21:28:34,568 - INFO - ===> Generating 'Tier-based (Percentile)' distributions for Real Graph...
2026-03-09 21:28:34,569 - INFO - 保存概率分布 文件位置: /home/wen/work/coup_spread/network.netscience/2026-3-18/distribution-in-network.netscience/distribution-tier_based_seedNum-70.pkl
2026-03-09 21:28:34,572 - INFO - 首次生成种子集 random
2026-03-09 21:28:34,572 - INFO - 执行当前算法开始: random
2026-03-09 21:28:34,572 - INFO - 数据集节点总数:  n = 379, m = 70
2026-03-09 21:28:34,572 - INFO - 选择 70  [100, 200, 160, 344, 271, 218, 223, 102, 323, 171, 317, 101, 248, 250, 326, 176, 336, 347, 342, 14, 166, 377, 274, 316, 279, 83, 245, 282, 162, 197, 203, 69, 71, 201, 236, 73, 15, 333, 33, 98, 289, 65, 242, 186, 25, 123, 60, 116, 150, 77, 75, 97, 41, 50, 177, 329, 338, 29, 324, 84, 35, 353, 251, 217, 78, 0, 291, 369, 85, 49]

2026-03-09 21:28:34,572 - INFO - 当前用时 0.00 秒
2026-03-09 21:28:34,573 - INFO - 将种子集 写入位置: /home/wen/work/coup_spread/network.netscience/2026-3-18/seeds-with-network.netscience/tier_based_random_seedNum-70_SSRNum-50000.txt
2026-03-09 21:28:34,573 - INFO - 首次生成种子集 degreeTopM
2026-03-09 21:28:34,573 - INFO - 执行当前算法开始: degreeTopM
2026-03-09 21:28:34,573 - INFO - 依据: 选择连接数（度数）最多的节点。
2026-03-09 21:28:34,573 - INFO - 选择的 Top M 节点及其度数:
2026-03-09 21:28:34,573 - INFO - 
2026-03-09 21:28:34,574 - INFO - 当前用时 0.00 秒
2026-03-09 21:28:34,574 - INFO - 将种子集 写入位置: /home/wen/work/coup_spread/network.netscience/2026-3-18/seeds-with-network.netscience/tier_based_degreeTopM_seedNum-70_SSRNum-50000.txt
2026-03-09 21:28:34,574 - INFO - 首次生成种子集 pageRank
2026-03-09 21:28:34,574 - INFO - 执行当前算法开始: pageRank
2026-03-09 21:28:34,574 - INFO - --- Running: PageRank (on tranProMatrix) Top M ---
2026-03-09 21:28:34,585 - INFO - Selected PageRank seeds: [58, 3, 4, 119, 72, 5, 142, 106, 53, 219, 189, 107, 13, 41, 187, 7, 44, 92, 94, 173, 62, 95, 167, 96, 118, 75, 8, 123, 235, 234, 113, 180, 217, 11, 0, 76, 232, 124, 233, 46, 20, 140, 329, 52, 156, 87, 362, 122, 268, 74, 126, 81, 252, 249, 250, 295, 14, 320, 204, 201, 267, 209, 127, 188, 258, 259, 200, 178, 193, 216]
2026-03-09 21:28:34,585 - INFO - 当前用时 0.01 秒
2026-03-09 21:28:34,585 - INFO - 将种子集 写入位置: /home/wen/work/coup_spread/network.netscience/2026-3-18/seeds-with-network.netscience/tier_based_pageRank_seedNum-70_SSRNum-50000.txt
2026-03-09 21:28:34,585 - INFO - 首次生成种子集 alpha_sort
2026-03-09 21:28:34,585 - INFO - 执行当前算法开始: alpha_sort
2026-03-09 21:28:34,586 - INFO - 379 个节点的alpha值降序排序 done
2026-03-09 21:28:34,586 - INFO - ==============>> [(214, np.float64(0.46870860167820216)), (1, np.float64(0.4548966781992385)), (311, np.float64(0.4536883846048875)), (343, np.float64(0.45216502623431937)), (45, np.float64(0.44889198540926467)), (277, np.float64(0.44534072574076694)), (297, np.float64(0.43830557038616924)), (154, np.float64(0.43754704329638294)), (374, np.float64(0.4351807749387765)), (131, np.float64(0.43186415388547916))]
2026-03-09 21:28:34,586 - INFO - 
选择的种子集 (按alpha排序): [214, 1, 311, 343, 45, 277, 297, 154, 374, 131, 194, 334, 351, 51, 318, 179, 157, 79, 108, 37, 85, 345, 317, 110, 303, 80, 316, 133, 273, 321, 158, 49, 128, 97, 289, 132, 125, 111, 89, 282, 208, 344, 309, 315, 78, 55, 319, 114, 328, 276, 22, 312, 67, 278, 31, 199, 373, 325, 91, 215, 333, 136, 281, 103, 104, 90, 310, 231, 272, 153]

2026-03-09 21:28:34,586 - INFO - 当前用时 0.00 秒
2026-03-09 21:28:34,586 - INFO - 将种子集 写入位置: /home/wen/work/coup_spread/network.netscience/2026-3-18/seeds-with-network.netscience/tier_based_alpha_sort_seedNum-70_SSRNum-50000.txt
2026-03-09 21:28:34,586 - INFO - 首次生成种子集 ris_optimized
2026-03-09 21:28:34,586 - INFO - 执行当前算法开始: ris_optimized
2026-03-09 21:28:34,588 - INFO - 图初始化完成，节点数: 379，当前模式: 优化采样
2026-03-09 21:28:34,589 - INFO - 开始生成 50000 组多重RR-Set...
2026-03-09 21:28:42,240 - INFO - 生成完毕。耗时: 7.65 秒。
2026-03-09 21:28:42,250 - INFO - 开始基于多重RR集贪心选择最优种子...
2026-03-09 21:28:43,557 - INFO - 选种完毕。耗时: 1.31 秒。估算范围: 51.19
2026-03-09 21:28:43,883 - INFO - 当前用时 9.30 秒
2026-03-09 21:28:43,884 - INFO - 将种子集 写入位置: /home/wen/work/coup_spread/network.netscience/2026-3-18/seeds-with-network.netscience/tier_based_ris_optimized_seedNum-70_SSRNum-50000.txt
2026-03-09 21:28:43,884 - INFO - 首次生成种子集 1hop_sort
2026-03-09 21:28:43,884 - INFO - 执行当前算法开始: 1hop_sort
2026-03-09 21:28:43,884 - INFO - --- Running: Teacher's 1-Hop Expected Spread Sort ---
2026-03-09 21:28:43,885 - INFO - 选出的前 5 个种子得分展示: [0.77210357 0.74883904 0.72891447 0.72512921 0.72380842]
2026-03-09 21:28:43,885 - INFO - 当前用时 0.00 秒
2026-03-09 21:28:43,885 - INFO - 将种子集 写入位置: /home/wen/work/coup_spread/network.netscience/2026-3-18/seeds-with-network.netscience/tier_based_1hop_sort_seedNum-70_SSRNum-50000.txt
2026-03-09 21:28:43,886 - INFO - 评估种子集: None
2026-03-09 21:28:43,886 - INFO - 多进程评估开始，共有 6 个方法待评估...
2026-03-09 21:28:43,886 - INFO - 启动进程池，Worker数量: 6
2026-03-09 21:28:43,954 - INFO - [Process 542902] 开始评估方法: random, 种子数: 70
2026-03-09 21:28:43,963 - INFO - [Process 542903] 开始评估方法: degreeTopM, 种子数: 70
2026-03-09 21:28:43,968 - INFO - [Process 542904] 开始评估方法: pageRank, 种子数: 70
2026-03-09 21:28:43,972 - INFO - [Process 542905] 开始评估方法: alpha_sort, 种子数: 70
2026-03-09 21:28:43,980 - INFO - [Process 542906] 开始评估方法: ris_optimized, 种子数: 70
2026-03-09 21:28:43,984 - INFO - [Process 542907] 开始评估方法: 1hop_sort, 种子数: 70
2026-03-09 21:28:44,974 - INFO - [1hop_sort - 种子:70] 拉新:47.8人 | 总销量:50.9单 | 品牌曝光:167.0次 | 🌟综合得分:66.1
2026-03-09 21:28:45,087 - INFO - [alpha_sort - 种子:70] 拉新:48.3人 | 总销量:50.8单 | 品牌曝光:167.6次 | 🌟综合得分:66.3
2026-03-09 21:28:45,872 - INFO - [ris_optimized - 种子:70] 拉新:54.8人 | 总销量:57.9单 | 品牌曝光:246.5次 | 🌟综合得分:81.0
2026-03-09 21:28:45,931 - INFO - [random - 种子:70] 拉新:54.5人 | 总销量:59.5单 | 品牌曝光:275.3次 | 🌟综合得分:84.5
2026-03-09 21:28:46,112 - INFO - [degreeTopM - 种子:70] 拉新:52.1人 | 总销量:60.3单 | 品牌曝光:289.3次 | 🌟综合得分:85.1
2026-03-09 21:28:46,131 - INFO - [pageRank - 种子:70] 拉新:54.3人 | 总销量:59.6单 | 品牌曝光:280.3次 | 🌟综合得分:85.0
2026-03-09 21:28:46,150 - INFO - 所有进程执行完毕，开始写入数据...
2026-03-09 21:28:46,155 - INFO - 成功写入 6 条记录至 /home/wen/work/coup_spread/gzc-impl/results/network.netscience/2026-3-18/tier_based_SSRNum-50000-_seedNum-70_simuTimes-500.csv
2026-03-09 21:28:46,156 - INFO - 保存评估文件至: /home/wen/work/coup_spread/gzc-impl/results/network.netscience/2026-3-18/tier_based_SSRNum-50000-_seedNum-70_simuTimes-500.csv
2026-03-09 21:28:46,157 - INFO - 加载数据集: network.netscience
2026-03-09 21:28:46,158 - INFO - --- 矩阵分析 ---
2026-03-09 21:28:46,158 - INFO - 节点数 (N): 379
2026-03-09 21:28:46,158 - INFO - 边数 (E): 1828
2026-03-09 21:28:46,158 - INFO - 密度 (Density): 0.01272617 (越小越稀疏)
2026-03-09 21:28:46,158 - INFO - 稀疏度 (Sparsity): 0.98727383 (越接近1越稀疏)
2026-03-09 21:28:46,159 - INFO - 平均度数 (Avg Degree): 4.82
2026-03-09 21:28:46,159 - INFO - 首次生成度相关概率分布 分布类型: 'tier_based'.
2026-03-09 21:28:46,159 - INFO - ===> Generating 'Tier-based (Percentile)' distributions for Real Graph...
2026-03-09 21:28:46,160 - INFO - 保存概率分布 文件位置: /home/wen/work/coup_spread/network.netscience/2026-3-18/distribution-in-network.netscience/distribution-tier_based_seedNum-80.pkl
2026-03-09 21:28:46,163 - INFO - 首次生成种子集 random
2026-03-09 21:28:46,163 - INFO - 执行当前算法开始: random
2026-03-09 21:28:46,163 - INFO - 数据集节点总数:  n = 379, m = 80
2026-03-09 21:28:46,164 - INFO - 选择 80  [297, 88, 207, 11, 157, 37, 2, 8, 372, 349, 219, 316, 94, 299, 136, 184, 177, 179, 334, 96, 332, 102, 143, 243, 281, 128, 285, 370, 256, 39, 321, 97, 237, 107, 65, 47, 170, 146, 135, 234, 100, 212, 336, 76, 188, 104, 378, 63, 9, 12, 148, 342, 90, 173, 193, 56, 181, 232, 276, 62, 352, 367, 310, 338, 257, 134, 211, 23, 258, 30, 31, 364, 325, 15, 371, 105, 83, 198, 35, 252]

2026-03-09 21:28:46,164 - INFO - 当前用时 0.00 秒
2026-03-09 21:28:46,164 - INFO - 将种子集 写入位置: /home/wen/work/coup_spread/network.netscience/2026-3-18/seeds-with-network.netscience/tier_based_random_seedNum-80_SSRNum-50000.txt
2026-03-09 21:28:46,164 - INFO - 首次生成种子集 degreeTopM
2026-03-09 21:28:46,164 - INFO - 执行当前算法开始: degreeTopM
2026-03-09 21:28:46,164 - INFO - 依据: 选择连接数（度数）最多的节点。
2026-03-09 21:28:46,165 - INFO - 选择的 Top M 节点及其度数:
2026-03-09 21:28:46,165 - INFO - 
2026-03-09 21:28:46,165 - INFO - 当前用时 0.00 秒
2026-03-09 21:28:46,165 - INFO - 将种子集 写入位置: /home/wen/work/coup_spread/network.netscience/2026-3-18/seeds-with-network.netscience/tier_based_degreeTopM_seedNum-80_SSRNum-50000.txt
2026-03-09 21:28:46,165 - INFO - 首次生成种子集 pageRank
2026-03-09 21:28:46,165 - INFO - 执行当前算法开始: pageRank
2026-03-09 21:28:46,165 - INFO - --- Running: PageRank (on tranProMatrix) Top M ---
2026-03-09 21:28:46,176 - INFO - Selected PageRank seeds: [58, 3, 4, 119, 72, 5, 142, 106, 53, 219, 189, 107, 13, 41, 187, 7, 44, 92, 94, 173, 62, 95, 167, 96, 118, 75, 8, 123, 235, 234, 113, 180, 217, 11, 0, 76, 232, 124, 233, 46, 20, 140, 329, 52, 156, 87, 362, 122, 268, 74, 126, 81, 252, 249, 250, 295, 14, 320, 204, 201, 267, 209, 127, 188, 258, 259, 200, 178, 193, 216, 162, 163, 225, 69, 280, 40, 42, 286, 198, 369]
2026-03-09 21:28:46,176 - INFO - 当前用时 0.01 秒
2026-03-09 21:28:46,176 - INFO - 将种子集 写入位置: /home/wen/work/coup_spread/network.netscience/2026-3-18/seeds-with-network.netscience/tier_based_pageRank_seedNum-80_SSRNum-50000.txt
2026-03-09 21:28:46,176 - INFO - 首次生成种子集 alpha_sort
2026-03-09 21:28:46,176 - INFO - 执行当前算法开始: alpha_sort
2026-03-09 21:28:46,176 - INFO - 379 个节点的alpha值降序排序 done
2026-03-09 21:28:46,176 - INFO - ==============>> [(185, np.float64(0.4874889759349803)), (333, np.float64(0.45727300010768596)), (91, np.float64(0.45533211346476027)), (374, np.float64(0.45385872325652965)), (310, np.float64(0.4499244174265513)), (89, np.float64(0.44690285035399735)), (315, np.float64(0.44665437008098746)), (31, np.float64(0.44229078675600586)), (125, np.float64(0.43788619468731893)), (158, np.float64(0.4371748184352965))]
2026-03-09 21:28:46,176 - INFO - 
选择的种子集 (按alpha排序): [185, 333, 91, 374, 310, 89, 315, 31, 125, 158, 282, 351, 134, 345, 309, 373, 215, 37, 2, 136, 78, 311, 132, 55, 274, 199, 1, 97, 328, 114, 344, 312, 317, 103, 318, 157, 80, 208, 154, 214, 289, 45, 277, 22, 49, 319, 109, 231, 179, 90, 334, 111, 278, 131, 51, 67, 153, 108, 273, 325, 321, 110, 79, 276, 272, 343, 104, 316, 303, 297, 194, 133, 128, 85, 281, 353, 348, 304, 269, 32]

2026-03-09 21:28:46,176 - INFO - 当前用时 0.00 秒
2026-03-09 21:28:46,177 - INFO - 将种子集 写入位置: /home/wen/work/coup_spread/network.netscience/2026-3-18/seeds-with-network.netscience/tier_based_alpha_sort_seedNum-80_SSRNum-50000.txt
2026-03-09 21:28:46,177 - INFO - 首次生成种子集 ris_optimized
2026-03-09 21:28:46,177 - INFO - 执行当前算法开始: ris_optimized
2026-03-09 21:28:46,179 - INFO - 图初始化完成，节点数: 379，当前模式: 优化采样
2026-03-09 21:28:46,179 - INFO - 开始生成 50000 组多重RR-Set...
2026-03-09 21:28:55,817 - INFO - 生成完毕。耗时: 9.64 秒。
2026-03-09 21:28:55,827 - INFO - 开始基于多重RR集贪心选择最优种子...
2026-03-09 21:28:57,435 - INFO - 选种完毕。耗时: 1.61 秒。估算范围: 58.24
2026-03-09 21:28:57,834 - INFO - 当前用时 11.66 秒
2026-03-09 21:28:57,835 - INFO - 将种子集 写入位置: /home/wen/work/coup_spread/network.netscience/2026-3-18/seeds-with-network.netscience/tier_based_ris_optimized_seedNum-80_SSRNum-50000.txt
2026-03-09 21:28:57,835 - INFO - 首次生成种子集 1hop_sort
2026-03-09 21:28:57,835 - INFO - 执行当前算法开始: 1hop_sort
2026-03-09 21:28:57,835 - INFO - --- Running: Teacher's 1-Hop Expected Spread Sort ---
2026-03-09 21:28:57,836 - INFO - 选出的前 5 个种子得分展示: [0.74406473 0.72669666 0.72024145 0.71196751 0.70817234]
2026-03-09 21:28:57,836 - INFO - 当前用时 0.00 秒
2026-03-09 21:28:57,837 - INFO - 将种子集 写入位置: /home/wen/work/coup_spread/network.netscience/2026-3-18/seeds-with-network.netscience/tier_based_1hop_sort_seedNum-80_SSRNum-50000.txt
2026-03-09 21:28:57,837 - INFO - 评估种子集: None
2026-03-09 21:28:57,837 - INFO - 多进程评估开始，共有 6 个方法待评估...
2026-03-09 21:28:57,837 - INFO - 启动进程池，Worker数量: 6
2026-03-09 21:28:57,910 - INFO - [Process 543163] 开始评估方法: random, 种子数: 80
2026-03-09 21:28:57,920 - INFO - [Process 543164] 开始评估方法: degreeTopM, 种子数: 80
2026-03-09 21:28:57,925 - INFO - [Process 543165] 开始评估方法: pageRank, 种子数: 80
2026-03-09 21:28:57,931 - INFO - [Process 543166] 开始评估方法: alpha_sort, 种子数: 80
2026-03-09 21:28:57,939 - INFO - [Process 543167] 开始评估方法: ris_optimized, 种子数: 80
2026-03-09 21:28:57,941 - INFO - [Process 543168] 开始评估方法: 1hop_sort, 种子数: 80
2026-03-09 21:28:59,184 - INFO - [alpha_sort - 种子:80] 拉新:55.2人 | 总销量:58.5单 | 品牌曝光:202.4次 | 🌟综合得分:77.1
2026-03-09 21:28:59,336 - INFO - [1hop_sort - 种子:80] 拉新:54.6人 | 总销量:58.5单 | 品牌曝光:200.2次 | 🌟综合得分:76.5
2026-03-09 21:28:59,940 - INFO - [ris_optimized - 种子:80] 拉新:62.4人 | 总销量:66.4单 | 品牌曝光:283.9次 | 🌟综合得分:92.8
2026-03-09 21:29:00,095 - INFO - [random - 种子:80] 拉新:61.5人 | 总销量:66.7单 | 品牌曝光:298.6次 | 🌟综合得分:93.9
2026-03-09 21:29:00,342 - INFO - [pageRank - 种子:80] 拉新:61.3人 | 总销量:68.3单 | 品牌曝光:323.0次 | 🌟综合得分:97.1
2026-03-09 21:29:00,407 - INFO - [degreeTopM - 种子:80] 拉新:59.3人 | 总销量:68.7单 | 品牌曝光:327.0次 | 🌟综合得分:96.7
2026-03-09 21:29:00,429 - INFO - 所有进程执行完毕，开始写入数据...
2026-03-09 21:29:00,433 - INFO - 成功写入 6 条记录至 /home/wen/work/coup_spread/gzc-impl/results/network.netscience/2026-3-18/tier_based_SSRNum-50000-_seedNum-80_simuTimes-500.csv
2026-03-09 21:29:00,434 - INFO - 保存评估文件至: /home/wen/work/coup_spread/gzc-impl/results/network.netscience/2026-3-18/tier_based_SSRNum-50000-_seedNum-80_simuTimes-500.csv
2026-03-09 21:29:00,437 - INFO - 加载数据集: network.netscience
2026-03-09 21:29:00,437 - INFO - --- 矩阵分析 ---
2026-03-09 21:29:00,437 - INFO - 节点数 (N): 379
2026-03-09 21:29:00,438 - INFO - 边数 (E): 1828
2026-03-09 21:29:00,438 - INFO - 密度 (Density): 0.01272617 (越小越稀疏)
2026-03-09 21:29:00,438 - INFO - 稀疏度 (Sparsity): 0.98727383 (越接近1越稀疏)
2026-03-09 21:29:00,438 - INFO - 平均度数 (Avg Degree): 4.82
2026-03-09 21:29:00,438 - INFO - 首次生成度相关概率分布 分布类型: 'tier_based'.
2026-03-09 21:29:00,438 - INFO - ===> Generating 'Tier-based (Percentile)' distributions for Real Graph...
2026-03-09 21:29:00,439 - INFO - 保存概率分布 文件位置: /home/wen/work/coup_spread/network.netscience/2026-3-18/distribution-in-network.netscience/distribution-tier_based_seedNum-90.pkl
2026-03-09 21:29:00,441 - INFO - 首次生成种子集 random
2026-03-09 21:29:00,442 - INFO - 执行当前算法开始: random
2026-03-09 21:29:00,442 - INFO - 数据集节点总数:  n = 379, m = 90
2026-03-09 21:29:00,442 - INFO - 选择 90  [146, 318, 245, 175, 15, 302, 364, 220, 50, 201, 301, 52, 166, 300, 35, 241, 85, 268, 174, 248, 48, 7, 230, 297, 188, 295, 327, 139, 198, 34, 19, 290, 310, 284, 54, 271, 367, 41, 291, 43, 338, 341, 226, 120, 97, 186, 137, 194, 257, 193, 277, 141, 182, 317, 23, 135, 134, 125, 3, 5, 328, 4, 100, 70, 218, 353, 315, 344, 240, 123, 30, 378, 283, 249, 129, 124, 105, 258, 246, 200, 68, 75, 215, 110, 358, 72, 150, 322, 357, 320]

2026-03-09 21:29:00,442 - INFO - 当前用时 0.00 秒
2026-03-09 21:29:00,442 - INFO - 将种子集 写入位置: /home/wen/work/coup_spread/network.netscience/2026-3-18/seeds-with-network.netscience/tier_based_random_seedNum-90_SSRNum-50000.txt
2026-03-09 21:29:00,442 - INFO - 首次生成种子集 degreeTopM
2026-03-09 21:29:00,442 - INFO - 执行当前算法开始: degreeTopM
2026-03-09 21:29:00,442 - INFO - 依据: 选择连接数（度数）最多的节点。
2026-03-09 21:29:00,443 - INFO - 选择的 Top M 节点及其度数:
2026-03-09 21:29:00,443 - INFO - 
2026-03-09 21:29:00,443 - INFO - 当前用时 0.00 秒
2026-03-09 21:29:00,443 - INFO - 将种子集 写入位置: /home/wen/work/coup_spread/network.netscience/2026-3-18/seeds-with-network.netscience/tier_based_degreeTopM_seedNum-90_SSRNum-50000.txt
2026-03-09 21:29:00,443 - INFO - 首次生成种子集 pageRank
2026-03-09 21:29:00,443 - INFO - 执行当前算法开始: pageRank
2026-03-09 21:29:00,443 - INFO - --- Running: PageRank (on tranProMatrix) Top M ---
2026-03-09 21:29:00,452 - INFO - Selected PageRank seeds: [58, 3, 4, 119, 72, 5, 142, 106, 53, 219, 189, 107, 13, 41, 187, 7, 44, 92, 94, 173, 62, 95, 167, 96, 118, 75, 8, 123, 235, 234, 113, 180, 217, 11, 0, 76, 232, 124, 233, 46, 20, 140, 329, 52, 156, 87, 362, 122, 268, 74, 126, 81, 252, 249, 250, 295, 14, 320, 204, 201, 267, 209, 127, 188, 258, 259, 200, 178, 193, 216, 162, 163, 225, 69, 280, 40, 42, 286, 198, 369, 247, 283, 15, 16, 28, 29, 63, 18, 19, 261]
2026-03-09 21:29:00,452 - INFO - 当前用时 0.01 秒
2026-03-09 21:29:00,453 - INFO - 将种子集 写入位置: /home/wen/work/coup_spread/network.netscience/2026-3-18/seeds-with-network.netscience/tier_based_pageRank_seedNum-90_SSRNum-50000.txt
2026-03-09 21:29:00,453 - INFO - 首次生成种子集 alpha_sort
2026-03-09 21:29:00,453 - INFO - 执行当前算法开始: alpha_sort
2026-03-09 21:29:00,453 - INFO - 379 个节点的alpha值降序排序 done
2026-03-09 21:29:00,453 - INFO - ==============>> [(316, np.float64(0.48935871601174497)), (103, np.float64(0.47763672075473224)), (108, np.float64(0.476380248255508)), (37, np.float64(0.468976861254454)), (45, np.float64(0.46296022270825654)), (208, np.float64(0.46246578950373696)), (277, np.float64(0.4605113932173237)), (328, np.float64(0.4567686803932113)), (157, np.float64(0.4565807268663459)), (154, np.float64(0.4548696001597497))]
2026-03-09 21:29:00,453 - INFO - 
选择的种子集 (按alpha排序): [316, 103, 108, 37, 45, 208, 277, 328, 157, 154, 281, 78, 91, 67, 309, 49, 90, 194, 125, 128, 319, 109, 315, 131, 1, 334, 158, 51, 134, 79, 312, 111, 274, 276, 374, 22, 310, 110, 114, 185, 97, 215, 351, 344, 289, 104, 311, 297, 343, 55, 345, 282, 321, 89, 31, 2, 153, 133, 318, 231, 333, 325, 272, 317, 179, 303, 214, 136, 373, 132, 80, 273, 199, 278, 85, 147, 353, 176, 271, 20, 112, 375, 196, 290, 365, 371, 24, 237, 44, 69]

2026-03-09 21:29:00,453 - INFO - 当前用时 0.00 秒
2026-03-09 21:29:00,453 - INFO - 将种子集 写入位置: /home/wen/work/coup_spread/network.netscience/2026-3-18/seeds-with-network.netscience/tier_based_alpha_sort_seedNum-90_SSRNum-50000.txt
2026-03-09 21:29:00,454 - INFO - 首次生成种子集 ris_optimized
2026-03-09 21:29:00,454 - INFO - 执行当前算法开始: ris_optimized
2026-03-09 21:29:00,456 - INFO - 图初始化完成，节点数: 379，当前模式: 优化采样
2026-03-09 21:29:00,456 - INFO - 开始生成 50000 组多重RR-Set...
2026-03-09 21:29:08,587 - INFO - 生成完毕。耗时: 8.13 秒。
2026-03-09 21:29:08,590 - INFO - 开始基于多重RR集贪心选择最优种子...
2026-03-09 21:29:10,353 - INFO - 选种完毕。耗时: 1.76 秒。估算范围: 65.67
2026-03-09 21:29:10,845 - INFO - 当前用时 10.39 秒
2026-03-09 21:29:10,845 - INFO - 将种子集 写入位置: /home/wen/work/coup_spread/network.netscience/2026-3-18/seeds-with-network.netscience/tier_based_ris_optimized_seedNum-90_SSRNum-50000.txt
2026-03-09 21:29:10,845 - INFO - 首次生成种子集 1hop_sort
2026-03-09 21:29:10,845 - INFO - 执行当前算法开始: 1hop_sort
2026-03-09 21:29:10,845 - INFO - --- Running: Teacher's 1-Hop Expected Spread Sort ---
2026-03-09 21:29:10,847 - INFO - 选出的前 5 个种子得分展示: [0.82740723 0.79333184 0.78937447 0.78891426 0.76189782]
2026-03-09 21:29:10,847 - INFO - 当前用时 0.00 秒
2026-03-09 21:29:10,847 - INFO - 将种子集 写入位置: /home/wen/work/coup_spread/network.netscience/2026-3-18/seeds-with-network.netscience/tier_based_1hop_sort_seedNum-90_SSRNum-50000.txt
2026-03-09 21:29:10,847 - INFO - 评估种子集: None
2026-03-09 21:29:10,847 - INFO - 多进程评估开始，共有 6 个方法待评估...
2026-03-09 21:29:10,847 - INFO - 启动进程池，Worker数量: 6
2026-03-09 21:29:10,924 - INFO - [Process 543370] 开始评估方法: random, 种子数: 90
2026-03-09 21:29:10,931 - INFO - [Process 543371] 开始评估方法: degreeTopM, 种子数: 90
2026-03-09 21:29:10,937 - INFO - [Process 543372] 开始评估方法: pageRank, 种子数: 90
2026-03-09 21:29:10,942 - INFO - [Process 543373] 开始评估方法: alpha_sort, 种子数: 90
2026-03-09 21:29:10,947 - INFO - [Process 543374] 开始评估方法: ris_optimized, 种子数: 90
2026-03-09 21:29:10,955 - INFO - [Process 543375] 开始评估方法: 1hop_sort, 种子数: 90
2026-03-09 21:29:12,437 - INFO - [1hop_sort - 种子:90] 拉新:60.4人 | 总销量:66.5单 | 品牌曝光:231.4次 | 🌟综合得分:86.6
2026-03-09 21:29:12,467 - INFO - [alpha_sort - 种子:90] 拉新:63.1人 | 总销量:67.1单 | 品牌曝光:238.2次 | 🌟综合得分:88.9
2026-03-09 21:29:13,439 - INFO - [ris_optimized - 种子:90] 拉新:69.3人 | 总销量:75.2单 | 品牌曝光:323.7次 | 🌟综合得分:104.6
2026-03-09 21:29:13,441 - INFO - [random - 种子:90] 拉新:68.7人 | 总销量:76.1单 | 品牌曝光:350.6次 | 🌟综合得分:107.5
2026-03-09 21:29:13,605 - INFO - [degreeTopM - 种子:90] 拉新:66.3人 | 总销量:77.8单 | 品牌曝光:369.9次 | 🌟综合得分:109.0
2026-03-09 21:29:13,893 - INFO - [pageRank - 种子:90] 拉新:67.9人 | 总销量:77.2单 | 品牌曝光:367.6次 | 🌟综合得分:109.3
2026-03-09 21:29:13,916 - INFO - 所有进程执行完毕，开始写入数据...
2026-03-09 21:29:13,921 - INFO - 成功写入 6 条记录至 /home/wen/work/coup_spread/gzc-impl/results/network.netscience/2026-3-18/tier_based_SSRNum-50000-_seedNum-90_simuTimes-500.csv
2026-03-09 21:29:13,922 - INFO - 保存评估文件至: /home/wen/work/coup_spread/gzc-impl/results/network.netscience/2026-3-18/tier_based_SSRNum-50000-_seedNum-90_simuTimes-500.csv
2026-03-09 21:29:13,925 - INFO - 加载数据集: network.netscience
2026-03-09 21:29:13,926 - INFO - --- 矩阵分析 ---
2026-03-09 21:29:13,926 - INFO - 节点数 (N): 379
2026-03-09 21:29:13,926 - INFO - 边数 (E): 1828
2026-03-09 21:29:13,926 - INFO - 密度 (Density): 0.01272617 (越小越稀疏)
2026-03-09 21:29:13,926 - INFO - 稀疏度 (Sparsity): 0.98727383 (越接近1越稀疏)
2026-03-09 21:29:13,926 - INFO - 平均度数 (Avg Degree): 4.82
2026-03-09 21:29:13,926 - INFO - 首次生成度相关概率分布 分布类型: 'tier_based'.
2026-03-09 21:29:13,927 - INFO - ===> Generating 'Tier-based (Percentile)' distributions for Real Graph...
2026-03-09 21:29:13,927 - INFO - 保存概率分布 文件位置: /home/wen/work/coup_spread/network.netscience/2026-3-18/distribution-in-network.netscience/distribution-tier_based_seedNum-100.pkl
2026-03-09 21:29:13,930 - INFO - 首次生成种子集 random
2026-03-09 21:29:13,930 - INFO - 执行当前算法开始: random
2026-03-09 21:29:13,930 - INFO - 数据集节点总数:  n = 379, m = 100
2026-03-09 21:29:13,930 - INFO - 选择 100  [268, 169, 106, 198, 308, 249, 55, 18, 154, 10, 26, 204, 365, 326, 214, 329, 215, 349, 229, 163, 168, 84, 261, 116, 139, 188, 344, 179, 374, 181, 323, 330, 377, 130, 53, 67, 56, 192, 69, 364, 352, 143, 126, 171, 335, 24, 263, 100, 66, 74, 80, 182, 149, 320, 46, 258, 341, 164, 102, 4, 38, 160, 104, 376, 31, 96, 124, 232, 368, 209, 288, 114, 127, 91, 354, 267, 337, 328, 279, 49, 140, 40, 101, 165, 350, 87, 83, 105, 222, 274, 242, 190, 241, 3, 281, 293, 317, 348, 95, 345]

2026-03-09 21:29:13,930 - INFO - 当前用时 0.00 秒
2026-03-09 21:29:13,930 - INFO - 将种子集 写入位置: /home/wen/work/coup_spread/network.netscience/2026-3-18/seeds-with-network.netscience/tier_based_random_seedNum-100_SSRNum-50000.txt
2026-03-09 21:29:13,930 - INFO - 首次生成种子集 degreeTopM
2026-03-09 21:29:13,930 - INFO - 执行当前算法开始: degreeTopM
2026-03-09 21:29:13,930 - INFO - 依据: 选择连接数（度数）最多的节点。
2026-03-09 21:29:13,931 - INFO - 选择的 Top M 节点及其度数:
2026-03-09 21:29:13,931 - INFO - 
2026-03-09 21:29:13,931 - INFO - 当前用时 0.00 秒
2026-03-09 21:29:13,931 - INFO - 将种子集 写入位置: /home/wen/work/coup_spread/network.netscience/2026-3-18/seeds-with-network.netscience/tier_based_degreeTopM_seedNum-100_SSRNum-50000.txt
2026-03-09 21:29:13,931 - INFO - 首次生成种子集 pageRank
2026-03-09 21:29:13,931 - INFO - 执行当前算法开始: pageRank
2026-03-09 21:29:13,931 - INFO - --- Running: PageRank (on tranProMatrix) Top M ---
2026-03-09 21:29:13,940 - INFO - Selected PageRank seeds: [58, 3, 4, 119, 72, 5, 142, 106, 53, 219, 189, 107, 13, 41, 187, 7, 44, 92, 94, 173, 62, 95, 167, 96, 118, 75, 8, 123, 235, 234, 113, 180, 217, 11, 0, 76, 232, 124, 233, 46, 20, 140, 329, 52, 156, 87, 362, 122, 268, 74, 126, 81, 252, 249, 250, 295, 14, 320, 204, 201, 267, 209, 127, 188, 258, 259, 200, 178, 193, 216, 162, 163, 225, 69, 280, 40, 42, 286, 198, 369, 247, 283, 15, 16, 28, 29, 63, 18, 19, 261, 265, 266, 269, 270, 210, 293, 146, 227, 54, 184]
2026-03-09 21:29:13,940 - INFO - 当前用时 0.01 秒
2026-03-09 21:29:13,941 - INFO - 将种子集 写入位置: /home/wen/work/coup_spread/network.netscience/2026-3-18/seeds-with-network.netscience/tier_based_pageRank_seedNum-100_SSRNum-50000.txt
2026-03-09 21:29:13,941 - INFO - 首次生成种子集 alpha_sort
2026-03-09 21:29:13,941 - INFO - 执行当前算法开始: alpha_sort
2026-03-09 21:29:13,941 - INFO - 379 个节点的alpha值降序排序 done
2026-03-09 21:29:13,941 - INFO - ==============>> [(31, np.float64(0.4688051000103759)), (133, np.float64(0.4671262821996455)), (2, np.float64(0.461379598790078)), (134, np.float64(0.46023118498118876)), (328, np.float64(0.4600552846809274)), (114, np.float64(0.45934675974306644)), (55, np.float64(0.4520029509022344)), (309, np.float64(0.4508878274401224)), (277, np.float64(0.4507317752172706)), (231, np.float64(0.4500772593799938))]
2026-03-09 21:29:13,941 - INFO - 
选择的种子集 (按alpha排序): [31, 133, 2, 134, 328, 114, 55, 309, 277, 231, 272, 208, 111, 319, 109, 344, 79, 185, 132, 310, 312, 289, 1, 22, 108, 297, 89, 103, 334, 315, 91, 318, 273, 136, 311, 110, 179, 321, 85, 282, 49, 78, 317, 37, 303, 45, 158, 97, 276, 316, 104, 215, 194, 214, 80, 281, 128, 351, 278, 51, 157, 131, 199, 333, 374, 153, 343, 345, 325, 274, 90, 125, 373, 67, 154, 346, 144, 212, 122, 331, 192, 293, 300, 237, 285, 181, 363, 320, 366, 189, 68, 165, 228, 307, 163, 60, 164, 304, 150, 209]

2026-03-09 21:29:13,941 - INFO - 当前用时 0.00 秒
2026-03-09 21:29:13,941 - INFO - 将种子集 写入位置: /home/wen/work/coup_spread/network.netscience/2026-3-18/seeds-with-network.netscience/tier_based_alpha_sort_seedNum-100_SSRNum-50000.txt
2026-03-09 21:29:13,942 - INFO - 首次生成种子集 ris_optimized
2026-03-09 21:29:13,942 - INFO - 执行当前算法开始: ris_optimized
2026-03-09 21:29:13,944 - INFO - 图初始化完成，节点数: 379，当前模式: 优化采样
2026-03-09 21:29:13,944 - INFO - 开始生成 50000 组多重RR-Set...
2026-03-09 21:29:24,758 - INFO - 生成完毕。耗时: 10.81 秒。
2026-03-09 21:29:24,766 - INFO - 开始基于多重RR集贪心选择最优种子...
2026-03-09 21:29:26,929 - INFO - 选种完毕。耗时: 2.16 秒。估算范围: 72.41
2026-03-09 21:29:27,428 - INFO - 当前用时 13.49 秒
2026-03-09 21:29:27,428 - INFO - 将种子集 写入位置: /home/wen/work/coup_spread/network.netscience/2026-3-18/seeds-with-network.netscience/tier_based_ris_optimized_seedNum-100_SSRNum-50000.txt
2026-03-09 21:29:27,428 - INFO - 首次生成种子集 1hop_sort
2026-03-09 21:29:27,428 - INFO - 执行当前算法开始: 1hop_sort
2026-03-09 21:29:27,428 - INFO - --- Running: Teacher's 1-Hop Expected Spread Sort ---
2026-03-09 21:29:27,430 - INFO - 选出的前 5 个种子得分展示: [0.80680637 0.80335882 0.78395447 0.77380856 0.77228512]
2026-03-09 21:29:27,430 - INFO - 当前用时 0.00 秒
2026-03-09 21:29:27,430 - INFO - 将种子集 写入位置: /home/wen/work/coup_spread/network.netscience/2026-3-18/seeds-with-network.netscience/tier_based_1hop_sort_seedNum-100_SSRNum-50000.txt
2026-03-09 21:29:27,430 - INFO - 评估种子集: None
2026-03-09 21:29:27,430 - INFO - 多进程评估开始，共有 6 个方法待评估...
2026-03-09 21:29:27,430 - INFO - 启动进程池，Worker数量: 6
2026-03-09 21:29:27,513 - INFO - [Process 543647] 开始评估方法: random, 种子数: 100
2026-03-09 21:29:27,521 - INFO - [Process 543648] 开始评估方法: degreeTopM, 种子数: 100
2026-03-09 21:29:27,527 - INFO - [Process 543649] 开始评估方法: pageRank, 种子数: 100
2026-03-09 21:29:27,533 - INFO - [Process 543650] 开始评估方法: alpha_sort, 种子数: 100
2026-03-09 21:29:27,536 - INFO - [Process 543651] 开始评估方法: ris_optimized, 种子数: 100
2026-03-09 21:29:27,542 - INFO - [Process 543652] 开始评估方法: 1hop_sort, 种子数: 100
2026-03-09 21:29:29,249 - INFO - [1hop_sort - 种子:100] 拉新:67.8人 | 总销量:75.7单 | 品牌曝光:263.2次 | 🌟综合得分:98.1
2026-03-09 21:29:29,341 - INFO - [alpha_sort - 种子:100] 拉新:71.4人 | 总销量:76.7单 | 品牌曝光:276.6次 | 🌟综合得分:101.7
2026-03-09 21:29:30,067 - INFO - [ris_optimized - 种子:100] 拉新:77.0人 | 总销量:83.4单 | 品牌曝光:352.2次 | 🌟综合得分:115.4
2026-03-09 21:29:30,444 - INFO - [random - 种子:100] 拉新:76.6人 | 总销量:84.6单 | 品牌曝光:381.9次 | 🌟综合得分:118.8
2026-03-09 21:29:30,572 - INFO - [pageRank - 种子:100] 拉新:74.8人 | 总销量:85.9单 | 品牌曝光:401.0次 | 🌟综合得分:120.4
2026-03-09 21:29:30,578 - INFO - [degreeTopM - 种子:100] 拉新:71.6人 | 总销量:86.2单 | 品牌曝光:410.7次 | 🌟综合得分:119.9
2026-03-09 21:29:30,606 - INFO - 所有进程执行完毕，开始写入数据...
2026-03-09 21:29:30,615 - INFO - 成功写入 6 条记录至 /home/wen/work/coup_spread/gzc-impl/results/network.netscience/2026-3-18/tier_based_SSRNum-50000-_seedNum-100_simuTimes-500.csv
2026-03-09 21:29:30,616 - INFO - 保存评估文件至: /home/wen/work/coup_spread/gzc-impl/results/network.netscience/2026-3-18/tier_based_SSRNum-50000-_seedNum-100_simuTimes-500.csv
