2026-01-06 13:47:24,638 - INFO - 加载数据集: network.douban
2026-01-06 13:47:24,641 - INFO - --- 矩阵分析 ---
2026-01-06 13:47:24,641 - INFO - 节点数 (N): 154907
2026-01-06 13:47:24,641 - INFO - 边数 (E): 654206
2026-01-06 13:47:24,641 - INFO - 密度 (Density): 0.00002726 (越小越稀疏)
2026-01-06 13:47:24,641 - INFO - 稀疏度 (Sparsity): 0.99997274 (越接近1越稀疏)
2026-01-06 13:47:24,641 - INFO - 平均度数 (Avg Degree): 4.22
2026-01-06 13:47:24,647 - INFO - 首次生成度相关概率分布 分布类型: 'random'.
2026-01-06 13:47:24,647 - INFO - ===> Generating 'Dirichlet' distributions with alpha=[500, 500, 500]...
2026-01-06 13:47:24,670 - INFO - 保存概率分布 文件位置: /root/pythonspace/data-test/network.douban/2026-1-6-[500,500,500]/distribution-in-network.douban/distribution-random_seedNum-100.pkl
2026-01-06 13:47:25,358 - INFO - 首次生成种子集 random
2026-01-06 13:47:25,358 - INFO - 执行当前算法开始: random
2026-01-06 13:47:25,358 - INFO - 数据集节点总数:  n = 154907, m = 100
2026-01-06 13:47:25,358 - INFO - 选择 100  [15094, 6098, 71025, 111272, 85317, 54350, 40508, 73863, 52763, 93612, 143685, 140385, 50277, 53451, 71160, 116559, 14158, 77900, 87574, 70319, 74545, 42855, 77317, 120039, 58850, 10275, 52769, 120684, 141941, 22102, 66049, 64960, 15237, 66151, 146247, 84493, 95409, 53256, 12251, 11075, 110232, 76192, 6753, 68026, 102417, 152829, 58451, 82470, 18626, 129027, 129397, 87422, 57575, 143076, 153143, 31178, 77675, 66247, 126430, 132720, 65261, 39348, 73692, 11203, 129584, 140275, 115666, 11176, 112964, 120524, 119614, 89054, 13724, 145441, 142153, 115136, 79457, 153900, 122332, 95109, 99181, 27570, 80619, 38845, 140167, 37772, 147520, 45633, 84125, 95373, 153417, 71012, 85032, 104447, 77996, 62383, 83304, 111354, 149254, 97077]

2026-01-06 13:47:25,358 - INFO - 当前用时 0.00 秒
2026-01-06 13:47:25,358 - INFO - 将种子集 写入位置: /root/pythonspace/data-test/network.douban/2026-1-6-[500,500,500]/seeds-with-network.douban/random_random_seedNum-100_SSRNum-100000.txt
2026-01-06 13:47:25,359 - INFO - 首次生成种子集 degreeTopM
2026-01-06 13:47:25,359 - INFO - 执行当前算法开始: degreeTopM
2026-01-06 13:47:25,359 - INFO - 依据: 选择连接数（度数）最多的节点。
2026-01-06 13:47:25,366 - INFO - 选择的 Top M 节点及其度数:
2026-01-06 13:47:25,366 - INFO - 
2026-01-06 13:47:25,366 - INFO - 当前用时 0.01 秒
2026-01-06 13:47:25,366 - INFO - 将种子集 写入位置: /root/pythonspace/data-test/network.douban/2026-1-6-[500,500,500]/seeds-with-network.douban/random_degreeTopM_seedNum-100_SSRNum-100000.txt
2026-01-06 13:47:25,366 - INFO - 首次生成种子集 pageRank
2026-01-06 13:47:25,366 - INFO - 执行当前算法开始: pageRank
2026-01-06 13:47:25,366 - INFO - --- Running: PageRank (on tranProMatrix) Top M ---
2026-01-06 13:49:57,805 - INFO - Selected PageRank seeds: [255, 875, 874, 7946, 4371, 168, 3527, 2971, 26, 6855, 180, 6836, 1465, 3020, 3463, 474, 3261, 969, 4153, 7204, 47, 2613, 429, 121785, 573, 8172, 2915, 82977, 5179, 63108, 77378, 70047, 4234, 58586, 92, 46050, 88, 1160, 1264, 8915, 46517, 120909, 69479, 15188, 55050, 69454, 961, 72755, 419, 1522, 459, 1234, 7186, 67537, 882, 6429, 8871, 219, 56267, 42211, 112718, 108460, 29936, 1303, 30409, 74647, 93056, 8186, 64429, 437, 7719, 3763, 67997, 52221, 9297, 6163, 592, 54959, 82921, 70099, 71604, 58778, 64932, 11008, 69229, 423, 4174, 229, 1827, 3499, 7863, 49214, 40319, 4021, 53599, 2448, 841, 42908, 77134, 1475]
2026-01-06 13:49:57,956 - INFO - 当前用时 152.59 秒
2026-01-06 13:49:57,956 - INFO - 将种子集 写入位置: /root/pythonspace/data-test/network.douban/2026-1-6-[500,500,500]/seeds-with-network.douban/random_pageRank_seedNum-100_SSRNum-100000.txt
2026-01-06 13:49:57,956 - INFO - 首次生成种子集 alpha_sort
2026-01-06 13:49:57,957 - INFO - 执行当前算法开始: alpha_sort
2026-01-06 13:49:58,031 - INFO - 154907 个节点的alpha值降序排序 done
2026-01-06 13:49:58,032 - INFO - ==============>> [(72122, 0.3883696), (15195, 0.3866727), (139631, 0.3837002), (134579, 0.3832492), (108319, 0.3824879), (116644, 0.3823151), (25006, 0.3818979), (152694, 0.381831), (41825, 0.3815219), (3212, 0.3814315)]
2026-01-06 13:49:58,032 - INFO - 
选择的种子集 (按alpha排序): [72122, 15195, 139631, 134579, 108319, 116644, 25006, 152694, 41825, 3212, 5273, 19637, 21199, 116246, 115028, 69614, 42359, 20843, 47196, 53194, 11169, 19754, 97165, 93508, 43765, 45333, 57445, 146143, 7890, 118570, 27235, 91926, 90323, 134453, 140631, 22602, 103908, 94532, 149478, 72216, 89033, 2245, 135847, 105175, 103328, 107454, 147677, 42577, 71960, 57370, 9857, 124947, 74731, 152810, 10974, 108942, 40846, 53627, 45308, 32209, 71690, 73164, 139402, 105534, 137756, 142789, 81130, 65353, 94510, 130583, 73961, 87713, 120260, 154448, 82696, 18064, 122288, 67507, 41420, 53092, 72286, 134321, 28016, 13471, 73214, 60013, 58534, 84110, 101097, 127593, 122198, 124129, 94502, 146104, 145063, 82440, 60874, 23129, 134837, 82041]

2026-01-06 13:49:58,042 - INFO - 当前用时 0.09 秒
2026-01-06 13:49:58,043 - INFO - 将种子集 写入位置: /root/pythonspace/data-test/network.douban/2026-1-6-[500,500,500]/seeds-with-network.douban/random_alpha_sort_seedNum-100_SSRNum-100000.txt
2026-01-06 13:49:58,043 - INFO - 首次生成种子集 importance_sort
2026-01-06 13:49:58,043 - INFO - 执行当前算法开始: importance_sort
2026-01-06 13:55:47,130 - INFO - 154907 个节点的Importance值降序排序 done
2026-01-06 13:55:47,130 - INFO - 
选择的种子集 (按Importance排序): [7105, 14949, 17279, 16993, 14976, 3206, 14983, 103, 9432, 72122, 15195, 139631, 134579, 108319, 116644, 25006, 152694, 41825, 3212, 5273, 19637, 21199, 116246, 115028, 69614, 42359, 20843, 47196, 53194, 11169, 19754, 97165, 93508, 43765, 45333, 57445, 146143, 7890, 118570, 27235, 91926, 90323, 134453, 140631, 22602, 103908, 94532, 149478, 72216, 89033, 2245, 135847, 105175, 103328, 107454, 147677, 42577, 71960, 57370, 9857, 124947, 74731, 152810, 10974, 108942, 40846, 53627, 45308, 32209, 71690, 73164, 139402, 105534, 137756, 142789, 81130, 65353, 94510, 130583, 73961, 87713, 120260, 154448, 82696, 18064, 122288, 67507, 41420, 53092, 72286, 134321, 28016, 13471, 73214, 60013, 58534, 84110, 101097, 127593, 122198]

2026-01-06 13:55:47,142 - INFO - 当前用时 349.10 秒
2026-01-06 13:55:47,143 - INFO - 将种子集 写入位置: /root/pythonspace/data-test/network.douban/2026-1-6-[500,500,500]/seeds-with-network.douban/random_importance_sort_seedNum-100_SSRNum-100000.txt
2026-01-06 13:55:47,143 - INFO - 首次生成种子集 ris_coverage
2026-01-06 13:55:47,143 - INFO - 执行当前算法开始: ris_coverage
2026-01-06 13:58:49,238 - INFO - 图初始化完成，节点数: 154907，CSR 矩阵准备就绪。
2026-01-06 13:58:49,238 - INFO - 
开始生成 100000 组 SSR (并行进程: 8)...
2026-01-06 13:59:24,031 - INFO - 生成完毕。耗时: 34.79 秒。
2026-01-06 13:59:24,031 - INFO - 
开始选择最优种子 (Optimized Greedy) ...
2026-01-06 13:59:45,448 - INFO -   - 券 1/100 选中节点 1211, 新增覆盖 9
2026-01-06 13:59:45,509 - INFO -   - 券 2/100 选中节点 119883, 新增覆盖 8
2026-01-06 13:59:45,672 - INFO -   - 券 3/100 选中节点 120869, 新增覆盖 8
2026-01-06 13:59:45,848 - INFO -   - 券 4/100 选中节点 7218, 新增覆盖 7
2026-01-06 13:59:46,104 - INFO -   - 券 5/100 选中节点 4306, 新增覆盖 10
2026-01-06 13:59:46,397 - INFO -   - 券 6/100 选中节点 6688, 新增覆盖 9
2026-01-06 13:59:46,700 - INFO -   - 券 7/100 选中节点 56237, 新增覆盖 8
2026-01-06 13:59:47,037 - INFO -   - 券 8/100 选中节点 148402, 新增覆盖 8
2026-01-06 13:59:47,450 - INFO -   - 券 9/100 选中节点 42507, 新增覆盖 8
2026-01-06 13:59:47,951 - INFO -   - 券 10/100 选中节点 32285, 新增覆盖 8
2026-01-06 13:59:48,475 - INFO -   - 券 11/100 选中节点 31315, 新增覆盖 9
2026-01-06 13:59:49,033 - INFO -   - 券 12/100 选中节点 107982, 新增覆盖 8
2026-01-06 13:59:49,605 - INFO -   - 券 13/100 选中节点 129061, 新增覆盖 8
2026-01-06 13:59:50,196 - INFO -   - 券 14/100 选中节点 22282, 新增覆盖 8
2026-01-06 13:59:50,816 - INFO -   - 券 15/100 选中节点 36026, 新增覆盖 9
2026-01-06 13:59:51,447 - INFO -   - 券 16/100 选中节点 78338, 新增覆盖 8
2026-01-06 13:59:52,125 - INFO -   - 券 17/100 选中节点 89465, 新增覆盖 7
2026-01-06 13:59:52,811 - INFO -   - 券 18/100 选中节点 9409, 新增覆盖 7
2026-01-06 13:59:53,623 - INFO -   - 券 19/100 选中节点 11704, 新增覆盖 8
2026-01-06 13:59:54,364 - INFO -   - 券 20/100 选中节点 94076, 新增覆盖 9
2026-01-06 13:59:55,297 - INFO -   - 券 21/100 选中节点 137807, 新增覆盖 8
2026-01-06 13:59:56,112 - INFO -   - 券 22/100 选中节点 88584, 新增覆盖 8
2026-01-06 13:59:56,972 - INFO -   - 券 23/100 选中节点 113760, 新增覆盖 7
2026-01-06 13:59:57,866 - INFO -   - 券 24/100 选中节点 119709, 新增覆盖 9
2026-01-06 13:59:58,765 - INFO -   - 券 25/100 选中节点 65671, 新增覆盖 8
2026-01-06 13:59:59,844 - INFO -   - 券 26/100 选中节点 124124, 新增覆盖 8
2026-01-06 14:00:00,852 - INFO -   - 券 27/100 选中节点 63401, 新增覆盖 9
2026-01-06 14:00:01,951 - INFO -   - 券 28/100 选中节点 107167, 新增覆盖 9
2026-01-06 14:00:03,087 - INFO -   - 券 29/100 选中节点 23268, 新增覆盖 8
2026-01-06 14:00:04,208 - INFO -   - 券 30/100 选中节点 57751, 新增覆盖 8
2026-01-06 14:00:05,600 - INFO -   - 券 31/100 选中节点 52699, 新增覆盖 8
2026-01-06 14:00:06,877 - INFO -   - 券 32/100 选中节点 143243, 新增覆盖 8
2026-01-06 14:00:08,090 - INFO -   - 券 33/100 选中节点 140112, 新增覆盖 8
2026-01-06 14:00:09,432 - INFO -   - 券 34/100 选中节点 132300, 新增覆盖 8
2026-01-06 14:00:10,820 - INFO -   - 券 35/100 选中节点 5160, 新增覆盖 10
2026-01-06 14:00:12,289 - INFO -   - 券 36/100 选中节点 119477, 新增覆盖 8
2026-01-06 14:00:13,776 - INFO -   - 券 37/100 选中节点 38505, 新增覆盖 8
2026-01-06 14:00:15,245 - INFO -   - 券 38/100 选中节点 70152, 新增覆盖 10
2026-01-06 14:00:16,721 - INFO -   - 券 39/100 选中节点 14291, 新增覆盖 8
2026-01-06 14:00:18,207 - INFO -   - 券 40/100 选中节点 47372, 新增覆盖 9
2026-01-06 14:00:19,623 - INFO -   - 券 41/100 选中节点 50227, 新增覆盖 8
2026-01-06 14:00:21,011 - INFO -   - 券 42/100 选中节点 85965, 新增覆盖 8
2026-01-06 14:00:22,522 - INFO -   - 券 43/100 选中节点 54459, 新增覆盖 8
2026-01-06 14:00:24,091 - INFO -   - 券 44/100 选中节点 113024, 新增覆盖 8
2026-01-06 14:00:25,647 - INFO -   - 券 45/100 选中节点 96950, 新增覆盖 8
2026-01-06 14:00:27,333 - INFO -   - 券 46/100 选中节点 108625, 新增覆盖 8
2026-01-06 14:00:29,015 - INFO -   - 券 47/100 选中节点 13176, 新增覆盖 8
2026-01-06 14:00:30,658 - INFO -   - 券 48/100 选中节点 104363, 新增覆盖 11
2026-01-06 14:00:32,394 - INFO -   - 券 49/100 选中节点 145669, 新增覆盖 8
2026-01-06 14:00:34,026 - INFO -   - 券 50/100 选中节点 41135, 新增覆盖 9
2026-01-06 14:00:35,829 - INFO -   - 券 51/100 选中节点 63221, 新增覆盖 9
2026-01-06 14:00:37,654 - INFO -   - 券 52/100 选中节点 56473, 新增覆盖 8
2026-01-06 14:00:39,456 - INFO -   - 券 53/100 选中节点 145665, 新增覆盖 8
2026-01-06 14:00:41,407 - INFO -   - 券 54/100 选中节点 86010, 新增覆盖 7
2026-01-06 14:00:43,161 - INFO -   - 券 55/100 选中节点 24435, 新增覆盖 8
2026-01-06 14:00:45,119 - INFO -   - 券 56/100 选中节点 52135, 新增覆盖 8
2026-01-06 14:00:46,918 - INFO -   - 券 57/100 选中节点 51310, 新增覆盖 8
2026-01-06 14:00:48,929 - INFO -   - 券 58/100 选中节点 114091, 新增覆盖 9
2026-01-06 14:00:51,087 - INFO -   - 券 59/100 选中节点 59676, 新增覆盖 8
2026-01-06 14:00:53,205 - INFO -   - 券 60/100 选中节点 48053, 新增覆盖 8
2026-01-06 14:00:55,427 - INFO -   - 券 61/100 选中节点 51642, 新增覆盖 8
2026-01-06 14:00:57,748 - INFO -   - 券 62/100 选中节点 8052, 新增覆盖 7
2026-01-06 14:00:59,975 - INFO -   - 券 63/100 选中节点 28925, 新增覆盖 8
2026-01-06 14:01:02,210 - INFO -   - 券 64/100 选中节点 145491, 新增覆盖 8
2026-01-06 14:01:04,556 - INFO -   - 券 65/100 选中节点 62697, 新增覆盖 9
2026-01-06 14:01:06,770 - INFO -   - 券 66/100 选中节点 34122, 新增覆盖 8
2026-01-06 14:01:09,256 - INFO -   - 券 67/100 选中节点 45909, 新增覆盖 8
2026-01-06 14:01:11,828 - INFO -   - 券 68/100 选中节点 108955, 新增覆盖 8
2026-01-06 14:01:14,299 - INFO -   - 券 69/100 选中节点 91705, 新增覆盖 7
2026-01-06 14:01:16,921 - INFO -   - 券 70/100 选中节点 51839, 新增覆盖 8
2026-01-06 14:01:19,668 - INFO -   - 券 71/100 选中节点 51341, 新增覆盖 8
2026-01-06 14:01:22,485 - INFO -   - 券 72/100 选中节点 130969, 新增覆盖 8
2026-01-06 14:01:25,171 - INFO -   - 券 73/100 选中节点 5441, 新增覆盖 8
2026-01-06 14:01:27,867 - INFO -   - 券 74/100 选中节点 70824, 新增覆盖 7
2026-01-06 14:01:30,636 - INFO -   - 券 75/100 选中节点 88461, 新增覆盖 8
2026-01-06 14:01:33,390 - INFO -   - 券 76/100 选中节点 138490, 新增覆盖 8
2026-01-06 14:01:36,222 - INFO -   - 券 77/100 选中节点 74683, 新增覆盖 8
2026-01-06 14:01:38,841 - INFO -   - 券 78/100 选中节点 70755, 新增覆盖 8
2026-01-06 14:01:41,456 - INFO -   - 券 79/100 选中节点 129886, 新增覆盖 8
2026-01-06 14:01:44,183 - INFO -   - 券 80/100 选中节点 55031, 新增覆盖 8
2026-01-06 14:01:46,875 - INFO -   - 券 81/100 选中节点 93617, 新增覆盖 8
2026-01-06 14:01:49,589 - INFO -   - 券 82/100 选中节点 34970, 新增覆盖 8
2026-01-06 14:01:52,305 - INFO -   - 券 83/100 选中节点 43555, 新增覆盖 9
2026-01-06 14:01:54,994 - INFO -   - 券 84/100 选中节点 61565, 新增覆盖 8
2026-01-06 14:01:57,785 - INFO -   - 券 85/100 选中节点 32666, 新增覆盖 8
2026-01-06 14:02:00,621 - INFO -   - 券 86/100 选中节点 11065, 新增覆盖 8
2026-01-06 14:02:03,605 - INFO -   - 券 87/100 选中节点 74146, 新增覆盖 8
2026-01-06 14:02:06,522 - INFO -   - 券 88/100 选中节点 60247, 新增覆盖 9
2026-01-06 14:02:09,478 - INFO -   - 券 89/100 选中节点 25177, 新增覆盖 8
2026-01-06 14:02:12,495 - INFO -   - 券 90/100 选中节点 49521, 新增覆盖 7
2026-01-06 14:02:15,475 - INFO -   - 券 91/100 选中节点 118314, 新增覆盖 8
2026-01-06 14:02:18,586 - INFO -   - 券 92/100 选中节点 77309, 新增覆盖 9
2026-01-06 14:02:21,629 - INFO -   - 券 93/100 选中节点 52271, 新增覆盖 8
2026-01-06 14:02:24,661 - INFO -   - 券 94/100 选中节点 121875, 新增覆盖 8
2026-01-06 14:02:27,857 - INFO -   - 券 95/100 选中节点 147830, 新增覆盖 8
2026-01-06 14:02:30,940 - INFO -   - 券 96/100 选中节点 59960, 新增覆盖 9
2026-01-06 14:02:33,985 - INFO -   - 券 97/100 选中节点 68827, 新增覆盖 8
2026-01-06 14:02:37,191 - INFO -   - 券 98/100 选中节点 65509, 新增覆盖 8
2026-01-06 14:02:40,418 - INFO -   - 券 99/100 选中节点 44053, 新增覆盖 8
2026-01-06 14:02:43,658 - INFO -   - 券 100/100 选中节点 17276, 新增覆盖 7
2026-01-06 14:02:43,658 - INFO - 选种完毕。耗时: 199.63 秒。
2026-01-06 14:02:44,821 - INFO - 最终选择的种子集: [1211, 119883, 120869, 7218, 4306, 6688, 56237, 148402, 42507, 32285, 31315, 107982, 129061, 22282, 36026, 78338, 89465, 9409, 11704, 94076, 137807, 88584, 113760, 119709, 65671, 124124, 63401, 107167, 23268, 57751, 52699, 143243, 140112, 132300, 5160, 119477, 38505, 70152, 14291, 47372, 50227, 85965, 54459, 113024, 96950, 108625, 13176, 104363, 145669, 41135, 63221, 56473, 145665, 86010, 24435, 52135, 51310, 114091, 59676, 48053, 51642, 8052, 28925, 145491, 62697, 34122, 45909, 108955, 91705, 51839, 51341, 130969, 5441, 70824, 88461, 138490, 74683, 70755, 129886, 55031, 93617, 34970, 43555, 61565, 32666, 11065, 74146, 60247, 25177, 49521, 118314, 77309, 52271, 121875, 147830, 59960, 68827, 65509, 44053, 17276]

2026-01-06 14:02:45,828 - INFO - 当前用时 418.69 秒
2026-01-06 14:02:45,828 - INFO - 将种子集 写入位置: /root/pythonspace/data-test/network.douban/2026-1-6-[500,500,500]/seeds-with-network.douban/random_ris_coverage_seedNum-100_SSRNum-100000.txt
2026-01-06 14:02:45,835 - INFO - 评估种子集: None
2026-01-06 14:02:45,835 - INFO - 多进程评估开始，共有 6 个方法待评估...
2026-01-06 14:02:45,835 - INFO - 启动进程池，Worker数量: 6
2026-01-06 14:11:05,233 - INFO - 加载数据集: network.douban
2026-01-06 14:11:05,237 - INFO - --- 矩阵分析 ---
2026-01-06 14:11:05,237 - INFO - 节点数 (N): 154907
2026-01-06 14:11:05,237 - INFO - 边数 (E): 654206
2026-01-06 14:11:05,237 - INFO - 密度 (Density): 0.00002726 (越小越稀疏)
2026-01-06 14:11:05,237 - INFO - 稀疏度 (Sparsity): 0.99997274 (越接近1越稀疏)
2026-01-06 14:11:05,237 - INFO - 平均度数 (Avg Degree): 4.22
2026-01-06 14:11:05,244 - INFO - 复用概率分布 文件位置: /root/pythonspace/data-test/network.douban/2026-1-6-[500,500,500]/distribution-in-network.douban/distribution-random_seedNum-100.pkl
2026-01-06 14:11:06,233 - INFO - 从当前位置 读取种子集 /root/pythonspace/data-test/network.douban/2026-1-6-[500,500,500]/seeds-with-network.douban/random_random_seedNum-100_SSRNum-100000.txt
2026-01-06 14:11:06,233 - INFO - 从当前位置 读取种子集 /root/pythonspace/data-test/network.douban/2026-1-6-[500,500,500]/seeds-with-network.douban/random_degreeTopM_seedNum-100_SSRNum-100000.txt
2026-01-06 14:11:06,234 - INFO - 从当前位置 读取种子集 /root/pythonspace/data-test/network.douban/2026-1-6-[500,500,500]/seeds-with-network.douban/random_pageRank_seedNum-100_SSRNum-100000.txt
2026-01-06 14:11:06,234 - INFO - 从当前位置 读取种子集 /root/pythonspace/data-test/network.douban/2026-1-6-[500,500,500]/seeds-with-network.douban/random_alpha_sort_seedNum-100_SSRNum-100000.txt
2026-01-06 14:11:06,235 - INFO - 从当前位置 读取种子集 /root/pythonspace/data-test/network.douban/2026-1-6-[500,500,500]/seeds-with-network.douban/random_importance_sort_seedNum-100_SSRNum-100000.txt
2026-01-06 14:11:06,236 - INFO - 从当前位置 读取种子集 /root/pythonspace/data-test/network.douban/2026-1-6-[500,500,500]/seeds-with-network.douban/random_ris_coverage_seedNum-100_SSRNum-100000.txt
2026-01-06 14:11:06,242 - INFO - 评估种子集: None
2026-01-06 14:11:06,242 - INFO - 多进程评估开始，共有 6 个方法待评估...
2026-01-06 14:11:06,242 - INFO - 启动进程池，Worker数量: 1
