2026-01-05 16:49:57,516 - INFO - 加载数据集: facebook
2026-01-05 16:49:57,518 - INFO - --- 矩阵分析 ---
2026-01-05 16:49:57,519 - INFO - 节点数 (N): 4039
2026-01-05 16:49:57,519 - INFO - 边数 (E): 176468
2026-01-05 16:49:57,519 - INFO - 密度 (Density): 0.01081728 (越小越稀疏)
2026-01-05 16:49:57,519 - INFO - 稀疏度 (Sparsity): 0.98918272 (越接近1越稀疏)
2026-01-05 16:49:57,519 - INFO - 平均度数 (Avg Degree): 43.69
2026-01-05 16:49:57,520 - INFO - 首次生成度相关概率分布 分布类型: 'random'.
2026-01-05 16:49:57,520 - INFO - ===> Generating 'Dirichlet' distributions with alpha=[500, 500, 500]...
2026-01-05 16:49:57,522 - INFO - 保存概率分布 文件位置: /root/pythonspace/data-test/facebook/2026-1-5-watch-fans-100-update-dis-random_dirichlet=[500,500,500]/distribution-in-facebook/distribution-random_seedNum-80.pkl
2026-01-05 16:49:57,522 - INFO - >>> 正在注入‘社区效应/看门人机制’以区分算法能力...
2026-01-05 16:49:57,569 - INFO - 首次生成种子集 random
2026-01-05 16:49:57,569 - INFO - 执行当前算法开始: random
2026-01-05 16:49:57,569 - INFO - 数据集节点总数:  n = 4039, m = 80
2026-01-05 16:49:57,569 - INFO - 选择 80  [734, 367, 2968, 2686, 3335, 3088, 2020, 3858, 412, 285, 855, 2850, 349, 3582, 1766, 3070, 159, 273, 252, 3040, 1172, 531, 1128, 3786, 700, 2874, 1486, 2545, 1289, 835, 2927, 2732, 1371, 508, 3184, 2394, 2393, 968, 1908, 3448, 3841, 1588, 27, 3067, 2529, 3628, 2011, 1904, 3109, 2016, 3615, 3435, 3594, 1612, 3889, 2621, 1755, 432, 3617, 865, 336, 257, 3368, 892, 4026, 2083, 3963, 1236, 1618, 2742, 981, 731, 1865, 264, 2944, 3046, 2999, 1039, 1655, 800]

2026-01-05 16:49:57,569 - INFO - 当前用时 0.00 秒
2026-01-05 16:49:57,570 - INFO - 将种子集 写入位置: /root/pythonspace/data-test/facebook/2026-1-5-watch-fans-100-update-dis-random_dirichlet=[500,500,500]/seeds-with-facebook/random_random_seedNum-80_SSRNum-100000.txt
2026-01-05 16:49:57,570 - INFO - 首次生成种子集 degreeTopM
2026-01-05 16:49:57,570 - INFO - 执行当前算法开始: degreeTopM
2026-01-05 16:49:57,570 - INFO - 依据: 选择连接数（度数）最多的节点。
2026-01-05 16:49:57,571 - INFO - 选择的 Top M 节点及其度数:
2026-01-05 16:49:57,571 - INFO - 
2026-01-05 16:49:57,571 - INFO - 当前用时 0.00 秒
2026-01-05 16:49:57,572 - INFO - 将种子集 写入位置: /root/pythonspace/data-test/facebook/2026-1-5-watch-fans-100-update-dis-random_dirichlet=[500,500,500]/seeds-with-facebook/random_degreeTopM_seedNum-80_SSRNum-100000.txt
2026-01-05 16:49:57,572 - INFO - 首次生成种子集 pageRank
2026-01-05 16:49:57,572 - INFO - 执行当前算法开始: pageRank
2026-01-05 16:49:57,572 - INFO - --- Running: PageRank (on tranProMatrix) Top M ---
2026-01-05 16:49:58,595 - INFO - Selected PageRank seeds: [1821, 107, 351, 0, 352, 348, 1831, 1827, 349, 1843, 366, 2088, 362, 2130, 56, 25, 1973, 322, 365, 350, 67, 3626, 3226, 1858, 271, 371, 403, 119, 3581, 3946, 277, 1373, 1285, 3634, 21, 26, 1850, 1490, 2508, 252, 1573, 838, 2188, 378, 1149, 2806, 3559, 1215, 122, 572, 917, 1268, 1950, 2902, 1538, 1864, 368, 1070, 136, 2427, 2055, 2154, 2305, 2832, 239, 2622, 2315, 367, 2403, 1253, 359, 685, 2797, 315, 203, 9, 360, 571, 2053, 958]
2026-01-05 16:49:58,616 - INFO - 当前用时 1.04 秒
2026-01-05 16:49:58,616 - INFO - 将种子集 写入位置: /root/pythonspace/data-test/facebook/2026-1-5-watch-fans-100-update-dis-random_dirichlet=[500,500,500]/seeds-with-facebook/random_pageRank_seedNum-80_SSRNum-100000.txt
2026-01-05 16:49:58,617 - INFO - 首次生成种子集 alpha_sort
2026-01-05 16:49:58,617 - INFO - 执行当前算法开始: alpha_sort
2026-01-05 16:49:58,618 - INFO - 4039 个节点的alpha值降序排序 done
2026-01-05 16:49:58,618 - INFO - ==============>> [(1, 0.1), (2, 0.1), (3, 0.1), (4, 0.1), (5, 0.1), (6, 0.1), (7, 0.1), (8, 0.1), (9, 0.1), (10, 0.1)]
2026-01-05 16:49:58,618 - INFO - 
选择的种子集 (按alpha排序): [1, 2, 3, 4, 5, 6, 7, 8, 9, 10, 11, 12, 13, 14, 15, 16, 17, 18, 19, 20, 21, 22, 23, 24, 25, 26, 27, 28, 29, 30, 31, 32, 33, 34, 35, 36, 37, 38, 39, 40, 41, 42, 43, 44, 45, 46, 47, 48, 49, 50, 51, 52, 53, 54, 55, 56, 57, 58, 59, 60, 61, 62, 63, 64, 65, 66, 67, 68, 69, 70, 71, 72, 73, 74, 75, 76, 77, 78, 79, 80]

2026-01-05 16:49:58,618 - INFO - 当前用时 0.00 秒
2026-01-05 16:49:58,618 - INFO - 将种子集 写入位置: /root/pythonspace/data-test/facebook/2026-1-5-watch-fans-100-update-dis-random_dirichlet=[500,500,500]/seeds-with-facebook/random_alpha_sort_seedNum-80_SSRNum-100000.txt
2026-01-05 16:49:58,619 - INFO - 首次生成种子集 importance_sort
2026-01-05 16:49:58,619 - INFO - 执行当前算法开始: importance_sort
2026-01-05 16:50:01,048 - INFO - 4039 个节点的Importance值降序排序 done
2026-01-05 16:50:01,049 - INFO - 
选择的种子集 (按Importance排序): [1, 2, 3, 4, 5, 6, 7, 8, 9, 10, 11, 12, 13, 14, 15, 16, 17, 18, 19, 20, 21, 22, 23, 24, 25, 26, 27, 28, 29, 30, 31, 32, 33, 34, 35, 36, 37, 38, 39, 40, 41, 42, 43, 44, 45, 46, 47, 48, 49, 50, 51, 52, 53, 54, 55, 56, 57, 58, 59, 60, 61, 62, 63, 64, 65, 66, 67, 68, 69, 70, 71, 72, 73, 74, 75, 76, 77, 78, 79, 80]

2026-01-05 16:50:01,049 - INFO - 当前用时 2.43 秒
2026-01-05 16:50:01,049 - INFO - 将种子集 写入位置: /root/pythonspace/data-test/facebook/2026-1-5-watch-fans-100-update-dis-random_dirichlet=[500,500,500]/seeds-with-facebook/random_importance_sort_seedNum-80_SSRNum-100000.txt
2026-01-05 16:50:01,050 - INFO - 首次生成种子集 ris_coverage
2026-01-05 16:50:01,050 - INFO - 执行当前算法开始: ris_coverage
2026-01-05 16:50:01,269 - INFO - 图初始化完成，节点数: 4039，CSR 矩阵准备就绪。
2026-01-05 16:50:01,270 - INFO - 
开始生成 100000 组 SSR (并行进程: 8)...
2026-01-05 16:50:20,976 - INFO - 生成完毕。耗时: 19.71 秒。
2026-01-05 16:50:20,977 - INFO - 
开始选择最优种子 (Optimized Greedy) ...
2026-01-05 16:50:27,977 - INFO -   - 券 1/80 选中节点 1469, 新增覆盖 38
2026-01-05 16:50:27,986 - INFO -   - 券 2/80 选中节点 540, 新增覆盖 40
2026-01-05 16:50:27,996 - INFO -   - 券 3/80 选中节点 1285, 新增覆盖 44
2026-01-05 16:50:28,007 - INFO -   - 券 4/80 选中节点 2633, 新增覆盖 38
2026-01-05 16:50:28,018 - INFO -   - 券 5/80 选中节点 2882, 新增覆盖 41
2026-01-05 16:50:28,033 - INFO -   - 券 6/80 选中节点 2495, 新增覆盖 39
2026-01-05 16:50:28,050 - INFO -   - 券 7/80 选中节点 772, 新增覆盖 42
2026-01-05 16:50:28,068 - INFO -   - 券 8/80 选中节点 429, 新增覆盖 41
2026-01-05 16:50:28,085 - INFO -   - 券 9/80 选中节点 1376, 新增覆盖 42
2026-01-05 16:50:28,105 - INFO -   - 券 10/80 选中节点 1009, 新增覆盖 40
2026-01-05 16:50:28,125 - INFO -   - 券 11/80 选中节点 671, 新增覆盖 42
2026-01-05 16:50:28,146 - INFO -   - 券 12/80 选中节点 1452, 新增覆盖 44
2026-01-05 16:50:28,169 - INFO -   - 券 13/80 选中节点 687, 新增覆盖 37
2026-01-05 16:50:28,192 - INFO -   - 券 14/80 选中节点 1342, 新增覆盖 39
2026-01-05 16:50:28,219 - INFO -   - 券 15/80 选中节点 1084, 新增覆盖 39
2026-01-05 16:50:28,248 - INFO -   - 券 16/80 选中节点 3176, 新增覆盖 45
2026-01-05 16:50:28,276 - INFO -   - 券 17/80 选中节点 420, 新增覆盖 41
2026-01-05 16:50:28,306 - INFO -   - 券 18/80 选中节点 1462, 新增覆盖 41
2026-01-05 16:50:28,335 - INFO -   - 券 19/80 选中节点 3055, 新增覆盖 37
2026-01-05 16:50:28,365 - INFO -   - 券 20/80 选中节点 3197, 新增覆盖 43
2026-01-05 16:50:28,398 - INFO -   - 券 21/80 选中节点 2164, 新增覆盖 39
2026-01-05 16:50:28,433 - INFO -   - 券 22/80 选中节点 1045, 新增覆盖 40
2026-01-05 16:50:28,467 - INFO -   - 券 23/80 选中节点 409, 新增覆盖 38
2026-01-05 16:50:28,500 - INFO -   - 券 24/80 选中节点 821, 新增覆盖 39
2026-01-05 16:50:28,535 - INFO -   - 券 25/80 选中节点 3451, 新增覆盖 42
2026-01-05 16:50:28,571 - INFO -   - 券 26/80 选中节点 2141, 新增覆盖 37
2026-01-05 16:50:28,612 - INFO -   - 券 27/80 选中节点 527, 新增覆盖 38
2026-01-05 16:50:28,647 - INFO -   - 券 28/80 选中节点 733, 新增覆盖 40
2026-01-05 16:50:28,686 - INFO -   - 券 29/80 选中节点 1488, 新增覆盖 40
2026-01-05 16:50:28,729 - INFO -   - 券 30/80 选中节点 1003, 新增覆盖 41
2026-01-05 16:50:28,772 - INFO -   - 券 31/80 选中节点 3345, 新增覆盖 40
2026-01-05 16:50:28,820 - INFO -   - 券 32/80 选中节点 2705, 新增覆盖 39
2026-01-05 16:50:28,865 - INFO -   - 券 33/80 选中节点 2626, 新增覆盖 41
2026-01-05 16:50:28,913 - INFO -   - 券 34/80 选中节点 852, 新增覆盖 39
2026-01-05 16:50:28,961 - INFO -   - 券 35/80 选中节点 2781, 新增覆盖 39
2026-01-05 16:50:29,010 - INFO -   - 券 36/80 选中节点 2061, 新增覆盖 44
2026-01-05 16:50:29,058 - INFO -   - 券 37/80 选中节点 706, 新增覆盖 37
2026-01-05 16:50:29,110 - INFO -   - 券 38/80 选中节点 695, 新增覆盖 42
2026-01-05 16:50:29,162 - INFO -   - 券 39/80 选中节点 1005, 新增覆盖 41
2026-01-05 16:50:29,213 - INFO -   - 券 40/80 选中节点 2375, 新增覆盖 42
2026-01-05 16:50:29,265 - INFO -   - 券 41/80 选中节点 693, 新增覆盖 39
2026-01-05 16:50:29,319 - INFO -   - 券 42/80 选中节点 1258, 新增覆盖 42
2026-01-05 16:50:29,378 - INFO -   - 券 43/80 选中节点 3385, 新增覆盖 40
2026-01-05 16:50:29,435 - INFO -   - 券 44/80 选中节点 3218, 新增覆盖 40
2026-01-05 16:50:29,493 - INFO -   - 券 45/80 选中节点 2097, 新增覆盖 40
2026-01-05 16:50:29,547 - INFO -   - 券 46/80 选中节点 1267, 新增覆盖 37
2026-01-05 16:50:29,606 - INFO -   - 券 47/80 选中节点 1448, 新增覆盖 40
2026-01-05 16:50:29,672 - INFO -   - 券 48/80 选中节点 2896, 新增覆盖 39
2026-01-05 16:50:29,738 - INFO -   - 券 49/80 选中节点 1292, 新增覆盖 38
2026-01-05 16:50:29,801 - INFO -   - 券 50/80 选中节点 1449, 新增覆盖 39
2026-01-05 16:50:29,864 - INFO -   - 券 51/80 选中节点 3151, 新增覆盖 40
2026-01-05 16:50:29,928 - INFO -   - 券 52/80 选中节点 418, 新增覆盖 37
2026-01-05 16:50:29,997 - INFO -   - 券 53/80 选中节点 1126, 新增覆盖 38
2026-01-05 16:50:30,063 - INFO -   - 券 54/80 选中节点 2359, 新增覆盖 38
2026-01-05 16:50:30,141 - INFO -   - 券 55/80 选中节点 2129, 新增覆盖 38
2026-01-05 16:50:30,216 - INFO -   - 券 56/80 选中节点 2590, 新增覆盖 42
2026-01-05 16:50:30,285 - INFO -   - 券 57/80 选中节点 1102, 新增覆盖 38
2026-01-05 16:50:30,361 - INFO -   - 券 58/80 选中节点 691, 新增覆盖 39
2026-01-05 16:50:30,437 - INFO -   - 券 59/80 选中节点 2201, 新增覆盖 42
2026-01-05 16:50:30,516 - INFO -   - 券 60/80 选中节点 413, 新增覆盖 40
2026-01-05 16:50:30,595 - INFO -   - 券 61/80 选中节点 2139, 新增覆盖 42
2026-01-05 16:50:30,670 - INFO -   - 券 62/80 选中节点 2385, 新增覆盖 38
2026-01-05 16:50:30,756 - INFO -   - 券 63/80 选中节点 2191, 新增覆盖 37
2026-01-05 16:50:30,843 - INFO -   - 券 64/80 选中节点 2366, 新增覆盖 39
2026-01-05 16:50:30,924 - INFO -   - 券 65/80 选中节点 2289, 新增覆盖 40
2026-01-05 16:50:31,012 - INFO -   - 券 66/80 选中节点 2104, 新增覆盖 41
2026-01-05 16:50:31,095 - INFO -   - 券 67/80 选中节点 1268, 新增覆盖 37
2026-01-05 16:50:31,182 - INFO -   - 券 68/80 选中节点 3070, 新增覆盖 38
2026-01-05 16:50:31,268 - INFO -   - 券 69/80 选中节点 489, 新增覆盖 37
2026-01-05 16:50:31,365 - INFO -   - 券 70/80 选中节点 815, 新增覆盖 36
2026-01-05 16:50:31,456 - INFO -   - 券 71/80 选中节点 842, 新增覆盖 37
2026-01-05 16:50:31,549 - INFO -   - 券 72/80 选中节点 2403, 新增覆盖 39
2026-01-05 16:50:31,648 - INFO -   - 券 73/80 选中节点 2190, 新增覆盖 39
2026-01-05 16:50:31,737 - INFO -   - 券 74/80 选中节点 2857, 新增覆盖 40
2026-01-05 16:50:31,839 - INFO -   - 券 75/80 选中节点 1225, 新增覆盖 37
2026-01-05 16:50:31,936 - INFO -   - 券 76/80 选中节点 665, 新增覆盖 37
2026-01-05 16:50:32,031 - INFO -   - 券 77/80 选中节点 690, 新增覆盖 39
2026-01-05 16:50:32,127 - INFO -   - 券 78/80 选中节点 1014, 新增覆盖 36
2026-01-05 16:50:32,222 - INFO -   - 券 79/80 选中节点 1350, 新增覆盖 38
2026-01-05 16:50:32,325 - INFO -   - 券 80/80 选中节点 1187, 新增覆盖 37
2026-01-05 16:50:32,325 - INFO - 选种完毕。耗时: 11.35 秒。
2026-01-05 16:50:32,624 - INFO - 最终选择的种子集: [1469, 540, 1285, 2633, 2882, 2495, 772, 429, 1376, 1009, 671, 1452, 687, 1342, 1084, 3176, 420, 1462, 3055, 3197, 2164, 1045, 409, 821, 3451, 2141, 527, 733, 1488, 1003, 3345, 2705, 2626, 852, 2781, 2061, 706, 695, 1005, 2375, 693, 1258, 3385, 3218, 2097, 1267, 1448, 2896, 1292, 1449, 3151, 418, 1126, 2359, 2129, 2590, 1102, 691, 2201, 413, 2139, 2385, 2191, 2366, 2289, 2104, 1268, 3070, 489, 815, 842, 2403, 2190, 2857, 1225, 665, 690, 1014, 1350, 1187]

2026-01-05 16:50:33,971 - INFO - 当前用时 32.92 秒
2026-01-05 16:50:33,972 - INFO - 将种子集 写入位置: /root/pythonspace/data-test/facebook/2026-1-5-watch-fans-100-update-dis-random_dirichlet=[500,500,500]/seeds-with-facebook/random_ris_coverage_seedNum-80_SSRNum-100000.txt
2026-01-05 16:50:33,972 - INFO - 首次生成种子集 monterCarlo_CELF
2026-01-05 16:50:33,972 - INFO - 执行当前算法开始: monterCarlo_CELF
2026-01-05 16:50:33,972 - INFO - --- Running: CELF Greedy Monte Carlo (Sims=300) ---
2026-01-05 16:50:33,972 - INFO - Step 0: 初始化所有节点的边际增益...
2026-01-05 16:51:24,055 - INFO - Seed 1: 2502, Spread: 0.23
2026-01-05 16:51:28,580 - INFO - Seed 2: 3200, Gain: 0.20, Total: 0.43
2026-01-05 16:51:48,690 - INFO - Seed 3: 430, Gain: 0.19, Total: 0.62
2026-01-05 16:51:51,163 - INFO - Seed 4: 1644, Gain: 0.18, Total: 0.80
2026-01-05 16:52:18,882 - INFO - Seed 5: 681, Gain: 0.17, Total: 0.98
2026-01-05 16:52:29,141 - INFO - Seed 6: 3924, Gain: 0.17, Total: 1.15
2026-01-05 16:52:41,542 - INFO - Seed 7: 2965, Gain: 0.19, Total: 1.34
2026-01-05 16:52:55,847 - INFO - Seed 8: 2073, Gain: 0.17, Total: 1.51
2026-01-05 16:53:32,335 - INFO - Seed 9: 787, Gain: 0.20, Total: 1.71
2026-01-05 16:54:09,157 - INFO - Seed 10: 3314, Gain: 0.18, Total: 1.88
2026-01-05 16:54:19,862 - INFO - Seed 11: 1221, Gain: 0.17, Total: 2.06
2026-01-05 16:54:30,234 - INFO - Seed 12: 3185, Gain: 0.17, Total: 2.23
2026-01-05 16:54:40,354 - INFO - Seed 13: 695, Gain: 0.16, Total: 2.39
2026-01-05 16:54:50,842 - INFO - Seed 14: 2560, Gain: 0.18, Total: 2.56
2026-01-05 16:55:16,772 - INFO - Seed 15: 3146, Gain: 0.16, Total: 2.72
2026-01-05 16:55:38,832 - INFO - Seed 16: 2945, Gain: 0.18, Total: 2.90
2026-01-05 16:56:45,285 - INFO - Seed 17: 701, Gain: 0.13, Total: 3.03
2026-01-05 16:56:57,291 - INFO - Seed 18: 2509, Gain: 0.15, Total: 3.18
2026-01-05 16:56:58,096 - INFO - Seed 19: 2682, Gain: 0.13, Total: 3.31
2026-01-05 16:56:59,175 - INFO - Seed 20: 2923, Gain: 0.15, Total: 3.46
2026-01-05 16:57:02,186 - INFO - Seed 21: 3471, Gain: 0.13, Total: 3.59
2026-01-05 16:57:02,647 - INFO - Seed 22: 2833, Gain: 0.14, Total: 3.73
2026-01-05 16:57:03,122 - INFO - Seed 23: 786, Gain: 0.13, Total: 3.87
2026-01-05 16:57:03,382 - INFO - Seed 24: 3212, Gain: 0.15, Total: 4.02
2026-01-05 16:57:03,643 - INFO - Seed 25: 2504, Gain: 0.14, Total: 4.16
2026-01-05 16:57:03,909 - INFO - Seed 26: 1269, Gain: 0.14, Total: 4.30
2026-01-05 16:57:04,186 - INFO - Seed 27: 321, Gain: 0.32, Total: 4.62
2026-01-05 16:57:04,478 - INFO - Seed 28: 3006, Gain: 0.26, Total: 4.88
2026-01-05 16:57:04,776 - INFO - Seed 29: 3597, Gain: 0.13, Total: 5.01
2026-01-05 16:57:05,706 - INFO - Seed 30: 13, Gain: 0.14, Total: 5.14
2026-01-05 16:57:11,130 - INFO - Seed 31: 1495, Gain: 0.32, Total: 5.46
2026-01-05 16:57:26,860 - INFO - Seed 32: 1344, Gain: 0.22, Total: 5.68
2026-01-05 16:57:31,646 - INFO - Seed 33: 3266, Gain: 0.13, Total: 5.81
2026-01-05 16:57:59,840 - INFO - Seed 34: 3257, Gain: 0.13, Total: 5.94
2026-01-05 16:58:04,792 - INFO - Seed 35: 2245, Gain: 0.18, Total: 6.12
2026-01-05 16:58:09,205 - INFO - Seed 36: 2079, Gain: 0.12, Total: 6.24
2026-01-05 16:58:09,965 - INFO - Seed 37: 2123, Gain: 0.23, Total: 6.47
2026-01-05 16:58:23,509 - INFO - Seed 38: 242, Gain: 0.16, Total: 6.63
2026-01-05 16:58:32,168 - INFO - Seed 39: 2125, Gain: 0.16, Total: 6.79
2026-01-05 16:58:36,564 - INFO - Seed 40: 919, Gain: 0.12, Total: 6.90
2026-01-05 16:58:37,790 - INFO - Seed 41: 3852, Gain: 0.15, Total: 7.05
2026-01-05 16:58:39,047 - INFO - Seed 42: 489, Gain: 0.14, Total: 7.20
2026-01-05 16:58:42,961 - INFO - Seed 43: 3769, Gain: 0.31, Total: 7.51
2026-01-05 16:58:44,263 - INFO - Seed 44: 2121, Gain: 0.16, Total: 7.66
2026-01-05 16:58:48,734 - INFO - Seed 45: 3613, Gain: 0.15, Total: 7.81
2026-01-05 16:58:49,673 - INFO - Seed 46: 3489, Gain: 0.21, Total: 8.02
2026-01-05 16:58:58,158 - INFO - Seed 47: 3853, Gain: 0.17, Total: 8.18
2026-01-05 16:59:24,918 - INFO - Seed 48: 2201, Gain: 0.14, Total: 8.32
2026-01-05 16:59:30,182 - INFO - Seed 49: 2984, Gain: 0.12, Total: 8.44
2026-01-05 16:59:32,638 - INFO - Seed 50: 2721, Gain: 0.11, Total: 8.56
2026-01-05 16:59:33,657 - INFO - Seed 51: 3174, Gain: 0.14, Total: 8.70
2026-01-05 16:59:34,703 - INFO - Seed 52: 217, Gain: 0.13, Total: 8.83
2026-01-05 16:59:36,267 - INFO - Seed 53: 60, Gain: 0.10, Total: 8.93
2026-01-05 16:59:37,334 - INFO - Seed 54: 1583, Gain: 0.30, Total: 9.23
2026-01-05 16:59:38,403 - INFO - Seed 55: 2747, Gain: 0.14, Total: 9.37
2026-01-05 16:59:39,495 - INFO - Seed 56: 967, Gain: 0.12, Total: 9.50
2026-01-05 16:59:41,168 - INFO - Seed 57: 3310, Gain: 0.24, Total: 9.74
2026-01-05 16:59:56,700 - INFO - Seed 58: 736, Gain: 0.10, Total: 9.84
2026-01-05 16:59:57,279 - INFO - Seed 59: 2089, Gain: 0.10, Total: 9.94
2026-01-05 16:59:58,471 - INFO - Seed 60: 1721, Gain: 0.10, Total: 10.04
2026-01-05 17:00:04,529 - INFO - Seed 61: 2557, Gain: 0.52, Total: 10.55
2026-01-05 17:02:09,868 - INFO - Seed 62: 3002, Gain: 0.08, Total: 10.63
2026-01-05 17:02:52,997 - INFO - Seed 63: 64, Gain: 0.10, Total: 10.73
2026-01-05 17:02:55,556 - INFO - Seed 64: 2361, Gain: 0.08, Total: 10.81
2026-01-05 17:02:56,186 - INFO - Seed 65: 1570, Gain: 0.27, Total: 11.08
2026-01-05 17:03:10,574 - INFO - Seed 66: 2184, Gain: 0.10, Total: 11.18
2026-01-05 17:03:14,507 - INFO - Seed 67: 3036, Gain: 0.18, Total: 11.36
2026-01-05 17:03:22,563 - INFO - Seed 68: 2464, Gain: 0.27, Total: 11.63
2026-01-05 17:04:10,980 - INFO - Seed 69: 603, Gain: 0.07, Total: 11.70
2026-01-05 17:04:14,549 - INFO - Seed 70: 1690, Gain: 0.07, Total: 11.77
2026-01-05 17:04:17,588 - INFO - Seed 71: 3574, Gain: 0.08, Total: 11.85
2026-01-05 17:04:19,022 - INFO - Seed 72: 632, Gain: 0.08, Total: 11.93
2026-01-05 17:04:21,258 - INFO - Seed 73: 1402, Gain: 0.38, Total: 12.31
2026-01-05 17:04:21,985 - INFO - Seed 74: 3062, Gain: 0.17, Total: 12.48
2026-01-05 17:04:22,728 - INFO - Seed 75: 231, Gain: 0.21, Total: 12.68
2026-01-05 17:04:23,485 - INFO - Seed 76: 952, Gain: 0.09, Total: 12.77
2026-01-05 17:04:25,798 - INFO - Seed 77: 1770, Gain: 0.21, Total: 12.98
2026-01-05 17:04:41,680 - INFO - Seed 78: 1577, Gain: 0.09, Total: 13.08
2026-01-05 17:04:42,446 - INFO - Seed 79: 2313, Gain: 0.19, Total: 13.27
2026-01-05 17:05:01,983 - INFO - Seed 80: 40, Gain: 0.13, Total: 13.40
2026-01-05 17:05:01,983 - INFO - CELF 完成，总耗时: 868.01s
2026-01-05 17:05:01,984 - INFO - 当前用时 868.01 秒
2026-01-05 17:05:01,984 - INFO - 将种子集 写入位置: /root/pythonspace/data-test/facebook/2026-1-5-watch-fans-100-update-dis-random_dirichlet=[500,500,500]/seeds-with-facebook/random_monterCarlo_CELF_seedNum-80_SSRNum-100000.txt
2026-01-05 17:05:01,985 - INFO - 评估种子集: None
2026-01-05 17:05:01,985 - INFO - 多进程评估开始，共有 7 个方法待评估...
2026-01-05 17:05:01,985 - INFO - 启动进程池，Worker数量: 7
2026-01-05 17:05:02,487 - INFO - [Process 20528] 开始评估方法: random, 种子数: 80
2026-01-05 17:05:02,879 - INFO - [Process 20529] 开始评估方法: degreeTopM, 种子数: 80
2026-01-05 17:05:03,294 - INFO - [Process 20530] 开始评估方法: pageRank, 种子数: 80
2026-01-05 17:05:03,644 - INFO - [Process 20531] 开始评估方法: alpha_sort, 种子数: 80
2026-01-05 17:05:03,933 - INFO - [Process 20528] random - 500 sims 完成: E=12.12
2026-01-05 17:05:04,002 - INFO - [Process 20532] 开始评估方法: importance_sort, 种子数: 80
2026-01-05 17:05:04,361 - INFO - [Process 20533] 开始评估方法: ris_coverage, 种子数: 80
2026-01-05 17:05:04,775 - INFO - [Process 20534] 开始评估方法: monterCarlo_CELF, 种子数: 80
2026-01-05 17:05:05,098 - INFO - [Process 20530] pageRank - 500 sims 完成: E=12.18
2026-01-05 17:05:05,340 - INFO - [Process 20531] alpha_sort - 500 sims 完成: E=12.93
2026-01-05 17:05:05,380 - INFO - [Process 20532] importance_sort - 500 sims 完成: E=12.93
2026-01-05 17:05:05,737 - INFO - [Process 20529] degreeTopM - 500 sims 完成: E=12.90
2026-01-05 17:05:05,956 - INFO - [Process 20533] ris_coverage - 500 sims 完成: E=13.07
2026-01-05 17:05:06,464 - INFO - [Process 20534] monterCarlo_CELF - 500 sims 完成: E=12.94
2026-01-05 17:05:06,487 - INFO - 所有进程执行完毕，开始写入数据...
2026-01-05 17:05:06,496 - INFO - 成功写入 7 条记录至 /root/pythonspace/data-test/facebook/2026-1-5-watch-fans-100-update-dis-random_dirichlet=[500,500,500]/E-activated-facebook/distribution-random/simuTimes-500_random-dirichlet-[500, 500, 500]_rrNumSamples-100000.csv
2026-01-05 17:05:06,496 - INFO - 保存评估文件至: /root/pythonspace/data-test/facebook/2026-1-5-watch-fans-100-update-dis-random_dirichlet=[500,500,500]/E-activated-facebook/distribution-random/simuTimes-500_random-dirichlet-[500, 500, 500]_rrNumSamples-100000.csv
