2026-01-05 16:50:00,743 - INFO - 加载数据集: facebook
2026-01-05 16:50:00,745 - INFO - --- 矩阵分析 ---
2026-01-05 16:50:00,745 - INFO - 节点数 (N): 4039
2026-01-05 16:50:00,745 - INFO - 边数 (E): 176468
2026-01-05 16:50:00,745 - INFO - 密度 (Density): 0.01081728 (越小越稀疏)
2026-01-05 16:50:00,745 - INFO - 稀疏度 (Sparsity): 0.98918272 (越接近1越稀疏)
2026-01-05 16:50:00,745 - INFO - 平均度数 (Avg Degree): 43.69
2026-01-05 16:50:00,747 - INFO - 首次生成度相关概率分布 分布类型: 'random'.
2026-01-05 16:50:00,747 - INFO - ===> Generating 'Dirichlet' distributions with alpha=[500, 500, 500]...
2026-01-05 16:50:00,749 - INFO - 保存概率分布 文件位置: /root/pythonspace/data-test/facebook/2026-1-5-watch-fans-100-update-dis-random_dirichlet=[500,500,500]/distribution-in-facebook/distribution-random_seedNum-100.pkl
2026-01-05 16:50:00,749 - INFO - >>> 正在注入‘社区效应/看门人机制’以区分算法能力...
2026-01-05 16:50:00,789 - INFO - 首次生成种子集 random
2026-01-05 16:50:00,789 - INFO - 执行当前算法开始: random
2026-01-05 16:50:00,789 - INFO - 数据集节点总数:  n = 4039, m = 100
2026-01-05 16:50:00,789 - INFO - 选择 100  [1309, 264, 667, 2569, 1794, 2097, 2668, 2135, 2940, 3919, 1045, 2789, 3140, 4034, 2486, 2560, 2423, 2740, 2804, 591, 2856, 899, 3030, 959, 1949, 1027, 2146, 3866, 2783, 3072, 727, 110, 3706, 1443, 2844, 3890, 3964, 2460, 3624, 3562, 1144, 3037, 3379, 777, 1751, 1887, 933, 585, 553, 1554, 4016, 771, 3865, 3510, 718, 3997, 1188, 547, 2505, 149, 1784, 1275, 2731, 1499, 3090, 1208, 475, 3694, 692, 1186, 2237, 3139, 3631, 305, 3222, 673, 3952, 1222, 3494, 2483, 2866, 2682, 551, 867, 1345, 3046, 440, 2690, 2692, 1113, 1422, 2104, 666, 234, 1165, 1089, 3884, 3320, 3157, 3091]

2026-01-05 16:50:00,789 - INFO - 当前用时 0.00 秒
2026-01-05 16:50:00,789 - INFO - 将种子集 写入位置: /root/pythonspace/data-test/facebook/2026-1-5-watch-fans-100-update-dis-random_dirichlet=[500,500,500]/seeds-with-facebook/random_random_seedNum-100_SSRNum-100000.txt
2026-01-05 16:50:00,789 - INFO - 首次生成种子集 degreeTopM
2026-01-05 16:50:00,789 - INFO - 执行当前算法开始: degreeTopM
2026-01-05 16:50:00,789 - INFO - 依据: 选择连接数（度数）最多的节点。
2026-01-05 16:50:00,790 - INFO - 选择的 Top M 节点及其度数:
2026-01-05 16:50:00,791 - INFO - 
2026-01-05 16:50:00,791 - INFO - 当前用时 0.00 秒
2026-01-05 16:50:00,791 - INFO - 将种子集 写入位置: /root/pythonspace/data-test/facebook/2026-1-5-watch-fans-100-update-dis-random_dirichlet=[500,500,500]/seeds-with-facebook/random_degreeTopM_seedNum-100_SSRNum-100000.txt
2026-01-05 16:50:00,791 - INFO - 首次生成种子集 pageRank
2026-01-05 16:50:00,791 - INFO - 执行当前算法开始: pageRank
2026-01-05 16:50:00,791 - INFO - --- Running: PageRank (on tranProMatrix) Top M ---
2026-01-05 16:50:01,624 - INFO - Selected PageRank seeds: [1821, 107, 351, 0, 352, 348, 1831, 1827, 349, 1843, 366, 2088, 362, 2130, 56, 25, 1973, 322, 365, 350, 67, 3626, 3226, 1858, 271, 371, 403, 119, 3581, 3946, 277, 1373, 1285, 3634, 21, 26, 1850, 1490, 2508, 252, 1573, 838, 2188, 378, 1149, 2806, 3559, 1215, 122, 572, 917, 1268, 1950, 2902, 1538, 1864, 368, 1070, 136, 2427, 2055, 2154, 2305, 2832, 239, 2622, 2315, 367, 2403, 1253, 359, 685, 2797, 315, 203, 9, 360, 571, 2053, 958, 2871, 200, 1892, 2087, 361, 1312, 1663, 2689, 382, 1431, 1466, 1890, 304, 1699, 763, 1075, 1457, 2933, 612, 2594]
2026-01-05 16:50:01,646 - INFO - 当前用时 0.86 秒
2026-01-05 16:50:01,646 - INFO - 将种子集 写入位置: /root/pythonspace/data-test/facebook/2026-1-5-watch-fans-100-update-dis-random_dirichlet=[500,500,500]/seeds-with-facebook/random_pageRank_seedNum-100_SSRNum-100000.txt
2026-01-05 16:50:01,647 - INFO - 首次生成种子集 alpha_sort
2026-01-05 16:50:01,647 - INFO - 执行当前算法开始: alpha_sort
2026-01-05 16:50:01,648 - INFO - 4039 个节点的alpha值降序排序 done
2026-01-05 16:50:01,648 - INFO - ==============>> [(1, 0.1), (2, 0.1), (3, 0.1), (4, 0.1), (5, 0.1), (6, 0.1), (7, 0.1), (8, 0.1), (9, 0.1), (10, 0.1)]
2026-01-05 16:50:01,648 - INFO - 
选择的种子集 (按alpha排序): [1, 2, 3, 4, 5, 6, 7, 8, 9, 10, 11, 12, 13, 14, 15, 16, 17, 18, 19, 20, 21, 22, 23, 24, 25, 26, 27, 28, 29, 30, 31, 32, 33, 34, 35, 36, 37, 38, 39, 40, 41, 42, 43, 44, 45, 46, 47, 48, 49, 50, 51, 52, 53, 54, 55, 56, 57, 58, 59, 60, 61, 62, 63, 64, 65, 66, 67, 68, 69, 70, 71, 72, 73, 74, 75, 76, 77, 78, 79, 80, 81, 82, 83, 84, 85, 86, 87, 88, 89, 90, 91, 92, 93, 94, 95, 96, 97, 98, 99, 100]

2026-01-05 16:50:01,648 - INFO - 当前用时 0.00 秒
2026-01-05 16:50:01,648 - INFO - 将种子集 写入位置: /root/pythonspace/data-test/facebook/2026-1-5-watch-fans-100-update-dis-random_dirichlet=[500,500,500]/seeds-with-facebook/random_alpha_sort_seedNum-100_SSRNum-100000.txt
2026-01-05 16:50:01,648 - INFO - 首次生成种子集 importance_sort
2026-01-05 16:50:01,648 - INFO - 执行当前算法开始: importance_sort
2026-01-05 16:50:03,793 - INFO - 4039 个节点的Importance值降序排序 done
2026-01-05 16:50:03,793 - INFO - 
选择的种子集 (按Importance排序): [1, 2, 3, 4, 5, 6, 7, 8, 9, 10, 11, 12, 13, 14, 15, 16, 17, 18, 19, 20, 21, 22, 23, 24, 25, 26, 27, 28, 29, 30, 31, 32, 33, 34, 35, 36, 37, 38, 39, 40, 41, 42, 43, 44, 45, 46, 47, 48, 49, 50, 51, 52, 53, 54, 55, 56, 57, 58, 59, 60, 61, 62, 63, 64, 65, 66, 67, 68, 69, 70, 71, 72, 73, 74, 75, 76, 77, 78, 79, 80, 81, 82, 83, 84, 85, 86, 87, 88, 89, 90, 91, 92, 93, 94, 95, 96, 97, 98, 99, 100]

2026-01-05 16:50:03,793 - INFO - 当前用时 2.15 秒
2026-01-05 16:50:03,794 - INFO - 将种子集 写入位置: /root/pythonspace/data-test/facebook/2026-1-5-watch-fans-100-update-dis-random_dirichlet=[500,500,500]/seeds-with-facebook/random_importance_sort_seedNum-100_SSRNum-100000.txt
2026-01-05 16:50:03,794 - INFO - 首次生成种子集 ris_coverage
2026-01-05 16:50:03,794 - INFO - 执行当前算法开始: ris_coverage
2026-01-05 16:50:04,011 - INFO - 图初始化完成，节点数: 4039，CSR 矩阵准备就绪。
2026-01-05 16:50:04,011 - INFO - 
开始生成 100000 组 SSR (并行进程: 8)...
2026-01-05 16:50:25,532 - INFO - 生成完毕。耗时: 21.52 秒。
2026-01-05 16:50:25,533 - INFO - 
开始选择最优种子 (Optimized Greedy) ...
2026-01-05 16:50:32,955 - INFO -   - 券 1/100 选中节点 399, 新增覆盖 43
2026-01-05 16:50:32,964 - INFO -   - 券 2/100 选中节点 1393, 新增覆盖 39
2026-01-05 16:50:32,973 - INFO -   - 券 3/100 选中节点 2313, 新增覆盖 39
2026-01-05 16:50:32,984 - INFO -   - 券 4/100 选中节点 893, 新增覆盖 41
2026-01-05 16:50:32,995 - INFO -   - 券 5/100 选中节点 975, 新增覆盖 39
2026-01-05 16:50:33,014 - INFO -   - 券 6/100 选中节点 1473, 新增覆盖 39
2026-01-05 16:50:33,028 - INFO -   - 券 7/100 选中节点 446, 新增覆盖 39
2026-01-05 16:50:33,042 - INFO -   - 券 8/100 选中节点 1294, 新增覆盖 41
2026-01-05 16:50:33,056 - INFO -   - 券 9/100 选中节点 905, 新增覆盖 40
2026-01-05 16:50:33,070 - INFO -   - 券 10/100 选中节点 3268, 新增覆盖 41
2026-01-05 16:50:33,088 - INFO -   - 券 11/100 选中节点 659, 新增覆盖 44
2026-01-05 16:50:33,103 - INFO -   - 券 12/100 选中节点 3042, 新增覆盖 40
2026-01-05 16:50:33,124 - INFO -   - 券 13/100 选中节点 2362, 新增覆盖 45
2026-01-05 16:50:33,142 - INFO -   - 券 14/100 选中节点 1202, 新增覆盖 40
2026-01-05 16:50:33,162 - INFO -   - 券 15/100 选中节点 778, 新增覆盖 40
2026-01-05 16:50:33,181 - INFO -   - 券 16/100 选中节点 3077, 新增覆盖 40
2026-01-05 16:50:33,203 - INFO -   - 券 17/100 选中节点 2782, 新增覆盖 43
2026-01-05 16:50:33,238 - INFO -   - 券 18/100 选中节点 3365, 新增覆盖 41
2026-01-05 16:50:33,267 - INFO -   - 券 19/100 选中节点 1369, 新增覆盖 40
2026-01-05 16:50:33,297 - INFO -   - 券 20/100 选中节点 544, 新增覆盖 40
2026-01-05 16:50:33,334 - INFO -   - 券 21/100 选中节点 613, 新增覆盖 41
2026-01-05 16:50:33,365 - INFO -   - 券 22/100 选中节点 775, 新增覆盖 41
2026-01-05 16:50:33,400 - INFO -   - 券 23/100 选中节点 2164, 新增覆盖 41
2026-01-05 16:50:33,439 - INFO -   - 券 24/100 选中节点 3083, 新增覆盖 40
2026-01-05 16:50:33,472 - INFO -   - 券 25/100 选中节点 697, 新增覆盖 40
2026-01-05 16:50:33,510 - INFO -   - 券 26/100 选中节点 3036, 新增覆盖 47
2026-01-05 16:50:33,547 - INFO -   - 券 27/100 选中节点 875, 新增覆盖 40
2026-01-05 16:50:33,584 - INFO -   - 券 28/100 选中节点 2473, 新增覆盖 47
2026-01-05 16:50:33,625 - INFO -   - 券 29/100 选中节点 1219, 新增覆盖 38
2026-01-05 16:50:33,666 - INFO -   - 券 30/100 选中节点 2128, 新增覆盖 41
2026-01-05 16:50:33,708 - INFO -   - 券 31/100 选中节点 2365, 新增覆盖 39
2026-01-05 16:50:33,756 - INFO -   - 券 32/100 选中节点 443, 新增覆盖 41
2026-01-05 16:50:33,799 - INFO -   - 券 33/100 选中节点 2567, 新增覆盖 41
2026-01-05 16:50:33,849 - INFO -   - 券 34/100 选中节点 3249, 新增覆盖 42
2026-01-05 16:50:33,896 - INFO -   - 券 35/100 选中节点 1252, 新增覆盖 43
2026-01-05 16:50:33,947 - INFO -   - 券 36/100 选中节点 2840, 新增覆盖 38
2026-01-05 16:50:33,997 - INFO -   - 券 37/100 选中节点 1207, 新增覆盖 40
2026-01-05 16:50:34,050 - INFO -   - 券 38/100 选中节点 1363, 新增覆盖 38
2026-01-05 16:50:34,101 - INFO -   - 券 39/100 选中节点 809, 新增覆盖 42
2026-01-05 16:50:34,158 - INFO -   - 券 40/100 选中节点 2507, 新增覆盖 38
2026-01-05 16:50:34,223 - INFO -   - 券 41/100 选中节点 1302, 新增覆盖 40
2026-01-05 16:50:34,277 - INFO -   - 券 42/100 选中节点 1458, 新增覆盖 43
2026-01-05 16:50:34,334 - INFO -   - 券 43/100 选中节点 2477, 新增覆盖 43
2026-01-05 16:50:34,392 - INFO -   - 券 44/100 选中节点 2610, 新增覆盖 39
2026-01-05 16:50:34,460 - INFO -   - 券 45/100 选中节点 1260, 新增覆盖 37
2026-01-05 16:50:34,521 - INFO -   - 券 46/100 选中节点 2866, 新增覆盖 42
2026-01-05 16:50:34,582 - INFO -   - 券 47/100 选中节点 2434, 新增覆盖 38
2026-01-05 16:50:34,649 - INFO -   - 券 48/100 选中节点 632, 新增覆盖 37
2026-01-05 16:50:34,711 - INFO -   - 券 49/100 选中节点 906, 新增覆盖 41
2026-01-05 16:50:34,783 - INFO -   - 券 50/100 选中节点 678, 新增覆盖 39
2026-01-05 16:50:34,855 - INFO -   - 券 51/100 选中节点 2541, 新增覆盖 41
2026-01-05 16:50:34,922 - INFO -   - 券 52/100 选中节点 981, 新增覆盖 42
2026-01-05 16:50:34,985 - INFO -   - 券 53/100 选中节点 1003, 新增覆盖 40
2026-01-05 16:50:35,060 - INFO -   - 券 54/100 选中节点 2261, 新增覆盖 38
2026-01-05 16:50:35,133 - INFO -   - 券 55/100 选中节点 2470, 新增覆盖 38
2026-01-05 16:50:35,211 - INFO -   - 券 56/100 选中节点 2067, 新增覆盖 39
2026-01-05 16:50:35,281 - INFO -   - 券 57/100 选中节点 1476, 新增覆盖 38
2026-01-05 16:50:35,356 - INFO -   - 券 58/100 选中节点 2398, 新增覆盖 38
2026-01-05 16:50:35,430 - INFO -   - 券 59/100 选中节点 3145, 新增覆盖 41
2026-01-05 16:50:35,497 - INFO -   - 券 60/100 选中节点 505, 新增覆盖 41
2026-01-05 16:50:35,579 - INFO -   - 券 61/100 选中节点 1224, 新增覆盖 39
2026-01-05 16:50:35,665 - INFO -   - 券 62/100 选中节点 705, 新增覆盖 45
2026-01-05 16:50:35,744 - INFO -   - 券 63/100 选中节点 2785, 新增覆盖 43
2026-01-05 16:50:35,822 - INFO -   - 券 64/100 选中节点 1195, 新增覆盖 40
2026-01-05 16:50:35,902 - INFO -   - 券 65/100 选中节点 1132, 新增覆盖 38
2026-01-05 16:50:35,980 - INFO -   - 券 66/100 选中节点 2213, 新增覆盖 40
2026-01-05 16:50:36,066 - INFO -   - 券 67/100 选中节点 1449, 新增覆盖 35
2026-01-05 16:50:36,147 - INFO -   - 券 68/100 选中节点 2757, 新增覆盖 44
2026-01-05 16:50:36,235 - INFO -   - 券 69/100 选中节点 2223, 新增覆盖 36
2026-01-05 16:50:36,314 - INFO -   - 券 70/100 选中节点 3400, 新增覆盖 36
2026-01-05 16:50:36,397 - INFO -   - 券 71/100 选中节点 2777, 新增覆盖 38
2026-01-05 16:50:36,486 - INFO -   - 券 72/100 选中节点 598, 新增覆盖 42
2026-01-05 16:50:36,580 - INFO -   - 券 73/100 选中节点 3168, 新增覆盖 37
2026-01-05 16:50:36,671 - INFO -   - 券 74/100 选中节点 1342, 新增覆盖 40
2026-01-05 16:50:36,764 - INFO -   - 券 75/100 选中节点 1279, 新增覆盖 39
2026-01-05 16:50:36,863 - INFO -   - 券 76/100 选中节点 3057, 新增覆盖 39
2026-01-05 16:50:36,953 - INFO -   - 券 77/100 选中节点 1290, 新增覆盖 40
2026-01-05 16:50:37,041 - INFO -   - 券 78/100 选中节点 565, 新增覆盖 37
2026-01-05 16:50:37,134 - INFO -   - 券 79/100 选中节点 2887, 新增覆盖 37
2026-01-05 16:50:37,226 - INFO -   - 券 80/100 选中节点 2342, 新增覆盖 40
2026-01-05 16:50:37,318 - INFO -   - 券 81/100 选中节点 637, 新增覆盖 38
2026-01-05 16:50:37,418 - INFO -   - 券 82/100 选中节点 3236, 新增覆盖 37
2026-01-05 16:50:37,511 - INFO -   - 券 83/100 选中节点 2630, 新增覆盖 40
2026-01-05 16:50:37,605 - INFO -   - 券 84/100 选中节点 487, 新增覆盖 37
2026-01-05 16:50:37,702 - INFO -   - 券 85/100 选中节点 3133, 新增覆盖 35
2026-01-05 16:50:37,795 - INFO -   - 券 86/100 选中节点 915, 新增覆盖 39
2026-01-05 16:50:37,886 - INFO -   - 券 87/100 选中节点 2647, 新增覆盖 41
2026-01-05 16:50:37,986 - INFO -   - 券 88/100 选中节点 1148, 新增覆盖 36
2026-01-05 16:50:38,084 - INFO -   - 券 89/100 选中节点 593, 新增覆盖 41
2026-01-05 16:50:38,187 - INFO -   - 券 90/100 选中节点 2637, 新增覆盖 39
2026-01-05 16:50:38,298 - INFO -   - 券 91/100 选中节点 949, 新增覆盖 40
2026-01-05 16:50:38,401 - INFO -   - 券 92/100 选中节点 2762, 新增覆盖 36
2026-01-05 16:50:38,508 - INFO -   - 券 93/100 选中节点 2142, 新增覆盖 41
2026-01-05 16:50:38,618 - INFO -   - 券 94/100 选中节点 803, 新增覆盖 40
2026-01-05 16:50:38,731 - INFO -   - 券 95/100 选中节点 1292, 新增覆盖 39
2026-01-05 16:50:38,846 - INFO -   - 券 96/100 选中节点 3250, 新增覆盖 39
2026-01-05 16:50:38,962 - INFO -   - 券 97/100 选中节点 3301, 新增覆盖 40
2026-01-05 16:50:39,067 - INFO -   - 券 98/100 选中节点 950, 新增覆盖 37
2026-01-05 16:50:39,183 - INFO -   - 券 99/100 选中节点 2760, 新增覆盖 39
2026-01-05 16:50:39,302 - INFO -   - 券 100/100 选中节点 3378, 新增覆盖 43
2026-01-05 16:50:39,302 - INFO - 选种完毕。耗时: 13.77 秒。
2026-01-05 16:50:39,645 - INFO - 最终选择的种子集: [399, 1393, 2313, 893, 975, 1473, 446, 1294, 905, 3268, 659, 3042, 2362, 1202, 778, 3077, 2782, 3365, 1369, 544, 613, 775, 2164, 3083, 697, 3036, 875, 2473, 1219, 2128, 2365, 443, 2567, 3249, 1252, 2840, 1207, 1363, 809, 2507, 1302, 1458, 2477, 2610, 1260, 2866, 2434, 632, 906, 678, 2541, 981, 1003, 2261, 2470, 2067, 1476, 2398, 3145, 505, 1224, 705, 2785, 1195, 1132, 2213, 1449, 2757, 2223, 3400, 2777, 598, 3168, 1342, 1279, 3057, 1290, 565, 2887, 2342, 637, 3236, 2630, 487, 3133, 915, 2647, 1148, 593, 2637, 949, 2762, 2142, 803, 1292, 3250, 3301, 950, 2760, 3378]

2026-01-05 16:50:40,974 - INFO - 当前用时 37.18 秒
2026-01-05 16:50:40,974 - INFO - 将种子集 写入位置: /root/pythonspace/data-test/facebook/2026-1-5-watch-fans-100-update-dis-random_dirichlet=[500,500,500]/seeds-with-facebook/random_ris_coverage_seedNum-100_SSRNum-100000.txt
2026-01-05 16:50:40,975 - INFO - 首次生成种子集 monterCarlo_CELF
2026-01-05 16:50:40,975 - INFO - 执行当前算法开始: monterCarlo_CELF
2026-01-05 16:50:40,975 - INFO - --- Running: CELF Greedy Monte Carlo (Sims=300) ---
2026-01-05 16:50:40,975 - INFO - Step 0: 初始化所有节点的边际增益...
2026-01-05 16:51:30,328 - INFO - Seed 1: 1505, Spread: 0.25
2026-01-05 16:51:41,154 - INFO - Seed 2: 537, Gain: 0.20, Total: 0.44
2026-01-05 16:52:06,212 - INFO - Seed 3: 2436, Gain: 0.17, Total: 0.62
2026-01-05 16:52:24,187 - INFO - Seed 4: 3740, Gain: 0.18, Total: 0.80
2026-01-05 16:52:40,144 - INFO - Seed 5: 1302, Gain: 0.17, Total: 0.97
2026-01-05 16:52:41,999 - INFO - Seed 6: 1613, Gain: 0.18, Total: 1.14
2026-01-05 16:52:43,704 - INFO - Seed 7: 2338, Gain: 0.16, Total: 1.31
2026-01-05 16:52:49,638 - INFO - Seed 8: 3399, Gain: 0.19, Total: 1.50
2026-01-05 16:52:51,235 - INFO - Seed 9: 3745, Gain: 0.18, Total: 1.68
2026-01-05 16:53:24,156 - INFO - Seed 10: 1328, Gain: 0.19, Total: 1.87
2026-01-05 16:53:25,493 - INFO - Seed 11: 1444, Gain: 0.17, Total: 2.04
2026-01-05 16:53:37,308 - INFO - Seed 12: 3416, Gain: 0.18, Total: 2.22
2026-01-05 16:54:06,639 - INFO - Seed 13: 100, Gain: 0.16, Total: 2.39
2026-01-05 16:54:48,403 - INFO - Seed 14: 138, Gain: 0.16, Total: 2.55
2026-01-05 16:54:48,547 - INFO - Seed 15: 166, Gain: 0.15, Total: 2.70
2026-01-05 16:55:05,075 - INFO - Seed 16: 3415, Gain: 0.16, Total: 2.86
2026-01-05 16:55:07,626 - INFO - Seed 17: 3742, Gain: 0.20, Total: 3.06
2026-01-05 16:55:08,522 - INFO - Seed 18: 3866, Gain: 0.17, Total: 3.24
2026-01-05 16:55:18,470 - INFO - Seed 19: 1107, Gain: 0.17, Total: 3.41
2026-01-05 16:55:35,703 - INFO - Seed 20: 2829, Gain: 0.14, Total: 3.55
2026-01-05 16:55:38,805 - INFO - Seed 21: 583, Gain: 0.16, Total: 3.71
2026-01-05 16:55:40,888 - INFO - Seed 22: 927, Gain: 0.19, Total: 3.90
2026-01-05 16:55:41,128 - INFO - Seed 23: 930, Gain: 0.14, Total: 4.04
2026-01-05 16:55:42,081 - INFO - Seed 24: 1179, Gain: 0.14, Total: 4.18
2026-01-05 16:55:42,343 - INFO - Seed 25: 1260, Gain: 0.15, Total: 4.33
2026-01-05 16:55:44,183 - INFO - Seed 26: 1491, Gain: 0.15, Total: 4.48
2026-01-05 16:55:46,084 - INFO - Seed 27: 1620, Gain: 0.14, Total: 4.62
2026-01-05 16:55:46,371 - INFO - Seed 28: 1649, Gain: 0.20, Total: 4.82
2026-01-05 16:55:46,947 - INFO - Seed 29: 1719, Gain: 0.23, Total: 5.05
2026-01-05 16:55:50,545 - INFO - Seed 30: 2310, Gain: 0.24, Total: 5.29
2026-01-05 16:56:03,653 - INFO - Seed 31: 54, Gain: 0.26, Total: 5.55
2026-01-05 16:56:12,925 - INFO - Seed 32: 1365, Gain: 0.20, Total: 5.74
2026-01-05 16:56:23,046 - INFO - Seed 33: 2810, Gain: 0.14, Total: 5.88
2026-01-05 16:57:08,349 - INFO - Seed 34: 777, Gain: 0.15, Total: 6.03
2026-01-05 16:59:05,282 - INFO - Seed 35: 2407, Gain: 0.15, Total: 6.18
2026-01-05 16:59:23,132 - INFO - Seed 36: 357, Gain: 0.17, Total: 6.35
2026-01-05 16:59:49,333 - INFO - Seed 37: 1472, Gain: 0.12, Total: 6.48
2026-01-05 16:59:54,188 - INFO - Seed 38: 2692, Gain: 0.15, Total: 6.63
2026-01-05 17:00:12,985 - INFO - Seed 39: 2248, Gain: 0.16, Total: 6.79
2026-01-05 17:00:25,804 - INFO - Seed 40: 1401, Gain: 0.24, Total: 7.03
2026-01-05 17:00:53,513 - INFO - Seed 41: 1651, Gain: 0.11, Total: 7.15
2026-01-05 17:01:07,418 - INFO - Seed 42: 3556, Gain: 0.11, Total: 7.26
2026-01-05 17:01:08,324 - INFO - Seed 43: 2051, Gain: 0.23, Total: 7.49
2026-01-05 17:01:12,786 - INFO - Seed 44: 1262, Gain: 0.08, Total: 7.58
2026-01-05 17:01:13,664 - INFO - Seed 45: 2202, Gain: 0.19, Total: 7.77
2026-01-05 17:01:15,914 - INFO - Seed 46: 126, Gain: 0.13, Total: 7.89
2026-01-05 17:01:16,373 - INFO - Seed 47: 3394, Gain: 0.15, Total: 8.04
2026-01-05 17:01:25,044 - INFO - Seed 48: 965, Gain: 0.13, Total: 8.17
2026-01-05 17:01:25,549 - INFO - Seed 49: 910, Gain: 0.11, Total: 8.29
2026-01-05 17:01:27,017 - INFO - Seed 50: 3145, Gain: 0.25, Total: 8.53
2026-01-05 17:01:32,659 - INFO - Seed 51: 304, Gain: 0.11, Total: 8.65
2026-01-05 17:01:33,172 - INFO - Seed 52: 79, Gain: 0.23, Total: 8.88
2026-01-05 17:01:34,211 - INFO - Seed 53: 2869, Gain: 0.22, Total: 9.10
2026-01-05 17:01:50,685 - INFO - Seed 54: 3967, Gain: 0.08, Total: 9.18
2026-01-05 17:01:51,803 - INFO - Seed 55: 1567, Gain: 0.15, Total: 9.33
2026-01-05 17:01:52,370 - INFO - Seed 56: 3147, Gain: 0.11, Total: 9.44
2026-01-05 17:01:52,948 - INFO - Seed 57: 2930, Gain: 0.28, Total: 9.73
2026-01-05 17:01:54,088 - INFO - Seed 58: 1601, Gain: 0.11, Total: 9.83
2026-01-05 17:01:57,076 - INFO - Seed 59: 3380, Gain: 0.20, Total: 10.04
2026-01-05 17:02:01,311 - INFO - Seed 60: 894, Gain: 0.17, Total: 10.20
2026-01-05 17:02:01,946 - INFO - Seed 61: 3137, Gain: 0.12, Total: 10.32
2026-01-05 17:02:03,191 - INFO - Seed 62: 1695, Gain: 0.40, Total: 10.72
2026-01-05 17:02:17,806 - INFO - Seed 63: 396, Gain: 0.12, Total: 10.84
2026-01-05 17:02:40,354 - INFO - Seed 64: 2424, Gain: 0.09, Total: 10.93
2026-01-05 17:02:42,962 - INFO - Seed 65: 61, Gain: 0.10, Total: 11.04
2026-01-05 17:02:43,595 - INFO - Seed 66: 3183, Gain: 0.21, Total: 11.25
2026-01-05 17:02:44,915 - INFO - Seed 67: 1487, Gain: 0.19, Total: 11.44
2026-01-05 17:02:51,567 - INFO - Seed 68: 1159, Gain: 0.19, Total: 11.63
2026-01-05 17:02:53,585 - INFO - Seed 69: 2849, Gain: 0.09, Total: 11.72
2026-01-05 17:02:59,620 - INFO - Seed 70: 3994, Gain: 0.30, Total: 12.02
2026-01-05 17:03:44,984 - INFO - Seed 71: 1565, Gain: 0.11, Total: 12.13
2026-01-05 17:04:49,668 - INFO - Seed 72: 646, Gain: 0.08, Total: 12.21
2026-01-05 17:04:51,139 - INFO - Seed 73: 441, Gain: 0.21, Total: 12.42
2026-01-05 17:04:56,298 - INFO - Seed 74: 2805, Gain: 0.17, Total: 12.59
2026-01-05 17:05:07,697 - INFO - Seed 75: 788, Gain: 0.12, Total: 12.70
2026-01-05 17:05:20,667 - INFO - Seed 76: 3541, Gain: 0.10, Total: 12.80
2026-01-05 17:05:21,450 - INFO - Seed 77: 878, Gain: 0.21, Total: 13.02
2026-01-05 17:05:26,043 - INFO - Seed 78: 1292, Gain: 0.15, Total: 13.17
2026-01-05 17:05:30,738 - INFO - Seed 79: 1090, Gain: 0.10, Total: 13.27
2026-01-05 17:05:33,023 - INFO - Seed 80: 903, Gain: 0.08, Total: 13.34
2026-01-05 17:05:33,787 - INFO - Seed 81: 614, Gain: 0.30, Total: 13.64
2026-01-05 17:05:38,736 - INFO - Seed 82: 2328, Gain: 0.09, Total: 13.73
2026-01-05 17:05:40,393 - INFO - Seed 83: 1105, Gain: 0.08, Total: 13.81
2026-01-05 17:05:42,909 - INFO - Seed 84: 3107, Gain: 0.12, Total: 13.93
2026-01-05 17:05:43,754 - INFO - Seed 85: 563, Gain: 0.07, Total: 14.00
2026-01-05 17:05:44,632 - INFO - Seed 86: 3550, Gain: 0.52, Total: 14.52
2026-01-05 17:05:45,502 - INFO - Seed 87: 2703, Gain: 0.16, Total: 14.68
2026-01-05 17:05:47,241 - INFO - Seed 88: 3810, Gain: 0.14, Total: 14.82
2026-01-05 17:05:58,718 - INFO - Seed 89: 1845, Gain: 0.23, Total: 15.05
2026-01-05 17:06:26,245 - INFO - Seed 90: 165, Gain: 0.17, Total: 15.22
2026-01-05 17:06:43,159 - INFO - Seed 91: 205, Gain: 0.12, Total: 15.34
2026-01-05 17:06:48,538 - INFO - Seed 92: 3010, Gain: 0.19, Total: 15.52
2026-01-05 17:06:52,233 - INFO - Seed 93: 1456, Gain: 0.12, Total: 15.64
2026-01-05 17:06:53,128 - INFO - Seed 94: 1014, Gain: 0.15, Total: 15.79
2026-01-05 17:06:54,963 - INFO - Seed 95: 210, Gain: 0.18, Total: 15.97
2026-01-05 17:07:09,341 - INFO - Seed 96: 1528, Gain: 0.18, Total: 16.15
2026-01-05 17:07:12,236 - INFO - Seed 97: 776, Gain: 0.18, Total: 16.33
2026-01-05 17:07:14,196 - INFO - Seed 98: 3323, Gain: 0.12, Total: 16.44
2026-01-05 17:07:26,080 - INFO - Seed 99: 3643, Gain: 0.13, Total: 16.57
2026-01-05 17:07:31,988 - INFO - Seed 100: 132, Gain: 0.24, Total: 16.81
2026-01-05 17:07:31,988 - INFO - CELF 完成，总耗时: 1011.01s
2026-01-05 17:07:31,989 - INFO - 当前用时 1011.01 秒
2026-01-05 17:07:31,989 - INFO - 将种子集 写入位置: /root/pythonspace/data-test/facebook/2026-1-5-watch-fans-100-update-dis-random_dirichlet=[500,500,500]/seeds-with-facebook/random_monterCarlo_CELF_seedNum-100_SSRNum-100000.txt
2026-01-05 17:07:31,990 - INFO - 评估种子集: None
2026-01-05 17:07:31,990 - INFO - 多进程评估开始，共有 7 个方法待评估...
2026-01-05 17:07:31,990 - INFO - 启动进程池，Worker数量: 7
2026-01-05 17:07:32,553 - INFO - [Process 20902] 开始评估方法: random, 种子数: 100
2026-01-05 17:07:32,876 - INFO - [Process 20903] 开始评估方法: degreeTopM, 种子数: 100
2026-01-05 17:07:33,306 - INFO - [Process 20904] 开始评估方法: pageRank, 种子数: 100
2026-01-05 17:07:33,731 - INFO - [Process 20905] 开始评估方法: alpha_sort, 种子数: 100
2026-01-05 17:07:34,095 - INFO - [Process 20906] 开始评估方法: importance_sort, 种子数: 100
2026-01-05 17:07:34,574 - INFO - [Process 20907] 开始评估方法: ris_coverage, 种子数: 100
2026-01-05 17:07:34,609 - INFO - [Process 20902] random - 500 sims 完成: E=15.82
2026-01-05 17:07:35,058 - INFO - [Process 20908] 开始评估方法: monterCarlo_CELF, 种子数: 100
2026-01-05 17:07:35,657 - INFO - [Process 20905] alpha_sort - 500 sims 完成: E=16.54
2026-01-05 17:07:35,836 - INFO - [Process 20906] importance_sort - 500 sims 完成: E=16.54
2026-01-05 17:07:35,912 - INFO - [Process 20904] pageRank - 500 sims 完成: E=15.78
2026-01-05 17:07:36,566 - INFO - [Process 20903] degreeTopM - 500 sims 完成: E=16.51
2026-01-05 17:07:36,619 - INFO - [Process 20907] ris_coverage - 500 sims 完成: E=16.66
2026-01-05 17:07:37,098 - INFO - [Process 20908] monterCarlo_CELF - 500 sims 完成: E=16.48
2026-01-05 17:07:37,132 - INFO - 所有进程执行完毕，开始写入数据...
2026-01-05 17:07:37,138 - INFO - 成功写入 7 条记录至 /root/pythonspace/data-test/facebook/2026-1-5-watch-fans-100-update-dis-random_dirichlet=[500,500,500]/E-activated-facebook/distribution-random/simuTimes-500_random-dirichlet-[500, 500, 500]_rrNumSamples-100000.csv
2026-01-05 17:07:37,138 - INFO - 保存评估文件至: /root/pythonspace/data-test/facebook/2026-1-5-watch-fans-100-update-dis-random_dirichlet=[500,500,500]/E-activated-facebook/distribution-random/simuTimes-500_random-dirichlet-[500, 500, 500]_rrNumSamples-100000.csv
