2026-03-09 04:31:04,407 - INFO - 加载数据集: network.douban11core
2026-03-09 04:31:04,409 - INFO - --- 矩阵分析 ---
2026-03-09 04:31:04,409 - INFO - 节点数 (N): 5123
2026-03-09 04:31:04,409 - INFO - 边数 (E): 129298
2026-03-09 04:31:04,409 - INFO - 密度 (Density): 0.00492655 (越小越稀疏)
2026-03-09 04:31:04,409 - INFO - 稀疏度 (Sparsity): 0.99507345 (越接近1越稀疏)
2026-03-09 04:31:04,409 - INFO - 平均度数 (Avg Degree): 25.24
2026-03-09 04:31:04,409 - INFO - >>> 正在注入完美对抗属性（验证三条定理）...
2026-03-09 04:31:04,535 - INFO - 首次生成种子集 random
2026-03-09 04:31:04,535 - INFO - 执行当前算法开始: random
2026-03-09 04:31:04,536 - INFO - 数据集节点总数:  n = 5123, m = 50
2026-03-09 04:31:04,536 - INFO - 选择 50  [4396, 4468, 2943, 2699, 1983, 5115, 2944, 3894, 819, 2646, 331, 33, 12, 909, 1827, 1161, 775, 162, 145, 3468, 3734, 1544, 3897, 1697, 2996, 2369, 4447, 2665, 1585, 46, 3386, 672, 3171, 2471, 452, 3913, 2497, 219, 4381, 4130, 5086, 3198, 2580, 349, 1965, 2049, 2365, 451, 1404, 3027]

2026-03-09 04:31:04,536 - INFO - 当前用时 0.00 秒
2026-03-09 04:31:04,536 - INFO - 将种子集 写入位置: /home/wen/work/coup_spread/network.douban11core/2026-3-11/seeds-with-network.douban11core/random_random_seedNum-50_SSRNum-50000.txt
2026-03-09 04:31:04,536 - INFO - 首次生成种子集 degreeTopM
2026-03-09 04:31:04,536 - INFO - 执行当前算法开始: degreeTopM
2026-03-09 04:31:04,536 - INFO - 依据: 选择连接数（度数）最多的节点。
2026-03-09 04:31:04,537 - INFO - 选择的 Top M 节点及其度数:
2026-03-09 04:31:04,537 - INFO - 
2026-03-09 04:31:04,537 - INFO - 当前用时 0.00 秒
2026-03-09 04:31:04,537 - INFO - 将种子集 写入位置: /home/wen/work/coup_spread/network.douban11core/2026-3-11/seeds-with-network.douban11core/random_degreeTopM_seedNum-50_SSRNum-50000.txt
2026-03-09 04:31:04,537 - INFO - 首次生成种子集 pageRank
2026-03-09 04:31:04,537 - INFO - 执行当前算法开始: pageRank
2026-03-09 04:31:04,538 - INFO - --- Running: PageRank (on tranProMatrix) Top M ---
2026-03-09 04:31:05,316 - INFO - Selected PageRank seeds: [413, 135, 2568, 94, 2360, 412, 922, 644, 249, 1629, 295, 1195, 958, 1169, 2367, 11, 454, 590, 48, 1537, 1303, 1068, 1514, 902, 2005, 2595, 451, 744, 396, 2757, 2960, 2716, 100, 1604, 27, 611, 416, 2943, 2745, 696, 766, 855, 1186, 2542, 2395, 2242, 1166, 1595, 299, 142]
2026-03-09 04:31:05,317 - INFO - 当前用时 0.78 秒
2026-03-09 04:31:05,317 - INFO - 将种子集 写入位置: /home/wen/work/coup_spread/network.douban11core/2026-3-11/seeds-with-network.douban11core/random_pageRank_seedNum-50_SSRNum-50000.txt
2026-03-09 04:31:05,317 - INFO - 首次生成种子集 alpha_sort
2026-03-09 04:31:05,317 - INFO - 执行当前算法开始: alpha_sort
2026-03-09 04:31:05,318 - INFO - 5123 个节点的alpha值降序排序 done
2026-03-09 04:31:05,318 - INFO - ==============>> [(0, np.float64(0.2)), (1, np.float64(0.2)), (2, np.float64(0.2)), (3, np.float64(0.2)), (4, np.float64(0.2)), (5, np.float64(0.2)), (6, np.float64(0.2)), (7, np.float64(0.2)), (8, np.float64(0.2)), (9, np.float64(0.2))]
2026-03-09 04:31:05,318 - INFO - 
选择的种子集 (按alpha排序): [0, 1, 2, 3, 4, 5, 6, 7, 8, 9, 10, 11, 12, 13, 14, 15, 16, 17, 18, 19, 20, 21, 22, 23, 24, 25, 26, 27, 28, 29, 30, 31, 32, 33, 34, 35, 36, 37, 38, 39, 40, 41, 42, 43, 44, 45, 46, 47, 48, 49]

2026-03-09 04:31:05,318 - INFO - 当前用时 0.00 秒
2026-03-09 04:31:05,318 - INFO - 将种子集 写入位置: /home/wen/work/coup_spread/network.douban11core/2026-3-11/seeds-with-network.douban11core/random_alpha_sort_seedNum-50_SSRNum-50000.txt
2026-03-09 04:31:05,318 - INFO - 首次生成种子集 ris_optimized
2026-03-09 04:31:05,319 - INFO - 执行当前算法开始: ris_optimized
2026-03-09 04:31:05,822 - INFO - 图初始化完成，节点数: 5123，当前模式: 优化采样
2026-03-09 04:31:05,823 - INFO - 开始生成 50000 组多重RR-Set...
2026-03-09 04:31:32,352 - INFO - 生成完毕。耗时: 26.53 秒。
2026-03-09 04:31:32,368 - INFO - 开始基于多重RR集贪心选择最优种子...
2026-03-09 04:31:35,017 - INFO - 选种完毕。耗时: 2.65 秒。估算范围: 96.88
2026-03-09 04:31:35,378 - INFO - 当前用时 30.06 秒
2026-03-09 04:31:35,379 - INFO - 将种子集 写入位置: /home/wen/work/coup_spread/network.douban11core/2026-3-11/seeds-with-network.douban11core/random_ris_optimized_seedNum-50_SSRNum-50000.txt
2026-03-09 04:31:35,379 - INFO - 首次生成种子集 1hop_sort
2026-03-09 04:31:35,379 - INFO - 执行当前算法开始: 1hop_sort
2026-03-09 04:31:35,379 - INFO - --- Running: Teacher's 1-Hop Expected Spread Sort ---
2026-03-09 04:31:35,446 - INFO - 选出的前 5 个种子得分展示: [0.4 0.4 0.4 0.4 0.4]
2026-03-09 04:31:35,447 - INFO - 当前用时 0.07 秒
2026-03-09 04:31:35,447 - INFO - 将种子集 写入位置: /home/wen/work/coup_spread/network.douban11core/2026-3-11/seeds-with-network.douban11core/random_1hop_sort_seedNum-50_SSRNum-50000.txt
2026-03-09 04:31:35,448 - INFO - 评估种子集: None
2026-03-09 04:31:35,448 - INFO - 多进程评估开始，共有 6 个方法待评估...
2026-03-09 04:31:35,448 - INFO - 启动进程池，Worker数量: 6
2026-03-09 04:31:36,400 - INFO - [Process 3951662] 开始评估方法: random, 种子数: 50
2026-03-09 04:31:37,120 - INFO - [Process 3951663] 开始评估方法: degreeTopM, 种子数: 50
2026-03-09 04:31:37,872 - INFO - [Process 3951664] 开始评估方法: pageRank, 种子数: 50
2026-03-09 04:31:38,607 - INFO - [Process 3951665] 开始评估方法: alpha_sort, 种子数: 50
2026-03-09 04:31:39,363 - INFO - [Process 3951666] 开始评估方法: ris_optimized, 种子数: 50
2026-03-09 04:31:40,099 - INFO - [Process 3951667] 开始评估方法: 1hop_sort, 种子数: 50
2026-03-09 04:31:40,490 - INFO - [random - 种子:50] 拉新:39.9人 | 总销量:40.0单 | 品牌曝光:203.9次 | 🌟综合得分:60.3
2026-03-09 04:31:41,436 - INFO - [degreeTopM - 种子:50] 拉新:41.1人 | 总销量:41.6单 | 品牌曝光:210.9次 | 🌟综合得分:62.4
2026-03-09 04:31:42,163 - INFO - [pageRank - 种子:50] 拉新:40.8人 | 总销量:41.3单 | 品牌曝光:209.8次 | 🌟综合得分:62.1
2026-03-09 04:31:43,075 - INFO - [alpha_sort - 种子:50] 拉新:43.3人 | 总销量:44.1单 | 品牌曝光:221.5次 | 🌟综合得分:65.8
2026-03-09 04:31:43,683 - INFO - [ris_optimized - 种子:50] 拉新:42.8人 | 总销量:43.0单 | 品牌曝光:216.6次 | 🌟综合得分:64.6
2026-03-09 04:31:44,406 - INFO - [1hop_sort - 种子:50] 拉新:43.5人 | 总销量:43.8单 | 品牌曝光:220.4次 | 🌟综合得分:65.7
2026-03-09 04:31:44,437 - INFO - 所有进程执行完毕，开始写入数据...
2026-03-09 04:31:44,455 - INFO - 成功写入 6 条记录至 /home/wen/work/coup_spread/gzc-impl/results/network.douban11core/2026-3-11/random_SSRNum-50000-_seedNum-50_simuTimes-500.csv
2026-03-09 04:31:44,456 - INFO - 保存评估文件至: /home/wen/work/coup_spread/gzc-impl/results/network.douban11core/2026-3-11/random_SSRNum-50000-_seedNum-50_simuTimes-500.csv
2026-03-09 04:31:44,475 - INFO - 加载数据集: network.douban11core
2026-03-09 04:31:44,476 - INFO - --- 矩阵分析 ---
2026-03-09 04:31:44,476 - INFO - 节点数 (N): 5123
2026-03-09 04:31:44,476 - INFO - 边数 (E): 129298
2026-03-09 04:31:44,476 - INFO - 密度 (Density): 0.00492655 (越小越稀疏)
2026-03-09 04:31:44,476 - INFO - 稀疏度 (Sparsity): 0.99507345 (越接近1越稀疏)
2026-03-09 04:31:44,476 - INFO - 平均度数 (Avg Degree): 25.24
2026-03-09 04:31:44,477 - INFO - >>> 正在注入完美对抗属性（验证三条定理）...
2026-03-09 04:31:44,598 - INFO - 首次生成种子集 random
2026-03-09 04:31:44,598 - INFO - 执行当前算法开始: random
2026-03-09 04:31:44,598 - INFO - 数据集节点总数:  n = 5123, m = 75
2026-03-09 04:31:44,598 - INFO - 选择 75  [3661, 1437, 2202, 263, 4749, 435, 1702, 4123, 2720, 4152, 3610, 1483, 605, 1640, 2592, 4431, 3051, 2533, 4953, 372, 275, 2703, 4419, 2154, 2717, 3176, 3927, 2912, 3287, 2548, 2490, 2364, 949, 1598, 4711, 11, 2849, 1247, 4134, 891, 1814, 4498, 1330, 1454, 1606, 975, 554, 2288, 4083, 1110, 3304, 2325, 3750, 3352, 3319, 4946, 1573, 3714, 3883, 1772, 5112, 1612, 1727, 3612, 3235, 67, 3812, 2130, 951, 4660, 842, 1705, 1343, 4387, 3631]

2026-03-09 04:31:44,598 - INFO - 当前用时 0.00 秒
2026-03-09 04:31:44,598 - INFO - 将种子集 写入位置: /home/wen/work/coup_spread/network.douban11core/2026-3-11/seeds-with-network.douban11core/random_random_seedNum-75_SSRNum-50000.txt
2026-03-09 04:31:44,598 - INFO - 首次生成种子集 degreeTopM
2026-03-09 04:31:44,598 - INFO - 执行当前算法开始: degreeTopM
2026-03-09 04:31:44,598 - INFO - 依据: 选择连接数（度数）最多的节点。
2026-03-09 04:31:44,599 - INFO - 选择的 Top M 节点及其度数:
2026-03-09 04:31:44,599 - INFO - 
2026-03-09 04:31:44,599 - INFO - 当前用时 0.00 秒
2026-03-09 04:31:44,599 - INFO - 将种子集 写入位置: /home/wen/work/coup_spread/network.douban11core/2026-3-11/seeds-with-network.douban11core/random_degreeTopM_seedNum-75_SSRNum-50000.txt
2026-03-09 04:31:44,599 - INFO - 首次生成种子集 pageRank
2026-03-09 04:31:44,600 - INFO - 执行当前算法开始: pageRank
2026-03-09 04:31:44,600 - INFO - --- Running: PageRank (on tranProMatrix) Top M ---
2026-03-09 04:31:45,281 - INFO - Selected PageRank seeds: [413, 135, 2568, 94, 2360, 412, 922, 644, 249, 1629, 295, 1195, 958, 1169, 2367, 11, 454, 590, 48, 1537, 1303, 1068, 1514, 902, 2005, 2595, 451, 744, 396, 2757, 2960, 2716, 100, 1604, 27, 611, 416, 2943, 2745, 696, 766, 855, 1186, 2542, 2395, 2242, 1166, 1595, 299, 142, 2409, 1892, 846, 2286, 1515, 3812, 137, 192, 899, 884, 2713, 4015, 197, 1882, 583, 2411, 3702, 114, 331, 228, 2403, 2590, 3936, 1941, 227]
2026-03-09 04:31:45,281 - INFO - 当前用时 0.68 秒
2026-03-09 04:31:45,281 - INFO - 将种子集 写入位置: /home/wen/work/coup_spread/network.douban11core/2026-3-11/seeds-with-network.douban11core/random_pageRank_seedNum-75_SSRNum-50000.txt
2026-03-09 04:31:45,281 - INFO - 首次生成种子集 alpha_sort
2026-03-09 04:31:45,282 - INFO - 执行当前算法开始: alpha_sort
2026-03-09 04:31:45,282 - INFO - 5123 个节点的alpha值降序排序 done
2026-03-09 04:31:45,282 - INFO - ==============>> [(0, np.float64(0.2)), (1, np.float64(0.2)), (2, np.float64(0.2)), (3, np.float64(0.2)), (4, np.float64(0.2)), (5, np.float64(0.2)), (6, np.float64(0.2)), (7, np.float64(0.2)), (8, np.float64(0.2)), (9, np.float64(0.2))]
2026-03-09 04:31:45,283 - INFO - 
选择的种子集 (按alpha排序): [0, 1, 2, 3, 4, 5, 6, 7, 8, 9, 10, 11, 12, 13, 14, 15, 16, 17, 18, 19, 20, 21, 22, 23, 24, 25, 26, 27, 28, 29, 30, 31, 32, 33, 34, 35, 36, 37, 38, 39, 40, 41, 42, 43, 44, 45, 46, 47, 48, 49, 50, 51, 52, 53, 54, 55, 56, 57, 58, 59, 60, 61, 62, 63, 64, 65, 66, 67, 68, 69, 70, 71, 72, 73, 74]

2026-03-09 04:31:45,283 - INFO - 当前用时 0.00 秒
2026-03-09 04:31:45,283 - INFO - 将种子集 写入位置: /home/wen/work/coup_spread/network.douban11core/2026-3-11/seeds-with-network.douban11core/random_alpha_sort_seedNum-75_SSRNum-50000.txt
2026-03-09 04:31:45,283 - INFO - 首次生成种子集 ris_optimized
2026-03-09 04:31:45,283 - INFO - 执行当前算法开始: ris_optimized
2026-03-09 04:31:45,732 - INFO - 图初始化完成，节点数: 5123，当前模式: 优化采样
2026-03-09 04:31:45,733 - INFO - 开始生成 50000 组多重RR-Set...
2026-03-09 04:32:24,053 - INFO - 生成完毕。耗时: 38.32 秒。
2026-03-09 04:32:24,073 - INFO - 开始基于多重RR集贪心选择最优种子...
2026-03-09 04:32:29,162 - INFO - 选种完毕。耗时: 5.09 秒。估算范围: 146.82
2026-03-09 04:32:29,787 - INFO - 当前用时 44.50 秒
2026-03-09 04:32:29,788 - INFO - 将种子集 写入位置: /home/wen/work/coup_spread/network.douban11core/2026-3-11/seeds-with-network.douban11core/random_ris_optimized_seedNum-75_SSRNum-50000.txt
2026-03-09 04:32:29,788 - INFO - 首次生成种子集 1hop_sort
2026-03-09 04:32:29,788 - INFO - 执行当前算法开始: 1hop_sort
2026-03-09 04:32:29,789 - INFO - --- Running: Teacher's 1-Hop Expected Spread Sort ---
2026-03-09 04:32:29,817 - INFO - 选出的前 5 个种子得分展示: [0.4 0.4 0.4 0.4 0.4]
2026-03-09 04:32:29,817 - INFO - 当前用时 0.03 秒
2026-03-09 04:32:29,817 - INFO - 将种子集 写入位置: /home/wen/work/coup_spread/network.douban11core/2026-3-11/seeds-with-network.douban11core/random_1hop_sort_seedNum-75_SSRNum-50000.txt
2026-03-09 04:32:29,819 - INFO - 评估种子集: None
2026-03-09 04:32:29,819 - INFO - 多进程评估开始，共有 6 个方法待评估...
2026-03-09 04:32:29,819 - INFO - 启动进程池，Worker数量: 6
2026-03-09 04:32:30,785 - INFO - [Process 3952412] 开始评估方法: random, 种子数: 75
2026-03-09 04:32:31,494 - INFO - [Process 3952413] 开始评估方法: degreeTopM, 种子数: 75
2026-03-09 04:32:32,229 - INFO - [Process 3952414] 开始评估方法: pageRank, 种子数: 75
2026-03-09 04:32:33,062 - INFO - [Process 3952415] 开始评估方法: alpha_sort, 种子数: 75
2026-03-09 04:32:33,733 - INFO - [Process 3952416] 开始评估方法: ris_optimized, 种子数: 75
2026-03-09 04:32:34,441 - INFO - [Process 3952417] 开始评估方法: 1hop_sort, 种子数: 75
2026-03-09 04:32:36,728 - INFO - [random - 种子:75] 拉新:57.5人 | 总销量:58.0单 | 品牌曝光:298.7次 | 🌟综合得分:87.6
2026-03-09 04:32:38,041 - INFO - [degreeTopM - 种子:75] 拉新:61.3人 | 总销量:62.3单 | 品牌曝光:316.7次 | 🌟综合得分:93.5
2026-03-09 04:32:38,631 - INFO - [pageRank - 种子:75] 拉新:61.0人 | 总销量:62.0单 | 品牌曝光:315.4次 | 🌟综合得分:93.1
2026-03-09 04:32:39,695 - INFO - [alpha_sort - 种子:75] 拉新:64.1人 | 总销量:66.5单 | 品牌曝光:333.9次 | 🌟综合得分:98.7
2026-03-09 04:32:40,649 - INFO - [ris_optimized - 种子:75] 拉新:63.8人 | 总销量:64.3单 | 品牌曝光:325.0次 | 🌟综合得分:96.6
2026-03-09 04:32:41,161 - INFO - [1hop_sort - 种子:75] 拉新:64.9人 | 总销量:65.6单 | 品牌曝光:330.1次 | 🌟综合得分:98.3
2026-03-09 04:32:41,206 - INFO - 所有进程执行完毕，开始写入数据...
2026-03-09 04:32:41,221 - INFO - 成功写入 6 条记录至 /home/wen/work/coup_spread/gzc-impl/results/network.douban11core/2026-3-11/random_SSRNum-50000-_seedNum-75_simuTimes-500.csv
2026-03-09 04:32:41,222 - INFO - 保存评估文件至: /home/wen/work/coup_spread/gzc-impl/results/network.douban11core/2026-3-11/random_SSRNum-50000-_seedNum-75_simuTimes-500.csv
2026-03-09 04:32:41,244 - INFO - 加载数据集: network.douban11core
2026-03-09 04:32:41,246 - INFO - --- 矩阵分析 ---
2026-03-09 04:32:41,246 - INFO - 节点数 (N): 5123
2026-03-09 04:32:41,246 - INFO - 边数 (E): 129298
2026-03-09 04:32:41,246 - INFO - 密度 (Density): 0.00492655 (越小越稀疏)
2026-03-09 04:32:41,246 - INFO - 稀疏度 (Sparsity): 0.99507345 (越接近1越稀疏)
2026-03-09 04:32:41,246 - INFO - 平均度数 (Avg Degree): 25.24
2026-03-09 04:32:41,246 - INFO - >>> 正在注入完美对抗属性（验证三条定理）...
2026-03-09 04:32:41,387 - INFO - 首次生成种子集 random
2026-03-09 04:32:41,387 - INFO - 执行当前算法开始: random
2026-03-09 04:32:41,387 - INFO - 数据集节点总数:  n = 5123, m = 100
2026-03-09 04:32:41,388 - INFO - 选择 100  [1163, 1024, 1790, 3358, 2506, 933, 4422, 3696, 4670, 2437, 4632, 2004, 2346, 2852, 1464, 5065, 330, 2603, 1427, 811, 2097, 2659, 2743, 3567, 2753, 4706, 2308, 3217, 2710, 1185, 4610, 3821, 102, 2310, 753, 1974, 2448, 3221, 5121, 384, 2787, 4073, 3631, 2272, 1046, 4920, 2936, 5118, 2001, 3397, 2885, 2540, 3551, 488, 4259, 3086, 3400, 1985, 2033, 3247, 4502, 2274, 1950, 2354, 542, 125, 2460, 586, 1603, 2521, 96, 2653, 4230, 1699, 272, 3932, 508, 522, 3224, 2776, 374, 883, 60, 5048, 666, 4253, 3799, 350, 4974, 142, 547, 1924, 185, 1623, 14, 1594, 4980, 3671, 560, 1120]

2026-03-09 04:32:41,388 - INFO - 当前用时 0.00 秒
2026-03-09 04:32:41,389 - INFO - 将种子集 写入位置: /home/wen/work/coup_spread/network.douban11core/2026-3-11/seeds-with-network.douban11core/random_random_seedNum-100_SSRNum-50000.txt
2026-03-09 04:32:41,389 - INFO - 首次生成种子集 degreeTopM
2026-03-09 04:32:41,389 - INFO - 执行当前算法开始: degreeTopM
2026-03-09 04:32:41,389 - INFO - 依据: 选择连接数（度数）最多的节点。
2026-03-09 04:32:41,390 - INFO - 选择的 Top M 节点及其度数:
2026-03-09 04:32:41,391 - INFO - 
2026-03-09 04:32:41,391 - INFO - 当前用时 0.00 秒
2026-03-09 04:32:41,391 - INFO - 将种子集 写入位置: /home/wen/work/coup_spread/network.douban11core/2026-3-11/seeds-with-network.douban11core/random_degreeTopM_seedNum-100_SSRNum-50000.txt
2026-03-09 04:32:41,391 - INFO - 首次生成种子集 pageRank
2026-03-09 04:32:41,392 - INFO - 执行当前算法开始: pageRank
2026-03-09 04:32:41,392 - INFO - --- Running: PageRank (on tranProMatrix) Top M ---
2026-03-09 04:32:42,165 - INFO - Selected PageRank seeds: [413, 135, 2568, 94, 2360, 412, 922, 644, 249, 1629, 295, 1195, 958, 1169, 2367, 11, 454, 590, 48, 1537, 1303, 1068, 1514, 902, 2005, 2595, 451, 744, 396, 2757, 2960, 2716, 100, 1604, 27, 611, 416, 2943, 2745, 696, 766, 855, 1186, 2542, 2395, 2242, 1166, 1595, 299, 142, 2409, 1892, 846, 2286, 1515, 3812, 137, 192, 899, 884, 2713, 4015, 197, 1882, 583, 2411, 3702, 114, 331, 228, 2403, 2590, 3936, 1941, 227, 380, 303, 979, 1173, 987, 1413, 1361, 3169, 1390, 2642, 2660, 230, 2187, 1423, 1192, 1815, 205, 821, 2205, 1117, 849, 1268, 2129, 926, 1520]
2026-03-09 04:32:42,165 - INFO - 当前用时 0.77 秒
2026-03-09 04:32:42,165 - INFO - 将种子集 写入位置: /home/wen/work/coup_spread/network.douban11core/2026-3-11/seeds-with-network.douban11core/random_pageRank_seedNum-100_SSRNum-50000.txt
2026-03-09 04:32:42,166 - INFO - 首次生成种子集 alpha_sort
2026-03-09 04:32:42,166 - INFO - 执行当前算法开始: alpha_sort
2026-03-09 04:32:42,167 - INFO - 5123 个节点的alpha值降序排序 done
2026-03-09 04:32:42,167 - INFO - ==============>> [(0, np.float64(0.2)), (1, np.float64(0.2)), (2, np.float64(0.2)), (3, np.float64(0.2)), (4, np.float64(0.2)), (5, np.float64(0.2)), (6, np.float64(0.2)), (7, np.float64(0.2)), (8, np.float64(0.2)), (9, np.float64(0.2))]
2026-03-09 04:32:42,167 - INFO - 
选择的种子集 (按alpha排序): [0, 1, 2, 3, 4, 5, 6, 7, 8, 9, 10, 11, 12, 13, 14, 15, 16, 17, 18, 19, 20, 21, 22, 23, 24, 25, 26, 27, 28, 29, 30, 31, 32, 33, 34, 35, 36, 37, 38, 39, 40, 41, 42, 43, 44, 45, 46, 47, 48, 49, 50, 51, 52, 53, 54, 55, 56, 57, 58, 59, 60, 61, 62, 63, 64, 65, 66, 67, 68, 69, 70, 71, 72, 73, 74, 75, 76, 77, 78, 79, 80, 81, 82, 83, 84, 85, 86, 87, 88, 89, 90, 91, 92, 93, 94, 95, 96, 97, 98, 99]

2026-03-09 04:32:42,167 - INFO - 当前用时 0.00 秒
2026-03-09 04:32:42,167 - INFO - 将种子集 写入位置: /home/wen/work/coup_spread/network.douban11core/2026-3-11/seeds-with-network.douban11core/random_alpha_sort_seedNum-100_SSRNum-50000.txt
2026-03-09 04:32:42,167 - INFO - 首次生成种子集 ris_optimized
2026-03-09 04:32:42,167 - INFO - 执行当前算法开始: ris_optimized
2026-03-09 04:32:42,685 - INFO - 图初始化完成，节点数: 5123，当前模式: 优化采样
2026-03-09 04:32:42,686 - INFO - 开始生成 50000 组多重RR-Set...
2026-03-09 04:33:33,523 - INFO - 生成完毕。耗时: 50.84 秒。
2026-03-09 04:33:33,542 - INFO - 开始基于多重RR集贪心选择最优种子...
2026-03-09 04:33:40,572 - INFO - 选种完毕。耗时: 7.03 秒。估算范围: 195.08
2026-03-09 04:33:41,456 - INFO - 当前用时 59.29 秒
2026-03-09 04:33:41,457 - INFO - 将种子集 写入位置: /home/wen/work/coup_spread/network.douban11core/2026-3-11/seeds-with-network.douban11core/random_ris_optimized_seedNum-100_SSRNum-50000.txt
2026-03-09 04:33:41,457 - INFO - 首次生成种子集 1hop_sort
2026-03-09 04:33:41,457 - INFO - 执行当前算法开始: 1hop_sort
2026-03-09 04:33:41,457 - INFO - --- Running: Teacher's 1-Hop Expected Spread Sort ---
2026-03-09 04:33:41,483 - INFO - 选出的前 5 个种子得分展示: [0.4 0.4 0.4 0.4 0.4]
2026-03-09 04:33:41,483 - INFO - 当前用时 0.03 秒
2026-03-09 04:33:41,483 - INFO - 将种子集 写入位置: /home/wen/work/coup_spread/network.douban11core/2026-3-11/seeds-with-network.douban11core/random_1hop_sort_seedNum-100_SSRNum-50000.txt
2026-03-09 04:33:41,486 - INFO - 评估种子集: None
2026-03-09 04:33:41,486 - INFO - 多进程评估开始，共有 6 个方法待评估...
2026-03-09 04:33:41,486 - INFO - 启动进程池，Worker数量: 6
2026-03-09 04:33:42,544 - INFO - [Process 3953447] 开始评估方法: random, 种子数: 100
2026-03-09 04:33:43,289 - INFO - [Process 3953448] 开始评估方法: degreeTopM, 种子数: 100
2026-03-09 04:33:44,029 - INFO - [Process 3953449] 开始评估方法: pageRank, 种子数: 100
2026-03-09 04:33:44,793 - INFO - [Process 3953450] 开始评估方法: alpha_sort, 种子数: 100
2026-03-09 04:33:45,538 - INFO - [Process 3953451] 开始评估方法: ris_optimized, 种子数: 100
2026-03-09 04:33:46,274 - INFO - [Process 3953452] 开始评估方法: 1hop_sort, 种子数: 100
2026-03-09 04:33:50,394 - INFO - [random - 种子:100] 拉新:75.8人 | 总销量:76.5单 | 品牌曝光:393.2次 | 🌟综合得分:115.5
2026-03-09 04:33:52,472 - INFO - [degreeTopM - 种子:100] 拉新:81.5人 | 总销量:83.2单 | 品牌曝光:421.8次 | 🌟综合得分:124.5
2026-03-09 04:33:52,644 - INFO - [pageRank - 种子:100] 拉新:81.4人 | 总销量:83.2单 | 品牌曝光:421.6次 | 🌟综合得分:124.4
2026-03-09 04:33:53,288 - INFO - [alpha_sort - 种子:100] 拉新:84.3人 | 总销量:88.0单 | 品牌曝光:441.9次 | 🌟综合得分:130.3
2026-03-09 04:33:54,428 - INFO - [ris_optimized - 种子:100] 拉新:84.7人 | 总销量:85.7单 | 品牌曝光:432.7次 | 🌟综合得分:128.5
2026-03-09 04:33:55,055 - INFO - [1hop_sort - 种子:100] 拉新:86.1人 | 总销量:87.4单 | 品牌曝光:439.6次 | 🌟综合得分:130.7
2026-03-09 04:33:55,105 - INFO - 所有进程执行完毕，开始写入数据...
2026-03-09 04:33:55,122 - INFO - 成功写入 6 条记录至 /home/wen/work/coup_spread/gzc-impl/results/network.douban11core/2026-3-11/random_SSRNum-50000-_seedNum-100_simuTimes-500.csv
2026-03-09 04:33:55,123 - INFO - 保存评估文件至: /home/wen/work/coup_spread/gzc-impl/results/network.douban11core/2026-3-11/random_SSRNum-50000-_seedNum-100_simuTimes-500.csv
2026-03-09 04:33:55,149 - INFO - 加载数据集: network.douban11core
2026-03-09 04:33:55,151 - INFO - --- 矩阵分析 ---
2026-03-09 04:33:55,151 - INFO - 节点数 (N): 5123
2026-03-09 04:33:55,151 - INFO - 边数 (E): 129298
2026-03-09 04:33:55,151 - INFO - 密度 (Density): 0.00492655 (越小越稀疏)
2026-03-09 04:33:55,151 - INFO - 稀疏度 (Sparsity): 0.99507345 (越接近1越稀疏)
2026-03-09 04:33:55,151 - INFO - 平均度数 (Avg Degree): 25.24
2026-03-09 04:33:55,152 - INFO - >>> 正在注入完美对抗属性（验证三条定理）...
2026-03-09 04:33:55,279 - INFO - 首次生成种子集 random
2026-03-09 04:33:55,280 - INFO - 执行当前算法开始: random
2026-03-09 04:33:55,280 - INFO - 数据集节点总数:  n = 5123, m = 125
2026-03-09 04:33:55,280 - INFO - 选择 125  [3006, 3154, 1359, 5009, 1655, 713, 4048, 1539, 3934, 2964, 4593, 1849, 1481, 429, 4881, 2421, 2871, 2620, 2749, 1237, 4933, 4804, 3491, 1019, 1293, 521, 1606, 3757, 971, 2648, 1970, 166, 4319, 361, 3307, 4811, 3842, 4362, 407, 309, 937, 3512, 1323, 2447, 514, 3482, 2848, 841, 1223, 2594, 3164, 575, 3347, 4895, 2624, 1142, 761, 537, 4402, 1496, 2134, 4522, 2570, 3387, 3085, 195, 2368, 3727, 30, 3920, 4151, 2775, 2269, 840, 3046, 1986, 2502, 3788, 1190, 4513, 4138, 2560, 1997, 590, 645, 4474, 2238, 175, 1960, 3150, 557, 3530, 3160, 1058, 5078, 1109, 2090, 346, 350, 5072, 1857, 2413, 3217, 49, 3677, 3897, 816, 1466, 1398, 1896, 2972, 1104, 4632, 940, 1730, 2012, 2450, 36, 792, 3443, 2313, 3226, 2834, 210, 5015]

2026-03-09 04:33:55,280 - INFO - 当前用时 0.00 秒
2026-03-09 04:33:55,280 - INFO - 将种子集 写入位置: /home/wen/work/coup_spread/network.douban11core/2026-3-11/seeds-with-network.douban11core/random_random_seedNum-125_SSRNum-50000.txt
2026-03-09 04:33:55,281 - INFO - 首次生成种子集 degreeTopM
2026-03-09 04:33:55,281 - INFO - 执行当前算法开始: degreeTopM
2026-03-09 04:33:55,281 - INFO - 依据: 选择连接数（度数）最多的节点。
2026-03-09 04:33:55,282 - INFO - 选择的 Top M 节点及其度数:
2026-03-09 04:33:55,282 - INFO - 
2026-03-09 04:33:55,282 - INFO - 当前用时 0.00 秒
2026-03-09 04:33:55,282 - INFO - 将种子集 写入位置: /home/wen/work/coup_spread/network.douban11core/2026-3-11/seeds-with-network.douban11core/random_degreeTopM_seedNum-125_SSRNum-50000.txt
2026-03-09 04:33:55,283 - INFO - 首次生成种子集 pageRank
2026-03-09 04:33:55,283 - INFO - 执行当前算法开始: pageRank
2026-03-09 04:33:55,283 - INFO - --- Running: PageRank (on tranProMatrix) Top M ---
2026-03-09 04:33:55,932 - INFO - Selected PageRank seeds: [413, 135, 2568, 94, 2360, 412, 922, 644, 249, 1629, 295, 1195, 958, 1169, 2367, 11, 454, 590, 48, 1537, 1303, 1068, 1514, 902, 2005, 2595, 451, 744, 396, 2757, 2960, 2716, 100, 1604, 27, 611, 416, 2943, 2745, 696, 766, 855, 1186, 2542, 2395, 2242, 1166, 1595, 299, 142, 2409, 1892, 846, 2286, 1515, 3812, 137, 192, 899, 884, 2713, 4015, 197, 1882, 583, 2411, 3702, 114, 331, 228, 2403, 2590, 3936, 1941, 227, 380, 303, 979, 1173, 987, 1413, 1361, 3169, 1390, 2642, 2660, 230, 2187, 1423, 1192, 1815, 205, 821, 2205, 1117, 849, 1268, 2129, 926, 1520, 448, 2695, 1424, 196, 2190, 548, 432, 389, 483, 699, 3174, 256, 296, 446, 541, 397, 2899, 917, 235, 610, 2410, 953, 405, 1114, 868]
2026-03-09 04:33:55,932 - INFO - 当前用时 0.65 秒
2026-03-09 04:33:55,933 - INFO - 将种子集 写入位置: /home/wen/work/coup_spread/network.douban11core/2026-3-11/seeds-with-network.douban11core/random_pageRank_seedNum-125_SSRNum-50000.txt
2026-03-09 04:33:55,933 - INFO - 首次生成种子集 alpha_sort
2026-03-09 04:33:55,933 - INFO - 执行当前算法开始: alpha_sort
2026-03-09 04:33:55,934 - INFO - 5123 个节点的alpha值降序排序 done
2026-03-09 04:33:55,934 - INFO - ==============>> [(0, np.float64(0.2)), (1, np.float64(0.2)), (2, np.float64(0.2)), (3, np.float64(0.2)), (4, np.float64(0.2)), (5, np.float64(0.2)), (6, np.float64(0.2)), (7, np.float64(0.2)), (8, np.float64(0.2)), (9, np.float64(0.2))]
2026-03-09 04:33:55,934 - INFO - 
选择的种子集 (按alpha排序): [0, 1, 2, 3, 4, 5, 6, 7, 8, 9, 10, 11, 12, 13, 14, 15, 16, 17, 18, 19, 20, 21, 22, 23, 24, 25, 26, 27, 28, 29, 30, 31, 32, 33, 34, 35, 36, 37, 38, 39, 40, 41, 42, 43, 44, 45, 46, 47, 48, 49, 50, 51, 52, 53, 54, 55, 56, 57, 58, 59, 60, 61, 62, 63, 64, 65, 66, 67, 68, 69, 70, 71, 72, 73, 74, 75, 76, 77, 78, 79, 80, 81, 82, 83, 84, 85, 86, 87, 88, 89, 90, 91, 92, 93, 94, 95, 96, 97, 98, 99, 100, 101, 102, 103, 104, 105, 106, 107, 108, 109, 110, 111, 112, 113, 114, 115, 116, 117, 118, 119, 120, 121, 122, 123, 124]

2026-03-09 04:33:55,934 - INFO - 当前用时 0.00 秒
2026-03-09 04:33:55,934 - INFO - 将种子集 写入位置: /home/wen/work/coup_spread/network.douban11core/2026-3-11/seeds-with-network.douban11core/random_alpha_sort_seedNum-125_SSRNum-50000.txt
2026-03-09 04:33:55,934 - INFO - 首次生成种子集 ris_optimized
2026-03-09 04:33:55,935 - INFO - 执行当前算法开始: ris_optimized
2026-03-09 04:33:56,457 - INFO - 图初始化完成，节点数: 5123，当前模式: 优化采样
2026-03-09 04:33:56,457 - INFO - 开始生成 50000 组多重RR-Set...
2026-03-09 04:35:01,156 - INFO - 生成完毕。耗时: 64.70 秒。
2026-03-09 04:35:01,169 - INFO - 开始基于多重RR集贪心选择最优种子...
2026-03-09 04:35:06,198 - INFO - 选种完毕。耗时: 5.03 秒。估算范围: 241.81
2026-03-09 04:35:07,246 - INFO - 当前用时 71.31 秒
2026-03-09 04:35:07,247 - INFO - 将种子集 写入位置: /home/wen/work/coup_spread/network.douban11core/2026-3-11/seeds-with-network.douban11core/random_ris_optimized_seedNum-125_SSRNum-50000.txt
2026-03-09 04:35:07,247 - INFO - 首次生成种子集 1hop_sort
2026-03-09 04:35:07,248 - INFO - 执行当前算法开始: 1hop_sort
2026-03-09 04:35:07,248 - INFO - --- Running: Teacher's 1-Hop Expected Spread Sort ---
2026-03-09 04:35:07,276 - INFO - 选出的前 5 个种子得分展示: [0.4 0.4 0.4 0.4 0.4]
2026-03-09 04:35:07,276 - INFO - 当前用时 0.03 秒
2026-03-09 04:35:07,277 - INFO - 将种子集 写入位置: /home/wen/work/coup_spread/network.douban11core/2026-3-11/seeds-with-network.douban11core/random_1hop_sort_seedNum-125_SSRNum-50000.txt
2026-03-09 04:35:07,279 - INFO - 评估种子集: None
2026-03-09 04:35:07,279 - INFO - 多进程评估开始，共有 6 个方法待评估...
2026-03-09 04:35:07,279 - INFO - 启动进程池，Worker数量: 6
2026-03-09 04:35:08,324 - INFO - [Process 3954661] 开始评估方法: random, 种子数: 125
2026-03-09 04:35:09,038 - INFO - [Process 3954662] 开始评估方法: degreeTopM, 种子数: 125
2026-03-09 04:35:09,785 - INFO - [Process 3954663] 开始评估方法: pageRank, 种子数: 125
2026-03-09 04:35:10,538 - INFO - [Process 3954665] 开始评估方法: alpha_sort, 种子数: 125
2026-03-09 04:35:11,294 - INFO - [Process 3954667] 开始评估方法: ris_optimized, 种子数: 125
2026-03-09 04:35:12,066 - INFO - [Process 3954672] 开始评估方法: 1hop_sort, 种子数: 125
2026-03-09 04:35:18,540 - INFO - [random - 种子:125] 拉新:95.9人 | 总销量:97.0单 | 品牌曝光:497.6次 | 🌟综合得分:146.2
2026-03-09 04:35:20,096 - INFO - [degreeTopM - 种子:125] 拉新:101.5人 | 总销量:104.3单 | 品牌曝光:529.2次 | 🌟综合得分:155.8
2026-03-09 04:35:20,571 - INFO - [pageRank - 种子:125] 拉新:101.4人 | 总销量:104.1单 | 品牌曝光:527.6次 | 🌟综合得分:155.5
2026-03-09 04:35:21,759 - INFO - [alpha_sort - 种子:125] 拉新:104.9人 | 总销量:109.5单 | 品牌曝光:551.7次 | 🌟综合得分:162.4
2026-03-09 04:35:22,249 - INFO - [ris_optimized - 种子:125] 拉新:104.7人 | 总销量:106.2单 | 品牌曝光:537.2次 | 🌟综合得分:159.1
2026-03-09 04:35:23,117 - INFO - [1hop_sort - 种子:125] 拉新:107.2人 | 总销量:109.2单 | 品牌曝光:550.3次 | 🌟综合得分:163.3
2026-03-09 04:35:23,158 - INFO - 所有进程执行完毕，开始写入数据...
2026-03-09 04:35:23,172 - INFO - 成功写入 6 条记录至 /home/wen/work/coup_spread/gzc-impl/results/network.douban11core/2026-3-11/random_SSRNum-50000-_seedNum-125_simuTimes-500.csv
2026-03-09 04:35:23,173 - INFO - 保存评估文件至: /home/wen/work/coup_spread/gzc-impl/results/network.douban11core/2026-3-11/random_SSRNum-50000-_seedNum-125_simuTimes-500.csv
2026-03-09 04:35:23,198 - INFO - 加载数据集: network.douban11core
2026-03-09 04:35:23,199 - INFO - --- 矩阵分析 ---
2026-03-09 04:35:23,200 - INFO - 节点数 (N): 5123
2026-03-09 04:35:23,200 - INFO - 边数 (E): 129298
2026-03-09 04:35:23,200 - INFO - 密度 (Density): 0.00492655 (越小越稀疏)
2026-03-09 04:35:23,200 - INFO - 稀疏度 (Sparsity): 0.99507345 (越接近1越稀疏)
2026-03-09 04:35:23,200 - INFO - 平均度数 (Avg Degree): 25.24
2026-03-09 04:35:23,200 - INFO - >>> 正在注入完美对抗属性（验证三条定理）...
2026-03-09 04:35:23,323 - INFO - 首次生成种子集 random
2026-03-09 04:35:23,323 - INFO - 执行当前算法开始: random
2026-03-09 04:35:23,323 - INFO - 数据集节点总数:  n = 5123, m = 150
2026-03-09 04:35:23,323 - INFO - 选择 150  [1172, 2847, 1387, 2314, 4747, 942, 3168, 3591, 1435, 1289, 3767, 1309, 1801, 469, 4579, 1032, 2850, 4665, 2778, 3976, 1447, 1188, 3984, 3498, 1679, 1108, 4672, 706, 273, 3179, 4877, 2012, 2821, 4084, 1427, 1972, 1040, 3004, 873, 2943, 2369, 646, 3446, 4744, 4503, 726, 1842, 2729, 5094, 1249, 1855, 147, 4555, 1411, 4848, 247, 1226, 3451, 896, 1860, 1926, 2404, 4101, 663, 41, 22, 4644, 1167, 974, 4979, 3253, 4881, 5092, 4965, 1127, 210, 3121, 1958, 1828, 1140, 1596, 4697, 453, 3152, 4676, 5101, 2792, 4112, 3994, 305, 1601, 3912, 834, 1939, 1198, 4332, 3854, 4335, 2160, 1125, 4398, 3736, 1426, 1416, 1754, 3817, 4119, 1080, 3064, 1845, 2414, 3863, 4623, 554, 4983, 2019, 575, 4134, 4030, 4303, 2800, 1059, 3532, 4746, 4377, 3514, 1407, 5001, 1530, 207, 827, 2274, 1353, 4951, 730, 1393, 1094, 3476, 209, 3741, 971, 3615, 3961, 4779, 2373, 2401, 2740, 4073, 48, 510]

2026-03-09 04:35:23,324 - INFO - 当前用时 0.00 秒
2026-03-09 04:35:23,324 - INFO - 将种子集 写入位置: /home/wen/work/coup_spread/network.douban11core/2026-3-11/seeds-with-network.douban11core/random_random_seedNum-150_SSRNum-50000.txt
2026-03-09 04:35:23,324 - INFO - 首次生成种子集 degreeTopM
2026-03-09 04:35:23,324 - INFO - 执行当前算法开始: degreeTopM
2026-03-09 04:35:23,324 - INFO - 依据: 选择连接数（度数）最多的节点。
2026-03-09 04:35:23,325 - INFO - 选择的 Top M 节点及其度数:
2026-03-09 04:35:23,325 - INFO - 
2026-03-09 04:35:23,325 - INFO - 当前用时 0.00 秒
2026-03-09 04:35:23,325 - INFO - 将种子集 写入位置: /home/wen/work/coup_spread/network.douban11core/2026-3-11/seeds-with-network.douban11core/random_degreeTopM_seedNum-150_SSRNum-50000.txt
2026-03-09 04:35:23,325 - INFO - 首次生成种子集 pageRank
2026-03-09 04:35:23,325 - INFO - 执行当前算法开始: pageRank
2026-03-09 04:35:23,325 - INFO - --- Running: PageRank (on tranProMatrix) Top M ---
2026-03-09 04:35:23,963 - INFO - Selected PageRank seeds: [413, 135, 2568, 94, 2360, 412, 922, 644, 249, 1629, 295, 1195, 958, 1169, 2367, 11, 454, 590, 48, 1537, 1303, 1068, 1514, 902, 2005, 2595, 451, 744, 396, 2757, 2960, 2716, 100, 1604, 27, 611, 416, 2943, 2745, 696, 766, 855, 1186, 2542, 2395, 2242, 1166, 1595, 299, 142, 2409, 1892, 846, 2286, 1515, 3812, 137, 192, 899, 884, 2713, 4015, 197, 1882, 583, 2411, 3702, 114, 331, 228, 2403, 2590, 3936, 1941, 227, 380, 303, 979, 1173, 987, 1413, 1361, 3169, 1390, 2642, 2660, 230, 2187, 1423, 1192, 1815, 205, 821, 2205, 1117, 849, 1268, 2129, 926, 1520, 448, 2695, 1424, 196, 2190, 548, 432, 389, 483, 699, 3174, 256, 296, 446, 541, 397, 2899, 917, 235, 610, 2410, 953, 405, 1114, 868, 546, 420, 623, 250, 947, 3012, 587, 417, 1115, 241, 3052, 717, 2712, 3640, 300, 1174, 3481, 1510, 262, 404, 1999, 1015, 1415, 1427, 2229]
2026-03-09 04:35:23,964 - INFO - 当前用时 0.64 秒
2026-03-09 04:35:23,964 - INFO - 将种子集 写入位置: /home/wen/work/coup_spread/network.douban11core/2026-3-11/seeds-with-network.douban11core/random_pageRank_seedNum-150_SSRNum-50000.txt
2026-03-09 04:35:23,964 - INFO - 首次生成种子集 alpha_sort
2026-03-09 04:35:23,964 - INFO - 执行当前算法开始: alpha_sort
2026-03-09 04:35:23,965 - INFO - 5123 个节点的alpha值降序排序 done
2026-03-09 04:35:23,965 - INFO - ==============>> [(0, np.float64(0.2)), (1, np.float64(0.2)), (2, np.float64(0.2)), (3, np.float64(0.2)), (4, np.float64(0.2)), (5, np.float64(0.2)), (6, np.float64(0.2)), (7, np.float64(0.2)), (8, np.float64(0.2)), (9, np.float64(0.2))]
2026-03-09 04:35:23,966 - INFO - 
选择的种子集 (按alpha排序): [0, 1, 2, 3, 4, 5, 6, 7, 8, 9, 10, 11, 12, 13, 14, 15, 16, 17, 18, 19, 20, 21, 22, 23, 24, 25, 26, 27, 28, 29, 30, 31, 32, 33, 34, 35, 36, 37, 38, 39, 40, 41, 42, 43, 44, 45, 46, 47, 48, 49, 50, 51, 52, 53, 54, 55, 56, 57, 58, 59, 60, 61, 62, 63, 64, 65, 66, 67, 68, 69, 70, 71, 72, 73, 74, 75, 76, 77, 78, 79, 80, 81, 82, 83, 84, 85, 86, 87, 88, 89, 90, 91, 92, 93, 94, 95, 96, 97, 98, 99, 100, 101, 102, 103, 104, 105, 106, 107, 108, 109, 110, 111, 112, 113, 114, 115, 116, 117, 118, 119, 120, 121, 122, 123, 124, 125, 126, 127, 128, 129, 130, 131, 132, 133, 134, 135, 136, 137, 138, 139, 140, 141, 142, 143, 144, 145, 146, 147, 148, 149]

2026-03-09 04:35:23,966 - INFO - 当前用时 0.00 秒
2026-03-09 04:35:23,966 - INFO - 将种子集 写入位置: /home/wen/work/coup_spread/network.douban11core/2026-3-11/seeds-with-network.douban11core/random_alpha_sort_seedNum-150_SSRNum-50000.txt
2026-03-09 04:35:23,966 - INFO - 首次生成种子集 ris_optimized
2026-03-09 04:35:23,966 - INFO - 执行当前算法开始: ris_optimized
2026-03-09 04:35:24,449 - INFO - 图初始化完成，节点数: 5123，当前模式: 优化采样
2026-03-09 04:35:24,449 - INFO - 开始生成 50000 组多重RR-Set...
2026-03-09 04:36:43,115 - INFO - 生成完毕。耗时: 78.67 秒。
2026-03-09 04:36:43,129 - INFO - 开始基于多重RR集贪心选择最优种子...
2026-03-09 04:36:52,495 - INFO - 选种完毕。耗时: 9.37 秒。估算范围: 286.79
2026-03-09 04:36:53,698 - INFO - 当前用时 89.73 秒
2026-03-09 04:36:53,699 - INFO - 将种子集 写入位置: /home/wen/work/coup_spread/network.douban11core/2026-3-11/seeds-with-network.douban11core/random_ris_optimized_seedNum-150_SSRNum-50000.txt
2026-03-09 04:36:53,699 - INFO - 首次生成种子集 1hop_sort
2026-03-09 04:36:53,699 - INFO - 执行当前算法开始: 1hop_sort
2026-03-09 04:36:53,699 - INFO - --- Running: Teacher's 1-Hop Expected Spread Sort ---
2026-03-09 04:36:53,727 - INFO - 选出的前 5 个种子得分展示: [0.4 0.4 0.4 0.4 0.4]
2026-03-09 04:36:53,727 - INFO - 当前用时 0.03 秒
2026-03-09 04:36:53,727 - INFO - 将种子集 写入位置: /home/wen/work/coup_spread/network.douban11core/2026-3-11/seeds-with-network.douban11core/random_1hop_sort_seedNum-150_SSRNum-50000.txt
2026-03-09 04:36:53,729 - INFO - 评估种子集: None
2026-03-09 04:36:53,729 - INFO - 多进程评估开始，共有 6 个方法待评估...
2026-03-09 04:36:53,729 - INFO - 启动进程池，Worker数量: 6
2026-03-09 04:36:54,737 - INFO - [Process 3956369] 开始评估方法: random, 种子数: 150
2026-03-09 04:36:55,487 - INFO - [Process 3956370] 开始评估方法: degreeTopM, 种子数: 150
2026-03-09 04:36:56,240 - INFO - [Process 3956371] 开始评估方法: pageRank, 种子数: 150
2026-03-09 04:36:56,997 - INFO - [Process 3956372] 开始评估方法: alpha_sort, 种子数: 150
2026-03-09 04:36:57,778 - INFO - [Process 3956373] 开始评估方法: ris_optimized, 种子数: 150
2026-03-09 04:36:58,550 - INFO - [Process 3956374] 开始评估方法: 1hop_sort, 种子数: 150
2026-03-09 04:37:05,943 - INFO - [random - 种子:150] 拉新:108.2人 | 总销量:109.7单 | 品牌曝光:568.2次 | 🌟综合得分:165.7
2026-03-09 04:37:08,729 - INFO - [degreeTopM - 种子:150] 拉新:121.1人 | 总销量:124.7单 | 品牌曝光:633.3次 | 🌟综合得分:186.2
2026-03-09 04:37:08,999 - INFO - [pageRank - 种子:150] 拉新:120.7人 | 总销量:124.2单 | 品牌曝光:631.6次 | 🌟综合得分:185.6
2026-03-09 04:37:10,422 - INFO - [alpha_sort - 种子:150] 拉新:125.6人 | 总销量:131.6单 | 品牌曝光:663.8次 | 🌟综合得分:195.0
2026-03-09 04:37:10,740 - INFO - [ris_optimized - 种子:150] 拉新:125.5人 | 总销量:127.7单 | 品牌曝光:647.0次 | 🌟综合得分:191.3
2026-03-09 04:37:12,238 - INFO - [1hop_sort - 种子:150] 拉新:127.9人 | 总销量:130.7单 | 品牌曝光:660.0次 | 🌟综合得分:195.3
2026-03-09 04:37:12,284 - INFO - 所有进程执行完毕，开始写入数据...
2026-03-09 04:37:12,294 - INFO - 成功写入 6 条记录至 /home/wen/work/coup_spread/gzc-impl/results/network.douban11core/2026-3-11/random_SSRNum-50000-_seedNum-150_simuTimes-500.csv
2026-03-09 04:37:12,295 - INFO - 保存评估文件至: /home/wen/work/coup_spread/gzc-impl/results/network.douban11core/2026-3-11/random_SSRNum-50000-_seedNum-150_simuTimes-500.csv
2026-03-09 04:37:12,324 - INFO - 加载数据集: network.douban11core
2026-03-09 04:37:12,325 - INFO - --- 矩阵分析 ---
2026-03-09 04:37:12,325 - INFO - 节点数 (N): 5123
2026-03-09 04:37:12,325 - INFO - 边数 (E): 129298
2026-03-09 04:37:12,326 - INFO - 密度 (Density): 0.00492655 (越小越稀疏)
2026-03-09 04:37:12,326 - INFO - 稀疏度 (Sparsity): 0.99507345 (越接近1越稀疏)
2026-03-09 04:37:12,326 - INFO - 平均度数 (Avg Degree): 25.24
2026-03-09 04:37:12,326 - INFO - >>> 正在注入完美对抗属性（验证三条定理）...
2026-03-09 04:37:12,450 - INFO - 首次生成种子集 random
2026-03-09 04:37:12,450 - INFO - 执行当前算法开始: random
2026-03-09 04:37:12,450 - INFO - 数据集节点总数:  n = 5123, m = 175
2026-03-09 04:37:12,450 - INFO - 选择 175  [4167, 2486, 1943, 3333, 2712, 3274, 4571, 1136, 4707, 3170, 2430, 2686, 3042, 3339, 370, 1611, 4080, 1771, 1919, 129, 2749, 815, 4023, 2380, 645, 4596, 5073, 2240, 4045, 1612, 4885, 1022, 3162, 2901, 675, 2638, 2275, 2034, 2299, 2522, 2327, 4911, 2099, 3868, 1944, 4789, 4545, 2785, 2630, 2131, 2397, 1483, 4914, 1176, 2836, 4214, 1142, 2656, 2202, 3734, 5088, 4115, 2020, 4999, 3063, 4331, 4572, 4337, 92, 406, 4158, 3040, 4085, 3631, 1954, 2431, 1906, 4259, 1646, 1056, 1568, 4372, 412, 3775, 4050, 4888, 2002, 1032, 2005, 203, 434, 245, 1900, 3659, 3743, 554, 997, 4687, 2309, 789, 3202, 3783, 807, 4615, 504, 3856, 4291, 198, 4516, 3852, 1453, 852, 5005, 4940, 4300, 2596, 3897, 4659, 125, 2997, 4173, 1530, 5112, 719, 4620, 4297, 881, 13, 3643, 2591, 296, 2218, 2342, 2698, 841, 3052, 220, 3175, 3319, 337, 2960, 4109, 2118, 3596, 551, 2207, 150, 1469, 2658, 2372, 2314, 2894, 4771, 376, 3471, 4041, 3448, 2149, 3498, 4328, 4320, 3154, 1555, 702, 672, 1824, 3346, 306, 970, 924, 3606, 5082, 2264, 3996, 3709]

2026-03-09 04:37:12,450 - INFO - 当前用时 0.00 秒
2026-03-09 04:37:12,451 - INFO - 将种子集 写入位置: /home/wen/work/coup_spread/network.douban11core/2026-3-11/seeds-with-network.douban11core/random_random_seedNum-175_SSRNum-50000.txt
2026-03-09 04:37:12,451 - INFO - 首次生成种子集 degreeTopM
2026-03-09 04:37:12,451 - INFO - 执行当前算法开始: degreeTopM
2026-03-09 04:37:12,451 - INFO - 依据: 选择连接数（度数）最多的节点。
2026-03-09 04:37:12,451 - INFO - 选择的 Top M 节点及其度数:
2026-03-09 04:37:12,452 - INFO - 
2026-03-09 04:37:12,452 - INFO - 当前用时 0.00 秒
2026-03-09 04:37:12,452 - INFO - 将种子集 写入位置: /home/wen/work/coup_spread/network.douban11core/2026-3-11/seeds-with-network.douban11core/random_degreeTopM_seedNum-175_SSRNum-50000.txt
2026-03-09 04:37:12,452 - INFO - 首次生成种子集 pageRank
2026-03-09 04:37:12,452 - INFO - 执行当前算法开始: pageRank
2026-03-09 04:37:12,452 - INFO - --- Running: PageRank (on tranProMatrix) Top M ---
2026-03-09 04:37:13,131 - INFO - Selected PageRank seeds: [413, 135, 2568, 94, 2360, 412, 922, 644, 249, 1629, 295, 1195, 958, 1169, 2367, 11, 454, 590, 48, 1537, 1303, 1068, 1514, 902, 2005, 2595, 451, 744, 396, 2757, 2960, 2716, 100, 1604, 27, 611, 416, 2943, 2745, 696, 766, 855, 1186, 2542, 2395, 2242, 1166, 1595, 299, 142, 2409, 1892, 846, 2286, 1515, 3812, 137, 192, 899, 884, 2713, 4015, 197, 1882, 583, 2411, 3702, 114, 331, 228, 2403, 2590, 3936, 1941, 227, 380, 303, 979, 1173, 987, 1413, 1361, 3169, 1390, 2642, 2660, 230, 2187, 1423, 1192, 1815, 205, 821, 2205, 1117, 849, 1268, 2129, 926, 1520, 448, 2695, 1424, 196, 2190, 548, 432, 389, 483, 699, 3174, 256, 296, 446, 541, 397, 2899, 917, 235, 610, 2410, 953, 405, 1114, 868, 546, 420, 623, 250, 947, 3012, 587, 417, 1115, 241, 3052, 717, 2712, 3640, 300, 1174, 3481, 1510, 262, 404, 1999, 1015, 1415, 1427, 2229, 1277, 1911, 2039, 116, 1986, 1021, 2246, 1177, 719, 292, 443, 2913, 874, 4899, 3070, 1909, 2233, 440, 4019, 80, 488, 1664, 2234, 195, 306]
2026-03-09 04:37:13,132 - INFO - 当前用时 0.68 秒
2026-03-09 04:37:13,132 - INFO - 将种子集 写入位置: /home/wen/work/coup_spread/network.douban11core/2026-3-11/seeds-with-network.douban11core/random_pageRank_seedNum-175_SSRNum-50000.txt
2026-03-09 04:37:13,132 - INFO - 首次生成种子集 alpha_sort
2026-03-09 04:37:13,133 - INFO - 执行当前算法开始: alpha_sort
2026-03-09 04:37:13,134 - INFO - 5123 个节点的alpha值降序排序 done
2026-03-09 04:37:13,134 - INFO - ==============>> [(0, np.float64(0.2)), (1, np.float64(0.2)), (2, np.float64(0.2)), (3, np.float64(0.2)), (4, np.float64(0.2)), (5, np.float64(0.2)), (6, np.float64(0.2)), (7, np.float64(0.2)), (8, np.float64(0.2)), (9, np.float64(0.2))]
2026-03-09 04:37:13,134 - INFO - 
选择的种子集 (按alpha排序): [0, 1, 2, 3, 4, 5, 6, 7, 8, 9, 10, 11, 12, 13, 14, 15, 16, 17, 18, 19, 20, 21, 22, 23, 24, 25, 26, 27, 28, 29, 30, 31, 32, 33, 34, 35, 36, 37, 38, 39, 40, 41, 42, 43, 44, 45, 46, 47, 48, 49, 50, 51, 52, 53, 54, 55, 56, 57, 58, 59, 60, 61, 62, 63, 64, 65, 66, 67, 68, 69, 70, 71, 72, 73, 74, 75, 76, 77, 78, 79, 80, 81, 82, 83, 84, 85, 86, 87, 88, 89, 90, 91, 92, 93, 94, 95, 96, 97, 98, 99, 100, 101, 102, 103, 104, 105, 106, 107, 108, 109, 110, 111, 112, 113, 114, 115, 116, 117, 118, 119, 120, 121, 122, 123, 124, 125, 126, 127, 128, 129, 130, 131, 132, 133, 134, 135, 136, 137, 138, 139, 140, 141, 142, 143, 144, 145, 146, 147, 148, 149, 150, 151, 152, 153, 154, 155, 156, 157, 158, 159, 160, 161, 162, 163, 164, 165, 166, 167, 168, 169, 170, 171, 172, 173, 174]

2026-03-09 04:37:13,134 - INFO - 当前用时 0.00 秒
2026-03-09 04:37:13,134 - INFO - 将种子集 写入位置: /home/wen/work/coup_spread/network.douban11core/2026-3-11/seeds-with-network.douban11core/random_alpha_sort_seedNum-175_SSRNum-50000.txt
2026-03-09 04:37:13,134 - INFO - 首次生成种子集 ris_optimized
2026-03-09 04:37:13,134 - INFO - 执行当前算法开始: ris_optimized
2026-03-09 04:37:13,586 - INFO - 图初始化完成，节点数: 5123，当前模式: 优化采样
2026-03-09 04:37:13,586 - INFO - 开始生成 50000 组多重RR-Set...
2026-03-09 04:38:42,562 - INFO - 生成完毕。耗时: 88.98 秒。
2026-03-09 04:38:42,580 - INFO - 开始基于多重RR集贪心选择最优种子...
2026-03-09 04:38:56,391 - INFO - 选种完毕。耗时: 13.81 秒。估算范围: 338.94
2026-03-09 04:38:58,080 - INFO - 当前用时 104.95 秒
2026-03-09 04:38:58,080 - INFO - 将种子集 写入位置: /home/wen/work/coup_spread/network.douban11core/2026-3-11/seeds-with-network.douban11core/random_ris_optimized_seedNum-175_SSRNum-50000.txt
2026-03-09 04:38:58,080 - INFO - 首次生成种子集 1hop_sort
2026-03-09 04:38:58,081 - INFO - 执行当前算法开始: 1hop_sort
2026-03-09 04:38:58,081 - INFO - --- Running: Teacher's 1-Hop Expected Spread Sort ---
2026-03-09 04:38:58,108 - INFO - 选出的前 5 个种子得分展示: [0.4 0.4 0.4 0.4 0.4]
2026-03-09 04:38:58,109 - INFO - 当前用时 0.03 秒
2026-03-09 04:38:58,109 - INFO - 将种子集 写入位置: /home/wen/work/coup_spread/network.douban11core/2026-3-11/seeds-with-network.douban11core/random_1hop_sort_seedNum-175_SSRNum-50000.txt
2026-03-09 04:38:58,110 - INFO - 评估种子集: None
2026-03-09 04:38:58,110 - INFO - 多进程评估开始，共有 6 个方法待评估...
2026-03-09 04:38:58,110 - INFO - 启动进程池，Worker数量: 6
2026-03-09 04:38:59,091 - INFO - [Process 3958130] 开始评估方法: random, 种子数: 175
2026-03-09 04:38:59,842 - INFO - [Process 3958131] 开始评估方法: degreeTopM, 种子数: 175
2026-03-09 04:39:00,583 - INFO - [Process 3958132] 开始评估方法: pageRank, 种子数: 175
2026-03-09 04:39:01,341 - INFO - [Process 3958133] 开始评估方法: alpha_sort, 种子数: 175
2026-03-09 04:39:02,120 - INFO - [Process 3958134] 开始评估方法: ris_optimized, 种子数: 175
2026-03-09 04:39:02,910 - INFO - [Process 3958135] 开始评估方法: 1hop_sort, 种子数: 175
2026-03-09 04:39:12,365 - INFO - [random - 种子:175] 拉新:128.9人 | 总销量:131.1单 | 品牌曝光:676.9次 | 🌟综合得分:197.7
2026-03-09 04:39:15,294 - INFO - [degreeTopM - 种子:175] 拉新:140.3人 | 总销量:145.2单 | 品牌曝光:738.8次 | 🌟综合得分:216.6
2026-03-09 04:39:15,793 - INFO - [pageRank - 种子:175] 拉新:140.0人 | 总销量:144.8单 | 品牌曝光:736.8次 | 🌟综合得分:216.1
2026-03-09 04:39:16,280 - INFO - [alpha_sort - 种子:175] 拉新:146.1人 | 总销量:153.9单 | 品牌曝光:775.3次 | 🌟综合得分:227.5
2026-03-09 04:39:17,400 - INFO - [ris_optimized - 种子:175] 拉新:146.3人 | 总销量:149.2单 | 品牌曝光:754.9次 | 🌟综合得分:223.2
2026-03-09 04:39:18,423 - INFO - [1hop_sort - 种子:175] 拉新:149.1人 | 总销量:152.7单 | 品牌曝光:770.8次 | 🌟综合得分:228.0
2026-03-09 04:39:18,471 - INFO - 所有进程执行完毕，开始写入数据...
2026-03-09 04:39:18,475 - INFO - 成功写入 6 条记录至 /home/wen/work/coup_spread/gzc-impl/results/network.douban11core/2026-3-11/random_SSRNum-50000-_seedNum-175_simuTimes-500.csv
2026-03-09 04:39:18,475 - INFO - 保存评估文件至: /home/wen/work/coup_spread/gzc-impl/results/network.douban11core/2026-3-11/random_SSRNum-50000-_seedNum-175_simuTimes-500.csv
2026-03-09 04:39:18,495 - INFO - 加载数据集: network.douban11core
2026-03-09 04:39:18,497 - INFO - --- 矩阵分析 ---
2026-03-09 04:39:18,497 - INFO - 节点数 (N): 5123
2026-03-09 04:39:18,497 - INFO - 边数 (E): 129298
2026-03-09 04:39:18,497 - INFO - 密度 (Density): 0.00492655 (越小越稀疏)
2026-03-09 04:39:18,497 - INFO - 稀疏度 (Sparsity): 0.99507345 (越接近1越稀疏)
2026-03-09 04:39:18,497 - INFO - 平均度数 (Avg Degree): 25.24
2026-03-09 04:39:18,497 - INFO - >>> 正在注入完美对抗属性（验证三条定理）...
2026-03-09 04:39:18,620 - INFO - 首次生成种子集 random
2026-03-09 04:39:18,620 - INFO - 执行当前算法开始: random
2026-03-09 04:39:18,620 - INFO - 数据集节点总数:  n = 5123, m = 200
2026-03-09 04:39:18,621 - INFO - 选择 200  [1349, 4331, 2195, 2535, 1462, 5, 4571, 278, 1969, 1591, 772, 1007, 3513, 2657, 3298, 108, 3700, 4009, 1986, 2617, 4454, 880, 1270, 3498, 1682, 4694, 3922, 2388, 1438, 3853, 3597, 1590, 2238, 4549, 2119, 5097, 282, 135, 4623, 3044, 1309, 1877, 1452, 985, 4980, 1693, 2439, 3207, 3529, 4253, 2847, 1656, 2230, 1928, 2394, 2778, 3714, 5105, 807, 4364, 3792, 338, 3567, 1736, 1430, 2534, 4993, 4909, 4298, 4376, 1434, 4722, 4613, 3028, 238, 415, 1068, 2454, 893, 4501, 1888, 492, 4607, 3183, 4263, 4511, 5018, 1883, 4449, 4729, 1579, 134, 3836, 4139, 2704, 724, 4057, 3978, 1732, 2958, 4938, 2109, 401, 3862, 4267, 3718, 1088, 901, 1384, 1566, 4766, 375, 308, 5067, 2309, 185, 619, 2921, 1794, 2169, 484, 1077, 1329, 418, 1608, 4340, 4162, 4352, 2660, 1563, 1582, 3093, 2656, 757, 2952, 1154, 497, 4455, 4526, 2675, 3977, 1263, 1351, 2130, 1244, 5021, 3642, 1872, 451, 421, 345, 1230, 3079, 884, 4292, 962, 5011, 4789, 998, 917, 4174, 4207, 5034, 3757, 4171, 1278, 1261, 4869, 1854, 1439, 428, 1268, 3653, 3292, 1699, 2916, 2019, 3557, 1276, 5102, 5010, 2228, 4452, 4991, 4402, 694, 4428, 3503, 4437, 1593, 3308, 4114, 3746, 2517, 320, 1937, 566, 437, 3463, 1211]

2026-03-09 04:39:18,621 - INFO - 当前用时 0.00 秒
2026-03-09 04:39:18,621 - INFO - 将种子集 写入位置: /home/wen/work/coup_spread/network.douban11core/2026-3-11/seeds-with-network.douban11core/random_random_seedNum-200_SSRNum-50000.txt
2026-03-09 04:39:18,621 - INFO - 首次生成种子集 degreeTopM
2026-03-09 04:39:18,621 - INFO - 执行当前算法开始: degreeTopM
2026-03-09 04:39:18,621 - INFO - 依据: 选择连接数（度数）最多的节点。
2026-03-09 04:39:18,622 - INFO - 选择的 Top M 节点及其度数:
2026-03-09 04:39:18,622 - INFO - 
2026-03-09 04:39:18,622 - INFO - 当前用时 0.00 秒
2026-03-09 04:39:18,622 - INFO - 将种子集 写入位置: /home/wen/work/coup_spread/network.douban11core/2026-3-11/seeds-with-network.douban11core/random_degreeTopM_seedNum-200_SSRNum-50000.txt
2026-03-09 04:39:18,623 - INFO - 首次生成种子集 pageRank
2026-03-09 04:39:18,623 - INFO - 执行当前算法开始: pageRank
2026-03-09 04:39:18,623 - INFO - --- Running: PageRank (on tranProMatrix) Top M ---
2026-03-09 04:39:19,241 - INFO - Selected PageRank seeds: [413, 135, 2568, 94, 2360, 412, 922, 644, 249, 1629, 295, 1195, 958, 1169, 2367, 11, 454, 590, 48, 1537, 1303, 1068, 1514, 902, 2005, 2595, 451, 744, 396, 2757, 2960, 2716, 100, 1604, 27, 611, 416, 2943, 2745, 696, 766, 855, 1186, 2542, 2395, 2242, 1166, 1595, 299, 142, 2409, 1892, 846, 2286, 1515, 3812, 137, 192, 899, 884, 2713, 4015, 197, 1882, 583, 2411, 3702, 114, 331, 228, 2403, 2590, 3936, 1941, 227, 380, 303, 979, 1173, 987, 1413, 1361, 3169, 1390, 2642, 2660, 230, 2187, 1423, 1192, 1815, 205, 821, 2205, 1117, 849, 1268, 2129, 926, 1520, 448, 2695, 1424, 196, 2190, 548, 432, 389, 483, 699, 3174, 256, 296, 446, 541, 397, 2899, 917, 235, 610, 2410, 953, 405, 1114, 868, 546, 420, 623, 250, 947, 3012, 587, 417, 1115, 241, 3052, 717, 2712, 3640, 300, 1174, 3481, 1510, 262, 404, 1999, 1015, 1415, 1427, 2229, 1277, 1911, 2039, 116, 1986, 1021, 2246, 1177, 719, 292, 443, 2913, 874, 4899, 3070, 1909, 2233, 440, 4019, 80, 488, 1664, 2234, 195, 306, 1165, 2484, 1027, 930, 1008, 1410, 916, 1973, 13, 1981, 149, 237, 1182, 342, 1430, 2067, 858, 99, 3568, 3362, 3771, 1422, 245, 2142, 3830]
2026-03-09 04:39:19,242 - INFO - 当前用时 0.62 秒
2026-03-09 04:39:19,242 - INFO - 将种子集 写入位置: /home/wen/work/coup_spread/network.douban11core/2026-3-11/seeds-with-network.douban11core/random_pageRank_seedNum-200_SSRNum-50000.txt
2026-03-09 04:39:19,242 - INFO - 首次生成种子集 alpha_sort
2026-03-09 04:39:19,242 - INFO - 执行当前算法开始: alpha_sort
2026-03-09 04:39:19,243 - INFO - 5123 个节点的alpha值降序排序 done
2026-03-09 04:39:19,243 - INFO - ==============>> [(0, np.float64(0.2)), (1, np.float64(0.2)), (2, np.float64(0.2)), (3, np.float64(0.2)), (4, np.float64(0.2)), (5, np.float64(0.2)), (6, np.float64(0.2)), (7, np.float64(0.2)), (8, np.float64(0.2)), (9, np.float64(0.2))]
2026-03-09 04:39:19,243 - INFO - 
选择的种子集 (按alpha排序): [0, 1, 2, 3, 4, 5, 6, 7, 8, 9, 10, 11, 12, 13, 14, 15, 16, 17, 18, 19, 20, 21, 22, 23, 24, 25, 26, 27, 28, 29, 30, 31, 32, 33, 34, 35, 36, 37, 38, 39, 40, 41, 42, 43, 44, 45, 46, 47, 48, 49, 50, 51, 52, 53, 54, 55, 56, 57, 58, 59, 60, 61, 62, 63, 64, 65, 66, 67, 68, 69, 70, 71, 72, 73, 74, 75, 76, 77, 78, 79, 80, 81, 82, 83, 84, 85, 86, 87, 88, 89, 90, 91, 92, 93, 94, 95, 96, 97, 98, 99, 100, 101, 102, 103, 104, 105, 106, 107, 108, 109, 110, 111, 112, 113, 114, 115, 116, 117, 118, 119, 120, 121, 122, 123, 124, 125, 126, 127, 128, 129, 130, 131, 132, 133, 134, 135, 136, 137, 138, 139, 140, 141, 142, 143, 144, 145, 146, 147, 148, 149, 150, 151, 152, 153, 154, 155, 156, 157, 158, 159, 160, 161, 162, 163, 164, 165, 166, 167, 168, 169, 170, 171, 172, 173, 174, 175, 176, 177, 178, 179, 180, 181, 182, 183, 184, 185, 186, 187, 188, 189, 190, 191, 192, 193, 194, 195, 196, 197, 198, 199]

2026-03-09 04:39:19,244 - INFO - 当前用时 0.00 秒
2026-03-09 04:39:19,244 - INFO - 将种子集 写入位置: /home/wen/work/coup_spread/network.douban11core/2026-3-11/seeds-with-network.douban11core/random_alpha_sort_seedNum-200_SSRNum-50000.txt
2026-03-09 04:39:19,244 - INFO - 首次生成种子集 ris_optimized
2026-03-09 04:39:19,244 - INFO - 执行当前算法开始: ris_optimized
2026-03-09 04:39:19,691 - INFO - 图初始化完成，节点数: 5123，当前模式: 优化采样
2026-03-09 04:39:19,691 - INFO - 开始生成 50000 组多重RR-Set...
2026-03-09 04:41:03,480 - INFO - 生成完毕。耗时: 103.79 秒。
2026-03-09 04:41:03,499 - INFO - 开始基于多重RR集贪心选择最优种子...
2026-03-09 04:41:14,912 - INFO - 选种完毕。耗时: 11.41 秒。估算范围: 381.05
2026-03-09 04:41:16,627 - INFO - 当前用时 117.38 秒
2026-03-09 04:41:16,628 - INFO - 将种子集 写入位置: /home/wen/work/coup_spread/network.douban11core/2026-3-11/seeds-with-network.douban11core/random_ris_optimized_seedNum-200_SSRNum-50000.txt
2026-03-09 04:41:16,628 - INFO - 首次生成种子集 1hop_sort
2026-03-09 04:41:16,628 - INFO - 执行当前算法开始: 1hop_sort
2026-03-09 04:41:16,628 - INFO - --- Running: Teacher's 1-Hop Expected Spread Sort ---
2026-03-09 04:41:16,658 - INFO - 选出的前 5 个种子得分展示: [0.4 0.4 0.4 0.4 0.4]
2026-03-09 04:41:16,658 - INFO - 当前用时 0.03 秒
2026-03-09 04:41:16,658 - INFO - 将种子集 写入位置: /home/wen/work/coup_spread/network.douban11core/2026-3-11/seeds-with-network.douban11core/random_1hop_sort_seedNum-200_SSRNum-50000.txt
2026-03-09 04:41:16,660 - INFO - 评估种子集: None
2026-03-09 04:41:16,661 - INFO - 多进程评估开始，共有 6 个方法待评估...
2026-03-09 04:41:16,661 - INFO - 启动进程池，Worker数量: 6
2026-03-09 04:41:17,708 - INFO - [Process 3960211] 开始评估方法: random, 种子数: 200
2026-03-09 04:41:18,458 - INFO - [Process 3960212] 开始评估方法: degreeTopM, 种子数: 200
2026-03-09 04:41:19,217 - INFO - [Process 3960213] 开始评估方法: pageRank, 种子数: 200
2026-03-09 04:41:19,986 - INFO - [Process 3960214] 开始评估方法: alpha_sort, 种子数: 200
2026-03-09 04:41:20,795 - INFO - [Process 3960215] 开始评估方法: ris_optimized, 种子数: 200
2026-03-09 04:41:21,552 - INFO - [Process 3960216] 开始评估方法: 1hop_sort, 种子数: 200
2026-03-09 04:41:33,022 - INFO - [random - 种子:200] 拉新:147.3人 | 总销量:150.1单 | 品牌曝光:775.5次 | 🌟综合得分:226.3
2026-03-09 04:41:35,567 - INFO - [degreeTopM - 种子:200] 拉新:159.9人 | 总销量:166.0单 | 品牌曝光:844.2次 | 🌟综合得分:247.4
2026-03-09 04:41:36,388 - INFO - [pageRank - 种子:200] 拉新:160.2人 | 总销量:166.0单 | 品牌曝光:843.1次 | 🌟综合得分:247.4
2026-03-09 04:41:37,931 - INFO - [alpha_sort - 种子:200] 拉新:166.2人 | 总销量:175.9单 | 品牌曝光:886.8次 | 🌟综合得分:259.7
2026-03-09 04:41:38,167 - INFO - [1hop_sort - 种子:200] 拉新:169.6人 | 总销量:174.1单 | 品牌曝光:878.6次 | 🌟综合得分:259.7
2026-03-09 04:41:38,228 - INFO - [ris_optimized - 种子:200] 拉新:166.3人 | 总销量:170.3单 | 品牌曝光:863.1次 | 🌟综合得分:254.6
2026-03-09 04:41:38,268 - INFO - 所有进程执行完毕，开始写入数据...
2026-03-09 04:41:38,277 - INFO - 成功写入 6 条记录至 /home/wen/work/coup_spread/gzc-impl/results/network.douban11core/2026-3-11/random_SSRNum-50000-_seedNum-200_simuTimes-500.csv
2026-03-09 04:41:38,278 - INFO - 保存评估文件至: /home/wen/work/coup_spread/gzc-impl/results/network.douban11core/2026-3-11/random_SSRNum-50000-_seedNum-200_simuTimes-500.csv
2026-03-09 04:41:38,300 - INFO - 加载数据集: network.douban11core
2026-03-09 04:41:38,302 - INFO - --- 矩阵分析 ---
2026-03-09 04:41:38,302 - INFO - 节点数 (N): 5123
2026-03-09 04:41:38,302 - INFO - 边数 (E): 129298
2026-03-09 04:41:38,302 - INFO - 密度 (Density): 0.00492655 (越小越稀疏)
2026-03-09 04:41:38,303 - INFO - 稀疏度 (Sparsity): 0.99507345 (越接近1越稀疏)
2026-03-09 04:41:38,303 - INFO - 平均度数 (Avg Degree): 25.24
2026-03-09 04:41:38,303 - INFO - >>> 正在注入完美对抗属性（验证三条定理）...
2026-03-09 04:41:38,429 - INFO - 首次生成种子集 random
2026-03-09 04:41:38,429 - INFO - 执行当前算法开始: random
2026-03-09 04:41:38,429 - INFO - 数据集节点总数:  n = 5123, m = 225
2026-03-09 04:41:38,429 - INFO - 选择 225  [1748, 3706, 2909, 4700, 2344, 771, 3447, 1676, 1506, 1076, 348, 216, 1405, 1824, 984, 489, 2162, 293, 4734, 415, 5007, 2532, 3013, 440, 1086, 3020, 417, 67, 4369, 530, 3730, 2135, 696, 3551, 154, 3275, 1913, 3230, 4584, 1883, 3701, 3531, 2209, 2949, 2714, 1526, 2762, 3303, 3689, 943, 3153, 4986, 3364, 3092, 1799, 2335, 2001, 91, 99, 3191, 3381, 1429, 3661, 3859, 3649, 4266, 4547, 2253, 1776, 3592, 3986, 2963, 3480, 3690, 2250, 3298, 3402, 2049, 968, 207, 1785, 2829, 378, 3946, 4023, 2476, 474, 1175, 999, 3149, 4073, 3477, 3417, 4368, 4298, 1069, 3594, 3065, 3331, 1594, 1519, 2597, 4965, 4914, 4603, 5051, 4652, 4111, 4108, 4334, 2841, 691, 4627, 4867, 418, 277, 1978, 1263, 870, 1685, 4191, 26, 1326, 2323, 5068, 906, 1897, 2005, 4981, 1210, 423, 211, 3313, 33, 4228, 1315, 2842, 2653, 2019, 834, 1672, 3719, 1312, 1026, 4307, 2857, 212, 4027, 1841, 2603, 4691, 2316, 2564, 453, 948, 1381, 2866, 2058, 2578, 3535, 3380, 3563, 619, 2801, 3292, 2354, 1051, 1730, 2735, 4310, 3435, 2075, 2491, 306, 3835, 4945, 1666, 3038, 78, 4412, 63, 1955, 2294, 221, 615, 3220, 3219, 247, 2651, 756, 2959, 177, 5055, 1660, 4069, 990, 1254, 805, 3978, 1209, 769, 4535, 0, 31, 4093, 69, 1137, 2387, 3105, 4184, 3954, 2459, 1434, 2932, 2598, 1444, 4403, 5028, 1927, 1899, 2772, 1866, 2493, 940, 2980]

2026-03-09 04:41:38,429 - INFO - 当前用时 0.00 秒
2026-03-09 04:41:38,430 - INFO - 将种子集 写入位置: /home/wen/work/coup_spread/network.douban11core/2026-3-11/seeds-with-network.douban11core/random_random_seedNum-225_SSRNum-50000.txt
2026-03-09 04:41:38,430 - INFO - 首次生成种子集 degreeTopM
2026-03-09 04:41:38,430 - INFO - 执行当前算法开始: degreeTopM
2026-03-09 04:41:38,430 - INFO - 依据: 选择连接数（度数）最多的节点。
2026-03-09 04:41:38,430 - INFO - 选择的 Top M 节点及其度数:
2026-03-09 04:41:38,431 - INFO - 
2026-03-09 04:41:38,431 - INFO - 当前用时 0.00 秒
2026-03-09 04:41:38,431 - INFO - 将种子集 写入位置: /home/wen/work/coup_spread/network.douban11core/2026-3-11/seeds-with-network.douban11core/random_degreeTopM_seedNum-225_SSRNum-50000.txt
2026-03-09 04:41:38,431 - INFO - 首次生成种子集 pageRank
2026-03-09 04:41:38,431 - INFO - 执行当前算法开始: pageRank
2026-03-09 04:41:38,431 - INFO - --- Running: PageRank (on tranProMatrix) Top M ---
2026-03-09 04:41:39,058 - INFO - Selected PageRank seeds: [413, 135, 2568, 94, 2360, 412, 922, 644, 249, 1629, 295, 1195, 958, 1169, 2367, 11, 454, 590, 48, 1537, 1303, 1068, 1514, 902, 2005, 2595, 451, 744, 396, 2757, 2960, 2716, 100, 1604, 27, 611, 416, 2943, 2745, 696, 766, 855, 1186, 2542, 2395, 2242, 1166, 1595, 299, 142, 2409, 1892, 846, 2286, 1515, 3812, 137, 192, 899, 884, 2713, 4015, 197, 1882, 583, 2411, 3702, 114, 331, 228, 2403, 2590, 3936, 1941, 227, 380, 303, 979, 1173, 987, 1413, 1361, 3169, 1390, 2642, 2660, 230, 2187, 1423, 1192, 1815, 205, 821, 2205, 1117, 849, 1268, 2129, 926, 1520, 448, 2695, 1424, 196, 2190, 548, 432, 389, 483, 699, 3174, 256, 296, 446, 541, 397, 2899, 917, 235, 610, 2410, 953, 405, 1114, 868, 546, 420, 623, 250, 947, 3012, 587, 417, 1115, 241, 3052, 717, 2712, 3640, 300, 1174, 3481, 1510, 262, 404, 1999, 1015, 1415, 1427, 2229, 1277, 1911, 2039, 116, 1986, 1021, 2246, 1177, 719, 292, 443, 2913, 874, 4899, 3070, 1909, 2233, 440, 4019, 80, 488, 1664, 2234, 195, 306, 1165, 2484, 1027, 930, 1008, 1410, 916, 1973, 13, 1981, 149, 237, 1182, 342, 1430, 2067, 858, 99, 3568, 3362, 3771, 1422, 245, 2142, 3830, 1685, 2562, 2303, 1598, 2413, 328, 790, 3713, 455, 1914, 574, 1969, 2628, 830, 909, 103, 318, 1153, 1518, 3526, 1309, 1219, 1883, 2608, 3934]
2026-03-09 04:41:39,059 - INFO - 当前用时 0.63 秒
2026-03-09 04:41:39,059 - INFO - 将种子集 写入位置: /home/wen/work/coup_spread/network.douban11core/2026-3-11/seeds-with-network.douban11core/random_pageRank_seedNum-225_SSRNum-50000.txt
2026-03-09 04:41:39,059 - INFO - 首次生成种子集 alpha_sort
2026-03-09 04:41:39,059 - INFO - 执行当前算法开始: alpha_sort
2026-03-09 04:41:39,060 - INFO - 5123 个节点的alpha值降序排序 done
2026-03-09 04:41:39,060 - INFO - ==============>> [(0, np.float64(0.2)), (1, np.float64(0.2)), (2, np.float64(0.2)), (3, np.float64(0.2)), (4, np.float64(0.2)), (5, np.float64(0.2)), (6, np.float64(0.2)), (7, np.float64(0.2)), (8, np.float64(0.2)), (9, np.float64(0.2))]
2026-03-09 04:41:39,061 - INFO - 
选择的种子集 (按alpha排序): [0, 1, 2, 3, 4, 5, 6, 7, 8, 9, 10, 11, 12, 13, 14, 15, 16, 17, 18, 19, 20, 21, 22, 23, 24, 25, 26, 27, 28, 29, 30, 31, 32, 33, 34, 35, 36, 37, 38, 39, 40, 41, 42, 43, 44, 45, 46, 47, 48, 49, 50, 51, 52, 53, 54, 55, 56, 57, 58, 59, 60, 61, 62, 63, 64, 65, 66, 67, 68, 69, 70, 71, 72, 73, 74, 75, 76, 77, 78, 79, 80, 81, 82, 83, 84, 85, 86, 87, 88, 89, 90, 91, 92, 93, 94, 95, 96, 97, 98, 99, 100, 101, 102, 103, 104, 105, 106, 107, 108, 109, 110, 111, 112, 113, 114, 115, 116, 117, 118, 119, 120, 121, 122, 123, 124, 125, 126, 127, 128, 129, 130, 131, 132, 133, 134, 135, 136, 137, 138, 139, 140, 141, 142, 143, 144, 145, 146, 147, 148, 149, 150, 151, 152, 153, 154, 155, 156, 157, 158, 159, 160, 161, 162, 163, 164, 165, 166, 167, 168, 169, 170, 171, 172, 173, 174, 175, 176, 177, 178, 179, 180, 181, 182, 183, 184, 185, 186, 187, 188, 189, 190, 191, 192, 193, 194, 195, 196, 197, 198, 199, 200, 201, 202, 203, 204, 205, 206, 207, 208, 209, 210, 211, 212, 213, 214, 215, 216, 217, 218, 219, 220, 221, 222, 223, 224]

2026-03-09 04:41:39,061 - INFO - 当前用时 0.00 秒
2026-03-09 04:41:39,061 - INFO - 将种子集 写入位置: /home/wen/work/coup_spread/network.douban11core/2026-3-11/seeds-with-network.douban11core/random_alpha_sort_seedNum-225_SSRNum-50000.txt
2026-03-09 04:41:39,061 - INFO - 首次生成种子集 ris_optimized
2026-03-09 04:41:39,061 - INFO - 执行当前算法开始: ris_optimized
2026-03-09 04:41:39,525 - INFO - 图初始化完成，节点数: 5123，当前模式: 优化采样
2026-03-09 04:41:39,525 - INFO - 开始生成 50000 组多重RR-Set...
2026-03-09 04:43:41,110 - INFO - 生成完毕。耗时: 121.58 秒。
2026-03-09 04:43:41,128 - INFO - 开始基于多重RR集贪心选择最优种子...
2026-03-09 04:43:54,046 - INFO - 选种完毕。耗时: 12.92 秒。估算范围: 425.72
2026-03-09 04:43:56,142 - INFO - 当前用时 137.08 秒
2026-03-09 04:43:56,143 - INFO - 将种子集 写入位置: /home/wen/work/coup_spread/network.douban11core/2026-3-11/seeds-with-network.douban11core/random_ris_optimized_seedNum-225_SSRNum-50000.txt
2026-03-09 04:43:56,143 - INFO - 首次生成种子集 1hop_sort
2026-03-09 04:43:56,143 - INFO - 执行当前算法开始: 1hop_sort
2026-03-09 04:43:56,143 - INFO - --- Running: Teacher's 1-Hop Expected Spread Sort ---
2026-03-09 04:43:56,161 - INFO - 选出的前 5 个种子得分展示: [0.4 0.4 0.4 0.4 0.4]
2026-03-09 04:43:56,161 - INFO - 当前用时 0.02 秒
2026-03-09 04:43:56,161 - INFO - 将种子集 写入位置: /home/wen/work/coup_spread/network.douban11core/2026-3-11/seeds-with-network.douban11core/random_1hop_sort_seedNum-225_SSRNum-50000.txt
2026-03-09 04:43:56,163 - INFO - 评估种子集: None
2026-03-09 04:43:56,163 - INFO - 多进程评估开始，共有 6 个方法待评估...
2026-03-09 04:43:56,163 - INFO - 启动进程池，Worker数量: 6
2026-03-09 04:43:57,230 - INFO - [Process 3962349] 开始评估方法: random, 种子数: 225
2026-03-09 04:43:57,977 - INFO - [Process 3962350] 开始评估方法: degreeTopM, 种子数: 225
2026-03-09 04:43:58,734 - INFO - [Process 3962351] 开始评估方法: pageRank, 种子数: 225
2026-03-09 04:43:59,487 - INFO - [Process 3962352] 开始评估方法: alpha_sort, 种子数: 225
2026-03-09 04:44:00,255 - INFO - [Process 3962353] 开始评估方法: ris_optimized, 种子数: 225
2026-03-09 04:44:01,061 - INFO - [Process 3962354] 开始评估方法: 1hop_sort, 种子数: 225
2026-03-09 04:44:14,880 - INFO - [random - 种子:225] 拉新:171.7人 | 总销量:175.5单 | 品牌曝光:900.8次 | 🌟综合得分:263.7
2026-03-09 04:44:16,871 - INFO - [degreeTopM - 种子:225] 拉新:179.8人 | 总销量:187.4单 | 品牌曝光:952.4次 | 🌟综合得分:278.8
2026-03-09 04:44:17,604 - INFO - [pageRank - 种子:225] 拉新:179.4人 | 总销量:187.0单 | 品牌曝光:950.8次 | 🌟综合得分:278.3
2026-03-09 04:44:19,493 - INFO - [alpha_sort - 种子:225] 拉新:186.3人 | 总销量:198.0单 | 品牌曝光:998.5次 | 🌟综合得分:292.0
2026-03-09 04:44:20,129 - INFO - [ris_optimized - 种子:225] 拉新:185.3人 | 总销量:190.0单 | 品牌曝光:963.2次 | 🌟综合得分:283.9
2026-03-09 04:44:20,810 - INFO - [1hop_sort - 种子:225] 拉新:190.2人 | 总销量:195.8单 | 品牌曝光:990.0次 | 🌟综合得分:292.0
2026-03-09 04:44:20,868 - INFO - 所有进程执行完毕，开始写入数据...
2026-03-09 04:44:20,882 - INFO - 成功写入 6 条记录至 /home/wen/work/coup_spread/gzc-impl/results/network.douban11core/2026-3-11/random_SSRNum-50000-_seedNum-225_simuTimes-500.csv
2026-03-09 04:44:20,884 - INFO - 保存评估文件至: /home/wen/work/coup_spread/gzc-impl/results/network.douban11core/2026-3-11/random_SSRNum-50000-_seedNum-225_simuTimes-500.csv
2026-03-09 04:44:20,918 - INFO - 加载数据集: network.douban11core
2026-03-09 04:44:20,920 - INFO - --- 矩阵分析 ---
2026-03-09 04:44:20,920 - INFO - 节点数 (N): 5123
2026-03-09 04:44:20,920 - INFO - 边数 (E): 129298
2026-03-09 04:44:20,920 - INFO - 密度 (Density): 0.00492655 (越小越稀疏)
2026-03-09 04:44:20,920 - INFO - 稀疏度 (Sparsity): 0.99507345 (越接近1越稀疏)
2026-03-09 04:44:20,920 - INFO - 平均度数 (Avg Degree): 25.24
2026-03-09 04:44:20,920 - INFO - >>> 正在注入完美对抗属性（验证三条定理）...
2026-03-09 04:44:21,051 - INFO - 首次生成种子集 random
2026-03-09 04:44:21,051 - INFO - 执行当前算法开始: random
2026-03-09 04:44:21,051 - INFO - 数据集节点总数:  n = 5123, m = 250
2026-03-09 04:44:21,051 - INFO - 选择 250  [2784, 1880, 4471, 3372, 4155, 261, 2964, 1270, 4585, 742, 3416, 2427, 4744, 2277, 292, 3722, 3703, 1613, 4694, 4202, 4532, 2810, 4797, 5014, 1797, 456, 3503, 929, 99, 335, 4220, 332, 291, 1095, 1058, 4057, 1788, 1403, 4133, 2406, 895, 1973, 4154, 677, 3816, 506, 3626, 730, 4353, 145, 1706, 5062, 2341, 2829, 2695, 4701, 843, 157, 923, 81, 3514, 946, 4699, 1968, 3177, 82, 3327, 2412, 3458, 4710, 2776, 2415, 4638, 3446, 2458, 3674, 2869, 161, 1625, 2536, 4011, 4420, 1278, 3902, 4995, 2888, 1419, 1024, 2243, 1257, 744, 2697, 487, 1962, 2080, 5077, 4439, 3011, 3829, 4192, 2054, 539, 4660, 136, 793, 922, 221, 2450, 1549, 4397, 4009, 2825, 4514, 1301, 3335, 1295, 3093, 3058, 4384, 2621, 1885, 855, 477, 1353, 4809, 3484, 478, 1279, 4859, 2177, 1999, 517, 4297, 3986, 1252, 1626, 615, 4100, 2327, 1868, 475, 2788, 2970, 3706, 1855, 1323, 686, 3958, 3648, 1181, 3661, 804, 3651, 4236, 2668, 4231, 3680, 3031, 146, 3384, 3292, 1794, 2378, 4889, 1565, 244, 3187, 2335, 732, 3538, 815, 1500, 5005, 114, 445, 3739, 3241, 1997, 2698, 1945, 3338, 1438, 2424, 3666, 4476, 4613, 1060, 1854, 5094, 4658, 3136, 678, 1538, 2413, 2331, 2627, 4820, 90, 1548, 731, 879, 4284, 4062, 633, 1038, 931, 1674, 1, 2595, 4436, 1047, 8, 2966, 3047, 4944, 3097, 4270, 4766, 3669, 266, 623, 2121, 2133, 4943, 728, 2007, 1729, 3332, 3485, 3963, 1311, 3937, 3254, 4631, 1993, 3796, 54, 1416, 262, 2050, 568, 105, 3069, 3400, 3746, 1509, 4052, 3916, 3709, 1208]

2026-03-09 04:44:21,051 - INFO - 当前用时 0.00 秒
2026-03-09 04:44:21,052 - INFO - 将种子集 写入位置: /home/wen/work/coup_spread/network.douban11core/2026-3-11/seeds-with-network.douban11core/random_random_seedNum-250_SSRNum-50000.txt
2026-03-09 04:44:21,052 - INFO - 首次生成种子集 degreeTopM
2026-03-09 04:44:21,052 - INFO - 执行当前算法开始: degreeTopM
2026-03-09 04:44:21,052 - INFO - 依据: 选择连接数（度数）最多的节点。
2026-03-09 04:44:21,052 - INFO - 选择的 Top M 节点及其度数:
2026-03-09 04:44:21,053 - INFO - 
2026-03-09 04:44:21,053 - INFO - 当前用时 0.00 秒
2026-03-09 04:44:21,053 - INFO - 将种子集 写入位置: /home/wen/work/coup_spread/network.douban11core/2026-3-11/seeds-with-network.douban11core/random_degreeTopM_seedNum-250_SSRNum-50000.txt
2026-03-09 04:44:21,053 - INFO - 首次生成种子集 pageRank
2026-03-09 04:44:21,053 - INFO - 执行当前算法开始: pageRank
2026-03-09 04:44:21,053 - INFO - --- Running: PageRank (on tranProMatrix) Top M ---
2026-03-09 04:44:21,686 - INFO - Selected PageRank seeds: [413, 135, 2568, 94, 2360, 412, 922, 644, 249, 1629, 295, 1195, 958, 1169, 2367, 11, 454, 590, 48, 1537, 1303, 1068, 1514, 902, 2005, 2595, 451, 744, 396, 2757, 2960, 2716, 100, 1604, 27, 611, 416, 2943, 2745, 696, 766, 855, 1186, 2542, 2395, 2242, 1166, 1595, 299, 142, 2409, 1892, 846, 2286, 1515, 3812, 137, 192, 899, 884, 2713, 4015, 197, 1882, 583, 2411, 3702, 114, 331, 228, 2403, 2590, 3936, 1941, 227, 380, 303, 979, 1173, 987, 1413, 1361, 3169, 1390, 2642, 2660, 230, 2187, 1423, 1192, 1815, 205, 821, 2205, 1117, 849, 1268, 2129, 926, 1520, 448, 2695, 1424, 196, 2190, 548, 432, 389, 483, 699, 3174, 256, 296, 446, 541, 397, 2899, 917, 235, 610, 2410, 953, 405, 1114, 868, 546, 420, 623, 250, 947, 3012, 587, 417, 1115, 241, 3052, 717, 2712, 3640, 300, 1174, 3481, 1510, 262, 404, 1999, 1015, 1415, 1427, 2229, 1277, 1911, 2039, 116, 1986, 1021, 2246, 1177, 719, 292, 443, 2913, 874, 4899, 3070, 1909, 2233, 440, 4019, 80, 488, 1664, 2234, 195, 306, 1165, 2484, 1027, 930, 1008, 1410, 916, 1973, 13, 1981, 149, 237, 1182, 342, 1430, 2067, 858, 99, 3568, 3362, 3771, 1422, 245, 2142, 3830, 1685, 2562, 2303, 1598, 2413, 328, 790, 3713, 455, 1914, 574, 1969, 2628, 830, 909, 103, 318, 1153, 1518, 3526, 1309, 1219, 1883, 2608, 3934, 2936, 3639, 991, 3004, 1841, 2110, 4261, 444, 3778, 1828, 4018, 1030, 2473, 2742, 2106, 1428, 1915, 465, 1216, 1235, 534, 140, 4405, 1016, 861]
2026-03-09 04:44:21,687 - INFO - 当前用时 0.63 秒
2026-03-09 04:44:21,687 - INFO - 将种子集 写入位置: /home/wen/work/coup_spread/network.douban11core/2026-3-11/seeds-with-network.douban11core/random_pageRank_seedNum-250_SSRNum-50000.txt
2026-03-09 04:44:21,687 - INFO - 首次生成种子集 alpha_sort
2026-03-09 04:44:21,687 - INFO - 执行当前算法开始: alpha_sort
2026-03-09 04:44:21,688 - INFO - 5123 个节点的alpha值降序排序 done
2026-03-09 04:44:21,688 - INFO - ==============>> [(0, np.float64(0.2)), (1, np.float64(0.2)), (2, np.float64(0.2)), (3, np.float64(0.2)), (4, np.float64(0.2)), (5, np.float64(0.2)), (6, np.float64(0.2)), (7, np.float64(0.2)), (8, np.float64(0.2)), (9, np.float64(0.2))]
2026-03-09 04:44:21,688 - INFO - 
选择的种子集 (按alpha排序): [0, 1, 2, 3, 4, 5, 6, 7, 8, 9, 10, 11, 12, 13, 14, 15, 16, 17, 18, 19, 20, 21, 22, 23, 24, 25, 26, 27, 28, 29, 30, 31, 32, 33, 34, 35, 36, 37, 38, 39, 40, 41, 42, 43, 44, 45, 46, 47, 48, 49, 50, 51, 52, 53, 54, 55, 56, 57, 58, 59, 60, 61, 62, 63, 64, 65, 66, 67, 68, 69, 70, 71, 72, 73, 74, 75, 76, 77, 78, 79, 80, 81, 82, 83, 84, 85, 86, 87, 88, 89, 90, 91, 92, 93, 94, 95, 96, 97, 98, 99, 100, 101, 102, 103, 104, 105, 106, 107, 108, 109, 110, 111, 112, 113, 114, 115, 116, 117, 118, 119, 120, 121, 122, 123, 124, 125, 126, 127, 128, 129, 130, 131, 132, 133, 134, 135, 136, 137, 138, 139, 140, 141, 142, 143, 144, 145, 146, 147, 148, 149, 150, 151, 152, 153, 154, 155, 156, 157, 158, 159, 160, 161, 162, 163, 164, 165, 166, 167, 168, 169, 170, 171, 172, 173, 174, 175, 176, 177, 178, 179, 180, 181, 182, 183, 184, 185, 186, 187, 188, 189, 190, 191, 192, 193, 194, 195, 196, 197, 198, 199, 200, 201, 202, 203, 204, 205, 206, 207, 208, 209, 210, 211, 212, 213, 214, 215, 216, 217, 218, 219, 220, 221, 222, 223, 224, 225, 226, 227, 228, 229, 230, 231, 232, 233, 234, 235, 236, 237, 238, 239, 240, 241, 242, 243, 244, 245, 246, 247, 248, 249]

2026-03-09 04:44:21,689 - INFO - 当前用时 0.00 秒
2026-03-09 04:44:21,689 - INFO - 将种子集 写入位置: /home/wen/work/coup_spread/network.douban11core/2026-3-11/seeds-with-network.douban11core/random_alpha_sort_seedNum-250_SSRNum-50000.txt
2026-03-09 04:44:21,689 - INFO - 首次生成种子集 ris_optimized
2026-03-09 04:44:21,689 - INFO - 执行当前算法开始: ris_optimized
2026-03-09 04:44:22,167 - INFO - 图初始化完成，节点数: 5123，当前模式: 优化采样
2026-03-09 04:44:22,167 - INFO - 开始生成 50000 组多重RR-Set...
2026-03-09 04:46:32,748 - INFO - 生成完毕。耗时: 130.58 秒。
2026-03-09 04:46:32,763 - INFO - 开始基于多重RR集贪心选择最优种子...
2026-03-09 04:46:45,883 - INFO - 选种完毕。耗时: 13.12 秒。估算范围: 472.14
2026-03-09 04:46:47,514 - INFO - 当前用时 145.82 秒
2026-03-09 04:46:47,514 - INFO - 将种子集 写入位置: /home/wen/work/coup_spread/network.douban11core/2026-3-11/seeds-with-network.douban11core/random_ris_optimized_seedNum-250_SSRNum-50000.txt
2026-03-09 04:46:47,515 - INFO - 首次生成种子集 1hop_sort
2026-03-09 04:46:47,515 - INFO - 执行当前算法开始: 1hop_sort
2026-03-09 04:46:47,515 - INFO - --- Running: Teacher's 1-Hop Expected Spread Sort ---
2026-03-09 04:46:47,531 - INFO - 选出的前 5 个种子得分展示: [0.4 0.4 0.4 0.4 0.4]
2026-03-09 04:46:47,531 - INFO - 当前用时 0.02 秒
2026-03-09 04:46:47,531 - INFO - 将种子集 写入位置: /home/wen/work/coup_spread/network.douban11core/2026-3-11/seeds-with-network.douban11core/random_1hop_sort_seedNum-250_SSRNum-50000.txt
2026-03-09 04:46:47,533 - INFO - 评估种子集: None
2026-03-09 04:46:47,533 - INFO - 多进程评估开始，共有 6 个方法待评估...
2026-03-09 04:46:47,533 - INFO - 启动进程池，Worker数量: 6
2026-03-09 04:46:48,543 - INFO - [Process 3964880] 开始评估方法: random, 种子数: 250
2026-03-09 04:46:49,301 - INFO - [Process 3964881] 开始评估方法: degreeTopM, 种子数: 250
2026-03-09 04:46:50,119 - INFO - [Process 3964882] 开始评估方法: pageRank, 种子数: 250
2026-03-09 04:46:50,887 - INFO - [Process 3964883] 开始评估方法: alpha_sort, 种子数: 250
2026-03-09 04:46:51,669 - INFO - [Process 3964884] 开始评估方法: ris_optimized, 种子数: 250
2026-03-09 04:46:52,425 - INFO - [Process 3964885] 开始评估方法: 1hop_sort, 种子数: 250
2026-03-09 04:47:07,896 - INFO - [random - 种子:250] 拉新:185.0人 | 总销量:189.5单 | 品牌曝光:977.5次 | 🌟综合得分:285.0
2026-03-09 04:47:11,163 - INFO - [degreeTopM - 种子:250] 拉新:198.5人 | 总销量:207.6单 | 品牌曝光:1056.9次 | 🌟综合得分:308.7
2026-03-09 04:47:11,615 - INFO - [pageRank - 种子:250] 拉新:198.5人 | 总销量:207.8单 | 品牌曝光:1057.7次 | 🌟综合得分:308.9
2026-03-09 04:47:13,606 - INFO - [alpha_sort - 种子:250] 拉新:206.3人 | 总销量:219.4单 | 品牌曝光:1108.5次 | 🌟综合得分:323.7
2026-03-09 04:47:13,635 - INFO - [ris_optimized - 种子:250] 拉新:206.8人 | 总销量:212.5单 | 品牌曝光:1079.1次 | 🌟综合得分:317.6
2026-03-09 04:47:14,718 - INFO - [1hop_sort - 种子:250] 拉新:210.7人 | 总销量:217.5单 | 品牌曝光:1100.2次 | 🌟综合得分:324.1
2026-03-09 04:47:14,773 - INFO - 所有进程执行完毕，开始写入数据...
2026-03-09 04:47:14,784 - INFO - 成功写入 6 条记录至 /home/wen/work/coup_spread/gzc-impl/results/network.douban11core/2026-3-11/random_SSRNum-50000-_seedNum-250_simuTimes-500.csv
2026-03-09 04:47:14,785 - INFO - 保存评估文件至: /home/wen/work/coup_spread/gzc-impl/results/network.douban11core/2026-3-11/random_SSRNum-50000-_seedNum-250_simuTimes-500.csv
