2025-12-07 07:03:18,547 - INFO - 加载数据集: Mich
2025-12-07 07:03:18,550 - INFO - 首次生成度相关概率分布 分布类型: 'powerlaw'.
2025-12-07 07:03:18,550 - INFO - ===> Generating 'Power-law Degree-Aware' distributions...
2025-12-07 07:03:18,552 - INFO - 保存概率分布 文件位置: /home/wen/pythonspace/data-test/Mich/2025-12-7/distribution-in-Mich/distribution-powerlaw_seedNum-35.pkl
2025-12-07 07:03:18,656 - INFO - 首次生成种子集 random
2025-12-07 07:03:18,656 - INFO - 执行当前算法开始: random
2025-12-07 07:03:18,657 - INFO - 当前用时 0.00 秒
2025-12-07 07:03:18,657 - INFO - 将种子集 写入位置: /home/wen/pythonspace/data-test/Mich/2025-12-7/seeds-with-Mich/powerlaw_random_seedNum-35_SSRNum-3000.txt
2025-12-07 07:03:18,658 - INFO - 首次生成种子集 degreeTopM
2025-12-07 07:03:18,658 - INFO - 执行当前算法开始: degreeTopM
2025-12-07 07:03:18,659 - INFO - 当前用时 0.00 秒
2025-12-07 07:03:18,660 - INFO - 将种子集 写入位置: /home/wen/pythonspace/data-test/Mich/2025-12-7/seeds-with-Mich/powerlaw_degreeTopM_seedNum-35_SSRNum-3000.txt
2025-12-07 07:03:18,660 - INFO - 首次生成种子集 alpha_sort
2025-12-07 07:03:18,660 - INFO - 执行当前算法开始: alpha_sort
2025-12-07 07:03:18,687 - INFO - 3748 个节点的alpha值降序排序 done
2025-12-07 07:03:18,687 - INFO - ==============>> [(3636, 0.4195052215796237), (3721, 0.40455948221805776), (2276, 0.3972782953589834), (3602, 0.39568945610122847), (3575, 0.3955959962218958), (3410, 0.39161232464406703), (3629, 0.38987004264327446), (3736, 0.3841060382070725), (2734, 0.38309603666184167), (3168, 0.38218424214018765)]
2025-12-07 07:03:18,687 - INFO - 
选择的种子集 (按alpha排序): [3636, 3721, 2276, 3602, 3575, 3410, 3629, 3736, 2734, 3168, 3574, 3437, 3674, 3711, 3418, 3556, 3663, 2664, 2914, 3686, 3019, 3731, 3638, 3740, 3304, 3285, 3672, 3013, 3681, 3668, 3723, 2402, 3047, 3084, 3529]

2025-12-07 07:03:18,687 - INFO - 当前用时 0.03 秒
2025-12-07 07:03:18,687 - INFO - 将种子集 写入位置: /home/wen/pythonspace/data-test/Mich/2025-12-7/seeds-with-Mich/powerlaw_alpha_sort_seedNum-35_SSRNum-3000.txt
2025-12-07 07:03:18,687 - INFO - 首次生成种子集 importance_sort
2025-12-07 07:03:18,687 - INFO - 执行当前算法开始: importance_sort
2025-12-07 07:03:20,892 - INFO - 
选择的种子集 (按Importance排序): [3636, 3721, 2276, 3602, 3575, 3410, 3629, 3736, 2734, 3168, 3574, 3437, 3674, 3711, 3418, 3556, 3663, 2664, 2914, 3686, 3019, 3731, 3638, 3740, 3304, 3285, 3672, 3013, 3681, 3668, 1514, 3723, 2402, 3047, 3084]

2025-12-07 07:03:20,893 - INFO - 当前用时 2.21 秒
2025-12-07 07:03:20,893 - INFO - 将种子集 写入位置: /home/wen/pythonspace/data-test/Mich/2025-12-7/seeds-with-Mich/powerlaw_importance_sort_seedNum-35_SSRNum-3000.txt
2025-12-07 07:03:20,894 - INFO - 首次生成种子集 ris_coverage
2025-12-07 07:03:20,894 - INFO - 执行当前算法开始: ris_coverage
2025-12-07 07:03:21,130 - INFO - 图初始化完成，CSR 矩阵及概率分布准备就绪。
2025-12-07 07:03:21,130 - INFO - 
开始生成 3000 组 SSR (并行进程: 2)...
2025-12-07 07:07:30,756 - INFO - 生成完毕。耗时: 249.63 秒。
2025-12-07 07:07:30,757 - INFO - 
开始选择最优种子 (Optimized Greedy) ...
2025-12-07 07:07:40,551 - INFO -   - 券 1/35 选中节点 1150, 新增覆盖 232
2025-12-07 07:07:40,579 - INFO -   - 券 2/35 选中节点 73, 新增覆盖 188
2025-12-07 07:07:40,605 - INFO -   - 券 3/35 选中节点 1144, 新增覆盖 215
2025-12-07 07:07:40,628 - INFO -   - 券 4/35 选中节点 248, 新增覆盖 167
2025-12-07 07:07:40,650 - INFO -   - 券 5/35 选中节点 879, 新增覆盖 141
2025-12-07 07:07:40,672 - INFO -   - 券 6/35 选中节点 716, 新增覆盖 138
2025-12-07 07:07:40,697 - INFO -   - 券 7/35 选中节点 1687, 新增覆盖 136
2025-12-07 07:07:40,718 - INFO -   - 券 8/35 选中节点 538, 新增覆盖 114
2025-12-07 07:07:40,741 - INFO -   - 券 9/35 选中节点 128, 新增覆盖 122
2025-12-07 07:07:40,761 - INFO -   - 券 10/35 选中节点 1452, 新增覆盖 99
2025-12-07 07:07:40,782 - INFO -   - 券 11/35 选中节点 314, 新增覆盖 100
2025-12-07 07:07:40,804 - INFO -   - 券 12/35 选中节点 86, 新增覆盖 104
2025-12-07 07:07:40,823 - INFO -   - 券 13/35 选中节点 598, 新增覆盖 82
2025-12-07 07:07:40,838 - INFO -   - 券 14/35 选中节点 21, 新增覆盖 67
2025-12-07 07:07:40,853 - INFO -   - 券 15/35 选中节点 293, 新增覆盖 71
2025-12-07 07:07:40,868 - INFO -   - 券 16/35 选中节点 269, 新增覆盖 73
2025-12-07 07:07:40,883 - INFO -   - 券 17/35 选中节点 136, 新增覆盖 55
2025-12-07 07:07:40,898 - INFO -   - 券 18/35 选中节点 359, 新增覆盖 72
2025-12-07 07:07:40,914 - INFO -   - 券 19/35 选中节点 3212, 新增覆盖 49
2025-12-07 07:07:40,932 - INFO -   - 券 20/35 选中节点 2847, 新增覆盖 51
2025-12-07 07:07:40,950 - INFO -   - 券 21/35 选中节点 11, 新增覆盖 51
2025-12-07 07:07:40,966 - INFO -   - 券 22/35 选中节点 2642, 新增覆盖 53
2025-12-07 07:07:40,981 - INFO -   - 券 23/35 选中节点 3041, 新增覆盖 41
2025-12-07 07:07:40,995 - INFO -   - 券 24/35 选中节点 57, 新增覆盖 38
2025-12-07 07:07:41,009 - INFO -   - 券 25/35 选中节点 3421, 新增覆盖 32
2025-12-07 07:07:41,023 - INFO -   - 券 26/35 选中节点 3199, 新增覆盖 34
2025-12-07 07:07:41,037 - INFO -   - 券 27/35 选中节点 822, 新增覆盖 26
2025-12-07 07:07:41,052 - INFO -   - 券 28/35 选中节点 3611, 新增覆盖 38
2025-12-07 07:07:41,072 - INFO -   - 券 29/35 选中节点 111, 新增覆盖 20
2025-12-07 07:07:41,132 - INFO -   - 券 30/35 选中节点 1593, 新增覆盖 25
2025-12-07 07:07:41,145 - INFO -   - 券 31/35 选中节点 29, 新增覆盖 16
2025-12-07 07:07:41,158 - INFO -   - 券 32/35 选中节点 891, 新增覆盖 16
2025-12-07 07:07:41,171 - INFO -   - 券 33/35 选中节点 1864, 新增覆盖 12
2025-12-07 07:07:41,188 - INFO -   - 券 34/35 选中节点 2310, 新增覆盖 25
2025-12-07 07:07:41,201 - INFO -   - 券 35/35 选中节点 910, 新增覆盖 17
2025-12-07 07:07:41,201 - INFO - 选种完毕。耗时: 10.44 秒。
2025-12-07 07:07:41,546 - INFO - 最终选择的种子集: [1150, 73, 1144, 248, 879, 716, 1687, 538, 128, 1452, 314, 86, 598, 21, 293, 269, 136, 359, 3212, 2847, 11, 2642, 3041, 57, 3421, 3199, 822, 3611, 111, 1593, 29, 891, 1864, 2310, 910]

2025-12-07 07:07:43,400 - INFO - 当前用时 262.51 秒
2025-12-07 07:07:43,401 - INFO - 将种子集 写入位置: /home/wen/pythonspace/data-test/Mich/2025-12-7/seeds-with-Mich/powerlaw_ris_coverage_seedNum-35_SSRNum-3000.txt
2025-12-07 07:07:43,402 - INFO - 评估种子集: None
2025-12-07 07:07:43,402 - INFO - 多进程评估开始，共有 5 个方法待评估...
2025-12-07 07:07:43,402 - INFO - 启动进程池，Worker数量: 5
2025-12-07 07:07:44,009 - INFO - [Process 1718551] 开始评估方法: random, 种子数: 35
2025-12-07 07:07:44,194 - INFO - [Process 1718551] random - 10 sims 完成: E=33.30
2025-12-07 07:07:44,439 - INFO - [Process 1718552] 开始评估方法: degreeTopM, 种子数: 35
2025-12-07 07:07:44,700 - INFO - [Process 1718552] degreeTopM - 10 sims 完成: E=33.80
2025-12-07 07:07:44,864 - INFO - [Process 1718553] 开始评估方法: alpha_sort, 种子数: 35
2025-12-07 07:07:44,961 - INFO - [Process 1718553] alpha_sort - 10 sims 完成: E=28.70
2025-12-07 07:07:45,286 - INFO - [Process 1718554] 开始评估方法: importance_sort, 种子数: 35
2025-12-07 07:07:45,378 - INFO - [Process 1718554] importance_sort - 10 sims 完成: E=28.40
2025-12-07 07:07:45,704 - INFO - [Process 1718556] 开始评估方法: ris_coverage, 种子数: 35
2025-12-07 07:07:45,904 - INFO - [Process 1718556] ris_coverage - 10 sims 完成: E=33.80
2025-12-07 07:07:45,946 - INFO - 所有进程执行完毕，开始写入数据...
2025-12-07 07:07:45,965 - INFO - 成功写入 5 条记录至 /home/wen/pythonspace/data-test/Mich/2025-12-7/E-activated-Mich/distribution-powerlaw/tsd_0.3--0.3--1.3/single_sim_func-AgainContinue/simuTimes-10_monteCarloL-10_single_sim_func-AgainContinue_rrNumSamples-3000.csv
2025-12-07 07:07:45,966 - INFO - 保存评估文件至: /home/wen/pythonspace/data-test/Mich/2025-12-7/E-activated-Mich/distribution-powerlaw/tsd_0.3--0.3--1.3/single_sim_func-AgainContinue/simuTimes-10_monteCarloL-10_single_sim_func-AgainContinue_rrNumSamples-3000.csv
