2025-12-09 13:46:57,317 - INFO - 加载数据集: Mich
2025-12-09 13:46:57,322 - INFO - 首次生成度相关概率分布 分布类型: 'powerlaw'.
2025-12-09 13:46:57,322 - INFO - ===> Generating 'Power-law Degree-Aware' distributions...
2025-12-09 13:46:57,323 - INFO - 保存概率分布 文件位置: /root/pythonspace/data-test/Mich/2025-12-7/distribution-in-Mich/distribution-powerlaw_seedNum-180.pkl
2025-12-09 13:46:57,411 - INFO - 首次生成种子集 random
2025-12-09 13:46:57,411 - INFO - 执行当前算法开始: random
2025-12-09 13:46:57,412 - INFO - 当前用时 0.00 秒
2025-12-09 13:46:57,412 - INFO - 将种子集 写入位置: /root/pythonspace/data-test/Mich/2025-12-7/seeds-with-Mich/powerlaw_random_seedNum-180_SSRNum-20000.txt
2025-12-09 13:46:57,413 - INFO - 首次生成种子集 degreeTopM
2025-12-09 13:46:57,413 - INFO - 执行当前算法开始: degreeTopM
2025-12-09 13:46:57,415 - INFO - 当前用时 0.00 秒
2025-12-09 13:46:57,415 - INFO - 将种子集 写入位置: /root/pythonspace/data-test/Mich/2025-12-7/seeds-with-Mich/powerlaw_degreeTopM_seedNum-180_SSRNum-20000.txt
2025-12-09 13:46:57,415 - INFO - 首次生成种子集 alpha_sort
2025-12-09 13:46:57,415 - INFO - 执行当前算法开始: alpha_sort
2025-12-09 13:46:57,444 - INFO - 3748 个节点的alpha值降序排序 done
2025-12-09 13:46:57,444 - INFO - ==============>> [(3695, 0.4056750380671837), (3400, 0.3985384458819262), (3686, 0.3957394774070491), (3237, 0.39437088220111394), (3740, 0.3897616885711749), (3565, 0.38846544001497635), (3727, 0.3872678575391195), (3683, 0.3850689237924567), (3575, 0.38203428920398225), (3737, 0.3810351424941518)]
2025-12-09 13:46:57,444 - INFO - 
选择的种子集 (按alpha排序): [3695, 3400, 3686, 3237, 3740, 3565, 3727, 3683, 3575, 3737, 3595, 3606, 3227, 3295, 3134, 3202, 3379, 1573, 2829, 3732, 3677, 3656, 3647, 3747, 3703, 2643, 3452, 3700, 3667, 3646, 2514, 3717, 2734, 3712, 3742, 3082, 3736, 3723, 2425, 2567, 3548, 3730, 3404, 3598, 3631, 3019, 3463, 3084, 1731, 2800, 3738, 3410, 3589, 3129, 3304, 2276, 3629, 2983, 3649, 3572, 3672, 2795, 2740, 3570, 3563, 2914, 3709, 3437, 1775, 3689, 3360, 3744, 3745, 3625, 3123, 3541, 3010, 3670, 3611, 3728, 3614, 3013, 3343, 1937, 3722, 2875, 2457, 3393, 3390, 3735, 3571, 3725, 3690, 3464, 3517, 3618, 3047, 3674, 1558, 282, 2677, 3412, 3627, 3602, 3556, 3516, 3626, 3083, 2979, 1537, 3005, 3681, 3476, 3716, 3693, 3636, 3239, 3697, 3212, 3653, 3721, 2153, 3529, 3439, 3132, 3663, 928, 3135, 2086, 3711, 2310, 3254, 3566, 3094, 3107, 2655, 3679, 3596, 2647, 3495, 911, 3496, 3724, 3608, 3503, 3685, 3650, 3271, 1963, 3743, 3489, 3605, 3358, 3510, 3680, 3130, 3579, 1778, 3055, 3678, 3125, 1766, 123, 3733, 3668, 2389, 3278, 2666, 3643, 3051, 3613, 3377, 3719, 3574, 3386, 3034, 3216, 2158, 1578, 3438]

2025-12-09 13:46:57,444 - INFO - 当前用时 0.03 秒
2025-12-09 13:46:57,445 - INFO - 将种子集 写入位置: /root/pythonspace/data-test/Mich/2025-12-7/seeds-with-Mich/powerlaw_alpha_sort_seedNum-180_SSRNum-20000.txt
2025-12-09 13:46:57,445 - INFO - 首次生成种子集 importance_sort
2025-12-09 13:46:57,445 - INFO - 执行当前算法开始: importance_sort
2025-12-09 13:46:59,405 - INFO - 
选择的种子集 (按Importance排序): [1514, 3695, 3400, 3686, 3237, 3740, 3565, 3727, 3683, 3575, 3737, 1505, 3595, 3606, 3227, 3295, 3134, 3202, 3379, 1573, 2829, 3732, 3677, 3656, 3647, 3747, 3703, 2643, 3452, 3700, 3667, 3646, 2514, 3717, 2734, 3712, 3742, 3082, 3736, 3723, 2425, 2567, 3548, 3730, 3404, 3598, 3631, 3019, 1509, 3463, 3084, 1731, 2800, 3738, 3410, 3589, 3129, 3304, 1512, 2276, 3629, 2983, 3649, 3572, 3672, 2795, 2740, 3570, 3563, 2914, 3709, 3437, 1775, 3689, 12, 3360, 3744, 3745, 3625, 3123, 3541, 1072, 3010, 3670, 3611, 3728, 3614, 3013, 3343, 1937, 3722, 2875, 2457, 3393, 3390, 3735, 3571, 3725, 3690, 3464, 3517, 3618, 3047, 3674, 1558, 282, 2677, 3412, 3627, 3602, 3556, 3516, 3626, 3083, 2979, 1537, 3005, 3681, 3476, 963, 3716, 1096, 3693, 3636, 3239, 3697, 3212, 3653, 3721, 2153, 3529, 3439, 3132, 3663, 928, 3135, 2086, 3711, 2310, 3254, 3566, 3094, 3107, 2655, 3679, 3596, 2647, 3495, 911, 3496, 3724, 3608, 3503, 3685, 3650, 3271, 1963, 3743, 3489, 3605, 3358, 3510, 3680, 3130, 3579, 1778, 3055, 3678, 3125, 882, 31, 1766, 123, 3733, 3668, 2389, 3278, 2666, 3643, 3051]

2025-12-09 13:46:59,406 - INFO - 当前用时 1.96 秒
2025-12-09 13:46:59,406 - INFO - 将种子集 写入位置: /root/pythonspace/data-test/Mich/2025-12-7/seeds-with-Mich/powerlaw_importance_sort_seedNum-180_SSRNum-20000.txt
2025-12-09 13:46:59,406 - INFO - 首次生成种子集 ris_coverage
2025-12-09 13:46:59,406 - INFO - 执行当前算法开始: ris_coverage
2025-12-09 13:46:59,556 - INFO - 图初始化完成，CSR 矩阵及概率分布准备就绪。
2025-12-09 13:46:59,556 - INFO - 
开始生成 20000 组 SSR (并行进程: 4)...
