2025-12-07 07:17:37,699 - INFO - 加载数据集: Mich
2025-12-07 07:17:37,702 - INFO - 首次生成度相关概率分布 分布类型: 'powerlaw'.
2025-12-07 07:17:37,702 - INFO - ===> Generating 'Power-law Degree-Aware' distributions...
2025-12-07 07:17:37,704 - INFO - 保存概率分布 文件位置: /home/wen/pythonspace/data-test/Mich/2025-12-7/distribution-in-Mich/distribution-powerlaw_seedNum-55.pkl
2025-12-07 07:17:37,808 - INFO - 首次生成种子集 random
2025-12-07 07:17:37,808 - INFO - 执行当前算法开始: random
2025-12-07 07:17:37,809 - INFO - 当前用时 0.00 秒
2025-12-07 07:17:37,809 - INFO - 将种子集 写入位置: /home/wen/pythonspace/data-test/Mich/2025-12-7/seeds-with-Mich/powerlaw_random_seedNum-55_SSRNum-10000.txt
2025-12-07 07:17:37,810 - INFO - 首次生成种子集 degreeTopM
2025-12-07 07:17:37,810 - INFO - 执行当前算法开始: degreeTopM
2025-12-07 07:17:37,811 - INFO - 当前用时 0.00 秒
2025-12-07 07:17:37,812 - INFO - 将种子集 写入位置: /home/wen/pythonspace/data-test/Mich/2025-12-7/seeds-with-Mich/powerlaw_degreeTopM_seedNum-55_SSRNum-10000.txt
2025-12-07 07:17:37,812 - INFO - 首次生成种子集 alpha_sort
2025-12-07 07:17:37,812 - INFO - 执行当前算法开始: alpha_sort
2025-12-07 07:17:37,837 - INFO - 3748 个节点的alpha值降序排序 done
2025-12-07 07:17:37,837 - INFO - ==============>> [(3304, 0.4077615148666819), (3013, 0.3993186526585748), (3285, 0.39322687761042946), (3019, 0.3822671732132313), (1450, 0.38217469643799346), (3618, 0.3813042053017701), (3723, 0.3794708791773974), (3646, 0.37809594352212383), (3439, 0.3777525694809397), (3168, 0.37407961837519293)]
2025-12-07 07:17:37,838 - INFO - 
选择的种子集 (按alpha排序): [3304, 3013, 3285, 3019, 1450, 3618, 3723, 3646, 3439, 3168, 3393, 3437, 3656, 3699, 3686, 3730, 2795, 2829, 3452, 3724, 3740, 2276, 3606, 3703, 3005, 3216, 3135, 2514, 3608, 3239, 3687, 3571, 3134, 3602, 3200, 2734, 3652, 3379, 3382, 3584, 1578, 3709, 3390, 3047, 3410, 3649, 2984, 3360, 1558, 2153, 3130, 2310, 3496, 3489, 3125]

2025-12-07 07:17:37,838 - INFO - 当前用时 0.03 秒
2025-12-07 07:17:37,838 - INFO - 将种子集 写入位置: /home/wen/pythonspace/data-test/Mich/2025-12-7/seeds-with-Mich/powerlaw_alpha_sort_seedNum-55_SSRNum-10000.txt
2025-12-07 07:17:37,838 - INFO - 首次生成种子集 importance_sort
2025-12-07 07:17:37,838 - INFO - 执行当前算法开始: importance_sort
2025-12-07 07:17:40,037 - INFO - 
选择的种子集 (按Importance排序): [3304, 3013, 3285, 1514, 3019, 1450, 3618, 3723, 3646, 3439, 3168, 3393, 3437, 3656, 3699, 3686, 3730, 2795, 2829, 3452, 3724, 3740, 2276, 3606, 3703, 3005, 3216, 3135, 2514, 3608, 3239, 3687, 3571, 3134, 3602, 3200, 2734, 3652, 3379, 3382, 3584, 1578, 3709, 3390, 3047, 3410, 3649, 2984, 3360, 1558, 2153, 3130, 2310, 3496, 3489]

2025-12-07 07:17:40,038 - INFO - 当前用时 2.20 秒
2025-12-07 07:17:40,038 - INFO - 将种子集 写入位置: /home/wen/pythonspace/data-test/Mich/2025-12-7/seeds-with-Mich/powerlaw_importance_sort_seedNum-55_SSRNum-10000.txt
2025-12-07 07:17:40,038 - INFO - 首次生成种子集 ris_coverage
2025-12-07 07:17:40,038 - INFO - 执行当前算法开始: ris_coverage
2025-12-07 07:17:40,284 - INFO - 图初始化完成，CSR 矩阵及概率分布准备就绪。
2025-12-07 07:17:40,284 - INFO - 
开始生成 10000 组 SSR (并行进程: 2)...
2025-12-07 07:43:01,663 - INFO - 生成完毕。耗时: 1520.73 秒。
2025-12-07 07:43:03,386 - INFO - 
开始选择最优种子 (Optimized Greedy) ...
2025-12-07 07:44:25,588 - INFO -   - 券 1/55 选中节点 979, 新增覆盖 701
2025-12-07 07:44:25,718 - INFO -   - 券 2/55 选中节点 3530, 新增覆盖 629
2025-12-07 07:44:25,840 - INFO -   - 券 3/55 选中节点 435, 新增覆盖 599
2025-12-07 07:44:25,968 - INFO -   - 券 4/55 选中节点 2070, 新增覆盖 533
2025-12-07 07:44:26,095 - INFO -   - 券 5/55 选中节点 967, 新增覆盖 510
2025-12-07 07:44:26,277 - INFO -   - 券 6/55 选中节点 559, 新增覆盖 482
2025-12-07 07:44:26,399 - INFO -   - 券 7/55 选中节点 417, 新增覆盖 442
2025-12-07 07:44:26,515 - INFO -   - 券 8/55 选中节点 121, 新增覆盖 398
2025-12-07 07:44:26,634 - INFO -   - 券 9/55 选中节点 696, 新增覆盖 374
2025-12-07 07:44:26,721 - INFO -   - 券 10/55 选中节点 445, 新增覆盖 322
2025-12-07 07:44:26,830 - INFO -   - 券 11/55 选中节点 1553, 新增覆盖 330
2025-12-07 07:44:26,911 - INFO -   - 券 12/55 选中节点 189, 新增覆盖 313
2025-12-07 07:44:26,997 - INFO -   - 券 13/55 选中节点 514, 新增覆盖 266
2025-12-07 07:44:27,079 - INFO -   - 券 14/55 选中节点 467, 新增覆盖 256
2025-12-07 07:44:27,171 - INFO -   - 券 15/55 选中节点 277, 新增覆盖 240
2025-12-07 07:44:27,243 - INFO -   - 券 16/55 选中节点 446, 新增覆盖 237
2025-12-07 07:44:27,316 - INFO -   - 券 17/55 选中节点 572, 新增覆盖 209
2025-12-07 07:44:27,420 - INFO -   - 券 18/55 选中节点 1789, 新增覆盖 212
2025-12-07 07:44:27,489 - INFO -   - 券 19/55 选中节点 2836, 新增覆盖 182
2025-12-07 07:44:27,611 - INFO -   - 券 20/55 选中节点 636, 新增覆盖 176
2025-12-07 07:44:27,716 - INFO -   - 券 21/55 选中节点 60, 新增覆盖 189
2025-12-07 07:44:27,783 - INFO -   - 券 22/55 选中节点 491, 新增覆盖 139
2025-12-07 07:44:27,878 - INFO -   - 券 23/55 选中节点 797, 新增覆盖 158
2025-12-07 07:44:27,951 - INFO -   - 券 24/55 选中节点 1307, 新增覆盖 132
2025-12-07 07:44:28,256 - INFO -   - 券 25/55 选中节点 1053, 新增覆盖 127
2025-12-07 07:44:28,318 - INFO -   - 券 26/55 选中节点 99, 新增覆盖 113
2025-12-07 07:44:28,410 - INFO -   - 券 27/55 选中节点 697, 新增覆盖 89
2025-12-07 07:44:28,472 - INFO -   - 券 28/55 选中节点 132, 新增覆盖 97
2025-12-07 07:44:28,533 - INFO -   - 券 29/55 选中节点 558, 新增覆盖 92
2025-12-07 07:44:28,589 - INFO -   - 券 30/55 选中节点 410, 新增覆盖 81
2025-12-07 07:44:28,680 - INFO -   - 券 31/55 选中节点 97, 新增覆盖 89
2025-12-07 07:44:28,733 - INFO -   - 券 32/55 选中节点 770, 新增覆盖 69
2025-12-07 07:44:28,893 - INFO -   - 券 33/55 选中节点 133, 新增覆盖 61
2025-12-07 07:44:28,947 - INFO -   - 券 34/55 选中节点 18, 新增覆盖 62
2025-12-07 07:44:29,003 - INFO -   - 券 35/55 选中节点 2457, 新增覆盖 47
2025-12-07 07:44:29,055 - INFO -   - 券 36/55 选中节点 43, 新增覆盖 54
2025-12-07 07:44:29,144 - INFO -   - 券 37/55 选中节点 0, 新增覆盖 57
2025-12-07 07:44:29,198 - INFO -   - 券 38/55 选中节点 2342, 新增覆盖 49
2025-12-07 07:44:29,250 - INFO -   - 券 39/55 选中节点 35, 新增覆盖 47
2025-12-07 07:44:29,303 - INFO -   - 券 40/55 选中节点 3309, 新增覆盖 50
2025-12-07 07:44:29,366 - INFO -   - 券 41/55 选中节点 80, 新增覆盖 40
2025-12-07 07:44:29,419 - INFO -   - 券 42/55 选中节点 2357, 新增覆盖 39
2025-12-07 07:44:29,492 - INFO -   - 券 43/55 选中节点 2043, 新增覆盖 28
2025-12-07 07:44:29,552 - INFO -   - 券 44/55 选中节点 2942, 新增覆盖 35
2025-12-07 07:44:29,691 - INFO -   - 券 45/55 选中节点 334, 新增覆盖 31
2025-12-07 07:44:29,775 - INFO -   - 券 46/55 选中节点 3562, 新增覆盖 30
2025-12-07 07:44:29,843 - INFO -   - 券 47/55 选中节点 3026, 新增覆盖 23
2025-12-07 07:44:29,892 - INFO -   - 券 48/55 选中节点 1311, 新增覆盖 23
2025-12-07 07:44:29,976 - INFO -   - 券 49/55 选中节点 1940, 新增覆盖 23
2025-12-07 07:44:30,066 - INFO -   - 券 50/55 选中节点 1804, 新增覆盖 27
2025-12-07 07:44:30,116 - INFO -   - 券 51/55 选中节点 1205, 新增覆盖 18
2025-12-07 07:44:30,167 - INFO -   - 券 52/55 选中节点 2138, 新增覆盖 16
2025-12-07 07:44:30,220 - INFO -   - 券 53/55 选中节点 2946, 新增覆盖 24
2025-12-07 07:44:30,267 - INFO -   - 券 54/55 选中节点 930, 新增覆盖 12
2025-12-07 07:44:30,318 - INFO -   - 券 55/55 选中节点 3642, 新增覆盖 20
2025-12-07 07:44:30,343 - INFO - 选种完毕。耗时: 86.82 秒。
2025-12-07 07:44:33,545 - INFO - 最终选择的种子集: [979, 3530, 435, 2070, 967, 559, 417, 121, 696, 445, 1553, 189, 514, 467, 277, 446, 572, 1789, 2836, 636, 60, 491, 797, 1307, 1053, 99, 697, 132, 558, 410, 97, 770, 133, 18, 2457, 43, 0, 2342, 35, 3309, 80, 2357, 2043, 2942, 334, 3562, 3026, 1311, 1940, 1804, 1205, 2138, 2946, 930, 3642]

2025-12-07 07:44:44,822 - INFO - 当前用时 1624.78 秒
2025-12-07 07:44:45,071 - INFO - 将种子集 写入位置: /home/wen/pythonspace/data-test/Mich/2025-12-7/seeds-with-Mich/powerlaw_ris_coverage_seedNum-55_SSRNum-10000.txt
2025-12-07 07:44:46,527 - INFO - 评估种子集: None
2025-12-07 07:44:46,527 - INFO - 多进程评估开始，共有 5 个方法待评估...
2025-12-07 07:44:46,527 - INFO - 启动进程池，Worker数量: 5
2025-12-07 07:46:24,687 - INFO - [Process 1734616] 开始评估方法: random, 种子数: 55
2025-12-07 07:46:25,048 - INFO - [Process 1734615] 开始评估方法: degreeTopM, 种子数: 55
2025-12-07 07:46:25,472 - INFO - [Process 1734613] 开始评估方法: alpha_sort, 种子数: 55
2025-12-07 07:46:25,888 - INFO - [Process 1734614] 开始评估方法: importance_sort, 种子数: 55
2025-12-07 07:46:26,302 - INFO - [Process 1734612] 开始评估方法: ris_coverage, 种子数: 55
2025-12-07 07:46:27,083 - INFO - [Process 1734613] alpha_sort - 20 sims 完成: E=46.10
2025-12-07 07:46:27,083 - INFO - [Process 1734614] importance_sort - 20 sims 完成: E=45.65
2025-12-07 07:46:27,172 - INFO - [Process 1734616] random - 20 sims 完成: E=52.10
2025-12-07 07:46:27,234 - INFO - [Process 1734612] ris_coverage - 20 sims 完成: E=53.25
2025-12-07 07:46:27,317 - INFO - [Process 1734615] degreeTopM - 20 sims 完成: E=53.55
2025-12-07 07:46:27,500 - INFO - 所有进程执行完毕，开始写入数据...
2025-12-07 07:46:37,623 - INFO - 成功写入 5 条记录至 /home/wen/pythonspace/data-test/Mich/2025-12-7/E-activated-Mich/distribution-powerlaw/tsd_0.3--0.3--1.3/single_sim_func-AgainContinue/simuTimes-20_monteCarloL-10_single_sim_func-AgainContinue_rrNumSamples-10000.csv
2025-12-07 07:46:37,625 - INFO - 保存评估文件至: /home/wen/pythonspace/data-test/Mich/2025-12-7/E-activated-Mich/distribution-powerlaw/tsd_0.3--0.3--1.3/single_sim_func-AgainContinue/simuTimes-20_monteCarloL-10_single_sim_func-AgainContinue_rrNumSamples-10000.csv
