2025-12-07 08:12:10,632 - INFO - 加载数据集: Mich
2025-12-07 08:12:10,953 - INFO - 首次生成度相关概率分布 分布类型: 'powerlaw'.
2025-12-07 08:12:10,953 - INFO - ===> Generating 'Power-law Degree-Aware' distributions...
2025-12-07 08:12:10,959 - INFO - 保存概率分布 文件位置: /home/wen/pythonspace/data-test/Mich/2025-12-7/distribution-in-Mich/distribution-powerlaw_seedNum-65.pkl
2025-12-07 08:12:11,165 - INFO - 首次生成种子集 random
2025-12-07 08:12:11,165 - INFO - 执行当前算法开始: random
2025-12-07 08:12:11,165 - INFO - 当前用时 0.00 秒
2025-12-07 08:12:11,165 - INFO - 将种子集 写入位置: /home/wen/pythonspace/data-test/Mich/2025-12-7/seeds-with-Mich/powerlaw_random_seedNum-65_SSRNum-10000.txt
2025-12-07 08:12:11,165 - INFO - 首次生成种子集 degreeTopM
2025-12-07 08:12:11,165 - INFO - 执行当前算法开始: degreeTopM
2025-12-07 08:12:11,167 - INFO - 当前用时 0.00 秒
2025-12-07 08:12:11,167 - INFO - 将种子集 写入位置: /home/wen/pythonspace/data-test/Mich/2025-12-7/seeds-with-Mich/powerlaw_degreeTopM_seedNum-65_SSRNum-10000.txt
2025-12-07 08:12:11,167 - INFO - 首次生成种子集 alpha_sort
2025-12-07 08:12:11,167 - INFO - 执行当前算法开始: alpha_sort
2025-12-07 08:12:11,215 - INFO - 3748 个节点的alpha值降序排序 done
2025-12-07 08:12:11,215 - INFO - ==============>> [(3379, 0.4213725256407262), (3010, 0.4045422166154527), (3487, 0.3991934267489868), (3237, 0.39385103242068625), (3013, 0.39343953571724855), (3723, 0.39040870837523267), (3672, 0.3901465871587304), (3709, 0.3834346186470879), (3700, 0.3814056296917911), (3674, 0.3796625480598478)]
2025-12-07 08:12:11,216 - INFO - 
选择的种子集 (按alpha排序): [3379, 3010, 3487, 3237, 3013, 3723, 3672, 3709, 3700, 3674, 3678, 3548, 3647, 3677, 3670, 3477, 3651, 3574, 3736, 3638, 3685, 3636, 3608, 3687, 3742, 282, 3134, 3343, 3596, 3454, 2914, 3661, 3737, 3019, 3565, 2740, 1578, 3690, 2158, 123, 3550, 3227, 3563, 3568, 2276, 3589, 3701, 3711, 3034, 3629, 3083, 3439, 2643, 3254, 3400, 3697, 3712, 1450, 3717, 3216, 3285, 3499, 3595, 3291, 3656]

2025-12-07 08:12:11,216 - INFO - 当前用时 0.05 秒
2025-12-07 08:12:11,216 - INFO - 将种子集 写入位置: /home/wen/pythonspace/data-test/Mich/2025-12-7/seeds-with-Mich/powerlaw_alpha_sort_seedNum-65_SSRNum-10000.txt
2025-12-07 08:12:11,216 - INFO - 首次生成种子集 importance_sort
2025-12-07 08:12:11,216 - INFO - 执行当前算法开始: importance_sort
2025-12-07 08:12:13,479 - INFO - 
选择的种子集 (按Importance排序): [1514, 3379, 3010, 3487, 3237, 3013, 3723, 3672, 3709, 3700, 3674, 963, 3678, 3548, 3647, 3677, 3670, 3477, 3651, 3574, 3736, 3638, 3685, 3636, 3608, 3687, 3742, 1512, 282, 3134, 3343, 1497, 3596, 3454, 1505, 2914, 3661, 3737, 3019, 3565, 2740, 1578, 3690, 2158, 123, 3550, 3227, 3563, 12, 3568, 2276, 3589, 3701, 3711, 3034, 3629, 3083, 3439, 2643, 3254, 3400, 3697, 3712, 1450, 3717]

2025-12-07 08:12:13,480 - INFO - 当前用时 2.26 秒
2025-12-07 08:12:13,480 - INFO - 将种子集 写入位置: /home/wen/pythonspace/data-test/Mich/2025-12-7/seeds-with-Mich/powerlaw_importance_sort_seedNum-65_SSRNum-10000.txt
2025-12-07 08:12:13,480 - INFO - 首次生成种子集 ris_coverage
2025-12-07 08:12:13,480 - INFO - 执行当前算法开始: ris_coverage
2025-12-07 08:12:13,725 - INFO - 图初始化完成，CSR 矩阵及概率分布准备就绪。
2025-12-07 08:12:13,725 - INFO - 
开始生成 10000 组 SSR (并行进程: 8)...
2025-12-07 08:19:57,094 - INFO - 生成完毕。耗时: 463.37 秒。
2025-12-07 08:19:57,324 - INFO - 
开始选择最优种子 (Optimized Greedy) ...
2025-12-07 08:22:32,986 - INFO -   - 券 1/65 选中节点 400, 新增覆盖 710
2025-12-07 08:22:34,584 - INFO -   - 券 2/65 选中节点 169, 新增覆盖 669
2025-12-07 08:22:34,723 - INFO -   - 券 3/65 选中节点 2185, 新增覆盖 561
2025-12-07 08:22:34,865 - INFO -   - 券 4/65 选中节点 3153, 新增覆盖 549
2025-12-07 08:22:35,003 - INFO -   - 券 5/65 选中节点 1795, 新增覆盖 505
2025-12-07 08:22:35,136 - INFO -   - 券 6/65 选中节点 208, 新增覆盖 461
2025-12-07 08:22:35,414 - INFO -   - 券 7/65 选中节点 7, 新增覆盖 441
2025-12-07 08:22:35,550 - INFO -   - 券 8/65 选中节点 63, 新增覆盖 415
2025-12-07 08:22:35,687 - INFO -   - 券 9/65 选中节点 759, 新增覆盖 385
2025-12-07 08:22:35,803 - INFO -   - 券 10/65 选中节点 512, 新增覆盖 363
2025-12-07 08:22:35,926 - INFO -   - 券 11/65 选中节点 1010, 新增覆盖 336
2025-12-07 08:22:36,018 - INFO -   - 券 12/65 选中节点 1504, 新增覆盖 256
2025-12-07 08:22:36,114 - INFO -   - 券 13/65 选中节点 1961, 新增覆盖 271
2025-12-07 08:22:36,208 - INFO -   - 券 14/65 选中节点 149, 新增覆盖 260
2025-12-07 08:22:36,303 - INFO -   - 券 15/65 选中节点 2324, 新增覆盖 232
2025-12-07 08:22:36,714 - INFO -   - 券 16/65 选中节点 167, 新增覆盖 221
2025-12-07 08:22:36,796 - INFO -   - 券 17/65 选中节点 797, 新增覆盖 207
2025-12-07 08:22:36,878 - INFO -   - 券 18/65 选中节点 351, 新增覆盖 216
2025-12-07 08:22:36,961 - INFO -   - 券 19/65 选中节点 740, 新增覆盖 150
2025-12-07 08:22:37,049 - INFO -   - 券 20/65 选中节点 1430, 新增覆盖 152
2025-12-07 08:22:37,127 - INFO -   - 券 21/65 选中节点 1013, 新增覆盖 156
2025-12-07 08:22:37,213 - INFO -   - 券 22/65 选中节点 706, 新增覆盖 145
2025-12-07 08:22:37,289 - INFO -   - 券 23/65 选中节点 455, 新增覆盖 146
2025-12-07 08:22:37,363 - INFO -   - 券 24/65 选中节点 94, 新增覆盖 145
2025-12-07 08:22:37,438 - INFO -   - 券 25/65 选中节点 439, 新增覆盖 127
2025-12-07 08:22:37,517 - INFO -   - 券 26/65 选中节点 1718, 新增覆盖 115
2025-12-07 08:22:37,587 - INFO -   - 券 27/65 选中节点 186, 新增覆盖 116
2025-12-07 08:22:37,668 - INFO -   - 券 28/65 选中节点 109, 新增覆盖 83
2025-12-07 08:22:37,748 - INFO -   - 券 29/65 选中节点 343, 新增覆盖 89
2025-12-07 08:22:37,821 - INFO -   - 券 30/65 选中节点 851, 新增覆盖 80
2025-12-07 08:22:38,147 - INFO -   - 券 31/65 选中节点 1501, 新增覆盖 84
2025-12-07 08:22:38,224 - INFO -   - 券 32/65 选中节点 65, 新增覆盖 75
2025-12-07 08:22:38,287 - INFO -   - 券 33/65 选中节点 59, 新增覆盖 60
2025-12-07 08:22:38,356 - INFO -   - 券 34/65 选中节点 2867, 新增覆盖 56
2025-12-07 08:22:38,425 - INFO -   - 券 35/65 选中节点 2200, 新增覆盖 55
2025-12-07 08:22:38,491 - INFO -   - 券 36/65 选中节点 11, 新增覆盖 54
2025-12-07 08:22:38,553 - INFO -   - 券 37/65 选中节点 2750, 新增覆盖 41
2025-12-07 08:22:38,621 - INFO -   - 券 38/65 选中节点 3, 新增覆盖 64
2025-12-07 08:22:38,687 - INFO -   - 券 39/65 选中节点 33, 新增覆盖 50
2025-12-07 08:22:38,752 - INFO -   - 券 40/65 选中节点 3588, 新增覆盖 34
2025-12-07 08:22:38,814 - INFO -   - 券 41/65 选中节点 2255, 新增覆盖 51
2025-12-07 08:22:39,016 - INFO -   - 券 42/65 选中节点 42, 新增覆盖 40
2025-12-07 08:22:39,084 - INFO -   - 券 43/65 选中节点 2216, 新增覆盖 33
2025-12-07 08:22:39,157 - INFO -   - 券 44/65 选中节点 1, 新增覆盖 37
2025-12-07 08:22:39,219 - INFO -   - 券 45/65 选中节点 3733, 新增覆盖 39
2025-12-07 08:22:39,282 - INFO -   - 券 46/65 选中节点 2483, 新增覆盖 21
2025-12-07 08:22:39,346 - INFO -   - 券 47/65 选中节点 0, 新增覆盖 27
2025-12-07 08:22:39,412 - INFO -   - 券 48/65 选中节点 318, 新增覆盖 21
2025-12-07 08:22:39,478 - INFO -   - 券 49/65 选中节点 2507, 新增覆盖 29
2025-12-07 08:22:39,537 - INFO -   - 券 50/65 选中节点 1228, 新增覆盖 31
2025-12-07 08:22:39,613 - INFO -   - 券 51/65 选中节点 2622, 新增覆盖 25
2025-12-07 08:22:39,679 - INFO -   - 券 52/65 选中节点 1367, 新增覆盖 22
2025-12-07 08:22:39,755 - INFO -   - 券 53/65 选中节点 2655, 新增覆盖 26
2025-12-07 08:22:39,816 - INFO -   - 券 54/65 选中节点 244, 新增覆盖 19
2025-12-07 08:22:39,880 - INFO -   - 券 55/65 选中节点 2538, 新增覆盖 25
2025-12-07 08:22:40,452 - INFO -   - 券 56/65 选中节点 1447, 新增覆盖 19
2025-12-07 08:22:40,525 - INFO -   - 券 57/65 选中节点 1386, 新增覆盖 19
2025-12-07 08:22:40,593 - INFO -   - 券 58/65 选中节点 3545, 新增覆盖 23
2025-12-07 08:22:40,667 - INFO -   - 券 59/65 选中节点 2772, 新增覆盖 11
2025-12-07 08:22:40,730 - INFO -   - 券 60/65 选中节点 3398, 新增覆盖 17
2025-12-07 08:22:40,806 - INFO -   - 券 61/65 选中节点 4, 新增覆盖 15
2025-12-07 08:22:40,874 - INFO -   - 券 62/65 选中节点 2677, 新增覆盖 13
2025-12-07 08:22:40,947 - INFO -   - 券 63/65 选中节点 323, 新增覆盖 12
2025-12-07 08:22:41,021 - INFO -   - 券 64/65 选中节点 1577, 新增覆盖 11
2025-12-07 08:22:41,099 - INFO -   - 券 65/65 选中节点 344, 新增覆盖 9
2025-12-07 08:22:41,099 - INFO - 选种完毕。耗时: 163.77 秒。
2025-12-07 08:22:45,182 - INFO - 最终选择的种子集: [400, 169, 2185, 3153, 1795, 208, 7, 63, 759, 512, 1010, 1504, 1961, 149, 2324, 167, 797, 351, 740, 1430, 1013, 706, 455, 94, 439, 1718, 186, 109, 343, 851, 1501, 65, 59, 2867, 2200, 11, 2750, 3, 33, 3588, 2255, 42, 2216, 1, 3733, 2483, 0, 318, 2507, 1228, 2622, 1367, 2655, 244, 2538, 1447, 1386, 3545, 2772, 3398, 4, 2677, 323, 1577, 344]

2025-12-07 08:23:04,425 - INFO - 当前用时 650.94 秒
2025-12-07 08:23:04,912 - INFO - 将种子集 写入位置: /home/wen/pythonspace/data-test/Mich/2025-12-7/seeds-with-Mich/powerlaw_ris_coverage_seedNum-65_SSRNum-10000.txt
2025-12-07 08:23:09,128 - INFO - 评估种子集: None
2025-12-07 08:23:09,202 - INFO - 多进程评估开始，共有 5 个方法待评估...
2025-12-07 08:23:09,203 - INFO - 启动进程池，Worker数量: 5
2025-12-07 08:27:29,312 - INFO - [Process 1750690] 开始评估方法: random, 种子数: 65
2025-12-07 08:27:29,646 - INFO - [Process 1750693] 开始评估方法: degreeTopM, 种子数: 65
2025-12-07 08:27:30,102 - INFO - [Process 1750695] 开始评估方法: alpha_sort, 种子数: 65
2025-12-07 08:27:30,515 - INFO - [Process 1750689] 开始评估方法: importance_sort, 种子数: 65
2025-12-07 08:27:30,933 - INFO - [Process 1750694] 开始评估方法: ris_coverage, 种子数: 65
2025-12-07 08:27:32,086 - INFO - [Process 1750694] ris_coverage - 20 sims 完成: E=61.95
2025-12-07 08:27:32,086 - INFO - [Process 1750690] random - 20 sims 完成: E=62.55
2025-12-07 08:27:32,086 - INFO - [Process 1750689] importance_sort - 20 sims 完成: E=54.15
2025-12-07 08:27:32,086 - INFO - [Process 1750695] alpha_sort - 20 sims 完成: E=53.40
2025-12-07 08:27:32,120 - INFO - [Process 1750693] degreeTopM - 20 sims 完成: E=63.05
2025-12-07 08:27:32,392 - INFO - 所有进程执行完毕，开始写入数据...
2025-12-07 08:27:49,105 - INFO - 成功写入 5 条记录至 /home/wen/pythonspace/data-test/Mich/2025-12-7/E-activated-Mich/distribution-powerlaw/tsd_0.3--0.3--1.3/single_sim_func-AgainContinue/simuTimes-20_monteCarloL-10_single_sim_func-AgainContinue_rrNumSamples-10000.csv
2025-12-07 08:27:49,107 - INFO - 保存评估文件至: /home/wen/pythonspace/data-test/Mich/2025-12-7/E-activated-Mich/distribution-powerlaw/tsd_0.3--0.3--1.3/single_sim_func-AgainContinue/simuTimes-20_monteCarloL-10_single_sim_func-AgainContinue_rrNumSamples-10000.csv
