2025-12-07 06:54:53,165 - INFO - 加载数据集: Mich
2025-12-07 06:54:53,169 - INFO - 首次生成度相关概率分布 分布类型: 'powerlaw'.
2025-12-07 06:54:53,169 - INFO - ===> Generating 'Power-law Degree-Aware' distributions...
2025-12-07 06:54:53,170 - INFO - 保存概率分布 文件位置: /home/wen/pythonspace/data-test/Mich/2025-12-7/distribution-in-Mich/distribution-powerlaw_seedNum-50.pkl
2025-12-07 06:54:53,276 - INFO - 首次生成种子集 random
2025-12-07 06:54:53,290 - INFO - 执行当前算法开始: random
2025-12-07 06:54:53,290 - INFO - 当前用时 0.00 秒
2025-12-07 06:54:53,291 - INFO - 将种子集 写入位置: /home/wen/pythonspace/data-test/Mich/2025-12-7/seeds-with-Mich/powerlaw_random_seedNum-50_SSRNum-6000.txt
2025-12-07 06:54:53,292 - INFO - 首次生成种子集 degreeTopM
2025-12-07 06:54:53,292 - INFO - 执行当前算法开始: degreeTopM
2025-12-07 06:54:53,296 - INFO - 当前用时 0.00 秒
2025-12-07 06:54:53,296 - INFO - 将种子集 写入位置: /home/wen/pythonspace/data-test/Mich/2025-12-7/seeds-with-Mich/powerlaw_degreeTopM_seedNum-50_SSRNum-6000.txt
2025-12-07 06:54:53,297 - INFO - 首次生成种子集 alpha_sort
2025-12-07 06:54:53,297 - INFO - 执行当前算法开始: alpha_sort
2025-12-07 06:54:53,328 - INFO - 3748 个节点的alpha值降序排序 done
2025-12-07 06:54:53,328 - INFO - ==============>> [(3646, 0.4061772336029463), (3571, 0.40473826033594884), (3200, 0.4026972840720947), (3631, 0.39928935655198033), (3717, 0.39877825425870933), (3055, 0.3952353172008106), (3738, 0.393563968494877), (3487, 0.3917996133129756), (2734, 0.3910278684331526), (3227, 0.38984575817931927)]
2025-12-07 06:54:53,328 - INFO - 
选择的种子集 (按alpha排序): [3646, 3571, 3200, 3631, 3717, 3055, 3738, 3487, 2734, 3227, 3703, 3711, 3476, 3400, 3343, 3685, 3674, 3390, 3556, 3541, 3735, 2664, 3747, 3629, 3636, 3656, 3574, 3727, 3728, 3602, 3722, 3606, 1578, 3005, 3135, 3695, 3489, 3745, 3047, 3640, 3670, 2875, 2881, 3084, 3379, 3638, 3013, 3661, 3083, 3575]

2025-12-07 06:54:53,329 - INFO - 当前用时 0.03 秒
2025-12-07 06:54:53,329 - INFO - 将种子集 写入位置: /home/wen/pythonspace/data-test/Mich/2025-12-7/seeds-with-Mich/powerlaw_alpha_sort_seedNum-50_SSRNum-6000.txt
2025-12-07 06:54:53,329 - INFO - 首次生成种子集 importance_sort
2025-12-07 06:54:53,329 - INFO - 执行当前算法开始: importance_sort
2025-12-07 06:54:55,556 - INFO - 
选择的种子集 (按Importance排序): [1514, 3646, 3571, 3200, 3631, 3717, 3055, 3738, 3487, 2734, 3227, 3703, 3711, 3476, 3400, 3343, 3685, 3674, 3390, 3556, 3541, 3735, 2664, 3747, 3629, 3636, 3656, 3574, 3727, 3728, 3602, 3722, 3606, 1578, 3005, 3135, 3695, 3489, 3745, 3047, 3640, 3670, 2875, 2881, 3084, 3379, 3638, 3013, 3661, 3083]

2025-12-07 06:54:55,557 - INFO - 当前用时 2.23 秒
2025-12-07 06:54:55,557 - INFO - 将种子集 写入位置: /home/wen/pythonspace/data-test/Mich/2025-12-7/seeds-with-Mich/powerlaw_importance_sort_seedNum-50_SSRNum-6000.txt
2025-12-07 06:54:55,558 - INFO - 首次生成种子集 ris_coverage
2025-12-07 06:54:55,558 - INFO - 执行当前算法开始: ris_coverage
2025-12-07 06:54:55,860 - INFO - 图初始化完成，CSR 矩阵及概率分布准备就绪。
2025-12-07 06:54:55,861 - INFO - 
开始生成 6000 组 SSR (并行进程: 2)...
