2025-12-07 19:15:05,480 - INFO - 加载数据集: Mich
2025-12-07 19:15:05,483 - INFO - 首次生成度相关概率分布 分布类型: 'powerlaw'.
2025-12-07 19:15:05,483 - INFO - ===> Generating 'Power-law Degree-Aware' distributions...
2025-12-07 19:15:05,485 - INFO - 保存概率分布 文件位置: /home/wen/pythonspace/data-test/Mich/2025-12-7/distribution-in-Mich/distribution-powerlaw_seedNum-79.pkl
2025-12-07 19:15:05,583 - INFO - 首次生成种子集 random
2025-12-07 19:15:05,583 - INFO - 执行当前算法开始: random
2025-12-07 19:15:05,584 - INFO - 当前用时 0.00 秒
2025-12-07 19:15:05,584 - INFO - 将种子集 写入位置: /home/wen/pythonspace/data-test/Mich/2025-12-7/seeds-with-Mich/powerlaw_random_seedNum-79_SSRNum-1000.txt
2025-12-07 19:15:05,584 - INFO - 首次生成种子集 degreeTopM
2025-12-07 19:15:05,584 - INFO - 执行当前算法开始: degreeTopM
2025-12-07 19:15:05,586 - INFO - 当前用时 0.00 秒
2025-12-07 19:15:05,586 - INFO - 将种子集 写入位置: /home/wen/pythonspace/data-test/Mich/2025-12-7/seeds-with-Mich/powerlaw_degreeTopM_seedNum-79_SSRNum-1000.txt
2025-12-07 19:15:05,586 - INFO - 首次生成种子集 alpha_sort
2025-12-07 19:15:05,586 - INFO - 执行当前算法开始: alpha_sort
2025-12-07 19:15:05,610 - INFO - 3748 个节点的alpha值降序排序 done
2025-12-07 19:15:05,611 - INFO - ==============>> [(3200, 0.4121231414030678), (3476, 0.40798050811212494), (3709, 0.4022593462916465), (3740, 0.394470991155061), (2158, 0.394010187828614), (3019, 0.39366194810955385), (3037, 0.3902304607043709), (3541, 0.38694174178802637), (3464, 0.3863924686541372), (3742, 0.3848369370120086)]
2025-12-07 19:15:05,611 - INFO - 
选择的种子集 (按alpha排序): [3200, 3476, 3709, 3740, 2158, 3019, 3037, 3541, 3464, 3742, 3596, 3400, 3489, 3637, 123, 3005, 3661, 3047, 3529, 3683, 2567, 3237, 2881, 3454, 3744, 3487, 3575, 2425, 3687, 2800, 3739, 3574, 3745, 3674, 3722, 3439, 3673, 3736, 3638, 3631, 3082, 282, 3034, 3692, 3135, 3703, 3707, 3614, 3010, 3390, 3713, 3132, 3452, 3642, 3668, 3239, 2402, 2086, 3672, 3723, 3721, 3746, 3360, 3717, 3667, 3705, 3649, 2914, 3377, 3437, 3084, 1775, 3729, 3412, 3656, 3640, 3699, 3285, 3216]

2025-12-07 19:15:05,611 - INFO - 当前用时 0.02 秒
2025-12-07 19:15:05,611 - INFO - 将种子集 写入位置: /home/wen/pythonspace/data-test/Mich/2025-12-7/seeds-with-Mich/powerlaw_alpha_sort_seedNum-79_SSRNum-1000.txt
2025-12-07 19:15:05,611 - INFO - 首次生成种子集 importance_sort
2025-12-07 19:15:05,611 - INFO - 执行当前算法开始: importance_sort
2025-12-07 19:15:07,634 - INFO - 
选择的种子集 (按Importance排序): [3200, 3476, 3709, 3740, 2158, 1514, 3019, 3037, 3541, 3464, 3742, 3596, 3400, 3489, 3637, 123, 3005, 3661, 3047, 3529, 3683, 2567, 3237, 2881, 3454, 3744, 3487, 3575, 2425, 3687, 2800, 3739, 3574, 3745, 3674, 3722, 3439, 3673, 3736, 3638, 3631, 3082, 282, 3034, 3692, 3135, 3703, 3707, 3614, 3010, 3390, 3713, 3132, 3452, 3642, 3668, 3239, 2402, 963, 2086, 3672, 3723, 3721, 3746, 3360, 3717, 3667, 3705, 3649, 2914, 3377, 3437, 3084, 1505, 1775, 3729, 3412, 3656, 3640]

2025-12-07 19:15:07,635 - INFO - 当前用时 2.02 秒
2025-12-07 19:15:07,635 - INFO - 将种子集 写入位置: /home/wen/pythonspace/data-test/Mich/2025-12-7/seeds-with-Mich/powerlaw_importance_sort_seedNum-79_SSRNum-1000.txt
2025-12-07 19:15:07,635 - INFO - 首次生成种子集 ris_coverage
2025-12-07 19:15:07,635 - INFO - 执行当前算法开始: ris_coverage
2025-12-07 19:15:07,861 - INFO - 图初始化完成，CSR 矩阵及概率分布准备就绪。
2025-12-07 19:15:07,861 - INFO - 
开始生成 1000 组 SSR (并行进程: 32)...
2025-12-07 19:15:30,588 - INFO - 生成完毕。耗时: 22.73 秒。
2025-12-07 19:15:30,588 - INFO - 
开始选择最优种子 (Optimized Greedy) ...
2025-12-07 19:15:37,634 - INFO -   - 券 1/79 选中节点 408, 新增覆盖 67
2025-12-07 19:15:37,640 - INFO -   - 券 2/79 选中节点 395, 新增覆盖 74
2025-12-07 19:15:37,647 - INFO -   - 券 3/79 选中节点 12, 新增覆盖 64
2025-12-07 19:15:37,653 - INFO -   - 券 4/79 选中节点 37, 新增覆盖 60
2025-12-07 19:15:37,659 - INFO -   - 券 5/79 选中节点 3655, 新增覆盖 43
2025-12-07 19:15:37,665 - INFO -   - 券 6/79 选中节点 1249, 新增覆盖 49
2025-12-07 19:15:37,671 - INFO -   - 券 7/79 选中节点 3391, 新增覆盖 49
2025-12-07 19:15:37,679 - INFO -   - 券 8/79 选中节点 917, 新增覆盖 46
2025-12-07 19:15:37,685 - INFO -   - 券 9/79 选中节点 4, 新增覆盖 40
2025-12-07 19:15:37,691 - INFO -   - 券 10/79 选中节点 1494, 新增覆盖 37
2025-12-07 19:15:37,697 - INFO -   - 券 11/79 选中节点 1405, 新增覆盖 24
2025-12-07 19:15:37,703 - INFO -   - 券 12/79 选中节点 323, 新增覆盖 32
2025-12-07 19:15:37,709 - INFO -   - 券 13/79 选中节点 2668, 新增覆盖 24
2025-12-07 19:15:37,715 - INFO -   - 券 14/79 选中节点 1079, 新增覆盖 23
2025-12-07 19:15:37,722 - INFO -   - 券 15/79 选中节点 1757, 新增覆盖 24
2025-12-07 19:15:37,727 - INFO -   - 券 16/79 选中节点 2216, 新增覆盖 17
2025-12-07 19:15:37,733 - INFO -   - 券 17/79 选中节点 2563, 新增覆盖 20
2025-12-07 19:15:37,740 - INFO -   - 券 18/79 选中节点 3030, 新增覆盖 23
2025-12-07 19:15:37,746 - INFO -   - 券 19/79 选中节点 0, 新增覆盖 22
2025-12-07 19:15:37,752 - INFO -   - 券 20/79 选中节点 3365, 新增覆盖 20
2025-12-07 19:15:37,759 - INFO -   - 券 21/79 选中节点 2774, 新增覆盖 13
2025-12-07 19:15:37,764 - INFO -   - 券 22/79 选中节点 298, 新增覆盖 14
2025-12-07 19:15:37,770 - INFO -   - 券 23/79 选中节点 694, 新增覆盖 13
2025-12-07 19:15:37,776 - INFO -   - 券 24/79 选中节点 116, 新增覆盖 11
2025-12-07 19:15:37,783 - INFO -   - 券 25/79 选中节点 1302, 新增覆盖 14
2025-12-07 19:15:37,789 - INFO -   - 券 26/79 选中节点 862, 新增覆盖 8
2025-12-07 19:15:37,795 - INFO -   - 券 27/79 选中节点 2789, 新增覆盖 13
2025-12-07 19:15:37,801 - INFO -   - 券 28/79 选中节点 218, 新增覆盖 5
2025-12-07 19:15:37,806 - INFO -   - 券 29/79 选中节点 45, 新增覆盖 10
2025-12-07 19:15:37,812 - INFO -   - 券 30/79 选中节点 1292, 新增覆盖 5
2025-12-07 19:15:37,818 - INFO -   - 券 31/79 选中节点 498, 新增覆盖 7
2025-12-07 19:15:37,825 - INFO -   - 券 32/79 选中节点 2881, 新增覆盖 8
2025-12-07 19:15:37,836 - INFO -   - 券 33/79 选中节点 2, 新增覆盖 9
2025-12-07 19:15:37,847 - INFO -   - 券 34/79 选中节点 1884, 新增覆盖 7
2025-12-07 19:15:37,859 - INFO -   - 券 35/79 选中节点 2051, 新增覆盖 8
2025-12-07 19:15:38,038 - INFO -   - 券 36/79 选中节点 2323, 新增覆盖 10
2025-12-07 19:15:38,052 - INFO -   - 券 37/79 选中节点 2178, 新增覆盖 5
2025-12-07 19:15:38,063 - INFO -   - 券 38/79 选中节点 727, 新增覆盖 5
2025-12-07 19:15:38,075 - INFO -   - 券 39/79 选中节点 2925, 新增覆盖 5
2025-12-07 19:15:38,087 - INFO -   - 券 40/79 选中节点 322, 新增覆盖 5
2025-12-07 19:15:38,099 - INFO -   - 券 41/79 选中节点 918, 新增覆盖 4
2025-12-07 19:15:38,112 - INFO -   - 券 42/79 选中节点 3486, 新增覆盖 4
2025-12-07 19:15:38,126 - INFO -   - 券 43/79 选中节点 2085, 新增覆盖 5
2025-12-07 19:15:38,139 - INFO -   - 券 44/79 选中节点 3579, 新增覆盖 3
2025-12-07 19:15:38,151 - INFO -   - 券 45/79 选中节点 3734, 新增覆盖 3
2025-12-07 19:15:38,163 - INFO -   - 券 46/79 选中节点 1450, 新增覆盖 1
2025-12-07 19:15:38,176 - INFO -   - 券 47/79 选中节点 1960, 新增覆盖 2
2025-12-07 19:15:38,188 - INFO -   - 券 48/79 选中节点 3403, 新增覆盖 3
2025-12-07 19:15:38,201 - INFO -   - 券 49/79 选中节点 1349, 新增覆盖 2
2025-12-07 19:15:38,214 - INFO -   - 券 50/79 选中节点 2411, 新增覆盖 4
2025-12-07 19:15:38,227 - INFO -   - 券 51/79 选中节点 1772, 新增覆盖 4
2025-12-07 19:15:38,239 - INFO -   - 券 52/79 选中节点 3006, 新增覆盖 2
2025-12-07 19:15:38,256 - INFO -   - 券 53/79 选中节点 3463, 新增覆盖 1
2025-12-07 19:15:38,269 - INFO -   - 券 54/79 选中节点 3699, 新增覆盖 2
2025-12-07 19:15:38,283 - INFO -   - 券 55/79 选中节点 3614, 新增覆盖 1
2025-12-07 19:15:38,298 - INFO -   - 券 56/79 选中节点 3656, 新增覆盖 1
2025-12-07 19:15:38,311 - INFO -   - 券 57/79 选中节点 3745, 新增覆盖 2
2025-12-07 19:15:38,324 - INFO -   - 券 58/79 选中节点 3744, 新增覆盖 1
2025-12-07 19:15:38,338 - INFO -   - 券 59/79 选中节点 3101, 新增覆盖 1
2025-12-07 19:15:38,351 - INFO -   - 券 60/79 选中节点 1, 新增覆盖 0
2025-12-07 19:15:38,368 - INFO -   - 券 61/79 选中节点 3731, 新增覆盖 1
2025-12-07 19:15:38,381 - INFO -   - 券 62/79 选中节点 3487, 新增覆盖 1
2025-12-07 19:15:38,395 - INFO -   - 券 63/79 选中节点 3243, 新增覆盖 2
2025-12-07 19:15:38,409 - INFO -   - 券 64/79 选中节点 3421, 新增覆盖 2
2025-12-07 19:15:38,427 - INFO -   - 券 65/79 选中节点 3727, 新增覆盖 1
2025-12-07 19:15:38,445 - INFO -   - 券 66/79 选中节点 6, 新增覆盖 1
2025-12-07 19:15:38,464 - INFO -   - 券 67/79 选中节点 3126, 新增覆盖 2
2025-12-07 19:15:38,483 - INFO -   - 券 68/79 选中节点 3651, 新增覆盖 3
2025-12-07 19:15:38,504 - INFO -   - 券 69/79 选中节点 3, 新增覆盖 0
2025-12-07 19:15:38,524 - INFO -   - 券 70/79 选中节点 1792, 新增覆盖 0
2025-12-07 19:15:38,543 - INFO -   - 券 71/79 选中节点 3679, 新增覆盖 1
2025-12-07 19:15:38,562 - INFO -   - 券 72/79 选中节点 5, 新增覆盖 1
2025-12-07 19:15:38,582 - INFO -   - 券 73/79 选中节点 8, 新增覆盖 0
2025-12-07 19:15:38,602 - INFO -   - 券 74/79 选中节点 3736, 新增覆盖 1
2025-12-07 19:15:38,623 - INFO -   - 券 75/79 选中节点 3437, 新增覆盖 1
2025-12-07 19:15:38,643 - INFO -   - 券 76/79 选中节点 9, 新增覆盖 1
2025-12-07 19:15:38,663 - INFO -   - 券 77/79 选中节点 7, 新增覆盖 0
2025-12-07 19:15:38,682 - INFO -   - 券 78/79 选中节点 792, 新增覆盖 0
2025-12-07 19:15:38,707 - INFO -   - 券 79/79 选中节点 10, 新增覆盖 0
2025-12-07 19:15:38,707 - INFO - 选种完毕。耗时: 8.12 秒。
2025-12-07 19:15:38,950 - INFO - 最终选择的种子集: [408, 395, 12, 37, 3655, 1249, 3391, 917, 4, 1494, 1405, 323, 2668, 1079, 1757, 2216, 2563, 3030, 0, 3365, 2774, 298, 694, 116, 1302, 862, 2789, 218, 45, 1292, 498, 2881, 2, 1884, 2051, 2323, 2178, 727, 2925, 322, 918, 3486, 2085, 3579, 3734, 1450, 1960, 3403, 1349, 2411, 1772, 3006, 3463, 3699, 3614, 3656, 3745, 3744, 3101, 1, 3731, 3487, 3243, 3421, 3727, 6, 3126, 3651, 3, 1792, 3679, 5, 8, 3736, 3437, 9, 7, 792, 10]

2025-12-07 19:15:40,395 - INFO - 当前用时 32.76 秒
2025-12-07 19:15:40,395 - INFO - 将种子集 写入位置: /home/wen/pythonspace/data-test/Mich/2025-12-7/seeds-with-Mich/powerlaw_ris_coverage_seedNum-79_SSRNum-1000.txt
2025-12-07 19:15:40,396 - INFO - 评估种子集: None
2025-12-07 19:15:40,396 - INFO - 多进程评估开始，共有 5 个方法待评估...
2025-12-07 19:15:40,396 - INFO - 启动进程池，Worker数量: 5
2025-12-07 19:15:40,962 - INFO - [Process 1503379] 开始评估方法: random, 种子数: 79
2025-12-07 19:15:41,371 - INFO - [Process 1503380] 开始评估方法: degreeTopM, 种子数: 79
2025-12-07 19:15:41,788 - INFO - [Process 1503381] 开始评估方法: alpha_sort, 种子数: 79
2025-12-07 19:15:42,200 - INFO - [Process 1503382] 开始评估方法: importance_sort, 种子数: 79
2025-12-07 19:15:42,249 - INFO - [Process 1503379] random - 30 sims 完成: E=75.77
2025-12-07 19:15:42,446 - INFO - [Process 1503381] alpha_sort - 30 sims 完成: E=64.23
2025-12-07 19:15:42,612 - INFO - [Process 1503383] 开始评估方法: ris_coverage, 种子数: 79
2025-12-07 19:15:42,915 - INFO - [Process 1503382] importance_sort - 30 sims 完成: E=65.90
2025-12-07 19:15:42,920 - INFO - [Process 1503380] degreeTopM - 30 sims 完成: E=76.67
2025-12-07 19:15:43,691 - INFO - [Process 1503383] ris_coverage - 30 sims 完成: E=73.17
2025-12-07 19:15:43,733 - INFO - 所有进程执行完毕，开始写入数据...
2025-12-07 19:15:43,876 - INFO - 成功写入 5 条记录至 /home/wen/pythonspace/data-test/Mich/2025-12-7/E-activated-Mich/distribution-powerlaw/tsd_0.3--0.3--1.3/single_sim_func-AgainContinue/simuTimes-30_monteCarloL-10_single_sim_func-AgainContinue_rrNumSamples-1000.csv
2025-12-07 19:15:43,877 - INFO - 保存评估文件至: /home/wen/pythonspace/data-test/Mich/2025-12-7/E-activated-Mich/distribution-powerlaw/tsd_0.3--0.3--1.3/single_sim_func-AgainContinue/simuTimes-30_monteCarloL-10_single_sim_func-AgainContinue_rrNumSamples-1000.csv
