2026-03-13 04:16:30,948 - INFO - 加载数据集: network.EmailEnron
2026-03-13 04:16:30,952 - INFO - --- 矩阵分析 ---
2026-03-13 04:16:30,952 - INFO - 节点数 (N): 33696
2026-03-13 04:16:30,952 - INFO - 边数 (E): 361622
2026-03-13 04:16:30,952 - INFO - 密度 (Density): 0.00031849 (越小越稀疏)
2026-03-13 04:16:30,952 - INFO - 稀疏度 (Sparsity): 0.99968151 (越接近1越稀疏)
2026-03-13 04:16:30,952 - INFO - 平均度数 (Avg Degree): 10.73
2026-03-13 04:16:30,955 - INFO - 首次生成度相关概率分布 分布类型: 'log_continuous'.
2026-03-13 04:16:30,955 - INFO - ===> Generating 'Log-Continuous' distributions for Real Graph...
2026-03-13 04:16:31,336 - INFO - 保存概率分布 文件位置: /root/work/coupon/coup_spread/network.EmailEnron/2026-4-13/distribution-in-network.EmailEnron/distribution-log_continuous_seedNum-100.pkl
2026-03-13 04:16:31,639 - INFO - 首次生成种子集 random
2026-03-13 04:16:31,639 - INFO - 执行当前算法开始: random
2026-03-13 04:16:31,639 - INFO - 数据集节点总数:  n = 33696, m = 100
2026-03-13 04:16:31,639 - INFO - 选择 100  [14967, 10842, 23618, 19399, 25719, 21855, 32579, 1995, 13061, 21436, 17694, 25759, 14844, 3814, 18511, 25952, 4955, 5294, 5832, 9136, 28077, 5276, 34, 27528, 11070, 27108, 20201, 23230, 22421, 2466, 6631, 17589, 27315, 5855, 25408, 26643, 2475, 33361, 32629, 13957, 18174, 33166, 26123, 6932, 10521, 10770, 27491, 8431, 32489, 7923, 31648, 7787, 14076, 20540, 8997, 12580, 3094, 8592, 10084, 4106, 13974, 27022, 12181, 21607, 914, 7629, 9939, 11728, 17763, 20934, 24780, 23477, 6293, 10163, 18544, 4688, 5251, 15100, 31424, 18796, 10789, 11257, 9341, 2530, 11740, 18961, 26964, 4725, 28657, 15320, 24886, 20245, 31290, 23462, 14580, 8931, 20860, 16041, 30833, 9843]

2026-03-13 04:16:31,639 - INFO - 当前用时 0.00 秒
2026-03-13 04:16:31,639 - INFO - 将种子集 写入位置: /root/work/coupon/coup_spread/network.EmailEnron/2026-4-13/seeds-with-network.EmailEnron/log_continuous_random_seedNum-100_SSRNum-600000.txt
2026-03-13 04:16:31,639 - INFO - 首次生成种子集 degreeTopM
2026-03-13 04:16:31,639 - INFO - 执行当前算法开始: degreeTopM
2026-03-13 04:16:31,639 - INFO - 依据: 选择连接数（度数）最多的节点。
2026-03-13 04:16:31,641 - INFO - 选择的 Top M 节点及其度数:
2026-03-13 04:16:31,642 - INFO - 
2026-03-13 04:16:31,642 - INFO - 当前用时 0.00 秒
2026-03-13 04:16:31,642 - INFO - 将种子集 写入位置: /root/work/coupon/coup_spread/network.EmailEnron/2026-4-13/seeds-with-network.EmailEnron/log_continuous_degreeTopM_seedNum-100_SSRNum-600000.txt
2026-03-13 04:16:31,642 - INFO - 首次生成种子集 pageRank
2026-03-13 04:16:31,642 - INFO - 执行当前算法开始: pageRank
2026-03-13 04:16:31,642 - INFO - --- Running: PageRank (on tranProMatrix) Top M ---
2026-03-13 04:16:40,781 - INFO - Selected PageRank seeds: [5024, 273, 140, 588, 458, 566, 1028, 1139, 370, 893, 195, 823, 5055, 5008, 136, 95, 286, 1768, 5016, 76, 543, 292, 647, 8330, 353, 416, 734, 851, 155, 5019, 478, 530, 343, 1824, 613, 516, 887, 443, 213, 2628, 127, 652, 444, 90, 4735, 4061, 520, 1672, 3309, 128, 308, 93, 80, 114, 106, 1806, 3235, 342, 1528, 1031, 915, 554, 1569, 2751, 878, 2716, 1819, 175, 1817, 225, 188, 232, 802, 939, 1588, 20652, 78, 5223, 1507, 82, 241, 3159, 56, 639, 72, 2213, 102, 9112, 1330, 184, 200, 1053, 1334, 1233, 1371, 147, 929, 274, 301, 1443]
2026-03-13 04:16:40,783 - INFO - 当前用时 9.14 秒
2026-03-13 04:16:40,783 - INFO - 将种子集 写入位置: /root/work/coupon/coup_spread/network.EmailEnron/2026-4-13/seeds-with-network.EmailEnron/log_continuous_pageRank_seedNum-100_SSRNum-600000.txt
2026-03-13 04:16:40,783 - INFO - 首次生成种子集 alpha_sort
2026-03-13 04:16:40,783 - INFO - 执行当前算法开始: alpha_sort
2026-03-13 04:16:40,798 - INFO - 33696 个节点的alpha值降序排序 done
2026-03-13 04:16:40,798 - INFO - ==============>> [(5031, np.float64(0.554780660071093)), (23070, np.float64(0.5437387794611738)), (30464, np.float64(0.5381582059618795)), (18345, np.float64(0.503792987446096)), (9723, np.float64(0.4911843252850177)), (28432, np.float64(0.4528764766344761)), (33009, np.float64(0.4328714810875328)), (14635, np.float64(0.4283019242728742)), (15301, np.float64(0.42128805777293254)), (4007, np.float64(0.4199817511377216))]
2026-03-13 04:16:40,798 - INFO - 
选择的种子集 (按alpha排序): [5031, 23070, 30464, 18345, 9723, 28432, 33009, 14635, 15301, 4007, 25610, 15218, 13047, 15556, 10657, 21490, 30453, 17415, 17943, 14942, 33381, 31282, 17566, 18712, 26529, 2466, 25062, 24995, 27246, 24224, 14891, 24967, 30568, 4580, 28413, 1553, 1492, 20679, 32019, 23559, 8428, 32277, 27240, 29102, 17775, 28439, 9473, 578, 28507, 16445, 8447, 23397, 21759, 3504, 10115, 29576, 1732, 22511, 2872, 10854, 33347, 15983, 31592, 6569, 14262, 23762, 7612, 27376, 12337, 8307, 15918, 32398, 22532, 26379, 19171, 12905, 19781, 25737, 27342, 20300, 9819, 32991, 9050, 27024, 2053, 23107, 22462, 19680, 3279, 6528, 17433, 10472, 17891, 23495, 18495, 4944, 5161, 13161, 2532, 29189]

2026-03-13 04:16:40,800 - INFO - 当前用时 0.02 秒
2026-03-13 04:16:40,800 - INFO - 将种子集 写入位置: /root/work/coupon/coup_spread/network.EmailEnron/2026-4-13/seeds-with-network.EmailEnron/log_continuous_alpha_sort_seedNum-100_SSRNum-600000.txt
2026-03-13 04:16:40,800 - INFO - 首次生成种子集 ris_path_aware
2026-03-13 04:16:40,800 - INFO - 执行当前算法开始: ris_path_aware
2026-03-13 04:17:01,158 - INFO - RIS 初始化完成 | nodes=33696 | k=100 | optimized=True | root_event_mode=path_aware | avg_root_prob=0.218804
2026-03-13 04:17:01,158 - INFO - 开始生成 600000 组多重 SSR...
2026-03-13 04:20:31,473 - INFO - SSR 生成完成。耗时: 210.32 秒。
2026-03-13 04:20:31,479 - INFO - 开始基于 path-aware SSR 的贪心选种...
2026-03-13 04:20:31,552 - INFO -   - coupon 1/100 选中节点 18557, 边际增益 36
2026-03-13 04:20:31,628 - INFO -   - coupon 2/100 选中节点 26797, 边际增益 40
2026-03-13 04:20:31,701 - INFO -   - coupon 3/100 选中节点 33301, 边际增益 34
2026-03-13 04:20:31,770 - INFO -   - coupon 4/100 选中节点 4792, 边际增益 38
2026-03-13 04:20:31,842 - INFO -   - coupon 5/100 选中节点 31448, 边际增益 37
2026-03-13 04:20:31,918 - INFO -   - coupon 6/100 选中节点 16793, 边际增益 38
2026-03-13 04:20:31,989 - INFO -   - coupon 7/100 选中节点 28877, 边际增益 34
2026-03-13 04:20:32,062 - INFO -   - coupon 8/100 选中节点 26967, 边际增益 40
2026-03-13 04:20:32,134 - INFO -   - coupon 9/100 选中节点 32002, 边际增益 33
2026-03-13 04:20:32,208 - INFO -   - coupon 10/100 选中节点 33294, 边际增益 36
2026-03-13 04:20:32,280 - INFO -   - coupon 11/100 选中节点 16466, 边际增益 34
2026-03-13 04:20:32,353 - INFO -   - coupon 12/100 选中节点 28140, 边际增益 34
2026-03-13 04:20:32,427 - INFO -   - coupon 13/100 选中节点 32293, 边际增益 34
2026-03-13 04:20:32,498 - INFO -   - coupon 14/100 选中节点 26548, 边际增益 34
2026-03-13 04:20:32,574 - INFO -   - coupon 15/100 选中节点 27885, 边际增益 31
2026-03-13 04:20:32,648 - INFO -   - coupon 16/100 选中节点 31516, 边际增益 33
2026-03-13 04:20:32,718 - INFO -   - coupon 17/100 选中节点 32785, 边际增益 32
2026-03-13 04:20:32,787 - INFO -   - coupon 18/100 选中节点 24723, 边际增益 34
2026-03-13 04:20:32,856 - INFO -   - coupon 19/100 选中节点 24542, 边际增益 31
2026-03-13 04:20:32,927 - INFO -   - coupon 20/100 选中节点 28792, 边际增益 31
2026-03-13 04:20:32,998 - INFO -   - coupon 21/100 选中节点 33522, 边际增益 34
2026-03-13 04:20:33,070 - INFO -   - coupon 22/100 选中节点 33027, 边际增益 34
2026-03-13 04:20:33,147 - INFO -   - coupon 23/100 选中节点 24826, 边际增益 32
2026-03-13 04:20:33,223 - INFO -   - coupon 24/100 选中节点 33150, 边际增益 35
2026-03-13 04:20:33,295 - INFO -   - coupon 25/100 选中节点 32435, 边际增益 33
2026-03-13 04:20:33,366 - INFO -   - coupon 26/100 选中节点 29229, 边际增益 33
2026-03-13 04:20:33,444 - INFO -   - coupon 27/100 选中节点 28435, 边际增益 33
2026-03-13 04:20:33,513 - INFO -   - coupon 28/100 选中节点 23122, 边际增益 33
2026-03-13 04:20:33,590 - INFO -   - coupon 29/100 选中节点 28704, 边际增益 34
2026-03-13 04:20:33,664 - INFO -   - coupon 30/100 选中节点 20097, 边际增益 31
2026-03-13 04:20:33,735 - INFO -   - coupon 31/100 选中节点 33324, 边际增益 35
2026-03-13 04:20:33,807 - INFO -   - coupon 32/100 选中节点 8540, 边际增益 34
2026-03-13 04:20:33,878 - INFO -   - coupon 33/100 选中节点 32459, 边际增益 36
2026-03-13 04:20:33,950 - INFO -   - coupon 34/100 选中节点 29862, 边际增益 35
2026-03-13 04:20:34,018 - INFO -   - coupon 35/100 选中节点 32558, 边际增益 32
2026-03-13 04:20:34,089 - INFO -   - coupon 36/100 选中节点 27820, 边际增益 34
2026-03-13 04:20:34,159 - INFO -   - coupon 37/100 选中节点 27780, 边际增益 34
2026-03-13 04:20:34,229 - INFO -   - coupon 38/100 选中节点 16890, 边际增益 32
2026-03-13 04:20:34,298 - INFO -   - coupon 39/100 选中节点 27491, 边际增益 34
2026-03-13 04:20:34,369 - INFO -   - coupon 40/100 选中节点 33666, 边际增益 41
2026-03-13 04:20:34,439 - INFO -   - coupon 41/100 选中节点 32845, 边际增益 34
2026-03-13 04:20:34,511 - INFO -   - coupon 42/100 选中节点 29062, 边际增益 36
2026-03-13 04:20:34,581 - INFO -   - coupon 43/100 选中节点 29044, 边际增益 32
2026-03-13 04:20:34,656 - INFO -   - coupon 44/100 选中节点 13843, 边际增益 31
2026-03-13 04:20:34,729 - INFO -   - coupon 45/100 选中节点 20662, 边际增益 34
2026-03-13 04:20:34,803 - INFO -   - coupon 46/100 选中节点 26528, 边际增益 31
2026-03-13 04:20:34,877 - INFO -   - coupon 47/100 选中节点 27242, 边际增益 36
2026-03-13 04:20:34,956 - INFO -   - coupon 48/100 选中节点 29731, 边际增益 33
2026-03-13 04:20:35,027 - INFO -   - coupon 49/100 选中节点 31275, 边际增益 32
2026-03-13 04:20:35,102 - INFO -   - coupon 50/100 选中节点 26388, 边际增益 37
2026-03-13 04:20:35,169 - INFO -   - coupon 51/100 选中节点 33244, 边际增益 32
2026-03-13 04:20:35,245 - INFO -   - coupon 52/100 选中节点 19919, 边际增益 34
2026-03-13 04:20:35,324 - INFO -   - coupon 53/100 选中节点 31938, 边际增益 31
2026-03-13 04:20:35,396 - INFO -   - coupon 54/100 选中节点 33569, 边际增益 33
2026-03-13 04:20:35,469 - INFO -   - coupon 55/100 选中节点 32361, 边际增益 30
2026-03-13 04:20:35,538 - INFO -   - coupon 56/100 选中节点 26783, 边际增益 30
2026-03-13 04:20:35,608 - INFO -   - coupon 57/100 选中节点 33151, 边际增益 33
2026-03-13 04:20:35,678 - INFO -   - coupon 58/100 选中节点 32777, 边际增益 31
2026-03-13 04:20:35,749 - INFO -   - coupon 59/100 选中节点 32916, 边际增益 33
2026-03-13 04:20:35,817 - INFO -   - coupon 60/100 选中节点 33531, 边际增益 34
2026-03-13 04:20:35,891 - INFO -   - coupon 61/100 选中节点 14695, 边际增益 30
2026-03-13 04:20:35,961 - INFO -   - coupon 62/100 选中节点 25717, 边际增益 30
2026-03-13 04:20:36,036 - INFO -   - coupon 63/100 选中节点 25115, 边际增益 31
2026-03-13 04:20:36,107 - INFO -   - coupon 64/100 选中节点 32873, 边际增益 31
2026-03-13 04:20:36,182 - INFO -   - coupon 65/100 选中节点 31479, 边际增益 39
2026-03-13 04:20:36,255 - INFO -   - coupon 66/100 选中节点 31423, 边际增益 33
2026-03-13 04:20:36,328 - INFO -   - coupon 67/100 选中节点 27892, 边际增益 33
2026-03-13 04:20:36,399 - INFO -   - coupon 68/100 选中节点 11701, 边际增益 31
2026-03-13 04:20:36,471 - INFO -   - coupon 69/100 选中节点 31809, 边际增益 35
2026-03-13 04:20:36,545 - INFO -   - coupon 70/100 选中节点 33339, 边际增益 31
2026-03-13 04:20:36,619 - INFO -   - coupon 71/100 选中节点 33546, 边际增益 33
2026-03-13 04:20:36,689 - INFO -   - coupon 72/100 选中节点 24673, 边际增益 31
2026-03-13 04:20:36,760 - INFO -   - coupon 73/100 选中节点 26454, 边际增益 31
2026-03-13 04:20:36,827 - INFO -   - coupon 74/100 选中节点 31813, 边际增益 33
2026-03-13 04:20:36,905 - INFO -   - coupon 75/100 选中节点 27474, 边际增益 32
2026-03-13 04:20:36,978 - INFO -   - coupon 76/100 选中节点 29102, 边际增益 31
2026-03-13 04:20:37,051 - INFO -   - coupon 77/100 选中节点 28310, 边际增益 33
2026-03-13 04:20:37,121 - INFO -   - coupon 78/100 选中节点 31280, 边际增益 30
2026-03-13 04:20:37,188 - INFO -   - coupon 79/100 选中节点 26534, 边际增益 29
2026-03-13 04:20:37,259 - INFO -   - coupon 80/100 选中节点 4269, 边际增益 30
2026-03-13 04:20:37,331 - INFO -   - coupon 81/100 选中节点 28467, 边际增益 30
2026-03-13 04:20:37,403 - INFO -   - coupon 82/100 选中节点 32641, 边际增益 31
2026-03-13 04:20:37,475 - INFO -   - coupon 83/100 选中节点 32749, 边际增益 33
2026-03-13 04:20:37,558 - INFO -   - coupon 84/100 选中节点 32849, 边际增益 33
2026-03-13 04:20:37,632 - INFO -   - coupon 85/100 选中节点 19916, 边际增益 30
2026-03-13 04:20:37,707 - INFO -   - coupon 86/100 选中节点 14169, 边际增益 29
2026-03-13 04:20:37,775 - INFO -   - coupon 87/100 选中节点 26647, 边际增益 32
2026-03-13 04:20:37,844 - INFO -   - coupon 88/100 选中节点 31983, 边际增益 29
2026-03-13 04:20:37,914 - INFO -   - coupon 89/100 选中节点 27249, 边际增益 32
2026-03-13 04:20:37,981 - INFO -   - coupon 90/100 选中节点 13877, 边际增益 31
2026-03-13 04:20:38,055 - INFO -   - coupon 91/100 选中节点 28830, 边际增益 31
2026-03-13 04:20:38,125 - INFO -   - coupon 92/100 选中节点 13616, 边际增益 31
2026-03-13 04:20:38,194 - INFO -   - coupon 93/100 选中节点 29775, 边际增益 31
2026-03-13 04:20:38,261 - INFO -   - coupon 94/100 选中节点 32789, 边际增益 33
2026-03-13 04:20:38,330 - INFO -   - coupon 95/100 选中节点 32095, 边际增益 34
2026-03-13 04:20:38,402 - INFO -   - coupon 96/100 选中节点 26389, 边际增益 34
2026-03-13 04:20:38,472 - INFO -   - coupon 97/100 选中节点 33147, 边际增益 31
2026-03-13 04:20:38,548 - INFO -   - coupon 98/100 选中节点 28574, 边际增益 33
2026-03-13 04:20:38,623 - INFO -   - coupon 99/100 选中节点 32927, 边际增益 31
2026-03-13 04:20:38,694 - INFO -   - coupon 100/100 选中节点 29348, 边际增益 31
2026-03-13 04:20:38,694 - INFO - 贪心选种完成。耗时: 7.22 秒。估计影响力: 185.1566
2026-03-13 04:20:38,990 - INFO - 当前用时 238.19 秒
2026-03-13 04:20:38,990 - INFO - 将种子集 写入位置: /root/work/coupon/coup_spread/network.EmailEnron/2026-4-13/seeds-with-network.EmailEnron/log_continuous_ris_path_aware_seedNum-100_SSRNum-600000.txt
2026-03-13 04:20:38,990 - INFO - 首次生成种子集 1hop_sort
2026-03-13 04:20:38,990 - INFO - 执行当前算法开始: 1hop_sort
2026-03-13 04:20:39,059 - INFO - 当前用时 0.07 秒
2026-03-13 04:20:39,060 - INFO - 将种子集 写入位置: /root/work/coupon/coup_spread/network.EmailEnron/2026-4-13/seeds-with-network.EmailEnron/log_continuous_1hop_sort_seedNum-100_SSRNum-600000.txt
2026-03-13 04:20:39,063 - INFO - 评估种子集: None
2026-03-13 04:20:39,063 - INFO - 多进程评估开始，共有 6 个方法待评估...
2026-03-13 04:20:39,063 - INFO - 启动进程池，Worker数量: 6
2026-03-13 04:21:06,048 - INFO - [Process 2346] 开始评估方法: random, 种子数: 100
2026-03-13 04:21:28,364 - INFO - [Process 2347] 开始评估方法: degreeTopM, 种子数: 100
2026-03-13 04:21:30,119 - INFO - [random - 种子:100] 拉新:22.7人 | 总销量:22.7单 | 品牌曝光:323.6次 | 🌟综合得分:55.1
2026-03-13 04:21:44,003 - INFO - [degreeTopM - 种子:100] 拉新:9.6人 | 总销量:9.6单 | 品牌曝光:241.4次 | 🌟综合得分:33.8
2026-03-13 04:21:50,941 - INFO - [Process 2348] 开始评估方法: pageRank, 种子数: 100
2026-03-13 04:22:07,095 - INFO - [pageRank - 种子:100] 拉新:11.1人 | 总销量:11.1单 | 品牌曝光:249.3次 | 🌟综合得分:36.0
2026-03-13 04:22:13,242 - INFO - [Process 2349] 开始评估方法: alpha_sort, 种子数: 100
2026-03-13 04:22:29,818 - INFO - [alpha_sort - 种子:100] 拉新:46.8人 | 总销量:46.9单 | 品牌曝光:254.2次 | 🌟综合得分:72.3
2026-03-13 04:22:35,558 - INFO - [Process 2350] 开始评估方法: ris_path_aware, 种子数: 100
2026-03-13 04:22:57,923 - INFO - [Process 2351] 开始评估方法: 1hop_sort, 种子数: 100
2026-03-13 04:23:13,016 - INFO - [ris_path_aware - 种子:100] 拉新:45.1人 | 总销量:45.3单 | 品牌曝光:454.8次 | 🌟综合得分:90.7
2026-03-13 04:23:16,345 - INFO - [1hop_sort - 种子:100] 拉新:47.5人 | 总销量:52.4单 | 品牌曝光:274.9次 | 🌟综合得分:77.4
2026-03-13 04:23:16,883 - INFO - 所有进程执行完毕，开始写入数据...
2026-03-13 04:23:16,899 - INFO - 成功写入 6 条记录至 /root/work/coupon/coup_spread/gzc-impl/results/network.EmailEnron/2026-4-13/log_continuous_SSRNum-600000-_seedNum-100_simuTimes-600.csv
2026-03-13 04:23:16,899 - INFO - 保存评估文件至: /root/work/coupon/coup_spread/gzc-impl/results/network.EmailEnron/2026-4-13/log_continuous_SSRNum-600000-_seedNum-100_simuTimes-600.csv
