2025-12-19 17:48:42,765 - INFO - 加载数据集: facebook
2025-12-19 17:48:42,774 - INFO - 首次生成度相关概率分布 分布类型: 'powerlaw'.
2025-12-19 17:48:42,774 - INFO - ===> Generating 'Power-law Degree-Aware' distributions...
2025-12-19 17:48:42,784 - INFO - 保存概率分布 文件位置: /root/pythonspace/data-test/facebook/2025-12-19-master-updatediscardpro+AgainContinue+numsimu+updatesuccpro/distribution-in-facebook/distribution-powerlaw_seedNum-100.pkl
2025-12-19 17:48:42,868 - INFO - 首次生成种子集 random
2025-12-19 17:48:42,869 - INFO - 执行当前算法开始: random
2025-12-19 17:48:42,869 - INFO - 数据集节点总数:  n = 4039, m = 100
2025-12-19 17:48:42,869 - INFO - 选择 100  [2851, 1378, 3252, 3161, 1322, 566, 2649, 1585, 3040, 2912, 1928, 1949, 3295, 1905, 1315, 1048, 358, 2736, 2193, 1590, 2477, 2355, 3270, 3766, 3987, 2895, 2904, 233, 2372, 2678, 1207, 1575, 3921, 3557, 2370, 3098, 396, 2378, 608, 1513, 1538, 766, 3206, 3534, 2494, 2549, 2185, 854, 2613, 3448, 3781, 1047, 2014, 545, 2965, 250, 2569, 3844, 2814, 846, 3968, 3395, 3976, 3852, 3746, 621, 1819, 3, 2401, 239, 3502, 3668, 3362, 1062, 3681, 832, 195, 3922, 1973, 2346, 593, 667, 1076, 3815, 2866, 2758, 2409, 2511, 156, 1908, 923, 1788, 539, 3644, 3519, 1176, 2254, 1021, 1124, 1430]

2025-12-19 17:48:42,869 - INFO - 当前用时 0.00 秒
2025-12-19 17:48:42,869 - INFO - 将种子集 写入位置: /root/pythonspace/data-test/facebook/2025-12-19-master-updatediscardpro+AgainContinue+numsimu+updatesuccpro/seeds-with-facebook/powerlaw_random_seedNum-100_SSRNum-160000.txt
2025-12-19 17:48:42,869 - INFO - 首次生成种子集 degreeTopM
2025-12-19 17:48:42,870 - INFO - 执行当前算法开始: degreeTopM
2025-12-19 17:48:42,870 - INFO - 依据: 选择连接数（度数）最多的节点。
2025-12-19 17:48:42,872 - INFO - 选择的 Top M 节点及其度数:
2025-12-19 17:48:42,872 - INFO - 
2025-12-19 17:48:42,872 - INFO - 当前用时 0.00 秒
2025-12-19 17:48:42,872 - INFO - 将种子集 写入位置: /root/pythonspace/data-test/facebook/2025-12-19-master-updatediscardpro+AgainContinue+numsimu+updatesuccpro/seeds-with-facebook/powerlaw_degreeTopM_seedNum-100_SSRNum-160000.txt
2025-12-19 17:48:42,872 - INFO - 首次生成种子集 alpha_sort
2025-12-19 17:48:42,873 - INFO - 执行当前算法开始: alpha_sort
2025-12-19 17:48:42,926 - INFO - 4039 个节点的alpha值降序排序 done
2025-12-19 17:48:42,927 - INFO - ==============>> [(1046, 0.18686364410546907), (3766, 0.18260118297227934), (3335, 0.1809509295593998), (335, 0.17892685290443572), (1526, 0.17866320757653), (3834, 0.1781948289092491), (1603, 0.17713146249665998), (287, 0.17457918746481454), (582, 0.17196093112306718), (1319, 0.1718548758229069)]
2025-12-19 17:48:42,927 - INFO - 
选择的种子集 (按alpha排序): [1046, 3766, 3335, 335, 1526, 3834, 1603, 287, 582, 1319, 114, 4016, 1808, 1837, 2406, 1812, 3748, 3676, 692, 404, 1760, 215, 952, 3603, 2612, 4023, 1786, 18, 2754, 12, 1764, 3497, 397, 3987, 2575, 11, 4012, 2036, 3812, 3730, 1763, 4010, 3139, 3435, 74, 1946, 3978, 3342, 37, 3495, 3195, 2711, 3868, 631, 3059, 4025, 1750, 3943, 15, 1767, 3865, 605, 43, 210, 2021, 2029, 4035, 872, 209, 1776, 1696, 292, 3415, 1067, 662, 2037, 233, 183, 35, 748, 267, 153, 1820, 205, 4030, 4003, 1541, 812, 1562, 3710, 1895, 42, 1844, 3393, 145, 286, 719, 47, 4008, 316]

2025-12-19 17:48:42,927 - INFO - 当前用时 0.05 秒
2025-12-19 17:48:42,927 - INFO - 将种子集 写入位置: /root/pythonspace/data-test/facebook/2025-12-19-master-updatediscardpro+AgainContinue+numsimu+updatesuccpro/seeds-with-facebook/powerlaw_alpha_sort_seedNum-100_SSRNum-160000.txt
2025-12-19 17:48:42,928 - INFO - 首次生成种子集 importance_sort
2025-12-19 17:48:42,928 - INFO - 执行当前算法开始: importance_sort
2025-12-19 17:48:47,787 - INFO - 4039 个节点的Importance值降序排序 done
2025-12-19 17:48:47,788 - INFO - 
选择的种子集 (按Importance排序): [1046, 3766, 3335, 335, 1526, 3834, 1603, 287, 582, 1319, 114, 4016, 1808, 1837, 2406, 1812, 3748, 3676, 692, 404, 1760, 215, 952, 3603, 2612, 4023, 1786, 18, 2754, 12, 1764, 3497, 397, 3987, 2575, 11, 4012, 2036, 3812, 3730, 1763, 4010, 3139, 3435, 74, 1946, 3978, 3342, 37, 3495, 3195, 2711, 3868, 631, 3059, 4025, 1750, 3943, 15, 1767, 3865, 605, 43, 210, 2021, 2029, 4035, 872, 209, 1776, 1696, 292, 3415, 1067, 662, 2037, 233, 183, 35, 748, 267, 153, 1820, 205, 4030, 4003, 1541, 812, 1562, 3710, 1895, 42, 1844, 3393, 145, 286, 719, 47, 4008, 316]

2025-12-19 17:48:47,788 - INFO - 当前用时 4.86 秒
2025-12-19 17:48:47,789 - INFO - 将种子集 写入位置: /root/pythonspace/data-test/facebook/2025-12-19-master-updatediscardpro+AgainContinue+numsimu+updatesuccpro/seeds-with-facebook/powerlaw_importance_sort_seedNum-100_SSRNum-160000.txt
2025-12-19 17:48:47,789 - INFO - 首次生成种子集 ris_coverage
2025-12-19 17:48:47,789 - INFO - 执行当前算法开始: ris_coverage
2025-12-19 17:48:48,334 - INFO - 图初始化完成，节点数: 4039，CSR 矩阵准备就绪。
2025-12-19 17:48:48,337 - INFO - 
开始生成 160000 组 SSR (并行进程: 8)...
2025-12-19 17:50:31,188 - INFO - 生成完毕。耗时: 102.85 秒。
2025-12-19 17:50:31,189 - INFO - 
开始选择最优种子 (Optimized Greedy) ...
2025-12-19 17:50:37,113 - INFO -   - 券 1/100 选中节点 582, 新增覆盖 13
2025-12-19 17:50:37,120 - INFO -   - 券 2/100 选中节点 3059, 新增覆盖 13
2025-12-19 17:50:37,133 - INFO -   - 券 3/100 选中节点 114, 新增覆盖 20
2025-12-19 17:50:37,152 - INFO -   - 券 4/100 选中节点 2406, 新增覆盖 14
2025-12-19 17:50:37,181 - INFO -   - 券 5/100 选中节点 3766, 新增覆盖 13
2025-12-19 17:50:37,209 - INFO -   - 券 6/100 选中节点 4035, 新增覆盖 14
2025-12-19 17:50:37,239 - INFO -   - 券 7/100 选中节点 1526, 新增覆盖 18
2025-12-19 17:50:37,273 - INFO -   - 券 8/100 选中节点 3335, 新增覆盖 14
2025-12-19 17:50:37,309 - INFO -   - 券 9/100 选中节点 4010, 新增覆盖 16
2025-12-19 17:50:37,360 - INFO -   - 券 10/100 选中节点 1319, 新增覆盖 14
2025-12-19 17:50:37,411 - INFO -   - 券 11/100 选中节点 404, 新增覆盖 14
2025-12-19 17:50:37,468 - INFO -   - 券 12/100 选中节点 2754, 新增覆盖 12
2025-12-19 17:50:37,515 - INFO -   - 券 13/100 选中节点 4012, 新增覆盖 14
2025-12-19 17:50:37,577 - INFO -   - 券 14/100 选中节点 3868, 新增覆盖 15
2025-12-19 17:50:37,653 - INFO -   - 券 15/100 选中节点 3676, 新增覆盖 14
2025-12-19 17:50:37,716 - INFO -   - 券 16/100 选中节点 2029, 新增覆盖 16
2025-12-19 17:50:37,790 - INFO -   - 券 17/100 选中节点 3834, 新增覆盖 13
2025-12-19 17:50:37,879 - INFO -   - 券 18/100 选中节点 3603, 新增覆盖 16
2025-12-19 17:50:37,979 - INFO -   - 券 19/100 选中节点 1801, 新增覆盖 13
2025-12-19 17:50:38,059 - INFO -   - 券 20/100 选中节点 4003, 新增覆盖 14
2025-12-19 17:50:38,141 - INFO -   - 券 21/100 选中节点 287, 新增覆盖 13
2025-12-19 17:50:38,225 - INFO -   - 券 22/100 选中节点 1764, 新增覆盖 12
2025-12-19 17:50:38,310 - INFO -   - 券 23/100 选中节点 1760, 新增覆盖 11
2025-12-19 17:50:38,420 - INFO -   - 券 24/100 选中节点 4025, 新增覆盖 15
2025-12-19 17:50:38,507 - INFO -   - 券 25/100 选中节点 335, 新增覆盖 15
2025-12-19 17:50:38,625 - INFO -   - 券 26/100 选中节点 1808, 新增覆盖 16
2025-12-19 17:50:38,764 - INFO -   - 券 27/100 选中节点 3748, 新增覆盖 16
2025-12-19 17:50:38,890 - INFO -   - 券 28/100 选中节点 37, 新增覆盖 13
2025-12-19 17:50:39,052 - INFO -   - 券 29/100 选中节点 4016, 新增覆盖 14
2025-12-19 17:50:39,186 - INFO -   - 券 30/100 选中节点 3495, 新增覆盖 10
2025-12-19 17:50:39,321 - INFO -   - 券 31/100 选中节点 1812, 新增覆盖 13
2025-12-19 17:50:39,452 - INFO -   - 券 32/100 选中节点 2612, 新增覆盖 14
2025-12-19 17:50:39,582 - INFO -   - 券 33/100 选中节点 145, 新增覆盖 13
2025-12-19 17:50:39,688 - INFO -   - 券 34/100 选中节点 183, 新增覆盖 13
2025-12-19 17:50:39,826 - INFO -   - 券 35/100 选中节点 2037, 新增覆盖 13
2025-12-19 17:50:39,942 - INFO -   - 券 36/100 选中节点 3990, 新增覆盖 14
2025-12-19 17:50:40,077 - INFO -   - 券 37/100 选中节点 1541, 新增覆盖 11
2025-12-19 17:50:40,214 - INFO -   - 券 38/100 选中节点 293, 新增覆盖 13
2025-12-19 17:50:40,362 - INFO -   - 券 39/100 选中节点 1786, 新增覆盖 14
2025-12-19 17:50:40,509 - INFO -   - 券 40/100 选中节点 3497, 新增覆盖 16
2025-12-19 17:50:40,694 - INFO -   - 券 41/100 选中节点 74, 新增覆盖 14
2025-12-19 17:50:40,918 - INFO -   - 券 42/100 选中节点 3730, 新增覆盖 12
2025-12-19 17:50:41,086 - INFO -   - 券 43/100 选中节点 3195, 新增覆盖 14
2025-12-19 17:50:41,279 - INFO -   - 券 44/100 选中节点 4023, 新增覆盖 12
2025-12-19 17:50:41,427 - INFO -   - 券 45/100 选中节点 3987, 新增覆盖 10
2025-12-19 17:50:41,602 - INFO -   - 券 46/100 选中节点 1603, 新增覆盖 10
2025-12-19 17:50:41,768 - INFO -   - 券 47/100 选中节点 282, 新增覆盖 10
2025-12-19 17:50:41,934 - INFO -   - 券 48/100 选中节点 1067, 新增覆盖 10
2025-12-19 17:50:42,140 - INFO -   - 券 49/100 选中节点 12, 新增覆盖 13
2025-12-19 17:50:42,393 - INFO -   - 券 50/100 选中节点 3435, 新增覆盖 12
2025-12-19 17:50:42,701 - INFO -   - 券 51/100 选中节点 3393, 新增覆盖 12
2025-12-19 17:50:42,990 - INFO -   - 券 52/100 选中节点 3342, 新增覆盖 12
2025-12-19 17:50:43,156 - INFO -   - 券 53/100 选中节点 1767, 新增覆盖 11
2025-12-19 17:50:43,444 - INFO -   - 券 54/100 选中节点 3812, 新增覆盖 12
2025-12-19 17:50:43,653 - INFO -   - 券 55/100 选中节点 605, 新增覆盖 10
2025-12-19 17:50:43,862 - INFO -   - 券 56/100 选中节点 215, 新增覆盖 17
2025-12-19 17:50:44,109 - INFO -   - 券 57/100 选中节点 719, 新增覆盖 13
2025-12-19 17:50:44,301 - INFO -   - 券 58/100 选中节点 2575, 新增覆盖 12
2025-12-19 17:50:44,491 - INFO -   - 券 59/100 选中节点 11, 新增覆盖 12
2025-12-19 17:50:44,713 - INFO -   - 券 60/100 选中节点 286, 新增覆盖 8
2025-12-19 17:50:44,942 - INFO -   - 券 61/100 选中节点 1763, 新增覆盖 11
2025-12-19 17:50:45,126 - INFO -   - 券 62/100 选中节点 551, 新增覆盖 9
2025-12-19 17:50:45,429 - INFO -   - 券 63/100 选中节点 3978, 新增覆盖 13
2025-12-19 17:50:45,620 - INFO -   - 券 64/100 选中节点 4030, 新增覆盖 14
2025-12-19 17:50:45,894 - INFO -   - 券 65/100 选中节点 3993, 新增覆盖 11
2025-12-19 17:50:46,197 - INFO -   - 券 66/100 选中节点 397, 新增覆盖 14
2025-12-19 17:50:46,528 - INFO -   - 券 67/100 选中节点 4029, 新增覆盖 10
2025-12-19 17:50:46,771 - INFO -   - 券 68/100 选中节点 3994, 新增覆盖 10
2025-12-19 17:50:46,976 - INFO -   - 券 69/100 选中节点 3139, 新增覆盖 12
2025-12-19 17:50:47,253 - INFO -   - 券 70/100 选中节点 138, 新增覆盖 11
2025-12-19 17:50:47,521 - INFO -   - 券 71/100 选中节点 42, 新增覆盖 13
2025-12-19 17:50:47,856 - INFO -   - 券 72/100 选中节点 2711, 新增覆盖 11
2025-12-19 17:50:48,143 - INFO -   - 券 73/100 选中节点 1837, 新增覆盖 12
2025-12-19 17:50:48,442 - INFO -   - 券 74/100 选中节点 692, 新增覆盖 14
2025-12-19 17:50:48,665 - INFO -   - 券 75/100 选中节点 209, 新增覆盖 11
2025-12-19 17:50:48,911 - INFO -   - 券 76/100 选中节点 872, 新增覆盖 10
2025-12-19 17:50:49,105 - INFO -   - 券 77/100 选中节点 2036, 新增覆盖 10
2025-12-19 17:50:49,370 - INFO -   - 券 78/100 选中节点 233, 新增覆盖 11
2025-12-19 17:50:49,578 - INFO -   - 券 79/100 选中节点 292, 新增覆盖 11
2025-12-19 17:50:49,820 - INFO -   - 券 80/100 选中节点 18, 新增覆盖 10
2025-12-19 17:50:50,128 - INFO -   - 券 81/100 选中节点 33, 新增覆盖 14
2025-12-19 17:50:50,334 - INFO -   - 券 82/100 选中节点 4033, 新增覆盖 8
2025-12-19 17:50:50,754 - INFO -   - 券 83/100 选中节点 47, 新增覆盖 13
2025-12-19 17:50:51,063 - INFO -   - 券 84/100 选中节点 4032, 新增覆盖 9
2025-12-19 17:50:51,393 - INFO -   - 券 85/100 选中节点 710, 新增覆盖 11
2025-12-19 17:50:51,686 - INFO -   - 券 86/100 选中节点 1046, 新增覆盖 9
2025-12-19 17:50:52,004 - INFO -   - 券 87/100 选中节点 35, 新增覆盖 12
2025-12-19 17:50:52,303 - INFO -   - 券 88/100 选中节点 15, 新增覆盖 10
2025-12-19 17:50:52,626 - INFO -   - 券 89/100 选中节点 4013, 新增覆盖 10
2025-12-19 17:50:52,953 - INFO -   - 券 90/100 选中节点 2021, 新增覆盖 11
2025-12-19 17:50:53,339 - INFO -   - 券 91/100 选中节点 1175, 新增覆盖 10
2025-12-19 17:50:53,685 - INFO -   - 券 92/100 选中节点 256, 新增覆盖 12
2025-12-19 17:50:54,012 - INFO -   - 券 93/100 选中节点 43, 新增覆盖 10
2025-12-19 17:50:54,353 - INFO -   - 券 94/100 选中节点 4007, 新增覆盖 9
2025-12-19 17:50:54,753 - INFO -   - 券 95/100 选中节点 90, 新增覆盖 12
2025-12-19 17:50:55,072 - INFO -   - 券 96/100 选中节点 3894, 新增覆盖 10
2025-12-19 17:50:55,485 - INFO -   - 券 97/100 选中节点 4034, 新增覆盖 10
2025-12-19 17:50:55,907 - INFO -   - 券 98/100 选中节点 2580, 新增覆盖 12
2025-12-19 17:50:56,228 - INFO -   - 券 99/100 选中节点 1946, 新增覆盖 9
2025-12-19 17:50:56,645 - INFO -   - 券 100/100 选中节点 1506, 新增覆盖 10
2025-12-19 17:50:56,645 - INFO - 选种完毕。耗时: 25.46 秒。
2025-12-19 17:50:56,776 - INFO - 最终选择的种子集: [582, 3059, 114, 2406, 3766, 4035, 1526, 3335, 4010, 1319, 404, 2754, 4012, 3868, 3676, 2029, 3834, 3603, 1801, 4003, 287, 1764, 1760, 4025, 335, 1808, 3748, 37, 4016, 3495, 1812, 2612, 145, 183, 2037, 3990, 1541, 293, 1786, 3497, 74, 3730, 3195, 4023, 3987, 1603, 282, 1067, 12, 3435, 3393, 3342, 1767, 3812, 605, 215, 719, 2575, 11, 286, 1763, 551, 3978, 4030, 3993, 397, 4029, 3994, 3139, 138, 42, 2711, 1837, 692, 209, 872, 2036, 233, 292, 18, 33, 4033, 47, 4032, 710, 1046, 35, 15, 4013, 2021, 1175, 256, 43, 4007, 90, 3894, 4034, 2580, 1946, 1506]

2025-12-19 17:51:02,021 - INFO - 当前用时 134.23 秒
2025-12-19 17:51:02,022 - INFO - 将种子集 写入位置: /root/pythonspace/data-test/facebook/2025-12-19-master-updatediscardpro+AgainContinue+numsimu+updatesuccpro/seeds-with-facebook/powerlaw_ris_coverage_seedNum-100_SSRNum-160000.txt
2025-12-19 17:51:02,027 - INFO - 评估种子集: None
2025-12-19 17:51:02,028 - INFO - 多进程评估开始，共有 5 个方法待评估...
2025-12-19 17:51:02,028 - INFO - 启动进程池，Worker数量: 5
2025-12-19 17:51:03,294 - INFO - [Process 47473] 开始评估方法: random, 种子数: 100
2025-12-19 17:51:04,348 - INFO - [Process 47474] 开始评估方法: degreeTopM, 种子数: 100
2025-12-19 17:51:05,788 - INFO - [Process 47475] 开始评估方法: alpha_sort, 种子数: 100
2025-12-19 17:51:07,212 - INFO - [Process 47476] 开始评估方法: importance_sort, 种子数: 100
2025-12-19 17:51:08,338 - INFO - [Process 47477] 开始评估方法: ris_coverage, 种子数: 100
2025-12-19 17:52:38,500 - INFO - [Process 47476] importance_sort - 300 sims 完成: E=18.22
2025-12-19 17:52:41,993 - INFO - [Process 47477] ris_coverage - 300 sims 完成: E=17.92
2025-12-19 17:52:52,489 - INFO - [Process 47475] alpha_sort - 300 sims 完成: E=18.22
2025-12-19 17:54:15,360 - INFO - [Process 47473] random - 300 sims 完成: E=5.98
2025-12-19 17:57:10,665 - INFO - [Process 47474] degreeTopM - 300 sims 完成: E=2.96
2025-12-19 17:57:10,763 - INFO - 所有进程执行完毕，开始写入数据...
2025-12-19 17:57:10,774 - INFO - 成功写入 5 条记录至 /root/pythonspace/data-test/facebook/2025-12-19-master-updatediscardpro+AgainContinue+numsimu+updatesuccpro/E-activated-facebook/distribution-powerlaw/tsd_1.5--0.5-0.5/single_sim_func-AgainContinue/simuTimes-300_monteCarloL-10_single_sim_func-AgainContinue_rrNumSamples-160000.csv
2025-12-19 17:57:10,774 - INFO - 保存评估文件至: /root/pythonspace/data-test/facebook/2025-12-19-master-updatediscardpro+AgainContinue+numsimu+updatesuccpro/E-activated-facebook/distribution-powerlaw/tsd_1.5--0.5-0.5/single_sim_func-AgainContinue/simuTimes-300_monteCarloL-10_single_sim_func-AgainContinue_rrNumSamples-160000.csv
2025-12-19 17:57:10,798 - INFO - 加载数据集: facebook
2025-12-19 17:57:10,801 - INFO - 首次生成度相关概率分布 分布类型: 'powerlaw'.
2025-12-19 17:57:10,805 - INFO - ===> Generating 'Power-law Degree-Aware' distributions...
2025-12-19 17:57:10,807 - INFO - 保存概率分布 文件位置: /root/pythonspace/data-test/facebook/2025-12-19-master-updatediscardpro+AgainContinue+numsimu+updatesuccpro/distribution-in-facebook/distribution-powerlaw_seedNum-110.pkl
2025-12-19 17:57:10,908 - INFO - 首次生成种子集 random
2025-12-19 17:57:10,912 - INFO - 执行当前算法开始: random
2025-12-19 17:57:10,912 - INFO - 数据集节点总数:  n = 4039, m = 110
2025-12-19 17:57:10,912 - INFO - 选择 110  [1837, 1613, 2301, 1247, 3252, 241, 3717, 202, 2642, 3577, 1854, 2777, 3454, 1684, 2796, 1585, 774, 2770, 3496, 3795, 3270, 3037, 850, 2668, 3592, 1142, 3055, 438, 2828, 3519, 955, 124, 229, 3072, 2276, 1869, 673, 207, 1798, 2286, 1591, 162, 2901, 1372, 2254, 1220, 3561, 2403, 1376, 994, 670, 3541, 1616, 1188, 1423, 188, 1746, 3080, 3440, 4002, 662, 1620, 1368, 3280, 505, 2303, 2768, 2573, 3345, 2460, 29, 583, 791, 3744, 2498, 2230, 841, 1515, 2171, 1572, 3413, 1303, 1469, 3904, 1290, 530, 2381, 3269, 2121, 1600, 1461, 385, 2600, 686, 1192, 186, 2350, 3373, 374, 937, 3882, 2420, 2816, 3929, 1138, 74, 3275, 4007, 3000, 690]

2025-12-19 17:57:10,912 - INFO - 当前用时 0.00 秒
2025-12-19 17:57:10,913 - INFO - 将种子集 写入位置: /root/pythonspace/data-test/facebook/2025-12-19-master-updatediscardpro+AgainContinue+numsimu+updatesuccpro/seeds-with-facebook/powerlaw_random_seedNum-110_SSRNum-160000.txt
2025-12-19 17:57:10,913 - INFO - 首次生成种子集 degreeTopM
2025-12-19 17:57:10,913 - INFO - 执行当前算法开始: degreeTopM
2025-12-19 17:57:10,913 - INFO - 依据: 选择连接数（度数）最多的节点。
2025-12-19 17:57:10,914 - INFO - 选择的 Top M 节点及其度数:
2025-12-19 17:57:10,914 - INFO - 
2025-12-19 17:57:10,915 - INFO - 当前用时 0.00 秒
2025-12-19 17:57:10,915 - INFO - 将种子集 写入位置: /root/pythonspace/data-test/facebook/2025-12-19-master-updatediscardpro+AgainContinue+numsimu+updatesuccpro/seeds-with-facebook/powerlaw_degreeTopM_seedNum-110_SSRNum-160000.txt
2025-12-19 17:57:10,915 - INFO - 首次生成种子集 alpha_sort
2025-12-19 17:57:10,915 - INFO - 执行当前算法开始: alpha_sort
2025-12-19 17:57:10,922 - INFO - 4039 个节点的alpha值降序排序 done
2025-12-19 17:57:10,922 - INFO - ==============>> [(4010, 0.1900603322837748), (1760, 0.18731170743796846), (1808, 0.18009851834939014), (11, 0.1755834372027466), (3676, 0.1734024751896904), (631, 0.17239089043770808), (3748, 0.17132500958102506), (3435, 0.17059476290114203), (2029, 0.17014603046105414), (3834, 0.1699822990794856)]
2025-12-19 17:57:10,922 - INFO - 
选择的种子集 (按alpha排序): [4010, 1760, 1808, 11, 3676, 631, 3748, 3435, 2029, 3834, 692, 1046, 3195, 2711, 1764, 3059, 1946, 2021, 2575, 3139, 3730, 209, 2612, 3812, 3603, 3342, 1837, 2754, 335, 215, 1767, 952, 43, 397, 1786, 1763, 3865, 18, 1319, 605, 2037, 3868, 1067, 114, 3497, 1526, 15, 292, 1750, 3978, 2406, 3766, 872, 12, 4016, 582, 404, 1776, 4025, 1696, 1812, 3495, 74, 3943, 2036, 4035, 3415, 4012, 37, 3987, 4023, 3335, 1603, 210, 287, 3965, 33, 233, 138, 1543, 756, 2661, 1623, 3764, 70, 2006, 267, 1175, 881, 3821, 1599, 4036, 316, 3620, 4032, 1506, 153, 154, 255, 3990, 3930, 4029, 1793, 35, 1889, 1507, 244, 2005, 256, 4034]

2025-12-19 17:57:10,922 - INFO - 当前用时 0.01 秒
2025-12-19 17:57:10,923 - INFO - 将种子集 写入位置: /root/pythonspace/data-test/facebook/2025-12-19-master-updatediscardpro+AgainContinue+numsimu+updatesuccpro/seeds-with-facebook/powerlaw_alpha_sort_seedNum-110_SSRNum-160000.txt
2025-12-19 17:57:10,923 - INFO - 首次生成种子集 importance_sort
2025-12-19 17:57:10,923 - INFO - 执行当前算法开始: importance_sort
2025-12-19 17:57:17,657 - INFO - 4039 个节点的Importance值降序排序 done
2025-12-19 17:57:17,661 - INFO - 
选择的种子集 (按Importance排序): [4010, 1760, 1808, 11, 3676, 631, 3748, 3435, 2029, 3834, 692, 1046, 3195, 2711, 1764, 3059, 1946, 2021, 2575, 3139, 3730, 209, 2612, 3812, 3603, 3342, 1837, 2754, 335, 215, 1767, 952, 43, 397, 1786, 1763, 3865, 18, 1319, 605, 2037, 3868, 1067, 114, 3497, 1526, 15, 292, 1750, 3978, 2406, 3766, 872, 12, 4016, 582, 404, 1776, 4025, 1696, 1812, 3495, 74, 3943, 2036, 4035, 3415, 4012, 37, 3987, 4023, 3335, 1603, 210, 287, 3965, 33, 233, 138, 1543, 756, 2661, 1623, 3764, 70, 2006, 267, 1175, 881, 3821, 1599, 4036, 316, 3620, 4032, 1506, 153, 154, 255, 3990, 3930, 4029, 1793, 35, 1889, 1507, 244, 2005, 256, 4034]

2025-12-19 17:57:17,661 - INFO - 当前用时 6.74 秒
2025-12-19 17:57:17,662 - INFO - 将种子集 写入位置: /root/pythonspace/data-test/facebook/2025-12-19-master-updatediscardpro+AgainContinue+numsimu+updatesuccpro/seeds-with-facebook/powerlaw_importance_sort_seedNum-110_SSRNum-160000.txt
2025-12-19 17:57:17,662 - INFO - 首次生成种子集 ris_coverage
2025-12-19 17:57:17,662 - INFO - 执行当前算法开始: ris_coverage
2025-12-19 17:57:18,145 - INFO - 图初始化完成，节点数: 4039，CSR 矩阵准备就绪。
2025-12-19 17:57:18,149 - INFO - 
开始生成 160000 组 SSR (并行进程: 8)...
2025-12-19 17:58:42,957 - INFO - 生成完毕。耗时: 84.81 秒。
2025-12-19 17:58:42,959 - INFO - 
开始选择最优种子 (Optimized Greedy) ...
2025-12-19 17:58:48,221 - INFO -   - 券 1/110 选中节点 4010, 新增覆盖 14
2025-12-19 17:58:48,229 - INFO -   - 券 2/110 选中节点 1786, 新增覆盖 15
2025-12-19 17:58:48,244 - INFO -   - 券 3/110 选中节点 292, 新增覆盖 12
2025-12-19 17:58:48,262 - INFO -   - 券 4/110 选中节点 631, 新增覆盖 14
2025-12-19 17:58:48,309 - INFO -   - 券 5/110 选中节点 4012, 新增覆盖 13
2025-12-19 17:58:48,329 - INFO -   - 券 6/110 选中节点 605, 新增覆盖 13
2025-12-19 17:58:48,363 - INFO -   - 券 7/110 选中节点 3059, 新增覆盖 14
2025-12-19 17:58:48,402 - INFO -   - 券 8/110 选中节点 3676, 新增覆盖 17
2025-12-19 17:58:48,443 - INFO -   - 券 9/110 选中节点 11, 新增覆盖 12
2025-12-19 17:58:48,476 - INFO -   - 券 10/110 选中节点 3865, 新增覆盖 11
2025-12-19 17:58:48,529 - INFO -   - 券 11/110 选中节点 1319, 新增覆盖 13
2025-12-19 17:58:48,594 - INFO -   - 券 12/110 选中节点 872, 新增覆盖 15
2025-12-19 17:58:48,658 - INFO -   - 券 13/110 选中节点 1946, 新增覆盖 12
2025-12-19 17:58:48,720 - INFO -   - 券 14/110 选中节点 37, 新增覆盖 15
2025-12-19 17:58:48,796 - INFO -   - 券 15/110 选中节点 12, 新增覆盖 13
2025-12-19 17:58:48,863 - INFO -   - 券 16/110 选中节点 3834, 新增覆盖 13
2025-12-19 17:58:48,944 - INFO -   - 券 17/110 选中节点 4016, 新增覆盖 13
2025-12-19 17:58:49,027 - INFO -   - 券 18/110 选中节点 3748, 新增覆盖 16
2025-12-19 17:58:49,115 - INFO -   - 券 19/110 选中节点 692, 新增覆盖 13
2025-12-19 17:58:49,205 - INFO -   - 券 20/110 选中节点 2575, 新增覆盖 12
2025-12-19 17:58:49,303 - INFO -   - 券 21/110 选中节点 3766, 新增覆盖 11
2025-12-19 17:58:49,386 - INFO -   - 券 22/110 选中节点 4023, 新增覆盖 13
2025-12-19 17:58:49,506 - INFO -   - 券 23/110 选中节点 1763, 新增覆盖 12
2025-12-19 17:58:49,615 - INFO -   - 券 24/110 选中节点 2037, 新增覆盖 12
2025-12-19 17:58:49,753 - INFO -   - 券 25/110 选中节点 3986, 新增覆盖 16
2025-12-19 17:58:49,849 - INFO -   - 券 26/110 选中节点 210, 新增覆盖 12
2025-12-19 17:58:49,944 - INFO -   - 券 27/110 选中节点 233, 新增覆盖 12
2025-12-19 17:58:50,107 - INFO -   - 券 28/110 选中节点 1760, 新增覆盖 14
2025-12-19 17:58:50,224 - INFO -   - 券 29/110 选中节点 3497, 新增覆盖 11
2025-12-19 17:58:50,373 - INFO -   - 券 30/110 选中节点 1776, 新增覆盖 11
2025-12-19 17:58:50,526 - INFO -   - 券 31/110 选中节点 209, 新增覆盖 11
2025-12-19 17:58:50,746 - INFO -   - 券 32/110 选中节点 3930, 新增覆盖 12
2025-12-19 17:58:51,099 - INFO -   - 券 33/110 选中节点 90, 新增覆盖 11
2025-12-19 17:58:51,246 - INFO -   - 券 34/110 选中节点 43, 新增覆盖 12
2025-12-19 17:58:51,410 - INFO -   - 券 35/110 选中节点 4035, 新增覆盖 13
2025-12-19 17:58:51,532 - INFO -   - 券 36/110 选中节点 2612, 新增覆盖 12
2025-12-19 17:58:51,683 - INFO -   - 券 37/110 选中节点 4025, 新增覆盖 12
2025-12-19 17:58:51,832 - INFO -   - 券 38/110 选中节点 397, 新增覆盖 14
2025-12-19 17:58:51,983 - INFO -   - 券 39/110 选中节点 33, 新增覆盖 12
2025-12-19 17:58:52,138 - INFO -   - 券 40/110 选中节点 3943, 新增覆盖 12
2025-12-19 17:58:52,327 - INFO -   - 券 41/110 选中节点 70, 新增覆盖 11
2025-12-19 17:58:52,510 - INFO -   - 券 42/110 选中节点 3730, 新增覆盖 11
2025-12-19 17:58:52,723 - INFO -   - 券 43/110 选中节点 3868, 新增覆盖 13
2025-12-19 17:58:52,881 - INFO -   - 券 44/110 选中节点 15, 新增覆盖 11
2025-12-19 17:58:53,022 - INFO -   - 券 45/110 选中节点 2754, 新增覆盖 13
2025-12-19 17:58:53,192 - INFO -   - 券 46/110 选中节点 335, 新增覆盖 12
2025-12-19 17:58:53,386 - INFO -   - 券 47/110 选中节点 1812, 新增覆盖 13
2025-12-19 17:58:53,554 - INFO -   - 券 48/110 选中节点 256, 新增覆盖 15
2025-12-19 17:58:53,758 - INFO -   - 券 49/110 选中节点 2021, 新增覆盖 10
2025-12-19 17:58:53,913 - INFO -   - 券 50/110 选中节点 3812, 新增覆盖 14
2025-12-19 17:58:54,103 - INFO -   - 券 51/110 选中节点 1837, 新增覆盖 12
2025-12-19 17:58:54,278 - INFO -   - 券 52/110 选中节点 76, 新增覆盖 8
2025-12-19 17:58:54,533 - INFO -   - 券 53/110 选中节点 532, 新增覆盖 11
2025-12-19 17:58:54,708 - INFO -   - 券 54/110 选中节点 3990, 新增覆盖 10
2025-12-19 17:58:54,913 - INFO -   - 券 55/110 选中节点 3495, 新增覆盖 14
2025-12-19 17:58:55,091 - INFO -   - 券 56/110 选中节点 1113, 新增覆盖 10
2025-12-19 17:58:55,320 - INFO -   - 券 57/110 选中节点 3603, 新增覆盖 10
2025-12-19 17:58:55,571 - INFO -   - 券 58/110 选中节点 3435, 新增覆盖 11
2025-12-19 17:58:55,798 - INFO -   - 券 59/110 选中节点 2029, 新增覆盖 11
2025-12-19 17:58:56,051 - INFO -   - 券 60/110 选中节点 517, 新增覆盖 11
2025-12-19 17:58:56,326 - INFO -   - 券 61/110 选中节点 4030, 新增覆盖 9
2025-12-19 17:58:56,511 - INFO -   - 券 62/110 选中节点 71, 新增覆盖 13
2025-12-19 17:58:56,671 - INFO -   - 券 63/110 选中节点 4029, 新增覆盖 15
2025-12-19 17:58:56,969 - INFO -   - 券 64/110 选中节点 1696, 新增覆盖 12
2025-12-19 17:58:57,153 - INFO -   - 券 65/110 选中节点 1526, 新增覆盖 11
2025-12-19 17:58:57,399 - INFO -   - 券 66/110 选中节点 114, 新增覆盖 11
2025-12-19 17:58:57,682 - INFO -   - 券 67/110 选中节点 1046, 新增覆盖 11
2025-12-19 17:58:57,961 - INFO -   - 券 68/110 选中节点 1067, 新增覆盖 14
2025-12-19 17:58:58,230 - INFO -   - 券 69/110 选中节点 3195, 新增覆盖 10
2025-12-19 17:58:58,524 - INFO -   - 券 70/110 选中节点 4032, 新增覆盖 13
2025-12-19 17:58:58,795 - INFO -   - 券 71/110 选中节点 42, 新增覆盖 10
2025-12-19 17:58:59,056 - INFO -   - 券 72/110 选中节点 2406, 新增覆盖 11
2025-12-19 17:58:59,341 - INFO -   - 券 73/110 选中节点 4003, 新增覆盖 11
2025-12-19 17:58:59,636 - INFO -   - 券 74/110 选中节点 74, 新增覆盖 15
2025-12-19 17:58:59,903 - INFO -   - 券 75/110 选中节点 2553, 新增覆盖 11
2025-12-19 17:59:00,232 - INFO -   - 券 76/110 选中节点 952, 新增覆盖 10
2025-12-19 17:59:00,416 - INFO -   - 券 77/110 选中节点 3987, 新增覆盖 11
2025-12-19 17:59:00,609 - INFO -   - 券 78/110 选中节点 154, 新增覆盖 9
2025-12-19 17:59:00,940 - INFO -   - 券 79/110 选中节点 215, 新增覆盖 14
2025-12-19 17:59:01,330 - INFO -   - 券 80/110 选中节点 513, 新增覆盖 9
2025-12-19 17:59:01,640 - INFO -   - 券 81/110 选中节点 3415, 新增覆盖 10
2025-12-19 17:59:01,957 - INFO -   - 券 82/110 选中节点 1603, 新增覆盖 10
2025-12-19 17:59:02,294 - INFO -   - 券 83/110 选中节点 3978, 新增覆盖 11
2025-12-19 17:59:02,611 - INFO -   - 券 84/110 选中节点 1764, 新增覆盖 10
2025-12-19 17:59:02,926 - INFO -   - 券 85/110 选中节点 3764, 新增覆盖 9
2025-12-19 17:59:03,276 - INFO -   - 券 86/110 选中节点 3720, 新增覆盖 9
2025-12-19 17:59:03,573 - INFO -   - 券 87/110 选中节点 4034, 新增覆盖 10
2025-12-19 17:59:03,879 - INFO -   - 券 88/110 选中节点 4008, 新增覆盖 14
2025-12-19 17:59:04,179 - INFO -   - 券 89/110 选中节点 3383, 新增覆盖 10
2025-12-19 17:59:04,448 - INFO -   - 券 90/110 选中节点 244, 新增覆盖 10
2025-12-19 17:59:04,785 - INFO -   - 券 91/110 选中节点 35, 新增覆盖 11
2025-12-19 17:59:05,131 - INFO -   - 券 92/110 选中节点 3342, 新增覆盖 10
2025-12-19 17:59:05,511 - INFO -   - 券 93/110 选中节点 1541, 新增覆盖 9
2025-12-19 17:59:05,863 - INFO -   - 券 94/110 选中节点 253, 新增覆盖 10
2025-12-19 17:59:06,137 - INFO -   - 券 95/110 选中节点 205, 新增覆盖 8
2025-12-19 17:59:06,479 - INFO -   - 券 96/110 选中节点 3993, 新增覆盖 9
2025-12-19 17:59:06,898 - INFO -   - 券 97/110 选中节点 1808, 新增覆盖 10
2025-12-19 17:59:07,219 - INFO -   - 券 98/110 选中节点 267, 新增覆盖 10
2025-12-19 17:59:07,596 - INFO -   - 券 99/110 选中节点 4036, 新增覆盖 11
2025-12-19 17:59:07,845 - INFO -   - 券 100/110 选中节点 404, 新增覆盖 9
2025-12-19 17:59:08,212 - INFO -   - 券 101/110 选中节点 3434, 新增覆盖 12
2025-12-19 17:59:08,584 - INFO -   - 券 102/110 选中节点 52, 新增覆盖 13
2025-12-19 17:59:08,827 - INFO -   - 券 103/110 选中节点 3888, 新增覆盖 9
2025-12-19 17:59:09,213 - INFO -   - 券 104/110 选中节点 880, 新增覆盖 10
2025-12-19 17:59:09,604 - INFO -   - 券 105/110 选中节点 1562, 新增覆盖 9
2025-12-19 17:59:10,017 - INFO -   - 券 106/110 选中节点 1599, 新增覆盖 11
2025-12-19 17:59:10,426 - INFO -   - 券 107/110 选中节点 582, 新增覆盖 9
2025-12-19 17:59:10,823 - INFO -   - 券 108/110 选中节点 2580, 新增覆盖 9
2025-12-19 17:59:11,144 - INFO -   - 券 109/110 选中节点 18, 新增覆盖 9
2025-12-19 17:59:11,613 - INFO -   - 券 110/110 选中节点 812, 新增覆盖 9
2025-12-19 17:59:11,617 - INFO - 选种完毕。耗时: 28.66 秒。
2025-12-19 17:59:11,716 - INFO - 最终选择的种子集: [4010, 1786, 292, 631, 4012, 605, 3059, 3676, 11, 3865, 1319, 872, 1946, 37, 12, 3834, 4016, 3748, 692, 2575, 3766, 4023, 1763, 2037, 3986, 210, 233, 1760, 3497, 1776, 209, 3930, 90, 43, 4035, 2612, 4025, 397, 33, 3943, 70, 3730, 3868, 15, 2754, 335, 1812, 256, 2021, 3812, 1837, 76, 532, 3990, 3495, 1113, 3603, 3435, 2029, 517, 4030, 71, 4029, 1696, 1526, 114, 1046, 1067, 3195, 4032, 42, 2406, 4003, 74, 2553, 952, 3987, 154, 215, 513, 3415, 1603, 3978, 1764, 3764, 3720, 4034, 4008, 3383, 244, 35, 3342, 1541, 253, 205, 3993, 1808, 267, 4036, 404, 3434, 52, 3888, 880, 1562, 1599, 582, 2580, 18, 812]

2025-12-19 17:59:15,791 - INFO - 当前用时 118.13 秒
2025-12-19 17:59:15,792 - INFO - 将种子集 写入位置: /root/pythonspace/data-test/facebook/2025-12-19-master-updatediscardpro+AgainContinue+numsimu+updatesuccpro/seeds-with-facebook/powerlaw_ris_coverage_seedNum-110_SSRNum-160000.txt
2025-12-19 17:59:15,793 - INFO - 评估种子集: None
2025-12-19 17:59:15,793 - INFO - 多进程评估开始，共有 5 个方法待评估...
2025-12-19 17:59:15,793 - INFO - 启动进程池，Worker数量: 5
2025-12-19 17:59:17,233 - INFO - [Process 49371] 开始评估方法: random, 种子数: 110
2025-12-19 17:59:18,126 - INFO - [Process 49372] 开始评估方法: degreeTopM, 种子数: 110
2025-12-19 17:59:19,114 - INFO - [Process 49373] 开始评估方法: alpha_sort, 种子数: 110
2025-12-19 17:59:20,138 - INFO - [Process 49374] 开始评估方法: importance_sort, 种子数: 110
2025-12-19 17:59:20,961 - INFO - [Process 49375] 开始评估方法: ris_coverage, 种子数: 110
2025-12-19 18:00:49,997 - INFO - [Process 49374] importance_sort - 300 sims 完成: E=19.39
2025-12-19 18:00:50,411 - INFO - [Process 49375] ris_coverage - 300 sims 完成: E=19.12
2025-12-19 18:00:55,934 - INFO - [Process 49373] alpha_sort - 300 sims 完成: E=19.39
2025-12-19 18:02:24,301 - INFO - [Process 49371] random - 300 sims 完成: E=6.56
2025-12-19 18:05:04,976 - INFO - [Process 49372] degreeTopM - 300 sims 完成: E=3.48
2025-12-19 18:05:05,082 - INFO - 所有进程执行完毕，开始写入数据...
2025-12-19 18:05:05,111 - INFO - 成功写入 5 条记录至 /root/pythonspace/data-test/facebook/2025-12-19-master-updatediscardpro+AgainContinue+numsimu+updatesuccpro/E-activated-facebook/distribution-powerlaw/tsd_1.5--0.5-0.5/single_sim_func-AgainContinue/simuTimes-300_monteCarloL-10_single_sim_func-AgainContinue_rrNumSamples-160000.csv
2025-12-19 18:05:05,112 - INFO - 保存评估文件至: /root/pythonspace/data-test/facebook/2025-12-19-master-updatediscardpro+AgainContinue+numsimu+updatesuccpro/E-activated-facebook/distribution-powerlaw/tsd_1.5--0.5-0.5/single_sim_func-AgainContinue/simuTimes-300_monteCarloL-10_single_sim_func-AgainContinue_rrNumSamples-160000.csv
2025-12-19 18:05:05,177 - INFO - 加载数据集: facebook
2025-12-19 18:05:05,182 - INFO - 首次生成度相关概率分布 分布类型: 'powerlaw'.
2025-12-19 18:05:05,182 - INFO - ===> Generating 'Power-law Degree-Aware' distributions...
2025-12-19 18:05:05,184 - INFO - 保存概率分布 文件位置: /root/pythonspace/data-test/facebook/2025-12-19-master-updatediscardpro+AgainContinue+numsimu+updatesuccpro/distribution-in-facebook/distribution-powerlaw_seedNum-120.pkl
2025-12-19 18:05:05,258 - INFO - 首次生成种子集 random
2025-12-19 18:05:05,263 - INFO - 执行当前算法开始: random
2025-12-19 18:05:05,263 - INFO - 数据集节点总数:  n = 4039, m = 120
2025-12-19 18:05:05,263 - INFO - 选择 120  [1227, 3439, 716, 1149, 2024, 1093, 1598, 2431, 1379, 70, 1259, 3470, 3552, 1490, 1828, 2791, 4025, 1254, 1881, 2042, 2088, 1027, 2160, 3408, 2986, 1823, 3510, 2079, 2165, 1787, 348, 1614, 1286, 1914, 2313, 3418, 1001, 173, 1785, 1128, 877, 3143, 3686, 1387, 3838, 813, 1483, 2907, 2783, 2981, 482, 191, 1729, 3227, 403, 2625, 1510, 2556, 757, 1902, 3554, 3845, 3319, 251, 1162, 595, 3985, 1749, 3360, 248, 443, 2192, 523, 3945, 2248, 1, 2436, 992, 1450, 916, 1972, 533, 204, 743, 590, 3115, 1186, 2378, 1685, 1846, 2130, 168, 1619, 3165, 3316, 1577, 1979, 2145, 2801, 2758, 3748, 2977, 638, 3768, 648, 600, 2176, 3272, 425, 974, 2601, 762, 3801, 3609, 1552, 2777, 3923, 3103, 2247, 546]

2025-12-19 18:05:05,263 - INFO - 当前用时 0.00 秒
2025-12-19 18:05:05,263 - INFO - 将种子集 写入位置: /root/pythonspace/data-test/facebook/2025-12-19-master-updatediscardpro+AgainContinue+numsimu+updatesuccpro/seeds-with-facebook/powerlaw_random_seedNum-120_SSRNum-160000.txt
2025-12-19 18:05:05,264 - INFO - 首次生成种子集 degreeTopM
2025-12-19 18:05:05,264 - INFO - 执行当前算法开始: degreeTopM
2025-12-19 18:05:05,264 - INFO - 依据: 选择连接数（度数）最多的节点。
2025-12-19 18:05:05,265 - INFO - 选择的 Top M 节点及其度数:
2025-12-19 18:05:05,265 - INFO - 
2025-12-19 18:05:05,266 - INFO - 当前用时 0.00 秒
2025-12-19 18:05:05,266 - INFO - 将种子集 写入位置: /root/pythonspace/data-test/facebook/2025-12-19-master-updatediscardpro+AgainContinue+numsimu+updatesuccpro/seeds-with-facebook/powerlaw_degreeTopM_seedNum-120_SSRNum-160000.txt
2025-12-19 18:05:05,266 - INFO - 首次生成种子集 alpha_sort
2025-12-19 18:05:05,266 - INFO - 执行当前算法开始: alpha_sort
2025-12-19 18:05:05,269 - INFO - 4039 个节点的alpha值降序排序 done
2025-12-19 18:05:05,269 - INFO - ==============>> [(605, 0.1815492593765443), (3415, 0.17985102693775218), (292, 0.1795437637445706), (3865, 0.17873396414340062), (3497, 0.17766185846862337), (18, 0.17649795466380888), (872, 0.17604421538691478), (2021, 0.1750964844439359), (3195, 0.17369963331379687), (3834, 0.17047199533645027)]
2025-12-19 18:05:05,269 - INFO - 
选择的种子集 (按alpha排序): [605, 3415, 292, 3865, 3497, 18, 872, 2021, 3195, 3834, 1763, 692, 1319, 631, 4023, 2029, 3342, 210, 404, 1696, 3987, 3730, 1046, 3978, 2711, 2612, 3059, 2036, 582, 4010, 2754, 2406, 1067, 3812, 37, 335, 4025, 4016, 3335, 3495, 3139, 15, 4035, 1808, 1764, 1767, 1946, 209, 397, 43, 3943, 3676, 74, 4012, 1750, 2575, 215, 3435, 1526, 3603, 1760, 3868, 952, 3748, 1837, 11, 114, 12, 287, 2037, 1776, 1786, 1603, 1812, 3766, 2911, 1920, 1793, 4008, 1562, 4003, 1240, 4029, 1889, 241, 353, 3866, 1339, 1543, 4032, 216, 1844, 1820, 153, 3725, 3930, 282, 1541, 279, 52, 1175, 205, 233, 244, 70, 3885, 551, 3990, 255, 42, 183, 812, 2005, 2421, 1746, 3822, 3965, 1789, 2006, 90]

2025-12-19 18:05:05,270 - INFO - 当前用时 0.00 秒
2025-12-19 18:05:05,270 - INFO - 将种子集 写入位置: /root/pythonspace/data-test/facebook/2025-12-19-master-updatediscardpro+AgainContinue+numsimu+updatesuccpro/seeds-with-facebook/powerlaw_alpha_sort_seedNum-120_SSRNum-160000.txt
2025-12-19 18:05:05,270 - INFO - 首次生成种子集 importance_sort
2025-12-19 18:05:05,270 - INFO - 执行当前算法开始: importance_sort
2025-12-19 18:05:10,600 - INFO - 4039 个节点的Importance值降序排序 done
2025-12-19 18:05:10,600 - INFO - 
选择的种子集 (按Importance排序): [605, 3415, 292, 3865, 3497, 18, 872, 2021, 3195, 3834, 1763, 692, 1319, 631, 4023, 2029, 3342, 210, 404, 1696, 3987, 3730, 1046, 3978, 2711, 2612, 3059, 2036, 582, 4010, 2754, 2406, 1067, 3812, 37, 335, 4025, 4016, 3335, 3495, 3139, 15, 4035, 1808, 1764, 1767, 1946, 209, 397, 43, 3943, 3676, 74, 4012, 1750, 2575, 215, 3435, 1526, 3603, 1760, 3868, 952, 3748, 1837, 11, 114, 12, 287, 2037, 1776, 1786, 1603, 1812, 3766, 2911, 1920, 1793, 4008, 1562, 4003, 1240, 4029, 1889, 241, 353, 3866, 1339, 1543, 4032, 216, 1844, 1820, 153, 3725, 3930, 282, 1541, 279, 52, 1175, 205, 233, 244, 70, 3885, 551, 3990, 255, 42, 183, 812, 2005, 2421, 1746, 3822, 3965, 1789, 2006, 90]

2025-12-19 18:05:10,601 - INFO - 当前用时 5.33 秒
2025-12-19 18:05:10,601 - INFO - 将种子集 写入位置: /root/pythonspace/data-test/facebook/2025-12-19-master-updatediscardpro+AgainContinue+numsimu+updatesuccpro/seeds-with-facebook/powerlaw_importance_sort_seedNum-120_SSRNum-160000.txt
2025-12-19 18:05:10,602 - INFO - 首次生成种子集 ris_coverage
2025-12-19 18:05:10,602 - INFO - 执行当前算法开始: ris_coverage
2025-12-19 18:05:11,030 - INFO - 图初始化完成，节点数: 4039，CSR 矩阵准备就绪。
2025-12-19 18:05:11,031 - INFO - 
开始生成 160000 组 SSR (并行进程: 8)...
2025-12-19 18:06:40,807 - INFO - 生成完毕。耗时: 89.78 秒。
2025-12-19 18:06:40,808 - INFO - 
开始选择最优种子 (Optimized Greedy) ...
2025-12-19 18:06:45,124 - INFO -   - 券 1/120 选中节点 3059, 新增覆盖 15
2025-12-19 18:06:45,129 - INFO -   - 券 2/120 选中节点 3987, 新增覆盖 13
2025-12-19 18:06:45,140 - INFO -   - 券 3/120 选中节点 2029, 新增覆盖 13
2025-12-19 18:06:45,159 - INFO -   - 券 4/120 选中节点 4023, 新增覆盖 13
2025-12-19 18:06:45,182 - INFO -   - 券 5/120 选中节点 4016, 新增覆盖 15
2025-12-19 18:06:45,206 - INFO -   - 券 6/120 选中节点 15, 新增覆盖 14
2025-12-19 18:06:45,239 - INFO -   - 券 7/120 选中节点 3497, 新增覆盖 18
2025-12-19 18:06:45,275 - INFO -   - 券 8/120 选中节点 3342, 新增覆盖 18
2025-12-19 18:06:45,308 - INFO -   - 券 9/120 选中节点 37, 新增覆盖 16
2025-12-19 18:06:45,336 - INFO -   - 券 10/120 选中节点 3495, 新增覆盖 11
2025-12-19 18:06:45,385 - INFO -   - 券 11/120 选中节点 4010, 新增覆盖 13
2025-12-19 18:06:45,427 - INFO -   - 券 12/120 选中节点 4003, 新增覆盖 13
2025-12-19 18:06:45,465 - INFO -   - 券 13/120 选中节点 3865, 新增覆盖 11
2025-12-19 18:06:45,524 - INFO -   - 券 14/120 选中节点 2711, 新增覆盖 15
2025-12-19 18:06:45,580 - INFO -   - 券 15/120 选中节点 3415, 新增覆盖 12
2025-12-19 18:06:45,639 - INFO -   - 券 16/120 选中节点 582, 新增覆盖 14
2025-12-19 18:06:45,696 - INFO -   - 券 17/120 选中节点 4035, 新增覆盖 12
2025-12-19 18:06:45,772 - INFO -   - 券 18/120 选中节点 1760, 新增覆盖 12
2025-12-19 18:06:45,833 - INFO -   - 券 19/120 选中节点 1067, 新增覆盖 11
2025-12-19 18:06:45,902 - INFO -   - 券 20/120 选中节点 292, 新增覆盖 13
2025-12-19 18:06:45,987 - INFO -   - 券 21/120 选中节点 2036, 新增覆盖 13
2025-12-19 18:06:46,056 - INFO -   - 券 22/120 选中节点 209, 新增覆盖 13
2025-12-19 18:06:46,128 - INFO -   - 券 23/120 选中节点 1526, 新增覆盖 13
2025-12-19 18:06:46,215 - INFO -   - 券 24/120 选中节点 3139, 新增覆盖 12
2025-12-19 18:06:46,285 - INFO -   - 券 25/120 选中节点 4029, 新增覆盖 14
2025-12-19 18:06:46,364 - INFO -   - 券 26/120 选中节点 872, 新增覆盖 16
2025-12-19 18:06:46,472 - INFO -   - 券 27/120 选中节点 3978, 新增覆盖 14
2025-12-19 18:06:46,602 - INFO -   - 券 28/120 选中节点 3195, 新增覆盖 15
2025-12-19 18:06:46,716 - INFO -   - 券 29/120 选中节点 215, 新增覆盖 14
2025-12-19 18:06:46,829 - INFO -   - 券 30/120 选中节点 3676, 新增覆盖 11
2025-12-19 18:06:46,938 - INFO -   - 券 31/120 选中节点 3990, 新增覆盖 15
2025-12-19 18:06:47,041 - INFO -   - 券 32/120 选中节点 42, 新增覆盖 15
2025-12-19 18:06:47,169 - INFO -   - 券 33/120 选中节点 1786, 新增覆盖 13
2025-12-19 18:06:47,326 - INFO -   - 券 34/120 选中节点 3748, 新增覆盖 14
2025-12-19 18:06:47,440 - INFO -   - 券 35/120 选中节点 1750, 新增覆盖 11
2025-12-19 18:06:47,563 - INFO -   - 券 36/120 选中节点 335, 新增覆盖 16
2025-12-19 18:06:47,719 - INFO -   - 券 37/120 选中节点 3730, 新增覆盖 13
2025-12-19 18:06:47,872 - INFO -   - 券 38/120 选中节点 4012, 新增覆盖 13
2025-12-19 18:06:47,980 - INFO -   - 券 39/120 选中节点 1541, 新增覆盖 12
2025-12-19 18:06:48,144 - INFO -   - 券 40/120 选中节点 18, 新增覆盖 12
2025-12-19 18:06:48,292 - INFO -   - 券 41/120 选中节点 282, 新增覆盖 12
2025-12-19 18:06:48,447 - INFO -   - 券 42/120 选中节点 1763, 新增覆盖 14
2025-12-19 18:06:48,593 - INFO -   - 券 43/120 选中节点 631, 新增覆盖 11
2025-12-19 18:06:48,761 - INFO -   - 券 44/120 选中节点 2021, 新增覆盖 13
2025-12-19 18:06:48,933 - INFO -   - 券 45/120 选中节点 4008, 新增覆盖 12
2025-12-19 18:06:49,140 - INFO -   - 券 46/120 选中节点 2754, 新增覆盖 15
2025-12-19 18:06:49,329 - INFO -   - 券 47/120 选中节点 3868, 新增覆盖 15
2025-12-19 18:06:49,510 - INFO -   - 券 48/120 选中节点 4025, 新增覆盖 10
2025-12-19 18:06:49,675 - INFO -   - 券 49/120 选中节点 145, 新增覆盖 12
2025-12-19 18:06:49,899 - INFO -   - 券 50/120 选中节点 2037, 新增覆盖 12
2025-12-19 18:06:50,124 - INFO -   - 券 51/120 选中节点 1046, 新增覆盖 11
2025-12-19 18:06:50,274 - INFO -   - 券 52/120 选中节点 2406, 新增覆盖 10
2025-12-19 18:06:50,415 - INFO -   - 券 53/120 选中节点 233, 新增覆盖 11
2025-12-19 18:06:50,612 - INFO -   - 券 54/120 选中节点 114, 新增覆盖 12
2025-12-19 18:06:50,786 - INFO -   - 券 55/120 选中节点 3834, 新增覆盖 16
2025-12-19 18:06:51,052 - INFO -   - 券 56/120 选中节点 286, 新增覆盖 13
2025-12-19 18:06:51,263 - INFO -   - 券 57/120 选中节点 241, 新增覆盖 14
2025-12-19 18:06:51,465 - INFO -   - 券 58/120 选中节点 692, 新增覆盖 14
2025-12-19 18:06:51,668 - INFO -   - 券 59/120 选中节点 1946, 新增覆盖 10
2025-12-19 18:06:51,840 - INFO -   - 券 60/120 选中节点 267, 新增覆盖 10
2025-12-19 18:06:52,087 - INFO -   - 券 61/120 选中节点 2911, 新增覆盖 10
2025-12-19 18:06:52,319 - INFO -   - 券 62/120 选中节点 1789, 新增覆盖 11
2025-12-19 18:06:52,541 - INFO -   - 券 63/120 选中节点 4030, 新增覆盖 11
2025-12-19 18:06:52,765 - INFO -   - 券 64/120 选中节点 1764, 新增覆盖 10
2025-12-19 18:06:53,030 - INFO -   - 券 65/120 选中节点 2786, 新增覆盖 13
2025-12-19 18:06:53,279 - INFO -   - 券 66/120 选中节点 3812, 新增覆盖 9
2025-12-19 18:06:53,508 - INFO -   - 券 67/120 选中节点 205, 新增覆盖 12
2025-12-19 18:06:53,776 - INFO -   - 券 68/120 选中节点 4036, 新增覆盖 12
2025-12-19 18:06:54,048 - INFO -   - 券 69/120 选中节点 1319, 新增覆盖 11
2025-12-19 18:06:54,249 - INFO -   - 券 70/120 选中节点 3752, 新增覆盖 11
2025-12-19 18:06:54,475 - INFO -   - 券 71/120 选中节点 97, 新增覆盖 10
2025-12-19 18:06:54,737 - INFO -   - 券 72/120 选中节点 74, 新增覆盖 10
2025-12-19 18:06:54,969 - INFO -   - 券 73/120 选中节点 216, 新增覆盖 13
2025-12-19 18:06:55,213 - INFO -   - 券 74/120 选中节点 404, 新增覆盖 11
2025-12-19 18:06:55,461 - INFO -   - 券 75/120 选中节点 33, 新增覆盖 10
2025-12-19 18:06:55,729 - INFO -   - 券 76/120 选中节点 3764, 新增覆盖 9
2025-12-19 18:06:55,963 - INFO -   - 券 77/120 选中节点 1889, 新增覆盖 8
2025-12-19 18:06:56,264 - INFO -   - 券 78/120 选中节点 1920, 新增覆盖 11
2025-12-19 18:06:56,556 - INFO -   - 券 79/120 选中节点 47, 新增覆盖 9
2025-12-19 18:06:56,781 - INFO -   - 券 80/120 选中节点 2612, 新增覆盖 10
2025-12-19 18:06:57,013 - INFO -   - 券 81/120 选中节点 3943, 新增覆盖 12
2025-12-19 18:06:57,289 - INFO -   - 券 82/120 选中节点 1562, 新增覆盖 9
2025-12-19 18:06:57,532 - INFO -   - 券 83/120 选中节点 154, 新增覆盖 12
2025-12-19 18:06:57,739 - INFO -   - 券 84/120 选中节点 2575, 新增覆盖 11
2025-12-19 18:06:58,081 - INFO -   - 券 85/120 选中节点 336, 新增覆盖 11
2025-12-19 18:06:58,352 - INFO -   - 券 86/120 选中节点 244, 新增覆盖 11
2025-12-19 18:06:58,669 - INFO -   - 券 87/120 选中节点 1543, 新增覆盖 11
2025-12-19 18:06:58,952 - INFO -   - 券 88/120 选中节点 1837, 新增覆盖 12
2025-12-19 18:06:59,203 - INFO -   - 券 89/120 选中节点 255, 新增覆盖 12
2025-12-19 18:06:59,565 - INFO -   - 券 90/120 选中节点 153, 新增覆盖 11
2025-12-19 18:06:59,852 - INFO -   - 券 91/120 选中节点 52, 新增覆盖 10
2025-12-19 18:07:00,126 - INFO -   - 券 92/120 选中节点 3762, 新增覆盖 10
2025-12-19 18:07:00,351 - INFO -   - 券 93/120 选中节点 234, 新增覆盖 12
2025-12-19 18:07:00,718 - INFO -   - 券 94/120 选中节点 1812, 新增覆盖 11
2025-12-19 18:07:01,092 - INFO -   - 券 95/120 选中节点 3888, 新增覆盖 11
2025-12-19 18:07:01,418 - INFO -   - 券 96/120 选中节点 4034, 新增覆盖 11
2025-12-19 18:07:01,710 - INFO -   - 券 97/120 选中节点 210, 新增覆盖 9
2025-12-19 18:07:02,089 - INFO -   - 券 98/120 选中节点 2005, 新增覆盖 10
2025-12-19 18:07:02,464 - INFO -   - 券 99/120 选中节点 3603, 新增覆盖 11
2025-12-19 18:07:02,873 - INFO -   - 券 100/120 选中节点 4013, 新增覆盖 12
2025-12-19 18:07:03,258 - INFO -   - 券 101/120 选中节点 1894, 新增覆盖 11
2025-12-19 18:07:03,723 - INFO -   - 券 102/120 选中节点 952, 新增覆盖 11
2025-12-19 18:07:04,108 - INFO -   - 券 103/120 选中节点 1550, 新增覆盖 8
2025-12-19 18:07:04,523 - INFO -   - 券 104/120 选中节点 1844, 新增覆盖 12
2025-12-19 18:07:04,923 - INFO -   - 券 105/120 选中节点 1776, 新增覆盖 10
2025-12-19 18:07:05,328 - INFO -   - 券 106/120 选中节点 301, 新增覆盖 9
2025-12-19 18:07:05,726 - INFO -   - 券 107/120 选中节点 2357, 新增覆盖 9
2025-12-19 18:07:06,076 - INFO -   - 券 108/120 选中节点 3620, 新增覆盖 8
2025-12-19 18:07:06,450 - INFO -   - 券 109/120 选中节点 353, 新增覆盖 8
2025-12-19 18:07:06,732 - INFO -   - 券 110/120 选中节点 43, 新增覆盖 9
2025-12-19 18:07:07,086 - INFO -   - 券 111/120 选中节点 2031, 新增覆盖 8
2025-12-19 18:07:07,553 - INFO -   - 券 112/120 选中节点 1767, 新增覆盖 12
2025-12-19 18:07:08,056 - INFO -   - 券 113/120 选中节点 12, 新增覆盖 10
2025-12-19 18:07:08,554 - INFO -   - 券 114/120 选中节点 3859, 新增覆盖 11
2025-12-19 18:07:09,013 - INFO -   - 券 115/120 选中节点 591, 新增覆盖 7
2025-12-19 18:07:09,305 - INFO -   - 券 116/120 选中节点 1547, 新增覆盖 10
2025-12-19 18:07:09,809 - INFO -   - 券 117/120 选中节点 4026, 新增覆盖 9
2025-12-19 18:07:10,170 - INFO -   - 券 118/120 选中节点 1603, 新增覆盖 9
2025-12-19 18:07:10,732 - INFO -   - 券 119/120 选中节点 1717, 新增覆盖 10
2025-12-19 18:07:11,171 - INFO -   - 券 120/120 选中节点 2910, 新增覆盖 12
2025-12-19 18:07:11,171 - INFO - 选种完毕。耗时: 30.36 秒。
2025-12-19 18:07:11,257 - INFO - 最终选择的种子集: [3059, 3987, 2029, 4023, 4016, 15, 3497, 3342, 37, 3495, 4010, 4003, 3865, 2711, 3415, 582, 4035, 1760, 1067, 292, 2036, 209, 1526, 3139, 4029, 872, 3978, 3195, 215, 3676, 3990, 42, 1786, 3748, 1750, 335, 3730, 4012, 1541, 18, 282, 1763, 631, 2021, 4008, 2754, 3868, 4025, 145, 2037, 1046, 2406, 233, 114, 3834, 286, 241, 692, 1946, 267, 2911, 1789, 4030, 1764, 2786, 3812, 205, 4036, 1319, 3752, 97, 74, 216, 404, 33, 3764, 1889, 1920, 47, 2612, 3943, 1562, 154, 2575, 336, 244, 1543, 1837, 255, 153, 52, 3762, 234, 1812, 3888, 4034, 210, 2005, 3603, 4013, 1894, 952, 1550, 1844, 1776, 301, 2357, 3620, 353, 43, 2031, 1767, 12, 3859, 591, 1547, 4026, 1603, 1717, 2910]

2025-12-19 18:07:15,364 - INFO - 当前用时 124.76 秒
2025-12-19 18:07:15,365 - INFO - 将种子集 写入位置: /root/pythonspace/data-test/facebook/2025-12-19-master-updatediscardpro+AgainContinue+numsimu+updatesuccpro/seeds-with-facebook/powerlaw_ris_coverage_seedNum-120_SSRNum-160000.txt
2025-12-19 18:07:15,374 - INFO - 评估种子集: None
2025-12-19 18:07:15,374 - INFO - 多进程评估开始，共有 5 个方法待评估...
2025-12-19 18:07:15,374 - INFO - 启动进程池，Worker数量: 5
2025-12-19 18:07:16,616 - INFO - [Process 50915] 开始评估方法: random, 种子数: 120
2025-12-19 18:07:17,651 - INFO - [Process 50916] 开始评估方法: degreeTopM, 种子数: 120
2025-12-19 18:07:18,569 - INFO - [Process 50917] 开始评估方法: alpha_sort, 种子数: 120
2025-12-19 18:07:19,827 - INFO - [Process 50918] 开始评估方法: importance_sort, 种子数: 120
2025-12-19 18:07:21,086 - INFO - [Process 50919] 开始评估方法: ris_coverage, 种子数: 120
2025-12-19 18:08:45,186 - INFO - [Process 50918] importance_sort - 300 sims 完成: E=21.00
2025-12-19 18:08:45,391 - INFO - [Process 50917] alpha_sort - 300 sims 完成: E=21.00
2025-12-19 18:08:59,910 - INFO - [Process 50919] ris_coverage - 300 sims 完成: E=20.81
2025-12-19 18:10:24,863 - INFO - [Process 50915] random - 300 sims 完成: E=6.89
2025-12-19 18:13:15,756 - INFO - [Process 50916] degreeTopM - 300 sims 完成: E=3.88
2025-12-19 18:13:15,834 - INFO - 所有进程执行完毕，开始写入数据...
2025-12-19 18:13:15,841 - INFO - 成功写入 5 条记录至 /root/pythonspace/data-test/facebook/2025-12-19-master-updatediscardpro+AgainContinue+numsimu+updatesuccpro/E-activated-facebook/distribution-powerlaw/tsd_1.5--0.5-0.5/single_sim_func-AgainContinue/simuTimes-300_monteCarloL-10_single_sim_func-AgainContinue_rrNumSamples-160000.csv
2025-12-19 18:13:15,842 - INFO - 保存评估文件至: /root/pythonspace/data-test/facebook/2025-12-19-master-updatediscardpro+AgainContinue+numsimu+updatesuccpro/E-activated-facebook/distribution-powerlaw/tsd_1.5--0.5-0.5/single_sim_func-AgainContinue/simuTimes-300_monteCarloL-10_single_sim_func-AgainContinue_rrNumSamples-160000.csv
2025-12-19 18:13:15,861 - INFO - 加载数据集: facebook
2025-12-19 18:13:15,874 - INFO - 复用概率分布 文件位置: /root/pythonspace/data-test/facebook/2025-12-19-master-updatediscardpro+AgainContinue+numsimu+updatesuccpro/distribution-in-facebook/distribution-powerlaw_seedNum-130.pkl
2025-12-19 18:13:15,972 - INFO - 从当前位置 读取种子集 /root/pythonspace/data-test/facebook/2025-12-19-master-updatediscardpro+AgainContinue+numsimu+updatesuccpro/seeds-with-facebook/powerlaw_random_seedNum-130_SSRNum-160000.txt
2025-12-19 18:13:15,977 - INFO - 从当前位置 读取种子集 /root/pythonspace/data-test/facebook/2025-12-19-master-updatediscardpro+AgainContinue+numsimu+updatesuccpro/seeds-with-facebook/powerlaw_degreeTopM_seedNum-130_SSRNum-160000.txt
2025-12-19 18:13:15,979 - INFO - 从当前位置 读取种子集 /root/pythonspace/data-test/facebook/2025-12-19-master-updatediscardpro+AgainContinue+numsimu+updatesuccpro/seeds-with-facebook/powerlaw_alpha_sort_seedNum-130_SSRNum-160000.txt
2025-12-19 18:13:15,980 - INFO - 从当前位置 读取种子集 /root/pythonspace/data-test/facebook/2025-12-19-master-updatediscardpro+AgainContinue+numsimu+updatesuccpro/seeds-with-facebook/powerlaw_importance_sort_seedNum-130_SSRNum-160000.txt
2025-12-19 18:13:15,982 - INFO - 从当前位置 读取种子集 /root/pythonspace/data-test/facebook/2025-12-19-master-updatediscardpro+AgainContinue+numsimu+updatesuccpro/seeds-with-facebook/powerlaw_ris_coverage_seedNum-130_SSRNum-160000.txt
2025-12-19 18:13:15,988 - INFO - 评估种子集: None
2025-12-19 18:13:15,988 - INFO - 多进程评估开始，共有 5 个方法待评估...
2025-12-19 18:13:15,988 - INFO - 启动进程池，Worker数量: 5
2025-12-19 18:13:17,341 - INFO - [Process 52059] 开始评估方法: random, 种子数: 130
2025-12-19 18:13:18,230 - INFO - [Process 52060] 开始评估方法: degreeTopM, 种子数: 130
2025-12-19 18:13:19,463 - INFO - [Process 52061] 开始评估方法: alpha_sort, 种子数: 130
2025-12-19 18:13:20,581 - INFO - [Process 52062] 开始评估方法: importance_sort, 种子数: 130
2025-12-19 18:13:21,590 - INFO - [Process 52063] 开始评估方法: ris_coverage, 种子数: 130
2025-12-19 18:15:01,181 - INFO - [Process 52063] ris_coverage - 300 sims 完成: E=22.22
2025-12-19 18:15:11,212 - INFO - [Process 52062] importance_sort - 300 sims 完成: E=22.49
2025-12-19 18:15:11,517 - INFO - [Process 52061] alpha_sort - 300 sims 完成: E=22.49
2025-12-19 18:16:57,357 - INFO - [Process 52059] random - 300 sims 完成: E=7.49
2025-12-19 18:20:00,039 - INFO - [Process 52060] degreeTopM - 300 sims 完成: E=3.91
2025-12-19 18:20:00,126 - INFO - 所有进程执行完毕，开始写入数据...
2025-12-19 18:20:00,130 - INFO - 成功写入 5 条记录至 /root/pythonspace/data-test/facebook/2025-12-19-master-updatediscardpro+AgainContinue+numsimu+updatesuccpro/E-activated-facebook/distribution-powerlaw/tsd_1.5--0.5-0.5/single_sim_func-AgainContinue/simuTimes-300_monteCarloL-10_single_sim_func-AgainContinue_rrNumSamples-160000.csv
2025-12-19 18:20:00,131 - INFO - 保存评估文件至: /root/pythonspace/data-test/facebook/2025-12-19-master-updatediscardpro+AgainContinue+numsimu+updatesuccpro/E-activated-facebook/distribution-powerlaw/tsd_1.5--0.5-0.5/single_sim_func-AgainContinue/simuTimes-300_monteCarloL-10_single_sim_func-AgainContinue_rrNumSamples-160000.csv
2025-12-19 18:20:00,139 - INFO - 加载数据集: facebook
2025-12-19 18:20:00,144 - INFO - 首次生成度相关概率分布 分布类型: 'powerlaw'.
2025-12-19 18:20:00,145 - INFO - ===> Generating 'Power-law Degree-Aware' distributions...
2025-12-19 18:20:00,147 - INFO - 保存概率分布 文件位置: /root/pythonspace/data-test/facebook/2025-12-19-master-updatediscardpro+AgainContinue+numsimu+updatesuccpro/distribution-in-facebook/distribution-powerlaw_seedNum-140.pkl
2025-12-19 18:20:00,232 - INFO - 首次生成种子集 random
2025-12-19 18:20:00,233 - INFO - 执行当前算法开始: random
2025-12-19 18:20:00,233 - INFO - 数据集节点总数:  n = 4039, m = 140
2025-12-19 18:20:00,233 - INFO - 选择 140  [2855, 1496, 3759, 2885, 1971, 3343, 1319, 1060, 182, 526, 463, 1303, 3475, 2742, 1237, 1749, 1550, 2882, 277, 681, 345, 3695, 2595, 3922, 1614, 1541, 3016, 2584, 2469, 2319, 2735, 732, 3582, 2074, 1521, 1631, 2757, 1435, 1622, 358, 2393, 2203, 727, 501, 738, 1474, 294, 1325, 278, 979, 673, 757, 326, 1320, 558, 71, 1470, 284, 2773, 3866, 678, 497, 554, 3390, 306, 1418, 1239, 3576, 313, 2964, 1486, 1684, 545, 1833, 1579, 1234, 3038, 1641, 197, 2828, 435, 649, 3689, 3459, 3708, 1841, 2254, 912, 174, 1542, 2860, 1735, 1804, 2048, 2729, 1768, 161, 2073, 1811, 3293, 2814, 3180, 1000, 299, 1824, 1256, 2902, 1416, 1360, 3789, 3431, 1285, 1719, 3484, 4031, 2601, 2133, 3225, 81, 706, 1460, 360, 2279, 1047, 1478, 3588, 2987, 2604, 507, 3230, 1869, 1376, 2566, 449, 1085, 2970, 53, 2003, 1926, 654]

2025-12-19 18:20:00,234 - INFO - 当前用时 0.00 秒
2025-12-19 18:20:00,234 - INFO - 将种子集 写入位置: /root/pythonspace/data-test/facebook/2025-12-19-master-updatediscardpro+AgainContinue+numsimu+updatesuccpro/seeds-with-facebook/powerlaw_random_seedNum-140_SSRNum-160000.txt
2025-12-19 18:20:00,234 - INFO - 首次生成种子集 degreeTopM
2025-12-19 18:20:00,234 - INFO - 执行当前算法开始: degreeTopM
2025-12-19 18:20:00,235 - INFO - 依据: 选择连接数（度数）最多的节点。
2025-12-19 18:20:00,236 - INFO - 选择的 Top M 节点及其度数:
2025-12-19 18:20:00,237 - INFO - 
2025-12-19 18:20:00,237 - INFO - 当前用时 0.00 秒
2025-12-19 18:20:00,237 - INFO - 将种子集 写入位置: /root/pythonspace/data-test/facebook/2025-12-19-master-updatediscardpro+AgainContinue+numsimu+updatesuccpro/seeds-with-facebook/powerlaw_degreeTopM_seedNum-140_SSRNum-160000.txt
2025-12-19 18:20:00,242 - INFO - 首次生成种子集 alpha_sort
2025-12-19 18:20:00,242 - INFO - 执行当前算法开始: alpha_sort
2025-12-19 18:20:00,245 - INFO - 4039 个节点的alpha值降序排序 done
2025-12-19 18:20:00,245 - INFO - ==============>> [(2575, 0.18434846232681695), (4016, 0.18052212605572904), (2406, 0.17665855978092013), (3676, 0.17606743824605628), (292, 0.16725924724827138), (1767, 0.16668833451395274), (1776, 0.16561330421646828), (2612, 0.16405479523576047), (114, 0.16389410305380722), (43, 0.1638342117357319)]
2025-12-19 18:20:00,245 - INFO - 
选择的种子集 (按alpha排序): [2575, 4016, 2406, 3676, 292, 1767, 1776, 2612, 114, 43, 3139, 209, 37, 335, 952, 3834, 3415, 15, 692, 1786, 3730, 3987, 1319, 3978, 4023, 74, 4010, 2037, 605, 215, 3766, 1808, 3865, 582, 2711, 210, 1750, 4025, 3495, 3335, 3748, 3812, 631, 3342, 12, 1837, 3603, 3195, 11, 1046, 3435, 3497, 1763, 1812, 3943, 1760, 397, 1764, 2021, 287, 1696, 1526, 1603, 4035, 2754, 18, 872, 2036, 4012, 1946, 1067, 2029, 3868, 404, 3059, 1789, 3751, 2910, 762, 4008, 3965, 3950, 1175, 3986, 3821, 1044, 1894, 3885, 4034, 52, 2553, 3710, 1562, 3866, 154, 2799, 2670, 1240, 138, 3859, 4013, 353, 4030, 1506, 3822, 255, 3764, 1599, 1746, 4036, 216, 4003, 145, 35, 42, 234, 551, 3930, 1895, 812, 3274, 2357, 316, 3620, 305, 881, 267, 282, 2006, 279, 710, 1986, 2786, 748, 4032, 662, 2005, 1543, 1844, 3725]

2025-12-19 18:20:00,246 - INFO - 当前用时 0.00 秒
2025-12-19 18:20:00,246 - INFO - 将种子集 写入位置: /root/pythonspace/data-test/facebook/2025-12-19-master-updatediscardpro+AgainContinue+numsimu+updatesuccpro/seeds-with-facebook/powerlaw_alpha_sort_seedNum-140_SSRNum-160000.txt
2025-12-19 18:20:00,246 - INFO - 首次生成种子集 importance_sort
2025-12-19 18:20:00,246 - INFO - 执行当前算法开始: importance_sort
2025-12-19 18:20:04,225 - INFO - 4039 个节点的Importance值降序排序 done
2025-12-19 18:20:04,230 - INFO - 
选择的种子集 (按Importance排序): [2575, 4016, 2406, 3676, 292, 1767, 1776, 2612, 114, 43, 3139, 209, 37, 335, 952, 3834, 3415, 15, 692, 1786, 3730, 3987, 1319, 3978, 4023, 74, 4010, 2037, 605, 215, 3766, 1808, 3865, 582, 2711, 210, 1750, 4025, 3495, 3335, 3748, 3812, 631, 3342, 12, 1837, 3603, 3195, 11, 1046, 3435, 3497, 1763, 1812, 3943, 1760, 397, 1764, 2021, 287, 1696, 1526, 1603, 4035, 2754, 18, 872, 2036, 4012, 1946, 1067, 2029, 3868, 404, 3059, 1789, 3751, 2910, 762, 4008, 3965, 3950, 1175, 3986, 3821, 1044, 1894, 3885, 4034, 52, 2553, 3710, 1562, 3866, 154, 2799, 2670, 1240, 138, 3859, 4013, 353, 4030, 1506, 3822, 255, 3764, 1599, 1746, 4036, 216, 4003, 145, 35, 42, 234, 551, 3930, 1895, 812, 3274, 2357, 316, 3620, 305, 881, 267, 282, 2006, 279, 710, 1986, 2786, 748, 4032, 662, 2005, 1543, 1844, 3725]

2025-12-19 18:20:04,231 - INFO - 当前用时 3.98 秒
2025-12-19 18:20:04,231 - INFO - 将种子集 写入位置: /root/pythonspace/data-test/facebook/2025-12-19-master-updatediscardpro+AgainContinue+numsimu+updatesuccpro/seeds-with-facebook/powerlaw_importance_sort_seedNum-140_SSRNum-160000.txt
2025-12-19 18:20:04,231 - INFO - 首次生成种子集 ris_coverage
2025-12-19 18:20:04,231 - INFO - 执行当前算法开始: ris_coverage
2025-12-19 18:20:04,661 - INFO - 图初始化完成，节点数: 4039，CSR 矩阵准备就绪。
2025-12-19 18:20:04,666 - INFO - 
开始生成 160000 组 SSR (并行进程: 8)...
2025-12-19 18:21:44,648 - INFO - 生成完毕。耗时: 99.98 秒。
2025-12-19 18:21:44,649 - INFO - 
开始选择最优种子 (Optimized Greedy) ...
2025-12-19 18:21:50,175 - INFO -   - 券 1/140 选中节点 4025, 新增覆盖 15
2025-12-19 18:21:50,184 - INFO -   - 券 2/140 选中节点 2029, 新增覆盖 12
2025-12-19 18:21:50,189 - INFO -   - 券 3/140 选中节点 4012, 新增覆盖 13
2025-12-19 18:21:50,204 - INFO -   - 券 4/140 选中节点 2575, 新增覆盖 15
2025-12-19 18:21:50,221 - INFO -   - 券 5/140 选中节点 3812, 新增覆盖 14
2025-12-19 18:21:50,240 - INFO -   - 券 6/140 选中节点 3730, 新增覆盖 12
2025-12-19 18:21:50,261 - INFO -   - 券 7/140 选中节点 3986, 新增覆盖 12
2025-12-19 18:21:50,293 - INFO -   - 券 8/140 选中节点 114, 新增覆盖 14
2025-12-19 18:21:50,323 - INFO -   - 券 9/140 选中节点 74, 新增覆盖 14
2025-12-19 18:21:50,356 - INFO -   - 券 10/140 选中节点 1760, 新增覆盖 14
2025-12-19 18:21:50,402 - INFO -   - 券 11/140 选中节点 710, 新增覆盖 12
2025-12-19 18:21:50,449 - INFO -   - 券 12/140 选中节点 3139, 新增覆盖 11
2025-12-19 18:21:50,501 - INFO -   - 券 13/140 选中节点 4023, 新增覆盖 12
2025-12-19 18:21:50,558 - INFO -   - 券 14/140 选中节点 692, 新增覆盖 12
2025-12-19 18:21:50,617 - INFO -   - 券 15/140 选中节点 18, 新增覆盖 14
2025-12-19 18:21:50,660 - INFO -   - 券 16/140 选中节点 4016, 新增覆盖 15
2025-12-19 18:21:50,714 - INFO -   - 券 17/140 选中节点 4003, 新增覆盖 12
2025-12-19 18:21:50,772 - INFO -   - 券 18/140 选中节点 4010, 新增覆盖 18
2025-12-19 18:21:50,832 - INFO -   - 券 19/140 选中节点 2711, 新增覆盖 14
2025-12-19 18:21:50,898 - INFO -   - 券 20/140 选中节点 209, 新增覆盖 13
2025-12-19 18:21:50,970 - INFO -   - 券 21/140 选中节点 2612, 新增覆盖 12
2025-12-19 18:21:51,034 - INFO -   - 券 22/140 选中节点 292, 新增覆盖 14
2025-12-19 18:21:51,091 - INFO -   - 券 23/140 选中节点 1526, 新增覆盖 13
2025-12-19 18:21:51,179 - INFO -   - 券 24/140 选中节点 3195, 新增覆盖 11
2025-12-19 18:21:51,284 - INFO -   - 券 25/140 选中节点 1812, 新增覆盖 12
2025-12-19 18:21:51,385 - INFO -   - 券 26/140 选中节点 1946, 新增覆盖 12
2025-12-19 18:21:51,474 - INFO -   - 券 27/140 选中节点 287, 新增覆盖 13
2025-12-19 18:21:51,567 - INFO -   - 券 28/140 选中节点 3495, 新增覆盖 13
2025-12-19 18:21:51,683 - INFO -   - 券 29/140 选中节点 3497, 新增覆盖 15
2025-12-19 18:21:51,775 - INFO -   - 券 30/140 选中节点 1894, 新增覆盖 11
2025-12-19 18:21:51,887 - INFO -   - 券 31/140 选中节点 37, 新增覆盖 12
2025-12-19 18:21:52,029 - INFO -   - 券 32/140 选中节点 244, 新增覆盖 12
2025-12-19 18:21:52,126 - INFO -   - 券 33/140 选中节点 3415, 新增覆盖 12
2025-12-19 18:21:52,222 - INFO -   - 券 34/140 选中节点 1764, 新增覆盖 12
2025-12-19 18:21:52,345 - INFO -   - 券 35/140 选中节点 4013, 新增覆盖 11
2025-12-19 18:21:52,463 - INFO -   - 券 36/140 选中节点 43, 新增覆盖 13
2025-12-19 18:21:52,555 - INFO -   - 券 37/140 选中节点 1750, 新增覆盖 15
2025-12-19 18:21:52,688 - INFO -   - 券 38/140 选中节点 872, 新增覆盖 14
2025-12-19 18:21:52,786 - INFO -   - 券 39/140 选中节点 3821, 新增覆盖 11
2025-12-19 18:21:52,897 - INFO -   - 券 40/140 选中节点 4032, 新增覆盖 14
2025-12-19 18:21:53,015 - INFO -   - 券 41/140 选中节点 35, 新增覆盖 13
2025-12-19 18:21:53,126 - INFO -   - 券 42/140 选中节点 3335, 新增覆盖 10
2025-12-19 18:21:53,248 - INFO -   - 券 43/140 选中节点 3748, 新增覆盖 14
2025-12-19 18:21:53,375 - INFO -   - 券 44/140 选中节点 15, 新增覆盖 12
2025-12-19 18:21:53,534 - INFO -   - 券 45/140 选中节点 12, 新增覆盖 12
2025-12-19 18:21:53,668 - INFO -   - 券 46/140 选中节点 3676, 新增覆盖 12
2025-12-19 18:21:53,804 - INFO -   - 券 47/140 选中节点 1776, 新增覆盖 11
2025-12-19 18:21:53,931 - INFO -   - 券 48/140 选中节点 4008, 新增覆盖 13
2025-12-19 18:21:54,107 - INFO -   - 券 49/140 选中节点 3342, 新增覆盖 11
2025-12-19 18:21:54,241 - INFO -   - 券 50/140 选中节点 1837, 新增覆盖 14
2025-12-19 18:21:54,404 - INFO -   - 券 51/140 选中节点 1046, 新增覆盖 14
2025-12-19 18:21:54,596 - INFO -   - 券 52/140 选中节点 145, 新增覆盖 16
2025-12-19 18:21:54,767 - INFO -   - 券 53/140 选中节点 4030, 新增覆盖 13
2025-12-19 18:21:54,929 - INFO -   - 券 54/140 选中节点 3950, 新增覆盖 12
2025-12-19 18:21:55,100 - INFO -   - 券 55/140 选中节点 1808, 新增覆盖 13
2025-12-19 18:21:55,281 - INFO -   - 券 56/140 选中节点 4029, 新增覆盖 12
2025-12-19 18:21:55,482 - INFO -   - 券 57/140 选中节点 1319, 新增覆盖 12
2025-12-19 18:21:55,703 - INFO -   - 券 58/140 选中节点 1696, 新增覆盖 16
2025-12-19 18:21:55,860 - INFO -   - 券 59/140 选中节点 2006, 新增覆盖 12
2025-12-19 18:21:56,038 - INFO -   - 券 60/140 选中节点 1562, 新增覆盖 11
2025-12-19 18:21:56,216 - INFO -   - 券 61/140 选中节点 1746, 新增覆盖 9
2025-12-19 18:21:56,385 - INFO -   - 券 62/140 选中节点 4035, 新增覆盖 10
2025-12-19 18:21:56,580 - INFO -   - 券 63/140 选中节点 1767, 新增覆盖 12
2025-12-19 18:21:56,777 - INFO -   - 券 64/140 选中节点 2406, 新增覆盖 13
2025-12-19 18:21:56,974 - INFO -   - 券 65/140 选中节点 605, 新增覆盖 10
2025-12-19 18:21:57,154 - INFO -   - 券 66/140 选中节点 3766, 新增覆盖 11
2025-12-19 18:21:57,371 - INFO -   - 券 67/140 选中节点 3868, 新增覆盖 12
2025-12-19 18:21:57,597 - INFO -   - 券 68/140 选中节点 2021, 新增覆盖 11
2025-12-19 18:21:57,812 - INFO -   - 券 69/140 选中节点 3978, 新增覆盖 14
2025-12-19 18:21:58,022 - INFO -   - 券 70/140 选中节点 2036, 新增覆盖 15
2025-12-19 18:21:58,306 - INFO -   - 券 71/140 选中节点 1506, 新增覆盖 13
2025-12-19 18:21:58,540 - INFO -   - 券 72/140 选中节点 2037, 新增覆盖 13
2025-12-19 18:21:58,756 - INFO -   - 券 73/140 选中节点 11, 新增覆盖 12
2025-12-19 18:21:58,976 - INFO -   - 券 74/140 选中节点 2271, 新增覆盖 8
2025-12-19 18:21:59,234 - INFO -   - 券 75/140 选中节点 335, 新增覆盖 12
2025-12-19 18:21:59,479 - INFO -   - 券 76/140 选中节点 33, 新增覆盖 12
2025-12-19 18:21:59,741 - INFO -   - 券 77/140 选中节点 3859, 新增覆盖 11
2025-12-19 18:21:59,973 - INFO -   - 券 78/140 选中节点 3274, 新增覆盖 9
2025-12-19 18:22:00,192 - INFO -   - 券 79/140 选中节点 812, 新增覆盖 10
2025-12-19 18:22:00,426 - INFO -   - 券 80/140 选中节点 215, 新增覆盖 11
2025-12-19 18:22:00,660 - INFO -   - 券 81/140 选中节点 3943, 新增覆盖 11
2025-12-19 18:22:00,894 - INFO -   - 券 82/140 选中节点 1067, 新增覆盖 10
2025-12-19 18:22:01,187 - INFO -   - 券 83/140 选中节点 4034, 新增覆盖 11
2025-12-19 18:22:01,407 - INFO -   - 券 84/140 选中节点 4036, 新增覆盖 11
2025-12-19 18:22:01,640 - INFO -   - 券 85/140 选中节点 1789, 新增覆盖 12
2025-12-19 18:22:01,862 - INFO -   - 券 86/140 选中节点 404, 新增覆盖 11
2025-12-19 18:22:02,133 - INFO -   - 券 87/140 选中节点 90, 新增覆盖 10
2025-12-19 18:22:02,314 - INFO -   - 券 88/140 选中节点 1603, 新增覆盖 11
2025-12-19 18:22:02,548 - INFO -   - 券 89/140 选中节点 282, 新增覆盖 10
2025-12-19 18:22:02,856 - INFO -   - 券 90/140 选中节点 1786, 新增覆盖 10
2025-12-19 18:22:03,111 - INFO -   - 券 91/140 选中节点 3834, 新增覆盖 12
2025-12-19 18:22:03,363 - INFO -   - 券 92/140 选中节点 3987, 新增覆盖 11
2025-12-19 18:22:03,604 - INFO -   - 券 93/140 选中节点 952, 新增覆盖 10
2025-12-19 18:22:03,869 - INFO -   - 券 94/140 选中节点 1572, 新增覆盖 10
2025-12-19 18:22:04,132 - INFO -   - 券 95/140 选中节点 1763, 新增覆盖 11
2025-12-19 18:22:04,384 - INFO -   - 券 96/140 选中节点 42, 新增覆盖 12
2025-12-19 18:22:04,709 - INFO -   - 券 97/140 选中节点 631, 新增覆盖 11
2025-12-19 18:22:04,974 - INFO -   - 券 98/140 选中节点 3865, 新增覆盖 9
2025-12-19 18:22:05,292 - INFO -   - 券 99/140 选中节点 1511, 新增覆盖 8
2025-12-19 18:22:05,580 - INFO -   - 券 100/140 选中节点 3764, 新增覆盖 11
2025-12-19 18:22:05,885 - INFO -   - 券 101/140 选中节点 3603, 新增覆盖 10
2025-12-19 18:22:06,186 - INFO -   - 券 102/140 选中节点 233, 新增覆盖 10
2025-12-19 18:22:06,543 - INFO -   - 券 103/140 选中节点 210, 新增覆盖 10
2025-12-19 18:22:06,810 - INFO -   - 券 104/140 选中节点 3751, 新增覆盖 9
2025-12-19 18:22:07,084 - INFO -   - 券 105/140 选中节点 253, 新增覆盖 10
2025-12-19 18:22:07,416 - INFO -   - 券 106/140 选中节点 71, 新增覆盖 9
2025-12-19 18:22:07,701 - INFO -   - 券 107/140 选中节点 321, 新增覆盖 8
2025-12-19 18:22:08,018 - INFO -   - 券 108/140 选中节点 3885, 新增覆盖 10
2025-12-19 18:22:08,293 - INFO -   - 券 109/140 选中节点 2421, 新增覆盖 8
2025-12-19 18:22:08,623 - INFO -   - 券 110/140 选中节点 3866, 新增覆盖 13
2025-12-19 18:22:08,896 - INFO -   - 券 111/140 选中节点 52, 新增覆盖 8
2025-12-19 18:22:09,162 - INFO -   - 券 112/140 选中节点 228, 新增覆盖 8
2025-12-19 18:22:09,568 - INFO -   - 券 113/140 选中节点 2754, 新增覆盖 11
2025-12-19 18:22:09,879 - INFO -   - 券 114/140 选中节点 3815, 新增覆盖 11
2025-12-19 18:22:10,161 - INFO -   - 券 115/140 选中节点 3990, 新增覆盖 10
2025-12-19 18:22:10,500 - INFO -   - 券 116/140 选中节点 1547, 新增覆盖 9
2025-12-19 18:22:10,819 - INFO -   - 券 117/140 选中节点 2553, 新增覆盖 10
2025-12-19 18:22:11,173 - INFO -   - 券 118/140 选中节点 3965, 新增覆盖 8
2025-12-19 18:22:11,487 - INFO -   - 券 119/140 选中节点 305, 新增覆盖 10
2025-12-19 18:22:11,971 - INFO -   - 券 120/140 选中节点 488, 新增覆盖 10
2025-12-19 18:22:12,340 - INFO -   - 券 121/140 选中节点 241, 新增覆盖 11
2025-12-19 18:22:12,744 - INFO -   - 券 122/140 选中节点 397, 新增覆盖 8
2025-12-19 18:22:13,183 - INFO -   - 券 123/140 选中节点 1807, 新增覆盖 9
2025-12-19 18:22:13,615 - INFO -   - 券 124/140 选中节点 1793, 新增覆盖 8
2025-12-19 18:22:13,971 - INFO -   - 券 125/140 选中节点 166, 新增覆盖 10
2025-12-19 18:22:14,339 - INFO -   - 券 126/140 选中节点 179, 新增覆盖 9
2025-12-19 18:22:14,709 - INFO -   - 券 127/140 选中节点 201, 新增覆盖 9
2025-12-19 18:22:15,085 - INFO -   - 券 128/140 选中节点 1541, 新增覆盖 11
2025-12-19 18:22:15,457 - INFO -   - 券 129/140 选中节点 2357, 新增覆盖 9
2025-12-19 18:22:15,839 - INFO -   - 券 130/140 选中节点 234, 新增覆盖 13
2025-12-19 18:22:16,200 - INFO -   - 券 131/140 选中节点 316, 新增覆盖 9
2025-12-19 18:22:16,515 - INFO -   - 券 132/140 选中节点 47, 新增覆盖 10
2025-12-19 18:22:16,893 - INFO -   - 券 133/140 选中节点 120, 新增覆盖 9
2025-12-19 18:22:17,249 - INFO -   - 券 134/140 选中节点 1524, 新增覆盖 8
2025-12-19 18:22:17,647 - INFO -   - 券 135/140 选中节点 1599, 新增覆盖 11
2025-12-19 18:22:18,020 - INFO -   - 券 136/140 选中节点 2670, 新增覆盖 9
2025-12-19 18:22:18,413 - INFO -   - 券 137/140 选中节点 307, 新增覆盖 10
2025-12-19 18:22:18,907 - INFO -   - 券 138/140 选中节点 2005, 新增覆盖 10
2025-12-19 18:22:19,301 - INFO -   - 券 139/140 选中节点 2786, 新增覆盖 11
2025-12-19 18:22:19,724 - INFO -   - 券 140/140 选中节点 70, 新增覆盖 10
2025-12-19 18:22:19,725 - INFO - 选种完毕。耗时: 35.07 秒。
2025-12-19 18:22:19,818 - INFO - 最终选择的种子集: [4025, 2029, 4012, 2575, 3812, 3730, 3986, 114, 74, 1760, 710, 3139, 4023, 692, 18, 4016, 4003, 4010, 2711, 209, 2612, 292, 1526, 3195, 1812, 1946, 287, 3495, 3497, 1894, 37, 244, 3415, 1764, 4013, 43, 1750, 872, 3821, 4032, 35, 3335, 3748, 15, 12, 3676, 1776, 4008, 3342, 1837, 1046, 145, 4030, 3950, 1808, 4029, 1319, 1696, 2006, 1562, 1746, 4035, 1767, 2406, 605, 3766, 3868, 2021, 3978, 2036, 1506, 2037, 11, 2271, 335, 33, 3859, 3274, 812, 215, 3943, 1067, 4034, 4036, 1789, 404, 90, 1603, 282, 1786, 3834, 3987, 952, 1572, 1763, 42, 631, 3865, 1511, 3764, 3603, 233, 210, 3751, 253, 71, 321, 3885, 2421, 3866, 52, 228, 2754, 3815, 3990, 1547, 2553, 3965, 305, 488, 241, 397, 1807, 1793, 166, 179, 201, 1541, 2357, 234, 316, 47, 120, 1524, 1599, 2670, 307, 2005, 2786, 70]

2025-12-19 18:22:24,633 - INFO - 当前用时 140.40 秒
2025-12-19 18:22:24,639 - INFO - 将种子集 写入位置: /root/pythonspace/data-test/facebook/2025-12-19-master-updatediscardpro+AgainContinue+numsimu+updatesuccpro/seeds-with-facebook/powerlaw_ris_coverage_seedNum-140_SSRNum-160000.txt
2025-12-19 18:22:24,641 - INFO - 评估种子集: None
2025-12-19 18:22:24,641 - INFO - 多进程评估开始，共有 5 个方法待评估...
2025-12-19 18:22:24,641 - INFO - 启动进程池，Worker数量: 5
2025-12-19 18:22:25,851 - INFO - [Process 53843] 开始评估方法: random, 种子数: 140
2025-12-19 18:22:26,815 - INFO - [Process 53844] 开始评估方法: degreeTopM, 种子数: 140
2025-12-19 18:22:27,676 - INFO - [Process 53845] 开始评估方法: alpha_sort, 种子数: 140
2025-12-19 18:22:28,722 - INFO - [Process 53846] 开始评估方法: importance_sort, 种子数: 140
2025-12-19 18:22:30,254 - INFO - [Process 53847] 开始评估方法: ris_coverage, 种子数: 140
2025-12-19 18:23:58,299 - INFO - [Process 53845] alpha_sort - 300 sims 完成: E=23.59
2025-12-19 18:24:17,318 - INFO - [Process 53847] ris_coverage - 300 sims 完成: E=23.35
2025-12-19 18:24:23,318 - INFO - [Process 53846] importance_sort - 300 sims 完成: E=23.59
2025-12-19 18:26:11,287 - INFO - [Process 53843] random - 300 sims 完成: E=7.86
2025-12-19 18:28:47,172 - INFO - [Process 53844] degreeTopM - 300 sims 完成: E=4.43
2025-12-19 18:28:47,246 - INFO - 所有进程执行完毕，开始写入数据...
2025-12-19 18:28:47,253 - INFO - 成功写入 5 条记录至 /root/pythonspace/data-test/facebook/2025-12-19-master-updatediscardpro+AgainContinue+numsimu+updatesuccpro/E-activated-facebook/distribution-powerlaw/tsd_1.5--0.5-0.5/single_sim_func-AgainContinue/simuTimes-300_monteCarloL-10_single_sim_func-AgainContinue_rrNumSamples-160000.csv
2025-12-19 18:28:47,254 - INFO - 保存评估文件至: /root/pythonspace/data-test/facebook/2025-12-19-master-updatediscardpro+AgainContinue+numsimu+updatesuccpro/E-activated-facebook/distribution-powerlaw/tsd_1.5--0.5-0.5/single_sim_func-AgainContinue/simuTimes-300_monteCarloL-10_single_sim_func-AgainContinue_rrNumSamples-160000.csv
