2025-12-19 17:48:16,379 - INFO - 加载数据集: facebook
2025-12-19 17:48:16,384 - INFO - 首次生成度相关概率分布 分布类型: 'powerlaw'.
2025-12-19 17:48:16,385 - INFO - ===> Generating 'Power-law Degree-Aware' distributions...
2025-12-19 17:48:16,393 - INFO - 保存概率分布 文件位置: /root/pythonspace/data-test/facebook/2025-12-19-master-updatediscardpro+AgainContinue+numsimu+updatesuccpro/distribution-in-facebook/distribution-powerlaw_seedNum-50.pkl
2025-12-19 17:48:16,478 - INFO - 首次生成种子集 random
2025-12-19 17:48:16,478 - INFO - 执行当前算法开始: random
2025-12-19 17:48:16,478 - INFO - 数据集节点总数:  n = 4039, m = 50
2025-12-19 17:48:16,478 - INFO - 选择 50  [1364, 2725, 3439, 2156, 3582, 334, 3222, 2580, 2354, 1992, 3429, 3597, 766, 3702, 2196, 325, 3430, 2080, 1079, 565, 3435, 868, 3698, 761, 2016, 3061, 658, 484, 3395, 3777, 2464, 2939, 2857, 3263, 114, 1123, 2778, 3323, 1076, 1549, 2930, 2728, 2336, 458, 2709, 2729, 3120, 3532, 1101, 1920]

2025-12-19 17:48:16,478 - INFO - 当前用时 0.00 秒
2025-12-19 17:48:16,479 - INFO - 将种子集 写入位置: /root/pythonspace/data-test/facebook/2025-12-19-master-updatediscardpro+AgainContinue+numsimu+updatesuccpro/seeds-with-facebook/powerlaw_random_seedNum-50_SSRNum-160000.txt
2025-12-19 17:48:16,479 - INFO - 首次生成种子集 degreeTopM
2025-12-19 17:48:16,479 - INFO - 执行当前算法开始: degreeTopM
2025-12-19 17:48:16,479 - INFO - 依据: 选择连接数（度数）最多的节点。
2025-12-19 17:48:16,481 - INFO - 选择的 Top M 节点及其度数:
2025-12-19 17:48:16,481 - INFO - 
2025-12-19 17:48:16,481 - INFO - 当前用时 0.00 秒
2025-12-19 17:48:16,481 - INFO - 将种子集 写入位置: /root/pythonspace/data-test/facebook/2025-12-19-master-updatediscardpro+AgainContinue+numsimu+updatesuccpro/seeds-with-facebook/powerlaw_degreeTopM_seedNum-50_SSRNum-160000.txt
2025-12-19 17:48:16,481 - INFO - 首次生成种子集 alpha_sort
2025-12-19 17:48:16,482 - INFO - 执行当前算法开始: alpha_sort
2025-12-19 17:48:16,543 - INFO - 4039 个节点的alpha值降序排序 done
2025-12-19 17:48:16,543 - INFO - ==============>> [(1046, 0.18686364410546907), (3766, 0.18260118297227934), (3335, 0.1809509295593998), (335, 0.17892685290443572), (1526, 0.17866320757653), (3834, 0.1781948289092491), (1603, 0.17713146249665998), (287, 0.17457918746481454), (582, 0.17196093112306718), (1319, 0.1718548758229069)]
2025-12-19 17:48:16,543 - INFO - 
选择的种子集 (按alpha排序): [1046, 3766, 3335, 335, 1526, 3834, 1603, 287, 582, 1319, 114, 4016, 1808, 1837, 2406, 1812, 3748, 3676, 692, 404, 1760, 215, 952, 3603, 2612, 4023, 1786, 18, 2754, 12, 1764, 3497, 397, 3987, 2575, 11, 4012, 2036, 3812, 3730, 1763, 4010, 3139, 3435, 74, 1946, 3978, 3342, 37, 3495]

2025-12-19 17:48:16,544 - INFO - 当前用时 0.06 秒
2025-12-19 17:48:16,544 - INFO - 将种子集 写入位置: /root/pythonspace/data-test/facebook/2025-12-19-master-updatediscardpro+AgainContinue+numsimu+updatesuccpro/seeds-with-facebook/powerlaw_alpha_sort_seedNum-50_SSRNum-160000.txt
2025-12-19 17:48:16,544 - INFO - 首次生成种子集 importance_sort
2025-12-19 17:48:16,545 - INFO - 执行当前算法开始: importance_sort
2025-12-19 17:48:21,368 - INFO - 4039 个节点的Importance值降序排序 done
2025-12-19 17:48:21,369 - INFO - 
选择的种子集 (按Importance排序): [1046, 3766, 3335, 335, 1526, 3834, 1603, 287, 582, 1319, 114, 4016, 1808, 1837, 2406, 1812, 3748, 3676, 692, 404, 1760, 215, 952, 3603, 2612, 4023, 1786, 18, 2754, 12, 1764, 3497, 397, 3987, 2575, 11, 4012, 2036, 3812, 3730, 1763, 4010, 3139, 3435, 74, 1946, 3978, 3342, 37, 3495]

2025-12-19 17:48:21,369 - INFO - 当前用时 4.82 秒
2025-12-19 17:48:21,370 - INFO - 将种子集 写入位置: /root/pythonspace/data-test/facebook/2025-12-19-master-updatediscardpro+AgainContinue+numsimu+updatesuccpro/seeds-with-facebook/powerlaw_importance_sort_seedNum-50_SSRNum-160000.txt
2025-12-19 17:48:21,370 - INFO - 首次生成种子集 ris_coverage
2025-12-19 17:48:21,370 - INFO - 执行当前算法开始: ris_coverage
2025-12-19 17:48:21,802 - INFO - 图初始化完成，节点数: 4039，CSR 矩阵准备就绪。
2025-12-19 17:48:21,803 - INFO - 
开始生成 160000 组 SSR (并行进程: 8)...
2025-12-19 17:48:52,558 - INFO - 生成完毕。耗时: 30.75 秒。
2025-12-19 17:48:52,559 - INFO - 
开始选择最优种子 (Optimized Greedy) ...
2025-12-19 17:48:54,678 - INFO -   - 券 1/50 选中节点 4010, 新增覆盖 14
2025-12-19 17:48:54,688 - INFO -   - 券 2/50 选中节点 2036, 新增覆盖 14
2025-12-19 17:48:54,700 - INFO -   - 券 3/50 选中节点 3748, 新增覆盖 16
2025-12-19 17:48:54,713 - INFO -   - 券 4/50 选中节点 4025, 新增覆盖 13
2025-12-19 17:48:54,727 - INFO -   - 券 5/50 选中节点 114, 新增覆盖 13
2025-12-19 17:48:54,750 - INFO -   - 券 6/50 选中节点 1837, 新增覆盖 14
2025-12-19 17:48:54,787 - INFO -   - 券 7/50 选中节点 1046, 新增覆盖 12
2025-12-19 17:48:54,834 - INFO -   - 券 8/50 选中节点 1808, 新增覆盖 16
2025-12-19 17:48:54,875 - INFO -   - 券 9/50 选中节点 287, 新增覆盖 12
2025-12-19 17:48:54,919 - INFO -   - 券 10/50 选中节点 3497, 新增覆盖 15
2025-12-19 17:48:54,948 - INFO -   - 券 11/50 选中节点 404, 新增覆盖 12
2025-12-19 17:48:55,020 - INFO -   - 券 12/50 选中节点 692, 新增覆盖 12
2025-12-19 17:48:55,092 - INFO -   - 券 13/50 选中节点 3766, 新增覆盖 17
2025-12-19 17:48:55,155 - INFO -   - 券 14/50 选中节点 12, 新增覆盖 15
2025-12-19 17:48:55,226 - INFO -   - 券 15/50 选中节点 3834, 新增覆盖 13
2025-12-19 17:48:55,296 - INFO -   - 券 16/50 选中节点 3978, 新增覆盖 14
2025-12-19 17:48:55,366 - INFO -   - 券 17/50 选中节点 3865, 新增覆盖 15
2025-12-19 17:48:55,416 - INFO -   - 券 18/50 选中节点 1764, 新增覆盖 14
2025-12-19 17:48:55,479 - INFO -   - 券 19/50 选中节点 952, 新增覆盖 11
2025-12-19 17:48:55,563 - INFO -   - 券 20/50 选中节点 335, 新增覆盖 12
2025-12-19 17:48:55,644 - INFO -   - 券 21/50 选中节点 3987, 新增覆盖 13
2025-12-19 17:48:55,725 - INFO -   - 券 22/50 选中节点 1812, 新增覆盖 13
2025-12-19 17:48:55,796 - INFO -   - 券 23/50 选中节点 2754, 新增覆盖 12
2025-12-19 17:48:55,861 - INFO -   - 券 24/50 选中节点 210, 新增覆盖 13
2025-12-19 17:48:55,972 - INFO -   - 券 25/50 选中节点 145, 新增覆盖 12
2025-12-19 17:48:56,077 - INFO -   - 券 26/50 选中节点 2037, 新增覆盖 12
2025-12-19 17:48:56,154 - INFO -   - 券 27/50 选中节点 209, 新增覆盖 14
2025-12-19 17:48:56,279 - INFO -   - 券 28/50 选中节点 2406, 新增覆盖 13
2025-12-19 17:48:56,405 - INFO -   - 券 29/50 选中节点 1946, 新增覆盖 11
2025-12-19 17:48:56,533 - INFO -   - 券 30/50 选中节点 1760, 新增覆盖 12
2025-12-19 17:48:56,633 - INFO -   - 券 31/50 选中节点 4023, 新增覆盖 13
2025-12-19 17:48:56,742 - INFO -   - 券 32/50 选中节点 1526, 新增覆盖 13
2025-12-19 17:48:56,859 - INFO -   - 券 33/50 选中节点 4016, 新增覆盖 12
2025-12-19 17:48:56,952 - INFO -   - 券 34/50 选中节点 2357, 新增覆盖 10
2025-12-19 17:48:57,081 - INFO -   - 券 35/50 选中节点 4035, 新增覆盖 13
2025-12-19 17:48:57,219 - INFO -   - 券 36/50 选中节点 37, 新增覆盖 11
2025-12-19 17:48:57,327 - INFO -   - 券 37/50 选中节点 179, 新增覆盖 11
2025-12-19 17:48:57,459 - INFO -   - 券 38/50 选中节点 1541, 新增覆盖 12
2025-12-19 17:48:57,624 - INFO -   - 券 39/50 选中节点 42, 新增覆盖 13
2025-12-19 17:48:57,759 - INFO -   - 券 40/50 选中节点 3730, 新增覆盖 12
2025-12-19 17:48:57,867 - INFO -   - 券 41/50 选中节点 4030, 新增覆盖 12
2025-12-19 17:48:58,027 - INFO -   - 券 42/50 选中节点 1319, 新增覆盖 11
2025-12-19 17:48:58,165 - INFO -   - 券 43/50 选中节点 43, 新增覆盖 11
2025-12-19 17:48:58,290 - INFO -   - 券 44/50 选中节点 241, 新增覆盖 10
2025-12-19 17:48:58,479 - INFO -   - 券 45/50 选中节点 710, 新增覆盖 12
2025-12-19 17:48:58,628 - INFO -   - 券 46/50 选中节点 2021, 新增覆盖 10
2025-12-19 17:48:58,793 - INFO -   - 券 47/50 选中节点 1920, 新增覆盖 12
2025-12-19 17:48:58,993 - INFO -   - 券 48/50 选中节点 74, 新增覆盖 12
2025-12-19 17:48:59,177 - INFO -   - 券 49/50 选中节点 18, 新增覆盖 14
2025-12-19 17:48:59,414 - INFO -   - 券 50/50 选中节点 4007, 新增覆盖 12
2025-12-19 17:48:59,415 - INFO - 选种完毕。耗时: 6.86 秒。
2025-12-19 17:48:59,450 - INFO - 最终选择的种子集: [4010, 2036, 3748, 4025, 114, 1837, 1046, 1808, 287, 3497, 404, 692, 3766, 12, 3834, 3978, 3865, 1764, 952, 335, 3987, 1812, 2754, 210, 145, 2037, 209, 2406, 1946, 1760, 4023, 1526, 4016, 2357, 4035, 37, 179, 1541, 42, 3730, 4030, 1319, 43, 241, 710, 2021, 1920, 74, 18, 4007]

2025-12-19 17:49:01,642 - INFO - 当前用时 40.27 秒
2025-12-19 17:49:01,644 - INFO - 将种子集 写入位置: /root/pythonspace/data-test/facebook/2025-12-19-master-updatediscardpro+AgainContinue+numsimu+updatesuccpro/seeds-with-facebook/powerlaw_ris_coverage_seedNum-50_SSRNum-160000.txt
2025-12-19 17:49:01,645 - INFO - 评估种子集: None
2025-12-19 17:49:01,645 - INFO - 多进程评估开始，共有 5 个方法待评估...
2025-12-19 17:49:01,645 - INFO - 启动进程池，Worker数量: 5
2025-12-19 17:49:03,097 - INFO - [Process 46818] 开始评估方法: random, 种子数: 50
2025-12-19 17:49:03,959 - INFO - [Process 46819] 开始评估方法: degreeTopM, 种子数: 50
2025-12-19 17:49:05,028 - INFO - [Process 46820] 开始评估方法: alpha_sort, 种子数: 50
2025-12-19 17:49:06,539 - INFO - [Process 46821] 开始评估方法: importance_sort, 种子数: 50
2025-12-19 17:49:07,886 - INFO - [Process 46822] 开始评估方法: ris_coverage, 种子数: 50
2025-12-19 17:49:37,974 - INFO - [Process 46822] ris_coverage - 300 sims 完成: E=9.63
2025-12-19 17:49:41,146 - INFO - [Process 46820] alpha_sort - 300 sims 完成: E=9.72
2025-12-19 17:49:44,323 - INFO - [Process 46821] importance_sort - 300 sims 完成: E=9.72
2025-12-19 17:50:36,484 - INFO - [Process 46818] random - 300 sims 完成: E=2.97
2025-12-19 17:51:42,590 - INFO - [Process 46819] degreeTopM - 300 sims 完成: E=1.74
2025-12-19 17:51:42,666 - INFO - 所有进程执行完毕，开始写入数据...
2025-12-19 17:51:42,675 - INFO - 成功写入 5 条记录至 /root/pythonspace/data-test/facebook/2025-12-19-master-updatediscardpro+AgainContinue+numsimu+updatesuccpro/E-activated-facebook/distribution-powerlaw/tsd_1.5--0.5-0.5/single_sim_func-AgainContinue/simuTimes-300_monteCarloL-10_single_sim_func-AgainContinue_rrNumSamples-160000.csv
2025-12-19 17:51:42,679 - INFO - 保存评估文件至: /root/pythonspace/data-test/facebook/2025-12-19-master-updatediscardpro+AgainContinue+numsimu+updatesuccpro/E-activated-facebook/distribution-powerlaw/tsd_1.5--0.5-0.5/single_sim_func-AgainContinue/simuTimes-300_monteCarloL-10_single_sim_func-AgainContinue_rrNumSamples-160000.csv
2025-12-19 17:51:42,692 - INFO - 加载数据集: facebook
2025-12-19 17:51:42,700 - INFO - 首次生成度相关概率分布 分布类型: 'powerlaw'.
2025-12-19 17:51:42,700 - INFO - ===> Generating 'Power-law Degree-Aware' distributions...
2025-12-19 17:51:42,706 - INFO - 保存概率分布 文件位置: /root/pythonspace/data-test/facebook/2025-12-19-master-updatediscardpro+AgainContinue+numsimu+updatesuccpro/distribution-in-facebook/distribution-powerlaw_seedNum-60.pkl
2025-12-19 17:51:42,831 - INFO - 首次生成种子集 random
2025-12-19 17:51:42,836 - INFO - 执行当前算法开始: random
2025-12-19 17:51:42,836 - INFO - 数据集节点总数:  n = 4039, m = 60
2025-12-19 17:51:42,836 - INFO - 选择 60  [577, 51, 693, 2624, 3001, 2118, 542, 2951, 3288, 1981, 617, 114, 1362, 2034, 2247, 794, 3527, 2359, 798, 104, 2963, 1659, 146, 986, 442, 3259, 2095, 43, 31, 2261, 858, 2436, 1889, 3370, 425, 2052, 2906, 3127, 563, 1467, 2531, 2994, 2080, 1452, 3930, 2051, 2067, 2568, 3279, 3121, 3700, 610, 4003, 651, 53, 2980, 2415, 2155, 3342, 1625]

2025-12-19 17:51:42,836 - INFO - 当前用时 0.00 秒
2025-12-19 17:51:42,836 - INFO - 将种子集 写入位置: /root/pythonspace/data-test/facebook/2025-12-19-master-updatediscardpro+AgainContinue+numsimu+updatesuccpro/seeds-with-facebook/powerlaw_random_seedNum-60_SSRNum-160000.txt
2025-12-19 17:51:42,836 - INFO - 首次生成种子集 degreeTopM
2025-12-19 17:51:42,837 - INFO - 执行当前算法开始: degreeTopM
2025-12-19 17:51:42,837 - INFO - 依据: 选择连接数（度数）最多的节点。
2025-12-19 17:51:42,838 - INFO - 选择的 Top M 节点及其度数:
2025-12-19 17:51:42,843 - INFO - 
2025-12-19 17:51:42,843 - INFO - 当前用时 0.01 秒
2025-12-19 17:51:42,843 - INFO - 将种子集 写入位置: /root/pythonspace/data-test/facebook/2025-12-19-master-updatediscardpro+AgainContinue+numsimu+updatesuccpro/seeds-with-facebook/powerlaw_degreeTopM_seedNum-60_SSRNum-160000.txt
2025-12-19 17:51:42,843 - INFO - 首次生成种子集 alpha_sort
2025-12-19 17:51:42,843 - INFO - 执行当前算法开始: alpha_sort
2025-12-19 17:51:42,846 - INFO - 4039 个节点的alpha值降序排序 done
2025-12-19 17:51:42,851 - INFO - ==============>> [(4010, 0.1900603322837748), (1760, 0.18731170743796846), (1808, 0.18009851834939014), (11, 0.1755834372027466), (3676, 0.1734024751896904), (631, 0.17239089043770808), (3748, 0.17132500958102506), (3435, 0.17059476290114203), (2029, 0.17014603046105414), (3834, 0.1699822990794856)]
2025-12-19 17:51:42,851 - INFO - 
选择的种子集 (按alpha排序): [4010, 1760, 1808, 11, 3676, 631, 3748, 3435, 2029, 3834, 692, 1046, 3195, 2711, 1764, 3059, 1946, 2021, 2575, 3139, 3730, 209, 2612, 3812, 3603, 3342, 1837, 2754, 335, 215, 1767, 952, 43, 397, 1786, 1763, 3865, 18, 1319, 605, 2037, 3868, 1067, 114, 3497, 1526, 15, 292, 1750, 3978, 2406, 3766, 872, 12, 4016, 582, 404, 1776, 4025, 1696]

2025-12-19 17:51:42,851 - INFO - 当前用时 0.01 秒
2025-12-19 17:51:42,852 - INFO - 将种子集 写入位置: /root/pythonspace/data-test/facebook/2025-12-19-master-updatediscardpro+AgainContinue+numsimu+updatesuccpro/seeds-with-facebook/powerlaw_alpha_sort_seedNum-60_SSRNum-160000.txt
2025-12-19 17:51:42,852 - INFO - 首次生成种子集 importance_sort
2025-12-19 17:51:42,852 - INFO - 执行当前算法开始: importance_sort
2025-12-19 17:51:49,779 - INFO - 4039 个节点的Importance值降序排序 done
2025-12-19 17:51:49,783 - INFO - 
选择的种子集 (按Importance排序): [4010, 1760, 1808, 11, 3676, 631, 3748, 3435, 2029, 3834, 692, 1046, 3195, 2711, 1764, 3059, 1946, 2021, 2575, 3139, 3730, 209, 2612, 3812, 3603, 3342, 1837, 2754, 335, 215, 1767, 952, 43, 397, 1786, 1763, 3865, 18, 1319, 605, 2037, 3868, 1067, 114, 3497, 1526, 15, 292, 1750, 3978, 2406, 3766, 872, 12, 4016, 582, 404, 1776, 4025, 1696]

2025-12-19 17:51:49,784 - INFO - 当前用时 6.93 秒
2025-12-19 17:51:49,785 - INFO - 将种子集 写入位置: /root/pythonspace/data-test/facebook/2025-12-19-master-updatediscardpro+AgainContinue+numsimu+updatesuccpro/seeds-with-facebook/powerlaw_importance_sort_seedNum-60_SSRNum-160000.txt
2025-12-19 17:51:49,785 - INFO - 首次生成种子集 ris_coverage
2025-12-19 17:51:49,785 - INFO - 执行当前算法开始: ris_coverage
2025-12-19 17:51:50,352 - INFO - 图初始化完成，节点数: 4039，CSR 矩阵准备就绪。
2025-12-19 17:51:50,357 - INFO - 
开始生成 160000 组 SSR (并行进程: 8)...
2025-12-19 17:52:42,399 - INFO - 生成完毕。耗时: 52.04 秒。
2025-12-19 17:52:42,400 - INFO - 
开始选择最优种子 (Optimized Greedy) ...
2025-12-19 17:52:44,881 - INFO -   - 券 1/60 选中节点 1319, 新增覆盖 12
2025-12-19 17:52:44,884 - INFO -   - 券 2/60 选中节点 15, 新增覆盖 16
2025-12-19 17:52:44,899 - INFO -   - 券 3/60 选中节点 3059, 新增覆盖 12
2025-12-19 17:52:44,914 - INFO -   - 券 4/60 选中节点 2029, 新增覆盖 13
2025-12-19 17:52:44,932 - INFO -   - 券 5/60 选中节点 3990, 新增覆盖 12
2025-12-19 17:52:44,959 - INFO -   - 券 6/60 选中节点 335, 新增覆盖 14
2025-12-19 17:52:44,986 - INFO -   - 券 7/60 选中节点 4010, 新增覆盖 14
2025-12-19 17:52:45,013 - INFO -   - 券 8/60 选中节点 1789, 新增覆盖 16
2025-12-19 17:52:45,061 - INFO -   - 券 9/60 选中节点 2612, 新增覆盖 14
2025-12-19 17:52:45,100 - INFO -   - 券 10/60 选中节点 2021, 新增覆盖 13
2025-12-19 17:52:45,137 - INFO -   - 券 11/60 选中节点 11, 新增覆盖 13
2025-12-19 17:52:45,175 - INFO -   - 券 12/60 选中节点 1763, 新增覆盖 11
2025-12-19 17:52:45,222 - INFO -   - 券 13/60 选中节点 2575, 新增覆盖 11
2025-12-19 17:52:45,278 - INFO -   - 券 14/60 选中节点 4029, 新增覆盖 17
2025-12-19 17:52:45,337 - INFO -   - 券 15/60 选中节点 4036, 新增覆盖 13
2025-12-19 17:52:45,406 - INFO -   - 券 16/60 选中节点 3766, 新增覆盖 14
2025-12-19 17:52:45,486 - INFO -   - 券 17/60 选中节点 3748, 新增覆盖 12
2025-12-19 17:52:45,558 - INFO -   - 券 18/60 选中节点 209, 新增覆盖 14
2025-12-19 17:52:45,622 - INFO -   - 券 19/60 选中节点 3139, 新增覆盖 10
2025-12-19 17:52:45,722 - INFO -   - 券 20/60 选中节点 1750, 新增覆盖 12
2025-12-19 17:52:45,796 - INFO -   - 券 21/60 选中节点 3495, 新增覆盖 14
2025-12-19 17:52:45,882 - INFO -   - 券 22/60 选中节点 33, 新增覆盖 12
2025-12-19 17:52:45,975 - INFO -   - 券 23/60 选中节点 1764, 新增覆盖 14
2025-12-19 17:52:46,056 - INFO -   - 券 24/60 选中节点 3730, 新增覆盖 11
2025-12-19 17:52:46,166 - INFO -   - 券 25/60 选中节点 233, 新增覆盖 16
2025-12-19 17:52:46,285 - INFO -   - 券 26/60 选中节点 4032, 新增覆盖 13
2025-12-19 17:52:46,385 - INFO -   - 券 27/60 选中节点 397, 新增覆盖 10
2025-12-19 17:52:46,459 - INFO -   - 券 28/60 选中节点 182, 新增覆盖 14
2025-12-19 17:52:46,561 - INFO -   - 券 29/60 选中节点 3987, 新增覆盖 11
2025-12-19 17:52:46,657 - INFO -   - 券 30/60 选中节点 3978, 新增覆盖 14
2025-12-19 17:52:46,794 - INFO -   - 券 31/60 选中节点 1786, 新增覆盖 11
2025-12-19 17:52:46,950 - INFO -   - 券 32/60 选中节点 3415, 新增覆盖 12
2025-12-19 17:52:47,096 - INFO -   - 券 33/60 选中节点 1776, 新增覆盖 15
2025-12-19 17:52:47,248 - INFO -   - 券 34/60 选中节点 692, 新增覆盖 14
2025-12-19 17:52:47,365 - INFO -   - 券 35/60 选中节点 1526, 新增覆盖 12
2025-12-19 17:52:47,542 - INFO -   - 券 36/60 选中节点 1046, 新增覆盖 12
2025-12-19 17:52:47,696 - INFO -   - 券 37/60 选中节点 4016, 新增覆盖 14
2025-12-19 17:52:47,829 - INFO -   - 券 38/60 选中节点 1603, 新增覆盖 14
2025-12-19 17:52:48,026 - INFO -   - 券 39/60 选中节点 114, 新增覆盖 12
2025-12-19 17:52:48,212 - INFO -   - 券 40/60 选中节点 4030, 新增覆盖 11
2025-12-19 17:52:48,394 - INFO -   - 券 41/60 选中节点 3865, 新增覆盖 10
2025-12-19 17:52:48,560 - INFO -   - 券 42/60 选中节点 3435, 新增覆盖 13
2025-12-19 17:52:48,713 - INFO -   - 券 43/60 选中节点 605, 新增覆盖 12
2025-12-19 17:52:48,884 - INFO -   - 券 44/60 选中节点 4008, 新增覆盖 11
2025-12-19 17:52:49,062 - INFO -   - 券 45/60 选中节点 4035, 新增覆盖 12
2025-12-19 17:52:49,210 - INFO -   - 券 46/60 选中节点 3676, 新增覆盖 11
2025-12-19 17:52:49,440 - INFO -   - 券 47/60 选中节点 1837, 新增覆盖 13
2025-12-19 17:52:49,612 - INFO -   - 券 48/60 选中节点 3603, 新增覆盖 11
2025-12-19 17:52:49,813 - INFO -   - 券 49/60 选中节点 1067, 新增覆盖 13
2025-12-19 17:52:49,960 - INFO -   - 券 50/60 选中节点 145, 新增覆盖 12
2025-12-19 17:52:50,124 - INFO -   - 券 51/60 选中节点 631, 新增覆盖 12
2025-12-19 17:52:50,316 - INFO -   - 券 52/60 选中节点 4023, 新增覆盖 12
2025-12-19 17:52:50,534 - INFO -   - 券 53/60 选中节点 952, 新增覆盖 11
2025-12-19 17:52:50,770 - INFO -   - 券 54/60 选中节点 404, 新增覆盖 10
2025-12-19 17:52:51,028 - INFO -   - 券 55/60 选中节点 3868, 新增覆盖 13
2025-12-19 17:52:51,271 - INFO -   - 券 56/60 选中节点 694, 新增覆盖 11
2025-12-19 17:52:51,499 - INFO -   - 券 57/60 选中节点 582, 新增覆盖 14
2025-12-19 17:52:51,720 - INFO -   - 券 58/60 选中节点 4034, 新增覆盖 11
2025-12-19 17:52:51,911 - INFO -   - 券 59/60 选中节点 1767, 新增覆盖 9
2025-12-19 17:52:52,134 - INFO -   - 券 60/60 选中节点 1946, 新增覆盖 11
2025-12-19 17:52:52,135 - INFO - 选种完毕。耗时: 9.74 秒。
2025-12-19 17:52:52,187 - INFO - 最终选择的种子集: [1319, 15, 3059, 2029, 3990, 335, 4010, 1789, 2612, 2021, 11, 1763, 2575, 4029, 4036, 3766, 3748, 209, 3139, 1750, 3495, 33, 1764, 3730, 233, 4032, 397, 182, 3987, 3978, 1786, 3415, 1776, 692, 1526, 1046, 4016, 1603, 114, 4030, 3865, 3435, 605, 4008, 4035, 3676, 1837, 3603, 1067, 145, 631, 4023, 952, 404, 3868, 694, 582, 4034, 1767, 1946]

2025-12-19 17:52:54,276 - INFO - 当前用时 64.49 秒
2025-12-19 17:52:54,277 - INFO - 将种子集 写入位置: /root/pythonspace/data-test/facebook/2025-12-19-master-updatediscardpro+AgainContinue+numsimu+updatesuccpro/seeds-with-facebook/powerlaw_ris_coverage_seedNum-60_SSRNum-160000.txt
2025-12-19 17:52:54,282 - INFO - 评估种子集: None
2025-12-19 17:52:54,283 - INFO - 多进程评估开始，共有 5 个方法待评估...
2025-12-19 17:52:54,283 - INFO - 启动进程池，Worker数量: 5
2025-12-19 17:52:55,595 - INFO - [Process 47930] 开始评估方法: random, 种子数: 60
2025-12-19 17:52:56,685 - INFO - [Process 47931] 开始评估方法: degreeTopM, 种子数: 60
2025-12-19 17:52:57,799 - INFO - [Process 47932] 开始评估方法: alpha_sort, 种子数: 60
2025-12-19 17:52:59,211 - INFO - [Process 47933] 开始评估方法: importance_sort, 种子数: 60
2025-12-19 17:53:00,519 - INFO - [Process 47934] 开始评估方法: ris_coverage, 种子数: 60
2025-12-19 17:53:49,702 - INFO - [Process 47933] importance_sort - 300 sims 完成: E=11.37
2025-12-19 17:53:50,327 - INFO - [Process 47934] ris_coverage - 300 sims 完成: E=10.74
2025-12-19 17:53:53,905 - INFO - [Process 47932] alpha_sort - 300 sims 完成: E=11.37
2025-12-19 17:54:53,543 - INFO - [Process 47930] random - 300 sims 完成: E=3.77
2025-12-19 17:56:27,765 - INFO - [Process 47931] degreeTopM - 300 sims 完成: E=2.01
2025-12-19 17:56:27,849 - INFO - 所有进程执行完毕，开始写入数据...
2025-12-19 17:56:27,854 - INFO - 成功写入 5 条记录至 /root/pythonspace/data-test/facebook/2025-12-19-master-updatediscardpro+AgainContinue+numsimu+updatesuccpro/E-activated-facebook/distribution-powerlaw/tsd_1.5--0.5-0.5/single_sim_func-AgainContinue/simuTimes-300_monteCarloL-10_single_sim_func-AgainContinue_rrNumSamples-160000.csv
2025-12-19 17:56:27,855 - INFO - 保存评估文件至: /root/pythonspace/data-test/facebook/2025-12-19-master-updatediscardpro+AgainContinue+numsimu+updatesuccpro/E-activated-facebook/distribution-powerlaw/tsd_1.5--0.5-0.5/single_sim_func-AgainContinue/simuTimes-300_monteCarloL-10_single_sim_func-AgainContinue_rrNumSamples-160000.csv
2025-12-19 17:56:27,869 - INFO - 加载数据集: facebook
2025-12-19 17:56:27,877 - INFO - 首次生成度相关概率分布 分布类型: 'powerlaw'.
2025-12-19 17:56:27,890 - INFO - ===> Generating 'Power-law Degree-Aware' distributions...
2025-12-19 17:56:27,892 - INFO - 保存概率分布 文件位置: /root/pythonspace/data-test/facebook/2025-12-19-master-updatediscardpro+AgainContinue+numsimu+updatesuccpro/distribution-in-facebook/distribution-powerlaw_seedNum-70.pkl
2025-12-19 17:56:27,977 - INFO - 首次生成种子集 random
2025-12-19 17:56:27,981 - INFO - 执行当前算法开始: random
2025-12-19 17:56:27,981 - INFO - 数据集节点总数:  n = 4039, m = 70
2025-12-19 17:56:27,982 - INFO - 选择 70  [3357, 2766, 49, 3754, 2688, 542, 764, 105, 818, 2773, 611, 198, 760, 616, 2198, 2748, 1225, 3952, 3257, 677, 3986, 2582, 3560, 3214, 817, 1554, 1052, 1682, 1670, 2016, 1535, 1803, 3762, 4004, 2506, 1427, 3790, 3716, 1622, 1526, 1249, 3698, 3003, 2000, 945, 1802, 812, 3974, 576, 3721, 1288, 1496, 1279, 1267, 365, 837, 2547, 2286, 2930, 3663, 3884, 3764, 2794, 2986, 3902, 1734, 3819, 3407, 1930, 3894]

2025-12-19 17:56:27,982 - INFO - 当前用时 0.00 秒
2025-12-19 17:56:27,982 - INFO - 将种子集 写入位置: /root/pythonspace/data-test/facebook/2025-12-19-master-updatediscardpro+AgainContinue+numsimu+updatesuccpro/seeds-with-facebook/powerlaw_random_seedNum-70_SSRNum-160000.txt
2025-12-19 17:56:27,983 - INFO - 首次生成种子集 degreeTopM
2025-12-19 17:56:27,983 - INFO - 执行当前算法开始: degreeTopM
2025-12-19 17:56:27,983 - INFO - 依据: 选择连接数（度数）最多的节点。
2025-12-19 17:56:27,984 - INFO - 选择的 Top M 节点及其度数:
2025-12-19 17:56:27,985 - INFO - 
2025-12-19 17:56:27,985 - INFO - 当前用时 0.00 秒
2025-12-19 17:56:27,985 - INFO - 将种子集 写入位置: /root/pythonspace/data-test/facebook/2025-12-19-master-updatediscardpro+AgainContinue+numsimu+updatesuccpro/seeds-with-facebook/powerlaw_degreeTopM_seedNum-70_SSRNum-160000.txt
2025-12-19 17:56:27,986 - INFO - 首次生成种子集 alpha_sort
2025-12-19 17:56:27,986 - INFO - 执行当前算法开始: alpha_sort
2025-12-19 17:56:27,988 - INFO - 4039 个节点的alpha值降序排序 done
2025-12-19 17:56:27,993 - INFO - ==============>> [(605, 0.1815492593765443), (3415, 0.17985102693775218), (292, 0.1795437637445706), (3865, 0.17873396414340062), (3497, 0.17766185846862337), (18, 0.17649795466380888), (872, 0.17604421538691478), (2021, 0.1750964844439359), (3195, 0.17369963331379687), (3834, 0.17047199533645027)]
2025-12-19 17:56:27,993 - INFO - 
选择的种子集 (按alpha排序): [605, 3415, 292, 3865, 3497, 18, 872, 2021, 3195, 3834, 1763, 692, 1319, 631, 4023, 2029, 3342, 210, 404, 1696, 3987, 3730, 1046, 3978, 2711, 2612, 3059, 2036, 582, 4010, 2754, 2406, 1067, 3812, 37, 335, 4025, 4016, 3335, 3495, 3139, 15, 4035, 1808, 1764, 1767, 1946, 209, 397, 43, 3943, 3676, 74, 4012, 1750, 2575, 215, 3435, 1526, 3603, 1760, 3868, 952, 3748, 1837, 11, 114, 12, 287, 2037]

2025-12-19 17:56:27,994 - INFO - 当前用时 0.01 秒
2025-12-19 17:56:27,994 - INFO - 将种子集 写入位置: /root/pythonspace/data-test/facebook/2025-12-19-master-updatediscardpro+AgainContinue+numsimu+updatesuccpro/seeds-with-facebook/powerlaw_alpha_sort_seedNum-70_SSRNum-160000.txt
2025-12-19 17:56:27,994 - INFO - 首次生成种子集 importance_sort
2025-12-19 17:56:27,994 - INFO - 执行当前算法开始: importance_sort
2025-12-19 17:56:33,739 - INFO - 4039 个节点的Importance值降序排序 done
2025-12-19 17:56:33,740 - INFO - 
选择的种子集 (按Importance排序): [605, 3415, 292, 3865, 3497, 18, 872, 2021, 3195, 3834, 1763, 692, 1319, 631, 4023, 2029, 3342, 210, 404, 1696, 3987, 3730, 1046, 3978, 2711, 2612, 3059, 2036, 582, 4010, 2754, 2406, 1067, 3812, 37, 335, 4025, 4016, 3335, 3495, 3139, 15, 4035, 1808, 1764, 1767, 1946, 209, 397, 43, 3943, 3676, 74, 4012, 1750, 2575, 215, 3435, 1526, 3603, 1760, 3868, 952, 3748, 1837, 11, 114, 12, 287, 2037]

2025-12-19 17:56:33,741 - INFO - 当前用时 5.75 秒
2025-12-19 17:56:33,741 - INFO - 将种子集 写入位置: /root/pythonspace/data-test/facebook/2025-12-19-master-updatediscardpro+AgainContinue+numsimu+updatesuccpro/seeds-with-facebook/powerlaw_importance_sort_seedNum-70_SSRNum-160000.txt
2025-12-19 17:56:33,741 - INFO - 首次生成种子集 ris_coverage
2025-12-19 17:56:33,741 - INFO - 执行当前算法开始: ris_coverage
2025-12-19 17:56:34,174 - INFO - 图初始化完成，节点数: 4039，CSR 矩阵准备就绪。
2025-12-19 17:56:34,175 - INFO - 
开始生成 160000 组 SSR (并行进程: 8)...
2025-12-19 17:57:25,472 - INFO - 生成完毕。耗时: 51.30 秒。
2025-12-19 17:57:25,474 - INFO - 
开始选择最优种子 (Optimized Greedy) ...
2025-12-19 17:57:27,642 - INFO -   - 券 1/70 选中节点 3195, 新增覆盖 12
2025-12-19 17:57:27,645 - INFO -   - 券 2/70 选中节点 4023, 新增覆盖 18
2025-12-19 17:57:27,649 - INFO -   - 券 3/70 选中节点 404, 新增覆盖 16
2025-12-19 17:57:27,660 - INFO -   - 券 4/70 选中节点 3865, 新增覆盖 16
2025-12-19 17:57:27,675 - INFO -   - 券 5/70 选中节点 18, 新增覆盖 14
2025-12-19 17:57:27,691 - INFO -   - 券 6/70 选中节点 3834, 新增覆盖 14
2025-12-19 17:57:27,707 - INFO -   - 券 7/70 选中节点 4032, 新增覆盖 16
2025-12-19 17:57:27,731 - INFO -   - 券 8/70 选中节点 3987, 新增覆盖 13
2025-12-19 17:57:27,757 - INFO -   - 券 9/70 选中节点 4035, 新增覆盖 15
2025-12-19 17:57:27,790 - INFO -   - 券 10/70 选中节点 1319, 新增覆盖 14
2025-12-19 17:57:27,826 - INFO -   - 券 11/70 选中节点 1067, 新增覆盖 14
2025-12-19 17:57:27,867 - INFO -   - 券 12/70 选中节点 1763, 新增覆盖 11
2025-12-19 17:57:27,913 - INFO -   - 券 13/70 选中节点 353, 新增覆盖 17
2025-12-19 17:57:27,977 - INFO -   - 券 14/70 选中节点 209, 新增覆盖 13
2025-12-19 17:57:28,039 - INFO -   - 券 15/70 选中节点 43, 新增覆盖 12
2025-12-19 17:57:28,097 - INFO -   - 券 16/70 选中节点 1764, 新增覆盖 12
2025-12-19 17:57:28,167 - INFO -   - 券 17/70 选中节点 1789, 新增覆盖 14
2025-12-19 17:57:28,219 - INFO -   - 券 18/70 选中节点 2612, 新增覆盖 13
2025-12-19 17:57:28,274 - INFO -   - 券 19/70 选中节点 397, 新增覆盖 12
2025-12-19 17:57:28,359 - INFO -   - 券 20/70 选中节点 216, 新增覆盖 12
2025-12-19 17:57:28,431 - INFO -   - 券 21/70 选中节点 215, 新增覆盖 11
2025-12-19 17:57:28,509 - INFO -   - 券 22/70 选中节点 4016, 新增覆盖 11
2025-12-19 17:57:28,606 - INFO -   - 券 23/70 选中节点 37, 新增覆盖 14
2025-12-19 17:57:28,664 - INFO -   - 券 24/70 选中节点 2037, 新增覆盖 14
2025-12-19 17:57:28,768 - INFO -   - 券 25/70 选中节点 4025, 新增覆盖 14
2025-12-19 17:57:28,860 - INFO -   - 券 26/70 选中节点 114, 新增覆盖 12
2025-12-19 17:57:28,951 - INFO -   - 券 27/70 选中节点 2036, 新增覆盖 13
2025-12-19 17:57:29,030 - INFO -   - 券 28/70 选中节点 287, 新增覆盖 14
2025-12-19 17:57:29,139 - INFO -   - 券 29/70 选中节点 2029, 新增覆盖 13
2025-12-19 17:57:29,245 - INFO -   - 券 30/70 选中节点 210, 新增覆盖 10
2025-12-19 17:57:29,352 - INFO -   - 券 31/70 选中节点 872, 新增覆盖 14
2025-12-19 17:57:29,440 - INFO -   - 券 32/70 选中节点 692, 新增覆盖 12
2025-12-19 17:57:29,572 - INFO -   - 券 33/70 选中节点 631, 新增覆盖 13
2025-12-19 17:57:29,670 - INFO -   - 券 34/70 选中节点 1541, 新增覆盖 10
2025-12-19 17:57:29,818 - INFO -   - 券 35/70 选中节点 3943, 新增覆盖 14
2025-12-19 17:57:29,928 - INFO -   - 券 36/70 选中节点 4029, 新增覆盖 13
2025-12-19 17:57:30,111 - INFO -   - 券 37/70 选中节点 153, 新增覆盖 15
2025-12-19 17:57:30,341 - INFO -   - 券 38/70 选中节点 335, 新增覆盖 12
2025-12-19 17:57:30,525 - INFO -   - 券 39/70 选中节点 145, 新增覆盖 14
2025-12-19 17:57:30,725 - INFO -   - 券 40/70 选中节点 3978, 新增覆盖 12
2025-12-19 17:57:30,924 - INFO -   - 券 41/70 选中节点 2406, 新增覆盖 14
2025-12-19 17:57:31,054 - INFO -   - 券 42/70 选中节点 3868, 新增覆盖 10
2025-12-19 17:57:31,221 - INFO -   - 券 43/70 选中节点 1920, 新增覆盖 11
2025-12-19 17:57:31,447 - INFO -   - 券 44/70 选中节点 4012, 新增覆盖 15
2025-12-19 17:57:31,605 - INFO -   - 券 45/70 选中节点 4010, 新增覆盖 11
2025-12-19 17:57:31,731 - INFO -   - 券 46/70 选中节点 2021, 新增覆盖 12
2025-12-19 17:57:31,933 - INFO -   - 券 47/70 选中节点 2711, 新增覆盖 10
2025-12-19 17:57:32,094 - INFO -   - 券 48/70 选中节点 292, 新增覆盖 13
2025-12-19 17:57:32,293 - INFO -   - 券 49/70 选中节点 244, 新增覆盖 13
2025-12-19 17:57:32,474 - INFO -   - 券 50/70 选中节点 256, 新增覆盖 13
2025-12-19 17:57:32,601 - INFO -   - 券 51/70 选中节点 605, 新增覆盖 11
2025-12-19 17:57:32,776 - INFO -   - 券 52/70 选中节点 1750, 新增覆盖 15
2025-12-19 17:57:32,915 - INFO -   - 券 53/70 选中节点 3748, 新增覆盖 11
2025-12-19 17:57:33,108 - INFO -   - 券 54/70 选中节点 1946, 新增覆盖 10
2025-12-19 17:57:33,303 - INFO -   - 券 55/70 选中节点 3139, 新增覆盖 12
2025-12-19 17:57:33,517 - INFO -   - 券 56/70 选中节点 1562, 新增覆盖 12
2025-12-19 17:57:33,703 - INFO -   - 券 57/70 选中节点 74, 新增覆盖 11
2025-12-19 17:57:33,902 - INFO -   - 券 58/70 选中节点 11, 新增覆盖 13
2025-12-19 17:57:34,099 - INFO -   - 券 59/70 选中节点 1808, 新增覆盖 14
2025-12-19 17:57:34,338 - INFO -   - 券 60/70 选中节点 1696, 新增覆盖 10
2025-12-19 17:57:34,595 - INFO -   - 券 61/70 选中节点 3415, 新增覆盖 11
2025-12-19 17:57:34,818 - INFO -   - 券 62/70 选中节点 3497, 新增覆盖 12
2025-12-19 17:57:35,032 - INFO -   - 券 63/70 选中节点 205, 新增覆盖 11
2025-12-19 17:57:35,272 - INFO -   - 券 64/70 选中节点 12, 新增覆盖 12
2025-12-19 17:57:35,486 - INFO -   - 券 65/70 选中节点 3676, 新增覆盖 11
2025-12-19 17:57:35,729 - INFO -   - 券 66/70 选中节点 1175, 新增覆盖 9
2025-12-19 17:57:35,951 - INFO -   - 券 67/70 选中节点 4001, 新增覆盖 12
2025-12-19 17:57:36,219 - INFO -   - 券 68/70 选中节点 301, 新增覆盖 13
2025-12-19 17:57:36,506 - INFO -   - 券 69/70 选中节点 1812, 新增覆盖 12
2025-12-19 17:57:36,784 - INFO -   - 券 70/70 选中节点 3822, 新增覆盖 12
2025-12-19 17:57:36,785 - INFO - 选种完毕。耗时: 11.31 秒。
2025-12-19 17:57:36,827 - INFO - 最终选择的种子集: [3195, 4023, 404, 3865, 18, 3834, 4032, 3987, 4035, 1319, 1067, 1763, 353, 209, 43, 1764, 1789, 2612, 397, 216, 215, 4016, 37, 2037, 4025, 114, 2036, 287, 2029, 210, 872, 692, 631, 1541, 3943, 4029, 153, 335, 145, 3978, 2406, 3868, 1920, 4012, 4010, 2021, 2711, 292, 244, 256, 605, 1750, 3748, 1946, 3139, 1562, 74, 11, 1808, 1696, 3415, 3497, 205, 12, 3676, 1175, 4001, 301, 1812, 3822]

2025-12-19 17:57:38,823 - INFO - 当前用时 65.08 秒
2025-12-19 17:57:38,824 - INFO - 将种子集 写入位置: /root/pythonspace/data-test/facebook/2025-12-19-master-updatediscardpro+AgainContinue+numsimu+updatesuccpro/seeds-with-facebook/powerlaw_ris_coverage_seedNum-70_SSRNum-160000.txt
2025-12-19 17:57:38,825 - INFO - 评估种子集: None
2025-12-19 17:57:38,825 - INFO - 多进程评估开始，共有 5 个方法待评估...
2025-12-19 17:57:38,825 - INFO - 启动进程池，Worker数量: 5
2025-12-19 17:57:40,183 - INFO - [Process 49054] 开始评估方法: random, 种子数: 70
2025-12-19 17:57:41,584 - INFO - [Process 49055] 开始评估方法: degreeTopM, 种子数: 70
2025-12-19 17:57:42,494 - INFO - [Process 49056] 开始评估方法: alpha_sort, 种子数: 70
2025-12-19 17:57:43,523 - INFO - [Process 49057] 开始评估方法: importance_sort, 种子数: 70
2025-12-19 17:57:44,480 - INFO - [Process 49058] 开始评估方法: ris_coverage, 种子数: 70
2025-12-19 17:58:14,647 - INFO - [Process 49058] ris_coverage - 300 sims 完成: E=12.92
2025-12-19 17:58:18,099 - INFO - [Process 49057] importance_sort - 300 sims 完成: E=12.94
2025-12-19 17:58:22,725 - INFO - [Process 49056] alpha_sort - 300 sims 完成: E=12.94
2025-12-19 17:59:05,284 - INFO - [Process 49054] random - 300 sims 完成: E=4.68
2025-12-19 18:01:52,878 - INFO - [Process 49055] degreeTopM - 300 sims 完成: E=2.39
2025-12-19 18:01:52,957 - INFO - 所有进程执行完毕，开始写入数据...
2025-12-19 18:01:52,961 - INFO - 成功写入 5 条记录至 /root/pythonspace/data-test/facebook/2025-12-19-master-updatediscardpro+AgainContinue+numsimu+updatesuccpro/E-activated-facebook/distribution-powerlaw/tsd_1.5--0.5-0.5/single_sim_func-AgainContinue/simuTimes-300_monteCarloL-10_single_sim_func-AgainContinue_rrNumSamples-160000.csv
2025-12-19 18:01:52,961 - INFO - 保存评估文件至: /root/pythonspace/data-test/facebook/2025-12-19-master-updatediscardpro+AgainContinue+numsimu+updatesuccpro/E-activated-facebook/distribution-powerlaw/tsd_1.5--0.5-0.5/single_sim_func-AgainContinue/simuTimes-300_monteCarloL-10_single_sim_func-AgainContinue_rrNumSamples-160000.csv
2025-12-19 18:01:52,980 - INFO - 加载数据集: facebook
2025-12-19 18:01:52,991 - INFO - 复用概率分布 文件位置: /root/pythonspace/data-test/facebook/2025-12-19-master-updatediscardpro+AgainContinue+numsimu+updatesuccpro/distribution-in-facebook/distribution-powerlaw_seedNum-80.pkl
2025-12-19 18:01:53,077 - INFO - 从当前位置 读取种子集 /root/pythonspace/data-test/facebook/2025-12-19-master-updatediscardpro+AgainContinue+numsimu+updatesuccpro/seeds-with-facebook/powerlaw_random_seedNum-80_SSRNum-160000.txt
2025-12-19 18:01:53,078 - INFO - 从当前位置 读取种子集 /root/pythonspace/data-test/facebook/2025-12-19-master-updatediscardpro+AgainContinue+numsimu+updatesuccpro/seeds-with-facebook/powerlaw_degreeTopM_seedNum-80_SSRNum-160000.txt
2025-12-19 18:01:53,078 - INFO - 从当前位置 读取种子集 /root/pythonspace/data-test/facebook/2025-12-19-master-updatediscardpro+AgainContinue+numsimu+updatesuccpro/seeds-with-facebook/powerlaw_alpha_sort_seedNum-80_SSRNum-160000.txt
2025-12-19 18:01:53,079 - INFO - 从当前位置 读取种子集 /root/pythonspace/data-test/facebook/2025-12-19-master-updatediscardpro+AgainContinue+numsimu+updatesuccpro/seeds-with-facebook/powerlaw_importance_sort_seedNum-80_SSRNum-160000.txt
2025-12-19 18:01:53,080 - INFO - 从当前位置 读取种子集 /root/pythonspace/data-test/facebook/2025-12-19-master-updatediscardpro+AgainContinue+numsimu+updatesuccpro/seeds-with-facebook/powerlaw_ris_coverage_seedNum-80_SSRNum-160000.txt
2025-12-19 18:01:53,081 - INFO - 评估种子集: None
2025-12-19 18:01:53,081 - INFO - 多进程评估开始，共有 5 个方法待评估...
2025-12-19 18:01:53,081 - INFO - 启动进程池，Worker数量: 5
2025-12-19 18:01:54,159 - INFO - [Process 49862] 开始评估方法: random, 种子数: 80
2025-12-19 18:01:54,962 - INFO - [Process 49863] 开始评估方法: degreeTopM, 种子数: 80
2025-12-19 18:01:55,792 - INFO - [Process 49864] 开始评估方法: alpha_sort, 种子数: 80
2025-12-19 18:01:56,712 - INFO - [Process 49867] 开始评估方法: importance_sort, 种子数: 80
2025-12-19 18:01:57,551 - INFO - [Process 49873] 开始评估方法: ris_coverage, 种子数: 80
2025-12-19 18:02:47,530 - INFO - [Process 49873] ris_coverage - 300 sims 完成: E=14.56
2025-12-19 18:02:49,947 - INFO - [Process 49867] importance_sort - 300 sims 完成: E=14.79
2025-12-19 18:02:58,175 - INFO - [Process 49864] alpha_sort - 300 sims 完成: E=14.79
2025-12-19 18:04:04,433 - INFO - [Process 49862] random - 300 sims 完成: E=4.22
2025-12-19 18:05:45,289 - INFO - [Process 49863] degreeTopM - 300 sims 完成: E=2.66
2025-12-19 18:05:45,368 - INFO - 所有进程执行完毕，开始写入数据...
2025-12-19 18:05:45,371 - INFO - 成功写入 5 条记录至 /root/pythonspace/data-test/facebook/2025-12-19-master-updatediscardpro+AgainContinue+numsimu+updatesuccpro/E-activated-facebook/distribution-powerlaw/tsd_1.5--0.5-0.5/single_sim_func-AgainContinue/simuTimes-300_monteCarloL-10_single_sim_func-AgainContinue_rrNumSamples-160000.csv
2025-12-19 18:05:45,372 - INFO - 保存评估文件至: /root/pythonspace/data-test/facebook/2025-12-19-master-updatediscardpro+AgainContinue+numsimu+updatesuccpro/E-activated-facebook/distribution-powerlaw/tsd_1.5--0.5-0.5/single_sim_func-AgainContinue/simuTimes-300_monteCarloL-10_single_sim_func-AgainContinue_rrNumSamples-160000.csv
2025-12-19 18:05:45,379 - INFO - 加载数据集: facebook
2025-12-19 18:05:45,387 - INFO - 首次生成度相关概率分布 分布类型: 'powerlaw'.
2025-12-19 18:05:45,387 - INFO - ===> Generating 'Power-law Degree-Aware' distributions...
2025-12-19 18:05:45,389 - INFO - 保存概率分布 文件位置: /root/pythonspace/data-test/facebook/2025-12-19-master-updatediscardpro+AgainContinue+numsimu+updatesuccpro/distribution-in-facebook/distribution-powerlaw_seedNum-90.pkl
2025-12-19 18:05:45,474 - INFO - 首次生成种子集 random
2025-12-19 18:05:45,474 - INFO - 执行当前算法开始: random
2025-12-19 18:05:45,474 - INFO - 数据集节点总数:  n = 4039, m = 90
2025-12-19 18:05:45,474 - INFO - 选择 90  [205, 3443, 1320, 3790, 598, 1197, 3601, 87, 909, 1088, 658, 3696, 3911, 3420, 1028, 317, 3266, 3029, 538, 3016, 1830, 1070, 2649, 3012, 855, 3067, 2585, 262, 24, 3380, 1098, 2135, 3991, 2070, 815, 3715, 1039, 3948, 1237, 2277, 1148, 2168, 2324, 322, 2610, 3538, 2176, 701, 2089, 302, 211, 3564, 2766, 1322, 966, 3865, 2500, 1906, 3035, 3531, 3793, 3830, 771, 1114, 1239, 889, 278, 2185, 4013, 1742, 1168, 1741, 1045, 1003, 1227, 1234, 344, 2845, 3544, 1456, 1, 2548, 727, 78, 2964, 1111, 2214, 1600, 2820, 662]

2025-12-19 18:05:45,474 - INFO - 当前用时 0.00 秒
2025-12-19 18:05:45,479 - INFO - 将种子集 写入位置: /root/pythonspace/data-test/facebook/2025-12-19-master-updatediscardpro+AgainContinue+numsimu+updatesuccpro/seeds-with-facebook/powerlaw_random_seedNum-90_SSRNum-160000.txt
2025-12-19 18:05:45,479 - INFO - 首次生成种子集 degreeTopM
2025-12-19 18:05:45,479 - INFO - 执行当前算法开始: degreeTopM
2025-12-19 18:05:45,479 - INFO - 依据: 选择连接数（度数）最多的节点。
2025-12-19 18:05:45,481 - INFO - 选择的 Top M 节点及其度数:
2025-12-19 18:05:45,481 - INFO - 
2025-12-19 18:05:45,481 - INFO - 当前用时 0.00 秒
2025-12-19 18:05:45,482 - INFO - 将种子集 写入位置: /root/pythonspace/data-test/facebook/2025-12-19-master-updatediscardpro+AgainContinue+numsimu+updatesuccpro/seeds-with-facebook/powerlaw_degreeTopM_seedNum-90_SSRNum-160000.txt
2025-12-19 18:05:45,482 - INFO - 首次生成种子集 alpha_sort
2025-12-19 18:05:45,482 - INFO - 执行当前算法开始: alpha_sort
2025-12-19 18:05:45,485 - INFO - 4039 个节点的alpha值降序排序 done
2025-12-19 18:05:45,485 - INFO - ==============>> [(2575, 0.18434846232681695), (4016, 0.18052212605572904), (2406, 0.17665855978092013), (3676, 0.17606743824605628), (292, 0.16725924724827138), (1767, 0.16668833451395274), (1776, 0.16561330421646828), (2612, 0.16405479523576047), (114, 0.16389410305380722), (43, 0.1638342117357319)]
2025-12-19 18:05:45,486 - INFO - 
选择的种子集 (按alpha排序): [2575, 4016, 2406, 3676, 292, 1767, 1776, 2612, 114, 43, 3139, 209, 37, 335, 952, 3834, 3415, 15, 692, 1786, 3730, 3987, 1319, 3978, 4023, 74, 4010, 2037, 605, 215, 3766, 1808, 3865, 582, 2711, 210, 1750, 4025, 3495, 3335, 3748, 3812, 631, 3342, 12, 1837, 3603, 3195, 11, 1046, 3435, 3497, 1763, 1812, 3943, 1760, 397, 1764, 2021, 287, 1696, 1526, 1603, 4035, 2754, 18, 872, 2036, 4012, 1946, 1067, 2029, 3868, 404, 3059, 1789, 3751, 2910, 762, 4008, 3965, 3950, 1175, 3986, 3821, 1044, 1894, 3885, 4034, 52]

2025-12-19 18:05:45,486 - INFO - 当前用时 0.00 秒
2025-12-19 18:05:45,487 - INFO - 将种子集 写入位置: /root/pythonspace/data-test/facebook/2025-12-19-master-updatediscardpro+AgainContinue+numsimu+updatesuccpro/seeds-with-facebook/powerlaw_alpha_sort_seedNum-90_SSRNum-160000.txt
2025-12-19 18:05:45,487 - INFO - 首次生成种子集 importance_sort
2025-12-19 18:05:45,487 - INFO - 执行当前算法开始: importance_sort
2025-12-19 18:05:50,736 - INFO - 4039 个节点的Importance值降序排序 done
2025-12-19 18:05:50,736 - INFO - 
选择的种子集 (按Importance排序): [2575, 4016, 2406, 3676, 292, 1767, 1776, 2612, 114, 43, 3139, 209, 37, 335, 952, 3834, 3415, 15, 692, 1786, 3730, 3987, 1319, 3978, 4023, 74, 4010, 2037, 605, 215, 3766, 1808, 3865, 582, 2711, 210, 1750, 4025, 3495, 3335, 3748, 3812, 631, 3342, 12, 1837, 3603, 3195, 11, 1046, 3435, 3497, 1763, 1812, 3943, 1760, 397, 1764, 2021, 287, 1696, 1526, 1603, 4035, 2754, 18, 872, 2036, 4012, 1946, 1067, 2029, 3868, 404, 3059, 1789, 3751, 2910, 762, 4008, 3965, 3950, 1175, 3986, 3821, 1044, 1894, 3885, 4034, 52]

2025-12-19 18:05:50,738 - INFO - 当前用时 5.25 秒
2025-12-19 18:05:50,738 - INFO - 将种子集 写入位置: /root/pythonspace/data-test/facebook/2025-12-19-master-updatediscardpro+AgainContinue+numsimu+updatesuccpro/seeds-with-facebook/powerlaw_importance_sort_seedNum-90_SSRNum-160000.txt
2025-12-19 18:05:50,739 - INFO - 首次生成种子集 ris_coverage
2025-12-19 18:05:50,743 - INFO - 执行当前算法开始: ris_coverage
2025-12-19 18:05:51,154 - INFO - 图初始化完成，节点数: 4039，CSR 矩阵准备就绪。
2025-12-19 18:05:51,154 - INFO - 
开始生成 160000 组 SSR (并行进程: 8)...
2025-12-19 18:06:53,187 - INFO - 生成完毕。耗时: 62.03 秒。
2025-12-19 18:06:53,188 - INFO - 
开始选择最优种子 (Optimized Greedy) ...
2025-12-19 18:06:56,154 - INFO -   - 券 1/90 选中节点 2036, 新增覆盖 13
2025-12-19 18:06:56,164 - INFO -   - 券 2/90 选中节点 3495, 新增覆盖 12
2025-12-19 18:06:56,172 - INFO -   - 券 3/90 选中节点 1696, 新增覆盖 14
2025-12-19 18:06:56,187 - INFO -   - 券 4/90 选中节点 4023, 新增覆盖 17
2025-12-19 18:06:56,207 - INFO -   - 券 5/90 选中节点 37, 新增覆盖 13
2025-12-19 18:06:56,228 - INFO -   - 券 6/90 选中节点 4010, 新增覆盖 13
2025-12-19 18:06:56,256 - INFO -   - 券 7/90 选中节点 2037, 新增覆盖 13
2025-12-19 18:06:56,284 - INFO -   - 券 8/90 选中节点 3987, 新增覆盖 16
2025-12-19 18:06:56,321 - INFO -   - 券 9/90 选中节点 209, 新增覆盖 14
2025-12-19 18:06:56,359 - INFO -   - 券 10/90 选中节点 1046, 新增覆盖 13
2025-12-19 18:06:56,392 - INFO -   - 券 11/90 选中节点 1750, 新增覆盖 12
2025-12-19 18:06:56,433 - INFO -   - 券 12/90 选中节点 43, 新增覆盖 15
2025-12-19 18:06:56,491 - INFO -   - 券 13/90 选中节点 4008, 新增覆盖 13
2025-12-19 18:06:56,538 - INFO -   - 券 14/90 选中节点 1808, 新增覆盖 14
2025-12-19 18:06:56,584 - INFO -   - 券 15/90 选中节点 215, 新增覆盖 11
2025-12-19 18:06:56,644 - INFO -   - 券 16/90 选中节点 1319, 新增覆盖 14
2025-12-19 18:06:56,702 - INFO -   - 券 17/90 选中节点 114, 新增覆盖 15
2025-12-19 18:06:56,760 - INFO -   - 券 18/90 选中节点 4016, 新增覆盖 12
2025-12-19 18:06:56,812 - INFO -   - 券 19/90 选中节点 4003, 新增覆盖 14
2025-12-19 18:06:56,881 - INFO -   - 券 20/90 选中节点 335, 新增覆盖 13
2025-12-19 18:06:56,953 - INFO -   - 券 21/90 选中节点 3978, 新增覆盖 13
2025-12-19 18:06:57,015 - INFO -   - 券 22/90 选中节点 1786, 新增覆盖 12
2025-12-19 18:06:57,092 - INFO -   - 券 23/90 选中节点 1767, 新增覆盖 11
2025-12-19 18:06:57,179 - INFO -   - 券 24/90 选中节点 2029, 新增覆盖 13
2025-12-19 18:06:57,257 - INFO -   - 券 25/90 选中节点 15, 新增覆盖 11
2025-12-19 18:06:57,330 - INFO -   - 券 26/90 选中节点 3497, 新增覆盖 13
2025-12-19 18:06:57,410 - INFO -   - 券 27/90 选中节点 2406, 新增覆盖 16
2025-12-19 18:06:57,494 - INFO -   - 券 28/90 选中节点 1946, 新增覆盖 10
2025-12-19 18:06:57,609 - INFO -   - 券 29/90 选中节点 631, 新增覆盖 13
2025-12-19 18:06:57,698 - INFO -   - 券 30/90 选中节点 12, 新增覆盖 13
2025-12-19 18:06:57,818 - INFO -   - 券 31/90 选中节点 3676, 新增覆盖 13
2025-12-19 18:06:57,897 - INFO -   - 券 32/90 选中节点 18, 新增覆盖 12
2025-12-19 18:06:58,005 - INFO -   - 券 33/90 选中节点 4025, 新增覆盖 12
2025-12-19 18:06:58,136 - INFO -   - 券 34/90 选中节点 179, 新增覆盖 12
2025-12-19 18:06:58,260 - INFO -   - 券 35/90 选中节点 1776, 新增覆盖 13
2025-12-19 18:06:58,413 - INFO -   - 券 36/90 选中节点 1746, 新增覆盖 12
2025-12-19 18:06:58,521 - INFO -   - 券 37/90 选中节点 3730, 新增覆盖 12
2025-12-19 18:06:58,667 - INFO -   - 券 38/90 选中节点 244, 新增覆盖 13
2025-12-19 18:06:58,769 - INFO -   - 券 39/90 选中节点 4001, 新增覆盖 11
2025-12-19 18:06:58,931 - INFO -   - 券 40/90 选中节点 3865, 新增覆盖 12
2025-12-19 18:06:59,048 - INFO -   - 券 41/90 选中节点 582, 新增覆盖 11
2025-12-19 18:06:59,218 - INFO -   - 券 42/90 选中节点 2799, 新增覆盖 11
2025-12-19 18:06:59,360 - INFO -   - 券 43/90 选中节点 3435, 新增覆盖 11
2025-12-19 18:06:59,500 - INFO -   - 券 44/90 选中节点 4035, 新增覆盖 15
2025-12-19 18:06:59,619 - INFO -   - 券 45/90 选中节点 2021, 新增覆盖 16
2025-12-19 18:06:59,748 - INFO -   - 券 46/90 选中节点 4012, 新增覆盖 14
2025-12-19 18:06:59,871 - INFO -   - 券 47/90 选中节点 3812, 新增覆盖 11
2025-12-19 18:07:00,059 - INFO -   - 券 48/90 选中节点 1603, 新增覆盖 14
2025-12-19 18:07:00,180 - INFO -   - 券 49/90 选中节点 33, 新增覆盖 11
2025-12-19 18:07:00,302 - INFO -   - 券 50/90 选中节点 2612, 新增覆盖 13
2025-12-19 18:07:00,506 - INFO -   - 券 51/90 选中节点 3342, 新增覆盖 11
2025-12-19 18:07:00,662 - INFO -   - 券 52/90 选中节点 1789, 新增覆盖 13
2025-12-19 18:07:00,793 - INFO -   - 券 53/90 选中节点 292, 新增覆盖 12
2025-12-19 18:07:00,947 - INFO -   - 券 54/90 选中节点 1837, 新增覆盖 12
2025-12-19 18:07:01,141 - INFO -   - 券 55/90 选中节点 74, 新增覆盖 14
2025-12-19 18:07:01,347 - INFO -   - 券 56/90 选中节点 3986, 新增覆盖 12
2025-12-19 18:07:01,577 - INFO -   - 券 57/90 选中节点 3059, 新增覆盖 12
2025-12-19 18:07:01,789 - INFO -   - 券 58/90 选中节点 210, 新增覆盖 13
2025-12-19 18:07:01,979 - INFO -   - 券 59/90 选中节点 1524, 新增覆盖 10
2025-12-19 18:07:02,196 - INFO -   - 券 60/90 选中节点 3415, 新增覆盖 11
2025-12-19 18:07:02,456 - INFO -   - 券 61/90 选中节点 89, 新增覆盖 12
2025-12-19 18:07:02,658 - INFO -   - 券 62/90 选中节点 1526, 新增覆盖 13
2025-12-19 18:07:02,829 - INFO -   - 券 63/90 选中节点 397, 新增覆盖 10
2025-12-19 18:07:03,107 - INFO -   - 券 64/90 选中节点 3764, 新增覆盖 11
2025-12-19 18:07:03,332 - INFO -   - 券 65/90 选中节点 3710, 新增覆盖 11
2025-12-19 18:07:03,602 - INFO -   - 券 66/90 选中节点 42, 新增覆盖 12
2025-12-19 18:07:03,870 - INFO -   - 券 67/90 选中节点 3608, 新增覆盖 13
2025-12-19 18:07:04,176 - INFO -   - 券 68/90 选中节点 282, 新增覆盖 9
2025-12-19 18:07:04,487 - INFO -   - 券 69/90 选中节点 2754, 新增覆盖 13
2025-12-19 18:07:04,774 - INFO -   - 券 70/90 选中节点 1760, 新增覆盖 11
2025-12-19 18:07:05,008 - INFO -   - 券 71/90 选中节点 3868, 新增覆盖 10
2025-12-19 18:07:05,231 - INFO -   - 券 72/90 选中节点 3990, 新增覆盖 9
2025-12-19 18:07:05,469 - INFO -   - 券 73/90 选中节点 233, 新增覆盖 12
2025-12-19 18:07:05,741 - INFO -   - 券 74/90 选中节点 3834, 新增覆盖 10
2025-12-19 18:07:06,039 - INFO -   - 券 75/90 选中节点 3748, 新增覆盖 11
2025-12-19 18:07:06,342 - INFO -   - 券 76/90 选中节点 2910, 新增覆盖 9
2025-12-19 18:07:06,629 - INFO -   - 券 77/90 选中节点 4034, 新增覆盖 12
2025-12-19 18:07:06,835 - INFO -   - 券 78/90 选中节点 2575, 新增覆盖 10
2025-12-19 18:07:07,097 - INFO -   - 券 79/90 选中节点 2011, 新增覆盖 9
2025-12-19 18:07:07,393 - INFO -   - 券 80/90 选中节点 692, 新增覆盖 14
2025-12-19 18:07:07,673 - INFO -   - 券 81/90 选中节点 4030, 新增覆盖 10
2025-12-19 18:07:07,920 - INFO -   - 券 82/90 选中节点 97, 新增覆盖 11
2025-12-19 18:07:08,173 - INFO -   - 券 83/90 选中节点 2357, 新增覆盖 10
2025-12-19 18:07:08,433 - INFO -   - 券 84/90 选中节点 4014, 新增覆盖 10
2025-12-19 18:07:08,784 - INFO -   - 券 85/90 选中节点 3335, 新增覆盖 10
2025-12-19 18:07:09,099 - INFO -   - 券 86/90 选中节点 3603, 新增覆盖 13
2025-12-19 18:07:09,399 - INFO -   - 券 87/90 选中节点 3943, 新增覆盖 11
2025-12-19 18:07:09,707 - INFO -   - 券 88/90 选中节点 255, 新增覆盖 11
2025-12-19 18:07:09,990 - INFO -   - 券 89/90 选中节点 52, 新增覆盖 15
2025-12-19 18:07:10,390 - INFO -   - 券 90/90 选中节点 3751, 新增覆盖 10
2025-12-19 18:07:10,391 - INFO - 选种完毕。耗时: 17.20 秒。
2025-12-19 18:07:10,456 - INFO - 最终选择的种子集: [2036, 3495, 1696, 4023, 37, 4010, 2037, 3987, 209, 1046, 1750, 43, 4008, 1808, 215, 1319, 114, 4016, 4003, 335, 3978, 1786, 1767, 2029, 15, 3497, 2406, 1946, 631, 12, 3676, 18, 4025, 179, 1776, 1746, 3730, 244, 4001, 3865, 582, 2799, 3435, 4035, 2021, 4012, 3812, 1603, 33, 2612, 3342, 1789, 292, 1837, 74, 3986, 3059, 210, 1524, 3415, 89, 1526, 397, 3764, 3710, 42, 3608, 282, 2754, 1760, 3868, 3990, 233, 3834, 3748, 2910, 4034, 2575, 2011, 692, 4030, 97, 2357, 4014, 3335, 3603, 3943, 255, 52, 3751]

2025-12-19 18:07:13,361 - INFO - 当前用时 82.62 秒
2025-12-19 18:07:13,366 - INFO - 将种子集 写入位置: /root/pythonspace/data-test/facebook/2025-12-19-master-updatediscardpro+AgainContinue+numsimu+updatesuccpro/seeds-with-facebook/powerlaw_ris_coverage_seedNum-90_SSRNum-160000.txt
2025-12-19 18:07:13,367 - INFO - 评估种子集: None
2025-12-19 18:07:13,367 - INFO - 多进程评估开始，共有 5 个方法待评估...
2025-12-19 18:07:13,367 - INFO - 启动进程池，Worker数量: 5
2025-12-19 18:07:14,720 - INFO - [Process 50890] 开始评估方法: random, 种子数: 90
2025-12-19 18:07:15,928 - INFO - [Process 50891] 开始评估方法: degreeTopM, 种子数: 90
2025-12-19 18:07:16,844 - INFO - [Process 50892] 开始评估方法: alpha_sort, 种子数: 90
2025-12-19 18:07:17,886 - INFO - [Process 50893] 开始评估方法: importance_sort, 种子数: 90
2025-12-19 18:07:19,077 - INFO - [Process 50894] 开始评估方法: ris_coverage, 种子数: 90
2025-12-19 18:08:27,084 - INFO - [Process 50894] ris_coverage - 300 sims 完成: E=15.75
2025-12-19 18:08:32,560 - INFO - [Process 50893] importance_sort - 300 sims 完成: E=16.21
2025-12-19 18:08:37,770 - INFO - [Process 50892] alpha_sort - 300 sims 完成: E=16.21
2025-12-19 18:09:38,930 - INFO - [Process 50890] random - 300 sims 完成: E=5.21
2025-12-19 18:11:46,371 - INFO - [Process 50891] degreeTopM - 300 sims 完成: E=2.78
2025-12-19 18:11:46,465 - INFO - 所有进程执行完毕，开始写入数据...
2025-12-19 18:11:46,469 - INFO - 成功写入 5 条记录至 /root/pythonspace/data-test/facebook/2025-12-19-master-updatediscardpro+AgainContinue+numsimu+updatesuccpro/E-activated-facebook/distribution-powerlaw/tsd_1.5--0.5-0.5/single_sim_func-AgainContinue/simuTimes-300_monteCarloL-10_single_sim_func-AgainContinue_rrNumSamples-160000.csv
2025-12-19 18:11:46,470 - INFO - 保存评估文件至: /root/pythonspace/data-test/facebook/2025-12-19-master-updatediscardpro+AgainContinue+numsimu+updatesuccpro/E-activated-facebook/distribution-powerlaw/tsd_1.5--0.5-0.5/single_sim_func-AgainContinue/simuTimes-300_monteCarloL-10_single_sim_func-AgainContinue_rrNumSamples-160000.csv
2025-12-19 18:11:46,484 - INFO - 加载数据集: facebook
2025-12-19 18:11:46,491 - INFO - 复用概率分布 文件位置: /root/pythonspace/data-test/facebook/2025-12-19-master-updatediscardpro+AgainContinue+numsimu+updatesuccpro/distribution-in-facebook/distribution-powerlaw_seedNum-100.pkl
2025-12-19 18:11:46,593 - INFO - 从当前位置 读取种子集 /root/pythonspace/data-test/facebook/2025-12-19-master-updatediscardpro+AgainContinue+numsimu+updatesuccpro/seeds-with-facebook/powerlaw_random_seedNum-100_SSRNum-160000.txt
2025-12-19 18:11:46,594 - INFO - 从当前位置 读取种子集 /root/pythonspace/data-test/facebook/2025-12-19-master-updatediscardpro+AgainContinue+numsimu+updatesuccpro/seeds-with-facebook/powerlaw_degreeTopM_seedNum-100_SSRNum-160000.txt
2025-12-19 18:11:46,599 - INFO - 从当前位置 读取种子集 /root/pythonspace/data-test/facebook/2025-12-19-master-updatediscardpro+AgainContinue+numsimu+updatesuccpro/seeds-with-facebook/powerlaw_alpha_sort_seedNum-100_SSRNum-160000.txt
2025-12-19 18:11:46,600 - INFO - 从当前位置 读取种子集 /root/pythonspace/data-test/facebook/2025-12-19-master-updatediscardpro+AgainContinue+numsimu+updatesuccpro/seeds-with-facebook/powerlaw_importance_sort_seedNum-100_SSRNum-160000.txt
2025-12-19 18:11:46,601 - INFO - 从当前位置 读取种子集 /root/pythonspace/data-test/facebook/2025-12-19-master-updatediscardpro+AgainContinue+numsimu+updatesuccpro/seeds-with-facebook/powerlaw_ris_coverage_seedNum-100_SSRNum-160000.txt
2025-12-19 18:11:46,602 - INFO - 评估种子集: None
2025-12-19 18:11:46,603 - INFO - 多进程评估开始，共有 5 个方法待评估...
2025-12-19 18:11:46,603 - INFO - 启动进程池，Worker数量: 5
2025-12-19 18:11:47,932 - INFO - [Process 51775] 开始评估方法: random, 种子数: 100
2025-12-19 18:11:49,075 - INFO - [Process 51776] 开始评估方法: degreeTopM, 种子数: 100
2025-12-19 18:11:50,037 - INFO - [Process 51777] 开始评估方法: alpha_sort, 种子数: 100
2025-12-19 18:11:51,163 - INFO - [Process 51778] 开始评估方法: importance_sort, 种子数: 100
2025-12-19 18:11:52,227 - INFO - [Process 51779] 开始评估方法: ris_coverage, 种子数: 100
2025-12-19 18:13:09,487 - INFO - [Process 51779] ris_coverage - 300 sims 完成: E=17.48
2025-12-19 18:13:13,012 - INFO - [Process 51777] alpha_sort - 300 sims 完成: E=18.11
2025-12-19 18:13:14,113 - INFO - [Process 51778] importance_sort - 300 sims 完成: E=18.11
2025-12-19 18:14:55,771 - INFO - [Process 51775] random - 300 sims 完成: E=5.96
2025-12-19 18:17:22,409 - INFO - [Process 51776] degreeTopM - 300 sims 完成: E=2.99
2025-12-19 18:17:22,478 - INFO - 所有进程执行完毕，开始写入数据...
2025-12-19 18:17:22,482 - INFO - 成功写入 5 条记录至 /root/pythonspace/data-test/facebook/2025-12-19-master-updatediscardpro+AgainContinue+numsimu+updatesuccpro/E-activated-facebook/distribution-powerlaw/tsd_1.5--0.5-0.5/single_sim_func-AgainContinue/simuTimes-300_monteCarloL-10_single_sim_func-AgainContinue_rrNumSamples-160000.csv
2025-12-19 18:17:22,483 - INFO - 保存评估文件至: /root/pythonspace/data-test/facebook/2025-12-19-master-updatediscardpro+AgainContinue+numsimu+updatesuccpro/E-activated-facebook/distribution-powerlaw/tsd_1.5--0.5-0.5/single_sim_func-AgainContinue/simuTimes-300_monteCarloL-10_single_sim_func-AgainContinue_rrNumSamples-160000.csv
