2026-01-05 21:50:19,733 - INFO - 加载数据集: network.douban11core
2026-01-05 21:50:19,734 - INFO - --- 矩阵分析 ---
2026-01-05 21:50:19,734 - INFO - 节点数 (N): 5123
2026-01-05 21:50:19,735 - INFO - 边数 (E): 129298
2026-01-05 21:50:19,735 - INFO - 密度 (Density): 0.00492655 (越小越稀疏)
2026-01-05 21:50:19,735 - INFO - 稀疏度 (Sparsity): 0.99507345 (越接近1越稀疏)
2026-01-05 21:50:19,735 - INFO - 平均度数 (Avg Degree): 25.24
2026-01-05 21:50:19,736 - INFO - 首次生成度相关概率分布 分布类型: 'random'.
2026-01-05 21:50:19,736 - INFO - ===> Generating 'Dirichlet' distributions with alpha=[500, 500, 500]...
2026-01-05 21:50:19,737 - INFO - 保存概率分布 文件位置: /root/pythonspace/data-test/network.douban11core/2026-1-6/distribution-in-network.douban11core/distribution-random_seedNum-100.pkl
2026-01-05 21:50:19,808 - INFO - 首次生成种子集 random
2026-01-05 21:50:19,808 - INFO - 执行当前算法开始: random
2026-01-05 21:50:19,808 - INFO - 数据集节点总数:  n = 5123, m = 100
2026-01-05 21:50:19,809 - INFO - 选择 100  [976, 4254, 584, 1601, 5061, 1836, 2686, 1389, 4194, 3922, 2653, 3266, 1598, 1868, 3494, 3269, 3697, 4090, 1575, 4663, 1672, 1120, 1879, 385, 751, 1491, 3445, 2415, 2336, 4868, 3783, 3261, 5053, 834, 2439, 1989, 3484, 3857, 1916, 814, 2666, 244, 3531, 590, 686, 3133, 4326, 3400, 2083, 1247, 2074, 4267, 1554, 4426, 2241, 2445, 3735, 4060, 1802, 4206, 4028, 1403, 4649, 5086, 3043, 2012, 4687, 500, 1228, 213, 3462, 2988, 4163, 2412, 1938, 5042, 4074, 3635, 1791, 1346, 1214, 3176, 4792, 607, 4782, 3029, 223, 4656, 634, 2550, 158, 2181, 3965, 3056, 137, 1425, 4993, 894, 3587, 612]

2026-01-05 21:50:19,809 - INFO - 当前用时 0.00 秒
2026-01-05 21:50:19,809 - INFO - 将种子集 写入位置: /root/pythonspace/data-test/network.douban11core/2026-1-6/seeds-with-network.douban11core/random_random_seedNum-100_SSRNum-100000.txt
2026-01-05 21:50:19,809 - INFO - 首次生成种子集 degreeTopM
2026-01-05 21:50:19,809 - INFO - 执行当前算法开始: degreeTopM
2026-01-05 21:50:19,809 - INFO - 依据: 选择连接数（度数）最多的节点。
2026-01-05 21:50:19,810 - INFO - 选择的 Top M 节点及其度数:
2026-01-05 21:50:19,810 - INFO - 
2026-01-05 21:50:19,810 - INFO - 当前用时 0.00 秒
2026-01-05 21:50:19,810 - INFO - 将种子集 写入位置: /root/pythonspace/data-test/network.douban11core/2026-1-6/seeds-with-network.douban11core/random_degreeTopM_seedNum-100_SSRNum-100000.txt
2026-01-05 21:50:19,810 - INFO - 首次生成种子集 pageRank
2026-01-05 21:50:19,810 - INFO - 执行当前算法开始: pageRank
2026-01-05 21:50:19,810 - INFO - --- Running: PageRank (on tranProMatrix) Top M ---
2026-01-05 21:50:20,512 - INFO - Selected PageRank seeds: [413, 135, 2568, 94, 2360, 412, 922, 644, 249, 1629, 295, 1195, 958, 1169, 2367, 11, 454, 590, 48, 1537, 1303, 1068, 1514, 902, 2005, 2595, 451, 744, 396, 2757, 2960, 2716, 100, 1604, 27, 611, 416, 2943, 2745, 696, 766, 855, 1186, 2542, 2395, 2242, 1166, 1595, 299, 142, 2409, 1892, 846, 2286, 1515, 3812, 137, 192, 899, 884, 2713, 4015, 197, 1882, 583, 2411, 3702, 114, 331, 228, 2403, 2590, 3936, 1941, 227, 380, 303, 979, 1173, 987, 1413, 1361, 3169, 1390, 2642, 2660, 230, 2187, 1423, 1192, 1815, 205, 821, 2205, 1117, 849, 1268, 2129, 926, 1520]
2026-01-05 21:50:20,533 - INFO - 当前用时 0.72 秒
2026-01-05 21:50:20,533 - INFO - 将种子集 写入位置: /root/pythonspace/data-test/network.douban11core/2026-1-6/seeds-with-network.douban11core/random_pageRank_seedNum-100_SSRNum-100000.txt
2026-01-05 21:50:20,533 - INFO - 首次生成种子集 alpha_sort
2026-01-05 21:50:20,534 - INFO - 执行当前算法开始: alpha_sort
2026-01-05 21:50:20,536 - INFO - 5123 个节点的alpha值降序排序 done
2026-01-05 21:50:20,536 - INFO - ==============>> [(629, 0.3777206), (154, 0.3770769), (79, 0.3765801), (1360, 0.3748027), (1483, 0.3740892), (3339, 0.3729269), (4903, 0.3712987), (2572, 0.3712801), (1227, 0.3712238), (2247, 0.3709811)]
2026-01-05 21:50:20,536 - INFO - 
选择的种子集 (按alpha排序): [629, 154, 79, 1360, 1483, 3339, 4903, 2572, 1227, 2247, 3799, 4823, 4529, 2582, 2596, 2974, 945, 1286, 3350, 4825, 682, 2932, 2654, 370, 198, 3224, 2083, 447, 3141, 2692, 2309, 4151, 3098, 1400, 1598, 4434, 516, 967, 1482, 3648, 1086, 143, 2581, 2998, 1554, 953, 414, 2346, 2955, 96, 5117, 3762, 1188, 2396, 1787, 3122, 4621, 486, 4978, 4907, 2069, 3970, 868, 1097, 3655, 1514, 3823, 1156, 329, 1352, 3790, 2286, 1780, 4921, 3143, 2976, 3947, 2888, 2968, 4658, 1336, 87, 4712, 2402, 2637, 5000, 1048, 4521, 1403, 1809, 1699, 2833, 3531, 624, 2167, 2202, 2726, 4945, 2119, 347]

2026-01-05 21:50:20,536 - INFO - 当前用时 0.00 秒
2026-01-05 21:50:20,536 - INFO - 将种子集 写入位置: /root/pythonspace/data-test/network.douban11core/2026-1-6/seeds-with-network.douban11core/random_alpha_sort_seedNum-100_SSRNum-100000.txt
2026-01-05 21:50:20,537 - INFO - 首次生成种子集 importance_sort
2026-01-05 21:50:20,537 - INFO - 执行当前算法开始: importance_sort
2026-01-05 21:50:22,393 - INFO - 5123 个节点的Importance值降序排序 done
2026-01-05 21:50:22,393 - INFO - 
选择的种子集 (按Importance排序): [958, 2129, 1423, 1275, 303, 2689, 1311, 249, 3707, 3169, 250, 2198, 1015, 2194, 2471, 1255, 27, 759, 1425, 1939, 930, 1057, 2338, 2327, 4132, 135, 629, 154, 79, 1360, 1483, 3339, 4903, 2572, 1227, 2247, 3799, 4823, 4529, 2582, 2596, 2974, 945, 1286, 3350, 4825, 682, 2932, 2654, 370, 198, 3224, 2083, 447, 3141, 2692, 2309, 4151, 3098, 1400, 1598, 4434, 516, 967, 1482, 3648, 1086, 143, 2581, 2998, 1554, 953, 414, 2346, 2955, 96, 5117, 3762, 1188, 2396, 1787, 3122, 4621, 486, 4978, 4907, 2069, 3970, 868, 1097, 3655, 1514, 3823, 1156, 329, 1352, 3790, 2286, 1780, 4921]

2026-01-05 21:50:22,394 - INFO - 当前用时 1.86 秒
2026-01-05 21:50:22,394 - INFO - 将种子集 写入位置: /root/pythonspace/data-test/network.douban11core/2026-1-6/seeds-with-network.douban11core/random_importance_sort_seedNum-100_SSRNum-100000.txt
2026-01-05 21:50:22,394 - INFO - 首次生成种子集 ris_coverage
2026-01-05 21:50:22,394 - INFO - 执行当前算法开始: ris_coverage
2026-01-05 21:50:22,617 - INFO - 图初始化完成，节点数: 5123，CSR 矩阵准备就绪。
2026-01-05 21:50:22,617 - INFO - 
开始生成 100000 组 SSR (并行进程: 8)...
2026-01-05 21:51:27,818 - INFO - 生成完毕。耗时: 65.20 秒。
2026-01-05 21:51:27,819 - INFO - 
开始选择最优种子 (Optimized Greedy) ...
2026-01-05 21:52:05,789 - INFO -   - 券 1/100 选中节点 4969, 新增覆盖 144
2026-01-05 21:52:05,819 - INFO -   - 券 2/100 选中节点 3903, 新增覆盖 143
2026-01-05 21:52:05,852 - INFO -   - 券 3/100 选中节点 4573, 新增覆盖 149
2026-01-05 21:52:05,886 - INFO -   - 券 4/100 选中节点 3638, 新增覆盖 148
2026-01-05 21:52:05,922 - INFO -   - 券 5/100 选中节点 4780, 新增覆盖 144
2026-01-05 21:52:05,958 - INFO -   - 券 6/100 选中节点 1737, 新增覆盖 141
2026-01-05 21:52:05,993 - INFO -   - 券 7/100 选中节点 3290, 新增覆盖 143
2026-01-05 21:52:06,031 - INFO -   - 券 8/100 选中节点 3905, 新增覆盖 140
2026-01-05 21:52:06,068 - INFO -   - 券 9/100 选中节点 837, 新增覆盖 143
2026-01-05 21:52:06,105 - INFO -   - 券 10/100 选中节点 496, 新增覆盖 141
2026-01-05 21:52:06,142 - INFO -   - 券 11/100 选中节点 1697, 新增覆盖 146
2026-01-05 21:52:06,182 - INFO -   - 券 12/100 选中节点 131, 新增覆盖 150
2026-01-05 21:52:06,227 - INFO -   - 券 13/100 选中节点 1581, 新增覆盖 150
2026-01-05 21:52:06,273 - INFO -   - 券 14/100 选中节点 1090, 新增覆盖 150
2026-01-05 21:52:06,319 - INFO -   - 券 15/100 选中节点 4359, 新增覆盖 146
2026-01-05 21:52:06,365 - INFO -   - 券 16/100 选中节点 2944, 新增覆盖 144
2026-01-05 21:52:06,413 - INFO -   - 券 17/100 选中节点 1674, 新增覆盖 142
2026-01-05 21:52:06,457 - INFO -   - 券 18/100 选中节点 1322, 新增覆盖 144
2026-01-05 21:52:06,503 - INFO -   - 券 19/100 选中节点 4275, 新增覆盖 140
2026-01-05 21:52:06,550 - INFO -   - 券 20/100 选中节点 3461, 新增覆盖 138
2026-01-05 21:52:06,597 - INFO -   - 券 21/100 选中节点 3570, 新增覆盖 145
2026-01-05 21:52:06,643 - INFO -   - 券 22/100 选中节点 4056, 新增覆盖 141
2026-01-05 21:52:06,692 - INFO -   - 券 23/100 选中节点 4746, 新增覆盖 142
2026-01-05 21:52:06,741 - INFO -   - 券 24/100 选中节点 3085, 新增覆盖 150
2026-01-05 21:52:06,790 - INFO -   - 券 25/100 选中节点 2962, 新增覆盖 146
2026-01-05 21:52:06,842 - INFO -   - 券 26/100 选中节点 1431, 新增覆盖 138
2026-01-05 21:52:06,896 - INFO -   - 券 27/100 选中节点 3344, 新增覆盖 144
2026-01-05 21:52:06,948 - INFO -   - 券 28/100 选中节点 1899, 新增覆盖 139
2026-01-05 21:52:07,005 - INFO -   - 券 29/100 选中节点 1174, 新增覆盖 136
2026-01-05 21:52:07,061 - INFO -   - 券 30/100 选中节点 2929, 新增覆盖 140
2026-01-05 21:52:07,118 - INFO -   - 券 31/100 选中节点 1861, 新增覆盖 137
2026-01-05 21:52:07,175 - INFO -   - 券 32/100 选中节点 4246, 新增覆盖 139
2026-01-05 21:52:07,231 - INFO -   - 券 33/100 选中节点 4196, 新增覆盖 143
2026-01-05 21:52:07,287 - INFO -   - 券 34/100 选中节点 609, 新增覆盖 134
2026-01-05 21:52:07,348 - INFO -   - 券 35/100 选中节点 1361, 新增覆盖 141
2026-01-05 21:52:07,402 - INFO -   - 券 36/100 选中节点 4441, 新增覆盖 136
2026-01-05 21:52:07,464 - INFO -   - 券 37/100 选中节点 2679, 新增覆盖 151
2026-01-05 21:52:07,529 - INFO -   - 券 38/100 选中节点 3635, 新增覆盖 143
2026-01-05 21:52:07,593 - INFO -   - 券 39/100 选中节点 2745, 新增覆盖 136
2026-01-05 21:52:07,652 - INFO -   - 券 40/100 选中节点 834, 新增覆盖 136
2026-01-05 21:52:07,712 - INFO -   - 券 41/100 选中节点 3297, 新增覆盖 137
2026-01-05 21:52:07,771 - INFO -   - 券 42/100 选中节点 2065, 新增覆盖 140
2026-01-05 21:52:07,833 - INFO -   - 券 43/100 选中节点 1894, 新增覆盖 136
2026-01-05 21:52:07,892 - INFO -   - 券 44/100 选中节点 5120, 新增覆盖 131
2026-01-05 21:52:07,953 - INFO -   - 券 45/100 选中节点 864, 新增覆盖 131
2026-01-05 21:52:08,014 - INFO -   - 券 46/100 选中节点 2641, 新增覆盖 140
2026-01-05 21:52:08,076 - INFO -   - 券 47/100 选中节点 4672, 新增覆盖 139
2026-01-05 21:52:08,140 - INFO -   - 券 48/100 选中节点 786, 新增覆盖 142
2026-01-05 21:52:08,200 - INFO -   - 券 49/100 选中节点 1932, 新增覆盖 128
2026-01-05 21:52:08,262 - INFO -   - 券 50/100 选中节点 903, 新增覆盖 140
2026-01-05 21:52:08,326 - INFO -   - 券 51/100 选中节点 3251, 新增覆盖 132
2026-01-05 21:52:08,402 - INFO -   - 券 52/100 选中节点 4521, 新增覆盖 134
2026-01-05 21:52:08,469 - INFO -   - 券 53/100 选中节点 3294, 新增覆盖 130
2026-01-05 21:52:08,535 - INFO -   - 券 54/100 选中节点 4823, 新增覆盖 127
2026-01-05 21:52:08,602 - INFO -   - 券 55/100 选中节点 1221, 新增覆盖 132
2026-01-05 21:52:08,665 - INFO -   - 券 56/100 选中节点 3684, 新增覆盖 137
2026-01-05 21:52:08,728 - INFO -   - 券 57/100 选中节点 359, 新增覆盖 144
2026-01-05 21:52:08,791 - INFO -   - 券 58/100 选中节点 3418, 新增覆盖 133
2026-01-05 21:52:08,858 - INFO -   - 券 59/100 选中节点 2281, 新增覆盖 128
2026-01-05 21:52:08,921 - INFO -   - 券 60/100 选中节点 4927, 新增覆盖 129
2026-01-05 21:52:08,984 - INFO -   - 券 61/100 选中节点 1924, 新增覆盖 130
2026-01-05 21:52:09,051 - INFO -   - 券 62/100 选中节点 610, 新增覆盖 129
2026-01-05 21:52:09,125 - INFO -   - 券 63/100 选中节点 3469, 新增覆盖 128
2026-01-05 21:52:09,194 - INFO -   - 券 64/100 选中节点 2547, 新增覆盖 129
2026-01-05 21:52:09,262 - INFO -   - 券 65/100 选中节点 2874, 新增覆盖 129
2026-01-05 21:52:09,335 - INFO -   - 券 66/100 选中节点 1742, 新增覆盖 132
2026-01-05 21:52:09,404 - INFO -   - 券 67/100 选中节点 1557, 新增覆盖 132
2026-01-05 21:52:09,474 - INFO -   - 券 68/100 选中节点 1965, 新增覆盖 133
2026-01-05 21:52:09,561 - INFO -   - 券 69/100 选中节点 2076, 新增覆盖 134
2026-01-05 21:52:09,641 - INFO -   - 券 70/100 选中节点 2325, 新增覆盖 129
2026-01-05 21:52:09,724 - INFO -   - 券 71/100 选中节点 1026, 新增覆盖 131
2026-01-05 21:52:09,794 - INFO -   - 券 72/100 选中节点 1355, 新增覆盖 131
2026-01-05 21:52:09,864 - INFO -   - 券 73/100 选中节点 763, 新增覆盖 127
2026-01-05 21:52:09,929 - INFO -   - 券 74/100 选中节点 2222, 新增覆盖 133
2026-01-05 21:52:10,003 - INFO -   - 券 75/100 选中节点 4645, 新增覆盖 125
2026-01-05 21:52:10,080 - INFO -   - 券 76/100 选中节点 5066, 新增覆盖 129
2026-01-05 21:52:10,153 - INFO -   - 券 77/100 选中节点 169, 新增覆盖 123
2026-01-05 21:52:10,223 - INFO -   - 券 78/100 选中节点 3048, 新增覆盖 138
2026-01-05 21:52:10,310 - INFO -   - 券 79/100 选中节点 1294, 新增覆盖 129
2026-01-05 21:52:10,394 - INFO -   - 券 80/100 选中节点 466, 新增覆盖 129
2026-01-05 21:52:10,476 - INFO -   - 券 81/100 选中节点 3920, 新增覆盖 127
2026-01-05 21:52:10,556 - INFO -   - 券 82/100 选中节点 4550, 新增覆盖 127
2026-01-05 21:52:10,642 - INFO -   - 券 83/100 选中节点 2718, 新增覆盖 123
2026-01-05 21:52:10,726 - INFO -   - 券 84/100 选中节点 3077, 新增覆盖 129
2026-01-05 21:52:10,806 - INFO -   - 券 85/100 选中节点 4808, 新增覆盖 126
2026-01-05 21:52:10,890 - INFO -   - 券 86/100 选中节点 2404, 新增覆盖 122
2026-01-05 21:52:10,967 - INFO -   - 券 87/100 选中节点 2619, 新增覆盖 127
2026-01-05 21:52:11,061 - INFO -   - 券 88/100 选中节点 3520, 新增覆盖 132
2026-01-05 21:52:11,141 - INFO -   - 券 89/100 选中节点 4588, 新增覆盖 128
2026-01-05 21:52:11,223 - INFO -   - 券 90/100 选中节点 2023, 新增覆盖 124
2026-01-05 21:52:11,306 - INFO -   - 券 91/100 选中节点 4704, 新增覆盖 121
2026-01-05 21:52:11,398 - INFO -   - 券 92/100 选中节点 4889, 新增覆盖 122
2026-01-05 21:52:11,487 - INFO -   - 券 93/100 选中节点 4978, 新增覆盖 126
2026-01-05 21:52:11,574 - INFO -   - 券 94/100 选中节点 4266, 新增覆盖 120
2026-01-05 21:52:11,673 - INFO -   - 券 95/100 选中节点 752, 新增覆盖 132
2026-01-05 21:52:11,782 - INFO -   - 券 96/100 选中节点 3513, 新增覆盖 126
2026-01-05 21:52:11,884 - INFO -   - 券 97/100 选中节点 4800, 新增覆盖 119
2026-01-05 21:52:11,983 - INFO -   - 券 98/100 选中节点 5115, 新增覆盖 117
2026-01-05 21:52:12,077 - INFO -   - 券 99/100 选中节点 1661, 新增覆盖 128
2026-01-05 21:52:12,175 - INFO -   - 券 100/100 选中节点 3981, 新增覆盖 127
2026-01-05 21:52:12,176 - INFO - 选种完毕。耗时: 44.36 秒。
2026-01-05 21:52:13,278 - INFO - 最终选择的种子集: [4969, 3903, 4573, 3638, 4780, 1737, 3290, 3905, 837, 496, 1697, 131, 1581, 1090, 4359, 2944, 1674, 1322, 4275, 3461, 3570, 4056, 4746, 3085, 2962, 1431, 3344, 1899, 1174, 2929, 1861, 4246, 4196, 609, 1361, 4441, 2679, 3635, 2745, 834, 3297, 2065, 1894, 5120, 864, 2641, 4672, 786, 1932, 903, 3251, 4521, 3294, 4823, 1221, 3684, 359, 3418, 2281, 4927, 1924, 610, 3469, 2547, 2874, 1742, 1557, 1965, 2076, 2325, 1026, 1355, 763, 2222, 4645, 5066, 169, 3048, 1294, 466, 3920, 4550, 2718, 3077, 4808, 2404, 2619, 3520, 4588, 2023, 4704, 4889, 4978, 4266, 752, 3513, 4800, 5115, 1661, 3981]

2026-01-05 21:52:15,274 - INFO - 当前用时 112.88 秒
2026-01-05 21:52:15,275 - INFO - 将种子集 写入位置: /root/pythonspace/data-test/network.douban11core/2026-1-6/seeds-with-network.douban11core/random_ris_coverage_seedNum-100_SSRNum-100000.txt
2026-01-05 21:52:15,275 - INFO - 评估种子集: None
2026-01-05 21:52:15,275 - INFO - 多进程评估开始，共有 6 个方法待评估...
2026-01-05 21:52:15,275 - INFO - 启动进程池，Worker数量: 6
2026-01-05 21:52:16,291 - INFO - [Process 6248] 开始评估方法: random, 种子数: 100
2026-01-05 21:52:16,689 - INFO - [Process 6249] 开始评估方法: degreeTopM, 种子数: 100
2026-01-05 21:52:17,133 - INFO - [Process 6250] 开始评估方法: pageRank, 种子数: 100
2026-01-05 21:52:17,436 - INFO - [Process 6248] random - 500 sims 完成: E=49.86
2026-01-05 21:52:17,593 - INFO - [Process 6251] 开始评估方法: alpha_sort, 种子数: 100
2026-01-05 21:52:17,906 - INFO - [Process 6249] degreeTopM - 500 sims 完成: E=49.62
2026-01-05 21:52:18,065 - INFO - [Process 6252] 开始评估方法: importance_sort, 种子数: 100
2026-01-05 21:52:18,343 - INFO - [Process 6250] pageRank - 500 sims 完成: E=49.59
2026-01-05 21:52:18,520 - INFO - [Process 6253] 开始评估方法: ris_coverage, 种子数: 100
2026-01-05 21:52:18,691 - INFO - [Process 6251] alpha_sort - 500 sims 完成: E=51.81
2026-01-05 21:52:19,140 - INFO - [Process 6252] importance_sort - 500 sims 完成: E=51.39
2026-01-05 21:52:19,603 - INFO - [Process 6253] ris_coverage - 500 sims 完成: E=49.66
2026-01-05 21:52:19,684 - INFO - 所有进程执行完毕，开始写入数据...
2026-01-05 21:52:19,689 - INFO - 成功写入 6 条记录至 /root/pythonspace/data-test/network.douban11core/2026-1-6/E-activated-network.douban11core/distribution-random/simuTimes-500_random-dirichlet-[500, 500, 500]_rrNumSamples-100000.csv
2026-01-05 21:52:19,690 - INFO - 保存评估文件至: /root/pythonspace/data-test/network.douban11core/2026-1-6/E-activated-network.douban11core/distribution-random/simuTimes-500_random-dirichlet-[500, 500, 500]_rrNumSamples-100000.csv
