2026-03-10 22:49:40,114 - INFO - 加载数据集: network.netscience
2026-03-10 22:49:40,115 - INFO - --- 矩阵分析 ---
2026-03-10 22:49:40,115 - INFO - 节点数 (N): 379
2026-03-10 22:49:40,115 - INFO - 边数 (E): 1828
2026-03-10 22:49:40,115 - INFO - 密度 (Density): 0.01272617 (越小越稀疏)
2026-03-10 22:49:40,115 - INFO - 稀疏度 (Sparsity): 0.98727383 (越接近1越稀疏)
2026-03-10 22:49:40,115 - INFO - 平均度数 (Avg Degree): 4.82
2026-03-10 22:49:40,115 - INFO - 首次生成度相关概率分布 分布类型: 'log_continuous'.
2026-03-10 22:49:40,115 - INFO - ===> Generating 'Log-Continuous' distributions for Real Graph...
2026-03-10 22:49:40,119 - INFO - 保存概率分布 文件位置: /home/wen/work/coup_spread/network.netscience/2026-4-3/distribution-in-network.netscience/distribution-log_continuous_seedNum-364.pkl
2026-03-10 22:49:40,121 - INFO - 首次生成种子集 random
2026-03-10 22:49:40,121 - INFO - 执行当前算法开始: random
2026-03-10 22:49:40,121 - INFO - 数据集节点总数:  n = 379, m = 364
2026-03-10 22:49:40,122 - INFO - 选择 364  [360, 92, 10, 267, 295, 3, 254, 79, 89, 64, 194, 251, 366, 352, 123, 348, 29, 78, 371, 246, 313, 350, 262, 104, 183, 317, 302, 1, 34, 155, 157, 330, 211, 85, 359, 125, 162, 226, 269, 184, 324, 147, 93, 153, 297, 36, 218, 308, 236, 145, 368, 37, 355, 30, 138, 260, 338, 106, 357, 136, 128, 307, 337, 263, 114, 12, 345, 102, 139, 8, 239, 283, 312, 23, 142, 220, 378, 188, 127, 135, 333, 344, 327, 304, 245, 273, 57, 98, 271, 328, 96, 343, 280, 120, 191, 109, 369, 192, 83, 310, 216, 354, 180, 82, 137, 28, 351, 296, 217, 309, 60, 341, 326, 234, 31, 171, 237, 21, 134, 342, 58, 116, 287, 154, 68, 361, 332, 76, 278, 35, 26, 124, 51, 248, 90, 45, 329, 258, 52, 178, 156, 200, 19, 238, 291, 334, 95, 39, 169, 186, 181, 67, 268, 376, 205, 166, 170, 190, 146, 107, 375, 230, 305, 365, 323, 15, 122, 222, 335, 140, 208, 356, 119, 110, 59, 86, 250, 42, 94, 18, 225, 349, 286, 189, 249, 318, 179, 40, 292, 300, 143, 193, 275, 277, 311, 331, 158, 353, 206, 100, 215, 11, 97, 174, 213, 17, 103, 172, 4, 46, 81, 176, 266, 111, 196, 77, 316, 87, 101, 173, 50, 5, 112, 88, 257, 84, 197, 66, 290, 9, 255, 256, 210, 320, 131, 301, 99, 149, 91, 339, 285, 25, 71, 231, 126, 252, 293, 167, 221, 306, 70, 314, 27, 202, 13, 168, 63, 141, 56, 364, 130, 14, 373, 117, 253, 264, 133, 372, 336, 303, 43, 2, 118, 16, 80, 73, 33, 161, 195, 224, 69, 159, 242, 0, 115, 247, 105, 374, 243, 163, 274, 212, 48, 235, 72, 261, 241, 214, 20, 279, 265, 367, 152, 233, 232, 294, 315, 244, 182, 185, 132, 282, 177, 41, 164, 377, 358, 6, 55, 203, 219, 108, 362, 62, 281, 289, 223, 160, 148, 198, 32, 38, 44, 270, 259, 321, 7, 49, 75, 175, 199, 325, 24, 165, 240, 284, 54, 340, 144, 228, 204, 288, 227, 322, 201, 74, 61, 150, 347, 65, 187, 47, 113, 363]

2026-03-10 22:49:40,122 - INFO - 当前用时 0.00 秒
2026-03-10 22:49:40,122 - INFO - 将种子集 写入位置: /home/wen/work/coup_spread/network.netscience/2026-4-3/seeds-with-network.netscience/log_continuous_random_seedNum-364_SSRNum-50000.txt
2026-03-10 22:49:40,122 - INFO - 首次生成种子集 degreeTopM
2026-03-10 22:49:40,122 - INFO - 执行当前算法开始: degreeTopM
2026-03-10 22:49:40,122 - INFO - 依据: 选择连接数（度数）最多的节点。
2026-03-10 22:49:40,122 - INFO - 选择的 Top M 节点及其度数:
2026-03-10 22:49:40,123 - INFO - 
2026-03-10 22:49:40,123 - INFO - 当前用时 0.00 秒
2026-03-10 22:49:40,123 - INFO - 将种子集 写入位置: /home/wen/work/coup_spread/network.netscience/2026-4-3/seeds-with-network.netscience/log_continuous_degreeTopM_seedNum-364_SSRNum-50000.txt
2026-03-10 22:49:40,123 - INFO - 首次生成种子集 pageRank
2026-03-10 22:49:40,123 - INFO - 执行当前算法开始: pageRank
2026-03-10 22:49:40,123 - INFO - --- Running: PageRank (on tranProMatrix) Top M ---
2026-03-10 22:49:40,133 - INFO - Selected PageRank seeds: [58, 3, 4, 119, 72, 5, 142, 106, 53, 219, 189, 107, 13, 41, 187, 7, 44, 92, 94, 173, 62, 95, 167, 96, 118, 75, 8, 123, 235, 234, 113, 180, 217, 11, 0, 76, 232, 124, 233, 46, 20, 140, 329, 52, 156, 87, 362, 122, 268, 74, 126, 81, 252, 249, 250, 295, 14, 320, 204, 201, 267, 209, 127, 188, 258, 259, 200, 178, 193, 216, 162, 163, 225, 69, 280, 40, 42, 286, 198, 369, 247, 283, 15, 16, 28, 29, 63, 18, 19, 261, 265, 266, 269, 270, 210, 293, 146, 227, 54, 184, 166, 294, 120, 238, 239, 240, 241, 346, 347, 354, 43, 98, 155, 220, 161, 100, 101, 205, 206, 207, 221, 298, 299, 300, 301, 302, 59, 260, 262, 263, 168, 88, 9, 144, 112, 246, 248, 251, 253, 86, 327, 331, 341, 73, 271, 211, 212, 169, 170, 171, 172, 335, 202, 304, 305, 306, 307, 357, 358, 359, 77, 222, 370, 223, 338, 21, 349, 350, 121, 284, 285, 105, 360, 361, 363, 364, 375, 376, 377, 378, 56, 57, 308, 102, 182, 183, 65, 66, 322, 323, 324, 365, 366, 367, 368, 32, 33, 174, 175, 176, 143, 141, 17, 25, 26, 27, 115, 116, 117, 137, 138, 139, 36, 372, 145, 147, 60, 61, 226, 228, 159, 160, 82, 83, 84, 224, 68, 70, 71, 6, 254, 255, 244, 245, 213, 50, 330, 332, 148, 149, 150, 47, 48, 12, 130, 38, 218, 325, 326, 93, 348, 34, 35, 190, 192, 197, 337, 195, 196, 157, 99, 319, 313, 314, 165, 256, 334, 336, 292, 311, 312, 64, 177, 229, 55, 287, 288, 185, 352, 353, 214, 215, 230, 129, 131, 133, 134, 114, 371, 290, 291, 108, 109, 110, 111, 23, 24, 236, 237, 242, 243, 51, 10, 264, 78, 373, 39, 275, 276, 315, 316, 103, 104, 203, 125, 303, 164, 152, 153, 279, 191, 30, 208, 309, 328, 355, 356, 272, 273, 181, 340, 342, 1, 2, 89, 90, 186, 339, 79, 80, 194, 135, 277, 97, 151, 31, 297, 154, 257, 49, 296, 45, 37, 374, 91, 318, 321, 317, 310, 333, 344, 345, 179, 282]
2026-03-10 22:49:40,134 - INFO - 当前用时 0.01 秒
2026-03-10 22:49:40,134 - INFO - 将种子集 写入位置: /home/wen/work/coup_spread/network.netscience/2026-4-3/seeds-with-network.netscience/log_continuous_pageRank_seedNum-364_SSRNum-50000.txt
2026-03-10 22:49:40,134 - INFO - 首次生成种子集 alpha_sort
2026-03-10 22:49:40,134 - INFO - 执行当前算法开始: alpha_sort
2026-03-10 22:49:40,134 - INFO - 379 个节点的alpha值降序排序 done
2026-03-10 22:49:40,135 - INFO - ==============>> [(196, np.float64(0.4761543759146074)), (133, np.float64(0.44857128895439097)), (179, np.float64(0.4476946228280887)), (321, np.float64(0.40617652723166164)), (222, np.float64(0.3991677376118984)), (275, np.float64(0.3980521239747853)), (32, np.float64(0.3936118487891139)), (103, np.float64(0.3766912822109997)), (302, np.float64(0.37169735269599197)), (373, np.float64(0.36767627649803303))]
2026-03-10 22:49:40,135 - INFO - 
选择的种子集 (按alpha排序): [196, 133, 179, 321, 222, 275, 32, 103, 302, 373, 111, 231, 266, 272, 315, 365, 154, 83, 227, 303, 149, 290, 185, 344, 323, 378, 226, 65, 67, 289, 174, 22, 100, 367, 145, 26, 336, 297, 112, 172, 352, 310, 37, 56, 343, 330, 312, 245, 141, 257, 181, 90, 351, 314, 159, 274, 157, 70, 279, 216, 158, 93, 284, 194, 167, 134, 108, 345, 6, 115, 281, 203, 331, 311, 295, 260, 288, 342, 223, 296, 151, 175, 89, 132, 165, 271, 55, 304, 84, 347, 139, 286, 60, 354, 144, 207, 53, 264, 243, 79, 71, 49, 117, 68, 183, 325, 319, 259, 155, 39, 129, 282, 47, 38, 62, 17, 76, 211, 239, 308, 77, 190, 161, 298, 177, 66, 97, 124, 80, 30, 322, 329, 267, 143, 19, 333, 375, 121, 292, 217, 369, 182, 191, 130, 110, 20, 138, 95, 291, 318, 374, 225, 278, 10, 334, 123, 337, 324, 4, 146, 238, 371, 24, 127, 50, 320, 136, 236, 45, 164, 59, 327, 229, 273, 82, 88, 35, 242, 356, 341, 277, 91, 230, 94, 102, 126, 128, 213, 64, 340, 215, 261, 377, 306, 40, 366, 348, 287, 147, 1, 301, 221, 355, 328, 63, 2, 99, 15, 335, 186, 51, 244, 210, 114, 57, 212, 104, 360, 120, 34, 152, 188, 376, 280, 220, 224, 349, 358, 307, 339, 193, 326, 122, 187, 178, 78, 198, 142, 364, 256, 180, 309, 116, 204, 228, 357, 363, 28, 33, 305, 332, 29, 85, 27, 350, 195, 208, 254, 43, 148, 300, 169, 137, 299, 209, 160, 9, 131, 170, 48, 135, 31, 270, 153, 12, 199, 41, 61, 21, 125, 197, 359, 166, 25, 0, 268, 202, 106, 192, 353, 317, 201, 218, 258, 240, 23, 237, 252, 293, 370, 46, 247, 109, 253, 233, 150, 206, 316, 246, 92, 265, 69, 184, 36, 52, 241, 113, 74, 276, 42, 361, 338, 73, 54, 248, 205, 283, 171, 250, 87, 255, 156, 219, 368, 168, 173, 96, 11, 86, 263, 189, 372, 251, 72, 81, 346, 176, 75, 294, 163, 232, 285, 313, 8, 107, 200, 214, 18, 105, 101, 162, 7, 5, 118]

2026-03-10 22:49:40,135 - INFO - 当前用时 0.00 秒
2026-03-10 22:49:40,135 - INFO - 将种子集 写入位置: /home/wen/work/coup_spread/network.netscience/2026-4-3/seeds-with-network.netscience/log_continuous_alpha_sort_seedNum-364_SSRNum-50000.txt
2026-03-10 22:49:40,135 - INFO - 首次生成种子集 ris_optimized
2026-03-10 22:49:40,135 - INFO - 执行当前算法开始: ris_optimized
2026-03-10 22:49:40,186 - INFO - 开始生成 50000 组多重RR-Set (万级节点极限内存优化版)...
2026-03-10 22:50:13,355 - INFO - 生成与倒排构建完毕。耗时: 33.17 秒。
2026-03-10 22:50:13,356 - INFO - 开始基于 Numpy 矩阵的高速贪心选择...
2026-03-10 22:50:13,689 - INFO - 高速选种完毕。耗时: 0.33 秒。估算范围: 106.76
2026-03-10 22:50:13,705 - INFO - 当前用时 33.57 秒
2026-03-10 22:50:13,705 - INFO - 将种子集 写入位置: /home/wen/work/coup_spread/network.netscience/2026-4-3/seeds-with-network.netscience/log_continuous_ris_optimized_seedNum-364_SSRNum-50000.txt
2026-03-10 22:50:13,705 - INFO - 首次生成种子集 1hop_sort
2026-03-10 22:50:13,706 - INFO - 执行当前算法开始: 1hop_sort
2026-03-10 22:50:13,749 - INFO - 当前用时 0.04 秒
2026-03-10 22:50:13,750 - INFO - 将种子集 写入位置: /home/wen/work/coup_spread/network.netscience/2026-4-3/seeds-with-network.netscience/log_continuous_1hop_sort_seedNum-364_SSRNum-50000.txt
2026-03-10 22:50:13,752 - INFO - 评估种子集: None
2026-03-10 22:50:13,752 - INFO - 多进程评估开始，共有 6 个方法待评估...
2026-03-10 22:50:13,752 - INFO - 启动进程池，Worker数量: 6
2026-03-10 22:50:13,825 - INFO - [Process 1917873] 开始评估方法: random, 种子数: 364
2026-03-10 22:50:13,837 - INFO - [Process 1917874] 开始评估方法: degreeTopM, 种子数: 364
2026-03-10 22:50:13,850 - INFO - [Process 1917875] 开始评估方法: pageRank, 种子数: 364
2026-03-10 22:50:13,862 - INFO - [Process 1917876] 开始评估方法: alpha_sort, 种子数: 364
2026-03-10 22:50:13,890 - INFO - [Process 1917877] 开始评估方法: ris_optimized, 种子数: 364
2026-03-10 22:50:13,902 - INFO - [Process 1917878] 开始评估方法: 1hop_sort, 种子数: 364
2026-03-10 22:50:17,189 - INFO - [ris_optimized - 种子:364] 拉新:88.0人 | 总销量:96.7单 | 品牌曝光:703.3次 | 🌟综合得分:162.7
2026-03-10 22:50:17,209 - INFO - [1hop_sort - 种子:364] 拉新:87.7人 | 总销量:96.8单 | 品牌曝光:701.6次 | 🌟综合得分:162.4
2026-03-10 22:50:17,256 - INFO - [degreeTopM - 种子:364] 拉新:84.6人 | 总销量:93.3单 | 品牌曝光:696.3次 | 🌟综合得分:158.6
2026-03-10 22:50:17,281 - INFO - [random - 种子:364] 拉新:85.6人 | 总销量:94.2单 | 品牌曝光:700.5次 | 🌟综合得分:160.0
2026-03-10 22:50:17,334 - INFO - [pageRank - 种子:364] 拉新:84.7人 | 总销量:93.6单 | 品牌曝光:699.5次 | 🌟综合得分:159.1
2026-03-10 22:50:17,396 - INFO - [alpha_sort - 种子:364] 拉新:88.3人 | 总销量:97.2单 | 品牌曝光:703.6次 | 🌟综合得分:163.1
2026-03-10 22:50:17,417 - INFO - 所有进程执行完毕，开始写入数据...
2026-03-10 22:50:17,433 - INFO - 成功写入 6 条记录至 /home/wen/work/coup_spread/gzc-impl/results/network.netscience/2026-4-3/log_continuous_SSRNum-50000-_seedNum-364_simuTimes-500.csv
2026-03-10 22:50:17,434 - INFO - 保存评估文件至: /home/wen/work/coup_spread/gzc-impl/results/network.netscience/2026-4-3/log_continuous_SSRNum-50000-_seedNum-364_simuTimes-500.csv
2026-03-10 22:50:17,435 - INFO - 加载数据集: network.netscience
2026-03-10 22:50:17,435 - INFO - --- 矩阵分析 ---
2026-03-10 22:50:17,435 - INFO - 节点数 (N): 379
2026-03-10 22:50:17,435 - INFO - 边数 (E): 1828
2026-03-10 22:50:17,436 - INFO - 密度 (Density): 0.01272617 (越小越稀疏)
2026-03-10 22:50:17,436 - INFO - 稀疏度 (Sparsity): 0.98727383 (越接近1越稀疏)
2026-03-10 22:50:17,436 - INFO - 平均度数 (Avg Degree): 4.82
2026-03-10 22:50:17,436 - INFO - 首次生成度相关概率分布 分布类型: 'log_continuous'.
2026-03-10 22:50:17,437 - INFO - ===> Generating 'Log-Continuous' distributions for Real Graph...
2026-03-10 22:50:17,442 - INFO - 保存概率分布 文件位置: /home/wen/work/coup_spread/network.netscience/2026-4-3/distribution-in-network.netscience/distribution-log_continuous_seedNum-376.pkl
2026-03-10 22:50:17,445 - INFO - 首次生成种子集 random
2026-03-10 22:50:17,445 - INFO - 执行当前算法开始: random
2026-03-10 22:50:17,445 - INFO - 数据集节点总数:  n = 379, m = 376
2026-03-10 22:50:17,445 - INFO - 选择 376  [118, 127, 274, 71, 332, 216, 24, 318, 152, 157, 10, 68, 310, 282, 145, 75, 373, 50, 121, 3, 77, 260, 69, 272, 242, 124, 104, 300, 279, 350, 176, 106, 59, 62, 30, 351, 116, 160, 372, 357, 237, 143, 322, 308, 238, 29, 154, 120, 265, 281, 4, 134, 90, 64, 302, 214, 58, 320, 327, 311, 338, 223, 307, 60, 147, 22, 309, 65, 136, 342, 225, 125, 344, 105, 141, 138, 123, 175, 38, 189, 368, 100, 114, 206, 228, 290, 340, 196, 195, 173, 43, 364, 252, 240, 273, 316, 356, 63, 78, 235, 61, 103, 109, 363, 70, 358, 129, 36, 250, 9, 375, 7, 179, 337, 243, 262, 227, 248, 184, 159, 122, 213, 87, 222, 156, 241, 326, 361, 85, 303, 292, 32, 354, 19, 111, 139, 23, 48, 215, 197, 14, 200, 51, 88, 348, 284, 146, 12, 212, 324, 27, 170, 186, 339, 193, 346, 164, 187, 234, 268, 89, 226, 367, 355, 96, 16, 289, 102, 76, 261, 72, 246, 177, 294, 257, 341, 148, 283, 92, 131, 360, 319, 217, 219, 84, 17, 188, 47, 40, 312, 306, 137, 317, 211, 298, 236, 264, 199, 345, 82, 150, 203, 296, 74, 365, 204, 331, 21, 269, 49, 144, 98, 191, 231, 6, 25, 263, 244, 135, 101, 44, 336, 163, 57, 28, 270, 343, 335, 31, 286, 130, 83, 140, 287, 230, 167, 169, 254, 201, 275, 192, 185, 181, 55, 207, 153, 133, 259, 280, 378, 126, 194, 221, 132, 33, 45, 142, 108, 119, 285, 13, 81, 291, 295, 26, 151, 39, 174, 11, 369, 288, 178, 91, 66, 376, 314, 97, 325, 86, 255, 180, 158, 0, 293, 245, 371, 166, 352, 80, 198, 161, 323, 67, 93, 52, 224, 165, 362, 374, 205, 334, 366, 251, 110, 253, 233, 370, 210, 218, 149, 113, 41, 94, 305, 5, 202, 2, 115, 330, 34, 271, 301, 8, 266, 276, 15, 377, 329, 182, 267, 79, 315, 56, 347, 171, 35, 155, 46, 239, 299, 359, 278, 313, 117, 20, 54, 277, 42, 232, 112, 190, 18, 99, 220, 37, 107, 1, 209, 304, 328, 333, 247, 353, 168, 95, 73, 256, 162, 249, 208, 349, 258, 229, 53, 183, 321]

2026-03-10 22:50:17,445 - INFO - 当前用时 0.00 秒
2026-03-10 22:50:17,445 - INFO - 将种子集 写入位置: /home/wen/work/coup_spread/network.netscience/2026-4-3/seeds-with-network.netscience/log_continuous_random_seedNum-376_SSRNum-50000.txt
2026-03-10 22:50:17,446 - INFO - 首次生成种子集 degreeTopM
2026-03-10 22:50:17,446 - INFO - 执行当前算法开始: degreeTopM
2026-03-10 22:50:17,446 - INFO - 依据: 选择连接数（度数）最多的节点。
2026-03-10 22:50:17,446 - INFO - 选择的 Top M 节点及其度数:
2026-03-10 22:50:17,446 - INFO - 
2026-03-10 22:50:17,446 - INFO - 当前用时 0.00 秒
2026-03-10 22:50:17,446 - INFO - 将种子集 写入位置: /home/wen/work/coup_spread/network.netscience/2026-4-3/seeds-with-network.netscience/log_continuous_degreeTopM_seedNum-376_SSRNum-50000.txt
2026-03-10 22:50:17,447 - INFO - 首次生成种子集 pageRank
2026-03-10 22:50:17,447 - INFO - 执行当前算法开始: pageRank
2026-03-10 22:50:17,447 - INFO - --- Running: PageRank (on tranProMatrix) Top M ---
2026-03-10 22:50:17,457 - INFO - Selected PageRank seeds: [58, 3, 4, 119, 72, 5, 142, 106, 53, 219, 189, 107, 13, 41, 187, 7, 44, 92, 94, 173, 62, 95, 167, 96, 118, 75, 8, 123, 235, 234, 113, 180, 217, 11, 0, 76, 232, 124, 233, 46, 20, 140, 329, 52, 156, 87, 362, 122, 268, 74, 126, 81, 252, 249, 250, 295, 14, 320, 204, 201, 267, 209, 127, 188, 258, 259, 200, 178, 193, 216, 162, 163, 225, 69, 280, 40, 42, 286, 198, 369, 247, 283, 15, 16, 28, 29, 63, 18, 19, 261, 265, 266, 269, 270, 210, 293, 146, 227, 54, 184, 166, 294, 120, 238, 239, 240, 241, 346, 347, 354, 43, 98, 155, 220, 161, 100, 101, 205, 206, 207, 221, 298, 299, 300, 301, 302, 59, 260, 262, 263, 168, 88, 9, 144, 112, 246, 248, 251, 253, 86, 327, 331, 341, 73, 271, 211, 212, 169, 170, 171, 172, 335, 202, 304, 305, 306, 307, 357, 358, 359, 77, 222, 370, 223, 338, 21, 349, 350, 121, 284, 285, 105, 360, 361, 363, 364, 375, 376, 377, 378, 56, 57, 308, 102, 182, 183, 65, 66, 322, 323, 324, 365, 366, 367, 368, 32, 33, 174, 175, 176, 143, 141, 17, 25, 26, 27, 115, 116, 117, 137, 138, 139, 36, 372, 145, 147, 60, 61, 226, 228, 159, 160, 82, 83, 84, 224, 68, 70, 71, 6, 254, 255, 244, 245, 213, 50, 330, 332, 148, 149, 150, 47, 48, 12, 130, 38, 218, 325, 326, 93, 348, 34, 35, 190, 192, 197, 337, 195, 196, 157, 99, 319, 313, 314, 165, 256, 334, 336, 292, 311, 312, 64, 177, 229, 55, 287, 288, 185, 352, 353, 214, 215, 230, 129, 131, 133, 134, 114, 371, 290, 291, 108, 109, 110, 111, 23, 24, 236, 237, 242, 243, 51, 10, 264, 78, 373, 39, 275, 276, 315, 316, 103, 104, 203, 125, 303, 164, 152, 153, 279, 191, 30, 208, 309, 328, 355, 356, 272, 273, 181, 340, 342, 1, 2, 89, 90, 186, 339, 79, 80, 194, 135, 277, 97, 151, 31, 297, 154, 257, 49, 296, 45, 37, 374, 91, 318, 321, 317, 310, 333, 344, 345, 179, 282, 281, 199, 67, 351, 289, 128, 132, 136, 158, 85, 274, 278]
2026-03-10 22:50:17,457 - INFO - 当前用时 0.01 秒
2026-03-10 22:50:17,457 - INFO - 将种子集 写入位置: /home/wen/work/coup_spread/network.netscience/2026-4-3/seeds-with-network.netscience/log_continuous_pageRank_seedNum-376_SSRNum-50000.txt
2026-03-10 22:50:17,458 - INFO - 首次生成种子集 alpha_sort
2026-03-10 22:50:17,458 - INFO - 执行当前算法开始: alpha_sort
2026-03-10 22:50:17,458 - INFO - 379 个节点的alpha值降序排序 done
2026-03-10 22:50:17,458 - INFO - ==============>> [(169, np.float64(0.5080958804142522)), (205, np.float64(0.4563919704938332)), (133, np.float64(0.3979018842360993)), (191, np.float64(0.39658323329821277)), (110, np.float64(0.39583798550660104)), (309, np.float64(0.3915932064272739)), (310, np.float64(0.39101987073225414)), (186, np.float64(0.39031709130727194)), (223, np.float64(0.38935386228492247)), (358, np.float64(0.3634200535235172))]
2026-03-10 22:50:17,458 - INFO - 
选择的种子集 (按alpha排序): [169, 205, 133, 191, 110, 309, 310, 186, 223, 358, 244, 179, 45, 201, 39, 227, 269, 215, 199, 114, 164, 354, 66, 97, 316, 33, 324, 377, 135, 279, 115, 303, 327, 275, 276, 317, 116, 56, 79, 284, 83, 274, 326, 128, 241, 369, 37, 230, 245, 362, 236, 49, 321, 357, 183, 139, 226, 374, 318, 340, 315, 289, 35, 120, 364, 343, 100, 2, 337, 101, 277, 34, 109, 174, 328, 329, 154, 232, 91, 272, 375, 27, 70, 134, 57, 23, 103, 302, 51, 190, 40, 89, 351, 195, 19, 82, 46, 211, 74, 198, 143, 350, 18, 85, 158, 104, 218, 214, 297, 90, 54, 323, 299, 210, 108, 86, 122, 290, 144, 141, 260, 194, 203, 31, 267, 331, 12, 336, 202, 185, 288, 180, 10, 228, 243, 151, 170, 355, 76, 38, 283, 229, 99, 280, 93, 157, 47, 342, 121, 96, 307, 220, 366, 65, 365, 78, 376, 313, 231, 125, 314, 335, 282, 28, 257, 106, 291, 263, 373, 237, 68, 127, 308, 192, 60, 15, 281, 333, 184, 67, 256, 112, 330, 367, 155, 247, 25, 242, 17, 188, 370, 129, 197, 162, 131, 339, 360, 105, 311, 150, 344, 165, 156, 372, 240, 293, 181, 262, 356, 145, 349, 102, 42, 319, 312, 206, 264, 61, 345, 22, 216, 138, 271, 152, 286, 32, 117, 207, 346, 148, 204, 208, 149, 213, 136, 24, 53, 130, 347, 123, 55, 50, 251, 59, 292, 238, 175, 92, 41, 359, 63, 273, 88, 371, 153, 75, 334, 322, 250, 320, 217, 118, 200, 353, 98, 161, 71, 20, 268, 52, 265, 225, 137, 73, 301, 159, 11, 77, 368, 6, 249, 248, 221, 168, 304, 113, 348, 270, 300, 132, 178, 258, 166, 160, 146, 182, 305, 253, 48, 298, 222, 378, 147, 287, 294, 124, 81, 13, 363, 30, 126, 80, 332, 26, 176, 173, 261, 285, 5, 233, 29, 119, 361, 224, 239, 325, 296, 172, 196, 341, 306, 177, 111, 209, 58, 193, 64, 278, 266, 212, 255, 338, 167, 62, 140, 69, 36, 187, 9, 252, 44, 95, 295, 163, 254, 107, 142, 246, 84, 352, 7, 1, 43, 259, 16, 234, 235, 21, 87, 14, 94, 8, 72, 171, 189, 219]

2026-03-10 22:50:17,458 - INFO - 当前用时 0.00 秒
2026-03-10 22:50:17,458 - INFO - 将种子集 写入位置: /home/wen/work/coup_spread/network.netscience/2026-4-3/seeds-with-network.netscience/log_continuous_alpha_sort_seedNum-376_SSRNum-50000.txt
2026-03-10 22:50:17,459 - INFO - 首次生成种子集 ris_optimized
2026-03-10 22:50:17,459 - INFO - 执行当前算法开始: ris_optimized
2026-03-10 22:50:17,540 - INFO - 开始生成 50000 组多重RR-Set (万级节点极限内存优化版)...
2026-03-10 22:50:51,850 - INFO - 生成与倒排构建完毕。耗时: 34.31 秒。
2026-03-10 22:50:51,851 - INFO - 开始基于 Numpy 矩阵的高速贪心选择...
2026-03-10 22:50:52,244 - INFO - 高速选种完毕。耗时: 0.39 秒。估算范围: 104.76
2026-03-10 22:50:52,257 - INFO - 当前用时 34.80 秒
2026-03-10 22:50:52,270 - INFO - 将种子集 写入位置: /home/wen/work/coup_spread/network.netscience/2026-4-3/seeds-with-network.netscience/log_continuous_ris_optimized_seedNum-376_SSRNum-50000.txt
2026-03-10 22:50:52,271 - INFO - 首次生成种子集 1hop_sort
2026-03-10 22:50:52,271 - INFO - 执行当前算法开始: 1hop_sort
2026-03-10 22:50:52,272 - INFO - 当前用时 0.00 秒
2026-03-10 22:50:52,272 - INFO - 将种子集 写入位置: /home/wen/work/coup_spread/network.netscience/2026-4-3/seeds-with-network.netscience/log_continuous_1hop_sort_seedNum-376_SSRNum-50000.txt
2026-03-10 22:50:52,273 - INFO - 评估种子集: None
2026-03-10 22:50:52,273 - INFO - 多进程评估开始，共有 6 个方法待评估...
2026-03-10 22:50:52,273 - INFO - 启动进程池，Worker数量: 6
2026-03-10 22:50:52,351 - INFO - [Process 1918643] 开始评估方法: random, 种子数: 376
2026-03-10 22:50:52,362 - INFO - [Process 1918644] 开始评估方法: degreeTopM, 种子数: 376
2026-03-10 22:50:52,385 - INFO - [Process 1918646] 开始评估方法: pageRank, 种子数: 376
2026-03-10 22:50:52,394 - INFO - [Process 1918647] 开始评估方法: alpha_sort, 种子数: 376
2026-03-10 22:50:52,416 - INFO - [Process 1918648] 开始评估方法: ris_optimized, 种子数: 376
2026-03-10 22:50:52,440 - INFO - [Process 1918649] 开始评估方法: 1hop_sort, 种子数: 376
2026-03-10 22:50:56,004 - INFO - [1hop_sort - 种子:376] 拉新:86.2人 | 总销量:95.5单 | 品牌曝光:745.3次 | 🌟综合得分:165.4
2026-03-10 22:50:56,159 - INFO - [degreeTopM - 种子:376] 拉新:85.1人 | 总销量:94.0单 | 品牌曝光:743.0次 | 🌟综合得分:163.8
2026-03-10 22:50:56,197 - INFO - [alpha_sort - 种子:376] 拉新:86.4人 | 总销量:95.4单 | 品牌曝光:744.7次 | 🌟综合得分:165.4
2026-03-10 22:50:56,252 - INFO - [ris_optimized - 种子:376] 拉新:86.5人 | 总销量:95.6单 | 品牌曝光:746.7次 | 🌟综合得分:165.7
2026-03-10 22:50:56,337 - INFO - [pageRank - 种子:376] 拉新:86.4人 | 总销量:95.6单 | 品牌曝光:745.6次 | 🌟综合得分:165.5
2026-03-10 22:50:56,402 - INFO - [random - 种子:376] 拉新:85.6人 | 总销量:94.5单 | 品牌曝光:744.3次 | 🌟综合得分:164.5
2026-03-10 22:50:56,426 - INFO - 所有进程执行完毕，开始写入数据...
2026-03-10 22:50:56,435 - INFO - 成功写入 6 条记录至 /home/wen/work/coup_spread/gzc-impl/results/network.netscience/2026-4-3/log_continuous_SSRNum-50000-_seedNum-376_simuTimes-500.csv
2026-03-10 22:50:56,436 - INFO - 保存评估文件至: /home/wen/work/coup_spread/gzc-impl/results/network.netscience/2026-4-3/log_continuous_SSRNum-50000-_seedNum-376_simuTimes-500.csv
2026-03-10 22:50:56,437 - INFO - 加载数据集: network.netscience
2026-03-10 22:50:56,438 - INFO - --- 矩阵分析 ---
2026-03-10 22:50:56,438 - INFO - 节点数 (N): 379
2026-03-10 22:50:56,438 - INFO - 边数 (E): 1828
2026-03-10 22:50:56,439 - INFO - 密度 (Density): 0.01272617 (越小越稀疏)
2026-03-10 22:50:56,439 - INFO - 稀疏度 (Sparsity): 0.98727383 (越接近1越稀疏)
2026-03-10 22:50:56,439 - INFO - 平均度数 (Avg Degree): 4.82
2026-03-10 22:50:56,440 - INFO - 首次生成度相关概率分布 分布类型: 'log_continuous'.
2026-03-10 22:50:56,440 - INFO - ===> Generating 'Log-Continuous' distributions for Real Graph...
2026-03-10 22:50:56,447 - INFO - 保存概率分布 文件位置: /home/wen/work/coup_spread/network.netscience/2026-4-3/distribution-in-network.netscience/distribution-log_continuous_seedNum-388.pkl
2026-03-10 22:50:56,450 - INFO - 首次生成种子集 random
2026-03-10 22:50:56,450 - INFO - 执行当前算法开始: random
2026-03-10 22:50:56,450 - INFO - 数据集节点总数:  n = 379, m = 388
