2026-03-10 22:44:04,347 - INFO - 加载数据集: network.netscience
2026-03-10 22:44:04,347 - INFO - --- 矩阵分析 ---
2026-03-10 22:44:04,347 - INFO - 节点数 (N): 379
2026-03-10 22:44:04,348 - INFO - 边数 (E): 1828
2026-03-10 22:44:04,348 - INFO - 密度 (Density): 0.01272617 (越小越稀疏)
2026-03-10 22:44:04,348 - INFO - 稀疏度 (Sparsity): 0.98727383 (越接近1越稀疏)
2026-03-10 22:44:04,348 - INFO - 平均度数 (Avg Degree): 4.82
2026-03-10 22:44:04,348 - INFO - 首次生成度相关概率分布 分布类型: 'log_continuous'.
2026-03-10 22:44:04,348 - INFO - ===> Generating 'Log-Continuous' distributions for Real Graph...
2026-03-10 22:44:04,352 - INFO - 保存概率分布 文件位置: /home/wen/work/coup_spread/network.netscience/2026-4-3/distribution-in-network.netscience/distribution-log_continuous_seedNum-304.pkl
2026-03-10 22:44:04,354 - INFO - 首次生成种子集 random
2026-03-10 22:44:04,355 - INFO - 执行当前算法开始: random
2026-03-10 22:44:04,355 - INFO - 数据集节点总数:  n = 379, m = 304
2026-03-10 22:44:04,355 - INFO - 选择 304  [279, 95, 193, 101, 203, 248, 112, 113, 167, 172, 22, 34, 77, 263, 3, 123, 298, 97, 245, 26, 93, 116, 129, 163, 294, 71, 20, 296, 186, 5, 361, 259, 219, 321, 168, 266, 335, 147, 1, 358, 220, 342, 254, 56, 141, 181, 307, 41, 337, 139, 40, 33, 27, 24, 18, 188, 366, 360, 0, 363, 174, 36, 73, 91, 46, 244, 90, 55, 268, 212, 142, 320, 350, 158, 165, 132, 377, 11, 58, 317, 289, 322, 362, 88, 257, 333, 44, 161, 29, 117, 169, 324, 177, 156, 224, 357, 346, 49, 375, 111, 329, 180, 325, 10, 305, 341, 67, 373, 295, 205, 17, 70, 84, 314, 66, 137, 319, 258, 284, 310, 121, 4, 47, 199, 278, 115, 213, 43, 229, 274, 210, 293, 83, 185, 327, 57, 355, 143, 179, 106, 15, 204, 79, 328, 118, 359, 343, 376, 178, 125, 120, 176, 351, 235, 269, 171, 318, 195, 173, 102, 192, 154, 127, 45, 364, 344, 371, 150, 238, 149, 239, 50, 256, 75, 12, 368, 130, 241, 206, 52, 110, 53, 222, 302, 276, 214, 226, 109, 211, 184, 288, 228, 89, 308, 299, 347, 23, 54, 202, 51, 264, 65, 356, 291, 223, 30, 250, 48, 242, 290, 191, 354, 85, 303, 300, 60, 98, 311, 232, 151, 74, 64, 28, 374, 218, 208, 104, 103, 349, 107, 96, 25, 61, 82, 37, 134, 282, 32, 240, 189, 19, 166, 122, 153, 21, 230, 271, 131, 42, 247, 207, 267, 63, 14, 187, 62, 313, 265, 152, 246, 255, 99, 170, 309, 201, 148, 8, 275, 81, 326, 336, 338, 281, 237, 273, 367, 146, 194, 140, 297, 78, 270, 260, 233, 378, 39, 249, 108, 128, 133, 92, 216, 316, 72, 292, 306, 164, 312, 157, 69, 94, 59, 252, 227]

2026-03-10 22:44:04,355 - INFO - 当前用时 0.00 秒
2026-03-10 22:44:04,355 - INFO - 将种子集 写入位置: /home/wen/work/coup_spread/network.netscience/2026-4-3/seeds-with-network.netscience/log_continuous_random_seedNum-304_SSRNum-50000.txt
2026-03-10 22:44:04,356 - INFO - 首次生成种子集 degreeTopM
2026-03-10 22:44:04,356 - INFO - 执行当前算法开始: degreeTopM
2026-03-10 22:44:04,356 - INFO - 依据: 选择连接数（度数）最多的节点。
2026-03-10 22:44:04,356 - INFO - 选择的 Top M 节点及其度数:
2026-03-10 22:44:04,356 - INFO - 
2026-03-10 22:44:04,356 - INFO - 当前用时 0.00 秒
2026-03-10 22:44:04,357 - INFO - 将种子集 写入位置: /home/wen/work/coup_spread/network.netscience/2026-4-3/seeds-with-network.netscience/log_continuous_degreeTopM_seedNum-304_SSRNum-50000.txt
2026-03-10 22:44:04,357 - INFO - 首次生成种子集 pageRank
2026-03-10 22:44:04,357 - INFO - 执行当前算法开始: pageRank
2026-03-10 22:44:04,357 - INFO - --- Running: PageRank (on tranProMatrix) Top M ---
2026-03-10 22:44:04,379 - INFO - Selected PageRank seeds: [58, 3, 4, 119, 72, 5, 142, 106, 53, 219, 189, 107, 13, 41, 187, 7, 44, 92, 94, 173, 62, 95, 167, 96, 118, 75, 8, 123, 235, 234, 113, 180, 217, 11, 0, 76, 232, 124, 233, 46, 20, 140, 329, 52, 156, 87, 362, 122, 268, 74, 126, 81, 252, 249, 250, 295, 14, 320, 204, 201, 267, 209, 127, 188, 258, 259, 200, 178, 193, 216, 162, 163, 225, 69, 280, 40, 42, 286, 198, 369, 247, 283, 15, 16, 28, 29, 63, 18, 19, 261, 265, 266, 269, 270, 210, 293, 146, 227, 54, 184, 166, 294, 120, 238, 239, 240, 241, 346, 347, 354, 43, 98, 155, 220, 161, 100, 101, 205, 206, 207, 221, 298, 299, 300, 301, 302, 59, 260, 262, 263, 168, 88, 9, 144, 112, 246, 248, 251, 253, 86, 327, 331, 341, 73, 271, 211, 212, 169, 170, 171, 172, 335, 202, 304, 305, 306, 307, 357, 358, 359, 77, 222, 370, 223, 338, 21, 349, 350, 121, 284, 285, 105, 360, 361, 363, 364, 375, 376, 377, 378, 56, 57, 308, 102, 182, 183, 65, 66, 322, 323, 324, 365, 366, 367, 368, 32, 33, 174, 175, 176, 143, 141, 17, 25, 26, 27, 115, 116, 117, 137, 138, 139, 36, 372, 145, 147, 60, 61, 226, 228, 159, 160, 82, 83, 84, 224, 68, 70, 71, 6, 254, 255, 244, 245, 213, 50, 330, 332, 148, 149, 150, 47, 48, 12, 130, 38, 218, 325, 326, 93, 348, 34, 35, 190, 192, 197, 337, 195, 196, 157, 99, 319, 313, 314, 165, 256, 334, 336, 292, 311, 312, 64, 177, 229, 55, 287, 288, 185, 352, 353, 214, 215, 230, 129, 131, 133, 134, 114, 371, 290, 291, 108, 109, 110, 111, 23, 24, 236, 237, 242, 243, 51, 10, 264]
2026-03-10 22:44:04,379 - INFO - 当前用时 0.02 秒
2026-03-10 22:44:04,379 - INFO - 将种子集 写入位置: /home/wen/work/coup_spread/network.netscience/2026-4-3/seeds-with-network.netscience/log_continuous_pageRank_seedNum-304_SSRNum-50000.txt
2026-03-10 22:44:04,379 - INFO - 首次生成种子集 alpha_sort
2026-03-10 22:44:04,380 - INFO - 执行当前算法开始: alpha_sort
2026-03-10 22:44:04,380 - INFO - 379 个节点的alpha值降序排序 done
2026-03-10 22:44:04,380 - INFO - ==============>> [(196, np.float64(0.4761543759146074)), (133, np.float64(0.44857128895439097)), (179, np.float64(0.4476946228280887)), (321, np.float64(0.40617652723166164)), (222, np.float64(0.3991677376118984)), (275, np.float64(0.3980521239747853)), (32, np.float64(0.3936118487891139)), (103, np.float64(0.3766912822109997)), (302, np.float64(0.37169735269599197)), (373, np.float64(0.36767627649803303))]
2026-03-10 22:44:04,380 - INFO - 
选择的种子集 (按alpha排序): [196, 133, 179, 321, 222, 275, 32, 103, 302, 373, 111, 231, 266, 272, 315, 365, 154, 83, 227, 303, 149, 290, 185, 344, 323, 378, 226, 65, 67, 289, 174, 22, 100, 367, 145, 26, 336, 297, 112, 172, 352, 310, 37, 56, 343, 330, 312, 245, 141, 257, 181, 90, 351, 314, 159, 274, 157, 70, 279, 216, 158, 93, 284, 194, 167, 134, 108, 345, 6, 115, 281, 203, 331, 311, 295, 260, 288, 342, 223, 296, 151, 175, 89, 132, 165, 271, 55, 304, 84, 347, 139, 286, 60, 354, 144, 207, 53, 264, 243, 79, 71, 49, 117, 68, 183, 325, 319, 259, 155, 39, 129, 282, 47, 38, 62, 17, 76, 211, 239, 308, 77, 190, 161, 298, 177, 66, 97, 124, 80, 30, 322, 329, 267, 143, 19, 333, 375, 121, 292, 217, 369, 182, 191, 130, 110, 20, 138, 95, 291, 318, 374, 225, 278, 10, 334, 123, 337, 324, 4, 146, 238, 371, 24, 127, 50, 320, 136, 236, 45, 164, 59, 327, 229, 273, 82, 88, 35, 242, 356, 341, 277, 91, 230, 94, 102, 126, 128, 213, 64, 340, 215, 261, 377, 306, 40, 366, 348, 287, 147, 1, 301, 221, 355, 328, 63, 2, 99, 15, 335, 186, 51, 244, 210, 114, 57, 212, 104, 360, 120, 34, 152, 188, 376, 280, 220, 224, 349, 358, 307, 339, 193, 326, 122, 187, 178, 78, 198, 142, 364, 256, 180, 309, 116, 204, 228, 357, 363, 28, 33, 305, 332, 29, 85, 27, 350, 195, 208, 254, 43, 148, 300, 169, 137, 299, 209, 160, 9, 131, 170, 48, 135, 31, 270, 153, 12, 199, 41, 61, 21, 125, 197, 359, 166, 25, 0, 268, 202, 106, 192, 353, 317, 201, 218, 258, 240, 23, 237, 252, 293, 370, 46, 247, 109, 253]

2026-03-10 22:44:04,380 - INFO - 当前用时 0.00 秒
2026-03-10 22:44:04,380 - INFO - 将种子集 写入位置: /home/wen/work/coup_spread/network.netscience/2026-4-3/seeds-with-network.netscience/log_continuous_alpha_sort_seedNum-304_SSRNum-50000.txt
2026-03-10 22:44:04,381 - INFO - 首次生成种子集 ris_optimized
2026-03-10 22:44:04,381 - INFO - 执行当前算法开始: ris_optimized
2026-03-10 22:44:04,433 - INFO - 开始生成 50000 组多重RR-Set (万级节点极限内存优化版)...
2026-03-10 22:44:33,348 - INFO - 生成与倒排构建完毕。耗时: 28.91 秒。
2026-03-10 22:44:33,349 - INFO - 开始基于 Numpy 矩阵的高速贪心选择...
2026-03-10 22:44:33,634 - INFO - 高速选种完毕。耗时: 0.28 秒。估算范围: 97.60
2026-03-10 22:44:33,646 - INFO - 当前用时 29.27 秒
2026-03-10 22:44:33,647 - INFO - 将种子集 写入位置: /home/wen/work/coup_spread/network.netscience/2026-4-3/seeds-with-network.netscience/log_continuous_ris_optimized_seedNum-304_SSRNum-50000.txt
2026-03-10 22:44:33,647 - INFO - 首次生成种子集 1hop_sort
2026-03-10 22:44:33,647 - INFO - 执行当前算法开始: 1hop_sort
2026-03-10 22:44:33,693 - INFO - 当前用时 0.05 秒
2026-03-10 22:44:33,694 - INFO - 将种子集 写入位置: /home/wen/work/coup_spread/network.netscience/2026-4-3/seeds-with-network.netscience/log_continuous_1hop_sort_seedNum-304_SSRNum-50000.txt
2026-03-10 22:44:33,695 - INFO - 评估种子集: None
2026-03-10 22:44:33,696 - INFO - 多进程评估开始，共有 6 个方法待评估...
2026-03-10 22:44:33,696 - INFO - 启动进程池，Worker数量: 6
2026-03-10 22:44:33,769 - INFO - [Process 1912041] 开始评估方法: random, 种子数: 304
2026-03-10 22:44:33,787 - INFO - [Process 1912042] 开始评估方法: degreeTopM, 种子数: 304
2026-03-10 22:44:33,801 - INFO - [Process 1912043] 开始评估方法: pageRank, 种子数: 304
2026-03-10 22:44:33,814 - INFO - [Process 1912044] 开始评估方法: alpha_sort, 种子数: 304
2026-03-10 22:44:33,826 - INFO - [Process 1912045] 开始评估方法: ris_optimized, 种子数: 304
2026-03-10 22:44:33,840 - INFO - [Process 1912046] 开始评估方法: 1hop_sort, 种子数: 304
2026-03-10 22:44:36,506 - INFO - [degreeTopM - 种子:304] 拉新:67.3人 | 总销量:73.4单 | 品牌曝光:571.9次 | 🌟综合得分:127.6
2026-03-10 22:44:36,733 - INFO - [random - 种子:304] 拉新:73.8人 | 总销量:80.0单 | 品牌曝光:586.9次 | 🌟综合得分:135.6
2026-03-10 22:44:36,757 - INFO - [pageRank - 种子:304] 拉新:68.9人 | 总销量:75.6单 | 品牌曝光:576.2次 | 🌟综合得分:129.9
2026-03-10 22:44:36,820 - INFO - [alpha_sort - 种子:304] 拉新:80.1人 | 总销量:87.2单 | 品牌曝光:591.2次 | 🌟综合得分:142.8
2026-03-10 22:44:36,859 - INFO - [1hop_sort - 种子:304] 拉新:79.8人 | 总销量:87.8单 | 品牌曝光:590.2次 | 🌟综合得分:142.8
2026-03-10 22:44:36,963 - INFO - [ris_optimized - 种子:304] 拉新:80.8人 | 总销量:88.2单 | 品牌曝光:599.1次 | 🌟综合得分:144.4
2026-03-10 22:44:36,982 - INFO - 所有进程执行完毕，开始写入数据...
2026-03-10 22:44:37,006 - INFO - 成功写入 6 条记录至 /home/wen/work/coup_spread/gzc-impl/results/network.netscience/2026-4-3/log_continuous_SSRNum-50000-_seedNum-304_simuTimes-500.csv
2026-03-10 22:44:37,006 - INFO - 保存评估文件至: /home/wen/work/coup_spread/gzc-impl/results/network.netscience/2026-4-3/log_continuous_SSRNum-50000-_seedNum-304_simuTimes-500.csv
2026-03-10 22:44:37,007 - INFO - 加载数据集: network.netscience
2026-03-10 22:44:37,008 - INFO - --- 矩阵分析 ---
2026-03-10 22:44:37,008 - INFO - 节点数 (N): 379
2026-03-10 22:44:37,008 - INFO - 边数 (E): 1828
2026-03-10 22:44:37,008 - INFO - 密度 (Density): 0.01272617 (越小越稀疏)
2026-03-10 22:44:37,008 - INFO - 稀疏度 (Sparsity): 0.98727383 (越接近1越稀疏)
2026-03-10 22:44:37,008 - INFO - 平均度数 (Avg Degree): 4.82
2026-03-10 22:44:37,009 - INFO - 首次生成度相关概率分布 分布类型: 'log_continuous'.
2026-03-10 22:44:37,009 - INFO - ===> Generating 'Log-Continuous' distributions for Real Graph...
2026-03-10 22:44:37,019 - INFO - 保存概率分布 文件位置: /home/wen/work/coup_spread/network.netscience/2026-4-3/distribution-in-network.netscience/distribution-log_continuous_seedNum-316.pkl
2026-03-10 22:44:37,022 - INFO - 首次生成种子集 random
2026-03-10 22:44:37,022 - INFO - 执行当前算法开始: random
2026-03-10 22:44:37,022 - INFO - 数据集节点总数:  n = 379, m = 316
2026-03-10 22:44:37,022 - INFO - 选择 316  [70, 235, 229, 265, 136, 296, 214, 92, 271, 279, 338, 366, 5, 354, 224, 300, 190, 20, 286, 62, 144, 272, 146, 248, 207, 192, 48, 46, 245, 66, 96, 51, 16, 140, 38, 35, 107, 284, 373, 199, 254, 55, 118, 82, 343, 128, 227, 275, 200, 22, 269, 276, 150, 99, 221, 342, 116, 72, 301, 345, 154, 256, 172, 64, 57, 306, 232, 365, 244, 264, 168, 278, 181, 299, 351, 58, 361, 360, 312, 33, 123, 258, 375, 294, 173, 228, 10, 324, 196, 336, 112, 197, 363, 110, 344, 241, 250, 201, 11, 135, 83, 314, 293, 158, 313, 255, 225, 145, 329, 167, 104, 1, 129, 161, 28, 311, 124, 315, 202, 23, 21, 209, 213, 71, 180, 41, 9, 364, 320, 211, 328, 166, 7, 308, 175, 25, 73, 236, 37, 4, 151, 231, 326, 24, 174, 149, 309, 120, 106, 79, 162, 179, 30, 74, 142, 298, 69, 370, 125, 152, 193, 212, 170, 247, 177, 198, 77, 65, 109, 287, 78, 39, 19, 223, 111, 6, 194, 353, 222, 156, 137, 14, 63, 155, 68, 121, 304, 216, 187, 143, 295, 262, 84, 147, 239, 331, 15, 178, 266, 59, 253, 310, 332, 330, 292, 90, 0, 356, 267, 53, 94, 2, 274, 97, 3, 113, 242, 189, 374, 290, 252, 238, 260, 26, 36, 52, 185, 339, 17, 76, 54, 133, 105, 86, 283, 280, 337, 32, 327, 122, 29, 303, 270, 215, 171, 131, 61, 31, 176, 13, 165, 160, 18, 132, 297, 95, 108, 218, 317, 281, 358, 362, 268, 50, 273, 87, 369, 367, 80, 355, 240, 220, 100, 34, 195, 372, 376, 237, 114, 325, 234, 103, 246, 249, 134, 67, 56, 307, 12, 233, 322, 117, 357, 141, 191, 89, 371, 323, 210, 243, 219, 88, 378, 263, 139, 75, 282, 277, 285, 182, 261, 302, 186, 138, 289, 119]

2026-03-10 22:44:37,022 - INFO - 当前用时 0.00 秒
2026-03-10 22:44:37,023 - INFO - 将种子集 写入位置: /home/wen/work/coup_spread/network.netscience/2026-4-3/seeds-with-network.netscience/log_continuous_random_seedNum-316_SSRNum-50000.txt
2026-03-10 22:44:37,023 - INFO - 首次生成种子集 degreeTopM
2026-03-10 22:44:37,023 - INFO - 执行当前算法开始: degreeTopM
2026-03-10 22:44:37,023 - INFO - 依据: 选择连接数（度数）最多的节点。
2026-03-10 22:44:37,023 - INFO - 选择的 Top M 节点及其度数:
2026-03-10 22:44:37,023 - INFO - 
2026-03-10 22:44:37,024 - INFO - 当前用时 0.00 秒
2026-03-10 22:44:37,024 - INFO - 将种子集 写入位置: /home/wen/work/coup_spread/network.netscience/2026-4-3/seeds-with-network.netscience/log_continuous_degreeTopM_seedNum-316_SSRNum-50000.txt
2026-03-10 22:44:37,024 - INFO - 首次生成种子集 pageRank
2026-03-10 22:44:37,024 - INFO - 执行当前算法开始: pageRank
2026-03-10 22:44:37,024 - INFO - --- Running: PageRank (on tranProMatrix) Top M ---
2026-03-10 22:44:37,044 - INFO - Selected PageRank seeds: [58, 3, 4, 119, 72, 5, 142, 106, 53, 219, 189, 107, 13, 41, 187, 7, 44, 92, 94, 173, 62, 95, 167, 96, 118, 75, 8, 123, 235, 234, 113, 180, 217, 11, 0, 76, 232, 124, 233, 46, 20, 140, 329, 52, 156, 87, 362, 122, 268, 74, 126, 81, 252, 249, 250, 295, 14, 320, 204, 201, 267, 209, 127, 188, 258, 259, 200, 178, 193, 216, 162, 163, 225, 69, 280, 40, 42, 286, 198, 369, 247, 283, 15, 16, 28, 29, 63, 18, 19, 261, 265, 266, 269, 270, 210, 293, 146, 227, 54, 184, 166, 294, 120, 238, 239, 240, 241, 346, 347, 354, 43, 98, 155, 220, 161, 100, 101, 205, 206, 207, 221, 298, 299, 300, 301, 302, 59, 260, 262, 263, 168, 88, 9, 144, 112, 246, 248, 251, 253, 86, 327, 331, 341, 73, 271, 211, 212, 169, 170, 171, 172, 335, 202, 304, 305, 306, 307, 357, 358, 359, 77, 222, 370, 223, 338, 21, 349, 350, 121, 284, 285, 105, 360, 361, 363, 364, 375, 376, 377, 378, 56, 57, 308, 102, 182, 183, 65, 66, 322, 323, 324, 365, 366, 367, 368, 32, 33, 174, 175, 176, 143, 141, 17, 25, 26, 27, 115, 116, 117, 137, 138, 139, 36, 372, 145, 147, 60, 61, 226, 228, 159, 160, 82, 83, 84, 224, 68, 70, 71, 6, 254, 255, 244, 245, 213, 50, 330, 332, 148, 149, 150, 47, 48, 12, 130, 38, 218, 325, 326, 93, 348, 34, 35, 190, 192, 197, 337, 195, 196, 157, 99, 319, 313, 314, 165, 256, 334, 336, 292, 311, 312, 64, 177, 229, 55, 287, 288, 185, 352, 353, 214, 215, 230, 129, 131, 133, 134, 114, 371, 290, 291, 108, 109, 110, 111, 23, 24, 236, 237, 242, 243, 51, 10, 264, 78, 373, 39, 275, 276, 315, 316, 103, 104, 203, 125, 303]
2026-03-10 22:44:37,044 - INFO - 当前用时 0.02 秒
2026-03-10 22:44:37,044 - INFO - 将种子集 写入位置: /home/wen/work/coup_spread/network.netscience/2026-4-3/seeds-with-network.netscience/log_continuous_pageRank_seedNum-316_SSRNum-50000.txt
2026-03-10 22:44:37,045 - INFO - 首次生成种子集 alpha_sort
2026-03-10 22:44:37,045 - INFO - 执行当前算法开始: alpha_sort
2026-03-10 22:44:37,045 - INFO - 379 个节点的alpha值降序排序 done
2026-03-10 22:44:37,045 - INFO - ==============>> [(169, np.float64(0.5080958804142522)), (205, np.float64(0.4563919704938332)), (133, np.float64(0.3979018842360993)), (191, np.float64(0.39658323329821277)), (110, np.float64(0.39583798550660104)), (309, np.float64(0.3915932064272739)), (310, np.float64(0.39101987073225414)), (186, np.float64(0.39031709130727194)), (223, np.float64(0.38935386228492247)), (358, np.float64(0.3634200535235172))]
2026-03-10 22:44:37,045 - INFO - 
选择的种子集 (按alpha排序): [169, 205, 133, 191, 110, 309, 310, 186, 223, 358, 244, 179, 45, 201, 39, 227, 269, 215, 199, 114, 164, 354, 66, 97, 316, 33, 324, 377, 135, 279, 115, 303, 327, 275, 276, 317, 116, 56, 79, 284, 83, 274, 326, 128, 241, 369, 37, 230, 245, 362, 236, 49, 321, 357, 183, 139, 226, 374, 318, 340, 315, 289, 35, 120, 364, 343, 100, 2, 337, 101, 277, 34, 109, 174, 328, 329, 154, 232, 91, 272, 375, 27, 70, 134, 57, 23, 103, 302, 51, 190, 40, 89, 351, 195, 19, 82, 46, 211, 74, 198, 143, 350, 18, 85, 158, 104, 218, 214, 297, 90, 54, 323, 299, 210, 108, 86, 122, 290, 144, 141, 260, 194, 203, 31, 267, 331, 12, 336, 202, 185, 288, 180, 10, 228, 243, 151, 170, 355, 76, 38, 283, 229, 99, 280, 93, 157, 47, 342, 121, 96, 307, 220, 366, 65, 365, 78, 376, 313, 231, 125, 314, 335, 282, 28, 257, 106, 291, 263, 373, 237, 68, 127, 308, 192, 60, 15, 281, 333, 184, 67, 256, 112, 330, 367, 155, 247, 25, 242, 17, 188, 370, 129, 197, 162, 131, 339, 360, 105, 311, 150, 344, 165, 156, 372, 240, 293, 181, 262, 356, 145, 349, 102, 42, 319, 312, 206, 264, 61, 345, 22, 216, 138, 271, 152, 286, 32, 117, 207, 346, 148, 204, 208, 149, 213, 136, 24, 53, 130, 347, 123, 55, 50, 251, 59, 292, 238, 175, 92, 41, 359, 63, 273, 88, 371, 153, 75, 334, 322, 250, 320, 217, 118, 200, 353, 98, 161, 71, 20, 268, 52, 265, 225, 137, 73, 301, 159, 11, 77, 368, 6, 249, 248, 221, 168, 304, 113, 348, 270, 300, 132, 178, 258, 166, 160, 146, 182, 305, 253, 48, 298, 222, 378, 147, 287, 294, 124, 81, 13, 363, 30, 126, 80, 332, 26, 176, 173]

2026-03-10 22:44:37,045 - INFO - 当前用时 0.00 秒
2026-03-10 22:44:37,046 - INFO - 将种子集 写入位置: /home/wen/work/coup_spread/network.netscience/2026-4-3/seeds-with-network.netscience/log_continuous_alpha_sort_seedNum-316_SSRNum-50000.txt
2026-03-10 22:44:37,046 - INFO - 首次生成种子集 ris_optimized
2026-03-10 22:44:37,046 - INFO - 执行当前算法开始: ris_optimized
2026-03-10 22:44:37,072 - INFO - 开始生成 50000 组多重RR-Set (万级节点极限内存优化版)...
2026-03-10 22:45:06,262 - INFO - 生成与倒排构建完毕。耗时: 29.19 秒。
2026-03-10 22:45:06,263 - INFO - 开始基于 Numpy 矩阵的高速贪心选择...
2026-03-10 22:45:06,542 - INFO - 高速选种完毕。耗时: 0.28 秒。估算范围: 97.55
2026-03-10 22:45:06,552 - INFO - 当前用时 29.51 秒
2026-03-10 22:45:06,560 - INFO - 将种子集 写入位置: /home/wen/work/coup_spread/network.netscience/2026-4-3/seeds-with-network.netscience/log_continuous_ris_optimized_seedNum-316_SSRNum-50000.txt
2026-03-10 22:45:06,561 - INFO - 首次生成种子集 1hop_sort
2026-03-10 22:45:06,561 - INFO - 执行当前算法开始: 1hop_sort
2026-03-10 22:45:06,562 - INFO - 当前用时 0.00 秒
2026-03-10 22:45:06,562 - INFO - 将种子集 写入位置: /home/wen/work/coup_spread/network.netscience/2026-4-3/seeds-with-network.netscience/log_continuous_1hop_sort_seedNum-316_SSRNum-50000.txt
2026-03-10 22:45:06,563 - INFO - 评估种子集: None
2026-03-10 22:45:06,563 - INFO - 多进程评估开始，共有 6 个方法待评估...
2026-03-10 22:45:06,563 - INFO - 启动进程池，Worker数量: 6
2026-03-10 22:45:06,633 - INFO - [Process 1912514] 开始评估方法: random, 种子数: 316
2026-03-10 22:45:06,654 - INFO - [Process 1912515] 开始评估方法: degreeTopM, 种子数: 316
2026-03-10 22:45:06,670 - INFO - [Process 1912516] 开始评估方法: pageRank, 种子数: 316
2026-03-10 22:45:06,684 - INFO - [Process 1912517] 开始评估方法: alpha_sort, 种子数: 316
2026-03-10 22:45:06,700 - INFO - [Process 1912518] 开始评估方法: ris_optimized, 种子数: 316
2026-03-10 22:45:06,714 - INFO - [Process 1912519] 开始评估方法: 1hop_sort, 种子数: 316
2026-03-10 22:45:09,765 - INFO - [random - 种子:316] 拉新:72.5人 | 总销量:78.8单 | 品牌曝光:623.0次 | 🌟综合得分:137.9
2026-03-10 22:45:09,799 - INFO - [degreeTopM - 种子:316] 拉新:69.2人 | 总销量:75.9单 | 品牌曝光:617.1次 | 🌟综合得分:134.3
2026-03-10 22:45:09,804 - INFO - [pageRank - 种子:316] 拉新:69.9人 | 总销量:76.8单 | 品牌曝光:618.0次 | 🌟综合得分:135.1
2026-03-10 22:45:09,883 - INFO - [1hop_sort - 种子:316] 拉新:80.2人 | 总销量:88.0单 | 品牌曝光:630.1次 | 🌟综合得分:147.1
2026-03-10 22:45:10,069 - INFO - [ris_optimized - 种子:316] 拉新:80.5人 | 总销量:88.1单 | 品牌曝光:640.2次 | 🌟综合得分:148.3
2026-03-10 22:45:10,078 - INFO - [alpha_sort - 种子:316] 拉新:80.4人 | 总销量:88.0单 | 品牌曝光:630.0次 | 🌟综合得分:147.2
2026-03-10 22:45:10,098 - INFO - 所有进程执行完毕，开始写入数据...
2026-03-10 22:45:10,107 - INFO - 成功写入 6 条记录至 /home/wen/work/coup_spread/gzc-impl/results/network.netscience/2026-4-3/log_continuous_SSRNum-50000-_seedNum-316_simuTimes-500.csv
2026-03-10 22:45:10,108 - INFO - 保存评估文件至: /home/wen/work/coup_spread/gzc-impl/results/network.netscience/2026-4-3/log_continuous_SSRNum-50000-_seedNum-316_simuTimes-500.csv
2026-03-10 22:45:10,109 - INFO - 加载数据集: network.netscience
2026-03-10 22:45:10,110 - INFO - --- 矩阵分析 ---
2026-03-10 22:45:10,110 - INFO - 节点数 (N): 379
2026-03-10 22:45:10,111 - INFO - 边数 (E): 1828
2026-03-10 22:45:10,111 - INFO - 密度 (Density): 0.01272617 (越小越稀疏)
2026-03-10 22:45:10,111 - INFO - 稀疏度 (Sparsity): 0.98727383 (越接近1越稀疏)
2026-03-10 22:45:10,111 - INFO - 平均度数 (Avg Degree): 4.82
2026-03-10 22:45:10,112 - INFO - 首次生成度相关概率分布 分布类型: 'log_continuous'.
2026-03-10 22:45:10,112 - INFO - ===> Generating 'Log-Continuous' distributions for Real Graph...
2026-03-10 22:45:10,127 - INFO - 保存概率分布 文件位置: /home/wen/work/coup_spread/network.netscience/2026-4-3/distribution-in-network.netscience/distribution-log_continuous_seedNum-328.pkl
2026-03-10 22:45:10,129 - INFO - 首次生成种子集 random
2026-03-10 22:45:10,129 - INFO - 执行当前算法开始: random
2026-03-10 22:45:10,129 - INFO - 数据集节点总数:  n = 379, m = 328
2026-03-10 22:45:10,129 - INFO - 选择 328  [312, 93, 267, 294, 108, 68, 131, 337, 154, 54, 15, 371, 168, 75, 30, 4, 260, 85, 102, 341, 147, 196, 208, 112, 310, 7, 358, 301, 123, 340, 235, 12, 151, 290, 71, 158, 46, 320, 91, 148, 90, 27, 263, 101, 361, 255, 157, 70, 67, 149, 299, 161, 51, 45, 111, 252, 275, 219, 183, 326, 182, 97, 58, 302, 146, 193, 221, 120, 329, 247, 62, 160, 25, 364, 295, 121, 250, 356, 166, 59, 212, 377, 327, 240, 122, 159, 245, 368, 325, 222, 116, 78, 88, 80, 84, 335, 52, 115, 141, 233, 117, 369, 276, 217, 365, 103, 273, 177, 65, 314, 172, 287, 17, 224, 134, 304, 56, 105, 191, 1, 213, 205, 13, 323, 163, 176, 171, 174, 374, 57, 69, 342, 180, 53, 317, 334, 274, 300, 99, 366, 298, 49, 351, 139, 269, 272, 309, 228, 285, 126, 308, 313, 378, 271, 283, 229, 201, 363, 22, 306, 106, 291, 110, 104, 293, 94, 370, 215, 227, 352, 162, 289, 199, 336, 243, 86, 98, 232, 83, 268, 280, 265, 226, 192, 375, 311, 348, 39, 316, 179, 186, 135, 38, 303, 130, 202, 200, 175, 137, 238, 114, 256, 142, 170, 209, 344, 87, 292, 92, 124, 354, 225, 96, 79, 253, 330, 128, 41, 0, 143, 76, 241, 20, 305, 353, 296, 349, 315, 319, 35, 189, 14, 156, 21, 338, 372, 55, 346, 239, 251, 150, 231, 194, 328, 140, 281, 331, 318, 185, 167, 109, 279, 270, 357, 297, 44, 125, 11, 33, 214, 259, 282, 60, 278, 24, 153, 261, 26, 242, 332, 16, 129, 286, 198, 362, 6, 118, 207, 345, 350, 248, 37, 40, 28, 360, 81, 48, 18, 144, 132, 343, 133, 145, 197, 359, 63, 322, 127, 31, 321, 77, 188, 23, 249, 288, 266, 234, 277, 190, 164, 262, 333, 257, 152, 136, 169, 254, 138, 237, 10, 32, 210, 339, 204, 236, 19, 258, 373]

2026-03-10 22:45:10,130 - INFO - 当前用时 0.00 秒
2026-03-10 22:45:10,130 - INFO - 将种子集 写入位置: /home/wen/work/coup_spread/network.netscience/2026-4-3/seeds-with-network.netscience/log_continuous_random_seedNum-328_SSRNum-50000.txt
2026-03-10 22:45:10,130 - INFO - 首次生成种子集 degreeTopM
2026-03-10 22:45:10,130 - INFO - 执行当前算法开始: degreeTopM
2026-03-10 22:45:10,130 - INFO - 依据: 选择连接数（度数）最多的节点。
2026-03-10 22:45:10,130 - INFO - 选择的 Top M 节点及其度数:
2026-03-10 22:45:10,131 - INFO - 
2026-03-10 22:45:10,131 - INFO - 当前用时 0.00 秒
2026-03-10 22:45:10,131 - INFO - 将种子集 写入位置: /home/wen/work/coup_spread/network.netscience/2026-4-3/seeds-with-network.netscience/log_continuous_degreeTopM_seedNum-328_SSRNum-50000.txt
2026-03-10 22:45:10,131 - INFO - 首次生成种子集 pageRank
2026-03-10 22:45:10,131 - INFO - 执行当前算法开始: pageRank
2026-03-10 22:45:10,131 - INFO - --- Running: PageRank (on tranProMatrix) Top M ---
2026-03-10 22:45:10,141 - INFO - Selected PageRank seeds: [58, 3, 4, 119, 72, 5, 142, 106, 53, 219, 189, 107, 13, 41, 187, 7, 44, 92, 94, 173, 62, 95, 167, 96, 118, 75, 8, 123, 235, 234, 113, 180, 217, 11, 0, 76, 232, 124, 233, 46, 20, 140, 329, 52, 156, 87, 362, 122, 268, 74, 126, 81, 252, 249, 250, 295, 14, 320, 204, 201, 267, 209, 127, 188, 258, 259, 200, 178, 193, 216, 162, 163, 225, 69, 280, 40, 42, 286, 198, 369, 247, 283, 15, 16, 28, 29, 63, 18, 19, 261, 265, 266, 269, 270, 210, 293, 146, 227, 54, 184, 166, 294, 120, 238, 239, 240, 241, 346, 347, 354, 43, 98, 155, 220, 161, 100, 101, 205, 206, 207, 221, 298, 299, 300, 301, 302, 59, 260, 262, 263, 168, 88, 9, 144, 112, 246, 248, 251, 253, 86, 327, 331, 341, 73, 271, 211, 212, 169, 170, 171, 172, 335, 202, 304, 305, 306, 307, 357, 358, 359, 77, 222, 370, 223, 338, 21, 349, 350, 121, 284, 285, 105, 360, 361, 363, 364, 375, 376, 377, 378, 56, 57, 308, 102, 182, 183, 65, 66, 322, 323, 324, 365, 366, 367, 368, 32, 33, 174, 175, 176, 143, 141, 17, 25, 26, 27, 115, 116, 117, 137, 138, 139, 36, 372, 145, 147, 60, 61, 226, 228, 159, 160, 82, 83, 84, 224, 68, 70, 71, 6, 254, 255, 244, 245, 213, 50, 330, 332, 148, 149, 150, 47, 48, 12, 130, 38, 218, 325, 326, 93, 348, 34, 35, 190, 192, 197, 337, 195, 196, 157, 99, 319, 313, 314, 165, 256, 334, 336, 292, 311, 312, 64, 177, 229, 55, 287, 288, 185, 352, 353, 214, 215, 230, 129, 131, 133, 134, 114, 371, 290, 291, 108, 109, 110, 111, 23, 24, 236, 237, 242, 243, 51, 10, 264, 78, 373, 39, 275, 276, 315, 316, 103, 104, 203, 125, 303, 164, 152, 153, 279, 191, 30, 208, 309, 328, 355, 356, 272]
2026-03-10 22:45:10,141 - INFO - 当前用时 0.01 秒
2026-03-10 22:45:10,141 - INFO - 将种子集 写入位置: /home/wen/work/coup_spread/network.netscience/2026-4-3/seeds-with-network.netscience/log_continuous_pageRank_seedNum-328_SSRNum-50000.txt
2026-03-10 22:45:10,142 - INFO - 首次生成种子集 alpha_sort
2026-03-10 22:45:10,142 - INFO - 执行当前算法开始: alpha_sort
2026-03-10 22:45:10,142 - INFO - 379 个节点的alpha值降序排序 done
2026-03-10 22:45:10,142 - INFO - ==============>> [(181, np.float64(0.41540942335975667)), (27, np.float64(0.40541137474713906)), (120, np.float64(0.38459667479201554)), (132, np.float64(0.37419477496926995)), (288, np.float64(0.3670755020683515)), (23, np.float64(0.33167491789095643)), (67, np.float64(0.3189297296771064)), (80, np.float64(0.3167177091718008)), (2, np.float64(0.3065296275710432)), (365, np.float64(0.30356623419582346))]
2026-03-10 22:45:10,142 - INFO - 
选择的种子集 (按alpha排序): [181, 27, 120, 132, 288, 23, 67, 80, 2, 365, 185, 340, 204, 121, 191, 339, 125, 64, 21, 114, 104, 306, 164, 348, 51, 284, 374, 243, 278, 273, 137, 91, 282, 356, 203, 314, 152, 240, 331, 281, 233, 231, 276, 326, 378, 311, 198, 177, 59, 342, 264, 124, 90, 337, 307, 302, 147, 332, 317, 158, 168, 199, 308, 274, 86, 36, 45, 208, 217, 367, 112, 341, 211, 318, 262, 6, 52, 139, 322, 126, 37, 161, 102, 50, 73, 215, 283, 344, 195, 213, 319, 287, 66, 140, 171, 334, 190, 26, 24, 330, 151, 236, 98, 182, 72, 269, 38, 54, 242, 296, 78, 10, 108, 256, 135, 119, 33, 157, 207, 338, 141, 128, 60, 209, 97, 153, 133, 230, 245, 239, 34, 105, 39, 247, 159, 136, 303, 149, 165, 279, 327, 76, 321, 351, 328, 248, 290, 335, 360, 291, 148, 103, 1, 310, 57, 355, 107, 294, 333, 138, 49, 265, 202, 194, 25, 352, 366, 169, 156, 31, 223, 229, 298, 363, 343, 30, 201, 323, 292, 55, 116, 222, 61, 345, 175, 368, 289, 100, 82, 255, 200, 220, 131, 63, 263, 286, 277, 358, 313, 228, 40, 32, 115, 93, 250, 84, 170, 359, 253, 129, 226, 65, 179, 0, 95, 285, 70, 155, 41, 241, 244, 162, 12, 146, 87, 22, 106, 189, 74, 154, 297, 143, 188, 299, 9, 312, 260, 232, 109, 7, 364, 369, 346, 316, 15, 110, 71, 46, 216, 88, 218, 349, 275, 160, 48, 134, 183, 271, 113, 270, 257, 85, 376, 89, 173, 56, 305, 29, 347, 47, 17, 14, 145, 8, 150, 5, 180, 77, 144, 375, 219, 329, 176, 309, 300, 293, 68, 43, 272, 336, 79, 193, 325, 205, 117, 377, 301, 268, 372, 187, 69, 350, 252, 214, 83, 18, 123, 206, 42, 304, 227, 96, 197, 234, 35, 254, 266, 324, 186, 370, 130, 127, 373, 258, 196, 99, 357, 238]

2026-03-10 22:45:10,142 - INFO - 当前用时 0.00 秒
2026-03-10 22:45:10,142 - INFO - 将种子集 写入位置: /home/wen/work/coup_spread/network.netscience/2026-4-3/seeds-with-network.netscience/log_continuous_alpha_sort_seedNum-328_SSRNum-50000.txt
2026-03-10 22:45:10,143 - INFO - 首次生成种子集 ris_optimized
2026-03-10 22:45:10,143 - INFO - 执行当前算法开始: ris_optimized
2026-03-10 22:45:10,235 - INFO - 开始生成 50000 组多重RR-Set (万级节点极限内存优化版)...
2026-03-10 22:45:41,095 - INFO - 生成与倒排构建完毕。耗时: 30.86 秒。
2026-03-10 22:45:41,096 - INFO - 开始基于 Numpy 矩阵的高速贪心选择...
2026-03-10 22:45:41,381 - INFO - 高速选种完毕。耗时: 0.28 秒。估算范围: 101.80
2026-03-10 22:45:41,392 - INFO - 当前用时 31.25 秒
2026-03-10 22:45:41,401 - INFO - 将种子集 写入位置: /home/wen/work/coup_spread/network.netscience/2026-4-3/seeds-with-network.netscience/log_continuous_ris_optimized_seedNum-328_SSRNum-50000.txt
2026-03-10 22:45:41,401 - INFO - 首次生成种子集 1hop_sort
2026-03-10 22:45:41,401 - INFO - 执行当前算法开始: 1hop_sort
2026-03-10 22:45:41,402 - INFO - 当前用时 0.00 秒
2026-03-10 22:45:41,402 - INFO - 将种子集 写入位置: /home/wen/work/coup_spread/network.netscience/2026-4-3/seeds-with-network.netscience/log_continuous_1hop_sort_seedNum-328_SSRNum-50000.txt
2026-03-10 22:45:41,403 - INFO - 评估种子集: None
2026-03-10 22:45:41,403 - INFO - 多进程评估开始，共有 6 个方法待评估...
2026-03-10 22:45:41,403 - INFO - 启动进程池，Worker数量: 6
2026-03-10 22:45:41,481 - INFO - [Process 1913240] 开始评估方法: random, 种子数: 328
2026-03-10 22:45:41,499 - INFO - [Process 1913241] 开始评估方法: degreeTopM, 种子数: 328
2026-03-10 22:45:41,510 - INFO - [Process 1913242] 开始评估方法: pageRank, 种子数: 328
2026-03-10 22:45:41,522 - INFO - [Process 1913243] 开始评估方法: alpha_sort, 种子数: 328
2026-03-10 22:45:41,533 - INFO - [Process 1913244] 开始评估方法: ris_optimized, 种子数: 328
2026-03-10 22:45:41,544 - INFO - [Process 1913245] 开始评估方法: 1hop_sort, 种子数: 328
2026-03-10 22:45:44,667 - INFO - [random - 种子:328] 拉新:78.6人 | 总销量:85.9单 | 品牌曝光:647.5次 | 🌟综合得分:147.0
2026-03-10 22:45:44,739 - INFO - [pageRank - 种子:328] 拉新:74.4人 | 总销量:81.9单 | 品牌曝光:635.4次 | 🌟综合得分:141.7
2026-03-10 22:45:44,837 - INFO - [degreeTopM - 种子:328] 拉新:75.0人 | 总销量:82.2单 | 品牌曝光:631.8次 | 🌟综合得分:141.8
2026-03-10 22:45:44,856 - INFO - [1hop_sort - 种子:328] 拉新:82.9人 | 总销量:91.4单 | 品牌曝光:642.4次 | 🌟综合得分:151.4
2026-03-10 22:45:44,873 - INFO - [alpha_sort - 种子:328] 拉新:83.5人 | 总销量:91.7单 | 品牌曝光:645.3次 | 🌟综合得分:152.2
2026-03-10 22:45:44,945 - INFO - [ris_optimized - 种子:328] 拉新:83.8人 | 总销量:92.1单 | 品牌曝光:650.5次 | 🌟综合得分:153.0
2026-03-10 22:45:44,964 - INFO - 所有进程执行完毕，开始写入数据...
2026-03-10 22:45:44,973 - INFO - 成功写入 6 条记录至 /home/wen/work/coup_spread/gzc-impl/results/network.netscience/2026-4-3/log_continuous_SSRNum-50000-_seedNum-328_simuTimes-500.csv
2026-03-10 22:45:44,973 - INFO - 保存评估文件至: /home/wen/work/coup_spread/gzc-impl/results/network.netscience/2026-4-3/log_continuous_SSRNum-50000-_seedNum-328_simuTimes-500.csv
2026-03-10 22:45:44,975 - INFO - 加载数据集: network.netscience
2026-03-10 22:45:44,975 - INFO - --- 矩阵分析 ---
2026-03-10 22:45:44,976 - INFO - 节点数 (N): 379
2026-03-10 22:45:44,976 - INFO - 边数 (E): 1828
2026-03-10 22:45:44,976 - INFO - 密度 (Density): 0.01272617 (越小越稀疏)
2026-03-10 22:45:44,976 - INFO - 稀疏度 (Sparsity): 0.98727383 (越接近1越稀疏)
2026-03-10 22:45:44,976 - INFO - 平均度数 (Avg Degree): 4.82
2026-03-10 22:45:44,977 - INFO - 首次生成度相关概率分布 分布类型: 'log_continuous'.
2026-03-10 22:45:44,977 - INFO - ===> Generating 'Log-Continuous' distributions for Real Graph...
2026-03-10 22:45:44,985 - INFO - 保存概率分布 文件位置: /home/wen/work/coup_spread/network.netscience/2026-4-3/distribution-in-network.netscience/distribution-log_continuous_seedNum-340.pkl
2026-03-10 22:45:44,988 - INFO - 首次生成种子集 random
2026-03-10 22:45:44,988 - INFO - 执行当前算法开始: random
2026-03-10 22:45:44,988 - INFO - 数据集节点总数:  n = 379, m = 340
2026-03-10 22:45:44,989 - INFO - 选择 340  [33, 228, 259, 91, 343, 316, 12, 373, 128, 163, 313, 27, 184, 4, 132, 16, 315, 192, 118, 105, 243, 298, 350, 232, 241, 301, 134, 164, 268, 340, 363, 331, 50, 249, 154, 120, 349, 256, 0, 284, 113, 209, 166, 31, 200, 238, 346, 101, 55, 17, 359, 310, 13, 7, 194, 289, 352, 169, 165, 137, 353, 344, 375, 324, 191, 103, 205, 262, 97, 151, 185, 114, 221, 130, 251, 304, 159, 40, 30, 135, 148, 188, 376, 100, 279, 106, 160, 219, 43, 168, 142, 253, 139, 178, 233, 306, 218, 270, 325, 339, 136, 121, 141, 83, 212, 93, 167, 214, 365, 293, 234, 201, 10, 69, 303, 334, 127, 266, 143, 371, 21, 124, 275, 190, 98, 277, 351, 236, 244, 297, 146, 362, 37, 5, 61, 161, 71, 377, 227, 79, 75, 282, 126, 2, 206, 204, 149, 318, 58, 193, 25, 294, 65, 112, 378, 255, 245, 95, 308, 369, 170, 123, 269, 360, 267, 35, 335, 198, 287, 196, 216, 115, 26, 299, 66, 82, 283, 23, 8, 108, 175, 273, 322, 182, 152, 187, 38, 51, 305, 290, 99, 96, 328, 224, 230, 42, 1, 361, 117, 52, 248, 246, 337, 87, 237, 300, 183, 348, 186, 85, 44, 162, 319, 276, 239, 6, 22, 15, 286, 260, 323, 358, 367, 64, 215, 372, 86, 45, 116, 263, 181, 341, 280, 72, 102, 9, 355, 122, 364, 80, 77, 73, 47, 49, 133, 60, 110, 3, 288, 67, 34, 317, 292, 356, 59, 347, 195, 19, 311, 140, 109, 254, 74, 332, 342, 226, 336, 312, 14, 202, 54, 207, 210, 366, 158, 261, 131, 70, 88, 307, 153, 357, 177, 231, 291, 264, 11, 326, 150, 240, 345, 252, 296, 56, 329, 242, 302, 327, 78, 223, 147, 179, 354, 217, 285, 138, 278, 18, 81, 145, 274, 189, 247, 333, 174, 53, 92, 172, 29, 89, 57, 330, 76, 39, 272, 68, 265, 314, 229, 220, 173, 235, 321, 90, 125, 257, 271, 211, 157, 129]

2026-03-10 22:45:44,989 - INFO - 当前用时 0.00 秒
2026-03-10 22:45:44,989 - INFO - 将种子集 写入位置: /home/wen/work/coup_spread/network.netscience/2026-4-3/seeds-with-network.netscience/log_continuous_random_seedNum-340_SSRNum-50000.txt
2026-03-10 22:45:44,989 - INFO - 首次生成种子集 degreeTopM
2026-03-10 22:45:44,989 - INFO - 执行当前算法开始: degreeTopM
2026-03-10 22:45:44,989 - INFO - 依据: 选择连接数（度数）最多的节点。
2026-03-10 22:45:44,990 - INFO - 选择的 Top M 节点及其度数:
2026-03-10 22:45:44,990 - INFO - 
2026-03-10 22:45:44,990 - INFO - 当前用时 0.00 秒
2026-03-10 22:45:44,990 - INFO - 将种子集 写入位置: /home/wen/work/coup_spread/network.netscience/2026-4-3/seeds-with-network.netscience/log_continuous_degreeTopM_seedNum-340_SSRNum-50000.txt
2026-03-10 22:45:44,990 - INFO - 首次生成种子集 pageRank
2026-03-10 22:45:44,991 - INFO - 执行当前算法开始: pageRank
2026-03-10 22:45:44,991 - INFO - --- Running: PageRank (on tranProMatrix) Top M ---
2026-03-10 22:45:45,001 - INFO - Selected PageRank seeds: [58, 3, 4, 119, 72, 5, 142, 106, 53, 219, 189, 107, 13, 41, 187, 7, 44, 92, 94, 173, 62, 95, 167, 96, 118, 75, 8, 123, 235, 234, 113, 180, 217, 11, 0, 76, 232, 124, 233, 46, 20, 140, 329, 52, 156, 87, 362, 122, 268, 74, 126, 81, 252, 249, 250, 295, 14, 320, 204, 201, 267, 209, 127, 188, 258, 259, 200, 178, 193, 216, 162, 163, 225, 69, 280, 40, 42, 286, 198, 369, 247, 283, 15, 16, 28, 29, 63, 18, 19, 261, 265, 266, 269, 270, 210, 293, 146, 227, 54, 184, 166, 294, 120, 238, 239, 240, 241, 346, 347, 354, 43, 98, 155, 220, 161, 100, 101, 205, 206, 207, 221, 298, 299, 300, 301, 302, 59, 260, 262, 263, 168, 88, 9, 144, 112, 246, 248, 251, 253, 86, 327, 331, 341, 73, 271, 211, 212, 169, 170, 171, 172, 335, 202, 304, 305, 306, 307, 357, 358, 359, 77, 222, 370, 223, 338, 21, 349, 350, 121, 284, 285, 105, 360, 361, 363, 364, 375, 376, 377, 378, 56, 57, 308, 102, 182, 183, 65, 66, 322, 323, 324, 365, 366, 367, 368, 32, 33, 174, 175, 176, 143, 141, 17, 25, 26, 27, 115, 116, 117, 137, 138, 139, 36, 372, 145, 147, 60, 61, 226, 228, 159, 160, 82, 83, 84, 224, 68, 70, 71, 6, 254, 255, 244, 245, 213, 50, 330, 332, 148, 149, 150, 47, 48, 12, 130, 38, 218, 325, 326, 93, 348, 34, 35, 190, 192, 197, 337, 195, 196, 157, 99, 319, 313, 314, 165, 256, 334, 336, 292, 311, 312, 64, 177, 229, 55, 287, 288, 185, 352, 353, 214, 215, 230, 129, 131, 133, 134, 114, 371, 290, 291, 108, 109, 110, 111, 23, 24, 236, 237, 242, 243, 51, 10, 264, 78, 373, 39, 275, 276, 315, 316, 103, 104, 203, 125, 303, 164, 152, 153, 279, 191, 30, 208, 309, 328, 355, 356, 272, 273, 181, 340, 342, 1, 2, 89, 90, 186, 339, 79, 80]
2026-03-10 22:45:45,001 - INFO - 当前用时 0.01 秒
2026-03-10 22:45:45,002 - INFO - 将种子集 写入位置: /home/wen/work/coup_spread/network.netscience/2026-4-3/seeds-with-network.netscience/log_continuous_pageRank_seedNum-340_SSRNum-50000.txt
2026-03-10 22:45:45,002 - INFO - 首次生成种子集 alpha_sort
2026-03-10 22:45:45,002 - INFO - 执行当前算法开始: alpha_sort
2026-03-10 22:45:45,002 - INFO - 379 个节点的alpha值降序排序 done
2026-03-10 22:45:45,002 - INFO - ==============>> [(325, np.float64(0.47972768708203767)), (337, np.float64(0.41958699466807253)), (342, np.float64(0.3941685198476954)), (247, np.float64(0.3933793640253244)), (318, np.float64(0.3925887727236209)), (277, np.float64(0.3701009451631112)), (70, np.float64(0.35094078519837063)), (136, np.float64(0.34953446194425997)), (181, np.float64(0.3457064825831496)), (150, np.float64(0.34174664386050146))]
2026-03-10 22:45:45,002 - INFO - 
选择的种子集 (按alpha排序): [325, 337, 342, 247, 318, 277, 70, 136, 181, 150, 273, 282, 37, 194, 353, 242, 283, 347, 281, 93, 357, 103, 231, 113, 134, 278, 335, 163, 147, 309, 158, 330, 208, 151, 358, 153, 16, 131, 111, 143, 175, 179, 372, 125, 193, 311, 164, 333, 190, 317, 114, 271, 129, 364, 300, 100, 197, 266, 157, 160, 104, 228, 74, 155, 148, 182, 223, 108, 49, 165, 59, 288, 1, 363, 149, 348, 345, 51, 359, 297, 355, 207, 117, 22, 133, 289, 141, 356, 360, 303, 99, 362, 109, 26, 21, 344, 322, 328, 56, 177, 10, 135, 185, 306, 154, 220, 343, 77, 52, 215, 304, 31, 291, 159, 321, 294, 279, 312, 255, 370, 91, 76, 361, 85, 195, 275, 63, 331, 96, 243, 352, 34, 30, 60, 218, 212, 121, 350, 55, 186, 313, 369, 367, 86, 327, 323, 375, 127, 238, 236, 254, 332, 191, 226, 203, 336, 316, 112, 168, 79, 229, 128, 221, 259, 178, 324, 269, 9, 339, 166, 152, 246, 64, 371, 249, 106, 75, 89, 138, 110, 287, 19, 14, 50, 15, 244, 374, 80, 173, 174, 90, 57, 326, 2, 36, 47, 292, 308, 61, 139, 105, 39, 265, 130, 274, 233, 102, 205, 267, 170, 310, 307, 200, 199, 48, 25, 32, 341, 84, 97, 88, 68, 201, 46, 65, 214, 264, 263, 351, 54, 276, 115, 210, 171, 257, 94, 187, 298, 248, 225, 27, 256, 284, 305, 302, 92, 198, 232, 6, 314, 204, 295, 245, 20, 87, 368, 262, 101, 196, 365, 251, 378, 315, 162, 222, 272, 118, 71, 33, 83, 253, 41, 116, 260, 40, 176, 217, 28, 161, 35, 224, 184, 188, 132, 241, 354, 183, 334, 180, 209, 140, 240, 24, 290, 192, 11, 252, 373, 299, 82, 227, 73, 319, 216, 137, 38, 124, 320, 58, 270, 167, 202, 340, 211, 45, 169, 285, 120, 81, 206, 53, 78, 17, 23, 346, 189, 261, 230, 296, 69, 123, 12, 144, 268, 42, 235, 377, 237, 43, 213]

2026-03-10 22:45:45,002 - INFO - 当前用时 0.00 秒
2026-03-10 22:45:45,003 - INFO - 将种子集 写入位置: /home/wen/work/coup_spread/network.netscience/2026-4-3/seeds-with-network.netscience/log_continuous_alpha_sort_seedNum-340_SSRNum-50000.txt
2026-03-10 22:45:45,003 - INFO - 首次生成种子集 ris_optimized
2026-03-10 22:45:45,003 - INFO - 执行当前算法开始: ris_optimized
2026-03-10 22:45:45,083 - INFO - 开始生成 50000 组多重RR-Set (万级节点极限内存优化版)...
2026-03-10 22:46:16,106 - INFO - 生成与倒排构建完毕。耗时: 31.02 秒。
2026-03-10 22:46:16,107 - INFO - 开始基于 Numpy 矩阵的高速贪心选择...
2026-03-10 22:46:16,469 - INFO - 高速选种完毕。耗时: 0.36 秒。估算范围: 104.90
2026-03-10 22:46:16,483 - INFO - 当前用时 31.48 秒
2026-03-10 22:46:16,493 - INFO - 将种子集 写入位置: /home/wen/work/coup_spread/network.netscience/2026-4-3/seeds-with-network.netscience/log_continuous_ris_optimized_seedNum-340_SSRNum-50000.txt
2026-03-10 22:46:16,493 - INFO - 首次生成种子集 1hop_sort
2026-03-10 22:46:16,493 - INFO - 执行当前算法开始: 1hop_sort
2026-03-10 22:46:16,494 - INFO - 当前用时 0.00 秒
2026-03-10 22:46:16,494 - INFO - 将种子集 写入位置: /home/wen/work/coup_spread/network.netscience/2026-4-3/seeds-with-network.netscience/log_continuous_1hop_sort_seedNum-340_SSRNum-50000.txt
2026-03-10 22:46:16,495 - INFO - 评估种子集: None
2026-03-10 22:46:16,495 - INFO - 多进程评估开始，共有 6 个方法待评估...
2026-03-10 22:46:16,495 - INFO - 启动进程池，Worker数量: 6
2026-03-10 22:46:16,566 - INFO - [Process 1913755] 开始评估方法: random, 种子数: 340
2026-03-10 22:46:16,578 - INFO - [Process 1913756] 开始评估方法: degreeTopM, 种子数: 340
2026-03-10 22:46:16,587 - INFO - [Process 1913757] 开始评估方法: pageRank, 种子数: 340
2026-03-10 22:46:16,601 - INFO - [Process 1913758] 开始评估方法: alpha_sort, 种子数: 340
2026-03-10 22:46:16,615 - INFO - [Process 1913759] 开始评估方法: ris_optimized, 种子数: 340
2026-03-10 22:46:16,629 - INFO - [Process 1913760] 开始评估方法: 1hop_sort, 种子数: 340
2026-03-10 22:46:19,853 - INFO - [degreeTopM - 种子:340] 拉新:78.4人 | 总销量:86.1单 | 品牌曝光:655.4次 | 🌟综合得分:147.8
2026-03-10 22:46:19,908 - INFO - [alpha_sort - 种子:340] 拉新:86.3人 | 总销量:95.0单 | 品牌曝光:664.4次 | 🌟综合得分:157.1
2026-03-10 22:46:19,932 - INFO - [1hop_sort - 种子:340] 拉新:86.6人 | 总销量:95.7单 | 品牌曝光:663.6次 | 🌟综合得分:157.5
2026-03-10 22:46:19,967 - INFO - [random - 种子:340] 拉新:82.5人 | 总销量:90.7单 | 品牌曝光:661.8次 | 🌟综合得分:152.8
2026-03-10 22:46:19,989 - INFO - [ris_optimized - 种子:340] 拉新:87.0人 | 总销量:95.7单 | 品牌曝光:670.7次 | 🌟综合得分:158.4
2026-03-10 22:46:19,998 - INFO - [pageRank - 种子:340] 拉新:79.1人 | 总销量:87.0单 | 品牌曝光:657.2次 | 🌟综合得分:148.8
2026-03-10 22:46:20,021 - INFO - 所有进程执行完毕，开始写入数据...
2026-03-10 22:46:20,030 - INFO - 成功写入 6 条记录至 /home/wen/work/coup_spread/gzc-impl/results/network.netscience/2026-4-3/log_continuous_SSRNum-50000-_seedNum-340_simuTimes-500.csv
2026-03-10 22:46:20,031 - INFO - 保存评估文件至: /home/wen/work/coup_spread/gzc-impl/results/network.netscience/2026-4-3/log_continuous_SSRNum-50000-_seedNum-340_simuTimes-500.csv
2026-03-10 22:46:20,032 - INFO - 加载数据集: network.netscience
2026-03-10 22:46:20,033 - INFO - --- 矩阵分析 ---
2026-03-10 22:46:20,033 - INFO - 节点数 (N): 379
2026-03-10 22:46:20,033 - INFO - 边数 (E): 1828
2026-03-10 22:46:20,033 - INFO - 密度 (Density): 0.01272617 (越小越稀疏)
2026-03-10 22:46:20,033 - INFO - 稀疏度 (Sparsity): 0.98727383 (越接近1越稀疏)
2026-03-10 22:46:20,033 - INFO - 平均度数 (Avg Degree): 4.82
2026-03-10 22:46:20,034 - INFO - 首次生成度相关概率分布 分布类型: 'log_continuous'.
2026-03-10 22:46:20,034 - INFO - ===> Generating 'Log-Continuous' distributions for Real Graph...
2026-03-10 22:46:20,041 - INFO - 保存概率分布 文件位置: /home/wen/work/coup_spread/network.netscience/2026-4-3/distribution-in-network.netscience/distribution-log_continuous_seedNum-352.pkl
2026-03-10 22:46:20,044 - INFO - 首次生成种子集 random
2026-03-10 22:46:20,044 - INFO - 执行当前算法开始: random
2026-03-10 22:46:20,044 - INFO - 数据集节点总数:  n = 379, m = 352
2026-03-10 22:46:20,044 - INFO - 选择 352  [139, 60, 206, 151, 260, 339, 238, 129, 17, 377, 226, 65, 165, 251, 354, 30, 99, 188, 266, 98, 69, 223, 76, 95, 351, 79, 227, 317, 231, 49, 22, 9, 340, 367, 325, 149, 346, 13, 156, 359, 77, 264, 117, 152, 292, 164, 100, 300, 365, 376, 307, 319, 243, 31, 314, 341, 167, 297, 358, 122, 67, 219, 230, 26, 66, 289, 186, 19, 2, 52, 209, 246, 293, 332, 34, 106, 207, 265, 15, 257, 172, 96, 41, 120, 141, 378, 294, 237, 262, 374, 225, 50, 205, 18, 211, 278, 233, 29, 373, 326, 287, 119, 55, 102, 284, 258, 336, 192, 331, 202, 21, 61, 222, 72, 183, 74, 343, 70, 315, 259, 272, 327, 291, 78, 311, 353, 330, 352, 196, 107, 368, 370, 153, 162, 84, 145, 270, 177, 51, 12, 104, 320, 218, 7, 46, 195, 36, 244, 298, 217, 210, 16, 232, 197, 276, 324, 221, 337, 89, 372, 135, 88, 109, 86, 28, 364, 111, 248, 182, 212, 39, 204, 234, 303, 338, 123, 58, 273, 312, 215, 271, 44, 128, 349, 161, 171, 366, 328, 256, 316, 112, 323, 14, 235, 126, 275, 73, 247, 249, 281, 362, 24, 81, 23, 0, 143, 308, 90, 250, 20, 191, 108, 131, 268, 174, 334, 3, 105, 1, 369, 92, 301, 148, 64, 302, 75, 375, 159, 144, 136, 263, 200, 113, 138, 283, 101, 274, 114, 345, 53, 299, 181, 296, 333, 176, 97, 133, 361, 179, 6, 4, 360, 267, 47, 245, 290, 42, 189, 103, 280, 173, 134, 190, 178, 309, 93, 137, 355, 310, 240, 198, 306, 158, 166, 194, 146, 236, 25, 85, 37, 187, 80, 322, 142, 344, 350, 318, 11, 239, 94, 241, 170, 342, 285, 43, 295, 371, 71, 203, 180, 286, 127, 193, 305, 228, 252, 224, 32, 140, 110, 157, 155, 45, 288, 10, 62, 357, 277, 125, 208, 261, 8, 54, 363, 216, 220, 163, 83, 282, 124, 304, 356, 279, 57, 116, 255, 229, 160, 35, 38, 91, 121, 184, 130, 214, 201, 150, 269, 242, 5, 63, 27]

2026-03-10 22:46:20,044 - INFO - 当前用时 0.00 秒
2026-03-10 22:46:20,045 - INFO - 将种子集 写入位置: /home/wen/work/coup_spread/network.netscience/2026-4-3/seeds-with-network.netscience/log_continuous_random_seedNum-352_SSRNum-50000.txt
2026-03-10 22:46:20,045 - INFO - 首次生成种子集 degreeTopM
2026-03-10 22:46:20,045 - INFO - 执行当前算法开始: degreeTopM
2026-03-10 22:46:20,045 - INFO - 依据: 选择连接数（度数）最多的节点。
2026-03-10 22:46:20,045 - INFO - 选择的 Top M 节点及其度数:
2026-03-10 22:46:20,045 - INFO - 
2026-03-10 22:46:20,045 - INFO - 当前用时 0.00 秒
2026-03-10 22:46:20,045 - INFO - 将种子集 写入位置: /home/wen/work/coup_spread/network.netscience/2026-4-3/seeds-with-network.netscience/log_continuous_degreeTopM_seedNum-352_SSRNum-50000.txt
2026-03-10 22:46:20,046 - INFO - 首次生成种子集 pageRank
2026-03-10 22:46:20,046 - INFO - 执行当前算法开始: pageRank
2026-03-10 22:46:20,046 - INFO - --- Running: PageRank (on tranProMatrix) Top M ---
2026-03-10 22:46:20,056 - INFO - Selected PageRank seeds: [58, 3, 4, 119, 72, 5, 142, 106, 53, 219, 189, 107, 13, 41, 187, 7, 44, 92, 94, 173, 62, 95, 167, 96, 118, 75, 8, 123, 235, 234, 113, 180, 217, 11, 0, 76, 232, 124, 233, 46, 20, 140, 329, 52, 156, 87, 362, 122, 268, 74, 126, 81, 252, 249, 250, 295, 14, 320, 204, 201, 267, 209, 127, 188, 258, 259, 200, 178, 193, 216, 162, 163, 225, 69, 280, 40, 42, 286, 198, 369, 247, 283, 15, 16, 28, 29, 63, 18, 19, 261, 265, 266, 269, 270, 210, 293, 146, 227, 54, 184, 166, 294, 120, 238, 239, 240, 241, 346, 347, 354, 43, 98, 155, 220, 161, 100, 101, 205, 206, 207, 221, 298, 299, 300, 301, 302, 59, 260, 262, 263, 168, 88, 9, 144, 112, 246, 248, 251, 253, 86, 327, 331, 341, 73, 271, 211, 212, 169, 170, 171, 172, 335, 202, 304, 305, 306, 307, 357, 358, 359, 77, 222, 370, 223, 338, 21, 349, 350, 121, 284, 285, 105, 360, 361, 363, 364, 375, 376, 377, 378, 56, 57, 308, 102, 182, 183, 65, 66, 322, 323, 324, 365, 366, 367, 368, 32, 33, 174, 175, 176, 143, 141, 17, 25, 26, 27, 115, 116, 117, 137, 138, 139, 36, 372, 145, 147, 60, 61, 226, 228, 159, 160, 82, 83, 84, 224, 68, 70, 71, 6, 254, 255, 244, 245, 213, 50, 330, 332, 148, 149, 150, 47, 48, 12, 130, 38, 218, 325, 326, 93, 348, 34, 35, 190, 192, 197, 337, 195, 196, 157, 99, 319, 313, 314, 165, 256, 334, 336, 292, 311, 312, 64, 177, 229, 55, 287, 288, 185, 352, 353, 214, 215, 230, 129, 131, 133, 134, 114, 371, 290, 291, 108, 109, 110, 111, 23, 24, 236, 237, 242, 243, 51, 10, 264, 78, 373, 39, 275, 276, 315, 316, 103, 104, 203, 125, 303, 164, 152, 153, 279, 191, 30, 208, 309, 328, 355, 356, 272, 273, 181, 340, 342, 1, 2, 89, 90, 186, 339, 79, 80, 194, 135, 277, 97, 151, 31, 297, 154, 257, 49, 296, 45]
2026-03-10 22:46:20,057 - INFO - 当前用时 0.01 秒
2026-03-10 22:46:20,057 - INFO - 将种子集 写入位置: /home/wen/work/coup_spread/network.netscience/2026-4-3/seeds-with-network.netscience/log_continuous_pageRank_seedNum-352_SSRNum-50000.txt
2026-03-10 22:46:20,057 - INFO - 首次生成种子集 alpha_sort
2026-03-10 22:46:20,057 - INFO - 执行当前算法开始: alpha_sort
2026-03-10 22:46:20,058 - INFO - 379 个节点的alpha值降序排序 done
2026-03-10 22:46:20,058 - INFO - ==============>> [(281, np.float64(0.47504949065915497)), (333, np.float64(0.42969974181369985)), (147, np.float64(0.4281854877147096)), (133, np.float64(0.3563905335778556)), (366, np.float64(0.35327528515623957)), (229, np.float64(0.3428522734988776)), (85, np.float64(0.3409072569113644)), (303, np.float64(0.33708039158903463)), (2, np.float64(0.3319675424731623)), (137, np.float64(0.3275884241339183))]
2026-03-10 22:46:20,058 - INFO - 
选择的种子集 (按alpha排序): [281, 333, 147, 133, 366, 229, 85, 303, 2, 137, 224, 181, 80, 199, 276, 364, 159, 371, 330, 213, 121, 313, 37, 140, 108, 244, 195, 152, 352, 183, 285, 332, 170, 66, 70, 356, 351, 310, 145, 149, 309, 77, 339, 143, 12, 63, 50, 107, 79, 22, 311, 203, 97, 186, 194, 161, 76, 192, 321, 153, 14, 78, 231, 46, 326, 131, 130, 245, 274, 367, 17, 298, 158, 283, 182, 287, 128, 306, 35, 374, 347, 349, 113, 275, 57, 118, 90, 115, 214, 328, 320, 160, 193, 317, 200, 278, 215, 99, 315, 27, 68, 254, 292, 188, 157, 324, 271, 127, 24, 74, 331, 132, 240, 163, 197, 375, 206, 263, 82, 239, 273, 54, 318, 365, 136, 304, 305, 294, 344, 277, 49, 138, 148, 208, 260, 164, 171, 337, 19, 370, 288, 335, 184, 114, 126, 178, 291, 373, 103, 262, 45, 236, 65, 350, 104, 237, 247, 117, 327, 322, 112, 334, 212, 125, 139, 174, 191, 308, 297, 230, 211, 26, 282, 9, 7, 251, 51, 299, 319, 360, 198, 256, 129, 39, 336, 134, 21, 329, 151, 92, 343, 154, 290, 340, 64, 242, 209, 377, 150, 177, 62, 165, 31, 1, 312, 301, 47, 296, 258, 358, 286, 185, 75, 257, 205, 342, 363, 40, 241, 207, 353, 34, 109, 166, 222, 162, 13, 168, 307, 32, 98, 169, 59, 179, 376, 235, 93, 91, 38, 227, 36, 314, 86, 144, 172, 48, 135, 120, 267, 8, 259, 272, 348, 84, 61, 73, 123, 175, 289, 60, 325, 264, 221, 268, 111, 89, 101, 216, 323, 357, 265, 225, 67, 141, 105, 23, 255, 156, 100, 204, 266, 295, 270, 15, 202, 269, 220, 362, 56, 20, 28, 176, 18, 361, 55, 11, 210, 359, 249, 246, 284, 234, 146, 218, 180, 345, 341, 338, 346, 94, 248, 316, 223, 228, 155, 167, 253, 124, 355, 378, 196, 29, 95, 25, 219, 81, 372, 110, 250, 5, 122, 142, 368, 233, 102, 187, 6, 116, 293, 33, 69, 16, 354, 41, 173, 119, 279, 189, 226, 217, 302, 190]

2026-03-10 22:46:20,058 - INFO - 当前用时 0.00 秒
2026-03-10 22:46:20,058 - INFO - 将种子集 写入位置: /home/wen/work/coup_spread/network.netscience/2026-4-3/seeds-with-network.netscience/log_continuous_alpha_sort_seedNum-352_SSRNum-50000.txt
2026-03-10 22:46:20,058 - INFO - 首次生成种子集 ris_optimized
2026-03-10 22:46:20,058 - INFO - 执行当前算法开始: ris_optimized
2026-03-10 22:46:20,137 - INFO - 开始生成 50000 组多重RR-Set (万级节点极限内存优化版)...
2026-03-10 22:46:52,541 - INFO - 生成与倒排构建完毕。耗时: 32.40 秒。
2026-03-10 22:46:52,542 - INFO - 开始基于 Numpy 矩阵的高速贪心选择...
2026-03-10 22:46:52,891 - INFO - 高速选种完毕。耗时: 0.35 秒。估算范围: 104.19
2026-03-10 22:46:52,911 - INFO - 当前用时 32.85 秒
2026-03-10 22:46:52,912 - INFO - 将种子集 写入位置: /home/wen/work/coup_spread/network.netscience/2026-4-3/seeds-with-network.netscience/log_continuous_ris_optimized_seedNum-352_SSRNum-50000.txt
2026-03-10 22:46:52,912 - INFO - 首次生成种子集 1hop_sort
2026-03-10 22:46:52,912 - INFO - 执行当前算法开始: 1hop_sort
2026-03-10 22:46:52,913 - INFO - 当前用时 0.00 秒
2026-03-10 22:46:52,913 - INFO - 将种子集 写入位置: /home/wen/work/coup_spread/network.netscience/2026-4-3/seeds-with-network.netscience/log_continuous_1hop_sort_seedNum-352_SSRNum-50000.txt
2026-03-10 22:46:52,914 - INFO - 评估种子集: None
2026-03-10 22:46:52,914 - INFO - 多进程评估开始，共有 6 个方法待评估...
2026-03-10 22:46:52,914 - INFO - 启动进程池，Worker数量: 6
2026-03-10 22:46:52,993 - INFO - [Process 1914511] 开始评估方法: random, 种子数: 352
2026-03-10 22:46:53,004 - INFO - [Process 1914512] 开始评估方法: degreeTopM, 种子数: 352
2026-03-10 22:46:53,010 - INFO - [Process 1914513] 开始评估方法: pageRank, 种子数: 352
2026-03-10 22:46:53,017 - INFO - [Process 1914514] 开始评估方法: alpha_sort, 种子数: 352
2026-03-10 22:46:53,027 - INFO - [Process 1914515] 开始评估方法: ris_optimized, 种子数: 352
2026-03-10 22:46:53,038 - INFO - [Process 1914516] 开始评估方法: 1hop_sort, 种子数: 352
2026-03-10 22:46:56,348 - INFO - [pageRank - 种子:352] 拉新:78.6人 | 总销量:86.3单 | 品牌曝光:672.8次 | 🌟综合得分:149.7
2026-03-10 22:46:56,353 - INFO - [random - 种子:352] 拉新:80.9人 | 总销量:88.5单 | 品牌曝光:677.7次 | 🌟综合得分:152.5
2026-03-10 22:46:56,454 - INFO - [degreeTopM - 种子:352] 拉新:78.6人 | 总销量:86.3单 | 品牌曝光:671.9次 | 🌟综合得分:149.6
2026-03-10 22:46:56,487 - INFO - [ris_optimized - 种子:352] 拉新:84.8人 | 总销量:93.1单 | 品牌曝光:686.7次 | 🌟综合得分:157.6
2026-03-10 22:46:56,542 - INFO - [1hop_sort - 种子:352] 拉新:84.3人 | 总销量:92.5单 | 品牌曝光:677.7次 | 🌟综合得分:156.2
2026-03-10 22:46:56,623 - INFO - [alpha_sort - 种子:352] 拉新:84.3人 | 总销量:92.5单 | 品牌曝光:681.1次 | 🌟综合得分:156.5
2026-03-10 22:46:56,650 - INFO - 所有进程执行完毕，开始写入数据...
2026-03-10 22:46:56,658 - INFO - 成功写入 6 条记录至 /home/wen/work/coup_spread/gzc-impl/results/network.netscience/2026-4-3/log_continuous_SSRNum-50000-_seedNum-352_simuTimes-500.csv
2026-03-10 22:46:56,659 - INFO - 保存评估文件至: /home/wen/work/coup_spread/gzc-impl/results/network.netscience/2026-4-3/log_continuous_SSRNum-50000-_seedNum-352_simuTimes-500.csv
