2026-03-10 22:52:46,179 - INFO - 加载数据集: network.netscience
2026-03-10 22:52:46,179 - INFO - --- 矩阵分析 ---
2026-03-10 22:52:46,180 - INFO - 节点数 (N): 379
2026-03-10 22:52:46,180 - INFO - 边数 (E): 1828
2026-03-10 22:52:46,180 - INFO - 密度 (Density): 0.01272617 (越小越稀疏)
2026-03-10 22:52:46,180 - INFO - 稀疏度 (Sparsity): 0.98727383 (越接近1越稀疏)
2026-03-10 22:52:46,180 - INFO - 平均度数 (Avg Degree): 4.82
2026-03-10 22:52:46,180 - INFO - 首次生成度相关概率分布 分布类型: 'log_continuous'.
2026-03-10 22:52:46,180 - INFO - ===> Generating 'Log-Continuous' distributions for Real Graph...
2026-03-10 22:52:46,184 - INFO - 保存概率分布 文件位置: /home/wen/work/coup_spread/network.netscience/2026-4-3/distribution-in-network.netscience/distribution-log_continuous_seedNum-10.pkl
2026-03-10 22:52:46,186 - INFO - 首次生成种子集 random
2026-03-10 22:52:46,186 - INFO - 执行当前算法开始: random
2026-03-10 22:52:46,186 - INFO - 数据集节点总数:  n = 379, m = 10
2026-03-10 22:52:46,186 - INFO - 选择 10  [289, 183, 196, 297, 270, 178, 6, 371, 222, 267]

2026-03-10 22:52:46,186 - INFO - 当前用时 0.00 秒
2026-03-10 22:52:46,186 - INFO - 将种子集 写入位置: /home/wen/work/coup_spread/network.netscience/2026-4-3/seeds-with-network.netscience/log_continuous_random_seedNum-10_SSRNum-50000.txt
2026-03-10 22:52:46,186 - INFO - 首次生成种子集 degreeTopM
2026-03-10 22:52:46,186 - INFO - 执行当前算法开始: degreeTopM
2026-03-10 22:52:46,186 - INFO - 依据: 选择连接数（度数）最多的节点。
2026-03-10 22:52:46,186 - INFO - 选择的 Top M 节点及其度数:
2026-03-10 22:52:46,187 - INFO - 
2026-03-10 22:52:46,187 - INFO - 当前用时 0.00 秒
2026-03-10 22:52:46,187 - INFO - 将种子集 写入位置: /home/wen/work/coup_spread/network.netscience/2026-4-3/seeds-with-network.netscience/log_continuous_degreeTopM_seedNum-10_SSRNum-50000.txt
2026-03-10 22:52:46,187 - INFO - 首次生成种子集 pageRank
2026-03-10 22:52:46,187 - INFO - 执行当前算法开始: pageRank
2026-03-10 22:52:46,187 - INFO - --- Running: PageRank (on tranProMatrix) Top M ---
2026-03-10 22:52:46,196 - INFO - Selected PageRank seeds: [58, 3, 4, 119, 72, 5, 142, 106, 53, 219]
2026-03-10 22:52:46,196 - INFO - 当前用时 0.01 秒
2026-03-10 22:52:46,196 - INFO - 将种子集 写入位置: /home/wen/work/coup_spread/network.netscience/2026-4-3/seeds-with-network.netscience/log_continuous_pageRank_seedNum-10_SSRNum-50000.txt
2026-03-10 22:52:46,197 - INFO - 首次生成种子集 alpha_sort
2026-03-10 22:52:46,197 - INFO - 执行当前算法开始: alpha_sort
2026-03-10 22:52:46,197 - INFO - 379 个节点的alpha值降序排序 done
2026-03-10 22:52:46,197 - INFO - ==============>> [(196, np.float64(0.4761543759146074)), (133, np.float64(0.44857128895439097)), (179, np.float64(0.4476946228280887)), (321, np.float64(0.40617652723166164)), (222, np.float64(0.3991677376118984)), (275, np.float64(0.3980521239747853)), (32, np.float64(0.3936118487891139)), (103, np.float64(0.3766912822109997)), (302, np.float64(0.37169735269599197)), (373, np.float64(0.36767627649803303))]
2026-03-10 22:52:46,197 - INFO - 
选择的种子集 (按alpha排序): [196, 133, 179, 321, 222, 275, 32, 103, 302, 373]

2026-03-10 22:52:46,197 - INFO - 当前用时 0.00 秒
2026-03-10 22:52:46,197 - INFO - 将种子集 写入位置: /home/wen/work/coup_spread/network.netscience/2026-4-3/seeds-with-network.netscience/log_continuous_alpha_sort_seedNum-10_SSRNum-50000.txt
2026-03-10 22:52:46,197 - INFO - 首次生成种子集 ris_optimized
2026-03-10 22:52:46,197 - INFO - 执行当前算法开始: ris_optimized
2026-03-10 22:52:46,200 - INFO - 开始生成 50000 组多重RR-Set (万级节点极限内存优化版)...
2026-03-10 22:52:47,306 - INFO - 生成与倒排构建完毕。耗时: 1.11 秒。
2026-03-10 22:52:47,307 - INFO - 开始基于 Numpy 矩阵的高速贪心选择...
2026-03-10 22:52:47,318 - INFO - 高速选种完毕。耗时: 0.01 秒。估算范围: 5.22
2026-03-10 22:52:47,319 - INFO - 当前用时 1.12 秒
2026-03-10 22:52:47,319 - INFO - 将种子集 写入位置: /home/wen/work/coup_spread/network.netscience/2026-4-3/seeds-with-network.netscience/log_continuous_ris_optimized_seedNum-10_SSRNum-50000.txt
2026-03-10 22:52:47,319 - INFO - 首次生成种子集 1hop_sort
2026-03-10 22:52:47,319 - INFO - 执行当前算法开始: 1hop_sort
2026-03-10 22:52:47,387 - INFO - 当前用时 0.07 秒
2026-03-10 22:52:47,388 - INFO - 将种子集 写入位置: /home/wen/work/coup_spread/network.netscience/2026-4-3/seeds-with-network.netscience/log_continuous_1hop_sort_seedNum-10_SSRNum-50000.txt
2026-03-10 22:52:47,388 - INFO - 评估种子集: None
2026-03-10 22:52:47,388 - INFO - 多进程评估开始，共有 6 个方法待评估...
2026-03-10 22:52:47,388 - INFO - 启动进程池，Worker数量: 6
2026-03-10 22:52:47,441 - INFO - [Process 1920390] 开始评估方法: random, 种子数: 10
2026-03-10 22:52:47,452 - INFO - [Process 1920391] 开始评估方法: degreeTopM, 种子数: 10
2026-03-10 22:52:47,461 - INFO - [Process 1920392] 开始评估方法: pageRank, 种子数: 10
2026-03-10 22:52:47,473 - INFO - [Process 1920393] 开始评估方法: alpha_sort, 种子数: 10
2026-03-10 22:52:47,484 - INFO - [Process 1920394] 开始评估方法: ris_optimized, 种子数: 10
2026-03-10 22:52:47,496 - INFO - [Process 1920395] 开始评估方法: 1hop_sort, 种子数: 10
2026-03-10 22:52:47,540 - INFO - [random - 种子:10] 拉新:3.2人 | 总销量:3.3单 | 品牌曝光:17.3次 | 🌟综合得分:5.0
2026-03-10 22:52:47,542 - INFO - [degreeTopM - 种子:10] 拉新:1.2人 | 总销量:1.2单 | 品牌曝光:16.3次 | 🌟综合得分:2.8
2026-03-10 22:52:47,552 - INFO - [pageRank - 种子:10] 拉新:1.5人 | 总销量:1.5单 | 品牌曝光:16.3次 | 🌟综合得分:3.1
2026-03-10 22:52:47,568 - INFO - [alpha_sort - 种子:10] 拉新:5.0人 | 总销量:5.0单 | 品牌曝光:16.9次 | 🌟综合得分:6.6
2026-03-10 22:52:47,592 - INFO - [ris_optimized - 种子:10] 拉新:5.0人 | 总销量:5.0单 | 品牌曝光:18.4次 | 🌟综合得分:6.8
2026-03-10 22:52:47,599 - INFO - [1hop_sort - 种子:10] 拉新:5.0人 | 总销量:5.0单 | 品牌曝光:17.9次 | 🌟综合得分:6.8
2026-03-10 22:52:47,613 - INFO - 所有进程执行完毕，开始写入数据...
2026-03-10 22:52:47,625 - INFO - 成功写入 6 条记录至 /home/wen/work/coup_spread/gzc-impl/results/network.netscience/2026-4-3/log_continuous_SSRNum-50000-_seedNum-10_simuTimes-500.csv
2026-03-10 22:52:47,626 - INFO - 保存评估文件至: /home/wen/work/coup_spread/gzc-impl/results/network.netscience/2026-4-3/log_continuous_SSRNum-50000-_seedNum-10_simuTimes-500.csv
2026-03-10 22:52:47,626 - INFO - 加载数据集: network.netscience
2026-03-10 22:52:47,627 - INFO - --- 矩阵分析 ---
2026-03-10 22:52:47,627 - INFO - 节点数 (N): 379
2026-03-10 22:52:47,627 - INFO - 边数 (E): 1828
2026-03-10 22:52:47,627 - INFO - 密度 (Density): 0.01272617 (越小越稀疏)
2026-03-10 22:52:47,627 - INFO - 稀疏度 (Sparsity): 0.98727383 (越接近1越稀疏)
2026-03-10 22:52:47,627 - INFO - 平均度数 (Avg Degree): 4.82
2026-03-10 22:52:47,628 - INFO - 首次生成度相关概率分布 分布类型: 'log_continuous'.
2026-03-10 22:52:47,628 - INFO - ===> Generating 'Log-Continuous' distributions for Real Graph...
2026-03-10 22:52:47,635 - INFO - 保存概率分布 文件位置: /home/wen/work/coup_spread/network.netscience/2026-4-3/distribution-in-network.netscience/distribution-log_continuous_seedNum-22.pkl
2026-03-10 22:52:47,637 - INFO - 首次生成种子集 random
2026-03-10 22:52:47,637 - INFO - 执行当前算法开始: random
2026-03-10 22:52:47,637 - INFO - 数据集节点总数:  n = 379, m = 22
2026-03-10 22:52:47,637 - INFO - 选择 22  [364, 237, 46, 197, 248, 84, 229, 351, 300, 19, 227, 328, 87, 290, 283, 330, 337, 141, 62, 242, 292, 48]

2026-03-10 22:52:47,637 - INFO - 当前用时 0.00 秒
2026-03-10 22:52:47,637 - INFO - 将种子集 写入位置: /home/wen/work/coup_spread/network.netscience/2026-4-3/seeds-with-network.netscience/log_continuous_random_seedNum-22_SSRNum-50000.txt
2026-03-10 22:52:47,638 - INFO - 首次生成种子集 degreeTopM
2026-03-10 22:52:47,638 - INFO - 执行当前算法开始: degreeTopM
2026-03-10 22:52:47,638 - INFO - 依据: 选择连接数（度数）最多的节点。
2026-03-10 22:52:47,638 - INFO - 选择的 Top M 节点及其度数:
2026-03-10 22:52:47,638 - INFO - 
2026-03-10 22:52:47,638 - INFO - 当前用时 0.00 秒
2026-03-10 22:52:47,638 - INFO - 将种子集 写入位置: /home/wen/work/coup_spread/network.netscience/2026-4-3/seeds-with-network.netscience/log_continuous_degreeTopM_seedNum-22_SSRNum-50000.txt
2026-03-10 22:52:47,638 - INFO - 首次生成种子集 pageRank
2026-03-10 22:52:47,638 - INFO - 执行当前算法开始: pageRank
2026-03-10 22:52:47,638 - INFO - --- Running: PageRank (on tranProMatrix) Top M ---
2026-03-10 22:52:47,648 - INFO - Selected PageRank seeds: [58, 3, 4, 119, 72, 5, 142, 106, 53, 219, 189, 107, 13, 41, 187, 7, 44, 92, 94, 173, 62, 95]
2026-03-10 22:52:47,648 - INFO - 当前用时 0.01 秒
2026-03-10 22:52:47,648 - INFO - 将种子集 写入位置: /home/wen/work/coup_spread/network.netscience/2026-4-3/seeds-with-network.netscience/log_continuous_pageRank_seedNum-22_SSRNum-50000.txt
2026-03-10 22:52:47,649 - INFO - 首次生成种子集 alpha_sort
2026-03-10 22:52:47,649 - INFO - 执行当前算法开始: alpha_sort
2026-03-10 22:52:47,649 - INFO - 379 个节点的alpha值降序排序 done
2026-03-10 22:52:47,649 - INFO - ==============>> [(169, np.float64(0.5080958804142522)), (205, np.float64(0.4563919704938332)), (133, np.float64(0.3979018842360993)), (191, np.float64(0.39658323329821277)), (110, np.float64(0.39583798550660104)), (309, np.float64(0.3915932064272739)), (310, np.float64(0.39101987073225414)), (186, np.float64(0.39031709130727194)), (223, np.float64(0.38935386228492247)), (358, np.float64(0.3634200535235172))]
2026-03-10 22:52:47,649 - INFO - 
选择的种子集 (按alpha排序): [169, 205, 133, 191, 110, 309, 310, 186, 223, 358, 244, 179, 45, 201, 39, 227, 269, 215, 199, 114, 164, 354]

2026-03-10 22:52:47,649 - INFO - 当前用时 0.00 秒
2026-03-10 22:52:47,649 - INFO - 将种子集 写入位置: /home/wen/work/coup_spread/network.netscience/2026-4-3/seeds-with-network.netscience/log_continuous_alpha_sort_seedNum-22_SSRNum-50000.txt
2026-03-10 22:52:47,649 - INFO - 首次生成种子集 ris_optimized
2026-03-10 22:52:47,649 - INFO - 执行当前算法开始: ris_optimized
2026-03-10 22:52:47,652 - INFO - 开始生成 50000 组多重RR-Set (万级节点极限内存优化版)...
2026-03-10 22:52:49,603 - INFO - 生成与倒排构建完毕。耗时: 1.95 秒。
2026-03-10 22:52:49,603 - INFO - 开始基于 Numpy 矩阵的高速贪心选择...
2026-03-10 22:52:49,627 - INFO - 高速选种完毕。耗时: 0.02 秒。估算范围: 11.28
2026-03-10 22:52:49,628 - INFO - 当前用时 1.98 秒
2026-03-10 22:52:49,628 - INFO - 将种子集 写入位置: /home/wen/work/coup_spread/network.netscience/2026-4-3/seeds-with-network.netscience/log_continuous_ris_optimized_seedNum-22_SSRNum-50000.txt
2026-03-10 22:52:49,628 - INFO - 首次生成种子集 1hop_sort
2026-03-10 22:52:49,628 - INFO - 执行当前算法开始: 1hop_sort
2026-03-10 22:52:49,629 - INFO - 当前用时 0.00 秒
2026-03-10 22:52:49,629 - INFO - 将种子集 写入位置: /home/wen/work/coup_spread/network.netscience/2026-4-3/seeds-with-network.netscience/log_continuous_1hop_sort_seedNum-22_SSRNum-50000.txt
2026-03-10 22:52:49,630 - INFO - 评估种子集: None
2026-03-10 22:52:49,630 - INFO - 多进程评估开始，共有 6 个方法待评估...
2026-03-10 22:52:49,630 - INFO - 启动进程池，Worker数量: 6
2026-03-10 22:52:49,692 - INFO - [Process 1920447] 开始评估方法: random, 种子数: 22
2026-03-10 22:52:49,705 - INFO - [Process 1920448] 开始评估方法: degreeTopM, 种子数: 22
2026-03-10 22:52:49,716 - INFO - [Process 1920449] 开始评估方法: pageRank, 种子数: 22
2026-03-10 22:52:49,727 - INFO - [Process 1920450] 开始评估方法: alpha_sort, 种子数: 22
2026-03-10 22:52:49,738 - INFO - [Process 1920451] 开始评估方法: ris_optimized, 种子数: 22
2026-03-10 22:52:49,750 - INFO - [Process 1920452] 开始评估方法: 1hop_sort, 种子数: 22
2026-03-10 22:52:49,875 - INFO - [degreeTopM - 种子:22] 拉新:2.6人 | 总销量:2.6单 | 品牌曝光:36.0次 | 🌟综合得分:6.2
2026-03-10 22:52:49,896 - INFO - [pageRank - 种子:22] 拉新:2.7人 | 总销量:2.7单 | 品牌曝光:36.7次 | 🌟综合得分:6.4
2026-03-10 22:52:49,926 - INFO - [random - 种子:22] 拉新:5.4人 | 总销量:5.4单 | 品牌曝光:42.2次 | 🌟综合得分:9.6
2026-03-10 22:52:49,930 - INFO - [alpha_sort - 种子:22] 拉新:9.9人 | 总销量:10.0单 | 品牌曝光:39.3次 | 🌟综合得分:13.9
2026-03-10 22:52:49,958 - INFO - [ris_optimized - 种子:22] 拉新:10.1人 | 总销量:10.2单 | 品牌曝光:41.2次 | 🌟综合得分:14.3
2026-03-10 22:52:49,966 - INFO - [1hop_sort - 种子:22] 拉新:10.0人 | 总销量:10.4单 | 品牌曝光:40.7次 | 🌟综合得分:14.3
2026-03-10 22:52:49,980 - INFO - 所有进程执行完毕，开始写入数据...
2026-03-10 22:52:49,989 - INFO - 成功写入 6 条记录至 /home/wen/work/coup_spread/gzc-impl/results/network.netscience/2026-4-3/log_continuous_SSRNum-50000-_seedNum-22_simuTimes-500.csv
2026-03-10 22:52:49,990 - INFO - 保存评估文件至: /home/wen/work/coup_spread/gzc-impl/results/network.netscience/2026-4-3/log_continuous_SSRNum-50000-_seedNum-22_simuTimes-500.csv
2026-03-10 22:52:49,990 - INFO - 加载数据集: network.netscience
2026-03-10 22:52:49,991 - INFO - --- 矩阵分析 ---
2026-03-10 22:52:49,991 - INFO - 节点数 (N): 379
2026-03-10 22:52:49,991 - INFO - 边数 (E): 1828
2026-03-10 22:52:49,991 - INFO - 密度 (Density): 0.01272617 (越小越稀疏)
2026-03-10 22:52:49,991 - INFO - 稀疏度 (Sparsity): 0.98727383 (越接近1越稀疏)
2026-03-10 22:52:49,991 - INFO - 平均度数 (Avg Degree): 4.82
2026-03-10 22:52:49,992 - INFO - 首次生成度相关概率分布 分布类型: 'log_continuous'.
2026-03-10 22:52:49,992 - INFO - ===> Generating 'Log-Continuous' distributions for Real Graph...
2026-03-10 22:52:49,999 - INFO - 保存概率分布 文件位置: /home/wen/work/coup_spread/network.netscience/2026-4-3/distribution-in-network.netscience/distribution-log_continuous_seedNum-34.pkl
2026-03-10 22:52:50,002 - INFO - 首次生成种子集 random
2026-03-10 22:52:50,002 - INFO - 执行当前算法开始: random
2026-03-10 22:52:50,002 - INFO - 数据集节点总数:  n = 379, m = 34
2026-03-10 22:52:50,002 - INFO - 选择 34  [294, 7, 318, 369, 178, 41, 285, 371, 287, 24, 125, 336, 297, 243, 14, 156, 303, 365, 323, 84, 77, 299, 291, 236, 18, 122, 83, 315, 48, 276, 61, 324, 241, 8]

2026-03-10 22:52:50,002 - INFO - 当前用时 0.00 秒
2026-03-10 22:52:50,002 - INFO - 将种子集 写入位置: /home/wen/work/coup_spread/network.netscience/2026-4-3/seeds-with-network.netscience/log_continuous_random_seedNum-34_SSRNum-50000.txt
2026-03-10 22:52:50,003 - INFO - 首次生成种子集 degreeTopM
2026-03-10 22:52:50,003 - INFO - 执行当前算法开始: degreeTopM
2026-03-10 22:52:50,003 - INFO - 依据: 选择连接数（度数）最多的节点。
2026-03-10 22:52:50,003 - INFO - 选择的 Top M 节点及其度数:
2026-03-10 22:52:50,003 - INFO - 
2026-03-10 22:52:50,003 - INFO - 当前用时 0.00 秒
2026-03-10 22:52:50,003 - INFO - 将种子集 写入位置: /home/wen/work/coup_spread/network.netscience/2026-4-3/seeds-with-network.netscience/log_continuous_degreeTopM_seedNum-34_SSRNum-50000.txt
2026-03-10 22:52:50,003 - INFO - 首次生成种子集 pageRank
2026-03-10 22:52:50,003 - INFO - 执行当前算法开始: pageRank
2026-03-10 22:52:50,003 - INFO - --- Running: PageRank (on tranProMatrix) Top M ---
2026-03-10 22:52:50,053 - INFO - Selected PageRank seeds: [58, 3, 4, 119, 72, 5, 142, 106, 53, 219, 189, 107, 13, 41, 187, 7, 44, 92, 94, 173, 62, 95, 167, 96, 118, 75, 8, 123, 235, 234, 113, 180, 217, 11]
2026-03-10 22:52:50,053 - INFO - 当前用时 0.05 秒
2026-03-10 22:52:50,054 - INFO - 将种子集 写入位置: /home/wen/work/coup_spread/network.netscience/2026-4-3/seeds-with-network.netscience/log_continuous_pageRank_seedNum-34_SSRNum-50000.txt
2026-03-10 22:52:50,054 - INFO - 首次生成种子集 alpha_sort
2026-03-10 22:52:50,054 - INFO - 执行当前算法开始: alpha_sort
2026-03-10 22:52:50,055 - INFO - 379 个节点的alpha值降序排序 done
2026-03-10 22:52:50,055 - INFO - ==============>> [(181, np.float64(0.41540942335975667)), (27, np.float64(0.40541137474713906)), (120, np.float64(0.38459667479201554)), (132, np.float64(0.37419477496926995)), (288, np.float64(0.3670755020683515)), (23, np.float64(0.33167491789095643)), (67, np.float64(0.3189297296771064)), (80, np.float64(0.3167177091718008)), (2, np.float64(0.3065296275710432)), (365, np.float64(0.30356623419582346))]
2026-03-10 22:52:50,055 - INFO - 
选择的种子集 (按alpha排序): [181, 27, 120, 132, 288, 23, 67, 80, 2, 365, 185, 340, 204, 121, 191, 339, 125, 64, 21, 114, 104, 306, 164, 348, 51, 284, 374, 243, 278, 273, 137, 91, 282, 356]

2026-03-10 22:52:50,055 - INFO - 当前用时 0.00 秒
2026-03-10 22:52:50,055 - INFO - 将种子集 写入位置: /home/wen/work/coup_spread/network.netscience/2026-4-3/seeds-with-network.netscience/log_continuous_alpha_sort_seedNum-34_SSRNum-50000.txt
2026-03-10 22:52:50,055 - INFO - 首次生成种子集 ris_optimized
2026-03-10 22:52:50,055 - INFO - 执行当前算法开始: ris_optimized
2026-03-10 22:52:50,059 - INFO - 开始生成 50000 组多重RR-Set (万级节点极限内存优化版)...
2026-03-10 22:52:52,981 - INFO - 生成与倒排构建完毕。耗时: 2.92 秒。
2026-03-10 22:52:52,982 - INFO - 开始基于 Numpy 矩阵的高速贪心选择...
2026-03-10 22:52:53,022 - INFO - 高速选种完毕。耗时: 0.04 秒。估算范围: 15.99
2026-03-10 22:52:53,023 - INFO - 当前用时 2.97 秒
2026-03-10 22:52:53,024 - INFO - 将种子集 写入位置: /home/wen/work/coup_spread/network.netscience/2026-4-3/seeds-with-network.netscience/log_continuous_ris_optimized_seedNum-34_SSRNum-50000.txt
2026-03-10 22:52:53,024 - INFO - 首次生成种子集 1hop_sort
2026-03-10 22:52:53,024 - INFO - 执行当前算法开始: 1hop_sort
2026-03-10 22:52:53,025 - INFO - 当前用时 0.00 秒
2026-03-10 22:52:53,025 - INFO - 将种子集 写入位置: /home/wen/work/coup_spread/network.netscience/2026-4-3/seeds-with-network.netscience/log_continuous_1hop_sort_seedNum-34_SSRNum-50000.txt
2026-03-10 22:52:53,025 - INFO - 评估种子集: None
2026-03-10 22:52:53,026 - INFO - 多进程评估开始，共有 6 个方法待评估...
2026-03-10 22:52:53,026 - INFO - 启动进程池，Worker数量: 6
2026-03-10 22:52:53,080 - INFO - [Process 1920750] 开始评估方法: random, 种子数: 34
2026-03-10 22:52:53,088 - INFO - [Process 1920751] 开始评估方法: degreeTopM, 种子数: 34
2026-03-10 22:52:53,102 - INFO - [Process 1920752] 开始评估方法: pageRank, 种子数: 34
2026-03-10 22:52:53,114 - INFO - [Process 1920753] 开始评估方法: alpha_sort, 种子数: 34
2026-03-10 22:52:53,125 - INFO - [Process 1920754] 开始评估方法: ris_optimized, 种子数: 34
2026-03-10 22:52:53,137 - INFO - [Process 1920755] 开始评估方法: 1hop_sort, 种子数: 34
2026-03-10 22:52:53,381 - INFO - [pageRank - 种子:34] 拉新:5.5人 | 总销量:5.6单 | 品牌曝光:58.2次 | 🌟综合得分:11.4
2026-03-10 22:52:53,410 - INFO - [degreeTopM - 种子:34] 拉新:5.2人 | 总销量:5.3单 | 品牌曝光:57.4次 | 🌟综合得分:11.0
2026-03-10 22:52:53,443 - INFO - [1hop_sort - 种子:34] 拉新:13.6人 | 总销量:14.1单 | 品牌曝光:62.0次 | 🌟综合得分:20.1
2026-03-10 22:52:53,488 - INFO - [alpha_sort - 种子:34] 拉新:13.9人 | 总销量:14.0单 | 品牌曝光:64.6次 | 🌟综合得分:20.4
2026-03-10 22:52:53,492 - INFO - [ris_optimized - 种子:34] 拉新:14.1人 | 总销量:14.3单 | 品牌曝光:67.9次 | 🌟综合得分:21.0
2026-03-10 22:52:53,536 - INFO - [random - 种子:34] 拉新:8.3人 | 总销量:8.4单 | 品牌曝光:66.8次 | 🌟综合得分:15.0
2026-03-10 22:52:53,552 - INFO - 所有进程执行完毕，开始写入数据...
2026-03-10 22:52:53,560 - INFO - 成功写入 6 条记录至 /home/wen/work/coup_spread/gzc-impl/results/network.netscience/2026-4-3/log_continuous_SSRNum-50000-_seedNum-34_simuTimes-500.csv
2026-03-10 22:52:53,561 - INFO - 保存评估文件至: /home/wen/work/coup_spread/gzc-impl/results/network.netscience/2026-4-3/log_continuous_SSRNum-50000-_seedNum-34_simuTimes-500.csv
2026-03-10 22:52:53,562 - INFO - 加载数据集: network.netscience
2026-03-10 22:52:53,562 - INFO - --- 矩阵分析 ---
2026-03-10 22:52:53,563 - INFO - 节点数 (N): 379
2026-03-10 22:52:53,563 - INFO - 边数 (E): 1828
2026-03-10 22:52:53,563 - INFO - 密度 (Density): 0.01272617 (越小越稀疏)
2026-03-10 22:52:53,563 - INFO - 稀疏度 (Sparsity): 0.98727383 (越接近1越稀疏)
2026-03-10 22:52:53,563 - INFO - 平均度数 (Avg Degree): 4.82
2026-03-10 22:52:53,564 - INFO - 首次生成度相关概率分布 分布类型: 'log_continuous'.
2026-03-10 22:52:53,564 - INFO - ===> Generating 'Log-Continuous' distributions for Real Graph...
2026-03-10 22:52:53,572 - INFO - 保存概率分布 文件位置: /home/wen/work/coup_spread/network.netscience/2026-4-3/distribution-in-network.netscience/distribution-log_continuous_seedNum-46.pkl
2026-03-10 22:52:53,575 - INFO - 首次生成种子集 random
2026-03-10 22:52:53,575 - INFO - 执行当前算法开始: random
2026-03-10 22:52:53,575 - INFO - 数据集节点总数:  n = 379, m = 46
2026-03-10 22:52:53,575 - INFO - 选择 46  [318, 122, 99, 164, 130, 362, 140, 49, 106, 150, 372, 350, 244, 338, 73, 360, 199, 39, 145, 182, 0, 190, 292, 84, 30, 202, 136, 361, 260, 269, 349, 163, 69, 310, 333, 217, 263, 115, 104, 157, 286, 241, 314, 81, 288, 250]

2026-03-10 22:52:53,575 - INFO - 当前用时 0.00 秒
2026-03-10 22:52:53,576 - INFO - 将种子集 写入位置: /home/wen/work/coup_spread/network.netscience/2026-4-3/seeds-with-network.netscience/log_continuous_random_seedNum-46_SSRNum-50000.txt
2026-03-10 22:52:53,576 - INFO - 首次生成种子集 degreeTopM
2026-03-10 22:52:53,576 - INFO - 执行当前算法开始: degreeTopM
2026-03-10 22:52:53,576 - INFO - 依据: 选择连接数（度数）最多的节点。
2026-03-10 22:52:53,576 - INFO - 选择的 Top M 节点及其度数:
2026-03-10 22:52:53,576 - INFO - 
2026-03-10 22:52:53,576 - INFO - 当前用时 0.00 秒
2026-03-10 22:52:53,577 - INFO - 将种子集 写入位置: /home/wen/work/coup_spread/network.netscience/2026-4-3/seeds-with-network.netscience/log_continuous_degreeTopM_seedNum-46_SSRNum-50000.txt
2026-03-10 22:52:53,577 - INFO - 首次生成种子集 pageRank
2026-03-10 22:52:53,577 - INFO - 执行当前算法开始: pageRank
2026-03-10 22:52:53,577 - INFO - --- Running: PageRank (on tranProMatrix) Top M ---
2026-03-10 22:52:53,588 - INFO - Selected PageRank seeds: [58, 3, 4, 119, 72, 5, 142, 106, 53, 219, 189, 107, 13, 41, 187, 7, 44, 92, 94, 173, 62, 95, 167, 96, 118, 75, 8, 123, 235, 234, 113, 180, 217, 11, 0, 76, 232, 124, 233, 46, 20, 140, 329, 52, 156, 87]
2026-03-10 22:52:53,588 - INFO - 当前用时 0.01 秒
2026-03-10 22:52:53,588 - INFO - 将种子集 写入位置: /home/wen/work/coup_spread/network.netscience/2026-4-3/seeds-with-network.netscience/log_continuous_pageRank_seedNum-46_SSRNum-50000.txt
2026-03-10 22:52:53,588 - INFO - 首次生成种子集 alpha_sort
2026-03-10 22:52:53,588 - INFO - 执行当前算法开始: alpha_sort
2026-03-10 22:52:53,588 - INFO - 379 个节点的alpha值降序排序 done
2026-03-10 22:52:53,588 - INFO - ==============>> [(325, np.float64(0.47972768708203767)), (337, np.float64(0.41958699466807253)), (342, np.float64(0.3941685198476954)), (247, np.float64(0.3933793640253244)), (318, np.float64(0.3925887727236209)), (277, np.float64(0.3701009451631112)), (70, np.float64(0.35094078519837063)), (136, np.float64(0.34953446194425997)), (181, np.float64(0.3457064825831496)), (150, np.float64(0.34174664386050146))]
2026-03-10 22:52:53,588 - INFO - 
选择的种子集 (按alpha排序): [325, 337, 342, 247, 318, 277, 70, 136, 181, 150, 273, 282, 37, 194, 353, 242, 283, 347, 281, 93, 357, 103, 231, 113, 134, 278, 335, 163, 147, 309, 158, 330, 208, 151, 358, 153, 16, 131, 111, 143, 175, 179, 372, 125, 193, 311]

2026-03-10 22:52:53,588 - INFO - 当前用时 0.00 秒
2026-03-10 22:52:53,589 - INFO - 将种子集 写入位置: /home/wen/work/coup_spread/network.netscience/2026-4-3/seeds-with-network.netscience/log_continuous_alpha_sort_seedNum-46_SSRNum-50000.txt
2026-03-10 22:52:53,589 - INFO - 首次生成种子集 ris_optimized
2026-03-10 22:52:53,589 - INFO - 执行当前算法开始: ris_optimized
2026-03-10 22:52:53,593 - INFO - 开始生成 50000 组多重RR-Set (万级节点极限内存优化版)...
2026-03-10 22:52:57,667 - INFO - 生成与倒排构建完毕。耗时: 4.07 秒。
2026-03-10 22:52:57,668 - INFO - 开始基于 Numpy 矩阵的高速贪心选择...
2026-03-10 22:52:57,715 - INFO - 高速选种完毕。耗时: 0.05 秒。估算范围: 22.20
2026-03-10 22:52:57,718 - INFO - 当前用时 4.13 秒
2026-03-10 22:52:57,718 - INFO - 将种子集 写入位置: /home/wen/work/coup_spread/network.netscience/2026-4-3/seeds-with-network.netscience/log_continuous_ris_optimized_seedNum-46_SSRNum-50000.txt
2026-03-10 22:52:57,718 - INFO - 首次生成种子集 1hop_sort
2026-03-10 22:52:57,718 - INFO - 执行当前算法开始: 1hop_sort
2026-03-10 22:52:57,719 - INFO - 当前用时 0.00 秒
2026-03-10 22:52:57,719 - INFO - 将种子集 写入位置: /home/wen/work/coup_spread/network.netscience/2026-4-3/seeds-with-network.netscience/log_continuous_1hop_sort_seedNum-46_SSRNum-50000.txt
2026-03-10 22:52:57,719 - INFO - 评估种子集: None
2026-03-10 22:52:57,720 - INFO - 多进程评估开始，共有 6 个方法待评估...
2026-03-10 22:52:57,720 - INFO - 启动进程池，Worker数量: 6
2026-03-10 22:52:57,773 - INFO - [Process 1920897] 开始评估方法: random, 种子数: 46
2026-03-10 22:52:57,785 - INFO - [Process 1920898] 开始评估方法: degreeTopM, 种子数: 46
2026-03-10 22:52:57,790 - INFO - [Process 1920899] 开始评估方法: pageRank, 种子数: 46
2026-03-10 22:52:57,802 - INFO - [Process 1920900] 开始评估方法: alpha_sort, 种子数: 46
2026-03-10 22:52:57,812 - INFO - [Process 1920901] 开始评估方法: ris_optimized, 种子数: 46
2026-03-10 22:52:57,820 - INFO - [Process 1920902] 开始评估方法: 1hop_sort, 种子数: 46
2026-03-10 22:52:58,148 - INFO - [degreeTopM - 种子:46] 拉新:7.3人 | 总销量:7.4单 | 品牌曝光:77.1次 | 🌟综合得分:15.1
2026-03-10 22:52:58,160 - INFO - [pageRank - 种子:46] 拉新:7.5人 | 总销量:7.6单 | 品牌曝光:77.7次 | 🌟综合得分:15.3
2026-03-10 22:52:58,248 - INFO - [alpha_sort - 种子:46] 拉新:18.8人 | 总销量:19.1单 | 品牌曝光:85.0次 | 🌟综合得分:27.4
2026-03-10 22:52:58,257 - INFO - [random - 种子:46] 拉新:12.2人 | 总销量:12.3单 | 品牌曝光:89.4次 | 🌟综合得分:21.2
2026-03-10 22:52:58,316 - INFO - [ris_optimized - 种子:46] 拉新:19.4人 | 总销量:19.8单 | 品牌曝光:92.4次 | 🌟综合得分:28.9
2026-03-10 22:52:58,322 - INFO - [1hop_sort - 种子:46] 拉新:18.9人 | 总销量:20.0单 | 品牌曝光:88.2次 | 🌟综合得分:28.2
2026-03-10 22:52:58,338 - INFO - 所有进程执行完毕，开始写入数据...
2026-03-10 22:52:58,346 - INFO - 成功写入 6 条记录至 /home/wen/work/coup_spread/gzc-impl/results/network.netscience/2026-4-3/log_continuous_SSRNum-50000-_seedNum-46_simuTimes-500.csv
2026-03-10 22:52:58,347 - INFO - 保存评估文件至: /home/wen/work/coup_spread/gzc-impl/results/network.netscience/2026-4-3/log_continuous_SSRNum-50000-_seedNum-46_simuTimes-500.csv
2026-03-10 22:52:58,348 - INFO - 加载数据集: network.netscience
2026-03-10 22:52:58,349 - INFO - --- 矩阵分析 ---
2026-03-10 22:52:58,349 - INFO - 节点数 (N): 379
2026-03-10 22:52:58,349 - INFO - 边数 (E): 1828
2026-03-10 22:52:58,349 - INFO - 密度 (Density): 0.01272617 (越小越稀疏)
2026-03-10 22:52:58,349 - INFO - 稀疏度 (Sparsity): 0.98727383 (越接近1越稀疏)
2026-03-10 22:52:58,349 - INFO - 平均度数 (Avg Degree): 4.82
2026-03-10 22:52:58,350 - INFO - 首次生成度相关概率分布 分布类型: 'log_continuous'.
2026-03-10 22:52:58,350 - INFO - ===> Generating 'Log-Continuous' distributions for Real Graph...
2026-03-10 22:52:58,360 - INFO - 保存概率分布 文件位置: /home/wen/work/coup_spread/network.netscience/2026-4-3/distribution-in-network.netscience/distribution-log_continuous_seedNum-58.pkl
2026-03-10 22:52:58,363 - INFO - 首次生成种子集 random
2026-03-10 22:52:58,363 - INFO - 执行当前算法开始: random
2026-03-10 22:52:58,363 - INFO - 数据集节点总数:  n = 379, m = 58
2026-03-10 22:52:58,363 - INFO - 选择 58  [362, 348, 146, 105, 306, 162, 276, 307, 264, 206, 164, 320, 331, 266, 229, 189, 41, 219, 128, 267, 29, 193, 171, 332, 53, 212, 134, 6, 322, 309, 258, 340, 21, 295, 216, 330, 202, 327, 235, 275, 12, 232, 273, 9, 290, 102, 274, 225, 177, 365, 335, 78, 91, 113, 2, 132, 344, 104]

2026-03-10 22:52:58,363 - INFO - 当前用时 0.00 秒
2026-03-10 22:52:58,363 - INFO - 将种子集 写入位置: /home/wen/work/coup_spread/network.netscience/2026-4-3/seeds-with-network.netscience/log_continuous_random_seedNum-58_SSRNum-50000.txt
2026-03-10 22:52:58,363 - INFO - 首次生成种子集 degreeTopM
2026-03-10 22:52:58,363 - INFO - 执行当前算法开始: degreeTopM
2026-03-10 22:52:58,363 - INFO - 依据: 选择连接数（度数）最多的节点。
2026-03-10 22:52:58,364 - INFO - 选择的 Top M 节点及其度数:
2026-03-10 22:52:58,364 - INFO - 
2026-03-10 22:52:58,364 - INFO - 当前用时 0.00 秒
2026-03-10 22:52:58,364 - INFO - 将种子集 写入位置: /home/wen/work/coup_spread/network.netscience/2026-4-3/seeds-with-network.netscience/log_continuous_degreeTopM_seedNum-58_SSRNum-50000.txt
2026-03-10 22:52:58,364 - INFO - 首次生成种子集 pageRank
2026-03-10 22:52:58,364 - INFO - 执行当前算法开始: pageRank
2026-03-10 22:52:58,364 - INFO - --- Running: PageRank (on tranProMatrix) Top M ---
2026-03-10 22:52:58,374 - INFO - Selected PageRank seeds: [58, 3, 4, 119, 72, 5, 142, 106, 53, 219, 189, 107, 13, 41, 187, 7, 44, 92, 94, 173, 62, 95, 167, 96, 118, 75, 8, 123, 235, 234, 113, 180, 217, 11, 0, 76, 232, 124, 233, 46, 20, 140, 329, 52, 156, 87, 362, 122, 268, 74, 126, 81, 252, 249, 250, 295, 14, 320]
2026-03-10 22:52:58,375 - INFO - 当前用时 0.01 秒
2026-03-10 22:52:58,375 - INFO - 将种子集 写入位置: /home/wen/work/coup_spread/network.netscience/2026-4-3/seeds-with-network.netscience/log_continuous_pageRank_seedNum-58_SSRNum-50000.txt
2026-03-10 22:52:58,375 - INFO - 首次生成种子集 alpha_sort
2026-03-10 22:52:58,375 - INFO - 执行当前算法开始: alpha_sort
2026-03-10 22:52:58,375 - INFO - 379 个节点的alpha值降序排序 done
2026-03-10 22:52:58,375 - INFO - ==============>> [(281, np.float64(0.47504949065915497)), (333, np.float64(0.42969974181369985)), (147, np.float64(0.4281854877147096)), (133, np.float64(0.3563905335778556)), (366, np.float64(0.35327528515623957)), (229, np.float64(0.3428522734988776)), (85, np.float64(0.3409072569113644)), (303, np.float64(0.33708039158903463)), (2, np.float64(0.3319675424731623)), (137, np.float64(0.3275884241339183))]
2026-03-10 22:52:58,375 - INFO - 
选择的种子集 (按alpha排序): [281, 333, 147, 133, 366, 229, 85, 303, 2, 137, 224, 181, 80, 199, 276, 364, 159, 371, 330, 213, 121, 313, 37, 140, 108, 244, 195, 152, 352, 183, 285, 332, 170, 66, 70, 356, 351, 310, 145, 149, 309, 77, 339, 143, 12, 63, 50, 107, 79, 22, 311, 203, 97, 186, 194, 161, 76, 192]

2026-03-10 22:52:58,375 - INFO - 当前用时 0.00 秒
2026-03-10 22:52:58,375 - INFO - 将种子集 写入位置: /home/wen/work/coup_spread/network.netscience/2026-4-3/seeds-with-network.netscience/log_continuous_alpha_sort_seedNum-58_SSRNum-50000.txt
2026-03-10 22:52:58,375 - INFO - 首次生成种子集 ris_optimized
2026-03-10 22:52:58,375 - INFO - 执行当前算法开始: ris_optimized
2026-03-10 22:52:58,380 - INFO - 开始生成 50000 组多重RR-Set (万级节点极限内存优化版)...
2026-03-10 22:53:03,635 - INFO - 生成与倒排构建完毕。耗时: 5.25 秒。
2026-03-10 22:53:03,636 - INFO - 开始基于 Numpy 矩阵的高速贪心选择...
2026-03-10 22:53:03,692 - INFO - 高速选种完毕。耗时: 0.06 秒。估算范围: 26.17
2026-03-10 22:53:03,694 - INFO - 当前用时 5.32 秒
2026-03-10 22:53:03,695 - INFO - 将种子集 写入位置: /home/wen/work/coup_spread/network.netscience/2026-4-3/seeds-with-network.netscience/log_continuous_ris_optimized_seedNum-58_SSRNum-50000.txt
2026-03-10 22:53:03,695 - INFO - 首次生成种子集 1hop_sort
2026-03-10 22:53:03,695 - INFO - 执行当前算法开始: 1hop_sort
2026-03-10 22:53:03,696 - INFO - 当前用时 0.00 秒
2026-03-10 22:53:03,696 - INFO - 将种子集 写入位置: /home/wen/work/coup_spread/network.netscience/2026-4-3/seeds-with-network.netscience/log_continuous_1hop_sort_seedNum-58_SSRNum-50000.txt
2026-03-10 22:53:03,697 - INFO - 评估种子集: None
2026-03-10 22:53:03,697 - INFO - 多进程评估开始，共有 6 个方法待评估...
2026-03-10 22:53:03,697 - INFO - 启动进程池，Worker数量: 6
2026-03-10 22:53:03,758 - INFO - [Process 1921001] 开始评估方法: random, 种子数: 58
2026-03-10 22:53:03,765 - INFO - [Process 1921002] 开始评估方法: degreeTopM, 种子数: 58
2026-03-10 22:53:03,775 - INFO - [Process 1921003] 开始评估方法: pageRank, 种子数: 58
2026-03-10 22:53:03,781 - INFO - [Process 1921004] 开始评估方法: alpha_sort, 种子数: 58
2026-03-10 22:53:03,793 - INFO - [Process 1921005] 开始评估方法: ris_optimized, 种子数: 58
2026-03-10 22:53:03,803 - INFO - [Process 1921006] 开始评估方法: 1hop_sort, 种子数: 58
2026-03-10 22:53:04,233 - INFO - [pageRank - 种子:58] 拉新:10.0人 | 总销量:10.2单 | 品牌曝光:100.4次 | 🌟综合得分:20.1
2026-03-10 22:53:04,249 - INFO - [degreeTopM - 种子:58] 拉新:9.4人 | 总销量:9.6单 | 品牌曝光:98.0次 | 🌟综合得分:19.3
2026-03-10 22:53:04,336 - INFO - [alpha_sort - 种子:58] 拉新:21.9人 | 总销量:22.3单 | 品牌曝光:108.0次 | 🌟综合得分:32.9
2026-03-10 22:53:04,377 - INFO - [ris_optimized - 种子:58] 拉新:22.7人 | 总销量:23.1单 | 品牌曝光:112.9次 | 🌟综合得分:34.2
2026-03-10 22:53:04,381 - INFO - [random - 种子:58] 拉新:14.6人 | 总销量:14.9单 | 品牌曝光:111.9次 | 🌟综合得分:26.0
2026-03-10 22:53:04,386 - INFO - [1hop_sort - 种子:58] 拉新:22.5人 | 总销量:23.4单 | 品牌曝光:109.2次 | 🌟综合得分:33.8
2026-03-10 22:53:04,402 - INFO - 所有进程执行完毕，开始写入数据...
2026-03-10 22:53:04,411 - INFO - 成功写入 6 条记录至 /home/wen/work/coup_spread/gzc-impl/results/network.netscience/2026-4-3/log_continuous_SSRNum-50000-_seedNum-58_simuTimes-500.csv
2026-03-10 22:53:04,412 - INFO - 保存评估文件至: /home/wen/work/coup_spread/gzc-impl/results/network.netscience/2026-4-3/log_continuous_SSRNum-50000-_seedNum-58_simuTimes-500.csv
2026-03-10 22:53:04,413 - INFO - 加载数据集: network.netscience
2026-03-10 22:53:04,413 - INFO - --- 矩阵分析 ---
2026-03-10 22:53:04,414 - INFO - 节点数 (N): 379
2026-03-10 22:53:04,414 - INFO - 边数 (E): 1828
2026-03-10 22:53:04,414 - INFO - 密度 (Density): 0.01272617 (越小越稀疏)
2026-03-10 22:53:04,414 - INFO - 稀疏度 (Sparsity): 0.98727383 (越接近1越稀疏)
2026-03-10 22:53:04,414 - INFO - 平均度数 (Avg Degree): 4.82
2026-03-10 22:53:04,415 - INFO - 首次生成度相关概率分布 分布类型: 'log_continuous'.
2026-03-10 22:53:04,415 - INFO - ===> Generating 'Log-Continuous' distributions for Real Graph...
2026-03-10 22:53:04,424 - INFO - 保存概率分布 文件位置: /home/wen/work/coup_spread/network.netscience/2026-4-3/distribution-in-network.netscience/distribution-log_continuous_seedNum-70.pkl
2026-03-10 22:53:04,427 - INFO - 首次生成种子集 random
2026-03-10 22:53:04,427 - INFO - 执行当前算法开始: random
2026-03-10 22:53:04,427 - INFO - 数据集节点总数:  n = 379, m = 70
2026-03-10 22:53:04,427 - INFO - 选择 70  [214, 153, 147, 335, 278, 31, 259, 355, 61, 188, 196, 176, 302, 107, 308, 342, 136, 208, 35, 173, 171, 225, 44, 246, 5, 239, 209, 121, 116, 313, 40, 174, 24, 145, 8, 195, 327, 194, 16, 85, 187, 36, 310, 261, 337, 134, 178, 18, 190, 60, 139, 331, 345, 160, 66, 10, 292, 304, 189, 344, 46, 32, 270, 104, 359, 89, 199, 202, 6, 146]

2026-03-10 22:53:04,427 - INFO - 当前用时 0.00 秒
2026-03-10 22:53:04,428 - INFO - 将种子集 写入位置: /home/wen/work/coup_spread/network.netscience/2026-4-3/seeds-with-network.netscience/log_continuous_random_seedNum-70_SSRNum-50000.txt
2026-03-10 22:53:04,428 - INFO - 首次生成种子集 degreeTopM
2026-03-10 22:53:04,428 - INFO - 执行当前算法开始: degreeTopM
2026-03-10 22:53:04,428 - INFO - 依据: 选择连接数（度数）最多的节点。
2026-03-10 22:53:04,428 - INFO - 选择的 Top M 节点及其度数:
2026-03-10 22:53:04,428 - INFO - 
2026-03-10 22:53:04,428 - INFO - 当前用时 0.00 秒
2026-03-10 22:53:04,428 - INFO - 将种子集 写入位置: /home/wen/work/coup_spread/network.netscience/2026-4-3/seeds-with-network.netscience/log_continuous_degreeTopM_seedNum-70_SSRNum-50000.txt
2026-03-10 22:53:04,428 - INFO - 首次生成种子集 pageRank
2026-03-10 22:53:04,428 - INFO - 执行当前算法开始: pageRank
2026-03-10 22:53:04,429 - INFO - --- Running: PageRank (on tranProMatrix) Top M ---
2026-03-10 22:53:04,439 - INFO - Selected PageRank seeds: [58, 3, 4, 119, 72, 5, 142, 106, 53, 219, 189, 107, 13, 41, 187, 7, 44, 92, 94, 173, 62, 95, 167, 96, 118, 75, 8, 123, 235, 234, 113, 180, 217, 11, 0, 76, 232, 124, 233, 46, 20, 140, 329, 52, 156, 87, 362, 122, 268, 74, 126, 81, 252, 249, 250, 295, 14, 320, 204, 201, 267, 209, 127, 188, 258, 259, 200, 178, 193, 216]
2026-03-10 22:53:04,439 - INFO - 当前用时 0.01 秒
2026-03-10 22:53:04,439 - INFO - 将种子集 写入位置: /home/wen/work/coup_spread/network.netscience/2026-4-3/seeds-with-network.netscience/log_continuous_pageRank_seedNum-70_SSRNum-50000.txt
2026-03-10 22:53:04,439 - INFO - 首次生成种子集 alpha_sort
2026-03-10 22:53:04,439 - INFO - 执行当前算法开始: alpha_sort
2026-03-10 22:53:04,439 - INFO - 379 个节点的alpha值降序排序 done
2026-03-10 22:53:04,439 - INFO - ==============>> [(281, np.float64(0.5111969201840775)), (255, np.float64(0.49916831911122206)), (310, np.float64(0.4367264670911956)), (171, np.float64(0.4286927921229456)), (111, np.float64(0.41329321542622305)), (289, np.float64(0.40667514109242414)), (128, np.float64(0.4037366565182654)), (190, np.float64(0.3874593816976746)), (297, np.float64(0.3722576021120482)), (312, np.float64(0.3613781607900693))]
2026-03-10 22:53:04,439 - INFO - 
选择的种子集 (按alpha排序): [281, 255, 310, 171, 111, 289, 128, 190, 297, 312, 265, 344, 363, 290, 177, 332, 231, 182, 109, 175, 91, 262, 233, 98, 354, 51, 286, 39, 197, 340, 373, 151, 86, 110, 272, 317, 162, 164, 311, 89, 132, 326, 248, 63, 78, 161, 236, 48, 181, 134, 184, 244, 114, 319, 57, 163, 309, 350, 194, 374, 90, 153, 79, 328, 346, 225, 222, 142, 17, 291]

2026-03-10 22:53:04,439 - INFO - 当前用时 0.00 秒
2026-03-10 22:53:04,440 - INFO - 将种子集 写入位置: /home/wen/work/coup_spread/network.netscience/2026-4-3/seeds-with-network.netscience/log_continuous_alpha_sort_seedNum-70_SSRNum-50000.txt
2026-03-10 22:53:04,440 - INFO - 首次生成种子集 ris_optimized
2026-03-10 22:53:04,440 - INFO - 执行当前算法开始: ris_optimized
2026-03-10 22:53:04,487 - INFO - 开始生成 50000 组多重RR-Set (万级节点极限内存优化版)...
2026-03-10 22:53:10,744 - INFO - 生成与倒排构建完毕。耗时: 6.26 秒。
2026-03-10 22:53:10,745 - INFO - 开始基于 Numpy 矩阵的高速贪心选择...
2026-03-10 22:53:10,809 - INFO - 高速选种完毕。耗时: 0.06 秒。估算范围: 33.45
2026-03-10 22:53:10,811 - INFO - 当前用时 6.37 秒
2026-03-10 22:53:10,812 - INFO - 将种子集 写入位置: /home/wen/work/coup_spread/network.netscience/2026-4-3/seeds-with-network.netscience/log_continuous_ris_optimized_seedNum-70_SSRNum-50000.txt
2026-03-10 22:53:10,812 - INFO - 首次生成种子集 1hop_sort
2026-03-10 22:53:10,812 - INFO - 执行当前算法开始: 1hop_sort
2026-03-10 22:53:10,813 - INFO - 当前用时 0.00 秒
2026-03-10 22:53:10,813 - INFO - 将种子集 写入位置: /home/wen/work/coup_spread/network.netscience/2026-4-3/seeds-with-network.netscience/log_continuous_1hop_sort_seedNum-70_SSRNum-50000.txt
2026-03-10 22:53:10,814 - INFO - 评估种子集: None
2026-03-10 22:53:10,814 - INFO - 多进程评估开始，共有 6 个方法待评估...
2026-03-10 22:53:10,814 - INFO - 启动进程池，Worker数量: 6
2026-03-10 22:53:10,858 - INFO - [Process 1921155] 开始评估方法: random, 种子数: 70
2026-03-10 22:53:10,867 - INFO - [Process 1921156] 开始评估方法: degreeTopM, 种子数: 70
2026-03-10 22:53:10,872 - INFO - [Process 1921157] 开始评估方法: pageRank, 种子数: 70
2026-03-10 22:53:10,884 - INFO - [Process 1921158] 开始评估方法: alpha_sort, 种子数: 70
2026-03-10 22:53:10,888 - INFO - [Process 1921159] 开始评估方法: ris_optimized, 种子数: 70
2026-03-10 22:53:10,892 - INFO - [Process 1921160] 开始评估方法: 1hop_sort, 种子数: 70
2026-03-10 22:53:11,388 - INFO - [degreeTopM - 种子:70] 拉新:13.2人 | 总销量:13.6单 | 品牌曝光:118.8次 | 🌟综合得分:25.3
2026-03-10 22:53:11,526 - INFO - [alpha_sort - 种子:70] 拉新:28.6人 | 总销量:29.4单 | 品牌曝光:132.4次 | 🌟综合得分:42.3
2026-03-10 22:53:11,537 - INFO - [pageRank - 种子:70] 拉新:14.5人 | 总销量:14.8单 | 品牌曝光:123.9次 | 🌟综合得分:27.0
2026-03-10 22:53:11,568 - INFO - [ris_optimized - 种子:70] 拉新:28.6人 | 总销量:29.3单 | 品牌曝光:137.0次 | 🌟综合得分:42.7
2026-03-10 22:53:11,587 - INFO - [1hop_sort - 种子:70] 拉新:28.8人 | 总销量:30.4单 | 品牌曝光:133.6次 | 🌟综合得分:43.0
2026-03-10 22:53:11,626 - INFO - [random - 种子:70] 拉新:18.8人 | 总销量:19.2单 | 品牌曝光:134.5次 | 🌟综合得分:32.5
2026-03-10 22:53:11,641 - INFO - 所有进程执行完毕，开始写入数据...
2026-03-10 22:53:11,649 - INFO - 成功写入 6 条记录至 /home/wen/work/coup_spread/gzc-impl/results/network.netscience/2026-4-3/log_continuous_SSRNum-50000-_seedNum-70_simuTimes-500.csv
2026-03-10 22:53:11,650 - INFO - 保存评估文件至: /home/wen/work/coup_spread/gzc-impl/results/network.netscience/2026-4-3/log_continuous_SSRNum-50000-_seedNum-70_simuTimes-500.csv
2026-03-10 22:53:11,651 - INFO - 加载数据集: network.netscience
2026-03-10 22:53:11,652 - INFO - --- 矩阵分析 ---
2026-03-10 22:53:11,652 - INFO - 节点数 (N): 379
2026-03-10 22:53:11,652 - INFO - 边数 (E): 1828
2026-03-10 22:53:11,652 - INFO - 密度 (Density): 0.01272617 (越小越稀疏)
2026-03-10 22:53:11,652 - INFO - 稀疏度 (Sparsity): 0.98727383 (越接近1越稀疏)
2026-03-10 22:53:11,652 - INFO - 平均度数 (Avg Degree): 4.82
2026-03-10 22:53:11,653 - INFO - 首次生成度相关概率分布 分布类型: 'log_continuous'.
2026-03-10 22:53:11,653 - INFO - ===> Generating 'Log-Continuous' distributions for Real Graph...
2026-03-10 22:53:11,663 - INFO - 保存概率分布 文件位置: /home/wen/work/coup_spread/network.netscience/2026-4-3/distribution-in-network.netscience/distribution-log_continuous_seedNum-82.pkl
2026-03-10 22:53:11,666 - INFO - 首次生成种子集 random
2026-03-10 22:53:11,666 - INFO - 执行当前算法开始: random
2026-03-10 22:53:11,666 - INFO - 数据集节点总数:  n = 379, m = 82
2026-03-10 22:53:11,667 - INFO - 选择 82  [53, 71, 235, 89, 33, 288, 98, 138, 147, 91, 99, 7, 54, 119, 328, 152, 253, 13, 314, 238, 63, 175, 256, 259, 186, 270, 300, 70, 310, 190, 251, 241, 122, 160, 202, 273, 370, 26, 303, 114, 46, 330, 217, 69, 117, 139, 145, 199, 205, 297, 133, 21, 225, 92, 62, 44, 218, 320, 47, 126, 347, 308, 353, 341, 258, 322, 162, 355, 167, 56, 173, 86, 263, 169, 12, 325, 85, 61, 153, 354, 118, 55]

2026-03-10 22:53:11,667 - INFO - 当前用时 0.00 秒
2026-03-10 22:53:11,667 - INFO - 将种子集 写入位置: /home/wen/work/coup_spread/network.netscience/2026-4-3/seeds-with-network.netscience/log_continuous_random_seedNum-82_SSRNum-50000.txt
2026-03-10 22:53:11,667 - INFO - 首次生成种子集 degreeTopM
2026-03-10 22:53:11,667 - INFO - 执行当前算法开始: degreeTopM
2026-03-10 22:53:11,667 - INFO - 依据: 选择连接数（度数）最多的节点。
2026-03-10 22:53:11,668 - INFO - 选择的 Top M 节点及其度数:
2026-03-10 22:53:11,668 - INFO - 
2026-03-10 22:53:11,668 - INFO - 当前用时 0.00 秒
2026-03-10 22:53:11,668 - INFO - 将种子集 写入位置: /home/wen/work/coup_spread/network.netscience/2026-4-3/seeds-with-network.netscience/log_continuous_degreeTopM_seedNum-82_SSRNum-50000.txt
2026-03-10 22:53:11,668 - INFO - 首次生成种子集 pageRank
2026-03-10 22:53:11,668 - INFO - 执行当前算法开始: pageRank
2026-03-10 22:53:11,668 - INFO - --- Running: PageRank (on tranProMatrix) Top M ---
2026-03-10 22:53:11,717 - INFO - Selected PageRank seeds: [58, 3, 4, 119, 72, 5, 142, 106, 53, 219, 189, 107, 13, 41, 187, 7, 44, 92, 94, 173, 62, 95, 167, 96, 118, 75, 8, 123, 235, 234, 113, 180, 217, 11, 0, 76, 232, 124, 233, 46, 20, 140, 329, 52, 156, 87, 362, 122, 268, 74, 126, 81, 252, 249, 250, 295, 14, 320, 204, 201, 267, 209, 127, 188, 258, 259, 200, 178, 193, 216, 162, 163, 225, 69, 280, 40, 42, 286, 198, 369, 247, 283]
2026-03-10 22:53:11,718 - INFO - 当前用时 0.05 秒
2026-03-10 22:53:11,718 - INFO - 将种子集 写入位置: /home/wen/work/coup_spread/network.netscience/2026-4-3/seeds-with-network.netscience/log_continuous_pageRank_seedNum-82_SSRNum-50000.txt
2026-03-10 22:53:11,718 - INFO - 首次生成种子集 alpha_sort
2026-03-10 22:53:11,718 - INFO - 执行当前算法开始: alpha_sort
2026-03-10 22:53:11,718 - INFO - 379 个节点的alpha值降序排序 done
2026-03-10 22:53:11,718 - INFO - ==============>> [(210, np.float64(0.5411367366801261)), (277, np.float64(0.5160345616904236)), (318, np.float64(0.4476505327889434)), (324, np.float64(0.4220526314500294)), (125, np.float64(0.4118620666481225)), (179, np.float64(0.4059570001797103)), (206, np.float64(0.40528200611345355)), (308, np.float64(0.38311698366292063)), (329, np.float64(0.3724213223277542)), (270, np.float64(0.36965661397640465))]
2026-03-10 22:53:11,718 - INFO - 
选择的种子集 (按alpha排序): [210, 277, 318, 324, 125, 179, 206, 308, 329, 270, 309, 321, 48, 239, 128, 154, 136, 289, 197, 346, 218, 267, 139, 280, 203, 323, 339, 86, 1, 344, 177, 322, 195, 288, 351, 95, 287, 89, 129, 0, 207, 376, 213, 57, 282, 70, 316, 350, 65, 105, 240, 281, 151, 303, 108, 104, 275, 77, 333, 9, 320, 66, 337, 364, 80, 158, 278, 367, 372, 153, 257, 71, 81, 152, 292, 236, 306, 352, 327, 331, 325, 205]

2026-03-10 22:53:11,718 - INFO - 当前用时 0.00 秒
2026-03-10 22:53:11,719 - INFO - 将种子集 写入位置: /home/wen/work/coup_spread/network.netscience/2026-4-3/seeds-with-network.netscience/log_continuous_alpha_sort_seedNum-82_SSRNum-50000.txt
2026-03-10 22:53:11,719 - INFO - 首次生成种子集 ris_optimized
2026-03-10 22:53:11,719 - INFO - 执行当前算法开始: ris_optimized
2026-03-10 22:53:11,724 - INFO - 开始生成 50000 组多重RR-Set (万级节点极限内存优化版)...
2026-03-10 22:53:19,292 - INFO - 生成与倒排构建完毕。耗时: 7.57 秒。
2026-03-10 22:53:19,293 - INFO - 开始基于 Numpy 矩阵的高速贪心选择...
2026-03-10 22:53:19,390 - INFO - 高速选种完毕。耗时: 0.10 秒。估算范围: 37.34
2026-03-10 22:53:19,393 - INFO - 当前用时 7.67 秒
2026-03-10 22:53:19,395 - INFO - 将种子集 写入位置: /home/wen/work/coup_spread/network.netscience/2026-4-3/seeds-with-network.netscience/log_continuous_ris_optimized_seedNum-82_SSRNum-50000.txt
2026-03-10 22:53:19,395 - INFO - 首次生成种子集 1hop_sort
2026-03-10 22:53:19,395 - INFO - 执行当前算法开始: 1hop_sort
2026-03-10 22:53:19,395 - INFO - 当前用时 0.00 秒
2026-03-10 22:53:19,396 - INFO - 将种子集 写入位置: /home/wen/work/coup_spread/network.netscience/2026-4-3/seeds-with-network.netscience/log_continuous_1hop_sort_seedNum-82_SSRNum-50000.txt
2026-03-10 22:53:19,396 - INFO - 评估种子集: None
2026-03-10 22:53:19,396 - INFO - 多进程评估开始，共有 6 个方法待评估...
2026-03-10 22:53:19,396 - INFO - 启动进程池，Worker数量: 6
2026-03-10 22:53:19,460 - INFO - [Process 1921285] 开始评估方法: random, 种子数: 82
2026-03-10 22:53:19,469 - INFO - [Process 1921286] 开始评估方法: degreeTopM, 种子数: 82
2026-03-10 22:53:19,475 - INFO - [Process 1921287] 开始评估方法: pageRank, 种子数: 82
2026-03-10 22:53:19,494 - INFO - [Process 1921288] 开始评估方法: alpha_sort, 种子数: 82
2026-03-10 22:53:19,501 - INFO - [Process 1921289] 开始评估方法: ris_optimized, 种子数: 82
2026-03-10 22:53:19,507 - INFO - [Process 1921290] 开始评估方法: 1hop_sort, 种子数: 82
2026-03-10 22:53:20,099 - INFO - [degreeTopM - 种子:82] 拉新:15.1人 | 总销量:15.5单 | 品牌曝光:138.5次 | 🌟综合得分:29.1
2026-03-10 22:53:20,233 - INFO - [pageRank - 种子:82] 拉新:16.2人 | 总销量:16.6单 | 品牌曝光:144.8次 | 🌟综合得分:30.9
2026-03-10 22:53:20,281 - INFO - [alpha_sort - 种子:82] 拉新:32.5人 | 总销量:33.9单 | 品牌曝光:157.7次 | 🌟综合得分:49.0
2026-03-10 22:53:20,298 - INFO - [1hop_sort - 种子:82] 拉新:32.2人 | 总销量:34.7单 | 品牌曝光:159.7次 | 🌟综合得分:49.4
2026-03-10 22:53:20,390 - INFO - [ris_optimized - 种子:82] 拉新:33.0人 | 总销量:34.6单 | 品牌曝光:164.5次 | 🌟综合得分:50.3
2026-03-10 22:53:20,425 - INFO - [random - 种子:82] 拉新:20.2人 | 总销量:20.8单 | 品牌曝光:161.4次 | 🌟综合得分:36.6
2026-03-10 22:53:20,441 - INFO - 所有进程执行完毕，开始写入数据...
2026-03-10 22:53:20,451 - INFO - 成功写入 6 条记录至 /home/wen/work/coup_spread/gzc-impl/results/network.netscience/2026-4-3/log_continuous_SSRNum-50000-_seedNum-82_simuTimes-500.csv
2026-03-10 22:53:20,453 - INFO - 保存评估文件至: /home/wen/work/coup_spread/gzc-impl/results/network.netscience/2026-4-3/log_continuous_SSRNum-50000-_seedNum-82_simuTimes-500.csv
2026-03-10 22:53:20,454 - INFO - 加载数据集: network.netscience
2026-03-10 22:53:20,454 - INFO - --- 矩阵分析 ---
2026-03-10 22:53:20,454 - INFO - 节点数 (N): 379
2026-03-10 22:53:20,454 - INFO - 边数 (E): 1828
2026-03-10 22:53:20,455 - INFO - 密度 (Density): 0.01272617 (越小越稀疏)
2026-03-10 22:53:20,455 - INFO - 稀疏度 (Sparsity): 0.98727383 (越接近1越稀疏)
2026-03-10 22:53:20,455 - INFO - 平均度数 (Avg Degree): 4.82
2026-03-10 22:53:20,456 - INFO - 首次生成度相关概率分布 分布类型: 'log_continuous'.
2026-03-10 22:53:20,456 - INFO - ===> Generating 'Log-Continuous' distributions for Real Graph...
2026-03-10 22:53:20,464 - INFO - 保存概率分布 文件位置: /home/wen/work/coup_spread/network.netscience/2026-4-3/distribution-in-network.netscience/distribution-log_continuous_seedNum-94.pkl
2026-03-10 22:53:20,466 - INFO - 首次生成种子集 random
2026-03-10 22:53:20,466 - INFO - 执行当前算法开始: random
2026-03-10 22:53:20,466 - INFO - 数据集节点总数:  n = 379, m = 94
2026-03-10 22:53:20,466 - INFO - 选择 94  [328, 226, 144, 81, 317, 286, 361, 225, 346, 311, 36, 241, 375, 281, 324, 264, 337, 125, 14, 35, 200, 17, 352, 303, 50, 95, 71, 216, 150, 327, 86, 185, 373, 277, 300, 229, 2, 100, 42, 249, 139, 22, 218, 206, 287, 62, 246, 121, 276, 193, 297, 335, 24, 211, 272, 348, 340, 263, 354, 323, 296, 358, 302, 8, 117, 298, 360, 132, 288, 315, 156, 322, 96, 364, 79, 377, 56, 134, 347, 164, 291, 98, 170, 238, 127, 178, 173, 310, 329, 251, 66, 37, 312, 75]

2026-03-10 22:53:20,467 - INFO - 当前用时 0.00 秒
2026-03-10 22:53:20,467 - INFO - 将种子集 写入位置: /home/wen/work/coup_spread/network.netscience/2026-4-3/seeds-with-network.netscience/log_continuous_random_seedNum-94_SSRNum-50000.txt
2026-03-10 22:53:20,467 - INFO - 首次生成种子集 degreeTopM
2026-03-10 22:53:20,467 - INFO - 执行当前算法开始: degreeTopM
2026-03-10 22:53:20,467 - INFO - 依据: 选择连接数（度数）最多的节点。
2026-03-10 22:53:20,467 - INFO - 选择的 Top M 节点及其度数:
2026-03-10 22:53:20,467 - INFO - 
2026-03-10 22:53:20,468 - INFO - 当前用时 0.00 秒
2026-03-10 22:53:20,468 - INFO - 将种子集 写入位置: /home/wen/work/coup_spread/network.netscience/2026-4-3/seeds-with-network.netscience/log_continuous_degreeTopM_seedNum-94_SSRNum-50000.txt
2026-03-10 22:53:20,468 - INFO - 首次生成种子集 pageRank
2026-03-10 22:53:20,468 - INFO - 执行当前算法开始: pageRank
2026-03-10 22:53:20,468 - INFO - --- Running: PageRank (on tranProMatrix) Top M ---
2026-03-10 22:53:20,482 - INFO - Selected PageRank seeds: [58, 3, 4, 119, 72, 5, 142, 106, 53, 219, 189, 107, 13, 41, 187, 7, 44, 92, 94, 173, 62, 95, 167, 96, 118, 75, 8, 123, 235, 234, 113, 180, 217, 11, 0, 76, 232, 124, 233, 46, 20, 140, 329, 52, 156, 87, 362, 122, 268, 74, 126, 81, 252, 249, 250, 295, 14, 320, 204, 201, 267, 209, 127, 188, 258, 259, 200, 178, 193, 216, 162, 163, 225, 69, 280, 40, 42, 286, 198, 369, 247, 283, 15, 16, 28, 29, 63, 18, 19, 261, 265, 266, 269, 270]
2026-03-10 22:53:20,482 - INFO - 当前用时 0.01 秒
2026-03-10 22:53:20,483 - INFO - 将种子集 写入位置: /home/wen/work/coup_spread/network.netscience/2026-4-3/seeds-with-network.netscience/log_continuous_pageRank_seedNum-94_SSRNum-50000.txt
2026-03-10 22:53:20,483 - INFO - 首次生成种子集 alpha_sort
2026-03-10 22:53:20,483 - INFO - 执行当前算法开始: alpha_sort
2026-03-10 22:53:20,483 - INFO - 379 个节点的alpha值降序排序 done
2026-03-10 22:53:20,483 - INFO - ==============>> [(238, np.float64(0.4790989873210285)), (197, np.float64(0.45885107855079865)), (318, np.float64(0.4507120708117052)), (333, np.float64(0.42639356674340356)), (185, np.float64(0.4220786361270787)), (261, np.float64(0.41673600758448803)), (141, np.float64(0.3923883194898087)), (151, np.float64(0.37910419031009923)), (31, np.float64(0.3663091711156769)), (273, np.float64(0.3525697178314639))]
2026-03-10 22:53:20,483 - INFO - 
选择的种子集 (按alpha排序): [238, 197, 318, 333, 185, 261, 141, 151, 31, 273, 214, 357, 237, 37, 352, 144, 190, 340, 78, 207, 134, 199, 372, 244, 245, 136, 60, 317, 17, 335, 278, 246, 313, 133, 109, 309, 341, 231, 97, 305, 186, 127, 281, 64, 130, 132, 371, 194, 262, 332, 355, 145, 182, 338, 279, 16, 301, 217, 137, 67, 80, 15, 211, 147, 115, 374, 153, 366, 204, 219, 327, 192, 34, 2, 359, 79, 29, 158, 222, 218, 346, 347, 42, 229, 168, 46, 223, 316, 272, 19, 195, 22, 236, 358]

2026-03-10 22:53:20,483 - INFO - 当前用时 0.00 秒
2026-03-10 22:53:20,484 - INFO - 将种子集 写入位置: /home/wen/work/coup_spread/network.netscience/2026-4-3/seeds-with-network.netscience/log_continuous_alpha_sort_seedNum-94_SSRNum-50000.txt
2026-03-10 22:53:20,484 - INFO - 首次生成种子集 ris_optimized
2026-03-10 22:53:20,484 - INFO - 执行当前算法开始: ris_optimized
2026-03-10 22:53:20,495 - INFO - 开始生成 50000 组多重RR-Set (万级节点极限内存优化版)...
2026-03-10 22:53:29,340 - INFO - 生成与倒排构建完毕。耗时: 8.84 秒。
2026-03-10 22:53:29,341 - INFO - 开始基于 Numpy 矩阵的高速贪心选择...
2026-03-10 22:53:29,436 - INFO - 高速选种完毕。耗时: 0.10 秒。估算范围: 40.98
2026-03-10 22:53:29,440 - INFO - 当前用时 8.96 秒
2026-03-10 22:53:29,442 - INFO - 将种子集 写入位置: /home/wen/work/coup_spread/network.netscience/2026-4-3/seeds-with-network.netscience/log_continuous_ris_optimized_seedNum-94_SSRNum-50000.txt
2026-03-10 22:53:29,442 - INFO - 首次生成种子集 1hop_sort
2026-03-10 22:53:29,442 - INFO - 执行当前算法开始: 1hop_sort
2026-03-10 22:53:29,443 - INFO - 当前用时 0.00 秒
2026-03-10 22:53:29,443 - INFO - 将种子集 写入位置: /home/wen/work/coup_spread/network.netscience/2026-4-3/seeds-with-network.netscience/log_continuous_1hop_sort_seedNum-94_SSRNum-50000.txt
2026-03-10 22:53:29,443 - INFO - 评估种子集: None
2026-03-10 22:53:29,443 - INFO - 多进程评估开始，共有 6 个方法待评估...
2026-03-10 22:53:29,443 - INFO - 启动进程池，Worker数量: 6
2026-03-10 22:53:29,508 - INFO - [Process 1921460] 开始评估方法: random, 种子数: 94
2026-03-10 22:53:29,518 - INFO - [Process 1921461] 开始评估方法: degreeTopM, 种子数: 94
2026-03-10 22:53:29,525 - INFO - [Process 1921462] 开始评估方法: pageRank, 种子数: 94
2026-03-10 22:53:29,531 - INFO - [Process 1921463] 开始评估方法: alpha_sort, 种子数: 94
2026-03-10 22:53:29,538 - INFO - [Process 1921464] 开始评估方法: ris_optimized, 种子数: 94
2026-03-10 22:53:29,543 - INFO - [Process 1921465] 开始评估方法: 1hop_sort, 种子数: 94
2026-03-10 22:53:30,245 - INFO - [degreeTopM - 种子:94] 拉新:17.2人 | 总销量:18.0单 | 品牌曝光:161.5次 | 🌟综合得分:33.8
2026-03-10 22:53:30,302 - INFO - [pageRank - 种子:94] 拉新:17.9人 | 总销量:18.5单 | 品牌曝光:165.5次 | 🌟综合得分:34.8
2026-03-10 22:53:30,437 - INFO - [alpha_sort - 种子:94] 拉新:34.2人 | 总销量:35.3单 | 品牌曝光:177.4次 | 🌟综合得分:52.5
2026-03-10 22:53:30,456 - INFO - [1hop_sort - 种子:94] 拉新:34.4人 | 总销量:36.5单 | 品牌曝光:182.8次 | 🌟综合得分:53.7
2026-03-10 22:53:30,459 - INFO - [random - 种子:94] 拉新:25.0人 | 总销量:25.5单 | 品牌曝光:186.7次 | 🌟综合得分:43.9
2026-03-10 22:53:30,496 - INFO - [ris_optimized - 种子:94] 拉新:34.8人 | 总销量:36.0单 | 品牌曝光:186.2次 | 🌟综合得分:54.0
2026-03-10 22:53:30,514 - INFO - 所有进程执行完毕，开始写入数据...
2026-03-10 22:53:30,523 - INFO - 成功写入 6 条记录至 /home/wen/work/coup_spread/gzc-impl/results/network.netscience/2026-4-3/log_continuous_SSRNum-50000-_seedNum-94_simuTimes-500.csv
2026-03-10 22:53:30,524 - INFO - 保存评估文件至: /home/wen/work/coup_spread/gzc-impl/results/network.netscience/2026-4-3/log_continuous_SSRNum-50000-_seedNum-94_simuTimes-500.csv
