2026-03-08 20:45:41,384 - INFO - 加载数据集: network.netscience
2026-03-08 20:45:41,385 - INFO - --- 矩阵分析 ---
2026-03-08 20:45:41,385 - INFO - 节点数 (N): 379
2026-03-08 20:45:41,385 - INFO - 边数 (E): 1828
2026-03-08 20:45:41,385 - INFO - 密度 (Density): 0.01272617 (越小越稀疏)
2026-03-08 20:45:41,385 - INFO - 稀疏度 (Sparsity): 0.98727383 (越接近1越稀疏)
2026-03-08 20:45:41,385 - INFO - 平均度数 (Avg Degree): 4.82
2026-03-08 20:45:41,385 - INFO - >>> 正在注入完美对抗属性（验证三条定理）...
2026-03-08 20:45:41,387 - INFO - 首次生成种子集 random
2026-03-08 20:45:41,387 - INFO - 执行当前算法开始: random
2026-03-08 20:45:41,388 - INFO - 数据集节点总数:  n = 379, m = 10
2026-03-08 20:45:41,388 - INFO - 选择 10  [176, 129, 23, 362, 333, 126, 64, 112, 212, 297]

2026-03-08 20:45:41,388 - INFO - 当前用时 0.00 秒
2026-03-08 20:45:41,388 - INFO - 将种子集 写入位置: /home/wen/work/coup_spread/network.netscience/2026-3-7/seeds-with-network.netscience/random_random_seedNum-10_SSRNum-50000.txt
2026-03-08 20:45:41,388 - INFO - 首次生成种子集 degreeTopM
2026-03-08 20:45:41,388 - INFO - 执行当前算法开始: degreeTopM
2026-03-08 20:45:41,388 - INFO - 依据: 选择连接数（度数）最多的节点。
2026-03-08 20:45:41,388 - INFO - 选择的 Top M 节点及其度数:
2026-03-08 20:45:41,388 - INFO - 
2026-03-08 20:45:41,388 - INFO - 当前用时 0.00 秒
2026-03-08 20:45:41,388 - INFO - 将种子集 写入位置: /home/wen/work/coup_spread/network.netscience/2026-3-7/seeds-with-network.netscience/random_degreeTopM_seedNum-10_SSRNum-50000.txt
2026-03-08 20:45:41,389 - INFO - 首次生成种子集 pageRank
2026-03-08 20:45:41,389 - INFO - 执行当前算法开始: pageRank
2026-03-08 20:45:41,389 - INFO - --- Running: PageRank (on tranProMatrix) Top M ---
2026-03-08 20:45:41,398 - INFO - Selected PageRank seeds: [58, 3, 4, 119, 72, 5, 142, 106, 53, 219]
2026-03-08 20:45:41,399 - INFO - 当前用时 0.01 秒
2026-03-08 20:45:41,399 - INFO - 将种子集 写入位置: /home/wen/work/coup_spread/network.netscience/2026-3-7/seeds-with-network.netscience/random_pageRank_seedNum-10_SSRNum-50000.txt
2026-03-08 20:45:41,399 - INFO - 首次生成种子集 alpha_sort
2026-03-08 20:45:41,399 - INFO - 执行当前算法开始: alpha_sort
2026-03-08 20:45:41,399 - INFO - 379 个节点的alpha值降序排序 done
2026-03-08 20:45:41,399 - INFO - ==============>> [(305, np.float64(0.3)), (306, np.float64(0.3)), (307, np.float64(0.3)), (308, np.float64(0.3)), (309, np.float64(0.3)), (310, np.float64(0.3)), (311, np.float64(0.3)), (312, np.float64(0.3)), (313, np.float64(0.3)), (314, np.float64(0.3))]
2026-03-08 20:45:41,399 - INFO - 
选择的种子集 (按alpha排序): [305, 306, 307, 308, 309, 310, 311, 312, 313, 314]

2026-03-08 20:45:41,399 - INFO - 当前用时 0.00 秒
2026-03-08 20:45:41,399 - INFO - 将种子集 写入位置: /home/wen/work/coup_spread/network.netscience/2026-3-7/seeds-with-network.netscience/random_alpha_sort_seedNum-10_SSRNum-50000.txt
2026-03-08 20:45:41,399 - INFO - 首次生成种子集 ris_optimized
2026-03-08 20:45:41,399 - INFO - 执行当前算法开始: ris_optimized
2026-03-08 20:45:41,401 - INFO - 图初始化完成，节点数: 379，当前模式: 优化采样
2026-03-08 20:45:41,401 - INFO - 开始生成 50000 组多重RR-Set...
2026-03-08 20:45:42,668 - INFO - 生成完毕。耗时: 1.27 秒。
2026-03-08 20:45:42,675 - INFO - 开始基于多重RR集贪心选择最优种子...
2026-03-08 20:45:42,872 - INFO - 选种完毕。耗时: 0.20 秒。估算范围: 7.62
2026-03-08 20:45:42,951 - INFO - 当前用时 1.55 秒
2026-03-08 20:45:42,952 - INFO - 将种子集 写入位置: /home/wen/work/coup_spread/network.netscience/2026-3-7/seeds-with-network.netscience/random_ris_optimized_seedNum-10_SSRNum-50000.txt
2026-03-08 20:45:42,952 - INFO - 首次生成种子集 monterCarlo_CELF
2026-03-08 20:45:42,952 - INFO - 执行当前算法开始: monterCarlo_CELF
2026-03-08 20:45:42,952 - INFO - --- Running: CELF Greedy Monte Carlo (Sims=100) ---
2026-03-08 20:45:42,952 - INFO - Step 0: 初始化所有节点的边际增益...
2026-03-08 20:45:45,152 - INFO - Seed 1: 57, Spread: 0.98
2026-03-08 20:45:45,287 - INFO - Seed 2: 147, Gain: 0.97, Total: 1.95
2026-03-08 20:45:45,487 - INFO - Seed 3: 259, Gain: 0.96, Total: 2.91
2026-03-08 20:45:46,348 - INFO - Seed 4: 166, Gain: 0.96, Total: 3.87
2026-03-08 20:45:46,991 - INFO - Seed 5: 278, Gain: 0.95, Total: 4.82
2026-03-08 20:45:50,636 - INFO - Seed 6: 116, Gain: 0.92, Total: 5.74
2026-03-08 20:45:50,727 - INFO - Seed 7: 247, Gain: 0.91, Total: 6.65
2026-03-08 20:45:51,783 - INFO - Seed 8: 22, Gain: 0.91, Total: 7.56
2026-03-08 20:45:51,902 - INFO - Seed 9: 155, Gain: 0.99, Total: 8.55
2026-03-08 20:45:52,162 - INFO - Seed 10: 102, Gain: 0.94, Total: 9.49
2026-03-08 20:45:52,162 - INFO - CELF 完成，总耗时: 9.21s
2026-03-08 20:45:52,162 - INFO - 当前用时 9.21 秒
2026-03-08 20:45:52,162 - INFO - 将种子集 写入位置: /home/wen/work/coup_spread/network.netscience/2026-3-7/seeds-with-network.netscience/random_monterCarlo_CELF_seedNum-10_SSRNum-50000.txt
2026-03-08 20:45:52,163 - INFO - 评估种子集: None
2026-03-08 20:45:52,163 - INFO - 多进程评估开始，共有 6 个方法待评估...
2026-03-08 20:45:52,163 - INFO - 启动进程池，Worker数量: 6
2026-03-08 20:45:52,206 - INFO - [Process 3567942] 开始评估方法: random, 种子数: 10
2026-03-08 20:45:52,213 - INFO - [Process 3567943] 开始评估方法: degreeTopM, 种子数: 10
2026-03-08 20:45:52,220 - INFO - [Process 3567944] 开始评估方法: pageRank, 种子数: 10
2026-03-08 20:45:52,227 - INFO - [Process 3567945] 开始评估方法: alpha_sort, 种子数: 10
2026-03-08 20:45:52,234 - INFO - [Process 3567946] 开始评估方法: ris_optimized, 种子数: 10
2026-03-08 20:45:52,241 - INFO - [Process 3567947] 开始评估方法: monterCarlo_CELF, 种子数: 10
2026-03-08 20:45:52,298 - INFO - [alpha_sort - 种子:10] 拉新:4.1人 | 总销量:4.2单 | 品牌曝光:14.9次 | 🌟综合得分:5.7
2026-03-08 20:45:52,498 - INFO - [random - 种子:10] 拉新:7.8人 | 总销量:7.9单 | 品牌曝光:38.8次 | 🌟综合得分:11.8
2026-03-08 20:45:52,555 - INFO - [degreeTopM - 种子:10] 拉新:8.8人 | 总销量:9.0单 | 品牌曝光:44.0次 | 🌟综合得分:13.3
2026-03-08 20:45:52,560 - INFO - [pageRank - 种子:10] 拉新:8.9人 | 总销量:9.1单 | 品牌曝光:44.2次 | 🌟综合得分:13.4
2026-03-08 20:45:52,579 - INFO - [ris_optimized - 种子:10] 拉新:8.9人 | 总销量:9.2单 | 品牌曝光:44.7次 | 🌟综合得分:13.5
2026-03-08 20:45:52,590 - INFO - [monterCarlo_CELF - 种子:10] 拉新:9.3人 | 总销量:9.4单 | 品牌曝光:45.7次 | 🌟综合得分:13.9
2026-03-08 20:45:52,601 - INFO - 所有进程执行完毕，开始写入数据...
2026-03-08 20:45:52,622 - INFO - 成功写入 6 条记录至 /home/wen/work/coup_spread/gzc-impl/results/network.netscience/2026-3-7/random_SSRNum-50000-_seedNum-10_simuTimes-500.csv
2026-03-08 20:45:52,622 - INFO - 保存评估文件至: /home/wen/work/coup_spread/gzc-impl/results/network.netscience/2026-3-7/random_SSRNum-50000-_seedNum-10_simuTimes-500.csv
2026-03-08 20:45:52,623 - INFO - 加载数据集: network.netscience
2026-03-08 20:45:52,623 - INFO - --- 矩阵分析 ---
2026-03-08 20:45:52,624 - INFO - 节点数 (N): 379
2026-03-08 20:45:52,624 - INFO - 边数 (E): 1828
2026-03-08 20:45:52,624 - INFO - 密度 (Density): 0.01272617 (越小越稀疏)
2026-03-08 20:45:52,624 - INFO - 稀疏度 (Sparsity): 0.98727383 (越接近1越稀疏)
2026-03-08 20:45:52,624 - INFO - 平均度数 (Avg Degree): 4.82
2026-03-08 20:45:52,624 - INFO - >>> 正在注入完美对抗属性（验证三条定理）...
2026-03-08 20:45:52,628 - INFO - 首次生成种子集 random
2026-03-08 20:45:52,628 - INFO - 执行当前算法开始: random
2026-03-08 20:45:52,628 - INFO - 数据集节点总数:  n = 379, m = 20
2026-03-08 20:45:52,628 - INFO - 选择 20  [357, 81, 189, 337, 170, 269, 63, 57, 349, 46, 360, 368, 306, 334, 129, 247, 321, 314, 108, 229]

2026-03-08 20:45:52,628 - INFO - 当前用时 0.00 秒
2026-03-08 20:45:52,628 - INFO - 将种子集 写入位置: /home/wen/work/coup_spread/network.netscience/2026-3-7/seeds-with-network.netscience/random_random_seedNum-20_SSRNum-50000.txt
2026-03-08 20:45:52,628 - INFO - 首次生成种子集 degreeTopM
2026-03-08 20:45:52,628 - INFO - 执行当前算法开始: degreeTopM
2026-03-08 20:45:52,628 - INFO - 依据: 选择连接数（度数）最多的节点。
2026-03-08 20:45:52,629 - INFO - 选择的 Top M 节点及其度数:
2026-03-08 20:45:52,629 - INFO - 
2026-03-08 20:45:52,629 - INFO - 当前用时 0.00 秒
2026-03-08 20:45:52,629 - INFO - 将种子集 写入位置: /home/wen/work/coup_spread/network.netscience/2026-3-7/seeds-with-network.netscience/random_degreeTopM_seedNum-20_SSRNum-50000.txt
2026-03-08 20:45:52,629 - INFO - 首次生成种子集 pageRank
2026-03-08 20:45:52,629 - INFO - 执行当前算法开始: pageRank
2026-03-08 20:45:52,629 - INFO - --- Running: PageRank (on tranProMatrix) Top M ---
2026-03-08 20:45:52,640 - INFO - Selected PageRank seeds: [58, 3, 4, 119, 72, 5, 142, 106, 53, 219, 189, 107, 13, 41, 187, 7, 44, 92, 94, 173]
2026-03-08 20:45:52,640 - INFO - 当前用时 0.01 秒
2026-03-08 20:45:52,640 - INFO - 将种子集 写入位置: /home/wen/work/coup_spread/network.netscience/2026-3-7/seeds-with-network.netscience/random_pageRank_seedNum-20_SSRNum-50000.txt
2026-03-08 20:45:52,640 - INFO - 首次生成种子集 alpha_sort
2026-03-08 20:45:52,640 - INFO - 执行当前算法开始: alpha_sort
2026-03-08 20:45:52,640 - INFO - 379 个节点的alpha值降序排序 done
2026-03-08 20:45:52,640 - INFO - ==============>> [(305, np.float64(0.3)), (306, np.float64(0.3)), (307, np.float64(0.3)), (308, np.float64(0.3)), (309, np.float64(0.3)), (310, np.float64(0.3)), (311, np.float64(0.3)), (312, np.float64(0.3)), (313, np.float64(0.3)), (314, np.float64(0.3))]
2026-03-08 20:45:52,640 - INFO - 
选择的种子集 (按alpha排序): [305, 306, 307, 308, 309, 310, 311, 312, 313, 314, 315, 316, 317, 318, 319, 320, 321, 322, 323, 324]

2026-03-08 20:45:52,640 - INFO - 当前用时 0.00 秒
2026-03-08 20:45:52,640 - INFO - 将种子集 写入位置: /home/wen/work/coup_spread/network.netscience/2026-3-7/seeds-with-network.netscience/random_alpha_sort_seedNum-20_SSRNum-50000.txt
2026-03-08 20:45:52,640 - INFO - 首次生成种子集 ris_optimized
2026-03-08 20:45:52,640 - INFO - 执行当前算法开始: ris_optimized
2026-03-08 20:45:52,643 - INFO - 图初始化完成，节点数: 379，当前模式: 优化采样
2026-03-08 20:45:52,643 - INFO - 开始生成 50000 组多重RR-Set...
2026-03-08 20:45:54,800 - INFO - 生成完毕。耗时: 2.16 秒。
2026-03-08 20:45:54,807 - INFO - 开始基于多重RR集贪心选择最优种子...
2026-03-08 20:45:55,086 - INFO - 选种完毕。耗时: 0.28 秒。估算范围: 14.69
2026-03-08 20:45:55,171 - INFO - 当前用时 2.53 秒
2026-03-08 20:45:55,172 - INFO - 将种子集 写入位置: /home/wen/work/coup_spread/network.netscience/2026-3-7/seeds-with-network.netscience/random_ris_optimized_seedNum-20_SSRNum-50000.txt
2026-03-08 20:45:55,172 - INFO - 首次生成种子集 monterCarlo_CELF
2026-03-08 20:45:55,172 - INFO - 执行当前算法开始: monterCarlo_CELF
2026-03-08 20:45:55,172 - INFO - --- Running: CELF Greedy Monte Carlo (Sims=100) ---
2026-03-08 20:45:55,172 - INFO - Step 0: 初始化所有节点的边际增益...
2026-03-08 20:45:57,345 - INFO - Seed 1: 34, Spread: 0.99
2026-03-08 20:45:58,062 - INFO - Seed 2: 262, Gain: 0.95, Total: 1.94
2026-03-08 20:45:58,438 - INFO - Seed 3: 211, Gain: 0.96, Total: 2.90
2026-03-08 20:45:59,013 - INFO - Seed 4: 129, Gain: 0.96, Total: 3.86
2026-03-08 20:45:59,656 - INFO - Seed 5: 298, Gain: 0.95, Total: 4.81
2026-03-08 20:46:01,574 - INFO - Seed 6: 251, Gain: 0.91, Total: 5.72
2026-03-08 20:46:01,669 - INFO - Seed 7: 204, Gain: 0.91, Total: 6.63
2026-03-08 20:46:01,946 - INFO - Seed 8: 35, Gain: 0.91, Total: 7.54
2026-03-08 20:46:04,351 - INFO - Seed 9: 143, Gain: 0.91, Total: 8.45
2026-03-08 20:46:04,951 - INFO - Seed 10: 278, Gain: 0.95, Total: 9.40
2026-03-08 20:46:05,023 - INFO - Seed 11: 225, Gain: 0.94, Total: 10.34
2026-03-08 20:46:07,139 - INFO - Seed 12: 57, Gain: 0.88, Total: 11.22
2026-03-08 20:46:07,474 - INFO - Seed 13: 263, Gain: 0.89, Total: 12.11
2026-03-08 20:46:07,925 - INFO - Seed 14: 101, Gain: 0.90, Total: 13.01
2026-03-08 20:46:09,136 - INFO - Seed 15: 237, Gain: 0.94, Total: 13.95
2026-03-08 20:46:11,533 - INFO - Seed 16: 174, Gain: 0.86, Total: 14.81
2026-03-08 20:46:11,866 - INFO - Seed 17: 119, Gain: 0.89, Total: 15.70
2026-03-08 20:46:11,985 - INFO - Seed 18: 157, Gain: 0.90, Total: 16.60
2026-03-08 20:46:12,741 - INFO - Seed 19: 48, Gain: 0.89, Total: 17.49
2026-03-08 20:46:13,873 - INFO - Seed 20: 208, Gain: 0.86, Total: 18.35
2026-03-08 20:46:13,873 - INFO - CELF 完成，总耗时: 18.70s
2026-03-08 20:46:13,873 - INFO - 当前用时 18.70 秒
2026-03-08 20:46:13,873 - INFO - 将种子集 写入位置: /home/wen/work/coup_spread/network.netscience/2026-3-7/seeds-with-network.netscience/random_monterCarlo_CELF_seedNum-20_SSRNum-50000.txt
2026-03-08 20:46:13,874 - INFO - 评估种子集: None
2026-03-08 20:46:13,874 - INFO - 多进程评估开始，共有 6 个方法待评估...
2026-03-08 20:46:13,874 - INFO - 启动进程池，Worker数量: 6
2026-03-08 20:46:13,915 - INFO - [Process 3568251] 开始评估方法: random, 种子数: 20
2026-03-08 20:46:13,928 - INFO - [Process 3568252] 开始评估方法: degreeTopM, 种子数: 20
2026-03-08 20:46:13,938 - INFO - [Process 3568253] 开始评估方法: pageRank, 种子数: 20
2026-03-08 20:46:13,948 - INFO - [Process 3568254] 开始评估方法: alpha_sort, 种子数: 20
2026-03-08 20:46:13,961 - INFO - [Process 3568255] 开始评估方法: ris_optimized, 种子数: 20
2026-03-08 20:46:13,972 - INFO - [Process 3568256] 开始评估方法: monterCarlo_CELF, 种子数: 20
2026-03-08 20:46:14,068 - INFO - [alpha_sort - 种子:20] 拉新:7.9人 | 总销量:8.2单 | 品牌曝光:29.2次 | 🌟综合得分:11.0
2026-03-08 20:46:14,311 - INFO - [random - 种子:20] 拉新:11.9人 | 总销量:12.0单 | 品牌曝光:58.9次 | 🌟综合得分:17.8
2026-03-08 20:46:14,579 - INFO - [pageRank - 种子:20] 拉新:16.6人 | 总销量:17.3单 | 品牌曝光:85.7次 | 🌟综合得分:25.5
2026-03-08 20:46:14,588 - INFO - [degreeTopM - 种子:20] 拉新:16.6人 | 总销量:17.3单 | 品牌曝光:85.8次 | 🌟综合得分:25.5
2026-03-08 20:46:14,650 - INFO - [ris_optimized - 种子:20] 拉新:17.4人 | 总销量:17.9单 | 品牌曝光:88.9次 | 🌟综合得分:26.6
2026-03-08 20:46:14,671 - INFO - [monterCarlo_CELF - 种子:20] 拉新:18.1人 | 总销量:18.6单 | 品牌曝光:92.2次 | 🌟综合得分:27.6
2026-03-08 20:46:14,687 - INFO - 所有进程执行完毕，开始写入数据...
2026-03-08 20:46:14,700 - INFO - 成功写入 6 条记录至 /home/wen/work/coup_spread/gzc-impl/results/network.netscience/2026-3-7/random_SSRNum-50000-_seedNum-20_simuTimes-500.csv
2026-03-08 20:46:14,701 - INFO - 保存评估文件至: /home/wen/work/coup_spread/gzc-impl/results/network.netscience/2026-3-7/random_SSRNum-50000-_seedNum-20_simuTimes-500.csv
2026-03-08 20:46:14,702 - INFO - 加载数据集: network.netscience
2026-03-08 20:46:14,703 - INFO - --- 矩阵分析 ---
2026-03-08 20:46:14,703 - INFO - 节点数 (N): 379
2026-03-08 20:46:14,703 - INFO - 边数 (E): 1828
2026-03-08 20:46:14,703 - INFO - 密度 (Density): 0.01272617 (越小越稀疏)
2026-03-08 20:46:14,703 - INFO - 稀疏度 (Sparsity): 0.98727383 (越接近1越稀疏)
2026-03-08 20:46:14,703 - INFO - 平均度数 (Avg Degree): 4.82
2026-03-08 20:46:14,703 - INFO - >>> 正在注入完美对抗属性（验证三条定理）...
2026-03-08 20:46:14,707 - INFO - 首次生成种子集 random
2026-03-08 20:46:14,708 - INFO - 执行当前算法开始: random
2026-03-08 20:46:14,708 - INFO - 数据集节点总数:  n = 379, m = 30
2026-03-08 20:46:14,708 - INFO - 选择 30  [134, 196, 200, 156, 341, 121, 292, 194, 303, 340, 293, 162, 142, 229, 86, 63, 201, 152, 284, 366, 14, 300, 105, 122, 68, 222, 51, 332, 108, 297]

2026-03-08 20:46:14,708 - INFO - 当前用时 0.00 秒
2026-03-08 20:46:14,708 - INFO - 将种子集 写入位置: /home/wen/work/coup_spread/network.netscience/2026-3-7/seeds-with-network.netscience/random_random_seedNum-30_SSRNum-50000.txt
2026-03-08 20:46:14,708 - INFO - 首次生成种子集 degreeTopM
2026-03-08 20:46:14,709 - INFO - 执行当前算法开始: degreeTopM
2026-03-08 20:46:14,709 - INFO - 依据: 选择连接数（度数）最多的节点。
2026-03-08 20:46:14,709 - INFO - 选择的 Top M 节点及其度数:
2026-03-08 20:46:14,709 - INFO - 
2026-03-08 20:46:14,709 - INFO - 当前用时 0.00 秒
2026-03-08 20:46:14,709 - INFO - 将种子集 写入位置: /home/wen/work/coup_spread/network.netscience/2026-3-7/seeds-with-network.netscience/random_degreeTopM_seedNum-30_SSRNum-50000.txt
2026-03-08 20:46:14,709 - INFO - 首次生成种子集 pageRank
2026-03-08 20:46:14,709 - INFO - 执行当前算法开始: pageRank
2026-03-08 20:46:14,710 - INFO - --- Running: PageRank (on tranProMatrix) Top M ---
2026-03-08 20:46:14,722 - INFO - Selected PageRank seeds: [58, 3, 4, 119, 72, 5, 142, 106, 53, 219, 189, 107, 13, 41, 187, 7, 44, 92, 94, 173, 62, 95, 167, 96, 118, 75, 8, 123, 235, 234]
2026-03-08 20:46:14,722 - INFO - 当前用时 0.01 秒
2026-03-08 20:46:14,722 - INFO - 将种子集 写入位置: /home/wen/work/coup_spread/network.netscience/2026-3-7/seeds-with-network.netscience/random_pageRank_seedNum-30_SSRNum-50000.txt
2026-03-08 20:46:14,722 - INFO - 首次生成种子集 alpha_sort
2026-03-08 20:46:14,722 - INFO - 执行当前算法开始: alpha_sort
2026-03-08 20:46:14,722 - INFO - 379 个节点的alpha值降序排序 done
2026-03-08 20:46:14,722 - INFO - ==============>> [(305, np.float64(0.3)), (306, np.float64(0.3)), (307, np.float64(0.3)), (308, np.float64(0.3)), (309, np.float64(0.3)), (310, np.float64(0.3)), (311, np.float64(0.3)), (312, np.float64(0.3)), (313, np.float64(0.3)), (314, np.float64(0.3))]
2026-03-08 20:46:14,722 - INFO - 
选择的种子集 (按alpha排序): [305, 306, 307, 308, 309, 310, 311, 312, 313, 314, 315, 316, 317, 318, 319, 320, 321, 322, 323, 324, 325, 326, 327, 328, 329, 330, 331, 332, 333, 334]

2026-03-08 20:46:14,722 - INFO - 当前用时 0.00 秒
2026-03-08 20:46:14,722 - INFO - 将种子集 写入位置: /home/wen/work/coup_spread/network.netscience/2026-3-7/seeds-with-network.netscience/random_alpha_sort_seedNum-30_SSRNum-50000.txt
2026-03-08 20:46:14,723 - INFO - 首次生成种子集 ris_optimized
2026-03-08 20:46:14,723 - INFO - 执行当前算法开始: ris_optimized
2026-03-08 20:46:14,725 - INFO - 图初始化完成，节点数: 379，当前模式: 优化采样
2026-03-08 20:46:14,725 - INFO - 开始生成 50000 组多重RR-Set...
2026-03-08 20:46:18,041 - INFO - 生成完毕。耗时: 3.32 秒。
2026-03-08 20:46:18,047 - INFO - 开始基于多重RR集贪心选择最优种子...
2026-03-08 20:46:18,470 - INFO - 选种完毕。耗时: 0.42 秒。估算范围: 22.27
2026-03-08 20:46:18,591 - INFO - 当前用时 3.87 秒
2026-03-08 20:46:18,591 - INFO - 将种子集 写入位置: /home/wen/work/coup_spread/network.netscience/2026-3-7/seeds-with-network.netscience/random_ris_optimized_seedNum-30_SSRNum-50000.txt
2026-03-08 20:46:18,591 - INFO - 首次生成种子集 monterCarlo_CELF
2026-03-08 20:46:18,591 - INFO - 执行当前算法开始: monterCarlo_CELF
2026-03-08 20:46:18,591 - INFO - --- Running: CELF Greedy Monte Carlo (Sims=100) ---
2026-03-08 20:46:18,591 - INFO - Step 0: 初始化所有节点的边际增益...
2026-03-08 20:46:20,812 - INFO - Seed 1: 59, Spread: 1.00
2026-03-08 20:46:21,504 - INFO - Seed 2: 68, Gain: 0.95, Total: 1.95
2026-03-08 20:46:22,329 - INFO - Seed 3: 166, Gain: 0.95, Total: 2.90
2026-03-08 20:46:22,436 - INFO - Seed 4: 205, Gain: 0.94, Total: 3.84
2026-03-08 20:46:22,840 - INFO - Seed 5: 297, Gain: 1.02, Total: 4.86
2026-03-08 20:46:28,229 - INFO - Seed 6: 246, Gain: 0.90, Total: 5.76
2026-03-08 20:46:28,599 - INFO - Seed 7: 273, Gain: 0.89, Total: 6.65
2026-03-08 20:46:28,652 - INFO - Seed 8: 55, Gain: 0.94, Total: 7.59
2026-03-08 20:46:28,834 - INFO - Seed 9: 14, Gain: 0.98, Total: 8.57
2026-03-08 20:46:30,173 - INFO - Seed 10: 269, Gain: 0.90, Total: 9.47
2026-03-08 20:46:31,847 - INFO - Seed 11: 209, Gain: 0.91, Total: 10.38
2026-03-08 20:46:32,008 - INFO - Seed 12: 150, Gain: 0.95, Total: 11.33
2026-03-08 20:46:32,256 - INFO - Seed 13: 118, Gain: 0.92, Total: 12.25
2026-03-08 20:46:33,520 - INFO - Seed 14: 85, Gain: 0.86, Total: 13.11
2026-03-08 20:46:34,758 - INFO - Seed 15: 183, Gain: 0.93, Total: 14.04
2026-03-08 20:46:37,051 - INFO - Seed 16: 257, Gain: 0.86, Total: 14.90
2026-03-08 20:46:38,048 - INFO - Seed 17: 250, Gain: 0.89, Total: 15.79
2026-03-08 20:46:38,512 - INFO - Seed 18: 80, Gain: 0.86, Total: 16.65
2026-03-08 20:46:40,250 - INFO - Seed 19: 31, Gain: 0.83, Total: 17.48
2026-03-08 20:46:40,640 - INFO - Seed 20: 141, Gain: 0.84, Total: 18.32
2026-03-08 20:46:40,908 - INFO - Seed 21: 109, Gain: 0.88, Total: 19.20
2026-03-08 20:46:41,477 - INFO - Seed 22: 200, Gain: 1.02, Total: 20.22
2026-03-08 20:46:42,509 - INFO - Seed 23: 235, Gain: 0.84, Total: 21.06
2026-03-08 20:46:43,580 - INFO - Seed 24: 78, Gain: 0.81, Total: 21.87
2026-03-08 20:46:44,873 - INFO - Seed 25: 260, Gain: 0.95, Total: 22.82
2026-03-08 20:46:45,041 - INFO - Seed 26: 178, Gain: 0.84, Total: 23.66
2026-03-08 20:46:45,207 - INFO - Seed 27: 139, Gain: 0.94, Total: 24.60
2026-03-08 20:46:46,803 - INFO - Seed 28: 192, Gain: 0.85, Total: 25.45
2026-03-08 20:46:49,362 - INFO - Seed 29: 272, Gain: 0.80, Total: 26.25
2026-03-08 20:46:51,662 - INFO - Seed 30: 147, Gain: 0.84, Total: 27.09
2026-03-08 20:46:51,662 - INFO - CELF 完成，总耗时: 33.07s
2026-03-08 20:46:51,662 - INFO - 当前用时 33.07 秒
2026-03-08 20:46:51,663 - INFO - 将种子集 写入位置: /home/wen/work/coup_spread/network.netscience/2026-3-7/seeds-with-network.netscience/random_monterCarlo_CELF_seedNum-30_SSRNum-50000.txt
2026-03-08 20:46:51,663 - INFO - 评估种子集: None
2026-03-08 20:46:51,663 - INFO - 多进程评估开始，共有 6 个方法待评估...
2026-03-08 20:46:51,663 - INFO - 启动进程池，Worker数量: 6
2026-03-08 20:46:51,709 - INFO - [Process 3569110] 开始评估方法: random, 种子数: 30
2026-03-08 20:46:51,717 - INFO - [Process 3569111] 开始评估方法: degreeTopM, 种子数: 30
2026-03-08 20:46:51,723 - INFO - [Process 3569112] 开始评估方法: pageRank, 种子数: 30
2026-03-08 20:46:51,730 - INFO - [Process 3569113] 开始评估方法: alpha_sort, 种子数: 30
2026-03-08 20:46:51,738 - INFO - [Process 3569114] 开始评估方法: ris_optimized, 种子数: 30
2026-03-08 20:46:51,744 - INFO - [Process 3569115] 开始评估方法: monterCarlo_CELF, 种子数: 30
2026-03-08 20:46:51,905 - INFO - [alpha_sort - 种子:30] 拉新:11.9人 | 总销量:12.3单 | 品牌曝光:44.3次 | 🌟综合得分:16.5
2026-03-08 20:46:52,579 - INFO - [random - 种子:30] 拉新:23.3人 | 总销量:24.4单 | 品牌曝光:119.3次 | 🌟综合得分:35.8
2026-03-08 20:46:52,674 - INFO - [pageRank - 种子:30] 拉新:24.5人 | 总销量:26.0单 | 品牌曝光:128.4次 | 🌟综合得分:38.1
2026-03-08 20:46:52,683 - INFO - [degreeTopM - 种子:30] 拉新:24.6人 | 总销量:26.3单 | 品牌曝光:129.8次 | 🌟综合得分:38.4
2026-03-08 20:46:52,745 - INFO - [ris_optimized - 种子:30] 拉新:26.1人 | 总销量:27.4单 | 品牌曝光:134.8次 | 🌟综合得分:40.2
2026-03-08 20:46:52,769 - INFO - [monterCarlo_CELF - 种子:30] 拉新:26.8人 | 总销量:27.9单 | 品牌曝光:137.7次 | 🌟综合得分:41.1
2026-03-08 20:46:52,786 - INFO - 所有进程执行完毕，开始写入数据...
2026-03-08 20:46:52,798 - INFO - 成功写入 6 条记录至 /home/wen/work/coup_spread/gzc-impl/results/network.netscience/2026-3-7/random_SSRNum-50000-_seedNum-30_simuTimes-500.csv
2026-03-08 20:46:52,799 - INFO - 保存评估文件至: /home/wen/work/coup_spread/gzc-impl/results/network.netscience/2026-3-7/random_SSRNum-50000-_seedNum-30_simuTimes-500.csv
2026-03-08 20:46:52,800 - INFO - 加载数据集: network.netscience
2026-03-08 20:46:52,801 - INFO - --- 矩阵分析 ---
2026-03-08 20:46:52,801 - INFO - 节点数 (N): 379
2026-03-08 20:46:52,801 - INFO - 边数 (E): 1828
2026-03-08 20:46:52,801 - INFO - 密度 (Density): 0.01272617 (越小越稀疏)
2026-03-08 20:46:52,802 - INFO - 稀疏度 (Sparsity): 0.98727383 (越接近1越稀疏)
2026-03-08 20:46:52,802 - INFO - 平均度数 (Avg Degree): 4.82
2026-03-08 20:46:52,802 - INFO - >>> 正在注入完美对抗属性（验证三条定理）...
2026-03-08 20:46:52,806 - INFO - 首次生成种子集 random
2026-03-08 20:46:52,806 - INFO - 执行当前算法开始: random
2026-03-08 20:46:52,807 - INFO - 数据集节点总数:  n = 379, m = 40
2026-03-08 20:46:52,807 - INFO - 选择 40  [328, 203, 161, 177, 355, 256, 253, 184, 359, 27, 304, 26, 293, 238, 195, 74, 136, 334, 241, 140, 160, 17, 9, 179, 277, 201, 341, 259, 149, 38, 232, 297, 112, 373, 164, 23, 59, 217, 3, 235]

2026-03-08 20:46:52,807 - INFO - 当前用时 0.00 秒
2026-03-08 20:46:52,807 - INFO - 将种子集 写入位置: /home/wen/work/coup_spread/network.netscience/2026-3-7/seeds-with-network.netscience/random_random_seedNum-40_SSRNum-50000.txt
2026-03-08 20:46:52,807 - INFO - 首次生成种子集 degreeTopM
2026-03-08 20:46:52,807 - INFO - 执行当前算法开始: degreeTopM
2026-03-08 20:46:52,807 - INFO - 依据: 选择连接数（度数）最多的节点。
2026-03-08 20:46:52,807 - INFO - 选择的 Top M 节点及其度数:
2026-03-08 20:46:52,808 - INFO - 
2026-03-08 20:46:52,808 - INFO - 当前用时 0.00 秒
2026-03-08 20:46:52,808 - INFO - 将种子集 写入位置: /home/wen/work/coup_spread/network.netscience/2026-3-7/seeds-with-network.netscience/random_degreeTopM_seedNum-40_SSRNum-50000.txt
2026-03-08 20:46:52,808 - INFO - 首次生成种子集 pageRank
2026-03-08 20:46:52,808 - INFO - 执行当前算法开始: pageRank
2026-03-08 20:46:52,809 - INFO - --- Running: PageRank (on tranProMatrix) Top M ---
2026-03-08 20:46:52,820 - INFO - Selected PageRank seeds: [58, 3, 4, 119, 72, 5, 142, 106, 53, 219, 189, 107, 13, 41, 187, 7, 44, 92, 94, 173, 62, 95, 167, 96, 118, 75, 8, 123, 235, 234, 113, 180, 217, 11, 0, 76, 232, 124, 233, 46]
2026-03-08 20:46:52,820 - INFO - 当前用时 0.01 秒
2026-03-08 20:46:52,820 - INFO - 将种子集 写入位置: /home/wen/work/coup_spread/network.netscience/2026-3-7/seeds-with-network.netscience/random_pageRank_seedNum-40_SSRNum-50000.txt
2026-03-08 20:46:52,820 - INFO - 首次生成种子集 alpha_sort
2026-03-08 20:46:52,820 - INFO - 执行当前算法开始: alpha_sort
2026-03-08 20:46:52,821 - INFO - 379 个节点的alpha值降序排序 done
2026-03-08 20:46:52,821 - INFO - ==============>> [(305, np.float64(0.3)), (306, np.float64(0.3)), (307, np.float64(0.3)), (308, np.float64(0.3)), (309, np.float64(0.3)), (310, np.float64(0.3)), (311, np.float64(0.3)), (312, np.float64(0.3)), (313, np.float64(0.3)), (314, np.float64(0.3))]
2026-03-08 20:46:52,821 - INFO - 
选择的种子集 (按alpha排序): [305, 306, 307, 308, 309, 310, 311, 312, 313, 314, 315, 316, 317, 318, 319, 320, 321, 322, 323, 324, 325, 326, 327, 328, 329, 330, 331, 332, 333, 334, 335, 336, 337, 338, 339, 340, 341, 0, 1, 2]

2026-03-08 20:46:52,821 - INFO - 当前用时 0.00 秒
2026-03-08 20:46:52,821 - INFO - 将种子集 写入位置: /home/wen/work/coup_spread/network.netscience/2026-3-7/seeds-with-network.netscience/random_alpha_sort_seedNum-40_SSRNum-50000.txt
2026-03-08 20:46:52,821 - INFO - 首次生成种子集 ris_optimized
2026-03-08 20:46:52,821 - INFO - 执行当前算法开始: ris_optimized
2026-03-08 20:46:52,823 - INFO - 图初始化完成，节点数: 379，当前模式: 优化采样
2026-03-08 20:46:52,823 - INFO - 开始生成 50000 组多重RR-Set...
2026-03-08 20:46:56,389 - INFO - 生成完毕。耗时: 3.57 秒。
2026-03-08 20:46:56,395 - INFO - 开始基于多重RR集贪心选择最优种子...
2026-03-08 20:46:56,959 - INFO - 选种完毕。耗时: 0.56 秒。估算范围: 29.25
2026-03-08 20:46:57,120 - INFO - 当前用时 4.30 秒
2026-03-08 20:46:57,120 - INFO - 将种子集 写入位置: /home/wen/work/coup_spread/network.netscience/2026-3-7/seeds-with-network.netscience/random_ris_optimized_seedNum-40_SSRNum-50000.txt
2026-03-08 20:46:57,120 - INFO - 首次生成种子集 monterCarlo_CELF
2026-03-08 20:46:57,120 - INFO - 执行当前算法开始: monterCarlo_CELF
2026-03-08 20:46:57,120 - INFO - --- Running: CELF Greedy Monte Carlo (Sims=100) ---
2026-03-08 20:46:57,121 - INFO - Step 0: 初始化所有节点的边际增益...
2026-03-08 20:46:59,314 - INFO - Seed 1: 70, Spread: 0.99
2026-03-08 20:46:59,655 - INFO - Seed 2: 278, Gain: 0.96, Total: 1.95
2026-03-08 20:47:00,219 - INFO - Seed 3: 247, Gain: 0.95, Total: 2.90
2026-03-08 20:47:00,884 - INFO - Seed 4: 205, Gain: 0.94, Total: 3.84
2026-03-08 20:47:01,603 - INFO - Seed 5: 181, Gain: 0.99, Total: 4.83
2026-03-08 20:47:03,963 - INFO - Seed 6: 170, Gain: 0.94, Total: 5.77
2026-03-08 20:47:05,662 - INFO - Seed 7: 264, Gain: 0.92, Total: 6.69
2026-03-08 20:47:05,715 - INFO - Seed 8: 298, Gain: 0.94, Total: 7.63
2026-03-08 20:47:06,071 - INFO - Seed 9: 13, Gain: 1.00, Total: 8.63
2026-03-08 20:47:14,781 - INFO - Seed 10: 110, Gain: 0.85, Total: 9.48
2026-03-08 20:47:14,852 - INFO - Seed 11: 271, Gain: 0.86, Total: 10.34
2026-03-08 20:47:14,925 - INFO - Seed 12: 78, Gain: 0.89, Total: 11.23
2026-03-08 20:47:15,100 - INFO - Seed 13: 208, Gain: 0.97, Total: 12.20
2026-03-08 20:47:15,187 - INFO - Seed 14: 74, Gain: 0.85, Total: 13.05
2026-03-08 20:47:15,769 - INFO - Seed 15: 119, Gain: 0.84, Total: 13.89
2026-03-08 20:47:16,290 - INFO - Seed 16: 67, Gain: 0.84, Total: 14.73
2026-03-08 20:47:16,613 - INFO - Seed 17: 51, Gain: 0.93, Total: 15.66
2026-03-08 20:47:16,835 - INFO - Seed 18: 60, Gain: 0.84, Total: 16.50
2026-03-08 20:47:17,320 - INFO - Seed 19: 241, Gain: 0.94, Total: 17.44
2026-03-08 20:47:23,372 - INFO - Seed 20: 244, Gain: 0.80, Total: 18.24
2026-03-08 20:47:24,287 - INFO - Seed 21: 27, Gain: 0.83, Total: 19.07
2026-03-08 20:47:24,985 - INFO - Seed 22: 291, Gain: 0.83, Total: 19.90
2026-03-08 20:47:25,137 - INFO - Seed 23: 210, Gain: 0.79, Total: 20.69
2026-03-08 20:47:25,598 - INFO - Seed 24: 281, Gain: 1.19, Total: 21.88
2026-03-08 20:47:28,419 - INFO - Seed 25: 242, Gain: 0.78, Total: 22.66
2026-03-08 20:47:28,746 - INFO - Seed 26: 24, Gain: 0.94, Total: 23.60
2026-03-08 20:47:33,835 - INFO - Seed 27: 83, Gain: 0.76, Total: 24.36
2026-03-08 20:47:35,908 - INFO - Seed 28: 218, Gain: 0.75, Total: 25.11
2026-03-08 20:47:36,626 - INFO - Seed 29: 257, Gain: 0.93, Total: 26.04
2026-03-08 20:47:37,186 - INFO - Seed 30: 96, Gain: 0.87, Total: 26.91
2026-03-08 20:47:37,777 - INFO - Seed 31: 294, Gain: 0.92, Total: 27.83
2026-03-08 20:47:41,560 - INFO - Seed 32: 169, Gain: 0.71, Total: 28.54
2026-03-08 20:47:41,969 - INFO - Seed 33: 114, Gain: 0.91, Total: 29.45
2026-03-08 20:47:43,022 - INFO - Seed 34: 35, Gain: 0.80, Total: 30.25
2026-03-08 20:47:46,338 - INFO - Seed 35: 250, Gain: 0.73, Total: 30.98
2026-03-08 20:47:46,997 - INFO - Seed 36: 144, Gain: 0.70, Total: 31.68
2026-03-08 20:47:47,221 - INFO - Seed 37: 56, Gain: 0.92, Total: 32.60
2026-03-08 20:47:48,874 - INFO - Seed 38: 231, Gain: 0.74, Total: 33.34
2026-03-08 20:47:49,598 - INFO - Seed 39: 150, Gain: 0.71, Total: 34.05
2026-03-08 20:47:49,845 - INFO - Seed 40: 48, Gain: 0.84, Total: 34.89
2026-03-08 20:47:49,845 - INFO - CELF 完成，总耗时: 52.72s
2026-03-08 20:47:49,846 - INFO - 当前用时 52.73 秒
2026-03-08 20:47:49,846 - INFO - 将种子集 写入位置: /home/wen/work/coup_spread/network.netscience/2026-3-7/seeds-with-network.netscience/random_monterCarlo_CELF_seedNum-40_SSRNum-50000.txt
2026-03-08 20:47:49,846 - INFO - 评估种子集: None
2026-03-08 20:47:49,846 - INFO - 多进程评估开始，共有 6 个方法待评估...
2026-03-08 20:47:49,846 - INFO - 启动进程池，Worker数量: 6
2026-03-08 20:47:49,895 - INFO - [Process 3569996] 开始评估方法: random, 种子数: 40
2026-03-08 20:47:49,910 - INFO - [Process 3569997] 开始评估方法: degreeTopM, 种子数: 40
2026-03-08 20:47:49,924 - INFO - [Process 3569998] 开始评估方法: pageRank, 种子数: 40
2026-03-08 20:47:49,938 - INFO - [Process 3569999] 开始评估方法: alpha_sort, 种子数: 40
2026-03-08 20:47:49,953 - INFO - [Process 3570000] 开始评估方法: ris_optimized, 种子数: 40
2026-03-08 20:47:49,967 - INFO - [Process 3570001] 开始评估方法: monterCarlo_CELF, 种子数: 40
2026-03-08 20:47:50,245 - INFO - [alpha_sort - 种子:40] 拉新:17.2人 | 总销量:18.0单 | 品牌曝光:68.0次 | 🌟综合得分:24.4
2026-03-08 20:47:51,051 - INFO - [random - 种子:40] 拉新:30.0人 | 总销量:32.0单 | 品牌曝光:159.4次 | 🌟综合得分:46.9
2026-03-08 20:47:51,183 - INFO - [pageRank - 种子:40] 拉新:31.5人 | 总销量:34.1单 | 品牌曝光:171.1次 | 🌟综合得分:49.9
2026-03-08 20:47:51,213 - INFO - [degreeTopM - 种子:40] 拉新:31.9人 | 总销量:34.9单 | 品牌曝光:175.6次 | 🌟综合得分:51.0
2026-03-08 20:47:51,307 - INFO - [ris_optimized - 种子:40] 拉新:33.9人 | 总销量:36.4单 | 品牌曝光:182.1次 | 🌟综合得分:53.3
2026-03-08 20:47:51,336 - INFO - [monterCarlo_CELF - 种子:40] 拉新:35.0人 | 总销量:36.8单 | 品牌曝光:184.9次 | 🌟综合得分:54.4
2026-03-08 20:47:51,352 - INFO - 所有进程执行完毕，开始写入数据...
2026-03-08 20:47:51,365 - INFO - 成功写入 6 条记录至 /home/wen/work/coup_spread/gzc-impl/results/network.netscience/2026-3-7/random_SSRNum-50000-_seedNum-40_simuTimes-500.csv
2026-03-08 20:47:51,365 - INFO - 保存评估文件至: /home/wen/work/coup_spread/gzc-impl/results/network.netscience/2026-3-7/random_SSRNum-50000-_seedNum-40_simuTimes-500.csv
2026-03-08 20:47:51,367 - INFO - 加载数据集: network.netscience
2026-03-08 20:47:51,368 - INFO - --- 矩阵分析 ---
2026-03-08 20:47:51,368 - INFO - 节点数 (N): 379
2026-03-08 20:47:51,368 - INFO - 边数 (E): 1828
2026-03-08 20:47:51,368 - INFO - 密度 (Density): 0.01272617 (越小越稀疏)
2026-03-08 20:47:51,368 - INFO - 稀疏度 (Sparsity): 0.98727383 (越接近1越稀疏)
2026-03-08 20:47:51,368 - INFO - 平均度数 (Avg Degree): 4.82
2026-03-08 20:47:51,369 - INFO - >>> 正在注入完美对抗属性（验证三条定理）...
2026-03-08 20:47:51,373 - INFO - 首次生成种子集 random
2026-03-08 20:47:51,373 - INFO - 执行当前算法开始: random
2026-03-08 20:47:51,373 - INFO - 数据集节点总数:  n = 379, m = 50
2026-03-08 20:47:51,373 - INFO - 选择 50  [376, 270, 308, 203, 6, 131, 52, 374, 305, 320, 273, 43, 338, 240, 159, 312, 124, 294, 184, 350, 283, 343, 213, 146, 284, 22, 36, 4, 113, 340, 92, 286, 151, 323, 99, 285, 168, 196, 140, 66, 237, 172, 163, 72, 1, 207, 77, 197, 199, 201]

2026-03-08 20:47:51,373 - INFO - 当前用时 0.00 秒
2026-03-08 20:47:51,374 - INFO - 将种子集 写入位置: /home/wen/work/coup_spread/network.netscience/2026-3-7/seeds-with-network.netscience/random_random_seedNum-50_SSRNum-50000.txt
2026-03-08 20:47:51,374 - INFO - 首次生成种子集 degreeTopM
2026-03-08 20:47:51,374 - INFO - 执行当前算法开始: degreeTopM
2026-03-08 20:47:51,374 - INFO - 依据: 选择连接数（度数）最多的节点。
2026-03-08 20:47:51,374 - INFO - 选择的 Top M 节点及其度数:
2026-03-08 20:47:51,374 - INFO - 
2026-03-08 20:47:51,374 - INFO - 当前用时 0.00 秒
2026-03-08 20:47:51,375 - INFO - 将种子集 写入位置: /home/wen/work/coup_spread/network.netscience/2026-3-7/seeds-with-network.netscience/random_degreeTopM_seedNum-50_SSRNum-50000.txt
2026-03-08 20:47:51,375 - INFO - 首次生成种子集 pageRank
2026-03-08 20:47:51,375 - INFO - 执行当前算法开始: pageRank
2026-03-08 20:47:51,375 - INFO - --- Running: PageRank (on tranProMatrix) Top M ---
2026-03-08 20:47:51,387 - INFO - Selected PageRank seeds: [58, 3, 4, 119, 72, 5, 142, 106, 53, 219, 189, 107, 13, 41, 187, 7, 44, 92, 94, 173, 62, 95, 167, 96, 118, 75, 8, 123, 235, 234, 113, 180, 217, 11, 0, 76, 232, 124, 233, 46, 20, 140, 329, 52, 156, 87, 362, 122, 268, 74]
2026-03-08 20:47:51,387 - INFO - 当前用时 0.01 秒
2026-03-08 20:47:51,387 - INFO - 将种子集 写入位置: /home/wen/work/coup_spread/network.netscience/2026-3-7/seeds-with-network.netscience/random_pageRank_seedNum-50_SSRNum-50000.txt
2026-03-08 20:47:51,388 - INFO - 首次生成种子集 alpha_sort
2026-03-08 20:47:51,388 - INFO - 执行当前算法开始: alpha_sort
2026-03-08 20:47:51,388 - INFO - 379 个节点的alpha值降序排序 done
2026-03-08 20:47:51,388 - INFO - ==============>> [(305, np.float64(0.3)), (306, np.float64(0.3)), (307, np.float64(0.3)), (308, np.float64(0.3)), (309, np.float64(0.3)), (310, np.float64(0.3)), (311, np.float64(0.3)), (312, np.float64(0.3)), (313, np.float64(0.3)), (314, np.float64(0.3))]
2026-03-08 20:47:51,388 - INFO - 
选择的种子集 (按alpha排序): [305, 306, 307, 308, 309, 310, 311, 312, 313, 314, 315, 316, 317, 318, 319, 320, 321, 322, 323, 324, 325, 326, 327, 328, 329, 330, 331, 332, 333, 334, 335, 336, 337, 338, 339, 340, 341, 0, 1, 2, 3, 4, 5, 6, 7, 8, 9, 10, 11, 12]

2026-03-08 20:47:51,388 - INFO - 当前用时 0.00 秒
2026-03-08 20:47:51,388 - INFO - 将种子集 写入位置: /home/wen/work/coup_spread/network.netscience/2026-3-7/seeds-with-network.netscience/random_alpha_sort_seedNum-50_SSRNum-50000.txt
2026-03-08 20:47:51,388 - INFO - 首次生成种子集 ris_optimized
2026-03-08 20:47:51,388 - INFO - 执行当前算法开始: ris_optimized
2026-03-08 20:47:51,391 - INFO - 图初始化完成，节点数: 379，当前模式: 优化采样
2026-03-08 20:47:51,391 - INFO - 开始生成 50000 组多重RR-Set...
2026-03-08 20:47:56,868 - INFO - 生成完毕。耗时: 5.48 秒。
2026-03-08 20:47:56,879 - INFO - 开始基于多重RR集贪心选择最优种子...
2026-03-08 20:47:57,593 - INFO - 选种完毕。耗时: 0.71 秒。估算范围: 36.21
2026-03-08 20:47:57,783 - INFO - 当前用时 6.39 秒
2026-03-08 20:47:57,783 - INFO - 将种子集 写入位置: /home/wen/work/coup_spread/network.netscience/2026-3-7/seeds-with-network.netscience/random_ris_optimized_seedNum-50_SSRNum-50000.txt
2026-03-08 20:47:57,783 - INFO - 首次生成种子集 monterCarlo_CELF
2026-03-08 20:47:57,783 - INFO - 执行当前算法开始: monterCarlo_CELF
2026-03-08 20:47:57,783 - INFO - --- Running: CELF Greedy Monte Carlo (Sims=100) ---
2026-03-08 20:47:57,783 - INFO - Step 0: 初始化所有节点的边际增益...
2026-03-08 20:47:59,981 - INFO - Seed 1: 155, Spread: 1.00
2026-03-08 20:48:00,557 - INFO - Seed 2: 266, Gain: 0.95, Total: 1.95
2026-03-08 20:48:00,725 - INFO - Seed 3: 70, Gain: 0.95, Total: 2.90
2026-03-08 20:48:00,809 - INFO - Seed 4: 103, Gain: 1.00, Total: 3.90
2026-03-08 20:48:02,197 - INFO - Seed 5: 214, Gain: 0.95, Total: 4.85
2026-03-08 20:48:05,134 - INFO - Seed 6: 78, Gain: 0.92, Total: 5.77
2026-03-08 20:48:06,970 - INFO - Seed 7: 166, Gain: 0.96, Total: 6.73
2026-03-08 20:48:09,591 - INFO - Seed 8: 262, Gain: 0.88, Total: 7.61
2026-03-08 20:48:09,944 - INFO - Seed 9: 297, Gain: 0.95, Total: 8.56
2026-03-08 20:48:10,137 - INFO - Seed 10: 140, Gain: 0.92, Total: 9.48
2026-03-08 20:48:10,914 - INFO - Seed 11: 122, Gain: 0.93, Total: 10.41
2026-03-08 20:48:13,293 - INFO - Seed 12: 73, Gain: 0.96, Total: 11.37
2026-03-08 20:48:16,215 - INFO - Seed 13: 242, Gain: 0.83, Total: 12.20
2026-03-08 20:48:16,831 - INFO - Seed 14: 119, Gain: 0.90, Total: 13.10
2026-03-08 20:48:18,091 - INFO - Seed 15: 86, Gain: 0.86, Total: 13.96
2026-03-08 20:48:18,598 - INFO - Seed 16: 208, Gain: 1.00, Total: 14.96
2026-03-08 20:48:21,869 - INFO - Seed 17: 27, Gain: 0.82, Total: 15.78
2026-03-08 20:48:22,106 - INFO - Seed 18: 167, Gain: 0.83, Total: 16.61
2026-03-08 20:48:22,700 - INFO - Seed 19: 238, Gain: 0.84, Total: 17.45
2026-03-08 20:48:26,104 - INFO - Seed 20: 123, Gain: 0.89, Total: 18.34
2026-03-08 20:48:26,246 - INFO - Seed 21: 110, Gain: 0.82, Total: 19.16
2026-03-08 20:48:27,332 - INFO - Seed 22: 128, Gain: 0.80, Total: 19.96
2026-03-08 20:48:27,903 - INFO - Seed 23: 255, Gain: 0.82, Total: 20.78
2026-03-08 20:48:28,358 - INFO - Seed 24: 134, Gain: 0.96, Total: 21.74
2026-03-08 20:48:30,560 - INFO - Seed 25: 226, Gain: 0.92, Total: 22.66
2026-03-08 20:48:32,170 - INFO - Seed 26: 201, Gain: 0.79, Total: 23.45
2026-03-08 20:48:37,400 - INFO - Seed 27: 28, Gain: 0.75, Total: 24.20
2026-03-08 20:48:37,913 - INFO - Seed 28: 34, Gain: 0.89, Total: 25.09
2026-03-08 20:48:39,174 - INFO - Seed 29: 6, Gain: 0.78, Total: 25.87
2026-03-08 20:48:39,749 - INFO - Seed 30: 112, Gain: 0.86, Total: 26.73
2026-03-08 20:48:39,945 - INFO - Seed 31: 237, Gain: 0.75, Total: 27.48
2026-03-08 20:48:40,149 - INFO - Seed 32: 268, Gain: 1.01, Total: 28.49
2026-03-08 20:48:40,759 - INFO - Seed 33: 164, Gain: 0.80, Total: 29.29
2026-03-08 20:48:42,222 - INFO - Seed 34: 245, Gain: 0.83, Total: 30.12
2026-03-08 20:48:46,371 - INFO - Seed 35: 51, Gain: 0.76, Total: 30.88
2026-03-08 20:48:47,928 - INFO - Seed 36: 209, Gain: 0.73, Total: 31.61
2026-03-08 20:48:48,851 - INFO - Seed 37: 104, Gain: 0.71, Total: 32.32
2026-03-08 20:48:49,561 - INFO - Seed 38: 246, Gain: 0.78, Total: 33.10
2026-03-08 20:48:49,810 - INFO - Seed 39: 168, Gain: 0.71, Total: 33.81
2026-03-08 20:48:50,052 - INFO - Seed 40: 274, Gain: 1.29, Total: 35.10
2026-03-08 20:48:57,419 - INFO - Seed 41: 178, Gain: 1.11, Total: 36.21
2026-03-08 20:49:25,532 - INFO - Seed 42: 109, Gain: 0.65, Total: 36.86
2026-03-08 20:49:29,265 - INFO - Seed 43: 120, Gain: 0.59, Total: 37.45
2026-03-08 20:49:30,083 - INFO - Seed 44: 1, Gain: 0.62, Total: 38.07
2026-03-08 20:49:30,362 - INFO - Seed 45: 67, Gain: 0.79, Total: 38.86
2026-03-08 20:49:32,631 - INFO - Seed 46: 295, Gain: 0.69, Total: 39.55
2026-03-08 20:49:32,921 - INFO - Seed 47: 25, Gain: 0.55, Total: 40.10
2026-03-08 20:49:33,512 - INFO - Seed 48: 280, Gain: 0.79, Total: 40.89
2026-03-08 20:49:33,810 - INFO - Seed 49: 65, Gain: 0.60, Total: 41.49
2026-03-08 20:49:34,132 - INFO - Seed 50: 10, Gain: 0.82, Total: 42.31
2026-03-08 20:49:34,132 - INFO - CELF 完成，总耗时: 96.35s
2026-03-08 20:49:34,132 - INFO - 当前用时 96.35 秒
2026-03-08 20:49:34,132 - INFO - 将种子集 写入位置: /home/wen/work/coup_spread/network.netscience/2026-3-7/seeds-with-network.netscience/random_monterCarlo_CELF_seedNum-50_SSRNum-50000.txt
2026-03-08 20:49:34,132 - INFO - 评估种子集: None
2026-03-08 20:49:34,133 - INFO - 多进程评估开始，共有 6 个方法待评估...
2026-03-08 20:49:34,133 - INFO - 启动进程池，Worker数量: 6
2026-03-08 20:49:34,180 - INFO - [Process 3571531] 开始评估方法: random, 种子数: 50
2026-03-08 20:49:34,189 - INFO - [Process 3571532] 开始评估方法: degreeTopM, 种子数: 50
2026-03-08 20:49:34,197 - INFO - [Process 3571533] 开始评估方法: pageRank, 种子数: 50
2026-03-08 20:49:34,204 - INFO - [Process 3571534] 开始评估方法: alpha_sort, 种子数: 50
2026-03-08 20:49:34,214 - INFO - [Process 3571535] 开始评估方法: ris_optimized, 种子数: 50
2026-03-08 20:49:34,222 - INFO - [Process 3571536] 开始评估方法: monterCarlo_CELF, 种子数: 50
2026-03-08 20:49:34,862 - INFO - [alpha_sort - 种子:50] 拉新:24.9人 | 总销量:27.0单 | 品牌曝光:114.8次 | 🌟综合得分:37.4
2026-03-08 20:49:35,444 - INFO - [random - 种子:50] 拉新:35.2人 | 总销量:36.9单 | 品牌曝光:183.0次 | 🌟综合得分:54.4
2026-03-08 20:49:35,673 - INFO - [pageRank - 种子:50] 拉新:38.1人 | 总销量:41.4单 | 品牌曝光:206.5次 | 🌟综合得分:60.4
2026-03-08 20:49:35,739 - INFO - [degreeTopM - 种子:50] 拉新:38.8人 | 总销量:42.8单 | 品牌曝光:214.6次 | 🌟综合得分:62.3
2026-03-08 20:49:35,867 - INFO - [ris_optimized - 种子:50] 拉新:42.1人 | 总销量:45.3单 | 品牌曝光:226.3次 | 🌟综合得分:66.4
2026-03-08 20:49:35,930 - INFO - [monterCarlo_CELF - 种子:50] 拉新:42.5人 | 总销量:45.9单 | 品牌曝光:229.1次 | 🌟综合得分:67.1
2026-03-08 20:49:35,947 - INFO - 所有进程执行完毕，开始写入数据...
2026-03-08 20:49:35,960 - INFO - 成功写入 6 条记录至 /home/wen/work/coup_spread/gzc-impl/results/network.netscience/2026-3-7/random_SSRNum-50000-_seedNum-50_simuTimes-500.csv
2026-03-08 20:49:35,961 - INFO - 保存评估文件至: /home/wen/work/coup_spread/gzc-impl/results/network.netscience/2026-3-7/random_SSRNum-50000-_seedNum-50_simuTimes-500.csv
2026-03-08 20:49:35,964 - INFO - 加载数据集: network.netscience
2026-03-08 20:49:35,966 - INFO - --- 矩阵分析 ---
2026-03-08 20:49:35,966 - INFO - 节点数 (N): 379
2026-03-08 20:49:35,966 - INFO - 边数 (E): 1828
2026-03-08 20:49:35,966 - INFO - 密度 (Density): 0.01272617 (越小越稀疏)
2026-03-08 20:49:35,966 - INFO - 稀疏度 (Sparsity): 0.98727383 (越接近1越稀疏)
2026-03-08 20:49:35,966 - INFO - 平均度数 (Avg Degree): 4.82
2026-03-08 20:49:35,966 - INFO - >>> 正在注入完美对抗属性（验证三条定理）...
2026-03-08 20:49:35,970 - INFO - 首次生成种子集 random
2026-03-08 20:49:35,970 - INFO - 执行当前算法开始: random
2026-03-08 20:49:35,970 - INFO - 数据集节点总数:  n = 379, m = 60
2026-03-08 20:49:35,970 - INFO - 选择 60  [106, 292, 45, 306, 194, 133, 17, 181, 116, 346, 63, 111, 186, 303, 150, 195, 260, 92, 79, 206, 259, 354, 49, 76, 251, 270, 217, 358, 377, 216, 69, 178, 123, 355, 193, 102, 61, 246, 210, 127, 122, 301, 179, 298, 88, 207, 67, 68, 317, 232, 180, 95, 265, 366, 164, 327, 162, 90, 104, 26]

2026-03-08 20:49:35,970 - INFO - 当前用时 0.00 秒
2026-03-08 20:49:35,971 - INFO - 将种子集 写入位置: /home/wen/work/coup_spread/network.netscience/2026-3-7/seeds-with-network.netscience/random_random_seedNum-60_SSRNum-50000.txt
2026-03-08 20:49:35,971 - INFO - 首次生成种子集 degreeTopM
2026-03-08 20:49:35,971 - INFO - 执行当前算法开始: degreeTopM
2026-03-08 20:49:35,971 - INFO - 依据: 选择连接数（度数）最多的节点。
2026-03-08 20:49:35,971 - INFO - 选择的 Top M 节点及其度数:
2026-03-08 20:49:35,971 - INFO - 
2026-03-08 20:49:35,971 - INFO - 当前用时 0.00 秒
2026-03-08 20:49:35,972 - INFO - 将种子集 写入位置: /home/wen/work/coup_spread/network.netscience/2026-3-7/seeds-with-network.netscience/random_degreeTopM_seedNum-60_SSRNum-50000.txt
2026-03-08 20:49:35,972 - INFO - 首次生成种子集 pageRank
2026-03-08 20:49:35,972 - INFO - 执行当前算法开始: pageRank
2026-03-08 20:49:35,972 - INFO - --- Running: PageRank (on tranProMatrix) Top M ---
2026-03-08 20:49:35,983 - INFO - Selected PageRank seeds: [58, 3, 4, 119, 72, 5, 142, 106, 53, 219, 189, 107, 13, 41, 187, 7, 44, 92, 94, 173, 62, 95, 167, 96, 118, 75, 8, 123, 235, 234, 113, 180, 217, 11, 0, 76, 232, 124, 233, 46, 20, 140, 329, 52, 156, 87, 362, 122, 268, 74, 126, 81, 252, 249, 250, 295, 14, 320, 204, 201]
2026-03-08 20:49:35,984 - INFO - 当前用时 0.01 秒
2026-03-08 20:49:35,984 - INFO - 将种子集 写入位置: /home/wen/work/coup_spread/network.netscience/2026-3-7/seeds-with-network.netscience/random_pageRank_seedNum-60_SSRNum-50000.txt
2026-03-08 20:49:35,984 - INFO - 首次生成种子集 alpha_sort
2026-03-08 20:49:35,984 - INFO - 执行当前算法开始: alpha_sort
2026-03-08 20:49:35,984 - INFO - 379 个节点的alpha值降序排序 done
2026-03-08 20:49:35,984 - INFO - ==============>> [(305, np.float64(0.3)), (306, np.float64(0.3)), (307, np.float64(0.3)), (308, np.float64(0.3)), (309, np.float64(0.3)), (310, np.float64(0.3)), (311, np.float64(0.3)), (312, np.float64(0.3)), (313, np.float64(0.3)), (314, np.float64(0.3))]
2026-03-08 20:49:35,984 - INFO - 
选择的种子集 (按alpha排序): [305, 306, 307, 308, 309, 310, 311, 312, 313, 314, 315, 316, 317, 318, 319, 320, 321, 322, 323, 324, 325, 326, 327, 328, 329, 330, 331, 332, 333, 334, 335, 336, 337, 338, 339, 340, 341, 0, 1, 2, 3, 4, 5, 6, 7, 8, 9, 10, 11, 12, 13, 14, 15, 16, 17, 18, 19, 20, 21, 22]

2026-03-08 20:49:35,984 - INFO - 当前用时 0.00 秒
2026-03-08 20:49:35,984 - INFO - 将种子集 写入位置: /home/wen/work/coup_spread/network.netscience/2026-3-7/seeds-with-network.netscience/random_alpha_sort_seedNum-60_SSRNum-50000.txt
2026-03-08 20:49:35,984 - INFO - 首次生成种子集 ris_optimized
2026-03-08 20:49:35,984 - INFO - 执行当前算法开始: ris_optimized
2026-03-08 20:49:35,987 - INFO - 图初始化完成，节点数: 379，当前模式: 优化采样
2026-03-08 20:49:35,987 - INFO - 开始生成 50000 组多重RR-Set...
2026-03-08 20:49:41,535 - INFO - 生成完毕。耗时: 5.55 秒。
2026-03-08 20:49:41,545 - INFO - 开始基于多重RR集贪心选择最优种子...
2026-03-08 20:49:42,417 - INFO - 选种完毕。耗时: 0.87 秒。估算范围: 42.76
2026-03-08 20:49:42,648 - INFO - 当前用时 6.66 秒
2026-03-08 20:49:42,648 - INFO - 将种子集 写入位置: /home/wen/work/coup_spread/network.netscience/2026-3-7/seeds-with-network.netscience/random_ris_optimized_seedNum-60_SSRNum-50000.txt
2026-03-08 20:49:42,648 - INFO - 首次生成种子集 monterCarlo_CELF
2026-03-08 20:49:42,648 - INFO - 执行当前算法开始: monterCarlo_CELF
2026-03-08 20:49:42,649 - INFO - --- Running: CELF Greedy Monte Carlo (Sims=100) ---
2026-03-08 20:49:42,649 - INFO - Step 0: 初始化所有节点的边际增益...
2026-03-08 20:49:44,854 - INFO - Seed 1: 148, Spread: 0.99
2026-03-08 20:49:45,185 - INFO - Seed 2: 255, Gain: 0.96, Total: 1.95
2026-03-08 20:49:46,142 - INFO - Seed 3: 260, Gain: 0.95, Total: 2.90
2026-03-08 20:49:46,221 - INFO - Seed 4: 275, Gain: 0.97, Total: 3.87
2026-03-08 20:49:48,051 - INFO - Seed 5: 245, Gain: 0.99, Total: 4.86
2026-03-08 20:49:49,131 - INFO - Seed 6: 182, Gain: 0.93, Total: 5.79
2026-03-08 20:49:49,538 - INFO - Seed 7: 71, Gain: 0.92, Total: 6.71
2026-03-08 20:49:49,587 - INFO - Seed 8: 154, Gain: 0.93, Total: 7.64
2026-03-08 20:49:50,140 - INFO - Seed 9: 27, Gain: 0.93, Total: 8.57
2026-03-08 20:49:50,929 - INFO - Seed 10: 209, Gain: 0.93, Total: 9.50
2026-03-08 20:49:51,155 - INFO - Seed 11: 237, Gain: 0.93, Total: 10.43
2026-03-08 20:49:52,477 - INFO - Seed 12: 55, Gain: 0.93, Total: 11.36
2026-03-08 20:49:52,561 - INFO - Seed 13: 65, Gain: 0.91, Total: 12.27
2026-03-08 20:49:53,467 - INFO - Seed 14: 132, Gain: 0.89, Total: 13.16
2026-03-08 20:49:54,808 - INFO - Seed 15: 224, Gain: 0.95, Total: 14.11
2026-03-08 20:49:55,731 - INFO - Seed 16: 10, Gain: 0.92, Total: 15.03
2026-03-08 20:50:01,858 - INFO - Seed 17: 108, Gain: 0.87, Total: 15.90
2026-03-08 20:50:02,197 - INFO - Seed 18: 246, Gain: 0.86, Total: 16.76
2026-03-08 20:50:02,320 - INFO - Seed 19: 70, Gain: 0.95, Total: 17.71
2026-03-08 20:50:09,217 - INFO - Seed 20: 230, Gain: 0.84, Total: 18.55
2026-03-08 20:50:13,522 - INFO - Seed 21: 38, Gain: 0.84, Total: 19.39
2026-03-08 20:50:15,473 - INFO - Seed 22: 91, Gain: 0.83, Total: 20.22
2026-03-08 20:50:15,611 - INFO - Seed 23: 28, Gain: 0.87, Total: 21.09
2026-03-08 20:50:16,372 - INFO - Seed 24: 284, Gain: 0.80, Total: 21.89
2026-03-08 20:50:18,892 - INFO - Seed 25: 104, Gain: 0.79, Total: 22.68
2026-03-08 20:50:19,389 - INFO - Seed 26: 217, Gain: 0.99, Total: 23.67
2026-03-08 20:50:20,418 - INFO - Seed 27: 120, Gain: 0.94, Total: 24.61
2026-03-08 20:50:26,877 - INFO - Seed 28: 64, Gain: 0.75, Total: 25.36
2026-03-08 20:50:27,978 - INFO - Seed 29: 281, Gain: 0.73, Total: 26.09
2026-03-08 20:50:28,351 - INFO - Seed 30: 2, Gain: 0.82, Total: 26.91
2026-03-08 20:50:28,737 - INFO - Seed 31: 160, Gain: 0.84, Total: 27.75
2026-03-08 20:50:28,939 - INFO - Seed 32: 35, Gain: 0.95, Total: 28.70
2026-03-08 20:50:30,825 - INFO - Seed 33: 144, Gain: 0.98, Total: 29.68
2026-03-08 20:50:33,152 - INFO - Seed 34: 253, Gain: 0.71, Total: 30.39
2026-03-08 20:50:33,595 - INFO - Seed 35: 203, Gain: 0.73, Total: 31.12
2026-03-08 20:50:34,051 - INFO - Seed 36: 175, Gain: 0.76, Total: 31.88
2026-03-08 20:50:34,288 - INFO - Seed 37: 68, Gain: 0.88, Total: 32.76
2026-03-08 20:50:34,524 - INFO - Seed 38: 271, Gain: 0.99, Total: 33.75
2026-03-08 20:50:34,764 - INFO - Seed 39: 190, Gain: 0.85, Total: 34.60
2026-03-08 20:50:36,517 - INFO - Seed 40: 232, Gain: 0.91, Total: 35.51
2026-03-08 20:50:44,705 - INFO - Seed 41: 236, Gain: 0.82, Total: 36.33
2026-03-08 20:50:49,710 - INFO - Seed 42: 147, Gain: 0.65, Total: 36.98
2026-03-08 20:50:54,289 - INFO - Seed 43: 84, Gain: 0.70, Total: 37.68
2026-03-08 20:50:55,383 - INFO - Seed 44: 241, Gain: 0.70, Total: 38.38
2026-03-08 20:50:57,620 - INFO - Seed 45: 300, Gain: 0.80, Total: 39.18
2026-03-08 20:50:58,197 - INFO - Seed 46: 207, Gain: 0.65, Total: 39.83
2026-03-08 20:50:58,481 - INFO - Seed 47: 119, Gain: 0.79, Total: 40.62
2026-03-08 20:50:59,082 - INFO - Seed 48: 54, Gain: 0.64, Total: 41.26
2026-03-08 20:50:59,386 - INFO - Seed 49: 123, Gain: 0.77, Total: 42.03
2026-03-08 20:50:59,701 - INFO - Seed 50: 59, Gain: 0.71, Total: 42.74
2026-03-08 20:51:00,022 - INFO - Seed 51: 287, Gain: 0.86, Total: 43.60
2026-03-08 20:51:00,360 - INFO - Seed 52: 299, Gain: 0.99, Total: 44.59
2026-03-08 20:51:02,362 - INFO - Seed 53: 23, Gain: 0.68, Total: 45.27
2026-03-08 20:51:02,699 - INFO - Seed 54: 294, Gain: 0.75, Total: 46.02
2026-03-08 20:51:03,738 - INFO - Seed 55: 14, Gain: 1.00, Total: 47.02
2026-03-08 20:51:06,888 - INFO - Seed 56: 179, Gain: 0.68, Total: 47.70
2026-03-08 20:51:07,241 - INFO - Seed 57: 180, Gain: 0.94, Total: 48.64
2026-03-08 20:51:17,352 - INFO - Seed 58: 178, Gain: 0.53, Total: 49.17
2026-03-08 20:51:17,725 - INFO - Seed 59: 44, Gain: 0.81, Total: 49.98
2026-03-08 20:51:21,083 - INFO - Seed 60: 291, Gain: 0.84, Total: 50.82
2026-03-08 20:51:21,083 - INFO - CELF 完成，总耗时: 98.43s
2026-03-08 20:51:21,083 - INFO - 当前用时 98.43 秒
2026-03-08 20:51:21,083 - INFO - 将种子集 写入位置: /home/wen/work/coup_spread/network.netscience/2026-3-7/seeds-with-network.netscience/random_monterCarlo_CELF_seedNum-60_SSRNum-50000.txt
2026-03-08 20:51:21,084 - INFO - 评估种子集: None
2026-03-08 20:51:21,084 - INFO - 多进程评估开始，共有 6 个方法待评估...
2026-03-08 20:51:21,084 - INFO - 启动进程池，Worker数量: 6
2026-03-08 20:51:21,135 - INFO - [Process 3573144] 开始评估方法: random, 种子数: 60
2026-03-08 20:51:21,145 - INFO - [Process 3573145] 开始评估方法: degreeTopM, 种子数: 60
2026-03-08 20:51:21,153 - INFO - [Process 3573146] 开始评估方法: pageRank, 种子数: 60
2026-03-08 20:51:21,161 - INFO - [Process 3573147] 开始评估方法: alpha_sort, 种子数: 60
2026-03-08 20:51:21,171 - INFO - [Process 3573148] 开始评估方法: ris_optimized, 种子数: 60
2026-03-08 20:51:21,179 - INFO - [Process 3573149] 开始评估方法: monterCarlo_CELF, 种子数: 60
2026-03-08 20:51:22,091 - INFO - [alpha_sort - 种子:60] 拉新:31.1人 | 总销量:35.4单 | 品牌曝光:153.4次 | 🌟综合得分:48.6
2026-03-08 20:51:22,751 - INFO - [random - 种子:60] 拉新:43.9人 | 总销量:47.4单 | 品牌曝光:236.4次 | 🌟综合得分:69.3
2026-03-08 20:51:22,938 - INFO - [pageRank - 种子:60] 拉新:44.8人 | 总销量:49.5单 | 品牌曝光:245.4次 | 🌟综合得分:71.7
2026-03-08 20:51:22,994 - INFO - [degreeTopM - 种子:60] 拉新:44.6人 | 总销量:50.6单 | 品牌曝光:253.0次 | 🌟综合得分:72.9
2026-03-08 20:51:23,176 - INFO - [ris_optimized - 种子:60] 拉新:49.8人 | 总销量:54.6单 | 品牌曝光:271.0次 | 🌟综合得分:79.3
2026-03-08 20:51:23,197 - INFO - [monterCarlo_CELF - 种子:60] 拉新:50.2人 | 总销量:55.0单 | 品牌曝光:273.4次 | 🌟综合得分:80.0
2026-03-08 20:51:23,215 - INFO - 所有进程执行完毕，开始写入数据...
2026-03-08 20:51:23,228 - INFO - 成功写入 6 条记录至 /home/wen/work/coup_spread/gzc-impl/results/network.netscience/2026-3-7/random_SSRNum-50000-_seedNum-60_simuTimes-500.csv
2026-03-08 20:51:23,229 - INFO - 保存评估文件至: /home/wen/work/coup_spread/gzc-impl/results/network.netscience/2026-3-7/random_SSRNum-50000-_seedNum-60_simuTimes-500.csv
2026-03-08 20:51:23,234 - INFO - 加载数据集: network.netscience
2026-03-08 20:51:23,234 - INFO - --- 矩阵分析 ---
2026-03-08 20:51:23,235 - INFO - 节点数 (N): 379
2026-03-08 20:51:23,235 - INFO - 边数 (E): 1828
2026-03-08 20:51:23,235 - INFO - 密度 (Density): 0.01272617 (越小越稀疏)
2026-03-08 20:51:23,235 - INFO - 稀疏度 (Sparsity): 0.98727383 (越接近1越稀疏)
2026-03-08 20:51:23,235 - INFO - 平均度数 (Avg Degree): 4.82
2026-03-08 20:51:23,235 - INFO - >>> 正在注入完美对抗属性（验证三条定理）...
2026-03-08 20:51:23,239 - INFO - 首次生成种子集 random
2026-03-08 20:51:23,239 - INFO - 执行当前算法开始: random
2026-03-08 20:51:23,239 - INFO - 数据集节点总数:  n = 379, m = 70
2026-03-08 20:51:23,239 - INFO - 选择 70  [347, 318, 286, 305, 145, 133, 130, 32, 188, 298, 245, 14, 230, 218, 192, 172, 110, 141, 134, 265, 19, 348, 368, 154, 206, 88, 257, 251, 191, 149, 83, 10, 344, 165, 207, 256, 44, 313, 69, 148, 100, 7, 61, 166, 233, 309, 353, 231, 48, 81, 102, 363, 213, 214, 42, 296, 97, 12, 255, 131, 86, 201, 254, 113, 115, 294, 112, 362, 159, 316]

2026-03-08 20:51:23,240 - INFO - 当前用时 0.00 秒
2026-03-08 20:51:23,240 - INFO - 将种子集 写入位置: /home/wen/work/coup_spread/network.netscience/2026-3-7/seeds-with-network.netscience/random_random_seedNum-70_SSRNum-50000.txt
2026-03-08 20:51:23,240 - INFO - 首次生成种子集 degreeTopM
2026-03-08 20:51:23,240 - INFO - 执行当前算法开始: degreeTopM
2026-03-08 20:51:23,240 - INFO - 依据: 选择连接数（度数）最多的节点。
2026-03-08 20:51:23,240 - INFO - 选择的 Top M 节点及其度数:
2026-03-08 20:51:23,240 - INFO - 
2026-03-08 20:51:23,241 - INFO - 当前用时 0.00 秒
2026-03-08 20:51:23,241 - INFO - 将种子集 写入位置: /home/wen/work/coup_spread/network.netscience/2026-3-7/seeds-with-network.netscience/random_degreeTopM_seedNum-70_SSRNum-50000.txt
2026-03-08 20:51:23,241 - INFO - 首次生成种子集 pageRank
2026-03-08 20:51:23,241 - INFO - 执行当前算法开始: pageRank
2026-03-08 20:51:23,241 - INFO - --- Running: PageRank (on tranProMatrix) Top M ---
2026-03-08 20:51:23,252 - INFO - Selected PageRank seeds: [58, 3, 4, 119, 72, 5, 142, 106, 53, 219, 189, 107, 13, 41, 187, 7, 44, 92, 94, 173, 62, 95, 167, 96, 118, 75, 8, 123, 235, 234, 113, 180, 217, 11, 0, 76, 232, 124, 233, 46, 20, 140, 329, 52, 156, 87, 362, 122, 268, 74, 126, 81, 252, 249, 250, 295, 14, 320, 204, 201, 267, 209, 127, 188, 258, 259, 200, 178, 193, 216]
2026-03-08 20:51:23,252 - INFO - 当前用时 0.01 秒
2026-03-08 20:51:23,253 - INFO - 将种子集 写入位置: /home/wen/work/coup_spread/network.netscience/2026-3-7/seeds-with-network.netscience/random_pageRank_seedNum-70_SSRNum-50000.txt
2026-03-08 20:51:23,253 - INFO - 首次生成种子集 alpha_sort
2026-03-08 20:51:23,253 - INFO - 执行当前算法开始: alpha_sort
2026-03-08 20:51:23,253 - INFO - 379 个节点的alpha值降序排序 done
2026-03-08 20:51:23,253 - INFO - ==============>> [(305, np.float64(0.3)), (306, np.float64(0.3)), (307, np.float64(0.3)), (308, np.float64(0.3)), (309, np.float64(0.3)), (310, np.float64(0.3)), (311, np.float64(0.3)), (312, np.float64(0.3)), (313, np.float64(0.3)), (314, np.float64(0.3))]
2026-03-08 20:51:23,253 - INFO - 
选择的种子集 (按alpha排序): [305, 306, 307, 308, 309, 310, 311, 312, 313, 314, 315, 316, 317, 318, 319, 320, 321, 322, 323, 324, 325, 326, 327, 328, 329, 330, 331, 332, 333, 334, 335, 336, 337, 338, 339, 340, 341, 0, 1, 2, 3, 4, 5, 6, 7, 8, 9, 10, 11, 12, 13, 14, 15, 16, 17, 18, 19, 20, 21, 22, 23, 24, 25, 26, 27, 28, 29, 30, 31, 32]

2026-03-08 20:51:23,253 - INFO - 当前用时 0.00 秒
2026-03-08 20:51:23,253 - INFO - 将种子集 写入位置: /home/wen/work/coup_spread/network.netscience/2026-3-7/seeds-with-network.netscience/random_alpha_sort_seedNum-70_SSRNum-50000.txt
2026-03-08 20:51:23,254 - INFO - 首次生成种子集 ris_optimized
2026-03-08 20:51:23,254 - INFO - 执行当前算法开始: ris_optimized
2026-03-08 20:51:23,256 - INFO - 图初始化完成，节点数: 379，当前模式: 优化采样
2026-03-08 20:51:23,256 - INFO - 开始生成 50000 组多重RR-Set...
2026-03-08 20:51:30,052 - INFO - 生成完毕。耗时: 6.80 秒。
2026-03-08 20:51:30,061 - INFO - 开始基于多重RR集贪心选择最优种子...
2026-03-08 20:51:31,126 - INFO - 选种完毕。耗时: 1.06 秒。估算范围: 49.10
2026-03-08 20:51:31,384 - INFO - 当前用时 8.13 秒
2026-03-08 20:51:31,384 - INFO - 将种子集 写入位置: /home/wen/work/coup_spread/network.netscience/2026-3-7/seeds-with-network.netscience/random_ris_optimized_seedNum-70_SSRNum-50000.txt
2026-03-08 20:51:31,385 - INFO - 首次生成种子集 monterCarlo_CELF
2026-03-08 20:51:31,385 - INFO - 执行当前算法开始: monterCarlo_CELF
2026-03-08 20:51:31,385 - INFO - --- Running: CELF Greedy Monte Carlo (Sims=100) ---
2026-03-08 20:51:31,385 - INFO - Step 0: 初始化所有节点的边际增益...
2026-03-08 20:51:33,624 - INFO - Seed 1: 55, Spread: 0.99
2026-03-08 20:51:33,974 - INFO - Seed 2: 249, Gain: 0.96, Total: 1.95
2026-03-08 20:51:34,519 - INFO - Seed 3: 261, Gain: 0.95, Total: 2.90
2026-03-08 20:51:35,051 - INFO - Seed 4: 153, Gain: 0.95, Total: 3.85
2026-03-08 20:51:36,284 - INFO - Seed 5: 206, Gain: 0.93, Total: 4.78
2026-03-08 20:51:36,442 - INFO - Seed 6: 103, Gain: 0.96, Total: 5.74
2026-03-08 20:51:37,097 - INFO - Seed 7: 138, Gain: 0.95, Total: 6.69
2026-03-08 20:51:38,598 - INFO - Seed 8: 23, Gain: 0.96, Total: 7.65
2026-03-08 20:51:41,358 - INFO - Seed 9: 258, Gain: 0.93, Total: 8.58
2026-03-08 20:51:48,122 - INFO - Seed 10: 174, Gain: 0.87, Total: 9.45
2026-03-08 20:51:49,396 - INFO - Seed 11: 170, Gain: 0.89, Total: 10.34
2026-03-08 20:51:49,553 - INFO - Seed 12: 68, Gain: 0.90, Total: 11.24
2026-03-08 20:51:52,058 - INFO - Seed 13: 232, Gain: 0.85, Total: 12.09
2026-03-08 20:51:54,785 - INFO - Seed 14: 223, Gain: 0.86, Total: 12.95
2026-03-08 20:51:55,076 - INFO - Seed 15: 267, Gain: 0.99, Total: 13.94
2026-03-08 20:51:55,175 - INFO - Seed 16: 8, Gain: 0.81, Total: 14.75
2026-03-08 20:51:56,388 - INFO - Seed 17: 109, Gain: 0.83, Total: 15.58
2026-03-08 20:51:56,502 - INFO - Seed 18: 52, Gain: 0.94, Total: 16.52
2026-03-08 20:51:56,989 - INFO - Seed 19: 25, Gain: 0.89, Total: 17.41
2026-03-08 20:51:57,116 - INFO - Seed 20: 288, Gain: 0.87, Total: 18.28
2026-03-08 20:51:57,657 - INFO - Seed 21: 278, Gain: 0.90, Total: 19.18
2026-03-08 20:52:03,606 - INFO - Seed 22: 282, Gain: 0.81, Total: 19.99
2026-03-08 20:52:04,485 - INFO - Seed 23: 93, Gain: 0.79, Total: 20.78
2026-03-08 20:52:04,945 - INFO - Seed 24: 186, Gain: 0.89, Total: 21.67
2026-03-08 20:52:06,845 - INFO - Seed 25: 54, Gain: 0.75, Total: 22.42
2026-03-08 20:52:07,499 - INFO - Seed 26: 137, Gain: 0.93, Total: 23.35
2026-03-08 20:52:08,539 - INFO - Seed 27: 214, Gain: 0.80, Total: 24.15
2026-03-08 20:52:08,716 - INFO - Seed 28: 73, Gain: 0.79, Total: 24.94
2026-03-08 20:52:09,651 - INFO - Seed 29: 87, Gain: 0.80, Total: 25.74
2026-03-08 20:52:12,501 - INFO - Seed 30: 60, Gain: 0.78, Total: 26.52
2026-03-08 20:52:12,884 - INFO - Seed 31: 159, Gain: 0.77, Total: 27.29
2026-03-08 20:52:13,087 - INFO - Seed 32: 172, Gain: 0.79, Total: 28.08
2026-03-08 20:52:13,300 - INFO - Seed 33: 270, Gain: 0.83, Total: 28.91
2026-03-08 20:52:13,508 - INFO - Seed 34: 24, Gain: 0.76, Total: 29.67
2026-03-08 20:52:13,727 - INFO - Seed 35: 297, Gain: 0.83, Total: 30.50
2026-03-08 20:52:14,175 - INFO - Seed 36: 187, Gain: 0.83, Total: 31.33
2026-03-08 20:52:14,407 - INFO - Seed 37: 62, Gain: 0.75, Total: 32.08
2026-03-08 20:52:14,888 - INFO - Seed 38: 49, Gain: 0.73, Total: 32.81
2026-03-08 20:52:15,859 - INFO - Seed 39: 128, Gain: 1.00, Total: 33.81
2026-03-08 20:52:16,113 - INFO - Seed 40: 237, Gain: 0.74, Total: 34.55
2026-03-08 20:52:16,366 - INFO - Seed 41: 140, Gain: 0.81, Total: 35.36
2026-03-08 20:52:16,890 - INFO - Seed 42: 179, Gain: 0.88, Total: 36.24
2026-03-08 20:52:17,158 - INFO - Seed 43: 141, Gain: 0.77, Total: 37.01
2026-03-08 20:52:17,702 - INFO - Seed 44: 283, Gain: 0.72, Total: 37.73
2026-03-08 20:52:17,979 - INFO - Seed 45: 79, Gain: 0.74, Total: 38.47
2026-03-08 20:52:18,540 - INFO - Seed 46: 294, Gain: 0.97, Total: 39.44
2026-03-08 20:52:19,706 - INFO - Seed 47: 19, Gain: 0.82, Total: 40.26
2026-03-08 20:52:22,386 - INFO - Seed 48: 77, Gain: 0.72, Total: 40.98
2026-03-08 20:52:23,585 - INFO - Seed 49: 254, Gain: 0.93, Total: 41.91
2026-03-08 20:52:24,210 - INFO - Seed 50: 44, Gain: 0.87, Total: 42.78
2026-03-08 20:52:38,028 - INFO - Seed 51: 245, Gain: 0.67, Total: 43.45
2026-03-08 20:52:39,627 - INFO - Seed 52: 292, Gain: 0.96, Total: 44.41
2026-03-08 20:52:43,250 - INFO - Seed 53: 290, Gain: 0.68, Total: 45.09
2026-03-08 20:52:50,580 - INFO - Seed 54: 21, Gain: 0.75, Total: 45.84
2026-03-08 20:53:08,273 - INFO - Seed 55: 15, Gain: 0.59, Total: 46.43
2026-03-08 20:53:09,979 - INFO - Seed 56: 110, Gain: 0.59, Total: 47.02
2026-03-08 20:53:11,375 - INFO - Seed 57: 264, Gain: 0.90, Total: 47.92
2026-03-08 20:53:14,574 - INFO - Seed 58: 105, Gain: 0.64, Total: 48.56
2026-03-08 20:53:14,937 - INFO - Seed 59: 13, Gain: 0.84, Total: 49.40
2026-03-08 20:53:16,051 - INFO - Seed 60: 207, Gain: 0.58, Total: 49.98
2026-03-08 20:53:18,256 - INFO - Seed 61: 145, Gain: 0.63, Total: 50.61
2026-03-08 20:53:18,999 - INFO - Seed 62: 119, Gain: 0.78, Total: 51.39
2026-03-08 20:53:19,796 - INFO - Seed 63: 129, Gain: 0.65, Total: 52.04
2026-03-08 20:53:20,577 - INFO - Seed 64: 1, Gain: 0.67, Total: 52.71
2026-03-08 20:53:20,986 - INFO - Seed 65: 244, Gain: 0.91, Total: 53.62
2026-03-08 20:53:21,790 - INFO - Seed 66: 143, Gain: 0.63, Total: 54.25
2026-03-08 20:53:22,596 - INFO - Seed 67: 39, Gain: 0.59, Total: 54.84
2026-03-08 20:53:23,007 - INFO - Seed 68: 71, Gain: 0.77, Total: 55.61
2026-03-08 20:53:23,844 - INFO - Seed 69: 142, Gain: 0.88, Total: 56.49
2026-03-08 20:53:25,986 - INFO - Seed 70: 75, Gain: 0.64, Total: 57.13
2026-03-08 20:53:25,986 - INFO - CELF 完成，总耗时: 114.60s
2026-03-08 20:53:25,986 - INFO - 当前用时 114.60 秒
2026-03-08 20:53:25,986 - INFO - 将种子集 写入位置: /home/wen/work/coup_spread/network.netscience/2026-3-7/seeds-with-network.netscience/random_monterCarlo_CELF_seedNum-70_SSRNum-50000.txt
2026-03-08 20:53:25,987 - INFO - 评估种子集: None
2026-03-08 20:53:25,987 - INFO - 多进程评估开始，共有 6 个方法待评估...
2026-03-08 20:53:25,987 - INFO - 启动进程池，Worker数量: 6
2026-03-08 20:53:26,036 - INFO - [Process 3575288] 开始评估方法: random, 种子数: 70
2026-03-08 20:53:26,047 - INFO - [Process 3575289] 开始评估方法: degreeTopM, 种子数: 70
2026-03-08 20:53:26,054 - INFO - [Process 3575290] 开始评估方法: pageRank, 种子数: 70
2026-03-08 20:53:26,062 - INFO - [Process 3575291] 开始评估方法: alpha_sort, 种子数: 70
2026-03-08 20:53:26,071 - INFO - [Process 3575292] 开始评估方法: ris_optimized, 种子数: 70
2026-03-08 20:53:26,078 - INFO - [Process 3575293] 开始评估方法: monterCarlo_CELF, 种子数: 70
2026-03-08 20:53:27,317 - INFO - [alpha_sort - 种子:70] 拉新:36.2人 | 总销量:44.3单 | 品牌曝光:198.5次 | 🌟综合得分:60.1
2026-03-08 20:53:27,917 - INFO - [random - 种子:70] 拉新:49.1人 | 总销量:53.5单 | 品牌曝光:268.3次 | 🌟综合得分:78.2
2026-03-08 20:53:28,112 - INFO - [pageRank - 种子:70] 拉新:52.2人 | 总销量:58.3单 | 品牌曝光:290.0次 | 🌟综合得分:84.3
2026-03-08 20:53:28,193 - INFO - [degreeTopM - 种子:70] 拉新:51.0人 | 总销量:59.5单 | 品牌曝光:298.4次 | 🌟综合得分:85.1
2026-03-08 20:53:28,380 - INFO - [ris_optimized - 种子:70] 拉新:57.2人 | 总销量:63.3单 | 品牌曝光:315.4次 | 🌟综合得分:91.8
2026-03-08 20:53:28,388 - INFO - [monterCarlo_CELF - 种子:70] 拉新:57.0人 | 总销量:63.6单 | 品牌曝光:317.3次 | 🌟综合得分:92.1
2026-03-08 20:53:28,406 - INFO - 所有进程执行完毕，开始写入数据...
2026-03-08 20:53:28,420 - INFO - 成功写入 6 条记录至 /home/wen/work/coup_spread/gzc-impl/results/network.netscience/2026-3-7/random_SSRNum-50000-_seedNum-70_simuTimes-500.csv
2026-03-08 20:53:28,420 - INFO - 保存评估文件至: /home/wen/work/coup_spread/gzc-impl/results/network.netscience/2026-3-7/random_SSRNum-50000-_seedNum-70_simuTimes-500.csv
2026-03-08 20:53:28,425 - INFO - 加载数据集: network.netscience
2026-03-08 20:53:28,425 - INFO - --- 矩阵分析 ---
2026-03-08 20:53:28,426 - INFO - 节点数 (N): 379
2026-03-08 20:53:28,426 - INFO - 边数 (E): 1828
2026-03-08 20:53:28,426 - INFO - 密度 (Density): 0.01272617 (越小越稀疏)
2026-03-08 20:53:28,426 - INFO - 稀疏度 (Sparsity): 0.98727383 (越接近1越稀疏)
2026-03-08 20:53:28,426 - INFO - 平均度数 (Avg Degree): 4.82
2026-03-08 20:53:28,426 - INFO - >>> 正在注入完美对抗属性（验证三条定理）...
2026-03-08 20:53:28,430 - INFO - 首次生成种子集 random
2026-03-08 20:53:28,430 - INFO - 执行当前算法开始: random
2026-03-08 20:53:28,430 - INFO - 数据集节点总数:  n = 379, m = 80
2026-03-08 20:53:28,431 - INFO - 选择 80  [83, 221, 323, 163, 148, 365, 34, 264, 282, 0, 189, 60, 47, 312, 56, 109, 101, 105, 370, 102, 95, 249, 280, 216, 137, 134, 349, 270, 131, 217, 165, 144, 65, 46, 279, 230, 293, 147, 278, 185, 57, 68, 220, 169, 123, 45, 229, 358, 14, 211, 374, 334, 111, 10, 160, 59, 364, 244, 214, 126, 178, 263, 307, 361, 40, 308, 271, 135, 44, 289, 113, 2, 50, 63, 212, 145, 175, 252, 181, 32]

2026-03-08 20:53:28,431 - INFO - 当前用时 0.00 秒
2026-03-08 20:53:28,431 - INFO - 将种子集 写入位置: /home/wen/work/coup_spread/network.netscience/2026-3-7/seeds-with-network.netscience/random_random_seedNum-80_SSRNum-50000.txt
2026-03-08 20:53:28,431 - INFO - 首次生成种子集 degreeTopM
2026-03-08 20:53:28,431 - INFO - 执行当前算法开始: degreeTopM
2026-03-08 20:53:28,431 - INFO - 依据: 选择连接数（度数）最多的节点。
2026-03-08 20:53:28,432 - INFO - 选择的 Top M 节点及其度数:
2026-03-08 20:53:28,432 - INFO - 
2026-03-08 20:53:28,432 - INFO - 当前用时 0.00 秒
2026-03-08 20:53:28,432 - INFO - 将种子集 写入位置: /home/wen/work/coup_spread/network.netscience/2026-3-7/seeds-with-network.netscience/random_degreeTopM_seedNum-80_SSRNum-50000.txt
2026-03-08 20:53:28,432 - INFO - 首次生成种子集 pageRank
2026-03-08 20:53:28,432 - INFO - 执行当前算法开始: pageRank
2026-03-08 20:53:28,432 - INFO - --- Running: PageRank (on tranProMatrix) Top M ---
2026-03-08 20:53:28,443 - INFO - Selected PageRank seeds: [58, 3, 4, 119, 72, 5, 142, 106, 53, 219, 189, 107, 13, 41, 187, 7, 44, 92, 94, 173, 62, 95, 167, 96, 118, 75, 8, 123, 235, 234, 113, 180, 217, 11, 0, 76, 232, 124, 233, 46, 20, 140, 329, 52, 156, 87, 362, 122, 268, 74, 126, 81, 252, 249, 250, 295, 14, 320, 204, 201, 267, 209, 127, 188, 258, 259, 200, 178, 193, 216, 162, 163, 225, 69, 280, 40, 42, 286, 198, 369]
2026-03-08 20:53:28,444 - INFO - 当前用时 0.01 秒
2026-03-08 20:53:28,444 - INFO - 将种子集 写入位置: /home/wen/work/coup_spread/network.netscience/2026-3-7/seeds-with-network.netscience/random_pageRank_seedNum-80_SSRNum-50000.txt
2026-03-08 20:53:28,444 - INFO - 首次生成种子集 alpha_sort
2026-03-08 20:53:28,444 - INFO - 执行当前算法开始: alpha_sort
2026-03-08 20:53:28,444 - INFO - 379 个节点的alpha值降序排序 done
2026-03-08 20:53:28,444 - INFO - ==============>> [(305, np.float64(0.3)), (306, np.float64(0.3)), (307, np.float64(0.3)), (308, np.float64(0.3)), (309, np.float64(0.3)), (310, np.float64(0.3)), (311, np.float64(0.3)), (312, np.float64(0.3)), (313, np.float64(0.3)), (314, np.float64(0.3))]
2026-03-08 20:53:28,444 - INFO - 
选择的种子集 (按alpha排序): [305, 306, 307, 308, 309, 310, 311, 312, 313, 314, 315, 316, 317, 318, 319, 320, 321, 322, 323, 324, 325, 326, 327, 328, 329, 330, 331, 332, 333, 334, 335, 336, 337, 338, 339, 340, 341, 0, 1, 2, 3, 4, 5, 6, 7, 8, 9, 10, 11, 12, 13, 14, 15, 16, 17, 18, 19, 20, 21, 22, 23, 24, 25, 26, 27, 28, 29, 30, 31, 32, 33, 34, 35, 36, 37, 38, 39, 40, 41, 42]

2026-03-08 20:53:28,444 - INFO - 当前用时 0.00 秒
2026-03-08 20:53:28,444 - INFO - 将种子集 写入位置: /home/wen/work/coup_spread/network.netscience/2026-3-7/seeds-with-network.netscience/random_alpha_sort_seedNum-80_SSRNum-50000.txt
2026-03-08 20:53:28,444 - INFO - 首次生成种子集 ris_optimized
2026-03-08 20:53:28,444 - INFO - 执行当前算法开始: ris_optimized
2026-03-08 20:53:28,447 - INFO - 图初始化完成，节点数: 379，当前模式: 优化采样
2026-03-08 20:53:28,447 - INFO - 开始生成 50000 组多重RR-Set...
2026-03-08 20:53:35,324 - INFO - 生成完毕。耗时: 6.88 秒。
2026-03-08 20:53:35,331 - INFO - 开始基于多重RR集贪心选择最优种子...
2026-03-08 20:53:36,521 - INFO - 选种完毕。耗时: 1.19 秒。估算范围: 55.86
2026-03-08 20:53:36,819 - INFO - 当前用时 8.37 秒
2026-03-08 20:53:36,820 - INFO - 将种子集 写入位置: /home/wen/work/coup_spread/network.netscience/2026-3-7/seeds-with-network.netscience/random_ris_optimized_seedNum-80_SSRNum-50000.txt
2026-03-08 20:53:36,820 - INFO - 首次生成种子集 monterCarlo_CELF
2026-03-08 20:53:36,820 - INFO - 执行当前算法开始: monterCarlo_CELF
2026-03-08 20:53:36,820 - INFO - --- Running: CELF Greedy Monte Carlo (Sims=100) ---
2026-03-08 20:53:36,820 - INFO - Step 0: 初始化所有节点的边际增益...
2026-03-08 20:53:38,993 - INFO - Seed 1: 148, Spread: 1.00
2026-03-08 20:53:40,060 - INFO - Seed 2: 295, Gain: 0.94, Total: 1.94
2026-03-08 20:53:40,243 - INFO - Seed 3: 61, Gain: 0.97, Total: 2.91
2026-03-08 20:53:40,595 - INFO - Seed 4: 205, Gain: 0.94, Total: 3.85
2026-03-08 20:53:41,083 - INFO - Seed 5: 297, Gain: 0.93, Total: 4.78
2026-03-08 20:53:42,858 - INFO - Seed 6: 91, Gain: 0.93, Total: 5.71
2026-03-08 20:53:43,327 - INFO - Seed 7: 271, Gain: 0.96, Total: 6.67
2026-03-08 20:53:45,156 - INFO - Seed 8: 246, Gain: 0.93, Total: 7.60
2026-03-08 20:53:45,222 - INFO - Seed 9: 109, Gain: 0.96, Total: 8.56
2026-03-08 20:53:46,217 - INFO - Seed 10: 176, Gain: 0.90, Total: 9.46
2026-03-08 20:53:47,143 - INFO - Seed 11: 69, Gain: 1.00, Total: 10.46
2026-03-08 20:53:48,793 - INFO - Seed 12: 263, Gain: 0.90, Total: 11.36
2026-03-08 20:53:48,878 - INFO - Seed 13: 254, Gain: 0.92, Total: 12.28
2026-03-08 20:53:56,368 - INFO - Seed 14: 178, Gain: 0.86, Total: 13.14
2026-03-08 20:53:57,455 - INFO - Seed 15: 239, Gain: 0.88, Total: 14.02
2026-03-08 20:53:58,167 - INFO - Seed 16: 132, Gain: 0.84, Total: 14.86
2026-03-08 20:53:58,489 - INFO - Seed 17: 276, Gain: 0.84, Total: 15.70
2026-03-08 20:53:59,066 - INFO - Seed 18: 140, Gain: 0.86, Total: 16.56
2026-03-08 20:53:59,446 - INFO - Seed 19: 210, Gain: 0.97, Total: 17.53
2026-03-08 20:53:59,575 - INFO - Seed 20: 34, Gain: 0.91, Total: 18.44
2026-03-08 20:53:59,980 - INFO - Seed 21: 298, Gain: 0.99, Total: 19.43
2026-03-08 20:54:07,893 - INFO - Seed 22: 199, Gain: 0.84, Total: 20.27
2026-03-08 20:54:09,780 - INFO - Seed 23: 228, Gain: 0.82, Total: 21.09
2026-03-08 20:54:09,939 - INFO - Seed 24: 244, Gain: 1.00, Total: 22.09
2026-03-08 20:54:10,098 - INFO - Seed 25: 55, Gain: 0.80, Total: 22.89
2026-03-08 20:54:12,440 - INFO - Seed 26: 290, Gain: 0.85, Total: 23.74
2026-03-08 20:54:12,610 - INFO - Seed 27: 9, Gain: 0.85, Total: 24.59
2026-03-08 20:54:13,128 - INFO - Seed 28: 129, Gain: 0.87, Total: 25.46
2026-03-08 20:54:14,435 - INFO - Seed 29: 288, Gain: 0.88, Total: 26.34
2026-03-08 20:54:15,378 - INFO - Seed 30: 253, Gain: 0.86, Total: 27.20
2026-03-08 20:54:18,325 - INFO - Seed 31: 237, Gain: 0.88, Total: 28.08
2026-03-08 20:54:19,335 - INFO - Seed 32: 226, Gain: 0.82, Total: 28.90
2026-03-08 20:54:25,998 - INFO - Seed 33: 266, Gain: 0.75, Total: 29.65
2026-03-08 20:54:28,999 - INFO - Seed 34: 51, Gain: 0.75, Total: 30.40
2026-03-08 20:54:30,320 - INFO - Seed 35: 222, Gain: 0.83, Total: 31.23
2026-03-08 20:54:30,777 - INFO - Seed 36: 156, Gain: 0.81, Total: 32.04
2026-03-08 20:54:32,425 - INFO - Seed 37: 139, Gain: 0.76, Total: 32.80
2026-03-08 20:54:32,664 - INFO - Seed 38: 183, Gain: 0.69, Total: 33.49
2026-03-08 20:54:33,400 - INFO - Seed 39: 171, Gain: 0.77, Total: 34.26
2026-03-08 20:54:33,650 - INFO - Seed 40: 123, Gain: 0.83, Total: 35.09
2026-03-08 20:54:33,909 - INFO - Seed 41: 94, Gain: 0.83, Total: 35.92
2026-03-08 20:54:34,434 - INFO - Seed 42: 75, Gain: 0.91, Total: 36.83
2026-03-08 20:54:34,705 - INFO - Seed 43: 22, Gain: 0.99, Total: 37.82
2026-03-08 20:54:41,344 - INFO - Seed 44: 213, Gain: 0.67, Total: 38.49
2026-03-08 20:54:42,218 - INFO - Seed 45: 13, Gain: 0.71, Total: 39.20
2026-03-08 20:54:42,502 - INFO - Seed 46: 96, Gain: 0.95, Total: 40.15
2026-03-08 20:54:42,796 - INFO - Seed 47: 64, Gain: 0.79, Total: 40.94
2026-03-08 20:54:43,094 - INFO - Seed 48: 160, Gain: 0.75, Total: 41.69
2026-03-08 20:54:43,402 - INFO - Seed 49: 133, Gain: 0.88, Total: 42.57
2026-03-08 20:54:44,661 - INFO - Seed 50: 216, Gain: 0.91, Total: 43.48
2026-03-08 20:54:46,604 - INFO - Seed 51: 261, Gain: 0.65, Total: 44.13
2026-03-08 20:54:53,145 - INFO - Seed 52: 48, Gain: 0.82, Total: 44.95
2026-03-08 20:54:59,106 - INFO - Seed 53: 26, Gain: 0.69, Total: 45.64
2026-03-08 20:54:59,770 - INFO - Seed 54: 264, Gain: 0.60, Total: 46.24
2026-03-08 20:55:00,820 - INFO - Seed 55: 219, Gain: 1.16, Total: 47.40
2026-03-08 20:55:20,847 - INFO - Seed 56: 36, Gain: 0.54, Total: 47.94
2026-03-08 20:55:21,203 - INFO - Seed 57: 180, Gain: 0.56, Total: 48.50
2026-03-08 20:55:21,938 - INFO - Seed 58: 211, Gain: 0.92, Total: 49.42
2026-03-08 20:55:22,690 - INFO - Seed 59: 31, Gain: 0.57, Total: 49.99
2026-03-08 20:55:24,918 - INFO - Seed 60: 68, Gain: 0.56, Total: 50.55
2026-03-08 20:55:25,295 - INFO - Seed 61: 54, Gain: 0.57, Total: 51.12
2026-03-08 20:55:25,690 - INFO - Seed 62: 53, Gain: 0.81, Total: 51.93
2026-03-08 20:55:26,082 - INFO - Seed 63: 122, Gain: 0.64, Total: 52.57
2026-03-08 20:55:27,288 - INFO - Seed 64: 56, Gain: 0.97, Total: 53.54
2026-03-08 20:55:28,097 - INFO - Seed 65: 300, Gain: 0.83, Total: 54.37
2026-03-08 20:55:29,744 - INFO - Seed 66: 155, Gain: 0.73, Total: 55.10
2026-03-08 20:55:33,955 - INFO - Seed 67: 196, Gain: 0.72, Total: 55.82
2026-03-08 20:55:39,895 - INFO - Seed 68: 100, Gain: 0.60, Total: 56.42
2026-03-08 20:55:40,751 - INFO - Seed 69: 231, Gain: 0.54, Total: 56.96
2026-03-08 20:55:42,511 - INFO - Seed 70: 102, Gain: 0.51, Total: 57.47
2026-03-08 20:55:42,960 - INFO - Seed 71: 105, Gain: 1.19, Total: 58.66
2026-03-08 20:55:43,414 - INFO - Seed 72: 328, Gain: 0.83, Total: 59.49
2026-03-08 20:56:02,756 - INFO - Seed 73: 281, Gain: 0.43, Total: 59.92
2026-03-08 20:56:05,055 - INFO - Seed 74: 296, Gain: 0.59, Total: 60.51
2026-03-08 20:56:05,510 - INFO - Seed 75: 1, Gain: 0.59, Total: 61.10
2026-03-08 20:56:05,974 - INFO - Seed 76: 95, Gain: 0.87, Total: 61.97
2026-03-08 20:56:10,691 - INFO - Seed 77: 212, Gain: 0.71, Total: 62.68
2026-03-08 20:56:14,563 - INFO - Seed 78: 174, Gain: 0.50, Total: 63.18
2026-03-08 20:56:15,059 - INFO - Seed 79: 275, Gain: 0.43, Total: 63.61
2026-03-08 20:56:16,533 - INFO - Seed 80: 192, Gain: 0.44, Total: 64.05
2026-03-08 20:56:16,533 - INFO - CELF 完成，总耗时: 159.71s
2026-03-08 20:56:16,533 - INFO - 当前用时 159.71 秒
2026-03-08 20:56:16,533 - INFO - 将种子集 写入位置: /home/wen/work/coup_spread/network.netscience/2026-3-7/seeds-with-network.netscience/random_monterCarlo_CELF_seedNum-80_SSRNum-50000.txt
2026-03-08 20:56:16,534 - INFO - 评估种子集: None
2026-03-08 20:56:16,534 - INFO - 多进程评估开始，共有 6 个方法待评估...
2026-03-08 20:56:16,534 - INFO - 启动进程池，Worker数量: 6
2026-03-08 20:56:16,588 - INFO - [Process 3577814] 开始评估方法: random, 种子数: 80
2026-03-08 20:56:16,598 - INFO - [Process 3577815] 开始评估方法: degreeTopM, 种子数: 80
2026-03-08 20:56:16,606 - INFO - [Process 3577816] 开始评估方法: pageRank, 种子数: 80
2026-03-08 20:56:16,614 - INFO - [Process 3577817] 开始评估方法: alpha_sort, 种子数: 80
2026-03-08 20:56:16,623 - INFO - [Process 3577818] 开始评估方法: ris_optimized, 种子数: 80
2026-03-08 20:56:16,631 - INFO - [Process 3577819] 开始评估方法: monterCarlo_CELF, 种子数: 80
2026-03-08 20:56:18,241 - INFO - [alpha_sort - 种子:80] 拉新:40.6人 | 总销量:52.2单 | 品牌曝光:239.9次 | 🌟综合得分:70.4
2026-03-08 20:56:18,834 - INFO - [random - 种子:80] 拉新:56.6人 | 总销量:62.9单 | 品牌曝光:314.8次 | 🌟综合得分:91.2
2026-03-08 20:56:18,937 - INFO - [pageRank - 种子:80] 拉新:57.5人 | 总销量:64.7单 | 品牌曝光:322.4次 | 🌟综合得分:93.3
2026-03-08 20:56:19,005 - INFO - [degreeTopM - 种子:80] 拉新:57.0人 | 总销量:66.8单 | 品牌曝光:333.7次 | 🌟综合得分:95.3
2026-03-08 20:56:19,129 - INFO - [ris_optimized - 种子:80] 拉新:63.7人 | 总销量:72.0单 | 品牌曝光:357.5次 | 🌟综合得分:103.6
2026-03-08 20:56:19,326 - INFO - [monterCarlo_CELF - 种子:80] 拉新:64.1人 | 总销量:73.1单 | 品牌曝光:363.7次 | 🌟综合得分:105.0
2026-03-08 20:56:19,350 - INFO - 所有进程执行完毕，开始写入数据...
2026-03-08 20:56:19,363 - INFO - 成功写入 6 条记录至 /home/wen/work/coup_spread/gzc-impl/results/network.netscience/2026-3-7/random_SSRNum-50000-_seedNum-80_simuTimes-500.csv
2026-03-08 20:56:19,363 - INFO - 保存评估文件至: /home/wen/work/coup_spread/gzc-impl/results/network.netscience/2026-3-7/random_SSRNum-50000-_seedNum-80_simuTimes-500.csv
2026-03-08 20:56:19,369 - INFO - 加载数据集: network.netscience
2026-03-08 20:56:19,370 - INFO - --- 矩阵分析 ---
2026-03-08 20:56:19,370 - INFO - 节点数 (N): 379
2026-03-08 20:56:19,370 - INFO - 边数 (E): 1828
2026-03-08 20:56:19,370 - INFO - 密度 (Density): 0.01272617 (越小越稀疏)
2026-03-08 20:56:19,371 - INFO - 稀疏度 (Sparsity): 0.98727383 (越接近1越稀疏)
2026-03-08 20:56:19,371 - INFO - 平均度数 (Avg Degree): 4.82
2026-03-08 20:56:19,371 - INFO - >>> 正在注入完美对抗属性（验证三条定理）...
2026-03-08 20:56:19,374 - INFO - 首次生成种子集 random
2026-03-08 20:56:19,374 - INFO - 执行当前算法开始: random
2026-03-08 20:56:19,375 - INFO - 数据集节点总数:  n = 379, m = 90
2026-03-08 20:56:19,375 - INFO - 选择 90  [242, 368, 275, 298, 12, 223, 173, 349, 23, 327, 262, 106, 214, 334, 195, 336, 359, 285, 238, 81, 78, 99, 302, 310, 161, 107, 291, 210, 86, 212, 354, 207, 235, 101, 114, 168, 347, 124, 370, 352, 177, 339, 13, 140, 287, 337, 4, 75, 243, 125, 271, 18, 261, 329, 15, 46, 71, 145, 280, 170, 311, 97, 217, 14, 372, 225, 281, 38, 31, 200, 326, 64, 345, 330, 160, 66, 48, 196, 19, 55, 320, 59, 219, 204, 9, 294, 377, 141, 98, 2]

2026-03-08 20:56:19,375 - INFO - 当前用时 0.00 秒
2026-03-08 20:56:19,375 - INFO - 将种子集 写入位置: /home/wen/work/coup_spread/network.netscience/2026-3-7/seeds-with-network.netscience/random_random_seedNum-90_SSRNum-50000.txt
2026-03-08 20:56:19,375 - INFO - 首次生成种子集 degreeTopM
2026-03-08 20:56:19,375 - INFO - 执行当前算法开始: degreeTopM
2026-03-08 20:56:19,375 - INFO - 依据: 选择连接数（度数）最多的节点。
2026-03-08 20:56:19,376 - INFO - 选择的 Top M 节点及其度数:
2026-03-08 20:56:19,376 - INFO - 
2026-03-08 20:56:19,376 - INFO - 当前用时 0.00 秒
2026-03-08 20:56:19,376 - INFO - 将种子集 写入位置: /home/wen/work/coup_spread/network.netscience/2026-3-7/seeds-with-network.netscience/random_degreeTopM_seedNum-90_SSRNum-50000.txt
2026-03-08 20:56:19,376 - INFO - 首次生成种子集 pageRank
2026-03-08 20:56:19,376 - INFO - 执行当前算法开始: pageRank
2026-03-08 20:56:19,376 - INFO - --- Running: PageRank (on tranProMatrix) Top M ---
2026-03-08 20:56:19,387 - INFO - Selected PageRank seeds: [58, 3, 4, 119, 72, 5, 142, 106, 53, 219, 189, 107, 13, 41, 187, 7, 44, 92, 94, 173, 62, 95, 167, 96, 118, 75, 8, 123, 235, 234, 113, 180, 217, 11, 0, 76, 232, 124, 233, 46, 20, 140, 329, 52, 156, 87, 362, 122, 268, 74, 126, 81, 252, 249, 250, 295, 14, 320, 204, 201, 267, 209, 127, 188, 258, 259, 200, 178, 193, 216, 162, 163, 225, 69, 280, 40, 42, 286, 198, 369, 247, 283, 15, 16, 28, 29, 63, 18, 19, 261]
2026-03-08 20:56:19,387 - INFO - 当前用时 0.01 秒
2026-03-08 20:56:19,388 - INFO - 将种子集 写入位置: /home/wen/work/coup_spread/network.netscience/2026-3-7/seeds-with-network.netscience/random_pageRank_seedNum-90_SSRNum-50000.txt
2026-03-08 20:56:19,388 - INFO - 首次生成种子集 alpha_sort
2026-03-08 20:56:19,388 - INFO - 执行当前算法开始: alpha_sort
2026-03-08 20:56:19,388 - INFO - 379 个节点的alpha值降序排序 done
2026-03-08 20:56:19,388 - INFO - ==============>> [(305, np.float64(0.3)), (306, np.float64(0.3)), (307, np.float64(0.3)), (308, np.float64(0.3)), (309, np.float64(0.3)), (310, np.float64(0.3)), (311, np.float64(0.3)), (312, np.float64(0.3)), (313, np.float64(0.3)), (314, np.float64(0.3))]
2026-03-08 20:56:19,388 - INFO - 
选择的种子集 (按alpha排序): [305, 306, 307, 308, 309, 310, 311, 312, 313, 314, 315, 316, 317, 318, 319, 320, 321, 322, 323, 324, 325, 326, 327, 328, 329, 330, 331, 332, 333, 334, 335, 336, 337, 338, 339, 340, 341, 0, 1, 2, 3, 4, 5, 6, 7, 8, 9, 10, 11, 12, 13, 14, 15, 16, 17, 18, 19, 20, 21, 22, 23, 24, 25, 26, 27, 28, 29, 30, 31, 32, 33, 34, 35, 36, 37, 38, 39, 40, 41, 42, 43, 44, 45, 46, 47, 48, 49, 50, 51, 52]

2026-03-08 20:56:19,388 - INFO - 当前用时 0.00 秒
2026-03-08 20:56:19,388 - INFO - 将种子集 写入位置: /home/wen/work/coup_spread/network.netscience/2026-3-7/seeds-with-network.netscience/random_alpha_sort_seedNum-90_SSRNum-50000.txt
2026-03-08 20:56:19,388 - INFO - 首次生成种子集 ris_optimized
2026-03-08 20:56:19,388 - INFO - 执行当前算法开始: ris_optimized
2026-03-08 20:56:19,391 - INFO - 图初始化完成，节点数: 379，当前模式: 优化采样
2026-03-08 20:56:19,391 - INFO - 开始生成 50000 组多重RR-Set...
2026-03-08 20:56:29,069 - INFO - 生成完毕。耗时: 9.68 秒。
2026-03-08 20:56:29,076 - INFO - 开始基于多重RR集贪心选择最优种子...
2026-03-08 20:56:30,451 - INFO - 选种完毕。耗时: 1.37 秒。估算范围: 62.00
2026-03-08 20:56:30,777 - INFO - 当前用时 11.39 秒
2026-03-08 20:56:30,778 - INFO - 将种子集 写入位置: /home/wen/work/coup_spread/network.netscience/2026-3-7/seeds-with-network.netscience/random_ris_optimized_seedNum-90_SSRNum-50000.txt
2026-03-08 20:56:30,778 - INFO - 首次生成种子集 monterCarlo_CELF
2026-03-08 20:56:30,778 - INFO - 执行当前算法开始: monterCarlo_CELF
2026-03-08 20:56:30,778 - INFO - --- Running: CELF Greedy Monte Carlo (Sims=100) ---
2026-03-08 20:56:30,778 - INFO - Step 0: 初始化所有节点的边际增益...
2026-03-08 20:56:32,978 - INFO - Seed 1: 150, Spread: 0.99
2026-03-08 20:56:33,304 - INFO - Seed 2: 270, Gain: 0.96, Total: 1.95
2026-03-08 20:56:34,080 - INFO - Seed 3: 260, Gain: 0.97, Total: 2.92
2026-03-08 20:56:34,359 - INFO - Seed 4: 212, Gain: 0.94, Total: 3.86
2026-03-08 20:56:34,972 - INFO - Seed 5: 170, Gain: 0.96, Total: 4.82
2026-03-08 20:56:36,724 - INFO - Seed 6: 2, Gain: 0.95, Total: 5.77
2026-03-08 20:56:39,801 - INFO - Seed 7: 223, Gain: 0.90, Total: 6.67
2026-03-08 20:56:40,771 - INFO - Seed 8: 205, Gain: 1.00, Total: 7.67
2026-03-08 20:56:42,687 - INFO - Seed 9: 255, Gain: 0.88, Total: 8.55
2026-03-08 20:56:43,473 - INFO - Seed 10: 161, Gain: 0.98, Total: 9.53
2026-03-08 20:56:44,335 - INFO - Seed 11: 109, Gain: 0.92, Total: 10.45
2026-03-08 20:56:46,372 - INFO - Seed 12: 59, Gain: 0.87, Total: 11.32
2026-03-08 20:56:46,533 - INFO - Seed 13: 168, Gain: 0.90, Total: 12.22
2026-03-08 20:56:47,887 - INFO - Seed 14: 287, Gain: 0.91, Total: 13.13
2026-03-08 20:56:47,983 - INFO - Seed 15: 180, Gain: 0.95, Total: 14.08
2026-03-08 20:56:48,702 - INFO - Seed 16: 265, Gain: 0.86, Total: 14.94
2026-03-08 20:56:50,104 - INFO - Seed 17: 27, Gain: 0.85, Total: 15.79
2026-03-08 20:56:50,562 - INFO - Seed 18: 80, Gain: 1.01, Total: 16.80
2026-03-08 20:56:53,227 - INFO - Seed 19: 93, Gain: 0.86, Total: 17.66
2026-03-08 20:56:53,359 - INFO - Seed 20: 299, Gain: 1.04, Total: 18.70
2026-03-08 20:57:06,098 - INFO - Seed 21: 117, Gain: 0.78, Total: 19.48
2026-03-08 20:57:07,638 - INFO - Seed 22: 129, Gain: 0.77, Total: 20.25
2026-03-08 20:57:08,693 - INFO - Seed 23: 105, Gain: 0.93, Total: 21.18
2026-03-08 20:57:11,333 - INFO - Seed 24: 151, Gain: 0.85, Total: 22.03
2026-03-08 20:57:12,614 - INFO - Seed 25: 91, Gain: 0.78, Total: 22.81
2026-03-08 20:57:12,800 - INFO - Seed 26: 242, Gain: 0.81, Total: 23.62
2026-03-08 20:57:14,059 - INFO - Seed 27: 75, Gain: 0.74, Total: 24.36
2026-03-08 20:57:14,451 - INFO - Seed 28: 23, Gain: 0.95, Total: 25.31
2026-03-08 20:57:14,664 - INFO - Seed 29: 259, Gain: 0.83, Total: 26.14
2026-03-08 20:57:14,869 - INFO - Seed 30: 57, Gain: 0.88, Total: 27.02
2026-03-08 20:57:15,297 - INFO - Seed 31: 95, Gain: 0.80, Total: 27.82
2026-03-08 20:57:15,503 - INFO - Seed 32: 174, Gain: 0.74, Total: 28.56
2026-03-08 20:57:15,729 - INFO - Seed 33: 195, Gain: 1.08, Total: 29.64
2026-03-08 20:57:16,391 - INFO - Seed 34: 172, Gain: 0.88, Total: 30.52
2026-03-08 20:57:23,100 - INFO - Seed 35: 226, Gain: 0.72, Total: 31.24
2026-03-08 20:57:25,285 - INFO - Seed 36: 55, Gain: 0.79, Total: 32.03
2026-03-08 20:57:28,290 - INFO - Seed 37: 62, Gain: 0.75, Total: 32.78
2026-03-08 20:57:29,852 - INFO - Seed 38: 43, Gain: 0.72, Total: 33.50
2026-03-08 20:57:30,364 - INFO - Seed 39: 4, Gain: 0.75, Total: 34.25
2026-03-08 20:57:30,909 - INFO - Seed 40: 132, Gain: 0.68, Total: 34.93
2026-03-08 20:57:34,261 - INFO - Seed 41: 92, Gain: 0.66, Total: 35.59
2026-03-08 20:57:35,414 - INFO - Seed 42: 290, Gain: 1.23, Total: 36.82
2026-03-08 20:57:49,197 - INFO - Seed 43: 140, Gain: 0.61, Total: 37.43
2026-03-08 20:57:53,367 - INFO - Seed 44: 69, Gain: 0.60, Total: 38.03
2026-03-08 20:57:53,953 - INFO - Seed 45: 22, Gain: 0.65, Total: 38.68
2026-03-08 20:57:54,865 - INFO - Seed 46: 261, Gain: 0.70, Total: 39.38
2026-03-08 20:57:55,178 - INFO - Seed 47: 121, Gain: 0.94, Total: 40.32
2026-03-08 20:57:56,449 - INFO - Seed 48: 221, Gain: 0.80, Total: 41.12
2026-03-08 20:57:56,777 - INFO - Seed 49: 63, Gain: 0.65, Total: 41.77
2026-03-08 20:57:57,423 - INFO - Seed 50: 60, Gain: 0.67, Total: 42.44
2026-03-08 20:57:57,746 - INFO - Seed 51: 249, Gain: 0.86, Total: 43.30
2026-03-08 20:57:58,065 - INFO - Seed 52: 217, Gain: 0.75, Total: 44.05
2026-03-08 20:57:58,396 - INFO - Seed 53: 175, Gain: 0.94, Total: 44.99
2026-03-08 20:57:59,769 - INFO - Seed 54: 206, Gain: 0.73, Total: 45.72
2026-03-08 20:58:00,114 - INFO - Seed 55: 236, Gain: 0.70, Total: 46.42
2026-03-08 20:58:01,148 - INFO - Seed 56: 72, Gain: 0.59, Total: 47.01
2026-03-08 20:58:01,495 - INFO - Seed 57: 231, Gain: 1.06, Total: 48.07
2026-03-08 20:58:04,351 - INFO - Seed 58: 66, Gain: 0.71, Total: 48.78
2026-03-08 20:58:05,450 - INFO - Seed 59: 37, Gain: 0.68, Total: 49.46
2026-03-08 20:58:07,332 - INFO - Seed 60: 240, Gain: 0.79, Total: 50.25
2026-03-08 20:58:07,710 - INFO - Seed 61: 216, Gain: 0.70, Total: 50.95
2026-03-08 20:58:08,475 - INFO - Seed 62: 275, Gain: 0.87, Total: 51.82
2026-03-08 20:58:09,658 - INFO - Seed 63: 157, Gain: 0.80, Total: 52.62
2026-03-08 20:58:10,066 - INFO - Seed 64: 248, Gain: 0.73, Total: 53.35
2026-03-08 20:58:12,501 - INFO - Seed 65: 56, Gain: 0.91, Total: 54.26
2026-03-08 20:58:14,549 - INFO - Seed 66: 219, Gain: 0.90, Total: 55.16
2026-03-08 20:58:23,296 - INFO - Seed 67: 89, Gain: 0.53, Total: 55.69
2026-03-08 20:58:23,720 - INFO - Seed 68: 244, Gain: 0.63, Total: 56.32
2026-03-08 20:58:27,643 - INFO - Seed 69: 215, Gain: 0.57, Total: 56.89
2026-03-08 20:58:30,725 - INFO - Seed 70: 293, Gain: 0.76, Total: 57.65
2026-03-08 20:58:32,514 - INFO - Seed 71: 200, Gain: 0.51, Total: 58.16
2026-03-08 20:58:33,432 - INFO - Seed 72: 103, Gain: 1.19, Total: 59.35
2026-03-08 20:58:36,136 - INFO - Seed 73: 10, Gain: 0.60, Total: 59.95
2026-03-08 20:58:36,605 - INFO - Seed 74: 209, Gain: 0.76, Total: 60.71
2026-03-08 20:58:37,084 - INFO - Seed 75: 16, Gain: 0.91, Total: 61.62
2026-03-08 20:58:39,467 - INFO - Seed 76: 337, Gain: 0.54, Total: 62.16
2026-03-08 20:58:57,248 - INFO - Seed 77: 130, Gain: 0.50, Total: 62.66
2026-03-08 20:59:02,118 - INFO - Seed 78: 291, Gain: 0.44, Total: 63.10
2026-03-08 20:59:04,631 - INFO - Seed 79: 258, Gain: 0.52, Total: 63.62
2026-03-08 20:59:05,645 - INFO - Seed 80: 64, Gain: 0.66, Total: 64.28
2026-03-08 20:59:06,150 - INFO - Seed 81: 159, Gain: 1.02, Total: 65.30
2026-03-08 20:59:08,718 - INFO - Seed 82: 97, Gain: 0.65, Total: 65.95
2026-03-08 20:59:09,244 - INFO - Seed 83: 104, Gain: 0.60, Total: 66.55
2026-03-08 20:59:10,287 - INFO - Seed 84: 53, Gain: 0.89, Total: 67.44
2026-03-08 20:59:16,215 - INFO - Seed 85: 48, Gain: 0.54, Total: 67.98
2026-03-08 20:59:16,749 - INFO - Seed 86: 9, Gain: 0.77, Total: 68.75
2026-03-08 20:59:30,839 - INFO - Seed 87: 54, Gain: 0.34, Total: 69.09
2026-03-08 20:59:31,937 - INFO - Seed 88: 36, Gain: 0.48, Total: 69.57
2026-03-08 20:59:32,507 - INFO - Seed 89: 86, Gain: 0.58, Total: 70.15
2026-03-08 20:59:34,730 - INFO - Seed 90: 202, Gain: 0.39, Total: 70.54
2026-03-08 20:59:34,730 - INFO - CELF 完成，总耗时: 183.95s
2026-03-08 20:59:34,730 - INFO - 当前用时 183.95 秒
2026-03-08 20:59:34,730 - INFO - 将种子集 写入位置: /home/wen/work/coup_spread/network.netscience/2026-3-7/seeds-with-network.netscience/random_monterCarlo_CELF_seedNum-90_SSRNum-50000.txt
2026-03-08 20:59:34,731 - INFO - 评估种子集: None
2026-03-08 20:59:34,731 - INFO - 多进程评估开始，共有 6 个方法待评估...
2026-03-08 20:59:34,731 - INFO - 启动进程池，Worker数量: 6
2026-03-08 20:59:34,792 - INFO - [Process 3581162] 开始评估方法: random, 种子数: 90
2026-03-08 20:59:34,802 - INFO - [Process 3581163] 开始评估方法: degreeTopM, 种子数: 90
2026-03-08 20:59:34,811 - INFO - [Process 3581164] 开始评估方法: pageRank, 种子数: 90
2026-03-08 20:59:34,820 - INFO - [Process 3581165] 开始评估方法: alpha_sort, 种子数: 90
2026-03-08 20:59:34,830 - INFO - [Process 3581166] 开始评估方法: ris_optimized, 种子数: 90
2026-03-08 20:59:34,838 - INFO - [Process 3581167] 开始评估方法: monterCarlo_CELF, 种子数: 90
2026-03-08 20:59:36,710 - INFO - [alpha_sort - 种子:90] 拉新:46.8人 | 总销量:60.7单 | 品牌曝光:283.5次 | 🌟综合得分:82.1
2026-03-08 20:59:37,167 - INFO - [random - 种子:90] 拉新:60.1人 | 总销量:66.9单 | 品牌曝光:334.6次 | 🌟综合得分:96.9
2026-03-08 20:59:37,466 - INFO - [pageRank - 种子:90] 拉新:63.7人 | 总销量:73.5单 | 品牌曝光:368.4次 | 🌟综合得分:105.4
2026-03-08 20:59:37,529 - INFO - [degreeTopM - 种子:90] 拉新:62.8人 | 总销量:74.4单 | 品牌曝光:374.9次 | 🌟综合得分:106.1
2026-03-08 20:59:37,742 - INFO - [monterCarlo_CELF - 种子:90] 拉新:70.7人 | 总销量:81.8单 | 品牌曝光:409.6次 | 🌟综合得分:117.2
2026-03-08 20:59:37,825 - INFO - [ris_optimized - 种子:90] 拉新:71.4人 | 总销量:81.4单 | 品牌曝光:408.0次 | 🌟综合得分:117.2
2026-03-08 20:59:37,848 - INFO - 所有进程执行完毕，开始写入数据...
2026-03-08 20:59:37,862 - INFO - 成功写入 6 条记录至 /home/wen/work/coup_spread/gzc-impl/results/network.netscience/2026-3-7/random_SSRNum-50000-_seedNum-90_simuTimes-500.csv
2026-03-08 20:59:37,862 - INFO - 保存评估文件至: /home/wen/work/coup_spread/gzc-impl/results/network.netscience/2026-3-7/random_SSRNum-50000-_seedNum-90_simuTimes-500.csv
2026-03-08 20:59:37,866 - INFO - 加载数据集: network.netscience
2026-03-08 20:59:37,867 - INFO - --- 矩阵分析 ---
2026-03-08 20:59:37,867 - INFO - 节点数 (N): 379
2026-03-08 20:59:37,867 - INFO - 边数 (E): 1828
2026-03-08 20:59:37,868 - INFO - 密度 (Density): 0.01272617 (越小越稀疏)
2026-03-08 20:59:37,868 - INFO - 稀疏度 (Sparsity): 0.98727383 (越接近1越稀疏)
2026-03-08 20:59:37,868 - INFO - 平均度数 (Avg Degree): 4.82
2026-03-08 20:59:37,868 - INFO - >>> 正在注入完美对抗属性（验证三条定理）...
2026-03-08 20:59:37,872 - INFO - 首次生成种子集 random
2026-03-08 20:59:37,872 - INFO - 执行当前算法开始: random
2026-03-08 20:59:37,872 - INFO - 数据集节点总数:  n = 379, m = 100
2026-03-08 20:59:37,872 - INFO - 选择 100  [271, 104, 327, 301, 96, 185, 218, 23, 3, 177, 147, 369, 196, 146, 14, 2, 247, 324, 288, 115, 92, 377, 41, 208, 286, 212, 55, 28, 317, 57, 358, 265, 295, 80, 378, 106, 56, 307, 38, 10, 245, 371, 20, 90, 204, 305, 256, 39, 197, 338, 333, 13, 296, 201, 97, 83, 66, 280, 162, 123, 353, 109, 227, 283, 11, 116, 312, 351, 268, 124, 5, 314, 18, 309, 22, 336, 188, 184, 216, 107, 298, 155, 365, 243, 325, 77, 89, 356, 142, 127, 122, 335, 98, 348, 261, 361, 81, 232, 152, 65]

2026-03-08 20:59:37,873 - INFO - 当前用时 0.00 秒
2026-03-08 20:59:37,873 - INFO - 将种子集 写入位置: /home/wen/work/coup_spread/network.netscience/2026-3-7/seeds-with-network.netscience/random_random_seedNum-100_SSRNum-50000.txt
2026-03-08 20:59:37,873 - INFO - 首次生成种子集 degreeTopM
2026-03-08 20:59:37,873 - INFO - 执行当前算法开始: degreeTopM
2026-03-08 20:59:37,873 - INFO - 依据: 选择连接数（度数）最多的节点。
2026-03-08 20:59:37,873 - INFO - 选择的 Top M 节点及其度数:
2026-03-08 20:59:37,873 - INFO - 
2026-03-08 20:59:37,873 - INFO - 当前用时 0.00 秒
2026-03-08 20:59:37,874 - INFO - 将种子集 写入位置: /home/wen/work/coup_spread/network.netscience/2026-3-7/seeds-with-network.netscience/random_degreeTopM_seedNum-100_SSRNum-50000.txt
2026-03-08 20:59:37,874 - INFO - 首次生成种子集 pageRank
2026-03-08 20:59:37,874 - INFO - 执行当前算法开始: pageRank
2026-03-08 20:59:37,874 - INFO - --- Running: PageRank (on tranProMatrix) Top M ---
2026-03-08 20:59:37,885 - INFO - Selected PageRank seeds: [58, 3, 4, 119, 72, 5, 142, 106, 53, 219, 189, 107, 13, 41, 187, 7, 44, 92, 94, 173, 62, 95, 167, 96, 118, 75, 8, 123, 235, 234, 113, 180, 217, 11, 0, 76, 232, 124, 233, 46, 20, 140, 329, 52, 156, 87, 362, 122, 268, 74, 126, 81, 252, 249, 250, 295, 14, 320, 204, 201, 267, 209, 127, 188, 258, 259, 200, 178, 193, 216, 162, 163, 225, 69, 280, 40, 42, 286, 198, 369, 247, 283, 15, 16, 28, 29, 63, 18, 19, 261, 265, 266, 269, 270, 210, 293, 146, 227, 54, 184]
2026-03-08 20:59:37,885 - INFO - 当前用时 0.01 秒
2026-03-08 20:59:37,885 - INFO - 将种子集 写入位置: /home/wen/work/coup_spread/network.netscience/2026-3-7/seeds-with-network.netscience/random_pageRank_seedNum-100_SSRNum-50000.txt
2026-03-08 20:59:37,885 - INFO - 首次生成种子集 alpha_sort
2026-03-08 20:59:37,885 - INFO - 执行当前算法开始: alpha_sort
2026-03-08 20:59:37,885 - INFO - 379 个节点的alpha值降序排序 done
2026-03-08 20:59:37,885 - INFO - ==============>> [(305, np.float64(0.3)), (306, np.float64(0.3)), (307, np.float64(0.3)), (308, np.float64(0.3)), (309, np.float64(0.3)), (310, np.float64(0.3)), (311, np.float64(0.3)), (312, np.float64(0.3)), (313, np.float64(0.3)), (314, np.float64(0.3))]
2026-03-08 20:59:37,885 - INFO - 
选择的种子集 (按alpha排序): [305, 306, 307, 308, 309, 310, 311, 312, 313, 314, 315, 316, 317, 318, 319, 320, 321, 322, 323, 324, 325, 326, 327, 328, 329, 330, 331, 332, 333, 334, 335, 336, 337, 338, 339, 340, 341, 0, 1, 2, 3, 4, 5, 6, 7, 8, 9, 10, 11, 12, 13, 14, 15, 16, 17, 18, 19, 20, 21, 22, 23, 24, 25, 26, 27, 28, 29, 30, 31, 32, 33, 34, 35, 36, 37, 38, 39, 40, 41, 42, 43, 44, 45, 46, 47, 48, 49, 50, 51, 52, 53, 54, 55, 56, 57, 58, 59, 60, 61, 62]

2026-03-08 20:59:37,885 - INFO - 当前用时 0.00 秒
2026-03-08 20:59:37,886 - INFO - 将种子集 写入位置: /home/wen/work/coup_spread/network.netscience/2026-3-7/seeds-with-network.netscience/random_alpha_sort_seedNum-100_SSRNum-50000.txt
2026-03-08 20:59:37,886 - INFO - 首次生成种子集 ris_optimized
2026-03-08 20:59:37,886 - INFO - 执行当前算法开始: ris_optimized
2026-03-08 20:59:37,888 - INFO - 图初始化完成，节点数: 379，当前模式: 优化采样
2026-03-08 20:59:37,888 - INFO - 开始生成 50000 组多重RR-Set...
2026-03-08 20:59:47,290 - INFO - 生成完毕。耗时: 9.40 秒。
2026-03-08 20:59:47,302 - INFO - 开始基于多重RR集贪心选择最优种子...
2026-03-08 20:59:48,956 - INFO - 选种完毕。耗时: 1.65 秒。估算范围: 68.12
2026-03-08 20:59:49,326 - INFO - 当前用时 11.44 秒
2026-03-08 20:59:49,326 - INFO - 将种子集 写入位置: /home/wen/work/coup_spread/network.netscience/2026-3-7/seeds-with-network.netscience/random_ris_optimized_seedNum-100_SSRNum-50000.txt
2026-03-08 20:59:49,327 - INFO - 首次生成种子集 monterCarlo_CELF
2026-03-08 20:59:49,327 - INFO - 执行当前算法开始: monterCarlo_CELF
2026-03-08 20:59:49,327 - INFO - --- Running: CELF Greedy Monte Carlo (Sims=100) ---
2026-03-08 20:59:49,327 - INFO - Step 0: 初始化所有节点的边际增益...
2026-03-08 20:59:51,529 - INFO - Seed 1: 179, Spread: 0.99
2026-03-08 20:59:52,228 - INFO - Seed 2: 96, Gain: 0.95, Total: 1.94
2026-03-08 20:59:52,808 - INFO - Seed 3: 272, Gain: 0.97, Total: 2.91
2026-03-08 20:59:54,726 - INFO - Seed 4: 157, Gain: 0.93, Total: 3.84
2026-03-08 20:59:54,793 - INFO - Seed 5: 301, Gain: 0.94, Total: 4.78
2026-03-08 20:59:54,832 - INFO - Seed 6: 70, Gain: 0.99, Total: 5.77
2026-03-08 20:59:55,344 - INFO - Seed 7: 150, Gain: 0.94, Total: 6.71
2026-03-08 20:59:56,853 - INFO - Seed 8: 53, Gain: 0.92, Total: 7.63
2026-03-08 20:59:59,966 - INFO - Seed 9: 265, Gain: 0.90, Total: 8.53
2026-03-08 21:00:00,033 - INFO - Seed 10: 170, Gain: 0.91, Total: 9.44
2026-03-08 21:00:00,897 - INFO - Seed 11: 208, Gain: 0.90, Total: 10.34
2026-03-08 21:00:00,974 - INFO - Seed 12: 168, Gain: 0.92, Total: 11.26
2026-03-08 21:00:01,491 - INFO - Seed 13: 54, Gain: 0.98, Total: 12.24
2026-03-08 21:00:05,581 - INFO - Seed 14: 256, Gain: 0.87, Total: 13.11
2026-03-08 21:00:05,680 - INFO - Seed 15: 178, Gain: 0.99, Total: 14.10
2026-03-08 21:00:09,120 - INFO - Seed 16: 158, Gain: 0.93, Total: 15.03
2026-03-08 21:00:09,771 - INFO - Seed 17: 270, Gain: 0.87, Total: 15.90
2026-03-08 21:00:23,114 - INFO - Seed 18: 77, Gain: 0.78, Total: 16.68
2026-03-08 21:00:23,734 - INFO - Seed 19: 108, Gain: 0.88, Total: 17.56
2026-03-08 21:00:24,242 - INFO - Seed 20: 184, Gain: 0.89, Total: 18.45
2026-03-08 21:00:26,125 - INFO - Seed 21: 27, Gain: 0.75, Total: 19.20
2026-03-08 21:00:26,261 - INFO - Seed 22: 213, Gain: 0.78, Total: 19.98
2026-03-08 21:00:26,554 - INFO - Seed 23: 297, Gain: 0.97, Total: 20.95
2026-03-08 21:00:26,710 - INFO - Seed 24: 242, Gain: 1.01, Total: 21.96
2026-03-08 21:00:27,514 - INFO - Seed 25: 139, Gain: 0.97, Total: 22.93
2026-03-08 21:00:29,517 - INFO - Seed 26: 23, Gain: 0.78, Total: 23.71
2026-03-08 21:00:30,894 - INFO - Seed 27: 100, Gain: 0.92, Total: 24.63
2026-03-08 21:00:33,396 - INFO - Seed 28: 145, Gain: 0.78, Total: 25.41
2026-03-08 21:00:33,763 - INFO - Seed 29: 287, Gain: 0.80, Total: 26.21
2026-03-08 21:00:34,547 - INFO - Seed 30: 87, Gain: 0.86, Total: 27.07
2026-03-08 21:00:35,918 - INFO - Seed 31: 57, Gain: 0.83, Total: 27.90
2026-03-08 21:00:36,550 - INFO - Seed 32: 8, Gain: 0.73, Total: 28.63
2026-03-08 21:00:37,999 - INFO - Seed 33: 257, Gain: 0.71, Total: 29.34
2026-03-08 21:00:38,216 - INFO - Seed 34: 35, Gain: 0.96, Total: 30.30
2026-03-08 21:00:38,438 - INFO - Seed 35: 136, Gain: 0.78, Total: 31.08
2026-03-08 21:00:39,574 - INFO - Seed 36: 200, Gain: 0.82, Total: 31.90
2026-03-08 21:00:39,803 - INFO - Seed 37: 76, Gain: 0.83, Total: 32.73
2026-03-08 21:00:40,778 - INFO - Seed 38: 207, Gain: 0.91, Total: 33.64
2026-03-08 21:00:42,778 - INFO - Seed 39: 255, Gain: 0.71, Total: 34.35
2026-03-08 21:00:43,040 - INFO - Seed 40: 264, Gain: 0.80, Total: 35.15
2026-03-08 21:00:43,294 - INFO - Seed 41: 229, Gain: 0.69, Total: 35.84
2026-03-08 21:00:44,095 - INFO - Seed 42: 199, Gain: 0.89, Total: 36.73
2026-03-08 21:00:44,364 - INFO - Seed 43: 3, Gain: 0.78, Total: 37.51
2026-03-08 21:00:44,647 - INFO - Seed 44: 235, Gain: 0.66, Total: 38.17
2026-03-08 21:00:44,987 - INFO - Seed 45: 160, Gain: 0.94, Total: 39.11
2026-03-08 21:00:45,266 - INFO - Seed 46: 39, Gain: 0.72, Total: 39.83
2026-03-08 21:00:45,863 - INFO - Seed 47: 279, Gain: 0.80, Total: 40.63
2026-03-08 21:00:46,492 - INFO - Seed 48: 149, Gain: 0.70, Total: 41.33
2026-03-08 21:00:47,855 - INFO - Seed 49: 29, Gain: 0.68, Total: 42.01
2026-03-08 21:00:48,161 - INFO - Seed 50: 151, Gain: 0.91, Total: 42.92
2026-03-08 21:00:49,517 - INFO - Seed 51: 249, Gain: 0.85, Total: 43.77
2026-03-08 21:00:49,863 - INFO - Seed 52: 64, Gain: 0.90, Total: 44.67
2026-03-08 21:00:50,201 - INFO - Seed 53: 212, Gain: 0.75, Total: 45.42
2026-03-08 21:00:50,909 - INFO - Seed 54: 111, Gain: 1.04, Total: 46.46
2026-03-08 21:00:51,307 - INFO - Seed 55: 268, Gain: 0.76, Total: 47.22
2026-03-08 21:01:22,294 - INFO - Seed 56: 17, Gain: 0.58, Total: 47.80
2026-03-08 21:01:25,532 - INFO - Seed 57: 78, Gain: 0.55, Total: 48.35
2026-03-08 21:01:27,740 - INFO - Seed 58: 84, Gain: 0.57, Total: 48.92
2026-03-08 21:01:28,094 - INFO - Seed 59: 16, Gain: 0.82, Total: 49.74
2026-03-08 21:01:30,711 - INFO - Seed 60: 177, Gain: 0.64, Total: 50.38
2026-03-08 21:01:32,245 - INFO - Seed 61: 133, Gain: 0.68, Total: 51.06
2026-03-08 21:01:33,822 - INFO - Seed 62: 132, Gain: 0.95, Total: 52.01
2026-03-08 21:01:35,798 - INFO - Seed 63: 294, Gain: 0.58, Total: 52.59
2026-03-08 21:01:37,007 - INFO - Seed 64: 0, Gain: 0.64, Total: 53.23
2026-03-08 21:01:38,223 - INFO - Seed 65: 49, Gain: 0.90, Total: 54.13
2026-03-08 21:01:42,379 - INFO - Seed 66: 18, Gain: 0.90, Total: 55.03
2026-03-08 21:01:55,990 - INFO - Seed 67: 190, Gain: 0.50, Total: 55.53
2026-03-08 21:02:00,242 - INFO - Seed 68: 115, Gain: 0.69, Total: 56.22
2026-03-08 21:02:00,673 - INFO - Seed 69: 59, Gain: 0.62, Total: 56.84
2026-03-08 21:02:01,560 - INFO - Seed 70: 60, Gain: 0.75, Total: 57.59
2026-03-08 21:02:04,255 - INFO - Seed 71: 246, Gain: 0.93, Total: 58.52
2026-03-08 21:02:10,988 - INFO - Seed 72: 281, Gain: 0.52, Total: 59.04
2026-03-08 21:02:11,434 - INFO - Seed 73: 238, Gain: 0.55, Total: 59.59
2026-03-08 21:02:13,254 - INFO - Seed 74: 90, Gain: 0.65, Total: 60.24
2026-03-08 21:02:13,733 - INFO - Seed 75: 214, Gain: 1.39, Total: 61.63
2026-03-08 21:02:47,919 - INFO - Seed 76: 175, Gain: 0.38, Total: 62.01
2026-03-08 21:02:49,803 - INFO - Seed 77: 141, Gain: 0.49, Total: 62.50
2026-03-08 21:02:51,722 - INFO - Seed 78: 202, Gain: 0.53, Total: 63.03
2026-03-08 21:02:52,706 - INFO - Seed 79: 329, Gain: 0.50, Total: 63.53
2026-03-08 21:02:53,708 - INFO - Seed 80: 239, Gain: 0.98, Total: 64.51
2026-03-08 21:03:00,636 - INFO - Seed 81: 99, Gain: 0.61, Total: 65.12
2026-03-08 21:03:01,638 - INFO - Seed 82: 185, Gain: 1.06, Total: 66.18
2026-03-08 21:03:04,192 - INFO - Seed 83: 95, Gain: 0.46, Total: 66.64
2026-03-08 21:03:07,839 - INFO - Seed 84: 283, Gain: 0.35, Total: 66.99
2026-03-08 21:03:08,355 - INFO - Seed 85: 338, Gain: 0.78, Total: 67.77
2026-03-08 21:03:10,984 - INFO - Seed 86: 174, Gain: 0.35, Total: 68.12
2026-03-08 21:03:11,523 - INFO - Seed 87: 307, Gain: 0.34, Total: 68.46
2026-03-08 21:03:13,676 - INFO - Seed 88: 104, Gain: 0.27, Total: 68.73
2026-03-08 21:03:14,222 - INFO - Seed 89: 196, Gain: 1.18, Total: 69.91
2026-03-08 21:03:15,347 - INFO - Seed 90: 240, Gain: 0.47, Total: 70.38
2026-03-08 21:03:16,497 - INFO - Seed 91: 48, Gain: 0.31, Total: 70.69
2026-03-08 21:03:17,062 - INFO - Seed 92: 129, Gain: 0.74, Total: 71.43
2026-03-08 21:03:17,649 - INFO - Seed 93: 98, Gain: 0.65, Total: 72.08
2026-03-08 21:03:18,236 - INFO - Seed 94: 228, Gain: 0.85, Total: 72.93
2026-03-08 21:03:18,824 - INFO - Seed 95: 234, Gain: 0.55, Total: 73.48
2026-03-08 21:03:19,401 - INFO - Seed 96: 261, Gain: 0.58, Total: 74.06
2026-03-08 21:03:20,060 - INFO - Seed 97: 226, Gain: 1.41, Total: 75.47
2026-03-08 21:03:20,662 - INFO - Seed 98: 79, Gain: 0.36, Total: 75.83
2026-03-08 21:03:21,954 - INFO - Seed 99: 299, Gain: 0.74, Total: 76.57
2026-03-08 21:03:23,199 - INFO - Seed 100: 278, Gain: 0.40, Total: 76.97
2026-03-08 21:03:23,199 - INFO - CELF 完成，总耗时: 213.87s
2026-03-08 21:03:23,199 - INFO - 当前用时 213.87 秒
2026-03-08 21:03:23,199 - INFO - 将种子集 写入位置: /home/wen/work/coup_spread/network.netscience/2026-3-7/seeds-with-network.netscience/random_monterCarlo_CELF_seedNum-100_SSRNum-50000.txt
2026-03-08 21:03:23,200 - INFO - 评估种子集: None
2026-03-08 21:03:23,200 - INFO - 多进程评估开始，共有 6 个方法待评估...
2026-03-08 21:03:23,200 - INFO - 启动进程池，Worker数量: 6
2026-03-08 21:03:23,259 - INFO - [Process 3584755] 开始评估方法: random, 种子数: 100
2026-03-08 21:03:23,270 - INFO - [Process 3584756] 开始评估方法: degreeTopM, 种子数: 100
2026-03-08 21:03:23,279 - INFO - [Process 3584757] 开始评估方法: pageRank, 种子数: 100
2026-03-08 21:03:23,288 - INFO - [Process 3584758] 开始评估方法: alpha_sort, 种子数: 100
2026-03-08 21:03:23,298 - INFO - [Process 3584759] 开始评估方法: ris_optimized, 种子数: 100
2026-03-08 21:03:23,307 - INFO - [Process 3584760] 开始评估方法: monterCarlo_CELF, 种子数: 100
2026-03-08 21:03:25,523 - INFO - [alpha_sort - 种子:100] 拉新:53.5人 | 总销量:69.8单 | 品牌曝光:329.8次 | 🌟综合得分:94.7
2026-03-08 21:03:25,835 - INFO - [random - 种子:100] 拉新:64.7人 | 总销量:73.2单 | 品牌曝光:366.3次 | 🌟综合得分:105.6
2026-03-08 21:03:26,151 - INFO - [pageRank - 种子:100] 拉新:70.1人 | 总销量:82.4单 | 品牌曝光:413.0次 | 🌟综合得分:117.6
2026-03-08 21:03:26,327 - INFO - [degreeTopM - 种子:100] 拉新:68.2人 | 总销量:83.0单 | 品牌曝光:417.5次 | 🌟综合得分:117.3
2026-03-08 21:03:26,610 - INFO - [monterCarlo_CELF - 种子:100] 拉新:76.9人 | 总销量:89.3单 | 品牌曝光:446.3次 | 🌟综合得分:127.8
2026-03-08 21:03:26,655 - INFO - [ris_optimized - 种子:100] 拉新:78.0人 | 总销量:90.5单 | 品牌曝光:453.2次 | 🌟综合得分:129.6
2026-03-08 21:03:26,677 - INFO - 所有进程执行完毕，开始写入数据...
2026-03-08 21:03:26,690 - INFO - 成功写入 6 条记录至 /home/wen/work/coup_spread/gzc-impl/results/network.netscience/2026-3-7/random_SSRNum-50000-_seedNum-100_simuTimes-500.csv
2026-03-08 21:03:26,690 - INFO - 保存评估文件至: /home/wen/work/coup_spread/gzc-impl/results/network.netscience/2026-3-7/random_SSRNum-50000-_seedNum-100_simuTimes-500.csv
