2025-12-19 20:33:18,541 - INFO - 加载数据集: students
2025-12-19 20:33:18,547 - INFO - 首次生成度相关概率分布 分布类型: 'random'.
2025-12-19 20:33:18,547 - INFO - ===> Generating 'Dirichlet' distributions with alpha=[1, 1, 1]...
2025-12-19 20:33:18,547 - INFO - 保存概率分布 文件位置: /root/pythonspace/data-test/students/2025-12-19-master-students/distribution-in-students/distribution-random_seedNum-50.pkl
2025-12-19 20:33:18,551 - INFO - 首次生成种子集 random
2025-12-19 20:33:18,551 - INFO - 执行当前算法开始: random
2025-12-19 20:33:18,551 - INFO - 数据集节点总数:  n = 84, m = 50
2025-12-19 20:33:18,551 - INFO - 选择 50  [63, 50, 2, 8, 66, 26, 19, 20, 27, 25, 70, 60, 54, 39, 17, 28, 80, 67, 10, 36, 81, 37, 42, 30, 49, 34, 4, 59, 58, 77, 23, 32, 57, 9, 41, 22, 6, 13, 68, 56, 7, 21, 51, 44, 65, 33, 11, 18, 1, 64]

2025-12-19 20:33:18,551 - INFO - 当前用时 0.00 秒
2025-12-19 20:33:18,551 - INFO - 将种子集 写入位置: /root/pythonspace/data-test/students/2025-12-19-master-students/seeds-with-students/random_random_seedNum-50_SSRNum-60000.txt
2025-12-19 20:33:18,551 - INFO - 首次生成种子集 degreeTopM
2025-12-19 20:33:18,551 - INFO - 执行当前算法开始: degreeTopM
2025-12-19 20:33:18,552 - INFO - 依据: 选择连接数（度数）最多的节点。
2025-12-19 20:33:18,552 - INFO - 选择的 Top M 节点及其度数:
2025-12-19 20:33:18,552 - INFO - 
2025-12-19 20:33:18,552 - INFO - 当前用时 0.00 秒
2025-12-19 20:33:18,552 - INFO - 将种子集 写入位置: /root/pythonspace/data-test/students/2025-12-19-master-students/seeds-with-students/random_degreeTopM_seedNum-50_SSRNum-60000.txt
2025-12-19 20:33:18,552 - INFO - 首次生成种子集 alpha_sort
2025-12-19 20:33:18,552 - INFO - 执行当前算法开始: alpha_sort
2025-12-19 20:33:18,552 - INFO - 84 个节点的alpha值降序排序 done
2025-12-19 20:33:18,553 - INFO - ==============>> [(51, 0.8149173), (37, 0.7953171), (20, 0.7722994), (47, 0.7592201), (54, 0.6897453), (30, 0.6729102), (23, 0.6382146), (19, 0.6373221), (29, 0.6210551), (14, 0.6004799)]
2025-12-19 20:33:18,553 - INFO - 
选择的种子集 (按alpha排序): [51, 37, 20, 47, 54, 30, 23, 19, 29, 14, 74, 48, 39, 33, 80, 2, 17, 75, 12, 10, 5, 15, 82, 56, 26, 43, 18, 46, 61, 73, 35, 68, 69, 70, 1, 55, 31, 64, 9, 40, 41, 50, 78, 83, 44, 42, 28, 67, 22, 13]

2025-12-19 20:33:18,553 - INFO - 当前用时 0.00 秒
2025-12-19 20:33:18,553 - INFO - 将种子集 写入位置: /root/pythonspace/data-test/students/2025-12-19-master-students/seeds-with-students/random_alpha_sort_seedNum-50_SSRNum-60000.txt
2025-12-19 20:33:18,553 - INFO - 首次生成种子集 importance_sort
2025-12-19 20:33:18,553 - INFO - 执行当前算法开始: importance_sort
2025-12-19 20:33:18,567 - INFO - 84 个节点的Importance值降序排序 done
2025-12-19 20:33:18,567 - INFO - 
选择的种子集 (按Importance排序): [37, 51, 20, 29, 47, 39, 54, 30, 23, 19, 14, 74, 48, 10, 33, 80, 68, 2, 17, 75, 12, 5, 15, 82, 56, 26, 43, 18, 28, 46, 61, 71, 58, 73, 35, 7, 65, 69, 70, 1, 55, 31, 66, 64, 9, 40, 41, 50, 78, 83]

2025-12-19 20:33:18,568 - INFO - 当前用时 0.01 秒
2025-12-19 20:33:18,568 - INFO - 将种子集 写入位置: /root/pythonspace/data-test/students/2025-12-19-master-students/seeds-with-students/random_importance_sort_seedNum-50_SSRNum-60000.txt
2025-12-19 20:33:18,568 - INFO - 首次生成种子集 ris_coverage
2025-12-19 20:33:18,568 - INFO - 执行当前算法开始: ris_coverage
2025-12-19 20:33:18,569 - INFO - 图初始化完成，节点数: 84，CSR 矩阵准备就绪。
2025-12-19 20:33:18,569 - INFO - 
开始生成 60000 组 SSR (并行进程: 8)...
2025-12-19 20:33:40,917 - INFO - 生成完毕。耗时: 22.35 秒。
2025-12-19 20:33:40,918 - INFO - 
开始选择最优种子 (Optimized Greedy) ...
2025-12-19 20:33:47,297 - INFO -   - 券 1/50 选中节点 51, 新增覆盖 1283
2025-12-19 20:33:47,304 - INFO -   - 券 2/50 选中节点 37, 新增覆盖 1211
2025-12-19 20:33:47,314 - INFO -   - 券 3/50 选中节点 75, 新增覆盖 1019
2025-12-19 20:33:47,320 - INFO -   - 券 4/50 选中节点 67, 新增覆盖 1005
2025-12-19 20:33:47,327 - INFO -   - 券 5/50 选中节点 14, 新增覆盖 966
2025-12-19 20:33:47,334 - INFO -   - 券 6/50 选中节点 74, 新增覆盖 982
2025-12-19 20:33:47,340 - INFO -   - 券 7/50 选中节点 20, 新增覆盖 947
2025-12-19 20:33:47,346 - INFO -   - 券 8/50 选中节点 30, 新增覆盖 864
2025-12-19 20:33:47,352 - INFO -   - 券 9/50 选中节点 39, 新增覆盖 883
2025-12-19 20:33:47,359 - INFO -   - 券 10/50 选中节点 47, 新增覆盖 831
2025-12-19 20:33:47,369 - INFO -   - 券 11/50 选中节点 15, 新增覆盖 744
2025-12-19 20:33:47,374 - INFO -   - 券 12/50 选中节点 19, 新增覆盖 708
2025-12-19 20:33:47,381 - INFO -   - 券 13/50 选中节点 64, 新增覆盖 676
2025-12-19 20:33:47,390 - INFO -   - 券 14/50 选中节点 56, 新增覆盖 680
2025-12-19 20:33:47,396 - INFO -   - 券 15/50 选中节点 43, 新增覆盖 659
2025-12-19 20:33:47,405 - INFO -   - 券 16/50 选中节点 73, 新增覆盖 649
2025-12-19 20:33:47,411 - INFO -   - 券 17/50 选中节点 5, 新增覆盖 618
2025-12-19 20:33:47,417 - INFO -   - 券 18/50 选中节点 12, 新增覆盖 598
2025-12-19 20:33:47,426 - INFO -   - 券 19/50 选中节点 7, 新增覆盖 583
2025-12-19 20:33:47,432 - INFO -   - 券 20/50 选中节点 33, 新增覆盖 567
2025-12-19 20:33:47,438 - INFO -   - 券 21/50 选中节点 82, 新增覆盖 538
2025-12-19 20:33:47,447 - INFO -   - 券 22/50 选中节点 70, 新增覆盖 502
2025-12-19 20:33:47,452 - INFO -   - 券 23/50 选中节点 54, 新增覆盖 510
2025-12-19 20:33:47,458 - INFO -   - 券 24/50 选中节点 17, 新增覆盖 506
2025-12-19 20:33:47,463 - INFO -   - 券 25/50 选中节点 9, 新增覆盖 473
2025-12-19 20:33:47,474 - INFO -   - 券 26/50 选中节点 78, 新增覆盖 473
2025-12-19 20:33:47,479 - INFO -   - 券 27/50 选中节点 68, 新增覆盖 452
2025-12-19 20:33:47,484 - INFO -   - 券 28/50 选中节点 23, 新增覆盖 458
2025-12-19 20:33:47,493 - INFO -   - 券 29/50 选中节点 72, 新增覆盖 424
2025-12-19 20:33:47,499 - INFO -   - 券 30/50 选中节点 44, 新增覆盖 421
2025-12-19 20:33:47,504 - INFO -   - 券 31/50 选中节点 29, 新增覆盖 430
2025-12-19 20:33:47,509 - INFO -   - 券 32/50 选中节点 69, 新增覆盖 420
2025-12-19 20:33:47,518 - INFO -   - 券 33/50 选中节点 42, 新增覆盖 419
2025-12-19 20:33:47,523 - INFO -   - 券 34/50 选中节点 55, 新增覆盖 396
2025-12-19 20:33:47,531 - INFO -   - 券 35/50 选中节点 63, 新增覆盖 388
2025-12-19 20:33:47,536 - INFO -   - 券 36/50 选中节点 61, 新增覆盖 360
2025-12-19 20:33:47,541 - INFO -   - 券 37/50 选中节点 2, 新增覆盖 393
2025-12-19 20:33:47,546 - INFO -   - 券 38/50 选中节点 80, 新增覆盖 361
2025-12-19 20:33:47,551 - INFO -   - 券 39/50 选中节点 50, 新增覆盖 335
2025-12-19 20:33:47,556 - INFO -   - 券 40/50 选中节点 28, 新增覆盖 339
2025-12-19 20:33:47,561 - INFO -   - 券 41/50 选中节点 58, 新增覆盖 358
2025-12-19 20:33:47,566 - INFO -   - 券 42/50 选中节点 16, 新增覆盖 332
2025-12-19 20:33:47,574 - INFO -   - 券 43/50 选中节点 65, 新增覆盖 314
2025-12-19 20:33:47,579 - INFO -   - 券 44/50 选中节点 48, 新增覆盖 334
2025-12-19 20:33:47,583 - INFO -   - 券 45/50 选中节点 35, 新增覆盖 312
2025-12-19 20:33:47,591 - INFO -   - 券 46/50 选中节点 13, 新增覆盖 306
2025-12-19 20:33:47,596 - INFO -   - 券 47/50 选中节点 45, 新增覆盖 306
2025-12-19 20:33:47,600 - INFO -   - 券 48/50 选中节点 83, 新增覆盖 294
2025-12-19 20:33:47,605 - INFO -   - 券 49/50 选中节点 26, 新增覆盖 285
2025-12-19 20:33:47,613 - INFO -   - 券 50/50 选中节点 8, 新增覆盖 296
2025-12-19 20:33:47,613 - INFO - 选种完毕。耗时: 6.69 秒。
2025-12-19 20:33:47,767 - INFO - 最终选择的种子集: [51, 37, 75, 67, 14, 74, 20, 30, 39, 47, 15, 19, 64, 56, 43, 73, 5, 12, 7, 33, 82, 70, 54, 17, 9, 78, 68, 23, 72, 44, 29, 69, 42, 55, 63, 61, 2, 80, 50, 28, 58, 16, 65, 48, 35, 13, 45, 83, 26, 8]

2025-12-19 20:33:48,830 - INFO - 当前用时 30.26 秒
2025-12-19 20:33:48,831 - INFO - 将种子集 写入位置: /root/pythonspace/data-test/students/2025-12-19-master-students/seeds-with-students/random_ris_coverage_seedNum-50_SSRNum-60000.txt
2025-12-19 20:33:48,831 - INFO - 评估种子集: None
2025-12-19 20:33:48,831 - INFO - 多进程评估开始，共有 5 个方法待评估...
2025-12-19 20:33:48,831 - INFO - 启动进程池，Worker数量: 5
2025-12-19 20:33:48,894 - INFO - [Process 79166] 开始评估方法: random, 种子数: 50
2025-12-19 20:33:48,900 - INFO - [Process 79167] 开始评估方法: degreeTopM, 种子数: 50
2025-12-19 20:33:48,901 - INFO - [Process 79168] 开始评估方法: alpha_sort, 种子数: 50
2025-12-19 20:33:48,903 - INFO - [Process 79169] 开始评估方法: importance_sort, 种子数: 50
2025-12-19 20:33:48,906 - INFO - [Process 79170] 开始评估方法: ris_coverage, 种子数: 50
2025-12-19 20:33:49,348 - INFO - [Process 79170] ris_coverage - 300 sims 完成: E=25.45
2025-12-19 20:33:49,351 - INFO - [Process 79169] importance_sort - 300 sims 完成: E=25.82
2025-12-19 20:33:49,367 - INFO - [Process 79166] random - 300 sims 完成: E=21.17
2025-12-19 20:33:49,455 - INFO - [Process 79168] alpha_sort - 300 sims 完成: E=25.92
2025-12-19 20:33:49,571 - INFO - [Process 79167] degreeTopM - 300 sims 完成: E=21.96
2025-12-19 20:33:49,604 - INFO - 所有进程执行完毕，开始写入数据...
2025-12-19 20:33:49,613 - INFO - 成功写入 5 条记录至 /root/pythonspace/data-test/students/2025-12-19-master-students/E-activated-students/distribution-random_simuTimes-300_seedNum-50_monteCarloL-10_rrNumSamples-60000.csv
2025-12-19 20:33:49,618 - INFO - 保存评估文件至: /root/pythonspace/data-test/students/2025-12-19-master-students/E-activated-students/distribution-random_simuTimes-300_seedNum-50_monteCarloL-10_rrNumSamples-60000.csv
2025-12-19 20:33:49,620 - INFO - 加载数据集: students
2025-12-19 20:33:49,621 - INFO - 首次生成度相关概率分布 分布类型: 'random'.
2025-12-19 20:33:49,621 - INFO - ===> Generating 'Dirichlet' distributions with alpha=[1, 1, 1]...
2025-12-19 20:33:49,622 - INFO - 保存概率分布 文件位置: /root/pythonspace/data-test/students/2025-12-19-master-students/distribution-in-students/distribution-random_seedNum-60.pkl
2025-12-19 20:33:49,624 - INFO - 首次生成种子集 random
2025-12-19 20:33:49,629 - INFO - 执行当前算法开始: random
2025-12-19 20:33:49,629 - INFO - 数据集节点总数:  n = 84, m = 60
2025-12-19 20:33:49,630 - INFO - 选择 60  [9, 53, 42, 21, 76, 10, 55, 0, 2, 22, 64, 39, 43, 40, 44, 38, 59, 31, 62, 48, 4, 46, 3, 32, 6, 82, 7, 79, 37, 24, 8, 60, 5, 34, 41, 75, 83, 27, 69, 29, 36, 23, 19, 20, 58, 51, 78, 74, 18, 65, 63, 52, 67, 73, 56, 11, 16, 28, 68, 77]

2025-12-19 20:33:49,630 - INFO - 当前用时 0.00 秒
2025-12-19 20:33:49,630 - INFO - 将种子集 写入位置: /root/pythonspace/data-test/students/2025-12-19-master-students/seeds-with-students/random_random_seedNum-60_SSRNum-60000.txt
2025-12-19 20:33:49,630 - INFO - 首次生成种子集 degreeTopM
2025-12-19 20:33:49,631 - INFO - 执行当前算法开始: degreeTopM
2025-12-19 20:33:49,631 - INFO - 依据: 选择连接数（度数）最多的节点。
2025-12-19 20:33:49,631 - INFO - 选择的 Top M 节点及其度数:
2025-12-19 20:33:49,631 - INFO - 
2025-12-19 20:33:49,631 - INFO - 当前用时 0.00 秒
2025-12-19 20:33:49,632 - INFO - 将种子集 写入位置: /root/pythonspace/data-test/students/2025-12-19-master-students/seeds-with-students/random_degreeTopM_seedNum-60_SSRNum-60000.txt
2025-12-19 20:33:49,632 - INFO - 首次生成种子集 alpha_sort
2025-12-19 20:33:49,632 - INFO - 执行当前算法开始: alpha_sort
2025-12-19 20:33:49,632 - INFO - 84 个节点的alpha值降序排序 done
2025-12-19 20:33:49,632 - INFO - ==============>> [(24, 0.9134508), (81, 0.8942932), (46, 0.8818483), (30, 0.8030247), (76, 0.7830091), (43, 0.7637595), (52, 0.7347713), (78, 0.7041525), (66, 0.6600071), (58, 0.6470944)]
2025-12-19 20:33:49,633 - INFO - 
选择的种子集 (按alpha排序): [24, 81, 46, 30, 76, 43, 52, 78, 66, 58, 35, 21, 48, 19, 44, 9, 1, 67, 65, 40, 71, 15, 11, 17, 28, 49, 18, 8, 29, 73, 82, 31, 4, 27, 53, 36, 25, 33, 2, 74, 63, 55, 5, 47, 32, 16, 14, 34, 10, 3, 62, 26, 83, 39, 41, 64, 54, 12, 42, 7]

2025-12-19 20:33:49,633 - INFO - 当前用时 0.00 秒
2025-12-19 20:33:49,633 - INFO - 将种子集 写入位置: /root/pythonspace/data-test/students/2025-12-19-master-students/seeds-with-students/random_alpha_sort_seedNum-60_SSRNum-60000.txt
2025-12-19 20:33:49,633 - INFO - 首次生成种子集 importance_sort
2025-12-19 20:33:49,633 - INFO - 执行当前算法开始: importance_sort
2025-12-19 20:33:49,648 - INFO - 84 个节点的Importance值降序排序 done
2025-12-19 20:33:49,649 - INFO - 
选择的种子集 (按Importance排序): [24, 81, 46, 30, 76, 43, 52, 66, 58, 78, 35, 21, 48, 19, 44, 9, 65, 71, 28, 1, 67, 29, 40, 15, 11, 17, 49, 18, 8, 73, 82, 31, 4, 27, 53, 36, 25, 10, 33, 2, 74, 63, 55, 5, 47, 32, 39, 16, 14, 34, 3, 62, 26, 7, 83, 37, 41, 64, 54, 12]

2025-12-19 20:33:49,649 - INFO - 当前用时 0.02 秒
2025-12-19 20:33:49,649 - INFO - 将种子集 写入位置: /root/pythonspace/data-test/students/2025-12-19-master-students/seeds-with-students/random_importance_sort_seedNum-60_SSRNum-60000.txt
2025-12-19 20:33:49,650 - INFO - 首次生成种子集 ris_coverage
2025-12-19 20:33:49,650 - INFO - 执行当前算法开始: ris_coverage
2025-12-19 20:33:49,655 - INFO - 图初始化完成，节点数: 84，CSR 矩阵准备就绪。
2025-12-19 20:33:49,656 - INFO - 
开始生成 60000 组 SSR (并行进程: 8)...
2025-12-19 20:34:09,406 - INFO - 生成完毕。耗时: 19.75 秒。
2025-12-19 20:34:09,407 - INFO - 
开始选择最优种子 (Optimized Greedy) ...
2025-12-19 20:34:17,144 - INFO -   - 券 1/60 选中节点 76, 新增覆盖 1351
2025-12-19 20:34:17,150 - INFO -   - 券 2/60 选中节点 43, 新增覆盖 1290
2025-12-19 20:34:17,155 - INFO -   - 券 3/60 选中节点 30, 新增覆盖 1210
2025-12-19 20:34:17,162 - INFO -   - 券 4/60 选中节点 67, 新增覆盖 1094
2025-12-19 20:34:17,171 - INFO -   - 券 5/60 选中节点 58, 新增覆盖 1056
2025-12-19 20:34:17,177 - INFO -   - 券 6/60 选中节点 78, 新增覆盖 973
2025-12-19 20:34:17,183 - INFO -   - 券 7/60 选中节点 21, 新增覆盖 978
2025-12-19 20:34:17,188 - INFO -   - 券 8/60 选中节点 52, 新增覆盖 892
2025-12-19 20:34:17,199 - INFO -   - 券 9/60 选中节点 81, 新增覆盖 894
2025-12-19 20:34:17,205 - INFO -   - 券 10/60 选中节点 35, 新增覆盖 908
2025-12-19 20:34:17,210 - INFO -   - 券 11/60 选中节点 66, 新增覆盖 820
2025-12-19 20:34:17,216 - INFO -   - 券 12/60 选中节点 19, 新增覆盖 773
2025-12-19 20:34:17,226 - INFO -   - 券 13/60 选中节点 65, 新增覆盖 763
2025-12-19 20:34:17,231 - INFO -   - 券 14/60 选中节点 9, 新增覆盖 714
2025-12-19 20:34:17,237 - INFO -   - 券 15/60 选中节点 44, 新增覆盖 676
2025-12-19 20:34:17,247 - INFO -   - 券 16/60 选中节点 40, 新增覆盖 705
2025-12-19 20:34:17,252 - INFO -   - 券 17/60 选中节点 73, 新增覆盖 624
2025-12-19 20:34:17,258 - INFO -   - 券 18/60 选中节点 15, 新增覆盖 626
2025-12-19 20:34:17,263 - INFO -   - 券 19/60 选中节点 46, 新增覆盖 618
2025-12-19 20:34:17,269 - INFO -   - 券 20/60 选中节点 27, 新增覆盖 571
2025-12-19 20:34:17,274 - INFO -   - 券 21/60 选中节点 49, 新增覆盖 547
2025-12-19 20:34:17,280 - INFO -   - 券 22/60 选中节点 3, 新增覆盖 585
2025-12-19 20:34:17,285 - INFO -   - 券 23/60 选中节点 33, 新增覆盖 512
2025-12-19 20:34:17,293 - INFO -   - 券 24/60 选中节点 34, 新增覆盖 515
2025-12-19 20:34:17,298 - INFO -   - 券 25/60 选中节点 28, 新增覆盖 489
2025-12-19 20:34:17,303 - INFO -   - 券 26/60 选中节点 74, 新增覆盖 471
2025-12-19 20:34:17,308 - INFO -   - 券 27/60 选中节点 5, 新增覆盖 483
2025-12-19 20:34:17,315 - INFO -   - 券 28/60 选中节点 4, 新增覆盖 477
2025-12-19 20:34:17,320 - INFO -   - 券 29/60 选中节点 56, 新增覆盖 444
2025-12-19 20:34:17,325 - INFO -   - 券 30/60 选中节点 11, 新增覆盖 473
2025-12-19 20:34:17,330 - INFO -   - 券 31/60 选中节点 39, 新增覆盖 433
2025-12-19 20:34:17,334 - INFO -   - 券 32/60 选中节点 47, 新增覆盖 424
2025-12-19 20:34:17,339 - INFO -   - 券 33/60 选中节点 32, 新增覆盖 410
2025-12-19 20:34:17,344 - INFO -   - 券 34/60 选中节点 63, 新增覆盖 404
2025-12-19 20:34:17,348 - INFO -   - 券 35/60 选中节点 53, 新增覆盖 422
2025-12-19 20:34:17,357 - INFO -   - 券 36/60 选中节点 7, 新增覆盖 369
2025-12-19 20:34:17,361 - INFO -   - 券 37/60 选中节点 2, 新增覆盖 387
2025-12-19 20:34:17,366 - INFO -   - 券 38/60 选中节点 36, 新增覆盖 353
2025-12-19 20:34:17,370 - INFO -   - 券 39/60 选中节点 48, 新增覆盖 358
2025-12-19 20:34:17,379 - INFO -   - 券 40/60 选中节点 82, 新增覆盖 363
2025-12-19 20:34:17,383 - INFO -   - 券 41/60 选中节点 1, 新增覆盖 348
2025-12-19 20:34:17,388 - INFO -   - 券 42/60 选中节点 29, 新增覆盖 359
2025-12-19 20:34:17,392 - INFO -   - 券 43/60 选中节点 55, 新增覆盖 355
2025-12-19 20:34:17,396 - INFO -   - 券 44/60 选中节点 64, 新增覆盖 348
2025-12-19 20:34:17,400 - INFO -   - 券 45/60 选中节点 62, 新增覆盖 325
2025-12-19 20:34:17,409 - INFO -   - 券 46/60 选中节点 17, 新增覆盖 316
2025-12-19 20:34:17,413 - INFO -   - 券 47/60 选中节点 75, 新增覆盖 306
2025-12-19 20:34:17,417 - INFO -   - 券 48/60 选中节点 14, 新增覆盖 291
2025-12-19 20:34:17,421 - INFO -   - 券 49/60 选中节点 42, 新增覆盖 299
2025-12-19 20:34:17,425 - INFO -   - 券 50/60 选中节点 51, 新增覆盖 275
2025-12-19 20:34:17,429 - INFO -   - 券 51/60 选中节点 83, 新增覆盖 289
2025-12-19 20:34:17,438 - INFO -   - 券 52/60 选中节点 8, 新增覆盖 287
2025-12-19 20:34:17,442 - INFO -   - 券 53/60 选中节点 12, 新增覆盖 263
2025-12-19 20:34:17,446 - INFO -   - 券 54/60 选中节点 16, 新增覆盖 264
2025-12-19 20:34:17,450 - INFO -   - 券 55/60 选中节点 22, 新增覆盖 263
2025-12-19 20:34:17,453 - INFO -   - 券 56/60 选中节点 25, 新增覆盖 248
2025-12-19 20:34:17,457 - INFO -   - 券 57/60 选中节点 31, 新增覆盖 238
2025-12-19 20:34:17,465 - INFO -   - 券 58/60 选中节点 72, 新增覆盖 255
2025-12-19 20:34:17,469 - INFO -   - 券 59/60 选中节点 37, 新增覆盖 255
2025-12-19 20:34:17,473 - INFO -   - 券 60/60 选中节点 59, 新增覆盖 257
2025-12-19 20:34:17,474 - INFO - 选种完毕。耗时: 8.07 秒。
2025-12-19 20:34:17,606 - INFO - 最终选择的种子集: [76, 43, 30, 67, 58, 78, 21, 52, 81, 35, 66, 19, 65, 9, 44, 40, 73, 15, 46, 27, 49, 3, 33, 34, 28, 74, 5, 4, 56, 11, 39, 47, 32, 63, 53, 7, 2, 36, 48, 82, 1, 29, 55, 64, 62, 17, 75, 14, 42, 51, 83, 8, 12, 16, 22, 25, 31, 72, 37, 59]

2025-12-19 20:34:18,333 - INFO - 当前用时 28.68 秒
2025-12-19 20:34:18,333 - INFO - 将种子集 写入位置: /root/pythonspace/data-test/students/2025-12-19-master-students/seeds-with-students/random_ris_coverage_seedNum-60_SSRNum-60000.txt
2025-12-19 20:34:18,334 - INFO - 评估种子集: None
2025-12-19 20:34:18,334 - INFO - 多进程评估开始，共有 5 个方法待评估...
2025-12-19 20:34:18,334 - INFO - 启动进程池，Worker数量: 5
2025-12-19 20:34:18,395 - INFO - [Process 79288] 开始评估方法: random, 种子数: 60
2025-12-19 20:34:18,397 - INFO - [Process 79289] 开始评估方法: degreeTopM, 种子数: 60
2025-12-19 20:34:18,413 - INFO - [Process 79290] 开始评估方法: alpha_sort, 种子数: 60
2025-12-19 20:34:18,415 - INFO - [Process 79291] 开始评估方法: importance_sort, 种子数: 60
2025-12-19 20:34:18,416 - INFO - [Process 79292] 开始评估方法: ris_coverage, 种子数: 60
2025-12-19 20:34:18,850 - INFO - [Process 79290] alpha_sort - 300 sims 完成: E=31.45
2025-12-19 20:34:18,858 - INFO - [Process 79292] ris_coverage - 300 sims 完成: E=30.49
2025-12-19 20:34:18,875 - INFO - [Process 79291] importance_sort - 300 sims 完成: E=31.34
2025-12-19 20:34:18,903 - INFO - [Process 79288] random - 300 sims 完成: E=27.80
2025-12-19 20:34:19,052 - INFO - [Process 79289] degreeTopM - 300 sims 完成: E=27.60
2025-12-19 20:34:19,098 - INFO - 所有进程执行完毕，开始写入数据...
2025-12-19 20:34:19,102 - INFO - 成功写入 5 条记录至 /root/pythonspace/data-test/students/2025-12-19-master-students/E-activated-students/distribution-random_simuTimes-300_seedNum-60_monteCarloL-10_rrNumSamples-60000.csv
2025-12-19 20:34:19,102 - INFO - 保存评估文件至: /root/pythonspace/data-test/students/2025-12-19-master-students/E-activated-students/distribution-random_simuTimes-300_seedNum-60_monteCarloL-10_rrNumSamples-60000.csv
2025-12-19 20:34:19,104 - INFO - 加载数据集: students
2025-12-19 20:34:19,105 - INFO - 首次生成度相关概率分布 分布类型: 'random'.
2025-12-19 20:34:19,105 - INFO - ===> Generating 'Dirichlet' distributions with alpha=[1, 1, 1]...
2025-12-19 20:34:19,106 - INFO - 保存概率分布 文件位置: /root/pythonspace/data-test/students/2025-12-19-master-students/distribution-in-students/distribution-random_seedNum-70.pkl
2025-12-19 20:34:19,108 - INFO - 首次生成种子集 random
2025-12-19 20:34:19,108 - INFO - 执行当前算法开始: random
2025-12-19 20:34:19,108 - INFO - 数据集节点总数:  n = 84, m = 70
2025-12-19 20:34:19,109 - INFO - 选择 70  [27, 12, 14, 48, 29, 16, 50, 38, 21, 0, 34, 51, 4, 11, 67, 64, 42, 72, 18, 3, 80, 60, 22, 54, 61, 36, 63, 37, 74, 28, 57, 82, 66, 31, 20, 41, 13, 53, 8, 79, 44, 55, 25, 46, 10, 9, 69, 70, 65, 23, 76, 26, 81, 71, 58, 52, 39, 68, 47, 45, 17, 6, 43, 62, 35, 33, 73, 19, 56, 32]

2025-12-19 20:34:19,109 - INFO - 当前用时 0.00 秒
2025-12-19 20:34:19,109 - INFO - 将种子集 写入位置: /root/pythonspace/data-test/students/2025-12-19-master-students/seeds-with-students/random_random_seedNum-70_SSRNum-60000.txt
2025-12-19 20:34:19,109 - INFO - 首次生成种子集 degreeTopM
2025-12-19 20:34:19,109 - INFO - 执行当前算法开始: degreeTopM
2025-12-19 20:34:19,109 - INFO - 依据: 选择连接数（度数）最多的节点。
2025-12-19 20:34:19,109 - INFO - 选择的 Top M 节点及其度数:
2025-12-19 20:34:19,110 - INFO - 
2025-12-19 20:34:19,110 - INFO - 当前用时 0.00 秒
2025-12-19 20:34:19,110 - INFO - 将种子集 写入位置: /root/pythonspace/data-test/students/2025-12-19-master-students/seeds-with-students/random_degreeTopM_seedNum-70_SSRNum-60000.txt
2025-12-19 20:34:19,110 - INFO - 首次生成种子集 alpha_sort
2025-12-19 20:34:19,110 - INFO - 执行当前算法开始: alpha_sort
2025-12-19 20:34:19,110 - INFO - 84 个节点的alpha值降序排序 done
2025-12-19 20:34:19,110 - INFO - ==============>> [(36, 0.9157044), (35, 0.9018205), (2, 0.8572019), (59, 0.8403057), (72, 0.7908077), (16, 0.7765967), (27, 0.7634825), (42, 0.7323441), (29, 0.7267976), (53, 0.7220644)]
2025-12-19 20:34:19,110 - INFO - 
选择的种子集 (按alpha排序): [36, 35, 2, 59, 72, 16, 27, 42, 29, 53, 83, 71, 81, 55, 6, 37, 51, 11, 46, 47, 82, 20, 50, 38, 8, 63, 1, 58, 17, 28, 32, 67, 64, 73, 21, 9, 80, 41, 76, 33, 52, 26, 75, 39, 7, 15, 74, 23, 77, 54, 5, 18, 10, 78, 12, 44, 25, 4, 61, 30, 56, 40, 62, 13, 45, 22, 70, 0, 3, 57]

2025-12-19 20:34:19,110 - INFO - 当前用时 0.00 秒
2025-12-19 20:34:19,111 - INFO - 将种子集 写入位置: /root/pythonspace/data-test/students/2025-12-19-master-students/seeds-with-students/random_alpha_sort_seedNum-70_SSRNum-60000.txt
2025-12-19 20:34:19,111 - INFO - 首次生成种子集 importance_sort
2025-12-19 20:34:19,111 - INFO - 执行当前算法开始: importance_sort
2025-12-19 20:34:19,121 - INFO - 84 个节点的Importance值降序排序 done
2025-12-19 20:34:19,121 - INFO - 
选择的种子集 (按Importance排序): [36, 35, 2, 59, 29, 71, 72, 16, 27, 37, 42, 53, 83, 81, 55, 6, 51, 11, 58, 46, 47, 28, 82, 20, 50, 38, 8, 63, 1, 17, 32, 67, 64, 73, 21, 9, 80, 41, 39, 7, 76, 33, 52, 10, 26, 75, 15, 74, 23, 77, 54, 5, 18, 78, 12, 68, 44, 25, 4, 79, 61, 30, 56, 40, 65, 62, 24, 13, 45, 22]

2025-12-19 20:34:19,121 - INFO - 当前用时 0.01 秒
2025-12-19 20:34:19,122 - INFO - 将种子集 写入位置: /root/pythonspace/data-test/students/2025-12-19-master-students/seeds-with-students/random_importance_sort_seedNum-70_SSRNum-60000.txt
2025-12-19 20:34:19,122 - INFO - 首次生成种子集 ris_coverage
2025-12-19 20:34:19,122 - INFO - 执行当前算法开始: ris_coverage
2025-12-19 20:34:19,123 - INFO - 图初始化完成，节点数: 84，CSR 矩阵准备就绪。
2025-12-19 20:34:19,123 - INFO - 
开始生成 60000 组 SSR (并行进程: 8)...
2025-12-19 20:34:44,426 - INFO - 生成完毕。耗时: 25.30 秒。
2025-12-19 20:34:44,427 - INFO - 
开始选择最优种子 (Optimized Greedy) ...
2025-12-19 20:34:56,603 - INFO -   - 券 1/70 选中节点 27, 新增覆盖 1500
2025-12-19 20:34:56,613 - INFO -   - 券 2/70 选中节点 2, 新增覆盖 1273
2025-12-19 20:34:56,622 - INFO -   - 券 3/70 选中节点 56, 新增覆盖 1231
2025-12-19 20:34:56,639 - INFO -   - 券 4/70 选中节点 53, 新增覆盖 1192
2025-12-19 20:34:56,658 - INFO -   - 券 5/70 选中节点 29, 新增覆盖 1149
2025-12-19 20:34:56,669 - INFO -   - 券 6/70 选中节点 42, 新增覆盖 1142
2025-12-19 20:34:56,683 - INFO -   - 券 7/70 选中节点 64, 新增覆盖 1046
2025-12-19 20:34:56,698 - INFO -   - 券 8/70 选中节点 35, 新增覆盖 962
2025-12-19 20:34:56,713 - INFO -   - 券 9/70 选中节点 63, 新增覆盖 882
2025-12-19 20:34:56,724 - INFO -   - 券 10/70 选中节点 52, 新增覆盖 887
2025-12-19 20:34:56,746 - INFO -   - 券 11/70 选中节点 82, 新增覆盖 867
2025-12-19 20:34:56,756 - INFO -   - 券 12/70 选中节点 51, 新增覆盖 841
2025-12-19 20:34:56,775 - INFO -   - 券 13/70 选中节点 72, 新增覆盖 811
2025-12-19 20:34:56,785 - INFO -   - 券 14/70 选中节点 6, 新增覆盖 790
2025-12-19 20:34:56,808 - INFO -   - 券 15/70 选中节点 55, 新增覆盖 779
2025-12-19 20:34:56,817 - INFO -   - 券 16/70 选中节点 36, 新增覆盖 770
2025-12-19 20:34:56,838 - INFO -   - 券 17/70 选中节点 58, 新增覆盖 700
2025-12-19 20:34:56,849 - INFO -   - 券 18/70 选中节点 47, 新增覆盖 717
2025-12-19 20:34:56,867 - INFO -   - 券 19/70 选中节点 28, 新增覆盖 635
2025-12-19 20:34:56,876 - INFO -   - 券 20/70 选中节点 67, 新增覆盖 644
2025-12-19 20:34:56,891 - INFO -   - 券 21/70 选中节点 37, 新增覆盖 631
2025-12-19 20:34:56,905 - INFO -   - 券 22/70 选中节点 73, 新增覆盖 618
2025-12-19 20:34:56,918 - INFO -   - 券 23/70 选中节点 7, 新增覆盖 535
2025-12-19 20:34:56,931 - INFO -   - 券 24/70 选中节点 78, 新增覆盖 536
2025-12-19 20:34:56,945 - INFO -   - 券 25/70 选中节点 20, 新增覆盖 513
2025-12-19 20:34:56,962 - INFO -   - 券 26/70 选中节点 75, 新增覆盖 515
2025-12-19 20:34:56,971 - INFO -   - 券 27/70 选中节点 9, 新增覆盖 520
2025-12-19 20:34:56,985 - INFO -   - 券 28/70 选中节点 8, 新增覆盖 506
2025-12-19 20:34:56,996 - INFO -   - 券 29/70 选中节点 32, 新增覆盖 467
2025-12-19 20:34:57,014 - INFO -   - 券 30/70 选中节点 76, 新增覆盖 437
2025-12-19 20:34:57,027 - INFO -   - 券 31/70 选中节点 11, 新增覆盖 435
2025-12-19 20:34:57,038 - INFO -   - 券 32/70 选中节点 46, 新增覆盖 425
2025-12-19 20:34:57,050 - INFO -   - 券 33/70 选中节点 17, 新增覆盖 436
2025-12-19 20:34:57,056 - INFO -   - 券 34/70 选中节点 74, 新增覆盖 413
2025-12-19 20:34:57,065 - INFO -   - 券 35/70 选中节点 21, 新增覆盖 384
2025-12-19 20:34:57,070 - INFO -   - 券 36/70 选中节点 50, 新增覆盖 391
2025-12-19 20:34:57,075 - INFO -   - 券 37/70 选中节点 41, 新增覆盖 377
2025-12-19 20:34:57,084 - INFO -   - 券 38/70 选中节点 33, 新增覆盖 382
2025-12-19 20:34:57,088 - INFO -   - 券 39/70 选中节点 39, 新增覆盖 394
2025-12-19 20:34:57,093 - INFO -   - 券 40/70 选中节点 1, 新增覆盖 375
2025-12-19 20:34:57,102 - INFO -   - 券 41/70 选中节点 59, 新增覆盖 332
2025-12-19 20:34:57,106 - INFO -   - 券 42/70 选中节点 15, 新增覆盖 337
2025-12-19 20:34:57,119 - INFO -   - 券 43/70 选中节点 12, 新增覆盖 325
2025-12-19 20:34:57,123 - INFO -   - 券 44/70 选中节点 81, 新增覆盖 307
2025-12-19 20:34:57,131 - INFO -   - 券 45/70 选中节点 5, 新增覆盖 300
2025-12-19 20:34:57,136 - INFO -   - 券 46/70 选中节点 44, 新增覆盖 290
2025-12-19 20:34:57,140 - INFO -   - 券 47/70 选中节点 80, 新增覆盖 273
2025-12-19 20:34:57,148 - INFO -   - 券 48/70 选中节点 26, 新增覆盖 268
2025-12-19 20:34:57,153 - INFO -   - 券 49/70 选中节点 62, 新增覆盖 278
2025-12-19 20:34:57,157 - INFO -   - 券 50/70 选中节点 4, 新增覆盖 278
2025-12-19 20:34:57,161 - INFO -   - 券 51/70 选中节点 30, 新增覆盖 258
2025-12-19 20:34:57,170 - INFO -   - 券 52/70 选中节点 23, 新增覆盖 271
2025-12-19 20:34:57,175 - INFO -   - 券 53/70 选中节点 48, 新增覆盖 250
2025-12-19 20:34:57,183 - INFO -   - 券 54/70 选中节点 70, 新增覆盖 246
2025-12-19 20:34:57,187 - INFO -   - 券 55/70 选中节点 3, 新增覆盖 241
2025-12-19 20:34:57,191 - INFO -   - 券 56/70 选中节点 10, 新增覆盖 235
2025-12-19 20:34:57,199 - INFO -   - 券 57/70 选中节点 61, 新增覆盖 237
2025-12-19 20:34:57,204 - INFO -   - 券 58/70 选中节点 60, 新增覆盖 220
2025-12-19 20:34:57,208 - INFO -   - 券 59/70 选中节点 45, 新增覆盖 223
2025-12-19 20:34:57,217 - INFO -   - 券 60/70 选中节点 83, 新增覆盖 211
2025-12-19 20:34:57,221 - INFO -   - 券 61/70 选中节点 43, 新增覆盖 210
2025-12-19 20:34:57,225 - INFO -   - 券 62/70 选中节点 68, 新增覆盖 206
2025-12-19 20:34:57,233 - INFO -   - 券 63/70 选中节点 79, 新增覆盖 204
2025-12-19 20:34:57,237 - INFO -   - 券 64/70 选中节点 77, 新增覆盖 204
2025-12-19 20:34:57,241 - INFO -   - 券 65/70 选中节点 54, 新增覆盖 189
2025-12-19 20:34:57,250 - INFO -   - 券 66/70 选中节点 18, 新增覆盖 190
2025-12-19 20:34:57,254 - INFO -   - 券 67/70 选中节点 0, 新增覆盖 181
2025-12-19 20:34:57,262 - INFO -   - 券 68/70 选中节点 34, 新增覆盖 198
2025-12-19 20:34:57,266 - INFO -   - 券 69/70 选中节点 13, 新增覆盖 184
2025-12-19 20:34:57,271 - INFO -   - 券 70/70 选中节点 40, 新增覆盖 173
2025-12-19 20:34:57,271 - INFO - 选种完毕。耗时: 12.84 秒。
2025-12-19 20:34:57,471 - INFO - 最终选择的种子集: [27, 2, 56, 53, 29, 42, 64, 35, 63, 52, 82, 51, 72, 6, 55, 36, 58, 47, 28, 67, 37, 73, 7, 78, 20, 75, 9, 8, 32, 76, 11, 46, 17, 74, 21, 50, 41, 33, 39, 1, 59, 15, 12, 81, 5, 44, 80, 26, 62, 4, 30, 23, 48, 70, 3, 10, 61, 60, 45, 83, 43, 68, 79, 77, 54, 18, 0, 34, 13, 40]

2025-12-19 20:34:58,705 - INFO - 当前用时 39.58 秒
2025-12-19 20:34:58,706 - INFO - 将种子集 写入位置: /root/pythonspace/data-test/students/2025-12-19-master-students/seeds-with-students/random_ris_coverage_seedNum-70_SSRNum-60000.txt
2025-12-19 20:34:58,707 - INFO - 评估种子集: None
2025-12-19 20:34:58,707 - INFO - 多进程评估开始，共有 5 个方法待评估...
2025-12-19 20:34:58,707 - INFO - 启动进程池，Worker数量: 5
2025-12-19 20:34:58,783 - INFO - [Process 79459] 开始评估方法: random, 种子数: 70
2025-12-19 20:34:58,785 - INFO - [Process 79460] 开始评估方法: degreeTopM, 种子数: 70
2025-12-19 20:34:58,787 - INFO - [Process 79461] 开始评估方法: alpha_sort, 种子数: 70
2025-12-19 20:34:58,787 - INFO - [Process 79462] 开始评估方法: importance_sort, 种子数: 70
2025-12-19 20:34:58,789 - INFO - [Process 79463] 开始评估方法: ris_coverage, 种子数: 70
2025-12-19 20:34:59,493 - INFO - [Process 79463] ris_coverage - 300 sims 完成: E=36.95
2025-12-19 20:34:59,533 - INFO - [Process 79462] importance_sort - 300 sims 完成: E=38.14
2025-12-19 20:34:59,581 - INFO - [Process 79461] alpha_sort - 300 sims 完成: E=38.12
2025-12-19 20:34:59,584 - INFO - [Process 79459] random - 300 sims 完成: E=35.06
2025-12-19 20:34:59,757 - INFO - [Process 79460] degreeTopM - 300 sims 完成: E=34.96
2025-12-19 20:34:59,806 - INFO - 所有进程执行完毕，开始写入数据...
2025-12-19 20:34:59,812 - INFO - 成功写入 5 条记录至 /root/pythonspace/data-test/students/2025-12-19-master-students/E-activated-students/distribution-random_simuTimes-300_seedNum-70_monteCarloL-10_rrNumSamples-60000.csv
2025-12-19 20:34:59,814 - INFO - 保存评估文件至: /root/pythonspace/data-test/students/2025-12-19-master-students/E-activated-students/distribution-random_simuTimes-300_seedNum-70_monteCarloL-10_rrNumSamples-60000.csv
2025-12-19 20:34:59,816 - INFO - 加载数据集: students
2025-12-19 20:34:59,817 - INFO - 首次生成度相关概率分布 分布类型: 'random'.
2025-12-19 20:34:59,818 - INFO - ===> Generating 'Dirichlet' distributions with alpha=[1, 1, 1]...
2025-12-19 20:34:59,819 - INFO - 保存概率分布 文件位置: /root/pythonspace/data-test/students/2025-12-19-master-students/distribution-in-students/distribution-random_seedNum-80.pkl
2025-12-19 20:34:59,821 - INFO - 首次生成种子集 random
2025-12-19 20:34:59,825 - INFO - 执行当前算法开始: random
2025-12-19 20:34:59,826 - INFO - 数据集节点总数:  n = 84, m = 80
2025-12-19 20:34:59,826 - INFO - 选择 80  [22, 53, 17, 51, 34, 16, 52, 48, 26, 6, 79, 77, 56, 2, 49, 70, 50, 68, 1, 10, 31, 61, 7, 32, 55, 38, 71, 30, 35, 74, 65, 27, 63, 41, 42, 64, 47, 67, 43, 15, 81, 76, 19, 83, 82, 36, 3, 57, 40, 80, 12, 23, 4, 20, 44, 60, 28, 11, 75, 78, 33, 59, 69, 46, 8, 73, 18, 37, 66, 14, 25, 9, 5, 72, 13, 45, 58, 0, 21, 24]

2025-12-19 20:34:59,826 - INFO - 当前用时 0.00 秒
2025-12-19 20:34:59,827 - INFO - 将种子集 写入位置: /root/pythonspace/data-test/students/2025-12-19-master-students/seeds-with-students/random_random_seedNum-80_SSRNum-60000.txt
2025-12-19 20:34:59,827 - INFO - 首次生成种子集 degreeTopM
2025-12-19 20:34:59,827 - INFO - 执行当前算法开始: degreeTopM
2025-12-19 20:34:59,827 - INFO - 依据: 选择连接数（度数）最多的节点。
2025-12-19 20:34:59,828 - INFO - 选择的 Top M 节点及其度数:
2025-12-19 20:34:59,828 - INFO - 
2025-12-19 20:34:59,828 - INFO - 当前用时 0.00 秒
2025-12-19 20:34:59,828 - INFO - 将种子集 写入位置: /root/pythonspace/data-test/students/2025-12-19-master-students/seeds-with-students/random_degreeTopM_seedNum-80_SSRNum-60000.txt
2025-12-19 20:34:59,829 - INFO - 首次生成种子集 alpha_sort
2025-12-19 20:34:59,829 - INFO - 执行当前算法开始: alpha_sort
2025-12-19 20:34:59,829 - INFO - 84 个节点的alpha值降序排序 done
2025-12-19 20:34:59,829 - INFO - ==============>> [(31, 0.8295758), (65, 0.7862399), (49, 0.7799191), (38, 0.7236257), (45, 0.7045254), (28, 0.6848555), (1, 0.6504693), (66, 0.6201273), (81, 0.6151728), (77, 0.5881963)]
2025-12-19 20:34:59,829 - INFO - 
选择的种子集 (按alpha排序): [31, 65, 49, 38, 45, 28, 1, 66, 81, 77, 40, 52, 62, 21, 17, 83, 56, 64, 82, 36, 2, 32, 48, 54, 46, 8, 47, 12, 57, 78, 23, 55, 61, 60, 5, 29, 73, 3, 35, 14, 42, 71, 6, 19, 43, 37, 30, 16, 80, 13, 0, 4, 25, 44, 59, 33, 74, 24, 18, 7, 79, 34, 20, 51, 72, 10, 9, 53, 50, 76, 41, 22, 68, 58, 15, 63, 11, 75, 27, 67]

2025-12-19 20:34:59,829 - INFO - 当前用时 0.00 秒
2025-12-19 20:34:59,830 - INFO - 将种子集 写入位置: /root/pythonspace/data-test/students/2025-12-19-master-students/seeds-with-students/random_alpha_sort_seedNum-80_SSRNum-60000.txt
2025-12-19 20:34:59,830 - INFO - 首次生成种子集 importance_sort
2025-12-19 20:34:59,830 - INFO - 执行当前算法开始: importance_sort
2025-12-19 20:34:59,842 - INFO - 84 个节点的Importance值降序排序 done
2025-12-19 20:34:59,847 - INFO - 
选择的种子集 (按Importance排序): [65, 28, 66, 31, 49, 38, 45, 1, 81, 77, 40, 52, 29, 62, 21, 17, 83, 56, 64, 82, 71, 36, 2, 32, 48, 54, 46, 8, 37, 47, 12, 57, 78, 23, 55, 61, 60, 5, 24, 7, 79, 73, 3, 10, 35, 14, 42, 6, 19, 68, 58, 43, 30, 39, 16, 80, 13, 0, 4, 25, 44, 59, 33, 74, 18, 34, 20, 51, 72, 9, 53, 50, 76, 41, 22, 15, 63, 11, 75, 27]

2025-12-19 20:34:59,847 - INFO - 当前用时 0.02 秒
2025-12-19 20:34:59,847 - INFO - 将种子集 写入位置: /root/pythonspace/data-test/students/2025-12-19-master-students/seeds-with-students/random_importance_sort_seedNum-80_SSRNum-60000.txt
2025-12-19 20:34:59,848 - INFO - 首次生成种子集 ris_coverage
2025-12-19 20:34:59,848 - INFO - 执行当前算法开始: ris_coverage
2025-12-19 20:34:59,849 - INFO - 图初始化完成，节点数: 84，CSR 矩阵准备就绪。
2025-12-19 20:34:59,849 - INFO - 
开始生成 60000 组 SSR (并行进程: 8)...
2025-12-19 20:35:27,514 - INFO - 生成完毕。耗时: 27.66 秒。
2025-12-19 20:35:27,515 - INFO - 
开始选择最优种子 (Optimized Greedy) ...
2025-12-19 20:35:38,304 - INFO -   - 券 1/80 选中节点 52, 新增覆盖 1496
2025-12-19 20:35:38,315 - INFO -   - 券 2/80 选中节点 65, 新增覆盖 1115
2025-12-19 20:35:38,321 - INFO -   - 券 3/80 选中节点 45, 新增覆盖 1044
2025-12-19 20:35:38,327 - INFO -   - 券 4/80 选中节点 49, 新增覆盖 1081
2025-12-19 20:35:38,337 - INFO -   - 券 5/80 选中节点 31, 新增覆盖 993
2025-12-19 20:35:38,343 - INFO -   - 券 6/80 选中节点 73, 新增覆盖 914
2025-12-19 20:35:38,353 - INFO -   - 券 7/80 选中节点 78, 新增覆盖 905
2025-12-19 20:35:38,359 - INFO -   - 券 8/80 选中节点 56, 新增覆盖 867
2025-12-19 20:35:38,365 - INFO -   - 券 9/80 选中节点 66, 新增覆盖 834
2025-12-19 20:35:38,375 - INFO -   - 券 10/80 选中节点 64, 新增覆盖 812
2025-12-19 20:35:38,381 - INFO -   - 券 11/80 选中节点 28, 新增覆盖 735
2025-12-19 20:35:38,391 - INFO -   - 券 12/80 选中节点 60, 新增覆盖 739
2025-12-19 20:35:38,396 - INFO -   - 券 13/80 选中节点 32, 新增覆盖 740
2025-12-19 20:35:38,406 - INFO -   - 券 14/80 选中节点 5, 新增覆盖 731
2025-12-19 20:35:38,411 - INFO -   - 券 15/80 选中节点 3, 新增覆盖 624
2025-12-19 20:35:38,417 - INFO -   - 券 16/80 选中节点 83, 新增覆盖 636
2025-12-19 20:35:38,422 - INFO -   - 券 17/80 选中节点 82, 新增覆盖 593
2025-12-19 20:35:38,432 - INFO -   - 券 18/80 选中节点 57, 新增覆盖 554
2025-12-19 20:35:38,437 - INFO -   - 券 19/80 选中节点 12, 新增覆盖 593
2025-12-19 20:35:38,447 - INFO -   - 券 20/80 选中节点 67, 新增覆盖 539
2025-12-19 20:35:38,452 - INFO -   - 券 21/80 选中节点 62, 新增覆盖 550
2025-12-19 20:35:38,459 - INFO -   - 券 22/80 选中节点 81, 新增覆盖 518
2025-12-19 20:35:38,464 - INFO -   - 券 23/80 选中节点 8, 新增覆盖 503
2025-12-19 20:35:38,470 - INFO -   - 券 24/80 选中节点 47, 新增覆盖 490
2025-12-19 20:35:38,475 - INFO -   - 券 25/80 选中节点 42, 新增覆盖 469
2025-12-19 20:35:38,481 - INFO -   - 券 26/80 选中节点 35, 新增覆盖 455
2025-12-19 20:35:38,490 - INFO -   - 券 27/80 选中节点 6, 新增覆盖 456
2025-12-19 20:35:38,499 - INFO -   - 券 28/80 选中节点 77, 新增覆盖 457
2025-12-19 20:35:38,504 - INFO -   - 券 29/80 选中节点 1, 新增覆盖 438
2025-12-19 20:35:38,513 - INFO -   - 券 30/80 选中节点 55, 新增覆盖 465
2025-12-19 20:35:38,518 - INFO -   - 券 31/80 选中节点 7, 新增覆盖 421
2025-12-19 20:35:38,523 - INFO -   - 券 32/80 选中节点 21, 新增覆盖 422
2025-12-19 20:35:38,532 - INFO -   - 券 33/80 选中节点 36, 新增覆盖 409
2025-12-19 20:35:38,537 - INFO -   - 券 34/80 选中节点 17, 新增覆盖 388
2025-12-19 20:35:38,542 - INFO -   - 券 35/80 选中节点 19, 新增覆盖 379
2025-12-19 20:35:38,551 - INFO -   - 券 36/80 选中节点 43, 新增覆盖 421
2025-12-19 20:35:38,555 - INFO -   - 券 37/80 选中节点 29, 新增覆盖 353
2025-12-19 20:35:38,564 - INFO -   - 券 38/80 选中节点 30, 新增覆盖 373
2025-12-19 20:35:38,569 - INFO -   - 券 39/80 选中节点 46, 新增覆盖 355
2025-12-19 20:35:38,573 - INFO -   - 券 40/80 选中节点 2, 新增覆盖 345
2025-12-19 20:35:38,582 - INFO -   - 券 41/80 选中节点 23, 新增覆盖 333
2025-12-19 20:35:38,587 - INFO -   - 券 42/80 选中节点 37, 新增覆盖 332
2025-12-19 20:35:38,596 - INFO -   - 券 43/80 选中节点 54, 新增覆盖 336
2025-12-19 20:35:38,600 - INFO -   - 券 44/80 选中节点 48, 新增覆盖 327
2025-12-19 20:35:38,605 - INFO -   - 券 45/80 选中节点 16, 新增覆盖 301
2025-12-19 20:35:38,611 - INFO -   - 券 46/80 选中节点 59, 新增覆盖 297
2025-12-19 20:35:38,616 - INFO -   - 券 47/80 选中节点 74, 新增覆盖 298
2025-12-19 20:35:38,620 - INFO -   - 券 48/80 选中节点 51, 新增覆盖 281
2025-12-19 20:35:38,629 - INFO -   - 券 49/80 选中节点 44, 新增覆盖 283
2025-12-19 20:35:38,633 - INFO -   - 券 50/80 选中节点 14, 新增覆盖 282
2025-12-19 20:35:38,642 - INFO -   - 券 51/80 选中节点 61, 新增覆盖 276
2025-12-19 20:35:38,647 - INFO -   - 券 52/80 选中节点 20, 新增覆盖 246
2025-12-19 20:35:38,651 - INFO -   - 券 53/80 选中节点 76, 新增覆盖 279
2025-12-19 20:35:38,660 - INFO -   - 券 54/80 选中节点 13, 新增覆盖 256
2025-12-19 20:35:38,664 - INFO -   - 券 55/80 选中节点 71, 新增覆盖 250
2025-12-19 20:35:38,668 - INFO -   - 券 56/80 选中节点 40, 新增覆盖 236
2025-12-19 20:35:38,677 - INFO -   - 券 57/80 选中节点 34, 新增覆盖 237
2025-12-19 20:35:38,681 - INFO -   - 券 58/80 选中节点 9, 新增覆盖 226
2025-12-19 20:35:38,689 - INFO -   - 券 59/80 选中节点 33, 新增覆盖 227
2025-12-19 20:35:38,693 - INFO -   - 券 60/80 选中节点 27, 新增覆盖 215
2025-12-19 20:35:38,702 - INFO -   - 券 61/80 选中节点 50, 新增覆盖 218
2025-12-19 20:35:38,706 - INFO -   - 券 62/80 选中节点 22, 新增覆盖 227
2025-12-19 20:35:38,710 - INFO -   - 券 63/80 选中节点 4, 新增覆盖 205
2025-12-19 20:35:38,719 - INFO -   - 券 64/80 选中节点 24, 新增覆盖 214
2025-12-19 20:35:38,723 - INFO -   - 券 65/80 选中节点 79, 新增覆盖 196
2025-12-19 20:35:38,726 - INFO -   - 券 66/80 选中节点 10, 新增覆盖 181
2025-12-19 20:35:38,735 - INFO -   - 券 67/80 选中节点 41, 新增覆盖 198
2025-12-19 20:35:38,739 - INFO -   - 券 68/80 选中节点 53, 新增覆盖 180
2025-12-19 20:35:38,743 - INFO -   - 券 69/80 选中节点 80, 新增覆盖 168
2025-12-19 20:35:38,752 - INFO -   - 券 70/80 选中节点 11, 新增覆盖 184
2025-12-19 20:35:38,756 - INFO -   - 券 71/80 选中节点 75, 新增覆盖 156
2025-12-19 20:35:38,760 - INFO -   - 券 72/80 选中节点 15, 新增覆盖 197
2025-12-19 20:35:38,763 - INFO -   - 券 73/80 选中节点 68, 新增覆盖 182
2025-12-19 20:35:38,767 - INFO -   - 券 74/80 选中节点 58, 新增覆盖 167
2025-12-19 20:35:38,775 - INFO -   - 券 75/80 选中节点 38, 新增覆盖 159
2025-12-19 20:35:38,779 - INFO -   - 券 76/80 选中节点 0, 新增覆盖 159
2025-12-19 20:35:38,782 - INFO -   - 券 77/80 选中节点 63, 新增覆盖 149
2025-12-19 20:35:38,790 - INFO -   - 券 78/80 选中节点 70, 新增覆盖 160
2025-12-19 20:35:38,794 - INFO -   - 券 79/80 选中节点 18, 新增覆盖 147
2025-12-19 20:35:38,797 - INFO -   - 券 80/80 选中节点 25, 新增覆盖 139
2025-12-19 20:35:38,802 - INFO - 选种完毕。耗时: 11.29 秒。
2025-12-19 20:35:39,002 - INFO - 最终选择的种子集: [52, 65, 45, 49, 31, 73, 78, 56, 66, 64, 28, 60, 32, 5, 3, 83, 82, 57, 12, 67, 62, 81, 8, 47, 42, 35, 6, 77, 1, 55, 7, 21, 36, 17, 19, 43, 29, 30, 46, 2, 23, 37, 54, 48, 16, 59, 74, 51, 44, 14, 61, 20, 76, 13, 71, 40, 34, 9, 33, 27, 50, 22, 4, 24, 79, 10, 41, 53, 80, 11, 75, 15, 68, 58, 38, 0, 63, 70, 18, 25]

2025-12-19 20:35:40,252 - INFO - 当前用时 40.40 秒
2025-12-19 20:35:40,252 - INFO - 将种子集 写入位置: /root/pythonspace/data-test/students/2025-12-19-master-students/seeds-with-students/random_ris_coverage_seedNum-80_SSRNum-60000.txt
2025-12-19 20:35:40,253 - INFO - 评估种子集: None
2025-12-19 20:35:40,253 - INFO - 多进程评估开始，共有 5 个方法待评估...
2025-12-19 20:35:40,253 - INFO - 启动进程池，Worker数量: 5
2025-12-19 20:35:40,339 - INFO - [Process 79627] 开始评估方法: random, 种子数: 80
2025-12-19 20:35:40,341 - INFO - [Process 79628] 开始评估方法: degreeTopM, 种子数: 80
2025-12-19 20:35:40,343 - INFO - [Process 79629] 开始评估方法: alpha_sort, 种子数: 80
2025-12-19 20:35:40,346 - INFO - [Process 79630] 开始评估方法: importance_sort, 种子数: 80
2025-12-19 20:35:40,354 - INFO - [Process 79631] 开始评估方法: ris_coverage, 种子数: 80
2025-12-19 20:35:41,487 - INFO - [Process 79628] degreeTopM - 300 sims 完成: E=33.38
2025-12-19 20:35:41,563 - INFO - [Process 79631] ris_coverage - 300 sims 完成: E=35.16
2025-12-19 20:35:41,672 - INFO - [Process 79630] importance_sort - 300 sims 完成: E=34.63
2025-12-19 20:35:41,708 - INFO - [Process 79627] random - 300 sims 完成: E=33.82
2025-12-19 20:35:41,717 - INFO - [Process 79629] alpha_sort - 300 sims 完成: E=34.79
2025-12-19 20:35:41,764 - INFO - 所有进程执行完毕，开始写入数据...
2025-12-19 20:35:41,769 - INFO - 成功写入 5 条记录至 /root/pythonspace/data-test/students/2025-12-19-master-students/E-activated-students/distribution-random_simuTimes-300_seedNum-80_monteCarloL-10_rrNumSamples-60000.csv
2025-12-19 20:35:41,769 - INFO - 保存评估文件至: /root/pythonspace/data-test/students/2025-12-19-master-students/E-activated-students/distribution-random_simuTimes-300_seedNum-80_monteCarloL-10_rrNumSamples-60000.csv
2025-12-19 20:35:41,771 - INFO - 加载数据集: students
2025-12-19 20:35:41,772 - INFO - 首次生成度相关概率分布 分布类型: 'random'.
2025-12-19 20:35:41,772 - INFO - ===> Generating 'Dirichlet' distributions with alpha=[1, 1, 1]...
2025-12-19 20:35:41,773 - INFO - 保存概率分布 文件位置: /root/pythonspace/data-test/students/2025-12-19-master-students/distribution-in-students/distribution-random_seedNum-90.pkl
2025-12-19 20:35:41,774 - INFO - 首次生成种子集 random
2025-12-19 20:35:41,775 - INFO - 执行当前算法开始: random
2025-12-19 20:35:41,775 - INFO - 数据集节点总数:  n = 84, m = 90
