2025-11-21 13:22:21,859 - INFO - 加载数据集: Twitter
2025-11-21 13:22:21,862 - INFO - 首次生成度相关概率分布 分布类型: 'powerlaw'.
2025-11-21 13:22:21,862 - INFO - ===> Generating 'Power-law Degree-Aware' distributions...
2025-11-21 13:22:21,868 - INFO - 保存概率分布 文件位置: /home/wen/pythonspace/data-test/Twitter/2025-11-20-powerlaw-n/distribution-in-Twitter/distribution-powerlaw_seedNum-513.pkl
2025-11-21 13:22:27,081 - INFO - 首次生成种子集 random
2025-11-21 13:22:27,082 - INFO - 执行当前算法开始: random
2025-11-21 13:22:27,082 - INFO - 当前用时 0.00 秒
2025-11-21 13:22:27,082 - INFO - 将种子集 写入位置: /home/wen/pythonspace/data-test/Twitter/2025-11-20-powerlaw-n/seeds-with-Twitter/powerlaw_random_seedNum-513_SSRNum-150000.txt
2025-11-21 13:22:27,083 - INFO - 首次生成种子集 degreeTopM
2025-11-21 13:22:27,083 - INFO - 执行当前算法开始: degreeTopM
2025-11-21 13:22:27,084 - INFO - 当前用时 0.00 秒
2025-11-21 13:22:27,085 - INFO - 将种子集 写入位置: /home/wen/pythonspace/data-test/Twitter/2025-11-20-powerlaw-n/seeds-with-Twitter/powerlaw_degreeTopM_seedNum-513_SSRNum-150000.txt
2025-11-21 13:22:27,085 - INFO - 首次生成种子集 alpha_sort
2025-11-21 13:22:27,085 - INFO - 执行当前算法开始: alpha_sort
2025-11-21 13:22:27,099 - INFO - 
选择的种子集 (按alpha排序): [6452, 15931, 18922, 7096, 19388, 4196, 20815, 14074, 21358, 13337, 354, 6620, 10896, 5093, 22722, 3089, 12421, 16194, 7163, 23084, 13804, 3102, 2675, 8791, 23078, 3352, 5500, 2503, 4632, 22674, 6359, 7631, 15494, 3287, 15858, 3112, 507, 11515, 4902, 3747, 19842, 5406, 13664, 9383, 2700, 592, 20047, 7968, 13013, 9827, 9136, 21981, 19971, 3136, 20551, 8703, 14963, 3379, 22744, 18003, 2505, 20081, 7805, 6623, 19243, 2578, 4661, 8726, 8792, 3580, 22177, 3766, 7628, 3900, 18890, 7623, 1326, 5750, 9660, 5402, 20845, 9947, 16229, 12959, 22792, 3880, 8288, 10679, 8677, 18107, 3077, 23219, 17378, 13587, 19923, 5470, 291, 1905, 7970, 12737, 20484, 375, 13124, 21556, 21665, 7022, 3468, 1698, 2454, 20141, 15876, 17820, 17042, 790, 18220, 18842, 12147, 8630, 22949, 22158, 17179, 22228, 9917, 21169, 20629, 7622, 18893, 8038, 4092, 858, 22348, 19688, 2919, 5949, 826, 4281, 18312, 16218, 17382, 16062, 7434, 16620, 12731, 12404, 12501, 22851, 20032, 9214, 437, 20416, 15020, 12891, 18271, 19719, 16761, 15158, 1235, 10528, 5197, 19880, 10724, 16804, 3172, 9900, 16309, 996, 4015, 9649, 7661, 16380, 8128, 6333, 5350, 685, 3305, 21830, 11288, 14947, 13050, 20330, 16949, 17804, 5313, 3584, 1627, 7615, 17097, 571, 10494, 17271, 10159, 10455, 19040, 13362, 12518, 3442, 19458, 14862, 19947, 19152, 1079, 15992, 5598, 21710, 20590, 2825, 8617, 18149, 895, 19412, 13530, 5620, 11088, 644, 6547, 13169, 2857, 14297, 22598, 18163, 17101, 8454, 860, 15323, 4362, 13324, 6172, 20940, 17814, 5825, 15572, 19742, 5338, 4444, 2844, 18912, 20944, 18480, 19460, 3755, 16451, 12869, 17015, 7874, 16635, 9765, 19231, 15378, 15634, 21842, 14549, 10813, 15507, 18235, 1536, 21177, 19988, 2616, 10475, 2662, 4613, 219, 19648, 18304, 1120, 15500, 14728, 6730, 19453, 14593, 15318, 18987, 5871, 9054, 6798, 7533, 22814, 12961, 19410, 12943, 2683, 3094, 4988, 11951, 2807, 16930, 21701, 19713, 12868, 22371, 17044, 1117, 12796, 18899, 16646, 12710, 4791, 18863, 17031, 9117, 4505, 1036, 11711, 3433, 643, 11199, 15944, 9991, 9381, 4148, 12075, 10046, 21924, 1369, 21827, 15720, 779, 1499, 14055, 12519, 14026, 12250, 10769, 2296, 1967, 13960, 8356, 3260, 3198, 7608, 10352, 1752, 20151, 2156, 23087, 11589, 14579, 13228, 11634, 7801, 423, 5401, 7475, 2586, 993, 897, 5630, 22218, 8254, 20773, 15648, 22611, 8863, 4803, 5601, 1025, 22110, 20423, 7183, 3813, 2417, 9376, 12398, 11977, 15742, 18862, 21310, 6492, 8813, 2531, 9187, 1251, 7190, 12942, 3434, 21628, 1409, 17702, 19177, 20135, 15822, 21296, 1865, 701, 20331, 14383, 3307, 3626, 11887, 3372, 22595, 22210, 14908, 12189, 1943, 16475, 12255, 22847, 13725, 16455, 7186, 22361, 4645, 12688, 795, 19330, 16279, 4109, 9575, 15160, 11421, 10187, 14336, 18222, 11237, 3214, 8340, 6916, 17515, 10793, 3293, 7412, 4008, 17676, 16378, 2998, 18238, 11540, 13148, 7208, 15192, 19536, 10604, 18939, 20827, 6306, 4454, 523, 9590, 14435, 13060, 10498, 11074, 14293, 18825, 8488, 2902, 10392, 3534, 15701, 22276, 21832, 19313, 19887, 8222, 15337, 19899, 18784, 3312, 15623, 7248, 14832, 6026, 9248, 7038, 19359, 33, 3898, 21864, 22413, 7348, 13258, 18378, 7216, 17606, 13589, 12643, 12454, 1384, 2346, 3249, 19221, 13849, 6716, 22503, 11620, 14794, 5512, 11747, 4660, 9034, 14036, 11966, 23014, 22552, 13887, 14843, 5591, 9941, 2951, 23333, 20184, 854, 21901, 9308, 21780, 1620, 3983, 12840, 7895, 6543, 9804, 2866]

2025-11-21 13:22:27,100 - INFO - 当前用时 0.01 秒
2025-11-21 13:22:27,100 - INFO - 将种子集 写入位置: /home/wen/pythonspace/data-test/Twitter/2025-11-20-powerlaw-n/seeds-with-Twitter/powerlaw_alpha_sort_seedNum-513_SSRNum-150000.txt
2025-11-21 13:22:27,100 - INFO - 首次生成种子集 importance_sort
2025-11-21 13:22:27,100 - INFO - 执行当前算法开始: importance_sort
2025-11-21 13:22:38,743 - INFO - 
选择的种子集 (按Importance排序): [9649, 9660, 9590, 9575, 9587, 9595, 9621, 9630, 9570, 9613, 9631, 9571, 75, 9625, 27, 9638, 9594, 9573, 9632, 9562, 9578, 9612, 9608, 9579, 103, 9, 9627, 6, 38, 73, 9618, 9661, 9602, 9642, 9565, 9624, 9574, 3, 9577, 9610, 44, 9609, 9654, 9644, 9636, 9645, 90, 2, 9634, 74, 9615, 9581, 39, 9646, 9564, 9650, 9655, 82, 9626, 9600, 9629, 9591, 255, 9643, 1, 9593, 9606, 9622, 9596, 9604, 9607, 7, 101, 9614, 80, 9568, 83, 9601, 9640, 9657, 9633, 9623, 9585, 9598, 9603, 9605, 9582, 78, 9619, 9563, 256, 9652, 9597, 9616, 9572, 104, 9658, 9561, 9611, 9584, 106, 9617, 76, 9628, 9576, 9583, 8, 81, 9637, 9656, 9580, 9599, 9569, 9588, 257, 9659, 9641, 9651, 45, 9653, 19, 59, 9635, 9592, 79, 9639, 16, 9566, 9567, 32, 9648, 9620, 4, 21, 9586, 72, 9589, 178, 9647, 6452, 15931, 18922, 7096, 19388, 4196, 20815, 14074, 21358, 13337, 354, 6620, 10896, 5093, 22722, 3089, 12421, 16194, 7163, 23084, 13804, 3102, 2675, 8791, 23078, 3352, 5500, 2503, 4632, 22674, 6359, 7631, 15494, 3287, 15858, 3112, 507, 11515, 4902, 3747, 19842, 5406, 13664, 9383, 2700, 592, 20047, 7968, 13013, 9827, 9136, 21981, 19971, 3136, 20551, 8703, 14963, 3379, 22744, 18003, 2505, 20081, 7805, 6623, 19243, 2578, 4661, 8726, 8792, 3580, 22177, 3766, 7628, 3900, 18890, 7623, 1326, 5750, 5402, 20845, 9947, 16229, 12959, 22792, 3880, 8288, 10679, 8677, 18107, 3077, 23219, 17378, 13587, 19923, 5470, 291, 1905, 7970, 12737, 20484, 375, 13124, 21556, 21665, 7022, 3468, 1698, 2454, 20141, 15876, 17820, 17042, 790, 18220, 18842, 12147, 8630, 22949, 22158, 17179, 22228, 9917, 21169, 20629, 7622, 18893, 8038, 4092, 858, 22348, 19688, 2919, 5949, 826, 4281, 18312, 16218, 17382, 16062, 7434, 16620, 12731, 12404, 12501, 22851, 20032, 9214, 437, 20416, 15020, 12891, 18271, 19719, 16761, 15158, 1235, 10528, 5197, 19880, 10724, 16804, 3172, 9900, 16309, 996, 4015, 7661, 16380, 8128, 6333, 5350, 685, 3305, 21830, 11288, 14947, 13050, 20330, 16949, 17804, 5313, 3584, 1627, 7615, 17097, 571, 10494, 17271, 10159, 10455, 19040, 13362, 12518, 3442, 19458, 14862, 19947, 19152, 1079, 15992, 5598, 21710, 20590, 2825, 8617, 18149, 895, 19412, 13530, 5620, 11088, 644, 6547, 13169, 2857, 14297, 22598, 18163, 17101, 8454, 860, 15323, 4362, 13324, 6172, 20940, 17814, 5825, 15572, 19742, 5338, 4444, 2844, 18912, 20944, 18480, 19460, 3755, 16451, 12869, 17015, 7874, 16635, 9765, 19231, 15378, 15634, 21842, 14549, 10813, 15507, 18235, 1536, 21177, 19988, 2616, 10475, 2662, 4613, 219, 19648, 18304, 1120, 15500, 14728, 6730, 19453, 14593, 15318, 18987, 5871, 9054, 6798, 7533, 22814, 12961, 19410, 12943, 2683, 3094, 4988, 11951, 2807, 16930, 21701, 19713, 12868, 22371, 17044, 1117, 12796, 18899, 16646, 12710, 4791, 18863, 17031, 9117, 4505, 1036, 11711, 3433, 643, 11199, 15944, 9991, 9381, 4148, 12075, 10046, 21924, 1369, 21827, 15720, 779, 1499, 14055, 12519, 14026, 12250, 10769, 2296, 1967, 13960, 8356, 3260, 3198, 7608, 10352, 1752, 20151, 2156, 23087, 11589, 14579, 13228, 11634, 7801, 423, 5401, 7475, 2586, 993, 897, 5630, 22218, 8254, 20773, 15648, 22611, 8863, 4803, 5601, 1025, 22110, 20423, 7183, 3813, 2417, 9376, 12398, 11977, 15742, 18862, 21310, 6492, 8813, 2531, 9187, 1251, 7190, 12942, 3434, 21628]

2025-11-21 13:22:38,745 - INFO - 当前用时 11.64 秒
2025-11-21 13:22:38,745 - INFO - 将种子集 写入位置: /home/wen/pythonspace/data-test/Twitter/2025-11-20-powerlaw-n/seeds-with-Twitter/powerlaw_importance_sort_seedNum-513_SSRNum-150000.txt
2025-11-21 13:22:38,746 - INFO - 首次生成种子集 ris_coverage
2025-11-21 13:22:38,746 - INFO - 执行当前算法开始: ris_coverage
2025-11-21 13:22:39,895 - INFO - 反向图构建完成，处理了 65548 条边。
2025-11-21 13:22:39,898 - INFO - 图初始化完成，包含 23362 个节点，选择 513 个种子。
2025-11-21 13:22:39,898 - INFO - 
采样次数: 150000, 开始生成 150000 组SSR，使用 2 个并行进程...
2025-11-21 13:34:28,851 - INFO - 150000 个SSR生成完毕。耗时: 707.31 秒。
2025-11-21 13:34:31,163 - INFO - 
开始选择最优的种子节点 ...
2025-11-21 14:08:47,037 - INFO - 种子节点选择完毕。耗时: 2054.58 秒。
2025-11-21 14:08:54,599 - INFO - 最终选择的种子集: [3087, 8767, 10922, 1255, 10413, 19768, 18633, 5821, 12324, 18913, 21738, 3120, 3703, 14226, 2978, 7661, 20721, 1897, 4743, 17222, 883, 5633, 12847, 6968, 17773, 1286, 4541, 20889, 9407, 6710, 176, 8499, 20071, 20237, 2940, 8355, 2445, 8125, 9880, 12340, 8906, 1911, 19121, 10017, 409, 1723, 1952, 1005, 13281, 11013, 270, 6909, 4360, 16884, 44, 7121, 21307, 3426, 14021, 657, 20332, 2720, 12503, 2504, 11004, 7378, 2567, 8794, 22255, 21627, 1560, 765, 3448, 5666, 6527, 6306, 12984, 13716, 11225, 16184, 4120, 4513, 13521, 16517, 3188, 20203, 4471, 14617, 563, 22231, 7753, 15232, 1832, 14457, 18299, 15960, 9851, 15893, 2566, 18510, 4762, 601, 5610, 5870, 2876, 4658, 11522, 5556, 9603, 5416, 6491, 7421, 13331, 8087, 6992, 4093, 22989, 6722, 2000, 12251, 20541, 18380, 1425, 951, 1383, 8011, 14734, 3599, 1275, 10779, 4539, 4239, 9847, 9121, 2524, 20819, 17857, 11645, 9728, 20544, 3118, 5941, 2979, 14761, 19248, 7582, 11632, 19459, 14119, 2999, 10572, 1672, 6014, 2599, 8080, 9260, 21227, 11494, 2738, 2375, 2759, 3489, 14927, 2793, 11542, 3063, 13973, 15428, 6554, 3733, 1019, 9522, 2640, 21063, 13577, 3306, 11193, 323, 19295, 12767, 1792, 14725, 10138, 23271, 4192, 11451, 1373, 17201, 7974, 7704, 5344, 2586, 22501, 2309, 4776, 16428, 12154, 3125, 13443, 2067, 15240, 4558, 22640, 766, 5828, 6506, 2071, 14383, 4216, 17074, 1557, 3782, 16881, 20472, 12323, 4041, 10646, 4641, 5118, 6520, 17848, 8903, 5575, 1647, 12383, 6468, 14291, 8921, 7611, 21677, 2019, 19123, 17599, 20414, 19914, 9106, 746, 16132, 13768, 890, 1385, 17856, 12212, 10971, 8888, 5345, 18004, 22001, 19231, 13300, 13108, 1159, 14973, 12705, 1494, 4126, 7207, 2194, 11045, 4847, 977, 20160, 9357, 9058, 11325, 1426, 1990, 13392, 148, 19998, 6344, 9554, 9863, 16954, 7387, 22378, 1032, 9711, 17212, 8660, 14544, 8625, 21292, 18045, 3984, 14480, 9453, 10016, 20991, 21061, 6691, 2671, 18700, 17767, 6894, 17996, 311, 12482, 12136, 20028, 855, 16361, 15363, 16440, 7788, 146, 1965, 14400, 7707, 4818, 9221, 12722, 14108, 4084, 900, 21249, 21575, 12033, 384, 16645, 12460, 20673, 2163, 13676, 18842, 6006, 8176, 9037, 22191, 5593, 21416, 16206, 8443, 5366, 10448, 3420, 11243, 18663, 2421, 15890, 2449, 5153, 5751, 6736, 4689, 3903, 1438, 7109, 10977, 1198, 6637, 11847, 438, 11820, 5322, 2389, 13822, 3034, 3246, 542, 17050, 11336, 5694, 6959, 2709, 13988, 10767, 2874, 5488, 11048, 2767, 12378, 22474, 23016, 15657, 12626, 21561, 14199, 21305, 21469, 8220, 20948, 5574, 9670, 7763, 17613, 21418, 6267, 20167, 11405, 4240, 134, 3018, 15613, 12653, 10, 16442, 1538, 1009, 19938, 20282, 18078, 3763, 7072, 13236, 13426, 9785, 10864, 18412, 3006, 1764, 730, 7508, 20151, 3398, 5496, 18086, 2410, 18025, 2315, 9398, 386, 13046, 8280, 5559, 20448, 19615, 12965, 18352, 10877, 5168, 5529, 14255, 4790, 11052, 10213, 14057, 5002, 8182, 18493, 7260, 9193, 9608, 9920, 12105, 6493, 19640, 15251, 2764, 7736, 16902, 1644, 9161, 1750, 8095, 7978, 19494, 6028, 7181, 37, 9731, 19382, 5917, 20724, 11510, 11589, 5634, 1618, 17409, 21639, 3992, 4065, 20563, 10750, 9609, 3753, 8004, 3336, 2287, 2203, 16238, 22273, 1230, 3624, 12920, 16270, 13825, 13559, 3195, 11767, 19739, 879, 5194, 12176, 599, 10853, 2837, 16874, 12779, 17033, 1968, 18552, 4577, 21799, 1840, 8233, 20047, 7892, 5956, 10693, 15129, 14227, 18204]

2025-11-21 14:33:53,080 - INFO - 当前用时 4274.16 秒
2025-11-21 14:33:53,267 - INFO - 将种子集 写入位置: /home/wen/pythonspace/data-test/Twitter/2025-11-20-powerlaw-n/seeds-with-Twitter/powerlaw_ris_coverage_seedNum-513_SSRNum-150000.txt
2025-11-21 14:33:53,514 - INFO - 评估种子集: None
2025-11-21 14:33:53,529 - INFO - 评估函数开始
2025-11-21 14:33:53,529 - INFO - 当前模拟次数: [3]

2025-11-21 14:33:53,529 - INFO - 当前评估种子数: 513 ---
2025-11-21 14:33:53,540 - INFO -   Evaluating method: 'random' with 513 seeds.
2025-11-21 14:33:53,540 - INFO -     Running 3 simulations...
2025-11-21 14:33:53,540 - INFO - 		当前模拟轮次: 0
2025-11-21 15:07:39,311 - INFO - 加载数据集: Twitter
2025-11-21 15:07:39,355 - INFO - 复用概率分布 文件位置: /home/wen/pythonspace/data-test/Twitter/2025-11-20-powerlaw-n/distribution-in-Twitter/distribution-powerlaw_seedNum-513.pkl
2025-11-21 15:07:44,025 - INFO - 从当前位置 读取种子集 /home/wen/pythonspace/data-test/Twitter/2025-11-20-powerlaw-n/seeds-with-Twitter/powerlaw_random_seedNum-513_SSRNum-150000.txt
2025-11-21 15:07:44,080 - INFO - 从当前位置 读取种子集 /home/wen/pythonspace/data-test/Twitter/2025-11-20-powerlaw-n/seeds-with-Twitter/powerlaw_degreeTopM_seedNum-513_SSRNum-150000.txt
2025-11-21 15:07:44,099 - INFO - 从当前位置 读取种子集 /home/wen/pythonspace/data-test/Twitter/2025-11-20-powerlaw-n/seeds-with-Twitter/powerlaw_alpha_sort_seedNum-513_SSRNum-150000.txt
2025-11-21 15:07:44,134 - INFO - 从当前位置 读取种子集 /home/wen/pythonspace/data-test/Twitter/2025-11-20-powerlaw-n/seeds-with-Twitter/powerlaw_importance_sort_seedNum-513_SSRNum-150000.txt
2025-11-21 15:07:44,188 - INFO - 从当前位置 读取种子集 /home/wen/pythonspace/data-test/Twitter/2025-11-20-powerlaw-n/seeds-with-Twitter/powerlaw_ris_coverage_seedNum-513_SSRNum-150000.txt
2025-11-21 15:07:44,243 - INFO - 评估种子集: None
2025-11-21 15:07:44,243 - INFO - 评估函数开始
2025-11-21 15:07:44,243 - INFO - 当前模拟次数: [3]

2025-11-21 15:07:44,244 - INFO - 当前评估种子数: 513 ---
2025-11-21 15:07:44,244 - INFO -   Evaluating method: 'random' with 513 seeds.
2025-11-21 15:07:44,244 - INFO -     Running 3 simulations...
2025-11-21 15:07:44,244 - INFO - 		当前模拟轮次: 0
2025-11-21 15:07:44,416 - INFO - 		当前模拟轮次: 1
2025-11-21 15:07:44,566 - INFO - 		当前模拟轮次: 2
2025-11-21 15:07:44,708 - INFO -     Result: E[Users] = 250.6667, Var[Users] = 30.8889, Std_Dev = 5.5578
2025-11-21 15:07:45,145 - INFO -   Evaluating method: 'degreeTopM' with 513 seeds.
2025-11-21 15:07:45,146 - INFO -     Running 3 simulations...
2025-11-21 15:07:45,146 - INFO - 		当前模拟轮次: 0
2025-11-21 15:07:45,304 - INFO - 		当前模拟轮次: 1
2025-11-21 15:07:45,459 - INFO - 		当前模拟轮次: 2
2025-11-21 15:07:45,600 - INFO -     Result: E[Users] = 251.0000, Var[Users] = 50.6667, Std_Dev = 7.1181
2025-11-21 15:07:45,602 - INFO -   Evaluating method: 'alpha_sort' with 513 seeds.
2025-11-21 15:07:45,602 - INFO -     Running 3 simulations...
2025-11-21 15:07:45,602 - INFO - 		当前模拟轮次: 0
2025-11-21 15:07:45,753 - INFO - 		当前模拟轮次: 1
2025-11-21 15:07:45,907 - INFO - 		当前模拟轮次: 2
2025-11-21 15:07:46,032 - INFO -     Result: E[Users] = 275.6667, Var[Users] = 27.5556, Std_Dev = 5.2493
2025-11-21 15:07:46,034 - INFO -   Evaluating method: 'importance_sort' with 513 seeds.
2025-11-21 15:07:46,034 - INFO -     Running 3 simulations...
2025-11-21 15:07:46,034 - INFO - 		当前模拟轮次: 0
2025-11-21 15:07:46,182 - INFO - 		当前模拟轮次: 1
2025-11-21 15:07:46,359 - INFO - 		当前模拟轮次: 2
2025-11-21 15:07:46,537 - INFO -     Result: E[Users] = 261.0000, Var[Users] = 6.0000, Std_Dev = 2.4495
2025-11-21 15:07:46,538 - INFO -   Evaluating method: 'ris_coverage' with 513 seeds.
2025-11-21 15:07:46,538 - INFO -     Running 3 simulations...
2025-11-21 15:07:46,538 - INFO - 		当前模拟轮次: 0
2025-11-21 15:07:46,701 - INFO - 		当前模拟轮次: 1
2025-11-21 15:07:46,867 - INFO - 		当前模拟轮次: 2
2025-11-21 15:07:47,014 - INFO -     Result: E[Users] = 256.3333, Var[Users] = 27.5556, Std_Dev = 5.2493
2025-11-21 15:07:47,015 - INFO - 保存评估文件至: /home/wen/pythonspace/data-test/Twitter/2025-11-20-powerlaw-n/E-activated-Twitter/distribution-powerlaw/tsd_0.1-0.1-0.1/single_sim_func-AgainContinue/simuTimes-3_seedNum-513_monteCarloL-10_single_sim_func-AgainContinue_rrNumSamples-150000.csv
