2025-11-20 20:09:50,543 - INFO - 加载数据集: Twitter
2025-11-20 20:09:50,549 - INFO - 首次生成度相关概率分布 分布类型: 'powerlaw'.
2025-11-20 20:09:50,549 - INFO - ===> Generating 'Power-law Degree-Aware' distributions...
2025-11-20 20:09:50,558 - INFO - 保存概率分布 文件位置: /home/wen/pythonspace/data-test/Twitter/2025-11-20-powerlaw-n/distribution-in-Twitter/distribution-powerlaw_seedNum-64.pkl
2025-11-20 20:09:54,770 - INFO - 首次生成种子集 random
2025-11-20 20:09:54,771 - INFO - 执行当前算法开始: random
2025-11-20 20:09:54,771 - INFO - 当前用时 0.00 秒
2025-11-20 20:09:54,772 - INFO - 将种子集 写入位置: /home/wen/pythonspace/data-test/Twitter/2025-11-20-powerlaw-n/seeds-with-Twitter/powerlaw_random_seedNum-64_SSRNum-150000.txt
2025-11-20 20:09:54,772 - INFO - 首次生成种子集 degreeTopM
2025-11-20 20:09:54,772 - INFO - 执行当前算法开始: degreeTopM
2025-11-20 20:09:54,850 - INFO - 当前用时 0.08 秒
2025-11-20 20:09:54,851 - INFO - 将种子集 写入位置: /home/wen/pythonspace/data-test/Twitter/2025-11-20-powerlaw-n/seeds-with-Twitter/powerlaw_degreeTopM_seedNum-64_SSRNum-150000.txt
2025-11-20 20:09:54,851 - INFO - 首次生成种子集 alpha_sort
2025-11-20 20:09:54,851 - INFO - 执行当前算法开始: alpha_sort
2025-11-20 20:09:54,878 - INFO - 
选择的种子集 (按alpha排序): [15119, 22636, 4590, 14579, 6447, 15938, 7456, 6046, 17485, 22520, 5556, 16773, 6318, 10025, 19058, 4443, 2816, 5253, 13293, 18716, 12438, 420, 1934, 18526, 12844, 16096, 18144, 17178, 16795, 3314, 4384, 5197, 9727, 239, 20573, 6511, 16503, 14061, 3030, 22567, 2580, 16531, 18187, 17383, 2282, 16572, 10321, 5226, 18809, 9179, 6752, 27, 4448, 6994, 19398, 17413, 14277, 7336, 10372, 4278, 12538, 4771, 23071, 17537]

2025-11-20 20:09:54,879 - INFO - 当前用时 0.03 秒
2025-11-20 20:09:54,880 - INFO - 将种子集 写入位置: /home/wen/pythonspace/data-test/Twitter/2025-11-20-powerlaw-n/seeds-with-Twitter/powerlaw_alpha_sort_seedNum-64_SSRNum-150000.txt
2025-11-20 20:09:54,880 - INFO - 首次生成种子集 importance_sort
2025-11-20 20:09:54,880 - INFO - 执行当前算法开始: importance_sort
2025-11-20 20:10:06,758 - INFO - 
选择的种子集 (按Importance排序): [27, 9570, 9564, 9595, 9567, 9656, 9598, 9654, 9653, 32, 9617, 9650, 9659, 9, 44, 9582, 9565, 9647, 9660, 59, 104, 9590, 9577, 9585, 9613, 9622, 9630, 9608, 9589, 9651, 9632, 9561, 2, 90, 9612, 9649, 9601, 83, 4, 19, 9643, 9624, 80, 74, 9579, 9623, 257, 9571, 9618, 79, 9569, 9628, 9603, 9621, 9596, 9591, 256, 9572, 9592, 9605, 9604, 9661, 3, 9593]

2025-11-20 20:10:06,760 - INFO - 当前用时 11.88 秒
2025-11-20 20:10:06,760 - INFO - 将种子集 写入位置: /home/wen/pythonspace/data-test/Twitter/2025-11-20-powerlaw-n/seeds-with-Twitter/powerlaw_importance_sort_seedNum-64_SSRNum-150000.txt
2025-11-20 20:10:06,760 - INFO - 首次生成种子集 ris_coverage
2025-11-20 20:10:06,760 - INFO - 执行当前算法开始: ris_coverage
2025-11-20 20:10:07,464 - INFO - 反向图构建完成，处理了 65548 条边。
2025-11-20 20:10:07,467 - INFO - 图初始化完成，包含 23362 个节点，选择 64 个种子。
2025-11-20 20:10:07,467 - INFO - 
采样次数: 150000, 开始生成 150000 组SSR，使用 2 个并行进程...
2025-11-20 20:10:35,935 - INFO - 150000 个SSR生成完毕。耗时: 28.47 秒。
2025-11-20 20:10:35,946 - INFO - 
开始选择最优的种子节点 ...
2025-11-20 20:11:11,159 - INFO - 种子节点选择完毕。耗时: 35.21 秒。
2025-11-20 20:11:11,454 - INFO - 最终选择的种子集: [4923, 13407, 15642, 7413, 2240, 23117, 5474, 557, 16012, 786, 77, 19159, 18972, 21557, 4036, 1026, 164, 4480, 6823, 6322, 11417, 14539, 3512, 6155, 2594, 13739, 8009, 638, 1915, 18050, 11741, 22313, 9375, 16267, 13827, 4100, 11267, 4386, 9133, 17687, 14980, 11034, 1798, 19710, 9991, 202, 14167, 10434, 6109, 570, 2365, 10992, 1629, 14839, 18159, 22491, 16222, 22033, 816, 2158, 17097, 2938, 257, 19047]

2025-11-20 20:11:12,937 - INFO - 当前用时 66.18 秒
2025-11-20 20:11:12,937 - INFO - 将种子集 写入位置: /home/wen/pythonspace/data-test/Twitter/2025-11-20-powerlaw-n/seeds-with-Twitter/powerlaw_ris_coverage_seedNum-64_SSRNum-150000.txt
2025-11-20 20:11:12,940 - INFO - 评估种子集: None
2025-11-20 20:11:12,941 - INFO - 评估函数开始
2025-11-20 20:11:12,941 - INFO - 当前模拟次数: [3]

2025-11-20 20:11:12,941 - INFO - 当前评估种子数: 64 ---
2025-11-20 20:11:12,941 - INFO -   Evaluating method: 'random' with 64 seeds.
2025-11-20 20:11:12,941 - INFO -     Running 3 simulations...
2025-11-20 20:11:12,941 - INFO - 		当前模拟轮次: 0
2025-11-20 20:11:12,968 - INFO - 		当前模拟轮次: 1
2025-11-20 20:11:12,987 - INFO - 		当前模拟轮次: 2
2025-11-20 20:11:13,001 - INFO -     Result: E[Users] = 30.0000, Var[Users] = 8.6667, Std_Dev = 2.9439
2025-11-20 20:11:13,007 - INFO -   Evaluating method: 'degreeTopM' with 64 seeds.
2025-11-20 20:11:13,007 - INFO -     Running 3 simulations...
2025-11-20 20:11:13,007 - INFO - 		当前模拟轮次: 0
2025-11-20 20:11:13,024 - INFO - 		当前模拟轮次: 1
2025-11-20 20:11:13,039 - INFO - 		当前模拟轮次: 2
2025-11-20 20:11:13,053 - INFO -     Result: E[Users] = 28.0000, Var[Users] = 14.0000, Std_Dev = 3.7417
2025-11-20 20:11:13,055 - INFO -   Evaluating method: 'alpha_sort' with 64 seeds.
2025-11-20 20:11:13,055 - INFO -     Running 3 simulations...
2025-11-20 20:11:13,055 - INFO - 		当前模拟轮次: 0
2025-11-20 20:11:13,073 - INFO - 		当前模拟轮次: 1
2025-11-20 20:11:13,088 - INFO - 		当前模拟轮次: 2
2025-11-20 20:11:13,108 - INFO -     Result: E[Users] = 38.0000, Var[Users] = 20.6667, Std_Dev = 4.5461
2025-11-20 20:11:13,109 - INFO -   Evaluating method: 'importance_sort' with 64 seeds.
2025-11-20 20:11:13,109 - INFO -     Running 3 simulations...
2025-11-20 20:11:13,109 - INFO - 		当前模拟轮次: 0
2025-11-20 20:11:13,127 - INFO - 		当前模拟轮次: 1
2025-11-20 20:11:13,135 - INFO - 		当前模拟轮次: 2
2025-11-20 20:11:13,148 - INFO -     Result: E[Users] = 25.6667, Var[Users] = 20.2222, Std_Dev = 4.4969
2025-11-20 20:11:13,149 - INFO -   Evaluating method: 'ris_coverage' with 64 seeds.
2025-11-20 20:11:13,149 - INFO -     Running 3 simulations...
2025-11-20 20:11:13,149 - INFO - 		当前模拟轮次: 0
2025-11-20 20:11:13,167 - INFO - 		当前模拟轮次: 1
2025-11-20 20:11:13,180 - INFO - 		当前模拟轮次: 2
2025-11-20 20:11:13,195 - INFO -     Result: E[Users] = 29.6667, Var[Users] = 22.8889, Std_Dev = 4.7842
2025-11-20 20:11:13,196 - INFO - 保存评估文件至: /home/wen/pythonspace/data-test/Twitter/2025-11-20-powerlaw-n/E-activated-Twitter/distribution-powerlaw/tsd_0.1-0.1-0.1/single_sim_func-AgainReJudge/simuTimes-3_seedNum-64_monteCarloL-10_single_sim_func-AgainReJudge_rrNumSamples-150000.csv
2025-11-20 20:11:13,208 - INFO - 加载数据集: Twitter
2025-11-20 20:11:13,210 - INFO - 首次生成度相关概率分布 分布类型: 'powerlaw'.
2025-11-20 20:11:13,210 - INFO - ===> Generating 'Power-law Degree-Aware' distributions...
2025-11-20 20:11:13,215 - INFO - 保存概率分布 文件位置: /home/wen/pythonspace/data-test/Twitter/2025-11-20-powerlaw-n/distribution-in-Twitter/distribution-powerlaw_seedNum-1064.pkl
2025-11-20 20:11:17,302 - INFO - 首次生成种子集 random
2025-11-20 20:11:17,302 - INFO - 执行当前算法开始: random
2025-11-20 20:11:17,303 - INFO - 当前用时 0.00 秒
2025-11-20 20:11:17,303 - INFO - 将种子集 写入位置: /home/wen/pythonspace/data-test/Twitter/2025-11-20-powerlaw-n/seeds-with-Twitter/powerlaw_random_seedNum-1064_SSRNum-150000.txt
2025-11-20 20:11:17,303 - INFO - 首次生成种子集 degreeTopM
2025-11-20 20:11:17,303 - INFO - 执行当前算法开始: degreeTopM
2025-11-20 20:11:17,305 - INFO - 当前用时 0.00 秒
2025-11-20 20:11:17,305 - INFO - 将种子集 写入位置: /home/wen/pythonspace/data-test/Twitter/2025-11-20-powerlaw-n/seeds-with-Twitter/powerlaw_degreeTopM_seedNum-1064_SSRNum-150000.txt
2025-11-20 20:11:17,306 - INFO - 首次生成种子集 alpha_sort
2025-11-20 20:11:17,306 - INFO - 执行当前算法开始: alpha_sort
2025-11-20 20:11:17,319 - INFO - 
选择的种子集 (按alpha排序): [20249, 1380, 3812, 8691, 10371, 21717, 7962, 15596, 22163, 11442, 2515, 15870, 2181, 9064, 17717, 5361, 6997, 1434, 19155, 20018, 7315, 8071, 12573, 2916, 6861, 11861, 2095, 12449, 9877, 10939, 17355, 9118, 17543, 17224, 16436, 21192, 16048, 7299, 55, 5908, 2953, 413, 3411, 11341, 4509, 9120, 20172, 2652, 657, 14198, 8999, 3942, 900, 2305, 4044, 16109, 12373, 5716, 16828, 3823, 14619, 18296, 11542, 19653, 17965, 13223, 3534, 18261, 7472, 21377, 15856, 4794, 4449, 19077, 19005, 11485, 18343, 12121, 17027, 17955, 6190, 12465, 9245, 532, 20045, 21467, 12029, 10103, 9952, 21427, 1078, 17092, 5293, 14966, 3518, 11512, 19171, 14997, 7118, 129, 18049, 7041, 5890, 807, 20134, 5496, 20511, 10645, 19269, 12052, 10258, 22979, 15775, 16516, 1049, 6452, 1740, 2348, 4725, 12457, 23251, 8111, 13980, 3287, 771, 22631, 11398, 16932, 8432, 22283, 23196, 11376, 22950, 14326, 11028, 11832, 4042, 15, 10988, 14756, 7096, 4278, 22311, 20490, 19592, 18250, 5363, 20207, 11830, 739, 4277, 3709, 15025, 21322, 2480, 13387, 1723, 19085, 8164, 6612, 18472, 4772, 1327, 16428, 21960, 8600, 19930, 466, 8390, 4920, 2321, 16034, 15301, 1274, 22295, 20982, 7834, 983, 6400, 20724, 17187, 2300, 20468, 9657, 2293, 13262, 21757, 22443, 19400, 11169, 2940, 10159, 10486, 9874, 8177, 2874, 2686, 10388, 14109, 154, 14557, 16778, 6097, 5298, 2131, 22455, 641, 3492, 16666, 17925, 23206, 8483, 9600, 1491, 13795, 10947, 7313, 22090, 21562, 5319, 12159, 759, 14357, 22616, 15153, 7825, 20406, 2771, 17663, 156, 16525, 5719, 4740, 19756, 20048, 7666, 20720, 15285, 6886, 19172, 1745, 1461, 2517, 283, 13475, 22559, 3747, 19367, 12980, 2755, 14393, 328, 7310, 4091, 12538, 11014, 2966, 3377, 17208, 9692, 16312, 19055, 1957, 17391, 7745, 11387, 10485, 14969, 18693, 13881, 19224, 10107, 20574, 750, 20513, 66, 13480, 13952, 13623, 6395, 19484, 16838, 13383, 18402, 12147, 13566, 19345, 11851, 11181, 16163, 11628, 4943, 806, 20862, 19597, 14776, 9707, 14576, 6406, 12010, 16944, 10496, 18368, 21697, 7707, 5800, 7888, 817, 14268, 5026, 4462, 22883, 17103, 16640, 13813, 22910, 13463, 19676, 20877, 21643, 18134, 5555, 4626, 7208, 5049, 12984, 13194, 12281, 3612, 21352, 6857, 22908, 14151, 10105, 20830, 2375, 19219, 14590, 20078, 12753, 15881, 20054, 3535, 1920, 735, 15361, 3011, 18022, 22649, 19656, 15525, 22848, 8308, 12491, 9642, 3572, 9264, 17040, 9704, 17058, 4248, 17014, 21835, 10395, 11211, 10305, 16360, 11058, 18260, 8263, 21718, 13884, 9475, 9868, 2957, 10244, 7007, 22073, 11076, 17795, 20408, 14149, 19502, 4348, 8045, 19799, 6371, 17435, 15344, 3740, 18514, 646, 16200, 14813, 825, 5317, 4394, 14414, 15478, 11092, 14138, 11062, 922, 20372, 20333, 4544, 21419, 5965, 1077, 3654, 4753, 753, 65, 649, 8137, 2917, 13375, 10719, 22666, 5662, 21553, 18004, 14153, 15084, 3440, 9001, 18389, 23274, 11856, 15667, 385, 8207, 11536, 15999, 17479, 5656, 11282, 7354, 9076, 11034, 9679, 15006, 14065, 76, 17836, 8986, 710, 7681, 9649, 23314, 22800, 22448, 19121, 8406, 19290, 16329, 6176, 16277, 4708, 19276, 22166, 14543, 7855, 17605, 4861, 1260, 16371, 18043, 10931, 9435, 20162, 1588, 11234, 6868, 4421, 5268, 18307, 4727, 4383, 22116, 4468, 21079, 6641, 4358, 4285, 8056, 13275, 7197, 1739, 2734, 21428, 23174, 16492, 18017, 9896, 14300, 1561, 13410, 12238, 21312, 5514, 7714, 8819, 5546, 507, 3337, 14026, 19991, 18640, 20640, 3783, 15224, 11113, 7237, 7818, 5564, 14089, 19306, 12453, 8690, 13408, 13044, 9353, 4203, 22102, 6029, 18098, 17357, 9659, 16346, 11046, 19157, 21166, 7239, 4364, 16519, 10408, 1390, 1950, 3216, 19201, 7469, 11882, 2499, 2259, 14507, 17249, 2721, 12715, 16920, 17154, 3234, 21061, 13075, 1306, 17845, 6901, 22257, 17757, 16784, 9615, 15238, 17196, 8713, 755, 12133, 17881, 13287, 4648, 16744, 12988, 6628, 14351, 2933, 20621, 19583, 12514, 12676, 3998, 6245, 546, 17626, 20247, 19774, 10658, 12239, 3061, 4205, 3282, 12, 11333, 22801, 12633, 18462, 2233, 7502, 13714, 6859, 11185, 21622, 11492, 14144, 7009, 19964, 17447, 15083, 18730, 14956, 14369, 1440, 22235, 12530, 21701, 4656, 15444, 8532, 576, 20548, 17822, 20383, 3595, 7002, 16575, 4548, 12409, 10611, 22760, 18871, 7457, 15732, 394, 21168, 21066, 17019, 2073, 15049, 23318, 1315, 21925, 7194, 8310, 5557, 2635, 9556, 737, 13786, 10625, 6193, 20135, 10788, 14958, 8858, 14160, 20942, 16405, 21496, 14797, 1084, 16867, 14878, 3815, 7260, 4351, 22736, 12617, 20686, 2158, 10096, 20559, 13897, 6666, 22196, 14380, 20754, 15012, 273, 17763, 9336, 11961, 3159, 10555, 13788, 2665, 1468, 1042, 6349, 8571, 10445, 535, 6872, 7209, 7123, 22050, 20146, 11200, 3285, 14683, 17093, 6106, 2410, 18699, 5183, 22792, 16496, 14114, 12185, 1888, 10504, 4153, 12697, 11239, 9082, 15425, 4810, 21492, 7779, 8924, 10384, 21986, 10095, 16623, 14938, 11588, 15303, 3676, 3858, 21977, 5262, 13620, 11843, 17300, 9995, 21360, 19389, 8105, 6577, 14903, 19261, 5633, 1948, 4323, 21007, 3789, 11637, 10130, 149, 17921, 23162, 17635, 15467, 18987, 15263, 21226, 2077, 12634, 1212, 10756, 5701, 4321, 10228, 11176, 11276, 2243, 20536, 21542, 19398, 10465, 14929, 4390, 6098, 17699, 8377, 4237, 3764, 15705, 2988, 21117, 5000, 23018, 16031, 2584, 728, 19703, 17823, 10381, 18781, 773, 9309, 16975, 236, 19842, 20607, 11706, 14978, 7979, 6085, 12314, 12195, 6603, 16683, 10155, 5821, 10180, 1363, 6244, 6980, 22538, 18964, 18802, 1670, 2084, 12576, 19514, 14923, 10832, 11940, 17480, 5098, 19647, 4289, 5735, 18064, 8901, 803, 16216, 19490, 17337, 11803, 21092, 6427, 22381, 3821, 7925, 5834, 15498, 21052, 16433, 7693, 11954, 257, 7434, 6525, 13969, 22359, 1352, 9406, 18216, 8442, 17566, 17947, 6168, 22613, 11641, 1985, 16703, 18527, 3847, 3803, 18879, 17849, 17029, 16630, 14348, 16100, 10593, 2260, 17145, 9317, 7415, 18876, 21668, 12797, 9533, 3444, 19705, 7045, 9722, 2703, 20507, 8652, 3174, 19395, 1325, 16625, 127, 6355, 22070, 4539, 1626, 22830, 8155, 9412, 12342, 12917, 13823, 12507, 13935, 18056, 6460, 2361, 17232, 1516, 3660, 4860, 17729, 20803, 4909, 18878, 8110, 7959, 4879, 3604, 5257, 20494, 182, 14688, 9924, 12965, 10954, 2397, 15031, 14773, 11989, 3841, 17567, 1037, 23099, 8328, 14626, 12089, 12276, 18203, 7438, 7407, 21174, 1808, 3588, 17292, 2640, 18707, 16072, 18342, 9902, 15154, 21284, 15255, 21870, 21398, 5911, 20278, 6822, 11159, 22751, 12374, 19943, 17725, 11920, 5310, 17121, 19722, 16992, 13477, 17412, 18617, 11884, 13641, 17111, 15703, 850, 12282, 1732, 763, 7668, 5003, 2993, 16049, 11118, 7322, 22175, 22537, 8008, 11059, 12011, 2352, 7840, 8813, 687, 5793, 12788, 68, 13759, 8482, 15253, 19492, 13877, 7765, 8845, 6414, 4422, 17032, 22511, 1863, 716, 15711, 6835, 18094, 17125, 22862, 8443, 19932, 3673, 9531, 3324, 9310, 17870, 13834, 3600, 3558, 8543, 11619, 17576, 6520, 18158, 14141, 20187, 1066, 10652, 20205, 7066, 11845, 17884, 3112, 12868, 13435, 5082, 12713, 6313, 10857, 956, 9773, 3412, 5746, 17916, 19161, 16224, 9173, 22758, 17241, 17023, 6479, 20213, 17963, 22884, 13023, 5988, 10035, 3466, 16803, 18223, 1025, 9876, 12323, 7608, 20352]

2025-11-20 20:11:17,322 - INFO - 当前用时 0.02 秒
2025-11-20 20:11:17,322 - INFO - 将种子集 写入位置: /home/wen/pythonspace/data-test/Twitter/2025-11-20-powerlaw-n/seeds-with-Twitter/powerlaw_alpha_sort_seedNum-1064_SSRNum-150000.txt
2025-11-20 20:11:17,323 - INFO - 首次生成种子集 importance_sort
2025-11-20 20:11:17,323 - INFO - 执行当前算法开始: importance_sort
2025-11-20 20:11:28,768 - INFO - 
选择的种子集 (按Importance排序): [9642, 9567, 9657, 9600, 9611, 9626, 9649, 9615, 76, 9659, 9589, 9580, 75, 9614, 9648, 257, 9654, 9570, 9590, 9607, 9573, 79, 6, 9655, 9583, 9599, 9617, 101, 9593, 90, 7, 9633, 9566, 9596, 80, 21, 74, 9579, 32, 9585, 9603, 9582, 9643, 9651, 9564, 9636, 103, 3, 9644, 8, 9591, 9586, 9602, 9562, 9595, 9656, 9594, 9561, 106, 9628, 9569, 78, 9635, 9645, 45, 27, 9634, 9581, 9576, 9577, 9632, 9574, 9630, 59, 9604, 9624, 9653, 81, 44, 9616, 9652, 9650, 9660, 9588, 1, 9605, 9610, 9, 256, 9638, 9641, 16, 9613, 9584, 9637, 9621, 9601, 73, 9623, 9622, 9568, 9592, 83, 9619, 9661, 9587, 9606, 9618, 9608, 9629, 9646, 9640, 9612, 9597, 9609, 9631, 4, 9575, 9639, 9627, 19, 2, 104, 38, 9620, 9625, 9578, 9565, 82, 9571, 72, 9572, 9563, 9658, 178, 39, 9647, 255, 9598, 20249, 1380, 3812, 8691, 10371, 21717, 7962, 15596, 22163, 11442, 2515, 15870, 2181, 9064, 17717, 5361, 6997, 1434, 19155, 20018, 7315, 8071, 12573, 2916, 6861, 11861, 2095, 12449, 9877, 10939, 17355, 9118, 17543, 17224, 16436, 21192, 16048, 7299, 55, 5908, 2953, 413, 3411, 11341, 4509, 9120, 20172, 2652, 657, 14198, 8999, 3942, 900, 2305, 4044, 16109, 12373, 5716, 16828, 3823, 14619, 18296, 11542, 19653, 17965, 13223, 3534, 18261, 7472, 21377, 15856, 4794, 4449, 19077, 19005, 11485, 18343, 12121, 17027, 17955, 6190, 12465, 9245, 532, 20045, 21467, 12029, 10103, 9952, 21427, 1078, 17092, 5293, 14966, 3518, 11512, 19171, 14997, 7118, 129, 18049, 7041, 5890, 807, 20134, 5496, 20511, 10645, 19269, 12052, 10258, 22979, 15775, 16516, 1049, 6452, 1740, 2348, 4725, 12457, 23251, 8111, 13980, 3287, 771, 22631, 11398, 16932, 8432, 22283, 23196, 11376, 22950, 14326, 11028, 11832, 4042, 15, 10988, 14756, 7096, 4278, 22311, 20490, 19592, 18250, 5363, 20207, 11830, 739, 4277, 3709, 15025, 21322, 2480, 13387, 1723, 19085, 8164, 6612, 18472, 4772, 1327, 16428, 21960, 8600, 19930, 466, 8390, 4920, 2321, 16034, 15301, 1274, 22295, 20982, 7834, 983, 6400, 20724, 17187, 2300, 20468, 2293, 13262, 21757, 22443, 19400, 11169, 2940, 10159, 10486, 9874, 8177, 2874, 2686, 10388, 14109, 154, 14557, 16778, 6097, 5298, 2131, 22455, 641, 3492, 16666, 17925, 23206, 8483, 1491, 13795, 10947, 7313, 22090, 21562, 5319, 12159, 759, 14357, 22616, 15153, 7825, 20406, 2771, 17663, 156, 16525, 5719, 4740, 19756, 20048, 7666, 20720, 15285, 6886, 19172, 1745, 1461, 2517, 283, 13475, 22559, 3747, 19367, 12980, 2755, 14393, 328, 7310, 4091, 12538, 11014, 2966, 3377, 17208, 9692, 16312, 19055, 1957, 17391, 7745, 11387, 10485, 14969, 18693, 13881, 19224, 10107, 20574, 750, 20513, 66, 13480, 13952, 13623, 6395, 19484, 16838, 13383, 18402, 12147, 13566, 19345, 11851, 11181, 16163, 11628, 4943, 806, 20862, 19597, 14776, 9707, 14576, 6406, 12010, 16944, 10496, 18368, 21697, 7707, 5800, 7888, 817, 14268, 5026, 4462, 22883, 17103, 16640, 13813, 22910, 13463, 19676, 20877, 21643, 18134, 5555, 4626, 7208, 5049, 12984, 13194, 12281, 3612, 21352, 6857, 22908, 14151, 10105, 20830, 2375, 19219, 14590, 20078, 12753, 15881, 20054, 3535, 1920, 735, 15361, 3011, 18022, 22649, 19656, 15525, 22848, 8308, 12491, 3572, 9264, 17040, 9704, 17058, 4248, 17014, 21835, 10395, 11211, 10305, 16360, 11058, 18260, 8263, 21718, 13884, 9475, 9868, 2957, 10244, 7007, 22073, 11076, 17795, 20408, 14149, 19502, 4348, 8045, 19799, 6371, 17435, 15344, 3740, 18514, 646, 16200, 14813, 825, 5317, 4394, 14414, 15478, 11092, 14138, 11062, 922, 20372, 20333, 4544, 21419, 5965, 1077, 3654, 4753, 753, 65, 649, 8137, 2917, 13375, 10719, 22666, 5662, 21553, 18004, 14153, 15084, 3440, 9001, 18389, 23274, 11856, 15667, 385, 8207, 11536, 15999, 17479, 5656, 11282, 7354, 9076, 11034, 9679, 15006, 14065, 17836, 8986, 710, 7681, 23314, 22800, 22448, 19121, 8406, 19290, 16329, 6176, 16277, 4708, 19276, 22166, 14543, 7855, 17605, 4861, 1260, 16371, 18043, 10931, 9435, 20162, 1588, 11234, 6868, 4421, 5268, 18307, 4727, 4383, 22116, 4468, 21079, 6641, 4358, 4285, 8056, 13275, 7197, 1739, 2734, 21428, 23174, 16492, 18017, 9896, 14300, 1561, 13410, 12238, 21312, 5514, 7714, 8819, 5546, 507, 3337, 14026, 19991, 18640, 20640, 3783, 15224, 11113, 7237, 7818, 5564, 14089, 19306, 12453, 8690, 13408, 13044, 9353, 4203, 22102, 6029, 18098, 17357, 16346, 11046, 19157, 21166, 7239, 4364, 16519, 10408, 1390, 1950, 3216, 19201, 7469, 11882, 2499, 2259, 14507, 17249, 2721, 12715, 16920, 17154, 3234, 21061, 13075, 1306, 17845, 6901, 22257, 17757, 16784, 15238, 17196, 8713, 755, 12133, 17881, 13287, 4648, 16744, 12988, 6628, 14351, 2933, 20621, 19583, 12514, 12676, 3998, 6245, 546, 17626, 20247, 19774, 10658, 12239, 3061, 4205, 3282, 12, 11333, 22801, 12633, 18462, 2233, 7502, 13714, 6859, 11185, 21622, 11492, 14144, 7009, 19964, 17447, 15083, 18730, 14956, 14369, 1440, 22235, 12530, 21701, 4656, 15444, 8532, 576, 20548, 17822, 20383, 3595, 7002, 16575, 4548, 12409, 10611, 22760, 18871, 7457, 15732, 394, 21168, 21066, 17019, 2073, 15049, 23318, 1315, 21925, 7194, 8310, 5557, 2635, 9556, 737, 13786, 10625, 6193, 20135, 10788, 14958, 8858, 14160, 20942, 16405, 21496, 14797, 1084, 16867, 14878, 3815, 7260, 4351, 22736, 12617, 20686, 2158, 10096, 20559, 13897, 6666, 22196, 14380, 20754, 15012, 273, 17763, 9336, 11961, 3159, 10555, 13788, 2665, 1468, 1042, 6349, 8571, 10445, 535, 6872, 7209, 7123, 22050, 20146, 11200, 3285, 14683, 17093, 6106, 2410, 18699, 5183, 22792, 16496, 14114, 12185, 1888, 10504, 4153, 12697, 11239, 9082, 15425, 4810, 21492, 7779, 8924, 10384, 21986, 10095, 16623, 14938, 11588, 15303, 3676, 3858, 21977, 5262, 13620, 11843, 17300, 9995, 21360, 19389, 8105, 6577, 14903, 19261, 5633, 1948, 4323, 21007, 3789, 11637, 10130, 149, 17921, 23162, 17635, 15467, 18987, 15263, 21226, 2077, 12634, 1212, 10756, 5701, 4321, 10228, 11176, 11276, 2243, 20536, 21542, 19398, 10465, 14929, 4390, 6098, 17699, 8377, 4237, 3764, 15705, 2988, 21117, 5000, 23018, 16031, 2584, 728, 19703, 17823, 10381, 18781, 773, 9309, 16975, 236, 19842, 20607, 11706, 14978, 7979, 6085, 12314, 12195, 6603, 16683, 10155, 5821, 10180, 1363, 6244, 6980, 22538, 18964, 18802, 1670, 2084, 12576, 19514, 14923, 10832, 11940, 17480, 5098, 19647, 4289, 5735, 18064, 8901, 803, 16216, 19490, 17337, 11803, 21092, 6427, 22381, 3821, 7925, 5834, 15498, 21052, 16433, 7693, 11954, 7434, 6525, 13969, 22359, 1352, 9406, 18216, 8442, 17566, 17947, 6168, 22613, 11641, 1985, 16703, 18527, 3847, 3803, 18879, 17849, 17029, 16630, 14348, 16100, 10593, 2260, 17145, 9317, 7415, 18876, 21668, 12797, 9533, 3444, 19705, 7045, 9722, 2703, 20507, 8652, 3174, 19395, 1325, 16625, 127, 6355, 22070, 4539, 1626, 22830, 8155, 9412, 12342, 12917, 13823, 12507, 13935, 18056, 6460, 2361, 17232, 1516, 3660, 4860, 17729, 20803, 4909, 18878, 8110, 7959, 4879, 3604, 5257, 20494, 182, 14688, 9924, 12965, 10954, 2397, 15031, 14773, 11989, 3841, 17567, 1037, 23099, 8328, 14626, 12089, 12276, 18203, 7438]

2025-11-20 20:11:28,770 - INFO - 当前用时 11.45 秒
2025-11-20 20:11:28,770 - INFO - 将种子集 写入位置: /home/wen/pythonspace/data-test/Twitter/2025-11-20-powerlaw-n/seeds-with-Twitter/powerlaw_importance_sort_seedNum-1064_SSRNum-150000.txt
2025-11-20 20:11:28,771 - INFO - 首次生成种子集 ris_coverage
2025-11-20 20:11:28,772 - INFO - 执行当前算法开始: ris_coverage
2025-11-20 20:11:28,820 - INFO - 反向图构建完成，处理了 65548 条边。
2025-11-20 20:11:28,823 - INFO - 图初始化完成，包含 23362 个节点，选择 1064 个种子。
2025-11-20 20:11:28,823 - INFO - 
采样次数: 150000, 开始生成 150000 组SSR，使用 2 个并行进程...
