2026-01-05 16:28:01,348 - INFO - 加载数据集: facebook
2026-01-05 16:28:01,349 - INFO - --- 矩阵分析 ---
2026-01-05 16:28:01,349 - INFO - 节点数 (N): 4039
2026-01-05 16:28:01,349 - INFO - 边数 (E): 176468
2026-01-05 16:28:01,349 - INFO - 密度 (Density): 0.01081728 (越小越稀疏)
2026-01-05 16:28:01,349 - INFO - 稀疏度 (Sparsity): 0.98918272 (越接近1越稀疏)
2026-01-05 16:28:01,350 - INFO - 平均度数 (Avg Degree): 43.69
2026-01-05 16:28:01,351 - INFO - 首次生成度相关概率分布 分布类型: 'random'.
2026-01-05 16:28:01,351 - INFO - ===> Generating 'Dirichlet' distributions with alpha=[500, 500, 500]...
2026-01-05 16:28:01,353 - INFO - 保存概率分布 文件位置: /root/pythonspace/data-test/facebook/2026-1-5-watch-fans-50-random_dirichlet=[500,500,500]/distribution-in-facebook/distribution-random_seedNum-100.pkl
2026-01-05 16:28:01,353 - INFO - >>> 正在注入‘社区效应/看门人机制’以区分算法能力...
2026-01-05 16:28:01,393 - INFO - 首次生成种子集 random
2026-01-05 16:28:01,393 - INFO - 执行当前算法开始: random
2026-01-05 16:28:01,393 - INFO - 数据集节点总数:  n = 4039, m = 100
2026-01-05 16:28:01,393 - INFO - 选择 100  [2359, 678, 3126, 2691, 2373, 3893, 804, 2896, 1599, 2539, 3608, 3849, 490, 3095, 4001, 836, 2285, 144, 3490, 978, 3021, 3665, 2362, 599, 183, 3388, 1055, 2330, 2623, 294, 1569, 3231, 478, 2055, 586, 1826, 3930, 2061, 2900, 3206, 873, 3445, 2186, 2984, 1510, 2572, 850, 2453, 1711, 3739, 3554, 1605, 290, 2018, 1377, 1461, 181, 1456, 2856, 3294, 1781, 2334, 540, 1207, 3147, 1797, 299, 236, 3012, 1374, 2473, 1650, 134, 3122, 2731, 208, 2940, 1161, 1315, 3741, 79, 2352, 452, 3256, 3166, 483, 2780, 933, 3507, 2928, 3497, 74, 3059, 760, 2089, 2788, 1282, 217, 362, 2204]

2026-01-05 16:28:01,393 - INFO - 当前用时 0.00 秒
2026-01-05 16:28:01,394 - INFO - 将种子集 写入位置: /root/pythonspace/data-test/facebook/2026-1-5-watch-fans-50-random_dirichlet=[500,500,500]/seeds-with-facebook/random_random_seedNum-100_SSRNum-100000.txt
2026-01-05 16:28:01,394 - INFO - 首次生成种子集 degreeTopM
2026-01-05 16:28:01,394 - INFO - 执行当前算法开始: degreeTopM
2026-01-05 16:28:01,394 - INFO - 依据: 选择连接数（度数）最多的节点。
2026-01-05 16:28:01,395 - INFO - 选择的 Top M 节点及其度数:
2026-01-05 16:28:01,395 - INFO - 
2026-01-05 16:28:01,395 - INFO - 当前用时 0.00 秒
2026-01-05 16:28:01,395 - INFO - 将种子集 写入位置: /root/pythonspace/data-test/facebook/2026-1-5-watch-fans-50-random_dirichlet=[500,500,500]/seeds-with-facebook/random_degreeTopM_seedNum-100_SSRNum-100000.txt
2026-01-05 16:28:01,395 - INFO - 首次生成种子集 pageRank
2026-01-05 16:28:01,395 - INFO - 执行当前算法开始: pageRank
2026-01-05 16:28:01,395 - INFO - --- Running: PageRank (on tranProMatrix) Top M ---
2026-01-05 16:28:02,230 - INFO - Selected PageRank seeds: [1821, 107, 351, 0, 352, 348, 1831, 1827, 349, 1843, 366, 2088, 362, 2130, 56, 25, 1973, 322, 365, 350, 67, 3626, 3226, 1858, 271, 371, 403, 119, 3581, 3946, 277, 1373, 1285, 3634, 21, 26, 1850, 1490, 2508, 252, 1573, 838, 2188, 378, 1149, 2806, 3559, 1215, 122, 572, 917, 1268, 1950, 2902, 1538, 1864, 368, 1070, 136, 2427, 2055, 2154, 2305, 2832, 239, 2622, 2315, 367, 2403, 1253, 359, 685, 2797, 315, 203, 9, 360, 571, 2053, 958, 2871, 200, 1892, 2087, 361, 1312, 1663, 2689, 382, 1431, 1466, 1890, 304, 1699, 763, 1075, 1457, 2933, 612, 2594]
2026-01-05 16:28:02,252 - INFO - 当前用时 0.86 秒
2026-01-05 16:28:02,252 - INFO - 将种子集 写入位置: /root/pythonspace/data-test/facebook/2026-1-5-watch-fans-50-random_dirichlet=[500,500,500]/seeds-with-facebook/random_pageRank_seedNum-100_SSRNum-100000.txt
2026-01-05 16:28:02,253 - INFO - 首次生成种子集 alpha_sort
2026-01-05 16:28:02,253 - INFO - 执行当前算法开始: alpha_sort
2026-01-05 16:28:02,254 - INFO - 4039 个节点的alpha值降序排序 done
2026-01-05 16:28:02,254 - INFO - ==============>> [(1, 0.4), (2, 0.4), (3, 0.4), (4, 0.4), (5, 0.4), (6, 0.4), (7, 0.4), (8, 0.4), (9, 0.4), (10, 0.4)]
2026-01-05 16:28:02,254 - INFO - 
选择的种子集 (按alpha排序): [1, 2, 3, 4, 5, 6, 7, 8, 9, 10, 11, 12, 13, 14, 15, 16, 17, 18, 19, 20, 21, 22, 23, 24, 25, 26, 27, 28, 29, 30, 31, 32, 33, 34, 35, 36, 37, 38, 39, 40, 41, 42, 43, 44, 45, 46, 47, 48, 49, 50, 51, 52, 53, 54, 55, 56, 57, 58, 59, 60, 61, 62, 63, 64, 65, 66, 67, 68, 69, 70, 71, 72, 73, 74, 75, 76, 77, 78, 79, 80, 81, 82, 83, 84, 85, 86, 87, 88, 89, 90, 91, 92, 93, 94, 95, 96, 97, 98, 99, 100]

2026-01-05 16:28:02,254 - INFO - 当前用时 0.00 秒
2026-01-05 16:28:02,254 - INFO - 将种子集 写入位置: /root/pythonspace/data-test/facebook/2026-1-5-watch-fans-50-random_dirichlet=[500,500,500]/seeds-with-facebook/random_alpha_sort_seedNum-100_SSRNum-100000.txt
2026-01-05 16:28:02,254 - INFO - 首次生成种子集 importance_sort
2026-01-05 16:28:02,254 - INFO - 执行当前算法开始: importance_sort
2026-01-05 16:28:04,413 - INFO - 4039 个节点的Importance值降序排序 done
2026-01-05 16:28:04,413 - INFO - 
选择的种子集 (按Importance排序): [1, 2, 3, 4, 5, 6, 7, 8, 9, 10, 11, 12, 13, 14, 15, 16, 17, 18, 19, 20, 21, 22, 23, 24, 25, 26, 27, 28, 29, 30, 31, 32, 33, 34, 35, 36, 37, 38, 39, 40, 41, 42, 43, 44, 45, 46, 47, 48, 49, 50, 51, 52, 53, 54, 55, 56, 57, 58, 59, 60, 61, 62, 63, 64, 65, 66, 67, 68, 69, 70, 71, 72, 73, 74, 75, 76, 77, 78, 79, 80, 81, 82, 83, 84, 85, 86, 87, 88, 89, 90, 91, 92, 93, 94, 95, 96, 97, 98, 99, 100]

2026-01-05 16:28:04,414 - INFO - 当前用时 2.16 秒
2026-01-05 16:28:04,414 - INFO - 将种子集 写入位置: /root/pythonspace/data-test/facebook/2026-1-5-watch-fans-50-random_dirichlet=[500,500,500]/seeds-with-facebook/random_importance_sort_seedNum-100_SSRNum-100000.txt
2026-01-05 16:28:04,414 - INFO - 首次生成种子集 ris_coverage
2026-01-05 16:28:04,414 - INFO - 执行当前算法开始: ris_coverage
2026-01-05 16:28:04,623 - INFO - 图初始化完成，节点数: 4039，CSR 矩阵准备就绪。
2026-01-05 16:28:04,623 - INFO - 
开始生成 100000 组 SSR (并行进程: 8)...
2026-01-05 16:29:03,792 - INFO - 生成完毕。耗时: 59.17 秒。
2026-01-05 16:29:03,793 - INFO - 
开始选择最优种子 (Optimized Greedy) ...
2026-01-05 16:29:35,076 - INFO -   - 券 1/100 选中节点 1290, 新增覆盖 126
2026-01-05 16:29:35,102 - INFO -   - 券 2/100 选中节点 921, 新增覆盖 137
2026-01-05 16:29:35,130 - INFO -   - 券 3/100 选中节点 3476, 新增覆盖 132
2026-01-05 16:29:35,161 - INFO -   - 券 4/100 选中节点 2774, 新增覆盖 121
2026-01-05 16:29:35,194 - INFO -   - 券 5/100 选中节点 1301, 新增覆盖 128
2026-01-05 16:29:35,230 - INFO -   - 券 6/100 选中节点 2497, 新增覆盖 134
2026-01-05 16:29:35,263 - INFO -   - 券 7/100 选中节点 2297, 新增覆盖 127
2026-01-05 16:29:35,298 - INFO -   - 券 8/100 选中节点 2255, 新增覆盖 123
2026-01-05 16:29:35,337 - INFO -   - 券 9/100 选中节点 1016, 新增覆盖 126
2026-01-05 16:29:35,379 - INFO -   - 券 10/100 选中节点 724, 新增覆盖 128
2026-01-05 16:29:35,423 - INFO -   - 券 11/100 选中节点 2697, 新增覆盖 126
2026-01-05 16:29:35,464 - INFO -   - 券 12/100 选中节点 2733, 新增覆盖 126
2026-01-05 16:29:35,511 - INFO -   - 券 13/100 选中节点 1360, 新增覆盖 120
2026-01-05 16:29:35,561 - INFO -   - 券 14/100 选中节点 647, 新增覆盖 133
2026-01-05 16:29:35,609 - INFO -   - 券 15/100 选中节点 1487, 新增覆盖 123
2026-01-05 16:29:35,661 - INFO -   - 券 16/100 选中节点 3007, 新增覆盖 115
2026-01-05 16:29:35,715 - INFO -   - 券 17/100 选中节点 2206, 新增覆盖 122
2026-01-05 16:29:35,769 - INFO -   - 券 18/100 选中节点 1494, 新增覆盖 123
2026-01-05 16:29:35,825 - INFO -   - 券 19/100 选中节点 1355, 新增覆盖 122
2026-01-05 16:29:35,878 - INFO -   - 券 20/100 选中节点 2226, 新增覆盖 118
2026-01-05 16:29:35,934 - INFO -   - 券 21/100 选中节点 887, 新增覆盖 128
2026-01-05 16:29:35,985 - INFO -   - 券 22/100 选中节点 521, 新增覆盖 121
2026-01-05 16:29:36,040 - INFO -   - 券 23/100 选中节点 1129, 新增覆盖 118
2026-01-05 16:29:36,092 - INFO -   - 券 24/100 选中节点 681, 新增覆盖 120
2026-01-05 16:29:36,151 - INFO -   - 券 25/100 选中节点 2807, 新增覆盖 113
2026-01-05 16:29:36,205 - INFO -   - 券 26/100 选中节点 2434, 新增覆盖 122
2026-01-05 16:29:36,264 - INFO -   - 券 27/100 选中节点 2608, 新增覆盖 125
2026-01-05 16:29:36,324 - INFO -   - 券 28/100 选中节点 1123, 新增覆盖 119
2026-01-05 16:29:36,386 - INFO -   - 券 29/100 选中节点 2949, 新增覆盖 117
2026-01-05 16:29:36,448 - INFO -   - 券 30/100 选中节点 3362, 新增覆盖 117
2026-01-05 16:29:36,510 - INFO -   - 券 31/100 选中节点 3176, 新增覆盖 116
2026-01-05 16:29:36,574 - INFO -   - 券 32/100 选中节点 1047, 新增覆盖 115
2026-01-05 16:29:36,638 - INFO -   - 券 33/100 选中节点 1359, 新增覆盖 113
2026-01-05 16:29:36,700 - INFO -   - 券 34/100 选中节点 1225, 新增覆盖 112
2026-01-05 16:29:36,771 - INFO -   - 券 35/100 选中节点 2144, 新增覆盖 119
2026-01-05 16:29:36,839 - INFO -   - 券 36/100 选中节点 3300, 新增覆盖 114
2026-01-05 16:29:36,904 - INFO -   - 券 37/100 选中节点 3328, 新增覆盖 112
2026-01-05 16:29:36,973 - INFO -   - 券 38/100 选中节点 2322, 新增覆盖 112
2026-01-05 16:29:37,045 - INFO -   - 券 39/100 选中节点 932, 新增覆盖 111
2026-01-05 16:29:37,114 - INFO -   - 券 40/100 选中节点 2498, 新增覆盖 116
2026-01-05 16:29:37,182 - INFO -   - 券 41/100 选中节点 1219, 新增覆盖 106
2026-01-05 16:29:37,252 - INFO -   - 券 42/100 选中节点 2586, 新增覆盖 113
2026-01-05 16:29:37,325 - INFO -   - 券 43/100 选中节点 2804, 新增覆盖 117
2026-01-05 16:29:37,395 - INFO -   - 券 44/100 选中节点 1098, 新增覆盖 113
2026-01-05 16:29:37,469 - INFO -   - 券 45/100 选中节点 469, 新增覆盖 114
2026-01-05 16:29:37,541 - INFO -   - 券 46/100 选中节点 651, 新增覆盖 116
2026-01-05 16:29:37,612 - INFO -   - 券 47/100 选中节点 2117, 新增覆盖 117
2026-01-05 16:29:37,686 - INFO -   - 券 48/100 选中节点 785, 新增覆盖 114
2026-01-05 16:29:37,760 - INFO -   - 券 49/100 选中节点 3161, 新增覆盖 113
2026-01-05 16:29:37,830 - INFO -   - 券 50/100 选中节点 1387, 新增覆盖 112
2026-01-05 16:29:37,903 - INFO -   - 券 51/100 选中节点 1295, 新增覆盖 114
2026-01-05 16:29:37,973 - INFO -   - 券 52/100 选中节点 1315, 新增覆盖 114
2026-01-05 16:29:38,055 - INFO -   - 券 53/100 选中节点 935, 新增覆盖 110
2026-01-05 16:29:38,131 - INFO -   - 券 54/100 选中节点 1498, 新增覆盖 109
2026-01-05 16:29:38,211 - INFO -   - 券 55/100 选中节点 1275, 新增覆盖 110
2026-01-05 16:29:38,297 - INFO -   - 券 56/100 选中节点 2157, 新增覆盖 106
2026-01-05 16:29:38,378 - INFO -   - 券 57/100 选中节点 2852, 新增覆盖 108
2026-01-05 16:29:38,462 - INFO -   - 券 58/100 选中节点 628, 新增覆盖 113
2026-01-05 16:29:38,544 - INFO -   - 券 59/100 选中节点 1086, 新增覆盖 106
2026-01-05 16:29:38,628 - INFO -   - 券 60/100 选中节点 367, 新增覆盖 112
2026-01-05 16:29:38,708 - INFO -   - 券 61/100 选中节点 3012, 新增覆盖 121
2026-01-05 16:29:38,790 - INFO -   - 券 62/100 选中节点 989, 新增覆盖 106
2026-01-05 16:29:38,876 - INFO -   - 券 63/100 选中节点 3324, 新增覆盖 105
2026-01-05 16:29:38,964 - INFO -   - 券 64/100 选中节点 973, 新增覆盖 105
2026-01-05 16:29:39,054 - INFO -   - 券 65/100 选中节点 3114, 新增覆盖 104
2026-01-05 16:29:39,147 - INFO -   - 券 66/100 选中节点 3469, 新增覆盖 109
2026-01-05 16:29:39,244 - INFO -   - 券 67/100 选中节点 829, 新增覆盖 109
2026-01-05 16:29:39,337 - INFO -   - 券 68/100 选中节点 2758, 新增覆盖 114
2026-01-05 16:29:39,437 - INFO -   - 券 69/100 选中节点 2147, 新增覆盖 106
2026-01-05 16:29:39,529 - INFO -   - 券 70/100 选中节点 3323, 新增覆盖 106
2026-01-05 16:29:39,629 - INFO -   - 券 71/100 选中节点 2228, 新增覆盖 103
2026-01-05 16:29:39,721 - INFO -   - 券 72/100 选中节点 399, 新增覆盖 107
2026-01-05 16:29:39,823 - INFO -   - 券 73/100 选中节点 3251, 新增覆盖 103
2026-01-05 16:29:39,928 - INFO -   - 券 74/100 选中节点 1531, 新增覆盖 105
2026-01-05 16:29:40,031 - INFO -   - 券 75/100 选中节点 2167, 新增覆盖 111
2026-01-05 16:29:40,141 - INFO -   - 券 76/100 选中节点 890, 新增覆盖 107
2026-01-05 16:29:40,254 - INFO -   - 券 77/100 选中节点 2619, 新增覆盖 114
2026-01-05 16:29:40,356 - INFO -   - 券 78/100 选中节点 2132, 新增覆盖 103
2026-01-05 16:29:40,467 - INFO -   - 券 79/100 选中节点 2073, 新增覆盖 108
2026-01-05 16:29:40,570 - INFO -   - 券 80/100 选中节点 2908, 新增覆盖 102
2026-01-05 16:29:40,675 - INFO -   - 券 81/100 选中节点 2591, 新增覆盖 107
2026-01-05 16:29:40,781 - INFO -   - 券 82/100 选中节点 2891, 新增覆盖 108
2026-01-05 16:29:40,892 - INFO -   - 券 83/100 选中节点 2131, 新增覆盖 103
2026-01-05 16:29:41,001 - INFO -   - 券 84/100 选中节点 2464, 新增覆盖 101
2026-01-05 16:29:41,125 - INFO -   - 券 85/100 选中节点 2535, 新增覆盖 108
2026-01-05 16:29:41,238 - INFO -   - 券 86/100 选中节点 1354, 新增覆盖 107
2026-01-05 16:29:41,347 - INFO -   - 券 87/100 选中节点 3400, 新增覆盖 98
2026-01-05 16:29:41,466 - INFO -   - 券 88/100 选中节点 634, 新增覆盖 103
2026-01-05 16:29:41,581 - INFO -   - 券 89/100 选中节点 2530, 新增覆盖 109
2026-01-05 16:29:41,692 - INFO -   - 券 90/100 选中节点 2212, 新增覆盖 97
2026-01-05 16:29:41,814 - INFO -   - 券 91/100 选中节点 706, 新增覆盖 106
2026-01-05 16:29:41,941 - INFO -   - 券 92/100 选中节点 2541, 新增覆盖 102
2026-01-05 16:29:42,060 - INFO -   - 券 93/100 选中节点 2300, 新增覆盖 100
2026-01-05 16:29:42,190 - INFO -   - 券 94/100 选中节点 780, 新增覆盖 109
2026-01-05 16:29:42,319 - INFO -   - 券 95/100 选中节点 1306, 新增覆盖 98
2026-01-05 16:29:42,446 - INFO -   - 券 96/100 选中节点 3589, 新增覆盖 100
2026-01-05 16:29:42,568 - INFO -   - 券 97/100 选中节点 2210, 新增覆盖 103
2026-01-05 16:29:42,693 - INFO -   - 券 98/100 选中节点 369, 新增覆盖 97
2026-01-05 16:29:42,826 - INFO -   - 券 99/100 选中节点 2723, 新增覆盖 103
2026-01-05 16:29:42,946 - INFO -   - 券 100/100 选中节点 994, 新增覆盖 105
2026-01-05 16:29:42,946 - INFO - 选种完毕。耗时: 39.15 秒。
2026-01-05 16:29:44,028 - INFO - 最终选择的种子集: [1290, 921, 3476, 2774, 1301, 2497, 2297, 2255, 1016, 724, 2697, 2733, 1360, 647, 1487, 3007, 2206, 1494, 1355, 2226, 887, 521, 1129, 681, 2807, 2434, 2608, 1123, 2949, 3362, 3176, 1047, 1359, 1225, 2144, 3300, 3328, 2322, 932, 2498, 1219, 2586, 2804, 1098, 469, 651, 2117, 785, 3161, 1387, 1295, 1315, 935, 1498, 1275, 2157, 2852, 628, 1086, 367, 3012, 989, 3324, 973, 3114, 3469, 829, 2758, 2147, 3323, 2228, 399, 3251, 1531, 2167, 890, 2619, 2132, 2073, 2908, 2591, 2891, 2131, 2464, 2535, 1354, 3400, 634, 2530, 2212, 706, 2541, 2300, 780, 1306, 3589, 2210, 369, 2723, 994]

2026-01-05 16:29:46,082 - INFO - 当前用时 101.67 秒
2026-01-05 16:29:46,083 - INFO - 将种子集 写入位置: /root/pythonspace/data-test/facebook/2026-1-5-watch-fans-50-random_dirichlet=[500,500,500]/seeds-with-facebook/random_ris_coverage_seedNum-100_SSRNum-100000.txt
2026-01-05 16:29:46,083 - INFO - 首次生成种子集 monterCarlo_CELF
2026-01-05 16:29:46,083 - INFO - 执行当前算法开始: monterCarlo_CELF
2026-01-05 16:29:46,083 - INFO - --- Running: CELF Greedy Monte Carlo (Sims=300) ---
2026-01-05 16:29:46,083 - INFO - Step 0: 初始化所有节点的边际增益...
2026-01-05 16:30:24,185 - INFO - Seed 1: 611, Spread: 0.68
2026-01-05 16:30:36,569 - INFO - Seed 2: 25, Gain: 0.60, Total: 1.28
2026-01-05 16:30:45,372 - INFO - Seed 3: 3423, Gain: 0.60, Total: 1.88
2026-01-05 16:31:07,034 - INFO - Seed 4: 3629, Gain: 0.57, Total: 2.45
2026-01-05 16:31:09,463 - INFO - Seed 5: 1217, Gain: 0.59, Total: 3.04
2026-01-05 16:31:12,834 - INFO - Seed 6: 3344, Gain: 0.57, Total: 3.61
2026-01-05 16:31:19,417 - INFO - Seed 7: 2511, Gain: 0.63, Total: 4.24
2026-01-05 16:31:22,993 - INFO - Seed 8: 3813, Gain: 0.58, Total: 4.82
2026-01-05 16:31:26,678 - INFO - Seed 9: 1097, Gain: 0.63, Total: 5.45
2026-01-05 16:32:23,450 - INFO - Seed 10: 95, Gain: 0.57, Total: 6.02
2026-01-05 16:32:31,092 - INFO - Seed 11: 3862, Gain: 0.55, Total: 6.57
2026-01-05 16:32:31,936 - INFO - Seed 12: 3964, Gain: 0.60, Total: 7.16
2026-01-05 16:32:37,160 - INFO - Seed 13: 2406, Gain: 0.55, Total: 7.71
2026-01-05 16:32:49,297 - INFO - Seed 14: 2994, Gain: 0.55, Total: 8.27
2026-01-05 16:33:03,231 - INFO - Seed 15: 3920, Gain: 0.59, Total: 8.86
2026-01-05 16:33:09,005 - INFO - Seed 16: 3267, Gain: 0.54, Total: 9.39
2026-01-05 16:33:11,315 - INFO - Seed 17: 2329, Gain: 0.59, Total: 9.98
2026-01-05 16:33:26,224 - INFO - Seed 18: 22, Gain: 0.53, Total: 10.51
2026-01-05 16:33:26,352 - INFO - Seed 19: 161, Gain: 0.56, Total: 11.07
2026-01-05 16:33:26,640 - INFO - Seed 20: 451, Gain: 0.61, Total: 11.68
2026-01-05 16:33:33,074 - INFO - Seed 21: 865, Gain: 0.62, Total: 12.30
2026-01-05 16:33:33,541 - INFO - Seed 22: 1093, Gain: 0.52, Total: 12.82
2026-01-05 16:33:34,981 - INFO - Seed 23: 2070, Gain: 0.60, Total: 13.42
2026-01-05 16:33:35,837 - INFO - Seed 24: 3171, Gain: 0.52, Total: 13.94
2026-01-05 16:33:41,056 - INFO - Seed 25: 377, Gain: 0.55, Total: 14.49
2026-01-05 16:33:42,760 - INFO - Seed 26: 1810, Gain: 0.64, Total: 15.14
2026-01-05 16:33:52,970 - INFO - Seed 27: 2664, Gain: 0.59, Total: 15.73
2026-01-05 16:34:00,989 - INFO - Seed 28: 275, Gain: 0.52, Total: 16.25
2026-01-05 16:34:03,021 - INFO - Seed 29: 3005, Gain: 0.59, Total: 16.84
2026-01-05 16:34:03,630 - INFO - Seed 30: 544, Gain: 0.52, Total: 17.36
2026-01-05 16:34:05,364 - INFO - Seed 31: 1490, Gain: 0.55, Total: 17.91
2026-01-05 16:34:08,847 - INFO - Seed 32: 200, Gain: 0.55, Total: 18.46
2026-01-05 16:34:09,788 - INFO - Seed 33: 3677, Gain: 0.62, Total: 19.08
2026-01-05 16:34:10,538 - INFO - Seed 34: 3111, Gain: 0.51, Total: 19.59
2026-01-05 16:34:12,066 - INFO - Seed 35: 3769, Gain: 0.66, Total: 20.25
2026-01-05 16:34:13,898 - INFO - Seed 36: 1441, Gain: 0.66, Total: 20.92
2026-01-05 16:34:38,491 - INFO - Seed 37: 797, Gain: 0.49, Total: 21.41
2026-01-05 16:34:41,678 - INFO - Seed 38: 2938, Gain: 0.54, Total: 21.95
2026-01-05 16:34:44,745 - INFO - Seed 39: 1232, Gain: 0.60, Total: 22.55
2026-01-05 16:34:50,177 - INFO - Seed 40: 423, Gain: 0.54, Total: 23.09
2026-01-05 16:34:53,942 - INFO - Seed 41: 168, Gain: 0.54, Total: 23.63
2026-01-05 16:34:55,163 - INFO - Seed 42: 541, Gain: 0.49, Total: 24.12
2026-01-05 16:34:55,471 - INFO - Seed 43: 470, Gain: 0.65, Total: 24.77
2026-01-05 16:34:55,784 - INFO - Seed 44: 428, Gain: 0.53, Total: 25.30
2026-01-05 16:34:57,388 - INFO - Seed 45: 2577, Gain: 0.50, Total: 25.79
2026-01-05 16:34:57,711 - INFO - Seed 46: 2482, Gain: 0.80, Total: 26.59
2026-01-05 16:34:58,698 - INFO - Seed 47: 2780, Gain: 0.55, Total: 27.15
2026-01-05 16:35:00,756 - INFO - Seed 48: 1163, Gain: 0.61, Total: 27.76
2026-01-05 16:35:36,981 - INFO - Seed 49: 2794, Gain: 0.65, Total: 28.41
2026-01-05 16:35:47,523 - INFO - Seed 50: 591, Gain: 0.49, Total: 28.90
2026-01-05 16:35:51,140 - INFO - Seed 51: 419, Gain: 0.60, Total: 29.49
2026-01-05 16:36:02,465 - INFO - Seed 52: 875, Gain: 0.48, Total: 29.98
2026-01-05 16:36:04,341 - INFO - Seed 53: 1501, Gain: 0.53, Total: 30.51
2026-01-05 16:36:05,079 - INFO - Seed 54: 1605, Gain: 0.58, Total: 31.09
2026-01-05 16:36:08,181 - INFO - Seed 55: 450, Gain: 0.54, Total: 31.63
2026-01-05 16:36:11,353 - INFO - Seed 56: 2691, Gain: 0.49, Total: 32.13
2026-01-05 16:36:15,167 - INFO - Seed 57: 2514, Gain: 0.48, Total: 32.61
2026-01-05 16:36:15,551 - INFO - Seed 58: 2237, Gain: 0.56, Total: 33.17
2026-01-05 16:36:17,106 - INFO - Seed 59: 3260, Gain: 0.47, Total: 33.63
2026-01-05 16:36:17,910 - INFO - Seed 60: 1439, Gain: 0.71, Total: 34.34
2026-01-05 16:36:18,727 - INFO - Seed 61: 2113, Gain: 0.60, Total: 34.94
2026-01-05 16:36:19,142 - INFO - Seed 62: 1522, Gain: 0.94, Total: 35.88
2026-01-05 16:36:30,386 - INFO - Seed 63: 1269, Gain: 0.50, Total: 36.38
2026-01-05 16:36:32,597 - INFO - Seed 64: 2979, Gain: 0.48, Total: 36.86
2026-01-05 16:36:34,385 - INFO - Seed 65: 2876, Gain: 0.80, Total: 37.66
2026-01-05 16:37:20,980 - INFO - Seed 66: 2833, Gain: 0.46, Total: 38.12
2026-01-05 16:37:25,142 - INFO - Seed 67: 3838, Gain: 0.48, Total: 38.59
2026-01-05 16:37:50,314 - INFO - Seed 68: 1370, Gain: 0.60, Total: 39.19
2026-01-05 16:38:03,482 - INFO - Seed 69: 2697, Gain: 0.80, Total: 40.00
2026-01-05 16:38:10,681 - INFO - Seed 70: 2285, Gain: 0.46, Total: 40.46
2026-01-05 16:38:37,131 - INFO - Seed 71: 581, Gain: 0.47, Total: 40.92
2026-01-05 16:38:48,257 - INFO - Seed 72: 2669, Gain: 0.62, Total: 41.54
2026-01-05 16:39:04,635 - INFO - Seed 73: 2253, Gain: 0.52, Total: 42.06
2026-01-05 16:39:11,767 - INFO - Seed 74: 3253, Gain: 0.45, Total: 42.51
2026-01-05 16:39:12,792 - INFO - Seed 75: 1036, Gain: 0.46, Total: 42.97
2026-01-05 16:39:13,326 - INFO - Seed 76: 2610, Gain: 0.59, Total: 43.56
2026-01-05 16:39:14,415 - INFO - Seed 77: 2246, Gain: 0.53, Total: 44.09
2026-01-05 16:39:14,941 - INFO - Seed 78: 3557, Gain: 0.48, Total: 44.57
2026-01-05 16:39:16,035 - INFO - Seed 79: 3709, Gain: 0.52, Total: 45.09
2026-01-05 16:39:17,139 - INFO - Seed 80: 3337, Gain: 0.70, Total: 45.79
2026-01-05 16:39:18,807 - INFO - Seed 81: 2561, Gain: 0.60, Total: 46.39
2026-01-05 16:39:22,174 - INFO - Seed 82: 3481, Gain: 0.47, Total: 46.86
2026-01-05 16:39:28,374 - INFO - Seed 83: 2676, Gain: 0.59, Total: 47.45
2026-01-05 16:39:28,943 - INFO - Seed 84: 387, Gain: 0.56, Total: 48.01
2026-01-05 16:39:31,219 - INFO - Seed 85: 2932, Gain: 0.87, Total: 48.89
2026-01-05 16:39:31,806 - INFO - Seed 86: 3649, Gain: 0.51, Total: 49.39
2026-01-05 16:39:34,733 - INFO - Seed 87: 3541, Gain: 0.62, Total: 50.02
2026-01-05 16:39:50,219 - INFO - Seed 88: 1022, Gain: 0.51, Total: 50.53
2026-01-05 16:39:50,825 - INFO - Seed 89: 114, Gain: 0.45, Total: 50.98
2026-01-05 16:39:52,700 - INFO - Seed 90: 416, Gain: 0.68, Total: 51.66
2026-01-05 16:39:59,447 - INFO - Seed 91: 412, Gain: 0.53, Total: 52.19
2026-01-05 16:40:04,389 - INFO - Seed 92: 3939, Gain: 0.58, Total: 52.77
2026-01-05 16:40:21,637 - INFO - Seed 93: 100, Gain: 0.73, Total: 53.50
2026-01-05 16:40:22,281 - INFO - Seed 94: 3828, Gain: 0.74, Total: 54.24
2026-01-05 16:42:53,469 - INFO - Seed 95: 3542, Gain: 0.54, Total: 54.79
2026-01-05 16:43:00,591 - INFO - Seed 96: 2934, Gain: 0.59, Total: 55.37
2026-01-05 16:43:15,575 - INFO - Seed 97: 3487, Gain: 0.46, Total: 55.83
2026-01-05 16:43:19,542 - INFO - Seed 98: 66, Gain: 0.64, Total: 56.47
2026-01-05 16:44:02,370 - INFO - Seed 99: 2287, Gain: 0.46, Total: 56.94
2026-01-05 16:44:25,948 - INFO - Seed 100: 370, Gain: 0.41, Total: 57.35
2026-01-05 16:44:25,948 - INFO - CELF 完成，总耗时: 879.86s
2026-01-05 16:44:25,948 - INFO - 当前用时 879.87 秒
2026-01-05 16:44:25,949 - INFO - 将种子集 写入位置: /root/pythonspace/data-test/facebook/2026-1-5-watch-fans-50-random_dirichlet=[500,500,500]/seeds-with-facebook/random_monterCarlo_CELF_seedNum-100_SSRNum-100000.txt
2026-01-05 16:44:25,949 - INFO - 评估种子集: None
2026-01-05 16:44:25,949 - INFO - 多进程评估开始，共有 7 个方法待评估...
2026-01-05 16:44:25,949 - INFO - 启动进程池，Worker数量: 7
2026-01-05 16:44:26,628 - INFO - [Process 17936] 开始评估方法: random, 种子数: 100
2026-01-05 16:44:27,027 - INFO - [Process 17937] 开始评估方法: degreeTopM, 种子数: 100
2026-01-05 16:44:27,412 - INFO - [Process 17938] 开始评估方法: pageRank, 种子数: 100
2026-01-05 16:44:27,735 - INFO - [Process 17936] random - 500 sims 完成: E=54.79
2026-01-05 16:44:27,775 - INFO - [Process 17939] 开始评估方法: alpha_sort, 种子数: 100
2026-01-05 16:44:28,111 - INFO - [Process 17940] 开始评估方法: importance_sort, 种子数: 100
2026-01-05 16:44:28,438 - INFO - [Process 17941] 开始评估方法: ris_coverage, 种子数: 100
2026-01-05 16:44:28,824 - INFO - [Process 17942] 开始评估方法: monterCarlo_CELF, 种子数: 100
2026-01-05 16:44:28,986 - INFO - [Process 17938] pageRank - 500 sims 完成: E=51.45
2026-01-05 16:44:29,175 - INFO - [Process 17939] alpha_sort - 500 sims 完成: E=54.86
2026-01-05 16:44:29,512 - INFO - [Process 17940] importance_sort - 500 sims 完成: E=54.86
2026-01-05 16:44:29,535 - INFO - [Process 17941] ris_coverage - 500 sims 完成: E=56.74
2026-01-05 16:44:29,901 - INFO - [Process 17937] degreeTopM - 500 sims 完成: E=53.64
2026-01-05 16:44:30,068 - INFO - [Process 17942] monterCarlo_CELF - 500 sims 完成: E=56.82
2026-01-05 16:44:30,124 - INFO - 所有进程执行完毕，开始写入数据...
2026-01-05 16:44:30,129 - INFO - 成功写入 7 条记录至 /root/pythonspace/data-test/facebook/2026-1-5-watch-fans-50-random_dirichlet=[500,500,500]/E-activated-facebook/distribution-random/simuTimes-500_random-dirichlet-[500, 500, 500]_rrNumSamples-100000.csv
2026-01-05 16:44:30,130 - INFO - 保存评估文件至: /root/pythonspace/data-test/facebook/2026-1-5-watch-fans-50-random_dirichlet=[500,500,500]/E-activated-facebook/distribution-random/simuTimes-500_random-dirichlet-[500, 500, 500]_rrNumSamples-100000.csv
