2025-11-26 12:39:38,488 - INFO - 加载数据集: Twitter
2025-11-26 12:39:38,860 - INFO - 首次生成度相关概率分布 分布类型: 'powerlaw'.
2025-11-26 12:39:38,860 - INFO - ===> Generating 'Power-law Degree-Aware' distributions...
2025-11-26 12:39:38,899 - INFO - 保存概率分布 文件位置: /home/wen/pythonspace/data-test/Twitter/2025-11-26/distribution-in-Twitter/distribution-powerlaw_seedNum-188.pkl
2025-11-26 12:39:43,334 - INFO - 首次生成种子集 random
2025-11-26 12:39:43,334 - INFO - 执行当前算法开始: random
2025-11-26 12:39:43,335 - INFO - 当前用时 0.00 秒
2025-11-26 12:39:43,336 - INFO - 将种子集 写入位置: /home/wen/pythonspace/data-test/Twitter/2025-11-26/seeds-with-Twitter/powerlaw_random_seedNum-188_SSRNum-100000.txt
2025-11-26 12:39:43,336 - INFO - 首次生成种子集 degreeTopM
2025-11-26 12:39:43,336 - INFO - 执行当前算法开始: degreeTopM
2025-11-26 12:39:43,364 - INFO - 当前用时 0.03 秒
2025-11-26 12:39:43,364 - INFO - 将种子集 写入位置: /home/wen/pythonspace/data-test/Twitter/2025-11-26/seeds-with-Twitter/powerlaw_degreeTopM_seedNum-188_SSRNum-100000.txt
2025-11-26 12:39:43,365 - INFO - 首次生成种子集 alpha_sort
2025-11-26 12:39:43,365 - INFO - 执行当前算法开始: alpha_sort
2025-11-26 12:39:43,392 - INFO - 23362 个节点的alpha值降序排序 done
2025-11-26 12:39:43,393 - INFO - ==============>> [(20089, 0.15216967305043227), (8566, 0.15139927876602666), (16832, 0.1510679442844581), (4195, 0.15085547888705117), (14012, 0.1505219213445524), (21778, 0.15036548978613046), (3518, 0.15030552422504936), (4070, 0.15024903309868512), (19809, 0.1499642905265619), (13930, 0.14984183675516177)]
2025-11-26 12:39:43,393 - INFO - 
选择的种子集 (按alpha排序): [20089, 8566, 16832, 4195, 14012, 21778, 3518, 4070, 19809, 13930, 17920, 16309, 12741, 15051, 21224, 17805, 472, 19255, 9911, 13815, 6927, 246, 4806, 22655, 2196, 10176, 20635, 4091, 14161, 20952, 13040, 3374, 9204, 11991, 16991, 17902, 21917, 3754, 3960, 8237, 2202, 21755, 18224, 10069, 16220, 21680, 9152, 10160, 17367, 7052, 6570, 14541, 8888, 10514, 9799, 8000, 14606, 8480, 18697, 21328, 17174, 15212, 12458, 9153, 10164, 7810, 19569, 14564, 11951, 10083, 17364, 14824, 8598, 1136, 18980, 4255, 18833, 13229, 4857, 16804, 3711, 3529, 2317, 5117, 1460, 6060, 14065, 21086, 17709, 21142, 8642, 7871, 19871, 8904, 15006, 20912, 11539, 20565, 13086, 5930, 16249, 7538, 12086, 19649, 17539, 12710, 13596, 11748, 15304, 19086, 20627, 6053, 8618, 11004, 20712, 3663, 17871, 3505, 10197, 3882, 8133, 19121, 22435, 15292, 7337, 387, 19980, 10129, 16922, 6252, 393, 12159, 13773, 7235, 17632, 8478, 22096, 2236, 5896, 4651, 22625, 5841, 3803, 3252, 3689, 5190, 4350, 15045, 18484, 11299, 22121, 18419, 18957, 14251, 19662, 15109, 10140, 7616, 18411, 9237, 1707, 14971, 6116, 6273, 3254, 18886, 12448, 20757, 11552, 8414, 17271, 19944, 19177, 10969, 9199, 13932, 14703, 20911, 17430, 10205, 22996, 268, 16171, 12236, 8672, 22628, 410, 1209]

2025-11-26 12:39:43,394 - INFO - 当前用时 0.03 秒
2025-11-26 12:39:43,394 - INFO - 将种子集 写入位置: /home/wen/pythonspace/data-test/Twitter/2025-11-26/seeds-with-Twitter/powerlaw_alpha_sort_seedNum-188_SSRNum-100000.txt
2025-11-26 12:39:43,394 - INFO - 首次生成种子集 importance_sort
2025-11-26 12:39:43,394 - INFO - 执行当前算法开始: importance_sort
2025-11-26 12:39:55,196 - INFO - 
选择的种子集 (按Importance排序): [20089, 8566, 16832, 4195, 14012, 21778, 3518, 4070, 19809, 13930, 17920, 16309, 12741, 15051, 21224, 17805, 472, 19255, 9911, 13815, 6927, 246, 4806, 22655, 2196, 10176, 20635, 4091, 14161, 20952, 13040, 3374, 9204, 11991, 16991, 17902, 21917, 3754, 3960, 8237, 2202, 21755, 18224, 10069, 16220, 21680, 9152, 10160, 17367, 7052, 6570, 14541, 8888, 10514, 9799, 8000, 14606, 8480, 18697, 21328, 17174, 15212, 12458, 9153, 10164, 7810, 19569, 14564, 11951, 10083, 17364, 14824, 8598, 1136, 18980, 4255, 18833, 13229, 4857, 16804, 3711, 3529, 2317, 5117, 1460, 6060, 14065, 21086, 17709, 21142, 8642, 7871, 19871, 8904, 15006, 20912, 11539, 20565, 13086, 5930, 16249, 7538, 12086, 19649, 17539, 12710, 13596, 11748, 15304, 19086, 20627, 6053, 8618, 11004, 20712, 3663, 17871, 3505, 10197, 3882, 8133, 19121, 22435, 15292, 7337, 387, 19980, 10129, 16922, 6252, 393, 12159, 13773, 7235, 17632, 8478, 22096, 2236, 5896, 4651, 22625, 5841, 3803, 3252, 3689, 5190, 4350, 15045, 18484, 11299, 22121, 18419, 18957, 14251, 19662, 15109, 10140, 7616, 18411, 9237, 1707, 14971, 6116, 6273, 3254, 18886, 12448, 20757, 11552, 8414, 17271, 19944, 19177, 10969, 9199, 13932, 14703, 20911, 17430, 10205, 22996, 268, 16171, 12236, 8672, 22628, 410, 1209]

2025-11-26 12:39:55,198 - INFO - 当前用时 11.80 秒
2025-11-26 12:39:55,198 - INFO - 将种子集 写入位置: /home/wen/pythonspace/data-test/Twitter/2025-11-26/seeds-with-Twitter/powerlaw_importance_sort_seedNum-188_SSRNum-100000.txt
2025-11-26 12:39:55,198 - INFO - 首次生成种子集 ris_coverage
2025-11-26 12:39:55,198 - INFO - 执行当前算法开始: ris_coverage
2025-11-26 12:39:55,274 - INFO - 反向图构建完成，处理了 65548 条边。
2025-11-26 12:39:55,277 - INFO - 图初始化完成，包含 23362 个节点，选择 188 个种子。
2025-11-26 12:39:55,277 - INFO - 
采样次数: 100000, 开始生成 100000 组SSR，使用 2 个并行进程...
2025-11-26 12:40:38,971 - INFO - 100000 个SSR生成完毕。耗时: 43.69 秒。
2025-11-26 12:40:38,979 - INFO - 
开始选择最优的种子节点 (Standard Greedy) ...
2025-11-26 12:41:40,660 - INFO - 最终选择的种子集: [18823, 20338, 17902, 3801, 3640, 22339, 5293, 17761, 3564, 7235, 16691, 4190, 16890, 13089, 19853, 4900, 7835, 11758, 14499, 8758, 3491, 6719, 12441, 7003, 11233, 6269, 8875, 21238, 19415, 10514, 12170, 12845, 14884, 1704, 13871, 22546, 2263, 8389, 12511, 19163, 21810, 4763, 7940, 21908, 21609, 18364, 13003, 20226, 3536, 10287, 13125, 22859, 19210, 9204, 16421, 22625, 1460, 12711, 13725, 13813, 10022, 16570, 9152, 21300, 22303, 6836, 9566, 10123, 14179, 21428, 5782, 6032, 20871, 22563, 9470, 12092, 20711, 3069, 4365, 21315, 21952, 10669, 17277, 22192, 16240, 16874, 18890, 19941, 5596, 7874, 9346, 16789, 18134, 21778, 3004, 4632, 11704, 13562, 20444, 22652, 10094, 16218, 6973, 22164, 7681, 22219, 23184, 731, 13145, 17939, 22052, 8493, 11530, 14429, 14664, 17072, 18848, 22261, 8037, 9177, 11916, 15748, 7097, 11587, 15706, 16331, 20124, 21061, 21068, 9499, 20199, 20834, 9104, 16171, 16298, 14496, 15048, 18166, 19649, 20648, 141, 6103, 17390, 2431, 3301, 7571, 11094, 13467, 15323, 18966, 3163, 3960, 6570, 7145, 18737, 112, 8709, 8837, 13646, 14855, 15255, 21935, 5692, 13257, 18025, 19326, 20652, 23311, 23349, 6244, 19598, 22275, 23130, 18788, 4065, 4709, 20082, 15379, 20048, 22378, 9066, 11068, 11265, 14582, 20165, 9959, 17802, 20434]

2025-11-26 12:41:43,449 - INFO - 当前用时 108.25 秒
2025-11-26 12:41:43,450 - INFO - 将种子集 写入位置: /home/wen/pythonspace/data-test/Twitter/2025-11-26/seeds-with-Twitter/powerlaw_ris_coverage_seedNum-188_SSRNum-100000.txt
2025-11-26 12:41:43,453 - INFO - 评估种子集: None
2025-11-26 12:41:43,453 - INFO - 评估函数开始
2025-11-26 12:41:43,453 - INFO - 当前模拟次数: [15]

2025-11-26 12:41:43,453 - INFO - 当前评估种子数: 188 ---
2025-11-26 12:41:43,453 - INFO -   Evaluating method: 'random' with 188 seeds.
2025-11-26 12:41:43,453 - INFO -     Running 15 simulations...
2025-11-26 12:41:49,838 - INFO -     Result: E[Users] = 78.6667, Var[Users] = 47.2889, Std_Dev = 6.8767
2025-11-26 12:41:50,020 - INFO -   Evaluating method: 'degreeTopM' with 188 seeds.
2025-11-26 12:41:50,020 - INFO -     Running 15 simulations...
2025-11-26 12:41:57,149 - INFO -     Result: E[Users] = 80.6667, Var[Users] = 19.6889, Std_Dev = 4.4372
2025-11-26 12:41:57,151 - INFO -   Evaluating method: 'alpha_sort' with 188 seeds.
2025-11-26 12:41:57,151 - INFO -     Running 15 simulations...
2025-11-26 12:42:02,087 - INFO -     Result: E[Users] = 86.0667, Var[Users] = 49.1289, Std_Dev = 7.0092
2025-11-26 12:42:02,089 - INFO -   Evaluating method: 'importance_sort' with 188 seeds.
2025-11-26 12:42:02,089 - INFO -     Running 15 simulations...
2025-11-26 12:42:07,211 - INFO -     Result: E[Users] = 82.0667, Var[Users] = 51.1289, Std_Dev = 7.1504
2025-11-26 12:42:07,213 - INFO -   Evaluating method: 'ris_coverage' with 188 seeds.
2025-11-26 12:42:07,213 - INFO -     Running 15 simulations...
2025-11-26 12:42:12,234 - INFO -     Result: E[Users] = 79.2667, Var[Users] = 26.5956, Std_Dev = 5.1571
2025-11-26 12:42:12,236 - INFO - 保存评估文件至: /home/wen/pythonspace/data-test/Twitter/2025-11-26/E-activated-Twitter/distribution-powerlaw/tsd_1.5--1.3--0.9/single_sim_func-AgainContinue/simuTimes-15_seedNum-188_monteCarloL-10_single_sim_func-AgainContinue_rrNumSamples-100000.csv
