2025-11-26 18:47:14,205 - INFO - 加载数据集: Twitter
2025-11-26 18:47:14,208 - INFO - 首次生成度相关概率分布 分布类型: 'powerlaw'.
2025-11-26 18:47:14,208 - INFO - ===> Generating 'Power-law Degree-Aware' distributions...
2025-11-26 18:47:14,213 - INFO - 保存概率分布 文件位置: /home/wen/pythonspace/data-test/Twitter/2025-11-26/distribution-in-Twitter/distribution-powerlaw_seedNum-388.pkl
2025-11-26 18:47:18,819 - INFO - 首次生成种子集 random
2025-11-26 18:47:18,820 - INFO - 执行当前算法开始: random
2025-11-26 18:47:18,821 - INFO - 当前用时 0.00 秒
2025-11-26 18:47:18,821 - INFO - 将种子集 写入位置: /home/wen/pythonspace/data-test/Twitter/2025-11-26/seeds-with-Twitter/powerlaw_random_seedNum-388_SSRNum-100000.txt
2025-11-26 18:47:18,821 - INFO - 首次生成种子集 degreeTopM
2025-11-26 18:47:18,821 - INFO - 执行当前算法开始: degreeTopM
2025-11-26 18:47:18,823 - INFO - 当前用时 0.00 秒
2025-11-26 18:47:18,823 - INFO - 将种子集 写入位置: /home/wen/pythonspace/data-test/Twitter/2025-11-26/seeds-with-Twitter/powerlaw_degreeTopM_seedNum-388_SSRNum-100000.txt
2025-11-26 18:47:18,824 - INFO - 首次生成种子集 alpha_sort
2025-11-26 18:47:18,824 - INFO - 执行当前算法开始: alpha_sort
2025-11-26 18:47:18,838 - INFO - 23362 个节点的alpha值降序排序 done
2025-11-26 18:47:18,838 - INFO - ==============>> [(22765, 0.15278050901734339), (13983, 0.15204074628376013), (11645, 0.15135236403782912), (18225, 0.15127045197305508), (17678, 0.1505265640290291), (16772, 0.15038369327500875), (13144, 0.15020963954519126), (2408, 0.14972560625519069), (8615, 0.14970099588817232), (16442, 0.14965827489578723)]
2025-11-26 18:47:18,838 - INFO - 
选择的种子集 (按alpha排序): [22765, 13983, 11645, 18225, 17678, 16772, 13144, 2408, 8615, 16442, 10588, 13503, 17649, 7218, 18156, 6675, 1564, 16871, 13797, 18236, 2060, 4615, 14673, 6729, 12065, 13580, 7083, 9906, 9945, 10188, 22423, 16147, 5789, 9918, 22792, 18908, 6560, 6988, 9500, 3592, 16011, 16105, 2525, 6054, 4908, 3614, 14663, 3669, 4248, 7934, 22205, 13197, 2093, 15895, 19151, 15278, 13224, 19299, 8809, 19765, 21912, 18357, 18594, 17893, 4109, 6734, 16291, 20837, 5634, 21218, 9448, 21304, 7206, 15116, 8480, 6145, 16686, 18699, 19159, 20287, 22369, 10737, 17636, 9211, 3917, 19538, 18546, 17836, 11011, 19612, 9907, 16659, 11737, 16131, 6742, 3486, 18948, 16208, 11985, 20902, 12333, 8714, 21564, 12831, 22155, 7638, 141, 10225, 8587, 2429, 13456, 2534, 19890, 20880, 13691, 18159, 10517, 8411, 14187, 15089, 12547, 2221, 18917, 4561, 22051, 18741, 6801, 22600, 12348, 10752, 16701, 2505, 8251, 9620, 17601, 3756, 20403, 19254, 10326, 5298, 16426, 13769, 14537, 10998, 2365, 12035, 6218, 3471, 20289, 12679, 13168, 13946, 23324, 22505, 8946, 7170, 653, 9339, 23103, 3562, 3553, 11793, 13888, 20085, 5806, 3820, 9081, 11185, 20106, 16999, 4480, 12448, 17745, 10977, 1298, 5732, 23057, 22430, 22134, 4634, 20531, 10883, 9213, 11182, 8274, 1552, 15623, 8310, 5534, 22710, 12727, 22332, 21393, 5814, 20801, 16154, 16610, 3813, 20988, 17780, 20775, 6450, 7652, 22186, 9852, 4558, 9833, 19642, 16300, 23141, 21769, 13682, 13547, 871, 7258, 3243, 18066, 16358, 8311, 19106, 19179, 20114, 12755, 4700, 8326, 8314, 8365, 5461, 20235, 17177, 139, 9821, 23211, 4282, 21061, 18117, 21025, 14730, 19461, 10707, 20920, 9769, 7109, 22148, 12840, 3729, 3667, 9424, 14686, 3581, 8396, 22878, 12082, 18027, 15544, 20002, 12305, 8826, 8428, 23010, 18393, 18083, 6665, 14081, 7516, 20265, 16440, 19265, 9517, 752, 12524, 7769, 18776, 20967, 11725, 7049, 16411, 21165, 14229, 20488, 13576, 2416, 740, 13748, 9557, 17753, 9948, 11835, 15909, 19465, 2288, 22619, 19921, 1121, 2327, 13213, 3448, 13382, 7478, 12130, 5202, 17623, 3290, 17830, 13964, 15158, 9981, 14137, 19517, 7265, 4621, 7433, 21596, 16887, 13918, 4111, 14427, 21274, 15341, 10833, 17288, 11865, 16369, 16019, 465, 9995, 6454, 9187, 10320, 11814, 19619, 15113, 22171, 21820, 22550, 10604, 84, 14408, 21342, 18203, 7669, 13968, 11499, 6070, 18191, 13126, 1200, 6745, 6122, 20216, 21873, 4999, 2530, 12923, 23089, 13013, 21120, 3577, 8049, 17847, 9524, 1642, 21220, 23337, 4608, 474, 9688, 15393, 19665, 11906, 7817, 7847, 22257, 11943, 6244, 22477, 9308, 21539, 9259, 21078, 16348, 17179, 13489, 2214, 18798, 17213, 3869, 21073]

2025-11-26 18:47:18,839 - INFO - 当前用时 0.02 秒
2025-11-26 18:47:18,839 - INFO - 将种子集 写入位置: /home/wen/pythonspace/data-test/Twitter/2025-11-26/seeds-with-Twitter/powerlaw_alpha_sort_seedNum-388_SSRNum-100000.txt
2025-11-26 18:47:18,840 - INFO - 首次生成种子集 importance_sort
2025-11-26 18:47:18,840 - INFO - 执行当前算法开始: importance_sort
2025-11-26 18:47:30,374 - INFO - 
选择的种子集 (按Importance排序): [22765, 13983, 11645, 18225, 17678, 16772, 13144, 2408, 8615, 16442, 10588, 13503, 17649, 7218, 18156, 6675, 1564, 16871, 13797, 18236, 2060, 4615, 14673, 6729, 12065, 13580, 7083, 9906, 9945, 10188, 22423, 16147, 5789, 9918, 22792, 18908, 6560, 6988, 9500, 3592, 16011, 16105, 2525, 6054, 4908, 3614, 14663, 3669, 4248, 7934, 22205, 13197, 2093, 15895, 19151, 15278, 13224, 19299, 8809, 19765, 21912, 18357, 18594, 17893, 4109, 6734, 16291, 20837, 5634, 21218, 9448, 21304, 7206, 15116, 8480, 6145, 16686, 18699, 19159, 20287, 22369, 10737, 17636, 9211, 3917, 19538, 18546, 17836, 11011, 19612, 9907, 16659, 11737, 16131, 6742, 3486, 18948, 16208, 11985, 20902, 12333, 8714, 21564, 12831, 22155, 7638, 141, 10225, 8587, 2429, 13456, 2534, 19890, 20880, 13691, 18159, 10517, 8411, 14187, 15089, 12547, 2221, 18917, 4561, 22051, 18741, 6801, 22600, 12348, 10752, 16701, 2505, 8251, 9620, 17601, 3756, 20403, 19254, 10326, 5298, 16426, 13769, 14537, 10998, 2365, 12035, 6218, 3471, 20289, 12679, 13168, 13946, 23324, 22505, 8946, 7170, 653, 9339, 23103, 3562, 3553, 11793, 13888, 20085, 5806, 3820, 9081, 11185, 20106, 16999, 4480, 12448, 17745, 10977, 1298, 5732, 23057, 22430, 22134, 4634, 20531, 10883, 9213, 11182, 8274, 1552, 15623, 8310, 5534, 22710, 12727, 22332, 21393, 5814, 20801, 16154, 16610, 3813, 20988, 17780, 20775, 6450, 7652, 22186, 9852, 4558, 9833, 19642, 16300, 23141, 21769, 13682, 13547, 871, 7258, 3243, 18066, 16358, 8311, 19106, 19179, 20114, 12755, 4700, 8326, 8314, 8365, 5461, 20235, 17177, 139, 9821, 23211, 4282, 21061, 18117, 21025, 14730, 19461, 10707, 20920, 9769, 7109, 22148, 12840, 3729, 3667, 9424, 14686, 3581, 8396, 22878, 12082, 18027, 15544, 20002, 12305, 8826, 8428, 23010, 18393, 18083, 6665, 14081, 7516, 20265, 16440, 19265, 9517, 752, 12524, 7769, 18776, 20967, 11725, 7049, 16411, 21165, 14229, 20488, 13576, 2416, 740, 13748, 9557, 17753, 9948, 11835, 15909, 19465, 2288, 22619, 19921, 1121, 2327, 13213, 3448, 13382, 7478, 12130, 5202, 17623, 3290, 17830, 13964, 15158, 9981, 14137, 19517, 7265, 4621, 7433, 21596, 16887, 13918, 4111, 14427, 21274, 15341, 10833, 17288, 11865, 16369, 16019, 465, 9995, 6454, 9187, 10320, 11814, 19619, 15113, 22171, 21820, 22550, 10604, 84, 14408, 21342, 18203, 7669, 13968, 11499, 6070, 18191, 13126, 1200, 6745, 6122, 20216, 21873, 4999, 2530, 12923, 23089, 13013, 21120, 3577, 8049, 17847, 9524, 1642, 21220, 23337, 4608, 474, 9688, 15393, 19665, 11906, 7817, 7847, 22257, 11943, 6244, 22477, 9308, 21539, 9259, 21078, 16348, 17179, 13489, 2214, 18798, 17213, 3869, 21073]

2025-11-26 18:47:30,376 - INFO - 当前用时 11.54 秒
2025-11-26 18:47:30,377 - INFO - 将种子集 写入位置: /home/wen/pythonspace/data-test/Twitter/2025-11-26/seeds-with-Twitter/powerlaw_importance_sort_seedNum-388_SSRNum-100000.txt
2025-11-26 18:47:30,377 - INFO - 首次生成种子集 ris_coverage
2025-11-26 18:47:30,377 - INFO - 执行当前算法开始: ris_coverage
2025-11-26 18:47:30,917 - INFO - 反向图构建完成，处理了 65548 条边。
2025-11-26 18:47:30,919 - INFO - 图初始化完成，包含 23362 个节点，选择 388 个种子。
2025-11-26 18:47:30,919 - INFO - 
采样次数: 100000, 开始生成 100000 组SSR，使用 2 个并行进程...
2025-11-26 18:49:04,614 - INFO - 100000 个SSR生成完毕。耗时: 93.69 秒。
2025-11-26 18:49:04,622 - INFO - 
开始选择最优的种子节点 (Standard Greedy) ...
2025-11-26 18:53:17,753 - INFO - 最终选择的种子集: [15089, 16675, 13397, 4769, 16291, 9956, 14674, 11147, 8541, 19915, 7170, 21773, 6738, 9808, 19251, 10900, 6877, 18883, 141, 16208, 7466, 22330, 18214, 23034, 651, 19437, 23299, 14945, 16773, 2134, 21847, 13013, 5298, 13922, 17403, 13619, 816, 12082, 20063, 6144, 20035, 8863, 10370, 13750, 20317, 1590, 1615, 4111, 21095, 16727, 18931, 22862, 2093, 2166, 17821, 20029, 14838, 7526, 13139, 11089, 6988, 9424, 19347, 5725, 16915, 3468, 4746, 10577, 23101, 11977, 21592, 10284, 13574, 21926, 3016, 12106, 14982, 20386, 22228, 1706, 16154, 7437, 8504, 4945, 12943, 13282, 459, 692, 11773, 13418, 19092, 14330, 19422, 3353, 16553, 21141, 22241, 22425, 19062, 3566, 8658, 12823, 18117, 6506, 10715, 9708, 396, 8167, 4173, 9353, 20694, 15951, 12292, 21440, 23176, 3361, 17039, 22807, 4235, 9175, 12464, 14307, 8903, 11249, 20428, 3393, 5814, 10683, 18018, 3658, 12596, 21930, 14448, 15082, 17586, 15886, 19445, 19966, 20857, 22897, 3428, 3943, 17625, 5621, 14370, 21052, 21251, 14686, 10090, 10115, 13051, 9117, 9624, 11464, 17888, 22737, 2926, 6058, 6755, 7707, 18077, 10520, 15129, 17456, 19588, 13995, 18505, 9754, 20163, 10015, 19473, 4330, 18748, 13715, 19661, 21353, 11183, 18364, 23147, 16494, 16223, 8728, 13733, 14573, 15644, 2486, 13007, 16301, 7069, 9235, 4546, 18916, 20837, 20988, 21754, 17210, 17242, 17168, 21809, 2800, 4824, 11408, 12792, 13322, 4494, 11473, 19823, 20123, 9909, 15309, 7921, 18545, 21843, 22343, 3140, 12617, 17795, 19593, 5259, 6431, 19149, 21306, 21693, 3533, 7826, 3462, 10736, 17649, 18848, 2700, 22971, 16030, 16354, 22666, 3813, 21857, 6204, 8980, 21663, 21672, 22368, 16061, 17057, 7197, 7730, 8318, 19653, 20495, 20665, 21011, 2696, 3488, 14075, 16827, 5882, 7593, 20216, 16744, 16993, 17150, 18875, 5424, 9768, 12771, 6357, 17368, 14252, 21626, 1068, 20197, 21974, 22190, 22839, 2370, 8532, 19980, 11332, 11811, 14592, 15596, 21207, 2207, 10270, 10315, 13873, 122, 1257, 8212, 9967, 18188, 18412, 20576, 458, 21293, 1866, 11836, 16437, 19091, 20541, 21515, 6729, 10361, 12428, 13895, 14900, 4055, 10604, 13599, 21613, 11016, 13502, 15191, 9086, 11546, 16928, 6268, 11053, 12923, 20605, 12689, 23091, 6044, 6842, 335, 7149, 8997, 13380, 6826, 18726, 19705, 22155, 22271, 6699, 12143, 12191, 18777, 19648, 11387, 18828, 10805, 11565, 14320, 17410, 6078, 7258, 13292, 22394, 11871, 17154, 17719, 19179, 19496, 22029, 6665, 8033, 9262, 12309, 23353, 813, 22423, 1334, 18877, 21966, 4203, 15482, 16852, 5689, 21937, 22817, 23313, 23333, 9727, 20621, 2780, 7629, 14293, 15486, 19301, 20257, 313, 1603, 2400, 4561, 11285, 15240, 18392, 15458, 4939]

2025-11-26 18:53:26,246 - INFO - 当前用时 355.87 秒
2025-11-26 18:53:26,247 - INFO - 将种子集 写入位置: /home/wen/pythonspace/data-test/Twitter/2025-11-26/seeds-with-Twitter/powerlaw_ris_coverage_seedNum-388_SSRNum-100000.txt
2025-11-26 18:53:26,254 - INFO - 评估种子集: None
2025-11-26 18:53:26,254 - INFO - 评估函数开始
2025-11-26 18:53:26,254 - INFO - 当前模拟次数: [15]

2025-11-26 18:53:26,254 - INFO - 当前评估种子数: 388 ---
2025-11-26 18:53:26,255 - INFO -   Evaluating method: 'random' with 388 seeds.
2025-11-26 18:53:26,255 - INFO -     Running 15 simulations...
2025-11-26 18:53:40,027 - INFO -     Result: E[Users] = 167.4000, Var[Users] = 45.4400, Std_Dev = 6.7409
2025-11-26 18:53:40,041 - INFO -   Evaluating method: 'degreeTopM' with 388 seeds.
2025-11-26 18:53:40,041 - INFO -     Running 15 simulations...
2025-11-26 18:53:56,829 - INFO -     Result: E[Users] = 163.4000, Var[Users] = 31.8400, Std_Dev = 5.6427
2025-11-26 18:53:56,831 - INFO -   Evaluating method: 'alpha_sort' with 388 seeds.
2025-11-26 18:53:56,831 - INFO -     Running 15 simulations...
2025-11-26 18:54:07,519 - INFO -     Result: E[Users] = 167.3333, Var[Users] = 71.0222, Std_Dev = 8.4275
2025-11-26 18:54:07,521 - INFO -   Evaluating method: 'importance_sort' with 388 seeds.
2025-11-26 18:54:07,521 - INFO -     Running 15 simulations...
2025-11-26 18:54:17,550 - INFO -     Result: E[Users] = 170.1333, Var[Users] = 92.3822, Std_Dev = 9.6116
2025-11-26 18:54:17,553 - INFO -   Evaluating method: 'ris_coverage' with 388 seeds.
2025-11-26 18:54:17,553 - INFO -     Running 15 simulations...
2025-11-26 18:54:28,000 - INFO -     Result: E[Users] = 170.9333, Var[Users] = 44.1956, Std_Dev = 6.6480
2025-11-26 18:54:28,002 - INFO - 保存评估文件至: /home/wen/pythonspace/data-test/Twitter/2025-11-26/E-activated-Twitter/distribution-powerlaw/tsd_1.5--1.3--0.9/single_sim_func-AgainContinue/simuTimes-15_seedNum-388_monteCarloL-10_single_sim_func-AgainContinue_rrNumSamples-100000.csv
