2026-01-06 16:03:58,663 - INFO - 加载数据集: network.netfacebookego
2026-01-06 16:03:58,663 - INFO - --- 矩阵分析 ---
2026-01-06 16:03:58,663 - INFO - 节点数 (N): 2888
2026-01-06 16:03:58,663 - INFO - 边数 (E): 5962
2026-01-06 16:03:58,663 - INFO - 密度 (Density): 0.00071482 (越小越稀疏)
2026-01-06 16:03:58,663 - INFO - 稀疏度 (Sparsity): 0.99928518 (越接近1越稀疏)
2026-01-06 16:03:58,663 - INFO - 平均度数 (Avg Degree): 2.06
2026-01-06 16:03:58,664 - INFO - 首次生成度相关概率分布 分布类型: 'random'.
2026-01-06 16:03:58,664 - INFO - ===> Generating 'Dirichlet' with Degree Bias...
2026-01-06 16:03:58,664 - INFO -      Alpha: [500, 500, 500]
2026-01-06 16:03:58,664 - INFO -      Factors -> Succ: -0.1, Dis: -0.3, Tran: 0.5
2026-01-06 16:03:58,664 - INFO - --- check node (Max Degree=769.0) ---
2026-01-06 16:03:58,665 - INFO -     Base Prob: [0.3293124  0.32045044 0.35023717]
2026-01-06 16:03:58,665 - INFO -     Final Prob: Succ=0.0171, Dis=0.0044, Tran=0.9785
2026-01-06 16:03:58,665 - INFO - 保存概率分布 文件位置: /root/pythonspace/data-test/network.netfacebookego/2026-1-7/distribution-in-network.netfacebookego/distribution-random_seedNum-30.pkl
2026-01-06 16:03:58,672 - INFO - 首次生成种子集 random
2026-01-06 16:03:58,672 - INFO - 执行当前算法开始: random
2026-01-06 16:03:58,672 - INFO - 数据集节点总数:  n = 2888, m = 30
2026-01-06 16:03:58,673 - INFO - 选择 30  [2762, 2468, 1251, 1437, 684, 2307, 2713, 1028, 2447, 2885, 1289, 2511, 26, 804, 344, 2280, 2847, 2471, 2167, 690, 201, 624, 2469, 916, 1993, 2562, 2042, 1246, 19, 1034]

2026-01-06 16:03:58,673 - INFO - 当前用时 0.00 秒
2026-01-06 16:03:58,673 - INFO - 将种子集 写入位置: /root/pythonspace/data-test/network.netfacebookego/2026-1-7/seeds-with-network.netfacebookego/random_random_seedNum-30_SSRNum-100000.txt
2026-01-06 16:03:58,673 - INFO - 首次生成种子集 degreeTopM
2026-01-06 16:03:58,673 - INFO - 执行当前算法开始: degreeTopM
2026-01-06 16:03:58,673 - INFO - 依据: 选择连接数（度数）最多的节点。
2026-01-06 16:03:58,673 - INFO - 选择的 Top M 节点及其度数:
2026-01-06 16:03:58,673 - INFO - 
2026-01-06 16:03:58,673 - INFO - 当前用时 0.00 秒
2026-01-06 16:03:58,673 - INFO - 将种子集 写入位置: /root/pythonspace/data-test/network.netfacebookego/2026-1-7/seeds-with-network.netfacebookego/random_degreeTopM_seedNum-30_SSRNum-100000.txt
2026-01-06 16:03:58,673 - INFO - 首次生成种子集 pageRank
2026-01-06 16:03:58,673 - INFO - 执行当前算法开始: pageRank
2026-01-06 16:03:58,673 - INFO - --- Running: PageRank (on tranProMatrix) Top M ---
2026-01-06 16:03:58,773 - INFO - Selected PageRank seeds: [602, 1524, 287, 0, 709, 2686, 713, 2231, 2535, 2698, 246, 715, 718, 70, 710, 719, 34, 68, 334, 468, 492, 509, 525, 583, 593, 623, 638, 763, 89, 216]
2026-01-06 16:03:58,774 - INFO - 当前用时 0.10 秒
2026-01-06 16:03:58,774 - INFO - 将种子集 写入位置: /root/pythonspace/data-test/network.netfacebookego/2026-1-7/seeds-with-network.netfacebookego/random_pageRank_seedNum-30_SSRNum-100000.txt
2026-01-06 16:03:58,774 - INFO - 首次生成种子集 alpha_sort
2026-01-06 16:03:58,774 - INFO - 执行当前算法开始: alpha_sort
2026-01-06 16:03:58,776 - INFO - 2888 个节点的alpha值降序排序 done
2026-01-06 16:03:58,776 - INFO - ==============>> [(913, 0.3338075506983271), (201, 0.333445104247145), (1208, 0.3310682265559453), (1375, 0.32871729627377894), (2001, 0.3282675015460195), (2165, 0.32746383618124353), (1405, 0.3254419178073019), (2602, 0.3253939338764156), (326, 0.3253358914181026), (2585, 0.3251613017125706)]
2026-01-06 16:03:58,776 - INFO - 
选择的种子集 (按alpha排序): [913, 201, 1208, 1375, 2001, 2165, 1405, 2602, 326, 2585, 1040, 684, 1245, 517, 1493, 2120, 1698, 800, 1892, 2117, 223, 2130, 486, 811, 2819, 1751, 2700, 1850, 2640, 653]

2026-01-06 16:03:58,776 - INFO - 当前用时 0.00 秒
2026-01-06 16:03:58,776 - INFO - 将种子集 写入位置: /root/pythonspace/data-test/network.netfacebookego/2026-1-7/seeds-with-network.netfacebookego/random_alpha_sort_seedNum-30_SSRNum-100000.txt
2026-01-06 16:03:58,776 - INFO - 首次生成种子集 importance_sort
2026-01-06 16:03:58,776 - INFO - 执行当前算法开始: importance_sort
2026-01-06 16:03:58,996 - INFO - 2888 个节点的Importance值降序排序 done
2026-01-06 16:03:58,996 - INFO - 
选择的种子集 (按Importance排序): [201, 223, 14, 159, 184, 48, 1, 16, 256, 99, 111, 26, 241, 121, 224, 260, 21, 96, 29, 59, 211, 225, 200, 191, 125, 50, 139, 166, 47, 73]

2026-01-06 16:03:58,996 - INFO - 当前用时 0.22 秒
2026-01-06 16:03:58,996 - INFO - 将种子集 写入位置: /root/pythonspace/data-test/network.netfacebookego/2026-1-7/seeds-with-network.netfacebookego/random_importance_sort_seedNum-30_SSRNum-100000.txt
2026-01-06 16:03:58,996 - INFO - 首次生成种子集 ris_coverage
2026-01-06 16:03:58,996 - INFO - 执行当前算法开始: ris_coverage
2026-01-06 16:03:59,038 - INFO - 图初始化完成，节点数: 2888，CSR 矩阵准备就绪。
2026-01-06 16:03:59,039 - INFO - 
开始生成 100000 组 SSR (并行进程: 8)...
2026-01-06 16:04:03,026 - INFO - 生成完毕。耗时: 3.99 秒。
2026-01-06 16:04:03,027 - INFO - 
开始选择最优种子 (Optimized Greedy) ...
2026-01-06 16:04:05,026 - INFO -   - 券 1/30 选中节点 2385, 新增覆盖 35
2026-01-06 16:04:05,032 - INFO -   - 券 2/30 选中节点 2742, 新增覆盖 36
2026-01-06 16:04:05,040 - INFO -   - 券 3/30 选中节点 2587, 新增覆盖 37
2026-01-06 16:04:05,049 - INFO -   - 券 4/30 选中节点 302, 新增覆盖 33
2026-01-06 16:04:05,059 - INFO -   - 券 5/30 选中节点 2312, 新增覆盖 39
2026-01-06 16:04:05,071 - INFO -   - 券 6/30 选中节点 295, 新增覆盖 38
2026-01-06 16:04:05,086 - INFO -   - 券 7/30 选中节点 1911, 新增覆盖 42
2026-01-06 16:04:05,100 - INFO -   - 券 8/30 选中节点 1526, 新增覆盖 36
2026-01-06 16:04:05,117 - INFO -   - 券 9/30 选中节点 97, 新增覆盖 39
2026-01-06 16:04:05,135 - INFO -   - 券 10/30 选中节点 2538, 新增覆盖 37
2026-01-06 16:04:05,153 - INFO -   - 券 11/30 选中节点 2653, 新增覆盖 37
2026-01-06 16:04:05,172 - INFO -   - 券 12/30 选中节点 411, 新增覆盖 37
2026-01-06 16:04:05,193 - INFO -   - 券 13/30 选中节点 2702, 新增覆盖 37
2026-01-06 16:04:05,215 - INFO -   - 券 14/30 选中节点 2879, 新增覆盖 38
2026-01-06 16:04:05,239 - INFO -   - 券 15/30 选中节点 1131, 新增覆盖 40
2026-01-06 16:04:05,263 - INFO -   - 券 16/30 选中节点 2297, 新增覆盖 44
2026-01-06 16:04:05,290 - INFO -   - 券 17/30 选中节点 52, 新增覆盖 34
2026-01-06 16:04:05,320 - INFO -   - 券 18/30 选中节点 135, 新增覆盖 41
2026-01-06 16:04:05,348 - INFO -   - 券 19/30 选中节点 2721, 新增覆盖 39
2026-01-06 16:04:05,377 - INFO -   - 券 20/30 选中节点 1411, 新增覆盖 37
2026-01-06 16:04:05,409 - INFO -   - 券 21/30 选中节点 2874, 新增覆盖 45
2026-01-06 16:04:05,442 - INFO -   - 券 22/30 选中节点 2682, 新增覆盖 40
2026-01-06 16:04:05,477 - INFO -   - 券 23/30 选中节点 337, 新增覆盖 36
2026-01-06 16:04:05,513 - INFO -   - 券 24/30 选中节点 2833, 新增覆盖 41
2026-01-06 16:04:05,547 - INFO -   - 券 25/30 选中节点 1200, 新增覆盖 33
2026-01-06 16:04:05,584 - INFO -   - 券 26/30 选中节点 310, 新增覆盖 39
2026-01-06 16:04:05,625 - INFO -   - 券 27/30 选中节点 1172, 新增覆盖 35
2026-01-06 16:04:05,667 - INFO -   - 券 28/30 选中节点 2820, 新增覆盖 38
2026-01-06 16:04:05,710 - INFO -   - 券 29/30 选中节点 2784, 新增覆盖 39
2026-01-06 16:04:05,752 - INFO -   - 券 30/30 选中节点 325, 新增覆盖 38
2026-01-06 16:04:05,752 - INFO - 选种完毕。耗时: 2.73 秒。
2026-01-06 16:04:05,818 - INFO - 最终选择的种子集: [2385, 2742, 2587, 302, 2312, 295, 1911, 1526, 97, 2538, 2653, 411, 2702, 2879, 1131, 2297, 52, 135, 2721, 1411, 2874, 2682, 337, 2833, 1200, 310, 1172, 2820, 2784, 325]

2026-01-06 16:04:06,026 - INFO - 当前用时 7.03 秒
2026-01-06 16:04:06,027 - INFO - 将种子集 写入位置: /root/pythonspace/data-test/network.netfacebookego/2026-1-7/seeds-with-network.netfacebookego/random_ris_coverage_seedNum-30_SSRNum-100000.txt
2026-01-06 16:04:06,027 - INFO - 首次生成种子集 monterCarlo_CELF
2026-01-06 16:04:06,028 - INFO - 执行当前算法开始: monterCarlo_CELF
2026-01-06 16:04:06,028 - INFO - --- Running: CELF Greedy Monte Carlo (Sims=300) ---
2026-01-06 16:04:06,028 - INFO - Step 0: 初始化所有节点的边际增益...
2026-01-06 16:04:47,523 - INFO - Seed 1: 2810, Spread: 0.64
2026-01-06 16:04:53,964 - INFO - Seed 2: 616, Gain: 0.58, Total: 1.22
2026-01-06 16:05:33,370 - INFO - Seed 3: 1259, Gain: 0.54, Total: 1.76
2026-01-06 16:05:34,429 - INFO - Seed 4: 517, Gain: 0.57, Total: 2.33
2026-01-06 16:05:47,784 - INFO - Seed 5: 2537, Gain: 0.54, Total: 2.87
2026-01-06 16:05:49,259 - INFO - Seed 6: 2885, Gain: 0.55, Total: 3.42
2026-01-06 16:06:01,870 - INFO - Seed 7: 2446, Gain: 0.53, Total: 3.95
2026-01-06 16:06:12,711 - INFO - Seed 8: 2481, Gain: 0.59, Total: 4.53
2026-01-06 16:06:28,328 - INFO - Seed 9: 2683, Gain: 0.53, Total: 5.07
2026-01-06 16:06:45,083 - INFO - Seed 10: 9, Gain: 0.52, Total: 5.59
2026-01-06 16:06:46,563 - INFO - Seed 11: 279, Gain: 0.53, Total: 6.11
2026-01-06 16:07:05,861 - INFO - Seed 12: 494, Gain: 0.55, Total: 6.66
2026-01-06 16:07:09,075 - INFO - Seed 13: 915, Gain: 0.53, Total: 7.19
2026-01-06 16:07:12,886 - INFO - Seed 14: 1570, Gain: 0.60, Total: 7.79
2026-01-06 16:07:41,329 - INFO - Seed 15: 1725, Gain: 0.51, Total: 8.30
2026-01-06 16:07:48,379 - INFO - Seed 16: 1094, Gain: 0.58, Total: 8.88
2026-01-06 16:08:37,459 - INFO - Seed 17: 8, Gain: 0.52, Total: 9.41
2026-01-06 16:10:00,977 - INFO - Seed 18: 2245, Gain: 0.48, Total: 9.88
2026-01-06 16:10:09,541 - INFO - Seed 19: 2726, Gain: 0.49, Total: 10.37
2026-01-06 16:10:11,071 - INFO - Seed 20: 2211, Gain: 0.60, Total: 10.97
2026-01-06 16:10:34,357 - INFO - Seed 21: 557, Gain: 0.46, Total: 11.44
2026-01-06 16:10:35,168 - INFO - Seed 22: 487, Gain: 0.59, Total: 12.03
2026-01-06 16:10:35,453 - INFO - Seed 23: 635, Gain: 0.47, Total: 12.50
2026-01-06 16:10:38,651 - INFO - Seed 24: 357, Gain: 0.56, Total: 13.06
2026-01-06 16:10:40,371 - INFO - Seed 25: 1306, Gain: 0.51, Total: 13.57
2026-01-06 16:10:53,973 - INFO - Seed 26: 2698, Gain: 0.49, Total: 14.06
2026-01-06 16:10:55,916 - INFO - Seed 27: 2708, Gain: 0.47, Total: 14.53
2026-01-06 16:10:56,327 - INFO - Seed 28: 936, Gain: 0.57, Total: 15.09
2026-01-06 16:10:56,751 - INFO - Seed 29: 2200, Gain: 0.51, Total: 15.60
2026-01-06 16:10:58,036 - INFO - Seed 30: 2187, Gain: 0.68, Total: 16.28
2026-01-06 16:10:58,036 - INFO - CELF 完成，总耗时: 412.01s
2026-01-06 16:10:58,036 - INFO - 当前用时 412.01 秒
2026-01-06 16:10:58,036 - INFO - 将种子集 写入位置: /root/pythonspace/data-test/network.netfacebookego/2026-1-7/seeds-with-network.netfacebookego/random_monterCarlo_CELF_seedNum-30_SSRNum-100000.txt
2026-01-06 16:10:58,037 - INFO - 评估种子集: None
2026-01-06 16:10:58,037 - INFO - 多进程评估开始，共有 7 个方法待评估...
2026-01-06 16:10:58,037 - INFO - 启动进程池，Worker数量: 7
2026-01-06 16:10:58,236 - INFO - [Process 5673] 开始评估方法: random, 种子数: 30
2026-01-06 16:10:58,366 - INFO - [Process 5674] 开始评估方法: degreeTopM, 种子数: 30
2026-01-06 16:10:58,508 - INFO - [Process 5675] 开始评估方法: pageRank, 种子数: 30
2026-01-06 16:10:58,654 - INFO - [Process 5676] 开始评估方法: alpha_sort, 种子数: 30
2026-01-06 16:10:58,796 - INFO - [Process 5677] 开始评估方法: importance_sort, 种子数: 30
2026-01-06 16:10:58,928 - INFO - [Process 5678] 开始评估方法: ris_coverage, 种子数: 30
2026-01-06 16:10:59,071 - INFO - [Process 5679] 开始评估方法: monterCarlo_CELF, 种子数: 30
2026-01-06 16:10:59,640 - INFO - [Process 5673] random - 1000 sims 完成: E=16.10
2026-01-06 16:11:00,011 - INFO - [Process 5676] alpha_sort - 1000 sims 完成: E=16.43
2026-01-06 16:11:00,101 - INFO - [Process 5677] importance_sort - 1000 sims 完成: E=15.97
2026-01-06 16:11:00,190 - INFO - [Process 5674] degreeTopM - 1000 sims 完成: E=16.39
2026-01-06 16:11:00,282 - INFO - [Process 5678] ris_coverage - 1000 sims 完成: E=16.15
2026-01-06 16:11:00,376 - INFO - [Process 5675] pageRank - 1000 sims 完成: E=16.40
2026-01-06 16:11:00,491 - INFO - [Process 5679] monterCarlo_CELF - 1000 sims 完成: E=16.03
2026-01-06 16:11:00,501 - INFO - 所有进程执行完毕，开始写入数据...
2026-01-06 16:11:00,505 - INFO - 成功写入 7 条记录至 /root/pythonspace/data-test/network.netfacebookego/2026-1-7/E-activated-network.netfacebookego/distribution-random/simuTimes-1000_random-dirichlet-[500, 500, 500]_rrNumSamples-100000.csv
2026-01-06 16:11:00,505 - INFO - 保存评估文件至: /root/pythonspace/data-test/network.netfacebookego/2026-1-7/E-activated-network.netfacebookego/distribution-random/simuTimes-1000_random-dirichlet-[500, 500, 500]_rrNumSamples-100000.csv
2026-01-06 16:11:00,506 - INFO - 加载数据集: network.netfacebookego
2026-01-06 16:11:00,507 - INFO - --- 矩阵分析 ---
2026-01-06 16:11:00,507 - INFO - 节点数 (N): 2888
2026-01-06 16:11:00,507 - INFO - 边数 (E): 5962
2026-01-06 16:11:00,507 - INFO - 密度 (Density): 0.00071482 (越小越稀疏)
2026-01-06 16:11:00,507 - INFO - 稀疏度 (Sparsity): 0.99928518 (越接近1越稀疏)
2026-01-06 16:11:00,507 - INFO - 平均度数 (Avg Degree): 2.06
2026-01-06 16:11:00,507 - INFO - 首次生成度相关概率分布 分布类型: 'random'.
2026-01-06 16:11:00,507 - INFO - ===> Generating 'Dirichlet' with Degree Bias...
2026-01-06 16:11:00,507 - INFO -      Alpha: [500, 500, 500]
2026-01-06 16:11:00,507 - INFO -      Factors -> Succ: -0.1, Dis: -0.3, Tran: 0.5
2026-01-06 16:11:00,508 - INFO - --- check node (Max Degree=769.0) ---
2026-01-06 16:11:00,508 - INFO -     Base Prob: [0.34006981 0.32870466 0.33122553]
2026-01-06 16:11:00,508 - INFO -     Final Prob: Succ=0.0186, Dis=0.0048, Tran=0.9767
2026-01-06 16:11:00,508 - INFO - 保存概率分布 文件位置: /root/pythonspace/data-test/network.netfacebookego/2026-1-7/distribution-in-network.netfacebookego/distribution-random_seedNum-60.pkl
2026-01-06 16:11:00,515 - INFO - 首次生成种子集 random
2026-01-06 16:11:00,515 - INFO - 执行当前算法开始: random
2026-01-06 16:11:00,515 - INFO - 数据集节点总数:  n = 2888, m = 60
2026-01-06 16:11:00,515 - INFO - 选择 60  [1953, 326, 528, 252, 1488, 486, 1208, 451, 956, 143, 641, 1576, 2045, 1360, 1253, 2321, 2655, 2392, 2271, 2226, 752, 1157, 2085, 170, 174, 929, 1608, 254, 1274, 1257, 2168, 1173, 670, 2024, 165, 2036, 1261, 919, 1170, 2672, 380, 2096, 311, 2261, 2488, 729, 2230, 816, 2602, 2364, 1756, 427, 2865, 743, 1854, 15, 1466, 1737, 155, 831]

2026-01-06 16:11:00,515 - INFO - 当前用时 0.00 秒
2026-01-06 16:11:00,515 - INFO - 将种子集 写入位置: /root/pythonspace/data-test/network.netfacebookego/2026-1-7/seeds-with-network.netfacebookego/random_random_seedNum-60_SSRNum-100000.txt
2026-01-06 16:11:00,516 - INFO - 首次生成种子集 degreeTopM
2026-01-06 16:11:00,516 - INFO - 执行当前算法开始: degreeTopM
2026-01-06 16:11:00,516 - INFO - 依据: 选择连接数（度数）最多的节点。
2026-01-06 16:11:00,516 - INFO - 选择的 Top M 节点及其度数:
2026-01-06 16:11:00,516 - INFO - 
2026-01-06 16:11:00,516 - INFO - 当前用时 0.00 秒
2026-01-06 16:11:00,516 - INFO - 将种子集 写入位置: /root/pythonspace/data-test/network.netfacebookego/2026-1-7/seeds-with-network.netfacebookego/random_degreeTopM_seedNum-60_SSRNum-100000.txt
2026-01-06 16:11:00,516 - INFO - 首次生成种子集 pageRank
2026-01-06 16:11:00,516 - INFO - 执行当前算法开始: pageRank
2026-01-06 16:11:00,516 - INFO - --- Running: PageRank (on tranProMatrix) Top M ---
2026-01-06 16:11:00,595 - INFO - Selected PageRank seeds: [602, 1524, 287, 0, 709, 2686, 713, 2231, 2535, 2698, 246, 715, 718, 70, 710, 719, 34, 68, 334, 468, 492, 509, 525, 583, 593, 623, 638, 763, 89, 216, 2593, 711, 712, 714, 716, 717, 1523, 720, 721, 2697, 2708, 2713, 2719, 2729, 2745, 2747, 2753, 2772, 2774, 2776, 2800, 2803, 2804, 2805, 2810, 2823, 2825, 2828, 2830, 2840]
2026-01-06 16:11:00,596 - INFO - 当前用时 0.08 秒
2026-01-06 16:11:00,596 - INFO - 将种子集 写入位置: /root/pythonspace/data-test/network.netfacebookego/2026-1-7/seeds-with-network.netfacebookego/random_pageRank_seedNum-60_SSRNum-100000.txt
2026-01-06 16:11:00,596 - INFO - 首次生成种子集 alpha_sort
2026-01-06 16:11:00,596 - INFO - 执行当前算法开始: alpha_sort
2026-01-06 16:11:00,597 - INFO - 2888 个节点的alpha值降序排序 done
2026-01-06 16:11:00,597 - INFO - ==============>> [(1441, 0.3345323944150903), (2041, 0.3314881663889502), (693, 0.3311088788287384), (96, 0.330959631544665), (1160, 0.32979215498615777), (2242, 0.3293274847731497), (2695, 0.32818960570423633), (512, 0.32720089902444366), (155, 0.32704541049192004), (2084, 0.3268308418647953)]
2026-01-06 16:11:00,597 - INFO - 
选择的种子集 (按alpha排序): [1441, 2041, 693, 96, 1160, 2242, 2695, 512, 155, 2084, 2021, 191, 2133, 1507, 2297, 1032, 824, 83, 380, 2822, 1784, 2216, 1696, 1016, 2205, 2354, 651, 73, 2638, 238, 1087, 1649, 129, 632, 2375, 2112, 732, 1894, 535, 2610, 57, 1494, 946, 877, 2559, 1324, 2098, 2237, 2783, 358, 1372, 60, 1097, 2541, 1360, 942, 2314, 850, 771, 1659]

2026-01-06 16:11:00,597 - INFO - 当前用时 0.00 秒
2026-01-06 16:11:00,598 - INFO - 将种子集 写入位置: /root/pythonspace/data-test/network.netfacebookego/2026-1-7/seeds-with-network.netfacebookego/random_alpha_sort_seedNum-60_SSRNum-100000.txt
2026-01-06 16:11:00,598 - INFO - 首次生成种子集 importance_sort
2026-01-06 16:11:00,598 - INFO - 执行当前算法开始: importance_sort
2026-01-06 16:11:00,839 - INFO - 2888 个节点的Importance值降序排序 done
2026-01-06 16:11:00,839 - INFO - 
选择的种子集 (按Importance排序): [96, 155, 191, 83, 73, 238, 129, 57, 60, 222, 148, 198, 27, 13, 236, 253, 273, 212, 85, 184, 37, 123, 80, 261, 225, 279, 133, 233, 32, 283, 234, 113, 241, 131, 108, 51, 160, 262, 122, 54, 265, 168, 232, 52, 110, 257, 211, 146, 209, 248, 176, 259, 169, 213, 124, 235, 286, 9, 125, 224]

2026-01-06 16:11:00,839 - INFO - 当前用时 0.24 秒
2026-01-06 16:11:00,839 - INFO - 将种子集 写入位置: /root/pythonspace/data-test/network.netfacebookego/2026-1-7/seeds-with-network.netfacebookego/random_importance_sort_seedNum-60_SSRNum-100000.txt
2026-01-06 16:11:00,840 - INFO - 首次生成种子集 ris_coverage
2026-01-06 16:11:00,840 - INFO - 执行当前算法开始: ris_coverage
2026-01-06 16:11:00,885 - INFO - 图初始化完成，节点数: 2888，CSR 矩阵准备就绪。
2026-01-06 16:11:00,885 - INFO - 
开始生成 100000 组 SSR (并行进程: 8)...
2026-01-06 16:11:08,981 - INFO - 生成完毕。耗时: 8.10 秒。
2026-01-06 16:11:08,982 - INFO - 
开始选择最优种子 (Optimized Greedy) ...
2026-01-06 16:11:14,357 - INFO -   - 券 1/60 选中节点 2595, 新增覆盖 39
2026-01-06 16:11:14,362 - INFO -   - 券 2/60 选中节点 2875, 新增覆盖 38
2026-01-06 16:11:14,370 - INFO -   - 券 3/60 选中节点 623, 新增覆盖 37
2026-01-06 16:11:14,379 - INFO -   - 券 4/60 选中节点 2778, 新增覆盖 45
2026-01-06 16:11:14,389 - INFO -   - 券 5/60 选中节点 1160, 新增覆盖 33
2026-01-06 16:11:14,401 - INFO -   - 券 6/60 选中节点 691, 新增覆盖 39
2026-01-06 16:11:14,415 - INFO -   - 券 7/60 选中节点 2877, 新增覆盖 38
2026-01-06 16:11:14,428 - INFO -   - 券 8/60 选中节点 186, 新增覆盖 39
2026-01-06 16:11:14,443 - INFO -   - 券 9/60 选中节点 189, 新增覆盖 37
2026-01-06 16:11:14,459 - INFO -   - 券 10/60 选中节点 2357, 新增覆盖 40
2026-01-06 16:11:14,474 - INFO -   - 券 11/60 选中节点 1696, 新增覆盖 36
2026-01-06 16:11:14,495 - INFO -   - 券 12/60 选中节点 827, 新增覆盖 36
2026-01-06 16:11:14,517 - INFO -   - 券 13/60 选中节点 1833, 新增覆盖 38
2026-01-06 16:11:14,539 - INFO -   - 券 14/60 选中节点 2318, 新增覆盖 35
2026-01-06 16:11:14,562 - INFO -   - 券 15/60 选中节点 1983, 新增覆盖 34
2026-01-06 16:11:14,588 - INFO -   - 券 16/60 选中节点 1891, 新增覆盖 45
2026-01-06 16:11:14,613 - INFO -   - 券 17/60 选中节点 2454, 新增覆盖 37
2026-01-06 16:11:14,640 - INFO -   - 券 18/60 选中节点 1950, 新增覆盖 34
2026-01-06 16:11:14,671 - INFO -   - 券 19/60 选中节点 291, 新增覆盖 36
2026-01-06 16:11:14,702 - INFO -   - 券 20/60 选中节点 497, 新增覆盖 33
2026-01-06 16:11:14,735 - INFO -   - 券 21/60 选中节点 2886, 新增覆盖 41
2026-01-06 16:11:14,768 - INFO -   - 券 22/60 选中节点 1569, 新增覆盖 35
2026-01-06 16:11:14,803 - INFO -   - 券 23/60 选中节点 2425, 新增覆盖 32
2026-01-06 16:11:14,839 - INFO -   - 券 24/60 选中节点 2571, 新增覆盖 34
2026-01-06 16:11:14,876 - INFO -   - 券 25/60 选中节点 36, 新增覆盖 39
2026-01-06 16:11:14,916 - INFO -   - 券 26/60 选中节点 661, 新增覆盖 39
2026-01-06 16:11:14,958 - INFO -   - 券 27/60 选中节点 2607, 新增覆盖 37
2026-01-06 16:11:15,000 - INFO -   - 券 28/60 选中节点 613, 新增覆盖 37
2026-01-06 16:11:15,044 - INFO -   - 券 29/60 选中节点 916, 新增覆盖 37
2026-01-06 16:11:15,088 - INFO -   - 券 30/60 选中节点 119, 新增覆盖 36
2026-01-06 16:11:15,135 - INFO -   - 券 31/60 选中节点 2806, 新增覆盖 40
2026-01-06 16:11:15,183 - INFO -   - 券 32/60 选中节点 2388, 新增覆盖 38
2026-01-06 16:11:15,232 - INFO -   - 券 33/60 选中节点 2636, 新增覆盖 37
2026-01-06 16:11:15,285 - INFO -   - 券 34/60 选中节点 2748, 新增覆盖 40
2026-01-06 16:11:15,337 - INFO -   - 券 35/60 选中节点 1967, 新增覆盖 37
2026-01-06 16:11:15,389 - INFO -   - 券 36/60 选中节点 2638, 新增覆盖 41
2026-01-06 16:11:15,444 - INFO -   - 券 37/60 选中节点 412, 新增覆盖 42
2026-01-06 16:11:15,500 - INFO -   - 券 38/60 选中节点 83, 新增覆盖 36
2026-01-06 16:11:15,558 - INFO -   - 券 39/60 选中节点 2655, 新增覆盖 36
2026-01-06 16:11:15,615 - INFO -   - 券 40/60 选中节点 543, 新增覆盖 35
2026-01-06 16:11:15,677 - INFO -   - 券 41/60 选中节点 1774, 新增覆盖 35
2026-01-06 16:11:15,739 - INFO -   - 券 42/60 选中节点 920, 新增覆盖 41
2026-01-06 16:11:15,796 - INFO -   - 券 43/60 选中节点 1073, 新增覆盖 37
2026-01-06 16:11:15,859 - INFO -   - 券 44/60 选中节点 2582, 新增覆盖 39
2026-01-06 16:11:15,919 - INFO -   - 券 45/60 选中节点 2399, 新增覆盖 35
2026-01-06 16:11:15,978 - INFO -   - 券 46/60 选中节点 2833, 新增覆盖 39
2026-01-06 16:11:16,053 - INFO -   - 券 47/60 选中节点 1535, 新增覆盖 38
2026-01-06 16:11:16,125 - INFO -   - 券 48/60 选中节点 1037, 新增覆盖 41
2026-01-06 16:11:16,201 - INFO -   - 券 49/60 选中节点 2268, 新增覆盖 39
2026-01-06 16:11:16,273 - INFO -   - 券 50/60 选中节点 1715, 新增覆盖 35
2026-01-06 16:11:16,343 - INFO -   - 券 51/60 选中节点 1692, 新增覆盖 34
2026-01-06 16:11:16,426 - INFO -   - 券 52/60 选中节点 2408, 新增覆盖 38
2026-01-06 16:11:16,508 - INFO -   - 券 53/60 选中节点 314, 新增覆盖 35
2026-01-06 16:11:16,588 - INFO -   - 券 54/60 选中节点 166, 新增覆盖 37
2026-01-06 16:11:16,669 - INFO -   - 券 55/60 选中节点 1677, 新增覆盖 39
2026-01-06 16:11:16,752 - INFO -   - 券 56/60 选中节点 448, 新增覆盖 38
2026-01-06 16:11:16,838 - INFO -   - 券 57/60 选中节点 1330, 新增覆盖 35
2026-01-06 16:11:16,924 - INFO -   - 券 58/60 选中节点 1216, 新增覆盖 39
2026-01-06 16:11:17,014 - INFO -   - 券 59/60 选中节点 1685, 新增覆盖 39
2026-01-06 16:11:17,094 - INFO -   - 券 60/60 选中节点 2292, 新增覆盖 40
2026-01-06 16:11:17,094 - INFO - 选种完毕。耗时: 8.11 秒。
2026-01-06 16:11:17,214 - INFO - 最终选择的种子集: [2595, 2875, 623, 2778, 1160, 691, 2877, 186, 189, 2357, 1696, 827, 1833, 2318, 1983, 1891, 2454, 1950, 291, 497, 2886, 1569, 2425, 2571, 36, 661, 2607, 613, 916, 119, 2806, 2388, 2636, 2748, 1967, 2638, 412, 83, 2655, 543, 1774, 920, 1073, 2582, 2399, 2833, 1535, 1037, 2268, 1715, 1692, 2408, 314, 166, 1677, 448, 1330, 1216, 1685, 2292]

2026-01-06 16:11:17,558 - INFO - 当前用时 16.72 秒
2026-01-06 16:11:17,558 - INFO - 将种子集 写入位置: /root/pythonspace/data-test/network.netfacebookego/2026-1-7/seeds-with-network.netfacebookego/random_ris_coverage_seedNum-60_SSRNum-100000.txt
2026-01-06 16:11:17,558 - INFO - 首次生成种子集 monterCarlo_CELF
2026-01-06 16:11:17,558 - INFO - 执行当前算法开始: monterCarlo_CELF
2026-01-06 16:11:17,558 - INFO - --- Running: CELF Greedy Monte Carlo (Sims=300) ---
2026-01-06 16:11:17,558 - INFO - Step 0: 初始化所有节点的边际增益...
2026-01-06 16:12:04,031 - INFO - Seed 1: 577, Spread: 0.66
2026-01-06 16:12:39,099 - INFO - Seed 2: 2700, Gain: 0.54, Total: 1.20
2026-01-06 16:12:44,362 - INFO - Seed 3: 2883, Gain: 0.54, Total: 1.74
2026-01-06 16:12:44,786 - INFO - Seed 4: 148, Gain: 0.56, Total: 2.30
2026-01-06 16:12:49,650 - INFO - Seed 5: 1400, Gain: 0.68, Total: 2.98
2026-01-06 16:13:37,538 - INFO - Seed 6: 8, Gain: 0.52, Total: 3.50
2026-01-06 16:14:05,896 - INFO - Seed 7: 1957, Gain: 0.53, Total: 4.02
2026-01-06 16:14:45,909 - INFO - Seed 8: 1544, Gain: 0.50, Total: 4.53
2026-01-06 16:15:01,252 - INFO - Seed 9: 1047, Gain: 0.52, Total: 5.05
2026-01-06 16:15:10,737 - INFO - Seed 10: 2544, Gain: 0.53, Total: 5.58
2026-01-06 16:15:14,055 - INFO - Seed 11: 1498, Gain: 0.51, Total: 6.09
2026-01-06 16:15:17,058 - INFO - Seed 12: 1097, Gain: 0.57, Total: 6.66
2026-01-06 16:15:20,636 - INFO - Seed 13: 555, Gain: 0.50, Total: 7.15
2026-01-06 16:15:24,519 - INFO - Seed 14: 1407, Gain: 0.53, Total: 7.68
2026-01-06 16:15:24,705 - INFO - Seed 15: 1426, Gain: 0.50, Total: 8.19
2026-01-06 16:15:24,902 - INFO - Seed 16: 1763, Gain: 0.55, Total: 8.73
2026-01-06 16:15:27,234 - INFO - Seed 17: 2758, Gain: 0.59, Total: 9.33
2026-01-06 16:15:33,997 - INFO - Seed 18: 669, Gain: 0.49, Total: 9.82
2026-01-06 16:15:35,683 - INFO - Seed 19: 2151, Gain: 0.63, Total: 10.45
2026-01-06 16:15:38,735 - INFO - Seed 20: 173, Gain: 0.50, Total: 10.95
2026-01-06 16:15:43,800 - INFO - Seed 21: 2068, Gain: 0.53, Total: 11.48
2026-01-06 16:15:45,721 - INFO - Seed 22: 1467, Gain: 0.57, Total: 12.05
2026-01-06 16:15:50,797 - INFO - Seed 23: 1419, Gain: 0.56, Total: 12.61
2026-01-06 16:16:01,310 - INFO - Seed 24: 1208, Gain: 0.51, Total: 13.12
2026-01-06 16:16:10,938 - INFO - Seed 25: 296, Gain: 0.63, Total: 13.75
2026-01-06 16:17:19,546 - INFO - Seed 26: 334, Gain: 0.45, Total: 14.20
2026-01-06 16:17:24,050 - INFO - Seed 27: 1723, Gain: 0.49, Total: 14.69
2026-01-06 16:17:25,486 - INFO - Seed 28: 756, Gain: 0.48, Total: 15.17
2026-01-06 16:17:27,079 - INFO - Seed 29: 1989, Gain: 0.51, Total: 15.68
2026-01-06 16:17:27,524 - INFO - Seed 30: 1049, Gain: 0.56, Total: 16.24
2026-01-06 16:17:27,966 - INFO - Seed 31: 2186, Gain: 0.54, Total: 16.77
2026-01-06 16:17:29,197 - INFO - Seed 32: 1808, Gain: 0.47, Total: 17.25
2026-01-06 16:17:30,896 - INFO - Seed 33: 1594, Gain: 0.53, Total: 17.78
2026-01-06 16:17:31,384 - INFO - Seed 34: 1202, Gain: 0.56, Total: 18.34
2026-01-06 16:17:33,166 - INFO - Seed 35: 1708, Gain: 0.50, Total: 18.83
2026-01-06 16:17:33,635 - INFO - Seed 36: 2149, Gain: 0.65, Total: 19.48
2026-01-06 16:17:34,592 - INFO - Seed 37: 893, Gain: 0.46, Total: 19.94
2026-01-06 16:17:36,084 - INFO - Seed 38: 1112, Gain: 0.55, Total: 20.49
2026-01-06 16:17:41,810 - INFO - Seed 39: 1795, Gain: 0.63, Total: 21.12
2026-01-06 16:17:42,342 - INFO - Seed 40: 1495, Gain: 0.48, Total: 21.60
2026-01-06 16:17:42,860 - INFO - Seed 41: 1299, Gain: 0.45, Total: 22.05
2026-01-06 16:17:44,455 - INFO - Seed 42: 403, Gain: 0.58, Total: 22.63
2026-01-06 16:17:44,993 - INFO - Seed 43: 2265, Gain: 0.49, Total: 23.12
2026-01-06 16:17:46,117 - INFO - Seed 44: 801, Gain: 0.67, Total: 23.79
2026-01-06 16:17:54,009 - INFO - Seed 45: 1099, Gain: 0.46, Total: 24.25
2026-01-06 16:17:56,942 - INFO - Seed 46: 1281, Gain: 0.49, Total: 24.74
2026-01-06 16:17:58,796 - INFO - Seed 47: 273, Gain: 0.56, Total: 25.30
2026-01-06 16:18:01,992 - INFO - Seed 48: 2399, Gain: 0.57, Total: 25.87
2026-01-06 16:18:03,237 - INFO - Seed 49: 1470, Gain: 0.46, Total: 26.32
2026-01-06 16:18:03,867 - INFO - Seed 50: 675, Gain: 0.50, Total: 26.82
2026-01-06 16:18:05,200 - INFO - Seed 51: 865, Gain: 0.58, Total: 27.40
2026-01-06 16:18:07,275 - INFO - Seed 52: 1562, Gain: 0.54, Total: 27.94
2026-01-06 16:18:09,316 - INFO - Seed 53: 1738, Gain: 0.72, Total: 28.66
2026-01-06 16:18:15,552 - INFO - Seed 54: 2683, Gain: 0.46, Total: 29.12
2026-01-06 16:18:39,484 - INFO - Seed 55: 2380, Gain: 0.60, Total: 29.71
2026-01-06 16:18:48,753 - INFO - Seed 56: 2243, Gain: 0.64, Total: 30.35
2026-01-06 16:19:10,102 - INFO - Seed 57: 1984, Gain: 0.49, Total: 30.84
2026-01-06 16:19:26,688 - INFO - Seed 58: 2045, Gain: 0.71, Total: 31.55
2026-01-06 16:19:58,563 - INFO - Seed 59: 1925, Gain: 0.50, Total: 32.05
2026-01-06 16:20:40,250 - INFO - Seed 60: 459, Gain: 0.44, Total: 32.48
2026-01-06 16:20:40,251 - INFO - CELF 完成，总耗时: 562.69s
2026-01-06 16:20:40,251 - INFO - 当前用时 562.69 秒
2026-01-06 16:20:40,251 - INFO - 将种子集 写入位置: /root/pythonspace/data-test/network.netfacebookego/2026-1-7/seeds-with-network.netfacebookego/random_monterCarlo_CELF_seedNum-60_SSRNum-100000.txt
2026-01-06 16:20:40,251 - INFO - 评估种子集: None
2026-01-06 16:20:40,251 - INFO - 多进程评估开始，共有 7 个方法待评估...
2026-01-06 16:20:40,251 - INFO - 启动进程池，Worker数量: 7
2026-01-06 16:20:40,451 - INFO - [Process 6367] 开始评估方法: random, 种子数: 60
2026-01-06 16:20:40,542 - INFO - [Process 6366] 开始评估方法: degreeTopM, 种子数: 60
2026-01-06 16:20:40,633 - INFO - [Process 6368] 开始评估方法: pageRank, 种子数: 60
2026-01-06 16:20:40,739 - INFO - [Process 6370] 开始评估方法: alpha_sort, 种子数: 60
2026-01-06 16:20:40,832 - INFO - [Process 6369] 开始评估方法: importance_sort, 种子数: 60
2026-01-06 16:20:40,924 - INFO - [Process 6371] 开始评估方法: ris_coverage, 种子数: 60
2026-01-06 16:20:41,022 - INFO - [Process 6372] 开始评估方法: monterCarlo_CELF, 种子数: 60
2026-01-06 16:20:43,014 - INFO - [Process 6367] random - 1000 sims 完成: E=31.78
2026-01-06 16:20:43,242 - INFO - [Process 6369] importance_sort - 1000 sims 完成: E=30.93
2026-01-06 16:20:43,257 - INFO - [Process 6370] alpha_sort - 1000 sims 完成: E=32.77
2026-01-06 16:20:43,419 - INFO - [Process 6371] ris_coverage - 1000 sims 完成: E=32.07
2026-01-06 16:20:43,617 - INFO - [Process 6366] degreeTopM - 1000 sims 完成: E=31.68
2026-01-06 16:20:43,724 - INFO - [Process 6368] pageRank - 1000 sims 完成: E=31.81
2026-01-06 16:20:43,951 - INFO - [Process 6372] monterCarlo_CELF - 1000 sims 完成: E=31.96
2026-01-06 16:20:43,965 - INFO - 所有进程执行完毕，开始写入数据...
2026-01-06 16:20:43,967 - INFO - 成功写入 7 条记录至 /root/pythonspace/data-test/network.netfacebookego/2026-1-7/E-activated-network.netfacebookego/distribution-random/simuTimes-1000_random-dirichlet-[500, 500, 500]_rrNumSamples-100000.csv
2026-01-06 16:20:43,967 - INFO - 保存评估文件至: /root/pythonspace/data-test/network.netfacebookego/2026-1-7/E-activated-network.netfacebookego/distribution-random/simuTimes-1000_random-dirichlet-[500, 500, 500]_rrNumSamples-100000.csv
2026-01-06 16:20:43,969 - INFO - 加载数据集: network.netfacebookego
2026-01-06 16:20:43,969 - INFO - --- 矩阵分析 ---
2026-01-06 16:20:43,969 - INFO - 节点数 (N): 2888
2026-01-06 16:20:43,969 - INFO - 边数 (E): 5962
2026-01-06 16:20:43,969 - INFO - 密度 (Density): 0.00071482 (越小越稀疏)
2026-01-06 16:20:43,969 - INFO - 稀疏度 (Sparsity): 0.99928518 (越接近1越稀疏)
2026-01-06 16:20:43,969 - INFO - 平均度数 (Avg Degree): 2.06
2026-01-06 16:20:43,970 - INFO - 首次生成度相关概率分布 分布类型: 'random'.
2026-01-06 16:20:43,970 - INFO - ===> Generating 'Dirichlet' with Degree Bias...
2026-01-06 16:20:43,970 - INFO -      Alpha: [500, 500, 500]
2026-01-06 16:20:43,970 - INFO -      Factors -> Succ: -0.1, Dis: -0.3, Tran: 0.5
2026-01-06 16:20:43,970 - INFO - --- check node (Max Degree=769.0) ---
2026-01-06 16:20:43,970 - INFO -     Base Prob: [0.32016887 0.34354998 0.33628115]
2026-01-06 16:20:43,970 - INFO -     Final Prob: Succ=0.0173, Dis=0.0049, Tran=0.9778
2026-01-06 16:20:43,971 - INFO - 保存概率分布 文件位置: /root/pythonspace/data-test/network.netfacebookego/2026-1-7/distribution-in-network.netfacebookego/distribution-random_seedNum-90.pkl
2026-01-06 16:20:43,977 - INFO - 首次生成种子集 random
2026-01-06 16:20:43,977 - INFO - 执行当前算法开始: random
2026-01-06 16:20:43,977 - INFO - 数据集节点总数:  n = 2888, m = 90
2026-01-06 16:20:43,977 - INFO - 选择 90  [2190, 2044, 2152, 520, 1298, 1901, 223, 1322, 1946, 2696, 1065, 1812, 2245, 2402, 473, 2265, 1302, 1744, 732, 2259, 581, 1968, 2020, 2308, 1771, 1851, 2534, 929, 330, 1566, 848, 1715, 2874, 2762, 2505, 1082, 9, 2321, 670, 1081, 2335, 1373, 2416, 1326, 1546, 734, 1405, 966, 2549, 1161, 152, 2867, 865, 1619, 1437, 2778, 129, 580, 1305, 1380, 1194, 2627, 666, 1569, 1247, 1429, 1042, 1673, 598, 1139, 802, 2824, 756, 2582, 1112, 1595, 1929, 1311, 2632, 15, 2119, 2607, 2792, 1332, 880, 213, 188, 1898, 1237, 2617]

2026-01-06 16:20:43,977 - INFO - 当前用时 0.00 秒
2026-01-06 16:20:43,977 - INFO - 将种子集 写入位置: /root/pythonspace/data-test/network.netfacebookego/2026-1-7/seeds-with-network.netfacebookego/random_random_seedNum-90_SSRNum-100000.txt
2026-01-06 16:20:43,977 - INFO - 首次生成种子集 degreeTopM
2026-01-06 16:20:43,977 - INFO - 执行当前算法开始: degreeTopM
2026-01-06 16:20:43,977 - INFO - 依据: 选择连接数（度数）最多的节点。
2026-01-06 16:20:43,977 - INFO - 选择的 Top M 节点及其度数:
2026-01-06 16:20:43,977 - INFO - 
2026-01-06 16:20:43,977 - INFO - 当前用时 0.00 秒
2026-01-06 16:20:43,977 - INFO - 将种子集 写入位置: /root/pythonspace/data-test/network.netfacebookego/2026-1-7/seeds-with-network.netfacebookego/random_degreeTopM_seedNum-90_SSRNum-100000.txt
2026-01-06 16:20:43,978 - INFO - 首次生成种子集 pageRank
2026-01-06 16:20:43,978 - INFO - 执行当前算法开始: pageRank
2026-01-06 16:20:43,978 - INFO - --- Running: PageRank (on tranProMatrix) Top M ---
2026-01-06 16:20:44,051 - INFO - Selected PageRank seeds: [602, 1524, 287, 0, 709, 2686, 713, 2231, 2535, 2698, 246, 715, 718, 70, 710, 719, 34, 68, 334, 468, 492, 509, 525, 583, 593, 623, 638, 763, 89, 216, 2593, 711, 712, 714, 716, 717, 1523, 720, 721, 2697, 2708, 2713, 2719, 2729, 2745, 2747, 2753, 2772, 2774, 2776, 2800, 2803, 2804, 2805, 2810, 2823, 2825, 2828, 2830, 2840, 2856, 2347, 2350, 2351, 2353, 2355, 2365, 2368, 2369, 2374, 2385, 2393, 2394, 2398, 2401, 2404, 2406, 2408, 2430, 2433, 2443, 2451, 2460, 2464, 2468, 2474, 2481, 2482, 2483, 2491]
2026-01-06 16:20:44,052 - INFO - 当前用时 0.07 秒
2026-01-06 16:20:44,052 - INFO - 将种子集 写入位置: /root/pythonspace/data-test/network.netfacebookego/2026-1-7/seeds-with-network.netfacebookego/random_pageRank_seedNum-90_SSRNum-100000.txt
2026-01-06 16:20:44,053 - INFO - 首次生成种子集 alpha_sort
2026-01-06 16:20:44,053 - INFO - 执行当前算法开始: alpha_sort
2026-01-06 16:20:44,054 - INFO - 2888 个节点的alpha值降序排序 done
2026-01-06 16:20:44,054 - INFO - ==============>> [(1208, 0.3370071348329322), (962, 0.3354736003817217), (1340, 0.3337685003543047), (646, 0.33351521976945503), (2777, 0.33215800081431596), (2591, 0.3285919039000972), (1073, 0.32848483989020716), (1355, 0.3283003301667269), (2003, 0.3278660841908725), (963, 0.32778282358858946)]
2026-01-06 16:20:44,054 - INFO - 
选择的种子集 (按alpha排序): [1208, 962, 1340, 646, 2777, 2591, 1073, 1355, 2003, 963, 2019, 1011, 2652, 218, 2419, 2074, 214, 2342, 302, 870, 895, 1009, 1728, 2020, 2864, 1857, 2711, 2690, 2749, 90, 1666, 886, 1673, 361, 934, 789, 1539, 1873, 2880, 1789, 1882, 761, 971, 92, 2769, 259, 1482, 1821, 784, 425, 1164, 1532, 2532, 2080, 2588, 545, 1024, 2431, 1623, 1084, 336, 1751, 2649, 743, 134, 2314, 1875, 1608, 924, 473, 2412, 2589, 2639, 2364, 1003, 1365, 2487, 885, 615, 2616, 1397, 1250, 204, 1349, 1962, 368, 1590, 2822, 1961, 722]

2026-01-06 16:20:44,054 - INFO - 当前用时 0.00 秒
2026-01-06 16:20:44,054 - INFO - 将种子集 写入位置: /root/pythonspace/data-test/network.netfacebookego/2026-1-7/seeds-with-network.netfacebookego/random_alpha_sort_seedNum-90_SSRNum-100000.txt
2026-01-06 16:20:44,054 - INFO - 首次生成种子集 importance_sort
2026-01-06 16:20:44,054 - INFO - 执行当前算法开始: importance_sort
2026-01-06 16:20:44,290 - INFO - 2888 个节点的Importance值降序排序 done
2026-01-06 16:20:44,291 - INFO - 
选择的种子集 (按Importance排序): [218, 214, 90, 92, 259, 134, 204, 136, 3, 101, 225, 63, 239, 277, 260, 82, 209, 156, 44, 133, 137, 1, 7, 201, 100, 160, 40, 43, 187, 244, 248, 72, 121, 93, 39, 281, 242, 88, 254, 179, 2, 79, 208, 227, 178, 144, 283, 245, 250, 49, 149, 243, 48, 95, 58, 210, 142, 78, 75, 280, 140, 139, 276, 183, 14, 222, 71, 9, 275, 67, 229, 29, 266, 123, 153, 223, 163, 220, 197, 272, 66, 21, 189, 1208, 180, 111, 166, 162, 249, 103]

2026-01-06 16:20:44,291 - INFO - 当前用时 0.24 秒
2026-01-06 16:20:44,291 - INFO - 将种子集 写入位置: /root/pythonspace/data-test/network.netfacebookego/2026-1-7/seeds-with-network.netfacebookego/random_importance_sort_seedNum-90_SSRNum-100000.txt
2026-01-06 16:20:44,291 - INFO - 首次生成种子集 ris_coverage
2026-01-06 16:20:44,291 - INFO - 执行当前算法开始: ris_coverage
2026-01-06 16:20:44,356 - INFO - 图初始化完成，节点数: 2888，CSR 矩阵准备就绪。
2026-01-06 16:20:44,356 - INFO - 
开始生成 100000 组 SSR (并行进程: 8)...
2026-01-06 16:20:54,648 - INFO - 生成完毕。耗时: 10.29 秒。
2026-01-06 16:20:54,648 - INFO - 
开始选择最优种子 (Optimized Greedy) ...
2026-01-06 16:21:00,745 - INFO -   - 券 1/90 选中节点 2639, 新增覆盖 41
2026-01-06 16:21:00,751 - INFO -   - 券 2/90 选中节点 2494, 新增覆盖 39
2026-01-06 16:21:00,759 - INFO -   - 券 3/90 选中节点 1463, 新增覆盖 36
2026-01-06 16:21:00,768 - INFO -   - 券 4/90 选中节点 2876, 新增覆盖 41
2026-01-06 16:21:00,778 - INFO -   - 券 5/90 选中节点 2434, 新增覆盖 38
2026-01-06 16:21:00,789 - INFO -   - 券 6/90 选中节点 2432, 新增覆盖 40
2026-01-06 16:21:00,802 - INFO -   - 券 7/90 选中节点 2847, 新增覆盖 34
2026-01-06 16:21:00,817 - INFO -   - 券 8/90 选中节点 2617, 新增覆盖 39
2026-01-06 16:21:00,832 - INFO -   - 券 9/90 选中节点 2390, 新增覆盖 38
2026-01-06 16:21:00,847 - INFO -   - 券 10/90 选中节点 202, 新增覆盖 34
2026-01-06 16:21:00,864 - INFO -   - 券 11/90 选中节点 1340, 新增覆盖 37
2026-01-06 16:21:00,881 - INFO -   - 券 12/90 选中节点 1908, 新增覆盖 36
2026-01-06 16:21:00,900 - INFO -   - 券 13/90 选中节点 2234, 新增覆盖 38
2026-01-06 16:21:00,920 - INFO -   - 券 14/90 选中节点 2692, 新增覆盖 37
2026-01-06 16:21:00,944 - INFO -   - 券 15/90 选中节点 1692, 新增覆盖 41
2026-01-06 16:21:00,967 - INFO -   - 券 16/90 选中节点 2632, 新增覆盖 39
2026-01-06 16:21:00,994 - INFO -   - 券 17/90 选中节点 160, 新增覆盖 36
2026-01-06 16:21:01,021 - INFO -   - 券 18/90 选中节点 2672, 新增覆盖 39
2026-01-06 16:21:01,050 - INFO -   - 券 19/90 选中节点 570, 新增覆盖 36
2026-01-06 16:21:01,081 - INFO -   - 券 20/90 选中节点 2301, 新增覆盖 38
2026-01-06 16:21:01,113 - INFO -   - 券 21/90 选中节点 2861, 新增覆盖 38
2026-01-06 16:21:01,145 - INFO -   - 券 22/90 选中节点 2571, 新增覆盖 39
2026-01-06 16:21:01,180 - INFO -   - 券 23/90 选中节点 2787, 新增覆盖 37
2026-01-06 16:21:01,214 - INFO -   - 券 24/90 选中节点 996, 新增覆盖 36
2026-01-06 16:21:01,251 - INFO -   - 券 25/90 选中节点 1780, 新增覆盖 36
2026-01-06 16:21:01,289 - INFO -   - 券 26/90 选中节点 1588, 新增覆盖 36
2026-01-06 16:21:01,329 - INFO -   - 券 27/90 选中节点 425, 新增覆盖 35
2026-01-06 16:21:01,370 - INFO -   - 券 28/90 选中节点 504, 新增覆盖 36
2026-01-06 16:21:01,413 - INFO -   - 券 29/90 选中节点 2618, 新增覆盖 37
2026-01-06 16:21:01,455 - INFO -   - 券 30/90 选中节点 108, 新增覆盖 36
2026-01-06 16:21:01,498 - INFO -   - 券 31/90 选中节点 2278, 新增覆盖 41
2026-01-06 16:21:01,543 - INFO -   - 券 32/90 选中节点 98, 新增覆盖 33
2026-01-06 16:21:01,590 - INFO -   - 券 33/90 选中节点 2565, 新增覆盖 36
2026-01-06 16:21:01,639 - INFO -   - 券 34/90 选中节点 2239, 新增覆盖 37
2026-01-06 16:21:01,689 - INFO -   - 券 35/90 选中节点 301, 新增覆盖 37
2026-01-06 16:21:01,740 - INFO -   - 券 36/90 选中节点 1947, 新增覆盖 38
2026-01-06 16:21:01,794 - INFO -   - 券 37/90 选中节点 390, 新增覆盖 38
2026-01-06 16:21:01,847 - INFO -   - 券 38/90 选中节点 538, 新增覆盖 34
2026-01-06 16:21:01,900 - INFO -   - 券 39/90 选中节点 2071, 新增覆盖 38
2026-01-06 16:21:01,957 - INFO -   - 券 40/90 选中节点 2637, 新增覆盖 37
2026-01-06 16:21:02,014 - INFO -   - 券 41/90 选中节点 556, 新增覆盖 36
2026-01-06 16:21:02,072 - INFO -   - 券 42/90 选中节点 414, 新增覆盖 30
2026-01-06 16:21:02,132 - INFO -   - 券 43/90 选中节点 2465, 新增覆盖 36
2026-01-06 16:21:02,194 - INFO -   - 券 44/90 选中节点 1009, 新增覆盖 36
2026-01-06 16:21:02,258 - INFO -   - 券 45/90 选中节点 2658, 新增覆盖 42
2026-01-06 16:21:02,324 - INFO -   - 券 46/90 选中节点 2663, 新增覆盖 38
2026-01-06 16:21:02,392 - INFO -   - 券 47/90 选中节点 1755, 新增覆盖 35
2026-01-06 16:21:02,458 - INFO -   - 券 48/90 选中节点 850, 新增覆盖 34
2026-01-06 16:21:02,527 - INFO -   - 券 49/90 选中节点 1912, 新增覆盖 36
2026-01-06 16:21:02,620 - INFO -   - 券 50/90 选中节点 2497, 新增覆盖 38
2026-01-06 16:21:02,701 - INFO -   - 券 51/90 选中节点 1894, 新增覆盖 35
2026-01-06 16:21:02,774 - INFO -   - 券 52/90 选中节点 2219, 新增覆盖 36
2026-01-06 16:21:02,850 - INFO -   - 券 53/90 选中节点 834, 新增覆盖 33
2026-01-06 16:21:02,924 - INFO -   - 券 54/90 选中节点 2606, 新增覆盖 35
2026-01-06 16:21:03,000 - INFO -   - 券 55/90 选中节点 1927, 新增覆盖 37
2026-01-06 16:21:03,078 - INFO -   - 券 56/90 选中节点 75, 新增覆盖 32
2026-01-06 16:21:03,158 - INFO -   - 券 57/90 选中节点 2830, 新增覆盖 34
2026-01-06 16:21:03,238 - INFO -   - 券 58/90 选中节点 315, 新增覆盖 40
2026-01-06 16:21:03,319 - INFO -   - 券 59/90 选中节点 557, 新增覆盖 34
2026-01-06 16:21:03,405 - INFO -   - 券 60/90 选中节点 370, 新增覆盖 36
2026-01-06 16:21:03,488 - INFO -   - 券 61/90 选中节点 2858, 新增覆盖 37
2026-01-06 16:21:03,574 - INFO -   - 券 62/90 选中节点 548, 新增覆盖 36
2026-01-06 16:21:03,659 - INFO -   - 券 63/90 选中节点 2736, 新增覆盖 34
2026-01-06 16:21:03,745 - INFO -   - 券 64/90 选中节点 2, 新增覆盖 36
2026-01-06 16:21:03,835 - INFO -   - 券 65/90 选中节点 1246, 新增覆盖 37
2026-01-06 16:21:03,925 - INFO -   - 券 66/90 选中节点 324, 新增覆盖 34
2026-01-06 16:21:04,018 - INFO -   - 券 67/90 选中节点 2556, 新增覆盖 44
2026-01-06 16:21:04,108 - INFO -   - 券 68/90 选中节点 2067, 新增覆盖 33
2026-01-06 16:21:04,203 - INFO -   - 券 69/90 选中节点 2141, 新增覆盖 36
2026-01-06 16:21:04,295 - INFO -   - 券 70/90 选中节点 267, 新增覆盖 34
2026-01-06 16:21:04,389 - INFO -   - 券 71/90 选中节点 19, 新增覆盖 35
2026-01-06 16:21:04,485 - INFO -   - 券 72/90 选中节点 2486, 新增覆盖 43
2026-01-06 16:21:04,583 - INFO -   - 券 73/90 选中节点 543, 新增覆盖 39
2026-01-06 16:21:04,689 - INFO -   - 券 74/90 选中节点 309, 新增覆盖 37
2026-01-06 16:21:04,791 - INFO -   - 券 75/90 选中节点 2781, 新增覆盖 37
2026-01-06 16:21:04,895 - INFO -   - 券 76/90 选中节点 1771, 新增覆盖 37
2026-01-06 16:21:05,002 - INFO -   - 券 77/90 选中节点 2437, 新增覆盖 40
2026-01-06 16:21:05,102 - INFO -   - 券 78/90 选中节点 2462, 新增覆盖 40
2026-01-06 16:21:05,213 - INFO -   - 券 79/90 选中节点 1131, 新增覆盖 41
2026-01-06 16:21:05,325 - INFO -   - 券 80/90 选中节点 2701, 新增覆盖 35
2026-01-06 16:21:05,431 - INFO -   - 券 81/90 选中节点 696, 新增覆盖 38
2026-01-06 16:21:05,538 - INFO -   - 券 82/90 选中节点 1721, 新增覆盖 37
2026-01-06 16:21:05,644 - INFO -   - 券 83/90 选中节点 745, 新增覆盖 34
2026-01-06 16:21:05,751 - INFO -   - 券 84/90 选中节点 2718, 新增覆盖 34
2026-01-06 16:21:05,859 - INFO -   - 券 85/90 选中节点 60, 新增覆盖 39
2026-01-06 16:21:05,987 - INFO -   - 券 86/90 选中节点 2883, 新增覆盖 33
2026-01-06 16:21:06,110 - INFO -   - 券 87/90 选中节点 2766, 新增覆盖 32
2026-01-06 16:21:06,229 - INFO -   - 券 88/90 选中节点 1156, 新增覆盖 34
2026-01-06 16:21:06,398 - INFO -   - 券 89/90 选中节点 2320, 新增覆盖 37
2026-01-06 16:21:06,538 - INFO -   - 券 90/90 选中节点 1855, 新增覆盖 37
2026-01-06 16:21:06,538 - INFO - 选种完毕。耗时: 11.89 秒。
2026-01-06 16:21:06,731 - INFO - 最终选择的种子集: [2639, 2494, 1463, 2876, 2434, 2432, 2847, 2617, 2390, 202, 1340, 1908, 2234, 2692, 1692, 2632, 160, 2672, 570, 2301, 2861, 2571, 2787, 996, 1780, 1588, 425, 504, 2618, 108, 2278, 98, 2565, 2239, 301, 1947, 390, 538, 2071, 2637, 556, 414, 2465, 1009, 2658, 2663, 1755, 850, 1912, 2497, 1894, 2219, 834, 2606, 1927, 75, 2830, 315, 557, 370, 2858, 548, 2736, 2, 1246, 324, 2556, 2067, 2141, 267, 19, 2486, 543, 309, 2781, 1771, 2437, 2462, 1131, 2701, 696, 1721, 745, 2718, 60, 2883, 2766, 1156, 2320, 1855]

2026-01-06 16:21:07,236 - INFO - 当前用时 22.94 秒
2026-01-06 16:21:07,236 - INFO - 将种子集 写入位置: /root/pythonspace/data-test/network.netfacebookego/2026-1-7/seeds-with-network.netfacebookego/random_ris_coverage_seedNum-90_SSRNum-100000.txt
2026-01-06 16:21:07,237 - INFO - 首次生成种子集 monterCarlo_CELF
2026-01-06 16:21:07,237 - INFO - 执行当前算法开始: monterCarlo_CELF
2026-01-06 16:21:07,237 - INFO - --- Running: CELF Greedy Monte Carlo (Sims=300) ---
2026-01-06 16:21:07,237 - INFO - Step 0: 初始化所有节点的边际增益...
2026-01-06 16:21:54,265 - INFO - Seed 1: 2692, Spread: 0.63
2026-01-06 16:22:00,199 - INFO - Seed 2: 614, Gain: 0.58, Total: 1.21
2026-01-06 16:22:17,780 - INFO - Seed 3: 1238, Gain: 0.56, Total: 1.77
2026-01-06 16:22:21,120 - INFO - Seed 4: 452, Gain: 0.64, Total: 2.41
2026-01-06 16:24:23,188 - INFO - Seed 5: 815, Gain: 0.51, Total: 2.92
2026-01-06 16:24:46,366 - INFO - Seed 6: 1044, Gain: 0.54, Total: 3.46
2026-01-06 16:24:46,545 - INFO - Seed 7: 1099, Gain: 0.56, Total: 4.02
2026-01-06 16:24:49,962 - INFO - Seed 8: 2258, Gain: 0.53, Total: 4.55
2026-01-06 16:24:53,852 - INFO - Seed 9: 513, Gain: 0.53, Total: 5.09
2026-01-06 16:24:54,234 - INFO - Seed 10: 652, Gain: 0.51, Total: 5.60
2026-01-06 16:25:01,073 - INFO - Seed 11: 1208, Gain: 0.50, Total: 6.09
2026-01-06 16:25:01,687 - INFO - Seed 12: 564, Gain: 0.56, Total: 6.65
2026-01-06 16:25:03,991 - INFO - Seed 13: 1281, Gain: 0.57, Total: 7.23
2026-01-06 16:25:05,967 - INFO - Seed 14: 1762, Gain: 0.57, Total: 7.80
2026-01-06 16:25:23,754 - INFO - Seed 15: 1155, Gain: 0.48, Total: 8.28
2026-01-06 16:25:27,244 - INFO - Seed 16: 2570, Gain: 0.51, Total: 8.79
2026-01-06 16:25:29,750 - INFO - Seed 17: 1202, Gain: 0.54, Total: 9.34
2026-01-06 16:25:33,759 - INFO - Seed 18: 417, Gain: 0.53, Total: 9.86
2026-01-06 16:25:37,665 - INFO - Seed 19: 1673, Gain: 0.49, Total: 10.36
2026-01-06 16:25:38,181 - INFO - Seed 20: 1746, Gain: 0.60, Total: 10.96
2026-01-06 16:25:53,013 - INFO - Seed 21: 938, Gain: 0.50, Total: 11.46
2026-01-06 16:25:59,023 - INFO - Seed 22: 840, Gain: 0.61, Total: 12.07
2026-01-06 16:26:15,954 - INFO - Seed 23: 2522, Gain: 0.66, Total: 12.73
2026-01-06 16:26:24,969 - INFO - Seed 24: 544, Gain: 0.46, Total: 13.20
2026-01-06 16:27:15,941 - INFO - Seed 25: 671, Gain: 0.43, Total: 13.63
2026-01-06 16:27:20,883 - INFO - Seed 26: 2822, Gain: 0.62, Total: 14.25
2026-01-06 16:27:22,933 - INFO - Seed 27: 633, Gain: 0.48, Total: 14.72
2026-01-06 16:27:23,290 - INFO - Seed 28: 627, Gain: 0.43, Total: 15.15
2026-01-06 16:27:23,659 - INFO - Seed 29: 35, Gain: 0.51, Total: 15.66
2026-01-06 16:27:25,583 - INFO - Seed 30: 262, Gain: 0.45, Total: 16.11
2026-01-06 16:27:26,438 - INFO - Seed 31: 915, Gain: 0.67, Total: 16.78
2026-01-06 16:27:26,837 - INFO - Seed 32: 817, Gain: 0.50, Total: 17.28
2026-01-06 16:27:27,685 - INFO - Seed 33: 2766, Gain: 0.48, Total: 17.76
2026-01-06 16:27:29,005 - INFO - Seed 34: 396, Gain: 0.60, Total: 18.37
2026-01-06 16:27:30,357 - INFO - Seed 35: 1539, Gain: 0.47, Total: 18.84
2026-01-06 16:27:31,266 - INFO - Seed 36: 991, Gain: 0.51, Total: 19.35
2026-01-06 16:27:33,129 - INFO - Seed 37: 678, Gain: 0.74, Total: 20.09
2026-01-06 16:27:33,693 - INFO - Seed 38: 572, Gain: 0.61, Total: 20.69
2026-01-06 16:27:43,649 - INFO - Seed 39: 545, Gain: 0.44, Total: 21.13
2026-01-06 16:27:46,191 - INFO - Seed 40: 2631, Gain: 0.46, Total: 21.59
2026-01-06 16:27:47,346 - INFO - Seed 41: 1383, Gain: 0.45, Total: 22.05
2026-01-06 16:27:47,883 - INFO - Seed 42: 1360, Gain: 0.66, Total: 22.70
2026-01-06 16:27:51,669 - INFO - Seed 43: 2698, Gain: 0.51, Total: 23.22
2026-01-06 16:27:53,320 - INFO - Seed 44: 2455, Gain: 0.43, Total: 23.64
2026-01-06 16:27:55,600 - INFO - Seed 45: 245, Gain: 0.65, Total: 24.30
2026-01-06 16:27:56,183 - INFO - Seed 46: 2221, Gain: 0.49, Total: 24.79
2026-01-06 16:27:58,561 - INFO - Seed 47: 216, Gain: 0.65, Total: 25.44
2026-01-06 16:28:02,987 - INFO - Seed 48: 1397, Gain: 0.45, Total: 25.88
2026-01-06 16:28:03,611 - INFO - Seed 49: 579, Gain: 0.44, Total: 26.32
2026-01-06 16:28:04,249 - INFO - Seed 50: 2268, Gain: 0.47, Total: 26.79
2026-01-06 16:28:06,336 - INFO - Seed 51: 1868, Gain: 0.46, Total: 27.25
2026-01-06 16:28:06,987 - INFO - Seed 52: 1469, Gain: 0.62, Total: 27.87
2026-01-06 16:28:09,667 - INFO - Seed 53: 847, Gain: 0.54, Total: 28.41
2026-01-06 16:28:12,387 - INFO - Seed 54: 832, Gain: 0.70, Total: 29.11
2026-01-06 16:28:20,318 - INFO - Seed 55: 393, Gain: 0.44, Total: 29.56
2026-01-06 16:28:21,765 - INFO - Seed 56: 28, Gain: 0.56, Total: 30.11
2026-01-06 16:28:24,626 - INFO - Seed 57: 2429, Gain: 0.49, Total: 30.60
2026-01-06 16:28:25,392 - INFO - Seed 58: 1384, Gain: 0.76, Total: 31.36
2026-01-06 16:28:27,755 - INFO - Seed 59: 1440, Gain: 0.54, Total: 31.90
2026-01-06 16:28:32,556 - INFO - Seed 60: 1702, Gain: 0.56, Total: 32.46
2026-01-06 16:28:36,504 - INFO - Seed 61: 1249, Gain: 0.41, Total: 32.87
2026-01-06 16:28:37,352 - INFO - Seed 62: 953, Gain: 0.42, Total: 33.29
2026-01-06 16:28:38,165 - INFO - Seed 63: 1139, Gain: 0.44, Total: 33.73
2026-01-06 16:28:39,944 - INFO - Seed 64: 898, Gain: 0.52, Total: 34.25
2026-01-06 16:28:42,534 - INFO - Seed 65: 982, Gain: 0.47, Total: 34.72
2026-01-06 16:28:44,216 - INFO - Seed 66: 2823, Gain: 0.45, Total: 35.17
2026-01-06 16:28:45,064 - INFO - Seed 67: 2608, Gain: 0.44, Total: 35.61
2026-01-06 16:28:45,945 - INFO - Seed 68: 1222, Gain: 0.43, Total: 36.04
2026-01-06 16:28:46,836 - INFO - Seed 69: 378, Gain: 0.72, Total: 36.76
2026-01-06 16:28:47,723 - INFO - Seed 70: 2776, Gain: 0.54, Total: 37.30
2026-01-06 16:28:49,512 - INFO - Seed 71: 2194, Gain: 0.50, Total: 37.79
2026-01-06 16:28:51,341 - INFO - Seed 72: 967, Gain: 0.68, Total: 38.47
2026-01-06 16:28:52,279 - INFO - Seed 73: 1490, Gain: 0.62, Total: 39.09
2026-01-06 16:28:54,186 - INFO - Seed 74: 2851, Gain: 0.45, Total: 39.53
2026-01-06 16:28:55,138 - INFO - Seed 75: 2496, Gain: 0.62, Total: 40.15
2026-01-06 16:28:57,065 - INFO - Seed 76: 2712, Gain: 0.45, Total: 40.60
2026-01-06 16:28:59,036 - INFO - Seed 77: 1153, Gain: 0.46, Total: 41.07
2026-01-06 16:29:00,021 - INFO - Seed 78: 1294, Gain: 0.55, Total: 41.62
2026-01-06 16:29:01,090 - INFO - Seed 79: 1522, Gain: 0.44, Total: 42.06
2026-01-06 16:29:03,113 - INFO - Seed 80: 973, Gain: 0.86, Total: 42.91
2026-01-06 16:29:11,489 - INFO - Seed 81: 2530, Gain: 0.44, Total: 43.35
2026-01-06 16:29:19,930 - INFO - Seed 82: 1826, Gain: 0.49, Total: 43.84
2026-01-06 16:29:26,243 - INFO - Seed 83: 737, Gain: 0.55, Total: 44.39
2026-01-06 16:29:31,655 - INFO - Seed 84: 2151, Gain: 0.55, Total: 44.94
2026-01-06 16:29:34,986 - INFO - Seed 85: 1354, Gain: 0.63, Total: 45.56
2026-01-06 16:29:39,356 - INFO - Seed 86: 1936, Gain: 0.44, Total: 46.00
2026-01-06 16:29:41,597 - INFO - Seed 87: 2333, Gain: 0.45, Total: 46.45
2026-01-06 16:29:42,707 - INFO - Seed 88: 59, Gain: 0.62, Total: 47.06
2026-01-06 16:29:52,827 - INFO - Seed 89: 870, Gain: 0.44, Total: 47.51
2026-01-06 16:29:54,024 - INFO - Seed 90: 1492, Gain: 0.47, Total: 47.98
2026-01-06 16:29:54,024 - INFO - CELF 完成，总耗时: 526.79s
2026-01-06 16:29:54,024 - INFO - 当前用时 526.79 秒
2026-01-06 16:29:54,024 - INFO - 将种子集 写入位置: /root/pythonspace/data-test/network.netfacebookego/2026-1-7/seeds-with-network.netfacebookego/random_monterCarlo_CELF_seedNum-90_SSRNum-100000.txt
2026-01-06 16:29:54,025 - INFO - 评估种子集: None
2026-01-06 16:29:54,025 - INFO - 多进程评估开始，共有 7 个方法待评估...
2026-01-06 16:29:54,025 - INFO - 启动进程池，Worker数量: 7
2026-01-06 16:29:54,279 - INFO - [Process 7273] 开始评估方法: random, 种子数: 90
2026-01-06 16:29:54,382 - INFO - [Process 7274] 开始评估方法: degreeTopM, 种子数: 90
2026-01-06 16:29:54,484 - INFO - [Process 7275] 开始评估方法: pageRank, 种子数: 90
2026-01-06 16:29:54,578 - INFO - [Process 7276] 开始评估方法: alpha_sort, 种子数: 90
2026-01-06 16:29:54,683 - INFO - [Process 7277] 开始评估方法: importance_sort, 种子数: 90
2026-01-06 16:29:54,776 - INFO - [Process 7278] 开始评估方法: ris_coverage, 种子数: 90
2026-01-06 16:29:54,873 - INFO - [Process 7279] 开始评估方法: monterCarlo_CELF, 种子数: 90
2026-01-06 16:29:58,303 - INFO - [Process 7273] random - 1000 sims 完成: E=47.60
2026-01-06 16:29:58,608 - INFO - [Process 7277] importance_sort - 1000 sims 完成: E=45.08
2026-01-06 16:29:58,684 - INFO - [Process 7276] alpha_sort - 1000 sims 完成: E=48.83
2026-01-06 16:29:58,972 - INFO - [Process 7278] ris_coverage - 1000 sims 完成: E=47.82
2026-01-06 16:29:59,128 - INFO - [Process 7274] degreeTopM - 1000 sims 完成: E=47.05
2026-01-06 16:29:59,235 - INFO - [Process 7279] monterCarlo_CELF - 1000 sims 完成: E=47.60
2026-01-06 16:29:59,421 - INFO - [Process 7275] pageRank - 1000 sims 完成: E=47.03
2026-01-06 16:29:59,462 - INFO - 所有进程执行完毕，开始写入数据...
2026-01-06 16:29:59,464 - INFO - 成功写入 7 条记录至 /root/pythonspace/data-test/network.netfacebookego/2026-1-7/E-activated-network.netfacebookego/distribution-random/simuTimes-1000_random-dirichlet-[500, 500, 500]_rrNumSamples-100000.csv
2026-01-06 16:29:59,465 - INFO - 保存评估文件至: /root/pythonspace/data-test/network.netfacebookego/2026-1-7/E-activated-network.netfacebookego/distribution-random/simuTimes-1000_random-dirichlet-[500, 500, 500]_rrNumSamples-100000.csv
