2026-01-05 23:37:18,310 - INFO - 加载数据集: network.netDog
2026-01-05 23:37:18,310 - INFO - --- 矩阵分析 ---
2026-01-05 23:37:18,310 - INFO - 节点数 (N): 4502
2026-01-05 23:37:18,310 - INFO - 边数 (E): 29580
2026-01-05 23:37:18,311 - INFO - 密度 (Density): 0.00145944 (越小越稀疏)
2026-01-05 23:37:18,311 - INFO - 稀疏度 (Sparsity): 0.99854056 (越接近1越稀疏)
2026-01-05 23:37:18,311 - INFO - 平均度数 (Avg Degree): 6.57
2026-01-05 23:37:18,311 - INFO - 首次生成度相关概率分布 分布类型: 'random'.
2026-01-05 23:37:18,312 - INFO - ===> Generating 'Dirichlet' distributions with alpha=[5, 1, 94]...
2026-01-05 23:37:18,313 - INFO - 保存概率分布 文件位置: /root/pythonspace/data-test/network.netDog/2026-1-6-[5,1,94]/distribution-in-network.netDog/distribution-random_seedNum-30.pkl
2026-01-05 23:37:18,337 - INFO - 首次生成种子集 random
2026-01-05 23:37:18,337 - INFO - 执行当前算法开始: random
2026-01-05 23:37:18,337 - INFO - 数据集节点总数:  n = 4502, m = 30
2026-01-05 23:37:18,337 - INFO - 选择 30  [261, 27, 1309, 3581, 782, 3831, 269, 1320, 3905, 2541, 855, 2148, 1676, 4041, 3483, 4017, 2201, 3551, 3059, 4412, 195, 1728, 3086, 1331, 1052, 1303, 98, 1705, 2458, 2867]

2026-01-05 23:37:18,338 - INFO - 当前用时 0.00 秒
2026-01-05 23:37:18,338 - INFO - 将种子集 写入位置: /root/pythonspace/data-test/network.netDog/2026-1-6-[5,1,94]/seeds-with-network.netDog/random_random_seedNum-30_SSRNum-100000.txt
2026-01-05 23:37:18,338 - INFO - 首次生成种子集 degreeTopM
2026-01-05 23:37:18,338 - INFO - 执行当前算法开始: degreeTopM
2026-01-05 23:37:18,338 - INFO - 依据: 选择连接数（度数）最多的节点。
2026-01-05 23:37:18,338 - INFO - 选择的 Top M 节点及其度数:
2026-01-05 23:37:18,339 - INFO - 
2026-01-05 23:37:18,339 - INFO - 当前用时 0.00 秒
2026-01-05 23:37:18,339 - INFO - 将种子集 写入位置: /root/pythonspace/data-test/network.netDog/2026-1-6-[5,1,94]/seeds-with-network.netDog/random_degreeTopM_seedNum-30_SSRNum-100000.txt
2026-01-05 23:37:18,339 - INFO - 首次生成种子集 pageRank
2026-01-05 23:37:18,339 - INFO - 执行当前算法开始: pageRank
2026-01-05 23:37:18,339 - INFO - --- Running: PageRank (on tranProMatrix) Top M ---
2026-01-05 23:37:18,780 - INFO - Selected PageRank seeds: [79, 135, 83, 16, 45, 133, 243, 36, 33, 12, 2, 125, 4, 167, 38, 77, 19, 17, 128, 129, 62, 329, 13, 35, 294, 14, 414, 318, 162, 26]
2026-01-05 23:37:18,785 - INFO - 当前用时 0.45 秒
2026-01-05 23:37:18,786 - INFO - 将种子集 写入位置: /root/pythonspace/data-test/network.netDog/2026-1-6-[5,1,94]/seeds-with-network.netDog/random_pageRank_seedNum-30_SSRNum-100000.txt
2026-01-05 23:37:18,786 - INFO - 首次生成种子集 alpha_sort
2026-01-05 23:37:18,786 - INFO - 执行当前算法开始: alpha_sort
2026-01-05 23:37:18,788 - INFO - 4502 个节点的alpha值降序排序 done
2026-01-05 23:37:18,788 - INFO - ==============>> [(4121, 0.1730255), (3095, 0.1576497), (4056, 0.1565462), (1562, 0.155899), (2256, 0.1514425), (2945, 0.1482663), (2503, 0.1481093), (74, 0.1480294), (3135, 0.1396515), (69, 0.1374324)]
2026-01-05 23:37:18,788 - INFO - 
选择的种子集 (按alpha排序): [4121, 3095, 4056, 1562, 2256, 2945, 2503, 74, 3135, 69, 859, 2683, 1588, 1184, 1423, 1820, 4482, 3658, 2019, 1789, 1940, 2943, 232, 635, 1459, 3620, 727, 2360, 895, 3577]

2026-01-05 23:37:18,789 - INFO - 当前用时 0.00 秒
2026-01-05 23:37:18,789 - INFO - 将种子集 写入位置: /root/pythonspace/data-test/network.netDog/2026-1-6-[5,1,94]/seeds-with-network.netDog/random_alpha_sort_seedNum-30_SSRNum-100000.txt
2026-01-05 23:37:18,789 - INFO - 首次生成种子集 importance_sort
2026-01-05 23:37:18,789 - INFO - 执行当前算法开始: importance_sort
2026-01-05 23:37:20,142 - INFO - 4502 个节点的Importance值降序排序 done
2026-01-05 23:37:20,142 - INFO - 
选择的种子集 (按Importance排序): [4121, 3095, 4056, 1562, 2256, 2945, 2503, 74, 3135, 69, 859, 2683, 1588, 1184, 1423, 1820, 4482, 3658, 2019, 1789, 1940, 2943, 232, 635, 1459, 3620, 727, 2360, 895, 3577]

2026-01-05 23:37:20,142 - INFO - 当前用时 1.35 秒
2026-01-05 23:37:20,142 - INFO - 将种子集 写入位置: /root/pythonspace/data-test/network.netDog/2026-1-6-[5,1,94]/seeds-with-network.netDog/random_importance_sort_seedNum-30_SSRNum-100000.txt
2026-01-05 23:37:20,142 - INFO - 首次生成种子集 ris_coverage
2026-01-05 23:37:20,142 - INFO - 执行当前算法开始: ris_coverage
2026-01-05 23:37:20,352 - INFO - 图初始化完成，节点数: 4502，CSR 矩阵准备就绪。
2026-01-05 23:37:20,352 - INFO - 
开始生成 100000 组 SSR (并行进程: 8)...
2026-01-05 23:37:24,701 - INFO - 生成完毕。耗时: 4.35 秒。
2026-01-05 23:37:24,702 - INFO - 
开始选择最优种子 (Optimized Greedy) ...
2026-01-05 23:37:25,714 - INFO -   - 券 1/30 选中节点 4121, 新增覆盖 20
2026-01-05 23:37:25,726 - INFO -   - 券 2/30 选中节点 3814, 新增覆盖 18
2026-01-05 23:37:25,739 - INFO -   - 券 3/30 选中节点 4312, 新增覆盖 17
2026-01-05 23:37:25,753 - INFO -   - 券 4/30 选中节点 1902, 新增覆盖 20
2026-01-05 23:37:25,769 - INFO -   - 券 5/30 选中节点 1212, 新增覆盖 19
2026-01-05 23:37:25,787 - INFO -   - 券 6/30 选中节点 4402, 新增覆盖 22
2026-01-05 23:37:25,805 - INFO -   - 券 7/30 选中节点 2628, 新增覆盖 20
2026-01-05 23:37:25,827 - INFO -   - 券 8/30 选中节点 584, 新增覆盖 19
2026-01-05 23:37:25,850 - INFO -   - 券 9/30 选中节点 3773, 新增覆盖 18
2026-01-05 23:37:25,879 - INFO -   - 券 10/30 选中节点 1887, 新增覆盖 19
2026-01-05 23:37:25,914 - INFO -   - 券 11/30 选中节点 1088, 新增覆盖 17
2026-01-05 23:37:25,951 - INFO -   - 券 12/30 选中节点 2880, 新增覆盖 18
2026-01-05 23:37:25,989 - INFO -   - 券 13/30 选中节点 1406, 新增覆盖 19
2026-01-05 23:37:26,035 - INFO -   - 券 14/30 选中节点 3717, 新增覆盖 18
2026-01-05 23:37:26,087 - INFO -   - 券 15/30 选中节点 4354, 新增覆盖 18
2026-01-05 23:37:26,145 - INFO -   - 券 16/30 选中节点 350, 新增覆盖 18
2026-01-05 23:37:26,205 - INFO -   - 券 17/30 选中节点 3763, 新增覆盖 18
2026-01-05 23:37:26,272 - INFO -   - 券 18/30 选中节点 375, 新增覆盖 16
2026-01-05 23:37:26,340 - INFO -   - 券 19/30 选中节点 4175, 新增覆盖 22
2026-01-05 23:37:26,406 - INFO -   - 券 20/30 选中节点 3634, 新增覆盖 19
2026-01-05 23:37:26,456 - INFO -   - 券 21/30 选中节点 2361, 新增覆盖 18
2026-01-05 23:37:26,506 - INFO -   - 券 22/30 选中节点 2256, 新增覆盖 21
2026-01-05 23:37:26,558 - INFO -   - 券 23/30 选中节点 1090, 新增覆盖 16
2026-01-05 23:37:26,610 - INFO -   - 券 24/30 选中节点 924, 新增覆盖 17
2026-01-05 23:37:26,666 - INFO -   - 券 25/30 选中节点 2815, 新增覆盖 17
2026-01-05 23:37:26,725 - INFO -   - 券 26/30 选中节点 2659, 新增覆盖 18
2026-01-05 23:37:26,785 - INFO -   - 券 27/30 选中节点 3373, 新增覆盖 18
2026-01-05 23:37:26,844 - INFO -   - 券 28/30 选中节点 3155, 新增覆盖 16
2026-01-05 23:37:26,921 - INFO -   - 券 29/30 选中节点 2560, 新增覆盖 17
2026-01-05 23:37:27,013 - INFO -   - 券 30/30 选中节点 3581, 新增覆盖 17
2026-01-05 23:37:27,013 - INFO - 选种完毕。耗时: 2.31 秒。
2026-01-05 23:37:27,057 - INFO - 最终选择的种子集: [4121, 3814, 4312, 1902, 1212, 4402, 2628, 584, 3773, 1887, 1088, 2880, 1406, 3717, 4354, 350, 3763, 375, 4175, 3634, 2361, 2256, 1090, 924, 2815, 2659, 3373, 3155, 2560, 3581]

2026-01-05 23:37:27,235 - INFO - 当前用时 7.09 秒
2026-01-05 23:37:27,235 - INFO - 将种子集 写入位置: /root/pythonspace/data-test/network.netDog/2026-1-6-[5,1,94]/seeds-with-network.netDog/random_ris_coverage_seedNum-30_SSRNum-100000.txt
2026-01-05 23:37:27,236 - INFO - 评估种子集: None
2026-01-05 23:37:27,236 - INFO - 多进程评估开始，共有 6 个方法待评估...
2026-01-05 23:37:27,236 - INFO - 启动进程池，Worker数量: 6
2026-01-05 23:37:27,779 - INFO - [Process 11615] 开始评估方法: random, 种子数: 30
2026-01-05 23:37:28,098 - INFO - [Process 11616] 开始评估方法: degreeTopM, 种子数: 30
2026-01-05 23:37:28,471 - INFO - [Process 11617] 开始评估方法: pageRank, 种子数: 30
2026-01-05 23:37:28,822 - INFO - [Process 11618] 开始评估方法: alpha_sort, 种子数: 30
2026-01-05 23:37:29,188 - INFO - [Process 11619] 开始评估方法: importance_sort, 种子数: 30
2026-01-05 23:37:29,515 - INFO - [Process 11620] 开始评估方法: ris_coverage, 种子数: 30
2026-01-05 23:37:46,555 - INFO - [Process 11619] importance_sort - 1000 sims 完成: E=24.74
2026-01-05 23:37:46,914 - INFO - [Process 11618] alpha_sort - 1000 sims 完成: E=24.74
2026-01-05 23:37:47,464 - INFO - [Process 11615] random - 1000 sims 完成: E=24.03
2026-01-05 23:37:47,702 - INFO - [Process 11616] degreeTopM - 1000 sims 完成: E=23.76
2026-01-05 23:37:47,940 - INFO - [Process 11617] pageRank - 1000 sims 完成: E=23.68
2026-01-05 23:37:48,308 - INFO - [Process 11620] ris_coverage - 1000 sims 完成: E=24.22
2026-01-05 23:37:48,330 - INFO - 所有进程执行完毕，开始写入数据...
2026-01-05 23:37:48,335 - INFO - 成功写入 6 条记录至 /root/pythonspace/data-test/network.netDog/2026-1-6-[5,1,94]/E-activated-network.netDog/distribution-random/simuTimes-1000_random-dirichlet-[5, 1, 94]_rrNumSamples-100000.csv
2026-01-05 23:37:48,335 - INFO - 保存评估文件至: /root/pythonspace/data-test/network.netDog/2026-1-6-[5,1,94]/E-activated-network.netDog/distribution-random/simuTimes-1000_random-dirichlet-[5, 1, 94]_rrNumSamples-100000.csv
2026-01-05 23:37:48,339 - INFO - 加载数据集: network.netDog
2026-01-05 23:37:48,339 - INFO - --- 矩阵分析 ---
2026-01-05 23:37:48,339 - INFO - 节点数 (N): 4502
2026-01-05 23:37:48,340 - INFO - 边数 (E): 29580
2026-01-05 23:37:48,340 - INFO - 密度 (Density): 0.00145944 (越小越稀疏)
2026-01-05 23:37:48,340 - INFO - 稀疏度 (Sparsity): 0.99854056 (越接近1越稀疏)
2026-01-05 23:37:48,340 - INFO - 平均度数 (Avg Degree): 6.57
2026-01-05 23:37:48,340 - INFO - 首次生成度相关概率分布 分布类型: 'random'.
2026-01-05 23:37:48,340 - INFO - ===> Generating 'Dirichlet' distributions with alpha=[5, 1, 94]...
2026-01-05 23:37:48,341 - INFO - 保存概率分布 文件位置: /root/pythonspace/data-test/network.netDog/2026-1-6-[5,1,94]/distribution-in-network.netDog/distribution-random_seedNum-60.pkl
2026-01-05 23:37:48,365 - INFO - 首次生成种子集 random
2026-01-05 23:37:48,366 - INFO - 执行当前算法开始: random
2026-01-05 23:37:48,366 - INFO - 数据集节点总数:  n = 4502, m = 60
2026-01-05 23:37:48,366 - INFO - 选择 60  [2962, 1500, 704, 1150, 3672, 270, 1938, 2261, 2582, 675, 3201, 2060, 4058, 172, 2331, 847, 1336, 3806, 751, 3166, 3552, 2106, 3817, 4147, 2327, 1386, 68, 2849, 3409, 4428, 2082, 492, 1781, 419, 4387, 3446, 4045, 3900, 1798, 415, 1401, 1110, 4156, 3987, 3570, 1830, 1344, 1048, 1893, 2535, 2999, 2039, 1156, 2425, 290, 909, 3886, 428, 4264, 2213]

2026-01-05 23:37:48,366 - INFO - 当前用时 0.00 秒
2026-01-05 23:37:48,366 - INFO - 将种子集 写入位置: /root/pythonspace/data-test/network.netDog/2026-1-6-[5,1,94]/seeds-with-network.netDog/random_random_seedNum-60_SSRNum-100000.txt
2026-01-05 23:37:48,366 - INFO - 首次生成种子集 degreeTopM
2026-01-05 23:37:48,366 - INFO - 执行当前算法开始: degreeTopM
2026-01-05 23:37:48,366 - INFO - 依据: 选择连接数（度数）最多的节点。
2026-01-05 23:37:48,367 - INFO - 选择的 Top M 节点及其度数:
2026-01-05 23:37:48,367 - INFO - 
2026-01-05 23:37:48,367 - INFO - 当前用时 0.00 秒
2026-01-05 23:37:48,367 - INFO - 将种子集 写入位置: /root/pythonspace/data-test/network.netDog/2026-1-6-[5,1,94]/seeds-with-network.netDog/random_degreeTopM_seedNum-60_SSRNum-100000.txt
2026-01-05 23:37:48,367 - INFO - 首次生成种子集 pageRank
2026-01-05 23:37:48,367 - INFO - 执行当前算法开始: pageRank
2026-01-05 23:37:48,367 - INFO - --- Running: PageRank (on tranProMatrix) Top M ---
2026-01-05 23:37:48,618 - INFO - Selected PageRank seeds: [79, 135, 83, 16, 45, 133, 243, 36, 33, 12, 2, 125, 4, 167, 38, 77, 19, 17, 128, 129, 62, 329, 13, 35, 294, 14, 414, 318, 162, 26, 37, 15, 93, 46, 192, 61, 164, 279, 359, 120, 693, 123, 934, 52, 755, 254, 221, 127, 107, 208, 91, 183, 264, 152, 291, 223, 141, 316, 435, 324]
2026-01-05 23:37:48,622 - INFO - 当前用时 0.25 秒
2026-01-05 23:37:48,622 - INFO - 将种子集 写入位置: /root/pythonspace/data-test/network.netDog/2026-1-6-[5,1,94]/seeds-with-network.netDog/random_pageRank_seedNum-60_SSRNum-100000.txt
2026-01-05 23:37:48,622 - INFO - 首次生成种子集 alpha_sort
2026-01-05 23:37:48,622 - INFO - 执行当前算法开始: alpha_sort
2026-01-05 23:37:48,624 - INFO - 4502 个节点的alpha值降序排序 done
2026-01-05 23:37:48,624 - INFO - ==============>> [(931, 0.166262), (3934, 0.1640149), (1129, 0.1528678), (4445, 0.147299), (2753, 0.1445295), (1756, 0.1404756), (3670, 0.1383043), (487, 0.1375873), (4043, 0.13435), (3711, 0.1307926)]
2026-01-05 23:37:48,624 - INFO - 
选择的种子集 (按alpha排序): [931, 3934, 1129, 4445, 2753, 1756, 3670, 487, 4043, 3711, 1921, 3817, 961, 1867, 1017, 2525, 975, 2135, 2424, 963, 463, 2644, 1652, 2738, 3833, 3312, 4347, 2732, 1696, 4353, 2165, 2207, 3988, 2089, 3483, 855, 1263, 3591, 2897, 559, 3975, 1360, 3995, 1228, 1374, 4420, 1728, 102, 1913, 1849, 3077, 1715, 530, 1501, 3032, 2636, 1002, 2724, 3696, 64]

2026-01-05 23:37:48,624 - INFO - 当前用时 0.00 秒
2026-01-05 23:37:48,625 - INFO - 将种子集 写入位置: /root/pythonspace/data-test/network.netDog/2026-1-6-[5,1,94]/seeds-with-network.netDog/random_alpha_sort_seedNum-60_SSRNum-100000.txt
2026-01-05 23:37:48,625 - INFO - 首次生成种子集 importance_sort
2026-01-05 23:37:48,625 - INFO - 执行当前算法开始: importance_sort
2026-01-05 23:37:49,472 - INFO - 4502 个节点的Importance值降序排序 done
2026-01-05 23:37:49,472 - INFO - 
选择的种子集 (按Importance排序): [104, 931, 3934, 1129, 291, 4445, 2753, 1756, 3670, 487, 4043, 3711, 1921, 3817, 961, 1867, 1017, 2525, 975, 2135, 2424, 963, 463, 2644, 1652, 2738, 3833, 3312, 4347, 2732, 1696, 4353, 2165, 2207, 3988, 2089, 3483, 855, 1263, 3591, 2897, 559, 3975, 1360, 3995, 1228, 1374, 4420, 1728, 102, 1913, 1849, 3077, 1715, 530, 1501, 3032, 2636, 1002, 2724]

2026-01-05 23:37:49,472 - INFO - 当前用时 0.85 秒
2026-01-05 23:37:49,472 - INFO - 将种子集 写入位置: /root/pythonspace/data-test/network.netDog/2026-1-6-[5,1,94]/seeds-with-network.netDog/random_importance_sort_seedNum-60_SSRNum-100000.txt
2026-01-05 23:37:49,473 - INFO - 首次生成种子集 ris_coverage
2026-01-05 23:37:49,473 - INFO - 执行当前算法开始: ris_coverage
2026-01-05 23:37:49,621 - INFO - 图初始化完成，节点数: 4502，CSR 矩阵准备就绪。
2026-01-05 23:37:49,621 - INFO - 
开始生成 100000 组 SSR (并行进程: 8)...
2026-01-05 23:37:56,283 - INFO - 生成完毕。耗时: 6.66 秒。
2026-01-05 23:37:56,284 - INFO - 
开始选择最优种子 (Optimized Greedy) ...
2026-01-05 23:37:58,999 - INFO -   - 券 1/60 选中节点 4167, 新增覆盖 20
2026-01-05 23:37:59,007 - INFO -   - 券 2/60 选中节点 931, 新增覆盖 21
2026-01-05 23:37:59,019 - INFO -   - 券 3/60 选中节点 3377, 新增覆盖 21
2026-01-05 23:37:59,033 - INFO -   - 券 4/60 选中节点 1346, 新增覆盖 18
2026-01-05 23:37:59,047 - INFO -   - 券 5/60 选中节点 3312, 新增覆盖 19
2026-01-05 23:37:59,062 - INFO -   - 券 6/60 选中节点 1193, 新增覆盖 20
2026-01-05 23:37:59,078 - INFO -   - 券 7/60 选中节点 960, 新增覆盖 22
2026-01-05 23:37:59,095 - INFO -   - 券 8/60 选中节点 1063, 新增覆盖 16
2026-01-05 23:37:59,113 - INFO -   - 券 9/60 选中节点 4170, 新增覆盖 17
2026-01-05 23:37:59,131 - INFO -   - 券 10/60 选中节点 3690, 新增覆盖 18
2026-01-05 23:37:59,151 - INFO -   - 券 11/60 选中节点 3833, 新增覆盖 19
2026-01-05 23:37:59,175 - INFO -   - 券 12/60 选中节点 2618, 新增覆盖 18
2026-01-05 23:37:59,198 - INFO -   - 券 13/60 选中节点 2398, 新增覆盖 21
2026-01-05 23:37:59,224 - INFO -   - 券 14/60 选中节点 3269, 新增覆盖 20
2026-01-05 23:37:59,251 - INFO -   - 券 15/60 选中节点 710, 新增覆盖 18
2026-01-05 23:37:59,279 - INFO -   - 券 16/60 选中节点 3241, 新增覆盖 19
2026-01-05 23:37:59,306 - INFO -   - 券 17/60 选中节点 4356, 新增覆盖 16
2026-01-05 23:37:59,334 - INFO -   - 券 18/60 选中节点 1162, 新增覆盖 17
2026-01-05 23:37:59,364 - INFO -   - 券 19/60 选中节点 3808, 新增覆盖 17
2026-01-05 23:37:59,393 - INFO -   - 券 20/60 选中节点 413, 新增覆盖 18
2026-01-05 23:37:59,424 - INFO -   - 券 21/60 选中节点 2502, 新增覆盖 20
2026-01-05 23:37:59,459 - INFO -   - 券 22/60 选中节点 1777, 新增覆盖 17
2026-01-05 23:37:59,499 - INFO -   - 券 23/60 选中节点 1542, 新增覆盖 19
2026-01-05 23:37:59,542 - INFO -   - 券 24/60 选中节点 2180, 新增覆盖 21
2026-01-05 23:37:59,586 - INFO -   - 券 25/60 选中节点 2909, 新增覆盖 19
2026-01-05 23:37:59,632 - INFO -   - 券 26/60 选中节点 2154, 新增覆盖 16
2026-01-05 23:37:59,679 - INFO -   - 券 27/60 选中节点 840, 新增覆盖 19
2026-01-05 23:37:59,725 - INFO -   - 券 28/60 选中节点 2424, 新增覆盖 18
2026-01-05 23:37:59,774 - INFO -   - 券 29/60 选中节点 3041, 新增覆盖 19
2026-01-05 23:37:59,827 - INFO -   - 券 30/60 选中节点 2642, 新增覆盖 19
2026-01-05 23:37:59,880 - INFO -   - 券 31/60 选中节点 3997, 新增覆盖 20
2026-01-05 23:37:59,934 - INFO -   - 券 32/60 选中节点 1756, 新增覆盖 18
2026-01-05 23:37:59,986 - INFO -   - 券 33/60 选中节点 2397, 新增覆盖 18
2026-01-05 23:38:00,034 - INFO -   - 券 34/60 选中节点 1136, 新增覆盖 18
2026-01-05 23:38:00,090 - INFO -   - 券 35/60 选中节点 901, 新增覆盖 16
2026-01-05 23:38:00,146 - INFO -   - 券 36/60 选中节点 2483, 新增覆盖 18
2026-01-05 23:38:00,203 - INFO -   - 券 37/60 选中节点 4004, 新增覆盖 18
2026-01-05 23:38:00,263 - INFO -   - 券 38/60 选中节点 3825, 新增覆盖 18
2026-01-05 23:38:00,321 - INFO -   - 券 39/60 选中节点 705, 新增覆盖 22
2026-01-05 23:38:00,383 - INFO -   - 券 40/60 选中节点 1757, 新增覆盖 21
2026-01-05 23:38:00,447 - INFO -   - 券 41/60 选中节点 4193, 新增覆盖 19
2026-01-05 23:38:00,509 - INFO -   - 券 42/60 选中节点 1883, 新增覆盖 18
2026-01-05 23:38:00,572 - INFO -   - 券 43/60 选中节点 382, 新增覆盖 18
2026-01-05 23:38:00,636 - INFO -   - 券 44/60 选中节点 933, 新增覆盖 19
2026-01-05 23:38:00,707 - INFO -   - 券 45/60 选中节点 4347, 新增覆盖 17
2026-01-05 23:38:00,776 - INFO -   - 券 46/60 选中节点 470, 新增覆盖 18
2026-01-05 23:38:00,842 - INFO -   - 券 47/60 选中节点 3934, 新增覆盖 20
2026-01-05 23:38:00,920 - INFO -   - 券 48/60 选中节点 4288, 新增覆盖 15
2026-01-05 23:38:01,000 - INFO -   - 券 49/60 选中节点 3298, 新增覆盖 18
2026-01-05 23:38:01,074 - INFO -   - 券 50/60 选中节点 4335, 新增覆盖 18
2026-01-05 23:38:01,154 - INFO -   - 券 51/60 选中节点 2068, 新增覆盖 18
2026-01-05 23:38:01,231 - INFO -   - 券 52/60 选中节点 151, 新增覆盖 17
2026-01-05 23:38:01,304 - INFO -   - 券 53/60 选中节点 3095, 新增覆盖 19
2026-01-05 23:38:01,386 - INFO -   - 券 54/60 选中节点 4123, 新增覆盖 18
2026-01-05 23:38:01,468 - INFO -   - 券 55/60 选中节点 2822, 新增覆盖 16
2026-01-05 23:38:01,552 - INFO -   - 券 56/60 选中节点 3608, 新增覆盖 18
2026-01-05 23:38:01,642 - INFO -   - 券 57/60 选中节点 2133, 新增覆盖 18
2026-01-05 23:38:01,728 - INFO -   - 券 58/60 选中节点 1997, 新增覆盖 19
2026-01-05 23:38:01,814 - INFO -   - 券 59/60 选中节点 1129, 新增覆盖 19
2026-01-05 23:38:01,913 - INFO -   - 券 60/60 选中节点 2507, 新增覆盖 18
2026-01-05 23:38:01,913 - INFO - 选种完毕。耗时: 5.63 秒。
2026-01-05 23:38:01,988 - INFO - 最终选择的种子集: [4167, 931, 3377, 1346, 3312, 1193, 960, 1063, 4170, 3690, 3833, 2618, 2398, 3269, 710, 3241, 4356, 1162, 3808, 413, 2502, 1777, 1542, 2180, 2909, 2154, 840, 2424, 3041, 2642, 3997, 1756, 2397, 1136, 901, 2483, 4004, 3825, 705, 1757, 4193, 1883, 382, 933, 4347, 470, 3934, 4288, 3298, 4335, 2068, 151, 3095, 4123, 2822, 3608, 2133, 1997, 1129, 2507]

2026-01-05 23:38:02,303 - INFO - 当前用时 12.83 秒
2026-01-05 23:38:02,303 - INFO - 将种子集 写入位置: /root/pythonspace/data-test/network.netDog/2026-1-6-[5,1,94]/seeds-with-network.netDog/random_ris_coverage_seedNum-60_SSRNum-100000.txt
2026-01-05 23:38:02,304 - INFO - 评估种子集: None
2026-01-05 23:38:02,304 - INFO - 多进程评估开始，共有 6 个方法待评估...
2026-01-05 23:38:02,304 - INFO - 启动进程池，Worker数量: 6
2026-01-05 23:38:02,843 - INFO - [Process 11785] 开始评估方法: random, 种子数: 60
2026-01-05 23:38:03,148 - INFO - [Process 11786] 开始评估方法: degreeTopM, 种子数: 60
2026-01-05 23:38:03,508 - INFO - [Process 11787] 开始评估方法: pageRank, 种子数: 60
2026-01-05 23:38:03,869 - INFO - [Process 11788] 开始评估方法: alpha_sort, 种子数: 60
2026-01-05 23:38:04,217 - INFO - [Process 11789] 开始评估方法: importance_sort, 种子数: 60
2026-01-05 23:38:04,545 - INFO - [Process 11790] 开始评估方法: ris_coverage, 种子数: 60
2026-01-05 23:39:22,082 - INFO - [Process 11789] importance_sort - 1000 sims 完成: E=49.27
2026-01-05 23:39:22,480 - INFO - [Process 11788] alpha_sort - 1000 sims 完成: E=49.20
2026-01-05 23:39:27,338 - INFO - [Process 11786] degreeTopM - 1000 sims 完成: E=47.60
2026-01-05 23:39:28,323 - INFO - [Process 11787] pageRank - 1000 sims 完成: E=47.78
2026-01-05 23:39:28,325 - INFO - [Process 11790] ris_coverage - 1000 sims 完成: E=48.44
2026-01-05 23:39:31,037 - INFO - [Process 11785] random - 1000 sims 完成: E=48.18
2026-01-05 23:39:31,067 - INFO - 所有进程执行完毕，开始写入数据...
2026-01-05 23:39:31,070 - INFO - 成功写入 6 条记录至 /root/pythonspace/data-test/network.netDog/2026-1-6-[5,1,94]/E-activated-network.netDog/distribution-random/simuTimes-1000_random-dirichlet-[5, 1, 94]_rrNumSamples-100000.csv
2026-01-05 23:39:31,070 - INFO - 保存评估文件至: /root/pythonspace/data-test/network.netDog/2026-1-6-[5,1,94]/E-activated-network.netDog/distribution-random/simuTimes-1000_random-dirichlet-[5, 1, 94]_rrNumSamples-100000.csv
2026-01-05 23:39:31,078 - INFO - 加载数据集: network.netDog
2026-01-05 23:39:31,079 - INFO - --- 矩阵分析 ---
2026-01-05 23:39:31,079 - INFO - 节点数 (N): 4502
2026-01-05 23:39:31,079 - INFO - 边数 (E): 29580
2026-01-05 23:39:31,079 - INFO - 密度 (Density): 0.00145944 (越小越稀疏)
2026-01-05 23:39:31,079 - INFO - 稀疏度 (Sparsity): 0.99854056 (越接近1越稀疏)
2026-01-05 23:39:31,079 - INFO - 平均度数 (Avg Degree): 6.57
2026-01-05 23:39:31,080 - INFO - 首次生成度相关概率分布 分布类型: 'random'.
2026-01-05 23:39:31,080 - INFO - ===> Generating 'Dirichlet' distributions with alpha=[5, 1, 94]...
2026-01-05 23:39:31,081 - INFO - 保存概率分布 文件位置: /root/pythonspace/data-test/network.netDog/2026-1-6-[5,1,94]/distribution-in-network.netDog/distribution-random_seedNum-90.pkl
2026-01-05 23:39:31,115 - INFO - 首次生成种子集 random
2026-01-05 23:39:31,115 - INFO - 执行当前算法开始: random
2026-01-05 23:39:31,115 - INFO - 数据集节点总数:  n = 4502, m = 90
2026-01-05 23:39:31,115 - INFO - 选择 90  [2376, 2216, 3925, 4113, 170, 1210, 2449, 3702, 1985, 3459, 1637, 250, 2840, 2608, 1381, 233, 4131, 1356, 886, 1339, 2245, 3055, 3277, 1967, 3444, 1030, 4500, 4079, 2223, 787, 2748, 3304, 24, 4484, 4118, 4121, 4385, 2136, 4, 94, 4175, 2426, 2363, 4179, 1590, 4279, 2459, 840, 1995, 1933, 1105, 3792, 3634, 4395, 1901, 2169, 3211, 1009, 1932, 945, 922, 3631, 1196, 600, 2849, 3534, 2158, 2504, 3969, 3910, 2272, 1992, 518, 1975, 804, 2858, 2464, 3442, 154, 158, 783, 4465, 876, 917, 2942, 3978, 4446, 3200, 1763, 3326]

2026-01-05 23:39:31,115 - INFO - 当前用时 0.00 秒
2026-01-05 23:39:31,115 - INFO - 将种子集 写入位置: /root/pythonspace/data-test/network.netDog/2026-1-6-[5,1,94]/seeds-with-network.netDog/random_random_seedNum-90_SSRNum-100000.txt
2026-01-05 23:39:31,116 - INFO - 首次生成种子集 degreeTopM
2026-01-05 23:39:31,116 - INFO - 执行当前算法开始: degreeTopM
2026-01-05 23:39:31,116 - INFO - 依据: 选择连接数（度数）最多的节点。
2026-01-05 23:39:31,116 - INFO - 选择的 Top M 节点及其度数:
2026-01-05 23:39:31,117 - INFO - 
2026-01-05 23:39:31,117 - INFO - 当前用时 0.00 秒
2026-01-05 23:39:31,117 - INFO - 将种子集 写入位置: /root/pythonspace/data-test/network.netDog/2026-1-6-[5,1,94]/seeds-with-network.netDog/random_degreeTopM_seedNum-90_SSRNum-100000.txt
2026-01-05 23:39:31,117 - INFO - 首次生成种子集 pageRank
2026-01-05 23:39:31,117 - INFO - 执行当前算法开始: pageRank
2026-01-05 23:39:31,117 - INFO - --- Running: PageRank (on tranProMatrix) Top M ---
2026-01-05 23:39:31,657 - INFO - Selected PageRank seeds: [79, 135, 83, 16, 45, 133, 243, 36, 33, 12, 2, 125, 4, 167, 38, 77, 19, 17, 128, 129, 62, 329, 13, 35, 294, 14, 414, 318, 162, 26, 37, 15, 93, 46, 192, 61, 164, 279, 359, 120, 693, 123, 934, 52, 755, 254, 221, 127, 107, 208, 91, 183, 264, 152, 291, 223, 141, 316, 435, 324, 98, 44, 632, 8, 207, 681, 1157, 405, 104, 142, 150, 263, 916, 169, 583, 237, 261, 228, 1080, 526, 440, 165, 274, 22, 832, 811, 224, 292, 273, 564]
2026-01-05 23:39:31,664 - INFO - 当前用时 0.55 秒
2026-01-05 23:39:31,664 - INFO - 将种子集 写入位置: /root/pythonspace/data-test/network.netDog/2026-1-6-[5,1,94]/seeds-with-network.netDog/random_pageRank_seedNum-90_SSRNum-100000.txt
2026-01-05 23:39:31,665 - INFO - 首次生成种子集 alpha_sort
2026-01-05 23:39:31,665 - INFO - 执行当前算法开始: alpha_sort
2026-01-05 23:39:31,668 - INFO - 4502 个节点的alpha值降序排序 done
2026-01-05 23:39:31,668 - INFO - ==============>> [(2274, 0.1691796), (2013, 0.1537188), (3864, 0.148598), (3560, 0.1422165), (3256, 0.1409674), (3170, 0.1389293), (506, 0.1336432), (1893, 0.1328858), (1881, 0.1290192), (4413, 0.1289083)]
2026-01-05 23:39:31,668 - INFO - 
选择的种子集 (按alpha排序): [2274, 2013, 3864, 3560, 3256, 3170, 506, 1893, 1881, 4413, 901, 3959, 2995, 2560, 4336, 4439, 3108, 2012, 2767, 4261, 3946, 4360, 864, 3501, 2754, 3602, 3731, 628, 1906, 2588, 1788, 3574, 3102, 3970, 4035, 615, 174, 1214, 3667, 4488, 2520, 3008, 4036, 3827, 1238, 2838, 3495, 1654, 3929, 1193, 1200, 326, 4001, 3619, 2059, 3279, 3722, 3692, 497, 4137, 982, 2480, 496, 824, 323, 3596, 3726, 3631, 95, 4339, 1535, 2525, 788, 2236, 1561, 4184, 3158, 2897, 3079, 1795, 2563, 4398, 2715, 2165, 2774, 4288, 248, 3695, 4381, 3570]

2026-01-05 23:39:31,669 - INFO - 当前用时 0.00 秒
2026-01-05 23:39:31,669 - INFO - 将种子集 写入位置: /root/pythonspace/data-test/network.netDog/2026-1-6-[5,1,94]/seeds-with-network.netDog/random_alpha_sort_seedNum-90_SSRNum-100000.txt
2026-01-05 23:39:31,669 - INFO - 首次生成种子集 importance_sort
2026-01-05 23:39:31,669 - INFO - 执行当前算法开始: importance_sort
2026-01-05 23:39:33,188 - INFO - 4502 个节点的Importance值降序排序 done
2026-01-05 23:39:33,188 - INFO - 
选择的种子集 (按Importance排序): [2274, 2013, 3864, 3560, 3256, 3170, 506, 1893, 104, 1881, 4413, 901, 3959, 2995, 2560, 4336, 4439, 3108, 2012, 2767, 4261, 3946, 4360, 864, 3501, 2754, 3602, 3731, 628, 1906, 2588, 1788, 3574, 3102, 3970, 4035, 615, 174, 1214, 3667, 4488, 2520, 3008, 4036, 3827, 1238, 2838, 3495, 1654, 3929, 1193, 1200, 326, 4001, 3619, 2059, 3279, 3722, 3692, 497, 4137, 982, 2480, 496, 824, 323, 3596, 3726, 3631, 95, 4339, 1535, 2525, 788, 2236, 1561, 4184, 3158, 2897, 3079, 1795, 2563, 4398, 2715, 2165, 2774, 4288, 248, 3695, 4381]

2026-01-05 23:39:33,189 - INFO - 当前用时 1.52 秒
2026-01-05 23:39:33,189 - INFO - 将种子集 写入位置: /root/pythonspace/data-test/network.netDog/2026-1-6-[5,1,94]/seeds-with-network.netDog/random_importance_sort_seedNum-90_SSRNum-100000.txt
2026-01-05 23:39:33,189 - INFO - 首次生成种子集 ris_coverage
2026-01-05 23:39:33,190 - INFO - 执行当前算法开始: ris_coverage
2026-01-05 23:39:33,569 - INFO - 图初始化完成，节点数: 4502，CSR 矩阵准备就绪。
2026-01-05 23:39:33,570 - INFO - 
开始生成 100000 组 SSR (并行进程: 8)...
2026-01-05 23:39:46,849 - INFO - 生成完毕。耗时: 13.28 秒。
2026-01-05 23:39:46,850 - INFO - 
开始选择最优种子 (Optimized Greedy) ...
2026-01-05 23:39:51,049 - INFO -   - 券 1/90 选中节点 1102, 新增覆盖 19
2026-01-05 23:39:51,056 - INFO -   - 券 2/90 选中节点 609, 新增覆盖 19
2026-01-05 23:39:51,064 - INFO -   - 券 3/90 选中节点 595, 新增覆盖 18
2026-01-05 23:39:51,075 - INFO -   - 券 4/90 选中节点 1848, 新增覆盖 18
2026-01-05 23:39:51,087 - INFO -   - 券 5/90 选中节点 125, 新增覆盖 21
2026-01-05 23:39:51,108 - INFO -   - 券 6/90 选中节点 4436, 新增覆盖 18
2026-01-05 23:39:51,139 - INFO -   - 券 7/90 选中节点 1525, 新增覆盖 20
2026-01-05 23:39:51,176 - INFO -   - 券 8/90 选中节点 2124, 新增覆盖 18
2026-01-05 23:39:51,216 - INFO -   - 券 9/90 选中节点 805, 新增覆盖 17
2026-01-05 23:39:51,257 - INFO -   - 券 10/90 选中节点 2536, 新增覆盖 18
2026-01-05 23:39:51,302 - INFO -   - 券 11/90 选中节点 4288, 新增覆盖 18
2026-01-05 23:39:51,350 - INFO -   - 券 12/90 选中节点 2085, 新增覆盖 16
2026-01-05 23:39:51,398 - INFO -   - 券 13/90 选中节点 2011, 新增覆盖 17
2026-01-05 23:39:51,460 - INFO -   - 券 14/90 选中节点 816, 新增覆盖 17
2026-01-05 23:39:51,530 - INFO -   - 券 15/90 选中节点 2114, 新增覆盖 19
2026-01-05 23:39:51,606 - INFO -   - 券 16/90 选中节点 4324, 新增覆盖 19
2026-01-05 23:39:51,683 - INFO -   - 券 17/90 选中节点 4183, 新增覆盖 20
2026-01-05 23:39:51,764 - INFO -   - 券 18/90 选中节点 2132, 新增覆盖 17
2026-01-05 23:39:51,844 - INFO -   - 券 19/90 选中节点 1384, 新增覆盖 17
2026-01-05 23:39:51,940 - INFO -   - 券 20/90 选中节点 2596, 新增覆盖 19
2026-01-05 23:39:52,032 - INFO -   - 券 21/90 选中节点 1893, 新增覆盖 19
2026-01-05 23:39:52,131 - INFO -   - 券 22/90 选中节点 2572, 新增覆盖 17
2026-01-05 23:39:52,235 - INFO -   - 券 23/90 选中节点 3193, 新增覆盖 19
2026-01-05 23:39:52,334 - INFO -   - 券 24/90 选中节点 4439, 新增覆盖 18
2026-01-05 23:39:52,441 - INFO -   - 券 25/90 选中节点 4107, 新增覆盖 18
2026-01-05 23:39:52,552 - INFO -   - 券 26/90 选中节点 3874, 新增覆盖 16
2026-01-05 23:39:52,680 - INFO -   - 券 27/90 选中节点 1905, 新增覆盖 21
2026-01-05 23:39:52,822 - INFO -   - 券 28/90 选中节点 2384, 新增覆盖 17
2026-01-05 23:39:52,957 - INFO -   - 券 29/90 选中节点 3229, 新增覆盖 21
2026-01-05 23:39:53,084 - INFO -   - 券 30/90 选中节点 1090, 新增覆盖 21
2026-01-05 23:39:53,219 - INFO -   - 券 31/90 选中节点 1873, 新增覆盖 17
2026-01-05 23:39:53,353 - INFO -   - 券 32/90 选中节点 3741, 新增覆盖 19
2026-01-05 23:39:53,494 - INFO -   - 券 33/90 选中节点 3495, 新增覆盖 20
2026-01-05 23:39:53,641 - INFO -   - 券 34/90 选中节点 1916, 新增覆盖 17
2026-01-05 23:39:53,792 - INFO -   - 券 35/90 选中节点 2995, 新增覆盖 18
2026-01-05 23:39:53,943 - INFO -   - 券 36/90 选中节点 564, 新增覆盖 19
2026-01-05 23:39:54,100 - INFO -   - 券 37/90 选中节点 1743, 新增覆盖 17
2026-01-05 23:39:54,253 - INFO -   - 券 38/90 选中节点 3162, 新增覆盖 18
2026-01-05 23:39:54,411 - INFO -   - 券 39/90 选中节点 4413, 新增覆盖 20
2026-01-05 23:39:54,574 - INFO -   - 券 40/90 选中节点 1642, 新增覆盖 18
2026-01-05 23:39:54,732 - INFO -   - 券 41/90 选中节点 4387, 新增覆盖 19
2026-01-05 23:39:54,909 - INFO -   - 券 42/90 选中节点 2533, 新增覆盖 18
2026-01-05 23:39:55,086 - INFO -   - 券 43/90 选中节点 1296, 新增覆盖 18
2026-01-05 23:39:55,280 - INFO -   - 券 44/90 选中节点 496, 新增覆盖 20
2026-01-05 23:39:55,496 - INFO -   - 券 45/90 选中节点 2013, 新增覆盖 17
2026-01-05 23:39:55,712 - INFO -   - 券 46/90 选中节点 3568, 新增覆盖 16
2026-01-05 23:39:55,917 - INFO -   - 券 47/90 选中节点 2078, 新增覆盖 20
2026-01-05 23:39:56,106 - INFO -   - 券 48/90 选中节点 1538, 新增覆盖 19
2026-01-05 23:39:56,284 - INFO -   - 券 49/90 选中节点 2139, 新增覆盖 19
2026-01-05 23:39:56,468 - INFO -   - 券 50/90 选中节点 251, 新增覆盖 17
2026-01-05 23:39:56,657 - INFO -   - 券 51/90 选中节点 2309, 新增覆盖 17
2026-01-05 23:39:56,847 - INFO -   - 券 52/90 选中节点 2558, 新增覆盖 17
2026-01-05 23:39:57,040 - INFO -   - 券 53/90 选中节点 2660, 新增覆盖 15
2026-01-05 23:39:57,219 - INFO -   - 券 54/90 选中节点 1214, 新增覆盖 20
2026-01-05 23:39:57,419 - INFO -   - 券 55/90 选中节点 3596, 新增覆盖 16
2026-01-05 23:39:57,616 - INFO -   - 券 56/90 选中节点 2001, 新增覆盖 17
2026-01-05 23:39:57,811 - INFO -   - 券 57/90 选中节点 1256, 新增覆盖 21
2026-01-05 23:39:58,019 - INFO -   - 券 58/90 选中节点 620, 新增覆盖 19
2026-01-05 23:39:58,243 - INFO -   - 券 59/90 选中节点 1306, 新增覆盖 18
2026-01-05 23:39:58,467 - INFO -   - 券 60/90 选中节点 3255, 新增覆盖 16
2026-01-05 23:39:58,678 - INFO -   - 券 61/90 选中节点 375, 新增覆盖 17
2026-01-05 23:39:58,880 - INFO -   - 券 62/90 选中节点 1870, 新增覆盖 19
2026-01-05 23:39:59,098 - INFO -   - 券 63/90 选中节点 2587, 新增覆盖 20
2026-01-05 23:39:59,299 - INFO -   - 券 64/90 选中节点 227, 新增覆盖 21
2026-01-05 23:39:59,523 - INFO -   - 券 65/90 选中节点 3624, 新增覆盖 18
2026-01-05 23:39:59,736 - INFO -   - 券 66/90 选中节点 2971, 新增覆盖 18
2026-01-05 23:39:59,959 - INFO -   - 券 67/90 选中节点 3599, 新增覆盖 17
2026-01-05 23:40:00,181 - INFO -   - 券 68/90 选中节点 2731, 新增覆盖 18
2026-01-05 23:40:00,409 - INFO -   - 券 69/90 选中节点 2786, 新增覆盖 16
2026-01-05 23:40:00,635 - INFO -   - 券 70/90 选中节点 3247, 新增覆盖 18
2026-01-05 23:40:00,872 - INFO -   - 券 71/90 选中节点 762, 新增覆盖 17
2026-01-05 23:40:01,135 - INFO -   - 券 72/90 选中节点 3679, 新增覆盖 16
2026-01-05 23:40:01,381 - INFO -   - 券 73/90 选中节点 1654, 新增覆盖 16
2026-01-05 23:40:01,622 - INFO -   - 券 74/90 选中节点 2274, 新增覆盖 16
2026-01-05 23:40:01,870 - INFO -   - 券 75/90 选中节点 1146, 新增覆盖 18
2026-01-05 23:40:02,126 - INFO -   - 券 76/90 选中节点 2588, 新增覆盖 19
2026-01-05 23:40:02,381 - INFO -   - 券 77/90 选中节点 351, 新增覆盖 15
2026-01-05 23:40:02,648 - INFO -   - 券 78/90 选中节点 1686, 新增覆盖 17
2026-01-05 23:40:02,906 - INFO -   - 券 79/90 选中节点 1425, 新增覆盖 17
2026-01-05 23:40:03,186 - INFO -   - 券 80/90 选中节点 518, 新增覆盖 16
2026-01-05 23:40:03,454 - INFO -   - 券 81/90 选中节点 2514, 新增覆盖 16
2026-01-05 23:40:03,725 - INFO -   - 券 82/90 选中节点 1841, 新增覆盖 17
2026-01-05 23:40:03,997 - INFO -   - 券 83/90 选中节点 2049, 新增覆盖 18
2026-01-05 23:40:04,284 - INFO -   - 券 84/90 选中节点 3311, 新增覆盖 16
2026-01-05 23:40:04,575 - INFO -   - 券 85/90 选中节点 1002, 新增覆盖 15
2026-01-05 23:40:04,849 - INFO -   - 券 86/90 选中节点 2574, 新增覆盖 16
2026-01-05 23:40:05,130 - INFO -   - 券 87/90 选中节点 1321, 新增覆盖 16
2026-01-05 23:40:05,406 - INFO -   - 券 88/90 选中节点 3979, 新增覆盖 18
2026-01-05 23:40:05,681 - INFO -   - 券 89/90 选中节点 1243, 新增覆盖 17
2026-01-05 23:40:05,952 - INFO -   - 券 90/90 选中节点 3628, 新增覆盖 17
2026-01-05 23:40:05,953 - INFO - 选种完毕。耗时: 19.10 秒。
2026-01-05 23:40:06,109 - INFO - 最终选择的种子集: [1102, 609, 595, 1848, 125, 4436, 1525, 2124, 805, 2536, 4288, 2085, 2011, 816, 2114, 4324, 4183, 2132, 1384, 2596, 1893, 2572, 3193, 4439, 4107, 3874, 1905, 2384, 3229, 1090, 1873, 3741, 3495, 1916, 2995, 564, 1743, 3162, 4413, 1642, 4387, 2533, 1296, 496, 2013, 3568, 2078, 1538, 2139, 251, 2309, 2558, 2660, 1214, 3596, 2001, 1256, 620, 1306, 3255, 375, 1870, 2587, 227, 3624, 2971, 3599, 2731, 2786, 3247, 762, 3679, 1654, 2274, 1146, 2588, 351, 1686, 1425, 518, 2514, 1841, 2049, 3311, 1002, 2574, 1321, 3979, 1243, 3628]

2026-01-05 23:40:06,719 - INFO - 当前用时 33.53 秒
2026-01-05 23:40:06,719 - INFO - 将种子集 写入位置: /root/pythonspace/data-test/network.netDog/2026-1-6-[5,1,94]/seeds-with-network.netDog/random_ris_coverage_seedNum-90_SSRNum-100000.txt
2026-01-05 23:40:06,720 - INFO - 评估种子集: None
2026-01-05 23:40:06,720 - INFO - 多进程评估开始，共有 6 个方法待评估...
2026-01-05 23:40:06,720 - INFO - 启动进程池，Worker数量: 6
2026-01-05 23:40:07,356 - INFO - [Process 12444] 开始评估方法: random, 种子数: 90
2026-01-05 23:40:07,741 - INFO - [Process 12445] 开始评估方法: degreeTopM, 种子数: 90
2026-01-05 23:40:08,160 - INFO - [Process 12446] 开始评估方法: pageRank, 种子数: 90
2026-01-05 23:40:08,589 - INFO - [Process 12447] 开始评估方法: alpha_sort, 种子数: 90
2026-01-05 23:40:09,008 - INFO - [Process 12448] 开始评估方法: importance_sort, 种子数: 90
2026-01-05 23:40:09,372 - INFO - [Process 12449] 开始评估方法: ris_coverage, 种子数: 90
2026-01-05 23:42:09,758 - INFO - [Process 12447] alpha_sort - 1000 sims 完成: E=72.04
2026-01-05 23:42:13,802 - INFO - [Process 12448] importance_sort - 1000 sims 完成: E=72.00
2026-01-05 23:42:19,727 - INFO - [Process 12449] ris_coverage - 1000 sims 完成: E=70.87
2026-01-05 23:42:20,699 - INFO - [Process 12446] pageRank - 1000 sims 完成: E=69.36
2026-01-05 23:42:21,108 - INFO - [Process 12445] degreeTopM - 1000 sims 完成: E=69.41
2026-01-05 23:42:24,075 - INFO - [Process 12444] random - 1000 sims 完成: E=69.94
2026-01-05 23:42:24,102 - INFO - 所有进程执行完毕，开始写入数据...
2026-01-05 23:42:24,105 - INFO - 成功写入 6 条记录至 /root/pythonspace/data-test/network.netDog/2026-1-6-[5,1,94]/E-activated-network.netDog/distribution-random/simuTimes-1000_random-dirichlet-[5, 1, 94]_rrNumSamples-100000.csv
2026-01-05 23:42:24,105 - INFO - 保存评估文件至: /root/pythonspace/data-test/network.netDog/2026-1-6-[5,1,94]/E-activated-network.netDog/distribution-random/simuTimes-1000_random-dirichlet-[5, 1, 94]_rrNumSamples-100000.csv
