2026-03-10 03:12:43,545 - INFO - 加载数据集: network.EmailEnron
2026-03-10 03:12:43,637 - INFO - --- 矩阵分析 ---
2026-03-10 03:12:43,637 - INFO - 节点数 (N): 33696
2026-03-10 03:12:43,638 - INFO - 边数 (E): 361622
2026-03-10 03:12:43,638 - INFO - 密度 (Density): 0.00031849 (越小越稀疏)
2026-03-10 03:12:43,638 - INFO - 稀疏度 (Sparsity): 0.99968151 (越接近1越稀疏)
2026-03-10 03:12:43,638 - INFO - 平均度数 (Avg Degree): 10.73
2026-03-10 03:12:43,644 - INFO - 首次生成度相关概率分布 分布类型: 'log_continuous'.
2026-03-10 03:12:43,644 - INFO - ===> Generating 'Log-Continuous' distributions for Real Graph...
2026-03-10 03:12:43,984 - INFO - 保存概率分布 文件位置: /home/wen/work/coup_spread/network.EmailEnron/2026-4-1/distribution-in-network.EmailEnron/distribution-log_continuous_seedNum-100.pkl
2026-03-10 03:12:44,464 - INFO - 首次生成种子集 random
2026-03-10 03:12:44,464 - INFO - 执行当前算法开始: random
2026-03-10 03:12:44,464 - INFO - 数据集节点总数:  n = 33696, m = 100
2026-03-10 03:12:44,464 - INFO - 选择 100  [26875, 32484, 3432, 26360, 28755, 1208, 21804, 4754, 23188, 20433, 16423, 27968, 10095, 24952, 12690, 5641, 31228, 31921, 19573, 9729, 12376, 30667, 15990, 18374, 1368, 14273, 10622, 19163, 13631, 29825, 11425, 15041, 25124, 4519, 26240, 11214, 18089, 7075, 18185, 10795, 9380, 33020, 742, 18995, 21656, 12588, 2319, 2559, 31478, 4743, 25477, 11949, 24910, 11813, 8960, 18891, 25749, 26034, 17401, 10507, 13861, 32434, 29262, 4465, 12178, 31462, 27966, 12616, 6561, 16421, 26081, 20579, 23751, 11311, 2727, 3628, 15831, 12715, 12697, 24127, 30906, 25220, 25542, 13147, 10601, 14824, 838, 30955, 9391, 5248, 5148, 26794, 20247, 15648, 17320, 21134, 3613, 1663, 30653, 2865]

2026-03-10 03:12:44,465 - INFO - 当前用时 0.00 秒
2026-03-10 03:12:44,465 - INFO - 将种子集 写入位置: /home/wen/work/coup_spread/network.EmailEnron/2026-4-1/seeds-with-network.EmailEnron/log_continuous_random_seedNum-100_SSRNum-130000.txt
2026-03-10 03:12:44,465 - INFO - 首次生成种子集 degreeTopM
2026-03-10 03:12:44,465 - INFO - 执行当前算法开始: degreeTopM
2026-03-10 03:12:44,465 - INFO - 依据: 选择连接数（度数）最多的节点。
2026-03-10 03:12:44,489 - INFO - 选择的 Top M 节点及其度数:
2026-03-10 03:12:44,490 - INFO - 
2026-03-10 03:12:44,490 - INFO - 当前用时 0.03 秒
2026-03-10 03:12:44,490 - INFO - 将种子集 写入位置: /home/wen/work/coup_spread/network.EmailEnron/2026-4-1/seeds-with-network.EmailEnron/log_continuous_degreeTopM_seedNum-100_SSRNum-130000.txt
2026-03-10 03:12:44,491 - INFO - 首次生成种子集 pageRank
2026-03-10 03:12:44,491 - INFO - 执行当前算法开始: pageRank
2026-03-10 03:12:44,491 - INFO - --- Running: PageRank (on tranProMatrix) Top M ---
2026-03-10 03:12:55,794 - INFO - Selected PageRank seeds: [5024, 273, 140, 588, 458, 566, 1028, 1139, 370, 893, 195, 823, 5055, 5008, 136, 95, 286, 1768, 5016, 76, 543, 292, 647, 8330, 353, 416, 734, 851, 155, 5019, 478, 530, 343, 1824, 613, 516, 887, 443, 213, 2628, 127, 652, 444, 90, 4735, 4061, 520, 1672, 3309, 128, 308, 93, 80, 114, 106, 1806, 3235, 342, 1528, 1031, 915, 554, 1569, 2751, 878, 2716, 1819, 175, 1817, 225, 188, 232, 802, 939, 1588, 20652, 78, 5223, 1507, 82, 241, 3159, 56, 639, 72, 2213, 102, 9112, 1330, 184, 200, 1053, 1334, 1233, 1371, 147, 929, 274, 301, 1443]
2026-03-10 03:12:55,796 - INFO - 当前用时 11.30 秒
2026-03-10 03:12:55,796 - INFO - 将种子集 写入位置: /home/wen/work/coup_spread/network.EmailEnron/2026-4-1/seeds-with-network.EmailEnron/log_continuous_pageRank_seedNum-100_SSRNum-130000.txt
2026-03-10 03:12:55,796 - INFO - 首次生成种子集 alpha_sort
2026-03-10 03:12:55,796 - INFO - 执行当前算法开始: alpha_sort
2026-03-10 03:12:55,814 - INFO - 33696 个节点的alpha值降序排序 done
2026-03-10 03:12:55,814 - INFO - ==============>> [(20873, np.float64(0.7431548080688778)), (30745, np.float64(0.7367792639794093)), (20007, np.float64(0.7316833249326086)), (8064, np.float64(0.7281990018086746)), (24373, np.float64(0.7183738027496523)), (15545, np.float64(0.7178364266310278)), (16506, np.float64(0.7177548407815586)), (6537, np.float64(0.7152316450931308)), (19865, np.float64(0.7140571409077902)), (2897, np.float64(0.712913860848762))]
2026-03-10 03:12:55,814 - INFO - 
选择的种子集 (按alpha排序): [20873, 30745, 20007, 8064, 24373, 15545, 16506, 6537, 19865, 2897, 26775, 16837, 33239, 23653, 1758, 25293, 25844, 19988, 32827, 18787, 12103, 15078, 3407, 9360, 8556, 7964, 8575, 8509, 21290, 14236, 12486, 8422, 18496, 21962, 4326, 24020, 19955, 17938, 22556, 18224, 20490, 1564, 10716, 10956, 1201, 31382, 6763, 22083, 22298, 31875, 12315, 32420, 6379, 17362, 16738, 18766, 9523, 32468, 17200, 21635, 29400, 31263, 15532, 28845, 11497, 10413, 10034, 19315, 6544, 32302, 11140, 14600, 27738, 25131, 22382, 18228, 18886, 9634, 15698, 15701, 15087, 28684, 32, 18826, 31638, 21552, 2545, 33406, 6812, 22721, 30942, 28069, 28421, 12531, 9408, 2336, 31951, 25086, 27945, 21083]

2026-03-10 03:12:55,815 - INFO - 当前用时 0.02 秒
2026-03-10 03:12:55,815 - INFO - 将种子集 写入位置: /home/wen/work/coup_spread/network.EmailEnron/2026-4-1/seeds-with-network.EmailEnron/log_continuous_alpha_sort_seedNum-100_SSRNum-130000.txt
2026-03-10 03:12:55,815 - INFO - 首次生成种子集 ris_optimized
2026-03-10 03:12:55,815 - INFO - 执行当前算法开始: ris_optimized
2026-03-10 03:13:18,445 - INFO - 开始生成 130000 组多重RR-Set (万级节点极限内存优化版)...
2026-03-10 03:13:55,896 - INFO - 生成与倒排构建完毕。耗时: 37.45 秒。
2026-03-10 03:13:55,900 - INFO - 开始基于 Numpy 矩阵的高速贪心选择...
2026-03-10 03:14:03,096 - INFO - 高速选种完毕。耗时: 7.20 秒。估算范围: 254.76
2026-03-10 03:14:03,365 - INFO - 当前用时 67.55 秒
2026-03-10 03:14:03,366 - INFO - 将种子集 写入位置: /home/wen/work/coup_spread/network.EmailEnron/2026-4-1/seeds-with-network.EmailEnron/log_continuous_ris_optimized_seedNum-100_SSRNum-130000.txt
2026-03-10 03:14:03,366 - INFO - 首次生成种子集 1hop_sort
2026-03-10 03:14:03,366 - INFO - 执行当前算法开始: 1hop_sort
2026-03-10 03:14:03,645 - INFO - 当前用时 0.28 秒
2026-03-10 03:14:03,646 - INFO - 将种子集 写入位置: /home/wen/work/coup_spread/network.EmailEnron/2026-4-1/seeds-with-network.EmailEnron/log_continuous_1hop_sort_seedNum-100_SSRNum-130000.txt
2026-03-10 03:14:03,651 - INFO - 评估种子集: None
2026-03-10 03:14:03,651 - INFO - 多进程评估开始，共有 6 个方法待评估...
2026-03-10 03:14:03,652 - INFO - 启动进程池，Worker数量: 6
2026-03-10 03:14:45,931 - INFO - [Process 834675] 开始评估方法: random, 种子数: 100
2026-03-10 03:14:54,472 - INFO - [random - 种子:100] 拉新:46.9人 | 总销量:46.9单 | 品牌曝光:168.3次 | 🌟综合得分:63.7
2026-03-10 03:15:25,074 - INFO - [Process 834676] 开始评估方法: degreeTopM, 种子数: 100
2026-03-10 03:15:33,353 - INFO - [degreeTopM - 种子:100] 拉新:16.8人 | 总销量:16.9单 | 品牌曝光:132.4次 | 🌟综合得分:30.1
2026-03-10 03:16:02,059 - INFO - [Process 834677] 开始评估方法: pageRank, 种子数: 100
2026-03-10 03:16:07,279 - INFO - [pageRank - 种子:100] 拉新:18.5人 | 总销量:18.5单 | 品牌曝光:135.2次 | 🌟综合得分:32.0
2026-03-10 03:16:33,700 - INFO - [Process 834678] 开始评估方法: alpha_sort, 种子数: 100
2026-03-10 03:16:37,802 - INFO - [alpha_sort - 种子:100] 拉新:74.2人 | 总销量:74.2单 | 品牌曝光:136.5次 | 🌟综合得分:87.9
2026-03-10 03:17:09,217 - INFO - [Process 834679] 开始评估方法: ris_optimized, 种子数: 100
2026-03-10 03:17:17,696 - INFO - [ris_optimized - 种子:100] 拉新:59.0人 | 总销量:59.1单 | 品牌曝光:167.0次 | 🌟综合得分:75.7
2026-03-10 03:17:43,887 - INFO - [Process 834680] 开始评估方法: 1hop_sort, 种子数: 100
2026-03-10 03:17:49,580 - INFO - [1hop_sort - 种子:100] 拉新:73.7人 | 总销量:75.8单 | 品牌曝光:147.4次 | 🌟综合得分:89.5
2026-03-10 03:17:50,296 - INFO - 所有进程执行完毕，开始写入数据...
2026-03-10 03:17:50,772 - INFO - 成功写入 6 条记录至 /home/wen/work/coup_spread/gzc-impl/results/network.EmailEnron/2026-4-1/log_continuous_SSRNum-130000-_seedNum-100_simuTimes-500.csv
2026-03-10 03:17:50,773 - INFO - 保存评估文件至: /home/wen/work/coup_spread/gzc-impl/results/network.EmailEnron/2026-4-1/log_continuous_SSRNum-130000-_seedNum-100_simuTimes-500.csv
