2026-03-10 03:40:34,248 - INFO - 加载数据集: network.EmailEnron
2026-03-10 03:40:34,251 - INFO - --- 矩阵分析 ---
2026-03-10 03:40:34,251 - INFO - 节点数 (N): 33696
2026-03-10 03:40:34,251 - INFO - 边数 (E): 361622
2026-03-10 03:40:34,252 - INFO - 密度 (Density): 0.00031849 (越小越稀疏)
2026-03-10 03:40:34,252 - INFO - 稀疏度 (Sparsity): 0.99968151 (越接近1越稀疏)
2026-03-10 03:40:34,252 - INFO - 平均度数 (Avg Degree): 10.73
2026-03-10 03:40:34,254 - INFO - 首次生成度相关概率分布 分布类型: 'log_continuous'.
2026-03-10 03:40:34,254 - INFO - ===> Generating 'Log-Continuous' distributions for Real Graph...
2026-03-10 03:40:34,553 - INFO - 保存概率分布 文件位置: /home/wen/work/coup_spread/network.EmailEnron/2026-4-1/distribution-in-network.EmailEnron/distribution-log_continuous_seedNum-300.pkl
2026-03-10 03:40:34,999 - INFO - 首次生成种子集 random
2026-03-10 03:40:34,999 - INFO - 执行当前算法开始: random
2026-03-10 03:40:34,999 - INFO - 数据集节点总数:  n = 33696, m = 300
2026-03-10 03:40:34,999 - INFO - 选择 300  [22012, 10327, 10617, 22138, 20375, 686, 28987, 625, 20429, 28651, 27621, 25268, 8113, 7955, 28421, 10939, 16183, 21881, 8048, 26464, 571, 9776, 22109, 11291, 28637, 12198, 533, 7252, 10371, 11293, 28856, 14244, 26440, 24052, 29649, 30657, 9536, 31529, 23085, 17583, 2196, 26284, 3713, 11979, 8711, 17138, 23899, 19261, 29084, 23990, 19223, 27579, 7853, 14959, 13277, 12910, 22285, 4725, 27235, 30545, 28271, 16166, 25629, 32730, 1100, 9935, 29033, 22654, 3148, 16164, 11112, 28387, 15766, 2563, 24088, 27489, 12841, 27376, 816, 30692, 12181, 1516, 31058, 3640, 4450, 26067, 2347, 6629, 15058, 11715, 31053, 10093, 2283, 24937, 12602, 6272, 16816, 27518, 11033, 16896, 5582, 10875, 22526, 13700, 32916, 5094, 24713, 2062, 7919, 31528, 23915, 28308, 29997, 3213, 776, 30635, 16104, 2037, 18571, 17957, 18898, 24847, 27323, 9606, 13295, 355, 26853, 16531, 32664, 31763, 11127, 14080, 14145, 1020, 32697, 459, 30052, 15157, 7836, 19331, 24834, 27279, 6529, 11622, 12893, 15037, 16837, 12229, 16576, 6194, 22534, 8917, 2027, 2272, 30306, 19915, 29505, 8197, 31315, 17232, 20308, 27219, 14674, 16925, 11795, 30477, 24554, 29244, 30276, 31626, 5298, 6711, 8407, 31214, 22009, 31060, 6343, 33548, 7395, 7215, 11637, 3727, 17624, 1250, 7816, 25673, 18067, 12265, 31151, 32086, 11982, 25746, 408, 4103, 1781, 8899, 7835, 23584, 33120, 5286, 18971, 29812, 29119, 5688, 1044, 33242, 5132, 6157, 11638, 14338, 2076, 27063, 12447, 657, 30300, 23539, 2987, 16146, 11989, 24539, 7173, 10616, 14084, 10432, 3386, 8188, 26392, 5450, 21654, 18379, 3393, 7935, 2071, 18144, 5625, 1633, 1412, 30501, 10669, 7776, 23764, 27927, 24900, 13070, 8109, 9901, 28172, 4099, 2128, 9189, 4999, 29542, 33580, 28589, 637, 27484, 33290, 10689, 12388, 5979, 3408, 10070, 7727, 23680, 28145, 7263, 22014, 12483, 22537, 30983, 5171, 8729, 6, 15322, 18614, 23980, 19934, 26445, 29415, 32141, 2114, 26858, 16519, 6593, 12510, 14138, 14290, 28119, 7599, 17998, 766, 25715, 27324, 19330, 6997, 886, 24436, 12856, 19997, 19188]

2026-03-10 03:40:34,999 - INFO - 当前用时 0.00 秒
2026-03-10 03:40:34,999 - INFO - 将种子集 写入位置: /home/wen/work/coup_spread/network.EmailEnron/2026-4-1/seeds-with-network.EmailEnron/log_continuous_random_seedNum-300_SSRNum-130000.txt
2026-03-10 03:40:34,999 - INFO - 首次生成种子集 degreeTopM
2026-03-10 03:40:34,999 - INFO - 执行当前算法开始: degreeTopM
2026-03-10 03:40:35,000 - INFO - 依据: 选择连接数（度数）最多的节点。
2026-03-10 03:40:35,002 - INFO - 选择的 Top M 节点及其度数:
2026-03-10 03:40:35,002 - INFO - 
2026-03-10 03:40:35,002 - INFO - 当前用时 0.00 秒
2026-03-10 03:40:35,002 - INFO - 将种子集 写入位置: /home/wen/work/coup_spread/network.EmailEnron/2026-4-1/seeds-with-network.EmailEnron/log_continuous_degreeTopM_seedNum-300_SSRNum-130000.txt
2026-03-10 03:40:35,003 - INFO - 首次生成种子集 pageRank
2026-03-10 03:40:35,003 - INFO - 执行当前算法开始: pageRank
2026-03-10 03:40:35,003 - INFO - --- Running: PageRank (on tranProMatrix) Top M ---
2026-03-10 03:40:46,674 - INFO - Selected PageRank seeds: [5024, 273, 140, 588, 458, 566, 1028, 1139, 370, 893, 195, 823, 5055, 5008, 136, 95, 286, 1768, 5016, 76, 543, 292, 647, 8330, 353, 416, 734, 851, 155, 5019, 478, 530, 343, 1824, 613, 516, 887, 443, 213, 2628, 127, 652, 444, 90, 4735, 4061, 520, 1672, 3309, 128, 308, 93, 80, 114, 106, 1806, 3235, 342, 1528, 1031, 915, 554, 1569, 2751, 878, 2716, 1819, 175, 1817, 225, 188, 232, 802, 939, 1588, 20652, 78, 5223, 1507, 82, 241, 3159, 56, 639, 72, 2213, 102, 9112, 1330, 184, 200, 1053, 1334, 1233, 1371, 147, 929, 274, 301, 1443, 134, 4744, 109, 2735, 314, 74, 2321, 383, 360, 1821, 7940, 31856, 9120, 2664, 2937, 1161, 1046, 1725, 1304, 5022, 423, 2346, 686, 1935, 4151, 107, 89, 151, 91, 1061, 2251, 920, 1202, 815, 581, 585, 8543, 659, 255, 448, 4396, 526, 481, 4150, 471, 88, 367, 403, 265, 16553, 215, 400, 3172, 1365, 6903, 2945, 2635, 528, 452, 925, 1095, 694, 299, 539, 20693, 316, 3213, 133, 233, 75, 592, 5006, 1927, 1793, 4869, 385, 3025, 480, 499, 2109, 442, 4616, 1076, 924, 910, 300, 723, 243, 378, 402, 2734, 8542, 716, 2015, 1050, 1137, 2771, 1, 454, 880, 1077, 146, 3842, 676, 1084, 473, 186, 700, 83, 575, 5039, 804, 948, 192, 470, 1213, 551, 780, 1899, 525, 277, 672, 116, 678, 487, 240, 1138, 355, 172, 3352, 1478, 596, 2599, 490, 9118, 4865, 913, 326, 621, 549, 449, 26083, 593, 4726, 404, 1470, 1559, 336, 822, 438, 1185, 586, 4181, 562, 919, 81, 1216, 876, 960, 1771, 666, 889, 165, 1027, 560, 1026, 386, 406, 46, 4670, 391, 4025, 875, 16129, 1340, 33220, 144, 9484, 264, 13582, 430, 462, 250, 2508, 1118, 504, 564, 79, 922, 4152, 441, 1049, 950, 1162, 4091, 1813, 884, 664, 425, 11788]
2026-03-10 03:40:46,677 - INFO - 当前用时 11.67 秒
2026-03-10 03:40:46,677 - INFO - 将种子集 写入位置: /home/wen/work/coup_spread/network.EmailEnron/2026-4-1/seeds-with-network.EmailEnron/log_continuous_pageRank_seedNum-300_SSRNum-130000.txt
2026-03-10 03:40:46,677 - INFO - 首次生成种子集 alpha_sort
2026-03-10 03:40:46,677 - INFO - 执行当前算法开始: alpha_sort
2026-03-10 03:40:46,696 - INFO - 33696 个节点的alpha值降序排序 done
2026-03-10 03:40:46,696 - INFO - ==============>> [(20873, np.float64(0.7431548080688778)), (30745, np.float64(0.7367792639794093)), (20007, np.float64(0.7316833249326086)), (8064, np.float64(0.7281990018086746)), (24373, np.float64(0.7183738027496523)), (15545, np.float64(0.7178364266310278)), (16506, np.float64(0.7177548407815586)), (6537, np.float64(0.7152316450931308)), (19865, np.float64(0.7140571409077902)), (2897, np.float64(0.712913860848762))]
2026-03-10 03:40:46,696 - INFO - 
选择的种子集 (按alpha排序): [20873, 30745, 20007, 8064, 24373, 15545, 16506, 6537, 19865, 2897, 26775, 16837, 33239, 23653, 1758, 25293, 25844, 19988, 32827, 18787, 12103, 15078, 3407, 9360, 8556, 7964, 8575, 8509, 21290, 14236, 12486, 8422, 18496, 21962, 4326, 24020, 19955, 17938, 22556, 18224, 20490, 1564, 10716, 10956, 1201, 31382, 6763, 22083, 22298, 31875, 12315, 32420, 6379, 17362, 16738, 18766, 9523, 32468, 17200, 21635, 29400, 31263, 15532, 28845, 11497, 10413, 10034, 19315, 6544, 32302, 11140, 14600, 27738, 25131, 22382, 18228, 18886, 9634, 15698, 15701, 15087, 28684, 32, 18826, 31638, 21552, 2545, 33406, 6812, 22721, 30942, 28069, 28421, 12531, 9408, 2336, 31951, 25086, 27945, 21083, 13230, 2210, 3650, 19419, 19849, 27494, 15356, 8020, 9808, 11805, 27353, 29637, 31644, 30959, 16140, 31124, 4925, 18098, 9199, 4618, 13000, 19545, 26294, 24726, 26629, 10757, 29625, 27488, 13168, 30511, 7332, 29601, 22373, 31097, 20752, 27948, 11137, 32108, 17727, 9093, 25221, 32306, 9701, 5544, 25043, 10210, 29363, 32012, 26238, 9683, 22690, 7685, 18475, 8159, 26977, 15080, 31888, 30252, 31961, 22306, 24299, 9613, 11484, 18972, 9686, 18919, 12922, 28693, 15658, 20293, 22671, 25726, 18237, 31558, 29511, 27975, 302, 14960, 15133, 10571, 7276, 28603, 19728, 10184, 21219, 32575, 12649, 17002, 25008, 24872, 27284, 3551, 17015, 16597, 7587, 32850, 22725, 17533, 20356, 28413, 29555, 15027, 22311, 9661, 23726, 20326, 30284, 7532, 27168, 24890, 5568, 28914, 31657, 20479, 8807, 23988, 17415, 23731, 28580, 31709, 2327, 1347, 1659, 32286, 23248, 24460, 27539, 20450, 15498, 16206, 12352, 25843, 8197, 8266, 11853, 4337, 25977, 28066, 23843, 15112, 6541, 31303, 22804, 20036, 32329, 32244, 31860, 12567, 15795, 33275, 3158, 13560, 11134, 26684, 12143, 26068, 4332, 29586, 26747, 31106, 30488, 31950, 27618, 15773, 30120, 3255, 28712, 5872, 19249, 2885, 1766, 19018, 26839, 17525, 28731, 2552, 6938, 6661, 11082, 24394, 13535, 26800, 18841, 12840, 8872, 6662, 16089, 31717, 3267, 25700, 18992, 22529, 24075, 5549, 4320, 21151, 13402, 3181, 11141, 11850]

2026-03-10 03:40:46,697 - INFO - 当前用时 0.02 秒
2026-03-10 03:40:46,697 - INFO - 将种子集 写入位置: /home/wen/work/coup_spread/network.EmailEnron/2026-4-1/seeds-with-network.EmailEnron/log_continuous_alpha_sort_seedNum-300_SSRNum-130000.txt
2026-03-10 03:40:46,698 - INFO - 首次生成种子集 ris_optimized
2026-03-10 03:40:46,698 - INFO - 执行当前算法开始: ris_optimized
2026-03-10 03:41:13,920 - INFO - 开始生成 130000 组多重RR-Set (万级节点极限内存优化版)...
2026-03-10 03:51:59,479 - INFO - 生成与倒排构建完毕。耗时: 645.45 秒。
2026-03-10 03:51:59,532 - INFO - 开始基于 Numpy 矩阵的高速贪心选择...
2026-03-10 03:53:49,357 - INFO - 高速选种完毕。耗时: 109.82 秒。估算范围: 752.97
2026-03-10 03:56:33,427 - INFO - 当前用时 946.73 秒
2026-03-10 03:56:33,616 - INFO - 将种子集 写入位置: /home/wen/work/coup_spread/network.EmailEnron/2026-4-1/seeds-with-network.EmailEnron/log_continuous_ris_optimized_seedNum-300_SSRNum-130000.txt
2026-03-10 03:56:33,624 - INFO - 首次生成种子集 1hop_sort
2026-03-10 03:56:33,624 - INFO - 执行当前算法开始: 1hop_sort
2026-03-10 03:59:14,602 - INFO - 当前用时 160.98 秒
2026-03-10 03:59:14,603 - INFO - 将种子集 写入位置: /home/wen/work/coup_spread/network.EmailEnron/2026-4-1/seeds-with-network.EmailEnron/log_continuous_1hop_sort_seedNum-300_SSRNum-130000.txt
2026-03-10 03:59:15,714 - INFO - 评估种子集: None
2026-03-10 03:59:15,715 - INFO - 多进程评估开始，共有 6 个方法待评估...
2026-03-10 03:59:15,715 - INFO - 启动进程池，Worker数量: 6
