2025-11-03 18:04:49,119 - INFO - 加载数据集: Twitter
2025-11-03 18:04:49,121 - INFO - 首次生成度相关概率分布 分布类型: 'powerlaw'.
2025-11-03 18:04:49,121 - INFO - ===> 使用幂律分布生成四种分布
2025-11-03 18:04:49,133 - INFO - 保存概率分布 文件位置: /home/wen/pythonspace/data-test/Twitter/2025-11-03/distribution-in-Twitter/distribution-powerlaw_seedNum-1000.pkl
2025-11-03 18:04:53,629 - INFO - 首次生成种子集 random
2025-11-03 18:04:53,630 - INFO - 执行当前算法开始: random
2025-11-03 18:04:53,631 - INFO - 当前用时 0.00 秒
2025-11-03 18:04:53,631 - INFO - 将种子集 写入位置: /home/wen/pythonspace/data-test/Twitter/2025-11-03/seeds-with-Twitter/distribution-powerlaw_random_seedNum-1000.txt
2025-11-03 18:04:53,631 - INFO - 首次生成种子集 degreeTopM
2025-11-03 18:04:53,631 - INFO - 执行当前算法开始: degreeTopM
2025-11-03 18:04:53,661 - INFO - 当前用时 0.03 秒
2025-11-03 18:04:53,662 - INFO - 将种子集 写入位置: /home/wen/pythonspace/data-test/Twitter/2025-11-03/seeds-with-Twitter/distribution-powerlaw_degreeTopM_seedNum-1000.txt
2025-11-03 18:04:53,663 - INFO - 首次生成种子集 ris_coverage
2025-11-03 18:04:53,663 - INFO - 执行当前算法开始: ris_coverage
2025-11-03 18:06:05,889 - INFO - 加载数据集: Twitter
2025-11-03 18:06:05,892 - INFO - 复用概率分布 文件位置: /home/wen/pythonspace/data-test/Twitter/2025-11-03/distribution-in-Twitter/distribution-powerlaw_seedNum-1000.pkl
2025-11-03 18:06:10,034 - INFO - 从当前位置 读取种子集 /home/wen/pythonspace/data-test/Twitter/2025-11-03/seeds-with-Twitter/distribution-powerlaw_random_seedNum-1000.txt
2025-11-03 18:06:10,036 - INFO - 从当前位置 读取种子集 /home/wen/pythonspace/data-test/Twitter/2025-11-03/seeds-with-Twitter/distribution-powerlaw_degreeTopM_seedNum-1000.txt
2025-11-03 18:06:10,054 - INFO - 首次生成种子集 ris_coverage
2025-11-03 18:06:10,054 - INFO - 执行当前算法开始: ris_coverage
2025-11-03 18:17:48,764 - INFO - 当前用时 698.71 秒
2025-11-03 18:17:48,765 - INFO - 将种子集 写入位置: /home/wen/pythonspace/data-test/Twitter/2025-11-03/seeds-with-Twitter/distribution-powerlaw_ris_coverage_seedNum-1000.txt
2025-11-03 18:17:48,765 - INFO - 评估种子集: None
2025-11-03 18:17:48,765 - INFO - 评估函数开始
2025-11-03 18:17:48,765 - INFO - 当前模拟次数: [5]

2025-11-03 18:17:48,765 - INFO - 当前评估种子数: 1000 ---
2025-11-03 18:17:48,766 - INFO -   Evaluating method: 'random' with 1000 seeds.
2025-11-03 18:17:48,766 - INFO -     Running 5 simulations...
2025-11-03 18:17:48,766 - INFO - 		当前模拟轮次: 0
2025-11-03 18:17:49,046 - INFO - 		当前模拟轮次: 1
2025-11-03 18:17:49,350 - INFO - 		当前模拟轮次: 2
2025-11-03 18:17:49,637 - INFO - 		当前模拟轮次: 3
2025-11-03 18:17:49,929 - INFO - 		当前模拟轮次: 4
2025-11-03 18:17:50,200 - INFO -     Result: E[Users] = 479.4000, Var[Users] = 175.0400, Std_Dev = 13.2303
2025-11-03 18:17:50,313 - INFO -   Evaluating method: 'degreeTopM' with 1000 seeds.
2025-11-03 18:17:50,313 - INFO -     Running 5 simulations...
2025-11-03 18:17:50,313 - INFO - 		当前模拟轮次: 0
2025-11-03 18:17:50,621 - INFO - 		当前模拟轮次: 1
2025-11-03 18:17:50,910 - INFO - 		当前模拟轮次: 2
2025-11-03 18:17:51,188 - INFO - 		当前模拟轮次: 3
2025-11-03 18:17:51,476 - INFO - 		当前模拟轮次: 4
2025-11-03 18:17:51,753 - INFO -     Result: E[Users] = 480.6000, Var[Users] = 330.6400, Std_Dev = 18.1835
2025-11-03 18:17:51,755 - INFO -   Evaluating method: 'ris_coverage' with 1000 seeds.
2025-11-03 18:17:51,755 - INFO -     Running 5 simulations...
2025-11-03 18:17:51,755 - INFO - 		当前模拟轮次: 0
2025-11-03 18:17:52,234 - INFO - 		当前模拟轮次: 1
2025-11-03 18:17:52,705 - INFO - 		当前模拟轮次: 2
2025-11-03 18:17:53,184 - INFO - 		当前模拟轮次: 3
2025-11-03 18:17:53,666 - INFO - 		当前模拟轮次: 4
2025-11-03 18:17:54,141 - INFO -     Result: E[Users] = 489.0000, Var[Users] = 44.4000, Std_Dev = 6.6633
2025-11-03 18:17:54,143 - INFO - 保存评估文件至: /home/wen/pythonspace/data-test/Twitter/2025-11-03/E-activated-Twitter/distribution-powerlaw/tsd_10.0-10.0-10.0/single_sim_func-AgainReJudge/simuTimes-5_seedNum-1000_monteCarloL-15_single_sim_func-AgainReJudge_rrNumSamples-1000000.csv
2025-11-03 18:17:54,155 - INFO - 加载数据集: Twitter
2025-11-03 18:17:54,157 - INFO - 首次生成度相关概率分布 分布类型: 'powerlaw'.
2025-11-03 18:17:54,157 - INFO - ===> 使用幂律分布生成四种分布
2025-11-03 18:17:54,168 - INFO - 保存概率分布 文件位置: /home/wen/pythonspace/data-test/Twitter/2025-11-03/distribution-in-Twitter/distribution-powerlaw_seedNum-1600.pkl
2025-11-03 18:18:03,867 - INFO - 首次生成种子集 random
2025-11-03 18:18:03,867 - INFO - 执行当前算法开始: random
2025-11-03 18:18:03,869 - INFO - 当前用时 0.00 秒
2025-11-03 18:18:03,869 - INFO - 将种子集 写入位置: /home/wen/pythonspace/data-test/Twitter/2025-11-03/seeds-with-Twitter/distribution-powerlaw_random_seedNum-1600.txt
2025-11-03 18:18:03,869 - INFO - 首次生成种子集 degreeTopM
2025-11-03 18:18:03,869 - INFO - 执行当前算法开始: degreeTopM
2025-11-03 18:18:03,901 - INFO - 当前用时 0.03 秒
2025-11-03 18:18:03,901 - INFO - 将种子集 写入位置: /home/wen/pythonspace/data-test/Twitter/2025-11-03/seeds-with-Twitter/distribution-powerlaw_degreeTopM_seedNum-1600.txt
2025-11-03 18:18:03,903 - INFO - 首次生成种子集 ris_coverage
2025-11-03 18:18:03,903 - INFO - 执行当前算法开始: ris_coverage
2025-11-03 18:37:40,799 - INFO - 当前用时 1176.90 秒
2025-11-03 18:37:40,800 - INFO - 将种子集 写入位置: /home/wen/pythonspace/data-test/Twitter/2025-11-03/seeds-with-Twitter/distribution-powerlaw_ris_coverage_seedNum-1600.txt
2025-11-03 18:37:40,801 - INFO - 评估种子集: None
2025-11-03 18:37:40,801 - INFO - 评估函数开始
2025-11-03 18:37:40,801 - INFO - 当前模拟次数: [5]

2025-11-03 18:37:40,801 - INFO - 当前评估种子数: 1600 ---
2025-11-03 18:37:40,801 - INFO -   Evaluating method: 'random' with 1600 seeds.
2025-11-03 18:37:40,801 - INFO -     Running 5 simulations...
2025-11-03 18:37:40,801 - INFO - 		当前模拟轮次: 0
2025-11-03 18:37:42,650 - INFO - 		当前模拟轮次: 1
2025-11-03 18:37:43,137 - INFO - 		当前模拟轮次: 2
2025-11-03 18:37:43,607 - INFO - 		当前模拟轮次: 3
2025-11-03 18:37:44,096 - INFO - 		当前模拟轮次: 4
2025-11-03 18:37:44,551 - INFO -     Result: E[Users] = 777.2000, Var[Users] = 184.9600, Std_Dev = 13.6000
2025-11-03 18:37:44,554 - INFO -   Evaluating method: 'degreeTopM' with 1600 seeds.
2025-11-03 18:37:44,555 - INFO -     Running 5 simulations...
2025-11-03 18:37:44,555 - INFO - 		当前模拟轮次: 0
2025-11-03 18:37:45,045 - INFO - 		当前模拟轮次: 1
2025-11-03 18:37:45,540 - INFO - 		当前模拟轮次: 2
2025-11-03 18:37:46,006 - INFO - 		当前模拟轮次: 3
2025-11-03 18:37:46,512 - INFO - 		当前模拟轮次: 4
2025-11-03 18:37:47,035 - INFO -     Result: E[Users] = 743.2000, Var[Users] = 468.5600, Std_Dev = 21.6462
2025-11-03 18:37:47,037 - INFO -   Evaluating method: 'ris_coverage' with 1600 seeds.
2025-11-03 18:37:47,037 - INFO -     Running 5 simulations...
2025-11-03 18:37:47,037 - INFO - 		当前模拟轮次: 0
2025-11-03 18:37:47,773 - INFO - 		当前模拟轮次: 1
2025-11-03 18:37:48,530 - INFO - 		当前模拟轮次: 2
2025-11-03 18:37:49,232 - INFO - 		当前模拟轮次: 3
2025-11-03 18:37:49,909 - INFO - 		当前模拟轮次: 4
2025-11-03 18:37:50,591 - INFO -     Result: E[Users] = 766.8000, Var[Users] = 217.3600, Std_Dev = 14.7431
2025-11-03 18:37:50,593 - INFO - 保存评估文件至: /home/wen/pythonspace/data-test/Twitter/2025-11-03/E-activated-Twitter/distribution-powerlaw/tsd_10.0-10.0-10.0/single_sim_func-AgainReJudge/simuTimes-5_seedNum-1600_monteCarloL-15_single_sim_func-AgainReJudge_rrNumSamples-1000000.csv
2025-11-03 18:37:50,649 - INFO - 加载数据集: Twitter
2025-11-03 18:37:50,658 - INFO - 首次生成度相关概率分布 分布类型: 'powerlaw'.
2025-11-03 18:37:50,659 - INFO - ===> 使用幂律分布生成四种分布
2025-11-03 18:37:50,671 - INFO - 保存概率分布 文件位置: /home/wen/pythonspace/data-test/Twitter/2025-11-03/distribution-in-Twitter/distribution-powerlaw_seedNum-2200.pkl
2025-11-03 18:38:03,276 - INFO - 首次生成种子集 random
2025-11-03 18:38:03,276 - INFO - 执行当前算法开始: random
2025-11-03 18:38:03,278 - INFO - 当前用时 0.00 秒
2025-11-03 18:38:03,278 - INFO - 将种子集 写入位置: /home/wen/pythonspace/data-test/Twitter/2025-11-03/seeds-with-Twitter/distribution-powerlaw_random_seedNum-2200.txt
2025-11-03 18:38:03,279 - INFO - 首次生成种子集 degreeTopM
2025-11-03 18:38:03,279 - INFO - 执行当前算法开始: degreeTopM
2025-11-03 18:38:03,327 - INFO - 当前用时 0.05 秒
2025-11-03 18:38:03,328 - INFO - 将种子集 写入位置: /home/wen/pythonspace/data-test/Twitter/2025-11-03/seeds-with-Twitter/distribution-powerlaw_degreeTopM_seedNum-2200.txt
2025-11-03 18:38:03,330 - INFO - 首次生成种子集 ris_coverage
2025-11-03 18:38:03,330 - INFO - 执行当前算法开始: ris_coverage
2025-11-03 19:08:12,968 - INFO - 当前用时 1809.64 秒
2025-11-03 19:08:12,968 - INFO - 将种子集 写入位置: /home/wen/pythonspace/data-test/Twitter/2025-11-03/seeds-with-Twitter/distribution-powerlaw_ris_coverage_seedNum-2200.txt
2025-11-03 19:08:12,970 - INFO - 评估种子集: None
2025-11-03 19:08:12,970 - INFO - 评估函数开始
2025-11-03 19:08:12,970 - INFO - 当前模拟次数: [5]

2025-11-03 19:08:12,970 - INFO - 当前评估种子数: 2200 ---
2025-11-03 19:08:12,970 - INFO -   Evaluating method: 'random' with 2200 seeds.
2025-11-03 19:08:12,970 - INFO -     Running 5 simulations...
2025-11-03 19:08:12,971 - INFO - 		当前模拟轮次: 0
2025-11-03 19:08:14,819 - INFO - 		当前模拟轮次: 1
2025-11-03 19:08:15,472 - INFO - 		当前模拟轮次: 2
2025-11-03 19:08:16,080 - INFO - 		当前模拟轮次: 3
2025-11-03 19:08:16,704 - INFO - 		当前模拟轮次: 4
2025-11-03 19:08:17,337 - INFO -     Result: E[Users] = 1030.2000, Var[Users] = 339.7600, Std_Dev = 18.4326
2025-11-03 19:08:17,340 - INFO -   Evaluating method: 'degreeTopM' with 2200 seeds.
2025-11-03 19:08:17,340 - INFO -     Running 5 simulations...
2025-11-03 19:08:17,341 - INFO - 		当前模拟轮次: 0
2025-11-03 19:08:17,917 - INFO - 		当前模拟轮次: 1
2025-11-03 19:08:18,573 - INFO - 		当前模拟轮次: 2
2025-11-03 19:08:19,198 - INFO - 		当前模拟轮次: 3
2025-11-03 19:08:19,818 - INFO - 		当前模拟轮次: 4
2025-11-03 19:08:20,423 - INFO -     Result: E[Users] = 992.6000, Var[Users] = 217.4400, Std_Dev = 14.7458
2025-11-03 19:08:20,424 - INFO -   Evaluating method: 'ris_coverage' with 2200 seeds.
2025-11-03 19:08:20,424 - INFO -     Running 5 simulations...
2025-11-03 19:08:20,424 - INFO - 		当前模拟轮次: 0
2025-11-03 19:08:21,255 - INFO - 		当前模拟轮次: 1
2025-11-03 19:08:22,095 - INFO - 		当前模拟轮次: 2
2025-11-03 19:08:22,932 - INFO - 		当前模拟轮次: 3
2025-11-03 19:08:23,773 - INFO - 		当前模拟轮次: 4
2025-11-03 19:08:24,611 - INFO -     Result: E[Users] = 1028.0000, Var[Users] = 364.4000, Std_Dev = 19.0893
2025-11-03 19:08:24,613 - INFO - 保存评估文件至: /home/wen/pythonspace/data-test/Twitter/2025-11-03/E-activated-Twitter/distribution-powerlaw/tsd_10.0-10.0-10.0/single_sim_func-AgainReJudge/simuTimes-5_seedNum-2200_monteCarloL-15_single_sim_func-AgainReJudge_rrNumSamples-1000000.csv
2025-11-03 19:08:24,631 - INFO - 加载数据集: Twitter
2025-11-03 19:08:24,633 - INFO - 首次生成度相关概率分布 分布类型: 'powerlaw'.
2025-11-03 19:08:24,633 - INFO - ===> 使用幂律分布生成四种分布
2025-11-03 19:08:24,644 - INFO - 保存概率分布 文件位置: /home/wen/pythonspace/data-test/Twitter/2025-11-03/distribution-in-Twitter/distribution-powerlaw_seedNum-2800.pkl
2025-11-03 19:08:42,539 - INFO - 首次生成种子集 random
2025-11-03 19:08:42,540 - INFO - 执行当前算法开始: random
2025-11-03 19:08:42,549 - INFO - 当前用时 0.01 秒
2025-11-03 19:08:42,549 - INFO - 将种子集 写入位置: /home/wen/pythonspace/data-test/Twitter/2025-11-03/seeds-with-Twitter/distribution-powerlaw_random_seedNum-2800.txt
2025-11-03 19:08:42,549 - INFO - 首次生成种子集 degreeTopM
2025-11-03 19:08:42,550 - INFO - 执行当前算法开始: degreeTopM
2025-11-03 19:08:42,596 - INFO - 当前用时 0.05 秒
2025-11-03 19:08:42,597 - INFO - 将种子集 写入位置: /home/wen/pythonspace/data-test/Twitter/2025-11-03/seeds-with-Twitter/distribution-powerlaw_degreeTopM_seedNum-2800.txt
2025-11-03 19:08:42,599 - INFO - 首次生成种子集 ris_coverage
2025-11-03 19:08:42,599 - INFO - 执行当前算法开始: ris_coverage
2025-11-03 19:51:20,200 - INFO - 当前用时 2557.60 秒
2025-11-03 19:51:20,201 - INFO - 将种子集 写入位置: /home/wen/pythonspace/data-test/Twitter/2025-11-03/seeds-with-Twitter/distribution-powerlaw_ris_coverage_seedNum-2800.txt
2025-11-03 19:51:20,203 - INFO - 评估种子集: None
2025-11-03 19:51:20,203 - INFO - 评估函数开始
2025-11-03 19:51:20,203 - INFO - 当前模拟次数: [5]

2025-11-03 19:51:20,203 - INFO - 当前评估种子数: 2800 ---
2025-11-03 19:51:20,203 - INFO -   Evaluating method: 'random' with 2800 seeds.
2025-11-03 19:51:20,203 - INFO -     Running 5 simulations...
2025-11-03 19:51:20,203 - INFO - 		当前模拟轮次: 0
2025-11-03 19:51:22,168 - INFO - 		当前模拟轮次: 1
2025-11-03 19:51:23,006 - INFO - 		当前模拟轮次: 2
2025-11-03 19:51:23,829 - INFO - 		当前模拟轮次: 3
2025-11-03 19:51:24,640 - INFO - 		当前模拟轮次: 4
2025-11-03 19:51:25,428 - INFO -     Result: E[Users] = 1310.8000, Var[Users] = 604.9600, Std_Dev = 24.5959
2025-11-03 19:51:25,439 - INFO -   Evaluating method: 'degreeTopM' with 2800 seeds.
2025-11-03 19:51:25,439 - INFO -     Running 5 simulations...
2025-11-03 19:51:25,439 - INFO - 		当前模拟轮次: 0
2025-11-03 19:51:26,494 - INFO - 		当前模拟轮次: 1
2025-11-03 19:51:27,309 - INFO - 		当前模拟轮次: 2
2025-11-03 19:51:28,092 - INFO - 		当前模拟轮次: 3
2025-11-03 19:51:28,930 - INFO - 		当前模拟轮次: 4
2025-11-03 19:51:29,732 - INFO -     Result: E[Users] = 1242.2000, Var[Users] = 95.3600, Std_Dev = 9.7652
2025-11-03 19:51:29,734 - INFO -   Evaluating method: 'ris_coverage' with 2800 seeds.
2025-11-03 19:51:29,734 - INFO -     Running 5 simulations...
2025-11-03 19:51:29,734 - INFO - 		当前模拟轮次: 0
2025-11-03 19:51:30,740 - INFO - 		当前模拟轮次: 1
2025-11-03 19:51:31,773 - INFO - 		当前模拟轮次: 2
2025-11-03 19:51:32,768 - INFO - 		当前模拟轮次: 3
2025-11-03 19:51:33,736 - INFO - 		当前模拟轮次: 4
2025-11-03 19:51:34,735 - INFO -     Result: E[Users] = 1281.6000, Var[Users] = 659.4400, Std_Dev = 25.6796
2025-11-03 19:51:34,737 - INFO - 保存评估文件至: /home/wen/pythonspace/data-test/Twitter/2025-11-03/E-activated-Twitter/distribution-powerlaw/tsd_10.0-10.0-10.0/single_sim_func-AgainReJudge/simuTimes-5_seedNum-2800_monteCarloL-15_single_sim_func-AgainReJudge_rrNumSamples-1000000.csv
2025-11-03 21:50:55,294 - INFO - 加载数据集: Twitter
2025-11-03 21:50:55,323 - INFO - 复用概率分布 文件位置: /home/wen/pythonspace/data-test/Twitter/2025-11-03/distribution-in-Twitter/distribution-powerlaw_seedNum-1000.pkl
2025-11-03 21:52:15,586 - INFO - 从当前位置 读取种子集 /home/wen/pythonspace/data-test/Twitter/2025-11-03/seeds-with-Twitter/distribution-powerlaw_random_seedNum-1000.txt
2025-11-03 21:52:16,139 - INFO - 从当前位置 读取种子集 /home/wen/pythonspace/data-test/Twitter/2025-11-03/seeds-with-Twitter/distribution-powerlaw_degreeTopM_seedNum-1000.txt
2025-11-03 21:52:16,468 - INFO - 从当前位置 读取种子集 /home/wen/pythonspace/data-test/Twitter/2025-11-03/seeds-with-Twitter/distribution-powerlaw_ris_coverage_seedNum-1000.txt
2025-11-03 21:52:17,089 - INFO - 评估种子集: None
2025-11-03 21:52:17,090 - INFO - 评估函数开始
2025-11-03 21:52:17,090 - INFO - 当前模拟次数: [5]

2025-11-03 21:52:17,090 - INFO - 当前评估种子数: 1000 ---
2025-11-03 21:52:17,090 - INFO -   Evaluating method: 'random' with 1000 seeds.
2025-11-03 21:52:17,090 - INFO -     Running 5 simulations...
2025-11-03 21:52:17,090 - INFO - 		当前模拟轮次: 0
2025-11-03 21:56:47,986 - INFO - 加载数据集: Twitter
2025-11-03 21:56:48,037 - INFO - 复用概率分布 文件位置: /home/wen/pythonspace/data-test/Twitter/2025-11-03/distribution-in-Twitter/distribution-powerlaw_seedNum-1000.pkl
2025-11-03 21:56:58,610 - INFO - 从当前位置 读取种子集 /home/wen/pythonspace/data-test/Twitter/2025-11-03/seeds-with-Twitter/distribution-powerlaw_random_seedNum-1000.txt
2025-11-03 21:56:58,693 - INFO - 从当前位置 读取种子集 /home/wen/pythonspace/data-test/Twitter/2025-11-03/seeds-with-Twitter/distribution-powerlaw_degreeTopM_seedNum-1000.txt
2025-11-03 21:56:58,717 - INFO - 从当前位置 读取种子集 /home/wen/pythonspace/data-test/Twitter/2025-11-03/seeds-with-Twitter/distribution-powerlaw_ris_coverage_seedNum-1000.txt
2025-11-03 21:56:58,783 - INFO - 评估种子集: None
2025-11-03 21:56:58,796 - INFO - 评估函数开始
2025-11-03 21:56:58,796 - INFO - 当前模拟次数: [5]

2025-11-03 21:56:58,796 - INFO - 当前评估种子数: 1000 --- # AgainContinue 评估函数
2025-11-03 21:56:58,798 - INFO -   Evaluating method: 'random' with 1000 seeds.
2025-11-03 21:56:58,798 - INFO -     Running 5 simulations...
2025-11-03 21:56:58,798 - INFO - 		当前模拟轮次: 0
2025-11-03 21:56:59,180 - INFO - 		当前模拟轮次: 1
2025-11-03 21:56:59,531 - INFO - 		当前模拟轮次: 2
2025-11-03 21:56:59,870 - INFO - 		当前模拟轮次: 3
2025-11-03 21:57:00,182 - INFO - 		当前模拟轮次: 4
2025-11-03 21:57:00,533 - INFO -     Result: E[Users] = 490.0000, Var[Users] = 263.6000, Std_Dev = 16.2358
2025-11-03 21:57:00,697 - INFO -   Evaluating method: 'degreeTopM' with 1000 seeds.
2025-11-03 21:57:00,697 - INFO -     Running 5 simulations...
2025-11-03 21:57:00,698 - INFO - 		当前模拟轮次: 0
2025-11-03 21:57:01,031 - INFO - 		当前模拟轮次: 1
2025-11-03 21:57:01,392 - INFO - 		当前模拟轮次: 2
2025-11-03 21:57:01,731 - INFO - 		当前模拟轮次: 3
2025-11-03 21:57:02,061 - INFO - 		当前模拟轮次: 4
2025-11-03 21:57:02,438 - INFO -     Result: E[Users] = 506.0000, Var[Users] = 206.0000, Std_Dev = 14.3527
2025-11-03 21:57:02,440 - INFO -   Evaluating method: 'ris_coverage' with 1000 seeds.
2025-11-03 21:57:02,440 - INFO -     Running 5 simulations...
2025-11-03 21:57:02,440 - INFO - 		当前模拟轮次: 0
2025-11-03 21:57:02,980 - INFO - 		当前模拟轮次: 1
2025-11-03 21:57:03,536 - INFO - 		当前模拟轮次: 2
2025-11-03 21:57:04,113 - INFO - 		当前模拟轮次: 3
2025-11-03 21:57:04,674 - INFO - 		当前模拟轮次: 4
2025-11-03 21:57:05,238 - INFO -     Result: E[Users] = 495.6000, Var[Users] = 112.2400, Std_Dev = 10.5943
2025-11-03 21:57:05,239 - INFO - 保存评估文件至: /home/wen/pythonspace/data-test/Twitter/2025-11-03/E-activated-Twitter/distribution-powerlaw/tsd_10.0-10.0-10.0/single_sim_func-AgainContinue/simuTimes-5_seedNum-1000_monteCarloL-15_single_sim_func-AgainContinue_rrNumSamples-1000000.csv
