2026-01-06 20:31:44,457 - INFO - 加载数据集: network.netDog
2026-01-06 20:31:44,458 - INFO - --- 矩阵分析 ---
2026-01-06 20:31:44,458 - INFO - 节点数 (N): 4502
2026-01-06 20:31:44,458 - INFO - 边数 (E): 29580
2026-01-06 20:31:44,458 - INFO - 密度 (Density): 0.00145944 (越小越稀疏)
2026-01-06 20:31:44,458 - INFO - 稀疏度 (Sparsity): 0.99854056 (越接近1越稀疏)
2026-01-06 20:31:44,458 - INFO - 平均度数 (Avg Degree): 6.57
2026-01-06 20:31:44,459 - INFO - 首次生成度相关概率分布 分布类型: 'random'.
2026-01-06 20:31:44,459 - INFO - ===> Generating 'Dirichlet' with Degree Bias...
2026-01-06 20:31:44,459 - INFO -      Alpha: [50, 50, 900]
2026-01-06 20:31:44,459 - INFO -      Factors -> Succ: 0.0, Dis: 0.0, Tran: 0.0
2026-01-06 20:31:44,459 - INFO - --- check node (Max Degree=429.0) ---
2026-01-06 20:31:44,460 - INFO -     Base Prob: [0.05542898 0.05084924 0.89372178]
2026-01-06 20:31:44,460 - INFO -     Final Prob: Succ=0.0554, Dis=0.0508, Tran=0.8937
2026-01-06 20:31:44,460 - INFO - 保存概率分布 文件位置: /root/pythonspace/data-test/network.netDog/2026-1-7-3-[50,50,900]/distribution-in-network.netDog/distribution-random_seedNum-30.pkl
2026-01-06 20:31:44,485 - INFO - 首次生成种子集 random
2026-01-06 20:31:44,485 - INFO - 执行当前算法开始: random
2026-01-06 20:31:44,485 - INFO - 数据集节点总数:  n = 4502, m = 30
2026-01-06 20:31:44,485 - INFO - 选择 30  [124, 3816, 1308, 2686, 2801, 2075, 2567, 4481, 81, 3302, 864, 1050, 4004, 143, 1877, 3853, 2884, 4026, 3039, 616, 3584, 2502, 2955, 3430, 2926, 3569, 3645, 1476, 3130, 1164]

2026-01-06 20:31:44,485 - INFO - 当前用时 0.00 秒
2026-01-06 20:31:44,485 - INFO - 将种子集 写入位置: /root/pythonspace/data-test/network.netDog/2026-1-7-3-[50,50,900]/seeds-with-network.netDog/random_random_seedNum-30_SSRNum-100000.txt
2026-01-06 20:31:44,485 - INFO - 首次生成种子集 degreeTopM
2026-01-06 20:31:44,485 - INFO - 执行当前算法开始: degreeTopM
2026-01-06 20:31:44,485 - INFO - 依据: 选择连接数（度数）最多的节点。
2026-01-06 20:31:44,486 - INFO - 选择的 Top M 节点及其度数:
2026-01-06 20:31:44,486 - INFO - 
2026-01-06 20:31:44,486 - INFO - 当前用时 0.00 秒
2026-01-06 20:31:44,486 - INFO - 将种子集 写入位置: /root/pythonspace/data-test/network.netDog/2026-1-7-3-[50,50,900]/seeds-with-network.netDog/random_degreeTopM_seedNum-30_SSRNum-100000.txt
2026-01-06 20:31:44,486 - INFO - 首次生成种子集 pageRank
2026-01-06 20:31:44,486 - INFO - 执行当前算法开始: pageRank
2026-01-06 20:31:44,486 - INFO - --- Running: PageRank (on tranProMatrix) Top M ---
2026-01-06 20:31:44,752 - INFO - Selected PageRank seeds: [79, 135, 83, 16, 45, 133, 243, 36, 33, 12, 2, 125, 4, 167, 38, 77, 19, 17, 128, 129, 62, 329, 13, 35, 294, 14, 414, 318, 162, 26]
2026-01-06 20:31:44,758 - INFO - 当前用时 0.27 秒
2026-01-06 20:31:44,758 - INFO - 将种子集 写入位置: /root/pythonspace/data-test/network.netDog/2026-1-7-3-[50,50,900]/seeds-with-network.netDog/random_pageRank_seedNum-30_SSRNum-100000.txt
2026-01-06 20:31:44,759 - INFO - 首次生成种子集 alpha_sort
2026-01-06 20:31:44,759 - INFO - 执行当前算法开始: alpha_sort
2026-01-06 20:31:44,761 - INFO - 4502 个节点的alpha值降序排序 done
2026-01-06 20:31:44,761 - INFO - ==============>> [(581, 0.07731654420336871), (4238, 0.07561862491825443), (910, 0.0750214435386083), (710, 0.07444877274985175), (3103, 0.07396224270150227), (209, 0.07327574774363059), (2535, 0.07280996399969328), (2587, 0.07257635710549902), (2368, 0.07256991608948839), (2393, 0.07252579851942517)]
2026-01-06 20:31:44,761 - INFO - 
选择的种子集 (按alpha排序): [581, 4238, 910, 710, 3103, 209, 2535, 2587, 2368, 2393, 3952, 2165, 1606, 200, 819, 961, 4261, 2303, 148, 247, 2560, 3163, 4473, 1600, 115, 1933, 989, 3651, 4441, 1954]

2026-01-06 20:31:44,761 - INFO - 当前用时 0.00 秒
2026-01-06 20:31:44,761 - INFO - 将种子集 写入位置: /root/pythonspace/data-test/network.netDog/2026-1-7-3-[50,50,900]/seeds-with-network.netDog/random_alpha_sort_seedNum-30_SSRNum-100000.txt
2026-01-06 20:31:44,761 - INFO - 首次生成种子集 importance_sort
2026-01-06 20:31:44,761 - INFO - 执行当前算法开始: importance_sort
2026-01-06 20:31:45,297 - INFO - 4502 个节点的Importance值降序排序 done
2026-01-06 20:31:45,297 - INFO - 
选择的种子集 (按Importance排序): [291, 104, 581, 4238, 910, 710, 3103, 209, 2535, 2587, 2368, 2393, 3952, 2165, 1606, 200, 819, 961, 4261, 2303, 148, 247, 2560, 3163, 4473, 1600, 115, 1933, 989, 3651]

2026-01-06 20:31:45,297 - INFO - 当前用时 0.54 秒
2026-01-06 20:31:45,297 - INFO - 将种子集 写入位置: /root/pythonspace/data-test/network.netDog/2026-1-7-3-[50,50,900]/seeds-with-network.netDog/random_importance_sort_seedNum-30_SSRNum-100000.txt
2026-01-06 20:31:45,297 - INFO - 首次生成种子集 ris_coverage
2026-01-06 20:31:45,297 - INFO - 执行当前算法开始: ris_coverage
2026-01-06 20:31:45,415 - INFO - 图初始化完成，节点数: 4502，CSR 矩阵准备就绪。
2026-01-06 20:31:45,415 - INFO - 
开始生成 100000 组 SSR (并行进程: 8)...
2026-01-06 20:31:49,306 - INFO - 生成完毕。耗时: 3.89 秒。
2026-01-06 20:31:49,307 - INFO - 
开始选择最优种子 (Optimized Greedy) ...
2026-01-06 20:31:50,089 - INFO -   - 券 1/30 选中节点 2000, 新增覆盖 18
2026-01-06 20:31:50,093 - INFO -   - 券 2/30 选中节点 92, 新增覆盖 18
2026-01-06 20:31:50,100 - INFO -   - 券 3/30 选中节点 1575, 新增覆盖 18
2026-01-06 20:31:50,109 - INFO -   - 券 4/30 选中节点 1929, 新增覆盖 17
2026-01-06 20:31:50,118 - INFO -   - 券 5/30 选中节点 1237, 新增覆盖 18
2026-01-06 20:31:50,127 - INFO -   - 券 6/30 选中节点 2162, 新增覆盖 17
2026-01-06 20:31:50,141 - INFO -   - 券 7/30 选中节点 3536, 新增覆盖 16
2026-01-06 20:31:50,157 - INFO -   - 券 8/30 选中节点 1642, 新增覆盖 21
2026-01-06 20:31:50,178 - INFO -   - 券 9/30 选中节点 3614, 新增覆盖 20
2026-01-06 20:31:50,199 - INFO -   - 券 10/30 选中节点 227, 新增覆盖 20
2026-01-06 20:31:50,221 - INFO -   - 券 11/30 选中节点 3993, 新增覆盖 18
2026-01-06 20:31:50,243 - INFO -   - 券 12/30 选中节点 4121, 新增覆盖 21
2026-01-06 20:31:50,267 - INFO -   - 券 13/30 选中节点 4062, 新增覆盖 18
2026-01-06 20:31:50,293 - INFO -   - 券 14/30 选中节点 1347, 新增覆盖 18
2026-01-06 20:31:50,323 - INFO -   - 券 15/30 选中节点 1993, 新增覆盖 17
2026-01-06 20:31:50,354 - INFO -   - 券 16/30 选中节点 918, 新增覆盖 20
2026-01-06 20:31:50,385 - INFO -   - 券 17/30 选中节点 1563, 新增覆盖 16
2026-01-06 20:31:50,417 - INFO -   - 券 18/30 选中节点 2049, 新增覆盖 20
2026-01-06 20:31:50,449 - INFO -   - 券 19/30 选中节点 2327, 新增覆盖 20
2026-01-06 20:31:50,483 - INFO -   - 券 20/30 选中节点 4067, 新增覆盖 16
2026-01-06 20:31:50,516 - INFO -   - 券 21/30 选中节点 1418, 新增覆盖 17
2026-01-06 20:31:50,551 - INFO -   - 券 22/30 选中节点 3502, 新增覆盖 16
2026-01-06 20:31:50,588 - INFO -   - 券 23/30 选中节点 2564, 新增覆盖 17
2026-01-06 20:31:50,625 - INFO -   - 券 24/30 选中节点 2665, 新增覆盖 18
2026-01-06 20:31:50,663 - INFO -   - 券 25/30 选中节点 375, 新增覆盖 18
2026-01-06 20:31:50,703 - INFO -   - 券 26/30 选中节点 1179, 新增覆盖 19
2026-01-06 20:31:50,745 - INFO -   - 券 27/30 选中节点 3547, 新增覆盖 18
2026-01-06 20:31:50,788 - INFO -   - 券 28/30 选中节点 2745, 新增覆盖 18
2026-01-06 20:31:50,832 - INFO -   - 券 29/30 选中节点 2871, 新增覆盖 20
2026-01-06 20:31:50,877 - INFO -   - 券 30/30 选中节点 926, 新增覆盖 17
2026-01-06 20:31:50,877 - INFO - 选种完毕。耗时: 1.57 秒。
2026-01-06 20:31:50,918 - INFO - 最终选择的种子集: [2000, 92, 1575, 1929, 1237, 2162, 3536, 1642, 3614, 227, 3993, 4121, 4062, 1347, 1993, 918, 1563, 2049, 2327, 4067, 1418, 3502, 2564, 2665, 375, 1179, 3547, 2745, 2871, 926]

2026-01-06 20:31:51,119 - INFO - 当前用时 5.82 秒
2026-01-06 20:31:51,119 - INFO - 将种子集 写入位置: /root/pythonspace/data-test/network.netDog/2026-1-7-3-[50,50,900]/seeds-with-network.netDog/random_ris_coverage_seedNum-30_SSRNum-100000.txt
2026-01-06 20:31:51,119 - INFO - 首次生成种子集 monterCarlo_CELF
2026-01-06 20:31:51,119 - INFO - 执行当前算法开始: monterCarlo_CELF
2026-01-06 20:31:51,119 - INFO - --- Running: CELF Greedy Monte Carlo (Sims=300) ---
2026-01-06 20:31:51,119 - INFO - Step 0: 初始化所有节点的边际增益...
2026-01-06 20:36:40,693 - INFO - Seed 1: 8, Spread: 0.42
2026-01-06 20:37:39,994 - INFO - Seed 2: 3258, Gain: 0.37, Total: 0.79
2026-01-06 20:39:12,874 - INFO - Seed 3: 225, Gain: 0.36, Total: 1.15
2026-01-06 20:41:07,241 - INFO - Seed 4: 2161, Gain: 0.34, Total: 1.49
2026-01-06 20:41:27,780 - INFO - Seed 5: 1311, Gain: 0.34, Total: 1.83
2026-01-06 20:43:32,426 - INFO - Seed 6: 544, Gain: 0.34, Total: 2.17
2026-01-06 20:44:25,239 - INFO - Seed 7: 3292, Gain: 0.37, Total: 2.54
2026-01-06 20:46:44,894 - INFO - Seed 8: 4297, Gain: 0.34, Total: 2.87
2026-01-06 20:49:07,509 - INFO - Seed 9: 744, Gain: 0.33, Total: 3.20
2026-01-06 20:51:03,227 - INFO - Seed 10: 4468, Gain: 0.34, Total: 3.54
2026-01-06 20:55:25,321 - INFO - Seed 11: 4491, Gain: 0.36, Total: 3.90
2026-01-06 20:56:53,983 - INFO - Seed 12: 3897, Gain: 0.33, Total: 4.23
2026-01-06 20:58:15,788 - INFO - Seed 13: 2340, Gain: 0.31, Total: 4.54
2026-01-06 20:58:46,201 - INFO - Seed 14: 3452, Gain: 0.32, Total: 4.87
2026-01-06 21:00:35,459 - INFO - Seed 15: 2367, Gain: 0.32, Total: 5.19
2026-01-06 21:01:20,474 - INFO - Seed 16: 3523, Gain: 0.32, Total: 5.50
2026-01-06 21:01:23,914 - INFO - Seed 17: 3579, Gain: 0.32, Total: 5.82
2026-01-06 21:01:48,915 - INFO - Seed 18: 4307, Gain: 0.31, Total: 6.13
2026-01-06 21:03:13,834 - INFO - Seed 19: 1663, Gain: 0.32, Total: 6.45
2026-01-06 21:03:27,968 - INFO - Seed 20: 2393, Gain: 0.40, Total: 6.85
2026-01-06 21:04:29,138 - INFO - Seed 21: 3944, Gain: 0.38, Total: 7.23
2026-01-06 21:04:39,748 - INFO - Seed 22: 4164, Gain: 0.32, Total: 7.55
2026-01-06 21:05:41,052 - INFO - Seed 23: 509, Gain: 0.34, Total: 7.90
2026-01-06 21:07:19,921 - INFO - Seed 24: 2490, Gain: 0.31, Total: 8.20
2026-01-06 21:09:23,644 - INFO - Seed 25: 167, Gain: 0.34, Total: 8.54
