2025-11-21 15:11:12,943 - INFO - 加载数据集: facebook
2025-11-21 15:11:13,013 - INFO - 首次生成度相关概率分布 分布类型: 'powerlaw'.
2025-11-21 15:11:13,013 - INFO - ===> Generating 'Power-law Degree-Aware' distributions...
2025-11-21 15:11:13,017 - INFO - 保存概率分布 文件位置: /home/wen/pythonspace/data-test/facebook/2025-11-21/distribution-in-facebook/distribution-powerlaw_seedNum-64.pkl
2025-11-21 15:11:13,183 - INFO - 首次生成种子集 random
2025-11-21 15:11:13,183 - INFO - 执行当前算法开始: random
2025-11-21 15:11:13,184 - INFO - 当前用时 0.00 秒
2025-11-21 15:11:13,184 - INFO - 将种子集 写入位置: /home/wen/pythonspace/data-test/facebook/2025-11-21/seeds-with-facebook/powerlaw_random_seedNum-64_SSRNum-150000.txt
2025-11-21 15:11:13,184 - INFO - 首次生成种子集 degreeTopM
2025-11-21 15:11:13,184 - INFO - 执行当前算法开始: degreeTopM
2025-11-21 15:11:13,214 - INFO - 当前用时 0.03 秒
2025-11-21 15:11:13,215 - INFO - 将种子集 写入位置: /home/wen/pythonspace/data-test/facebook/2025-11-21/seeds-with-facebook/powerlaw_degreeTopM_seedNum-64_SSRNum-150000.txt
2025-11-21 15:11:13,215 - INFO - 首次生成种子集 alpha_sort
2025-11-21 15:11:13,215 - INFO - 执行当前算法开始: alpha_sort
2025-11-21 15:11:13,221 - INFO - 

2025-11-21 15:11:13,221 - INFO - 当前用时 0.01 秒
2025-11-21 15:11:13,222 - INFO - 将种子集 写入位置: /home/wen/pythonspace/data-test/facebook/2025-11-21/seeds-with-facebook/powerlaw_alpha_sort_seedNum-64_SSRNum-150000.txt
2025-11-21 15:11:13,222 - INFO - 首次生成种子集 importance_sort
2025-11-21 15:11:13,222 - INFO - 执行当前算法开始: importance_sort
2025-11-21 15:11:15,718 - INFO - 

2025-11-21 15:11:15,718 - INFO - 当前用时 2.50 秒
2025-11-21 15:11:15,719 - INFO - 将种子集 写入位置: /home/wen/pythonspace/data-test/facebook/2025-11-21/seeds-with-facebook/powerlaw_importance_sort_seedNum-64_SSRNum-150000.txt
2025-11-21 15:11:15,719 - INFO - 首次生成种子集 ris_coverage
2025-11-21 15:11:15,719 - INFO - 执行当前算法开始: ris_coverage
2025-11-21 15:11:15,830 - INFO - 反向图构建完成，处理了 176468 条边。
2025-11-21 15:11:15,831 - INFO - 图初始化完成，包含 4039 个节点，选择 64 个种子。
2025-11-21 15:11:15,831 - INFO - 
采样次数: 150000, 开始生成 150000 组SSR，使用 2 个并行进程...
2025-11-21 15:14:19,598 - INFO - 150000 个SSR生成完毕。耗时: 183.77 秒。
2025-11-21 15:14:19,609 - INFO - 
开始选择最优的种子节点 ...
2025-11-21 15:15:00,010 - INFO - 种子节点选择完毕。耗时: 40.40 秒。

2025-11-21 15:15:02,073 - INFO - 当前用时 226.35 秒
2025-11-21 15:15:02,074 - INFO - 将种子集 写入位置: /home/wen/pythonspace/data-test/facebook/2025-11-21/seeds-with-facebook/powerlaw_ris_coverage_seedNum-64_SSRNum-150000.txt
2025-11-21 15:15:02,074 - INFO - 评估种子集: None
2025-11-21 15:15:02,074 - INFO - 评估函数开始
2025-11-21 15:15:02,074 - INFO - 当前模拟次数: [3]

2025-11-21 15:15:02,074 - INFO - 当前评估种子数: 64 ---
2025-11-21 15:15:02,075 - INFO -   Evaluating method: 'random' with 64 seeds.
2025-11-21 15:15:02,075 - INFO -     Running 3 simulations...
2025-11-21 15:15:02,075 - INFO - 		当前模拟轮次: 0
2025-11-21 15:15:02,081 - INFO - 		当前模拟轮次: 1
2025-11-21 15:15:02,085 - INFO - 		当前模拟轮次: 2
2025-11-21 15:15:02,089 - INFO -     Result: E[Users] = 31.0000, Var[Users] = 2.0000, Std_Dev = 1.4142
2025-11-21 15:15:02,096 - INFO -   Evaluating method: 'degreeTopM' with 64 seeds.
2025-11-21 15:15:02,096 - INFO -     Running 3 simulations...
2025-11-21 15:15:02,096 - INFO - 		当前模拟轮次: 0
2025-11-21 15:15:02,101 - INFO - 		当前模拟轮次: 1
2025-11-21 15:15:02,107 - INFO - 		当前模拟轮次: 2
2025-11-21 15:15:02,110 - INFO -     Result: E[Users] = 32.3333, Var[Users] = 2.8889, Std_Dev = 1.6997
2025-11-21 15:15:02,112 - INFO -   Evaluating method: 'alpha_sort' with 64 seeds.
2025-11-21 15:15:02,112 - INFO -     Running 3 simulations...
2025-11-21 15:15:02,112 - INFO - 		当前模拟轮次: 0
2025-11-21 15:15:02,116 - INFO - 		当前模拟轮次: 1
2025-11-21 15:15:02,120 - INFO - 		当前模拟轮次: 2
2025-11-21 15:15:02,123 - INFO -     Result: E[Users] = 29.6667, Var[Users] = 1.5556, Std_Dev = 1.2472
2025-11-21 15:15:02,125 - INFO -   Evaluating method: 'importance_sort' with 64 seeds.
2025-11-21 15:15:02,125 - INFO -     Running 3 simulations...
2025-11-21 15:15:02,125 - INFO - 		当前模拟轮次: 0
2025-11-21 15:15:02,129 - INFO - 		当前模拟轮次: 1
2025-11-21 15:15:02,132 - INFO - 		当前模拟轮次: 2
2025-11-21 15:15:02,135 - INFO -     Result: E[Users] = 29.0000, Var[Users] = 10.6667, Std_Dev = 3.2660
2025-11-21 15:15:02,136 - INFO -   Evaluating method: 'ris_coverage' with 64 seeds.
2025-11-21 15:15:02,137 - INFO -     Running 3 simulations...
2025-11-21 15:15:02,137 - INFO - 		当前模拟轮次: 0
2025-11-21 15:15:02,140 - INFO - 		当前模拟轮次: 1
2025-11-21 15:15:02,145 - INFO - 		当前模拟轮次: 2
2025-11-21 15:15:02,149 - INFO -     Result: E[Users] = 33.6667, Var[Users] = 3.5556, Std_Dev = 1.8856
2025-11-21 15:15:02,150 - INFO - 保存评估文件至: /home/wen/pythonspace/data-test/facebook/2025-11-21/E-activated-facebook/distribution-powerlaw/tsd_0.1-0.1-0.1/single_sim_func-AgainContinue/simuTimes-3_seedNum-64_monteCarloL-10_single_sim_func-AgainContinue_rrNumSamples-150000.csv
