2025-11-21 19:24:44,384 - INFO - 加载数据集: facebook
2025-11-21 19:24:44,388 - INFO - 复用概率分布 文件位置: /home/wen/pythonspace/data-test/facebook/2025-11-21/distribution-in-facebook/distribution-powerlaw_seedNum-20.pkl
2025-11-21 19:24:44,537 - INFO - 从当前位置 读取种子集 /home/wen/pythonspace/data-test/facebook/2025-11-21/seeds-with-facebook/powerlaw_random_seedNum-20_SSRNum-120000.txt
2025-11-21 19:24:44,537 - INFO - 从当前位置 读取种子集 /home/wen/pythonspace/data-test/facebook/2025-11-21/seeds-with-facebook/powerlaw_degreeTopM_seedNum-20_SSRNum-120000.txt
2025-11-21 19:24:44,538 - INFO - 从当前位置 读取种子集 /home/wen/pythonspace/data-test/facebook/2025-11-21/seeds-with-facebook/powerlaw_alpha_sort_seedNum-20_SSRNum-120000.txt
2025-11-21 19:24:44,538 - INFO - 从当前位置 读取种子集 /home/wen/pythonspace/data-test/facebook/2025-11-21/seeds-with-facebook/powerlaw_importance_sort_seedNum-20_SSRNum-120000.txt
2025-11-21 19:24:44,538 - INFO - 从当前位置 读取种子集 /home/wen/pythonspace/data-test/facebook/2025-11-21/seeds-with-facebook/powerlaw_ris_coverage_seedNum-20_SSRNum-120000.txt
2025-11-21 19:24:44,539 - INFO - 评估种子集: None
2025-11-21 19:24:44,539 - INFO - 评估函数开始
2025-11-21 19:24:44,539 - INFO - 当前模拟次数: [500]

2025-11-21 19:24:44,539 - INFO - 当前评估种子数: 20 ---
2025-11-21 19:24:44,539 - INFO -   Evaluating method: 'random' with 20 seeds.
2025-11-21 19:24:44,539 - INFO -     Running 500 simulations...
2025-11-21 19:24:44,947 - INFO -     Result: E[Users] = 9.9520, Var[Users] = 5.1017, Std_Dev = 2.2587
2025-11-21 19:24:44,950 - INFO -   Evaluating method: 'degreeTopM' with 20 seeds.
2025-11-21 19:24:44,950 - INFO -     Running 500 simulations...
2025-11-21 19:24:45,324 - INFO -     Result: E[Users] = 10.0400, Var[Users] = 4.8264, Std_Dev = 2.1969
2025-11-21 19:24:45,325 - INFO -   Evaluating method: 'alpha_sort' with 20 seeds.
2025-11-21 19:24:45,325 - INFO -     Running 500 simulations...
2025-11-21 19:24:45,694 - INFO -     Result: E[Users] = 10.6100, Var[Users] = 4.9979, Std_Dev = 2.2356
2025-11-21 19:24:45,697 - INFO -   Evaluating method: 'importance_sort' with 20 seeds.
2025-11-21 19:24:45,697 - INFO -     Running 500 simulations...
2025-11-21 19:24:46,099 - INFO -     Result: E[Users] = 10.5320, Var[Users] = 4.8530, Std_Dev = 2.2029
2025-11-21 19:24:46,101 - INFO -   Evaluating method: 'ris_coverage' with 20 seeds.
2025-11-21 19:24:46,101 - INFO -     Running 500 simulations...
2025-11-21 19:24:46,512 - INFO -     Result: E[Users] = 10.0760, Var[Users] = 4.7902, Std_Dev = 2.1887
2025-11-21 19:24:46,513 - INFO - 保存评估文件至: /home/wen/pythonspace/data-test/facebook/2025-11-21/E-activated-facebook/distribution-powerlaw/tsd_0.1-0.1-0.02/single_sim_func-AgainContinue/simuTimes-500_seedNum-20_monteCarloL-10_single_sim_func-AgainContinue_rrNumSamples-120000.csv
