2026-01-05 23:39:27,921 - INFO - 加载数据集: network.netDog
2026-01-05 23:39:27,921 - INFO - --- 矩阵分析 ---
2026-01-05 23:39:27,921 - INFO - 节点数 (N): 4502
2026-01-05 23:39:27,921 - INFO - 边数 (E): 29580
2026-01-05 23:39:27,922 - INFO - 密度 (Density): 0.00145944 (越小越稀疏)
2026-01-05 23:39:27,922 - INFO - 稀疏度 (Sparsity): 0.99854056 (越接近1越稀疏)
2026-01-05 23:39:27,922 - INFO - 平均度数 (Avg Degree): 6.57
2026-01-05 23:39:27,923 - INFO - 首次生成度相关概率分布 分布类型: 'random'.
2026-01-05 23:39:27,923 - INFO - ===> Generating 'Dirichlet' distributions with alpha=[500, 500, 500]...
2026-01-05 23:39:27,925 - INFO - 保存概率分布 文件位置: /root/pythonspace/data-test/network.netDog/2026-1-6-[500,500,500]/distribution-in-network.netDog/distribution-random_seedNum-30.pkl
2026-01-05 23:39:27,957 - INFO - 首次生成种子集 random
2026-01-05 23:39:27,957 - INFO - 执行当前算法开始: random
2026-01-05 23:39:27,957 - INFO - 数据集节点总数:  n = 4502, m = 30
2026-01-05 23:39:27,957 - INFO - 选择 30  [2974, 3078, 2071, 2586, 2516, 3381, 4327, 4151, 3629, 278, 2541, 3676, 1125, 1203, 3217, 2972, 3659, 3063, 3802, 752, 673, 4476, 2675, 2125, 3967, 2742, 2991, 3007, 1303, 2443]

2026-01-05 23:39:27,957 - INFO - 当前用时 0.00 秒
2026-01-05 23:39:27,958 - INFO - 将种子集 写入位置: /root/pythonspace/data-test/network.netDog/2026-1-6-[500,500,500]/seeds-with-network.netDog/random_random_seedNum-30_SSRNum-100000.txt
2026-01-05 23:39:27,958 - INFO - 首次生成种子集 degreeTopM
2026-01-05 23:39:27,958 - INFO - 执行当前算法开始: degreeTopM
2026-01-05 23:39:27,958 - INFO - 依据: 选择连接数（度数）最多的节点。
2026-01-05 23:39:27,959 - INFO - 选择的 Top M 节点及其度数:
2026-01-05 23:39:27,959 - INFO - 
2026-01-05 23:39:27,959 - INFO - 当前用时 0.00 秒
2026-01-05 23:39:27,959 - INFO - 将种子集 写入位置: /root/pythonspace/data-test/network.netDog/2026-1-6-[500,500,500]/seeds-with-network.netDog/random_degreeTopM_seedNum-30_SSRNum-100000.txt
2026-01-05 23:39:27,959 - INFO - 首次生成种子集 pageRank
2026-01-05 23:39:27,959 - INFO - 执行当前算法开始: pageRank
2026-01-05 23:39:27,959 - INFO - --- Running: PageRank (on tranProMatrix) Top M ---
2026-01-05 23:39:28,572 - INFO - Selected PageRank seeds: [79, 135, 83, 16, 45, 133, 243, 36, 33, 12, 2, 125, 4, 167, 38, 77, 19, 17, 128, 129, 62, 329, 13, 35, 294, 14, 414, 318, 162, 26]
2026-01-05 23:39:28,579 - INFO - 当前用时 0.62 秒
2026-01-05 23:39:28,579 - INFO - 将种子集 写入位置: /root/pythonspace/data-test/network.netDog/2026-1-6-[500,500,500]/seeds-with-network.netDog/random_pageRank_seedNum-30_SSRNum-100000.txt
2026-01-05 23:39:28,579 - INFO - 首次生成种子集 alpha_sort
2026-01-05 23:39:28,580 - INFO - 执行当前算法开始: alpha_sort
2026-01-05 23:39:28,583 - INFO - 4502 个节点的alpha值降序排序 done
2026-01-05 23:39:28,583 - INFO - ==============>> [(2708, 0.3749713), (4382, 0.3730534), (4146, 0.3728348), (3409, 0.372285), (399, 0.3704822), (1119, 0.3703414), (2672, 0.3699917), (2481, 0.3694342), (3798, 0.3685709), (3320, 0.3681384)]
2026-01-05 23:39:28,583 - INFO - 
选择的种子集 (按alpha排序): [2708, 4382, 4146, 3409, 399, 1119, 2672, 2481, 3798, 3320, 1934, 101, 2143, 3146, 774, 419, 4462, 3588, 943, 974, 2320, 2253, 2156, 539, 244, 1935, 864, 4255, 2427, 183]

2026-01-05 23:39:28,584 - INFO - 当前用时 0.00 秒
2026-01-05 23:39:28,584 - INFO - 将种子集 写入位置: /root/pythonspace/data-test/network.netDog/2026-1-6-[500,500,500]/seeds-with-network.netDog/random_alpha_sort_seedNum-30_SSRNum-100000.txt
2026-01-05 23:39:28,584 - INFO - 首次生成种子集 importance_sort
2026-01-05 23:39:28,584 - INFO - 执行当前算法开始: importance_sort
2026-01-05 23:39:30,120 - INFO - 4502 个节点的Importance值降序排序 done
2026-01-05 23:39:30,120 - INFO - 
选择的种子集 (按Importance排序): [104, 291, 2708, 4382, 4146, 3409, 399, 1119, 2672, 2481, 3798, 3320, 1934, 101, 2143, 3146, 774, 419, 4462, 3588, 943, 974, 2320, 2253, 2156, 539, 244, 1935, 864, 4255]

2026-01-05 23:39:30,121 - INFO - 当前用时 1.54 秒
2026-01-05 23:39:30,121 - INFO - 将种子集 写入位置: /root/pythonspace/data-test/network.netDog/2026-1-6-[500,500,500]/seeds-with-network.netDog/random_importance_sort_seedNum-30_SSRNum-100000.txt
2026-01-05 23:39:30,121 - INFO - 首次生成种子集 ris_coverage
2026-01-05 23:39:30,121 - INFO - 执行当前算法开始: ris_coverage
2026-01-05 23:39:30,493 - INFO - 图初始化完成，节点数: 4502，CSR 矩阵准备就绪。
2026-01-05 23:39:30,494 - INFO - 
开始生成 100000 组 SSR (并行进程: 8)...
2026-01-05 23:39:42,752 - INFO - 生成完毕。耗时: 12.26 秒。
2026-01-05 23:39:42,753 - INFO - 
开始选择最优种子 (Optimized Greedy) ...
2026-01-05 23:39:51,529 - INFO -   - 券 1/30 选中节点 4413, 新增覆盖 73
2026-01-05 23:39:51,550 - INFO -   - 券 2/30 选中节点 2822, 新增覆盖 83
2026-01-05 23:39:51,572 - INFO -   - 券 3/30 选中节点 2741, 新增覆盖 74
2026-01-05 23:39:51,596 - INFO -   - 券 4/30 选中节点 1212, 新增覆盖 78
2026-01-05 23:39:51,621 - INFO -   - 券 5/30 选中节点 4247, 新增覆盖 77
2026-01-05 23:39:51,649 - INFO -   - 券 6/30 选中节点 172, 新增覆盖 74
2026-01-05 23:39:51,679 - INFO -   - 券 7/30 选中节点 1199, 新增覆盖 78
2026-01-05 23:39:51,720 - INFO -   - 券 8/30 选中节点 923, 新增覆盖 77
2026-01-05 23:39:51,768 - INFO -   - 券 9/30 选中节点 1636, 新增覆盖 71
2026-01-05 23:39:51,821 - INFO -   - 券 10/30 选中节点 1694, 新增覆盖 81
2026-01-05 23:39:51,878 - INFO -   - 券 11/30 选中节点 1632, 新增覆盖 76
2026-01-05 23:39:51,933 - INFO -   - 券 12/30 选中节点 439, 新增覆盖 73
2026-01-05 23:39:51,991 - INFO -   - 券 13/30 选中节点 4150, 新增覆盖 73
2026-01-05 23:39:52,050 - INFO -   - 券 14/30 选中节点 3334, 新增覆盖 78
2026-01-05 23:39:52,115 - INFO -   - 券 15/30 选中节点 3471, 新增覆盖 72
2026-01-05 23:39:52,186 - INFO -   - 券 16/30 选中节点 4344, 新增覆盖 75
2026-01-05 23:39:52,255 - INFO -   - 券 17/30 选中节点 3516, 新增覆盖 70
2026-01-05 23:39:52,329 - INFO -   - 券 18/30 选中节点 4023, 新增覆盖 71
2026-01-05 23:39:52,411 - INFO -   - 券 19/30 选中节点 3499, 新增覆盖 75
2026-01-05 23:39:52,506 - INFO -   - 券 20/30 选中节点 1722, 新增覆盖 69
2026-01-05 23:39:52,603 - INFO -   - 券 21/30 选中节点 1741, 新增覆盖 72
2026-01-05 23:39:52,707 - INFO -   - 券 22/30 选中节点 3725, 新增覆盖 70
2026-01-05 23:39:52,810 - INFO -   - 券 23/30 选中节点 1119, 新增覆盖 73
2026-01-05 23:39:52,913 - INFO -   - 券 24/30 选中节点 926, 新增覆盖 71
2026-01-05 23:39:53,022 - INFO -   - 券 25/30 选中节点 2789, 新增覆盖 71
2026-01-05 23:39:53,131 - INFO -   - 券 26/30 选中节点 2983, 新增覆盖 68
2026-01-05 23:39:53,256 - INFO -   - 券 27/30 选中节点 2906, 新增覆盖 71
2026-01-05 23:39:53,382 - INFO -   - 券 28/30 选中节点 4408, 新增覆盖 70
2026-01-05 23:39:53,522 - INFO -   - 券 29/30 选中节点 2400, 新增覆盖 72
2026-01-05 23:39:53,672 - INFO -   - 券 30/30 选中节点 444, 新增覆盖 76
2026-01-05 23:39:53,672 - INFO - 选种完毕。耗时: 10.92 秒。
2026-01-05 23:39:53,863 - INFO - 最终选择的种子集: [4413, 2822, 2741, 1212, 4247, 172, 1199, 923, 1636, 1694, 1632, 439, 4150, 3334, 3471, 4344, 3516, 4023, 3499, 1722, 1741, 3725, 1119, 926, 2789, 2983, 2906, 4408, 2400, 444]

2026-01-05 23:39:54,359 - INFO - 当前用时 24.24 秒
2026-01-05 23:39:54,360 - INFO - 将种子集 写入位置: /root/pythonspace/data-test/network.netDog/2026-1-6-[500,500,500]/seeds-with-network.netDog/random_ris_coverage_seedNum-30_SSRNum-100000.txt
2026-01-05 23:39:54,360 - INFO - 评估种子集: None
2026-01-05 23:39:54,360 - INFO - 多进程评估开始，共有 6 个方法待评估...
2026-01-05 23:39:54,360 - INFO - 启动进程池，Worker数量: 6
2026-01-05 23:39:54,981 - INFO - [Process 12359] 开始评估方法: random, 种子数: 30
2026-01-05 23:39:55,361 - INFO - [Process 12360] 开始评估方法: degreeTopM, 种子数: 30
2026-01-05 23:39:55,803 - INFO - [Process 12361] 开始评估方法: pageRank, 种子数: 30
2026-01-05 23:39:56,230 - INFO - [Process 12362] 开始评估方法: alpha_sort, 种子数: 30
2026-01-05 23:39:56,360 - INFO - [Process 12359] random - 1000 sims 完成: E=14.93
2026-01-05 23:39:56,679 - INFO - [Process 12363] 开始评估方法: importance_sort, 种子数: 30
2026-01-05 23:39:56,845 - INFO - [Process 12360] degreeTopM - 1000 sims 完成: E=14.69
2026-01-05 23:39:57,054 - INFO - [Process 12364] 开始评估方法: ris_coverage, 种子数: 30
2026-01-05 23:39:57,182 - INFO - [Process 12361] pageRank - 1000 sims 完成: E=14.66
2026-01-05 23:39:57,490 - INFO - [Process 12362] alpha_sort - 1000 sims 完成: E=15.63
2026-01-05 23:39:57,952 - INFO - [Process 12363] importance_sort - 1000 sims 完成: E=15.61
2026-01-05 23:39:58,449 - INFO - [Process 12364] ris_coverage - 1000 sims 完成: E=14.90
2026-01-05 23:39:58,469 - INFO - 所有进程执行完毕，开始写入数据...
2026-01-05 23:39:58,474 - INFO - 成功写入 6 条记录至 /root/pythonspace/data-test/network.netDog/2026-1-6-[500,500,500]/E-activated-network.netDog/distribution-random/simuTimes-1000_random-dirichlet-[500, 500, 500]_rrNumSamples-100000.csv
2026-01-05 23:39:58,474 - INFO - 保存评估文件至: /root/pythonspace/data-test/network.netDog/2026-1-6-[500,500,500]/E-activated-network.netDog/distribution-random/simuTimes-1000_random-dirichlet-[500, 500, 500]_rrNumSamples-100000.csv
2026-01-05 23:39:58,478 - INFO - 加载数据集: network.netDog
2026-01-05 23:39:58,479 - INFO - --- 矩阵分析 ---
2026-01-05 23:39:58,479 - INFO - 节点数 (N): 4502
2026-01-05 23:39:58,479 - INFO - 边数 (E): 29580
2026-01-05 23:39:58,479 - INFO - 密度 (Density): 0.00145944 (越小越稀疏)
2026-01-05 23:39:58,479 - INFO - 稀疏度 (Sparsity): 0.99854056 (越接近1越稀疏)
2026-01-05 23:39:58,479 - INFO - 平均度数 (Avg Degree): 6.57
2026-01-05 23:39:58,480 - INFO - 首次生成度相关概率分布 分布类型: 'random'.
2026-01-05 23:39:58,480 - INFO - ===> Generating 'Dirichlet' distributions with alpha=[500, 500, 500]...
2026-01-05 23:39:58,481 - INFO - 保存概率分布 文件位置: /root/pythonspace/data-test/network.netDog/2026-1-6-[500,500,500]/distribution-in-network.netDog/distribution-random_seedNum-60.pkl
2026-01-05 23:39:58,513 - INFO - 首次生成种子集 random
2026-01-05 23:39:58,514 - INFO - 执行当前算法开始: random
2026-01-05 23:39:58,514 - INFO - 数据集节点总数:  n = 4502, m = 60
2026-01-05 23:39:58,514 - INFO - 选择 60  [148, 2199, 2867, 2012, 3922, 530, 3609, 4443, 3614, 4026, 1218, 959, 2727, 3529, 248, 2177, 4354, 2993, 2729, 3627, 372, 1855, 150, 663, 4472, 3535, 1604, 4097, 2481, 962, 734, 2138, 451, 2122, 2568, 792, 154, 3354, 2195, 3629, 4123, 1473, 1309, 2414, 18, 3659, 1666, 2785, 1937, 3397, 2788, 1565, 2495, 279, 288, 3230, 1810, 902, 3193, 3981]

2026-01-05 23:39:58,514 - INFO - 当前用时 0.00 秒
2026-01-05 23:39:58,514 - INFO - 将种子集 写入位置: /root/pythonspace/data-test/network.netDog/2026-1-6-[500,500,500]/seeds-with-network.netDog/random_random_seedNum-60_SSRNum-100000.txt
2026-01-05 23:39:58,514 - INFO - 首次生成种子集 degreeTopM
2026-01-05 23:39:58,514 - INFO - 执行当前算法开始: degreeTopM
2026-01-05 23:39:58,514 - INFO - 依据: 选择连接数（度数）最多的节点。
2026-01-05 23:39:58,515 - INFO - 选择的 Top M 节点及其度数:
2026-01-05 23:39:58,515 - INFO - 
2026-01-05 23:39:58,515 - INFO - 当前用时 0.00 秒
2026-01-05 23:39:58,515 - INFO - 将种子集 写入位置: /root/pythonspace/data-test/network.netDog/2026-1-6-[500,500,500]/seeds-with-network.netDog/random_degreeTopM_seedNum-60_SSRNum-100000.txt
2026-01-05 23:39:58,516 - INFO - 首次生成种子集 pageRank
2026-01-05 23:39:58,516 - INFO - 执行当前算法开始: pageRank
2026-01-05 23:39:58,516 - INFO - --- Running: PageRank (on tranProMatrix) Top M ---
2026-01-05 23:39:59,055 - INFO - Selected PageRank seeds: [79, 135, 83, 16, 45, 133, 243, 36, 33, 12, 2, 125, 4, 167, 38, 77, 19, 17, 128, 129, 62, 329, 13, 35, 294, 14, 414, 318, 162, 26, 37, 15, 93, 46, 192, 61, 164, 279, 359, 120, 693, 123, 934, 52, 755, 254, 221, 127, 107, 208, 91, 183, 264, 152, 291, 223, 141, 316, 435, 324]
2026-01-05 23:39:59,060 - INFO - 当前用时 0.54 秒
2026-01-05 23:39:59,061 - INFO - 将种子集 写入位置: /root/pythonspace/data-test/network.netDog/2026-1-6-[500,500,500]/seeds-with-network.netDog/random_pageRank_seedNum-60_SSRNum-100000.txt
2026-01-05 23:39:59,061 - INFO - 首次生成种子集 alpha_sort
2026-01-05 23:39:59,061 - INFO - 执行当前算法开始: alpha_sort
2026-01-05 23:39:59,065 - INFO - 4502 个节点的alpha值降序排序 done
2026-01-05 23:39:59,065 - INFO - ==============>> [(4072, 0.3767153), (1576, 0.3724215), (1314, 0.372266), (3210, 0.3720151), (2814, 0.3719917), (2377, 0.3710438), (802, 0.3698071), (12, 0.3696022), (1822, 0.368879), (3914, 0.3688038)]
2026-01-05 23:39:59,065 - INFO - 
选择的种子集 (按alpha排序): [4072, 1576, 1314, 3210, 2814, 2377, 802, 12, 1822, 3914, 2471, 2047, 1067, 4201, 2153, 3942, 1600, 1315, 2882, 4009, 2655, 2976, 1689, 536, 2594, 584, 1364, 4070, 464, 2932, 2182, 4373, 1165, 2411, 653, 475, 3662, 708, 52, 151, 2147, 2539, 1951, 3923, 3638, 4065, 3157, 4001, 4168, 4457, 3454, 1585, 3144, 3438, 2175, 3408, 3017, 1035, 2, 2271]

2026-01-05 23:39:59,065 - INFO - 当前用时 0.00 秒
2026-01-05 23:39:59,065 - INFO - 将种子集 写入位置: /root/pythonspace/data-test/network.netDog/2026-1-6-[500,500,500]/seeds-with-network.netDog/random_alpha_sort_seedNum-60_SSRNum-100000.txt
2026-01-05 23:39:59,066 - INFO - 首次生成种子集 importance_sort
2026-01-05 23:39:59,066 - INFO - 执行当前算法开始: importance_sort
2026-01-05 23:40:00,644 - INFO - 4502 个节点的Importance值降序排序 done
2026-01-05 23:40:00,645 - INFO - 
选择的种子集 (按Importance排序): [104, 291, 4072, 1576, 1314, 3210, 2814, 2377, 802, 12, 1822, 3914, 2471, 2047, 1067, 4201, 2153, 3942, 1600, 1315, 2882, 4009, 2655, 2976, 1689, 536, 2594, 584, 1364, 4070, 464, 2932, 2182, 4373, 1165, 2411, 653, 475, 3662, 708, 52, 151, 2147, 2539, 1951, 3923, 3638, 4065, 3157, 4001, 4168, 4457, 3454, 1585, 3144, 3438, 2175, 3408, 3017, 1035]

2026-01-05 23:40:00,645 - INFO - 当前用时 1.58 秒
2026-01-05 23:40:00,645 - INFO - 将种子集 写入位置: /root/pythonspace/data-test/network.netDog/2026-1-6-[500,500,500]/seeds-with-network.netDog/random_importance_sort_seedNum-60_SSRNum-100000.txt
2026-01-05 23:40:00,646 - INFO - 首次生成种子集 ris_coverage
2026-01-05 23:40:00,646 - INFO - 执行当前算法开始: ris_coverage
2026-01-05 23:40:01,030 - INFO - 图初始化完成，节点数: 4502，CSR 矩阵准备就绪。
2026-01-05 23:40:01,031 - INFO - 
开始生成 100000 组 SSR (并行进程: 8)...
2026-01-05 23:40:27,057 - INFO - 生成完毕。耗时: 26.03 秒。
2026-01-05 23:40:27,058 - INFO - 
开始选择最优种子 (Optimized Greedy) ...
2026-01-05 23:40:48,762 - INFO -   - 券 1/60 选中节点 1050, 新增覆盖 82
2026-01-05 23:40:48,782 - INFO -   - 券 2/60 选中节点 2086, 新增覆盖 78
2026-01-05 23:40:48,803 - INFO -   - 券 3/60 选中节点 3880, 新增覆盖 72
2026-01-05 23:40:48,827 - INFO -   - 券 4/60 选中节点 1004, 新增覆盖 79
2026-01-05 23:40:48,856 - INFO -   - 券 5/60 选中节点 2463, 新增覆盖 78
2026-01-05 23:40:48,884 - INFO -   - 券 6/60 选中节点 4352, 新增覆盖 75
2026-01-05 23:40:48,914 - INFO -   - 券 7/60 选中节点 2633, 新增覆盖 79
2026-01-05 23:40:48,947 - INFO -   - 券 8/60 选中节点 4269, 新增覆盖 70
2026-01-05 23:40:48,982 - INFO -   - 券 9/60 选中节点 3547, 新增覆盖 72
2026-01-05 23:40:49,019 - INFO -   - 券 10/60 选中节点 905, 新增覆盖 75
2026-01-05 23:40:49,057 - INFO -   - 券 11/60 选中节点 4498, 新增覆盖 75
2026-01-05 23:40:49,097 - INFO -   - 券 12/60 选中节点 2880, 新增覆盖 74
2026-01-05 23:40:49,143 - INFO -   - 券 13/60 选中节点 3723, 新增覆盖 72
2026-01-05 23:40:49,193 - INFO -   - 券 14/60 选中节点 2766, 新增覆盖 75
2026-01-05 23:40:49,240 - INFO -   - 券 15/60 选中节点 4222, 新增覆盖 71
2026-01-05 23:40:49,288 - INFO -   - 券 16/60 选中节点 2909, 新增覆盖 70
2026-01-05 23:40:49,341 - INFO -   - 券 17/60 选中节点 3598, 新增覆盖 69
2026-01-05 23:40:49,391 - INFO -   - 券 18/60 选中节点 375, 新增覆盖 70
2026-01-05 23:40:49,433 - INFO -   - 券 19/60 选中节点 2050, 新增覆盖 76
2026-01-05 23:40:49,479 - INFO -   - 券 20/60 选中节点 1295, 新增覆盖 72
2026-01-05 23:40:49,532 - INFO -   - 券 21/60 选中节点 3985, 新增覆盖 73
2026-01-05 23:40:49,605 - INFO -   - 券 22/60 选中节点 3858, 新增覆盖 73
2026-01-05 23:40:49,671 - INFO -   - 券 23/60 选中节点 4465, 新增覆盖 70
2026-01-05 23:40:49,745 - INFO -   - 券 24/60 选中节点 3704, 新增覆盖 75
2026-01-05 23:40:49,817 - INFO -   - 券 25/60 选中节点 2357, 新增覆盖 73
2026-01-05 23:40:49,897 - INFO -   - 券 26/60 选中节点 1229, 新增覆盖 73
2026-01-05 23:40:49,982 - INFO -   - 券 27/60 选中节点 3826, 新增覆盖 69
2026-01-05 23:40:50,068 - INFO -   - 券 28/60 选中节点 2147, 新增覆盖 71
2026-01-05 23:40:50,152 - INFO -   - 券 29/60 选中节点 4030, 新增覆盖 66
2026-01-05 23:40:50,236 - INFO -   - 券 30/60 选中节点 3042, 新增覆盖 67
2026-01-05 23:40:50,344 - INFO -   - 券 31/60 选中节点 3435, 新增覆盖 67
2026-01-05 23:40:50,465 - INFO -   - 券 32/60 选中节点 4432, 新增覆盖 70
2026-01-05 23:40:50,586 - INFO -   - 券 33/60 选中节点 252, 新增覆盖 71
2026-01-05 23:40:50,709 - INFO -   - 券 34/60 选中节点 4184, 新增覆盖 70
2026-01-05 23:40:50,826 - INFO -   - 券 35/60 选中节点 1691, 新增覆盖 64
2026-01-05 23:40:50,952 - INFO -   - 券 36/60 选中节点 4039, 新增覆盖 65
2026-01-05 23:40:51,063 - INFO -   - 券 37/60 选中节点 511, 新增覆盖 71
2026-01-05 23:40:51,180 - INFO -   - 券 38/60 选中节点 1218, 新增覆盖 63
2026-01-05 23:40:51,299 - INFO -   - 券 39/60 选中节点 854, 新增覆盖 65
2026-01-05 23:40:51,414 - INFO -   - 券 40/60 选中节点 3103, 新增覆盖 67
2026-01-05 23:40:51,537 - INFO -   - 券 41/60 选中节点 794, 新增覆盖 63
2026-01-05 23:40:51,650 - INFO -   - 券 42/60 选中节点 2586, 新增覆盖 71
2026-01-05 23:40:51,800 - INFO -   - 券 43/60 选中节点 3639, 新增覆盖 65
2026-01-05 23:40:51,951 - INFO -   - 券 44/60 选中节点 805, 新增覆盖 65
2026-01-05 23:40:52,107 - INFO -   - 券 45/60 选中节点 1444, 新增覆盖 66
2026-01-05 23:40:52,264 - INFO -   - 券 46/60 选中节点 1075, 新增覆盖 62
2026-01-05 23:40:52,412 - INFO -   - 券 47/60 选中节点 1457, 新增覆盖 65
2026-01-05 23:40:52,548 - INFO -   - 券 48/60 选中节点 705, 新增覆盖 71
2026-01-05 23:40:52,713 - INFO -   - 券 49/60 选中节点 3161, 新增覆盖 67
2026-01-05 23:40:52,889 - INFO -   - 券 50/60 选中节点 3059, 新增覆盖 63
2026-01-05 23:40:53,062 - INFO -   - 券 51/60 选中节点 3175, 新增覆盖 68
2026-01-05 23:40:53,271 - INFO -   - 券 52/60 选中节点 1333, 新增覆盖 68
2026-01-05 23:40:53,462 - INFO -   - 券 53/60 选中节点 2558, 新增覆盖 65
2026-01-05 23:40:53,633 - INFO -   - 券 54/60 选中节点 1041, 新增覆盖 64
2026-01-05 23:40:53,804 - INFO -   - 券 55/60 选中节点 2844, 新增覆盖 63
2026-01-05 23:40:53,991 - INFO -   - 券 56/60 选中节点 2743, 新增覆盖 58
2026-01-05 23:40:54,173 - INFO -   - 券 57/60 选中节点 549, 新增覆盖 63
2026-01-05 23:40:54,380 - INFO -   - 券 58/60 选中节点 1908, 新增覆盖 64
2026-01-05 23:40:54,558 - INFO -   - 券 59/60 选中节点 2805, 新增覆盖 62
2026-01-05 23:40:54,755 - INFO -   - 券 60/60 选中节点 109, 新增覆盖 64
2026-01-05 23:40:54,755 - INFO - 选种完毕。耗时: 27.70 秒。
2026-01-05 23:40:55,139 - INFO - 最终选择的种子集: [1050, 2086, 3880, 1004, 2463, 4352, 2633, 4269, 3547, 905, 4498, 2880, 3723, 2766, 4222, 2909, 3598, 375, 2050, 1295, 3985, 3858, 4465, 3704, 2357, 1229, 3826, 2147, 4030, 3042, 3435, 4432, 252, 4184, 1691, 4039, 511, 1218, 854, 3103, 794, 2586, 3639, 805, 1444, 1075, 1457, 705, 3161, 3059, 3175, 1333, 2558, 1041, 2844, 2743, 549, 1908, 2805, 109]

2026-01-05 23:40:56,010 - INFO - 当前用时 55.36 秒
2026-01-05 23:40:56,010 - INFO - 将种子集 写入位置: /root/pythonspace/data-test/network.netDog/2026-1-6-[500,500,500]/seeds-with-network.netDog/random_ris_coverage_seedNum-60_SSRNum-100000.txt
2026-01-05 23:40:56,011 - INFO - 评估种子集: None
2026-01-05 23:40:56,011 - INFO - 多进程评估开始，共有 6 个方法待评估...
2026-01-05 23:40:56,011 - INFO - 启动进程池，Worker数量: 6
2026-01-05 23:40:56,732 - INFO - [Process 12579] 开始评估方法: random, 种子数: 60
2026-01-05 23:40:57,134 - INFO - [Process 12580] 开始评估方法: degreeTopM, 种子数: 60
2026-01-05 23:40:57,586 - INFO - [Process 12581] 开始评估方法: pageRank, 种子数: 60
2026-01-05 23:40:58,001 - INFO - [Process 12582] 开始评估方法: alpha_sort, 种子数: 60
2026-01-05 23:40:58,433 - INFO - [Process 12583] 开始评估方法: importance_sort, 种子数: 60
2026-01-05 23:40:58,824 - INFO - [Process 12584] 开始评估方法: ris_coverage, 种子数: 60
2026-01-05 23:40:59,635 - INFO - [Process 12579] random - 1000 sims 完成: E=29.89
2026-01-05 23:41:00,111 - INFO - [Process 12580] degreeTopM - 1000 sims 完成: E=29.32
2026-01-05 23:41:00,657 - INFO - [Process 12582] alpha_sort - 1000 sims 完成: E=31.14
2026-01-05 23:41:00,685 - INFO - [Process 12581] pageRank - 1000 sims 完成: E=29.41
2026-01-05 23:41:01,187 - INFO - [Process 12583] importance_sort - 1000 sims 完成: E=31.11
2026-01-05 23:41:02,015 - INFO - [Process 12584] ris_coverage - 1000 sims 完成: E=30.03
2026-01-05 23:41:02,050 - INFO - 所有进程执行完毕，开始写入数据...
2026-01-05 23:41:02,054 - INFO - 成功写入 6 条记录至 /root/pythonspace/data-test/network.netDog/2026-1-6-[500,500,500]/E-activated-network.netDog/distribution-random/simuTimes-1000_random-dirichlet-[500, 500, 500]_rrNumSamples-100000.csv
2026-01-05 23:41:02,054 - INFO - 保存评估文件至: /root/pythonspace/data-test/network.netDog/2026-1-6-[500,500,500]/E-activated-network.netDog/distribution-random/simuTimes-1000_random-dirichlet-[500, 500, 500]_rrNumSamples-100000.csv
2026-01-05 23:41:02,061 - INFO - 加载数据集: network.netDog
2026-01-05 23:41:02,062 - INFO - --- 矩阵分析 ---
2026-01-05 23:41:02,062 - INFO - 节点数 (N): 4502
2026-01-05 23:41:02,062 - INFO - 边数 (E): 29580
2026-01-05 23:41:02,062 - INFO - 密度 (Density): 0.00145944 (越小越稀疏)
2026-01-05 23:41:02,062 - INFO - 稀疏度 (Sparsity): 0.99854056 (越接近1越稀疏)
2026-01-05 23:41:02,062 - INFO - 平均度数 (Avg Degree): 6.57
2026-01-05 23:41:02,063 - INFO - 首次生成度相关概率分布 分布类型: 'random'.
2026-01-05 23:41:02,063 - INFO - ===> Generating 'Dirichlet' distributions with alpha=[500, 500, 500]...
2026-01-05 23:41:02,065 - INFO - 保存概率分布 文件位置: /root/pythonspace/data-test/network.netDog/2026-1-6-[500,500,500]/distribution-in-network.netDog/distribution-random_seedNum-90.pkl
2026-01-05 23:41:02,099 - INFO - 首次生成种子集 random
2026-01-05 23:41:02,099 - INFO - 执行当前算法开始: random
2026-01-05 23:41:02,100 - INFO - 数据集节点总数:  n = 4502, m = 90
2026-01-05 23:41:02,100 - INFO - 选择 90  [2851, 4284, 3463, 1143, 1098, 2483, 4199, 2385, 1493, 3424, 3300, 3701, 1034, 156, 3377, 1605, 2566, 3724, 627, 1484, 815, 2595, 2672, 88, 3667, 4312, 504, 3583, 2154, 263, 2581, 1841, 3154, 4391, 87, 1896, 1504, 3237, 3902, 3971, 4061, 2091, 4056, 328, 454, 1538, 459, 3254, 3809, 966, 944, 1792, 2825, 2020, 926, 1804, 562, 2313, 1242, 1246, 995, 98, 404, 3797, 1937, 1200, 2556, 160, 790, 684, 1790, 2543, 287, 253, 1839, 1682, 412, 927, 3425, 4456, 1506, 1023, 538, 1832, 4313, 4204, 2307, 3512, 3116, 1851]

2026-01-05 23:41:02,100 - INFO - 当前用时 0.00 秒
2026-01-05 23:41:02,100 - INFO - 将种子集 写入位置: /root/pythonspace/data-test/network.netDog/2026-1-6-[500,500,500]/seeds-with-network.netDog/random_random_seedNum-90_SSRNum-100000.txt
2026-01-05 23:41:02,101 - INFO - 首次生成种子集 degreeTopM
2026-01-05 23:41:02,101 - INFO - 执行当前算法开始: degreeTopM
2026-01-05 23:41:02,101 - INFO - 依据: 选择连接数（度数）最多的节点。
2026-01-05 23:41:02,101 - INFO - 选择的 Top M 节点及其度数:
2026-01-05 23:41:02,102 - INFO - 
2026-01-05 23:41:02,102 - INFO - 当前用时 0.00 秒
2026-01-05 23:41:02,102 - INFO - 将种子集 写入位置: /root/pythonspace/data-test/network.netDog/2026-1-6-[500,500,500]/seeds-with-network.netDog/random_degreeTopM_seedNum-90_SSRNum-100000.txt
2026-01-05 23:41:02,102 - INFO - 首次生成种子集 pageRank
2026-01-05 23:41:02,102 - INFO - 执行当前算法开始: pageRank
2026-01-05 23:41:02,102 - INFO - --- Running: PageRank (on tranProMatrix) Top M ---
2026-01-05 23:41:02,631 - INFO - Selected PageRank seeds: [79, 135, 83, 16, 45, 133, 243, 36, 33, 12, 2, 125, 4, 167, 38, 77, 19, 17, 128, 129, 62, 329, 13, 35, 294, 14, 414, 318, 162, 26, 37, 15, 93, 46, 192, 61, 164, 279, 359, 120, 693, 123, 934, 52, 755, 254, 221, 127, 107, 208, 91, 183, 264, 152, 291, 223, 141, 316, 435, 324, 98, 44, 632, 8, 207, 681, 1157, 405, 104, 142, 150, 263, 916, 169, 583, 237, 261, 228, 1080, 526, 440, 165, 274, 22, 832, 811, 224, 292, 273, 564]
2026-01-05 23:41:02,636 - INFO - 当前用时 0.53 秒
2026-01-05 23:41:02,637 - INFO - 将种子集 写入位置: /root/pythonspace/data-test/network.netDog/2026-1-6-[500,500,500]/seeds-with-network.netDog/random_pageRank_seedNum-90_SSRNum-100000.txt
2026-01-05 23:41:02,637 - INFO - 首次生成种子集 alpha_sort
2026-01-05 23:41:02,637 - INFO - 执行当前算法开始: alpha_sort
2026-01-05 23:41:02,641 - INFO - 4502 个节点的alpha值降序排序 done
2026-01-05 23:41:02,641 - INFO - ==============>> [(3986, 0.3770902), (1597, 0.3734914), (914, 0.3723467), (2597, 0.3706723), (2232, 0.3701761), (706, 0.3699256), (2516, 0.3698761), (316, 0.3697116), (830, 0.3688208), (174, 0.368349)]
2026-01-05 23:41:02,641 - INFO - 
选择的种子集 (按alpha排序): [3986, 1597, 914, 2597, 2232, 706, 2516, 316, 830, 174, 3053, 708, 2912, 3850, 3518, 2321, 3635, 2754, 4065, 3136, 518, 674, 2717, 1027, 3204, 638, 898, 3866, 471, 1663, 2976, 1034, 183, 2262, 4282, 373, 4460, 732, 2038, 3104, 217, 235, 1610, 3609, 2618, 3294, 2118, 2532, 2764, 2896, 356, 933, 146, 347, 750, 2419, 3626, 590, 1691, 4368, 1090, 4239, 3534, 1257, 980, 899, 1138, 2427, 4389, 3640, 2851, 3140, 4150, 4388, 1344, 2875, 4405, 378, 4311, 2150, 1380, 2121, 3375, 1891, 1217, 747, 4007, 2144, 827, 4228]

2026-01-05 23:41:02,641 - INFO - 当前用时 0.00 秒
2026-01-05 23:41:02,641 - INFO - 将种子集 写入位置: /root/pythonspace/data-test/network.netDog/2026-1-6-[500,500,500]/seeds-with-network.netDog/random_alpha_sort_seedNum-90_SSRNum-100000.txt
2026-01-05 23:41:02,642 - INFO - 首次生成种子集 importance_sort
2026-01-05 23:41:02,642 - INFO - 执行当前算法开始: importance_sort
2026-01-05 23:41:04,186 - INFO - 4502 个节点的Importance值降序排序 done
2026-01-05 23:41:04,186 - INFO - 
选择的种子集 (按Importance排序): [104, 291, 3986, 1597, 914, 2597, 2232, 706, 2516, 316, 830, 174, 3053, 708, 2912, 3850, 3518, 2321, 3635, 2754, 4065, 3136, 518, 674, 2717, 1027, 3204, 638, 898, 3866, 471, 1663, 2976, 1034, 183, 2262, 4282, 373, 4460, 732, 2038, 3104, 217, 235, 1610, 3609, 2618, 3294, 2118, 2532, 2764, 2896, 356, 933, 146, 347, 750, 2419, 3626, 590, 1691, 4368, 1090, 4239, 3534, 1257, 980, 899, 1138, 2427, 4389, 3640, 2851, 3140, 4150, 4388, 1344, 2875, 4405, 378, 4311, 2150, 1380, 2121, 3375, 1891, 1217, 747, 4007, 2144]

2026-01-05 23:41:04,186 - INFO - 当前用时 1.54 秒
2026-01-05 23:41:04,187 - INFO - 将种子集 写入位置: /root/pythonspace/data-test/network.netDog/2026-1-6-[500,500,500]/seeds-with-network.netDog/random_importance_sort_seedNum-90_SSRNum-100000.txt
2026-01-05 23:41:04,187 - INFO - 首次生成种子集 ris_coverage
2026-01-05 23:41:04,187 - INFO - 执行当前算法开始: ris_coverage
2026-01-05 23:41:04,531 - INFO - 图初始化完成，节点数: 4502，CSR 矩阵准备就绪。
2026-01-05 23:41:04,532 - INFO - 
开始生成 100000 组 SSR (并行进程: 8)...
2026-01-05 23:41:45,066 - INFO - 生成完毕。耗时: 40.53 秒。
2026-01-05 23:41:45,067 - INFO - 
开始选择最优种子 (Optimized Greedy) ...
2026-01-05 23:42:13,356 - INFO -   - 券 1/90 选中节点 2984, 新增覆盖 82
2026-01-05 23:42:13,379 - INFO -   - 券 2/90 选中节点 3993, 新增覆盖 76
2026-01-05 23:42:13,405 - INFO -   - 券 3/90 选中节点 375, 新增覆盖 76
2026-01-05 23:42:13,432 - INFO -   - 券 4/90 选中节点 2263, 新增覆盖 75
2026-01-05 23:42:13,463 - INFO -   - 券 5/90 选中节点 2733, 新增覆盖 73
2026-01-05 23:42:13,494 - INFO -   - 券 6/90 选中节点 1902, 新增覆盖 77
2026-01-05 23:42:13,529 - INFO -   - 券 7/90 选中节点 3535, 新增覆盖 75
2026-01-05 23:42:13,568 - INFO -   - 券 8/90 选中节点 1059, 新增覆盖 80
2026-01-05 23:42:13,606 - INFO -   - 券 9/90 选中节点 3481, 新增覆盖 70
2026-01-05 23:42:13,645 - INFO -   - 券 10/90 选中节点 1617, 新增覆盖 77
2026-01-05 23:42:13,691 - INFO -   - 券 11/90 选中节点 3269, 新增覆盖 76
2026-01-05 23:42:13,734 - INFO -   - 券 12/90 选中节点 2053, 新增覆盖 73
2026-01-05 23:42:13,774 - INFO -   - 券 13/90 选中节点 3182, 新增覆盖 73
2026-01-05 23:42:13,816 - INFO -   - 券 14/90 选中节点 4158, 新增覆盖 78
2026-01-05 23:42:13,863 - INFO -   - 券 15/90 选中节点 2050, 新增覆盖 86
2026-01-05 23:42:13,924 - INFO -   - 券 16/90 选中节点 199, 新增覆盖 70
2026-01-05 23:42:13,984 - INFO -   - 券 17/90 选中节点 1030, 新增覆盖 73
2026-01-05 23:42:14,045 - INFO -   - 券 18/90 选中节点 1957, 新增覆盖 74
2026-01-05 23:42:14,102 - INFO -   - 券 19/90 选中节点 3314, 新增覆盖 71
2026-01-05 23:42:14,163 - INFO -   - 券 20/90 选中节点 1225, 新增覆盖 71
2026-01-05 23:42:14,231 - INFO -   - 券 21/90 选中节点 191, 新增覆盖 71
2026-01-05 23:42:14,307 - INFO -   - 券 22/90 选中节点 3456, 新增覆盖 71
2026-01-05 23:42:14,390 - INFO -   - 券 23/90 选中节点 2766, 新增覆盖 66
2026-01-05 23:42:14,471 - INFO -   - 券 24/90 选中节点 393, 新增覆盖 67
2026-01-05 23:42:14,543 - INFO -   - 券 25/90 选中节点 710, 新增覆盖 65
2026-01-05 23:42:14,621 - INFO -   - 券 26/90 选中节点 4268, 新增覆盖 67
2026-01-05 23:42:14,708 - INFO -   - 券 27/90 选中节点 4184, 新增覆盖 73
2026-01-05 23:42:14,797 - INFO -   - 券 28/90 选中节点 4053, 新增覆盖 64
2026-01-05 23:42:14,881 - INFO -   - 券 29/90 选中节点 3285, 新增覆盖 74
2026-01-05 23:42:14,967 - INFO -   - 券 30/90 选中节点 1256, 新增覆盖 68
2026-01-05 23:42:15,061 - INFO -   - 券 31/90 选中节点 1812, 新增覆盖 66
2026-01-05 23:42:15,159 - INFO -   - 券 32/90 选中节点 4297, 新增覆盖 68
2026-01-05 23:42:15,261 - INFO -   - 券 33/90 选中节点 3854, 新增覆盖 67
2026-01-05 23:42:15,366 - INFO -   - 券 34/90 选中节点 4150, 新增覆盖 65
2026-01-05 23:42:15,469 - INFO -   - 券 35/90 选中节点 2433, 新增覆盖 68
2026-01-05 23:42:15,569 - INFO -   - 券 36/90 选中节点 903, 新增覆盖 68
2026-01-05 23:42:15,688 - INFO -   - 券 37/90 选中节点 794, 新增覆盖 71
2026-01-05 23:42:15,806 - INFO -   - 券 38/90 选中节点 2379, 新增覆盖 61
2026-01-05 23:42:15,910 - INFO -   - 券 39/90 选中节点 629, 新增覆盖 68
2026-01-05 23:42:16,026 - INFO -   - 券 40/90 选中节点 792, 新增覆盖 71
2026-01-05 23:42:16,141 - INFO -   - 券 41/90 选中节点 1776, 新增覆盖 70
2026-01-05 23:42:16,274 - INFO -   - 券 42/90 选中节点 824, 新增覆盖 64
2026-01-05 23:42:16,395 - INFO -   - 券 43/90 选中节点 1458, 新增覆盖 68
2026-01-05 23:42:16,509 - INFO -   - 券 44/90 选中节点 2286, 新增覆盖 66
2026-01-05 23:42:16,625 - INFO -   - 券 45/90 选中节点 108, 新增覆盖 64
2026-01-05 23:42:16,750 - INFO -   - 券 46/90 选中节点 2721, 新增覆盖 73
2026-01-05 23:42:16,883 - INFO -   - 券 47/90 选中节点 862, 新增覆盖 62
2026-01-05 23:42:17,008 - INFO -   - 券 48/90 选中节点 452, 新增覆盖 67
2026-01-05 23:42:17,129 - INFO -   - 券 49/90 选中节点 4115, 新增覆盖 67
2026-01-05 23:42:17,252 - INFO -   - 券 50/90 选中节点 3750, 新增覆盖 62
2026-01-05 23:42:17,391 - INFO -   - 券 51/90 选中节点 2987, 新增覆盖 63
2026-01-05 23:42:17,524 - INFO -   - 券 52/90 选中节点 1634, 新增覆盖 67
2026-01-05 23:42:17,653 - INFO -   - 券 53/90 选中节点 2489, 新增覆盖 65
2026-01-05 23:42:17,797 - INFO -   - 券 54/90 选中节点 4326, 新增覆盖 63
2026-01-05 23:42:17,969 - INFO -   - 券 55/90 选中节点 747, 新增覆盖 66
2026-01-05 23:42:18,122 - INFO -   - 券 56/90 选中节点 3642, 新增覆盖 66
2026-01-05 23:42:18,279 - INFO -   - 券 57/90 选中节点 1471, 新增覆盖 65
2026-01-05 23:42:18,445 - INFO -   - 券 58/90 选中节点 4307, 新增覆盖 64
2026-01-05 23:42:18,639 - INFO -   - 券 59/90 选中节点 1135, 新增覆盖 64
2026-01-05 23:42:18,811 - INFO -   - 券 60/90 选中节点 2846, 新增覆盖 63
2026-01-05 23:42:18,997 - INFO -   - 券 61/90 选中节点 2802, 新增覆盖 63
2026-01-05 23:42:19,191 - INFO -   - 券 62/90 选中节点 1316, 新增覆盖 58
2026-01-05 23:42:19,381 - INFO -   - 券 63/90 选中节点 916, 新增覆盖 63
2026-01-05 23:42:19,569 - INFO -   - 券 64/90 选中节点 1430, 新增覆盖 67
2026-01-05 23:42:19,757 - INFO -   - 券 65/90 选中节点 2108, 新增覆盖 65
2026-01-05 23:42:19,946 - INFO -   - 券 66/90 选中节点 4107, 新增覆盖 63
2026-01-05 23:42:20,162 - INFO -   - 券 67/90 选中节点 3787, 新增覆盖 65
2026-01-05 23:42:20,365 - INFO -   - 券 68/90 选中节点 691, 新增覆盖 64
2026-01-05 23:42:20,577 - INFO -   - 券 69/90 选中节点 1027, 新增覆盖 60
2026-01-05 23:42:20,802 - INFO -   - 券 70/90 选中节点 3723, 新增覆盖 63
2026-01-05 23:42:21,004 - INFO -   - 券 71/90 选中节点 3940, 新增覆盖 60
2026-01-05 23:42:21,218 - INFO -   - 券 72/90 选中节点 3175, 新增覆盖 68
2026-01-05 23:42:21,458 - INFO -   - 券 73/90 选中节点 4289, 新增覆盖 59
2026-01-05 23:42:21,698 - INFO -   - 券 74/90 选中节点 3933, 新增覆盖 61
2026-01-05 23:42:21,913 - INFO -   - 券 75/90 选中节点 2114, 新增覆盖 63
2026-01-05 23:42:22,146 - INFO -   - 券 76/90 选中节点 3988, 新增覆盖 59
2026-01-05 23:42:22,365 - INFO -   - 券 77/90 选中节点 1146, 新增覆盖 62
2026-01-05 23:42:22,596 - INFO -   - 券 78/90 选中节点 4039, 新增覆盖 60
2026-01-05 23:42:22,839 - INFO -   - 券 79/90 选中节点 2886, 新增覆盖 61
2026-01-05 23:42:23,067 - INFO -   - 券 80/90 选中节点 4123, 新增覆盖 60
2026-01-05 23:42:23,323 - INFO -   - 券 81/90 选中节点 1324, 新增覆盖 61
2026-01-05 23:42:23,589 - INFO -   - 券 82/90 选中节点 3048, 新增覆盖 62
2026-01-05 23:42:23,849 - INFO -   - 券 83/90 选中节点 1252, 新增覆盖 62
2026-01-05 23:42:24,128 - INFO -   - 券 84/90 选中节点 2049, 新增覆盖 61
2026-01-05 23:42:24,389 - INFO -   - 券 85/90 选中节点 1404, 新增覆盖 67
2026-01-05 23:42:24,633 - INFO -   - 券 86/90 选中节点 4467, 新增覆盖 59
2026-01-05 23:42:24,893 - INFO -   - 券 87/90 选中节点 3691, 新增覆盖 56
2026-01-05 23:42:25,163 - INFO -   - 券 88/90 选中节点 1575, 新增覆盖 55
2026-01-05 23:42:25,425 - INFO -   - 券 89/90 选中节点 764, 新增覆盖 58
2026-01-05 23:42:25,687 - INFO -   - 券 90/90 选中节点 4448, 新增覆盖 58
2026-01-05 23:42:25,687 - INFO - 选种完毕。耗时: 40.62 秒。
2026-01-05 23:42:26,243 - INFO - 最终选择的种子集: [2984, 3993, 375, 2263, 2733, 1902, 3535, 1059, 3481, 1617, 3269, 2053, 3182, 4158, 2050, 199, 1030, 1957, 3314, 1225, 191, 3456, 2766, 393, 710, 4268, 4184, 4053, 3285, 1256, 1812, 4297, 3854, 4150, 2433, 903, 794, 2379, 629, 792, 1776, 824, 1458, 2286, 108, 2721, 862, 452, 4115, 3750, 2987, 1634, 2489, 4326, 747, 3642, 1471, 4307, 1135, 2846, 2802, 1316, 916, 1430, 2108, 4107, 3787, 691, 1027, 3723, 3940, 3175, 4289, 3933, 2114, 3988, 1146, 4039, 2886, 4123, 1324, 3048, 1252, 2049, 1404, 4467, 3691, 1575, 764, 4448]

2026-01-05 23:42:27,551 - INFO - 当前用时 83.36 秒
2026-01-05 23:42:27,551 - INFO - 将种子集 写入位置: /root/pythonspace/data-test/network.netDog/2026-1-6-[500,500,500]/seeds-with-network.netDog/random_ris_coverage_seedNum-90_SSRNum-100000.txt
2026-01-05 23:42:27,552 - INFO - 评估种子集: None
2026-01-05 23:42:27,552 - INFO - 多进程评估开始，共有 6 个方法待评估...
2026-01-05 23:42:27,553 - INFO - 启动进程池，Worker数量: 6
2026-01-05 23:42:28,331 - INFO - [Process 12890] 开始评估方法: random, 种子数: 90
2026-01-05 23:42:28,722 - INFO - [Process 12891] 开始评估方法: degreeTopM, 种子数: 90
2026-01-05 23:42:29,146 - INFO - [Process 12892] 开始评估方法: pageRank, 种子数: 90
2026-01-05 23:42:29,586 - INFO - [Process 12893] 开始评估方法: alpha_sort, 种子数: 90
2026-01-05 23:42:30,000 - INFO - [Process 12894] 开始评估方法: importance_sort, 种子数: 90
2026-01-05 23:42:30,392 - INFO - [Process 12895] 开始评估方法: ris_coverage, 种子数: 90
2026-01-05 23:42:32,250 - INFO - [Process 12890] random - 1000 sims 完成: E=44.87
2026-01-05 23:42:32,681 - INFO - [Process 12891] degreeTopM - 1000 sims 完成: E=43.62
2026-01-05 23:42:33,349 - INFO - [Process 12893] alpha_sort - 1000 sims 完成: E=46.59
2026-01-05 23:42:33,441 - INFO - [Process 12892] pageRank - 1000 sims 完成: E=43.75
2026-01-05 23:42:33,655 - INFO - [Process 12894] importance_sort - 1000 sims 完成: E=46.48
2026-01-05 23:42:34,816 - INFO - [Process 12895] ris_coverage - 1000 sims 完成: E=44.76
2026-01-05 23:42:34,860 - INFO - 所有进程执行完毕，开始写入数据...
2026-01-05 23:42:34,863 - INFO - 成功写入 6 条记录至 /root/pythonspace/data-test/network.netDog/2026-1-6-[500,500,500]/E-activated-network.netDog/distribution-random/simuTimes-1000_random-dirichlet-[500, 500, 500]_rrNumSamples-100000.csv
2026-01-05 23:42:34,863 - INFO - 保存评估文件至: /root/pythonspace/data-test/network.netDog/2026-1-6-[500,500,500]/E-activated-network.netDog/distribution-random/simuTimes-1000_random-dirichlet-[500, 500, 500]_rrNumSamples-100000.csv
