2026-03-09 05:30:59,646 - INFO - 加载数据集: network.netDog
2026-03-09 05:30:59,647 - INFO - --- 矩阵分析 ---
2026-03-09 05:30:59,648 - INFO - 节点数 (N): 4502
2026-03-09 05:30:59,648 - INFO - 边数 (E): 29580
2026-03-09 05:30:59,648 - INFO - 密度 (Density): 0.00145944 (越小越稀疏)
2026-03-09 05:30:59,648 - INFO - 稀疏度 (Sparsity): 0.99854056 (越接近1越稀疏)
2026-03-09 05:30:59,648 - INFO - 平均度数 (Avg Degree): 6.57
2026-03-09 05:30:59,648 - INFO - >>> 正在注入完美对抗属性（验证三条定理）...
2026-03-09 05:30:59,689 - INFO - 首次生成种子集 random
2026-03-09 05:30:59,689 - INFO - 执行当前算法开始: random
2026-03-09 05:30:59,689 - INFO - 数据集节点总数:  n = 4502, m = 50
2026-03-09 05:30:59,689 - INFO - 选择 50  [1054, 1647, 4177, 3675, 4360, 3213, 4335, 672, 3124, 2190, 2349, 3910, 2326, 873, 1816, 2167, 1444, 2600, 3188, 2908, 1511, 2874, 1160, 4219, 1198, 1957, 2302, 3033, 609, 4495, 3833, 2972, 3778, 195, 4075, 2929, 1846, 2661, 2111, 411, 154, 3611, 3916, 3040, 1023, 2394, 2269, 2582, 676, 2901]

2026-03-09 05:30:59,689 - INFO - 当前用时 0.00 秒
2026-03-09 05:30:59,690 - INFO - 将种子集 写入位置: /home/wen/work/coup_spread/network.netDog/2026-3-11/seeds-with-network.netDog/random_random_seedNum-50_SSRNum-50000.txt
2026-03-09 05:30:59,690 - INFO - 首次生成种子集 degreeTopM
2026-03-09 05:30:59,690 - INFO - 执行当前算法开始: degreeTopM
2026-03-09 05:30:59,690 - INFO - 依据: 选择连接数（度数）最多的节点。
2026-03-09 05:30:59,690 - INFO - 选择的 Top M 节点及其度数:
2026-03-09 05:30:59,690 - INFO - 
2026-03-09 05:30:59,691 - INFO - 当前用时 0.00 秒
2026-03-09 05:30:59,691 - INFO - 将种子集 写入位置: /home/wen/work/coup_spread/network.netDog/2026-3-11/seeds-with-network.netDog/random_degreeTopM_seedNum-50_SSRNum-50000.txt
2026-03-09 05:30:59,691 - INFO - 首次生成种子集 pageRank
2026-03-09 05:30:59,691 - INFO - 执行当前算法开始: pageRank
2026-03-09 05:30:59,691 - INFO - --- Running: PageRank (on tranProMatrix) Top M ---
2026-03-09 05:30:59,994 - INFO - Selected PageRank seeds: [79, 135, 83, 16, 45, 133, 243, 36, 33, 12, 2, 125, 4, 167, 38, 77, 19, 17, 128, 129, 62, 329, 13, 35, 294, 14, 414, 318, 162, 26, 37, 15, 93, 46, 192, 61, 164, 279, 359, 120, 693, 123, 934, 52, 755, 254, 221, 127, 107, 208]
2026-03-09 05:30:59,994 - INFO - 当前用时 0.30 秒
2026-03-09 05:30:59,994 - INFO - 将种子集 写入位置: /home/wen/work/coup_spread/network.netDog/2026-3-11/seeds-with-network.netDog/random_pageRank_seedNum-50_SSRNum-50000.txt
2026-03-09 05:30:59,994 - INFO - 首次生成种子集 alpha_sort
2026-03-09 05:30:59,994 - INFO - 执行当前算法开始: alpha_sort
2026-03-09 05:30:59,995 - INFO - 4502 个节点的alpha值降序排序 done
2026-03-09 05:30:59,995 - INFO - ==============>> [(0, np.float64(0.2)), (1, np.float64(0.2)), (2, np.float64(0.2)), (3, np.float64(0.2)), (4, np.float64(0.2)), (5, np.float64(0.2)), (6, np.float64(0.2)), (7, np.float64(0.2)), (8, np.float64(0.2)), (9, np.float64(0.2))]
2026-03-09 05:30:59,995 - INFO - 
选择的种子集 (按alpha排序): [0, 1, 2, 3, 4, 5, 6, 7, 8, 9, 10, 11, 12, 13, 14, 15, 16, 17, 18, 19, 20, 21, 22, 23, 24, 25, 26, 27, 28, 29, 30, 31, 32, 33, 34, 35, 36, 37, 38, 39, 40, 41, 42, 43, 44, 45, 46, 47, 48, 49]

2026-03-09 05:30:59,995 - INFO - 当前用时 0.00 秒
2026-03-09 05:30:59,995 - INFO - 将种子集 写入位置: /home/wen/work/coup_spread/network.netDog/2026-3-11/seeds-with-network.netDog/random_alpha_sort_seedNum-50_SSRNum-50000.txt
2026-03-09 05:30:59,996 - INFO - 首次生成种子集 ris_optimized
2026-03-09 05:30:59,996 - INFO - 执行当前算法开始: ris_optimized
2026-03-09 05:31:00,225 - INFO - 图初始化完成，节点数: 4502，当前模式: 优化采样
2026-03-09 05:31:00,225 - INFO - 开始生成 50000 组多重RR-Set...
2026-03-09 05:31:08,793 - INFO - 生成完毕。耗时: 8.57 秒。
2026-03-09 05:31:08,813 - INFO - 开始基于多重RR集贪心选择最优种子...
2026-03-09 05:31:10,412 - INFO - 选种完毕。耗时: 1.60 秒。估算范围: 81.98
2026-03-09 05:31:10,709 - INFO - 当前用时 10.71 秒
2026-03-09 05:31:10,709 - INFO - 将种子集 写入位置: /home/wen/work/coup_spread/network.netDog/2026-3-11/seeds-with-network.netDog/random_ris_optimized_seedNum-50_SSRNum-50000.txt
2026-03-09 05:31:10,709 - INFO - 首次生成种子集 1hop_sort
2026-03-09 05:31:10,710 - INFO - 执行当前算法开始: 1hop_sort
2026-03-09 05:31:10,710 - INFO - --- Running: Teacher's 1-Hop Expected Spread Sort ---
2026-03-09 05:31:10,756 - INFO - 选出的前 5 个种子得分展示: [0.4 0.4 0.4 0.4 0.4]
2026-03-09 05:31:10,757 - INFO - 当前用时 0.05 秒
2026-03-09 05:31:10,757 - INFO - 将种子集 写入位置: /home/wen/work/coup_spread/network.netDog/2026-3-11/seeds-with-network.netDog/random_1hop_sort_seedNum-50_SSRNum-50000.txt
2026-03-09 05:31:10,758 - INFO - 评估种子集: None
2026-03-09 05:31:10,758 - INFO - 多进程评估开始，共有 6 个方法待评估...
2026-03-09 05:31:10,758 - INFO - 启动进程池，Worker数量: 6
2026-03-09 05:31:11,496 - INFO - [Process 4000221] 开始评估方法: random, 种子数: 50
2026-03-09 05:31:12,058 - INFO - [Process 4000222] 开始评估方法: degreeTopM, 种子数: 50
2026-03-09 05:31:12,629 - INFO - [Process 4000223] 开始评估方法: pageRank, 种子数: 50
2026-03-09 05:31:13,198 - INFO - [Process 4000224] 开始评估方法: alpha_sort, 种子数: 50
2026-03-09 05:31:13,774 - INFO - [Process 4000225] 开始评估方法: ris_optimized, 种子数: 50
2026-03-09 05:31:14,329 - INFO - [Process 4000226] 开始评估方法: 1hop_sort, 种子数: 50
2026-03-09 05:31:15,305 - INFO - [random - 种子:50] 拉新:38.5人 | 总销量:39.8单 | 品牌曝光:204.5次 | 🌟综合得分:59.6
2026-03-09 05:31:16,369 - INFO - [degreeTopM - 种子:50] 拉新:41.2人 | 总销量:43.5单 | 品牌曝光:220.5次 | 🌟综合得分:64.4
2026-03-09 05:31:16,804 - INFO - [pageRank - 种子:50] 拉新:41.0人 | 总销量:43.1单 | 品牌曝光:219.0次 | 🌟综合得分:64.0
2026-03-09 05:31:17,342 - INFO - [alpha_sort - 种子:50] 拉新:41.3人 | 总销量:43.2单 | 品牌曝光:219.4次 | 🌟综合得分:64.2
2026-03-09 05:31:18,173 - INFO - [ris_optimized - 种子:50] 拉新:43.2人 | 总销量:44.3单 | 品牌曝光:223.7次 | 🌟综合得分:66.1
2026-03-09 05:31:18,202 - INFO - [1hop_sort - 种子:50] 拉新:43.0人 | 总销量:44.3单 | 品牌曝光:223.8次 | 🌟综合得分:66.0
2026-03-09 05:31:18,229 - INFO - 所有进程执行完毕，开始写入数据...
2026-03-09 05:31:18,250 - INFO - 成功写入 6 条记录至 /home/wen/work/coup_spread/gzc-impl/results/network.netDog/2026-3-11/random_SSRNum-50000-_seedNum-50_simuTimes-500.csv
2026-03-09 05:31:18,250 - INFO - 保存评估文件至: /home/wen/work/coup_spread/gzc-impl/results/network.netDog/2026-3-11/random_SSRNum-50000-_seedNum-50_simuTimes-500.csv
2026-03-09 05:31:18,259 - INFO - 加载数据集: network.netDog
2026-03-09 05:31:18,260 - INFO - --- 矩阵分析 ---
2026-03-09 05:31:18,260 - INFO - 节点数 (N): 4502
2026-03-09 05:31:18,260 - INFO - 边数 (E): 29580
2026-03-09 05:31:18,261 - INFO - 密度 (Density): 0.00145944 (越小越稀疏)
2026-03-09 05:31:18,261 - INFO - 稀疏度 (Sparsity): 0.99854056 (越接近1越稀疏)
2026-03-09 05:31:18,262 - INFO - 平均度数 (Avg Degree): 6.57
2026-03-09 05:31:18,262 - INFO - >>> 正在注入完美对抗属性（验证三条定理）...
2026-03-09 05:31:18,306 - INFO - 首次生成种子集 random
2026-03-09 05:31:18,306 - INFO - 执行当前算法开始: random
2026-03-09 05:31:18,306 - INFO - 数据集节点总数:  n = 4502, m = 75
2026-03-09 05:31:18,306 - INFO - 选择 75  [4157, 3526, 4101, 464, 3568, 489, 4409, 1048, 2270, 2868, 1367, 4216, 665, 4202, 2243, 4229, 1708, 2959, 3622, 2104, 1333, 962, 2301, 3043, 3335, 3071, 1422, 1860, 3566, 824, 2685, 1851, 588, 2808, 4359, 3549, 4238, 1740, 2122, 1725, 903, 1600, 545, 770, 675, 238, 4164, 2774, 4060, 3214, 3912, 249, 1910, 3584, 3149, 2787, 1859, 1269, 2233, 3654, 1823, 3413, 1733, 2113, 1101, 1159, 1810, 3445, 38, 963, 3496, 2565, 2323, 4307, 1028]

2026-03-09 05:31:18,306 - INFO - 当前用时 0.00 秒
2026-03-09 05:31:18,307 - INFO - 将种子集 写入位置: /home/wen/work/coup_spread/network.netDog/2026-3-11/seeds-with-network.netDog/random_random_seedNum-75_SSRNum-50000.txt
2026-03-09 05:31:18,307 - INFO - 首次生成种子集 degreeTopM
2026-03-09 05:31:18,307 - INFO - 执行当前算法开始: degreeTopM
2026-03-09 05:31:18,307 - INFO - 依据: 选择连接数（度数）最多的节点。
2026-03-09 05:31:18,307 - INFO - 选择的 Top M 节点及其度数:
2026-03-09 05:31:18,308 - INFO - 
2026-03-09 05:31:18,308 - INFO - 当前用时 0.00 秒
2026-03-09 05:31:18,308 - INFO - 将种子集 写入位置: /home/wen/work/coup_spread/network.netDog/2026-3-11/seeds-with-network.netDog/random_degreeTopM_seedNum-75_SSRNum-50000.txt
2026-03-09 05:31:18,308 - INFO - 首次生成种子集 pageRank
2026-03-09 05:31:18,308 - INFO - 执行当前算法开始: pageRank
2026-03-09 05:31:18,308 - INFO - --- Running: PageRank (on tranProMatrix) Top M ---
2026-03-09 05:31:18,571 - INFO - Selected PageRank seeds: [79, 135, 83, 16, 45, 133, 243, 36, 33, 12, 2, 125, 4, 167, 38, 77, 19, 17, 128, 129, 62, 329, 13, 35, 294, 14, 414, 318, 162, 26, 37, 15, 93, 46, 192, 61, 164, 279, 359, 120, 693, 123, 934, 52, 755, 254, 221, 127, 107, 208, 91, 183, 264, 152, 291, 223, 141, 316, 435, 324, 98, 44, 632, 8, 207, 681, 1157, 405, 104, 142, 150, 263, 916, 169, 583]
2026-03-09 05:31:18,572 - INFO - 当前用时 0.26 秒
2026-03-09 05:31:18,572 - INFO - 将种子集 写入位置: /home/wen/work/coup_spread/network.netDog/2026-3-11/seeds-with-network.netDog/random_pageRank_seedNum-75_SSRNum-50000.txt
2026-03-09 05:31:18,572 - INFO - 首次生成种子集 alpha_sort
2026-03-09 05:31:18,572 - INFO - 执行当前算法开始: alpha_sort
2026-03-09 05:31:18,573 - INFO - 4502 个节点的alpha值降序排序 done
2026-03-09 05:31:18,573 - INFO - ==============>> [(0, np.float64(0.2)), (1, np.float64(0.2)), (2, np.float64(0.2)), (3, np.float64(0.2)), (4, np.float64(0.2)), (5, np.float64(0.2)), (6, np.float64(0.2)), (7, np.float64(0.2)), (8, np.float64(0.2)), (9, np.float64(0.2))]
2026-03-09 05:31:18,573 - INFO - 
选择的种子集 (按alpha排序): [0, 1, 2, 3, 4, 5, 6, 7, 8, 9, 10, 11, 12, 13, 14, 15, 16, 17, 18, 19, 20, 21, 22, 23, 24, 25, 26, 27, 28, 29, 30, 31, 32, 33, 34, 35, 36, 37, 38, 39, 40, 41, 42, 43, 44, 45, 46, 47, 48, 49, 50, 51, 52, 53, 54, 55, 56, 57, 58, 59, 60, 61, 62, 63, 64, 65, 66, 67, 68, 69, 70, 71, 72, 73, 74]

2026-03-09 05:31:18,573 - INFO - 当前用时 0.00 秒
2026-03-09 05:31:18,573 - INFO - 将种子集 写入位置: /home/wen/work/coup_spread/network.netDog/2026-3-11/seeds-with-network.netDog/random_alpha_sort_seedNum-75_SSRNum-50000.txt
2026-03-09 05:31:18,574 - INFO - 首次生成种子集 ris_optimized
2026-03-09 05:31:18,574 - INFO - 执行当前算法开始: ris_optimized
2026-03-09 05:31:18,837 - INFO - 图初始化完成，节点数: 4502，当前模式: 优化采样
2026-03-09 05:31:18,837 - INFO - 开始生成 50000 组多重RR-Set...
2026-03-09 05:31:31,774 - INFO - 生成完毕。耗时: 12.94 秒。
2026-03-09 05:31:31,785 - INFO - 开始基于多重RR集贪心选择最优种子...
2026-03-09 05:31:34,548 - INFO - 选种完毕。耗时: 2.76 秒。估算范围: 122.36
2026-03-09 05:31:35,281 - INFO - 当前用时 16.71 秒
2026-03-09 05:31:35,281 - INFO - 将种子集 写入位置: /home/wen/work/coup_spread/network.netDog/2026-3-11/seeds-with-network.netDog/random_ris_optimized_seedNum-75_SSRNum-50000.txt
2026-03-09 05:31:35,282 - INFO - 首次生成种子集 1hop_sort
2026-03-09 05:31:35,282 - INFO - 执行当前算法开始: 1hop_sort
2026-03-09 05:31:35,282 - INFO - --- Running: Teacher's 1-Hop Expected Spread Sort ---
2026-03-09 05:31:35,287 - INFO - 选出的前 5 个种子得分展示: [0.4 0.4 0.4 0.4 0.4]
2026-03-09 05:31:35,288 - INFO - 当前用时 0.01 秒
2026-03-09 05:31:35,288 - INFO - 将种子集 写入位置: /home/wen/work/coup_spread/network.netDog/2026-3-11/seeds-with-network.netDog/random_1hop_sort_seedNum-75_SSRNum-50000.txt
2026-03-09 05:31:35,289 - INFO - 评估种子集: None
2026-03-09 05:31:35,289 - INFO - 多进程评估开始，共有 6 个方法待评估...
2026-03-09 05:31:35,289 - INFO - 启动进程池，Worker数量: 6
2026-03-09 05:31:36,061 - INFO - [Process 4000886] 开始评估方法: random, 种子数: 75
2026-03-09 05:31:36,611 - INFO - [Process 4000887] 开始评估方法: degreeTopM, 种子数: 75
2026-03-09 05:31:37,169 - INFO - [Process 4000888] 开始评估方法: pageRank, 种子数: 75
2026-03-09 05:31:37,735 - INFO - [Process 4000889] 开始评估方法: alpha_sort, 种子数: 75
2026-03-09 05:31:38,331 - INFO - [Process 4000890] 开始评估方法: ris_optimized, 种子数: 75
2026-03-09 05:31:38,890 - INFO - [Process 4000891] 开始评估方法: 1hop_sort, 种子数: 75
2026-03-09 05:31:41,579 - INFO - [random - 种子:75] 拉新:55.7人 | 总销量:57.7单 | 品牌曝光:298.4次 | 🌟综合得分:86.5
2026-03-09 05:31:42,965 - INFO - [degreeTopM - 种子:75] 拉新:61.1人 | 总销量:65.3单 | 品牌曝光:331.2次 | 🌟综合得分:96.3
2026-03-09 05:31:43,412 - INFO - [pageRank - 种子:75] 拉新:60.9人 | 总销量:65.0单 | 品牌曝光:329.6次 | 🌟综合得分:95.9
2026-03-09 05:31:43,912 - INFO - [alpha_sort - 种子:75] 拉新:61.4人 | 总销量:64.8单 | 品牌曝光:328.7次 | 🌟综合得分:95.9
2026-03-09 05:31:44,705 - INFO - [ris_optimized - 种子:75] 拉新:64.6人 | 总销量:67.1单 | 品牌曝光:338.5次 | 🌟综合得分:99.7
2026-03-09 05:31:45,110 - INFO - [1hop_sort - 种子:75] 拉新:63.7人 | 总销量:66.2单 | 品牌曝光:335.0次 | 🌟综合得分:98.5
2026-03-09 05:31:45,138 - INFO - 所有进程执行完毕，开始写入数据...
2026-03-09 05:31:45,149 - INFO - 成功写入 6 条记录至 /home/wen/work/coup_spread/gzc-impl/results/network.netDog/2026-3-11/random_SSRNum-50000-_seedNum-75_simuTimes-500.csv
2026-03-09 05:31:45,150 - INFO - 保存评估文件至: /home/wen/work/coup_spread/gzc-impl/results/network.netDog/2026-3-11/random_SSRNum-50000-_seedNum-75_simuTimes-500.csv
2026-03-09 05:31:45,162 - INFO - 加载数据集: network.netDog
2026-03-09 05:31:45,163 - INFO - --- 矩阵分析 ---
2026-03-09 05:31:45,163 - INFO - 节点数 (N): 4502
2026-03-09 05:31:45,163 - INFO - 边数 (E): 29580
2026-03-09 05:31:45,163 - INFO - 密度 (Density): 0.00145944 (越小越稀疏)
2026-03-09 05:31:45,164 - INFO - 稀疏度 (Sparsity): 0.99854056 (越接近1越稀疏)
2026-03-09 05:31:45,164 - INFO - 平均度数 (Avg Degree): 6.57
2026-03-09 05:31:45,164 - INFO - >>> 正在注入完美对抗属性（验证三条定理）...
2026-03-09 05:31:45,207 - INFO - 首次生成种子集 random
2026-03-09 05:31:45,207 - INFO - 执行当前算法开始: random
2026-03-09 05:31:45,207 - INFO - 数据集节点总数:  n = 4502, m = 100
2026-03-09 05:31:45,207 - INFO - 选择 100  [2527, 3988, 423, 1651, 2055, 2814, 1630, 935, 3434, 3480, 3964, 3470, 2445, 1973, 983, 2877, 1132, 1578, 3376, 2478, 3609, 2823, 2468, 4314, 3911, 1888, 3792, 3750, 2049, 2429, 3474, 3917, 4154, 1884, 4232, 1235, 2949, 1948, 3936, 3254, 631, 1080, 3977, 2506, 3624, 536, 2109, 3807, 3217, 2563, 393, 3903, 2398, 4121, 1883, 1309, 2569, 854, 3578, 3766, 3652, 2125, 4473, 2476, 4222, 3932, 2012, 1204, 1800, 3887, 152, 224, 1198, 3548, 479, 703, 2912, 3550, 1677, 1864, 4036, 92, 4264, 4285, 451, 3500, 608, 1275, 4484, 3747, 3092, 1453, 322, 1391, 1747, 662, 1079, 2486, 463, 2089]

2026-03-09 05:31:45,207 - INFO - 当前用时 0.00 秒
2026-03-09 05:31:45,207 - INFO - 将种子集 写入位置: /home/wen/work/coup_spread/network.netDog/2026-3-11/seeds-with-network.netDog/random_random_seedNum-100_SSRNum-50000.txt
2026-03-09 05:31:45,208 - INFO - 首次生成种子集 degreeTopM
2026-03-09 05:31:45,208 - INFO - 执行当前算法开始: degreeTopM
2026-03-09 05:31:45,208 - INFO - 依据: 选择连接数（度数）最多的节点。
2026-03-09 05:31:45,208 - INFO - 选择的 Top M 节点及其度数:
2026-03-09 05:31:45,208 - INFO - 
2026-03-09 05:31:45,208 - INFO - 当前用时 0.00 秒
2026-03-09 05:31:45,208 - INFO - 将种子集 写入位置: /home/wen/work/coup_spread/network.netDog/2026-3-11/seeds-with-network.netDog/random_degreeTopM_seedNum-100_SSRNum-50000.txt
2026-03-09 05:31:45,209 - INFO - 首次生成种子集 pageRank
2026-03-09 05:31:45,209 - INFO - 执行当前算法开始: pageRank
2026-03-09 05:31:45,209 - INFO - --- Running: PageRank (on tranProMatrix) Top M ---
2026-03-09 05:31:45,475 - INFO - Selected PageRank seeds: [79, 135, 83, 16, 45, 133, 243, 36, 33, 12, 2, 125, 4, 167, 38, 77, 19, 17, 128, 129, 62, 329, 13, 35, 294, 14, 414, 318, 162, 26, 37, 15, 93, 46, 192, 61, 164, 279, 359, 120, 693, 123, 934, 52, 755, 254, 221, 127, 107, 208, 91, 183, 264, 152, 291, 223, 141, 316, 435, 324, 98, 44, 632, 8, 207, 681, 1157, 405, 104, 142, 150, 263, 916, 169, 583, 237, 261, 228, 1080, 526, 440, 165, 274, 22, 832, 811, 224, 292, 273, 564, 980, 54, 502, 112, 347, 173, 23, 1110, 1047, 194]
2026-03-09 05:31:45,476 - INFO - 当前用时 0.27 秒
2026-03-09 05:31:45,476 - INFO - 将种子集 写入位置: /home/wen/work/coup_spread/network.netDog/2026-3-11/seeds-with-network.netDog/random_pageRank_seedNum-100_SSRNum-50000.txt
2026-03-09 05:31:45,476 - INFO - 首次生成种子集 alpha_sort
2026-03-09 05:31:45,476 - INFO - 执行当前算法开始: alpha_sort
2026-03-09 05:31:45,477 - INFO - 4502 个节点的alpha值降序排序 done
2026-03-09 05:31:45,477 - INFO - ==============>> [(0, np.float64(0.2)), (1, np.float64(0.2)), (2, np.float64(0.2)), (3, np.float64(0.2)), (4, np.float64(0.2)), (5, np.float64(0.2)), (6, np.float64(0.2)), (7, np.float64(0.2)), (8, np.float64(0.2)), (9, np.float64(0.2))]
2026-03-09 05:31:45,477 - INFO - 
选择的种子集 (按alpha排序): [0, 1, 2, 3, 4, 5, 6, 7, 8, 9, 10, 11, 12, 13, 14, 15, 16, 17, 18, 19, 20, 21, 22, 23, 24, 25, 26, 27, 28, 29, 30, 31, 32, 33, 34, 35, 36, 37, 38, 39, 40, 41, 42, 43, 44, 45, 46, 47, 48, 49, 50, 51, 52, 53, 54, 55, 56, 57, 58, 59, 60, 61, 62, 63, 64, 65, 66, 67, 68, 69, 70, 71, 72, 73, 74, 75, 76, 77, 78, 79, 80, 81, 82, 83, 84, 85, 86, 87, 88, 89, 90, 91, 92, 93, 94, 95, 96, 97, 98, 99]

2026-03-09 05:31:45,477 - INFO - 当前用时 0.00 秒
2026-03-09 05:31:45,477 - INFO - 将种子集 写入位置: /home/wen/work/coup_spread/network.netDog/2026-3-11/seeds-with-network.netDog/random_alpha_sort_seedNum-100_SSRNum-50000.txt
2026-03-09 05:31:45,477 - INFO - 首次生成种子集 ris_optimized
2026-03-09 05:31:45,477 - INFO - 执行当前算法开始: ris_optimized
2026-03-09 05:31:45,704 - INFO - 图初始化完成，节点数: 4502，当前模式: 优化采样
2026-03-09 05:31:45,704 - INFO - 开始生成 50000 组多重RR-Set...
2026-03-09 05:32:01,631 - INFO - 生成完毕。耗时: 15.93 秒。
2026-03-09 05:32:01,649 - INFO - 开始基于多重RR集贪心选择最优种子...
2026-03-09 05:32:05,431 - INFO - 选种完毕。耗时: 3.78 秒。估算范围: 159.01
2026-03-09 05:32:06,159 - INFO - 当前用时 20.68 秒
2026-03-09 05:32:06,159 - INFO - 将种子集 写入位置: /home/wen/work/coup_spread/network.netDog/2026-3-11/seeds-with-network.netDog/random_ris_optimized_seedNum-100_SSRNum-50000.txt
2026-03-09 05:32:06,160 - INFO - 首次生成种子集 1hop_sort
2026-03-09 05:32:06,160 - INFO - 执行当前算法开始: 1hop_sort
2026-03-09 05:32:06,160 - INFO - --- Running: Teacher's 1-Hop Expected Spread Sort ---
2026-03-09 05:32:06,165 - INFO - 选出的前 5 个种子得分展示: [0.4 0.4 0.4 0.4 0.4]
2026-03-09 05:32:06,165 - INFO - 当前用时 0.01 秒
2026-03-09 05:32:06,166 - INFO - 将种子集 写入位置: /home/wen/work/coup_spread/network.netDog/2026-3-11/seeds-with-network.netDog/random_1hop_sort_seedNum-100_SSRNum-50000.txt
2026-03-09 05:32:06,167 - INFO - 评估种子集: None
2026-03-09 05:32:06,167 - INFO - 多进程评估开始，共有 6 个方法待评估...
2026-03-09 05:32:06,167 - INFO - 启动进程池，Worker数量: 6
2026-03-09 05:32:06,951 - INFO - [Process 4001391] 开始评估方法: random, 种子数: 100
2026-03-09 05:32:07,510 - INFO - [Process 4001392] 开始评估方法: degreeTopM, 种子数: 100
2026-03-09 05:32:08,078 - INFO - [Process 4001393] 开始评估方法: pageRank, 种子数: 100
2026-03-09 05:32:08,643 - INFO - [Process 4001394] 开始评估方法: alpha_sort, 种子数: 100
2026-03-09 05:32:09,213 - INFO - [Process 4001395] 开始评估方法: ris_optimized, 种子数: 100
2026-03-09 05:32:09,786 - INFO - [Process 4001396] 开始评估方法: 1hop_sort, 种子数: 100
2026-03-09 05:32:14,433 - INFO - [random - 种子:100] 拉新:77.8人 | 总销量:81.6单 | 品牌曝光:415.3次 | 🌟综合得分:121.2
2026-03-09 05:32:15,932 - INFO - [degreeTopM - 种子:100] 拉新:80.2人 | 总销量:87.2单 | 品牌曝光:439.8次 | 🌟综合得分:127.7
2026-03-09 05:32:16,722 - INFO - [pageRank - 种子:100] 拉新:80.2人 | 总销量:86.8单 | 品牌曝光:438.1次 | 🌟综合得分:127.3
2026-03-09 05:32:17,040 - INFO - [alpha_sort - 种子:100] 拉新:80.5人 | 总销量:86.5单 | 品牌曝光:437.2次 | 🌟综合得分:127.2
2026-03-09 05:32:17,790 - INFO - [ris_optimized - 种子:100] 拉新:84.7人 | 总销量:88.8单 | 品牌曝光:446.6次 | 🌟综合得分:131.4
2026-03-09 05:32:18,251 - INFO - [1hop_sort - 种子:100] 拉新:84.3人 | 总销量:88.6单 | 品牌曝光:446.2次 | 🌟综合得分:131.1
2026-03-09 05:32:18,287 - INFO - 所有进程执行完毕，开始写入数据...
2026-03-09 05:32:18,298 - INFO - 成功写入 6 条记录至 /home/wen/work/coup_spread/gzc-impl/results/network.netDog/2026-3-11/random_SSRNum-50000-_seedNum-100_simuTimes-500.csv
2026-03-09 05:32:18,299 - INFO - 保存评估文件至: /home/wen/work/coup_spread/gzc-impl/results/network.netDog/2026-3-11/random_SSRNum-50000-_seedNum-100_simuTimes-500.csv
2026-03-09 05:32:18,316 - INFO - 加载数据集: network.netDog
2026-03-09 05:32:18,316 - INFO - --- 矩阵分析 ---
2026-03-09 05:32:18,317 - INFO - 节点数 (N): 4502
2026-03-09 05:32:18,317 - INFO - 边数 (E): 29580
2026-03-09 05:32:18,317 - INFO - 密度 (Density): 0.00145944 (越小越稀疏)
2026-03-09 05:32:18,317 - INFO - 稀疏度 (Sparsity): 0.99854056 (越接近1越稀疏)
2026-03-09 05:32:18,317 - INFO - 平均度数 (Avg Degree): 6.57
2026-03-09 05:32:18,317 - INFO - >>> 正在注入完美对抗属性（验证三条定理）...
2026-03-09 05:32:18,359 - INFO - 首次生成种子集 random
2026-03-09 05:32:18,359 - INFO - 执行当前算法开始: random
2026-03-09 05:32:18,360 - INFO - 数据集节点总数:  n = 4502, m = 125
2026-03-09 05:32:18,360 - INFO - 选择 125  [1886, 271, 988, 3199, 2290, 3012, 3555, 817, 1401, 3687, 2454, 2765, 4449, 3072, 1254, 823, 4316, 38, 1201, 1587, 2832, 129, 1772, 627, 2754, 4, 665, 1898, 454, 4103, 590, 3606, 3558, 1688, 3498, 85, 3397, 366, 1184, 1821, 2715, 3704, 4328, 3142, 3456, 2846, 2660, 646, 1406, 1605, 2493, 1098, 1282, 2260, 2652, 4062, 4093, 1102, 3728, 3905, 47, 1410, 240, 2559, 3906, 4398, 3797, 3035, 3843, 3307, 4010, 1153, 3530, 1799, 3848, 3673, 1647, 301, 2173, 3118, 1137, 96, 3022, 2597, 1076, 1130, 4107, 1576, 2841, 2872, 3005, 106, 3295, 2731, 2443, 3561, 2521, 465, 2043, 3308, 241, 1321, 482, 478, 395, 2080, 3779, 44, 2100, 205, 542, 2598, 2250, 986, 668, 699, 1396, 3611, 1295, 630, 392, 2699, 3475, 3782, 361]

2026-03-09 05:32:18,360 - INFO - 当前用时 0.00 秒
2026-03-09 05:32:18,360 - INFO - 将种子集 写入位置: /home/wen/work/coup_spread/network.netDog/2026-3-11/seeds-with-network.netDog/random_random_seedNum-125_SSRNum-50000.txt
2026-03-09 05:32:18,360 - INFO - 首次生成种子集 degreeTopM
2026-03-09 05:32:18,360 - INFO - 执行当前算法开始: degreeTopM
2026-03-09 05:32:18,360 - INFO - 依据: 选择连接数（度数）最多的节点。
2026-03-09 05:32:18,361 - INFO - 选择的 Top M 节点及其度数:
2026-03-09 05:32:18,361 - INFO - 
2026-03-09 05:32:18,361 - INFO - 当前用时 0.00 秒
2026-03-09 05:32:18,361 - INFO - 将种子集 写入位置: /home/wen/work/coup_spread/network.netDog/2026-3-11/seeds-with-network.netDog/random_degreeTopM_seedNum-125_SSRNum-50000.txt
2026-03-09 05:32:18,361 - INFO - 首次生成种子集 pageRank
2026-03-09 05:32:18,361 - INFO - 执行当前算法开始: pageRank
2026-03-09 05:32:18,361 - INFO - --- Running: PageRank (on tranProMatrix) Top M ---
2026-03-09 05:32:18,623 - INFO - Selected PageRank seeds: [79, 135, 83, 16, 45, 133, 243, 36, 33, 12, 2, 125, 4, 167, 38, 77, 19, 17, 128, 129, 62, 329, 13, 35, 294, 14, 414, 318, 162, 26, 37, 15, 93, 46, 192, 61, 164, 279, 359, 120, 693, 123, 934, 52, 755, 254, 221, 127, 107, 208, 91, 183, 264, 152, 291, 223, 141, 316, 435, 324, 98, 44, 632, 8, 207, 681, 1157, 405, 104, 142, 150, 263, 916, 169, 583, 237, 261, 228, 1080, 526, 440, 165, 274, 22, 832, 811, 224, 292, 273, 564, 980, 54, 502, 112, 347, 173, 23, 1110, 1047, 194, 1018, 570, 976, 385, 1141, 235, 922, 615, 761, 262, 497, 63, 655, 812, 64, 616, 60, 301, 24, 298, 372, 248, 1287, 730, 960]
2026-03-09 05:32:18,623 - INFO - 当前用时 0.26 秒
2026-03-09 05:32:18,623 - INFO - 将种子集 写入位置: /home/wen/work/coup_spread/network.netDog/2026-3-11/seeds-with-network.netDog/random_pageRank_seedNum-125_SSRNum-50000.txt
2026-03-09 05:32:18,624 - INFO - 首次生成种子集 alpha_sort
2026-03-09 05:32:18,624 - INFO - 执行当前算法开始: alpha_sort
2026-03-09 05:32:18,624 - INFO - 4502 个节点的alpha值降序排序 done
2026-03-09 05:32:18,624 - INFO - ==============>> [(0, np.float64(0.2)), (1, np.float64(0.2)), (2, np.float64(0.2)), (3, np.float64(0.2)), (4, np.float64(0.2)), (5, np.float64(0.2)), (6, np.float64(0.2)), (7, np.float64(0.2)), (8, np.float64(0.2)), (9, np.float64(0.2))]
2026-03-09 05:32:18,625 - INFO - 
选择的种子集 (按alpha排序): [0, 1, 2, 3, 4, 5, 6, 7, 8, 9, 10, 11, 12, 13, 14, 15, 16, 17, 18, 19, 20, 21, 22, 23, 24, 25, 26, 27, 28, 29, 30, 31, 32, 33, 34, 35, 36, 37, 38, 39, 40, 41, 42, 43, 44, 45, 46, 47, 48, 49, 50, 51, 52, 53, 54, 55, 56, 57, 58, 59, 60, 61, 62, 63, 64, 65, 66, 67, 68, 69, 70, 71, 72, 73, 74, 75, 76, 77, 78, 79, 80, 81, 82, 83, 84, 85, 86, 87, 88, 89, 90, 91, 92, 93, 94, 95, 96, 97, 98, 99, 100, 101, 102, 103, 104, 105, 106, 107, 108, 109, 110, 111, 112, 113, 114, 115, 116, 117, 118, 119, 120, 121, 122, 123, 124]

2026-03-09 05:32:18,625 - INFO - 当前用时 0.00 秒
2026-03-09 05:32:18,625 - INFO - 将种子集 写入位置: /home/wen/work/coup_spread/network.netDog/2026-3-11/seeds-with-network.netDog/random_alpha_sort_seedNum-125_SSRNum-50000.txt
2026-03-09 05:32:18,625 - INFO - 首次生成种子集 ris_optimized
2026-03-09 05:32:18,625 - INFO - 执行当前算法开始: ris_optimized
2026-03-09 05:32:18,855 - INFO - 图初始化完成，节点数: 4502，当前模式: 优化采样
2026-03-09 05:32:18,855 - INFO - 开始生成 50000 组多重RR-Set...
2026-03-09 05:32:38,043 - INFO - 生成完毕。耗时: 19.19 秒。
2026-03-09 05:32:38,059 - INFO - 开始基于多重RR集贪心选择最优种子...
2026-03-09 05:32:45,844 - INFO - 选种完毕。耗时: 7.78 秒。估算范围: 197.19
2026-03-09 05:32:46,721 - INFO - 当前用时 28.10 秒
2026-03-09 05:32:46,721 - INFO - 将种子集 写入位置: /home/wen/work/coup_spread/network.netDog/2026-3-11/seeds-with-network.netDog/random_ris_optimized_seedNum-125_SSRNum-50000.txt
2026-03-09 05:32:46,722 - INFO - 首次生成种子集 1hop_sort
2026-03-09 05:32:46,722 - INFO - 执行当前算法开始: 1hop_sort
2026-03-09 05:32:46,722 - INFO - --- Running: Teacher's 1-Hop Expected Spread Sort ---
2026-03-09 05:32:46,727 - INFO - 选出的前 5 个种子得分展示: [0.4 0.4 0.4 0.4 0.4]
2026-03-09 05:32:46,728 - INFO - 当前用时 0.01 秒
2026-03-09 05:32:46,728 - INFO - 将种子集 写入位置: /home/wen/work/coup_spread/network.netDog/2026-3-11/seeds-with-network.netDog/random_1hop_sort_seedNum-125_SSRNum-50000.txt
2026-03-09 05:32:46,729 - INFO - 评估种子集: None
2026-03-09 05:32:46,729 - INFO - 多进程评估开始，共有 6 个方法待评估...
2026-03-09 05:32:46,729 - INFO - 启动进程池，Worker数量: 6
2026-03-09 05:32:47,514 - INFO - [Process 4002059] 开始评估方法: random, 种子数: 125
2026-03-09 05:32:48,095 - INFO - [Process 4002060] 开始评估方法: degreeTopM, 种子数: 125
2026-03-09 05:32:48,667 - INFO - [Process 4002061] 开始评估方法: pageRank, 种子数: 125
2026-03-09 05:32:49,227 - INFO - [Process 4002062] 开始评估方法: alpha_sort, 种子数: 125
2026-03-09 05:32:49,787 - INFO - [Process 4002063] 开始评估方法: ris_optimized, 种子数: 125
2026-03-09 05:32:50,347 - INFO - [Process 4002064] 开始评估方法: 1hop_sort, 种子数: 125
2026-03-09 05:32:57,510 - INFO - [random - 种子:125] 拉新:96.8人 | 总销量:102.6单 | 品牌曝光:522.0次 | 🌟综合得分:151.9
2026-03-09 05:32:58,253 - INFO - [degreeTopM - 种子:125] 拉新:98.9人 | 总销量:109.1单 | 品牌曝光:550.1次 | 🌟综合得分:159.0
2026-03-09 05:32:59,384 - INFO - [pageRank - 种子:125] 拉新:98.8人 | 总销量:108.7单 | 品牌曝光:548.3次 | 🌟综合得分:158.6
2026-03-09 05:32:59,562 - INFO - [alpha_sort - 种子:125] 拉新:100.2人 | 总销量:108.2单 | 品牌曝光:546.1次 | 🌟综合得分:158.8
2026-03-09 05:32:59,963 - INFO - [ris_optimized - 种子:125] 拉新:104.7人 | 总销量:111.4单 | 品牌曝光:560.1次 | 🌟综合得分:164.1
2026-03-09 05:33:00,424 - INFO - [1hop_sort - 种子:125] 拉新:104.3人 | 总销量:110.7单 | 品牌曝光:556.7次 | 🌟综合得分:163.2
2026-03-09 05:33:00,458 - INFO - 所有进程执行完毕，开始写入数据...
2026-03-09 05:33:00,468 - INFO - 成功写入 6 条记录至 /home/wen/work/coup_spread/gzc-impl/results/network.netDog/2026-3-11/random_SSRNum-50000-_seedNum-125_simuTimes-500.csv
2026-03-09 05:33:00,470 - INFO - 保存评估文件至: /home/wen/work/coup_spread/gzc-impl/results/network.netDog/2026-3-11/random_SSRNum-50000-_seedNum-125_simuTimes-500.csv
2026-03-09 05:33:00,491 - INFO - 加载数据集: network.netDog
2026-03-09 05:33:00,492 - INFO - --- 矩阵分析 ---
2026-03-09 05:33:00,492 - INFO - 节点数 (N): 4502
2026-03-09 05:33:00,492 - INFO - 边数 (E): 29580
2026-03-09 05:33:00,492 - INFO - 密度 (Density): 0.00145944 (越小越稀疏)
2026-03-09 05:33:00,492 - INFO - 稀疏度 (Sparsity): 0.99854056 (越接近1越稀疏)
2026-03-09 05:33:00,492 - INFO - 平均度数 (Avg Degree): 6.57
2026-03-09 05:33:00,492 - INFO - >>> 正在注入完美对抗属性（验证三条定理）...
2026-03-09 05:33:00,538 - INFO - 首次生成种子集 random
2026-03-09 05:33:00,539 - INFO - 执行当前算法开始: random
2026-03-09 05:33:00,539 - INFO - 数据集节点总数:  n = 4502, m = 150
2026-03-09 05:33:00,539 - INFO - 选择 150  [4419, 1856, 4438, 4436, 1040, 3581, 3154, 3388, 3483, 1925, 1706, 2545, 1479, 1049, 1571, 901, 1406, 2693, 2988, 538, 3531, 2712, 822, 1148, 3823, 2261, 2864, 4249, 123, 3877, 2569, 3557, 152, 2686, 2441, 3733, 4402, 3270, 4151, 115, 169, 947, 1969, 871, 3077, 1489, 844, 673, 135, 1597, 1257, 367, 1590, 184, 775, 1136, 2362, 2732, 3645, 2783, 3988, 2310, 3901, 3651, 1326, 1686, 3422, 2210, 4055, 2971, 374, 2989, 582, 2171, 3582, 2875, 2891, 2473, 1809, 3639, 4077, 34, 2267, 706, 130, 3151, 2942, 668, 4285, 4262, 38, 1794, 470, 2332, 4033, 3626, 3752, 3790, 2472, 1620, 1370, 3665, 1177, 787, 2422, 617, 1036, 2822, 2093, 690, 2221, 2036, 3025, 1887, 3450, 4372, 276, 87, 3989, 4360, 2888, 2460, 1681, 1848, 1094, 2463, 4336, 377, 1688, 1008, 2507, 1421, 3617, 3696, 4387, 3439, 2919, 4158, 3046, 2728, 2152, 3291, 553, 218, 4297, 1757, 2631, 727, 1664, 1560]

2026-03-09 05:33:00,539 - INFO - 当前用时 0.00 秒
2026-03-09 05:33:00,539 - INFO - 将种子集 写入位置: /home/wen/work/coup_spread/network.netDog/2026-3-11/seeds-with-network.netDog/random_random_seedNum-150_SSRNum-50000.txt
2026-03-09 05:33:00,539 - INFO - 首次生成种子集 degreeTopM
2026-03-09 05:33:00,539 - INFO - 执行当前算法开始: degreeTopM
2026-03-09 05:33:00,539 - INFO - 依据: 选择连接数（度数）最多的节点。
2026-03-09 05:33:00,540 - INFO - 选择的 Top M 节点及其度数:
2026-03-09 05:33:00,540 - INFO - 
2026-03-09 05:33:00,540 - INFO - 当前用时 0.00 秒
2026-03-09 05:33:00,540 - INFO - 将种子集 写入位置: /home/wen/work/coup_spread/network.netDog/2026-3-11/seeds-with-network.netDog/random_degreeTopM_seedNum-150_SSRNum-50000.txt
2026-03-09 05:33:00,541 - INFO - 首次生成种子集 pageRank
2026-03-09 05:33:00,541 - INFO - 执行当前算法开始: pageRank
2026-03-09 05:33:00,541 - INFO - --- Running: PageRank (on tranProMatrix) Top M ---
2026-03-09 05:33:00,838 - INFO - Selected PageRank seeds: [79, 135, 83, 16, 45, 133, 243, 36, 33, 12, 2, 125, 4, 167, 38, 77, 19, 17, 128, 129, 62, 329, 13, 35, 294, 14, 414, 318, 162, 26, 37, 15, 93, 46, 192, 61, 164, 279, 359, 120, 693, 123, 934, 52, 755, 254, 221, 127, 107, 208, 91, 183, 264, 152, 291, 223, 141, 316, 435, 324, 98, 44, 632, 8, 207, 681, 1157, 405, 104, 142, 150, 263, 916, 169, 583, 237, 261, 228, 1080, 526, 440, 165, 274, 22, 832, 811, 224, 292, 273, 564, 980, 54, 502, 112, 347, 173, 23, 1110, 1047, 194, 1018, 570, 976, 385, 1141, 235, 922, 615, 761, 262, 497, 63, 655, 812, 64, 616, 60, 301, 24, 298, 372, 248, 1287, 730, 960, 869, 72, 240, 594, 131, 238, 53, 280, 1081, 1392, 1419, 182, 784, 86, 1241, 1528, 929, 463, 419, 399, 687, 1418, 870, 1298, 1076]
2026-03-09 05:33:00,839 - INFO - 当前用时 0.30 秒
2026-03-09 05:33:00,839 - INFO - 将种子集 写入位置: /home/wen/work/coup_spread/network.netDog/2026-3-11/seeds-with-network.netDog/random_pageRank_seedNum-150_SSRNum-50000.txt
2026-03-09 05:33:00,839 - INFO - 首次生成种子集 alpha_sort
2026-03-09 05:33:00,839 - INFO - 执行当前算法开始: alpha_sort
2026-03-09 05:33:00,840 - INFO - 4502 个节点的alpha值降序排序 done
2026-03-09 05:33:00,840 - INFO - ==============>> [(0, np.float64(0.2)), (1, np.float64(0.2)), (2, np.float64(0.2)), (3, np.float64(0.2)), (4, np.float64(0.2)), (5, np.float64(0.2)), (6, np.float64(0.2)), (7, np.float64(0.2)), (8, np.float64(0.2)), (9, np.float64(0.2))]
2026-03-09 05:33:00,840 - INFO - 
选择的种子集 (按alpha排序): [0, 1, 2, 3, 4, 5, 6, 7, 8, 9, 10, 11, 12, 13, 14, 15, 16, 17, 18, 19, 20, 21, 22, 23, 24, 25, 26, 27, 28, 29, 30, 31, 32, 33, 34, 35, 36, 37, 38, 39, 40, 41, 42, 43, 44, 45, 46, 47, 48, 49, 50, 51, 52, 53, 54, 55, 56, 57, 58, 59, 60, 61, 62, 63, 64, 65, 66, 67, 68, 69, 70, 71, 72, 73, 74, 75, 76, 77, 78, 79, 80, 81, 82, 83, 84, 85, 86, 87, 88, 89, 90, 91, 92, 93, 94, 95, 96, 97, 98, 99, 100, 101, 102, 103, 104, 105, 106, 107, 108, 109, 110, 111, 112, 113, 114, 115, 116, 117, 118, 119, 120, 121, 122, 123, 124, 125, 126, 127, 128, 129, 130, 131, 132, 133, 134, 135, 136, 137, 138, 139, 140, 141, 142, 143, 144, 145, 146, 147, 148, 149]

2026-03-09 05:33:00,840 - INFO - 当前用时 0.00 秒
2026-03-09 05:33:00,840 - INFO - 将种子集 写入位置: /home/wen/work/coup_spread/network.netDog/2026-3-11/seeds-with-network.netDog/random_alpha_sort_seedNum-150_SSRNum-50000.txt
2026-03-09 05:33:00,840 - INFO - 首次生成种子集 ris_optimized
2026-03-09 05:33:00,840 - INFO - 执行当前算法开始: ris_optimized
2026-03-09 05:33:01,067 - INFO - 图初始化完成，节点数: 4502，当前模式: 优化采样
2026-03-09 05:33:01,067 - INFO - 开始生成 50000 组多重RR-Set...
2026-03-09 05:33:26,205 - INFO - 生成完毕。耗时: 25.14 秒。
2026-03-09 05:33:26,220 - INFO - 开始基于多重RR集贪心选择最优种子...
2026-03-09 05:33:31,721 - INFO - 选种完毕。耗时: 5.50 秒。估算范围: 236.45
2026-03-09 05:33:32,469 - INFO - 当前用时 31.63 秒
2026-03-09 05:33:32,470 - INFO - 将种子集 写入位置: /home/wen/work/coup_spread/network.netDog/2026-3-11/seeds-with-network.netDog/random_ris_optimized_seedNum-150_SSRNum-50000.txt
2026-03-09 05:33:32,470 - INFO - 首次生成种子集 1hop_sort
2026-03-09 05:33:32,470 - INFO - 执行当前算法开始: 1hop_sort
2026-03-09 05:33:32,470 - INFO - --- Running: Teacher's 1-Hop Expected Spread Sort ---
2026-03-09 05:33:32,476 - INFO - 选出的前 5 个种子得分展示: [0.4 0.4 0.4 0.4 0.4]
2026-03-09 05:33:32,476 - INFO - 当前用时 0.01 秒
2026-03-09 05:33:32,476 - INFO - 将种子集 写入位置: /home/wen/work/coup_spread/network.netDog/2026-3-11/seeds-with-network.netDog/random_1hop_sort_seedNum-150_SSRNum-50000.txt
2026-03-09 05:33:32,477 - INFO - 评估种子集: None
2026-03-09 05:33:32,477 - INFO - 多进程评估开始，共有 6 个方法待评估...
2026-03-09 05:33:32,477 - INFO - 启动进程池，Worker数量: 6
2026-03-09 05:33:33,251 - INFO - [Process 4002760] 开始评估方法: random, 种子数: 150
2026-03-09 05:33:33,828 - INFO - [Process 4002761] 开始评估方法: degreeTopM, 种子数: 150
2026-03-09 05:33:34,407 - INFO - [Process 4002768] 开始评估方法: pageRank, 种子数: 150
2026-03-09 05:33:35,000 - INFO - [Process 4002782] 开始评估方法: alpha_sort, 种子数: 150
2026-03-09 05:33:35,589 - INFO - [Process 4002783] 开始评估方法: ris_optimized, 种子数: 150
2026-03-09 05:33:36,215 - INFO - [Process 4002784] 开始评估方法: 1hop_sort, 种子数: 150
2026-03-09 05:33:44,627 - INFO - [random - 种子:150] 拉新:111.7人 | 总销量:119.4单 | 品牌曝光:609.6次 | 🌟综合得分:176.5
2026-03-09 05:33:46,569 - INFO - [degreeTopM - 种子:150] 拉新:117.0人 | 总销量:130.7单 | 品牌曝光:659.0次 | 🌟综合得分:189.7
2026-03-09 05:33:47,133 - INFO - [pageRank - 种子:150] 拉新:117.6人 | 总销量:130.7单 | 品牌曝光:659.3次 | 🌟综合得分:190.1
2026-03-09 05:33:47,430 - INFO - [alpha_sort - 种子:150] 拉新:118.7人 | 总销量:130.0单 | 品牌曝光:655.9次 | 🌟综合得分:189.9
2026-03-09 05:33:48,231 - INFO - [ris_optimized - 种子:150] 拉新:124.8人 | 总销量:133.1单 | 品牌曝光:670.3次 | 🌟综合得分:196.0
2026-03-09 05:33:48,653 - INFO - [1hop_sort - 种子:150] 拉新:124.3人 | 总销量:132.9单 | 品牌曝光:669.4次 | 🌟综合得分:195.5
2026-03-09 05:33:48,690 - INFO - 所有进程执行完毕，开始写入数据...
2026-03-09 05:33:48,700 - INFO - 成功写入 6 条记录至 /home/wen/work/coup_spread/gzc-impl/results/network.netDog/2026-3-11/random_SSRNum-50000-_seedNum-150_simuTimes-500.csv
2026-03-09 05:33:48,701 - INFO - 保存评估文件至: /home/wen/work/coup_spread/gzc-impl/results/network.netDog/2026-3-11/random_SSRNum-50000-_seedNum-150_simuTimes-500.csv
2026-03-09 05:33:48,719 - INFO - 加载数据集: network.netDog
2026-03-09 05:33:48,720 - INFO - --- 矩阵分析 ---
2026-03-09 05:33:48,720 - INFO - 节点数 (N): 4502
2026-03-09 05:33:48,720 - INFO - 边数 (E): 29580
2026-03-09 05:33:48,720 - INFO - 密度 (Density): 0.00145944 (越小越稀疏)
2026-03-09 05:33:48,720 - INFO - 稀疏度 (Sparsity): 0.99854056 (越接近1越稀疏)
2026-03-09 05:33:48,720 - INFO - 平均度数 (Avg Degree): 6.57
2026-03-09 05:33:48,720 - INFO - >>> 正在注入完美对抗属性（验证三条定理）...
2026-03-09 05:33:48,764 - INFO - 首次生成种子集 random
2026-03-09 05:33:48,764 - INFO - 执行当前算法开始: random
2026-03-09 05:33:48,764 - INFO - 数据集节点总数:  n = 4502, m = 175
2026-03-09 05:33:48,764 - INFO - 选择 175  [3365, 3145, 2617, 793, 4423, 2295, 4311, 2058, 3868, 1313, 1576, 4307, 2963, 2133, 1663, 1301, 4082, 3246, 3397, 1110, 2325, 3731, 3467, 3123, 805, 4329, 4108, 3889, 1252, 184, 3970, 3074, 63, 3042, 4276, 3133, 2894, 511, 469, 2557, 138, 1892, 4222, 4316, 3856, 835, 731, 4430, 3349, 3765, 2193, 3422, 4450, 416, 885, 3592, 1328, 607, 4138, 2475, 670, 4471, 2540, 4421, 1456, 111, 4258, 945, 3208, 3068, 1372, 3432, 1947, 3424, 604, 1376, 2175, 859, 104, 119, 4469, 3722, 3549, 3254, 3744, 1408, 3364, 2821, 3103, 2584, 3043, 4285, 1564, 3296, 1721, 1838, 4219, 810, 3770, 1803, 3928, 3668, 3814, 1329, 2049, 1860, 1293, 3745, 613, 1335, 1833, 3935, 3360, 1317, 2509, 3236, 1417, 2595, 2429, 3693, 1802, 1921, 3439, 1681, 4125, 2983, 307, 3288, 1539, 1488, 3418, 638, 2867, 1321, 867, 167, 4020, 352, 99, 3302, 898, 2929, 3888, 3098, 884, 1290, 1884, 502, 4324, 1118, 2872, 2190, 2247, 4165, 4337, 32, 4180, 2759, 1443, 1930, 2567, 619, 561, 1750, 2364, 3709, 1375, 2393, 4113, 1640, 2450, 807, 2876, 1339, 1234]

2026-03-09 05:33:48,764 - INFO - 当前用时 0.00 秒
2026-03-09 05:33:48,765 - INFO - 将种子集 写入位置: /home/wen/work/coup_spread/network.netDog/2026-3-11/seeds-with-network.netDog/random_random_seedNum-175_SSRNum-50000.txt
2026-03-09 05:33:48,765 - INFO - 首次生成种子集 degreeTopM
2026-03-09 05:33:48,765 - INFO - 执行当前算法开始: degreeTopM
2026-03-09 05:33:48,765 - INFO - 依据: 选择连接数（度数）最多的节点。
2026-03-09 05:33:48,765 - INFO - 选择的 Top M 节点及其度数:
2026-03-09 05:33:48,766 - INFO - 
2026-03-09 05:33:48,766 - INFO - 当前用时 0.00 秒
2026-03-09 05:33:48,766 - INFO - 将种子集 写入位置: /home/wen/work/coup_spread/network.netDog/2026-3-11/seeds-with-network.netDog/random_degreeTopM_seedNum-175_SSRNum-50000.txt
2026-03-09 05:33:48,766 - INFO - 首次生成种子集 pageRank
2026-03-09 05:33:48,766 - INFO - 执行当前算法开始: pageRank
2026-03-09 05:33:48,766 - INFO - --- Running: PageRank (on tranProMatrix) Top M ---
2026-03-09 05:33:49,029 - INFO - Selected PageRank seeds: [79, 135, 83, 16, 45, 133, 243, 36, 33, 12, 2, 125, 4, 167, 38, 77, 19, 17, 128, 129, 62, 329, 13, 35, 294, 14, 414, 318, 162, 26, 37, 15, 93, 46, 192, 61, 164, 279, 359, 120, 693, 123, 934, 52, 755, 254, 221, 127, 107, 208, 91, 183, 264, 152, 291, 223, 141, 316, 435, 324, 98, 44, 632, 8, 207, 681, 1157, 405, 104, 142, 150, 263, 916, 169, 583, 237, 261, 228, 1080, 526, 440, 165, 274, 22, 832, 811, 224, 292, 273, 564, 980, 54, 502, 112, 347, 173, 23, 1110, 1047, 194, 1018, 570, 976, 385, 1141, 235, 922, 615, 761, 262, 497, 63, 655, 812, 64, 616, 60, 301, 24, 298, 372, 248, 1287, 730, 960, 869, 72, 240, 594, 131, 238, 53, 280, 1081, 1392, 1419, 182, 784, 86, 1241, 1528, 929, 463, 419, 399, 687, 1418, 870, 1298, 1076, 1785, 1683, 58, 236, 239, 536, 352, 295, 55, 566, 88, 456, 376, 271, 299, 940, 156, 234, 576, 364, 477, 1543, 73, 596, 524]
2026-03-09 05:33:49,029 - INFO - 当前用时 0.26 秒
2026-03-09 05:33:49,029 - INFO - 将种子集 写入位置: /home/wen/work/coup_spread/network.netDog/2026-3-11/seeds-with-network.netDog/random_pageRank_seedNum-175_SSRNum-50000.txt
2026-03-09 05:33:49,030 - INFO - 首次生成种子集 alpha_sort
2026-03-09 05:33:49,030 - INFO - 执行当前算法开始: alpha_sort
2026-03-09 05:33:49,031 - INFO - 4502 个节点的alpha值降序排序 done
2026-03-09 05:33:49,031 - INFO - ==============>> [(0, np.float64(0.2)), (1, np.float64(0.2)), (2, np.float64(0.2)), (3, np.float64(0.2)), (4, np.float64(0.2)), (5, np.float64(0.2)), (6, np.float64(0.2)), (7, np.float64(0.2)), (8, np.float64(0.2)), (9, np.float64(0.2))]
2026-03-09 05:33:49,031 - INFO - 
选择的种子集 (按alpha排序): [0, 1, 2, 3, 4, 5, 6, 7, 8, 9, 10, 11, 12, 13, 14, 15, 16, 17, 18, 19, 20, 21, 22, 23, 24, 25, 26, 27, 28, 29, 30, 31, 32, 33, 34, 35, 36, 37, 38, 39, 40, 41, 42, 43, 44, 45, 46, 47, 48, 49, 50, 51, 52, 53, 54, 55, 56, 57, 58, 59, 60, 61, 62, 63, 64, 65, 66, 67, 68, 69, 70, 71, 72, 73, 74, 75, 76, 77, 78, 79, 80, 81, 82, 83, 84, 85, 86, 87, 88, 89, 90, 91, 92, 93, 94, 95, 96, 97, 98, 99, 100, 101, 102, 103, 104, 105, 106, 107, 108, 109, 110, 111, 112, 113, 114, 115, 116, 117, 118, 119, 120, 121, 122, 123, 124, 125, 126, 127, 128, 129, 130, 131, 132, 133, 134, 135, 136, 137, 138, 139, 140, 141, 142, 143, 144, 145, 146, 147, 148, 149, 150, 151, 152, 153, 154, 155, 156, 157, 158, 159, 160, 161, 162, 163, 164, 165, 166, 167, 168, 169, 170, 171, 172, 173, 174]

2026-03-09 05:33:49,031 - INFO - 当前用时 0.00 秒
2026-03-09 05:33:49,031 - INFO - 将种子集 写入位置: /home/wen/work/coup_spread/network.netDog/2026-3-11/seeds-with-network.netDog/random_alpha_sort_seedNum-175_SSRNum-50000.txt
2026-03-09 05:33:49,031 - INFO - 首次生成种子集 ris_optimized
2026-03-09 05:33:49,031 - INFO - 执行当前算法开始: ris_optimized
2026-03-09 05:33:49,259 - INFO - 图初始化完成，节点数: 4502，当前模式: 优化采样
2026-03-09 05:33:49,259 - INFO - 开始生成 50000 组多重RR-Set...
2026-03-09 05:34:18,564 - INFO - 生成完毕。耗时: 29.31 秒。
2026-03-09 05:34:18,570 - INFO - 开始基于多重RR集贪心选择最优种子...
2026-03-09 05:34:25,405 - INFO - 选种完毕。耗时: 6.84 秒。估算范围: 276.06
2026-03-09 05:34:26,254 - INFO - 当前用时 37.22 秒
2026-03-09 05:34:26,254 - INFO - 将种子集 写入位置: /home/wen/work/coup_spread/network.netDog/2026-3-11/seeds-with-network.netDog/random_ris_optimized_seedNum-175_SSRNum-50000.txt
2026-03-09 05:34:26,255 - INFO - 首次生成种子集 1hop_sort
2026-03-09 05:34:26,255 - INFO - 执行当前算法开始: 1hop_sort
2026-03-09 05:34:26,255 - INFO - --- Running: Teacher's 1-Hop Expected Spread Sort ---
2026-03-09 05:34:26,262 - INFO - 选出的前 5 个种子得分展示: [0.4 0.4 0.4 0.4 0.4]
2026-03-09 05:34:26,262 - INFO - 当前用时 0.01 秒
2026-03-09 05:34:26,262 - INFO - 将种子集 写入位置: /home/wen/work/coup_spread/network.netDog/2026-3-11/seeds-with-network.netDog/random_1hop_sort_seedNum-175_SSRNum-50000.txt
2026-03-09 05:34:26,263 - INFO - 评估种子集: None
2026-03-09 05:34:26,263 - INFO - 多进程评估开始，共有 6 个方法待评估...
2026-03-09 05:34:26,263 - INFO - 启动进程池，Worker数量: 6
2026-03-09 05:34:27,040 - INFO - [Process 4003593] 开始评估方法: random, 种子数: 175
2026-03-09 05:34:27,595 - INFO - [Process 4003594] 开始评估方法: degreeTopM, 种子数: 175
2026-03-09 05:34:28,170 - INFO - [Process 4003595] 开始评估方法: pageRank, 种子数: 175
2026-03-09 05:34:28,750 - INFO - [Process 4003596] 开始评估方法: alpha_sort, 种子数: 175
2026-03-09 05:34:29,335 - INFO - [Process 4003597] 开始评估方法: ris_optimized, 种子数: 175
2026-03-09 05:34:29,915 - INFO - [Process 4003598] 开始评估方法: 1hop_sort, 种子数: 175
2026-03-09 05:34:40,103 - INFO - [random - 种子:175] 拉新:127.9人 | 总销量:137.2单 | 品牌曝光:704.1次 | 🌟综合得分:202.9
2026-03-09 05:34:42,375 - INFO - [degreeTopM - 种子:175] 拉新:135.4人 | 总销量:153.1单 | 品牌曝光:774.0次 | 🌟综合得分:221.6
2026-03-09 05:34:42,874 - INFO - [pageRank - 种子:175] 拉新:135.6人 | 总销量:152.5单 | 品牌曝光:771.6次 | 🌟综合得分:221.2
2026-03-09 05:34:43,280 - INFO - [alpha_sort - 种子:175] 拉新:137.1人 | 总销量:151.8单 | 品牌曝光:768.7次 | 🌟综合得分:221.3
2026-03-09 05:34:44,079 - INFO - [ris_optimized - 种子:175] 拉新:144.4人 | 总销量:155.6单 | 品牌曝光:784.9次 | 🌟综合得分:228.5
2026-03-09 05:34:44,740 - INFO - [1hop_sort - 种子:175] 拉新:142.8人 | 总销量:155.1单 | 品牌曝光:782.4次 | 🌟综合得分:227.2
2026-03-09 05:34:44,780 - INFO - 所有进程执行完毕，开始写入数据...
2026-03-09 05:34:44,789 - INFO - 成功写入 6 条记录至 /home/wen/work/coup_spread/gzc-impl/results/network.netDog/2026-3-11/random_SSRNum-50000-_seedNum-175_simuTimes-500.csv
2026-03-09 05:34:44,790 - INFO - 保存评估文件至: /home/wen/work/coup_spread/gzc-impl/results/network.netDog/2026-3-11/random_SSRNum-50000-_seedNum-175_simuTimes-500.csv
2026-03-09 05:34:44,811 - INFO - 加载数据集: network.netDog
2026-03-09 05:34:44,812 - INFO - --- 矩阵分析 ---
2026-03-09 05:34:44,812 - INFO - 节点数 (N): 4502
2026-03-09 05:34:44,812 - INFO - 边数 (E): 29580
2026-03-09 05:34:44,812 - INFO - 密度 (Density): 0.00145944 (越小越稀疏)
2026-03-09 05:34:44,812 - INFO - 稀疏度 (Sparsity): 0.99854056 (越接近1越稀疏)
2026-03-09 05:34:44,812 - INFO - 平均度数 (Avg Degree): 6.57
2026-03-09 05:34:44,812 - INFO - >>> 正在注入完美对抗属性（验证三条定理）...
2026-03-09 05:34:44,855 - INFO - 首次生成种子集 random
2026-03-09 05:34:44,855 - INFO - 执行当前算法开始: random
2026-03-09 05:34:44,855 - INFO - 数据集节点总数:  n = 4502, m = 200
2026-03-09 05:34:44,856 - INFO - 选择 200  [2439, 209, 3699, 814, 3929, 2694, 1840, 1010, 3632, 2360, 2970, 263, 3363, 1051, 2870, 1916, 864, 3516, 2356, 4323, 2800, 1073, 4294, 1939, 1457, 3114, 4106, 702, 245, 3032, 4101, 2210, 1788, 3676, 3561, 4120, 2467, 4009, 562, 610, 3154, 2545, 1953, 3323, 1905, 3652, 3113, 14, 3525, 4447, 1139, 1383, 2993, 3924, 687, 3787, 4459, 823, 3841, 3080, 2392, 1834, 1342, 1883, 4474, 253, 2197, 2344, 2145, 2979, 1475, 3130, 1297, 2717, 2476, 3497, 2799, 3158, 609, 1640, 3872, 208, 239, 189, 1127, 3229, 3979, 2975, 4132, 132, 4402, 3083, 344, 1990, 2297, 4314, 757, 3451, 2381, 318, 476, 1572, 2927, 1534, 1811, 386, 548, 446, 564, 3696, 2521, 1946, 1636, 3818, 761, 2181, 1670, 2026, 350, 3102, 1925, 3053, 2390, 329, 1509, 2317, 3318, 3153, 3251, 629, 487, 560, 2989, 4224, 3272, 3974, 1919, 2658, 4431, 4481, 473, 3139, 3947, 4273, 2343, 654, 783, 1516, 2703, 4484, 1857, 831, 2025, 3099, 3134, 69, 1441, 3820, 1668, 632, 2659, 720, 454, 3830, 2943, 1102, 4149, 1050, 4351, 30, 1740, 63, 3033, 1411, 4357, 3919, 2812, 240, 3736, 431, 742, 133, 4189, 3876, 4082, 1654, 1152, 1560, 2934, 1739, 2352, 3391, 4370, 1770, 2400, 2416, 1308, 3663, 2064, 3770]

2026-03-09 05:34:44,856 - INFO - 当前用时 0.00 秒
2026-03-09 05:34:44,856 - INFO - 将种子集 写入位置: /home/wen/work/coup_spread/network.netDog/2026-3-11/seeds-with-network.netDog/random_random_seedNum-200_SSRNum-50000.txt
2026-03-09 05:34:44,856 - INFO - 首次生成种子集 degreeTopM
2026-03-09 05:34:44,856 - INFO - 执行当前算法开始: degreeTopM
2026-03-09 05:34:44,856 - INFO - 依据: 选择连接数（度数）最多的节点。
2026-03-09 05:34:44,857 - INFO - 选择的 Top M 节点及其度数:
2026-03-09 05:34:44,857 - INFO - 
2026-03-09 05:34:44,857 - INFO - 当前用时 0.00 秒
2026-03-09 05:34:44,857 - INFO - 将种子集 写入位置: /home/wen/work/coup_spread/network.netDog/2026-3-11/seeds-with-network.netDog/random_degreeTopM_seedNum-200_SSRNum-50000.txt
2026-03-09 05:34:44,857 - INFO - 首次生成种子集 pageRank
2026-03-09 05:34:44,858 - INFO - 执行当前算法开始: pageRank
2026-03-09 05:34:44,858 - INFO - --- Running: PageRank (on tranProMatrix) Top M ---
2026-03-09 05:34:45,121 - INFO - Selected PageRank seeds: [79, 135, 83, 16, 45, 133, 243, 36, 33, 12, 2, 125, 4, 167, 38, 77, 19, 17, 128, 129, 62, 329, 13, 35, 294, 14, 414, 318, 162, 26, 37, 15, 93, 46, 192, 61, 164, 279, 359, 120, 693, 123, 934, 52, 755, 254, 221, 127, 107, 208, 91, 183, 264, 152, 291, 223, 141, 316, 435, 324, 98, 44, 632, 8, 207, 681, 1157, 405, 104, 142, 150, 263, 916, 169, 583, 237, 261, 228, 1080, 526, 440, 165, 274, 22, 832, 811, 224, 292, 273, 564, 980, 54, 502, 112, 347, 173, 23, 1110, 1047, 194, 1018, 570, 976, 385, 1141, 235, 922, 615, 761, 262, 497, 63, 655, 812, 64, 616, 60, 301, 24, 298, 372, 248, 1287, 730, 960, 869, 72, 240, 594, 131, 238, 53, 280, 1081, 1392, 1419, 182, 784, 86, 1241, 1528, 929, 463, 419, 399, 687, 1418, 870, 1298, 1076, 1785, 1683, 58, 236, 239, 536, 352, 295, 55, 566, 88, 456, 376, 271, 299, 940, 156, 234, 576, 364, 477, 1543, 73, 596, 524, 1114, 21, 210, 663, 379, 837, 550, 517, 992, 1410, 1554, 373, 1134, 1348, 734, 18, 84, 258, 320, 75, 467, 198, 401, 735, 786]
2026-03-09 05:34:45,121 - INFO - 当前用时 0.26 秒
2026-03-09 05:34:45,122 - INFO - 将种子集 写入位置: /home/wen/work/coup_spread/network.netDog/2026-3-11/seeds-with-network.netDog/random_pageRank_seedNum-200_SSRNum-50000.txt
2026-03-09 05:34:45,122 - INFO - 首次生成种子集 alpha_sort
2026-03-09 05:34:45,122 - INFO - 执行当前算法开始: alpha_sort
2026-03-09 05:34:45,123 - INFO - 4502 个节点的alpha值降序排序 done
2026-03-09 05:34:45,123 - INFO - ==============>> [(0, np.float64(0.2)), (1, np.float64(0.2)), (2, np.float64(0.2)), (3, np.float64(0.2)), (4, np.float64(0.2)), (5, np.float64(0.2)), (6, np.float64(0.2)), (7, np.float64(0.2)), (8, np.float64(0.2)), (9, np.float64(0.2))]
2026-03-09 05:34:45,123 - INFO - 
选择的种子集 (按alpha排序): [0, 1, 2, 3, 4, 5, 6, 7, 8, 9, 10, 11, 12, 13, 14, 15, 16, 17, 18, 19, 20, 21, 22, 23, 24, 25, 26, 27, 28, 29, 30, 31, 32, 33, 34, 35, 36, 37, 38, 39, 40, 41, 42, 43, 44, 45, 46, 47, 48, 49, 50, 51, 52, 53, 54, 55, 56, 57, 58, 59, 60, 61, 62, 63, 64, 65, 66, 67, 68, 69, 70, 71, 72, 73, 74, 75, 76, 77, 78, 79, 80, 81, 82, 83, 84, 85, 86, 87, 88, 89, 90, 91, 92, 93, 94, 95, 96, 97, 98, 99, 100, 101, 102, 103, 104, 105, 106, 107, 108, 109, 110, 111, 112, 113, 114, 115, 116, 117, 118, 119, 120, 121, 122, 123, 124, 125, 126, 127, 128, 129, 130, 131, 132, 133, 134, 135, 136, 137, 138, 139, 140, 141, 142, 143, 144, 145, 146, 147, 148, 149, 150, 151, 152, 153, 154, 155, 156, 157, 158, 159, 160, 161, 162, 163, 164, 165, 166, 167, 168, 169, 170, 171, 172, 173, 174, 175, 176, 177, 178, 179, 180, 181, 182, 183, 184, 185, 186, 187, 188, 189, 190, 191, 192, 193, 194, 195, 196, 197, 198, 199]

2026-03-09 05:34:45,123 - INFO - 当前用时 0.00 秒
2026-03-09 05:34:45,123 - INFO - 将种子集 写入位置: /home/wen/work/coup_spread/network.netDog/2026-3-11/seeds-with-network.netDog/random_alpha_sort_seedNum-200_SSRNum-50000.txt
2026-03-09 05:34:45,123 - INFO - 首次生成种子集 ris_optimized
2026-03-09 05:34:45,123 - INFO - 执行当前算法开始: ris_optimized
2026-03-09 05:34:45,351 - INFO - 图初始化完成，节点数: 4502，当前模式: 优化采样
2026-03-09 05:34:45,351 - INFO - 开始生成 50000 组多重RR-Set...
2026-03-09 05:35:19,714 - INFO - 生成完毕。耗时: 34.36 秒。
2026-03-09 05:35:19,733 - INFO - 开始基于多重RR集贪心选择最优种子...
2026-03-09 05:35:29,118 - INFO - 选种完毕。耗时: 9.38 秒。估算范围: 309.02
2026-03-09 05:35:30,545 - INFO - 当前用时 45.42 秒
2026-03-09 05:35:30,545 - INFO - 将种子集 写入位置: /home/wen/work/coup_spread/network.netDog/2026-3-11/seeds-with-network.netDog/random_ris_optimized_seedNum-200_SSRNum-50000.txt
2026-03-09 05:35:30,546 - INFO - 首次生成种子集 1hop_sort
2026-03-09 05:35:30,546 - INFO - 执行当前算法开始: 1hop_sort
2026-03-09 05:35:30,546 - INFO - --- Running: Teacher's 1-Hop Expected Spread Sort ---
2026-03-09 05:35:30,553 - INFO - 选出的前 5 个种子得分展示: [0.4 0.4 0.4 0.4 0.4]
2026-03-09 05:35:30,553 - INFO - 当前用时 0.01 秒
2026-03-09 05:35:30,553 - INFO - 将种子集 写入位置: /home/wen/work/coup_spread/network.netDog/2026-3-11/seeds-with-network.netDog/random_1hop_sort_seedNum-200_SSRNum-50000.txt
2026-03-09 05:35:30,554 - INFO - 评估种子集: None
2026-03-09 05:35:30,554 - INFO - 多进程评估开始，共有 6 个方法待评估...
2026-03-09 05:35:30,554 - INFO - 启动进程池，Worker数量: 6
2026-03-09 05:35:31,333 - INFO - [Process 4004588] 开始评估方法: random, 种子数: 200
2026-03-09 05:35:31,900 - INFO - [Process 4004589] 开始评估方法: degreeTopM, 种子数: 200
2026-03-09 05:35:32,490 - INFO - [Process 4004590] 开始评估方法: pageRank, 种子数: 200
2026-03-09 05:35:33,071 - INFO - [Process 4004591] 开始评估方法: alpha_sort, 种子数: 200
2026-03-09 05:35:33,661 - INFO - [Process 4004592] 开始评估方法: ris_optimized, 种子数: 200
2026-03-09 05:35:34,246 - INFO - [Process 4004593] 开始评估方法: 1hop_sort, 种子数: 200
2026-03-09 05:35:46,377 - INFO - [random - 种子:200] 拉新:145.9人 | 总销量:160.1单 | 品牌曝光:820.9次 | 🌟综合得分:235.1
2026-03-09 05:35:48,471 - INFO - [degreeTopM - 种子:200] 拉新:152.5人 | 总销量:175.0单 | 品牌曝光:884.9次 | 🌟综合得分:252.3
2026-03-09 05:35:48,915 - INFO - [pageRank - 种子:200] 拉新:153.1人 | 总销量:174.2单 | 品牌曝光:880.6次 | 🌟综合得分:251.7
2026-03-09 05:35:49,406 - INFO - [alpha_sort - 种子:200] 拉新:155.3人 | 总销量:173.7单 | 品牌曝光:879.1次 | 🌟综合得分:252.4
2026-03-09 05:35:49,765 - INFO - [ris_optimized - 种子:200] 拉新:163.5人 | 总销量:177.8单 | 品牌曝光:896.2次 | 🌟综合得分:260.3
2026-03-09 05:35:51,507 - INFO - [1hop_sort - 种子:200] 拉新:161.6人 | 总销量:177.2单 | 品牌曝光:893.9次 | 🌟综合得分:258.8
2026-03-09 05:35:51,547 - INFO - 所有进程执行完毕，开始写入数据...
2026-03-09 05:35:51,557 - INFO - 成功写入 6 条记录至 /home/wen/work/coup_spread/gzc-impl/results/network.netDog/2026-3-11/random_SSRNum-50000-_seedNum-200_simuTimes-500.csv
2026-03-09 05:35:51,558 - INFO - 保存评估文件至: /home/wen/work/coup_spread/gzc-impl/results/network.netDog/2026-3-11/random_SSRNum-50000-_seedNum-200_simuTimes-500.csv
2026-03-09 05:35:51,581 - INFO - 加载数据集: network.netDog
2026-03-09 05:35:51,582 - INFO - --- 矩阵分析 ---
2026-03-09 05:35:51,582 - INFO - 节点数 (N): 4502
2026-03-09 05:35:51,582 - INFO - 边数 (E): 29580
2026-03-09 05:35:51,582 - INFO - 密度 (Density): 0.00145944 (越小越稀疏)
2026-03-09 05:35:51,582 - INFO - 稀疏度 (Sparsity): 0.99854056 (越接近1越稀疏)
2026-03-09 05:35:51,582 - INFO - 平均度数 (Avg Degree): 6.57
2026-03-09 05:35:51,582 - INFO - >>> 正在注入完美对抗属性（验证三条定理）...
2026-03-09 05:35:51,625 - INFO - 首次生成种子集 random
2026-03-09 05:35:51,625 - INFO - 执行当前算法开始: random
2026-03-09 05:35:51,626 - INFO - 数据集节点总数:  n = 4502, m = 225
2026-03-09 05:35:51,626 - INFO - 选择 225  [4436, 2664, 3195, 335, 4460, 58, 1061, 3011, 1265, 4290, 2653, 3216, 2796, 2983, 991, 1897, 1479, 1619, 2045, 573, 1871, 2638, 3029, 3086, 3550, 1312, 808, 10, 1156, 649, 954, 408, 3072, 4304, 439, 1452, 3107, 1173, 3965, 2233, 2518, 3248, 2376, 2772, 3084, 3877, 2468, 3340, 3347, 3843, 920, 1356, 1940, 2363, 3234, 1778, 2036, 207, 4416, 3250, 246, 154, 300, 3960, 3701, 2481, 3164, 633, 2253, 594, 1171, 1744, 1003, 3214, 2470, 2846, 1287, 614, 1378, 1626, 3649, 838, 2060, 855, 4497, 606, 2307, 772, 2601, 1425, 3426, 4322, 2697, 1927, 3350, 3525, 3811, 4493, 537, 4454, 2597, 852, 1829, 1027, 4228, 974, 1697, 3069, 311, 3469, 394, 124, 1982, 1947, 4169, 654, 2433, 2886, 607, 2996, 2598, 247, 3133, 2052, 3095, 2903, 90, 947, 3887, 1243, 3777, 1332, 735, 2062, 1885, 444, 738, 1604, 4365, 840, 2865, 1879, 4223, 2088, 2977, 705, 776, 2356, 760, 2063, 4008, 2078, 1816, 2620, 3534, 2173, 372, 1941, 3179, 3355, 619, 505, 3527, 2784, 17, 2114, 824, 229, 1176, 426, 4176, 736, 2755, 3140, 4338, 978, 1481, 3332, 420, 3331, 2929, 3374, 376, 1701, 2833, 1391, 4354, 1214, 521, 2578, 3044, 4038, 1836, 83, 2662, 2127, 2656, 1321, 1362, 4193, 4439, 4033, 378, 4400, 3479, 2892, 802, 831, 2323, 3914, 2689, 287, 2249, 3806, 1570, 2182, 4388, 2169, 1449, 1536, 843, 2993, 306, 2281, 4420]

2026-03-09 05:35:51,626 - INFO - 当前用时 0.00 秒
2026-03-09 05:35:51,626 - INFO - 将种子集 写入位置: /home/wen/work/coup_spread/network.netDog/2026-3-11/seeds-with-network.netDog/random_random_seedNum-225_SSRNum-50000.txt
2026-03-09 05:35:51,626 - INFO - 首次生成种子集 degreeTopM
2026-03-09 05:35:51,626 - INFO - 执行当前算法开始: degreeTopM
2026-03-09 05:35:51,626 - INFO - 依据: 选择连接数（度数）最多的节点。
2026-03-09 05:35:51,627 - INFO - 选择的 Top M 节点及其度数:
2026-03-09 05:35:51,627 - INFO - 
2026-03-09 05:35:51,627 - INFO - 当前用时 0.00 秒
2026-03-09 05:35:51,627 - INFO - 将种子集 写入位置: /home/wen/work/coup_spread/network.netDog/2026-3-11/seeds-with-network.netDog/random_degreeTopM_seedNum-225_SSRNum-50000.txt
2026-03-09 05:35:51,628 - INFO - 首次生成种子集 pageRank
2026-03-09 05:35:51,628 - INFO - 执行当前算法开始: pageRank
2026-03-09 05:35:51,628 - INFO - --- Running: PageRank (on tranProMatrix) Top M ---
2026-03-09 05:35:51,896 - INFO - Selected PageRank seeds: [79, 135, 83, 16, 45, 133, 243, 36, 33, 12, 2, 125, 4, 167, 38, 77, 19, 17, 128, 129, 62, 329, 13, 35, 294, 14, 414, 318, 162, 26, 37, 15, 93, 46, 192, 61, 164, 279, 359, 120, 693, 123, 934, 52, 755, 254, 221, 127, 107, 208, 91, 183, 264, 152, 291, 223, 141, 316, 435, 324, 98, 44, 632, 8, 207, 681, 1157, 405, 104, 142, 150, 263, 916, 169, 583, 237, 261, 228, 1080, 526, 440, 165, 274, 22, 832, 811, 224, 292, 273, 564, 980, 54, 502, 112, 347, 173, 23, 1110, 1047, 194, 1018, 570, 976, 385, 1141, 235, 922, 615, 761, 262, 497, 63, 655, 812, 64, 616, 60, 301, 24, 298, 372, 248, 1287, 730, 960, 869, 72, 240, 594, 131, 238, 53, 280, 1081, 1392, 1419, 182, 784, 86, 1241, 1528, 929, 463, 419, 399, 687, 1418, 870, 1298, 1076, 1785, 1683, 58, 236, 239, 536, 352, 295, 55, 566, 88, 456, 376, 271, 299, 940, 156, 234, 576, 364, 477, 1543, 73, 596, 524, 1114, 21, 210, 663, 379, 837, 550, 517, 992, 1410, 1554, 373, 1134, 1348, 734, 18, 84, 258, 320, 75, 467, 198, 401, 735, 786, 1152, 506, 1015, 326, 1265, 146, 620, 643, 96, 420, 375, 525, 1841, 277, 1035, 322, 508, 917, 1301, 259, 1300, 180, 1280, 1034, 1467]
2026-03-09 05:35:51,896 - INFO - 当前用时 0.27 秒
2026-03-09 05:35:51,896 - INFO - 将种子集 写入位置: /home/wen/work/coup_spread/network.netDog/2026-3-11/seeds-with-network.netDog/random_pageRank_seedNum-225_SSRNum-50000.txt
2026-03-09 05:35:51,897 - INFO - 首次生成种子集 alpha_sort
2026-03-09 05:35:51,897 - INFO - 执行当前算法开始: alpha_sort
2026-03-09 05:35:51,897 - INFO - 4502 个节点的alpha值降序排序 done
2026-03-09 05:35:51,898 - INFO - ==============>> [(0, np.float64(0.2)), (1, np.float64(0.2)), (2, np.float64(0.2)), (3, np.float64(0.2)), (4, np.float64(0.2)), (5, np.float64(0.2)), (6, np.float64(0.2)), (7, np.float64(0.2)), (8, np.float64(0.2)), (9, np.float64(0.2))]
2026-03-09 05:35:51,898 - INFO - 
选择的种子集 (按alpha排序): [0, 1, 2, 3, 4, 5, 6, 7, 8, 9, 10, 11, 12, 13, 14, 15, 16, 17, 18, 19, 20, 21, 22, 23, 24, 25, 26, 27, 28, 29, 30, 31, 32, 33, 34, 35, 36, 37, 38, 39, 40, 41, 42, 43, 44, 45, 46, 47, 48, 49, 50, 51, 52, 53, 54, 55, 56, 57, 58, 59, 60, 61, 62, 63, 64, 65, 66, 67, 68, 69, 70, 71, 72, 73, 74, 75, 76, 77, 78, 79, 80, 81, 82, 83, 84, 85, 86, 87, 88, 89, 90, 91, 92, 93, 94, 95, 96, 97, 98, 99, 100, 101, 102, 103, 104, 105, 106, 107, 108, 109, 110, 111, 112, 113, 114, 115, 116, 117, 118, 119, 120, 121, 122, 123, 124, 125, 126, 127, 128, 129, 130, 131, 132, 133, 134, 135, 136, 137, 138, 139, 140, 141, 142, 143, 144, 145, 146, 147, 148, 149, 150, 151, 152, 153, 154, 155, 156, 157, 158, 159, 160, 161, 162, 163, 164, 165, 166, 167, 168, 169, 170, 171, 172, 173, 174, 175, 176, 177, 178, 179, 180, 181, 182, 183, 184, 185, 186, 187, 188, 189, 190, 191, 192, 193, 194, 195, 196, 197, 198, 199, 200, 201, 202, 203, 204, 205, 206, 207, 208, 209, 210, 211, 212, 213, 214, 215, 216, 217, 218, 219, 220, 221, 222, 223, 224]

2026-03-09 05:35:51,898 - INFO - 当前用时 0.00 秒
2026-03-09 05:35:51,898 - INFO - 将种子集 写入位置: /home/wen/work/coup_spread/network.netDog/2026-3-11/seeds-with-network.netDog/random_alpha_sort_seedNum-225_SSRNum-50000.txt
2026-03-09 05:35:51,898 - INFO - 首次生成种子集 ris_optimized
2026-03-09 05:35:51,898 - INFO - 执行当前算法开始: ris_optimized
2026-03-09 05:35:52,126 - INFO - 图初始化完成，节点数: 4502，当前模式: 优化采样
2026-03-09 05:35:52,126 - INFO - 开始生成 50000 组多重RR-Set...
2026-03-09 05:36:31,935 - INFO - 生成完毕。耗时: 39.81 秒。
2026-03-09 05:36:31,950 - INFO - 开始基于多重RR集贪心选择最优种子...
2026-03-09 05:36:44,352 - INFO - 选种完毕。耗时: 12.40 秒。估算范围: 346.56
2026-03-09 05:36:47,440 - INFO - 当前用时 55.54 秒
2026-03-09 05:36:47,441 - INFO - 将种子集 写入位置: /home/wen/work/coup_spread/network.netDog/2026-3-11/seeds-with-network.netDog/random_ris_optimized_seedNum-225_SSRNum-50000.txt
2026-03-09 05:36:47,442 - INFO - 首次生成种子集 1hop_sort
2026-03-09 05:36:47,442 - INFO - 执行当前算法开始: 1hop_sort
2026-03-09 05:36:47,442 - INFO - --- Running: Teacher's 1-Hop Expected Spread Sort ---
2026-03-09 05:36:47,461 - INFO - 选出的前 5 个种子得分展示: [0.4 0.4 0.4 0.4 0.4]
2026-03-09 05:36:47,461 - INFO - 当前用时 0.02 秒
2026-03-09 05:36:47,461 - INFO - 将种子集 写入位置: /home/wen/work/coup_spread/network.netDog/2026-3-11/seeds-with-network.netDog/random_1hop_sort_seedNum-225_SSRNum-50000.txt
2026-03-09 05:36:47,463 - INFO - 评估种子集: None
2026-03-09 05:36:47,464 - INFO - 多进程评估开始，共有 6 个方法待评估...
2026-03-09 05:36:47,464 - INFO - 启动进程池，Worker数量: 6
2026-03-09 05:36:48,257 - INFO - [Process 4006005] 开始评估方法: random, 种子数: 225
2026-03-09 05:36:48,832 - INFO - [Process 4006006] 开始评估方法: degreeTopM, 种子数: 225
2026-03-09 05:36:49,393 - INFO - [Process 4006007] 开始评估方法: pageRank, 种子数: 225
2026-03-09 05:36:50,009 - INFO - [Process 4006008] 开始评估方法: alpha_sort, 种子数: 225
2026-03-09 05:36:50,603 - INFO - [Process 4006009] 开始评估方法: ris_optimized, 种子数: 225
2026-03-09 05:36:51,183 - INFO - [Process 4006010] 开始评估方法: 1hop_sort, 种子数: 225
2026-03-09 05:37:04,846 - INFO - [random - 种子:225] 拉新:167.1人 | 总销量:182.3单 | 品牌曝光:930.2次 | 🌟综合得分:267.7
2026-03-09 05:37:07,723 - INFO - [degreeTopM - 种子:225] 拉新:169.9人 | 总销量:197.2单 | 品牌曝光:996.3次 | 🌟综合得分:283.2
2026-03-09 05:37:07,929 - INFO - [pageRank - 种子:225] 拉新:170.5人 | 总销量:196.0单 | 品牌曝光:990.8次 | 🌟综合得分:282.3
2026-03-09 05:37:08,800 - INFO - [alpha_sort - 种子:225] 拉新:173.2人 | 总销量:196.0单 | 品牌曝光:991.1次 | 🌟综合得分:283.7
2026-03-09 05:37:09,449 - INFO - [ris_optimized - 种子:225] 拉新:182.4人 | 总销量:199.8单 | 品牌曝光:1007.2次 | 🌟综合得分:291.8
2026-03-09 05:37:10,350 - INFO - [1hop_sort - 种子:225] 拉新:180.0人 | 总销量:199.4单 | 品牌曝光:1005.4次 | 🌟综合得分:290.3
2026-03-09 05:37:10,390 - INFO - 所有进程执行完毕，开始写入数据...
2026-03-09 05:37:10,405 - INFO - 成功写入 6 条记录至 /home/wen/work/coup_spread/gzc-impl/results/network.netDog/2026-3-11/random_SSRNum-50000-_seedNum-225_simuTimes-500.csv
2026-03-09 05:37:10,406 - INFO - 保存评估文件至: /home/wen/work/coup_spread/gzc-impl/results/network.netDog/2026-3-11/random_SSRNum-50000-_seedNum-225_simuTimes-500.csv
2026-03-09 05:37:10,427 - INFO - 加载数据集: network.netDog
2026-03-09 05:37:10,428 - INFO - --- 矩阵分析 ---
2026-03-09 05:37:10,428 - INFO - 节点数 (N): 4502
2026-03-09 05:37:10,428 - INFO - 边数 (E): 29580
2026-03-09 05:37:10,428 - INFO - 密度 (Density): 0.00145944 (越小越稀疏)
2026-03-09 05:37:10,428 - INFO - 稀疏度 (Sparsity): 0.99854056 (越接近1越稀疏)
2026-03-09 05:37:10,429 - INFO - 平均度数 (Avg Degree): 6.57
2026-03-09 05:37:10,429 - INFO - >>> 正在注入完美对抗属性（验证三条定理）...
2026-03-09 05:37:10,472 - INFO - 首次生成种子集 random
2026-03-09 05:37:10,472 - INFO - 执行当前算法开始: random
2026-03-09 05:37:10,472 - INFO - 数据集节点总数:  n = 4502, m = 250
2026-03-09 05:37:10,472 - INFO - 选择 250  [1105, 649, 3140, 1917, 3646, 3207, 1638, 1341, 2357, 1904, 96, 3005, 2850, 3921, 374, 75, 3049, 2861, 2956, 3007, 2201, 2463, 866, 2609, 2713, 3714, 1279, 1090, 1215, 806, 4206, 1252, 2849, 1921, 124, 1646, 3350, 1148, 3602, 4231, 3175, 1055, 1691, 3766, 2786, 2046, 3986, 10, 1371, 4130, 2379, 3884, 3301, 3887, 3709, 3775, 3138, 1317, 2534, 4277, 2000, 1539, 2005, 1295, 3036, 4324, 3797, 4338, 3064, 1708, 3290, 471, 4344, 1906, 3720, 2179, 3270, 3496, 3147, 2172, 1111, 4466, 3943, 691, 1407, 3198, 3961, 1567, 4014, 2440, 3535, 2364, 2230, 2622, 4380, 1978, 3638, 1575, 2185, 4162, 167, 4418, 1621, 2465, 1284, 1106, 4171, 3483, 1884, 1202, 2926, 3082, 126, 2608, 3372, 270, 4172, 109, 760, 1412, 522, 4013, 1291, 3178, 2069, 2951, 2683, 347, 1907, 1051, 4264, 1122, 853, 1278, 3345, 2259, 2528, 104, 1187, 673, 34, 1245, 2859, 3024, 926, 4181, 589, 1915, 3635, 596, 2600, 1996, 89, 1572, 2838, 117, 3773, 1671, 1177, 1804, 1257, 2712, 3054, 1612, 4076, 4081, 3094, 4377, 704, 1598, 516, 4230, 1098, 592, 3230, 3691, 2068, 2509, 2953, 540, 2237, 4122, 3046, 1434, 3522, 1164, 1238, 1953, 2031, 2349, 279, 4461, 814, 1551, 2104, 3242, 3677, 2899, 3488, 2099, 1949, 3205, 1622, 3260, 3401, 2445, 2812, 2571, 1592, 3352, 1682, 99, 3106, 1914, 1326, 2351, 679, 2235, 1052, 2065, 747, 3312, 821, 1629, 2400, 1064, 3598, 3277, 3707, 74, 1472, 1807, 3011, 139, 59, 3263, 2885, 284, 3560, 1268, 4202, 3333, 2915, 3091, 2536, 3426, 3060, 3284, 3067, 280]

2026-03-09 05:37:10,472 - INFO - 当前用时 0.00 秒
2026-03-09 05:37:10,472 - INFO - 将种子集 写入位置: /home/wen/work/coup_spread/network.netDog/2026-3-11/seeds-with-network.netDog/random_random_seedNum-250_SSRNum-50000.txt
2026-03-09 05:37:10,473 - INFO - 首次生成种子集 degreeTopM
2026-03-09 05:37:10,473 - INFO - 执行当前算法开始: degreeTopM
2026-03-09 05:37:10,473 - INFO - 依据: 选择连接数（度数）最多的节点。
2026-03-09 05:37:10,473 - INFO - 选择的 Top M 节点及其度数:
2026-03-09 05:37:10,473 - INFO - 
2026-03-09 05:37:10,473 - INFO - 当前用时 0.00 秒
2026-03-09 05:37:10,474 - INFO - 将种子集 写入位置: /home/wen/work/coup_spread/network.netDog/2026-3-11/seeds-with-network.netDog/random_degreeTopM_seedNum-250_SSRNum-50000.txt
2026-03-09 05:37:10,474 - INFO - 首次生成种子集 pageRank
2026-03-09 05:37:10,474 - INFO - 执行当前算法开始: pageRank
2026-03-09 05:37:10,474 - INFO - --- Running: PageRank (on tranProMatrix) Top M ---
2026-03-09 05:37:10,741 - INFO - Selected PageRank seeds: [79, 135, 83, 16, 45, 133, 243, 36, 33, 12, 2, 125, 4, 167, 38, 77, 19, 17, 128, 129, 62, 329, 13, 35, 294, 14, 414, 318, 162, 26, 37, 15, 93, 46, 192, 61, 164, 279, 359, 120, 693, 123, 934, 52, 755, 254, 221, 127, 107, 208, 91, 183, 264, 152, 291, 223, 141, 316, 435, 324, 98, 44, 632, 8, 207, 681, 1157, 405, 104, 142, 150, 263, 916, 169, 583, 237, 261, 228, 1080, 526, 440, 165, 274, 22, 832, 811, 224, 292, 273, 564, 980, 54, 502, 112, 347, 173, 23, 1110, 1047, 194, 1018, 570, 976, 385, 1141, 235, 922, 615, 761, 262, 497, 63, 655, 812, 64, 616, 60, 301, 24, 298, 372, 248, 1287, 730, 960, 869, 72, 240, 594, 131, 238, 53, 280, 1081, 1392, 1419, 182, 784, 86, 1241, 1528, 929, 463, 419, 399, 687, 1418, 870, 1298, 1076, 1785, 1683, 58, 236, 239, 536, 352, 295, 55, 566, 88, 456, 376, 271, 299, 940, 156, 234, 576, 364, 477, 1543, 73, 596, 524, 1114, 21, 210, 663, 379, 837, 550, 517, 992, 1410, 1554, 373, 1134, 1348, 734, 18, 84, 258, 320, 75, 467, 198, 401, 735, 786, 1152, 506, 1015, 326, 1265, 146, 620, 643, 96, 420, 375, 525, 1841, 277, 1035, 322, 508, 917, 1301, 259, 1300, 180, 1280, 1034, 1467, 804, 1738, 1169, 698, 25, 956, 809, 283, 988, 1501, 863, 622, 2067, 314, 315, 1638, 855, 361, 913, 431, 901, 642, 441, 50, 581]
2026-03-09 05:37:10,741 - INFO - 当前用时 0.27 秒
2026-03-09 05:37:10,741 - INFO - 将种子集 写入位置: /home/wen/work/coup_spread/network.netDog/2026-3-11/seeds-with-network.netDog/random_pageRank_seedNum-250_SSRNum-50000.txt
2026-03-09 05:37:10,742 - INFO - 首次生成种子集 alpha_sort
2026-03-09 05:37:10,742 - INFO - 执行当前算法开始: alpha_sort
2026-03-09 05:37:10,742 - INFO - 4502 个节点的alpha值降序排序 done
2026-03-09 05:37:10,742 - INFO - ==============>> [(0, np.float64(0.2)), (1, np.float64(0.2)), (2, np.float64(0.2)), (3, np.float64(0.2)), (4, np.float64(0.2)), (5, np.float64(0.2)), (6, np.float64(0.2)), (7, np.float64(0.2)), (8, np.float64(0.2)), (9, np.float64(0.2))]
2026-03-09 05:37:10,743 - INFO - 
选择的种子集 (按alpha排序): [0, 1, 2, 3, 4, 5, 6, 7, 8, 9, 10, 11, 12, 13, 14, 15, 16, 17, 18, 19, 20, 21, 22, 23, 24, 25, 26, 27, 28, 29, 30, 31, 32, 33, 34, 35, 36, 37, 38, 39, 40, 41, 42, 43, 44, 45, 46, 47, 48, 49, 50, 51, 52, 53, 54, 55, 56, 57, 58, 59, 60, 61, 62, 63, 64, 65, 66, 67, 68, 69, 70, 71, 72, 73, 74, 75, 76, 77, 78, 79, 80, 81, 82, 83, 84, 85, 86, 87, 88, 89, 90, 91, 92, 93, 94, 95, 96, 97, 98, 99, 100, 101, 102, 103, 104, 105, 106, 107, 108, 109, 110, 111, 112, 113, 114, 115, 116, 117, 118, 119, 120, 121, 122, 123, 124, 125, 126, 127, 128, 129, 130, 131, 132, 133, 134, 135, 136, 137, 138, 139, 140, 141, 142, 143, 144, 145, 146, 147, 148, 149, 150, 151, 152, 153, 154, 155, 156, 157, 158, 159, 160, 161, 162, 163, 164, 165, 166, 167, 168, 169, 170, 171, 172, 173, 174, 175, 176, 177, 178, 179, 180, 181, 182, 183, 184, 185, 186, 187, 188, 189, 190, 191, 192, 193, 194, 195, 196, 197, 198, 199, 200, 201, 202, 203, 204, 205, 206, 207, 208, 209, 210, 211, 212, 213, 214, 215, 216, 217, 218, 219, 220, 221, 222, 223, 224, 225, 226, 227, 228, 229, 230, 231, 232, 233, 234, 235, 236, 237, 238, 239, 240, 241, 242, 243, 244, 245, 246, 247, 248, 249]

2026-03-09 05:37:10,743 - INFO - 当前用时 0.00 秒
2026-03-09 05:37:10,743 - INFO - 将种子集 写入位置: /home/wen/work/coup_spread/network.netDog/2026-3-11/seeds-with-network.netDog/random_alpha_sort_seedNum-250_SSRNum-50000.txt
2026-03-09 05:37:10,743 - INFO - 首次生成种子集 ris_optimized
2026-03-09 05:37:10,743 - INFO - 执行当前算法开始: ris_optimized
2026-03-09 05:37:10,972 - INFO - 图初始化完成，节点数: 4502，当前模式: 优化采样
2026-03-09 05:37:10,972 - INFO - 开始生成 50000 组多重RR-Set...
2026-03-09 05:37:50,231 - INFO - 生成完毕。耗时: 39.26 秒。
2026-03-09 05:37:50,247 - INFO - 开始基于多重RR集贪心选择最优种子...
2026-03-09 05:38:02,052 - INFO - 选种完毕。耗时: 11.80 秒。估算范围: 381.32
2026-03-09 05:38:03,467 - INFO - 当前用时 52.72 秒
2026-03-09 05:38:03,467 - INFO - 将种子集 写入位置: /home/wen/work/coup_spread/network.netDog/2026-3-11/seeds-with-network.netDog/random_ris_optimized_seedNum-250_SSRNum-50000.txt
2026-03-09 05:38:03,468 - INFO - 首次生成种子集 1hop_sort
2026-03-09 05:38:03,468 - INFO - 执行当前算法开始: 1hop_sort
2026-03-09 05:38:03,468 - INFO - --- Running: Teacher's 1-Hop Expected Spread Sort ---
2026-03-09 05:38:03,486 - INFO - 选出的前 5 个种子得分展示: [0.4 0.4 0.4 0.4 0.4]
2026-03-09 05:38:03,486 - INFO - 当前用时 0.02 秒
2026-03-09 05:38:03,486 - INFO - 将种子集 写入位置: /home/wen/work/coup_spread/network.netDog/2026-3-11/seeds-with-network.netDog/random_1hop_sort_seedNum-250_SSRNum-50000.txt
2026-03-09 05:38:03,487 - INFO - 评估种子集: None
2026-03-09 05:38:03,487 - INFO - 多进程评估开始，共有 6 个方法待评估...
2026-03-09 05:38:03,488 - INFO - 启动进程池，Worker数量: 6
2026-03-09 05:38:04,281 - INFO - [Process 4007124] 开始评估方法: random, 种子数: 250
2026-03-09 05:38:04,855 - INFO - [Process 4007125] 开始评估方法: degreeTopM, 种子数: 250
2026-03-09 05:38:05,435 - INFO - [Process 4007126] 开始评估方法: pageRank, 种子数: 250
2026-03-09 05:38:06,022 - INFO - [Process 4007127] 开始评估方法: alpha_sort, 种子数: 250
2026-03-09 05:38:06,610 - INFO - [Process 4007128] 开始评估方法: ris_optimized, 种子数: 250
2026-03-09 05:38:07,214 - INFO - [Process 4007129] 开始评估方法: 1hop_sort, 种子数: 250
2026-03-09 05:38:23,235 - INFO - [random - 种子:250] 拉新:181.5人 | 总销量:201.9单 | 品牌曝光:1032.7次 | 🌟综合得分:294.9
2026-03-09 05:38:25,699 - INFO - [degreeTopM - 种子:250] 拉新:187.7人 | 总销量:219.2单 | 品牌曝光:1108.0次 | 🌟综合得分:314.3
2026-03-09 05:38:26,055 - INFO - [pageRank - 种子:250] 拉新:188.1人 | 总销量:218.3单 | 品牌曝光:1103.9次 | 🌟综合得分:313.6
2026-03-09 05:38:26,764 - INFO - [alpha_sort - 种子:250] 拉新:190.8人 | 总销量:217.7单 | 品牌曝光:1101.9次 | 🌟综合得分:314.4
2026-03-09 05:38:28,156 - INFO - [ris_optimized - 种子:250] 拉新:201.3人 | 总销量:221.9单 | 品牌曝光:1120.1次 | 🌟综合得分:323.6
2026-03-09 05:38:28,622 - INFO - [1hop_sort - 种子:250] 拉新:198.2人 | 总销量:221.5单 | 品牌曝光:1118.3次 | 🌟综合得分:321.7
2026-03-09 05:38:28,663 - INFO - 所有进程执行完毕，开始写入数据...
2026-03-09 05:38:28,677 - INFO - 成功写入 6 条记录至 /home/wen/work/coup_spread/gzc-impl/results/network.netDog/2026-3-11/random_SSRNum-50000-_seedNum-250_simuTimes-500.csv
2026-03-09 05:38:28,678 - INFO - 保存评估文件至: /home/wen/work/coup_spread/gzc-impl/results/network.netDog/2026-3-11/random_SSRNum-50000-_seedNum-250_simuTimes-500.csv
2026-03-09 05:55:01,602 - INFO - 加载数据集: network.netDog
2026-03-09 05:55:01,603 - INFO - --- 矩阵分析 ---
2026-03-09 05:55:01,603 - INFO - 节点数 (N): 4502
2026-03-09 05:55:01,603 - INFO - 边数 (E): 29580
2026-03-09 05:55:01,603 - INFO - 密度 (Density): 0.00145944 (越小越稀疏)
2026-03-09 05:55:01,603 - INFO - 稀疏度 (Sparsity): 0.99854056 (越接近1越稀疏)
2026-03-09 05:55:01,603 - INFO - 平均度数 (Avg Degree): 6.57
2026-03-09 05:55:01,603 - INFO - >>> 正在注入完美对抗属性（验证三条定理）...
2026-03-09 05:55:01,647 - INFO - 从当前位置 读取种子集 /home/wen/work/coup_spread/network.netDog/2026-3-11/seeds-with-network.netDog/random_random_seedNum-50_SSRNum-50000.txt
2026-03-09 05:55:01,648 - INFO - 从当前位置 读取种子集 /home/wen/work/coup_spread/network.netDog/2026-3-11/seeds-with-network.netDog/random_degreeTopM_seedNum-50_SSRNum-50000.txt
