2026-03-11 11:25:16,154 - INFO - 加载数据集: network.EmailEnron
2026-03-11 11:25:16,158 - INFO - --- 矩阵分析 ---
2026-03-11 11:25:16,158 - INFO - 节点数 (N): 33696
2026-03-11 11:25:16,158 - INFO - 边数 (E): 361622
2026-03-11 11:25:16,158 - INFO - 密度 (Density): 0.00031849 (越小越稀疏)
2026-03-11 11:25:16,158 - INFO - 稀疏度 (Sparsity): 0.99968151 (越接近1越稀疏)
2026-03-11 11:25:16,158 - INFO - 平均度数 (Avg Degree): 10.73
2026-03-11 11:25:16,161 - INFO - 首次生成度相关概率分布 分布类型: 'log_continuous'.
2026-03-11 11:25:16,161 - INFO - ===> Generating 'Log-Continuous' distributions for Real Graph...
2026-03-11 11:25:16,540 - INFO - 保存概率分布 文件位置: /root/work/coupon/coup_spread/network.EmailEnron/2026-4-8/distribution-in-network.EmailEnron/distribution-log_continuous_seedNum-160.pkl
2026-03-11 11:25:17,050 - INFO - 首次生成种子集 random
2026-03-11 11:25:17,051 - INFO - 执行当前算法开始: random
2026-03-11 11:25:17,051 - INFO - 数据集节点总数:  n = 33696, m = 160
2026-03-11 11:25:17,051 - INFO - 选择 160  [24989, 13676, 9774, 14966, 30735, 25764, 4785, 28102, 9820, 26613, 14341, 19225, 862, 24144, 28443, 7450, 27665, 4697, 11886, 8084, 31212, 15121, 6459, 10336, 10543, 25997, 17350, 5701, 7979, 3038, 4590, 16144, 13137, 8696, 20311, 28999, 31261, 13340, 16304, 26227, 2120, 33306, 429, 19831, 20204, 2111, 26444, 6853, 1931, 17702, 7889, 16273, 14872, 2892, 9907, 15362, 19234, 15820, 31628, 1861, 13979, 7834, 2202, 2352, 31737, 2937, 4085, 5851, 14040, 33632, 9909, 11869, 5189, 31029, 15174, 734, 23085, 12813, 19261, 25284, 1679, 7500, 11543, 7247, 19044, 26797, 4622, 881, 11533, 5508, 20212, 30942, 13839, 11539, 1926, 23698, 27437, 12962, 8637, 26301, 10154, 1831, 21677, 17282, 6473, 32805, 19448, 8011, 9365, 4974, 10050, 10953, 27113, 27306, 24387, 24914, 28357, 27134, 18277, 17358, 7464, 32187, 7728, 3298, 26211, 7761, 25411, 8135, 1801, 27007, 7046, 7609, 26265, 1013, 11183, 5258, 29770, 18414, 20515, 25793, 12976, 29621, 15527, 17710, 12623, 7583, 28862, 14242, 20880, 14690, 8479, 3736, 27833, 28482, 15877, 16730, 30086, 1902, 9128, 28067]

2026-03-11 11:25:17,051 - INFO - 当前用时 0.00 秒
2026-03-11 11:25:17,051 - INFO - 将种子集 写入位置: /root/work/coupon/coup_spread/network.EmailEnron/2026-4-8/seeds-with-network.EmailEnron/log_continuous_random_seedNum-160_SSRNum-100000.txt
2026-03-11 11:25:17,051 - INFO - 首次生成种子集 degreeTopM
2026-03-11 11:25:17,051 - INFO - 执行当前算法开始: degreeTopM
2026-03-11 11:25:17,052 - INFO - 依据: 选择连接数（度数）最多的节点。
2026-03-11 11:25:17,055 - INFO - 选择的 Top M 节点及其度数:
2026-03-11 11:25:17,055 - INFO - 
2026-03-11 11:25:17,055 - INFO - 当前用时 0.00 秒
2026-03-11 11:25:17,055 - INFO - 将种子集 写入位置: /root/work/coupon/coup_spread/network.EmailEnron/2026-4-8/seeds-with-network.EmailEnron/log_continuous_degreeTopM_seedNum-160_SSRNum-100000.txt
2026-03-11 11:25:17,056 - INFO - 首次生成种子集 pageRank
2026-03-11 11:25:17,056 - INFO - 执行当前算法开始: pageRank
2026-03-11 11:25:17,056 - INFO - --- Running: PageRank (on tranProMatrix) Top M ---
2026-03-11 11:25:26,195 - INFO - Selected PageRank seeds: [5024, 273, 140, 588, 458, 566, 1028, 1139, 370, 893, 195, 823, 5055, 5008, 136, 95, 286, 1768, 5016, 76, 543, 292, 647, 8330, 353, 416, 734, 851, 155, 5019, 478, 530, 343, 1824, 613, 516, 887, 443, 213, 2628, 127, 652, 444, 90, 4735, 4061, 520, 1672, 3309, 128, 308, 93, 80, 114, 106, 1806, 3235, 342, 1528, 1031, 915, 554, 1569, 2751, 878, 2716, 1819, 175, 1817, 225, 188, 232, 802, 939, 1588, 20652, 78, 5223, 1507, 82, 241, 3159, 56, 639, 72, 2213, 102, 9112, 1330, 184, 200, 1053, 1334, 1233, 1371, 147, 929, 274, 301, 1443, 134, 4744, 109, 2735, 314, 74, 2321, 383, 360, 1821, 7940, 31856, 9120, 2664, 2937, 1161, 1046, 1725, 1304, 5022, 423, 2346, 686, 1935, 4151, 107, 89, 151, 91, 1061, 2251, 920, 1202, 815, 581, 585, 8543, 659, 255, 448, 4396, 526, 481, 4150, 471, 88, 367, 403, 265, 16553, 215, 400, 3172, 1365, 6903, 2945, 2635, 528, 452, 925]
2026-03-11 11:25:26,197 - INFO - 当前用时 9.14 秒
2026-03-11 11:25:26,197 - INFO - 将种子集 写入位置: /root/work/coupon/coup_spread/network.EmailEnron/2026-4-8/seeds-with-network.EmailEnron/log_continuous_pageRank_seedNum-160_SSRNum-100000.txt
2026-03-11 11:25:26,197 - INFO - 首次生成种子集 alpha_sort
2026-03-11 11:25:26,198 - INFO - 执行当前算法开始: alpha_sort
2026-03-11 11:25:26,213 - INFO - 33696 个节点的alpha值降序排序 done
2026-03-11 11:25:26,213 - INFO - ==============>> [(23782, np.float64(0.5780588759286728)), (18392, np.float64(0.5466538243225292)), (9749, np.float64(0.5388470659323543)), (28501, np.float64(0.5165631822338189)), (30542, np.float64(0.5114816298077859)), (33088, np.float64(0.5111584989404007)), (13003, np.float64(0.5094303312474385)), (21814, np.float64(0.5074071518209821)), (25671, np.float64(0.5036765279991776)), (14671, np.float64(0.5020472106915196))]
2026-03-11 11:25:26,213 - INFO - 
选择的种子集 (按alpha排序): [23782, 18392, 9749, 28501, 30542, 33088, 13003, 21814, 25671, 14671, 21545, 23810, 29299, 28877, 17611, 33462, 30523, 13079, 10903, 14977, 32163, 6544, 33562, 27313, 20731, 15032, 17460, 15254, 1554, 31896, 18105, 8862, 33070, 7513, 18762, 17989, 8348, 31664, 15594, 26995, 2876, 10959, 25122, 28482, 17250, 31965, 12022, 31087, 26653, 8568, 30638, 3626, 26988, 23859, 4588, 31175, 2471, 24670, 202, 22569, 8263, 18663, 20630, 29257, 15338, 11422, 4761, 26661, 15597, 32426, 4955, 18795, 32939, 28654, 29170, 11860, 16490, 4135, 23995, 25915, 21146, 4177, 8619, 24970, 10869, 32028, 32092, 26052, 24285, 17478, 27307, 4426, 15894, 28907, 7635, 23617, 5794, 18821, 30473, 21964, 23152, 16464, 24852, 8664, 4917, 14402, 6062, 13140, 11775, 31140, 30338, 23107, 4931, 13254, 20634, 11518, 25670, 22696, 23336, 19188, 31349, 14926, 12369, 14786, 8068, 27406, 33428, 571, 27656, 19855, 20548, 7244, 32225, 3253, 31056, 31172, 12937, 16296, 19822, 33021, 1649, 28508, 30085, 28371, 8449, 26139, 12048, 32062, 28414, 14598, 22619, 2584, 23973, 18805, 1375, 32956, 2823, 6719, 11402, 17283]

2026-03-11 11:25:26,215 - INFO - 当前用时 0.02 秒
2026-03-11 11:25:26,215 - INFO - 将种子集 写入位置: /root/work/coupon/coup_spread/network.EmailEnron/2026-4-8/seeds-with-network.EmailEnron/log_continuous_alpha_sort_seedNum-160_SSRNum-100000.txt
2026-03-11 11:25:26,215 - INFO - 首次生成种子集 ris_optimized
2026-03-11 11:25:26,215 - INFO - 执行当前算法开始: ris_optimized
2026-03-11 11:25:46,675 - INFO - 开始生成 100000 组多重RR-Set (万级节点极限内存优化版)...
2026-03-11 11:26:23,560 - INFO - 生成与倒排构建完毕。耗时: 36.88 秒。
2026-03-11 11:26:23,561 - INFO - 开始基于 Numpy 矩阵的高速贪心选择...
2026-03-11 11:26:32,829 - INFO - 高速选种完毕。耗时: 9.27 秒。估算范围: 370.54
2026-03-11 11:26:33,212 - INFO - 当前用时 67.00 秒
2026-03-11 11:26:33,212 - INFO - 将种子集 写入位置: /root/work/coupon/coup_spread/network.EmailEnron/2026-4-8/seeds-with-network.EmailEnron/log_continuous_ris_optimized_seedNum-160_SSRNum-100000.txt
2026-03-11 11:26:33,213 - INFO - 首次生成种子集 1hop_sort
2026-03-11 11:26:33,213 - INFO - 执行当前算法开始: 1hop_sort
2026-03-11 11:26:33,285 - INFO - 当前用时 0.07 秒
2026-03-11 11:26:33,286 - INFO - 将种子集 写入位置: /root/work/coupon/coup_spread/network.EmailEnron/2026-4-8/seeds-with-network.EmailEnron/log_continuous_1hop_sort_seedNum-160_SSRNum-100000.txt
2026-03-11 11:26:33,289 - INFO - 评估种子集: None
2026-03-11 11:26:33,290 - INFO - 多进程评估开始，共有 6 个方法待评估...
2026-03-11 11:26:33,290 - INFO - 启动进程池，Worker数量: 6
2026-03-11 11:26:59,617 - INFO - [Process 22810] 开始评估方法: random, 种子数: 160
2026-03-11 11:27:22,693 - INFO - [Process 22811] 开始评估方法: degreeTopM, 种子数: 160
2026-03-11 11:27:29,122 - INFO - [random - 种子:160] 拉新:46.7人 | 总销量:46.8单 | 品牌曝光:481.4次 | 🌟综合得分:94.8
2026-03-11 11:27:44,023 - INFO - [degreeTopM - 种子:160] 拉新:23.7人 | 总销量:23.8单 | 品牌曝光:375.4次 | 🌟综合得分:61.3
2026-03-11 11:27:48,526 - INFO - [Process 22812] 开始评估方法: pageRank, 种子数: 160
2026-03-11 11:28:09,422 - INFO - [pageRank - 种子:160] 拉新:25.6人 | 总销量:25.7单 | 品牌曝光:388.9次 | 🌟综合得分:64.6
2026-03-11 11:28:11,279 - INFO - [Process 22813] 开始评估方法: alpha_sort, 种子数: 160
2026-03-11 11:28:31,695 - INFO - [alpha_sort - 种子:160] 拉新:87.0人 | 总销量:87.1单 | 品牌曝光:380.1次 | 🌟综合得分:125.0
2026-03-11 11:28:34,313 - INFO - [Process 22814] 开始评估方法: ris_optimized, 种子数: 160
2026-03-11 11:28:57,672 - INFO - [Process 22815] 开始评估方法: 1hop_sort, 种子数: 160
2026-03-11 11:29:02,616 - INFO - [ris_optimized - 种子:160] 拉新:65.0人 | 总销量:65.2单 | 品牌曝光:448.9次 | 🌟综合得分:110.0
2026-03-11 11:29:21,314 - INFO - [1hop_sort - 种子:160] 拉新:91.1人 | 总销量:93.5单 | 品牌曝光:403.7次 | 🌟综合得分:132.7
2026-03-11 11:29:21,885 - INFO - 所有进程执行完毕，开始写入数据...
2026-03-11 11:29:21,898 - INFO - 成功写入 6 条记录至 /root/work/coupon/coup_spread/gzc-impl/results/network.EmailEnron/2026-4-8/log_continuous_SSRNum-100000-_seedNum-160_simuTimes-500.csv
2026-03-11 11:29:21,899 - INFO - 保存评估文件至: /root/work/coupon/coup_spread/gzc-impl/results/network.EmailEnron/2026-4-8/log_continuous_SSRNum-100000-_seedNum-160_simuTimes-500.csv
2026-03-11 11:29:21,989 - INFO - 加载数据集: network.EmailEnron
2026-03-11 11:29:21,992 - INFO - --- 矩阵分析 ---
2026-03-11 11:29:21,992 - INFO - 节点数 (N): 33696
2026-03-11 11:29:21,992 - INFO - 边数 (E): 361622
2026-03-11 11:29:21,992 - INFO - 密度 (Density): 0.00031849 (越小越稀疏)
2026-03-11 11:29:21,992 - INFO - 稀疏度 (Sparsity): 0.99968151 (越接近1越稀疏)
2026-03-11 11:29:21,992 - INFO - 平均度数 (Avg Degree): 10.73
2026-03-11 11:29:21,994 - INFO - 首次生成度相关概率分布 分布类型: 'log_continuous'.
2026-03-11 11:29:21,995 - INFO - ===> Generating 'Log-Continuous' distributions for Real Graph...
2026-03-11 11:29:22,370 - INFO - 保存概率分布 文件位置: /root/work/coupon/coup_spread/network.EmailEnron/2026-4-8/distribution-in-network.EmailEnron/distribution-log_continuous_seedNum-172.pkl
2026-03-11 11:29:22,893 - INFO - 首次生成种子集 random
2026-03-11 11:29:22,893 - INFO - 执行当前算法开始: random
2026-03-11 11:29:22,894 - INFO - 数据集节点总数:  n = 33696, m = 172
2026-03-11 11:29:22,894 - INFO - 选择 172  [9246, 31901, 4556, 19309, 1892, 2569, 30264, 9797, 7413, 16737, 16174, 6978, 33163, 23992, 2659, 2519, 22729, 23728, 20250, 21714, 20175, 32952, 1053, 2685, 13339, 28992, 13479, 13855, 22691, 2256, 22823, 5429, 29230, 21617, 28092, 30174, 9661, 3458, 5065, 23436, 7509, 17010, 4435, 14805, 23505, 4926, 12884, 10458, 17680, 24019, 26455, 2249, 3828, 23310, 26661, 12451, 25959, 21597, 2715, 21628, 10244, 23323, 2935, 23269, 17703, 31577, 1401, 21978, 24370, 31064, 25811, 18941, 1202, 16011, 12949, 5855, 12645, 14333, 2805, 8794, 17461, 17818, 18470, 17199, 20229, 21313, 13189, 30701, 10126, 29851, 32863, 3287, 5067, 26890, 22395, 20944, 16645, 8152, 8065, 24502, 8167, 1672, 23860, 2869, 24914, 19165, 1542, 20461, 19481, 20763, 752, 25565, 15578, 16916, 5410, 3088, 16720, 2166, 7641, 19935, 32028, 32747, 15261, 1677, 15694, 31919, 21819, 13719, 9674, 28348, 30953, 9933, 16271, 28218, 28691, 3578, 11320, 10463, 9580, 26380, 22717, 11611, 14917, 18913, 3485, 5848, 23424, 16876, 9000, 24700, 18783, 9473, 26362, 9454, 27358, 2511, 22166, 9512, 30038, 10541, 29986, 25997, 16743, 15400, 29959, 1834, 4563, 18453, 20646, 31382, 20073, 18206]

2026-03-11 11:29:22,894 - INFO - 当前用时 0.00 秒
2026-03-11 11:29:22,894 - INFO - 将种子集 写入位置: /root/work/coupon/coup_spread/network.EmailEnron/2026-4-8/seeds-with-network.EmailEnron/log_continuous_random_seedNum-172_SSRNum-100000.txt
2026-03-11 11:29:22,894 - INFO - 首次生成种子集 degreeTopM
2026-03-11 11:29:22,894 - INFO - 执行当前算法开始: degreeTopM
2026-03-11 11:29:22,894 - INFO - 依据: 选择连接数（度数）最多的节点。
2026-03-11 11:29:22,898 - INFO - 选择的 Top M 节点及其度数:
2026-03-11 11:29:22,898 - INFO - 
2026-03-11 11:29:22,898 - INFO - 当前用时 0.00 秒
2026-03-11 11:29:22,898 - INFO - 将种子集 写入位置: /root/work/coupon/coup_spread/network.EmailEnron/2026-4-8/seeds-with-network.EmailEnron/log_continuous_degreeTopM_seedNum-172_SSRNum-100000.txt
2026-03-11 11:29:22,899 - INFO - 首次生成种子集 pageRank
2026-03-11 11:29:22,899 - INFO - 执行当前算法开始: pageRank
2026-03-11 11:29:22,899 - INFO - --- Running: PageRank (on tranProMatrix) Top M ---
2026-03-11 11:29:32,654 - INFO - Selected PageRank seeds: [5024, 273, 140, 588, 458, 566, 1028, 1139, 370, 893, 195, 823, 5055, 5008, 136, 95, 286, 1768, 5016, 76, 543, 292, 647, 8330, 353, 416, 734, 851, 155, 5019, 478, 530, 343, 1824, 613, 516, 887, 443, 213, 2628, 127, 652, 444, 90, 4735, 4061, 520, 1672, 3309, 128, 308, 93, 80, 114, 106, 1806, 3235, 342, 1528, 1031, 915, 554, 1569, 2751, 878, 2716, 1819, 175, 1817, 225, 188, 232, 802, 939, 1588, 20652, 78, 5223, 1507, 82, 241, 3159, 56, 639, 72, 2213, 102, 9112, 1330, 184, 200, 1053, 1334, 1233, 1371, 147, 929, 274, 301, 1443, 134, 4744, 109, 2735, 314, 74, 2321, 383, 360, 1821, 7940, 31856, 9120, 2664, 2937, 1161, 1046, 1725, 1304, 5022, 423, 2346, 686, 1935, 4151, 107, 89, 151, 91, 1061, 2251, 920, 1202, 815, 581, 585, 8543, 659, 255, 448, 4396, 526, 481, 4150, 471, 88, 367, 403, 265, 16553, 215, 400, 3172, 1365, 6903, 2945, 2635, 528, 452, 925, 1095, 694, 299, 539, 20693, 316, 3213, 133, 233, 75, 592, 5006]
2026-03-11 11:29:32,656 - INFO - 当前用时 9.76 秒
2026-03-11 11:29:32,657 - INFO - 将种子集 写入位置: /root/work/coupon/coup_spread/network.EmailEnron/2026-4-8/seeds-with-network.EmailEnron/log_continuous_pageRank_seedNum-172_SSRNum-100000.txt
2026-03-11 11:29:32,657 - INFO - 首次生成种子集 alpha_sort
2026-03-11 11:29:32,657 - INFO - 执行当前算法开始: alpha_sort
2026-03-11 11:29:32,676 - INFO - 33696 个节点的alpha值降序排序 done
2026-03-11 11:29:32,677 - INFO - ==============>> [(13753, np.float64(0.5332080956762449)), (14748, np.float64(0.5254036550550572)), (28684, np.float64(0.5190978585607858)), (21745, np.float64(0.5102168371675935)), (7797, np.float64(0.5078929629953124)), (32055, np.float64(0.5028002129668608)), (3546, np.float64(0.5026592802855497)), (27409, np.float64(0.49595726681622454)), (24789, np.float64(0.48537933302543845)), (2940, np.float64(0.48400063663744725))]
2026-03-11 11:29:32,677 - INFO - 
选择的种子集 (按alpha排序): [13753, 14748, 28684, 21745, 7797, 32055, 3546, 27409, 24789, 2940, 32465, 14788, 30952, 2832, 11252, 30417, 14818, 26001, 25433, 3454, 25340, 19452, 3870, 6315, 23589, 18906, 14773, 25343, 16895, 32354, 24361, 11124, 20463, 17637, 13512, 31017, 24426, 16199, 27636, 18149, 15612, 22911, 2172, 22756, 23841, 30981, 26293, 25249, 29819, 21136, 21667, 12790, 27512, 30062, 8909, 18151, 3953, 31788, 6261, 14501, 9701, 19468, 1727, 30852, 30107, 11039, 19149, 11579, 21622, 19958, 12219, 10761, 11717, 7814, 20003, 10613, 28321, 10768, 9245, 21736, 14651, 18360, 24129, 27039, 29604, 21481, 14923, 9504, 1146, 23892, 21724, 11029, 15763, 28688, 33199, 23350, 27471, 5874, 21713, 9694, 26397, 23707, 27332, 19034, 29142, 24237, 4911, 28230, 14408, 28103, 26317, 12824, 10612, 24939, 7402, 9906, 25031, 29061, 16845, 28097, 5604, 32588, 15869, 10114, 2247, 15733, 317, 1529, 28038, 21543, 27215, 21507, 18451, 25669, 34, 30523, 28001, 23473, 1530, 25310, 3978, 24145, 6744, 25700, 10574, 10757, 24213, 21333, 32261, 14536, 8314, 30950, 23262, 27808, 14474, 28503, 20585, 33307, 21067, 9023, 15723, 31560, 16324, 18108, 32657, 25158, 30148, 27658, 11744, 3316, 29806, 31381]

2026-03-11 11:29:32,678 - INFO - 当前用时 0.02 秒
2026-03-11 11:29:32,678 - INFO - 将种子集 写入位置: /root/work/coupon/coup_spread/network.EmailEnron/2026-4-8/seeds-with-network.EmailEnron/log_continuous_alpha_sort_seedNum-172_SSRNum-100000.txt
2026-03-11 11:29:32,678 - INFO - 首次生成种子集 ris_optimized
2026-03-11 11:29:32,679 - INFO - 执行当前算法开始: ris_optimized
2026-03-11 11:29:53,308 - INFO - 开始生成 100000 组多重RR-Set (万级节点极限内存优化版)...
2026-03-11 11:30:36,081 - INFO - 生成与倒排构建完毕。耗时: 42.77 秒。
2026-03-11 11:30:36,082 - INFO - 开始基于 Numpy 矩阵的高速贪心选择...
2026-03-11 11:30:47,319 - INFO - 高速选种完毕。耗时: 11.24 秒。估算范围: 393.19
2026-03-11 11:30:47,735 - INFO - 当前用时 75.06 秒
2026-03-11 11:30:47,736 - INFO - 将种子集 写入位置: /root/work/coupon/coup_spread/network.EmailEnron/2026-4-8/seeds-with-network.EmailEnron/log_continuous_ris_optimized_seedNum-172_SSRNum-100000.txt
2026-03-11 11:30:47,736 - INFO - 首次生成种子集 1hop_sort
2026-03-11 11:30:47,736 - INFO - 执行当前算法开始: 1hop_sort
2026-03-11 11:30:47,770 - INFO - 当前用时 0.03 秒
2026-03-11 11:30:47,770 - INFO - 将种子集 写入位置: /root/work/coupon/coup_spread/network.EmailEnron/2026-4-8/seeds-with-network.EmailEnron/log_continuous_1hop_sort_seedNum-172_SSRNum-100000.txt
2026-03-11 11:30:47,774 - INFO - 评估种子集: None
2026-03-11 11:30:47,774 - INFO - 多进程评估开始，共有 6 个方法待评估...
2026-03-11 11:30:47,774 - INFO - 启动进程池，Worker数量: 6
2026-03-11 11:31:15,295 - INFO - [Process 23843] 开始评估方法: random, 种子数: 172
2026-03-11 11:31:39,741 - INFO - [Process 23844] 开始评估方法: degreeTopM, 种子数: 172
2026-03-11 11:31:48,957 - INFO - [random - 种子:172] 拉新:49.6人 | 总销量:49.8单 | 品牌曝光:507.8次 | 🌟综合得分:100.5
2026-03-11 11:32:02,938 - INFO - [degreeTopM - 种子:172] 拉新:23.8人 | 总销量:23.9单 | 品牌曝光:397.6次 | 🌟综合得分:63.6
2026-03-11 11:32:05,893 - INFO - [Process 23849] 开始评估方法: pageRank, 种子数: 172
2026-03-11 11:32:28,246 - INFO - [pageRank - 种子:172] 拉新:25.7人 | 总销量:25.8单 | 品牌曝光:416.4次 | 🌟综合得分:67.4
2026-03-11 11:32:29,274 - INFO - [Process 23855] 开始评估方法: alpha_sort, 种子数: 172
2026-03-11 11:32:51,445 - INFO - [alpha_sort - 种子:172] 拉新:92.6人 | 总销量:92.9单 | 品牌曝光:401.8次 | 🌟综合得分:132.9
2026-03-11 11:32:52,986 - INFO - [Process 23856] 开始评估方法: ris_optimized, 种子数: 172
2026-03-11 11:33:15,240 - INFO - [Process 23857] 开始评估方法: 1hop_sort, 种子数: 172
2026-03-11 11:33:23,251 - INFO - [ris_optimized - 种子:172] 拉新:66.8人 | 总销量:67.0单 | 品牌曝光:498.9次 | 🌟综合得分:116.8
2026-03-11 11:33:39,424 - INFO - [1hop_sort - 种子:172] 拉新:98.1人 | 总销量:102.0单 | 品牌曝光:438.2次 | 🌟综合得分:143.9
2026-03-11 11:33:40,008 - INFO - 所有进程执行完毕，开始写入数据...
2026-03-11 11:33:40,017 - INFO - 成功写入 6 条记录至 /root/work/coupon/coup_spread/gzc-impl/results/network.EmailEnron/2026-4-8/log_continuous_SSRNum-100000-_seedNum-172_simuTimes-500.csv
2026-03-11 11:33:40,018 - INFO - 保存评估文件至: /root/work/coupon/coup_spread/gzc-impl/results/network.EmailEnron/2026-4-8/log_continuous_SSRNum-100000-_seedNum-172_simuTimes-500.csv
2026-03-11 11:33:40,111 - INFO - 加载数据集: network.EmailEnron
2026-03-11 11:33:40,114 - INFO - --- 矩阵分析 ---
2026-03-11 11:33:40,114 - INFO - 节点数 (N): 33696
2026-03-11 11:33:40,114 - INFO - 边数 (E): 361622
2026-03-11 11:33:40,114 - INFO - 密度 (Density): 0.00031849 (越小越稀疏)
2026-03-11 11:33:40,114 - INFO - 稀疏度 (Sparsity): 0.99968151 (越接近1越稀疏)
2026-03-11 11:33:40,114 - INFO - 平均度数 (Avg Degree): 10.73
2026-03-11 11:33:40,117 - INFO - 首次生成度相关概率分布 分布类型: 'log_continuous'.
2026-03-11 11:33:40,117 - INFO - ===> Generating 'Log-Continuous' distributions for Real Graph...
2026-03-11 11:33:40,499 - INFO - 保存概率分布 文件位置: /root/work/coupon/coup_spread/network.EmailEnron/2026-4-8/distribution-in-network.EmailEnron/distribution-log_continuous_seedNum-184.pkl
2026-03-11 11:33:41,020 - INFO - 首次生成种子集 random
2026-03-11 11:33:41,021 - INFO - 执行当前算法开始: random
2026-03-11 11:33:41,021 - INFO - 数据集节点总数:  n = 33696, m = 184
2026-03-11 11:33:41,021 - INFO - 选择 184  [12692, 27366, 32526, 12674, 29388, 20510, 17264, 12910, 14669, 6104, 21832, 1840, 9721, 27399, 15019, 15497, 32119, 31395, 28036, 26686, 24493, 24565, 11516, 25330, 28136, 1895, 32858, 11600, 945, 31490, 8327, 140, 3206, 3651, 20746, 11788, 28706, 31882, 8508, 29357, 17929, 278, 12819, 17658, 1675, 17862, 21922, 13921, 18788, 1895, 30635, 13404, 24704, 5249, 9166, 33242, 33136, 20879, 30460, 17407, 2074, 14034, 14965, 6712, 29352, 21063, 25561, 30862, 16432, 22434, 33028, 8134, 24925, 4656, 26009, 428, 24608, 28759, 9031, 6771, 13426, 8907, 26634, 33012, 1880, 3076, 26967, 1844, 4645, 17566, 13569, 26965, 21781, 1119, 10366, 28158, 8111, 144, 6436, 26654, 20581, 10168, 28467, 315, 10386, 31243, 18766, 30418, 25629, 8749, 31303, 20348, 2065, 1117, 8309, 21114, 1624, 1578, 12529, 12605, 20468, 14420, 6342, 19192, 28664, 16984, 29986, 21175, 5933, 120, 5175, 2631, 9406, 28418, 23641, 24849, 22356, 16222, 2848, 30634, 4430, 22102, 17032, 20986, 29181, 4987, 14702, 23436, 23087, 31693, 33163, 10275, 24462, 6815, 26950, 10149, 12247, 17288, 28333, 28949, 15801, 13931, 22709, 16697, 18832, 19921, 25905, 6926, 15794, 9032, 5005, 14355, 11298, 10300, 19465, 17455, 21616, 25621, 32450, 11835, 11612, 9601, 24306, 2606]

2026-03-11 11:33:41,021 - INFO - 当前用时 0.00 秒
2026-03-11 11:33:41,021 - INFO - 将种子集 写入位置: /root/work/coupon/coup_spread/network.EmailEnron/2026-4-8/seeds-with-network.EmailEnron/log_continuous_random_seedNum-184_SSRNum-100000.txt
2026-03-11 11:33:41,021 - INFO - 首次生成种子集 degreeTopM
2026-03-11 11:33:41,021 - INFO - 执行当前算法开始: degreeTopM
2026-03-11 11:33:41,022 - INFO - 依据: 选择连接数（度数）最多的节点。
2026-03-11 11:33:41,025 - INFO - 选择的 Top M 节点及其度数:
2026-03-11 11:33:41,025 - INFO - 
2026-03-11 11:33:41,025 - INFO - 当前用时 0.00 秒
2026-03-11 11:33:41,025 - INFO - 将种子集 写入位置: /root/work/coupon/coup_spread/network.EmailEnron/2026-4-8/seeds-with-network.EmailEnron/log_continuous_degreeTopM_seedNum-184_SSRNum-100000.txt
2026-03-11 11:33:41,026 - INFO - 首次生成种子集 pageRank
2026-03-11 11:33:41,026 - INFO - 执行当前算法开始: pageRank
2026-03-11 11:33:41,026 - INFO - --- Running: PageRank (on tranProMatrix) Top M ---
2026-03-11 11:33:50,355 - INFO - Selected PageRank seeds: [5024, 273, 140, 588, 458, 566, 1028, 1139, 370, 893, 195, 823, 5055, 5008, 136, 95, 286, 1768, 5016, 76, 543, 292, 647, 8330, 353, 416, 734, 851, 155, 5019, 478, 530, 343, 1824, 613, 516, 887, 443, 213, 2628, 127, 652, 444, 90, 4735, 4061, 520, 1672, 3309, 128, 308, 93, 80, 114, 106, 1806, 3235, 342, 1528, 1031, 915, 554, 1569, 2751, 878, 2716, 1819, 175, 1817, 225, 188, 232, 802, 939, 1588, 20652, 78, 5223, 1507, 82, 241, 3159, 56, 639, 72, 2213, 102, 9112, 1330, 184, 200, 1053, 1334, 1233, 1371, 147, 929, 274, 301, 1443, 134, 4744, 109, 2735, 314, 74, 2321, 383, 360, 1821, 7940, 31856, 9120, 2664, 2937, 1161, 1046, 1725, 1304, 5022, 423, 2346, 686, 1935, 4151, 107, 89, 151, 91, 1061, 2251, 920, 1202, 815, 581, 585, 8543, 659, 255, 448, 4396, 526, 481, 4150, 471, 88, 367, 403, 265, 16553, 215, 400, 3172, 1365, 6903, 2945, 2635, 528, 452, 925, 1095, 694, 299, 539, 20693, 316, 3213, 133, 233, 75, 592, 5006, 1927, 1793, 4869, 385, 3025, 480, 499, 2109, 442, 4616, 1076, 924]
2026-03-11 11:33:50,356 - INFO - 当前用时 9.33 秒
2026-03-11 11:33:50,357 - INFO - 将种子集 写入位置: /root/work/coupon/coup_spread/network.EmailEnron/2026-4-8/seeds-with-network.EmailEnron/log_continuous_pageRank_seedNum-184_SSRNum-100000.txt
2026-03-11 11:33:50,357 - INFO - 首次生成种子集 alpha_sort
2026-03-11 11:33:50,357 - INFO - 执行当前算法开始: alpha_sort
2026-03-11 11:33:50,376 - INFO - 33696 个节点的alpha值降序排序 done
2026-03-11 11:33:50,376 - INFO - ==============>> [(21058, np.float64(0.5580834171652206)), (11845, np.float64(0.5548535145580249)), (25357, np.float64(0.5489256356077833)), (30489, np.float64(0.525886779961902)), (28858, np.float64(0.5242801564335655)), (16596, np.float64(0.5198979384437105)), (2127, np.float64(0.5193825233578145)), (29120, np.float64(0.5191569338669466)), (20807, np.float64(0.5044961374813703)), (9756, np.float64(0.4998686157080145))]
2026-03-11 11:33:50,376 - INFO - 
选择的种子集 (按alpha排序): [21058, 11845, 25357, 30489, 28858, 16596, 2127, 29120, 20807, 9756, 6408, 16256, 10791, 14692, 14994, 28708, 24353, 16474, 10101, 11700, 26615, 29461, 28158, 11681, 26270, 31448, 19299, 1699, 23461, 27270, 21706, 21374, 13888, 10645, 15723, 2283, 8562, 3848, 29296, 8828, 8471, 19584, 26358, 16776, 26051, 5267, 18226, 27145, 22691, 13152, 5964, 23095, 26909, 6949, 10018, 32859, 24150, 25965, 26064, 9687, 30040, 2900, 33416, 33393, 30546, 26243, 20296, 17970, 28896, 28415, 2737, 24034, 30479, 31218, 18875, 22802, 16826, 22810, 17722, 23844, 9689, 30176, 16559, 10986, 29828, 33459, 1963, 27826, 22496, 15018, 21616, 8281, 21630, 23760, 14072, 25817, 27359, 24971, 6233, 4714, 12468, 7493, 10134, 9359, 20481, 32568, 30011, 16947, 17644, 9789, 3491, 31378, 14782, 27663, 7039, 1973, 3875, 2306, 24138, 11862, 24997, 27733, 26611, 31947, 31825, 6059, 15689, 17732, 19587, 13901, 23823, 31060, 16074, 30349, 11946, 17786, 7247, 3346, 1687, 21084, 17517, 8323, 32356, 31340, 23796, 16454, 10251, 30705, 22380, 17655, 9695, 14866, 15037, 20406, 33557, 5147, 26294, 29947, 25698, 22546, 28059, 21944, 10237, 13984, 19570, 3910, 11461, 25579, 7009, 26888, 19595, 28662, 10550, 18879, 11478, 19533, 5828, 16209, 30732, 13367, 13066, 29965, 26624, 31237]

2026-03-11 11:33:50,377 - INFO - 当前用时 0.02 秒
2026-03-11 11:33:50,377 - INFO - 将种子集 写入位置: /root/work/coupon/coup_spread/network.EmailEnron/2026-4-8/seeds-with-network.EmailEnron/log_continuous_alpha_sort_seedNum-184_SSRNum-100000.txt
2026-03-11 11:33:50,377 - INFO - 首次生成种子集 ris_optimized
2026-03-11 11:33:50,377 - INFO - 执行当前算法开始: ris_optimized
2026-03-11 11:34:11,699 - INFO - 开始生成 100000 组多重RR-Set (万级节点极限内存优化版)...
2026-03-11 11:34:53,843 - INFO - 生成与倒排构建完毕。耗时: 42.14 秒。
2026-03-11 11:34:53,844 - INFO - 开始基于 Numpy 矩阵的高速贪心选择...
2026-03-11 11:35:05,468 - INFO - 高速选种完毕。耗时: 11.62 秒。估算范围: 423.37
2026-03-11 11:35:05,910 - INFO - 当前用时 75.53 秒
2026-03-11 11:35:05,910 - INFO - 将种子集 写入位置: /root/work/coupon/coup_spread/network.EmailEnron/2026-4-8/seeds-with-network.EmailEnron/log_continuous_ris_optimized_seedNum-184_SSRNum-100000.txt
2026-03-11 11:35:05,911 - INFO - 首次生成种子集 1hop_sort
2026-03-11 11:35:05,911 - INFO - 执行当前算法开始: 1hop_sort
2026-03-11 11:35:05,936 - INFO - 当前用时 0.03 秒
2026-03-11 11:35:05,937 - INFO - 将种子集 写入位置: /root/work/coupon/coup_spread/network.EmailEnron/2026-4-8/seeds-with-network.EmailEnron/log_continuous_1hop_sort_seedNum-184_SSRNum-100000.txt
2026-03-11 11:35:05,940 - INFO - 评估种子集: None
2026-03-11 11:35:05,940 - INFO - 多进程评估开始，共有 6 个方法待评估...
2026-03-11 11:35:05,940 - INFO - 启动进程池，Worker数量: 6
2026-03-11 11:35:31,900 - INFO - [Process 24501] 开始评估方法: random, 种子数: 184
2026-03-11 11:35:55,113 - INFO - [Process 24502] 开始评估方法: degreeTopM, 种子数: 184
2026-03-11 11:36:06,989 - INFO - [random - 种子:184] 拉新:56.1人 | 总销量:56.2单 | 品牌曝光:562.5次 | 🌟综合得分:112.4
2026-03-11 11:36:19,431 - INFO - [degreeTopM - 种子:184] 拉新:27.4人 | 总销量:27.6单 | 品牌曝光:428.5次 | 🌟综合得分:70.4
2026-03-11 11:36:21,928 - INFO - [Process 24503] 开始评估方法: pageRank, 种子数: 184
2026-03-11 11:36:44,931 - INFO - [Process 24504] 开始评估方法: alpha_sort, 种子数: 184
2026-03-11 11:36:45,456 - INFO - [pageRank - 种子:184] 拉新:29.3人 | 总销量:29.4单 | 品牌曝光:443.4次 | 🌟综合得分:73.7
2026-03-11 11:37:08,808 - INFO - [alpha_sort - 种子:184] 拉新:97.5人 | 总销量:97.7单 | 品牌曝光:431.5次 | 🌟综合得分:140.8
2026-03-11 11:37:08,939 - INFO - [Process 24505] 开始评估方法: ris_optimized, 种子数: 184
2026-03-11 11:37:33,701 - INFO - [Process 24506] 开始评估方法: 1hop_sort, 种子数: 184
2026-03-11 11:37:39,525 - INFO - [ris_optimized - 种子:184] 拉新:71.9人 | 总销量:72.1单 | 品牌曝光:513.3次 | 🌟综合得分:123.3
2026-03-11 11:37:58,557 - INFO - [1hop_sort - 种子:184] 拉新:100.0人 | 总销量:109.0单 | 品牌曝光:471.4次 | 🌟综合得分:151.7
2026-03-11 11:37:59,097 - INFO - 所有进程执行完毕，开始写入数据...
2026-03-11 11:37:59,105 - INFO - 成功写入 6 条记录至 /root/work/coupon/coup_spread/gzc-impl/results/network.EmailEnron/2026-4-8/log_continuous_SSRNum-100000-_seedNum-184_simuTimes-500.csv
2026-03-11 11:37:59,107 - INFO - 保存评估文件至: /root/work/coupon/coup_spread/gzc-impl/results/network.EmailEnron/2026-4-8/log_continuous_SSRNum-100000-_seedNum-184_simuTimes-500.csv
2026-03-11 11:37:59,197 - INFO - 加载数据集: network.EmailEnron
2026-03-11 11:37:59,201 - INFO - --- 矩阵分析 ---
2026-03-11 11:37:59,201 - INFO - 节点数 (N): 33696
2026-03-11 11:37:59,201 - INFO - 边数 (E): 361622
2026-03-11 11:37:59,201 - INFO - 密度 (Density): 0.00031849 (越小越稀疏)
2026-03-11 11:37:59,201 - INFO - 稀疏度 (Sparsity): 0.99968151 (越接近1越稀疏)
2026-03-11 11:37:59,201 - INFO - 平均度数 (Avg Degree): 10.73
2026-03-11 11:37:59,204 - INFO - 首次生成度相关概率分布 分布类型: 'log_continuous'.
2026-03-11 11:37:59,204 - INFO - ===> Generating 'Log-Continuous' distributions for Real Graph...
2026-03-11 11:37:59,595 - INFO - 保存概率分布 文件位置: /root/work/coupon/coup_spread/network.EmailEnron/2026-4-8/distribution-in-network.EmailEnron/distribution-log_continuous_seedNum-196.pkl
2026-03-11 11:38:00,115 - INFO - 首次生成种子集 random
2026-03-11 11:38:00,115 - INFO - 执行当前算法开始: random
2026-03-11 11:38:00,115 - INFO - 数据集节点总数:  n = 33696, m = 196
2026-03-11 11:38:00,115 - INFO - 选择 196  [23158, 20431, 11675, 4176, 14523, 29527, 29665, 28978, 24734, 28036, 15, 22961, 15601, 4112, 30695, 9481, 11160, 27186, 14236, 23883, 22517, 13401, 25692, 26697, 7156, 28157, 19544, 12413, 20216, 22669, 4210, 31754, 885, 3293, 23933, 2266, 7276, 29064, 25872, 9795, 15730, 21113, 32889, 20963, 4723, 20994, 16174, 7277, 22178, 26402, 26525, 9004, 17216, 25219, 30537, 22206, 14966, 22959, 18222, 6528, 26237, 11607, 30763, 6372, 10786, 22719, 27961, 15074, 12069, 24425, 10067, 5160, 4448, 13564, 11203, 11867, 1747, 27215, 22414, 8631, 32239, 6329, 13020, 18486, 19935, 29530, 23480, 1771, 14300, 4626, 18417, 17231, 23633, 24090, 17969, 4286, 20415, 20791, 31220, 27119, 26685, 21238, 19104, 18740, 28168, 21362, 23172, 11368, 7772, 5469, 10042, 5102, 28067, 33020, 1021, 2183, 4129, 25796, 26209, 4099, 18986, 29976, 421, 1368, 13627, 26296, 13361, 6136, 11472, 4444, 30392, 23750, 26206, 21154, 32067, 21080, 9952, 28706, 7063, 10723, 19042, 19751, 27336, 31892, 27232, 10191, 21623, 11505, 27072, 6666, 19489, 28790, 16451, 20579, 5960, 14859, 5873, 15256, 12339, 7206, 17345, 11950, 20896, 10421, 30288, 29361, 26769, 18122, 17644, 31346, 32458, 25677, 5737, 32097, 12819, 9815, 28681, 31452, 29496, 17807, 674, 10249, 6267, 21989, 6378, 2239, 11168, 19494, 29206, 8249, 20037, 19108, 5449, 24851, 29860, 17209]

2026-03-11 11:38:00,115 - INFO - 当前用时 0.00 秒
2026-03-11 11:38:00,116 - INFO - 将种子集 写入位置: /root/work/coupon/coup_spread/network.EmailEnron/2026-4-8/seeds-with-network.EmailEnron/log_continuous_random_seedNum-196_SSRNum-100000.txt
2026-03-11 11:38:00,116 - INFO - 首次生成种子集 degreeTopM
2026-03-11 11:38:00,116 - INFO - 执行当前算法开始: degreeTopM
2026-03-11 11:38:00,116 - INFO - 依据: 选择连接数（度数）最多的节点。
2026-03-11 11:38:00,119 - INFO - 选择的 Top M 节点及其度数:
2026-03-11 11:38:00,119 - INFO - 
2026-03-11 11:38:00,119 - INFO - 当前用时 0.00 秒
2026-03-11 11:38:00,120 - INFO - 将种子集 写入位置: /root/work/coupon/coup_spread/network.EmailEnron/2026-4-8/seeds-with-network.EmailEnron/log_continuous_degreeTopM_seedNum-196_SSRNum-100000.txt
2026-03-11 11:38:00,120 - INFO - 首次生成种子集 pageRank
2026-03-11 11:38:00,120 - INFO - 执行当前算法开始: pageRank
2026-03-11 11:38:00,120 - INFO - --- Running: PageRank (on tranProMatrix) Top M ---
2026-03-11 11:38:09,420 - INFO - Selected PageRank seeds: [5024, 273, 140, 588, 458, 566, 1028, 1139, 370, 893, 195, 823, 5055, 5008, 136, 95, 286, 1768, 5016, 76, 543, 292, 647, 8330, 353, 416, 734, 851, 155, 5019, 478, 530, 343, 1824, 613, 516, 887, 443, 213, 2628, 127, 652, 444, 90, 4735, 4061, 520, 1672, 3309, 128, 308, 93, 80, 114, 106, 1806, 3235, 342, 1528, 1031, 915, 554, 1569, 2751, 878, 2716, 1819, 175, 1817, 225, 188, 232, 802, 939, 1588, 20652, 78, 5223, 1507, 82, 241, 3159, 56, 639, 72, 2213, 102, 9112, 1330, 184, 200, 1053, 1334, 1233, 1371, 147, 929, 274, 301, 1443, 134, 4744, 109, 2735, 314, 74, 2321, 383, 360, 1821, 7940, 31856, 9120, 2664, 2937, 1161, 1046, 1725, 1304, 5022, 423, 2346, 686, 1935, 4151, 107, 89, 151, 91, 1061, 2251, 920, 1202, 815, 581, 585, 8543, 659, 255, 448, 4396, 526, 481, 4150, 471, 88, 367, 403, 265, 16553, 215, 400, 3172, 1365, 6903, 2945, 2635, 528, 452, 925, 1095, 694, 299, 539, 20693, 316, 3213, 133, 233, 75, 592, 5006, 1927, 1793, 4869, 385, 3025, 480, 499, 2109, 442, 4616, 1076, 924, 910, 300, 723, 243, 378, 402, 2734, 8542, 716, 2015, 1050, 1137]
2026-03-11 11:38:09,421 - INFO - 当前用时 9.30 秒
2026-03-11 11:38:09,421 - INFO - 将种子集 写入位置: /root/work/coupon/coup_spread/network.EmailEnron/2026-4-8/seeds-with-network.EmailEnron/log_continuous_pageRank_seedNum-196_SSRNum-100000.txt
2026-03-11 11:38:09,422 - INFO - 首次生成种子集 alpha_sort
2026-03-11 11:38:09,422 - INFO - 执行当前算法开始: alpha_sort
2026-03-11 11:38:09,437 - INFO - 33696 个节点的alpha值降序排序 done
2026-03-11 11:38:09,437 - INFO - ==============>> [(19282, np.float64(0.6263473584191918)), (26309, np.float64(0.5308210991136008)), (28005, np.float64(0.5276420926821705)), (5459, np.float64(0.5243884689352211)), (13770, np.float64(0.519048792617802)), (8869, np.float64(0.5000993154834457)), (24666, np.float64(0.49836355925788833)), (11526, np.float64(0.4973153233015801)), (1525, np.float64(0.4961904463353924)), (9984, np.float64(0.49207201746807566))]
2026-03-11 11:38:09,437 - INFO - 
选择的种子集 (按alpha排序): [19282, 26309, 28005, 5459, 13770, 8869, 24666, 11526, 1525, 9984, 33067, 26262, 20953, 27503, 32493, 503, 2523, 31840, 27397, 31652, 26315, 33443, 31430, 26971, 25797, 19981, 30651, 16121, 26385, 24644, 13523, 25008, 16257, 23536, 9815, 33383, 5042, 1177, 20287, 15128, 17943, 32208, 30767, 26846, 25066, 11728, 14950, 16892, 16953, 19274, 22944, 29996, 26394, 1374, 11892, 26711, 21300, 10834, 11444, 21233, 2468, 23449, 739, 13117, 16045, 33264, 9846, 28521, 23085, 14067, 31793, 24048, 16764, 17178, 17831, 30829, 10263, 21029, 31782, 5514, 2341, 3934, 15704, 32643, 33369, 2541, 24881, 30261, 7390, 33024, 13771, 14580, 30207, 21, 9049, 10313, 3818, 15914, 20666, 28487, 14697, 14239, 30517, 29717, 24305, 6572, 25030, 31498, 27697, 23648, 28061, 25239, 7688, 31890, 30994, 21852, 15082, 24428, 27855, 24575, 28101, 30148, 19687, 23030, 28671, 31175, 23946, 8799, 17141, 17900, 25830, 8102, 15839, 12532, 17883, 20362, 27006, 2847, 17132, 27756, 18238, 6390, 2137, 27595, 14334, 20449, 30932, 18967, 19371, 22191, 6352, 30285, 28336, 30342, 21133, 5083, 20738, 14846, 16901, 23498, 334, 33685, 3504, 24511, 29926, 16621, 28225, 7574, 17236, 21653, 22264, 2827, 2152, 6407, 15799, 24296, 22065, 31532, 17429, 16259, 7182, 18461, 8066, 10399, 7612, 21741, 27212, 20667, 7432, 18061, 27556, 14207, 26828, 20453, 17334, 24713]

2026-03-11 11:38:09,438 - INFO - 当前用时 0.02 秒
2026-03-11 11:38:09,438 - INFO - 将种子集 写入位置: /root/work/coupon/coup_spread/network.EmailEnron/2026-4-8/seeds-with-network.EmailEnron/log_continuous_alpha_sort_seedNum-196_SSRNum-100000.txt
2026-03-11 11:38:09,438 - INFO - 首次生成种子集 ris_optimized
2026-03-11 11:38:09,438 - INFO - 执行当前算法开始: ris_optimized
2026-03-11 11:38:30,261 - INFO - 开始生成 100000 组多重RR-Set (万级节点极限内存优化版)...
2026-03-11 11:39:13,727 - INFO - 生成与倒排构建完毕。耗时: 43.47 秒。
2026-03-11 11:39:13,729 - INFO - 开始基于 Numpy 矩阵的高速贪心选择...
2026-03-11 11:39:25,981 - INFO - 高速选种完毕。耗时: 12.25 秒。估算范围: 448.35
2026-03-11 11:39:26,463 - INFO - 当前用时 77.02 秒
2026-03-11 11:39:26,464 - INFO - 将种子集 写入位置: /root/work/coupon/coup_spread/network.EmailEnron/2026-4-8/seeds-with-network.EmailEnron/log_continuous_ris_optimized_seedNum-196_SSRNum-100000.txt
2026-03-11 11:39:26,464 - INFO - 首次生成种子集 1hop_sort
2026-03-11 11:39:26,464 - INFO - 执行当前算法开始: 1hop_sort
2026-03-11 11:39:26,488 - INFO - 当前用时 0.02 秒
2026-03-11 11:39:26,489 - INFO - 将种子集 写入位置: /root/work/coupon/coup_spread/network.EmailEnron/2026-4-8/seeds-with-network.EmailEnron/log_continuous_1hop_sort_seedNum-196_SSRNum-100000.txt
2026-03-11 11:39:26,491 - INFO - 评估种子集: None
2026-03-11 11:39:26,491 - INFO - 多进程评估开始，共有 6 个方法待评估...
2026-03-11 11:39:26,491 - INFO - 启动进程池，Worker数量: 6
2026-03-11 11:39:52,678 - INFO - [Process 25162] 开始评估方法: random, 种子数: 196
2026-03-11 11:40:15,809 - INFO - [Process 25163] 开始评估方法: degreeTopM, 种子数: 196
2026-03-11 11:40:29,794 - INFO - [random - 种子:196] 拉新:59.9人 | 总销量:60.1单 | 品牌曝光:597.7次 | 🌟综合得分:119.8
2026-03-11 11:40:40,807 - INFO - [degreeTopM - 种子:196] 拉新:28.3人 | 总销量:28.6单 | 品牌曝光:451.3次 | 🌟综合得分:73.6
2026-03-11 11:40:41,373 - INFO - [Process 25164] 开始评估方法: pageRank, 种子数: 196
2026-03-11 11:41:04,889 - INFO - [Process 25165] 开始评估方法: alpha_sort, 种子数: 196
2026-03-11 11:41:05,769 - INFO - [pageRank - 种子:196] 拉新:31.3人 | 总销量:31.5单 | 品牌曝光:462.5次 | 🌟综合得分:77.7
2026-03-11 11:41:28,199 - INFO - [alpha_sort - 种子:196] 拉新:105.2人 | 总销量:105.5单 | 品牌曝光:451.1次 | 🌟综合得分:150.4
2026-03-11 11:41:28,294 - INFO - [Process 25166] 开始评估方法: ris_optimized, 种子数: 196
2026-03-11 11:41:51,340 - INFO - [Process 25167] 开始评估方法: 1hop_sort, 种子数: 196
2026-03-11 11:42:01,748 - INFO - [ris_optimized - 种子:196] 拉新:78.9人 | 总销量:79.1单 | 品牌曝光:563.0次 | 🌟综合得分:135.3
2026-03-11 11:42:17,576 - INFO - [1hop_sort - 种子:196] 拉新:111.3人 | 总销量:114.9单 | 品牌曝光:484.1次 | 🌟综合得分:161.5
2026-03-11 11:42:18,143 - INFO - 所有进程执行完毕，开始写入数据...
2026-03-11 11:42:18,153 - INFO - 成功写入 6 条记录至 /root/work/coupon/coup_spread/gzc-impl/results/network.EmailEnron/2026-4-8/log_continuous_SSRNum-100000-_seedNum-196_simuTimes-500.csv
2026-03-11 11:42:18,154 - INFO - 保存评估文件至: /root/work/coupon/coup_spread/gzc-impl/results/network.EmailEnron/2026-4-8/log_continuous_SSRNum-100000-_seedNum-196_simuTimes-500.csv
