2026-03-09 10:35:20,767 - INFO - 加载数据集: network.netactorcollaboration
2026-03-09 10:35:20,768 - INFO - --- 矩阵分析 ---
2026-03-09 10:35:20,768 - INFO - 节点数 (N): 4525
2026-03-09 10:35:20,768 - INFO - 边数 (E): 27326
2026-03-09 10:35:20,768 - INFO - 密度 (Density): 0.00133456 (越小越稀疏)
2026-03-09 10:35:20,768 - INFO - 稀疏度 (Sparsity): 0.99866544 (越接近1越稀疏)
2026-03-09 10:35:20,768 - INFO - 平均度数 (Avg Degree): 6.04
2026-03-09 10:35:20,768 - INFO - >>> 正在注入完美对抗属性（验证三条定理）...
2026-03-09 10:35:20,809 - INFO - 首次生成种子集 random
2026-03-09 10:35:20,809 - INFO - 执行当前算法开始: random
2026-03-09 10:35:20,809 - INFO - 数据集节点总数:  n = 4525, m = 10
2026-03-09 10:35:20,809 - INFO - 选择 10  [515, 653, 3461, 354, 1997, 1834, 2821, 3022, 2642, 2049]

2026-03-09 10:35:20,809 - INFO - 当前用时 0.00 秒
2026-03-09 10:35:20,809 - INFO - 将种子集 写入位置: /home/wen/work/coup_spread/network.netactorcollaboration/2026-3-12/seeds-with-network.netactorcollaboration/random_random_seedNum-10_SSRNum-50000.txt
2026-03-09 10:35:20,810 - INFO - 首次生成种子集 degreeTopM
2026-03-09 10:35:20,810 - INFO - 执行当前算法开始: degreeTopM
2026-03-09 10:35:20,810 - INFO - 依据: 选择连接数（度数）最多的节点。
2026-03-09 10:35:20,810 - INFO - 选择的 Top M 节点及其度数:
2026-03-09 10:35:20,810 - INFO - 
2026-03-09 10:35:20,810 - INFO - 当前用时 0.00 秒
2026-03-09 10:35:20,810 - INFO - 将种子集 写入位置: /home/wen/work/coup_spread/network.netactorcollaboration/2026-3-12/seeds-with-network.netactorcollaboration/random_degreeTopM_seedNum-10_SSRNum-50000.txt
2026-03-09 10:35:20,810 - INFO - 首次生成种子集 pageRank
2026-03-09 10:35:20,811 - INFO - 执行当前算法开始: pageRank
2026-03-09 10:35:20,811 - INFO - --- Running: PageRank (on tranProMatrix) Top M ---
2026-03-09 10:35:21,105 - INFO - Selected PageRank seeds: [109, 773, 106, 666, 886, 1738, 430, 719, 659, 1686]
2026-03-09 10:35:21,105 - INFO - 当前用时 0.29 秒
2026-03-09 10:35:21,105 - INFO - 将种子集 写入位置: /home/wen/work/coup_spread/network.netactorcollaboration/2026-3-12/seeds-with-network.netactorcollaboration/random_pageRank_seedNum-10_SSRNum-50000.txt
2026-03-09 10:35:21,105 - INFO - 首次生成种子集 alpha_sort
2026-03-09 10:35:21,105 - INFO - 执行当前算法开始: alpha_sort
2026-03-09 10:35:21,106 - INFO - 4525 个节点的alpha值降序排序 done
2026-03-09 10:35:21,106 - INFO - ==============>> [(0, np.float64(0.2)), (1, np.float64(0.2)), (2, np.float64(0.2)), (3, np.float64(0.2)), (4, np.float64(0.2)), (5, np.float64(0.2)), (6, np.float64(0.2)), (7, np.float64(0.2)), (8, np.float64(0.2)), (9, np.float64(0.2))]
2026-03-09 10:35:21,106 - INFO - 
选择的种子集 (按alpha排序): [0, 1, 2, 3, 4, 5, 6, 7, 8, 9]

2026-03-09 10:35:21,106 - INFO - 当前用时 0.00 秒
2026-03-09 10:35:21,106 - INFO - 将种子集 写入位置: /home/wen/work/coup_spread/network.netactorcollaboration/2026-3-12/seeds-with-network.netactorcollaboration/random_alpha_sort_seedNum-10_SSRNum-50000.txt
2026-03-09 10:35:21,107 - INFO - 首次生成种子集 ris_optimized
2026-03-09 10:35:21,107 - INFO - 执行当前算法开始: ris_optimized
2026-03-09 10:35:21,355 - INFO - 图初始化完成，节点数: 4525，当前模式: 优化采样
2026-03-09 10:35:21,355 - INFO - 开始生成 50000 组多重RR-Set...
2026-03-09 10:35:22,916 - INFO - 生成完毕。耗时: 1.56 秒。
2026-03-09 10:35:22,925 - INFO - 开始基于多重RR集贪心选择最优种子...
2026-03-09 10:35:23,375 - INFO - 选种完毕。耗时: 0.45 秒。估算范围: 15.64
2026-03-09 10:35:23,439 - INFO - 当前用时 2.33 秒
2026-03-09 10:35:23,439 - INFO - 将种子集 写入位置: /home/wen/work/coup_spread/network.netactorcollaboration/2026-3-12/seeds-with-network.netactorcollaboration/random_ris_optimized_seedNum-10_SSRNum-50000.txt
2026-03-09 10:35:23,439 - INFO - 首次生成种子集 1hop_sort
2026-03-09 10:35:23,440 - INFO - 执行当前算法开始: 1hop_sort
2026-03-09 10:35:23,440 - INFO - --- Running: Teacher's 1-Hop Expected Spread Sort ---
2026-03-09 10:35:23,500 - INFO - 选出的前 5 个种子得分展示: [0.4 0.4 0.4 0.4 0.4]
2026-03-09 10:35:23,501 - INFO - 当前用时 0.06 秒
2026-03-09 10:35:23,501 - INFO - 将种子集 写入位置: /home/wen/work/coup_spread/network.netactorcollaboration/2026-3-12/seeds-with-network.netactorcollaboration/random_1hop_sort_seedNum-10_SSRNum-50000.txt
2026-03-09 10:35:23,503 - INFO - 评估种子集: None
2026-03-09 10:35:23,503 - INFO - 多进程评估开始，共有 6 个方法待评估...
2026-03-09 10:35:23,503 - INFO - 启动进程池，Worker数量: 6
2026-03-09 10:35:24,246 - INFO - [Process 41305] 开始评估方法: random, 种子数: 10
2026-03-09 10:35:24,809 - INFO - [Process 41306] 开始评估方法: degreeTopM, 种子数: 10
2026-03-09 10:35:25,108 - INFO - [random - 种子:10] 拉新:9.1人 | 总销量:9.1单 | 品牌曝光:45.8次 | 🌟综合得分:13.7
2026-03-09 10:35:25,421 - INFO - [Process 41307] 开始评估方法: pageRank, 种子数: 10
2026-03-09 10:35:25,787 - INFO - [degreeTopM - 种子:10] 拉新:9.1人 | 总销量:9.2单 | 品牌曝光:46.1次 | 🌟综合得分:13.8
2026-03-09 10:35:26,002 - INFO - [Process 41308] 开始评估方法: alpha_sort, 种子数: 10
2026-03-09 10:35:26,388 - INFO - [pageRank - 种子:10] 拉新:9.0人 | 总销量:9.0单 | 品牌曝光:45.4次 | 🌟综合得分:13.6
2026-03-09 10:35:26,574 - INFO - [Process 41309] 开始评估方法: ris_optimized, 种子数: 10
2026-03-09 10:35:26,901 - INFO - [alpha_sort - 种子:10] 拉新:9.3人 | 总销量:9.3单 | 品牌曝光:46.7次 | 🌟综合得分:14.0
2026-03-09 10:35:27,145 - INFO - [Process 41310] 开始评估方法: 1hop_sort, 种子数: 10
2026-03-09 10:35:27,462 - INFO - [ris_optimized - 种子:10] 拉新:9.2人 | 总销量:9.2单 | 品牌曝光:46.2次 | 🌟综合得分:13.8
2026-03-09 10:35:27,947 - INFO - [1hop_sort - 种子:10] 拉新:9.0人 | 总销量:9.0单 | 品牌曝光:45.2次 | 🌟综合得分:13.5
2026-03-09 10:35:27,970 - INFO - 所有进程执行完毕，开始写入数据...
2026-03-09 10:35:27,988 - INFO - 成功写入 6 条记录至 /home/wen/work/coup_spread/gzc-impl/results/network.netactorcollaboration/2026-3-12/random_SSRNum-50000-_seedNum-10_simuTimes-500.csv
2026-03-09 10:35:27,988 - INFO - 保存评估文件至: /home/wen/work/coup_spread/gzc-impl/results/network.netactorcollaboration/2026-3-12/random_SSRNum-50000-_seedNum-10_simuTimes-500.csv
2026-03-09 10:35:27,996 - INFO - 加载数据集: network.netactorcollaboration
2026-03-09 10:35:27,997 - INFO - --- 矩阵分析 ---
2026-03-09 10:35:27,998 - INFO - 节点数 (N): 4525
2026-03-09 10:35:27,998 - INFO - 边数 (E): 27326
2026-03-09 10:35:27,998 - INFO - 密度 (Density): 0.00133456 (越小越稀疏)
2026-03-09 10:35:27,998 - INFO - 稀疏度 (Sparsity): 0.99866544 (越接近1越稀疏)
2026-03-09 10:35:27,998 - INFO - 平均度数 (Avg Degree): 6.04
2026-03-09 10:35:27,998 - INFO - >>> 正在注入完美对抗属性（验证三条定理）...
2026-03-09 10:35:28,042 - INFO - 首次生成种子集 random
2026-03-09 10:35:28,042 - INFO - 执行当前算法开始: random
2026-03-09 10:35:28,042 - INFO - 数据集节点总数:  n = 4525, m = 20
2026-03-09 10:35:28,042 - INFO - 选择 20  [2100, 658, 3128, 2063, 749, 1159, 3054, 1690, 591, 2659, 2542, 162, 2918, 2726, 3213, 3049, 3076, 893, 3560, 4116]

2026-03-09 10:35:28,042 - INFO - 当前用时 0.00 秒
2026-03-09 10:35:28,042 - INFO - 将种子集 写入位置: /home/wen/work/coup_spread/network.netactorcollaboration/2026-3-12/seeds-with-network.netactorcollaboration/random_random_seedNum-20_SSRNum-50000.txt
2026-03-09 10:35:28,042 - INFO - 首次生成种子集 degreeTopM
2026-03-09 10:35:28,042 - INFO - 执行当前算法开始: degreeTopM
2026-03-09 10:35:28,043 - INFO - 依据: 选择连接数（度数）最多的节点。
2026-03-09 10:35:28,043 - INFO - 选择的 Top M 节点及其度数:
2026-03-09 10:35:28,043 - INFO - 
2026-03-09 10:35:28,043 - INFO - 当前用时 0.00 秒
2026-03-09 10:35:28,043 - INFO - 将种子集 写入位置: /home/wen/work/coup_spread/network.netactorcollaboration/2026-3-12/seeds-with-network.netactorcollaboration/random_degreeTopM_seedNum-20_SSRNum-50000.txt
2026-03-09 10:35:28,043 - INFO - 首次生成种子集 pageRank
2026-03-09 10:35:28,044 - INFO - 执行当前算法开始: pageRank
2026-03-09 10:35:28,044 - INFO - --- Running: PageRank (on tranProMatrix) Top M ---
2026-03-09 10:35:28,319 - INFO - Selected PageRank seeds: [109, 773, 106, 666, 886, 1738, 430, 719, 659, 1686, 614, 160, 1110, 1489, 1209, 1431, 60, 782, 1972, 527]
2026-03-09 10:35:28,319 - INFO - 当前用时 0.28 秒
2026-03-09 10:35:28,320 - INFO - 将种子集 写入位置: /home/wen/work/coup_spread/network.netactorcollaboration/2026-3-12/seeds-with-network.netactorcollaboration/random_pageRank_seedNum-20_SSRNum-50000.txt
2026-03-09 10:35:28,320 - INFO - 首次生成种子集 alpha_sort
2026-03-09 10:35:28,320 - INFO - 执行当前算法开始: alpha_sort
2026-03-09 10:35:28,321 - INFO - 4525 个节点的alpha值降序排序 done
2026-03-09 10:35:28,321 - INFO - ==============>> [(0, np.float64(0.2)), (1, np.float64(0.2)), (2, np.float64(0.2)), (3, np.float64(0.2)), (4, np.float64(0.2)), (5, np.float64(0.2)), (6, np.float64(0.2)), (7, np.float64(0.2)), (8, np.float64(0.2)), (9, np.float64(0.2))]
2026-03-09 10:35:28,321 - INFO - 
选择的种子集 (按alpha排序): [0, 1, 2, 3, 4, 5, 6, 7, 8, 9, 10, 11, 12, 13, 14, 15, 16, 17, 18, 19]

2026-03-09 10:35:28,321 - INFO - 当前用时 0.00 秒
2026-03-09 10:35:28,321 - INFO - 将种子集 写入位置: /home/wen/work/coup_spread/network.netactorcollaboration/2026-3-12/seeds-with-network.netactorcollaboration/random_alpha_sort_seedNum-20_SSRNum-50000.txt
2026-03-09 10:35:28,321 - INFO - 首次生成种子集 ris_optimized
2026-03-09 10:35:28,321 - INFO - 执行当前算法开始: ris_optimized
2026-03-09 10:35:28,575 - INFO - 图初始化完成，节点数: 4525，当前模式: 优化采样
2026-03-09 10:35:28,575 - INFO - 开始生成 50000 组多重RR-Set...
2026-03-09 10:35:31,000 - INFO - 生成完毕。耗时: 2.42 秒。
2026-03-09 10:35:31,007 - INFO - 开始基于多重RR集贪心选择最优种子...
2026-03-09 10:35:31,810 - INFO - 选种完毕。耗时: 0.80 秒。估算范围: 33.17
2026-03-09 10:35:31,948 - INFO - 当前用时 3.63 秒
2026-03-09 10:35:31,948 - INFO - 将种子集 写入位置: /home/wen/work/coup_spread/network.netactorcollaboration/2026-3-12/seeds-with-network.netactorcollaboration/random_ris_optimized_seedNum-20_SSRNum-50000.txt
2026-03-09 10:35:31,948 - INFO - 首次生成种子集 1hop_sort
2026-03-09 10:35:31,948 - INFO - 执行当前算法开始: 1hop_sort
2026-03-09 10:35:31,948 - INFO - --- Running: Teacher's 1-Hop Expected Spread Sort ---
2026-03-09 10:35:31,960 - INFO - 选出的前 5 个种子得分展示: [0.4 0.4 0.4 0.4 0.4]
2026-03-09 10:35:31,960 - INFO - 当前用时 0.01 秒
2026-03-09 10:35:31,960 - INFO - 将种子集 写入位置: /home/wen/work/coup_spread/network.netactorcollaboration/2026-3-12/seeds-with-network.netactorcollaboration/random_1hop_sort_seedNum-20_SSRNum-50000.txt
2026-03-09 10:35:31,963 - INFO - 评估种子集: None
2026-03-09 10:35:31,963 - INFO - 多进程评估开始，共有 6 个方法待评估...
2026-03-09 10:35:31,963 - INFO - 启动进程池，Worker数量: 6
2026-03-09 10:35:32,711 - INFO - [Process 41447] 开始评估方法: random, 种子数: 20
2026-03-09 10:35:33,269 - INFO - [Process 41448] 开始评估方法: degreeTopM, 种子数: 20
2026-03-09 10:35:33,840 - INFO - [Process 41449] 开始评估方法: pageRank, 种子数: 20
2026-03-09 10:35:34,333 - INFO - [random - 种子:20] 拉新:17.2人 | 总销量:17.2单 | 品牌曝光:87.1次 | 🌟综合得分:25.9
2026-03-09 10:35:34,392 - INFO - [Process 41450] 开始评估方法: alpha_sort, 种子数: 20
2026-03-09 10:35:34,961 - INFO - [Process 41451] 开始评估方法: ris_optimized, 种子数: 20
2026-03-09 10:35:35,061 - INFO - [degreeTopM - 种子:20] 拉新:18.0人 | 总销量:18.4单 | 品牌曝光:92.1次 | 🌟综合得分:27.4
2026-03-09 10:35:35,521 - INFO - [Process 41452] 开始评估方法: 1hop_sort, 种子数: 20
2026-03-09 10:35:35,776 - INFO - [pageRank - 种子:20] 拉新:17.8人 | 总销量:18.1单 | 品牌曝光:91.0次 | 🌟综合得分:27.1
2026-03-09 10:35:36,207 - INFO - [alpha_sort - 种子:20] 拉新:18.2人 | 总销量:18.9单 | 品牌曝光:94.3次 | 🌟综合得分:28.0
2026-03-09 10:35:36,733 - INFO - [ris_optimized - 种子:20] 拉新:18.4人 | 总销量:18.4单 | 品牌曝光:92.4次 | 🌟综合得分:27.6
2026-03-09 10:35:37,097 - INFO - [1hop_sort - 种子:20] 拉新:17.9人 | 总销量:18.1单 | 品牌曝光:90.7次 | 🌟综合得分:27.1
2026-03-09 10:35:37,122 - INFO - 所有进程执行完毕，开始写入数据...
2026-03-09 10:35:37,131 - INFO - 成功写入 6 条记录至 /home/wen/work/coup_spread/gzc-impl/results/network.netactorcollaboration/2026-3-12/random_SSRNum-50000-_seedNum-20_simuTimes-500.csv
2026-03-09 10:35:37,132 - INFO - 保存评估文件至: /home/wen/work/coup_spread/gzc-impl/results/network.netactorcollaboration/2026-3-12/random_SSRNum-50000-_seedNum-20_simuTimes-500.csv
2026-03-09 10:35:37,143 - INFO - 加载数据集: network.netactorcollaboration
2026-03-09 10:35:37,143 - INFO - --- 矩阵分析 ---
2026-03-09 10:35:37,144 - INFO - 节点数 (N): 4525
2026-03-09 10:35:37,144 - INFO - 边数 (E): 27326
2026-03-09 10:35:37,144 - INFO - 密度 (Density): 0.00133456 (越小越稀疏)
2026-03-09 10:35:37,144 - INFO - 稀疏度 (Sparsity): 0.99866544 (越接近1越稀疏)
2026-03-09 10:35:37,144 - INFO - 平均度数 (Avg Degree): 6.04
2026-03-09 10:35:37,144 - INFO - >>> 正在注入完美对抗属性（验证三条定理）...
2026-03-09 10:35:37,189 - INFO - 首次生成种子集 random
2026-03-09 10:35:37,189 - INFO - 执行当前算法开始: random
2026-03-09 10:35:37,189 - INFO - 数据集节点总数:  n = 4525, m = 30
2026-03-09 10:35:37,189 - INFO - 选择 30  [3404, 3068, 1083, 3363, 3126, 2875, 3244, 3017, 2384, 3185, 1555, 2282, 251, 3238, 1318, 2836, 3484, 2461, 2660, 2709, 2369, 2067, 318, 471, 435, 3187, 13, 629, 2462, 3457]

2026-03-09 10:35:37,189 - INFO - 当前用时 0.00 秒
2026-03-09 10:35:37,190 - INFO - 将种子集 写入位置: /home/wen/work/coup_spread/network.netactorcollaboration/2026-3-12/seeds-with-network.netactorcollaboration/random_random_seedNum-30_SSRNum-50000.txt
2026-03-09 10:35:37,190 - INFO - 首次生成种子集 degreeTopM
2026-03-09 10:35:37,190 - INFO - 执行当前算法开始: degreeTopM
2026-03-09 10:35:37,190 - INFO - 依据: 选择连接数（度数）最多的节点。
2026-03-09 10:35:37,190 - INFO - 选择的 Top M 节点及其度数:
2026-03-09 10:35:37,190 - INFO - 
2026-03-09 10:35:37,190 - INFO - 当前用时 0.00 秒
2026-03-09 10:35:37,190 - INFO - 将种子集 写入位置: /home/wen/work/coup_spread/network.netactorcollaboration/2026-3-12/seeds-with-network.netactorcollaboration/random_degreeTopM_seedNum-30_SSRNum-50000.txt
2026-03-09 10:35:37,191 - INFO - 首次生成种子集 pageRank
2026-03-09 10:35:37,191 - INFO - 执行当前算法开始: pageRank
2026-03-09 10:35:37,191 - INFO - --- Running: PageRank (on tranProMatrix) Top M ---
2026-03-09 10:35:37,443 - INFO - Selected PageRank seeds: [109, 773, 106, 666, 886, 1738, 430, 719, 659, 1686, 614, 160, 1110, 1489, 1209, 1431, 60, 782, 1972, 527, 814, 1062, 28, 21, 257, 1858, 37, 1403, 287, 488]
2026-03-09 10:35:37,444 - INFO - 当前用时 0.25 秒
2026-03-09 10:35:37,444 - INFO - 将种子集 写入位置: /home/wen/work/coup_spread/network.netactorcollaboration/2026-3-12/seeds-with-network.netactorcollaboration/random_pageRank_seedNum-30_SSRNum-50000.txt
2026-03-09 10:35:37,444 - INFO - 首次生成种子集 alpha_sort
2026-03-09 10:35:37,444 - INFO - 执行当前算法开始: alpha_sort
2026-03-09 10:35:37,445 - INFO - 4525 个节点的alpha值降序排序 done
2026-03-09 10:35:37,445 - INFO - ==============>> [(0, np.float64(0.2)), (1, np.float64(0.2)), (2, np.float64(0.2)), (3, np.float64(0.2)), (4, np.float64(0.2)), (5, np.float64(0.2)), (6, np.float64(0.2)), (7, np.float64(0.2)), (8, np.float64(0.2)), (9, np.float64(0.2))]
2026-03-09 10:35:37,445 - INFO - 
选择的种子集 (按alpha排序): [0, 1, 2, 3, 4, 5, 6, 7, 8, 9, 10, 11, 12, 13, 14, 15, 16, 17, 18, 19, 20, 21, 22, 23, 24, 25, 26, 27, 28, 29]

2026-03-09 10:35:37,445 - INFO - 当前用时 0.00 秒
2026-03-09 10:35:37,445 - INFO - 将种子集 写入位置: /home/wen/work/coup_spread/network.netactorcollaboration/2026-3-12/seeds-with-network.netactorcollaboration/random_alpha_sort_seedNum-30_SSRNum-50000.txt
2026-03-09 10:35:37,445 - INFO - 首次生成种子集 ris_optimized
2026-03-09 10:35:37,445 - INFO - 执行当前算法开始: ris_optimized
2026-03-09 10:35:37,708 - INFO - 图初始化完成，节点数: 4525，当前模式: 优化采样
2026-03-09 10:35:37,709 - INFO - 开始生成 50000 组多重RR-Set...
2026-03-09 10:35:41,214 - INFO - 生成完毕。耗时: 3.50 秒。
2026-03-09 10:35:41,221 - INFO - 开始基于多重RR集贪心选择最优种子...
2026-03-09 10:35:41,948 - INFO - 选种完毕。耗时: 0.73 秒。估算范围: 50.59
2026-03-09 10:35:42,124 - INFO - 当前用时 4.68 秒
2026-03-09 10:35:42,124 - INFO - 将种子集 写入位置: /home/wen/work/coup_spread/network.netactorcollaboration/2026-3-12/seeds-with-network.netactorcollaboration/random_ris_optimized_seedNum-30_SSRNum-50000.txt
2026-03-09 10:35:42,125 - INFO - 首次生成种子集 1hop_sort
2026-03-09 10:35:42,125 - INFO - 执行当前算法开始: 1hop_sort
2026-03-09 10:35:42,125 - INFO - --- Running: Teacher's 1-Hop Expected Spread Sort ---
2026-03-09 10:35:42,131 - INFO - 选出的前 5 个种子得分展示: [0.4 0.4 0.4 0.4 0.4]
2026-03-09 10:35:42,131 - INFO - 当前用时 0.01 秒
2026-03-09 10:35:42,132 - INFO - 将种子集 写入位置: /home/wen/work/coup_spread/network.netactorcollaboration/2026-3-12/seeds-with-network.netactorcollaboration/random_1hop_sort_seedNum-30_SSRNum-50000.txt
2026-03-09 10:35:42,132 - INFO - 评估种子集: None
2026-03-09 10:35:42,133 - INFO - 多进程评估开始，共有 6 个方法待评估...
2026-03-09 10:35:42,133 - INFO - 启动进程池，Worker数量: 6
2026-03-09 10:35:42,881 - INFO - [Process 41645] 开始评估方法: random, 种子数: 30
2026-03-09 10:35:43,428 - INFO - [Process 41646] 开始评估方法: degreeTopM, 种子数: 30
2026-03-09 10:35:43,992 - INFO - [Process 41647] 开始评估方法: pageRank, 种子数: 30
2026-03-09 10:35:44,566 - INFO - [Process 41648] 开始评估方法: alpha_sort, 种子数: 30
2026-03-09 10:35:45,138 - INFO - [Process 41649] 开始评估方法: ris_optimized, 种子数: 30
2026-03-09 10:35:45,452 - INFO - [random - 种子:30] 拉新:26.9人 | 总销量:27.0单 | 品牌曝光:136.2次 | 🌟综合得分:40.5
2026-03-09 10:35:45,718 - INFO - [Process 41650] 开始评估方法: 1hop_sort, 种子数: 30
2026-03-09 10:35:46,123 - INFO - [degreeTopM - 种子:30] 拉新:26.8人 | 总销量:27.6单 | 品牌曝光:138.6次 | 🌟综合得分:41.1
2026-03-09 10:35:46,635 - INFO - [pageRank - 种子:30] 拉新:26.8人 | 总销量:27.3单 | 品牌曝光:137.8次 | 🌟综合得分:40.8
2026-03-09 10:35:47,467 - INFO - [alpha_sort - 种子:30] 拉新:26.5人 | 总销量:28.3单 | 品牌曝光:141.8次 | 🌟综合得分:41.6
2026-03-09 10:35:47,721 - INFO - [ris_optimized - 种子:30] 拉新:27.3人 | 总销量:27.6单 | 品牌曝光:138.7次 | 🌟综合得分:41.3
2026-03-09 10:35:48,262 - INFO - [1hop_sort - 种子:30] 拉新:26.8人 | 总销量:27.3单 | 品牌曝光:137.8次 | 🌟综合得分:40.8
2026-03-09 10:35:48,300 - INFO - 所有进程执行完毕，开始写入数据...
2026-03-09 10:35:48,309 - INFO - 成功写入 6 条记录至 /home/wen/work/coup_spread/gzc-impl/results/network.netactorcollaboration/2026-3-12/random_SSRNum-50000-_seedNum-30_simuTimes-500.csv
2026-03-09 10:35:48,310 - INFO - 保存评估文件至: /home/wen/work/coup_spread/gzc-impl/results/network.netactorcollaboration/2026-3-12/random_SSRNum-50000-_seedNum-30_simuTimes-500.csv
2026-03-09 10:35:48,320 - INFO - 加载数据集: network.netactorcollaboration
2026-03-09 10:35:48,321 - INFO - --- 矩阵分析 ---
2026-03-09 10:35:48,321 - INFO - 节点数 (N): 4525
2026-03-09 10:35:48,321 - INFO - 边数 (E): 27326
2026-03-09 10:35:48,321 - INFO - 密度 (Density): 0.00133456 (越小越稀疏)
2026-03-09 10:35:48,321 - INFO - 稀疏度 (Sparsity): 0.99866544 (越接近1越稀疏)
2026-03-09 10:35:48,321 - INFO - 平均度数 (Avg Degree): 6.04
2026-03-09 10:35:48,321 - INFO - >>> 正在注入完美对抗属性（验证三条定理）...
2026-03-09 10:35:48,369 - INFO - 首次生成种子集 random
2026-03-09 10:35:48,369 - INFO - 执行当前算法开始: random
2026-03-09 10:35:48,369 - INFO - 数据集节点总数:  n = 4525, m = 40
2026-03-09 10:35:48,369 - INFO - 选择 40  [3283, 478, 896, 786, 38, 880, 2150, 2272, 1646, 659, 1402, 4053, 1920, 2022, 1898, 387, 3843, 253, 689, 4332, 4037, 1448, 3795, 3947, 1528, 1791, 3148, 1845, 2562, 3774, 4072, 3417, 2689, 2700, 3518, 2522, 1100, 4297, 1007, 338]

2026-03-09 10:35:48,369 - INFO - 当前用时 0.00 秒
2026-03-09 10:35:48,369 - INFO - 将种子集 写入位置: /home/wen/work/coup_spread/network.netactorcollaboration/2026-3-12/seeds-with-network.netactorcollaboration/random_random_seedNum-40_SSRNum-50000.txt
2026-03-09 10:35:48,369 - INFO - 首次生成种子集 degreeTopM
2026-03-09 10:35:48,370 - INFO - 执行当前算法开始: degreeTopM
2026-03-09 10:35:48,370 - INFO - 依据: 选择连接数（度数）最多的节点。
2026-03-09 10:35:48,370 - INFO - 选择的 Top M 节点及其度数:
2026-03-09 10:35:48,370 - INFO - 
2026-03-09 10:35:48,370 - INFO - 当前用时 0.00 秒
2026-03-09 10:35:48,370 - INFO - 将种子集 写入位置: /home/wen/work/coup_spread/network.netactorcollaboration/2026-3-12/seeds-with-network.netactorcollaboration/random_degreeTopM_seedNum-40_SSRNum-50000.txt
2026-03-09 10:35:48,371 - INFO - 首次生成种子集 pageRank
2026-03-09 10:35:48,371 - INFO - 执行当前算法开始: pageRank
2026-03-09 10:35:48,371 - INFO - --- Running: PageRank (on tranProMatrix) Top M ---
2026-03-09 10:35:48,634 - INFO - Selected PageRank seeds: [109, 773, 106, 666, 886, 1738, 430, 719, 659, 1686, 614, 160, 1110, 1489, 1209, 1431, 60, 782, 1972, 527, 814, 1062, 28, 21, 257, 1858, 37, 1403, 287, 488, 1481, 653, 1432, 1180, 1269, 1020, 1233, 1308, 1127, 1706]
2026-03-09 10:35:48,635 - INFO - 当前用时 0.26 秒
2026-03-09 10:35:48,635 - INFO - 将种子集 写入位置: /home/wen/work/coup_spread/network.netactorcollaboration/2026-3-12/seeds-with-network.netactorcollaboration/random_pageRank_seedNum-40_SSRNum-50000.txt
2026-03-09 10:35:48,635 - INFO - 首次生成种子集 alpha_sort
2026-03-09 10:35:48,635 - INFO - 执行当前算法开始: alpha_sort
2026-03-09 10:35:48,636 - INFO - 4525 个节点的alpha值降序排序 done
2026-03-09 10:35:48,636 - INFO - ==============>> [(0, np.float64(0.2)), (1, np.float64(0.2)), (2, np.float64(0.2)), (3, np.float64(0.2)), (4, np.float64(0.2)), (5, np.float64(0.2)), (6, np.float64(0.2)), (7, np.float64(0.2)), (8, np.float64(0.2)), (9, np.float64(0.2))]
2026-03-09 10:35:48,636 - INFO - 
选择的种子集 (按alpha排序): [0, 1, 2, 3, 4, 5, 6, 7, 8, 9, 10, 11, 12, 13, 14, 15, 16, 17, 18, 19, 20, 21, 22, 23, 24, 25, 26, 27, 28, 29, 30, 31, 32, 33, 34, 35, 36, 37, 38, 39]

2026-03-09 10:35:48,636 - INFO - 当前用时 0.00 秒
2026-03-09 10:35:48,636 - INFO - 将种子集 写入位置: /home/wen/work/coup_spread/network.netactorcollaboration/2026-3-12/seeds-with-network.netactorcollaboration/random_alpha_sort_seedNum-40_SSRNum-50000.txt
2026-03-09 10:35:48,637 - INFO - 首次生成种子集 ris_optimized
2026-03-09 10:35:48,637 - INFO - 执行当前算法开始: ris_optimized
2026-03-09 10:35:48,884 - INFO - 图初始化完成，节点数: 4525，当前模式: 优化采样
2026-03-09 10:35:48,884 - INFO - 开始生成 50000 组多重RR-Set...
2026-03-09 10:35:53,325 - INFO - 生成完毕。耗时: 4.44 秒。
2026-03-09 10:35:53,328 - INFO - 开始基于多重RR集贪心选择最优种子...
2026-03-09 10:35:54,901 - INFO - 选种完毕。耗时: 1.57 秒。估算范围: 66.50
2026-03-09 10:35:55,137 - INFO - 当前用时 6.50 秒
2026-03-09 10:35:55,137 - INFO - 将种子集 写入位置: /home/wen/work/coup_spread/network.netactorcollaboration/2026-3-12/seeds-with-network.netactorcollaboration/random_ris_optimized_seedNum-40_SSRNum-50000.txt
2026-03-09 10:35:55,138 - INFO - 首次生成种子集 1hop_sort
2026-03-09 10:35:55,138 - INFO - 执行当前算法开始: 1hop_sort
2026-03-09 10:35:55,138 - INFO - --- Running: Teacher's 1-Hop Expected Spread Sort ---
2026-03-09 10:35:55,143 - INFO - 选出的前 5 个种子得分展示: [0.4 0.4 0.4 0.4 0.4]
2026-03-09 10:35:55,143 - INFO - 当前用时 0.01 秒
2026-03-09 10:35:55,144 - INFO - 将种子集 写入位置: /home/wen/work/coup_spread/network.netactorcollaboration/2026-3-12/seeds-with-network.netactorcollaboration/random_1hop_sort_seedNum-40_SSRNum-50000.txt
2026-03-09 10:35:55,145 - INFO - 评估种子集: None
2026-03-09 10:35:55,145 - INFO - 多进程评估开始，共有 6 个方法待评估...
2026-03-09 10:35:55,145 - INFO - 启动进程池，Worker数量: 6
2026-03-09 10:35:55,896 - INFO - [Process 41843] 开始评估方法: random, 种子数: 40
2026-03-09 10:35:56,450 - INFO - [Process 41844] 开始评估方法: degreeTopM, 种子数: 40
2026-03-09 10:35:57,025 - INFO - [Process 41845] 开始评估方法: pageRank, 种子数: 40
2026-03-09 10:35:57,593 - INFO - [Process 41846] 开始评估方法: alpha_sort, 种子数: 40
2026-03-09 10:35:58,166 - INFO - [Process 41847] 开始评估方法: ris_optimized, 种子数: 40
2026-03-09 10:35:58,731 - INFO - [Process 41848] 开始评估方法: 1hop_sort, 种子数: 40
2026-03-09 10:35:59,295 - INFO - [random - 种子:40] 拉新:34.0人 | 总销量:34.3单 | 品牌曝光:174.3次 | 🌟综合得分:51.6
2026-03-09 10:36:00,022 - INFO - [degreeTopM - 种子:40] 拉新:35.5人 | 总销量:36.8单 | 品牌曝光:185.0次 | 🌟综合得分:54.7
2026-03-09 10:36:00,519 - INFO - [pageRank - 种子:40] 拉新:35.4人 | 总销量:36.3单 | 品牌曝光:183.1次 | 🌟综合得分:54.2
2026-03-09 10:36:01,223 - INFO - [alpha_sort - 种子:40] 拉新:34.7人 | 总销量:37.8单 | 品牌曝光:189.4次 | 🌟综合得分:55.2
2026-03-09 10:36:01,637 - INFO - [ris_optimized - 种子:40] 拉新:36.1人 | 总销量:36.5单 | 品牌曝光:183.8次 | 🌟综合得分:54.7
2026-03-09 10:36:02,187 - INFO - [1hop_sort - 种子:40] 拉新:35.7人 | 总销量:36.4单 | 品牌曝光:183.0次 | 🌟综合得分:54.3
2026-03-09 10:36:02,214 - INFO - 所有进程执行完毕，开始写入数据...
2026-03-09 10:36:02,222 - INFO - 成功写入 6 条记录至 /home/wen/work/coup_spread/gzc-impl/results/network.netactorcollaboration/2026-3-12/random_SSRNum-50000-_seedNum-40_simuTimes-500.csv
2026-03-09 10:36:02,224 - INFO - 保存评估文件至: /home/wen/work/coup_spread/gzc-impl/results/network.netactorcollaboration/2026-3-12/random_SSRNum-50000-_seedNum-40_simuTimes-500.csv
2026-03-09 10:36:02,236 - INFO - 加载数据集: network.netactorcollaboration
2026-03-09 10:36:02,236 - INFO - --- 矩阵分析 ---
2026-03-09 10:36:02,237 - INFO - 节点数 (N): 4525
2026-03-09 10:36:02,237 - INFO - 边数 (E): 27326
2026-03-09 10:36:02,237 - INFO - 密度 (Density): 0.00133456 (越小越稀疏)
2026-03-09 10:36:02,237 - INFO - 稀疏度 (Sparsity): 0.99866544 (越接近1越稀疏)
2026-03-09 10:36:02,237 - INFO - 平均度数 (Avg Degree): 6.04
2026-03-09 10:36:02,237 - INFO - >>> 正在注入完美对抗属性（验证三条定理）...
2026-03-09 10:36:02,280 - INFO - 首次生成种子集 random
2026-03-09 10:36:02,280 - INFO - 执行当前算法开始: random
2026-03-09 10:36:02,280 - INFO - 数据集节点总数:  n = 4525, m = 50
2026-03-09 10:36:02,280 - INFO - 选择 50  [2380, 3315, 3443, 2422, 933, 4513, 258, 1530, 3205, 509, 1679, 2087, 2607, 2106, 1190, 2714, 2232, 2773, 477, 1798, 148, 1339, 2195, 720, 136, 3409, 287, 2664, 4015, 3765, 807, 1272, 299, 3823, 4283, 1919, 2948, 1448, 1331, 3119, 2374, 3214, 1179, 3651, 1411, 3739, 3010, 3956, 4214, 573]

2026-03-09 10:36:02,280 - INFO - 当前用时 0.00 秒
2026-03-09 10:36:02,280 - INFO - 将种子集 写入位置: /home/wen/work/coup_spread/network.netactorcollaboration/2026-3-12/seeds-with-network.netactorcollaboration/random_random_seedNum-50_SSRNum-50000.txt
2026-03-09 10:36:02,281 - INFO - 首次生成种子集 degreeTopM
2026-03-09 10:36:02,281 - INFO - 执行当前算法开始: degreeTopM
2026-03-09 10:36:02,281 - INFO - 依据: 选择连接数（度数）最多的节点。
2026-03-09 10:36:02,281 - INFO - 选择的 Top M 节点及其度数:
2026-03-09 10:36:02,281 - INFO - 
2026-03-09 10:36:02,281 - INFO - 当前用时 0.00 秒
2026-03-09 10:36:02,282 - INFO - 将种子集 写入位置: /home/wen/work/coup_spread/network.netactorcollaboration/2026-3-12/seeds-with-network.netactorcollaboration/random_degreeTopM_seedNum-50_SSRNum-50000.txt
2026-03-09 10:36:02,282 - INFO - 首次生成种子集 pageRank
2026-03-09 10:36:02,282 - INFO - 执行当前算法开始: pageRank
2026-03-09 10:36:02,282 - INFO - --- Running: PageRank (on tranProMatrix) Top M ---
2026-03-09 10:36:02,534 - INFO - Selected PageRank seeds: [109, 773, 106, 666, 886, 1738, 430, 719, 659, 1686, 614, 160, 1110, 1489, 1209, 1431, 60, 782, 1972, 527, 814, 1062, 28, 21, 257, 1858, 37, 1403, 287, 488, 1481, 653, 1432, 1180, 1269, 1020, 1233, 1308, 1127, 1706, 39, 401, 197, 1745, 865, 364, 1687, 461, 57, 278]
2026-03-09 10:36:02,535 - INFO - 当前用时 0.25 秒
2026-03-09 10:36:02,535 - INFO - 将种子集 写入位置: /home/wen/work/coup_spread/network.netactorcollaboration/2026-3-12/seeds-with-network.netactorcollaboration/random_pageRank_seedNum-50_SSRNum-50000.txt
2026-03-09 10:36:02,535 - INFO - 首次生成种子集 alpha_sort
2026-03-09 10:36:02,535 - INFO - 执行当前算法开始: alpha_sort
2026-03-09 10:36:02,536 - INFO - 4525 个节点的alpha值降序排序 done
2026-03-09 10:36:02,536 - INFO - ==============>> [(0, np.float64(0.2)), (1, np.float64(0.2)), (2, np.float64(0.2)), (3, np.float64(0.2)), (4, np.float64(0.2)), (5, np.float64(0.2)), (6, np.float64(0.2)), (7, np.float64(0.2)), (8, np.float64(0.2)), (9, np.float64(0.2))]
2026-03-09 10:36:02,536 - INFO - 
选择的种子集 (按alpha排序): [0, 1, 2, 3, 4, 5, 6, 7, 8, 9, 10, 11, 12, 13, 14, 15, 16, 17, 18, 19, 20, 21, 22, 23, 24, 25, 26, 27, 28, 29, 30, 31, 32, 33, 34, 35, 36, 37, 38, 39, 40, 41, 42, 43, 44, 45, 46, 47, 48, 49]

2026-03-09 10:36:02,536 - INFO - 当前用时 0.00 秒
2026-03-09 10:36:02,536 - INFO - 将种子集 写入位置: /home/wen/work/coup_spread/network.netactorcollaboration/2026-3-12/seeds-with-network.netactorcollaboration/random_alpha_sort_seedNum-50_SSRNum-50000.txt
2026-03-09 10:36:02,536 - INFO - 首次生成种子集 ris_optimized
2026-03-09 10:36:02,536 - INFO - 执行当前算法开始: ris_optimized
2026-03-09 10:36:02,781 - INFO - 图初始化完成，节点数: 4525，当前模式: 优化采样
2026-03-09 10:36:02,781 - INFO - 开始生成 50000 组多重RR-Set...
2026-03-09 10:36:08,283 - INFO - 生成完毕。耗时: 5.50 秒。
2026-03-09 10:36:08,289 - INFO - 开始基于多重RR集贪心选择最优种子...
2026-03-09 10:36:09,656 - INFO - 选种完毕。耗时: 1.37 秒。估算范围: 82.67
2026-03-09 10:36:09,944 - INFO - 当前用时 7.41 秒
2026-03-09 10:36:09,945 - INFO - 将种子集 写入位置: /home/wen/work/coup_spread/network.netactorcollaboration/2026-3-12/seeds-with-network.netactorcollaboration/random_ris_optimized_seedNum-50_SSRNum-50000.txt
2026-03-09 10:36:09,945 - INFO - 首次生成种子集 1hop_sort
2026-03-09 10:36:09,945 - INFO - 执行当前算法开始: 1hop_sort
2026-03-09 10:36:09,945 - INFO - --- Running: Teacher's 1-Hop Expected Spread Sort ---
2026-03-09 10:36:09,950 - INFO - 选出的前 5 个种子得分展示: [0.4 0.4 0.4 0.4 0.4]
2026-03-09 10:36:09,950 - INFO - 当前用时 0.01 秒
2026-03-09 10:36:09,950 - INFO - 将种子集 写入位置: /home/wen/work/coup_spread/network.netactorcollaboration/2026-3-12/seeds-with-network.netactorcollaboration/random_1hop_sort_seedNum-50_SSRNum-50000.txt
2026-03-09 10:36:09,951 - INFO - 评估种子集: None
2026-03-09 10:36:09,951 - INFO - 多进程评估开始，共有 6 个方法待评估...
2026-03-09 10:36:09,951 - INFO - 启动进程池，Worker数量: 6
2026-03-09 10:36:10,684 - INFO - [Process 42074] 开始评估方法: random, 种子数: 50
2026-03-09 10:36:11,241 - INFO - [Process 42075] 开始评估方法: degreeTopM, 种子数: 50
2026-03-09 10:36:11,811 - INFO - [Process 42076] 开始评估方法: pageRank, 种子数: 50
2026-03-09 10:36:12,387 - INFO - [Process 42077] 开始评估方法: alpha_sort, 种子数: 50
2026-03-09 10:36:12,958 - INFO - [Process 42078] 开始评估方法: ris_optimized, 种子数: 50
2026-03-09 10:36:13,542 - INFO - [Process 42079] 开始评估方法: 1hop_sort, 种子数: 50
2026-03-09 10:36:14,868 - INFO - [random - 种子:50] 拉新:42.6人 | 总销量:42.9单 | 品牌曝光:218.4次 | 🌟综合得分:64.6
2026-03-09 10:36:15,659 - INFO - [degreeTopM - 种子:50] 拉新:44.2人 | 总销量:45.9单 | 品牌曝光:231.2次 | 🌟综合得分:68.1
2026-03-09 10:36:16,195 - INFO - [pageRank - 种子:50] 拉新:44.1人 | 总销量:45.5单 | 品牌曝光:229.8次 | 🌟综合得分:67.8
2026-03-09 10:36:16,822 - INFO - [alpha_sort - 种子:50] 拉新:42.8人 | 总销量:47.3单 | 品牌曝光:237.4次 | 🌟综合得分:68.8
2026-03-09 10:36:17,289 - INFO - [ris_optimized - 种子:50] 拉新:45.5人 | 总销量:46.4单 | 品牌曝光:233.5次 | 🌟综合得分:69.3
2026-03-09 10:36:17,664 - INFO - [1hop_sort - 种子:50] 拉新:44.2人 | 总销量:45.6单 | 品牌曝光:230.2次 | 🌟综合得分:67.9
2026-03-09 10:36:17,689 - INFO - 所有进程执行完毕，开始写入数据...
2026-03-09 10:36:17,698 - INFO - 成功写入 6 条记录至 /home/wen/work/coup_spread/gzc-impl/results/network.netactorcollaboration/2026-3-12/random_SSRNum-50000-_seedNum-50_simuTimes-500.csv
2026-03-09 10:36:17,699 - INFO - 保存评估文件至: /home/wen/work/coup_spread/gzc-impl/results/network.netactorcollaboration/2026-3-12/random_SSRNum-50000-_seedNum-50_simuTimes-500.csv
2026-03-09 10:36:17,712 - INFO - 加载数据集: network.netactorcollaboration
2026-03-09 10:36:17,713 - INFO - --- 矩阵分析 ---
2026-03-09 10:36:17,713 - INFO - 节点数 (N): 4525
2026-03-09 10:36:17,713 - INFO - 边数 (E): 27326
2026-03-09 10:36:17,713 - INFO - 密度 (Density): 0.00133456 (越小越稀疏)
2026-03-09 10:36:17,714 - INFO - 稀疏度 (Sparsity): 0.99866544 (越接近1越稀疏)
2026-03-09 10:36:17,714 - INFO - 平均度数 (Avg Degree): 6.04
2026-03-09 10:36:17,714 - INFO - >>> 正在注入完美对抗属性（验证三条定理）...
2026-03-09 10:36:17,762 - INFO - 首次生成种子集 random
2026-03-09 10:36:17,762 - INFO - 执行当前算法开始: random
2026-03-09 10:36:17,762 - INFO - 数据集节点总数:  n = 4525, m = 60
2026-03-09 10:36:17,762 - INFO - 选择 60  [2055, 3593, 2771, 28, 93, 1601, 1409, 1013, 2536, 4014, 2587, 4474, 303, 236, 2810, 1475, 3475, 2050, 1493, 794, 4308, 377, 3890, 245, 182, 3581, 181, 3625, 725, 2691, 1311, 1535, 3202, 481, 2288, 3121, 1567, 1107, 3514, 1295, 3189, 484, 2849, 3792, 174, 3608, 3984, 4021, 2443, 4429, 592, 422, 1217, 1027, 1520, 566, 2062, 4495, 1984, 4458]

2026-03-09 10:36:17,762 - INFO - 当前用时 0.00 秒
2026-03-09 10:36:17,763 - INFO - 将种子集 写入位置: /home/wen/work/coup_spread/network.netactorcollaboration/2026-3-12/seeds-with-network.netactorcollaboration/random_random_seedNum-60_SSRNum-50000.txt
2026-03-09 10:36:17,763 - INFO - 首次生成种子集 degreeTopM
2026-03-09 10:36:17,763 - INFO - 执行当前算法开始: degreeTopM
2026-03-09 10:36:17,763 - INFO - 依据: 选择连接数（度数）最多的节点。
2026-03-09 10:36:17,763 - INFO - 选择的 Top M 节点及其度数:
2026-03-09 10:36:17,763 - INFO - 
2026-03-09 10:36:17,763 - INFO - 当前用时 0.00 秒
2026-03-09 10:36:17,764 - INFO - 将种子集 写入位置: /home/wen/work/coup_spread/network.netactorcollaboration/2026-3-12/seeds-with-network.netactorcollaboration/random_degreeTopM_seedNum-60_SSRNum-50000.txt
2026-03-09 10:36:17,764 - INFO - 首次生成种子集 pageRank
2026-03-09 10:36:17,764 - INFO - 执行当前算法开始: pageRank
2026-03-09 10:36:17,764 - INFO - --- Running: PageRank (on tranProMatrix) Top M ---
2026-03-09 10:36:18,027 - INFO - Selected PageRank seeds: [109, 773, 106, 666, 886, 1738, 430, 719, 659, 1686, 614, 160, 1110, 1489, 1209, 1431, 60, 782, 1972, 527, 814, 1062, 28, 21, 257, 1858, 37, 1403, 287, 488, 1481, 653, 1432, 1180, 1269, 1020, 1233, 1308, 1127, 1706, 39, 401, 197, 1745, 865, 364, 1687, 461, 57, 278, 952, 59, 506, 2777, 1547, 1488, 1715, 445, 1609, 67]
2026-03-09 10:36:18,027 - INFO - 当前用时 0.26 秒
2026-03-09 10:36:18,027 - INFO - 将种子集 写入位置: /home/wen/work/coup_spread/network.netactorcollaboration/2026-3-12/seeds-with-network.netactorcollaboration/random_pageRank_seedNum-60_SSRNum-50000.txt
2026-03-09 10:36:18,027 - INFO - 首次生成种子集 alpha_sort
2026-03-09 10:36:18,028 - INFO - 执行当前算法开始: alpha_sort
2026-03-09 10:36:18,028 - INFO - 4525 个节点的alpha值降序排序 done
2026-03-09 10:36:18,028 - INFO - ==============>> [(0, np.float64(0.2)), (1, np.float64(0.2)), (2, np.float64(0.2)), (3, np.float64(0.2)), (4, np.float64(0.2)), (5, np.float64(0.2)), (6, np.float64(0.2)), (7, np.float64(0.2)), (8, np.float64(0.2)), (9, np.float64(0.2))]
2026-03-09 10:36:18,028 - INFO - 
选择的种子集 (按alpha排序): [0, 1, 2, 3, 4, 5, 6, 7, 8, 9, 10, 11, 12, 13, 14, 15, 16, 17, 18, 19, 20, 21, 22, 23, 24, 25, 26, 27, 28, 29, 30, 31, 32, 33, 34, 35, 36, 37, 38, 39, 40, 41, 42, 43, 44, 45, 46, 47, 48, 49, 50, 51, 52, 53, 54, 55, 56, 57, 58, 59]

2026-03-09 10:36:18,029 - INFO - 当前用时 0.00 秒
2026-03-09 10:36:18,029 - INFO - 将种子集 写入位置: /home/wen/work/coup_spread/network.netactorcollaboration/2026-3-12/seeds-with-network.netactorcollaboration/random_alpha_sort_seedNum-60_SSRNum-50000.txt
2026-03-09 10:36:18,029 - INFO - 首次生成种子集 ris_optimized
2026-03-09 10:36:18,029 - INFO - 执行当前算法开始: ris_optimized
2026-03-09 10:36:18,281 - INFO - 图初始化完成，节点数: 4525，当前模式: 优化采样
2026-03-09 10:36:18,282 - INFO - 开始生成 50000 组多重RR-Set...
2026-03-09 10:36:25,482 - INFO - 生成完毕。耗时: 7.20 秒。
2026-03-09 10:36:25,490 - INFO - 开始基于多重RR集贪心选择最优种子...
2026-03-09 10:36:27,572 - INFO - 选种完毕。耗时: 2.08 秒。估算范围: 99.44
2026-03-09 10:36:28,457 - INFO - 当前用时 10.43 秒
2026-03-09 10:36:28,458 - INFO - 将种子集 写入位置: /home/wen/work/coup_spread/network.netactorcollaboration/2026-3-12/seeds-with-network.netactorcollaboration/random_ris_optimized_seedNum-60_SSRNum-50000.txt
2026-03-09 10:36:28,458 - INFO - 首次生成种子集 1hop_sort
2026-03-09 10:36:28,458 - INFO - 执行当前算法开始: 1hop_sort
2026-03-09 10:36:28,458 - INFO - --- Running: Teacher's 1-Hop Expected Spread Sort ---
2026-03-09 10:36:28,471 - INFO - 选出的前 5 个种子得分展示: [0.4 0.4 0.4 0.4 0.4]
2026-03-09 10:36:28,471 - INFO - 当前用时 0.01 秒
2026-03-09 10:36:28,471 - INFO - 将种子集 写入位置: /home/wen/work/coup_spread/network.netactorcollaboration/2026-3-12/seeds-with-network.netactorcollaboration/random_1hop_sort_seedNum-60_SSRNum-50000.txt
2026-03-09 10:36:28,472 - INFO - 评估种子集: None
2026-03-09 10:36:28,472 - INFO - 多进程评估开始，共有 6 个方法待评估...
2026-03-09 10:36:28,472 - INFO - 启动进程池，Worker数量: 6
2026-03-09 10:36:29,243 - INFO - [Process 42349] 开始评估方法: random, 种子数: 60
2026-03-09 10:36:29,797 - INFO - [Process 42350] 开始评估方法: degreeTopM, 种子数: 60
2026-03-09 10:36:30,363 - INFO - [Process 42351] 开始评估方法: pageRank, 种子数: 60
2026-03-09 10:36:30,930 - INFO - [Process 42355] 开始评估方法: alpha_sort, 种子数: 60
2026-03-09 10:36:31,512 - INFO - [Process 42358] 开始评估方法: ris_optimized, 种子数: 60
2026-03-09 10:36:32,068 - INFO - [Process 42359] 开始评估方法: 1hop_sort, 种子数: 60
2026-03-09 10:36:34,084 - INFO - [random - 种子:60] 拉新:50.4人 | 总销量:50.9单 | 品牌曝光:258.5次 | 🌟综合得分:76.5
2026-03-09 10:36:35,045 - INFO - [degreeTopM - 种子:60] 拉新:52.4人 | 总销量:55.0单 | 品牌曝光:276.0次 | 🌟综合得分:81.3
2026-03-09 10:36:35,522 - INFO - [pageRank - 种子:60] 拉新:52.6人 | 总销量:54.4单 | 品牌曝光:273.6次 | 🌟综合得分:80.8
2026-03-09 10:36:36,228 - INFO - [alpha_sort - 种子:60] 拉新:50.6人 | 总销量:56.8单 | 品牌曝光:283.6次 | 🌟综合得分:82.1
2026-03-09 10:36:36,697 - INFO - [ris_optimized - 种子:60] 拉新:54.5人 | 总销量:55.4单 | 品牌曝光:278.1次 | 🌟综合得分:82.8
2026-03-09 10:36:37,076 - INFO - [1hop_sort - 种子:60] 拉新:53.5人 | 总销量:55.2单 | 品牌曝光:276.9次 | 🌟综合得分:82.0
2026-03-09 10:36:37,104 - INFO - 所有进程执行完毕，开始写入数据...
2026-03-09 10:36:37,120 - INFO - 成功写入 6 条记录至 /home/wen/work/coup_spread/gzc-impl/results/network.netactorcollaboration/2026-3-12/random_SSRNum-50000-_seedNum-60_simuTimes-500.csv
2026-03-09 10:36:37,121 - INFO - 保存评估文件至: /home/wen/work/coup_spread/gzc-impl/results/network.netactorcollaboration/2026-3-12/random_SSRNum-50000-_seedNum-60_simuTimes-500.csv
2026-03-09 10:36:37,132 - INFO - 加载数据集: network.netactorcollaboration
2026-03-09 10:36:37,134 - INFO - --- 矩阵分析 ---
2026-03-09 10:36:37,134 - INFO - 节点数 (N): 4525
2026-03-09 10:36:37,134 - INFO - 边数 (E): 27326
2026-03-09 10:36:37,134 - INFO - 密度 (Density): 0.00133456 (越小越稀疏)
2026-03-09 10:36:37,134 - INFO - 稀疏度 (Sparsity): 0.99866544 (越接近1越稀疏)
2026-03-09 10:36:37,134 - INFO - 平均度数 (Avg Degree): 6.04
2026-03-09 10:36:37,134 - INFO - >>> 正在注入完美对抗属性（验证三条定理）...
2026-03-09 10:36:37,183 - INFO - 首次生成种子集 random
2026-03-09 10:36:37,183 - INFO - 执行当前算法开始: random
2026-03-09 10:36:37,183 - INFO - 数据集节点总数:  n = 4525, m = 70
2026-03-09 10:36:37,184 - INFO - 选择 70  [3561, 3506, 787, 948, 2684, 1439, 4384, 3475, 3947, 284, 228, 1939, 557, 4159, 716, 1549, 2999, 1520, 2871, 587, 1912, 1020, 2143, 3589, 2100, 4479, 1410, 878, 3117, 2174, 1496, 3850, 3342, 3835, 3509, 172, 3617, 2710, 528, 3263, 3511, 2311, 668, 2667, 1088, 4332, 322, 4154, 1626, 1528, 2376, 1555, 3998, 2087, 2146, 4468, 2343, 77, 2774, 4223, 3940, 1296, 4339, 939, 803, 120, 2636, 899, 3653, 1368]

2026-03-09 10:36:37,184 - INFO - 当前用时 0.00 秒
2026-03-09 10:36:37,184 - INFO - 将种子集 写入位置: /home/wen/work/coup_spread/network.netactorcollaboration/2026-3-12/seeds-with-network.netactorcollaboration/random_random_seedNum-70_SSRNum-50000.txt
2026-03-09 10:36:37,184 - INFO - 首次生成种子集 degreeTopM
2026-03-09 10:36:37,184 - INFO - 执行当前算法开始: degreeTopM
2026-03-09 10:36:37,184 - INFO - 依据: 选择连接数（度数）最多的节点。
2026-03-09 10:36:37,185 - INFO - 选择的 Top M 节点及其度数:
2026-03-09 10:36:37,185 - INFO - 
2026-03-09 10:36:37,186 - INFO - 当前用时 0.00 秒
2026-03-09 10:36:37,186 - INFO - 将种子集 写入位置: /home/wen/work/coup_spread/network.netactorcollaboration/2026-3-12/seeds-with-network.netactorcollaboration/random_degreeTopM_seedNum-70_SSRNum-50000.txt
2026-03-09 10:36:37,186 - INFO - 首次生成种子集 pageRank
2026-03-09 10:36:37,186 - INFO - 执行当前算法开始: pageRank
2026-03-09 10:36:37,186 - INFO - --- Running: PageRank (on tranProMatrix) Top M ---
2026-03-09 10:36:37,464 - INFO - Selected PageRank seeds: [109, 773, 106, 666, 886, 1738, 430, 719, 659, 1686, 614, 160, 1110, 1489, 1209, 1431, 60, 782, 1972, 527, 814, 1062, 28, 21, 257, 1858, 37, 1403, 287, 488, 1481, 653, 1432, 1180, 1269, 1020, 1233, 1308, 1127, 1706, 39, 401, 197, 1745, 865, 364, 1687, 461, 57, 278, 952, 59, 506, 2777, 1547, 1488, 1715, 445, 1609, 67, 1495, 65, 677, 437, 1681, 90, 1457, 190, 649, 1059]
2026-03-09 10:36:37,464 - INFO - 当前用时 0.28 秒
2026-03-09 10:36:37,465 - INFO - 将种子集 写入位置: /home/wen/work/coup_spread/network.netactorcollaboration/2026-3-12/seeds-with-network.netactorcollaboration/random_pageRank_seedNum-70_SSRNum-50000.txt
2026-03-09 10:36:37,465 - INFO - 首次生成种子集 alpha_sort
2026-03-09 10:36:37,465 - INFO - 执行当前算法开始: alpha_sort
2026-03-09 10:36:37,466 - INFO - 4525 个节点的alpha值降序排序 done
2026-03-09 10:36:37,466 - INFO - ==============>> [(0, np.float64(0.2)), (1, np.float64(0.2)), (2, np.float64(0.2)), (3, np.float64(0.2)), (4, np.float64(0.2)), (5, np.float64(0.2)), (6, np.float64(0.2)), (7, np.float64(0.2)), (8, np.float64(0.2)), (9, np.float64(0.2))]
2026-03-09 10:36:37,466 - INFO - 
选择的种子集 (按alpha排序): [0, 1, 2, 3, 4, 5, 6, 7, 8, 9, 10, 11, 12, 13, 14, 15, 16, 17, 18, 19, 20, 21, 22, 23, 24, 25, 26, 27, 28, 29, 30, 31, 32, 33, 34, 35, 36, 37, 38, 39, 40, 41, 42, 43, 44, 45, 46, 47, 48, 49, 50, 51, 52, 53, 54, 55, 56, 57, 58, 59, 60, 61, 62, 63, 64, 65, 66, 67, 68, 69]

2026-03-09 10:36:37,466 - INFO - 当前用时 0.00 秒
2026-03-09 10:36:37,466 - INFO - 将种子集 写入位置: /home/wen/work/coup_spread/network.netactorcollaboration/2026-3-12/seeds-with-network.netactorcollaboration/random_alpha_sort_seedNum-70_SSRNum-50000.txt
2026-03-09 10:36:37,466 - INFO - 首次生成种子集 ris_optimized
2026-03-09 10:36:37,466 - INFO - 执行当前算法开始: ris_optimized
2026-03-09 10:36:37,734 - INFO - 图初始化完成，节点数: 4525，当前模式: 优化采样
2026-03-09 10:36:37,734 - INFO - 开始生成 50000 组多重RR-Set...
2026-03-09 10:36:45,091 - INFO - 生成完毕。耗时: 7.36 秒。
2026-03-09 10:36:45,099 - INFO - 开始基于多重RR集贪心选择最优种子...
2026-03-09 10:36:47,048 - INFO - 选种完毕。耗时: 1.95 秒。估算范围: 114.75
2026-03-09 10:36:47,390 - INFO - 当前用时 9.92 秒
2026-03-09 10:36:47,390 - INFO - 将种子集 写入位置: /home/wen/work/coup_spread/network.netactorcollaboration/2026-3-12/seeds-with-network.netactorcollaboration/random_ris_optimized_seedNum-70_SSRNum-50000.txt
2026-03-09 10:36:47,391 - INFO - 首次生成种子集 1hop_sort
2026-03-09 10:36:47,391 - INFO - 执行当前算法开始: 1hop_sort
2026-03-09 10:36:47,391 - INFO - --- Running: Teacher's 1-Hop Expected Spread Sort ---
2026-03-09 10:36:47,396 - INFO - 选出的前 5 个种子得分展示: [0.4 0.4 0.4 0.4 0.4]
2026-03-09 10:36:47,396 - INFO - 当前用时 0.01 秒
2026-03-09 10:36:47,396 - INFO - 将种子集 写入位置: /home/wen/work/coup_spread/network.netactorcollaboration/2026-3-12/seeds-with-network.netactorcollaboration/random_1hop_sort_seedNum-70_SSRNum-50000.txt
2026-03-09 10:36:47,397 - INFO - 评估种子集: None
2026-03-09 10:36:47,397 - INFO - 多进程评估开始，共有 6 个方法待评估...
2026-03-09 10:36:47,397 - INFO - 启动进程池，Worker数量: 6
2026-03-09 10:36:48,180 - INFO - [Process 42677] 开始评估方法: random, 种子数: 70
2026-03-09 10:36:48,745 - INFO - [Process 42678] 开始评估方法: degreeTopM, 种子数: 70
2026-03-09 10:36:49,310 - INFO - [Process 42679] 开始评估方法: pageRank, 种子数: 70
2026-03-09 10:36:49,879 - INFO - [Process 42680] 开始评估方法: alpha_sort, 种子数: 70
2026-03-09 10:36:50,455 - INFO - [Process 42681] 开始评估方法: ris_optimized, 种子数: 70
2026-03-09 10:36:51,076 - INFO - [Process 42682] 开始评估方法: 1hop_sort, 种子数: 70
2026-03-09 10:36:53,516 - INFO - [random - 种子:70] 拉新:55.8人 | 总销量:56.2单 | 品牌曝光:287.2次 | 🌟综合得分:84.7
2026-03-09 10:36:54,889 - INFO - [degreeTopM - 种子:70] 拉新:61.0人 | 总销量:64.1单 | 品牌曝光:321.4次 | 🌟综合得分:94.7
2026-03-09 10:36:55,573 - INFO - [pageRank - 种子:70] 拉新:61.0人 | 总销量:63.5单 | 品牌曝光:318.5次 | 🌟综合得分:94.1
2026-03-09 10:36:56,123 - INFO - [alpha_sort - 种子:70] 拉新:58.9人 | 总销量:66.3单 | 品牌曝光:330.8次 | 🌟综合得分:95.7
2026-03-09 10:36:56,538 - INFO - [ris_optimized - 种子:70] 拉新:63.6人 | 总销量:64.7单 | 品牌曝光:324.0次 | 🌟综合得分:96.6
2026-03-09 10:36:57,006 - INFO - [1hop_sort - 种子:70] 拉新:61.9人 | 总销量:63.9单 | 品牌曝光:320.1次 | 🌟综合得分:94.9
2026-03-09 10:36:57,035 - INFO - 所有进程执行完毕，开始写入数据...
2026-03-09 10:36:57,044 - INFO - 成功写入 6 条记录至 /home/wen/work/coup_spread/gzc-impl/results/network.netactorcollaboration/2026-3-12/random_SSRNum-50000-_seedNum-70_simuTimes-500.csv
2026-03-09 10:36:57,045 - INFO - 保存评估文件至: /home/wen/work/coup_spread/gzc-impl/results/network.netactorcollaboration/2026-3-12/random_SSRNum-50000-_seedNum-70_simuTimes-500.csv
2026-03-09 10:36:57,058 - INFO - 加载数据集: network.netactorcollaboration
2026-03-09 10:36:57,058 - INFO - --- 矩阵分析 ---
2026-03-09 10:36:57,058 - INFO - 节点数 (N): 4525
2026-03-09 10:36:57,058 - INFO - 边数 (E): 27326
2026-03-09 10:36:57,058 - INFO - 密度 (Density): 0.00133456 (越小越稀疏)
2026-03-09 10:36:57,058 - INFO - 稀疏度 (Sparsity): 0.99866544 (越接近1越稀疏)
2026-03-09 10:36:57,059 - INFO - 平均度数 (Avg Degree): 6.04
2026-03-09 10:36:57,059 - INFO - >>> 正在注入完美对抗属性（验证三条定理）...
2026-03-09 10:36:57,102 - INFO - 首次生成种子集 random
2026-03-09 10:36:57,103 - INFO - 执行当前算法开始: random
2026-03-09 10:36:57,103 - INFO - 数据集节点总数:  n = 4525, m = 80
2026-03-09 10:36:57,103 - INFO - 选择 80  [4046, 2625, 1537, 100, 431, 2331, 432, 2993, 2127, 3277, 1706, 1056, 1446, 2825, 3804, 314, 1157, 4208, 2536, 3604, 756, 94, 2171, 4440, 3095, 530, 2016, 3966, 3431, 3475, 1867, 3180, 190, 1189, 2995, 665, 3956, 2618, 233, 3176, 4063, 4258, 3063, 1658, 1353, 3133, 279, 1295, 1986, 4316, 850, 2784, 1480, 2469, 3867, 4318, 1655, 4362, 2146, 1030, 1419, 3750, 2985, 1727, 1078, 4197, 197, 2712, 2622, 555, 3356, 1969, 2388, 1228, 1945, 1499, 187, 3809, 448, 826]

2026-03-09 10:36:57,103 - INFO - 当前用时 0.00 秒
2026-03-09 10:36:57,103 - INFO - 将种子集 写入位置: /home/wen/work/coup_spread/network.netactorcollaboration/2026-3-12/seeds-with-network.netactorcollaboration/random_random_seedNum-80_SSRNum-50000.txt
2026-03-09 10:36:57,103 - INFO - 首次生成种子集 degreeTopM
2026-03-09 10:36:57,103 - INFO - 执行当前算法开始: degreeTopM
2026-03-09 10:36:57,103 - INFO - 依据: 选择连接数（度数）最多的节点。
2026-03-09 10:36:57,104 - INFO - 选择的 Top M 节点及其度数:
2026-03-09 10:36:57,104 - INFO - 
2026-03-09 10:36:57,104 - INFO - 当前用时 0.00 秒
2026-03-09 10:36:57,104 - INFO - 将种子集 写入位置: /home/wen/work/coup_spread/network.netactorcollaboration/2026-3-12/seeds-with-network.netactorcollaboration/random_degreeTopM_seedNum-80_SSRNum-50000.txt
2026-03-09 10:36:57,104 - INFO - 首次生成种子集 pageRank
2026-03-09 10:36:57,104 - INFO - 执行当前算法开始: pageRank
2026-03-09 10:36:57,104 - INFO - --- Running: PageRank (on tranProMatrix) Top M ---
2026-03-09 10:36:57,361 - INFO - Selected PageRank seeds: [109, 773, 106, 666, 886, 1738, 430, 719, 659, 1686, 614, 160, 1110, 1489, 1209, 1431, 60, 782, 1972, 527, 814, 1062, 28, 21, 257, 1858, 37, 1403, 287, 488, 1481, 653, 1432, 1180, 1269, 1020, 1233, 1308, 1127, 1706, 39, 401, 197, 1745, 865, 364, 1687, 461, 57, 278, 952, 59, 506, 2777, 1547, 1488, 1715, 445, 1609, 67, 1495, 65, 677, 437, 1681, 90, 1457, 190, 649, 1059, 1064, 1324, 675, 102, 638, 1433, 538, 308, 1214, 1450]
2026-03-09 10:36:57,361 - INFO - 当前用时 0.26 秒
2026-03-09 10:36:57,361 - INFO - 将种子集 写入位置: /home/wen/work/coup_spread/network.netactorcollaboration/2026-3-12/seeds-with-network.netactorcollaboration/random_pageRank_seedNum-80_SSRNum-50000.txt
2026-03-09 10:36:57,362 - INFO - 首次生成种子集 alpha_sort
2026-03-09 10:36:57,362 - INFO - 执行当前算法开始: alpha_sort
2026-03-09 10:36:57,362 - INFO - 4525 个节点的alpha值降序排序 done
2026-03-09 10:36:57,363 - INFO - ==============>> [(0, np.float64(0.2)), (1, np.float64(0.2)), (2, np.float64(0.2)), (3, np.float64(0.2)), (4, np.float64(0.2)), (5, np.float64(0.2)), (6, np.float64(0.2)), (7, np.float64(0.2)), (8, np.float64(0.2)), (9, np.float64(0.2))]
2026-03-09 10:36:57,363 - INFO - 
选择的种子集 (按alpha排序): [0, 1, 2, 3, 4, 5, 6, 7, 8, 9, 10, 11, 12, 13, 14, 15, 16, 17, 18, 19, 20, 21, 22, 23, 24, 25, 26, 27, 28, 29, 30, 31, 32, 33, 34, 35, 36, 37, 38, 39, 40, 41, 42, 43, 44, 45, 46, 47, 48, 49, 50, 51, 52, 53, 54, 55, 56, 57, 58, 59, 60, 61, 62, 63, 64, 65, 66, 67, 68, 69, 70, 71, 72, 73, 74, 75, 76, 77, 78, 79]

2026-03-09 10:36:57,363 - INFO - 当前用时 0.00 秒
2026-03-09 10:36:57,363 - INFO - 将种子集 写入位置: /home/wen/work/coup_spread/network.netactorcollaboration/2026-3-12/seeds-with-network.netactorcollaboration/random_alpha_sort_seedNum-80_SSRNum-50000.txt
2026-03-09 10:36:57,363 - INFO - 首次生成种子集 ris_optimized
2026-03-09 10:36:57,363 - INFO - 执行当前算法开始: ris_optimized
2026-03-09 10:36:57,626 - INFO - 图初始化完成，节点数: 4525，当前模式: 优化采样
2026-03-09 10:36:57,626 - INFO - 开始生成 50000 组多重RR-Set...
2026-03-09 10:37:07,819 - INFO - 生成完毕。耗时: 10.19 秒。
2026-03-09 10:37:07,831 - INFO - 开始基于多重RR集贪心选择最优种子...
2026-03-09 10:37:10,361 - INFO - 选种完毕。耗时: 2.53 秒。估算范围: 129.68
2026-03-09 10:37:10,994 - INFO - 当前用时 13.63 秒
2026-03-09 10:37:10,995 - INFO - 将种子集 写入位置: /home/wen/work/coup_spread/network.netactorcollaboration/2026-3-12/seeds-with-network.netactorcollaboration/random_ris_optimized_seedNum-80_SSRNum-50000.txt
2026-03-09 10:37:10,995 - INFO - 首次生成种子集 1hop_sort
2026-03-09 10:37:10,995 - INFO - 执行当前算法开始: 1hop_sort
2026-03-09 10:37:10,995 - INFO - --- Running: Teacher's 1-Hop Expected Spread Sort ---
2026-03-09 10:37:11,007 - INFO - 选出的前 5 个种子得分展示: [0.4 0.4 0.4 0.4 0.4]
2026-03-09 10:37:11,007 - INFO - 当前用时 0.01 秒
2026-03-09 10:37:11,008 - INFO - 将种子集 写入位置: /home/wen/work/coup_spread/network.netactorcollaboration/2026-3-12/seeds-with-network.netactorcollaboration/random_1hop_sort_seedNum-80_SSRNum-50000.txt
2026-03-09 10:37:11,009 - INFO - 评估种子集: None
2026-03-09 10:37:11,009 - INFO - 多进程评估开始，共有 6 个方法待评估...
2026-03-09 10:37:11,009 - INFO - 启动进程池，Worker数量: 6
2026-03-09 10:37:11,768 - INFO - [Process 43065] 开始评估方法: random, 种子数: 80
2026-03-09 10:37:12,335 - INFO - [Process 43073] 开始评估方法: degreeTopM, 种子数: 80
2026-03-09 10:37:12,902 - INFO - [Process 43074] 开始评估方法: pageRank, 种子数: 80
2026-03-09 10:37:13,479 - INFO - [Process 43075] 开始评估方法: alpha_sort, 种子数: 80
2026-03-09 10:37:14,055 - INFO - [Process 43077] 开始评估方法: ris_optimized, 种子数: 80
2026-03-09 10:37:14,617 - INFO - [Process 43078] 开始评估方法: 1hop_sort, 种子数: 80
2026-03-09 10:37:17,816 - INFO - [random - 种子:80] 拉新:65.4人 | 总销量:66.1单 | 品牌曝光:336.5次 | 🌟综合得分:99.4
2026-03-09 10:37:19,354 - INFO - [degreeTopM - 种子:80] 拉新:69.5人 | 总销量:73.2单 | 品牌曝光:367.2次 | 🌟综合得分:108.1
2026-03-09 10:37:19,790 - INFO - [pageRank - 种子:80] 拉新:69.4人 | 总销量:72.5单 | 品牌曝光:364.2次 | 🌟综合得分:107.3
2026-03-09 10:37:20,575 - INFO - [alpha_sort - 种子:80] 拉新:67.1人 | 总销量:75.7单 | 品牌曝光:378.1次 | 🌟综合得分:109.2
2026-03-09 10:37:21,139 - INFO - [ris_optimized - 种子:80] 拉新:72.1人 | 总销量:73.5单 | 品牌曝光:368.5次 | 🌟综合得分:109.6
2026-03-09 10:37:21,737 - INFO - [1hop_sort - 种子:80] 拉新:70.2人 | 总销量:73.0单 | 品牌曝光:366.4次 | 🌟综合得分:108.2
2026-03-09 10:37:21,768 - INFO - 所有进程执行完毕，开始写入数据...
2026-03-09 10:37:21,774 - INFO - 成功写入 6 条记录至 /home/wen/work/coup_spread/gzc-impl/results/network.netactorcollaboration/2026-3-12/random_SSRNum-50000-_seedNum-80_simuTimes-500.csv
2026-03-09 10:37:21,774 - INFO - 保存评估文件至: /home/wen/work/coup_spread/gzc-impl/results/network.netactorcollaboration/2026-3-12/random_SSRNum-50000-_seedNum-80_simuTimes-500.csv
2026-03-09 10:37:21,787 - INFO - 加载数据集: network.netactorcollaboration
2026-03-09 10:37:21,788 - INFO - --- 矩阵分析 ---
2026-03-09 10:37:21,788 - INFO - 节点数 (N): 4525
2026-03-09 10:37:21,788 - INFO - 边数 (E): 27326
2026-03-09 10:37:21,788 - INFO - 密度 (Density): 0.00133456 (越小越稀疏)
2026-03-09 10:37:21,788 - INFO - 稀疏度 (Sparsity): 0.99866544 (越接近1越稀疏)
2026-03-09 10:37:21,788 - INFO - 平均度数 (Avg Degree): 6.04
2026-03-09 10:37:21,788 - INFO - >>> 正在注入完美对抗属性（验证三条定理）...
2026-03-09 10:37:21,831 - INFO - 首次生成种子集 random
2026-03-09 10:37:21,831 - INFO - 执行当前算法开始: random
2026-03-09 10:37:21,831 - INFO - 数据集节点总数:  n = 4525, m = 90
2026-03-09 10:37:21,831 - INFO - 选择 90  [127, 2969, 1605, 1385, 3737, 2407, 2517, 407, 1209, 3780, 1006, 2203, 4471, 4256, 4001, 2711, 404, 3082, 499, 4449, 2884, 377, 2861, 4315, 3419, 3122, 3430, 2028, 4364, 4002, 1708, 3587, 168, 3434, 3720, 3076, 3931, 79, 3225, 2531, 1536, 1822, 1638, 1390, 2397, 2940, 4485, 402, 3029, 3854, 3881, 4164, 3411, 1906, 2618, 2250, 2067, 2660, 2639, 1786, 3401, 3581, 3460, 4404, 3117, 884, 2678, 459, 142, 2636, 3705, 1072, 4483, 954, 222, 934, 3481, 109, 4314, 3578, 4014, 1236, 3905, 794, 4515, 4211, 871, 1842, 1420, 1527]

2026-03-09 10:37:21,832 - INFO - 当前用时 0.00 秒
2026-03-09 10:37:21,832 - INFO - 将种子集 写入位置: /home/wen/work/coup_spread/network.netactorcollaboration/2026-3-12/seeds-with-network.netactorcollaboration/random_random_seedNum-90_SSRNum-50000.txt
2026-03-09 10:37:21,832 - INFO - 首次生成种子集 degreeTopM
2026-03-09 10:37:21,832 - INFO - 执行当前算法开始: degreeTopM
2026-03-09 10:37:21,832 - INFO - 依据: 选择连接数（度数）最多的节点。
2026-03-09 10:37:21,832 - INFO - 选择的 Top M 节点及其度数:
2026-03-09 10:37:21,832 - INFO - 
2026-03-09 10:37:21,833 - INFO - 当前用时 0.00 秒
2026-03-09 10:37:21,833 - INFO - 将种子集 写入位置: /home/wen/work/coup_spread/network.netactorcollaboration/2026-3-12/seeds-with-network.netactorcollaboration/random_degreeTopM_seedNum-90_SSRNum-50000.txt
2026-03-09 10:37:21,833 - INFO - 首次生成种子集 pageRank
2026-03-09 10:37:21,833 - INFO - 执行当前算法开始: pageRank
2026-03-09 10:37:21,833 - INFO - --- Running: PageRank (on tranProMatrix) Top M ---
2026-03-09 10:37:22,088 - INFO - Selected PageRank seeds: [109, 773, 106, 666, 886, 1738, 430, 719, 659, 1686, 614, 160, 1110, 1489, 1209, 1431, 60, 782, 1972, 527, 814, 1062, 28, 21, 257, 1858, 37, 1403, 287, 488, 1481, 653, 1432, 1180, 1269, 1020, 1233, 1308, 1127, 1706, 39, 401, 197, 1745, 865, 364, 1687, 461, 57, 278, 952, 59, 506, 2777, 1547, 1488, 1715, 445, 1609, 67, 1495, 65, 677, 437, 1681, 90, 1457, 190, 649, 1059, 1064, 1324, 675, 102, 638, 1433, 538, 308, 1214, 1450, 350, 702, 289, 2645, 647, 319, 555, 2119, 1902, 212]
2026-03-09 10:37:22,088 - INFO - 当前用时 0.26 秒
2026-03-09 10:37:22,089 - INFO - 将种子集 写入位置: /home/wen/work/coup_spread/network.netactorcollaboration/2026-3-12/seeds-with-network.netactorcollaboration/random_pageRank_seedNum-90_SSRNum-50000.txt
2026-03-09 10:37:22,089 - INFO - 首次生成种子集 alpha_sort
2026-03-09 10:37:22,089 - INFO - 执行当前算法开始: alpha_sort
2026-03-09 10:37:22,090 - INFO - 4525 个节点的alpha值降序排序 done
2026-03-09 10:37:22,090 - INFO - ==============>> [(0, np.float64(0.2)), (1, np.float64(0.2)), (2, np.float64(0.2)), (3, np.float64(0.2)), (4, np.float64(0.2)), (5, np.float64(0.2)), (6, np.float64(0.2)), (7, np.float64(0.2)), (8, np.float64(0.2)), (9, np.float64(0.2))]
2026-03-09 10:37:22,090 - INFO - 
选择的种子集 (按alpha排序): [0, 1, 2, 3, 4, 5, 6, 7, 8, 9, 10, 11, 12, 13, 14, 15, 16, 17, 18, 19, 20, 21, 22, 23, 24, 25, 26, 27, 28, 29, 30, 31, 32, 33, 34, 35, 36, 37, 38, 39, 40, 41, 42, 43, 44, 45, 46, 47, 48, 49, 50, 51, 52, 53, 54, 55, 56, 57, 58, 59, 60, 61, 62, 63, 64, 65, 66, 67, 68, 69, 70, 71, 72, 73, 74, 75, 76, 77, 78, 79, 80, 81, 82, 83, 84, 85, 86, 87, 88, 89]

2026-03-09 10:37:22,090 - INFO - 当前用时 0.00 秒
2026-03-09 10:37:22,090 - INFO - 将种子集 写入位置: /home/wen/work/coup_spread/network.netactorcollaboration/2026-3-12/seeds-with-network.netactorcollaboration/random_alpha_sort_seedNum-90_SSRNum-50000.txt
2026-03-09 10:37:22,090 - INFO - 首次生成种子集 ris_optimized
2026-03-09 10:37:22,090 - INFO - 执行当前算法开始: ris_optimized
2026-03-09 10:37:22,335 - INFO - 图初始化完成，节点数: 4525，当前模式: 优化采样
2026-03-09 10:37:22,335 - INFO - 开始生成 50000 组多重RR-Set...
2026-03-09 10:37:32,989 - INFO - 生成完毕。耗时: 10.65 秒。
2026-03-09 10:37:32,993 - INFO - 开始基于多重RR集贪心选择最优种子...
2026-03-09 10:37:35,605 - INFO - 选种完毕。耗时: 2.61 秒。估算范围: 145.25
2026-03-09 10:37:36,035 - INFO - 当前用时 13.94 秒
2026-03-09 10:37:36,035 - INFO - 将种子集 写入位置: /home/wen/work/coup_spread/network.netactorcollaboration/2026-3-12/seeds-with-network.netactorcollaboration/random_ris_optimized_seedNum-90_SSRNum-50000.txt
2026-03-09 10:37:36,036 - INFO - 首次生成种子集 1hop_sort
2026-03-09 10:37:36,036 - INFO - 执行当前算法开始: 1hop_sort
2026-03-09 10:37:36,036 - INFO - --- Running: Teacher's 1-Hop Expected Spread Sort ---
2026-03-09 10:37:36,041 - INFO - 选出的前 5 个种子得分展示: [0.4 0.4 0.4 0.4 0.4]
2026-03-09 10:37:36,041 - INFO - 当前用时 0.01 秒
2026-03-09 10:37:36,041 - INFO - 将种子集 写入位置: /home/wen/work/coup_spread/network.netactorcollaboration/2026-3-12/seeds-with-network.netactorcollaboration/random_1hop_sort_seedNum-90_SSRNum-50000.txt
2026-03-09 10:37:36,042 - INFO - 评估种子集: None
2026-03-09 10:37:36,042 - INFO - 多进程评估开始，共有 6 个方法待评估...
2026-03-09 10:37:36,042 - INFO - 启动进程池，Worker数量: 6
2026-03-09 10:37:36,805 - INFO - [Process 43523] 开始评估方法: random, 种子数: 90
2026-03-09 10:37:37,363 - INFO - [Process 43524] 开始评估方法: degreeTopM, 种子数: 90
2026-03-09 10:37:37,913 - INFO - [Process 43525] 开始评估方法: pageRank, 种子数: 90
2026-03-09 10:37:38,492 - INFO - [Process 43526] 开始评估方法: alpha_sort, 种子数: 90
2026-03-09 10:37:39,071 - INFO - [Process 43527] 开始评估方法: ris_optimized, 种子数: 90
2026-03-09 10:37:39,636 - INFO - [Process 43528] 开始评估方法: 1hop_sort, 种子数: 90
2026-03-09 10:37:43,749 - INFO - [random - 种子:90] 拉新:71.5人 | 总销量:72.5单 | 品牌曝光:370.1次 | 🌟综合得分:109.0
2026-03-09 10:37:45,165 - INFO - [degreeTopM - 种子:90] 拉新:77.5人 | 总销量:82.2单 | 品牌曝光:413.5次 | 🌟综合得分:121.2
2026-03-09 10:37:45,626 - INFO - [pageRank - 种子:90] 拉新:77.8人 | 总销量:81.6单 | 品牌曝光:410.8次 | 🌟综合得分:120.8
2026-03-09 10:37:46,459 - INFO - [alpha_sort - 种子:90] 拉新:74.2人 | 总销量:85.2单 | 品牌曝光:426.2次 | 🌟综合得分:122.3
2026-03-09 10:37:47,039 - INFO - [ris_optimized - 种子:90] 拉新:80.3人 | 总销量:82.3单 | 品牌曝光:413.5次 | 🌟综合得分:122.6
2026-03-09 10:37:47,438 - INFO - [1hop_sort - 种子:90] 拉新:78.7人 | 总销量:82.1单 | 品牌曝光:412.7次 | 🌟综合得分:121.7
2026-03-09 10:37:47,471 - INFO - 所有进程执行完毕，开始写入数据...
2026-03-09 10:37:47,479 - INFO - 成功写入 6 条记录至 /home/wen/work/coup_spread/gzc-impl/results/network.netactorcollaboration/2026-3-12/random_SSRNum-50000-_seedNum-90_simuTimes-500.csv
2026-03-09 10:37:47,480 - INFO - 保存评估文件至: /home/wen/work/coup_spread/gzc-impl/results/network.netactorcollaboration/2026-3-12/random_SSRNum-50000-_seedNum-90_simuTimes-500.csv
2026-03-09 10:37:47,495 - INFO - 加载数据集: network.netactorcollaboration
2026-03-09 10:37:47,496 - INFO - --- 矩阵分析 ---
2026-03-09 10:37:47,496 - INFO - 节点数 (N): 4525
2026-03-09 10:37:47,496 - INFO - 边数 (E): 27326
2026-03-09 10:37:47,496 - INFO - 密度 (Density): 0.00133456 (越小越稀疏)
2026-03-09 10:37:47,496 - INFO - 稀疏度 (Sparsity): 0.99866544 (越接近1越稀疏)
2026-03-09 10:37:47,496 - INFO - 平均度数 (Avg Degree): 6.04
2026-03-09 10:37:47,496 - INFO - >>> 正在注入完美对抗属性（验证三条定理）...
2026-03-09 10:37:47,540 - INFO - 首次生成种子集 random
2026-03-09 10:37:47,540 - INFO - 执行当前算法开始: random
2026-03-09 10:37:47,540 - INFO - 数据集节点总数:  n = 4525, m = 100
2026-03-09 10:37:47,541 - INFO - 选择 100  [402, 278, 586, 3573, 1050, 2667, 1610, 2443, 954, 3343, 2709, 4118, 752, 1681, 3490, 2828, 1046, 3618, 375, 4059, 1649, 2474, 1502, 2468, 3623, 1718, 2390, 31, 1349, 259, 189, 3413, 480, 1324, 1542, 3717, 803, 4208, 1077, 3258, 2149, 4150, 270, 941, 917, 2296, 438, 2717, 4050, 2882, 2490, 4400, 1571, 2038, 788, 1962, 3157, 692, 3746, 4045, 2652, 3619, 811, 3140, 3992, 942, 965, 3128, 116, 3798, 3811, 1603, 3731, 4290, 2922, 2847, 1109, 1187, 4093, 4483, 2570, 2576, 994, 1934, 2414, 2305, 4063, 2201, 3241, 628, 1034, 1860, 4072, 4258, 3889, 4498, 3181, 1520, 1770, 1380]

2026-03-09 10:37:47,541 - INFO - 当前用时 0.00 秒
2026-03-09 10:37:47,541 - INFO - 将种子集 写入位置: /home/wen/work/coup_spread/network.netactorcollaboration/2026-3-12/seeds-with-network.netactorcollaboration/random_random_seedNum-100_SSRNum-50000.txt
2026-03-09 10:37:47,541 - INFO - 首次生成种子集 degreeTopM
2026-03-09 10:37:47,541 - INFO - 执行当前算法开始: degreeTopM
2026-03-09 10:37:47,541 - INFO - 依据: 选择连接数（度数）最多的节点。
2026-03-09 10:37:47,542 - INFO - 选择的 Top M 节点及其度数:
2026-03-09 10:37:47,542 - INFO - 
2026-03-09 10:37:47,542 - INFO - 当前用时 0.00 秒
2026-03-09 10:37:47,542 - INFO - 将种子集 写入位置: /home/wen/work/coup_spread/network.netactorcollaboration/2026-3-12/seeds-with-network.netactorcollaboration/random_degreeTopM_seedNum-100_SSRNum-50000.txt
2026-03-09 10:37:47,542 - INFO - 首次生成种子集 pageRank
2026-03-09 10:37:47,542 - INFO - 执行当前算法开始: pageRank
2026-03-09 10:37:47,542 - INFO - --- Running: PageRank (on tranProMatrix) Top M ---
2026-03-09 10:37:47,801 - INFO - Selected PageRank seeds: [109, 773, 106, 666, 886, 1738, 430, 719, 659, 1686, 614, 160, 1110, 1489, 1209, 1431, 60, 782, 1972, 527, 814, 1062, 28, 21, 257, 1858, 37, 1403, 287, 488, 1481, 653, 1432, 1180, 1269, 1020, 1233, 1308, 1127, 1706, 39, 401, 197, 1745, 865, 364, 1687, 461, 57, 278, 952, 59, 506, 2777, 1547, 1488, 1715, 445, 1609, 67, 1495, 65, 677, 437, 1681, 90, 1457, 190, 649, 1059, 1064, 1324, 675, 102, 638, 1433, 538, 308, 1214, 1450, 350, 702, 289, 2645, 647, 319, 555, 2119, 1902, 212, 1847, 2565, 986, 286, 183, 248, 784, 750, 1767, 294]
2026-03-09 10:37:47,801 - INFO - 当前用时 0.26 秒
2026-03-09 10:37:47,801 - INFO - 将种子集 写入位置: /home/wen/work/coup_spread/network.netactorcollaboration/2026-3-12/seeds-with-network.netactorcollaboration/random_pageRank_seedNum-100_SSRNum-50000.txt
2026-03-09 10:37:47,802 - INFO - 首次生成种子集 alpha_sort
2026-03-09 10:37:47,802 - INFO - 执行当前算法开始: alpha_sort
2026-03-09 10:37:47,802 - INFO - 4525 个节点的alpha值降序排序 done
2026-03-09 10:37:47,803 - INFO - ==============>> [(0, np.float64(0.2)), (1, np.float64(0.2)), (2, np.float64(0.2)), (3, np.float64(0.2)), (4, np.float64(0.2)), (5, np.float64(0.2)), (6, np.float64(0.2)), (7, np.float64(0.2)), (8, np.float64(0.2)), (9, np.float64(0.2))]
2026-03-09 10:37:47,803 - INFO - 
选择的种子集 (按alpha排序): [0, 1, 2, 3, 4, 5, 6, 7, 8, 9, 10, 11, 12, 13, 14, 15, 16, 17, 18, 19, 20, 21, 22, 23, 24, 25, 26, 27, 28, 29, 30, 31, 32, 33, 34, 35, 36, 37, 38, 39, 40, 41, 42, 43, 44, 45, 46, 47, 48, 49, 50, 51, 52, 53, 54, 55, 56, 57, 58, 59, 60, 61, 62, 63, 64, 65, 66, 67, 68, 69, 70, 71, 72, 73, 74, 75, 76, 77, 78, 79, 80, 81, 82, 83, 84, 85, 86, 87, 88, 89, 90, 91, 92, 93, 94, 95, 96, 97, 98, 99]

2026-03-09 10:37:47,803 - INFO - 当前用时 0.00 秒
2026-03-09 10:37:47,803 - INFO - 将种子集 写入位置: /home/wen/work/coup_spread/network.netactorcollaboration/2026-3-12/seeds-with-network.netactorcollaboration/random_alpha_sort_seedNum-100_SSRNum-50000.txt
2026-03-09 10:37:47,803 - INFO - 首次生成种子集 ris_optimized
2026-03-09 10:37:47,803 - INFO - 执行当前算法开始: ris_optimized
2026-03-09 10:37:48,047 - INFO - 图初始化完成，节点数: 4525，当前模式: 优化采样
2026-03-09 10:37:48,047 - INFO - 开始生成 50000 组多重RR-Set...
2026-03-09 10:37:58,905 - INFO - 生成完毕。耗时: 10.86 秒。
2026-03-09 10:37:58,913 - INFO - 开始基于多重RR集贪心选择最优种子...
2026-03-09 10:38:02,076 - INFO - 选种完毕。耗时: 3.16 秒。估算范围: 162.36
2026-03-09 10:38:02,832 - INFO - 当前用时 15.03 秒
2026-03-09 10:38:02,832 - INFO - 将种子集 写入位置: /home/wen/work/coup_spread/network.netactorcollaboration/2026-3-12/seeds-with-network.netactorcollaboration/random_ris_optimized_seedNum-100_SSRNum-50000.txt
2026-03-09 10:38:02,833 - INFO - 首次生成种子集 1hop_sort
2026-03-09 10:38:02,833 - INFO - 执行当前算法开始: 1hop_sort
2026-03-09 10:38:02,833 - INFO - --- Running: Teacher's 1-Hop Expected Spread Sort ---
2026-03-09 10:38:02,838 - INFO - 选出的前 5 个种子得分展示: [0.4 0.4 0.4 0.4 0.4]
2026-03-09 10:38:02,838 - INFO - 当前用时 0.01 秒
2026-03-09 10:38:02,838 - INFO - 将种子集 写入位置: /home/wen/work/coup_spread/network.netactorcollaboration/2026-3-12/seeds-with-network.netactorcollaboration/random_1hop_sort_seedNum-100_SSRNum-50000.txt
2026-03-09 10:38:02,839 - INFO - 评估种子集: None
2026-03-09 10:38:02,839 - INFO - 多进程评估开始，共有 6 个方法待评估...
2026-03-09 10:38:02,839 - INFO - 启动进程池，Worker数量: 6
2026-03-09 10:38:03,602 - INFO - [Process 44055] 开始评估方法: random, 种子数: 100
2026-03-09 10:38:04,166 - INFO - [Process 44056] 开始评估方法: degreeTopM, 种子数: 100
2026-03-09 10:38:04,736 - INFO - [Process 44057] 开始评估方法: pageRank, 种子数: 100
2026-03-09 10:38:05,306 - INFO - [Process 44058] 开始评估方法: alpha_sort, 种子数: 100
2026-03-09 10:38:05,880 - INFO - [Process 44059] 开始评估方法: ris_optimized, 种子数: 100
2026-03-09 10:38:06,457 - INFO - [Process 44060] 开始评估方法: 1hop_sort, 种子数: 100
2026-03-09 10:38:11,270 - INFO - [random - 种子:100] 拉新:81.0人 | 总销量:82.1单 | 品牌曝光:419.6次 | 🌟综合得分:123.5
2026-03-09 10:38:12,855 - INFO - [degreeTopM - 种子:100] 拉新:86.0人 | 总销量:91.4单 | 品牌曝光:458.7次 | 🌟综合得分:134.6
2026-03-09 10:38:13,343 - INFO - [pageRank - 种子:100] 拉新:85.8人 | 总销量:90.3单 | 品牌曝光:454.0次 | 🌟综合得分:133.4
2026-03-09 10:38:14,230 - INFO - [alpha_sort - 种子:100] 拉新:81.5人 | 总销量:94.8单 | 品牌曝光:473.2次 | 🌟综合得分:135.4
2026-03-09 10:38:14,470 - INFO - [ris_optimized - 种子:100] 拉新:89.4人 | 总销量:91.8单 | 品牌曝光:460.6次 | 🌟综合得分:136.7
2026-03-09 10:38:15,017 - INFO - [1hop_sort - 种子:100] 拉新:87.1人 | 总销量:91.6单 | 品牌曝光:459.6次 | 🌟综合得分:135.3
2026-03-09 10:38:15,051 - INFO - 所有进程执行完毕，开始写入数据...
2026-03-09 10:38:15,059 - INFO - 成功写入 6 条记录至 /home/wen/work/coup_spread/gzc-impl/results/network.netactorcollaboration/2026-3-12/random_SSRNum-50000-_seedNum-100_simuTimes-500.csv
2026-03-09 10:38:15,060 - INFO - 保存评估文件至: /home/wen/work/coup_spread/gzc-impl/results/network.netactorcollaboration/2026-3-12/random_SSRNum-50000-_seedNum-100_simuTimes-500.csv
