2026-01-07 19:53:02,126 - INFO - 加载数据集: network.netDog
2026-01-07 19:53:02,127 - INFO - --- 矩阵分析 ---
2026-01-07 19:53:02,127 - INFO - 节点数 (N): 4502
2026-01-07 19:53:02,127 - INFO - 边数 (E): 29580
2026-01-07 19:53:02,127 - INFO - 密度 (Density): 0.00145944 (越小越稀疏)
2026-01-07 19:53:02,127 - INFO - 稀疏度 (Sparsity): 0.99854056 (越接近1越稀疏)
2026-01-07 19:53:02,127 - INFO - 平均度数 (Avg Degree): 6.57
2026-01-07 19:53:02,128 - INFO - 首次生成度相关概率分布 分布类型: 'powerlaw'.
2026-01-07 19:53:02,128 - INFO - ===> Generating 'Power-law Degree-Aware' distributions...
2026-01-07 19:53:02,130 - INFO - 保存概率分布 文件位置: /root/pythonspace/data-test/network.netDog/2026-1-10-2/distribution-in-network.netDog/distribution-powerlaw_seedNum-200.pkl
2026-01-07 19:53:02,174 - INFO - 首次生成种子集 random
2026-01-07 19:53:02,175 - INFO - 执行当前算法开始: random
2026-01-07 19:53:02,175 - INFO - 数据集节点总数:  n = 4502, m = 200
2026-01-07 19:53:02,175 - INFO - 选择 200  [2439, 2588, 4217, 859, 4023, 1548, 3499, 1066, 869, 3901, 2712, 732, 1503, 2874, 1024, 786, 2573, 1333, 2092, 1454, 939, 522, 4242, 3968, 240, 538, 1129, 688, 624, 1340, 2881, 2956, 861, 2840, 3924, 1948, 2465, 4058, 2700, 1073, 3385, 1700, 2802, 1794, 2363, 4312, 582, 2057, 4355, 414, 1115, 2527, 1450, 495, 1706, 1740, 3515, 2656, 3526, 1994, 3381, 1277, 1312, 3885, 4471, 907, 3871, 189, 1736, 1924, 3465, 3799, 3806, 897, 996, 2999, 4349, 1332, 1939, 3107, 373, 4366, 3744, 1377, 2493, 3205, 1815, 497, 1412, 1926, 1958, 1663, 870, 699, 521, 3237, 3090, 229, 797, 4483, 660, 2902, 4274, 745, 3792, 2686, 1358, 905, 1444, 3914, 1604, 3209, 260, 2511, 1559, 3270, 3436, 904, 3544, 3917, 92, 537, 2095, 578, 82, 4013, 4500, 3793, 2163, 4476, 1141, 3728, 1874, 1146, 1817, 2797, 3078, 3206, 1703, 3225, 3453, 3317, 3197, 3651, 3934, 986, 2021, 1171, 862, 4029, 326, 2651, 2984, 1827, 410, 3427, 2176, 4252, 1276, 3941, 2047, 491, 3856, 2738, 2938, 3636, 817, 809, 2045, 716, 655, 1152, 4341, 2832, 685, 3530, 790, 3193, 3328, 3708, 3984, 1635, 1621, 335, 2250, 3705, 2799, 1495, 4010, 2185, 4090, 2592, 2349, 3343, 2156, 3959, 2224, 4443, 2708, 3518]

2026-01-07 19:53:02,175 - INFO - 当前用时 0.00 秒
2026-01-07 19:53:02,175 - INFO - 将种子集 写入位置: /root/pythonspace/data-test/network.netDog/2026-1-10-2/seeds-with-network.netDog/powerlaw_random_seedNum-200_SSRNum-100000.txt
2026-01-07 19:53:02,175 - INFO - 首次生成种子集 degreeTopM
2026-01-07 19:53:02,175 - INFO - 执行当前算法开始: degreeTopM
2026-01-07 19:53:02,176 - INFO - 依据: 选择连接数（度数）最多的节点。
2026-01-07 19:53:02,176 - INFO - 选择的 Top M 节点及其度数:
2026-01-07 19:53:02,176 - INFO - 
2026-01-07 19:53:02,176 - INFO - 当前用时 0.00 秒
2026-01-07 19:53:02,177 - INFO - 将种子集 写入位置: /root/pythonspace/data-test/network.netDog/2026-1-10-2/seeds-with-network.netDog/powerlaw_degreeTopM_seedNum-200_SSRNum-100000.txt
2026-01-07 19:53:02,177 - INFO - 首次生成种子集 pageRank
2026-01-07 19:53:02,177 - INFO - 执行当前算法开始: pageRank
2026-01-07 19:53:02,177 - INFO - --- Running: PageRank (on tranProMatrix) Top M ---
2026-01-07 19:53:02,549 - INFO - Selected PageRank seeds: [79, 135, 83, 16, 45, 133, 243, 36, 33, 12, 2, 125, 4, 167, 38, 77, 19, 17, 128, 129, 62, 329, 13, 35, 294, 14, 414, 318, 162, 26, 37, 15, 93, 46, 192, 61, 164, 279, 359, 120, 693, 123, 934, 52, 755, 254, 221, 127, 107, 208, 91, 183, 264, 152, 291, 223, 141, 316, 435, 324, 98, 44, 632, 8, 207, 681, 1157, 405, 104, 142, 150, 263, 916, 169, 583, 237, 261, 228, 1080, 526, 440, 165, 274, 22, 832, 811, 224, 292, 273, 564, 980, 54, 502, 112, 347, 173, 23, 1110, 1047, 194, 1018, 570, 976, 385, 1141, 235, 922, 615, 761, 262, 497, 63, 655, 812, 64, 616, 60, 301, 24, 298, 372, 248, 1287, 730, 960, 869, 72, 240, 594, 131, 238, 53, 280, 1081, 1392, 1419, 182, 784, 86, 1241, 1528, 929, 463, 419, 399, 687, 1418, 870, 1298, 1076, 1785, 1683, 58, 236, 239, 536, 352, 295, 55, 566, 88, 456, 376, 271, 299, 940, 156, 234, 576, 364, 477, 1543, 73, 596, 524, 1114, 21, 210, 663, 379, 837, 550, 517, 992, 1410, 1554, 373, 1134, 1348, 734, 18, 84, 258, 320, 75, 467, 198, 401, 735, 786]
2026-01-07 19:53:02,549 - INFO - 当前用时 0.37 秒
2026-01-07 19:53:02,550 - INFO - 将种子集 写入位置: /root/pythonspace/data-test/network.netDog/2026-1-10-2/seeds-with-network.netDog/powerlaw_pageRank_seedNum-200_SSRNum-100000.txt
2026-01-07 19:53:02,550 - INFO - 首次生成种子集 alpha_sort
2026-01-07 19:53:02,550 - INFO - 执行当前算法开始: alpha_sort
2026-01-07 19:53:02,553 - INFO - 4502 个节点的alpha值降序排序 done
2026-01-07 19:53:02,553 - INFO - ==============>> [(3395, 0.3592066494866407), (4485, 0.35735008924467987), (4229, 0.3555214886022534), (3893, 0.35335989448538985), (3042, 0.35221018792256886), (903, 0.3505229671742277), (2544, 0.3504773681609448), (2657, 0.3503514810718495), (3033, 0.35013304164563747), (3176, 0.3495601738056082)]
2026-01-07 19:53:02,553 - INFO - 
选择的种子集 (按alpha排序): [3395, 4485, 4229, 3893, 3042, 903, 2544, 2657, 3033, 3176, 722, 2660, 1578, 2123, 3827, 3251, 3333, 3295, 3575, 2548, 1987, 2406, 4188, 2176, 4362, 3079, 590, 1045, 2196, 3343, 2861, 3491, 4463, 3064, 2199, 1098, 1975, 695, 1589, 1775, 3658, 1629, 2945, 2768, 2284, 4492, 3510, 4125, 3719, 1046, 1113, 3371, 2272, 1462, 3626, 2157, 1579, 4108, 2269, 3432, 1820, 4118, 932, 4088, 3521, 4381, 3067, 1594, 3834, 4111, 4213, 4352, 1936, 3530, 3911, 3427, 2104, 3800, 3437, 3050, 2978, 381, 2050, 3499, 3197, 4044, 2367, 1603, 3334, 3297, 1802, 3180, 640, 4009, 4278, 799, 933, 4423, 3931, 3473, 2494, 3490, 2764, 906, 4085, 3632, 100, 887, 516, 1614, 3023, 3242, 1739, 2389, 69, 3564, 1918, 466, 2398, 951, 1587, 3495, 4156, 1741, 3344, 2246, 964, 3590, 2455, 563, 3920, 2472, 3811, 377, 3290, 3253, 3825, 1959, 1177, 2260, 2235, 4291, 2255, 3073, 3074, 3750, 332, 2859, 3944, 879, 1481, 1984, 287, 4034, 2523, 4206, 1290, 2034, 3479, 2770, 2504, 1795, 4150, 4488, 824, 4038, 2749, 3047, 4265, 664, 4295, 3312, 4371, 2300, 3303, 4008, 3766, 3030, 4414, 4440, 2434, 2651, 2093, 2540, 4280, 586, 2086, 3782, 3603, 1406, 769, 2190, 3809, 4262, 3326, 3917, 4082, 1734, 2556, 3229]

2026-01-07 19:53:02,553 - INFO - 当前用时 0.00 秒
2026-01-07 19:53:02,554 - INFO - 将种子集 写入位置: /root/pythonspace/data-test/network.netDog/2026-1-10-2/seeds-with-network.netDog/powerlaw_alpha_sort_seedNum-200_SSRNum-100000.txt
2026-01-07 19:53:02,554 - INFO - 首次生成种子集 ris_coverage
2026-01-07 19:53:02,554 - INFO - 执行当前算法开始: ris_coverage
2026-01-07 19:53:02,814 - INFO - 图初始化完成，节点数: 4502，CSR 矩阵准备就绪。
2026-01-07 19:53:02,814 - INFO - 
开始生成 100000 组 SSR (并行进程: 8)...
2026-01-07 19:54:34,019 - INFO - 生成完毕。耗时: 91.20 秒。
2026-01-07 19:54:34,021 - INFO - 
开始选择最优种子 (Optimized Greedy) ...
2026-01-07 19:54:53,309 - INFO -   - 券 1/200 选中节点 79, 新增覆盖 256
2026-01-07 19:54:53,320 - INFO -   - 券 2/200 选中节点 16, 新增覆盖 245
2026-01-07 19:54:53,334 - INFO -   - 券 3/200 选中节点 133, 新增覆盖 235
2026-01-07 19:54:53,347 - INFO -   - 券 4/200 选中节点 2, 新增覆盖 201
2026-01-07 19:54:53,363 - INFO -   - 券 5/200 选中节点 135, 新增覆盖 214
2026-01-07 19:54:53,382 - INFO -   - 券 6/200 选中节点 12, 新增覆盖 200
2026-01-07 19:54:53,401 - INFO -   - 券 7/200 选中节点 36, 新增覆盖 224
2026-01-07 19:54:53,422 - INFO -   - 券 8/200 选中节点 13, 新增覆盖 195
2026-01-07 19:54:53,452 - INFO -   - 券 9/200 选中节点 83, 新增覆盖 180
2026-01-07 19:54:53,479 - INFO -   - 券 10/200 选中节点 14, 新增覆盖 161
2026-01-07 19:54:53,505 - INFO -   - 券 11/200 选中节点 359, 新增覆盖 147
2026-01-07 19:54:53,531 - INFO -   - 券 12/200 选中节点 294, 新增覆盖 146
2026-01-07 19:54:53,560 - INFO -   - 券 13/200 选中节点 123, 新增覆盖 137
2026-01-07 19:54:53,598 - INFO -   - 券 14/200 选中节点 45, 新增覆盖 156
2026-01-07 19:54:53,631 - INFO -   - 券 15/200 选中节点 934, 新增覆盖 138
2026-01-07 19:54:53,664 - INFO -   - 券 16/200 选中节点 15, 新增覆盖 143
2026-01-07 19:54:53,698 - INFO -   - 券 17/200 选中节点 120, 新增覆盖 141
2026-01-07 19:54:53,738 - INFO -   - 券 18/200 选中节点 254, 新增覆盖 117
2026-01-07 19:54:53,779 - INFO -   - 券 19/200 选中节点 125, 新增覆盖 126
2026-01-07 19:54:53,816 - INFO -   - 券 20/200 选中节点 26, 新增覆盖 120
2026-01-07 19:54:53,858 - INFO -   - 券 21/200 选中节点 54, 新增覆盖 115
2026-01-07 19:54:53,900 - INFO -   - 券 22/200 选中节点 243, 新增覆盖 114
2026-01-07 19:54:53,949 - INFO -   - 券 23/200 选中节点 279, 新增覆盖 115
2026-01-07 19:54:53,993 - INFO -   - 券 24/200 选中节点 142, 新增覆盖 98
2026-01-07 19:54:54,044 - INFO -   - 券 25/200 选中节点 107, 新增覆盖 119
2026-01-07 19:54:54,104 - INFO -   - 券 26/200 选中节点 414, 新增覆盖 98
2026-01-07 19:54:54,156 - INFO -   - 券 27/200 选中节点 693, 新增覆盖 102
2026-01-07 19:54:54,213 - INFO -   - 券 28/200 选中节点 104, 新增覆盖 101
2026-01-07 19:54:54,271 - INFO -   - 券 29/200 选中节点 167, 新增覆盖 97
2026-01-07 19:54:54,332 - INFO -   - 券 30/200 选中节点 681, 新增覆盖 96
2026-01-07 19:54:54,397 - INFO -   - 券 31/200 选中节点 46, 新增覆盖 108
2026-01-07 19:54:54,457 - INFO -   - 券 32/200 选中节点 91, 新增覆盖 90
2026-01-07 19:54:54,526 - INFO -   - 券 33/200 选中节点 52, 新增覆盖 92
2026-01-07 19:54:54,590 - INFO -   - 券 34/200 选中节点 441, 新增覆盖 88
2026-01-07 19:54:54,658 - INFO -   - 券 35/200 选中节点 207, 新增覆盖 88
2026-01-07 19:54:54,726 - INFO -   - 券 36/200 选中节点 976, 新增覆盖 90
2026-01-07 19:54:54,795 - INFO -   - 券 37/200 选中节点 44, 新增覆盖 89
2026-01-07 19:54:54,863 - INFO -   - 券 38/200 选中节点 1080, 新增覆盖 92
2026-01-07 19:54:54,931 - INFO -   - 券 39/200 选中节点 183, 新增覆盖 95
2026-01-07 19:54:55,000 - INFO -   - 券 40/200 选中节点 809, 新增覆盖 93
2026-01-07 19:54:55,075 - INFO -   - 券 41/200 选中节点 77, 新增覆盖 87
2026-01-07 19:54:55,144 - INFO -   - 券 42/200 选中节点 761, 新增覆盖 83
2026-01-07 19:54:55,214 - INFO -   - 券 43/200 选中节点 58, 新增覆盖 87
2026-01-07 19:54:55,295 - INFO -   - 券 44/200 选中节点 347, 新增覆盖 84
2026-01-07 19:54:55,370 - INFO -   - 券 45/200 选中节点 506, 新增覆盖 86
2026-01-07 19:54:55,457 - INFO -   - 券 46/200 选中节点 980, 新增覆盖 101
2026-01-07 19:54:55,536 - INFO -   - 券 47/200 选中节点 141, 新增覆盖 83
2026-01-07 19:54:55,624 - INFO -   - 券 48/200 选中节点 4, 新增覆盖 88
2026-01-07 19:54:55,718 - INFO -   - 券 49/200 选中节点 62, 新增覆盖 84
2026-01-07 19:54:55,806 - INFO -   - 券 50/200 选中节点 1157, 新增覆盖 83
2026-01-07 19:54:55,888 - INFO -   - 券 51/200 选中节点 526, 新增覆盖 84
2026-01-07 19:54:55,986 - INFO -   - 券 52/200 选中节点 63, 新增覆盖 82
2026-01-07 19:54:56,083 - INFO -   - 券 53/200 选中节点 37, 新增覆盖 80
2026-01-07 19:54:56,169 - INFO -   - 券 54/200 选中节点 329, 新增覆盖 78
2026-01-07 19:54:56,266 - INFO -   - 券 55/200 选中节点 131, 新增覆盖 75
2026-01-07 19:54:56,362 - INFO -   - 券 56/200 选中节点 550, 新增覆盖 84
2026-01-07 19:54:56,460 - INFO -   - 券 57/200 选中节点 440, 新增覆盖 80
2026-01-07 19:54:56,564 - INFO -   - 券 58/200 选中节点 61, 新增覆盖 84
2026-01-07 19:54:56,677 - INFO -   - 券 59/200 选中节点 19, 新增覆盖 79
2026-01-07 19:54:56,778 - INFO -   - 券 60/200 选中节点 8, 新增覆盖 82
2026-01-07 19:54:56,894 - INFO -   - 券 61/200 选中节点 55, 新增覆盖 81
2026-01-07 19:54:57,004 - INFO -   - 券 62/200 选中节点 261, 新增覆盖 77
2026-01-07 19:54:57,120 - INFO -   - 券 63/200 选中节点 33, 新增覆盖 81
2026-01-07 19:54:57,242 - INFO -   - 券 64/200 选中节点 755, 新增覆盖 72
2026-01-07 19:54:57,366 - INFO -   - 券 65/200 选中节点 1035, 新增覆盖 80
2026-01-07 19:54:57,483 - INFO -   - 券 66/200 选中节点 463, 新增覆盖 75
2026-01-07 19:54:57,607 - INFO -   - 券 67/200 选中节点 502, 新增覆盖 71
2026-01-07 19:54:57,724 - INFO -   - 券 68/200 选中节点 17, 新增覆盖 68
2026-01-07 19:54:57,850 - INFO -   - 券 69/200 选中节点 128, 新增覆盖 75
2026-01-07 19:54:57,984 - INFO -   - 券 70/200 选中节点 786, 新增覆盖 77
2026-01-07 19:54:58,118 - INFO -   - 券 71/200 选中节点 23, 新增覆盖 71
2026-01-07 19:54:58,246 - INFO -   - 券 72/200 选中节点 1110, 新增覆盖 74
2026-01-07 19:54:58,374 - INFO -   - 券 73/200 选中节点 162, 新增覆盖 71
2026-01-07 19:54:58,519 - INFO -   - 券 74/200 选中节点 3044, 新增覆盖 74
2026-01-07 19:54:58,647 - INFO -   - 券 75/200 选中节点 50, 新增覆盖 77
2026-01-07 19:54:58,779 - INFO -   - 券 76/200 选中节点 1287, 新增覆盖 81
2026-01-07 19:54:58,925 - INFO -   - 券 77/200 选中节点 385, 新增覆盖 77
2026-01-07 19:54:59,059 - INFO -   - 券 78/200 选中节点 127, 新增覆盖 71
2026-01-07 19:54:59,190 - INFO -   - 券 79/200 选中节点 22, 新增覆盖 75
2026-01-07 19:54:59,325 - INFO -   - 券 80/200 选中节点 60, 新增覆盖 67
2026-01-07 19:54:59,472 - INFO -   - 券 81/200 选中节点 234, 新增覆盖 68
2026-01-07 19:54:59,612 - INFO -   - 券 82/200 选中节点 1015, 新增覆盖 77
2026-01-07 19:54:59,753 - INFO -   - 券 83/200 选中节点 237, 新增覆盖 62
2026-01-07 19:54:59,906 - INFO -   - 券 84/200 选中节点 64, 新增覆盖 69
2026-01-07 19:55:00,060 - INFO -   - 券 85/200 选中节点 150, 新增覆盖 64
2026-01-07 19:55:00,206 - INFO -   - 券 86/200 选中节点 224, 新增覆盖 66
2026-01-07 19:55:00,354 - INFO -   - 券 87/200 选中节点 477, 新增覆盖 68
2026-01-07 19:55:00,528 - INFO -   - 券 88/200 选中节点 405, 新增覆盖 64
2026-01-07 19:55:00,681 - INFO -   - 券 89/200 选中节点 1841, 新增覆盖 69
2026-01-07 19:55:00,841 - INFO -   - 券 90/200 选中节点 517, 新增覆盖 65
2026-01-07 19:55:01,005 - INFO -   - 券 91/200 选中节点 435, 新增覆盖 64
2026-01-07 19:55:01,173 - INFO -   - 券 92/200 选中节点 38, 新增覆盖 71
2026-01-07 19:55:01,336 - INFO -   - 券 93/200 选中节点 1260, 新增覆盖 67
2026-01-07 19:55:01,491 - INFO -   - 券 94/200 选中节点 264, 新增覆盖 63
2026-01-07 19:55:01,657 - INFO -   - 券 95/200 选中节点 1738, 新增覆盖 64
2026-01-07 19:55:01,835 - INFO -   - 券 96/200 选中节点 318, 新增覆盖 61
2026-01-07 19:55:02,000 - INFO -   - 券 97/200 选中节点 258, 新增覆盖 62
2026-01-07 19:55:02,171 - INFO -   - 券 98/200 选中节点 1346, 新增覆盖 64
2026-01-07 19:55:02,345 - INFO -   - 券 99/200 选中节点 169, 新增覆盖 65
2026-01-07 19:55:02,511 - INFO -   - 券 100/200 选中节点 194, 新增覆盖 62
2026-01-07 19:55:02,679 - INFO -   - 券 101/200 选中节点 129, 新增覆盖 70
2026-01-07 19:55:02,858 - INFO -   - 券 102/200 选中节点 832, 新增覆盖 65
2026-01-07 19:55:03,030 - INFO -   - 券 103/200 选中节点 570, 新增覆盖 58
2026-01-07 19:55:03,220 - INFO -   - 券 104/200 选中节点 84, 新增覆盖 67
2026-01-07 19:55:03,396 - INFO -   - 券 105/200 选中节点 704, 新增覆盖 63
2026-01-07 19:55:03,584 - INFO -   - 券 106/200 选中节点 314, 新增覆盖 64
2026-01-07 19:55:03,770 - INFO -   - 券 107/200 选中节点 372, 新增覆盖 68
2026-01-07 19:55:03,956 - INFO -   - 券 108/200 选中节点 228, 新增覆盖 61
2026-01-07 19:55:04,142 - INFO -   - 券 109/200 选中节点 436, 新增覆盖 66
2026-01-07 19:55:04,362 - INFO -   - 券 110/200 选中节点 917, 新增覆盖 62
2026-01-07 19:55:04,580 - INFO -   - 券 111/200 选中节点 2120, 新增覆盖 57
2026-01-07 19:55:04,769 - INFO -   - 券 112/200 选中节点 655, 新增覆盖 63
2026-01-07 19:55:04,965 - INFO -   - 券 113/200 选中节点 291, 新增覆盖 63
2026-01-07 19:55:05,163 - INFO -   - 券 114/200 选中节点 804, 新增覆盖 62
2026-01-07 19:55:05,374 - INFO -   - 券 115/200 选中节点 223, 新增覆盖 57
2026-01-07 19:55:05,591 - INFO -   - 券 116/200 选中节点 29, 新增覆盖 61
2026-01-07 19:55:05,797 - INFO -   - 券 117/200 选中节点 273, 新增覆盖 63
2026-01-07 19:55:05,993 - INFO -   - 券 118/200 选中节点 1141, 新增覆盖 64
2026-01-07 19:55:06,216 - INFO -   - 券 119/200 选中节点 734, 新增覆盖 65
2026-01-07 19:55:06,425 - INFO -   - 券 120/200 选中节点 922, 新增覆盖 60
2026-01-07 19:55:06,633 - INFO -   - 券 121/200 选中节点 998, 新增覆盖 62
2026-01-07 19:55:06,850 - INFO -   - 券 122/200 选中节点 914, 新增覆盖 58
2026-01-07 19:55:07,080 - INFO -   - 券 123/200 选中节点 663, 新增覆盖 58
2026-01-07 19:55:07,309 - INFO -   - 券 124/200 选中节点 192, 新增覆盖 57
2026-01-07 19:55:07,537 - INFO -   - 券 125/200 选中节点 437, 新增覆盖 55
2026-01-07 19:55:07,750 - INFO -   - 券 126/200 选中节点 420, 新增覆盖 54
2026-01-07 19:55:07,973 - INFO -   - 券 127/200 选中节点 57, 新增覆盖 63
2026-01-07 19:55:08,189 - INFO -   - 券 128/200 选中节点 1034, 新增覆盖 56
2026-01-07 19:55:08,397 - INFO -   - 券 129/200 选中节点 165, 新增覆盖 60
2026-01-07 19:55:08,620 - INFO -   - 券 130/200 选中节点 1773, 新增覆盖 55
2026-01-07 19:55:08,835 - INFO -   - 券 131/200 选中节点 146, 新增覆盖 62
2026-01-07 19:55:09,071 - INFO -   - 券 132/200 选中节点 1280, 新增覆盖 55
2026-01-07 19:55:09,292 - INFO -   - 券 133/200 选中节点 230, 新增覆盖 60
2026-01-07 19:55:09,537 - INFO -   - 券 134/200 选中节点 869, 新增覆盖 59
2026-01-07 19:55:09,776 - INFO -   - 券 135/200 选中节点 25, 新增覆盖 57
2026-01-07 19:55:10,012 - INFO -   - 券 136/200 选中节点 1507, 新增覆盖 57
2026-01-07 19:55:10,248 - INFO -   - 券 137/200 选中节点 524, 新增覆盖 64
2026-01-07 19:55:10,484 - INFO -   - 券 138/200 选中节点 419, 新增覆盖 58
2026-01-07 19:55:10,716 - INFO -   - 券 139/200 选中节点 164, 新增覆盖 61
2026-01-07 19:55:10,955 - INFO -   - 券 140/200 选中节点 1543, 新增覆盖 60
2026-01-07 19:55:11,190 - INFO -   - 券 141/200 选中节点 949, 新增覆盖 54
2026-01-07 19:55:11,425 - INFO -   - 券 142/200 选中节点 277, 新增覆盖 55
2026-01-07 19:55:11,676 - INFO -   - 券 143/200 选中节点 730, 新增覆盖 60
2026-01-07 19:55:11,938 - INFO -   - 券 144/200 选中节点 35, 新增覆盖 55
2026-01-07 19:55:12,183 - INFO -   - 券 145/200 选中节点 1641, 新增覆盖 63
2026-01-07 19:55:12,423 - INFO -   - 券 146/200 选中节点 98, 新增覆盖 61
2026-01-07 19:55:12,672 - INFO -   - 券 147/200 选中节点 326, 新增覆盖 58
2026-01-07 19:55:12,925 - INFO -   - 券 148/200 选中节点 1528, 新增覆盖 53
2026-01-07 19:55:13,174 - INFO -   - 券 149/200 选中节点 1267, 新增覆盖 60
2026-01-07 19:55:13,426 - INFO -   - 券 150/200 选中节点 245, 新增覆盖 53
2026-01-07 19:55:13,676 - INFO -   - 券 151/200 选中节点 642, 新增覆盖 58
2026-01-07 19:55:13,939 - INFO -   - 券 152/200 选中节点 53, 新增覆盖 49
2026-01-07 19:55:14,192 - INFO -   - 券 153/200 选中节点 173, 新增覆盖 65
2026-01-07 19:55:14,448 - INFO -   - 券 154/200 选中节点 368, 新增覆盖 54
2026-01-07 19:55:14,706 - INFO -   - 券 155/200 选中节点 1081, 新增覆盖 60
2026-01-07 19:55:14,974 - INFO -   - 券 156/200 选中节点 324, 新增覆盖 58
2026-01-07 19:55:15,227 - INFO -   - 券 157/200 选中节点 221, 新增覆盖 65
2026-01-07 19:55:15,494 - INFO -   - 券 158/200 选中节点 1381, 新增覆盖 49
2026-01-07 19:55:15,752 - INFO -   - 券 159/200 选中节点 2594, 新增覆盖 52
2026-01-07 19:55:16,032 - INFO -   - 券 160/200 选中节点 3243, 新增覆盖 56
2026-01-07 19:55:16,299 - INFO -   - 券 161/200 选中节点 2106, 新增覆盖 56
2026-01-07 19:55:16,576 - INFO -   - 券 162/200 选中节点 720, 新增覆盖 55
2026-01-07 19:55:16,845 - INFO -   - 券 163/200 选中节点 156, 新增覆盖 51
2026-01-07 19:55:17,114 - INFO -   - 券 164/200 选中节点 508, 新增覆盖 55
2026-01-07 19:55:17,375 - INFO -   - 券 165/200 选中节点 293, 新增覆盖 55
2026-01-07 19:55:17,642 - INFO -   - 券 166/200 选中节点 2543, 新增覆盖 51
2026-01-07 19:55:17,924 - INFO -   - 券 167/200 选中节点 787, 新增覆盖 61
2026-01-07 19:55:18,214 - INFO -   - 券 168/200 选中节点 875, 新增覆盖 54
2026-01-07 19:55:18,489 - INFO -   - 券 169/200 选中节点 396, 新增覆盖 51
2026-01-07 19:55:18,767 - INFO -   - 券 170/200 选中节点 247, 新增覆盖 53
2026-01-07 19:55:19,055 - INFO -   - 券 171/200 选中节点 1005, 新增覆盖 53
2026-01-07 19:55:19,332 - INFO -   - 券 172/200 选中节点 208, 新增覆盖 57
2026-01-07 19:55:19,645 - INFO -   - 券 173/200 选中节点 673, 新增覆盖 52
2026-01-07 19:55:19,955 - INFO -   - 券 174/200 选中节点 784, 新增覆盖 54
2026-01-07 19:55:20,265 - INFO -   - 券 175/200 选中节点 1169, 新增覆盖 52
2026-01-07 19:55:20,570 - INFO -   - 券 176/200 选中节点 257, 新增覆盖 52
2026-01-07 19:55:20,873 - INFO -   - 券 177/200 选中节点 870, 新增覆盖 53
2026-01-07 19:55:21,182 - INFO -   - 券 178/200 选中节点 497, 新增覆盖 49
2026-01-07 19:55:21,483 - INFO -   - 券 179/200 选中节点 478, 新增覆盖 51
2026-01-07 19:55:21,799 - INFO -   - 券 180/200 选中节点 1393, 新增覆盖 51
2026-01-07 19:55:22,125 - INFO -   - 券 181/200 选中节点 632, 新增覆盖 50
2026-01-07 19:55:22,464 - INFO -   - 券 182/200 选中节点 18, 新增覆盖 49
2026-01-07 19:55:22,765 - INFO -   - 券 183/200 选中节点 1378, 新增覆盖 49
2026-01-07 19:55:23,062 - INFO -   - 券 184/200 选中节点 2155, 新增覆盖 51
2026-01-07 19:55:23,357 - INFO -   - 券 185/200 选中节点 238, 新增覆盖 54
2026-01-07 19:55:23,662 - INFO -   - 券 186/200 选中节点 1683, 新增覆盖 50
2026-01-07 19:55:23,958 - INFO -   - 券 187/200 选中节点 735, 新增覆盖 57
2026-01-07 19:55:24,259 - INFO -   - 券 188/200 选中节点 1980, 新增覆盖 53
2026-01-07 19:55:24,572 - INFO -   - 券 189/200 选中节点 940, 新增覆盖 49
2026-01-07 19:55:24,880 - INFO -   - 券 190/200 选中节点 1702, 新增覆盖 48
2026-01-07 19:55:25,210 - INFO -   - 券 191/200 选中节点 308, 新增覆盖 49
2026-01-07 19:55:25,519 - INFO -   - 券 192/200 选中节点 328, 新增覆盖 53
2026-01-07 19:55:25,824 - INFO -   - 券 193/200 选中节点 295, 新增覆盖 54
2026-01-07 19:55:26,142 - INFO -   - 券 194/200 选中节点 170, 新增覆盖 51
2026-01-07 19:55:26,445 - INFO -   - 券 195/200 选中节点 379, 新增覆盖 50
2026-01-07 19:55:26,778 - INFO -   - 券 196/200 选中节点 2320, 新增覆盖 47
2026-01-07 19:55:27,088 - INFO -   - 券 197/200 选中节点 28, 新增覆盖 58
2026-01-07 19:55:27,416 - INFO -   - 券 198/200 选中节点 566, 新增覆盖 45
2026-01-07 19:55:27,743 - INFO -   - 券 199/200 选中节点 1891, 新增覆盖 53
2026-01-07 19:55:28,082 - INFO -   - 券 200/200 选中节点 3250, 新增覆盖 48
2026-01-07 19:55:28,082 - INFO - 选种完毕。耗时: 54.06 秒。
2026-01-07 19:55:28,779 - INFO - 最终选择的种子集: [79, 16, 133, 2, 135, 12, 36, 13, 83, 14, 359, 294, 123, 45, 934, 15, 120, 254, 125, 26, 54, 243, 279, 142, 107, 414, 693, 104, 167, 681, 46, 91, 52, 441, 207, 976, 44, 1080, 183, 809, 77, 761, 58, 347, 506, 980, 141, 4, 62, 1157, 526, 63, 37, 329, 131, 550, 440, 61, 19, 8, 55, 261, 33, 755, 1035, 463, 502, 17, 128, 786, 23, 1110, 162, 3044, 50, 1287, 385, 127, 22, 60, 234, 1015, 237, 64, 150, 224, 477, 405, 1841, 517, 435, 38, 1260, 264, 1738, 318, 258, 1346, 169, 194, 129, 832, 570, 84, 704, 314, 372, 228, 436, 917, 2120, 655, 291, 804, 223, 29, 273, 1141, 734, 922, 998, 914, 663, 192, 437, 420, 57, 1034, 165, 1773, 146, 1280, 230, 869, 25, 1507, 524, 419, 164, 1543, 949, 277, 730, 35, 1641, 98, 326, 1528, 1267, 245, 642, 53, 173, 368, 1081, 324, 221, 1381, 2594, 3243, 2106, 720, 156, 508, 293, 2543, 787, 875, 396, 247, 1005, 208, 673, 784, 1169, 257, 870, 497, 478, 1393, 632, 18, 1378, 2155, 238, 1683, 735, 1980, 940, 1702, 308, 328, 295, 170, 379, 2320, 28, 566, 1891, 3250]

2026-01-07 19:55:30,319 - INFO - 当前用时 147.76 秒
2026-01-07 19:55:30,319 - INFO - 将种子集 写入位置: /root/pythonspace/data-test/network.netDog/2026-1-10-2/seeds-with-network.netDog/powerlaw_ris_coverage_seedNum-200_SSRNum-100000.txt
2026-01-07 19:55:30,320 - INFO - 首次生成种子集 monterCarlo_CELF
2026-01-07 19:55:30,320 - INFO - 执行当前算法开始: monterCarlo_CELF
2026-01-07 19:55:30,320 - INFO - --- Running: CELF Greedy Monte Carlo (Sims=300) ---
2026-01-07 19:55:30,320 - INFO - Step 0: 初始化所有节点的边际增益...
2026-01-07 19:56:44,198 - INFO - Seed 1: 56, Spread: 0.61
2026-01-07 19:56:47,129 - INFO - Seed 2: 1441, Gain: 0.57, Total: 1.18
2026-01-07 19:56:47,856 - INFO - Seed 3: 4130, Gain: 0.60, Total: 1.78
2026-01-07 19:57:21,819 - INFO - Seed 4: 2585, Gain: 0.54, Total: 2.32
2026-01-07 19:57:34,805 - INFO - Seed 5: 3247, Gain: 0.54, Total: 2.86
2026-01-07 19:57:36,744 - INFO - Seed 6: 4435, Gain: 0.53, Total: 3.38
2026-01-07 19:57:40,967 - INFO - Seed 7: 1472, Gain: 0.56, Total: 3.95
2026-01-07 19:58:02,524 - INFO - Seed 8: 592, Gain: 0.52, Total: 4.47
2026-01-07 19:58:37,137 - INFO - Seed 9: 733, Gain: 0.52, Total: 4.98
2026-01-07 19:58:42,059 - INFO - Seed 10: 1723, Gain: 0.52, Total: 5.50
2026-01-07 19:58:43,409 - INFO - Seed 11: 2169, Gain: 0.51, Total: 6.01
2026-01-07 19:58:45,377 - INFO - Seed 12: 2520, Gain: 0.59, Total: 6.61
2026-01-07 19:59:02,590 - INFO - Seed 13: 548, Gain: 0.53, Total: 7.13
2026-01-07 19:59:18,865 - INFO - Seed 14: 2780, Gain: 0.53, Total: 7.67
2026-01-07 20:00:39,229 - INFO - Seed 15: 3688, Gain: 0.50, Total: 8.17
2026-01-07 20:00:47,979 - INFO - Seed 16: 898, Gain: 0.57, Total: 8.74
2026-01-07 20:01:20,657 - INFO - Seed 17: 4020, Gain: 0.52, Total: 9.27
2026-01-07 20:02:38,869 - INFO - Seed 18: 4359, Gain: 0.49, Total: 9.76
2026-01-07 20:03:58,655 - INFO - Seed 19: 2091, Gain: 0.49, Total: 10.25
2026-01-07 20:04:59,997 - INFO - Seed 20: 2153, Gain: 0.53, Total: 10.78
2026-01-07 20:05:31,140 - INFO - Seed 21: 860, Gain: 0.50, Total: 11.28
2026-01-07 20:09:50,580 - INFO - Seed 22: 2498, Gain: 0.55, Total: 11.83
2026-01-07 20:15:01,125 - INFO - Seed 23: 1661, Gain: 0.37, Total: 12.19
2026-01-07 20:15:04,286 - INFO - Seed 24: 769, Gain: 0.37, Total: 12.57
2026-01-07 20:15:08,304 - INFO - Seed 25: 3312, Gain: 0.45, Total: 13.02
2026-01-07 20:15:08,651 - INFO - Seed 26: 2311, Gain: 0.45, Total: 13.46
2026-01-07 20:15:09,010 - INFO - Seed 27: 2254, Gain: 0.55, Total: 14.01
2026-01-07 20:15:09,391 - INFO - Seed 28: 897, Gain: 0.44, Total: 14.45
2026-01-07 20:15:11,395 - INFO - Seed 29: 3655, Gain: 0.67, Total: 15.13
2026-01-07 20:15:12,213 - INFO - Seed 30: 2235, Gain: 0.37, Total: 15.50
2026-01-07 20:15:12,639 - INFO - Seed 31: 530, Gain: 0.85, Total: 16.34
2026-01-07 20:15:21,599 - INFO - Seed 32: 4062, Gain: 0.41, Total: 16.75
2026-01-07 20:15:24,715 - INFO - Seed 33: 1523, Gain: 0.45, Total: 17.20
2026-01-07 20:15:25,170 - INFO - Seed 34: 1179, Gain: 0.46, Total: 17.66
2026-01-07 20:15:25,656 - INFO - Seed 35: 3685, Gain: 0.36, Total: 18.03
2026-01-07 20:15:26,142 - INFO - Seed 36: 2840, Gain: 0.48, Total: 18.51
2026-01-07 20:15:26,662 - INFO - Seed 37: 820, Gain: 0.57, Total: 19.08
2026-01-07 20:15:27,215 - INFO - Seed 38: 3220, Gain: 0.38, Total: 19.46
2026-01-07 20:15:27,734 - INFO - Seed 39: 3218, Gain: 0.47, Total: 19.93
2026-01-07 20:15:28,253 - INFO - Seed 40: 284, Gain: 0.70, Total: 20.63
2026-01-07 20:15:29,982 - INFO - Seed 41: 3806, Gain: 0.49, Total: 21.12
2026-01-07 20:15:31,130 - INFO - Seed 42: 2646, Gain: 0.51, Total: 21.63
2026-01-07 20:15:31,699 - INFO - Seed 43: 2503, Gain: 0.79, Total: 22.42
2026-01-07 20:15:33,468 - INFO - Seed 44: 2690, Gain: 0.51, Total: 22.93
2026-01-07 20:15:42,953 - INFO - Seed 45: 1000, Gain: 0.52, Total: 23.45
2026-01-07 20:15:53,311 - INFO - Seed 46: 1459, Gain: 0.36, Total: 23.81
2026-01-07 20:15:54,602 - INFO - Seed 47: 1045, Gain: 0.42, Total: 24.24
2026-01-07 20:15:55,917 - INFO - Seed 48: 1294, Gain: 0.47, Total: 24.71
2026-01-07 20:15:57,242 - INFO - Seed 49: 1650, Gain: 0.79, Total: 25.49
2026-01-07 20:15:59,336 - INFO - Seed 50: 3040, Gain: 0.61, Total: 26.10
2026-01-07 20:16:02,153 - INFO - Seed 51: 2557, Gain: 0.48, Total: 26.58
2026-01-07 20:16:16,141 - INFO - Seed 52: 2124, Gain: 0.36, Total: 26.94
2026-01-07 20:16:18,286 - INFO - Seed 53: 4265, Gain: 0.41, Total: 27.35
2026-01-07 20:16:19,012 - INFO - Seed 54: 1341, Gain: 0.45, Total: 27.79
2026-01-07 20:16:19,746 - INFO - Seed 55: 3980, Gain: 0.46, Total: 28.25
2026-01-07 20:16:20,487 - INFO - Seed 56: 3089, Gain: 0.40, Total: 28.65
2026-01-07 20:16:21,233 - INFO - Seed 57: 3829, Gain: 0.66, Total: 29.31
2026-01-07 20:16:21,995 - INFO - Seed 58: 1318, Gain: 0.53, Total: 29.84
2026-01-07 20:16:22,761 - INFO - Seed 59: 529, Gain: 0.51, Total: 30.35
2026-01-07 20:16:24,321 - INFO - Seed 60: 1542, Gain: 0.57, Total: 30.92
2026-01-07 20:16:26,743 - INFO - Seed 61: 4201, Gain: 0.50, Total: 31.41
2026-01-07 20:16:28,398 - INFO - Seed 62: 2281, Gain: 0.48, Total: 31.89
2026-01-07 20:16:29,244 - INFO - Seed 63: 1462, Gain: 0.44, Total: 32.33
2026-01-07 20:16:30,955 - INFO - Seed 64: 316, Gain: 0.50, Total: 32.83
2026-01-07 20:16:32,689 - INFO - Seed 65: 1110, Gain: 0.79, Total: 33.62
2026-01-07 20:16:36,259 - INFO - Seed 66: 2705, Gain: 0.55, Total: 34.16
2026-01-07 20:16:44,516 - INFO - Seed 67: 587, Gain: 0.53, Total: 34.70
2026-01-07 20:16:48,280 - INFO - Seed 68: 731, Gain: 0.52, Total: 35.22
2026-01-07 20:16:52,041 - INFO - Seed 69: 2550, Gain: 0.44, Total: 35.66
2026-01-07 20:16:56,762 - INFO - Seed 70: 3646, Gain: 0.51, Total: 36.17
2026-01-07 20:17:04,370 - INFO - Seed 71: 4298, Gain: 0.50, Total: 36.67
2026-01-07 20:17:05,324 - INFO - Seed 72: 4009, Gain: 0.63, Total: 37.30
2026-01-07 20:17:09,127 - INFO - Seed 73: 1238, Gain: 0.46, Total: 37.76
2026-01-07 20:17:11,054 - INFO - Seed 74: 826, Gain: 0.42, Total: 38.18
2026-01-07 20:17:12,029 - INFO - Seed 75: 3255, Gain: 0.41, Total: 38.59
2026-01-07 20:17:15,027 - INFO - Seed 76: 1008, Gain: 0.96, Total: 39.55
2026-01-07 20:17:26,400 - INFO - Seed 77: 1772, Gain: 0.50, Total: 40.05
2026-01-07 20:17:47,298 - INFO - Seed 78: 1010, Gain: 0.37, Total: 40.42
2026-01-07 20:17:48,335 - INFO - Seed 79: 3664, Gain: 0.50, Total: 40.92
2026-01-07 20:17:52,558 - INFO - Seed 80: 1439, Gain: 0.39, Total: 41.31
2026-01-07 20:18:00,204 - INFO - Seed 81: 1675, Gain: 0.45, Total: 41.76
2026-01-07 20:18:01,304 - INFO - Seed 82: 4242, Gain: 0.71, Total: 42.46
2026-01-07 20:18:12,490 - INFO - Seed 83: 3270, Gain: 0.43, Total: 42.89
2026-01-07 20:18:14,841 - INFO - Seed 84: 2095, Gain: 0.46, Total: 43.35
2026-01-07 20:18:19,416 - INFO - Seed 85: 1581, Gain: 0.53, Total: 43.88
2026-01-07 20:18:25,254 - INFO - Seed 86: 930, Gain: 0.40, Total: 44.28
2026-01-07 20:18:26,430 - INFO - Seed 87: 3258, Gain: 0.46, Total: 44.74
2026-01-07 20:18:27,583 - INFO - Seed 88: 3585, Gain: 0.80, Total: 45.54
2026-01-07 20:18:53,649 - INFO - Seed 89: 162, Gain: 0.34, Total: 45.88
2026-01-07 20:18:56,122 - INFO - Seed 90: 3383, Gain: 0.50, Total: 46.38
2026-01-07 20:19:02,305 - INFO - Seed 91: 4336, Gain: 0.67, Total: 47.06
2026-01-07 20:19:06,101 - INFO - Seed 92: 389, Gain: 0.64, Total: 47.70
2026-01-07 20:19:43,449 - INFO - Seed 93: 2154, Gain: 0.57, Total: 48.27
2026-01-07 20:21:47,305 - INFO - Seed 94: 3713, Gain: 0.39, Total: 48.66
2026-01-07 20:22:23,952 - INFO - Seed 95: 628, Gain: 0.32, Total: 48.98
2026-01-07 20:22:29,266 - INFO - Seed 96: 3145, Gain: 0.36, Total: 49.34
2026-01-07 20:22:33,154 - INFO - Seed 97: 2248, Gain: 0.47, Total: 49.81
2026-01-07 20:22:34,487 - INFO - Seed 98: 2513, Gain: 0.45, Total: 50.26
2026-01-07 20:22:38,586 - INFO - Seed 99: 2696, Gain: 0.48, Total: 50.74
2026-01-07 20:22:46,395 - INFO - Seed 100: 1168, Gain: 0.48, Total: 51.22
2026-01-07 20:22:47,724 - INFO - Seed 101: 2621, Gain: 0.60, Total: 51.81
2026-01-07 20:22:50,425 - INFO - Seed 102: 1317, Gain: 0.39, Total: 52.20
2026-01-07 20:22:51,843 - INFO - Seed 103: 810, Gain: 0.63, Total: 52.83
2026-01-07 20:23:00,344 - INFO - Seed 104: 1034, Gain: 0.60, Total: 53.43
2026-01-07 20:23:01,753 - INFO - Seed 105: 3591, Gain: 0.32, Total: 53.75
2026-01-07 20:23:14,688 - INFO - Seed 106: 2602, Gain: 0.34, Total: 54.09
2026-01-07 20:23:16,140 - INFO - Seed 107: 2552, Gain: 0.37, Total: 54.46
2026-01-07 20:23:17,617 - INFO - Seed 108: 4450, Gain: 1.06, Total: 55.52
2026-01-07 20:23:35,013 - INFO - Seed 109: 982, Gain: 0.34, Total: 55.86
2026-01-07 20:23:36,545 - INFO - Seed 110: 82, Gain: 0.73, Total: 56.60
2026-01-07 20:23:44,163 - INFO - Seed 111: 1569, Gain: 0.33, Total: 56.92
2026-01-07 20:23:53,295 - INFO - Seed 112: 4176, Gain: 0.33, Total: 57.25
2026-01-07 20:23:54,896 - INFO - Seed 113: 2064, Gain: 0.55, Total: 57.81
2026-01-07 20:24:01,234 - INFO - Seed 114: 3638, Gain: 0.48, Total: 58.29
2026-01-07 20:24:05,860 - INFO - Seed 115: 16, Gain: 0.66, Total: 58.95
2026-01-07 20:24:21,647 - INFO - Seed 116: 1570, Gain: 0.44, Total: 59.39
2026-01-07 20:24:24,939 - INFO - Seed 117: 3301, Gain: 0.49, Total: 59.88
2026-01-07 20:24:36,430 - INFO - Seed 118: 2781, Gain: 0.55, Total: 60.43
2026-01-07 20:24:41,427 - INFO - Seed 119: 91, Gain: 0.42, Total: 60.85
2026-01-07 20:24:44,674 - INFO - Seed 120: 289, Gain: 0.51, Total: 61.36
2026-01-07 20:24:47,908 - INFO - Seed 121: 3993, Gain: 0.97, Total: 62.33
2026-01-07 20:25:26,635 - INFO - Seed 122: 1295, Gain: 0.31, Total: 62.64
2026-01-07 20:25:41,673 - INFO - Seed 123: 2140, Gain: 0.37, Total: 63.00
2026-01-07 20:25:50,254 - INFO - Seed 124: 2996, Gain: 0.89, Total: 63.90
2026-01-07 20:26:50,735 - INFO - Seed 125: 2874, Gain: 0.43, Total: 64.32
2026-01-07 20:26:59,140 - INFO - Seed 126: 485, Gain: 0.40, Total: 64.73
2026-01-07 20:28:35,166 - INFO - Seed 127: 4491, Gain: 0.42, Total: 65.15
2026-01-07 20:28:56,518 - INFO - Seed 128: 2571, Gain: 0.29, Total: 65.44
2026-01-07 20:28:59,995 - INFO - Seed 129: 1274, Gain: 0.39, Total: 65.83
2026-01-07 20:29:03,550 - INFO - Seed 130: 445, Gain: 0.29, Total: 66.12
2026-01-07 20:29:07,096 - INFO - Seed 131: 408, Gain: 0.46, Total: 66.58
2026-01-07 20:29:08,921 - INFO - Seed 132: 1917, Gain: 0.90, Total: 67.47
2026-01-07 20:29:12,613 - INFO - Seed 133: 3734, Gain: 0.61, Total: 68.09
2026-01-07 20:29:23,657 - INFO - Seed 134: 3068, Gain: 0.34, Total: 68.42
2026-01-07 20:29:36,803 - INFO - Seed 135: 3853, Gain: 0.30, Total: 68.73
2026-01-07 20:29:40,438 - INFO - Seed 136: 4185, Gain: 0.33, Total: 69.05
2026-01-07 20:29:42,229 - INFO - Seed 137: 1932, Gain: 0.36, Total: 69.42
2026-01-07 20:29:44,080 - INFO - Seed 138: 3282, Gain: 0.51, Total: 69.93
2026-01-07 20:29:45,935 - INFO - Seed 139: 3956, Gain: 0.55, Total: 70.48
2026-01-07 20:29:47,785 - INFO - Seed 140: 257, Gain: 0.50, Total: 70.98
2026-01-07 20:29:49,664 - INFO - Seed 141: 2891, Gain: 0.62, Total: 71.60
2026-01-07 20:29:51,613 - INFO - Seed 142: 1964, Gain: 0.68, Total: 72.28
2026-01-07 20:29:57,580 - INFO - Seed 143: 3762, Gain: 0.29, Total: 72.57
2026-01-07 20:30:03,648 - INFO - Seed 144: 3804, Gain: 0.31, Total: 72.88
2026-01-07 20:30:05,692 - INFO - Seed 145: 71, Gain: 0.95, Total: 73.83
2026-01-07 20:30:19,800 - INFO - Seed 146: 973, Gain: 0.60, Total: 74.43
2026-01-07 20:30:21,759 - INFO - Seed 147: 3801, Gain: 0.31, Total: 74.74
2026-01-07 20:30:25,673 - INFO - Seed 148: 4023, Gain: 0.29, Total: 75.03
2026-01-07 20:30:27,654 - INFO - Seed 149: 2462, Gain: 0.53, Total: 75.56
2026-01-07 20:30:29,644 - INFO - Seed 150: 3600, Gain: 0.30, Total: 75.86
2026-01-07 20:30:31,719 - INFO - Seed 151: 3434, Gain: 0.36, Total: 76.22
2026-01-07 20:30:33,845 - INFO - Seed 152: 360, Gain: 0.88, Total: 77.10
2026-01-07 20:30:35,962 - INFO - Seed 153: 2568, Gain: 0.64, Total: 77.73
2026-01-07 20:30:42,346 - INFO - Seed 154: 783, Gain: 0.89, Total: 78.62
2026-01-07 20:31:43,982 - INFO - Seed 155: 3511, Gain: 0.41, Total: 79.03
2026-01-07 20:31:48,152 - INFO - Seed 156: 872, Gain: 0.36, Total: 79.39
2026-01-07 20:31:52,311 - INFO - Seed 157: 2858, Gain: 0.48, Total: 79.86
2026-01-07 20:32:16,092 - INFO - Seed 158: 3298, Gain: 0.29, Total: 80.15
2026-01-07 20:32:22,591 - INFO - Seed 159: 2357, Gain: 0.31, Total: 80.46
2026-01-07 20:32:24,799 - INFO - Seed 160: 2708, Gain: 1.03, Total: 81.49
2026-01-07 20:32:35,482 - INFO - Seed 161: 178, Gain: 0.30, Total: 81.80
2026-01-07 20:32:37,643 - INFO - Seed 162: 3328, Gain: 0.53, Total: 82.33
2026-01-07 20:32:39,855 - INFO - Seed 163: 4394, Gain: 0.45, Total: 82.78
2026-01-07 20:32:42,180 - INFO - Seed 164: 1510, Gain: 0.41, Total: 83.19
2026-01-07 20:32:49,013 - INFO - Seed 165: 106, Gain: 0.34, Total: 83.53
2026-01-07 20:32:53,657 - INFO - Seed 166: 1190, Gain: 0.38, Total: 83.91
2026-01-07 20:33:00,590 - INFO - Seed 167: 2613, Gain: 0.92, Total: 84.83
2026-01-07 20:33:05,307 - INFO - Seed 168: 1832, Gain: 0.39, Total: 85.22
2026-01-07 20:33:07,670 - INFO - Seed 169: 1916, Gain: 0.39, Total: 85.60
2026-01-07 20:33:12,211 - INFO - Seed 170: 533, Gain: 0.32, Total: 85.93
2026-01-07 20:33:25,891 - INFO - Seed 171: 2788, Gain: 0.72, Total: 86.65
2026-01-07 20:33:35,443 - INFO - Seed 172: 4284, Gain: 0.63, Total: 87.28
2026-01-07 20:33:52,143 - INFO - Seed 173: 381, Gain: 0.55, Total: 87.83
2026-01-07 20:34:18,315 - INFO - Seed 174: 819, Gain: 0.53, Total: 88.35
2026-01-07 20:34:20,804 - INFO - Seed 175: 1443, Gain: 0.40, Total: 88.75
2026-01-07 20:34:23,262 - INFO - Seed 176: 934, Gain: 0.37, Total: 89.13
2026-01-07 20:34:25,748 - INFO - Seed 177: 3024, Gain: 0.52, Total: 89.65
2026-01-07 20:34:30,780 - INFO - Seed 178: 2900, Gain: 0.43, Total: 90.07
2026-01-07 20:34:40,413 - INFO - Seed 179: 2118, Gain: 0.35, Total: 90.43
2026-01-07 20:34:47,895 - INFO - Seed 180: 1153, Gain: 0.63, Total: 91.06
2026-01-07 20:35:02,930 - INFO - Seed 181: 715, Gain: 1.00, Total: 92.06
2026-01-07 20:35:15,364 - INFO - Seed 182: 4428, Gain: 0.29, Total: 92.34
2026-01-07 20:35:30,288 - INFO - Seed 183: 1790, Gain: 0.32, Total: 92.66
2026-01-07 20:35:50,629 - INFO - Seed 184: 2375, Gain: 0.97, Total: 93.64
2026-01-07 20:36:10,736 - INFO - Seed 185: 2866, Gain: 0.29, Total: 93.93
2026-01-07 20:37:26,695 - INFO - Seed 186: 2024, Gain: 0.33, Total: 94.26
2026-01-07 20:38:30,430 - INFO - Seed 187: 3472, Gain: 0.46, Total: 94.72
2026-01-07 20:38:46,133 - INFO - Seed 188: 1076, Gain: 0.37, Total: 95.10
2026-01-07 20:38:56,210 - INFO - Seed 189: 1974, Gain: 0.48, Total: 95.57
2026-01-07 20:39:22,724 - INFO - Seed 190: 729, Gain: 0.38, Total: 95.96
2026-01-07 20:39:28,024 - INFO - Seed 191: 2728, Gain: 0.76, Total: 96.72
2026-01-07 20:39:38,344 - INFO - Seed 192: 3241, Gain: 0.40, Total: 97.11
2026-01-07 20:40:10,271 - INFO - Seed 193: 1824, Gain: 0.49, Total: 97.60
2026-01-07 20:40:12,909 - INFO - Seed 194: 1220, Gain: 0.30, Total: 97.91
2026-01-07 20:40:18,129 - INFO - Seed 195: 3914, Gain: 0.40, Total: 98.31
2026-01-07 20:40:23,555 - INFO - Seed 196: 1361, Gain: 0.58, Total: 98.89
2026-01-07 20:40:26,267 - INFO - Seed 197: 1808, Gain: 0.27, Total: 99.16
2026-01-07 20:40:29,032 - INFO - Seed 198: 2488, Gain: 1.49, Total: 100.65
2026-01-07 20:41:01,458 - INFO - Seed 199: 351, Gain: 0.29, Total: 100.94
2026-01-07 20:41:23,416 - INFO - Seed 200: 2134, Gain: 0.40, Total: 101.34
2026-01-07 20:41:23,416 - INFO - CELF 完成，总耗时: 2753.10s
2026-01-07 20:41:23,417 - INFO - 当前用时 2753.10 秒
2026-01-07 20:41:23,417 - INFO - 将种子集 写入位置: /root/pythonspace/data-test/network.netDog/2026-1-10-2/seeds-with-network.netDog/powerlaw_monterCarlo_CELF_seedNum-200_SSRNum-100000.txt
2026-01-07 20:41:23,417 - INFO - 评估种子集: None
2026-01-07 20:41:23,418 - INFO - 多进程评估开始，共有 6 个方法待评估...
2026-01-07 20:41:23,418 - INFO - 启动进程池，Worker数量: 6
2026-01-07 20:41:24,148 - INFO - [Process 29674] 开始评估方法: random, 种子数: 200
2026-01-07 20:41:24,676 - INFO - [Process 29675] 开始评估方法: degreeTopM, 种子数: 200
2026-01-07 20:41:25,202 - INFO - [Process 29676] 开始评估方法: pageRank, 种子数: 200
2026-01-07 20:41:25,666 - INFO - [Process 29677] 开始评估方法: alpha_sort, 种子数: 200
2026-01-07 20:41:26,220 - INFO - [Process 29678] 开始评估方法: ris_coverage, 种子数: 200
2026-01-07 20:41:26,750 - INFO - [Process 29679] 开始评估方法: monterCarlo_CELF, 种子数: 200
2026-01-07 20:41:29,773 - INFO - [Process 29677] alpha_sort - 500 sims 完成: E=105.41
2026-01-07 20:41:29,861 - INFO - [Process 29674] random - 500 sims 完成: E=98.14
2026-01-07 20:41:32,209 - INFO - [Process 29679] monterCarlo_CELF - 500 sims 完成: E=100.83
2026-01-07 20:41:32,368 - INFO - [Process 29675] degreeTopM - 500 sims 完成: E=95.98
2026-01-07 20:41:32,601 - INFO - [Process 29676] pageRank - 500 sims 完成: E=96.34
2026-01-07 20:41:33,197 - INFO - [Process 29678] ris_coverage - 500 sims 完成: E=97.07
2026-01-07 20:41:33,231 - INFO - 所有进程执行完毕，开始写入数据...
2026-01-07 20:41:33,244 - INFO - 成功写入 6 条记录至 /root/pythonspace/data-test/network.netDog/2026-1-10-2/E-activated-network.netDog/distribution-powerlaw/tsd_0.5-0.1-0.1/single_sim_func-AgainReJudge/simuTimes-500_monteCarloL-300_single_sim_func-AgainReJudge_rrNumSamples-100000.csv
2026-01-07 20:41:33,245 - INFO - 保存评估文件至: /root/pythonspace/data-test/network.netDog/2026-1-10-2/E-activated-network.netDog/distribution-powerlaw/tsd_0.5-0.1-0.1/single_sim_func-AgainReJudge/simuTimes-500_monteCarloL-300_single_sim_func-AgainReJudge_rrNumSamples-100000.csv
