2026-03-09 22:29:06,825 - INFO - 加载数据集: network.netYeast
2026-03-09 22:29:06,826 - INFO - --- 矩阵分析 ---
2026-03-09 22:29:06,827 - INFO - 节点数 (N): 1458
2026-03-09 22:29:06,827 - INFO - 边数 (E): 3896
2026-03-09 22:29:06,827 - INFO - 密度 (Density): 0.00183275 (越小越稀疏)
2026-03-09 22:29:06,827 - INFO - 稀疏度 (Sparsity): 0.99816725 (越接近1越稀疏)
2026-03-09 22:29:06,827 - INFO - 平均度数 (Avg Degree): 2.67
2026-03-09 22:29:06,827 - INFO - 首次生成度相关概率分布 分布类型: 'log_continuous'.
2026-03-09 22:29:06,827 - INFO - ===> Generating 'Log-Continuous' distributions for Real Graph...
2026-03-09 22:29:06,840 - INFO - 保存概率分布 文件位置: /home/wen/work/coup_spread/network.netYeast/2026-3-21/distribution-in-network.netYeast/distribution-log_continuous_seedNum-20.pkl
2026-03-09 22:29:06,848 - INFO - 首次生成种子集 random
2026-03-09 22:29:06,848 - INFO - 执行当前算法开始: random
2026-03-09 22:29:06,848 - INFO - 数据集节点总数:  n = 1458, m = 20
2026-03-09 22:29:06,848 - INFO - 选择 20  [627, 286, 47, 597, 577, 568, 273, 65, 925, 424, 801, 289, 555, 521, 271, 64, 964, 320, 685, 1301]

2026-03-09 22:29:06,848 - INFO - 当前用时 0.00 秒
2026-03-09 22:29:06,848 - INFO - 将种子集 写入位置: /home/wen/work/coup_spread/network.netYeast/2026-3-21/seeds-with-network.netYeast/log_continuous_random_seedNum-20_SSRNum-50000.txt
2026-03-09 22:29:06,849 - INFO - 首次生成种子集 degreeTopM
2026-03-09 22:29:06,849 - INFO - 执行当前算法开始: degreeTopM
2026-03-09 22:29:06,849 - INFO - 依据: 选择连接数（度数）最多的节点。
2026-03-09 22:29:06,849 - INFO - 选择的 Top M 节点及其度数:
2026-03-09 22:29:06,849 - INFO - 
2026-03-09 22:29:06,849 - INFO - 当前用时 0.00 秒
2026-03-09 22:29:06,849 - INFO - 将种子集 写入位置: /home/wen/work/coup_spread/network.netYeast/2026-3-21/seeds-with-network.netYeast/log_continuous_degreeTopM_seedNum-20_SSRNum-50000.txt
2026-03-09 22:29:06,849 - INFO - 首次生成种子集 pageRank
2026-03-09 22:29:06,849 - INFO - 执行当前算法开始: pageRank
2026-03-09 22:29:06,849 - INFO - --- Running: PageRank (on tranProMatrix) Top M ---
2026-03-09 22:29:06,885 - INFO - Selected PageRank seeds: [157, 25, 57, 55, 15, 68, 315, 105, 238, 1041, 224, 2, 69, 1285, 34, 18, 464, 66, 546, 371]
2026-03-09 22:29:06,886 - INFO - 当前用时 0.04 秒
2026-03-09 22:29:06,886 - INFO - 将种子集 写入位置: /home/wen/work/coup_spread/network.netYeast/2026-3-21/seeds-with-network.netYeast/log_continuous_pageRank_seedNum-20_SSRNum-50000.txt
2026-03-09 22:29:06,886 - INFO - 首次生成种子集 alpha_sort
2026-03-09 22:29:06,886 - INFO - 执行当前算法开始: alpha_sort
2026-03-09 22:29:06,886 - INFO - 1458 个节点的alpha值降序排序 done
2026-03-09 22:29:06,887 - INFO - ==============>> [(1385, np.float64(0.6589919706951853)), (727, np.float64(0.634321425450408)), (32, np.float64(0.6248219579610553)), (552, np.float64(0.6118168915504584)), (494, np.float64(0.6084662871114662)), (586, np.float64(0.6037118242385614)), (1143, np.float64(0.6010722928772848)), (304, np.float64(0.5974367871962861)), (527, np.float64(0.5953859051356493)), (772, np.float64(0.5906040961953383))]
2026-03-09 22:29:06,887 - INFO - 
选择的种子集 (按alpha排序): [1385, 727, 32, 552, 494, 586, 1143, 304, 527, 772, 1216, 1206, 1293, 144, 578, 640, 564, 1300, 119, 753]

2026-03-09 22:29:06,887 - INFO - 当前用时 0.00 秒
2026-03-09 22:29:06,887 - INFO - 将种子集 写入位置: /home/wen/work/coup_spread/network.netYeast/2026-3-21/seeds-with-network.netYeast/log_continuous_alpha_sort_seedNum-20_SSRNum-50000.txt
2026-03-09 22:29:06,887 - INFO - 首次生成种子集 ris_optimized
2026-03-09 22:29:06,887 - INFO - 执行当前算法开始: ris_optimized
2026-03-09 22:29:06,908 - INFO - 图初始化完成，节点数: 1458，当前模式: 优化采样
2026-03-09 22:29:06,908 - INFO - 开始生成 50000 组多重RR-Set...
2026-03-09 22:29:09,035 - INFO - 生成完毕。耗时: 2.13 秒。
2026-03-09 22:29:09,044 - INFO - 开始基于多重RR集贪心选择最优种子...
2026-03-09 22:29:09,348 - INFO - 选种完毕。耗时: 0.30 秒。估算范围: 20.43
2026-03-09 22:29:09,434 - INFO - 当前用时 2.55 秒
2026-03-09 22:29:09,434 - INFO - 将种子集 写入位置: /home/wen/work/coup_spread/network.netYeast/2026-3-21/seeds-with-network.netYeast/log_continuous_ris_optimized_seedNum-20_SSRNum-50000.txt
2026-03-09 22:29:09,434 - INFO - 首次生成种子集 1hop_sort
2026-03-09 22:29:09,435 - INFO - 执行当前算法开始: 1hop_sort
2026-03-09 22:29:09,435 - INFO - --- Running: Teacher's 1-Hop Expected Spread Sort ---
2026-03-09 22:29:09,477 - INFO - 选出的前 5 个种子得分展示: [1.0079169  1.00565096 0.95408782 0.94673048 0.92679136]
2026-03-09 22:29:09,477 - INFO - 当前用时 0.04 秒
2026-03-09 22:29:09,478 - INFO - 将种子集 写入位置: /home/wen/work/coup_spread/network.netYeast/2026-3-21/seeds-with-network.netYeast/log_continuous_1hop_sort_seedNum-20_SSRNum-50000.txt
2026-03-09 22:29:09,478 - INFO - 评估种子集: None
2026-03-09 22:29:09,479 - INFO - 多进程评估开始，共有 6 个方法待评估...
2026-03-09 22:29:09,479 - INFO - 启动进程池，Worker数量: 6
2026-03-09 22:29:09,619 - INFO - [Process 593345] 开始评估方法: random, 种子数: 20
2026-03-09 22:29:09,715 - INFO - [Process 593346] 开始评估方法: degreeTopM, 种子数: 20
2026-03-09 22:29:09,816 - INFO - [Process 593347] 开始评估方法: pageRank, 种子数: 20
2026-03-09 22:29:09,818 - INFO - [random - 种子:20] 拉新:8.5人 | 总销量:8.5单 | 品牌曝光:33.2次 | 🌟综合得分:11.9
2026-03-09 22:29:09,845 - INFO - [degreeTopM - 种子:20] 拉新:4.1人 | 总销量:4.1单 | 品牌曝光:27.7次 | 🌟综合得分:6.8
2026-03-09 22:29:09,917 - INFO - [Process 593348] 开始评估方法: alpha_sort, 种子数: 20
2026-03-09 22:29:09,942 - INFO - [pageRank - 种子:20] 拉新:4.0人 | 总销量:4.0单 | 品牌曝光:27.8次 | 🌟综合得分:6.8
2026-03-09 22:29:10,017 - INFO - [Process 593349] 开始评估方法: ris_optimized, 种子数: 20
2026-03-09 22:29:10,048 - INFO - [alpha_sort - 种子:20] 拉新:13.9人 | 总销量:13.9单 | 品牌曝光:28.2次 | 🌟综合得分:16.7
2026-03-09 22:29:10,117 - INFO - [Process 593350] 开始评估方法: 1hop_sort, 种子数: 20
2026-03-09 22:29:10,198 - INFO - [ris_optimized - 种子:20] 拉新:13.4人 | 总销量:13.4单 | 品牌曝光:32.2次 | 🌟综合得分:16.7
2026-03-09 22:29:10,272 - INFO - [1hop_sort - 种子:20] 拉新:13.9人 | 总销量:14.3单 | 品牌曝光:30.6次 | 🌟综合得分:17.2
2026-03-09 22:29:10,289 - INFO - 所有进程执行完毕，开始写入数据...
2026-03-09 22:29:10,301 - INFO - 成功写入 6 条记录至 /home/wen/work/coup_spread/gzc-impl/results/network.netYeast/2026-3-21/log_continuous_SSRNum-50000-_seedNum-20_simuTimes-500.csv
2026-03-09 22:29:10,302 - INFO - 保存评估文件至: /home/wen/work/coup_spread/gzc-impl/results/network.netYeast/2026-3-21/log_continuous_SSRNum-50000-_seedNum-20_simuTimes-500.csv
2026-03-09 22:29:10,306 - INFO - 加载数据集: network.netYeast
2026-03-09 22:29:10,307 - INFO - --- 矩阵分析 ---
2026-03-09 22:29:10,307 - INFO - 节点数 (N): 1458
2026-03-09 22:29:10,307 - INFO - 边数 (E): 3896
2026-03-09 22:29:10,307 - INFO - 密度 (Density): 0.00183275 (越小越稀疏)
2026-03-09 22:29:10,307 - INFO - 稀疏度 (Sparsity): 0.99816725 (越接近1越稀疏)
2026-03-09 22:29:10,307 - INFO - 平均度数 (Avg Degree): 2.67
2026-03-09 22:29:10,308 - INFO - 首次生成度相关概率分布 分布类型: 'log_continuous'.
2026-03-09 22:29:10,308 - INFO - ===> Generating 'Log-Continuous' distributions for Real Graph...
2026-03-09 22:29:10,326 - INFO - 保存概率分布 文件位置: /home/wen/work/coup_spread/network.netYeast/2026-3-21/distribution-in-network.netYeast/distribution-log_continuous_seedNum-30.pkl
2026-03-09 22:29:10,334 - INFO - 首次生成种子集 random
2026-03-09 22:29:10,334 - INFO - 执行当前算法开始: random
2026-03-09 22:29:10,334 - INFO - 数据集节点总数:  n = 1458, m = 30
2026-03-09 22:29:10,334 - INFO - 选择 30  [1108, 47, 333, 570, 5, 1005, 891, 1257, 545, 462, 208, 465, 261, 1444, 11, 1069, 1019, 1088, 1142, 1269, 233, 1243, 189, 12, 960, 993, 1074, 241, 382, 841]

2026-03-09 22:29:10,334 - INFO - 当前用时 0.00 秒
2026-03-09 22:29:10,334 - INFO - 将种子集 写入位置: /home/wen/work/coup_spread/network.netYeast/2026-3-21/seeds-with-network.netYeast/log_continuous_random_seedNum-30_SSRNum-50000.txt
2026-03-09 22:29:10,335 - INFO - 首次生成种子集 degreeTopM
2026-03-09 22:29:10,335 - INFO - 执行当前算法开始: degreeTopM
2026-03-09 22:29:10,335 - INFO - 依据: 选择连接数（度数）最多的节点。
2026-03-09 22:29:10,335 - INFO - 选择的 Top M 节点及其度数:
2026-03-09 22:29:10,335 - INFO - 
2026-03-09 22:29:10,335 - INFO - 当前用时 0.00 秒
2026-03-09 22:29:10,335 - INFO - 将种子集 写入位置: /home/wen/work/coup_spread/network.netYeast/2026-3-21/seeds-with-network.netYeast/log_continuous_degreeTopM_seedNum-30_SSRNum-50000.txt
2026-03-09 22:29:10,335 - INFO - 首次生成种子集 pageRank
2026-03-09 22:29:10,335 - INFO - 执行当前算法开始: pageRank
2026-03-09 22:29:10,335 - INFO - --- Running: PageRank (on tranProMatrix) Top M ---
2026-03-09 22:29:10,370 - INFO - Selected PageRank seeds: [157, 25, 57, 55, 15, 68, 315, 105, 238, 1041, 224, 2, 69, 1285, 34, 18, 464, 66, 546, 371, 56, 277, 143, 1149, 461, 383, 186, 393, 35, 204]
2026-03-09 22:29:10,370 - INFO - 当前用时 0.04 秒
2026-03-09 22:29:10,371 - INFO - 将种子集 写入位置: /home/wen/work/coup_spread/network.netYeast/2026-3-21/seeds-with-network.netYeast/log_continuous_pageRank_seedNum-30_SSRNum-50000.txt
2026-03-09 22:29:10,371 - INFO - 首次生成种子集 alpha_sort
2026-03-09 22:29:10,371 - INFO - 执行当前算法开始: alpha_sort
2026-03-09 22:29:10,371 - INFO - 1458 个节点的alpha值降序排序 done
2026-03-09 22:29:10,371 - INFO - ==============>> [(1437, np.float64(0.7308395316430498)), (5, np.float64(0.681042125115843)), (17, np.float64(0.6347502864902)), (428, np.float64(0.6332900914772847)), (880, np.float64(0.6189134734923362)), (844, np.float64(0.6176627638413414)), (754, np.float64(0.612601906430192)), (206, np.float64(0.5927756787915766)), (1129, np.float64(0.592673184084867)), (918, np.float64(0.5898723891282195))]
2026-03-09 22:29:10,371 - INFO - 
选择的种子集 (按alpha排序): [1437, 5, 17, 428, 880, 844, 754, 206, 1129, 918, 727, 283, 1045, 994, 1055, 22, 965, 392, 338, 73, 1152, 1445, 787, 358, 820, 1064, 301, 309, 767, 135]

2026-03-09 22:29:10,372 - INFO - 当前用时 0.00 秒
2026-03-09 22:29:10,372 - INFO - 将种子集 写入位置: /home/wen/work/coup_spread/network.netYeast/2026-3-21/seeds-with-network.netYeast/log_continuous_alpha_sort_seedNum-30_SSRNum-50000.txt
2026-03-09 22:29:10,372 - INFO - 首次生成种子集 ris_optimized
2026-03-09 22:29:10,372 - INFO - 执行当前算法开始: ris_optimized
2026-03-09 22:29:10,393 - INFO - 图初始化完成，节点数: 1458，当前模式: 优化采样
2026-03-09 22:29:10,393 - INFO - 开始生成 50000 组多重RR-Set...
2026-03-09 22:29:13,446 - INFO - 生成完毕。耗时: 3.05 秒。
2026-03-09 22:29:13,453 - INFO - 开始基于多重RR集贪心选择最优种子...
2026-03-09 22:29:13,944 - INFO - 选种完毕。耗时: 0.49 秒。估算范围: 29.89
2026-03-09 22:29:14,065 - INFO - 当前用时 3.69 秒
2026-03-09 22:29:14,065 - INFO - 将种子集 写入位置: /home/wen/work/coup_spread/network.netYeast/2026-3-21/seeds-with-network.netYeast/log_continuous_ris_optimized_seedNum-30_SSRNum-50000.txt
2026-03-09 22:29:14,065 - INFO - 首次生成种子集 1hop_sort
2026-03-09 22:29:14,065 - INFO - 执行当前算法开始: 1hop_sort
2026-03-09 22:29:14,065 - INFO - --- Running: Teacher's 1-Hop Expected Spread Sort ---
2026-03-09 22:29:14,067 - INFO - 选出的前 5 个种子得分展示: [0.97989237 0.97228911 0.9692226  0.93416768 0.92465593]
2026-03-09 22:29:14,068 - INFO - 当前用时 0.00 秒
2026-03-09 22:29:14,068 - INFO - 将种子集 写入位置: /home/wen/work/coup_spread/network.netYeast/2026-3-21/seeds-with-network.netYeast/log_continuous_1hop_sort_seedNum-30_SSRNum-50000.txt
2026-03-09 22:29:14,068 - INFO - 评估种子集: None
2026-03-09 22:29:14,068 - INFO - 多进程评估开始，共有 6 个方法待评估...
2026-03-09 22:29:14,068 - INFO - 启动进程池，Worker数量: 6
2026-03-09 22:29:14,202 - INFO - [Process 593445] 开始评估方法: random, 种子数: 30
2026-03-09 22:29:14,280 - INFO - [Process 593446] 开始评估方法: degreeTopM, 种子数: 30
2026-03-09 22:29:14,312 - INFO - [Process 593447] 开始评估方法: pageRank, 种子数: 30
2026-03-09 22:29:14,382 - INFO - [Process 593448] 开始评估方法: alpha_sort, 种子数: 30
2026-03-09 22:29:14,450 - INFO - [Process 593449] 开始评估方法: ris_optimized, 种子数: 30
2026-03-09 22:29:14,485 - INFO - [degreeTopM - 种子:30] 拉新:7.6人 | 总销量:7.7单 | 品牌曝光:42.7次 | 🌟综合得分:11.9
2026-03-09 22:29:14,518 - INFO - [pageRank - 种子:30] 拉新:7.7人 | 总销量:7.7单 | 品牌曝光:42.8次 | 🌟综合得分:12.0
2026-03-09 22:29:14,519 - INFO - [Process 593450] 开始评估方法: 1hop_sort, 种子数: 30
2026-03-09 22:29:14,525 - INFO - [random - 种子:30] 拉新:15.8人 | 总销量:15.8单 | 品牌曝光:49.8次 | 🌟综合得分:20.8
2026-03-09 22:29:14,602 - INFO - [alpha_sort - 种子:30] 拉新:21.0人 | 总销量:21.0单 | 品牌曝光:44.2次 | 🌟综合得分:25.4
2026-03-09 22:29:14,724 - INFO - [ris_optimized - 种子:30] 拉新:19.2人 | 总销量:19.2单 | 品牌曝光:48.7次 | 🌟综合得分:24.1
2026-03-09 22:29:14,740 - INFO - [1hop_sort - 种子:30] 拉新:20.5人 | 总销量:20.9单 | 品牌曝光:45.1次 | 🌟综合得分:25.2
2026-03-09 22:29:14,762 - INFO - 所有进程执行完毕，开始写入数据...
2026-03-09 22:29:14,771 - INFO - 成功写入 6 条记录至 /home/wen/work/coup_spread/gzc-impl/results/network.netYeast/2026-3-21/log_continuous_SSRNum-50000-_seedNum-30_simuTimes-500.csv
2026-03-09 22:29:14,772 - INFO - 保存评估文件至: /home/wen/work/coup_spread/gzc-impl/results/network.netYeast/2026-3-21/log_continuous_SSRNum-50000-_seedNum-30_simuTimes-500.csv
2026-03-09 22:29:14,779 - INFO - 加载数据集: network.netYeast
2026-03-09 22:29:14,780 - INFO - --- 矩阵分析 ---
2026-03-09 22:29:14,780 - INFO - 节点数 (N): 1458
2026-03-09 22:29:14,780 - INFO - 边数 (E): 3896
2026-03-09 22:29:14,780 - INFO - 密度 (Density): 0.00183275 (越小越稀疏)
2026-03-09 22:29:14,780 - INFO - 稀疏度 (Sparsity): 0.99816725 (越接近1越稀疏)
2026-03-09 22:29:14,780 - INFO - 平均度数 (Avg Degree): 2.67
2026-03-09 22:29:14,781 - INFO - 首次生成度相关概率分布 分布类型: 'log_continuous'.
2026-03-09 22:29:14,781 - INFO - ===> Generating 'Log-Continuous' distributions for Real Graph...
2026-03-09 22:29:14,804 - INFO - 保存概率分布 文件位置: /home/wen/work/coup_spread/network.netYeast/2026-3-21/distribution-in-network.netYeast/distribution-log_continuous_seedNum-40.pkl
2026-03-09 22:29:14,812 - INFO - 首次生成种子集 random
2026-03-09 22:29:14,812 - INFO - 执行当前算法开始: random
2026-03-09 22:29:14,812 - INFO - 数据集节点总数:  n = 1458, m = 40
2026-03-09 22:29:14,812 - INFO - 选择 40  [731, 1408, 1200, 1065, 1011, 124, 1409, 1102, 1001, 176, 477, 616, 1081, 1072, 354, 156, 806, 624, 400, 823, 990, 939, 710, 845, 106, 1254, 1305, 615, 175, 783, 878, 766, 1377, 779, 1049, 72, 956, 1393, 537, 111]

2026-03-09 22:29:14,813 - INFO - 当前用时 0.00 秒
2026-03-09 22:29:14,813 - INFO - 将种子集 写入位置: /home/wen/work/coup_spread/network.netYeast/2026-3-21/seeds-with-network.netYeast/log_continuous_random_seedNum-40_SSRNum-50000.txt
2026-03-09 22:29:14,813 - INFO - 首次生成种子集 degreeTopM
2026-03-09 22:29:14,813 - INFO - 执行当前算法开始: degreeTopM
2026-03-09 22:29:14,813 - INFO - 依据: 选择连接数（度数）最多的节点。
2026-03-09 22:29:14,813 - INFO - 选择的 Top M 节点及其度数:
2026-03-09 22:29:14,813 - INFO - 
2026-03-09 22:29:14,813 - INFO - 当前用时 0.00 秒
2026-03-09 22:29:14,814 - INFO - 将种子集 写入位置: /home/wen/work/coup_spread/network.netYeast/2026-3-21/seeds-with-network.netYeast/log_continuous_degreeTopM_seedNum-40_SSRNum-50000.txt
2026-03-09 22:29:14,814 - INFO - 首次生成种子集 pageRank
2026-03-09 22:29:14,814 - INFO - 执行当前算法开始: pageRank
2026-03-09 22:29:14,814 - INFO - --- Running: PageRank (on tranProMatrix) Top M ---
2026-03-09 22:29:14,852 - INFO - Selected PageRank seeds: [157, 25, 57, 55, 15, 68, 315, 105, 238, 1041, 224, 2, 69, 1285, 34, 18, 464, 66, 546, 371, 56, 277, 143, 1149, 461, 383, 186, 393, 35, 204, 227, 251, 155, 635, 544, 287, 423, 214, 364, 599]
2026-03-09 22:29:14,852 - INFO - 当前用时 0.04 秒
2026-03-09 22:29:14,853 - INFO - 将种子集 写入位置: /home/wen/work/coup_spread/network.netYeast/2026-3-21/seeds-with-network.netYeast/log_continuous_pageRank_seedNum-40_SSRNum-50000.txt
2026-03-09 22:29:14,853 - INFO - 首次生成种子集 alpha_sort
2026-03-09 22:29:14,853 - INFO - 执行当前算法开始: alpha_sort
2026-03-09 22:29:14,853 - INFO - 1458 个节点的alpha值降序排序 done
2026-03-09 22:29:14,854 - INFO - ==============>> [(1233, np.float64(0.7384204692148562)), (1246, np.float64(0.6817765859417334)), (359, np.float64(0.6678495003184398)), (1410, np.float64(0.6625037005031341)), (271, np.float64(0.6560687537585603)), (1128, np.float64(0.6524449342073747)), (492, np.float64(0.6448920162663229)), (636, np.float64(0.6348971552565077)), (980, np.float64(0.6213380885398464)), (705, np.float64(0.6149362363104791))]
2026-03-09 22:29:14,854 - INFO - 
选择的种子集 (按alpha排序): [1233, 1246, 359, 1410, 271, 1128, 492, 636, 980, 705, 1095, 783, 421, 1213, 724, 1416, 1421, 1250, 266, 584, 1404, 1359, 735, 243, 987, 1275, 131, 880, 448, 491, 1154, 74, 1082, 292, 897, 384, 82, 1350, 493, 1091]

2026-03-09 22:29:14,854 - INFO - 当前用时 0.00 秒
2026-03-09 22:29:14,854 - INFO - 将种子集 写入位置: /home/wen/work/coup_spread/network.netYeast/2026-3-21/seeds-with-network.netYeast/log_continuous_alpha_sort_seedNum-40_SSRNum-50000.txt
2026-03-09 22:29:14,854 - INFO - 首次生成种子集 ris_optimized
2026-03-09 22:29:14,854 - INFO - 执行当前算法开始: ris_optimized
2026-03-09 22:29:14,878 - INFO - 图初始化完成，节点数: 1458，当前模式: 优化采样
2026-03-09 22:29:14,879 - INFO - 开始生成 50000 组多重RR-Set...
2026-03-09 22:29:18,520 - INFO - 生成完毕。耗时: 3.64 秒。
2026-03-09 22:29:18,527 - INFO - 开始基于多重RR集贪心选择最优种子...
2026-03-09 22:29:19,183 - INFO - 选种完毕。耗时: 0.66 秒。估算范围: 39.96
2026-03-09 22:29:19,343 - INFO - 当前用时 4.49 秒
2026-03-09 22:29:19,344 - INFO - 将种子集 写入位置: /home/wen/work/coup_spread/network.netYeast/2026-3-21/seeds-with-network.netYeast/log_continuous_ris_optimized_seedNum-40_SSRNum-50000.txt
2026-03-09 22:29:19,344 - INFO - 首次生成种子集 1hop_sort
2026-03-09 22:29:19,344 - INFO - 执行当前算法开始: 1hop_sort
2026-03-09 22:29:19,344 - INFO - --- Running: Teacher's 1-Hop Expected Spread Sort ---
2026-03-09 22:29:19,346 - INFO - 选出的前 5 个种子得分展示: [0.9993646  0.98950771 0.98733789 0.95169262 0.9493511 ]
2026-03-09 22:29:19,346 - INFO - 当前用时 0.00 秒
2026-03-09 22:29:19,347 - INFO - 将种子集 写入位置: /home/wen/work/coup_spread/network.netYeast/2026-3-21/seeds-with-network.netYeast/log_continuous_1hop_sort_seedNum-40_SSRNum-50000.txt
2026-03-09 22:29:19,347 - INFO - 评估种子集: None
2026-03-09 22:29:19,347 - INFO - 多进程评估开始，共有 6 个方法待评估...
2026-03-09 22:29:19,347 - INFO - 启动进程池，Worker数量: 6
2026-03-09 22:29:19,503 - INFO - [Process 593538] 开始评估方法: random, 种子数: 40
2026-03-09 22:29:19,578 - INFO - [Process 593539] 开始评估方法: degreeTopM, 种子数: 40
2026-03-09 22:29:19,661 - INFO - [Process 593540] 开始评估方法: pageRank, 种子数: 40
2026-03-09 22:29:19,749 - INFO - [Process 593541] 开始评估方法: alpha_sort, 种子数: 40
2026-03-09 22:29:19,842 - INFO - [Process 593542] 开始评估方法: ris_optimized, 种子数: 40
2026-03-09 22:29:19,845 - INFO - [degreeTopM - 种子:40] 拉新:9.5人 | 总销量:9.6单 | 品牌曝光:56.9次 | 🌟综合得分:15.2
2026-03-09 22:29:19,932 - INFO - [Process 593543] 开始评估方法: 1hop_sort, 种子数: 40
2026-03-09 22:29:19,955 - INFO - [pageRank - 种子:40] 拉新:10.3人 | 总销量:10.4单 | 品牌曝光:58.2次 | 🌟综合得分:16.2
2026-03-09 22:29:19,966 - INFO - [random - 种子:40] 拉新:18.6人 | 总销量:18.8单 | 品牌曝光:66.8次 | 🌟综合得分:25.4
2026-03-09 22:29:20,023 - INFO - [alpha_sort - 种子:40] 拉新:27.7人 | 总销量:27.7单 | 品牌曝光:57.2次 | 🌟综合得分:33.4
2026-03-09 22:29:20,197 - INFO - [ris_optimized - 种子:40] 拉新:25.6人 | 总销量:25.6单 | 品牌曝光:64.6次 | 🌟综合得分:32.1
2026-03-09 22:29:20,237 - INFO - [1hop_sort - 种子:40] 拉新:27.4人 | 总销量:27.9单 | 品牌曝光:61.6次 | 🌟综合得分:33.8
2026-03-09 22:29:20,260 - INFO - 所有进程执行完毕，开始写入数据...
2026-03-09 22:29:20,269 - INFO - 成功写入 6 条记录至 /home/wen/work/coup_spread/gzc-impl/results/network.netYeast/2026-3-21/log_continuous_SSRNum-50000-_seedNum-40_simuTimes-500.csv
2026-03-09 22:29:20,270 - INFO - 保存评估文件至: /home/wen/work/coup_spread/gzc-impl/results/network.netYeast/2026-3-21/log_continuous_SSRNum-50000-_seedNum-40_simuTimes-500.csv
2026-03-09 22:29:20,277 - INFO - 加载数据集: network.netYeast
2026-03-09 22:29:20,278 - INFO - --- 矩阵分析 ---
2026-03-09 22:29:20,278 - INFO - 节点数 (N): 1458
2026-03-09 22:29:20,278 - INFO - 边数 (E): 3896
2026-03-09 22:29:20,278 - INFO - 密度 (Density): 0.00183275 (越小越稀疏)
2026-03-09 22:29:20,278 - INFO - 稀疏度 (Sparsity): 0.99816725 (越接近1越稀疏)
2026-03-09 22:29:20,278 - INFO - 平均度数 (Avg Degree): 2.67
2026-03-09 22:29:20,279 - INFO - 首次生成度相关概率分布 分布类型: 'log_continuous'.
2026-03-09 22:29:20,279 - INFO - ===> Generating 'Log-Continuous' distributions for Real Graph...
2026-03-09 22:29:20,296 - INFO - 保存概率分布 文件位置: /home/wen/work/coup_spread/network.netYeast/2026-3-21/distribution-in-network.netYeast/distribution-log_continuous_seedNum-50.pkl
2026-03-09 22:29:20,305 - INFO - 首次生成种子集 random
2026-03-09 22:29:20,305 - INFO - 执行当前算法开始: random
2026-03-09 22:29:20,305 - INFO - 数据集节点总数:  n = 1458, m = 50
2026-03-09 22:29:20,305 - INFO - 选择 50  [44, 219, 780, 543, 92, 480, 388, 474, 1387, 1381, 438, 352, 552, 716, 520, 831, 19, 1206, 315, 386, 209, 67, 1113, 1111, 268, 471, 713, 309, 877, 608, 422, 658, 741, 9, 1425, 887, 131, 933, 462, 1232, 504, 269, 1035, 229, 891, 595, 895, 1140, 1345, 1089]

2026-03-09 22:29:20,305 - INFO - 当前用时 0.00 秒
2026-03-09 22:29:20,305 - INFO - 将种子集 写入位置: /home/wen/work/coup_spread/network.netYeast/2026-3-21/seeds-with-network.netYeast/log_continuous_random_seedNum-50_SSRNum-50000.txt
2026-03-09 22:29:20,305 - INFO - 首次生成种子集 degreeTopM
2026-03-09 22:29:20,306 - INFO - 执行当前算法开始: degreeTopM
2026-03-09 22:29:20,306 - INFO - 依据: 选择连接数（度数）最多的节点。
2026-03-09 22:29:20,306 - INFO - 选择的 Top M 节点及其度数:
2026-03-09 22:29:20,306 - INFO - 
2026-03-09 22:29:20,306 - INFO - 当前用时 0.00 秒
2026-03-09 22:29:20,306 - INFO - 将种子集 写入位置: /home/wen/work/coup_spread/network.netYeast/2026-3-21/seeds-with-network.netYeast/log_continuous_degreeTopM_seedNum-50_SSRNum-50000.txt
2026-03-09 22:29:20,306 - INFO - 首次生成种子集 pageRank
2026-03-09 22:29:20,306 - INFO - 执行当前算法开始: pageRank
2026-03-09 22:29:20,306 - INFO - --- Running: PageRank (on tranProMatrix) Top M ---
2026-03-09 22:29:20,341 - INFO - Selected PageRank seeds: [157, 25, 57, 55, 15, 68, 315, 105, 238, 1041, 224, 2, 69, 1285, 34, 18, 464, 66, 546, 371, 56, 277, 143, 1149, 461, 383, 186, 393, 35, 204, 227, 251, 155, 635, 544, 287, 423, 214, 364, 599, 343, 606, 44, 43, 289, 551, 406, 62, 462, 416]
2026-03-09 22:29:20,341 - INFO - 当前用时 0.03 秒
2026-03-09 22:29:20,341 - INFO - 将种子集 写入位置: /home/wen/work/coup_spread/network.netYeast/2026-3-21/seeds-with-network.netYeast/log_continuous_pageRank_seedNum-50_SSRNum-50000.txt
2026-03-09 22:29:20,341 - INFO - 首次生成种子集 alpha_sort
2026-03-09 22:29:20,342 - INFO - 执行当前算法开始: alpha_sort
2026-03-09 22:29:20,342 - INFO - 1458 个节点的alpha值降序排序 done
2026-03-09 22:29:20,342 - INFO - ==============>> [(701, np.float64(0.7673927488041807)), (1409, np.float64(0.668981891522767)), (467, np.float64(0.6606563888368447)), (1422, np.float64(0.6409184554989551)), (269, np.float64(0.6306217151985166)), (313, np.float64(0.6298300690646925)), (832, np.float64(0.6211472048937432)), (1112, np.float64(0.6195640944431803)), (1089, np.float64(0.6112481603579771)), (136, np.float64(0.5822033015359056))]
2026-03-09 22:29:20,342 - INFO - 
选择的种子集 (按alpha排序): [701, 1409, 467, 1422, 269, 313, 832, 1112, 1089, 136, 239, 1356, 1179, 14, 728, 1098, 1094, 1027, 1364, 1254, 365, 1040, 1339, 997, 50, 1132, 435, 455, 589, 1390, 613, 1122, 678, 493, 779, 1161, 171, 1443, 1020, 742, 314, 134, 828, 165, 541, 1289, 358, 1282, 1349, 200]

2026-03-09 22:29:20,342 - INFO - 当前用时 0.00 秒
2026-03-09 22:29:20,342 - INFO - 将种子集 写入位置: /home/wen/work/coup_spread/network.netYeast/2026-3-21/seeds-with-network.netYeast/log_continuous_alpha_sort_seedNum-50_SSRNum-50000.txt
2026-03-09 22:29:20,343 - INFO - 首次生成种子集 ris_optimized
2026-03-09 22:29:20,343 - INFO - 执行当前算法开始: ris_optimized
2026-03-09 22:29:20,364 - INFO - 图初始化完成，节点数: 1458，当前模式: 优化采样
2026-03-09 22:29:20,364 - INFO - 开始生成 50000 组多重RR-Set...
2026-03-09 22:29:24,371 - INFO - 生成完毕。耗时: 4.01 秒。
2026-03-09 22:29:24,380 - INFO - 开始基于多重RR集贪心选择最优种子...
2026-03-09 22:29:25,852 - INFO - 选种完毕。耗时: 1.47 秒。估算范围: 48.68
2026-03-09 22:29:26,048 - INFO - 当前用时 5.71 秒
2026-03-09 22:29:26,048 - INFO - 将种子集 写入位置: /home/wen/work/coup_spread/network.netYeast/2026-3-21/seeds-with-network.netYeast/log_continuous_ris_optimized_seedNum-50_SSRNum-50000.txt
2026-03-09 22:29:26,049 - INFO - 首次生成种子集 1hop_sort
2026-03-09 22:29:26,049 - INFO - 执行当前算法开始: 1hop_sort
2026-03-09 22:29:26,049 - INFO - --- Running: Teacher's 1-Hop Expected Spread Sort ---
2026-03-09 22:29:26,051 - INFO - 选出的前 5 个种子得分展示: [1.04916495 1.02219058 1.00139171 0.97221164 0.95665294]
2026-03-09 22:29:26,051 - INFO - 当前用时 0.00 秒
2026-03-09 22:29:26,051 - INFO - 将种子集 写入位置: /home/wen/work/coup_spread/network.netYeast/2026-3-21/seeds-with-network.netYeast/log_continuous_1hop_sort_seedNum-50_SSRNum-50000.txt
2026-03-09 22:29:26,052 - INFO - 评估种子集: None
2026-03-09 22:29:26,052 - INFO - 多进程评估开始，共有 6 个方法待评估...
2026-03-09 22:29:26,052 - INFO - 启动进程池，Worker数量: 6
2026-03-09 22:29:26,180 - INFO - [Process 593648] 开始评估方法: random, 种子数: 50
2026-03-09 22:29:26,239 - INFO - [Process 593649] 开始评估方法: degreeTopM, 种子数: 50
2026-03-09 22:29:26,291 - INFO - [Process 593650] 开始评估方法: pageRank, 种子数: 50
2026-03-09 22:29:26,351 - INFO - [Process 593651] 开始评估方法: alpha_sort, 种子数: 50
2026-03-09 22:29:26,418 - INFO - [Process 593652] 开始评估方法: ris_optimized, 种子数: 50
2026-03-09 22:29:26,484 - INFO - [Process 593653] 开始评估方法: 1hop_sort, 种子数: 50
2026-03-09 22:29:26,593 - INFO - [degreeTopM - 种子:50] 拉新:14.6人 | 总销量:14.7单 | 品牌曝光:72.5次 | 🌟综合得分:21.9
2026-03-09 22:29:26,664 - INFO - [pageRank - 种子:50] 拉新:14.7人 | 总销量:14.9单 | 品牌曝光:72.7次 | 🌟综合得分:22.1
2026-03-09 22:29:26,713 - INFO - [alpha_sort - 种子:50] 拉新:33.9人 | 总销量:33.9单 | 品牌曝光:73.8次 | 🌟综合得分:41.3
2026-03-09 22:29:26,771 - INFO - [random - 种子:50] 拉新:22.7人 | 总销量:22.9单 | 品牌曝光:84.0次 | 🌟综合得分:31.2
2026-03-09 22:29:26,874 - INFO - [1hop_sort - 种子:50] 拉新:33.3人 | 总销量:34.5单 | 品牌曝光:76.1次 | 🌟综合得分:41.5
2026-03-09 22:29:26,889 - INFO - [ris_optimized - 种子:50] 拉新:32.4人 | 总销量:32.5单 | 品牌曝光:82.6次 | 🌟综合得分:40.7
2026-03-09 22:29:26,911 - INFO - 所有进程执行完毕，开始写入数据...
2026-03-09 22:29:26,919 - INFO - 成功写入 6 条记录至 /home/wen/work/coup_spread/gzc-impl/results/network.netYeast/2026-3-21/log_continuous_SSRNum-50000-_seedNum-50_simuTimes-500.csv
2026-03-09 22:29:26,920 - INFO - 保存评估文件至: /home/wen/work/coup_spread/gzc-impl/results/network.netYeast/2026-3-21/log_continuous_SSRNum-50000-_seedNum-50_simuTimes-500.csv
2026-03-09 22:29:26,924 - INFO - 加载数据集: network.netYeast
2026-03-09 22:29:26,925 - INFO - --- 矩阵分析 ---
2026-03-09 22:29:26,925 - INFO - 节点数 (N): 1458
2026-03-09 22:29:26,926 - INFO - 边数 (E): 3896
2026-03-09 22:29:26,926 - INFO - 密度 (Density): 0.00183275 (越小越稀疏)
2026-03-09 22:29:26,926 - INFO - 稀疏度 (Sparsity): 0.99816725 (越接近1越稀疏)
2026-03-09 22:29:26,926 - INFO - 平均度数 (Avg Degree): 2.67
2026-03-09 22:29:26,927 - INFO - 首次生成度相关概率分布 分布类型: 'log_continuous'.
2026-03-09 22:29:26,927 - INFO - ===> Generating 'Log-Continuous' distributions for Real Graph...
2026-03-09 22:29:26,945 - INFO - 保存概率分布 文件位置: /home/wen/work/coup_spread/network.netYeast/2026-3-21/distribution-in-network.netYeast/distribution-log_continuous_seedNum-60.pkl
2026-03-09 22:29:26,959 - INFO - 首次生成种子集 random
2026-03-09 22:29:26,959 - INFO - 执行当前算法开始: random
2026-03-09 22:29:26,959 - INFO - 数据集节点总数:  n = 1458, m = 60
2026-03-09 22:29:26,959 - INFO - 选择 60  [1361, 316, 1155, 729, 769, 933, 145, 331, 866, 291, 1183, 778, 1014, 921, 23, 1230, 441, 1062, 505, 60, 179, 232, 877, 831, 770, 25, 847, 940, 864, 1410, 1210, 317, 1143, 1051, 110, 405, 901, 26, 489, 802, 219, 757, 467, 1393, 96, 924, 1356, 162, 141, 381, 878, 1151, 641, 1257, 123, 46, 277, 691, 659, 1256]

2026-03-09 22:29:26,959 - INFO - 当前用时 0.00 秒
2026-03-09 22:29:26,959 - INFO - 将种子集 写入位置: /home/wen/work/coup_spread/network.netYeast/2026-3-21/seeds-with-network.netYeast/log_continuous_random_seedNum-60_SSRNum-50000.txt
2026-03-09 22:29:26,959 - INFO - 首次生成种子集 degreeTopM
2026-03-09 22:29:26,959 - INFO - 执行当前算法开始: degreeTopM
2026-03-09 22:29:26,959 - INFO - 依据: 选择连接数（度数）最多的节点。
2026-03-09 22:29:26,960 - INFO - 选择的 Top M 节点及其度数:
2026-03-09 22:29:26,960 - INFO - 
2026-03-09 22:29:26,960 - INFO - 当前用时 0.00 秒
2026-03-09 22:29:26,960 - INFO - 将种子集 写入位置: /home/wen/work/coup_spread/network.netYeast/2026-3-21/seeds-with-network.netYeast/log_continuous_degreeTopM_seedNum-60_SSRNum-50000.txt
2026-03-09 22:29:26,960 - INFO - 首次生成种子集 pageRank
2026-03-09 22:29:26,960 - INFO - 执行当前算法开始: pageRank
2026-03-09 22:29:26,960 - INFO - --- Running: PageRank (on tranProMatrix) Top M ---
2026-03-09 22:29:26,996 - INFO - Selected PageRank seeds: [157, 25, 57, 55, 15, 68, 315, 105, 238, 1041, 224, 2, 69, 1285, 34, 18, 464, 66, 546, 371, 56, 277, 143, 1149, 461, 383, 186, 393, 35, 204, 227, 251, 155, 635, 544, 287, 423, 214, 364, 599, 343, 606, 44, 43, 289, 551, 406, 62, 462, 416, 33, 284, 845, 975, 72, 1318, 473, 70, 346, 99]
2026-03-09 22:29:26,996 - INFO - 当前用时 0.04 秒
2026-03-09 22:29:26,996 - INFO - 将种子集 写入位置: /home/wen/work/coup_spread/network.netYeast/2026-3-21/seeds-with-network.netYeast/log_continuous_pageRank_seedNum-60_SSRNum-50000.txt
2026-03-09 22:29:26,996 - INFO - 首次生成种子集 alpha_sort
2026-03-09 22:29:26,996 - INFO - 执行当前算法开始: alpha_sort
2026-03-09 22:29:26,997 - INFO - 1458 个节点的alpha值降序排序 done
2026-03-09 22:29:26,997 - INFO - ==============>> [(1107, np.float64(0.6519193801382764)), (491, np.float64(0.6281280566859736)), (5, np.float64(0.6277276375063879)), (550, np.float64(0.6184161442882552)), (479, np.float64(0.5979359639078179)), (1312, np.float64(0.5976950659537676)), (838, np.float64(0.5915439198003805)), (740, np.float64(0.5902617255788244)), (1106, np.float64(0.5902292684639583)), (1325, np.float64(0.587988596177332))]
2026-03-09 22:29:26,997 - INFO - 
选择的种子集 (按alpha排序): [1107, 491, 5, 550, 479, 1312, 838, 740, 1106, 1325, 463, 156, 742, 784, 496, 720, 572, 449, 1151, 42, 745, 442, 701, 1384, 130, 1192, 589, 675, 1118, 377, 1432, 213, 1083, 1015, 332, 1074, 1381, 930, 672, 1058, 77, 1081, 400, 1385, 185, 936, 495, 167, 830, 1282, 1425, 981, 779, 231, 1121, 831, 1401, 1411, 754, 141]

2026-03-09 22:29:26,997 - INFO - 当前用时 0.00 秒
2026-03-09 22:29:26,997 - INFO - 将种子集 写入位置: /home/wen/work/coup_spread/network.netYeast/2026-3-21/seeds-with-network.netYeast/log_continuous_alpha_sort_seedNum-60_SSRNum-50000.txt
2026-03-09 22:29:26,997 - INFO - 首次生成种子集 ris_optimized
2026-03-09 22:29:26,997 - INFO - 执行当前算法开始: ris_optimized
2026-03-09 22:29:27,024 - INFO - 图初始化完成，节点数: 1458，当前模式: 优化采样
2026-03-09 22:29:27,024 - INFO - 开始生成 50000 组多重RR-Set...
2026-03-09 22:29:31,671 - INFO - 生成完毕。耗时: 4.65 秒。
2026-03-09 22:29:31,679 - INFO - 开始基于多重RR集贪心选择最优种子...
2026-03-09 22:29:32,752 - INFO - 选种完毕。耗时: 1.07 秒。估算范围: 57.87
2026-03-09 22:29:32,987 - INFO - 当前用时 5.99 秒
2026-03-09 22:29:32,987 - INFO - 将种子集 写入位置: /home/wen/work/coup_spread/network.netYeast/2026-3-21/seeds-with-network.netYeast/log_continuous_ris_optimized_seedNum-60_SSRNum-50000.txt
2026-03-09 22:29:32,987 - INFO - 首次生成种子集 1hop_sort
2026-03-09 22:29:32,987 - INFO - 执行当前算法开始: 1hop_sort
2026-03-09 22:29:32,988 - INFO - --- Running: Teacher's 1-Hop Expected Spread Sort ---
2026-03-09 22:29:32,990 - INFO - 选出的前 5 个种子得分展示: [1.09730525 1.02022264 1.01770876 1.01375036 1.00955233]
2026-03-09 22:29:32,990 - INFO - 当前用时 0.00 秒
2026-03-09 22:29:32,991 - INFO - 将种子集 写入位置: /home/wen/work/coup_spread/network.netYeast/2026-3-21/seeds-with-network.netYeast/log_continuous_1hop_sort_seedNum-60_SSRNum-50000.txt
2026-03-09 22:29:32,991 - INFO - 评估种子集: None
2026-03-09 22:29:32,991 - INFO - 多进程评估开始，共有 6 个方法待评估...
2026-03-09 22:29:32,991 - INFO - 启动进程池，Worker数量: 6
2026-03-09 22:29:33,142 - INFO - [Process 593768] 开始评估方法: random, 种子数: 60
2026-03-09 22:29:33,220 - INFO - [Process 593769] 开始评估方法: degreeTopM, 种子数: 60
2026-03-09 22:29:33,300 - INFO - [Process 593770] 开始评估方法: pageRank, 种子数: 60
2026-03-09 22:29:33,383 - INFO - [Process 593771] 开始评估方法: alpha_sort, 种子数: 60
2026-03-09 22:29:33,467 - INFO - [Process 593772] 开始评估方法: ris_optimized, 种子数: 60
2026-03-09 22:29:33,552 - INFO - [Process 593773] 开始评估方法: 1hop_sort, 种子数: 60
2026-03-09 22:29:33,621 - INFO - [degreeTopM - 种子:60] 拉新:17.2人 | 总销量:17.3单 | 品牌曝光:85.8次 | 🌟综合得分:25.8
2026-03-09 22:29:33,705 - INFO - [pageRank - 种子:60] 拉新:17.2人 | 总销量:17.3单 | 品牌曝光:86.4次 | 🌟综合得分:25.9
2026-03-09 22:29:33,733 - INFO - [random - 种子:60] 拉新:27.5人 | 总销量:27.7单 | 品牌曝光:99.2次 | 🌟综合得分:37.5
2026-03-09 22:29:33,835 - INFO - [alpha_sort - 种子:60] 拉新:40.3人 | 总销量:40.7单 | 品牌曝光:89.3次 | 🌟综合得分:49.4
2026-03-09 22:29:34,010 - INFO - [1hop_sort - 种子:60] 拉新:38.3人 | 总销量:41.2单 | 品牌曝光:91.4次 | 🌟综合得分:48.9
2026-03-09 22:29:34,045 - INFO - [ris_optimized - 种子:60] 拉新:38.5人 | 总销量:38.6单 | 品牌曝光:99.9次 | 🌟综合得分:48.5
2026-03-09 22:29:34,070 - INFO - 所有进程执行完毕，开始写入数据...
2026-03-09 22:29:34,078 - INFO - 成功写入 6 条记录至 /home/wen/work/coup_spread/gzc-impl/results/network.netYeast/2026-3-21/log_continuous_SSRNum-50000-_seedNum-60_simuTimes-500.csv
2026-03-09 22:29:34,079 - INFO - 保存评估文件至: /home/wen/work/coup_spread/gzc-impl/results/network.netYeast/2026-3-21/log_continuous_SSRNum-50000-_seedNum-60_simuTimes-500.csv
2026-03-09 22:29:34,084 - INFO - 加载数据集: network.netYeast
2026-03-09 22:29:34,085 - INFO - --- 矩阵分析 ---
2026-03-09 22:29:34,085 - INFO - 节点数 (N): 1458
2026-03-09 22:29:34,086 - INFO - 边数 (E): 3896
2026-03-09 22:29:34,086 - INFO - 密度 (Density): 0.00183275 (越小越稀疏)
2026-03-09 22:29:34,086 - INFO - 稀疏度 (Sparsity): 0.99816725 (越接近1越稀疏)
2026-03-09 22:29:34,086 - INFO - 平均度数 (Avg Degree): 2.67
2026-03-09 22:29:34,087 - INFO - 首次生成度相关概率分布 分布类型: 'log_continuous'.
2026-03-09 22:29:34,087 - INFO - ===> Generating 'Log-Continuous' distributions for Real Graph...
2026-03-09 22:29:34,111 - INFO - 保存概率分布 文件位置: /home/wen/work/coup_spread/network.netYeast/2026-3-21/distribution-in-network.netYeast/distribution-log_continuous_seedNum-70.pkl
2026-03-09 22:29:34,123 - INFO - 首次生成种子集 random
2026-03-09 22:29:34,123 - INFO - 执行当前算法开始: random
2026-03-09 22:29:34,123 - INFO - 数据集节点总数:  n = 1458, m = 70
2026-03-09 22:29:34,123 - INFO - 选择 70  [296, 481, 1077, 468, 653, 502, 432, 1108, 1448, 1092, 848, 863, 105, 754, 984, 1259, 1452, 1209, 363, 835, 1369, 200, 1056, 104, 531, 902, 214, 1230, 12, 157, 1287, 1423, 328, 1370, 3, 311, 1361, 800, 324, 844, 179, 661, 584, 115, 989, 1339, 174, 395, 903, 1157, 897, 648, 1342, 1307, 942, 537, 1097, 1128, 544, 281, 1418, 490, 592, 553, 512, 662, 1010, 1338, 1451, 812]

2026-03-09 22:29:34,123 - INFO - 当前用时 0.00 秒
2026-03-09 22:29:34,123 - INFO - 将种子集 写入位置: /home/wen/work/coup_spread/network.netYeast/2026-3-21/seeds-with-network.netYeast/log_continuous_random_seedNum-70_SSRNum-50000.txt
2026-03-09 22:29:34,123 - INFO - 首次生成种子集 degreeTopM
2026-03-09 22:29:34,123 - INFO - 执行当前算法开始: degreeTopM
2026-03-09 22:29:34,123 - INFO - 依据: 选择连接数（度数）最多的节点。
2026-03-09 22:29:34,124 - INFO - 选择的 Top M 节点及其度数:
2026-03-09 22:29:34,124 - INFO - 
2026-03-09 22:29:34,124 - INFO - 当前用时 0.00 秒
2026-03-09 22:29:34,124 - INFO - 将种子集 写入位置: /home/wen/work/coup_spread/network.netYeast/2026-3-21/seeds-with-network.netYeast/log_continuous_degreeTopM_seedNum-70_SSRNum-50000.txt
2026-03-09 22:29:34,124 - INFO - 首次生成种子集 pageRank
2026-03-09 22:29:34,124 - INFO - 执行当前算法开始: pageRank
2026-03-09 22:29:34,124 - INFO - --- Running: PageRank (on tranProMatrix) Top M ---
2026-03-09 22:29:34,159 - INFO - Selected PageRank seeds: [157, 25, 57, 55, 15, 68, 315, 105, 238, 1041, 224, 2, 69, 1285, 34, 18, 464, 66, 546, 371, 56, 277, 143, 1149, 461, 383, 186, 393, 35, 204, 227, 251, 155, 635, 544, 287, 423, 214, 364, 599, 343, 606, 44, 43, 289, 551, 406, 62, 462, 416, 33, 284, 845, 975, 72, 1318, 473, 70, 346, 99, 982, 29, 932, 367, 79, 693, 288, 837, 621, 738]
2026-03-09 22:29:34,160 - INFO - 当前用时 0.04 秒
2026-03-09 22:29:34,160 - INFO - 将种子集 写入位置: /home/wen/work/coup_spread/network.netYeast/2026-3-21/seeds-with-network.netYeast/log_continuous_pageRank_seedNum-70_SSRNum-50000.txt
2026-03-09 22:29:34,160 - INFO - 首次生成种子集 alpha_sort
2026-03-09 22:29:34,160 - INFO - 执行当前算法开始: alpha_sort
2026-03-09 22:29:34,161 - INFO - 1458 个节点的alpha值降序排序 done
2026-03-09 22:29:34,161 - INFO - ==============>> [(1265, np.float64(0.7000185768442191)), (242, np.float64(0.6850719910905286)), (1129, np.float64(0.6804288999956387)), (1284, np.float64(0.6623543020670031)), (1218, np.float64(0.648820548759618)), (457, np.float64(0.6349092379849364)), (1074, np.float64(0.6198703009048262)), (701, np.float64(0.6164996027500106)), (1045, np.float64(0.6138046086972021)), (1237, np.float64(0.6056016832109793))]
2026-03-09 22:29:34,161 - INFO - 
选择的种子集 (按alpha排序): [1265, 242, 1129, 1284, 1218, 457, 1074, 701, 1045, 1237, 330, 1025, 702, 747, 1031, 593, 1452, 1098, 132, 171, 983, 52, 541, 1190, 374, 31, 42, 206, 1280, 1047, 655, 830, 530, 448, 144, 1179, 387, 141, 382, 1336, 936, 705, 1203, 158, 1415, 532, 1121, 1216, 723, 931, 446, 1172, 368, 64, 1242, 249, 1016, 379, 444, 1198, 805, 183, 226, 366, 1233, 990, 352, 832, 960, 491]

2026-03-09 22:29:34,161 - INFO - 当前用时 0.00 秒
2026-03-09 22:29:34,161 - INFO - 将种子集 写入位置: /home/wen/work/coup_spread/network.netYeast/2026-3-21/seeds-with-network.netYeast/log_continuous_alpha_sort_seedNum-70_SSRNum-50000.txt
2026-03-09 22:29:34,161 - INFO - 首次生成种子集 ris_optimized
2026-03-09 22:29:34,161 - INFO - 执行当前算法开始: ris_optimized
2026-03-09 22:29:34,187 - INFO - 图初始化完成，节点数: 1458，当前模式: 优化采样
2026-03-09 22:29:34,187 - INFO - 开始生成 50000 组多重RR-Set...
2026-03-09 22:29:41,004 - INFO - 生成完毕。耗时: 6.82 秒。
2026-03-09 22:29:41,015 - INFO - 开始基于多重RR集贪心选择最优种子...
2026-03-09 22:29:42,208 - INFO - 选种完毕。耗时: 1.19 秒。估算范围: 68.18
2026-03-09 22:29:42,475 - INFO - 当前用时 8.31 秒
2026-03-09 22:29:42,475 - INFO - 将种子集 写入位置: /home/wen/work/coup_spread/network.netYeast/2026-3-21/seeds-with-network.netYeast/log_continuous_ris_optimized_seedNum-70_SSRNum-50000.txt
2026-03-09 22:29:42,475 - INFO - 首次生成种子集 1hop_sort
2026-03-09 22:29:42,475 - INFO - 执行当前算法开始: 1hop_sort
2026-03-09 22:29:42,476 - INFO - --- Running: Teacher's 1-Hop Expected Spread Sort ---
2026-03-09 22:29:42,479 - INFO - 选出的前 5 个种子得分展示: [1.05519263 1.0221091  1.00512316 0.9928106  0.97978976]
2026-03-09 22:29:42,479 - INFO - 当前用时 0.00 秒
2026-03-09 22:29:42,479 - INFO - 将种子集 写入位置: /home/wen/work/coup_spread/network.netYeast/2026-3-21/seeds-with-network.netYeast/log_continuous_1hop_sort_seedNum-70_SSRNum-50000.txt
2026-03-09 22:29:42,480 - INFO - 评估种子集: None
2026-03-09 22:29:42,480 - INFO - 多进程评估开始，共有 6 个方法待评估...
2026-03-09 22:29:42,480 - INFO - 启动进程池，Worker数量: 6
2026-03-09 22:29:42,651 - INFO - [Process 593905] 开始评估方法: random, 种子数: 70
2026-03-09 22:29:42,682 - INFO - [Process 593906] 开始评估方法: degreeTopM, 种子数: 70
2026-03-09 22:29:42,710 - INFO - [Process 593907] 开始评估方法: pageRank, 种子数: 70
2026-03-09 22:29:42,745 - INFO - [Process 593908] 开始评估方法: alpha_sort, 种子数: 70
2026-03-09 22:29:42,788 - INFO - [Process 593910] 开始评估方法: ris_optimized, 种子数: 70
2026-03-09 22:29:42,832 - INFO - [Process 593911] 开始评估方法: 1hop_sort, 种子数: 70
2026-03-09 22:29:43,236 - INFO - [degreeTopM - 种子:70] 拉新:20.0人 | 总销量:20.2单 | 品牌曝光:105.5次 | 🌟综合得分:30.6
2026-03-09 22:29:43,237 - INFO - [pageRank - 种子:70] 拉新:20.4人 | 总销量:20.6单 | 品牌曝光:104.5次 | 🌟综合得分:30.9
2026-03-09 22:29:43,328 - INFO - [alpha_sort - 种子:70] 拉新:45.9人 | 总销量:46.1单 | 品牌曝光:103.7次 | 🌟综合得分:56.4
2026-03-09 22:29:43,372 - INFO - [random - 种子:70] 拉新:31.4人 | 总销量:31.4单 | 品牌曝光:117.5次 | 🌟综合得分:43.2
2026-03-09 22:29:43,391 - INFO - [1hop_sort - 种子:70] 拉新:45.7人 | 总销量:47.5单 | 品牌曝光:107.9次 | 🌟综合得分:57.4
2026-03-09 22:29:43,456 - INFO - [ris_optimized - 种子:70] 拉新:44.8人 | 总销量:45.0单 | 品牌曝光:116.2次 | 🌟综合得分:56.5
2026-03-09 22:29:43,483 - INFO - 所有进程执行完毕，开始写入数据...
2026-03-09 22:29:43,491 - INFO - 成功写入 6 条记录至 /home/wen/work/coup_spread/gzc-impl/results/network.netYeast/2026-3-21/log_continuous_SSRNum-50000-_seedNum-70_simuTimes-500.csv
2026-03-09 22:29:43,492 - INFO - 保存评估文件至: /home/wen/work/coup_spread/gzc-impl/results/network.netYeast/2026-3-21/log_continuous_SSRNum-50000-_seedNum-70_simuTimes-500.csv
2026-03-09 22:29:43,497 - INFO - 加载数据集: network.netYeast
2026-03-09 22:29:43,497 - INFO - --- 矩阵分析 ---
2026-03-09 22:29:43,497 - INFO - 节点数 (N): 1458
2026-03-09 22:29:43,497 - INFO - 边数 (E): 3896
2026-03-09 22:29:43,497 - INFO - 密度 (Density): 0.00183275 (越小越稀疏)
2026-03-09 22:29:43,498 - INFO - 稀疏度 (Sparsity): 0.99816725 (越接近1越稀疏)
2026-03-09 22:29:43,498 - INFO - 平均度数 (Avg Degree): 2.67
2026-03-09 22:29:43,498 - INFO - 首次生成度相关概率分布 分布类型: 'log_continuous'.
2026-03-09 22:29:43,498 - INFO - ===> Generating 'Log-Continuous' distributions for Real Graph...
2026-03-09 22:29:43,516 - INFO - 保存概率分布 文件位置: /home/wen/work/coup_spread/network.netYeast/2026-3-21/distribution-in-network.netYeast/distribution-log_continuous_seedNum-80.pkl
2026-03-09 22:29:43,528 - INFO - 首次生成种子集 random
2026-03-09 22:29:43,528 - INFO - 执行当前算法开始: random
2026-03-09 22:29:43,528 - INFO - 数据集节点总数:  n = 1458, m = 80
2026-03-09 22:29:43,528 - INFO - 选择 80  [1259, 583, 168, 765, 592, 597, 1353, 1362, 1022, 917, 971, 1151, 1035, 1330, 915, 274, 1201, 124, 809, 1109, 91, 1158, 541, 685, 151, 665, 901, 1066, 383, 1016, 362, 918, 1451, 30, 1262, 571, 624, 610, 840, 75, 158, 900, 775, 698, 1102, 1406, 11, 519, 1375, 331, 0, 269, 287, 973, 959, 62, 130, 703, 246, 628, 985, 932, 351, 510, 987, 943, 681, 1267, 1372, 1414, 406, 179, 1072, 15, 474, 145, 1268, 1041, 1033, 201]

2026-03-09 22:29:43,528 - INFO - 当前用时 0.00 秒
2026-03-09 22:29:43,528 - INFO - 将种子集 写入位置: /home/wen/work/coup_spread/network.netYeast/2026-3-21/seeds-with-network.netYeast/log_continuous_random_seedNum-80_SSRNum-50000.txt
2026-03-09 22:29:43,528 - INFO - 首次生成种子集 degreeTopM
2026-03-09 22:29:43,528 - INFO - 执行当前算法开始: degreeTopM
2026-03-09 22:29:43,528 - INFO - 依据: 选择连接数（度数）最多的节点。
2026-03-09 22:29:43,528 - INFO - 选择的 Top M 节点及其度数:
2026-03-09 22:29:43,529 - INFO - 
2026-03-09 22:29:43,529 - INFO - 当前用时 0.00 秒
2026-03-09 22:29:43,529 - INFO - 将种子集 写入位置: /home/wen/work/coup_spread/network.netYeast/2026-3-21/seeds-with-network.netYeast/log_continuous_degreeTopM_seedNum-80_SSRNum-50000.txt
2026-03-09 22:29:43,529 - INFO - 首次生成种子集 pageRank
2026-03-09 22:29:43,529 - INFO - 执行当前算法开始: pageRank
2026-03-09 22:29:43,529 - INFO - --- Running: PageRank (on tranProMatrix) Top M ---
2026-03-09 22:29:43,564 - INFO - Selected PageRank seeds: [157, 25, 57, 55, 15, 68, 315, 105, 238, 1041, 224, 2, 69, 1285, 34, 18, 464, 66, 546, 371, 56, 277, 143, 1149, 461, 383, 186, 393, 35, 204, 227, 251, 155, 635, 544, 287, 423, 214, 364, 599, 343, 606, 44, 43, 289, 551, 406, 62, 462, 416, 33, 284, 845, 975, 72, 1318, 473, 70, 346, 99, 982, 29, 932, 367, 79, 693, 288, 837, 621, 738, 16, 603, 677, 800, 247, 876, 812, 558, 121, 668]
2026-03-09 22:29:43,564 - INFO - 当前用时 0.04 秒
2026-03-09 22:29:43,564 - INFO - 将种子集 写入位置: /home/wen/work/coup_spread/network.netYeast/2026-3-21/seeds-with-network.netYeast/log_continuous_pageRank_seedNum-80_SSRNum-50000.txt
2026-03-09 22:29:43,565 - INFO - 首次生成种子集 alpha_sort
2026-03-09 22:29:43,565 - INFO - 执行当前算法开始: alpha_sort
2026-03-09 22:29:43,565 - INFO - 1458 个节点的alpha值降序排序 done
2026-03-09 22:29:43,565 - INFO - ==============>> [(36, np.float64(0.6684074954333152)), (1064, np.float64(0.6573989159725844)), (1211, np.float64(0.6433009099923532)), (774, np.float64(0.6423070239137113)), (611, np.float64(0.6349549789154295)), (1405, np.float64(0.6333984261006456)), (344, np.float64(0.6206960590564892)), (659, np.float64(0.6180189214357038)), (1045, np.float64(0.6137926190253526)), (397, np.float64(0.5975965026922091))]
2026-03-09 22:29:43,565 - INFO - 
选择的种子集 (按alpha排序): [36, 1064, 1211, 774, 611, 1405, 344, 659, 1045, 397, 450, 1289, 912, 836, 840, 1194, 1125, 1334, 885, 142, 1345, 647, 502, 1316, 485, 1408, 864, 1037, 1425, 803, 1263, 1260, 1140, 391, 1354, 552, 1325, 1251, 382, 749, 989, 1290, 1280, 232, 1305, 832, 1072, 805, 779, 1452, 1009, 97, 1301, 1273, 966, 1427, 526, 963, 977, 660, 990, 487, 960, 437, 908, 41, 306, 1053, 419, 1281, 1219, 1293, 1146, 374, 857, 995, 992, 1095, 123, 445]

2026-03-09 22:29:43,566 - INFO - 当前用时 0.00 秒
2026-03-09 22:29:43,566 - INFO - 将种子集 写入位置: /home/wen/work/coup_spread/network.netYeast/2026-3-21/seeds-with-network.netYeast/log_continuous_alpha_sort_seedNum-80_SSRNum-50000.txt
2026-03-09 22:29:43,566 - INFO - 首次生成种子集 ris_optimized
2026-03-09 22:29:43,566 - INFO - 执行当前算法开始: ris_optimized
2026-03-09 22:29:43,592 - INFO - 图初始化完成，节点数: 1458，当前模式: 优化采样
2026-03-09 22:29:43,592 - INFO - 开始生成 50000 组多重RR-Set...
2026-03-09 22:29:50,514 - INFO - 生成完毕。耗时: 6.92 秒。
2026-03-09 22:29:50,522 - INFO - 开始基于多重RR集贪心选择最优种子...
2026-03-09 22:29:52,015 - INFO - 选种完毕。耗时: 1.49 秒。估算范围: 76.99
2026-03-09 22:29:52,377 - INFO - 当前用时 8.81 秒
2026-03-09 22:29:52,377 - INFO - 将种子集 写入位置: /home/wen/work/coup_spread/network.netYeast/2026-3-21/seeds-with-network.netYeast/log_continuous_ris_optimized_seedNum-80_SSRNum-50000.txt
2026-03-09 22:29:52,377 - INFO - 首次生成种子集 1hop_sort
2026-03-09 22:29:52,377 - INFO - 执行当前算法开始: 1hop_sort
2026-03-09 22:29:52,377 - INFO - --- Running: Teacher's 1-Hop Expected Spread Sort ---
2026-03-09 22:29:52,380 - INFO - 选出的前 5 个种子得分展示: [1.03096412 0.99589539 0.98651284 0.95911677 0.9445872 ]
2026-03-09 22:29:52,380 - INFO - 当前用时 0.00 秒
2026-03-09 22:29:52,381 - INFO - 将种子集 写入位置: /home/wen/work/coup_spread/network.netYeast/2026-3-21/seeds-with-network.netYeast/log_continuous_1hop_sort_seedNum-80_SSRNum-50000.txt
2026-03-09 22:29:52,381 - INFO - 评估种子集: None
2026-03-09 22:29:52,381 - INFO - 多进程评估开始，共有 6 个方法待评估...
2026-03-09 22:29:52,381 - INFO - 启动进程池，Worker数量: 6
2026-03-09 22:29:52,597 - INFO - [Process 594051] 开始评估方法: random, 种子数: 80
2026-03-09 22:29:52,645 - INFO - [Process 594052] 开始评估方法: degreeTopM, 种子数: 80
2026-03-09 22:29:52,704 - INFO - [Process 594053] 开始评估方法: pageRank, 种子数: 80
2026-03-09 22:29:52,766 - INFO - [Process 594054] 开始评估方法: alpha_sort, 种子数: 80
2026-03-09 22:29:52,826 - INFO - [Process 594055] 开始评估方法: ris_optimized, 种子数: 80
2026-03-09 22:29:52,885 - INFO - [Process 594056] 开始评估方法: 1hop_sort, 种子数: 80
2026-03-09 22:29:53,239 - INFO - [degreeTopM - 种子:80] 拉新:24.3人 | 总销量:24.6单 | 品牌曝光:117.8次 | 🌟综合得分:36.2
2026-03-09 22:29:53,339 - INFO - [pageRank - 种子:80] 拉新:24.2人 | 总销量:24.4单 | 品牌曝光:119.9次 | 🌟综合得分:36.3
2026-03-09 22:29:53,401 - INFO - [alpha_sort - 种子:80] 拉新:52.5人 | 总销量:52.7单 | 品牌曝光:120.0次 | 🌟综合得分:64.6
2026-03-09 22:29:53,545 - INFO - [1hop_sort - 种子:80] 拉新:51.7人 | 总销量:53.8单 | 品牌曝光:124.2次 | 🌟综合得分:65.1
2026-03-09 22:29:53,613 - INFO - [random - 种子:80] 拉新:38.5人 | 总销量:38.7单 | 品牌曝光:140.5次 | 🌟综合得分:52.6
2026-03-09 22:29:53,622 - INFO - [ris_optimized - 种子:80] 拉新:50.9人 | 总销量:51.0单 | 品牌曝光:134.4次 | 🌟综合得分:64.4
2026-03-09 22:29:53,643 - INFO - 所有进程执行完毕，开始写入数据...
2026-03-09 22:29:53,651 - INFO - 成功写入 6 条记录至 /home/wen/work/coup_spread/gzc-impl/results/network.netYeast/2026-3-21/log_continuous_SSRNum-50000-_seedNum-80_simuTimes-500.csv
2026-03-09 22:29:53,652 - INFO - 保存评估文件至: /home/wen/work/coup_spread/gzc-impl/results/network.netYeast/2026-3-21/log_continuous_SSRNum-50000-_seedNum-80_simuTimes-500.csv
2026-03-09 22:29:53,654 - INFO - 加载数据集: network.netYeast
2026-03-09 22:29:53,655 - INFO - --- 矩阵分析 ---
2026-03-09 22:29:53,655 - INFO - 节点数 (N): 1458
2026-03-09 22:29:53,656 - INFO - 边数 (E): 3896
2026-03-09 22:29:53,656 - INFO - 密度 (Density): 0.00183275 (越小越稀疏)
2026-03-09 22:29:53,656 - INFO - 稀疏度 (Sparsity): 0.99816725 (越接近1越稀疏)
2026-03-09 22:29:53,656 - INFO - 平均度数 (Avg Degree): 2.67
2026-03-09 22:29:53,657 - INFO - 首次生成度相关概率分布 分布类型: 'log_continuous'.
2026-03-09 22:29:53,657 - INFO - ===> Generating 'Log-Continuous' distributions for Real Graph...
2026-03-09 22:29:53,677 - INFO - 保存概率分布 文件位置: /home/wen/work/coup_spread/network.netYeast/2026-3-21/distribution-in-network.netYeast/distribution-log_continuous_seedNum-90.pkl
2026-03-09 22:29:53,689 - INFO - 首次生成种子集 random
2026-03-09 22:29:53,689 - INFO - 执行当前算法开始: random
2026-03-09 22:29:53,689 - INFO - 数据集节点总数:  n = 1458, m = 90
2026-03-09 22:29:53,689 - INFO - 选择 90  [520, 1325, 433, 1122, 332, 853, 479, 949, 716, 1087, 505, 191, 1380, 650, 435, 206, 442, 325, 235, 409, 16, 197, 873, 531, 1456, 609, 399, 1003, 73, 1247, 183, 588, 872, 1033, 1106, 1203, 423, 62, 5, 322, 813, 530, 833, 99, 657, 575, 993, 576, 1373, 613, 791, 738, 1212, 186, 633, 482, 707, 579, 1248, 316, 295, 414, 43, 369, 929, 464, 678, 466, 1178, 1394, 1390, 967, 1368, 454, 1387, 372, 266, 920, 1421, 243, 152, 1134, 1431, 1399, 527, 985, 1452, 255, 1162, 1340]

2026-03-09 22:29:53,690 - INFO - 当前用时 0.00 秒
2026-03-09 22:29:53,690 - INFO - 将种子集 写入位置: /home/wen/work/coup_spread/network.netYeast/2026-3-21/seeds-with-network.netYeast/log_continuous_random_seedNum-90_SSRNum-50000.txt
2026-03-09 22:29:53,690 - INFO - 首次生成种子集 degreeTopM
2026-03-09 22:29:53,690 - INFO - 执行当前算法开始: degreeTopM
2026-03-09 22:29:53,690 - INFO - 依据: 选择连接数（度数）最多的节点。
2026-03-09 22:29:53,690 - INFO - 选择的 Top M 节点及其度数:
2026-03-09 22:29:53,690 - INFO - 
2026-03-09 22:29:53,690 - INFO - 当前用时 0.00 秒
2026-03-09 22:29:53,690 - INFO - 将种子集 写入位置: /home/wen/work/coup_spread/network.netYeast/2026-3-21/seeds-with-network.netYeast/log_continuous_degreeTopM_seedNum-90_SSRNum-50000.txt
2026-03-09 22:29:53,691 - INFO - 首次生成种子集 pageRank
2026-03-09 22:29:53,691 - INFO - 执行当前算法开始: pageRank
2026-03-09 22:29:53,691 - INFO - --- Running: PageRank (on tranProMatrix) Top M ---
2026-03-09 22:29:53,725 - INFO - Selected PageRank seeds: [157, 25, 57, 55, 15, 68, 315, 105, 238, 1041, 224, 2, 69, 1285, 34, 18, 464, 66, 546, 371, 56, 277, 143, 1149, 461, 383, 186, 393, 35, 204, 227, 251, 155, 635, 544, 287, 423, 214, 364, 599, 343, 606, 44, 43, 289, 551, 406, 62, 462, 416, 33, 284, 845, 975, 72, 1318, 473, 70, 346, 99, 982, 29, 932, 367, 79, 693, 288, 837, 621, 738, 16, 603, 677, 800, 247, 876, 812, 558, 121, 668, 470, 644, 714, 339, 276, 637, 760, 172, 680, 321]
2026-03-09 22:29:53,725 - INFO - 当前用时 0.03 秒
2026-03-09 22:29:53,725 - INFO - 将种子集 写入位置: /home/wen/work/coup_spread/network.netYeast/2026-3-21/seeds-with-network.netYeast/log_continuous_pageRank_seedNum-90_SSRNum-50000.txt
2026-03-09 22:29:53,725 - INFO - 首次生成种子集 alpha_sort
2026-03-09 22:29:53,725 - INFO - 执行当前算法开始: alpha_sort
2026-03-09 22:29:53,726 - INFO - 1458 个节点的alpha值降序排序 done
2026-03-09 22:29:53,726 - INFO - ==============>> [(77, np.float64(0.6646969634899762)), (1289, np.float64(0.6501625377386357)), (612, np.float64(0.6445245823681457)), (768, np.float64(0.631211699297585)), (987, np.float64(0.6149109995622865)), (446, np.float64(0.6101858611278297)), (205, np.float64(0.6057796372117534)), (1440, np.float64(0.6048209200034509)), (1276, np.float64(0.5940095699871742)), (1152, np.float64(0.5777981584018603))]
2026-03-09 22:29:53,726 - INFO - 
选择的种子集 (按alpha排序): [77, 1289, 612, 768, 987, 446, 205, 1440, 1276, 1152, 825, 1386, 1305, 1433, 734, 1248, 552, 921, 501, 894, 1169, 1195, 1215, 995, 588, 1447, 1421, 529, 1304, 1395, 1098, 1269, 809, 1176, 1156, 814, 1108, 497, 331, 1328, 744, 939, 158, 824, 881, 520, 639, 496, 1097, 1381, 949, 1050, 896, 13, 891, 626, 1009, 1052, 80, 22, 380, 1124, 1107, 926, 1069, 1011, 829, 398, 676, 550, 377, 1448, 479, 565, 806, 1162, 964, 1183, 898, 1023, 932, 929, 495, 1002, 937, 221, 1360, 257, 1106, 844]

2026-03-09 22:29:53,726 - INFO - 当前用时 0.00 秒
2026-03-09 22:29:53,726 - INFO - 将种子集 写入位置: /home/wen/work/coup_spread/network.netYeast/2026-3-21/seeds-with-network.netYeast/log_continuous_alpha_sort_seedNum-90_SSRNum-50000.txt
2026-03-09 22:29:53,726 - INFO - 首次生成种子集 ris_optimized
2026-03-09 22:29:53,726 - INFO - 执行当前算法开始: ris_optimized
2026-03-09 22:29:53,751 - INFO - 图初始化完成，节点数: 1458，当前模式: 优化采样
2026-03-09 22:29:53,752 - INFO - 开始生成 50000 组多重RR-Set...
2026-03-09 22:30:01,207 - INFO - 生成完毕。耗时: 7.46 秒。
2026-03-09 22:30:01,211 - INFO - 开始基于多重RR集贪心选择最优种子...
2026-03-09 22:30:02,977 - INFO - 选种完毕。耗时: 1.77 秒。估算范围: 86.46
2026-03-09 22:30:03,306 - INFO - 当前用时 9.58 秒
2026-03-09 22:30:03,307 - INFO - 将种子集 写入位置: /home/wen/work/coup_spread/network.netYeast/2026-3-21/seeds-with-network.netYeast/log_continuous_ris_optimized_seedNum-90_SSRNum-50000.txt
2026-03-09 22:30:03,307 - INFO - 首次生成种子集 1hop_sort
2026-03-09 22:30:03,307 - INFO - 执行当前算法开始: 1hop_sort
2026-03-09 22:30:03,307 - INFO - --- Running: Teacher's 1-Hop Expected Spread Sort ---
2026-03-09 22:30:03,310 - INFO - 选出的前 5 个种子得分展示: [1.04885413 1.00752624 1.00289718 0.99669675 0.98383629]
2026-03-09 22:30:03,310 - INFO - 当前用时 0.00 秒
2026-03-09 22:30:03,310 - INFO - 将种子集 写入位置: /home/wen/work/coup_spread/network.netYeast/2026-3-21/seeds-with-network.netYeast/log_continuous_1hop_sort_seedNum-90_SSRNum-50000.txt
2026-03-09 22:30:03,311 - INFO - 评估种子集: None
2026-03-09 22:30:03,311 - INFO - 多进程评估开始，共有 6 个方法待评估...
2026-03-09 22:30:03,311 - INFO - 启动进程池，Worker数量: 6
2026-03-09 22:30:03,535 - INFO - [Process 594245] 开始评估方法: random, 种子数: 90
2026-03-09 22:30:03,593 - INFO - [Process 594246] 开始评估方法: degreeTopM, 种子数: 90
2026-03-09 22:30:03,647 - INFO - [Process 594247] 开始评估方法: pageRank, 种子数: 90
2026-03-09 22:30:03,704 - INFO - [Process 594248] 开始评估方法: alpha_sort, 种子数: 90
2026-03-09 22:30:03,760 - INFO - [Process 594249] 开始评估方法: ris_optimized, 种子数: 90
2026-03-09 22:30:03,813 - INFO - [Process 594250] 开始评估方法: 1hop_sort, 种子数: 90
2026-03-09 22:30:04,261 - INFO - [degreeTopM - 种子:90] 拉新:27.2人 | 总销量:27.6单 | 品牌曝光:133.2次 | 🌟综合得分:40.7
2026-03-09 22:30:04,328 - INFO - [pageRank - 种子:90] 拉新:28.5人 | 总销量:28.8单 | 品牌曝光:134.8次 | 🌟综合得分:42.2
2026-03-09 22:30:04,362 - INFO - [alpha_sort - 种子:90] 拉新:57.9人 | 总销量:58.3单 | 品牌曝光:133.5次 | 🌟综合得分:71.5
2026-03-09 22:30:04,499 - INFO - [random - 种子:90] 拉新:41.5人 | 总销量:41.8单 | 品牌曝光:153.5次 | 🌟综合得分:57.0
2026-03-09 22:30:04,569 - INFO - [1hop_sort - 种子:90] 拉新:56.3人 | 总销量:60.6单 | 品牌曝光:141.8次 | 🌟综合得分:72.6
2026-03-09 22:30:04,684 - INFO - [ris_optimized - 种子:90] 拉新:56.9人 | 总销量:57.3单 | 品牌曝光:150.0次 | 🌟综合得分:72.1
2026-03-09 22:30:04,710 - INFO - 所有进程执行完毕，开始写入数据...
2026-03-09 22:30:04,719 - INFO - 成功写入 6 条记录至 /home/wen/work/coup_spread/gzc-impl/results/network.netYeast/2026-3-21/log_continuous_SSRNum-50000-_seedNum-90_simuTimes-500.csv
2026-03-09 22:30:04,719 - INFO - 保存评估文件至: /home/wen/work/coup_spread/gzc-impl/results/network.netYeast/2026-3-21/log_continuous_SSRNum-50000-_seedNum-90_simuTimes-500.csv
2026-03-09 22:30:04,723 - INFO - 加载数据集: network.netYeast
2026-03-09 22:30:04,724 - INFO - --- 矩阵分析 ---
2026-03-09 22:30:04,724 - INFO - 节点数 (N): 1458
2026-03-09 22:30:04,724 - INFO - 边数 (E): 3896
2026-03-09 22:30:04,724 - INFO - 密度 (Density): 0.00183275 (越小越稀疏)
2026-03-09 22:30:04,724 - INFO - 稀疏度 (Sparsity): 0.99816725 (越接近1越稀疏)
2026-03-09 22:30:04,724 - INFO - 平均度数 (Avg Degree): 2.67
2026-03-09 22:30:04,725 - INFO - 首次生成度相关概率分布 分布类型: 'log_continuous'.
2026-03-09 22:30:04,726 - INFO - ===> Generating 'Log-Continuous' distributions for Real Graph...
2026-03-09 22:30:04,745 - INFO - 保存概率分布 文件位置: /home/wen/work/coup_spread/network.netYeast/2026-3-21/distribution-in-network.netYeast/distribution-log_continuous_seedNum-100.pkl
2026-03-09 22:30:04,757 - INFO - 首次生成种子集 random
2026-03-09 22:30:04,757 - INFO - 执行当前算法开始: random
2026-03-09 22:30:04,757 - INFO - 数据集节点总数:  n = 1458, m = 100
2026-03-09 22:30:04,758 - INFO - 选择 100  [1098, 1108, 1354, 816, 775, 1010, 305, 1451, 1404, 21, 349, 1213, 439, 1028, 919, 183, 1220, 867, 416, 1197, 903, 574, 1240, 907, 873, 1331, 1383, 348, 756, 1125, 1266, 1216, 542, 1304, 1008, 407, 43, 841, 1420, 855, 871, 911, 398, 575, 1300, 1283, 972, 805, 1363, 1014, 134, 176, 1134, 302, 1168, 231, 1294, 773, 1079, 1000, 1247, 1123, 562, 53, 647, 996, 963, 122, 455, 355, 901, 28, 958, 184, 1245, 1052, 239, 47, 288, 1141, 33, 139, 489, 1370, 1223, 1053, 365, 482, 1029, 1144, 345, 864, 1396, 654, 555, 373, 334, 57, 615, 11]

2026-03-09 22:30:04,758 - INFO - 当前用时 0.00 秒
2026-03-09 22:30:04,758 - INFO - 将种子集 写入位置: /home/wen/work/coup_spread/network.netYeast/2026-3-21/seeds-with-network.netYeast/log_continuous_random_seedNum-100_SSRNum-50000.txt
2026-03-09 22:30:04,758 - INFO - 首次生成种子集 degreeTopM
2026-03-09 22:30:04,758 - INFO - 执行当前算法开始: degreeTopM
2026-03-09 22:30:04,758 - INFO - 依据: 选择连接数（度数）最多的节点。
2026-03-09 22:30:04,758 - INFO - 选择的 Top M 节点及其度数:
2026-03-09 22:30:04,758 - INFO - 
2026-03-09 22:30:04,758 - INFO - 当前用时 0.00 秒
2026-03-09 22:30:04,758 - INFO - 将种子集 写入位置: /home/wen/work/coup_spread/network.netYeast/2026-3-21/seeds-with-network.netYeast/log_continuous_degreeTopM_seedNum-100_SSRNum-50000.txt
2026-03-09 22:30:04,759 - INFO - 首次生成种子集 pageRank
2026-03-09 22:30:04,759 - INFO - 执行当前算法开始: pageRank
2026-03-09 22:30:04,759 - INFO - --- Running: PageRank (on tranProMatrix) Top M ---
2026-03-09 22:30:04,793 - INFO - Selected PageRank seeds: [157, 25, 57, 55, 15, 68, 315, 105, 238, 1041, 224, 2, 69, 1285, 34, 18, 464, 66, 546, 371, 56, 277, 143, 1149, 461, 383, 186, 393, 35, 204, 227, 251, 155, 635, 544, 287, 423, 214, 364, 599, 343, 606, 44, 43, 289, 551, 406, 62, 462, 416, 33, 284, 845, 975, 72, 1318, 473, 70, 346, 99, 982, 29, 932, 367, 79, 693, 288, 837, 621, 738, 16, 603, 677, 800, 247, 876, 812, 558, 121, 668, 470, 644, 714, 339, 276, 637, 760, 172, 680, 321, 489, 790, 916, 320, 709, 1163, 187, 570, 1157, 708]
2026-03-09 22:30:04,793 - INFO - 当前用时 0.03 秒
2026-03-09 22:30:04,794 - INFO - 将种子集 写入位置: /home/wen/work/coup_spread/network.netYeast/2026-3-21/seeds-with-network.netYeast/log_continuous_pageRank_seedNum-100_SSRNum-50000.txt
2026-03-09 22:30:04,794 - INFO - 首次生成种子集 alpha_sort
2026-03-09 22:30:04,794 - INFO - 执行当前算法开始: alpha_sort
2026-03-09 22:30:04,794 - INFO - 1458 个节点的alpha值降序排序 done
2026-03-09 22:30:04,795 - INFO - ==============>> [(648, np.float64(0.7271944828252559)), (726, np.float64(0.6505655506285775)), (476, np.float64(0.6356194055315688)), (1067, np.float64(0.6213490275360037)), (156, np.float64(0.6161173920188268)), (508, np.float64(0.61525270864883)), (1359, np.float64(0.6089860231896606)), (884, np.float64(0.6006955473228683)), (139, np.float64(0.5990815404064022)), (1334, np.float64(0.5961149426769374))]
2026-03-09 22:30:04,795 - INFO - 
选择的种子集 (按alpha排序): [648, 726, 476, 1067, 156, 508, 1359, 884, 139, 1334, 1457, 983, 787, 904, 867, 659, 663, 1102, 1256, 650, 1300, 515, 1072, 436, 1174, 1418, 234, 379, 1290, 1203, 1330, 736, 1208, 1243, 918, 1247, 1073, 1096, 1151, 363, 730, 1023, 261, 1077, 134, 447, 969, 866, 742, 432, 8, 311, 600, 1202, 1274, 198, 1329, 475, 1387, 1325, 543, 587, 698, 559, 467, 1428, 1248, 766, 690, 852, 1282, 331, 213, 130, 567, 718, 491, 161, 52, 278, 322, 1260, 985, 1253, 200, 973, 593, 980, 446, 504, 1389, 955, 991, 1015, 1014, 263, 63, 1161, 420, 844]

2026-03-09 22:30:04,795 - INFO - 当前用时 0.00 秒
2026-03-09 22:30:04,795 - INFO - 将种子集 写入位置: /home/wen/work/coup_spread/network.netYeast/2026-3-21/seeds-with-network.netYeast/log_continuous_alpha_sort_seedNum-100_SSRNum-50000.txt
2026-03-09 22:30:04,795 - INFO - 首次生成种子集 ris_optimized
2026-03-09 22:30:04,795 - INFO - 执行当前算法开始: ris_optimized
2026-03-09 22:30:04,821 - INFO - 图初始化完成，节点数: 1458，当前模式: 优化采样
2026-03-09 22:30:04,821 - INFO - 开始生成 50000 组多重RR-Set...
2026-03-09 22:30:15,159 - INFO - 生成完毕。耗时: 10.34 秒。
2026-03-09 22:30:15,168 - INFO - 开始基于多重RR集贪心选择最优种子...
2026-03-09 22:30:17,039 - INFO - 选种完毕。耗时: 1.87 秒。估算范围: 94.39
2026-03-09 22:30:17,411 - INFO - 当前用时 12.62 秒
2026-03-09 22:30:17,411 - INFO - 将种子集 写入位置: /home/wen/work/coup_spread/network.netYeast/2026-3-21/seeds-with-network.netYeast/log_continuous_ris_optimized_seedNum-100_SSRNum-50000.txt
2026-03-09 22:30:17,411 - INFO - 首次生成种子集 1hop_sort
2026-03-09 22:30:17,412 - INFO - 执行当前算法开始: 1hop_sort
2026-03-09 22:30:17,412 - INFO - --- Running: Teacher's 1-Hop Expected Spread Sort ---
2026-03-09 22:30:17,414 - INFO - 选出的前 5 个种子得分展示: [0.98799701 0.98519805 0.97494499 0.9660372  0.94365599]
2026-03-09 22:30:17,415 - INFO - 当前用时 0.00 秒
2026-03-09 22:30:17,415 - INFO - 将种子集 写入位置: /home/wen/work/coup_spread/network.netYeast/2026-3-21/seeds-with-network.netYeast/log_continuous_1hop_sort_seedNum-100_SSRNum-50000.txt
2026-03-09 22:30:17,415 - INFO - 评估种子集: None
2026-03-09 22:30:17,415 - INFO - 多进程评估开始，共有 6 个方法待评估...
2026-03-09 22:30:17,415 - INFO - 启动进程池，Worker数量: 6
2026-03-09 22:30:17,617 - INFO - [Process 594497] 开始评估方法: random, 种子数: 100
2026-03-09 22:30:17,657 - INFO - [Process 594498] 开始评估方法: degreeTopM, 种子数: 100
2026-03-09 22:30:17,709 - INFO - [Process 594499] 开始评估方法: pageRank, 种子数: 100
2026-03-09 22:30:17,757 - INFO - [Process 594500] 开始评估方法: alpha_sort, 种子数: 100
2026-03-09 22:30:17,814 - INFO - [Process 594501] 开始评估方法: ris_optimized, 种子数: 100
2026-03-09 22:30:17,858 - INFO - [Process 594502] 开始评估方法: 1hop_sort, 种子数: 100
2026-03-09 22:30:18,404 - INFO - [degreeTopM - 种子:100] 拉新:31.2人 | 总销量:31.6单 | 品牌曝光:148.9次 | 🌟综合得分:46.3
2026-03-09 22:30:18,505 - INFO - [pageRank - 种子:100] 拉新:31.6人 | 总销量:31.9单 | 品牌曝光:153.2次 | 🌟综合得分:47.1
2026-03-09 22:30:18,571 - INFO - [alpha_sort - 种子:100] 拉新:64.4人 | 总销量:64.8单 | 品牌曝光:151.5次 | 🌟综合得分:79.7
2026-03-09 22:30:18,572 - INFO - [random - 种子:100] 拉新:45.0人 | 总销量:45.4单 | 品牌曝光:169.1次 | 🌟综合得分:62.1
2026-03-09 22:30:18,739 - INFO - [1hop_sort - 种子:100] 拉新:62.5人 | 总销量:66.3单 | 品牌曝光:159.0次 | 🌟综合得分:80.3
2026-03-09 22:30:18,810 - INFO - [ris_optimized - 种子:100] 拉新:62.6人 | 总销量:62.8单 | 品牌曝光:166.2次 | 🌟综合得分:79.4
2026-03-09 22:30:18,837 - INFO - 所有进程执行完毕，开始写入数据...
2026-03-09 22:30:18,846 - INFO - 成功写入 6 条记录至 /home/wen/work/coup_spread/gzc-impl/results/network.netYeast/2026-3-21/log_continuous_SSRNum-50000-_seedNum-100_simuTimes-500.csv
2026-03-09 22:30:18,847 - INFO - 保存评估文件至: /home/wen/work/coup_spread/gzc-impl/results/network.netYeast/2026-3-21/log_continuous_SSRNum-50000-_seedNum-100_simuTimes-500.csv
2026-03-09 22:30:18,852 - INFO - 加载数据集: network.netYeast
2026-03-09 22:30:18,853 - INFO - --- 矩阵分析 ---
2026-03-09 22:30:18,853 - INFO - 节点数 (N): 1458
2026-03-09 22:30:18,854 - INFO - 边数 (E): 3896
2026-03-09 22:30:18,854 - INFO - 密度 (Density): 0.00183275 (越小越稀疏)
2026-03-09 22:30:18,854 - INFO - 稀疏度 (Sparsity): 0.99816725 (越接近1越稀疏)
2026-03-09 22:30:18,854 - INFO - 平均度数 (Avg Degree): 2.67
2026-03-09 22:30:18,855 - INFO - 首次生成度相关概率分布 分布类型: 'log_continuous'.
2026-03-09 22:30:18,855 - INFO - ===> Generating 'Log-Continuous' distributions for Real Graph...
2026-03-09 22:30:18,872 - INFO - 保存概率分布 文件位置: /home/wen/work/coup_spread/network.netYeast/2026-3-21/distribution-in-network.netYeast/distribution-log_continuous_seedNum-110.pkl
2026-03-09 22:30:18,884 - INFO - 首次生成种子集 random
2026-03-09 22:30:18,884 - INFO - 执行当前算法开始: random
2026-03-09 22:30:18,884 - INFO - 数据集节点总数:  n = 1458, m = 110
2026-03-09 22:30:18,885 - INFO - 选择 110  [102, 962, 286, 704, 979, 867, 1110, 1049, 317, 1383, 698, 789, 1409, 1453, 776, 220, 223, 1399, 238, 843, 694, 1161, 1355, 534, 410, 1394, 1172, 305, 1303, 96, 169, 1001, 1042, 1325, 314, 1237, 262, 985, 366, 505, 1253, 319, 623, 812, 960, 1074, 344, 1339, 613, 1207, 1093, 105, 590, 340, 584, 987, 676, 541, 772, 524, 86, 189, 257, 127, 955, 740, 939, 250, 1266, 1238, 329, 1242, 468, 728, 673, 880, 604, 753, 1050, 1300, 981, 750, 1381, 375, 513, 929, 480, 893, 842, 402, 1393, 618, 768, 1326, 1448, 551, 328, 889, 12, 1313, 926, 246, 967, 1440, 1085, 1247, 693, 1115, 1408, 278]

2026-03-09 22:30:18,885 - INFO - 当前用时 0.00 秒
2026-03-09 22:30:18,885 - INFO - 将种子集 写入位置: /home/wen/work/coup_spread/network.netYeast/2026-3-21/seeds-with-network.netYeast/log_continuous_random_seedNum-110_SSRNum-50000.txt
2026-03-09 22:30:18,885 - INFO - 首次生成种子集 degreeTopM
2026-03-09 22:30:18,885 - INFO - 执行当前算法开始: degreeTopM
2026-03-09 22:30:18,885 - INFO - 依据: 选择连接数（度数）最多的节点。
2026-03-09 22:30:18,885 - INFO - 选择的 Top M 节点及其度数:
2026-03-09 22:30:18,885 - INFO - 
2026-03-09 22:30:18,885 - INFO - 当前用时 0.00 秒
2026-03-09 22:30:18,886 - INFO - 将种子集 写入位置: /home/wen/work/coup_spread/network.netYeast/2026-3-21/seeds-with-network.netYeast/log_continuous_degreeTopM_seedNum-110_SSRNum-50000.txt
2026-03-09 22:30:18,886 - INFO - 首次生成种子集 pageRank
2026-03-09 22:30:18,886 - INFO - 执行当前算法开始: pageRank
2026-03-09 22:30:18,886 - INFO - --- Running: PageRank (on tranProMatrix) Top M ---
2026-03-09 22:30:18,920 - INFO - Selected PageRank seeds: [157, 25, 57, 55, 15, 68, 315, 105, 238, 1041, 224, 2, 69, 1285, 34, 18, 464, 66, 546, 371, 56, 277, 143, 1149, 461, 383, 186, 393, 35, 204, 227, 251, 155, 635, 544, 287, 423, 214, 364, 599, 343, 606, 44, 43, 289, 551, 406, 62, 462, 416, 33, 284, 845, 975, 72, 1318, 473, 70, 346, 99, 982, 29, 932, 367, 79, 693, 288, 837, 621, 738, 16, 603, 677, 800, 247, 876, 812, 558, 121, 668, 470, 644, 714, 339, 276, 637, 760, 172, 680, 321, 489, 790, 916, 320, 709, 1163, 187, 570, 1157, 708, 145, 211, 1291, 436, 933, 1, 286, 579, 215, 823]
2026-03-09 22:30:18,920 - INFO - 当前用时 0.03 秒
2026-03-09 22:30:18,920 - INFO - 将种子集 写入位置: /home/wen/work/coup_spread/network.netYeast/2026-3-21/seeds-with-network.netYeast/log_continuous_pageRank_seedNum-110_SSRNum-50000.txt
2026-03-09 22:30:18,921 - INFO - 首次生成种子集 alpha_sort
2026-03-09 22:30:18,921 - INFO - 执行当前算法开始: alpha_sort
2026-03-09 22:30:18,921 - INFO - 1458 个节点的alpha值降序排序 done
2026-03-09 22:30:18,921 - INFO - ==============>> [(1259, np.float64(0.6304920507364336)), (593, np.float64(0.627308615679402)), (1113, np.float64(0.626678886817713)), (437, np.float64(0.6157094630356356)), (51, np.float64(0.5982630383432376)), (1283, np.float64(0.5976357661181372)), (745, np.float64(0.5861670828986846)), (165, np.float64(0.5748924954839864)), (836, np.float64(0.5736021990348239)), (1159, np.float64(0.5708467506552705))]
2026-03-09 22:30:18,921 - INFO - 
选择的种子集 (按alpha排序): [1259, 593, 1113, 437, 51, 1283, 745, 165, 836, 1159, 908, 412, 212, 1002, 335, 787, 1168, 1036, 1209, 1284, 761, 890, 378, 1294, 488, 1328, 490, 1399, 1386, 1031, 366, 44, 1179, 629, 338, 156, 126, 1429, 603, 785, 475, 293, 106, 221, 746, 443, 174, 507, 1356, 127, 887, 40, 726, 676, 990, 365, 1241, 1277, 701, 295, 1355, 1059, 528, 991, 994, 1292, 1353, 1245, 410, 137, 1267, 386, 409, 170, 717, 1128, 97, 1047, 815, 552, 722, 74, 1411, 719, 1201, 989, 821, 657, 525, 1194, 1216, 1385, 485, 1414, 805, 1447, 339, 1368, 1178, 1217, 954, 1450, 893, 1096, 504, 1314, 431, 450, 1346, 380]

2026-03-09 22:30:18,922 - INFO - 当前用时 0.00 秒
2026-03-09 22:30:18,922 - INFO - 将种子集 写入位置: /home/wen/work/coup_spread/network.netYeast/2026-3-21/seeds-with-network.netYeast/log_continuous_alpha_sort_seedNum-110_SSRNum-50000.txt
2026-03-09 22:30:18,922 - INFO - 首次生成种子集 ris_optimized
2026-03-09 22:30:18,922 - INFO - 执行当前算法开始: ris_optimized
2026-03-09 22:30:18,946 - INFO - 图初始化完成，节点数: 1458，当前模式: 优化采样
2026-03-09 22:30:18,946 - INFO - 开始生成 50000 组多重RR-Set...
2026-03-09 22:30:27,156 - INFO - 生成完毕。耗时: 8.21 秒。
2026-03-09 22:30:27,165 - INFO - 开始基于多重RR集贪心选择最优种子...
2026-03-09 22:30:29,240 - INFO - 选种完毕。耗时: 2.08 秒。估算范围: 103.77
2026-03-09 22:30:29,652 - INFO - 当前用时 10.73 秒
2026-03-09 22:30:29,653 - INFO - 将种子集 写入位置: /home/wen/work/coup_spread/network.netYeast/2026-3-21/seeds-with-network.netYeast/log_continuous_ris_optimized_seedNum-110_SSRNum-50000.txt
2026-03-09 22:30:29,653 - INFO - 首次生成种子集 1hop_sort
2026-03-09 22:30:29,653 - INFO - 执行当前算法开始: 1hop_sort
2026-03-09 22:30:29,653 - INFO - --- Running: Teacher's 1-Hop Expected Spread Sort ---
2026-03-09 22:30:29,656 - INFO - 选出的前 5 个种子得分展示: [1.05200217 1.03289679 1.01346452 1.00998645 1.00896125]
2026-03-09 22:30:29,656 - INFO - 当前用时 0.00 秒
2026-03-09 22:30:29,656 - INFO - 将种子集 写入位置: /home/wen/work/coup_spread/network.netYeast/2026-3-21/seeds-with-network.netYeast/log_continuous_1hop_sort_seedNum-110_SSRNum-50000.txt
2026-03-09 22:30:29,657 - INFO - 评估种子集: None
2026-03-09 22:30:29,657 - INFO - 多进程评估开始，共有 6 个方法待评估...
2026-03-09 22:30:29,657 - INFO - 启动进程池，Worker数量: 6
2026-03-09 22:30:29,851 - INFO - [Process 594696] 开始评估方法: random, 种子数: 110
2026-03-09 22:30:29,909 - INFO - [Process 594697] 开始评估方法: degreeTopM, 种子数: 110
2026-03-09 22:30:29,973 - INFO - [Process 594698] 开始评估方法: pageRank, 种子数: 110
2026-03-09 22:30:30,037 - INFO - [Process 594699] 开始评估方法: alpha_sort, 种子数: 110
2026-03-09 22:30:30,111 - INFO - [Process 594700] 开始评估方法: ris_optimized, 种子数: 110
2026-03-09 22:30:30,173 - INFO - [Process 594701] 开始评估方法: 1hop_sort, 种子数: 110
2026-03-09 22:30:30,771 - INFO - [degreeTopM - 种子:110] 拉新:35.4人 | 总销量:36.0单 | 品牌曝光:166.1次 | 🌟综合得分:52.3
2026-03-09 22:30:30,826 - INFO - [pageRank - 种子:110] 拉新:36.8人 | 总销量:37.2单 | 品牌曝光:167.5次 | 🌟综合得分:53.7
2026-03-09 22:30:30,874 - INFO - [alpha_sort - 种子:110] 拉新:70.2人 | 总销量:71.2单 | 品牌曝光:166.3次 | 🌟综合得分:87.3
2026-03-09 22:30:31,068 - INFO - [1hop_sort - 种子:110] 拉新:68.0人 | 总销量:72.0单 | 品牌曝光:171.8次 | 🌟综合得分:87.2
2026-03-09 22:30:31,148 - INFO - [random - 种子:110] 拉新:50.3人 | 总销量:50.8单 | 品牌曝光:185.2次 | 🌟综合得分:69.1
2026-03-09 22:30:31,153 - INFO - [ris_optimized - 种子:110] 拉新:68.3人 | 总销量:68.8单 | 品牌曝光:181.7次 | 🌟综合得分:86.7
2026-03-09 22:30:31,182 - INFO - 所有进程执行完毕，开始写入数据...
2026-03-09 22:30:31,190 - INFO - 成功写入 6 条记录至 /home/wen/work/coup_spread/gzc-impl/results/network.netYeast/2026-3-21/log_continuous_SSRNum-50000-_seedNum-110_simuTimes-500.csv
2026-03-09 22:30:31,191 - INFO - 保存评估文件至: /home/wen/work/coup_spread/gzc-impl/results/network.netYeast/2026-3-21/log_continuous_SSRNum-50000-_seedNum-110_simuTimes-500.csv
2026-03-09 22:30:31,196 - INFO - 加载数据集: network.netYeast
2026-03-09 22:30:31,196 - INFO - --- 矩阵分析 ---
2026-03-09 22:30:31,196 - INFO - 节点数 (N): 1458
2026-03-09 22:30:31,196 - INFO - 边数 (E): 3896
2026-03-09 22:30:31,197 - INFO - 密度 (Density): 0.00183275 (越小越稀疏)
2026-03-09 22:30:31,197 - INFO - 稀疏度 (Sparsity): 0.99816725 (越接近1越稀疏)
2026-03-09 22:30:31,197 - INFO - 平均度数 (Avg Degree): 2.67
2026-03-09 22:30:31,197 - INFO - 首次生成度相关概率分布 分布类型: 'log_continuous'.
2026-03-09 22:30:31,197 - INFO - ===> Generating 'Log-Continuous' distributions for Real Graph...
2026-03-09 22:30:31,219 - INFO - 保存概率分布 文件位置: /home/wen/work/coup_spread/network.netYeast/2026-3-21/distribution-in-network.netYeast/distribution-log_continuous_seedNum-120.pkl
2026-03-09 22:30:31,231 - INFO - 首次生成种子集 random
2026-03-09 22:30:31,231 - INFO - 执行当前算法开始: random
2026-03-09 22:30:31,231 - INFO - 数据集节点总数:  n = 1458, m = 120
2026-03-09 22:30:31,231 - INFO - 选择 120  [1385, 1262, 896, 761, 575, 726, 185, 77, 1102, 188, 913, 146, 1203, 1358, 219, 277, 783, 664, 623, 815, 789, 52, 318, 112, 676, 698, 1001, 558, 668, 1111, 1394, 720, 113, 655, 663, 229, 998, 1026, 983, 1082, 537, 767, 605, 490, 1075, 959, 590, 88, 749, 769, 480, 770, 1084, 697, 876, 837, 1322, 541, 295, 346, 19, 371, 1134, 460, 1184, 949, 174, 1107, 285, 153, 1408, 1300, 345, 355, 482, 565, 163, 927, 487, 4, 768, 987, 625, 1331, 253, 262, 526, 289, 422, 476, 507, 501, 427, 784, 1376, 406, 695, 338, 328, 711, 343, 243, 1174, 764, 657, 368, 560, 1037, 1449, 1332, 1328, 1257, 1214, 1317, 1170, 1354, 1109, 773, 1283, 209]

2026-03-09 22:30:31,231 - INFO - 当前用时 0.00 秒
2026-03-09 22:30:31,231 - INFO - 将种子集 写入位置: /home/wen/work/coup_spread/network.netYeast/2026-3-21/seeds-with-network.netYeast/log_continuous_random_seedNum-120_SSRNum-50000.txt
2026-03-09 22:30:31,231 - INFO - 首次生成种子集 degreeTopM
2026-03-09 22:30:31,231 - INFO - 执行当前算法开始: degreeTopM
2026-03-09 22:30:31,231 - INFO - 依据: 选择连接数（度数）最多的节点。
2026-03-09 22:30:31,232 - INFO - 选择的 Top M 节点及其度数:
2026-03-09 22:30:31,232 - INFO - 
2026-03-09 22:30:31,232 - INFO - 当前用时 0.00 秒
2026-03-09 22:30:31,232 - INFO - 将种子集 写入位置: /home/wen/work/coup_spread/network.netYeast/2026-3-21/seeds-with-network.netYeast/log_continuous_degreeTopM_seedNum-120_SSRNum-50000.txt
2026-03-09 22:30:31,232 - INFO - 首次生成种子集 pageRank
2026-03-09 22:30:31,232 - INFO - 执行当前算法开始: pageRank
2026-03-09 22:30:31,232 - INFO - --- Running: PageRank (on tranProMatrix) Top M ---
2026-03-09 22:30:31,286 - INFO - Selected PageRank seeds: [157, 25, 57, 55, 15, 68, 315, 105, 238, 1041, 224, 2, 69, 1285, 34, 18, 464, 66, 546, 371, 56, 277, 143, 1149, 461, 383, 186, 393, 35, 204, 227, 251, 155, 635, 544, 287, 423, 214, 364, 599, 343, 606, 44, 43, 289, 551, 406, 62, 462, 416, 33, 284, 845, 975, 72, 1318, 473, 70, 346, 99, 982, 29, 932, 367, 79, 693, 288, 837, 621, 738, 16, 603, 677, 800, 247, 876, 812, 558, 121, 668, 470, 644, 714, 339, 276, 637, 760, 172, 680, 321, 489, 790, 916, 320, 709, 1163, 187, 570, 1157, 708, 145, 211, 1291, 436, 933, 1, 286, 579, 215, 823, 76, 434, 59, 573, 333, 1155, 243, 322, 646, 920]
2026-03-09 22:30:31,286 - INFO - 当前用时 0.05 秒
2026-03-09 22:30:31,287 - INFO - 将种子集 写入位置: /home/wen/work/coup_spread/network.netYeast/2026-3-21/seeds-with-network.netYeast/log_continuous_pageRank_seedNum-120_SSRNum-50000.txt
2026-03-09 22:30:31,287 - INFO - 首次生成种子集 alpha_sort
2026-03-09 22:30:31,287 - INFO - 执行当前算法开始: alpha_sort
2026-03-09 22:30:31,287 - INFO - 1458 个节点的alpha值降序排序 done
2026-03-09 22:30:31,287 - INFO - ==============>> [(552, np.float64(0.6478799509971316)), (1118, np.float64(0.6462241069997179)), (355, np.float64(0.6281530377421379)), (907, np.float64(0.6264449067923165)), (1299, np.float64(0.6150853688626193)), (1121, np.float64(0.6083750820581183)), (446, np.float64(0.6052838013881746)), (1414, np.float64(0.5894864578417429)), (925, np.float64(0.5769882272062735)), (514, np.float64(0.5696891900901292))]
2026-03-09 22:30:31,288 - INFO - 
选择的种子集 (按alpha排序): [552, 1118, 355, 907, 1299, 1121, 446, 1414, 925, 514, 1293, 994, 397, 1097, 1215, 809, 217, 1108, 998, 1436, 19, 560, 803, 469, 817, 897, 1400, 1306, 1408, 1283, 233, 777, 910, 713, 1156, 53, 960, 1297, 429, 611, 1193, 1212, 1280, 941, 717, 487, 153, 1033, 724, 45, 1056, 463, 457, 335, 1373, 1336, 1024, 816, 101, 581, 27, 937, 1339, 939, 414, 1250, 1088, 303, 833, 727, 1295, 1085, 1421, 696, 1314, 733, 257, 681, 1144, 503, 664, 454, 1232, 134, 947, 1290, 295, 1239, 1098, 1428, 508, 1006, 36, 178, 1454, 1048, 1259, 1362, 1438, 995, 1080, 1382, 906, 781, 1028, 211, 1315, 198, 1407, 587, 1095, 328, 136, 216, 1204, 278, 1354, 1029, 742, 1316]

2026-03-09 22:30:31,288 - INFO - 当前用时 0.00 秒
2026-03-09 22:30:31,288 - INFO - 将种子集 写入位置: /home/wen/work/coup_spread/network.netYeast/2026-3-21/seeds-with-network.netYeast/log_continuous_alpha_sort_seedNum-120_SSRNum-50000.txt
2026-03-09 22:30:31,288 - INFO - 首次生成种子集 ris_optimized
2026-03-09 22:30:31,288 - INFO - 执行当前算法开始: ris_optimized
2026-03-09 22:30:31,319 - INFO - 图初始化完成，节点数: 1458，当前模式: 优化采样
2026-03-09 22:30:31,319 - INFO - 开始生成 50000 组多重RR-Set...
2026-03-09 22:30:43,259 - INFO - 生成完毕。耗时: 11.94 秒。
2026-03-09 22:30:43,268 - INFO - 开始基于多重RR集贪心选择最优种子...
2026-03-09 22:30:45,600 - INFO - 选种完毕。耗时: 2.33 秒。估算范围: 110.72
2026-03-09 22:30:46,044 - INFO - 当前用时 14.76 秒
2026-03-09 22:30:46,045 - INFO - 将种子集 写入位置: /home/wen/work/coup_spread/network.netYeast/2026-3-21/seeds-with-network.netYeast/log_continuous_ris_optimized_seedNum-120_SSRNum-50000.txt
2026-03-09 22:30:46,045 - INFO - 首次生成种子集 1hop_sort
2026-03-09 22:30:46,045 - INFO - 执行当前算法开始: 1hop_sort
2026-03-09 22:30:46,045 - INFO - --- Running: Teacher's 1-Hop Expected Spread Sort ---
2026-03-09 22:30:46,048 - INFO - 选出的前 5 个种子得分展示: [1.04379848 1.02640701 0.9700619  0.95964087 0.95652586]
2026-03-09 22:30:46,048 - INFO - 当前用时 0.00 秒
2026-03-09 22:30:46,048 - INFO - 将种子集 写入位置: /home/wen/work/coup_spread/network.netYeast/2026-3-21/seeds-with-network.netYeast/log_continuous_1hop_sort_seedNum-120_SSRNum-50000.txt
2026-03-09 22:30:46,049 - INFO - 评估种子集: None
2026-03-09 22:30:46,049 - INFO - 多进程评估开始，共有 6 个方法待评估...
2026-03-09 22:30:46,049 - INFO - 启动进程池，Worker数量: 6
2026-03-09 22:30:46,248 - INFO - [Process 594937] 开始评估方法: random, 种子数: 120
2026-03-09 22:30:46,301 - INFO - [Process 594938] 开始评估方法: degreeTopM, 种子数: 120
2026-03-09 22:30:46,347 - INFO - [Process 594939] 开始评估方法: pageRank, 种子数: 120
2026-03-09 22:30:46,403 - INFO - [Process 594940] 开始评估方法: alpha_sort, 种子数: 120
2026-03-09 22:30:46,461 - INFO - [Process 594941] 开始评估方法: ris_optimized, 种子数: 120
2026-03-09 22:30:46,516 - INFO - [Process 594942] 开始评估方法: 1hop_sort, 种子数: 120
2026-03-09 22:30:47,264 - INFO - [degreeTopM - 种子:120] 拉新:38.3人 | 总销量:39.1单 | 品牌曝光:183.6次 | 🌟综合得分:57.1
2026-03-09 22:30:47,308 - INFO - [pageRank - 种子:120] 拉新:38.7人 | 总销量:39.3单 | 品牌曝光:183.8次 | 🌟综合得分:57.4
2026-03-09 22:30:47,337 - INFO - [alpha_sort - 种子:120] 拉新:75.6人 | 总销量:76.3单 | 品牌曝光:182.4次 | 🌟综合得分:94.2
2026-03-09 22:30:47,467 - INFO - [random - 种子:120] 拉新:55.6人 | 总销量:56.2单 | 品牌曝光:202.4次 | 🌟综合得分:76.1
2026-03-09 22:30:47,522 - INFO - [1hop_sort - 种子:120] 拉新:73.5人 | 总销量:77.7单 | 品牌曝光:188.3次 | 🌟综合得分:94.4
2026-03-09 22:30:47,618 - INFO - [ris_optimized - 种子:120] 拉新:73.7人 | 总销量:74.1单 | 品牌曝光:199.4次 | 🌟综合得分:93.9
2026-03-09 22:30:47,648 - INFO - 所有进程执行完毕，开始写入数据...
2026-03-09 22:30:47,658 - INFO - 成功写入 6 条记录至 /home/wen/work/coup_spread/gzc-impl/results/network.netYeast/2026-3-21/log_continuous_SSRNum-50000-_seedNum-120_simuTimes-500.csv
2026-03-09 22:30:47,659 - INFO - 保存评估文件至: /home/wen/work/coup_spread/gzc-impl/results/network.netYeast/2026-3-21/log_continuous_SSRNum-50000-_seedNum-120_simuTimes-500.csv
2026-03-09 22:30:47,666 - INFO - 加载数据集: network.netYeast
2026-03-09 22:30:47,666 - INFO - --- 矩阵分析 ---
2026-03-09 22:30:47,666 - INFO - 节点数 (N): 1458
2026-03-09 22:30:47,666 - INFO - 边数 (E): 3896
2026-03-09 22:30:47,666 - INFO - 密度 (Density): 0.00183275 (越小越稀疏)
2026-03-09 22:30:47,667 - INFO - 稀疏度 (Sparsity): 0.99816725 (越接近1越稀疏)
2026-03-09 22:30:47,667 - INFO - 平均度数 (Avg Degree): 2.67
2026-03-09 22:30:47,667 - INFO - 首次生成度相关概率分布 分布类型: 'log_continuous'.
2026-03-09 22:30:47,667 - INFO - ===> Generating 'Log-Continuous' distributions for Real Graph...
2026-03-09 22:30:47,689 - INFO - 保存概率分布 文件位置: /home/wen/work/coup_spread/network.netYeast/2026-3-21/distribution-in-network.netYeast/distribution-log_continuous_seedNum-130.pkl
2026-03-09 22:30:47,701 - INFO - 首次生成种子集 random
2026-03-09 22:30:47,701 - INFO - 执行当前算法开始: random
2026-03-09 22:30:47,701 - INFO - 数据集节点总数:  n = 1458, m = 130
2026-03-09 22:30:47,702 - INFO - 选择 130  [864, 745, 112, 643, 925, 1257, 214, 70, 1171, 72, 18, 358, 682, 1078, 1235, 765, 1287, 919, 1205, 987, 421, 1339, 918, 1220, 509, 1143, 1333, 762, 846, 1265, 1030, 189, 118, 970, 338, 3, 381, 892, 40, 650, 164, 1224, 729, 647, 361, 235, 780, 365, 537, 17, 1245, 818, 552, 817, 51, 1356, 907, 451, 201, 737, 1228, 994, 500, 1304, 92, 967, 774, 747, 277, 1056, 801, 278, 1161, 1199, 641, 379, 1242, 1283, 213, 1129, 791, 166, 477, 814, 616, 592, 1074, 176, 324, 187, 988, 520, 468, 848, 1421, 819, 806, 893, 536, 480, 858, 173, 1442, 1222, 482, 478, 317, 1026, 793, 11, 504, 1438, 686, 1135, 1190, 1175, 427, 1191, 136, 744, 1405, 1054, 1163, 241, 1198, 748, 1160, 1328, 91, 462]

2026-03-09 22:30:47,702 - INFO - 当前用时 0.00 秒
2026-03-09 22:30:47,702 - INFO - 将种子集 写入位置: /home/wen/work/coup_spread/network.netYeast/2026-3-21/seeds-with-network.netYeast/log_continuous_random_seedNum-130_SSRNum-50000.txt
2026-03-09 22:30:47,702 - INFO - 首次生成种子集 degreeTopM
2026-03-09 22:30:47,702 - INFO - 执行当前算法开始: degreeTopM
2026-03-09 22:30:47,702 - INFO - 依据: 选择连接数（度数）最多的节点。
2026-03-09 22:30:47,702 - INFO - 选择的 Top M 节点及其度数:
2026-03-09 22:30:47,702 - INFO - 
2026-03-09 22:30:47,702 - INFO - 当前用时 0.00 秒
2026-03-09 22:30:47,703 - INFO - 将种子集 写入位置: /home/wen/work/coup_spread/network.netYeast/2026-3-21/seeds-with-network.netYeast/log_continuous_degreeTopM_seedNum-130_SSRNum-50000.txt
2026-03-09 22:30:47,703 - INFO - 首次生成种子集 pageRank
2026-03-09 22:30:47,703 - INFO - 执行当前算法开始: pageRank
2026-03-09 22:30:47,703 - INFO - --- Running: PageRank (on tranProMatrix) Top M ---
2026-03-09 22:30:47,738 - INFO - Selected PageRank seeds: [157, 25, 57, 55, 15, 68, 315, 105, 238, 1041, 224, 2, 69, 1285, 34, 18, 464, 66, 546, 371, 56, 277, 143, 1149, 461, 383, 186, 393, 35, 204, 227, 251, 155, 635, 544, 287, 423, 214, 364, 599, 343, 606, 44, 43, 289, 551, 406, 62, 462, 416, 33, 284, 845, 975, 72, 1318, 473, 70, 346, 99, 982, 29, 932, 367, 79, 693, 288, 837, 621, 738, 16, 603, 677, 800, 247, 876, 812, 558, 121, 668, 470, 644, 714, 339, 276, 637, 760, 172, 680, 321, 489, 790, 916, 320, 709, 1163, 187, 570, 1157, 708, 145, 211, 1291, 436, 933, 1, 286, 579, 215, 823, 76, 434, 59, 573, 333, 1155, 243, 322, 646, 920, 1343, 750, 175, 222, 992, 399, 100, 945, 252, 877]
2026-03-09 22:30:47,738 - INFO - 当前用时 0.04 秒
2026-03-09 22:30:47,739 - INFO - 将种子集 写入位置: /home/wen/work/coup_spread/network.netYeast/2026-3-21/seeds-with-network.netYeast/log_continuous_pageRank_seedNum-130_SSRNum-50000.txt
2026-03-09 22:30:47,739 - INFO - 首次生成种子集 alpha_sort
2026-03-09 22:30:47,739 - INFO - 执行当前算法开始: alpha_sort
2026-03-09 22:30:47,739 - INFO - 1458 个节点的alpha值降序排序 done
2026-03-09 22:30:47,740 - INFO - ==============>> [(1162, np.float64(0.6897141472120679)), (1325, np.float64(0.6736552525742526)), (1324, np.float64(0.6489793171361384)), (26, np.float64(0.6183588488811632)), (1095, np.float64(0.6104930337369122)), (1016, np.float64(0.6095092505583181)), (1193, np.float64(0.6040588880801631)), (291, np.float64(0.5922185357741055)), (394, np.float64(0.5907844068948434)), (1330, np.float64(0.5903878752209293))]
2026-03-09 22:30:47,740 - INFO - 
选择的种子集 (按alpha排序): [1162, 1325, 1324, 26, 1095, 1016, 1193, 291, 394, 1330, 937, 749, 417, 523, 968, 514, 374, 682, 1247, 1085, 1065, 1202, 1237, 995, 1093, 1353, 1435, 534, 520, 1288, 799, 664, 761, 134, 642, 1241, 511, 1451, 1424, 1025, 64, 538, 1322, 169, 1219, 353, 1203, 1450, 1201, 850, 889, 840, 689, 1227, 1251, 123, 32, 334, 762, 1355, 1004, 730, 1320, 1054, 1156, 1326, 784, 1365, 953, 906, 977, 481, 400, 208, 563, 629, 1453, 420, 258, 691, 422, 907, 748, 609, 129, 500, 1124, 1140, 909, 934, 622, 578, 1145, 1378, 1074, 413, 530, 942, 842, 983, 194, 410, 1327, 577, 1448, 110, 794, 1129, 11, 582, 1218, 173, 1109, 1350, 472, 1048, 1394, 1395, 766, 1006, 368, 612, 262, 1280, 867, 939, 959, 203, 1068, 1334]

2026-03-09 22:30:47,740 - INFO - 当前用时 0.00 秒
2026-03-09 22:30:47,740 - INFO - 将种子集 写入位置: /home/wen/work/coup_spread/network.netYeast/2026-3-21/seeds-with-network.netYeast/log_continuous_alpha_sort_seedNum-130_SSRNum-50000.txt
2026-03-09 22:30:47,740 - INFO - 首次生成种子集 ris_optimized
2026-03-09 22:30:47,740 - INFO - 执行当前算法开始: ris_optimized
2026-03-09 22:30:47,770 - INFO - 图初始化完成，节点数: 1458，当前模式: 优化采样
2026-03-09 22:30:47,771 - INFO - 开始生成 50000 组多重RR-Set...
2026-03-09 22:31:01,042 - INFO - 生成完毕。耗时: 13.27 秒。
2026-03-09 22:31:01,057 - INFO - 开始基于多重RR集贪心选择最优种子...
2026-03-09 22:31:04,180 - INFO - 选种完毕。耗时: 3.12 秒。估算范围: 120.94
2026-03-09 22:31:04,783 - INFO - 当前用时 17.04 秒
2026-03-09 22:31:04,784 - INFO - 将种子集 写入位置: /home/wen/work/coup_spread/network.netYeast/2026-3-21/seeds-with-network.netYeast/log_continuous_ris_optimized_seedNum-130_SSRNum-50000.txt
2026-03-09 22:31:04,784 - INFO - 首次生成种子集 1hop_sort
2026-03-09 22:31:04,784 - INFO - 执行当前算法开始: 1hop_sort
2026-03-09 22:31:04,784 - INFO - --- Running: Teacher's 1-Hop Expected Spread Sort ---
2026-03-09 22:31:04,787 - INFO - 选出的前 5 个种子得分展示: [1.07098013 1.0704329  1.00328021 0.97293923 0.96478595]
2026-03-09 22:31:04,787 - INFO - 当前用时 0.00 秒
2026-03-09 22:31:04,787 - INFO - 将种子集 写入位置: /home/wen/work/coup_spread/network.netYeast/2026-3-21/seeds-with-network.netYeast/log_continuous_1hop_sort_seedNum-130_SSRNum-50000.txt
2026-03-09 22:31:04,788 - INFO - 评估种子集: None
2026-03-09 22:31:04,788 - INFO - 多进程评估开始，共有 6 个方法待评估...
2026-03-09 22:31:04,788 - INFO - 启动进程池，Worker数量: 6
2026-03-09 22:31:05,003 - INFO - [Process 595222] 开始评估方法: random, 种子数: 130
2026-03-09 22:31:05,061 - INFO - [Process 595223] 开始评估方法: degreeTopM, 种子数: 130
2026-03-09 22:31:05,117 - INFO - [Process 595224] 开始评估方法: pageRank, 种子数: 130
2026-03-09 22:31:05,173 - INFO - [Process 595225] 开始评估方法: alpha_sort, 种子数: 130
2026-03-09 22:31:05,232 - INFO - [Process 595226] 开始评估方法: ris_optimized, 种子数: 130
2026-03-09 22:31:05,288 - INFO - [Process 595227] 开始评估方法: 1hop_sort, 种子数: 130
2026-03-09 22:31:06,092 - INFO - [degreeTopM - 种子:130] 拉新:40.9人 | 总销量:41.8单 | 品牌曝光:196.4次 | 🌟综合得分:61.0
2026-03-09 22:31:06,174 - INFO - [pageRank - 种子:130] 拉新:41.9人 | 总销量:42.6单 | 品牌曝光:198.5次 | 🌟综合得分:62.1
2026-03-09 22:31:06,218 - INFO - [alpha_sort - 种子:130] 拉新:82.7人 | 总销量:83.4单 | 品牌曝光:198.0次 | 🌟综合得分:102.8
2026-03-09 22:31:06,293 - INFO - [random - 种子:130] 拉新:60.7人 | 总销量:61.6单 | 品牌曝光:217.3次 | 🌟综合得分:82.9
2026-03-09 22:31:06,395 - INFO - [1hop_sort - 种子:130] 拉新:80.9人 | 总销量:86.0单 | 品牌曝光:205.1次 | 🌟综合得分:104.0
2026-03-09 22:31:06,490 - INFO - [ris_optimized - 种子:130] 拉新:80.8人 | 总销量:81.6单 | 品牌曝光:216.6次 | 🌟综合得分:102.9
2026-03-09 22:31:06,522 - INFO - 所有进程执行完毕，开始写入数据...
2026-03-09 22:31:06,531 - INFO - 成功写入 6 条记录至 /home/wen/work/coup_spread/gzc-impl/results/network.netYeast/2026-3-21/log_continuous_SSRNum-50000-_seedNum-130_simuTimes-500.csv
2026-03-09 22:31:06,532 - INFO - 保存评估文件至: /home/wen/work/coup_spread/gzc-impl/results/network.netYeast/2026-3-21/log_continuous_SSRNum-50000-_seedNum-130_simuTimes-500.csv
2026-03-09 22:31:06,538 - INFO - 加载数据集: network.netYeast
2026-03-09 22:31:06,539 - INFO - --- 矩阵分析 ---
2026-03-09 22:31:06,539 - INFO - 节点数 (N): 1458
2026-03-09 22:31:06,539 - INFO - 边数 (E): 3896
2026-03-09 22:31:06,539 - INFO - 密度 (Density): 0.00183275 (越小越稀疏)
2026-03-09 22:31:06,539 - INFO - 稀疏度 (Sparsity): 0.99816725 (越接近1越稀疏)
2026-03-09 22:31:06,539 - INFO - 平均度数 (Avg Degree): 2.67
2026-03-09 22:31:06,540 - INFO - 首次生成度相关概率分布 分布类型: 'log_continuous'.
2026-03-09 22:31:06,540 - INFO - ===> Generating 'Log-Continuous' distributions for Real Graph...
2026-03-09 22:31:06,557 - INFO - 保存概率分布 文件位置: /home/wen/work/coup_spread/network.netYeast/2026-3-21/distribution-in-network.netYeast/distribution-log_continuous_seedNum-140.pkl
2026-03-09 22:31:06,569 - INFO - 首次生成种子集 random
2026-03-09 22:31:06,569 - INFO - 执行当前算法开始: random
2026-03-09 22:31:06,569 - INFO - 数据集节点总数:  n = 1458, m = 140
2026-03-09 22:31:06,569 - INFO - 选择 140  [946, 410, 992, 691, 348, 780, 942, 283, 218, 817, 125, 72, 1405, 1260, 858, 940, 1062, 31, 753, 458, 739, 281, 382, 1070, 867, 114, 787, 136, 941, 1097, 522, 1425, 146, 571, 836, 369, 378, 1274, 887, 429, 793, 667, 664, 1330, 1063, 864, 585, 1047, 545, 892, 151, 898, 988, 565, 726, 737, 723, 784, 1299, 444, 297, 1286, 23, 337, 1417, 758, 76, 1238, 1184, 152, 259, 338, 1036, 84, 1287, 1242, 897, 604, 550, 685, 591, 554, 312, 879, 87, 849, 539, 601, 1019, 1232, 1429, 633, 1273, 1125, 396, 172, 1098, 71, 1241, 1052, 927, 928, 150, 1280, 1363, 552, 1208, 976, 8, 1227, 1035, 1146, 1167, 329, 1276, 1128, 509, 476, 913, 1455, 1350, 1055, 1153, 814, 307, 309, 629, 1403, 570, 1120, 103, 170, 637, 456, 1328, 617, 280, 1082, 911, 326]

2026-03-09 22:31:06,570 - INFO - 当前用时 0.00 秒
2026-03-09 22:31:06,570 - INFO - 将种子集 写入位置: /home/wen/work/coup_spread/network.netYeast/2026-3-21/seeds-with-network.netYeast/log_continuous_random_seedNum-140_SSRNum-50000.txt
2026-03-09 22:31:06,570 - INFO - 首次生成种子集 degreeTopM
2026-03-09 22:31:06,570 - INFO - 执行当前算法开始: degreeTopM
2026-03-09 22:31:06,570 - INFO - 依据: 选择连接数（度数）最多的节点。
2026-03-09 22:31:06,570 - INFO - 选择的 Top M 节点及其度数:
2026-03-09 22:31:06,570 - INFO - 
2026-03-09 22:31:06,570 - INFO - 当前用时 0.00 秒
2026-03-09 22:31:06,570 - INFO - 将种子集 写入位置: /home/wen/work/coup_spread/network.netYeast/2026-3-21/seeds-with-network.netYeast/log_continuous_degreeTopM_seedNum-140_SSRNum-50000.txt
2026-03-09 22:31:06,571 - INFO - 首次生成种子集 pageRank
2026-03-09 22:31:06,571 - INFO - 执行当前算法开始: pageRank
2026-03-09 22:31:06,571 - INFO - --- Running: PageRank (on tranProMatrix) Top M ---
2026-03-09 22:31:06,607 - INFO - Selected PageRank seeds: [157, 25, 57, 55, 15, 68, 315, 105, 238, 1041, 224, 2, 69, 1285, 34, 18, 464, 66, 546, 371, 56, 277, 143, 1149, 461, 383, 186, 393, 35, 204, 227, 251, 155, 635, 544, 287, 423, 214, 364, 599, 343, 606, 44, 43, 289, 551, 406, 62, 462, 416, 33, 284, 845, 975, 72, 1318, 473, 70, 346, 99, 982, 29, 932, 367, 79, 693, 288, 837, 621, 738, 16, 603, 677, 800, 247, 876, 812, 558, 121, 668, 470, 644, 714, 339, 276, 637, 760, 172, 680, 321, 489, 790, 916, 320, 709, 1163, 187, 570, 1157, 708, 145, 211, 1291, 436, 933, 1, 286, 579, 215, 823, 76, 434, 59, 573, 333, 1155, 243, 322, 646, 920, 1343, 750, 175, 222, 992, 399, 100, 945, 252, 877, 353, 561, 616, 95, 306, 634, 45, 48, 281, 853]
2026-03-09 22:31:06,607 - INFO - 当前用时 0.04 秒
2026-03-09 22:31:06,607 - INFO - 将种子集 写入位置: /home/wen/work/coup_spread/network.netYeast/2026-3-21/seeds-with-network.netYeast/log_continuous_pageRank_seedNum-140_SSRNum-50000.txt
2026-03-09 22:31:06,607 - INFO - 首次生成种子集 alpha_sort
2026-03-09 22:31:06,607 - INFO - 执行当前算法开始: alpha_sort
2026-03-09 22:31:06,608 - INFO - 1458 个节点的alpha值降序排序 done
2026-03-09 22:31:06,608 - INFO - ==============>> [(1292, np.float64(0.6798200783776706)), (729, np.float64(0.6735274386029487)), (1188, np.float64(0.6462794045722089)), (1391, np.float64(0.6447492135477249)), (1424, np.float64(0.6271310659362367)), (1331, np.float64(0.6245711155936997)), (742, np.float64(0.6221694553576324)), (1238, np.float64(0.6125589487509218)), (1434, np.float64(0.603933521824556)), (508, np.float64(0.5976656516414497))]
2026-03-09 22:31:06,608 - INFO - 
选择的种子集 (按alpha排序): [1292, 729, 1188, 1391, 1424, 1331, 742, 1238, 1434, 508, 338, 171, 733, 355, 1271, 165, 1346, 595, 437, 1097, 412, 749, 534, 542, 1224, 398, 987, 312, 433, 185, 730, 267, 38, 1205, 565, 385, 1354, 1314, 710, 9, 937, 1042, 1110, 1243, 719, 202, 228, 445, 249, 1449, 248, 307, 830, 1411, 73, 1216, 1336, 1031, 615, 1187, 983, 919, 1423, 1334, 547, 532, 30, 562, 636, 263, 512, 166, 410, 1282, 871, 675, 849, 450, 254, 918, 847, 1329, 1257, 702, 119, 1191, 927, 421, 377, 1025, 1012, 1117, 1190, 1067, 1290, 657, 129, 514, 427, 26, 313, 529, 1176, 96, 502, 584, 567, 593, 1393, 1286, 1210, 196, 1275, 158, 1301, 746, 401, 408, 1246, 653, 8, 519, 182, 1015, 524, 752, 446, 630, 1345, 1312, 1268, 623, 469, 1247, 510, 1251, 654, 449, 891, 1107]

2026-03-09 22:31:06,608 - INFO - 当前用时 0.00 秒
2026-03-09 22:31:06,608 - INFO - 将种子集 写入位置: /home/wen/work/coup_spread/network.netYeast/2026-3-21/seeds-with-network.netYeast/log_continuous_alpha_sort_seedNum-140_SSRNum-50000.txt
2026-03-09 22:31:06,608 - INFO - 首次生成种子集 ris_optimized
2026-03-09 22:31:06,608 - INFO - 执行当前算法开始: ris_optimized
2026-03-09 22:31:06,635 - INFO - 图初始化完成，节点数: 1458，当前模式: 优化采样
2026-03-09 22:31:06,635 - INFO - 开始生成 50000 组多重RR-Set...
2026-03-09 22:31:19,619 - INFO - 生成完毕。耗时: 12.98 秒。
2026-03-09 22:31:19,628 - INFO - 开始基于多重RR集贪心选择最优种子...
2026-03-09 22:31:22,490 - INFO - 选种完毕。耗时: 2.86 秒。估算范围: 130.64
2026-03-09 22:31:23,028 - INFO - 当前用时 16.42 秒
2026-03-09 22:31:23,028 - INFO - 将种子集 写入位置: /home/wen/work/coup_spread/network.netYeast/2026-3-21/seeds-with-network.netYeast/log_continuous_ris_optimized_seedNum-140_SSRNum-50000.txt
2026-03-09 22:31:23,028 - INFO - 首次生成种子集 1hop_sort
2026-03-09 22:31:23,028 - INFO - 执行当前算法开始: 1hop_sort
2026-03-09 22:31:23,028 - INFO - --- Running: Teacher's 1-Hop Expected Spread Sort ---
2026-03-09 22:31:23,031 - INFO - 选出的前 5 个种子得分展示: [1.00431863 0.99232485 0.98831669 0.9841603  0.97055326]
2026-03-09 22:31:23,031 - INFO - 当前用时 0.00 秒
2026-03-09 22:31:23,032 - INFO - 将种子集 写入位置: /home/wen/work/coup_spread/network.netYeast/2026-3-21/seeds-with-network.netYeast/log_continuous_1hop_sort_seedNum-140_SSRNum-50000.txt
2026-03-09 22:31:23,032 - INFO - 评估种子集: None
2026-03-09 22:31:23,032 - INFO - 多进程评估开始，共有 6 个方法待评估...
2026-03-09 22:31:23,032 - INFO - 启动进程池，Worker数量: 6
2026-03-09 22:31:23,270 - INFO - [Process 595752] 开始评估方法: random, 种子数: 140
2026-03-09 22:31:23,327 - INFO - [Process 595753] 开始评估方法: degreeTopM, 种子数: 140
2026-03-09 22:31:23,382 - INFO - [Process 595754] 开始评估方法: pageRank, 种子数: 140
2026-03-09 22:31:23,434 - INFO - [Process 595755] 开始评估方法: alpha_sort, 种子数: 140
2026-03-09 22:31:23,488 - INFO - [Process 595756] 开始评估方法: ris_optimized, 种子数: 140
2026-03-09 22:31:23,544 - INFO - [Process 595757] 开始评估方法: 1hop_sort, 种子数: 140
2026-03-09 22:31:24,434 - INFO - [degreeTopM - 种子:140] 拉新:46.4人 | 总销量:47.4单 | 品牌曝光:213.9次 | 🌟综合得分:68.3
2026-03-09 22:31:24,529 - INFO - [alpha_sort - 种子:140] 拉新:87.8人 | 总销量:88.8单 | 品牌曝光:214.5次 | 🌟综合得分:109.7
2026-03-09 22:31:24,591 - INFO - [pageRank - 种子:140] 拉新:47.6人 | 总销量:48.3单 | 品牌曝光:216.8次 | 🌟综合得分:69.6
2026-03-09 22:31:24,723 - INFO - [1hop_sort - 种子:140] 拉新:84.6人 | 总销量:89.8单 | 品牌曝光:220.5次 | 🌟综合得分:109.2
2026-03-09 22:31:24,765 - INFO - [random - 种子:140] 拉新:66.5人 | 总销量:67.4单 | 品牌曝光:236.9次 | 🌟综合得分:90.6
2026-03-09 22:31:24,822 - INFO - [ris_optimized - 种子:140] 拉新:86.0人 | 总销量:86.7单 | 品牌曝光:236.9次 | 🌟综合得分:110.0
2026-03-09 22:31:24,852 - INFO - 所有进程执行完毕，开始写入数据...
2026-03-09 22:31:24,861 - INFO - 成功写入 6 条记录至 /home/wen/work/coup_spread/gzc-impl/results/network.netYeast/2026-3-21/log_continuous_SSRNum-50000-_seedNum-140_simuTimes-500.csv
2026-03-09 22:31:24,862 - INFO - 保存评估文件至: /home/wen/work/coup_spread/gzc-impl/results/network.netYeast/2026-3-21/log_continuous_SSRNum-50000-_seedNum-140_simuTimes-500.csv
2026-03-09 22:31:24,873 - INFO - 加载数据集: network.netYeast
2026-03-09 22:31:24,874 - INFO - --- 矩阵分析 ---
2026-03-09 22:31:24,874 - INFO - 节点数 (N): 1458
2026-03-09 22:31:24,874 - INFO - 边数 (E): 3896
2026-03-09 22:31:24,874 - INFO - 密度 (Density): 0.00183275 (越小越稀疏)
2026-03-09 22:31:24,874 - INFO - 稀疏度 (Sparsity): 0.99816725 (越接近1越稀疏)
2026-03-09 22:31:24,874 - INFO - 平均度数 (Avg Degree): 2.67
2026-03-09 22:31:24,875 - INFO - 首次生成度相关概率分布 分布类型: 'log_continuous'.
2026-03-09 22:31:24,875 - INFO - ===> Generating 'Log-Continuous' distributions for Real Graph...
2026-03-09 22:31:24,892 - INFO - 保存概率分布 文件位置: /home/wen/work/coup_spread/network.netYeast/2026-3-21/distribution-in-network.netYeast/distribution-log_continuous_seedNum-150.pkl
2026-03-09 22:31:24,904 - INFO - 首次生成种子集 random
2026-03-09 22:31:24,904 - INFO - 执行当前算法开始: random
2026-03-09 22:31:24,904 - INFO - 数据集节点总数:  n = 1458, m = 150
2026-03-09 22:31:24,904 - INFO - 选择 150  [32, 952, 751, 1454, 991, 22, 237, 379, 717, 616, 1214, 144, 369, 442, 1438, 90, 1337, 1324, 1134, 725, 643, 1219, 531, 346, 1256, 990, 1000, 1097, 1109, 1133, 391, 606, 1177, 1424, 1254, 883, 1293, 485, 79, 1124, 1191, 105, 1433, 515, 1327, 371, 242, 1045, 33, 663, 83, 1305, 1063, 1090, 834, 1266, 1448, 124, 502, 1319, 1195, 775, 1140, 902, 361, 115, 1029, 782, 164, 832, 992, 487, 1409, 622, 299, 699, 793, 588, 790, 11, 143, 458, 1385, 1224, 363, 3, 511, 684, 451, 869, 246, 979, 288, 1251, 716, 138, 796, 612, 1230, 637, 522, 187, 260, 443, 708, 55, 536, 163, 211, 910, 367, 766, 313, 603, 117, 1153, 527, 372, 153, 593, 481, 476, 1407, 1071, 410, 209, 1131, 953, 624, 732, 304, 198, 1252, 2, 1361, 1444, 1231, 546, 677, 1241, 1192, 1185, 1170, 314, 569, 607, 734, 1375, 529, 827]

2026-03-09 22:31:24,904 - INFO - 当前用时 0.00 秒
2026-03-09 22:31:24,904 - INFO - 将种子集 写入位置: /home/wen/work/coup_spread/network.netYeast/2026-3-21/seeds-with-network.netYeast/log_continuous_random_seedNum-150_SSRNum-50000.txt
2026-03-09 22:31:24,905 - INFO - 首次生成种子集 degreeTopM
2026-03-09 22:31:24,905 - INFO - 执行当前算法开始: degreeTopM
2026-03-09 22:31:24,905 - INFO - 依据: 选择连接数（度数）最多的节点。
2026-03-09 22:31:24,905 - INFO - 选择的 Top M 节点及其度数:
2026-03-09 22:31:24,905 - INFO - 
2026-03-09 22:31:24,905 - INFO - 当前用时 0.00 秒
2026-03-09 22:31:24,905 - INFO - 将种子集 写入位置: /home/wen/work/coup_spread/network.netYeast/2026-3-21/seeds-with-network.netYeast/log_continuous_degreeTopM_seedNum-150_SSRNum-50000.txt
2026-03-09 22:31:24,906 - INFO - 首次生成种子集 pageRank
2026-03-09 22:31:24,906 - INFO - 执行当前算法开始: pageRank
2026-03-09 22:31:24,906 - INFO - --- Running: PageRank (on tranProMatrix) Top M ---
2026-03-09 22:31:24,941 - INFO - Selected PageRank seeds: [157, 25, 57, 55, 15, 68, 315, 105, 238, 1041, 224, 2, 69, 1285, 34, 18, 464, 66, 546, 371, 56, 277, 143, 1149, 461, 383, 186, 393, 35, 204, 227, 251, 155, 635, 544, 287, 423, 214, 364, 599, 343, 606, 44, 43, 289, 551, 406, 62, 462, 416, 33, 284, 845, 975, 72, 1318, 473, 70, 346, 99, 982, 29, 932, 367, 79, 693, 288, 837, 621, 738, 16, 603, 677, 800, 247, 876, 812, 558, 121, 668, 470, 644, 714, 339, 276, 637, 760, 172, 680, 321, 489, 790, 916, 320, 709, 1163, 187, 570, 1157, 708, 145, 211, 1291, 436, 933, 1, 286, 579, 215, 823, 76, 434, 59, 573, 333, 1155, 243, 322, 646, 920, 1343, 750, 175, 222, 992, 399, 100, 945, 252, 877, 353, 561, 616, 95, 306, 634, 45, 48, 281, 853, 564, 369, 993, 230, 442, 385, 582, 93, 109, 87]
2026-03-09 22:31:24,941 - INFO - 当前用时 0.04 秒
2026-03-09 22:31:24,941 - INFO - 将种子集 写入位置: /home/wen/work/coup_spread/network.netYeast/2026-3-21/seeds-with-network.netYeast/log_continuous_pageRank_seedNum-150_SSRNum-50000.txt
2026-03-09 22:31:24,942 - INFO - 首次生成种子集 alpha_sort
2026-03-09 22:31:24,942 - INFO - 执行当前算法开始: alpha_sort
2026-03-09 22:31:24,942 - INFO - 1458 个节点的alpha值降序排序 done
2026-03-09 22:31:24,942 - INFO - ==============>> [(682, np.float64(0.6754672311408341)), (362, np.float64(0.6300065733639273)), (1307, np.float64(0.6135771190711542)), (82, np.float64(0.6128891746589418)), (232, np.float64(0.6017809818154467)), (805, np.float64(0.5890303972380301)), (1148, np.float64(0.5882807101428024)), (1085, np.float64(0.5836917635356418)), (104, np.float64(0.5818417909892946)), (313, np.float64(0.5784839543237348))]
2026-03-09 22:31:24,942 - INFO - 
选择的种子集 (按alpha排序): [682, 362, 1307, 82, 232, 805, 1148, 1085, 104, 313, 1297, 1393, 833, 624, 144, 1449, 488, 581, 529, 983, 13, 974, 282, 221, 454, 1365, 913, 887, 1399, 1304, 117, 813, 1354, 1129, 949, 919, 1331, 1211, 615, 1447, 1091, 386, 1086, 397, 432, 1006, 382, 669, 1153, 1107, 961, 142, 296, 312, 1395, 548, 1448, 534, 1228, 1128, 141, 827, 309, 1190, 256, 602, 1412, 210, 525, 1282, 167, 1245, 71, 475, 1364, 262, 518, 752, 519, 1357, 1432, 504, 1444, 908, 654, 324, 552, 1376, 1072, 532, 97, 1077, 718, 1241, 1205, 754, 1289, 1177, 638, 240, 865, 379, 507, 840, 717, 853, 1182, 152, 472, 643, 712, 642, 784, 314, 619, 740, 1005, 3, 917, 298, 65, 1269, 1231, 318, 1311, 267, 1414, 1361, 1238, 1032, 1255, 1174, 27, 726, 1061, 1426, 617, 512, 329, 559, 860, 30, 1305, 477, 137, 679, 523, 316, 1122, 308]

2026-03-09 22:31:24,943 - INFO - 当前用时 0.00 秒
2026-03-09 22:31:24,943 - INFO - 将种子集 写入位置: /home/wen/work/coup_spread/network.netYeast/2026-3-21/seeds-with-network.netYeast/log_continuous_alpha_sort_seedNum-150_SSRNum-50000.txt
2026-03-09 22:31:24,943 - INFO - 首次生成种子集 ris_optimized
2026-03-09 22:31:24,943 - INFO - 执行当前算法开始: ris_optimized
2026-03-09 22:31:24,970 - INFO - 图初始化完成，节点数: 1458，当前模式: 优化采样
2026-03-09 22:31:24,970 - INFO - 开始生成 50000 组多重RR-Set...
2026-03-09 22:31:36,181 - INFO - 生成完毕。耗时: 11.21 秒。
2026-03-09 22:31:36,189 - INFO - 开始基于多重RR集贪心选择最优种子...
2026-03-09 22:31:41,107 - INFO - 选种完毕。耗时: 4.92 秒。估算范围: 138.54
2026-03-09 22:31:41,669 - INFO - 当前用时 16.73 秒
2026-03-09 22:31:41,669 - INFO - 将种子集 写入位置: /home/wen/work/coup_spread/network.netYeast/2026-3-21/seeds-with-network.netYeast/log_continuous_ris_optimized_seedNum-150_SSRNum-50000.txt
2026-03-09 22:31:41,669 - INFO - 首次生成种子集 1hop_sort
2026-03-09 22:31:41,669 - INFO - 执行当前算法开始: 1hop_sort
2026-03-09 22:31:41,669 - INFO - --- Running: Teacher's 1-Hop Expected Spread Sort ---
2026-03-09 22:31:41,672 - INFO - 选出的前 5 个种子得分展示: [1.12484697 1.04302586 0.98676672 0.98347897 0.95518563]
2026-03-09 22:31:41,672 - INFO - 当前用时 0.00 秒
2026-03-09 22:31:41,672 - INFO - 将种子集 写入位置: /home/wen/work/coup_spread/network.netYeast/2026-3-21/seeds-with-network.netYeast/log_continuous_1hop_sort_seedNum-150_SSRNum-50000.txt
2026-03-09 22:31:41,673 - INFO - 评估种子集: None
2026-03-09 22:31:41,673 - INFO - 多进程评估开始，共有 6 个方法待评估...
2026-03-09 22:31:41,673 - INFO - 启动进程池，Worker数量: 6
2026-03-09 22:31:41,874 - INFO - [Process 596046] 开始评估方法: random, 种子数: 150
2026-03-09 22:31:41,918 - INFO - [Process 596047] 开始评估方法: degreeTopM, 种子数: 150
2026-03-09 22:31:41,962 - INFO - [Process 596048] 开始评估方法: pageRank, 种子数: 150
2026-03-09 22:31:42,013 - INFO - [Process 596049] 开始评估方法: alpha_sort, 种子数: 150
2026-03-09 22:31:42,061 - INFO - [Process 596050] 开始评估方法: ris_optimized, 种子数: 150
2026-03-09 22:31:42,103 - INFO - [Process 596051] 开始评估方法: 1hop_sort, 种子数: 150
2026-03-09 22:31:43,199 - INFO - [pageRank - 种子:150] 拉新:50.4人 | 总销量:51.2单 | 品牌曝光:233.3次 | 🌟综合得分:74.1
2026-03-09 22:31:43,222 - INFO - [alpha_sort - 种子:150] 拉新:93.3人 | 总销量:94.3单 | 品牌曝光:233.5次 | 🌟综合得分:117.1
2026-03-09 22:31:43,370 - INFO - [random - 种子:150] 拉新:69.4人 | 总销量:70.2单 | 品牌曝光:258.2次 | 🌟综合得分:95.6
2026-03-09 22:31:43,382 - INFO - [degreeTopM - 种子:150] 拉新:48.7人 | 总销量:49.9单 | 品牌曝光:228.8次 | 🌟综合得分:72.2
2026-03-09 22:31:43,406 - INFO - [1hop_sort - 种子:150] 拉新:90.4人 | 总销量:96.4单 | 品牌曝光:238.7次 | 🌟综合得分:117.3
2026-03-09 22:31:43,575 - INFO - [ris_optimized - 种子:150] 拉新:89.7人 | 总销量:90.3单 | 品牌曝光:255.3次 | 🌟综合得分:115.6
2026-03-09 22:31:43,606 - INFO - 所有进程执行完毕，开始写入数据...
2026-03-09 22:31:43,612 - INFO - 成功写入 6 条记录至 /home/wen/work/coup_spread/gzc-impl/results/network.netYeast/2026-3-21/log_continuous_SSRNum-50000-_seedNum-150_simuTimes-500.csv
2026-03-09 22:31:43,612 - INFO - 保存评估文件至: /home/wen/work/coup_spread/gzc-impl/results/network.netYeast/2026-3-21/log_continuous_SSRNum-50000-_seedNum-150_simuTimes-500.csv
