2026-01-04 15:00:54,965 - INFO - 加载数据集: facebook
2026-01-04 15:00:54,967 - INFO - --- 矩阵分析 ---
2026-01-04 15:00:54,967 - INFO - 节点数 (N): 4039
2026-01-04 15:00:54,967 - INFO - 边数 (E): 176468
2026-01-04 15:00:54,967 - INFO - 密度 (Density): 0.01081728 (越小越稀疏)
2026-01-04 15:00:54,967 - INFO - 稀疏度 (Sparsity): 0.98918272 (越接近1越稀疏)
2026-01-04 15:00:54,967 - INFO - 平均度数 (Avg Degree): 43.69
2026-01-04 15:00:54,968 - INFO - 首次生成度相关概率分布 分布类型: 'random'.
2026-01-04 15:00:54,969 - INFO - ===> Generating 'Dirichlet' distributions with alpha=[500, 500, 500]...
2026-01-04 15:00:54,971 - INFO - 保存概率分布 文件位置: /root/pythonspace/data-test/facebook/2026-1-4/distribution-in-facebook/distribution-random_seedNum-20.pkl
2026-01-04 15:00:55,016 - INFO - 首次生成种子集 random
2026-01-04 15:00:55,016 - INFO - 执行当前算法开始: random
2026-01-04 15:00:55,016 - INFO - 数据集节点总数:  n = 4039, m = 20
2026-01-04 15:00:55,016 - INFO - 选择 20  [2171, 825, 1752, 1378, 3423, 1977, 1197, 467, 2472, 2326, 1245, 2501, 1596, 1086, 1933, 1122, 751, 3912, 2004, 2024]

2026-01-04 15:00:55,016 - INFO - 当前用时 0.00 秒
2026-01-04 15:00:55,017 - INFO - 将种子集 写入位置: /root/pythonspace/data-test/facebook/2026-1-4/seeds-with-facebook/random_random_seedNum-20_SSRNum-80000.txt
2026-01-04 15:00:55,017 - INFO - 首次生成种子集 degreeTopM
2026-01-04 15:00:55,017 - INFO - 执行当前算法开始: degreeTopM
2026-01-04 15:00:55,017 - INFO - 依据: 选择连接数（度数）最多的节点。
2026-01-04 15:00:55,018 - INFO - 选择的 Top M 节点及其度数:
2026-01-04 15:00:55,018 - INFO - 
2026-01-04 15:00:55,018 - INFO - 当前用时 0.00 秒
2026-01-04 15:00:55,019 - INFO - 将种子集 写入位置: /root/pythonspace/data-test/facebook/2026-1-4/seeds-with-facebook/random_degreeTopM_seedNum-20_SSRNum-80000.txt
2026-01-04 15:00:55,019 - INFO - 首次生成种子集 pageRank
2026-01-04 15:00:55,019 - INFO - 执行当前算法开始: pageRank
2026-01-04 15:00:55,019 - INFO - --- Running: PageRank (on tranProMatrix) Top M ---
2026-01-04 15:00:56,038 - INFO - Selected PageRank seeds: [1821, 107, 351, 0, 352, 348, 1831, 1827, 349, 1843, 366, 2088, 362, 2130, 56, 25, 1973, 322, 365, 350]
2026-01-04 15:00:56,065 - INFO - 当前用时 1.05 秒
2026-01-04 15:00:56,065 - INFO - 将种子集 写入位置: /root/pythonspace/data-test/facebook/2026-1-4/seeds-with-facebook/random_pageRank_seedNum-20_SSRNum-80000.txt
2026-01-04 15:00:56,066 - INFO - 首次生成种子集 alpha_sort
2026-01-04 15:00:56,066 - INFO - 执行当前算法开始: alpha_sort
2026-01-04 15:00:56,068 - INFO - 4039 个节点的alpha值降序排序 done
2026-01-04 15:00:56,068 - INFO - ==============>> [(3304, 0.3839266), (3619, 0.380416), (2758, 0.3742707), (539, 0.3736354), (2459, 0.3725659), (2409, 0.3717819), (540, 0.3697168), (1238, 0.369575), (176, 0.3693208), (2942, 0.3685041)]
2026-01-04 15:00:56,068 - INFO - 
选择的种子集 (按alpha排序): [3304, 3619, 2758, 539, 2459, 2409, 540, 1238, 176, 2942, 3262, 1349, 3792, 1614, 1583, 439, 3672, 2788, 2784, 1367]

2026-01-04 15:00:56,068 - INFO - 当前用时 0.00 秒
2026-01-04 15:00:56,068 - INFO - 将种子集 写入位置: /root/pythonspace/data-test/facebook/2026-1-4/seeds-with-facebook/random_alpha_sort_seedNum-20_SSRNum-80000.txt
2026-01-04 15:00:56,069 - INFO - 首次生成种子集 importance_sort
2026-01-04 15:00:56,069 - INFO - 执行当前算法开始: importance_sort
2026-01-04 15:00:58,637 - INFO - 4039 个节点的Importance值降序排序 done
2026-01-04 15:00:58,637 - INFO - 
选择的种子集 (按Importance排序): [176, 174, 309, 36, 80, 248, 150, 38, 140, 324, 182, 4, 180, 48, 16, 294, 215, 106, 337, 283]

2026-01-04 15:00:58,638 - INFO - 当前用时 2.57 秒
2026-01-04 15:00:58,638 - INFO - 将种子集 写入位置: /root/pythonspace/data-test/facebook/2026-1-4/seeds-with-facebook/random_importance_sort_seedNum-20_SSRNum-80000.txt
2026-01-04 15:00:58,638 - INFO - 首次生成种子集 ris_coverage
2026-01-04 15:00:58,638 - INFO - 执行当前算法开始: ris_coverage
2026-01-04 15:00:58,881 - INFO - 图初始化完成，节点数: 4039，CSR 矩阵准备就绪。
2026-01-04 15:00:58,881 - INFO - 
开始生成 80000 组 SSR (并行进程: 8)...
2026-01-04 15:01:07,358 - INFO - 生成完毕。耗时: 8.48 秒。
2026-01-04 15:01:07,359 - INFO - 
开始选择最优种子 (Optimized Greedy) ...
2026-01-04 15:01:11,249 - INFO -   - 券 1/20 选中节点 1260, 新增覆盖 100
2026-01-04 15:01:11,266 - INFO -   - 券 2/20 选中节点 3293, 新增覆盖 96
2026-01-04 15:01:11,283 - INFO -   - 券 3/20 选中节点 2135, 新增覆盖 93
2026-01-04 15:01:11,304 - INFO -   - 券 4/20 选中节点 1174, 新增覆盖 95
2026-01-04 15:01:11,323 - INFO -   - 券 5/20 选中节点 1139, 新增覆盖 95
2026-01-04 15:01:11,343 - INFO -   - 券 6/20 选中节点 3214, 新增覆盖 102
2026-01-04 15:01:11,369 - INFO -   - 券 7/20 选中节点 3271, 新增覆盖 91
2026-01-04 15:01:11,396 - INFO -   - 券 8/20 选中节点 1444, 新增覆盖 93
2026-01-04 15:01:11,422 - INFO -   - 券 9/20 选中节点 930, 新增覆盖 91
2026-01-04 15:01:11,449 - INFO -   - 券 10/20 选中节点 621, 新增覆盖 94
2026-01-04 15:01:11,477 - INFO -   - 券 11/20 选中节点 2213, 新增覆盖 92
2026-01-04 15:01:11,506 - INFO -   - 券 12/20 选中节点 2210, 新增覆盖 91
2026-01-04 15:01:11,537 - INFO -   - 券 13/20 选中节点 2158, 新增覆盖 101
2026-01-04 15:01:11,575 - INFO -   - 券 14/20 选中节点 3040, 新增覆盖 93
2026-01-04 15:01:11,620 - INFO -   - 券 15/20 选中节点 535, 新增覆盖 94
2026-01-04 15:01:11,668 - INFO -   - 券 16/20 选中节点 877, 新增覆盖 93
2026-01-04 15:01:11,719 - INFO -   - 券 17/20 选中节点 3275, 新增覆盖 88
2026-01-04 15:01:11,751 - INFO -   - 券 18/20 选中节点 728, 新增覆盖 83
2026-01-04 15:01:11,785 - INFO -   - 券 19/20 选中节点 1021, 新增覆盖 92
2026-01-04 15:01:11,823 - INFO -   - 券 20/20 选中节点 1036, 新增覆盖 88
2026-01-04 15:01:11,824 - INFO - 选种完毕。耗时: 4.46 秒。
2026-01-04 15:01:11,935 - INFO - 最终选择的种子集: [1260, 3293, 2135, 1174, 1139, 3214, 3271, 1444, 930, 621, 2213, 2210, 2158, 3040, 535, 877, 3275, 728, 1021, 1036]

2026-01-04 15:01:12,224 - INFO - 当前用时 13.59 秒
2026-01-04 15:01:12,224 - INFO - 将种子集 写入位置: /root/pythonspace/data-test/facebook/2026-1-4/seeds-with-facebook/random_ris_coverage_seedNum-20_SSRNum-80000.txt
2026-01-04 15:01:12,224 - INFO - 首次生成种子集 monterCarlo
2026-01-04 15:01:12,224 - INFO - 执行当前算法开始: monterCarlo
2026-01-04 15:01:12,224 - INFO - --- Running: Monte Carlo Selection (L=200) ---
2026-01-04 15:01:12,224 - INFO - 依据: 对每个节点进行 200 次模拟实验，评估其平均激活贡献。
2026-01-04 15:01:12,225 - INFO - 正在模拟评估第 0/4039 个节点...
2026-01-04 15:01:18,604 - INFO - 正在模拟评估第 1000/4039 个节点...
2026-01-04 15:01:24,916 - INFO - 正在模拟评估第 2000/4039 个节点...
2026-01-04 15:01:31,284 - INFO - 正在模拟评估第 3000/4039 个节点...
2026-01-04 15:01:37,671 - INFO - 正在模拟评估第 4000/4039 个节点...
2026-01-04 15:01:37,915 - INFO - 蒙特卡洛评估完成。最高期望激活值为: 0.6250
2026-01-04 15:01:37,915 - INFO - 选择的种子集: [1452, 2914, 979, 177, 703, 2498, 2983, 419, 3009, 715] ...
2026-01-04 15:01:37,915 - INFO - 当前用时 25.69 秒
2026-01-04 15:01:37,916 - INFO - 将种子集 写入位置: /root/pythonspace/data-test/facebook/2026-1-4/seeds-with-facebook/random_monterCarlo_seedNum-20_SSRNum-80000.txt
2026-01-04 15:01:37,916 - INFO - 首次生成种子集 monterCarlo_spread
2026-01-04 15:01:37,916 - INFO - 执行当前算法开始: monterCarlo_spread
2026-01-04 15:01:37,916 - INFO - --- Running: Monte Carlo Spread-Aware (L=200) ---
2026-01-04 15:01:37,916 - INFO - 正在评估节点传播能力: 0/4039...
2026-01-04 15:01:43,852 - INFO - 正在评估节点传播能力: 1000/4039...
2026-01-04 15:01:49,908 - INFO - 正在评估节点传播能力: 2000/4039...
2026-01-04 15:01:55,868 - INFO - 正在评估节点传播能力: 3000/4039...
2026-01-04 15:02:01,920 - INFO - 正在评估节点传播能力: 4000/4039...
2026-01-04 15:02:02,146 - INFO - 评估完成。最高触达得分: 1.72
2026-01-04 15:02:02,146 - INFO - 当前用时 24.23 秒
2026-01-04 15:02:02,146 - INFO - 将种子集 写入位置: /root/pythonspace/data-test/facebook/2026-1-4/seeds-with-facebook/random_monterCarlo_spread_seedNum-20_SSRNum-80000.txt
2026-01-04 15:02:02,147 - INFO - 评估种子集: None
2026-01-04 15:02:02,147 - INFO - 多进程评估开始，共有 8 个方法待评估...
2026-01-04 15:02:02,147 - INFO - 启动进程池，Worker数量: 8
2026-01-04 15:02:02,632 - INFO - [Process 2795] 开始评估方法: random, 种子数: 20
2026-01-04 15:02:02,918 - INFO - [Process 2795] random - 500 sims 完成: E=10.19
2026-01-04 15:02:03,024 - INFO - [Process 2796] 开始评估方法: degreeTopM, 种子数: 20
2026-01-04 15:02:03,339 - INFO - [Process 2796] degreeTopM - 500 sims 完成: E=10.17
2026-01-04 15:02:03,407 - INFO - [Process 2797] 开始评估方法: pageRank, 种子数: 20
2026-01-04 15:02:03,709 - INFO - [Process 2797] pageRank - 500 sims 完成: E=10.15
2026-01-04 15:02:03,814 - INFO - [Process 2798] 开始评估方法: alpha_sort, 种子数: 20
2026-01-04 15:02:04,072 - INFO - [Process 2798] alpha_sort - 500 sims 完成: E=10.80
2026-01-04 15:02:04,207 - INFO - [Process 2799] 开始评估方法: importance_sort, 种子数: 20
2026-01-04 15:02:04,475 - INFO - [Process 2799] importance_sort - 500 sims 完成: E=10.44
2026-01-04 15:02:04,584 - INFO - [Process 2800] 开始评估方法: ris_coverage, 种子数: 20
2026-01-04 15:02:04,877 - INFO - [Process 2800] ris_coverage - 500 sims 完成: E=10.23
2026-01-04 15:02:04,996 - INFO - [Process 2801] 开始评估方法: monterCarlo, 种子数: 20
2026-01-04 15:02:05,290 - INFO - [Process 2801] monterCarlo - 500 sims 完成: E=10.46
2026-01-04 15:02:05,364 - INFO - [Process 2802] 开始评估方法: monterCarlo_spread, 种子数: 20
2026-01-04 15:02:05,657 - INFO - [Process 2802] monterCarlo_spread - 500 sims 完成: E=10.21
2026-01-04 15:02:05,673 - INFO - 所有进程执行完毕，开始写入数据...
2026-01-04 15:02:05,682 - INFO - 成功写入 8 条记录至 /root/pythonspace/data-test/facebook/2026-1-4/E-activated-facebook/distribution-random/simuTimes-500_random-dirichlet-[500, 500, 500]_rrNumSamples-80000.csv
2026-01-04 15:02:05,682 - INFO - 保存评估文件至: /root/pythonspace/data-test/facebook/2026-1-4/E-activated-facebook/distribution-random/simuTimes-500_random-dirichlet-[500, 500, 500]_rrNumSamples-80000.csv
