2026-01-04 15:22:41,394 - INFO - 加载数据集: facebook
2026-01-04 15:22:41,395 - INFO - --- 矩阵分析 ---
2026-01-04 15:22:41,395 - INFO - 节点数 (N): 4039
2026-01-04 15:22:41,395 - INFO - 边数 (E): 176468
2026-01-04 15:22:41,395 - INFO - 密度 (Density): 0.01081728 (越小越稀疏)
2026-01-04 15:22:41,395 - INFO - 稀疏度 (Sparsity): 0.98918272 (越接近1越稀疏)
2026-01-04 15:22:41,395 - INFO - 平均度数 (Avg Degree): 43.69
2026-01-04 15:22:41,397 - INFO - 首次生成度相关概率分布 分布类型: 'random'.
2026-01-04 15:22:41,397 - INFO - ===> Generating 'Dirichlet' distributions with alpha=[500, 500, 500]...
2026-01-04 15:22:41,399 - INFO - 保存概率分布 文件位置: /root/pythonspace/data-test/facebook/2026-1-4/distribution-in-facebook/distribution-random_seedNum-30.pkl
2026-01-04 15:22:41,436 - INFO - 首次生成种子集 random
2026-01-04 15:22:41,436 - INFO - 执行当前算法开始: random
2026-01-04 15:22:41,436 - INFO - 数据集节点总数:  n = 4039, m = 30
2026-01-04 15:22:41,436 - INFO - 选择 30  [1229, 1309, 3943, 2452, 3216, 2409, 1516, 1840, 3466, 2630, 2159, 3516, 3910, 2974, 1731, 509, 3465, 2304, 3047, 1602, 3541, 3813, 1174, 3801, 2050, 3731, 3119, 3587, 1265, 530]

2026-01-04 15:22:41,436 - INFO - 当前用时 0.00 秒
2026-01-04 15:22:41,436 - INFO - 将种子集 写入位置: /root/pythonspace/data-test/facebook/2026-1-4/seeds-with-facebook/random_random_seedNum-30_SSRNum-80000.txt
2026-01-04 15:22:41,436 - INFO - 首次生成种子集 degreeTopM
2026-01-04 15:22:41,436 - INFO - 执行当前算法开始: degreeTopM
2026-01-04 15:22:41,437 - INFO - 依据: 选择连接数（度数）最多的节点。
2026-01-04 15:22:41,438 - INFO - 选择的 Top M 节点及其度数:
2026-01-04 15:22:41,438 - INFO - 
2026-01-04 15:22:41,438 - INFO - 当前用时 0.00 秒
2026-01-04 15:22:41,438 - INFO - 将种子集 写入位置: /root/pythonspace/data-test/facebook/2026-1-4/seeds-with-facebook/random_degreeTopM_seedNum-30_SSRNum-80000.txt
2026-01-04 15:22:41,438 - INFO - 首次生成种子集 pageRank
2026-01-04 15:22:41,438 - INFO - 执行当前算法开始: pageRank
2026-01-04 15:22:41,438 - INFO - --- Running: PageRank (on tranProMatrix) Top M ---
2026-01-04 15:22:42,255 - INFO - Selected PageRank seeds: [1821, 107, 351, 0, 352, 348, 1831, 1827, 349, 1843, 366, 2088, 362, 2130, 56, 25, 1973, 322, 365, 350, 67, 3626, 3226, 1858, 271, 371, 403, 119, 3581, 3946]
2026-01-04 15:22:42,277 - INFO - 当前用时 0.84 秒
2026-01-04 15:22:42,278 - INFO - 将种子集 写入位置: /root/pythonspace/data-test/facebook/2026-1-4/seeds-with-facebook/random_pageRank_seedNum-30_SSRNum-80000.txt
2026-01-04 15:22:42,278 - INFO - 首次生成种子集 alpha_sort
2026-01-04 15:22:42,278 - INFO - 执行当前算法开始: alpha_sort
2026-01-04 15:22:42,280 - INFO - 4039 个节点的alpha值降序排序 done
2026-01-04 15:22:42,280 - INFO - ==============>> [(156, 0.3784217), (2626, 0.3741634), (3298, 0.3739247), (149, 0.3728845), (1004, 0.372505), (3067, 0.3707716), (1630, 0.3700664), (1766, 0.3698045), (1564, 0.3690925), (2607, 0.3685805)]
2026-01-04 15:22:42,280 - INFO - 
选择的种子集 (按alpha排序): [156, 2626, 3298, 149, 1004, 3067, 1630, 1766, 1564, 2607, 1905, 879, 2707, 1788, 3049, 1326, 2082, 3471, 3537, 2882, 1078, 2482, 2849, 1615, 2017, 2256, 388, 934, 297, 3850]

2026-01-04 15:22:42,280 - INFO - 当前用时 0.00 秒
2026-01-04 15:22:42,280 - INFO - 将种子集 写入位置: /root/pythonspace/data-test/facebook/2026-1-4/seeds-with-facebook/random_alpha_sort_seedNum-30_SSRNum-80000.txt
2026-01-04 15:22:42,280 - INFO - 首次生成种子集 importance_sort
2026-01-04 15:22:42,280 - INFO - 执行当前算法开始: importance_sort
2026-01-04 15:22:44,329 - INFO - 4039 个节点的Importance值降序排序 done
2026-01-04 15:22:44,329 - INFO - 
选择的种子集 (按Importance排序): [156, 149, 297, 221, 112, 45, 305, 241, 65, 23, 153, 258, 173, 189, 223, 312, 254, 212, 110, 181, 316, 217, 325, 138, 192, 273, 266, 48, 70, 71]

2026-01-04 15:22:44,330 - INFO - 当前用时 2.05 秒
2026-01-04 15:22:44,330 - INFO - 将种子集 写入位置: /root/pythonspace/data-test/facebook/2026-1-4/seeds-with-facebook/random_importance_sort_seedNum-30_SSRNum-80000.txt
2026-01-04 15:22:44,330 - INFO - 首次生成种子集 ris_coverage
2026-01-04 15:22:44,330 - INFO - 执行当前算法开始: ris_coverage
2026-01-04 15:22:44,526 - INFO - 图初始化完成，节点数: 4039，CSR 矩阵准备就绪。
2026-01-04 15:22:44,527 - INFO - 
开始生成 80000 组 SSR (并行进程: 8)...
2026-01-04 15:22:56,541 - INFO - 生成完毕。耗时: 12.01 秒。
2026-01-04 15:22:56,542 - INFO - 
开始选择最优种子 (Optimized Greedy) ...
2026-01-04 15:23:02,380 - INFO -   - 券 1/30 选中节点 3358, 新增覆盖 94
2026-01-04 15:23:02,401 - INFO -   - 券 2/30 选中节点 1460, 新增覆盖 95
2026-01-04 15:23:02,422 - INFO -   - 券 3/30 选中节点 549, 新增覆盖 94
2026-01-04 15:23:02,446 - INFO -   - 券 4/30 选中节点 1129, 新增覆盖 95
2026-01-04 15:23:02,469 - INFO -   - 券 5/30 选中节点 2225, 新增覆盖 95
2026-01-04 15:23:02,494 - INFO -   - 券 6/30 选中节点 1376, 新增覆盖 98
2026-01-04 15:23:02,520 - INFO -   - 券 7/30 选中节点 3044, 新增覆盖 97
2026-01-04 15:23:02,544 - INFO -   - 券 8/30 选中节点 1219, 新增覆盖 97
2026-01-04 15:23:02,573 - INFO -   - 券 9/30 选中节点 512, 新增覆盖 91
2026-01-04 15:23:02,604 - INFO -   - 券 10/30 选中节点 668, 新增覆盖 87
2026-01-04 15:23:02,642 - INFO -   - 券 11/30 选中节点 1397, 新增覆盖 101
2026-01-04 15:23:02,679 - INFO -   - 券 12/30 选中节点 3036, 新增覆盖 90
2026-01-04 15:23:02,716 - INFO -   - 券 13/30 选中节点 862, 新增覆盖 90
2026-01-04 15:23:02,754 - INFO -   - 券 14/30 选中节点 3345, 新增覆盖 94
2026-01-04 15:23:02,792 - INFO -   - 券 15/30 选中节点 653, 新增覆盖 91
2026-01-04 15:23:02,829 - INFO -   - 券 16/30 选中节点 1470, 新增覆盖 89
2026-01-04 15:23:02,868 - INFO -   - 券 17/30 选中节点 804, 新增覆盖 90
2026-01-04 15:23:02,907 - INFO -   - 券 18/30 选中节点 1195, 新增覆盖 91
2026-01-04 15:23:02,952 - INFO -   - 券 19/30 选中节点 2729, 新增覆盖 90
2026-01-04 15:23:02,997 - INFO -   - 券 20/30 选中节点 1455, 新增覆盖 89
2026-01-04 15:23:03,041 - INFO -   - 券 21/30 选中节点 481, 新增覆盖 95
2026-01-04 15:23:03,092 - INFO -   - 券 22/30 选中节点 2404, 新增覆盖 93
2026-01-04 15:23:03,139 - INFO -   - 券 23/30 选中节点 922, 新增覆盖 97
2026-01-04 15:23:03,189 - INFO -   - 券 24/30 选中节点 3429, 新增覆盖 86
2026-01-04 15:23:03,245 - INFO -   - 券 25/30 选中节点 2204, 新增覆盖 91
2026-01-04 15:23:03,297 - INFO -   - 券 26/30 选中节点 1301, 新增覆盖 91
2026-01-04 15:23:03,351 - INFO -   - 券 27/30 选中节点 2164, 新增覆盖 91
2026-01-04 15:23:03,402 - INFO -   - 券 28/30 选中节点 1386, 新增覆盖 88
2026-01-04 15:23:03,454 - INFO -   - 券 29/30 选中节点 1357, 新增覆盖 89
2026-01-04 15:23:03,511 - INFO -   - 券 30/30 选中节点 3211, 新增覆盖 90
2026-01-04 15:23:03,511 - INFO - 选种完毕。耗时: 6.97 秒。
2026-01-04 15:23:03,699 - INFO - 最终选择的种子集: [3358, 1460, 549, 1129, 2225, 1376, 3044, 1219, 512, 668, 1397, 3036, 862, 3345, 653, 1470, 804, 1195, 2729, 1455, 481, 2404, 922, 3429, 2204, 1301, 2164, 1386, 1357, 3211]

2026-01-04 15:23:04,219 - INFO - 当前用时 19.89 秒
2026-01-04 15:23:04,220 - INFO - 将种子集 写入位置: /root/pythonspace/data-test/facebook/2026-1-4/seeds-with-facebook/random_ris_coverage_seedNum-30_SSRNum-80000.txt
2026-01-04 15:23:04,220 - INFO - 首次生成种子集 monterCarlo_CELF
2026-01-04 15:23:04,220 - INFO - 执行当前算法开始: monterCarlo_CELF
2026-01-04 15:23:04,220 - INFO - --- Running: CELF Greedy Monte Carlo (Sims=100) ---
2026-01-04 15:23:04,220 - INFO - Step 0: 初始化所有节点的边际增益...
2026-01-04 15:23:17,145 - INFO - Seed 1: 3002, Spread: 0.70
2026-01-04 15:23:22,942 - INFO - Seed 2: 2737, Gain: 0.53, Total: 1.23
2026-01-04 15:23:24,671 - INFO - Seed 3: 2875, Gain: 0.55, Total: 1.78
2026-01-04 15:23:28,951 - INFO - Seed 4: 2029, Gain: 0.52, Total: 2.30
2026-01-04 15:23:32,473 - INFO - Seed 5: 3399, Gain: 0.62, Total: 2.92
2026-01-04 15:23:39,608 - INFO - Seed 6: 1402, Gain: 0.52, Total: 3.44
2026-01-04 15:23:49,961 - INFO - Seed 7: 1556, Gain: 0.47, Total: 3.91
2026-01-04 15:23:58,092 - INFO - Seed 8: 3662, Gain: 0.46, Total: 4.37
2026-01-04 15:23:58,271 - INFO - Seed 9: 19, Gain: 0.56, Total: 4.93
2026-01-04 15:23:58,339 - INFO - Seed 10: 54, Gain: 0.56, Total: 5.49
2026-01-04 15:24:00,274 - INFO - Seed 11: 1557, Gain: 0.55, Total: 6.04
2026-01-04 15:24:00,327 - INFO - Seed 12: 1578, Gain: 0.49, Total: 6.53
2026-01-04 15:24:00,680 - INFO - Seed 13: 1699, Gain: 0.49, Total: 7.02
2026-01-04 15:24:02,608 - INFO - Seed 14: 2963, Gain: 0.55, Total: 7.57
2026-01-04 15:24:11,508 - INFO - Seed 15: 418, Gain: 0.47, Total: 8.04
2026-01-04 15:24:21,486 - INFO - Seed 16: 1625, Gain: 0.44, Total: 8.48
2026-01-04 15:24:29,365 - INFO - Seed 17: 111, Gain: 0.52, Total: 9.00
2026-01-04 15:24:30,653 - INFO - Seed 18: 2038, Gain: 0.40, Total: 9.40
2026-01-04 15:24:31,229 - INFO - Seed 19: 426, Gain: 0.52, Total: 9.92
2026-01-04 15:24:32,353 - INFO - Seed 20: 2985, Gain: 0.58, Total: 10.50
2026-01-04 15:24:36,167 - INFO - Seed 21: 4026, Gain: 0.50, Total: 11.00
2026-01-04 15:24:36,791 - INFO - Seed 22: 1334, Gain: 0.44, Total: 11.44
2026-01-04 15:24:37,699 - INFO - Seed 23: 2733, Gain: 0.48, Total: 11.92
2026-01-04 15:24:38,127 - INFO - Seed 24: 2379, Gain: 0.45, Total: 12.37
2026-01-04 15:24:38,817 - INFO - Seed 25: 585, Gain: 0.52, Total: 12.89
2026-01-04 15:24:39,059 - INFO - Seed 26: 3156, Gain: 0.39, Total: 13.28
2026-01-04 15:24:39,180 - INFO - Seed 27: 3014, Gain: 0.50, Total: 13.78
2026-01-04 15:24:39,433 - INFO - Seed 28: 1024, Gain: 0.45, Total: 14.23
2026-01-04 15:24:39,961 - INFO - Seed 29: 1210, Gain: 0.43, Total: 14.66
2026-01-04 15:24:40,165 - INFO - Seed 30: 2533, Gain: 0.75, Total: 15.41
2026-01-04 15:24:40,165 - INFO - CELF 完成，总耗时: 95.95s
2026-01-04 15:24:40,166 - INFO - 当前用时 95.95 秒
2026-01-04 15:24:40,166 - INFO - 将种子集 写入位置: /root/pythonspace/data-test/facebook/2026-1-4/seeds-with-facebook/random_monterCarlo_CELF_seedNum-30_SSRNum-80000.txt
2026-01-04 15:24:40,166 - INFO - 评估种子集: None
2026-01-04 15:24:40,167 - INFO - 多进程评估开始，共有 7 个方法待评估...
2026-01-04 15:24:40,167 - INFO - 启动进程池，Worker数量: 7
2026-01-04 15:24:40,670 - INFO - [Process 4766] 开始评估方法: random, 种子数: 30
2026-01-04 15:24:41,083 - INFO - [Process 4767] 开始评估方法: degreeTopM, 种子数: 30
2026-01-04 15:24:41,105 - INFO - [Process 4766] random - 500 sims 完成: E=15.17
2026-01-04 15:24:41,472 - INFO - [Process 4768] 开始评估方法: pageRank, 种子数: 30
2026-01-04 15:24:41,547 - INFO - [Process 4767] degreeTopM - 500 sims 完成: E=15.06
2026-01-04 15:24:41,866 - INFO - [Process 4769] 开始评估方法: alpha_sort, 种子数: 30
2026-01-04 15:24:41,904 - INFO - [Process 4768] pageRank - 500 sims 完成: E=15.08
2026-01-04 15:24:42,203 - INFO - [Process 4769] alpha_sort - 500 sims 完成: E=15.95
2026-01-04 15:24:42,300 - INFO - [Process 4770] 开始评估方法: importance_sort, 种子数: 30
2026-01-04 15:24:42,697 - INFO - [Process 4771] 开始评估方法: ris_coverage, 种子数: 30
2026-01-04 15:24:42,718 - INFO - [Process 4770] importance_sort - 500 sims 完成: E=15.38
2026-01-04 15:24:43,055 - INFO - [Process 4771] ris_coverage - 500 sims 完成: E=15.20
2026-01-04 15:24:43,096 - INFO - [Process 4772] 开始评估方法: monterCarlo_CELF, 种子数: 30
2026-01-04 15:24:43,522 - INFO - [Process 4772] monterCarlo_CELF - 500 sims 完成: E=15.15
2026-01-04 15:24:43,540 - INFO - 所有进程执行完毕，开始写入数据...
2026-01-04 15:24:43,547 - INFO - 成功写入 7 条记录至 /root/pythonspace/data-test/facebook/2026-1-4/E-activated-facebook/distribution-random/simuTimes-500_random-dirichlet-[500, 500, 500]_rrNumSamples-80000.csv
2026-01-04 15:24:43,547 - INFO - 保存评估文件至: /root/pythonspace/data-test/facebook/2026-1-4/E-activated-facebook/distribution-random/simuTimes-500_random-dirichlet-[500, 500, 500]_rrNumSamples-80000.csv
