2026-01-04 15:29:21,682 - INFO - 加载数据集: facebook
2026-01-04 15:29:21,684 - INFO - --- 矩阵分析 ---
2026-01-04 15:29:21,684 - INFO - 节点数 (N): 4039
2026-01-04 15:29:21,684 - INFO - 边数 (E): 176468
2026-01-04 15:29:21,684 - INFO - 密度 (Density): 0.01081728 (越小越稀疏)
2026-01-04 15:29:21,684 - INFO - 稀疏度 (Sparsity): 0.98918272 (越接近1越稀疏)
2026-01-04 15:29:21,684 - INFO - 平均度数 (Avg Degree): 43.69
2026-01-04 15:29:21,686 - INFO - 首次生成度相关概率分布 分布类型: 'random'.
2026-01-04 15:29:21,686 - INFO - ===> Generating 'Dirichlet' distributions with alpha=[500, 500, 500]...
2026-01-04 15:29:21,688 - INFO - 保存概率分布 文件位置: /root/pythonspace/data-test/facebook/2026-1-4/distribution-in-facebook/distribution-random_seedNum-80.pkl
2026-01-04 15:29:21,733 - INFO - 首次生成种子集 random
2026-01-04 15:29:21,733 - INFO - 执行当前算法开始: random
2026-01-04 15:29:21,733 - INFO - 数据集节点总数:  n = 4039, m = 80
2026-01-04 15:29:21,734 - INFO - 选择 80  [3792, 1662, 2755, 1898, 1808, 222, 3970, 2359, 1920, 338, 3831, 3717, 2880, 1104, 1037, 2962, 3320, 1685, 193, 1765, 3051, 790, 3587, 678, 378, 2266, 932, 3720, 1904, 3173, 3038, 3678, 3413, 2678, 3241, 2170, 3790, 2321, 109, 1276, 3037, 3598, 1417, 1756, 1540, 931, 653, 3382, 2330, 2130, 215, 1801, 1985, 302, 1674, 2434, 1816, 1131, 311, 3781, 1375, 1602, 1694, 3430, 2366, 1333, 1292, 2785, 3799, 249, 1140, 2048, 765, 1955, 2892, 2628, 695, 104, 3116, 2986]

2026-01-04 15:29:21,734 - INFO - 当前用时 0.00 秒
2026-01-04 15:29:21,734 - INFO - 将种子集 写入位置: /root/pythonspace/data-test/facebook/2026-1-4/seeds-with-facebook/random_random_seedNum-80_SSRNum-80000.txt
2026-01-04 15:29:21,734 - INFO - 首次生成种子集 degreeTopM
2026-01-04 15:29:21,735 - INFO - 执行当前算法开始: degreeTopM
2026-01-04 15:29:21,735 - INFO - 依据: 选择连接数（度数）最多的节点。
2026-01-04 15:29:21,737 - INFO - 选择的 Top M 节点及其度数:
2026-01-04 15:29:21,737 - INFO - 
2026-01-04 15:29:21,737 - INFO - 当前用时 0.00 秒
2026-01-04 15:29:21,738 - INFO - 将种子集 写入位置: /root/pythonspace/data-test/facebook/2026-1-4/seeds-with-facebook/random_degreeTopM_seedNum-80_SSRNum-80000.txt
2026-01-04 15:29:21,738 - INFO - 首次生成种子集 pageRank
2026-01-04 15:29:21,738 - INFO - 执行当前算法开始: pageRank
2026-01-04 15:29:21,738 - INFO - --- Running: PageRank (on tranProMatrix) Top M ---
2026-01-04 15:29:22,765 - INFO - Selected PageRank seeds: [1821, 107, 351, 0, 352, 348, 1831, 1827, 349, 1843, 366, 2088, 362, 2130, 56, 25, 1973, 322, 365, 350, 67, 3626, 3226, 1858, 271, 371, 403, 119, 3581, 3946, 277, 1373, 1285, 3634, 21, 26, 1850, 1490, 2508, 252, 1573, 838, 2188, 378, 1149, 2806, 3559, 1215, 122, 572, 917, 1268, 1950, 2902, 1538, 1864, 368, 1070, 136, 2427, 2055, 2154, 2305, 2832, 239, 2622, 2315, 367, 2403, 1253, 359, 685, 2797, 315, 203, 9, 360, 571, 2053, 958]
2026-01-04 15:29:22,789 - INFO - 当前用时 1.05 秒
2026-01-04 15:29:22,789 - INFO - 将种子集 写入位置: /root/pythonspace/data-test/facebook/2026-1-4/seeds-with-facebook/random_pageRank_seedNum-80_SSRNum-80000.txt
2026-01-04 15:29:22,789 - INFO - 首次生成种子集 alpha_sort
2026-01-04 15:29:22,790 - INFO - 执行当前算法开始: alpha_sort
2026-01-04 15:29:22,792 - INFO - 4039 个节点的alpha值降序排序 done
2026-01-04 15:29:22,792 - INFO - ==============>> [(600, 0.3878327), (3627, 0.3782206), (767, 0.3740964), (1848, 0.3713455), (1981, 0.3698941), (1433, 0.369169), (2951, 0.3685904), (2177, 0.3678248), (3039, 0.3671909), (222, 0.3670687)]
2026-01-04 15:29:22,792 - INFO - 
选择的种子集 (按alpha排序): [600, 3627, 767, 1848, 1981, 1433, 2951, 2177, 3039, 222, 565, 3207, 2377, 419, 3025, 1040, 1547, 3222, 2463, 3068, 1545, 1042, 3300, 476, 994, 1861, 3535, 2399, 2552, 2275, 3157, 961, 1453, 2666, 1243, 1201, 2701, 1543, 704, 3112, 94, 1680, 3775, 77, 3998, 858, 169, 2425, 728, 2456, 28, 2353, 2234, 269, 2984, 696, 1812, 828, 3354, 3117, 708, 1815, 1363, 2866, 2873, 3760, 3079, 524, 2357, 3719, 3188, 1172, 1575, 1505, 1347, 724, 2272, 207, 3712, 1584]

2026-01-04 15:29:22,792 - INFO - 当前用时 0.00 秒
2026-01-04 15:29:22,792 - INFO - 将种子集 写入位置: /root/pythonspace/data-test/facebook/2026-1-4/seeds-with-facebook/random_alpha_sort_seedNum-80_SSRNum-80000.txt
2026-01-04 15:29:22,793 - INFO - 首次生成种子集 importance_sort
2026-01-04 15:29:22,793 - INFO - 执行当前算法开始: importance_sort
2026-01-04 15:29:25,060 - INFO - 4039 个节点的Importance值降序排序 done
2026-01-04 15:29:25,060 - INFO - 
选择的种子集 (按Importance排序): [222, 94, 77, 169, 28, 269, 207, 268, 296, 319, 332, 7, 123, 76, 166, 100, 309, 262, 171, 249, 11, 266, 192, 342, 271, 97, 49, 245, 189, 294, 79, 137, 90, 22, 287, 109, 196, 251, 237, 105, 232, 324, 225, 152, 231, 331, 201, 10, 275, 61, 270, 234, 81, 326, 209, 96, 341, 202, 48, 138, 101, 9, 146, 285, 19, 283, 312, 238, 29, 5, 50, 193, 133, 191, 336, 322, 223, 110, 141, 333]

2026-01-04 15:29:25,060 - INFO - 当前用时 2.27 秒
2026-01-04 15:29:25,061 - INFO - 将种子集 写入位置: /root/pythonspace/data-test/facebook/2026-1-4/seeds-with-facebook/random_importance_sort_seedNum-80_SSRNum-80000.txt
2026-01-04 15:29:25,061 - INFO - 首次生成种子集 ris_coverage
2026-01-04 15:29:25,061 - INFO - 执行当前算法开始: ris_coverage
2026-01-04 15:29:25,267 - INFO - 图初始化完成，节点数: 4039，CSR 矩阵准备就绪。
2026-01-04 15:29:25,267 - INFO - 
开始生成 80000 组 SSR (并行进程: 8)...
2026-01-04 15:29:52,984 - INFO - 生成完毕。耗时: 27.72 秒。
2026-01-04 15:29:52,985 - INFO - 
开始选择最优种子 (Optimized Greedy) ...
2026-01-04 15:30:11,467 - INFO -   - 券 1/80 选中节点 728, 新增覆盖 101
2026-01-04 15:30:11,485 - INFO -   - 券 2/80 选中节点 3386, 新增覆盖 100
2026-01-04 15:30:11,502 - INFO -   - 券 3/80 选中节点 845, 新增覆盖 90
2026-01-04 15:30:11,520 - INFO -   - 券 4/80 选中节点 994, 新增覆盖 95
2026-01-04 15:30:11,539 - INFO -   - 券 5/80 选中节点 3175, 新增覆盖 94
2026-01-04 15:30:11,559 - INFO -   - 券 6/80 选中节点 2675, 新增覆盖 92
2026-01-04 15:30:11,581 - INFO -   - 券 7/80 选中节点 3084, 新增覆盖 95
2026-01-04 15:30:11,600 - INFO -   - 券 8/80 选中节点 3101, 新增覆盖 88
2026-01-04 15:30:11,626 - INFO -   - 券 9/80 选中节点 1010, 新增覆盖 96
2026-01-04 15:30:11,648 - INFO -   - 券 10/80 选中节点 3410, 新增覆盖 96
2026-01-04 15:30:11,671 - INFO -   - 券 11/80 选中节点 2211, 新增覆盖 94
2026-01-04 15:30:11,696 - INFO -   - 券 12/80 选中节点 1276, 新增覆盖 94
2026-01-04 15:30:11,721 - INFO -   - 券 13/80 选中节点 2124, 新增覆盖 92
2026-01-04 15:30:11,747 - INFO -   - 券 14/80 选中节点 1239, 新增覆盖 96
2026-01-04 15:30:11,774 - INFO -   - 券 15/80 选中节点 484, 新增覆盖 92
2026-01-04 15:30:11,803 - INFO -   - 券 16/80 选中节点 445, 新增覆盖 96
2026-01-04 15:30:11,828 - INFO -   - 券 17/80 选中节点 1398, 新增覆盖 93
2026-01-04 15:30:11,859 - INFO -   - 券 18/80 选中节点 1037, 新增覆盖 92
2026-01-04 15:30:11,885 - INFO -   - 券 19/80 选中节点 3314, 新增覆盖 91
2026-01-04 15:30:11,914 - INFO -   - 券 20/80 选中节点 813, 新增覆盖 88
2026-01-04 15:30:11,944 - INFO -   - 券 21/80 选中节点 2585, 新增覆盖 84
2026-01-04 15:30:11,981 - INFO -   - 券 22/80 选中节点 1049, 新增覆盖 89
2026-01-04 15:30:12,012 - INFO -   - 券 23/80 选中节点 3309, 新增覆盖 91
2026-01-04 15:30:12,048 - INFO -   - 券 24/80 选中节点 2445, 新增覆盖 86
2026-01-04 15:30:12,083 - INFO -   - 券 25/80 选中节点 3343, 新增覆盖 92
2026-01-04 15:30:12,118 - INFO -   - 券 26/80 选中节点 955, 新增覆盖 89
2026-01-04 15:30:12,153 - INFO -   - 券 27/80 选中节点 1328, 新增覆盖 89
2026-01-04 15:30:12,184 - INFO -   - 券 28/80 选中节点 2141, 新增覆盖 92
2026-01-04 15:30:12,220 - INFO -   - 券 29/80 选中节点 617, 新增覆盖 82
2026-01-04 15:30:12,260 - INFO -   - 券 30/80 选中节点 3326, 新增覆盖 83
2026-01-04 15:30:12,307 - INFO -   - 券 31/80 选中节点 933, 新增覆盖 90
2026-01-04 15:30:12,353 - INFO -   - 券 32/80 选中节点 2432, 新增覆盖 85
2026-01-04 15:30:12,399 - INFO -   - 券 33/80 选中节点 1646, 新增覆盖 87
2026-01-04 15:30:12,445 - INFO -   - 券 34/80 选中节点 3301, 新增覆盖 91
2026-01-04 15:30:12,497 - INFO -   - 券 35/80 选中节点 3279, 新增覆盖 82
2026-01-04 15:30:12,552 - INFO -   - 券 36/80 选中节点 1007, 新增覆盖 90
2026-01-04 15:30:12,600 - INFO -   - 券 37/80 选中节点 1222, 新增覆盖 88
2026-01-04 15:30:12,653 - INFO -   - 券 38/80 选中节点 3136, 新增覆盖 82
2026-01-04 15:30:12,708 - INFO -   - 券 39/80 选中节点 1223, 新增覆盖 85
2026-01-04 15:30:12,764 - INFO -   - 券 40/80 选中节点 3404, 新增覆盖 84
2026-01-04 15:30:12,819 - INFO -   - 券 41/80 选中节点 1362, 新增覆盖 93
2026-01-04 15:30:12,877 - INFO -   - 券 42/80 选中节点 451, 新增覆盖 85
2026-01-04 15:30:12,934 - INFO -   - 券 43/80 选中节点 961, 新增覆盖 85
2026-01-04 15:30:12,992 - INFO -   - 券 44/80 选中节点 2314, 新增覆盖 86
2026-01-04 15:30:13,057 - INFO -   - 券 45/80 选中节点 2234, 新增覆盖 81
2026-01-04 15:30:13,126 - INFO -   - 券 46/80 选中节点 3345, 新增覆盖 84
2026-01-04 15:30:13,184 - INFO -   - 券 47/80 选中节点 1402, 新增覆盖 85
2026-01-04 15:30:13,247 - INFO -   - 券 48/80 选中节点 949, 新增覆盖 81
2026-01-04 15:30:13,310 - INFO -   - 券 49/80 选中节点 2819, 新增覆盖 81
2026-01-04 15:30:13,371 - INFO -   - 券 50/80 选中节点 1191, 新增覆盖 91
2026-01-04 15:30:13,439 - INFO -   - 券 51/80 选中节点 2268, 新增覆盖 83
2026-01-04 15:30:13,504 - INFO -   - 券 52/80 选中节点 2351, 新增覆盖 81
2026-01-04 15:30:13,568 - INFO -   - 券 53/80 选中节点 894, 新增覆盖 82
2026-01-04 15:30:13,631 - INFO -   - 券 54/80 选中节点 1067, 新增覆盖 82
2026-01-04 15:30:13,701 - INFO -   - 券 55/80 选中节点 2126, 新增覆盖 86
2026-01-04 15:30:13,771 - INFO -   - 券 56/80 选中节点 2763, 新增覆盖 81
2026-01-04 15:30:13,840 - INFO -   - 券 57/80 选中节点 2683, 新增覆盖 87
2026-01-04 15:30:13,919 - INFO -   - 券 58/80 选中节点 3050, 新增覆盖 80
2026-01-04 15:30:13,990 - INFO -   - 券 59/80 选中节点 362, 新增覆盖 85
2026-01-04 15:30:14,069 - INFO -   - 券 60/80 选中节点 2226, 新增覆盖 89
2026-01-04 15:30:14,146 - INFO -   - 券 61/80 选中节点 542, 新增覆盖 84
2026-01-04 15:30:14,229 - INFO -   - 券 62/80 选中节点 2150, 新增覆盖 80
2026-01-04 15:30:14,314 - INFO -   - 券 63/80 选中节点 2568, 新增覆盖 80
2026-01-04 15:30:14,403 - INFO -   - 券 64/80 选中节点 1717, 新增覆盖 79
2026-01-04 15:30:14,492 - INFO -   - 券 65/80 选中节点 1313, 新增覆盖 78
2026-01-04 15:30:14,581 - INFO -   - 券 66/80 选中节点 2439, 新增覆盖 79
2026-01-04 15:30:14,672 - INFO -   - 券 67/80 选中节点 2770, 新增覆盖 80
2026-01-04 15:30:14,757 - INFO -   - 券 68/80 选中节点 2475, 新增覆盖 80
2026-01-04 15:30:14,845 - INFO -   - 券 69/80 选中节点 614, 新增覆盖 82
2026-01-04 15:30:14,935 - INFO -   - 券 70/80 选中节点 1382, 新增覆盖 81
2026-01-04 15:30:15,025 - INFO -   - 券 71/80 选中节点 2620, 新增覆盖 74
2026-01-04 15:30:15,112 - INFO -   - 券 72/80 选中节点 2392, 新增覆盖 79
2026-01-04 15:30:15,196 - INFO -   - 券 73/80 选中节点 741, 新增覆盖 79
2026-01-04 15:30:15,295 - INFO -   - 券 74/80 选中节点 3216, 新增覆盖 79
2026-01-04 15:30:15,391 - INFO -   - 券 75/80 选中节点 2729, 新增覆盖 80
2026-01-04 15:30:15,486 - INFO -   - 券 76/80 选中节点 1687, 新增覆盖 79
2026-01-04 15:30:15,583 - INFO -   - 券 77/80 选中节点 2171, 新增覆盖 79
2026-01-04 15:30:15,680 - INFO -   - 券 78/80 选中节点 3195, 新增覆盖 82
2026-01-04 15:30:15,774 - INFO -   - 券 79/80 选中节点 2065, 新增覆盖 78
2026-01-04 15:30:15,878 - INFO -   - 券 80/80 选中节点 1400, 新增覆盖 76
2026-01-04 15:30:15,878 - INFO - 选种完毕。耗时: 22.89 秒。
2026-01-04 15:30:16,346 - INFO - 最终选择的种子集: [728, 3386, 845, 994, 3175, 2675, 3084, 3101, 1010, 3410, 2211, 1276, 2124, 1239, 484, 445, 1398, 1037, 3314, 813, 2585, 1049, 3309, 2445, 3343, 955, 1328, 2141, 617, 3326, 933, 2432, 1646, 3301, 3279, 1007, 1222, 3136, 1223, 3404, 1362, 451, 961, 2314, 2234, 3345, 1402, 949, 2819, 1191, 2268, 2351, 894, 1067, 2126, 2763, 2683, 3050, 362, 2226, 542, 2150, 2568, 1717, 1313, 2439, 2770, 2475, 614, 1382, 2620, 2392, 741, 3216, 2729, 1687, 2171, 3195, 2065, 1400]

2026-01-04 15:30:17,655 - INFO - 当前用时 52.59 秒
2026-01-04 15:30:17,655 - INFO - 将种子集 写入位置: /root/pythonspace/data-test/facebook/2026-1-4/seeds-with-facebook/random_ris_coverage_seedNum-80_SSRNum-80000.txt
2026-01-04 15:30:17,656 - INFO - 首次生成种子集 monterCarlo_CELF
2026-01-04 15:30:17,656 - INFO - 执行当前算法开始: monterCarlo_CELF
2026-01-04 15:30:17,656 - INFO - --- Running: CELF Greedy Monte Carlo (Sims=100) ---
2026-01-04 15:30:17,656 - INFO - Step 0: 初始化所有节点的边际增益...
2026-01-04 15:30:30,503 - INFO - Seed 1: 970, Spread: 0.67
2026-01-04 15:30:34,025 - INFO - Seed 2: 2007, Gain: 0.56, Total: 1.23
2026-01-04 15:30:35,255 - INFO - Seed 3: 3079, Gain: 0.56, Total: 1.79
2026-01-04 15:30:40,844 - INFO - Seed 4: 1503, Gain: 0.52, Total: 2.31
2026-01-04 15:30:41,423 - INFO - Seed 5: 528, Gain: 0.52, Total: 2.83
2026-01-04 15:30:41,856 - INFO - Seed 6: 858, Gain: 0.63, Total: 3.46
2026-01-04 15:30:46,047 - INFO - Seed 7: 3144, Gain: 0.51, Total: 3.97
2026-01-04 15:30:49,978 - INFO - Seed 8: 2364, Gain: 0.52, Total: 4.49
2026-01-04 15:30:52,676 - INFO - Seed 9: 2654, Gain: 0.50, Total: 4.99
2026-01-04 15:30:55,035 - INFO - Seed 10: 1255, Gain: 0.50, Total: 5.49
2026-01-04 15:30:59,411 - INFO - Seed 11: 3605, Gain: 0.51, Total: 6.00
2026-01-04 15:31:00,048 - INFO - Seed 12: 3922, Gain: 0.51, Total: 6.51
2026-01-04 15:31:00,413 - INFO - Seed 13: 2914, Gain: 0.49, Total: 7.00
2026-01-04 15:31:04,035 - INFO - Seed 14: 1469, Gain: 0.58, Total: 7.58
2026-01-04 15:31:04,668 - INFO - Seed 15: 1688, Gain: 0.49, Total: 8.07
2026-01-04 15:31:05,336 - INFO - Seed 16: 1887, Gain: 0.62, Total: 8.69
2026-01-04 15:31:05,612 - INFO - Seed 17: 1999, Gain: 0.59, Total: 9.28
2026-01-04 15:31:31,221 - INFO - Seed 18: 2484, Gain: 0.53, Total: 9.81
2026-01-04 15:31:45,574 - INFO - Seed 19: 3316, Gain: 0.47, Total: 10.28
2026-01-04 15:31:46,032 - INFO - Seed 20: 1112, Gain: 0.45, Total: 10.73
2026-01-04 15:31:51,099 - INFO - Seed 21: 1888, Gain: 0.52, Total: 11.25
2026-01-04 15:31:52,697 - INFO - Seed 22: 2629, Gain: 0.53, Total: 11.78
2026-01-04 15:31:59,589 - INFO - Seed 23: 1007, Gain: 0.51, Total: 12.29
2026-01-04 15:32:06,145 - INFO - Seed 24: 3954, Gain: 0.48, Total: 12.77
2026-01-04 15:32:18,875 - INFO - Seed 25: 2170, Gain: 0.45, Total: 13.22
2026-01-04 15:32:20,018 - INFO - Seed 26: 3045, Gain: 0.48, Total: 13.70
2026-01-04 15:32:23,749 - INFO - Seed 27: 2605, Gain: 0.41, Total: 14.11
2026-01-04 15:32:24,616 - INFO - Seed 28: 3158, Gain: 0.47, Total: 14.58
2026-01-04 15:32:26,955 - INFO - Seed 29: 2433, Gain: 0.53, Total: 15.11
2026-01-04 15:32:28,820 - INFO - Seed 30: 3589, Gain: 0.40, Total: 15.51
2026-01-04 15:32:29,025 - INFO - Seed 31: 2449, Gain: 0.48, Total: 15.99
2026-01-04 15:32:30,097 - INFO - Seed 32: 4013, Gain: 0.72, Total: 16.71
2026-01-04 15:32:33,615 - INFO - Seed 33: 3228, Gain: 0.67, Total: 17.38
2026-01-04 15:32:36,344 - INFO - Seed 34: 704, Gain: 0.58, Total: 17.96
2026-01-04 15:32:37,596 - INFO - Seed 35: 3425, Gain: 0.44, Total: 18.40
2026-01-04 15:33:11,088 - INFO - Seed 36: 3038, Gain: 0.47, Total: 18.87
2026-01-04 15:33:16,274 - INFO - Seed 37: 1622, Gain: 0.59, Total: 19.46
2026-01-04 15:33:20,758 - INFO - Seed 38: 189, Gain: 0.36, Total: 19.82
2026-01-04 15:33:22,679 - INFO - Seed 39: 731, Gain: 0.38, Total: 20.20
2026-01-04 15:33:23,885 - INFO - Seed 40: 340, Gain: 0.55, Total: 20.75
2026-01-04 15:33:29,334 - INFO - Seed 41: 581, Gain: 0.60, Total: 21.35
2026-01-04 15:33:34,895 - INFO - Seed 42: 1428, Gain: 0.34, Total: 21.69
2026-01-04 15:33:36,580 - INFO - Seed 43: 3054, Gain: 0.67, Total: 22.36
2026-01-04 15:33:38,309 - INFO - Seed 44: 826, Gain: 0.42, Total: 22.78
2026-01-04 15:33:38,502 - INFO - Seed 45: 1922, Gain: 0.66, Total: 23.44
2026-01-04 15:33:42,554 - INFO - Seed 46: 474, Gain: 0.34, Total: 23.78
2026-01-04 15:33:46,752 - INFO - Seed 47: 1041, Gain: 0.34, Total: 24.12
2026-01-04 15:33:47,635 - INFO - Seed 48: 1648, Gain: 0.45, Total: 24.57
2026-01-04 15:33:47,855 - INFO - Seed 49: 702, Gain: 0.33, Total: 24.90
2026-01-04 15:33:48,521 - INFO - Seed 50: 515, Gain: 0.35, Total: 25.25
2026-01-04 15:33:48,749 - INFO - Seed 51: 331, Gain: 0.33, Total: 25.58
2026-01-04 15:33:48,870 - INFO - Seed 52: 4001, Gain: 0.60, Total: 26.18
2026-01-04 15:33:48,988 - INFO - Seed 53: 2678, Gain: 0.29, Total: 26.47
2026-01-04 15:33:49,109 - INFO - Seed 54: 1842, Gain: 0.86, Total: 27.33
2026-01-04 15:33:49,234 - INFO - Seed 55: 2138, Gain: 0.63, Total: 27.96
2026-01-04 15:33:49,369 - INFO - Seed 56: 2532, Gain: 0.49, Total: 28.45
2026-01-04 15:33:50,251 - INFO - Seed 57: 3311, Gain: 0.75, Total: 29.20
2026-01-04 15:33:50,381 - INFO - Seed 58: 1006, Gain: 0.36, Total: 29.56
2026-01-04 15:33:51,186 - INFO - Seed 59: 1786, Gain: 0.75, Total: 30.31
2026-01-04 15:33:51,588 - INFO - Seed 60: 3250, Gain: 0.34, Total: 30.65
2026-01-04 15:33:54,154 - INFO - Seed 61: 2703, Gain: 0.44, Total: 31.09
2026-01-04 15:33:54,436 - INFO - Seed 62: 2018, Gain: 0.35, Total: 31.44
2026-01-04 15:33:54,716 - INFO - Seed 63: 1708, Gain: 0.53, Total: 31.97
2026-01-04 15:33:55,012 - INFO - Seed 64: 309, Gain: 0.63, Total: 32.60
2026-01-04 15:33:55,162 - INFO - Seed 65: 174, Gain: 0.33, Total: 32.93
2026-01-04 15:33:55,455 - INFO - Seed 66: 3590, Gain: 0.47, Total: 33.40
2026-01-04 15:33:55,906 - INFO - Seed 67: 3302, Gain: 0.52, Total: 33.92
2026-01-04 15:33:56,214 - INFO - Seed 68: 2790, Gain: 0.42, Total: 34.34
2026-01-04 15:33:56,529 - INFO - Seed 69: 1516, Gain: 0.74, Total: 35.08
2026-01-04 15:33:56,686 - INFO - Seed 70: 1264, Gain: 0.35, Total: 35.43
2026-01-04 15:33:56,848 - INFO - Seed 71: 335, Gain: 0.82, Total: 36.25
2026-01-04 15:33:57,176 - INFO - Seed 72: 3659, Gain: 0.28, Total: 36.53
2026-01-04 15:33:58,835 - INFO - Seed 73: 3098, Gain: 0.44, Total: 36.97
2026-01-04 15:33:59,164 - INFO - Seed 74: 2833, Gain: 0.41, Total: 37.38
2026-01-04 15:33:59,652 - INFO - Seed 75: 530, Gain: 0.54, Total: 37.92
2026-01-04 15:33:59,822 - INFO - Seed 76: 28, Gain: 0.39, Total: 38.31
2026-01-04 15:34:00,503 - INFO - Seed 77: 2363, Gain: 0.61, Total: 38.92
2026-01-04 15:34:00,679 - INFO - Seed 78: 1312, Gain: 0.32, Total: 39.24
2026-01-04 15:34:00,875 - INFO - Seed 79: 1142, Gain: 1.25, Total: 40.49
2026-01-04 15:34:04,080 - INFO - Seed 80: 844, Gain: 0.45, Total: 40.94
2026-01-04 15:34:04,080 - INFO - CELF 完成，总耗时: 226.42s
2026-01-04 15:34:04,081 - INFO - 当前用时 226.42 秒
2026-01-04 15:34:04,081 - INFO - 将种子集 写入位置: /root/pythonspace/data-test/facebook/2026-1-4/seeds-with-facebook/random_monterCarlo_CELF_seedNum-80_SSRNum-80000.txt
2026-01-04 15:34:04,082 - INFO - 评估种子集: None
2026-01-04 15:34:04,082 - INFO - 多进程评估开始，共有 7 个方法待评估...
2026-01-04 15:34:04,082 - INFO - 启动进程池，Worker数量: 7
2026-01-04 15:34:04,730 - INFO - [Process 6109] 开始评估方法: random, 种子数: 80
2026-01-04 15:34:05,159 - INFO - [Process 6110] 开始评估方法: degreeTopM, 种子数: 80
2026-01-04 15:34:05,585 - INFO - [Process 6111] 开始评估方法: pageRank, 种子数: 80
2026-01-04 15:34:05,923 - INFO - [Process 6109] random - 500 sims 完成: E=39.65
2026-01-04 15:34:06,052 - INFO - [Process 6112] 开始评估方法: alpha_sort, 种子数: 80
2026-01-04 15:34:06,481 - INFO - [Process 6110] degreeTopM - 500 sims 完成: E=38.78
2026-01-04 15:34:06,565 - INFO - [Process 6113] 开始评估方法: importance_sort, 种子数: 80
2026-01-04 15:34:06,860 - INFO - [Process 6111] pageRank - 500 sims 完成: E=39.57
2026-01-04 15:34:06,975 - INFO - [Process 6114] 开始评估方法: ris_coverage, 种子数: 80
2026-01-04 15:34:07,313 - INFO - [Process 6112] alpha_sort - 500 sims 完成: E=41.53
2026-01-04 15:34:07,356 - INFO - [Process 6115] 开始评估方法: monterCarlo_CELF, 种子数: 80
2026-01-04 15:34:07,614 - INFO - [Process 6113] importance_sort - 500 sims 完成: E=38.94
2026-01-04 15:34:08,159 - INFO - [Process 6114] ris_coverage - 500 sims 完成: E=39.86
2026-01-04 15:34:08,423 - INFO - [Process 6115] monterCarlo_CELF - 500 sims 完成: E=40.11
2026-01-04 15:34:08,461 - INFO - 所有进程执行完毕，开始写入数据...
2026-01-04 15:34:08,468 - INFO - 成功写入 7 条记录至 /root/pythonspace/data-test/facebook/2026-1-4/E-activated-facebook/distribution-random/simuTimes-500_random-dirichlet-[500, 500, 500]_rrNumSamples-80000.csv
2026-01-04 15:34:08,468 - INFO - 保存评估文件至: /root/pythonspace/data-test/facebook/2026-1-4/E-activated-facebook/distribution-random/simuTimes-500_random-dirichlet-[500, 500, 500]_rrNumSamples-80000.csv
